# gunzip -c exp/tri3b_cleaned/lats/depth_stats_tmp.*.gz | steps/diagnostic/analyze_lattice_depth_stats.py data/lang 
# Started at Tue Sep 10 15:04:32 BST 2019
#
The total amount of data analyzed assuming 100 frames per second is 15.1 hours
Overall, lattice depth (10,50,90-percentile)=(1,1,20) and mean=11.6
Nonsilence phones as a group account for 79.8% of frames, with lattice depth (10,50,90-percentile)=(1,1,11) and mean=7.3
Phone SIL accounts for 19.4% of frames, with lattice depth (10,50,90-percentile)=(1,4,64) and mean=28.8
Phone IY_E accounts for 3.6% of frames, with lattice depth (10,50,90-percentile)=(1,1,10) and mean=5.6
Phone UW_E accounts for 2.9% of frames, with lattice depth (10,50,90-percentile)=(1,1,14) and mean=6.2
Phone AH_I accounts for 2.9% of frames, with lattice depth (10,50,90-percentile)=(1,1,10) and mean=8.2
Phone IH_I accounts for 2.6% of frames, with lattice depth (10,50,90-percentile)=(1,1,6) and mean=5.5
Phone AY_I accounts for 2.5% of frames, with lattice depth (10,50,90-percentile)=(1,1,5) and mean=3.9
Phone EH_I accounts for 1.9% of frames, with lattice depth (10,50,90-percentile)=(1,1,9) and mean=6.6
Phone N_E accounts for 1.8% of frames, with lattice depth (10,50,90-percentile)=(1,1,23) and mean=12.6
Phone Y_B accounts for 1.8% of frames, with lattice depth (10,50,90-percentile)=(1,1,10) and mean=6.4
Phone EY_I accounts for 1.7% of frames, with lattice depth (10,50,90-percentile)=(1,1,4) and mean=3.7
Phone AE_I accounts for 1.7% of frames, with lattice depth (10,50,90-percentile)=(1,1,10) and mean=6.9
Phone OW_E accounts for 1.7% of frames, with lattice depth (10,50,90-percentile)=(1,1,14) and mean=7.5
Phone AY_S accounts for 1.7% of frames, with lattice depth (10,50,90-percentile)=(1,1,16) and mean=7.7
Phone IY_I accounts for 1.6% of frames, with lattice depth (10,50,90-percentile)=(1,1,4) and mean=3.4
Phone AO_I accounts for 1.6% of frames, with lattice depth (10,50,90-percentile)=(1,1,7) and mean=3.7
Phone W_B accounts for 1.6% of frames, with lattice depth (10,50,90-percentile)=(1,1,10) and mean=7.6
Phone T_E accounts for 1.5% of frames, with lattice depth (10,50,90-percentile)=(1,1,19) and mean=12.5
Phone M_B accounts for 1.5% of frames, with lattice depth (10,50,90-percentile)=(1,1,12) and mean=6.9
Phone L_E accounts for 1.4% of frames, with lattice depth (10,50,90-percentile)=(1,1,10) and mean=6.0
Phone N_I accounts for 1.3% of frames, with lattice depth (10,50,90-percentile)=(1,1,14) and mean=9.6
Phone S_B accounts for 1.3% of frames, with lattice depth (10,50,90-percentile)=(1,1,7) and mean=5.2
Phone OW_I accounts for 1.3% of frames, with lattice depth (10,50,90-percentile)=(1,1,6) and mean=5.1
Phone L_B accounts for 1.2% of frames, with lattice depth (10,50,90-percentile)=(1,1,12) and mean=9.8
Phone AA_I accounts for 1.2% of frames, with lattice depth (10,50,90-percentile)=(1,1,10) and mean=6.6
Phone EY_E accounts for 1.2% of frames, with lattice depth (10,50,90-percentile)=(1,1,8) and mean=4.9
Phone AY_E accounts for 1.2% of frames, with lattice depth (10,50,90-percentile)=(1,1,13) and mean=6.7
Phone Z_E accounts for 1.2% of frames, with lattice depth (10,50,90-percentile)=(1,1,10) and mean=6.6
Phone IH_B accounts for 1.2% of frames, with lattice depth (10,50,90-percentile)=(1,1,21) and mean=12.3
Phone T_B accounts for 1.1% of frames, with lattice depth (10,50,90-percentile)=(1,1,11) and mean=8.0
Phone AH_E accounts for 1.1% of frames, with lattice depth (10,50,90-percentile)=(1,1,28) and mean=16.3
Phone AH_B accounts for 1.0% of frames, with lattice depth (10,50,90-percentile)=(1,1,17) and mean=11.3
Phone L_I accounts for 1.0% of frames, with lattice depth (10,50,90-percentile)=(1,1,4) and mean=3.4
Phone AO_B accounts for 1.0% of frames, with lattice depth (10,50,90-percentile)=(1,1,12) and mean=6.1
Phone R_E accounts for 1.0% of frames, with lattice depth (10,50,90-percentile)=(1,1,17) and mean=8.0
Phone ER_E accounts for 1.0% of frames, with lattice depth (10,50,90-percentile)=(1,1,6) and mean=5.7
Phone R_I accounts for 0.9% of frames, with lattice depth (10,50,90-percentile)=(1,1,5) and mean=4.6
Phone ER_I accounts for 0.9% of frames, with lattice depth (10,50,90-percentile)=(1,1,4) and mean=4.9
Phone D_E accounts for 0.9% of frames, with lattice depth (10,50,90-percentile)=(1,1,16) and mean=10.0
Phone M_E accounts for 0.9% of frames, with lattice depth (10,50,90-percentile)=(1,1,20) and mean=9.9
Phone HH_B accounts for 0.9% of frames, with lattice depth (10,50,90-percentile)=(1,1,10) and mean=6.6
Phone F_B accounts for 0.8% of frames, with lattice depth (10,50,90-percentile)=(1,1,7) and mean=5.4
Phone N_B accounts for 0.8% of frames, with lattice depth (10,50,90-percentile)=(1,1,17) and mean=9.9
Phone B_B accounts for 0.8% of frames, with lattice depth (10,50,90-percentile)=(1,1,13) and mean=10.6
Phone K_B accounts for 0.8% of frames, with lattice depth (10,50,90-percentile)=(1,1,10) and mean=8.4
Phone AW_I accounts for 0.8% of frames, with lattice depth (10,50,90-percentile)=(1,1,5) and mean=3.9
Phone D_B accounts for 0.8% of frames, with lattice depth (10,50,90-percentile)=(1,1,9) and mean=6.5
Phone DH_B accounts for 0.7% of frames, with lattice depth (10,50,90-percentile)=(1,1,28) and mean=17.5
Phone S_E accounts for 0.7% of frames, with lattice depth (10,50,90-percentile)=(1,1,13) and mean=7.5
Phone SPN_S accounts for 0.7% of frames, with lattice depth (10,50,90-percentile)=(1,5,58) and mean=28.6
Phone UW_I accounts for 0.7% of frames, with lattice depth (10,50,90-percentile)=(1,1,3) and mean=2.7
Phone AY_B accounts for 0.7% of frames, with lattice depth (10,50,90-percentile)=(1,1,15) and mean=8.9
Phone NG_E accounts for 0.7% of frames, with lattice depth (10,50,90-percentile)=(1,1,7) and mean=4.8
Phone AE_B accounts for 0.7% of frames, with lattice depth (10,50,90-percentile)=(1,2,29) and mean=13.2
Phone G_B accounts for 0.7% of frames, with lattice depth (10,50,90-percentile)=(1,1,14) and mean=7.7
Phone S_I accounts for 0.6% of frames, with lattice depth (10,50,90-percentile)=(1,1,6) and mean=6.2
Phone K_E accounts for 0.6% of frames, with lattice depth (10,50,90-percentile)=(1,1,13) and mean=8.5
Phone V_E accounts for 0.6% of frames, with lattice depth (10,50,90-percentile)=(1,1,11) and mean=9.8
Phone T_I accounts for 0.6% of frames, with lattice depth (10,50,90-percentile)=(1,1,7) and mean=5.7
Phone OW_S accounts for 0.6% of frames, with lattice depth (10,50,90-percentile)=(1,3,30) and mean=10.2
# Accounting: time=0 threads=1
# Ended (code 0) at Tue Sep 10 15:04:32 BST 2019, elapsed time 0 seconds
