# gmm-latgen-faster --max-active=7000 --beam=15.0 --lattice-beam=6.0 --acoustic-scale=0.083333 --allow-partial=false --word-symbol-table=exp/tri3b_cleaned/graphs/words.txt exp/tri3b_cleaned/final.mdl scp:exp/tri3b_cleaned/lats/split_fsts/HCLG.fsts.29.scp "ark,s,cs:apply-cmvn  --utt2spk=ark:data/train1/split40/29/utt2spk scp:data/train1/split40/29/cmvn.scp scp:data/train1/split40/29/feats.scp ark:- | splice-feats  ark:- ark:- | transform-feats exp/tri3b_cleaned/final.mat ark:- ark:- | transform-feats --utt2spk=ark:data/train1/split40/29/utt2spk ark:exp/tri3b/trans.29 ark:- ark:- |" "ark:|gzip -c > exp/tri3b_cleaned/lats/lat.29.gz" 
# Started at Tue Sep 10 14:35:59 BST 2019
#
gmm-latgen-faster --max-active=7000 --beam=15.0 --lattice-beam=6.0 --acoustic-scale=0.083333 --allow-partial=false --word-symbol-table=exp/tri3b_cleaned/graphs/words.txt exp/tri3b_cleaned/final.mdl scp:exp/tri3b_cleaned/lats/split_fsts/HCLG.fsts.29.scp 'ark,s,cs:apply-cmvn  --utt2spk=ark:data/train1/split40/29/utt2spk scp:data/train1/split40/29/cmvn.scp scp:data/train1/split40/29/feats.scp ark:- | splice-feats  ark:- ark:- | transform-feats exp/tri3b_cleaned/final.mat ark:- ark:- | transform-feats --utt2spk=ark:data/train1/split40/29/utt2spk ark:exp/tri3b/trans.29 ark:- ark:- |' 'ark:|gzip -c > exp/tri3b_cleaned/lats/lat.29.gz' 
splice-feats ark:- ark:- 
transform-feats --utt2spk=ark:data/train1/split40/29/utt2spk ark:exp/tri3b/trans.29 ark:- ark:- 
transform-feats exp/tri3b_cleaned/final.mat ark:- ark:- 
apply-cmvn --utt2spk=ark:data/train1/split40/29/utt2spk scp:data/train1/split40/29/cmvn.scp scp:data/train1/split40/29/feats.scp ark:- 
M328910271-3667002_3667002-1326077549_1694600859-GB-M-007 HIT THE STORE I CAN GET THEM BOTH I DON'T WANNA CHOOSE AND I'M QUICK CUT A NIGGA OFF SO DON'T GET COME 
LOG (gmm-latgen-faster[5.5.480~1-09abd]:DecodeUtteranceLatticeFaster():decoder-wrappers.cc:289) Log-like per frame for utterance M328910271-3667002_3667002-1326077549_1694600859-GB-M-007 is -4.98526 over 695 frames.
M328910271-3667002_3667002-1326077549_1694600859-GB-M-024 YOU KNOW WHERE I'M AT 
LOG (gmm-latgen-faster[5.5.480~1-09abd]:DecodeUtteranceLatticeFaster():decoder-wrappers.cc:289) Log-like per frame for utterance M328910271-3667002_3667002-1326077549_1694600859-GB-M-024 is -4.52241 over 109 frames.
M328910271-3667002_3667002-1326077549_1694600859-GB-M-025 YOU KNOW WHERE I BE 
LOG (gmm-latgen-faster[5.5.480~1-09abd]:DecodeUtteranceLatticeFaster():decoder-wrappers.cc:289) Log-like per frame for utterance M328910271-3667002_3667002-1326077549_1694600859-GB-M-025 is -4.62542 over 116 frames.
M328910271-3667002_3667002-1326077549_1694600859-GB-M-026 YOU IN THE CLUB 
LOG (gmm-latgen-faster[5.5.480~1-09abd]:DecodeUtteranceLatticeFaster():decoder-wrappers.cc:289) Log-like per frame for utterance M328910271-3667002_3667002-1326077549_1694600859-GB-M-026 is -5.44565 over 110 frames.
M328910271-3667002_3667002-1326077549_1694600859-GB-M-027 PARTY I'M THERE I GET TAKE A FEE I BE IN AND OUT THEM BANKS SO MUCH I KNOW THEY'RE TIRED OF ME HONESTLY DON'T GIVE A FUCK 'BOUT WHO AIN'T FOND OF ME DROPPED TWO MIXTAPES IN SIX MONTHS WHAT BITCH WORKING AS HARD AS ME I DON'T BOTHER WITH THESE HOES DON'T LET THESE HOES BOTHER ME THEY SEE PICTURES THEY SEE GOALS BITCH I'M WHO THEY TRYNA BE 
LOG (gmm-latgen-faster[5.5.480~1-09abd]:DecodeUtteranceLatticeFaster():decoder-wrappers.cc:289) Log-like per frame for utterance M328910271-3667002_3667002-1326077549_1694600859-GB-M-027 is -5.21975 over 2136 frames.
M328910271-3667002_3667002-1326077549_1694600859-GB-M-060 LOOK IF LOOK ME IF YOU WANTED TO THESE EXPENSIVE THESE IS RED BOTTOMS THESE IS BLOODY SHOES 
LOG (gmm-latgen-faster[5.5.480~1-09abd]:DecodeUtteranceLatticeFaster():decoder-wrappers.cc:289) Log-like per frame for utterance M328910271-3667002_3667002-1326077549_1694600859-GB-M-060 is -5.07389 over 660 frames.
M328910271-3667002_3667002-1326077549_1694600859-GB-M-070 LOOK I I DON'T DANCE NOW I MAKE MONEY MOVES 
LOG (gmm-latgen-faster[5.5.480~1-09abd]:DecodeUtteranceLatticeFaster():decoder-wrappers.cc:289) Log-like per frame for utterance M328910271-3667002_3667002-1326077549_1694600859-GB-M-070 is -4.40967 over 380 frames.
M328910271-3667002_3667002-1326077549_1694600859-GB-M-072 SAY I DON'T GOTTA 
LOG (gmm-latgen-faster[5.5.480~1-09abd]:DecodeUtteranceLatticeFaster():decoder-wrappers.cc:289) Log-like per frame for utterance M328910271-3667002_3667002-1326077549_1694600859-GB-M-072 is -4.69162 over 123 frames.
M328910271-3667002_3667002-1326077549_1694600859-GB-M-073 THERE'S I MAKE MONEY MOVE IF I SEE YOU AND I DON'T SPEAK THAT MEANS I DON'T FUCK TO I'M A BOSS YOU A WHAT 
LOG (gmm-latgen-faster[5.5.480~1-09abd]:DecodeUtteranceLatticeFaster():decoder-wrappers.cc:289) Log-like per frame for utterance M328910271-3667002_3667002-1326077549_1694600859-GB-M-073 is -4.80083 over 734 frames.
M328910271-3667002_3667002-1326077549_1694600859-GB-M-078 BITCH I MAKE BLOODY MOVES 
LOG (gmm-latgen-faster[5.5.480~1-09abd]:DecodeUtteranceLatticeFaster():decoder-wrappers.cc:289) Log-like per frame for utterance M328910271-3667002_3667002-1326077549_1694600859-GB-M-078 is -4.96358 over 183 frames.
M328910271-3667002_3667002-1326077549_1694600859-GB-M-088 I SAY I CAN THE MONEY AND GO THIS SHIT HOT LIKE A STOVE MY PUSSY GLITTER AS GOLD TELL THAT LI'L BITCH PLAY HER ROLE I JUST A ROVE IN A ROLLS I JUST CAME UP IN A WRAITH I NEED TO FILL UP THE TANK NO I NEED TO FILL UP THE SAFE I NEED TO LET THESE IS KNOW THAT NONE OF THEIR NIGGAS IS 
LOG (gmm-latgen-faster[5.5.480~1-09abd]:DecodeUtteranceLatticeFaster():decoder-wrappers.cc:289) Log-like per frame for utterance M328910271-3667002_3667002-1326077549_1694600859-GB-M-088 is -5.43497 over 1506 frames.
M328910271-3667002_3667002-1326077549_1694600859-GB-M-111 YOU A FUCK WITH ME IF IN WANNA CHOOSE THESE EXPENSIVE THESE IS RED BOTTOMS THESE IS BLOODY SHOES HIT THE STORE I CAN GET 
LOG (gmm-latgen-faster[5.5.480~1-09abd]:DecodeUtteranceLatticeFaster():decoder-wrappers.cc:289) Log-like per frame for utterance M328910271-3667002_3667002-1326077549_1694600859-GB-M-111 is -5.2482 over 832 frames.
M328910271-3667002_3667002-1326077549_1694600859-GB-M-116 I DON'T WANNA CHOOSE AND I'M QUICK CUT A NIGGA OFF SO DON'T GET COMFORTABLE LOOK I DON'T DANCE NOW I MAKE MONEY MOVES 
LOG (gmm-latgen-faster[5.5.480~1-09abd]:DecodeUtteranceLatticeFaster():decoder-wrappers.cc:289) Log-like per frame for utterance M328910271-3667002_3667002-1326077549_1694600859-GB-M-116 is -4.63017 over 977 frames.
M328910271-3667002_3667002-1326077549_1694600859-GB-M-121 SAY I DON'T GOTTA DANCE I MAKE MONEY MOVE IF I SEE YOU AND I DON'T SPEAK THAT MEANS I DON'T FUCK WITH YOU I'M A BOSS YOU A WORKER BITCH I MAKE BLOODY MOVES 
LOG (gmm-latgen-faster[5.5.480~1-09abd]:DecodeUtteranceLatticeFaster():decoder-wrappers.cc:289) Log-like per frame for utterance M328910271-3667002_3667002-1326077549_1694600859-GB-M-121 is -4.76977 over 1087 frames.
M330901168-575748924_385354-331506764_1653839834-GB-M-001 ON MY OWN 
LOG (gmm-latgen-faster[5.5.480~1-09abd]:DecodeUtteranceLatticeFaster():decoder-wrappers.cc:289) Log-like per frame for utterance M330901168-575748924_385354-331506764_1653839834-GB-M-001 is -3.16589 over 259 frames.
M330901168-575748924_385354-331506764_1653839834-GB-M-002 PRETENDING HE'S BESIDE ME 
LOG (gmm-latgen-faster[5.5.480~1-09abd]:DecodeUtteranceLatticeFaster():decoder-wrappers.cc:289) Log-like per frame for utterance M330901168-575748924_385354-331506764_1653839834-GB-M-002 is -3.57599 over 434 frames.
M330901168-575748924_385354-331506764_1653839834-GB-M-003 ME ALL ALONE I WALK WITH HIM TIL MORNING 
LOG (gmm-latgen-faster[5.5.480~1-09abd]:DecodeUtteranceLatticeFaster():decoder-wrappers.cc:289) Log-like per frame for utterance M330901168-575748924_385354-331506764_1653839834-GB-M-003 is -4.01653 over 852 frames.
M330901168-575748924_385354-331506764_1653839834-GB-M-005 WITHOUT HIM I FEEL HIS ARMS AROUND ME AND WHEN I LOSE MY WAY I CLOSE MY EYES AND HE HAS FOUND ME 
LOG (gmm-latgen-faster[5.5.480~1-09abd]:DecodeUtteranceLatticeFaster():decoder-wrappers.cc:289) Log-like per frame for utterance M330901168-575748924_385354-331506764_1653839834-GB-M-005 is -3.94509 over 1348 frames.
M330901168-575748924_385354-331506764_1653839834-GB-M-009 IN THE RAIN 
LOG (gmm-latgen-faster[5.5.480~1-09abd]:DecodeUtteranceLatticeFaster():decoder-wrappers.cc:289) Log-like per frame for utterance M330901168-575748924_385354-331506764_1653839834-GB-M-009 is -2.90896 over 271 frames.
M330901168-575748924_385354-331506764_1653839834-GB-M-010 PAVEMENT SHINES LIKE SILVER ALL THE LIGHTS 
LOG (gmm-latgen-faster[5.5.480~1-09abd]:DecodeUtteranceLatticeFaster():decoder-wrappers.cc:289) Log-like per frame for utterance M330901168-575748924_385354-331506764_1653839834-GB-M-010 is -3.86458 over 734 frames.
M330901168-575748924_385354-331506764_1653839834-GB-M-012 ARE MISTY IN THE RIVER 
LOG (gmm-latgen-faster[5.5.480~1-09abd]:DecodeUtteranceLatticeFaster():decoder-wrappers.cc:289) Log-like per frame for utterance M330901168-575748924_385354-331506764_1653839834-GB-M-012 is -3.56548 over 395 frames.
M330901168-575748924_385354-331506764_1653839834-GB-M-013 IN THE DARKNESS TREES ARE FULL OF STARLIGHT AND ALL I SEE IS HIM AND ME FOREVER AND FOREVER 
LOG (gmm-latgen-faster[5.5.480~1-09abd]:DecodeUtteranceLatticeFaster():decoder-wrappers.cc:289) Log-like per frame for utterance M330901168-575748924_385354-331506764_1653839834-GB-M-013 is -3.98989 over 1173 frames.
M330901168-575748924_385354-331506764_1653839834-GB-M-017 I KNOW IT'S ONLY IN MY MIND 
LOG (gmm-latgen-faster[5.5.480~1-09abd]:DecodeUtteranceLatticeFaster():decoder-wrappers.cc:289) Log-like per frame for utterance M330901168-575748924_385354-331506764_1653839834-GB-M-017 is -2.95283 over 828 frames.
M330901168-575748924_385354-331506764_1653839834-GB-M-019 THAT I'M TALKING TO MYSELF 
LOG (gmm-latgen-faster[5.5.480~1-09abd]:DecodeUtteranceLatticeFaster():decoder-wrappers.cc:289) Log-like per frame for utterance M330901168-575748924_385354-331506764_1653839834-GB-M-019 is -4.50408 over 311 frames.
M330901168-575748924_385354-331506764_1653839834-GB-M-020 AND NOT TO HIM 
LOG (gmm-latgen-faster[5.5.480~1-09abd]:DecodeUtteranceLatticeFaster():decoder-wrappers.cc:289) Log-like per frame for utterance M330901168-575748924_385354-331506764_1653839834-GB-M-020 is -3.60661 over 249 frames.
M330901168-575748924_385354-331506764_1653839834-GB-M-021 ALTHOUGH 
LOG (gmm-latgen-faster[5.5.480~1-09abd]:DecodeUtteranceLatticeFaster():decoder-wrappers.cc:289) Log-like per frame for utterance M330901168-575748924_385354-331506764_1653839834-GB-M-021 is -1.248 over 228 frames.
M330901168-575748924_385354-331506764_1653839834-GB-M-022 I KNOW THAT HE IS BLIND STILL I SAY 
LOG (gmm-latgen-faster[5.5.480~1-09abd]:DecodeUtteranceLatticeFaster():decoder-wrappers.cc:289) Log-like per frame for utterance M330901168-575748924_385354-331506764_1653839834-GB-M-022 is -3.07087 over 713 frames.
M330901168-575748924_385354-331506764_1653839834-GB-M-024 THERE'S A WAY FOR US 
LOG (gmm-latgen-faster[5.5.480~1-09abd]:DecodeUtteranceLatticeFaster():decoder-wrappers.cc:289) Log-like per frame for utterance M330901168-575748924_385354-331506764_1653839834-GB-M-024 is -3.6077 over 257 frames.
M330901168-575748924_385354-331506764_1653839834-GB-M-026 HIM BUT WHEN THE NIGHT IS OVER HE IS GONE THE RIVER'S JUST A RIVER WITHOUT HIM THE WORLD AROUND ME CHANGES THE TREES ARE BARE AND 
LOG (gmm-latgen-faster[5.5.480~1-09abd]:DecodeUtteranceLatticeFaster():decoder-wrappers.cc:289) Log-like per frame for utterance M330901168-575748924_385354-331506764_1653839834-GB-M-026 is -3.93911 over 1968 frames.
M330901168-575748924_385354-331506764_1653839834-GB-M-031 EVERYWHERE THE STREETS ARE FULL OF STRANGERS I LOVE HIM BUT EVERY DAY I'M LEARNING ALL MY LIFE I'VE ONLY BEEN PRETENDING WITHOUT ME HIS WORLD WILL GO ON TURNING A WORLD THAT'S FULL OF HAPPINESS 
LOG (gmm-latgen-faster[5.5.480~1-09abd]:DecodeUtteranceLatticeFaster():decoder-wrappers.cc:289) Log-like per frame for utterance M330901168-575748924_385354-331506764_1653839834-GB-M-031 is -3.81472 over 2615 frames.
M330901168-575748924_385354-331506764_1653839834-GB-M-038 I HAVE NEVER KNOWN 
LOG (gmm-latgen-faster[5.5.480~1-09abd]:DecodeUtteranceLatticeFaster():decoder-wrappers.cc:289) Log-like per frame for utterance M330901168-575748924_385354-331506764_1653839834-GB-M-038 is -2.63349 over 614 frames.
M330901168-575748924_385354-331506764_1653839834-GB-M-039 I LOVE HIM 
LOG (gmm-latgen-faster[5.5.480~1-09abd]:DecodeUtteranceLatticeFaster():decoder-wrappers.cc:289) Log-like per frame for utterance M330901168-575748924_385354-331506764_1653839834-GB-M-039 is -3.54652 over 194 frames.
M330901168-575748924_385354-331506764_1653839834-GB-M-040 I LOVE HIM 
LOG (gmm-latgen-faster[5.5.480~1-09abd]:DecodeUtteranceLatticeFaster():decoder-wrappers.cc:289) Log-like per frame for utterance M330901168-575748924_385354-331506764_1653839834-GB-M-040 is -3.11764 over 222 frames.
M330901168-575748924_385354-331506764_1653839834-GB-M-041 I LOVE HIM 
LOG (gmm-latgen-faster[5.5.480~1-09abd]:DecodeUtteranceLatticeFaster():decoder-wrappers.cc:289) Log-like per frame for utterance M330901168-575748924_385354-331506764_1653839834-GB-M-041 is -2.89095 over 299 frames.
M330901168-575748924_385354-331506764_1653839834-GB-M-042 BUT ONLY ON MY OWN 
LOG (gmm-latgen-faster[5.5.480~1-09abd]:DecodeUtteranceLatticeFaster():decoder-wrappers.cc:289) Log-like per frame for utterance M330901168-575748924_385354-331506764_1653839834-GB-M-042 is -2.65856 over 957 frames.
M33552579-33905583_146537-33464602_1639143597-GB-M-020 BUT WHEN HIS KNEES AND REPEAT AFTER ME IN TO THEY LET 
LOG (gmm-latgen-faster[5.5.480~1-09abd]:DecodeUtteranceLatticeFaster():decoder-wrappers.cc:289) Log-like per frame for utterance M33552579-33905583_146537-33464602_1639143597-GB-M-020 is -4.1609 over 446 frames.
M33552579-33905583_146537-33464602_1639143597-GB-M-067 ALL THE GIRLS ON THE BLOCK KNOCKING AT MY DOOR 
LOG (gmm-latgen-faster[5.5.480~1-09abd]:DecodeUtteranceLatticeFaster():decoder-wrappers.cc:289) Log-like per frame for utterance M33552579-33905583_146537-33464602_1639143597-GB-M-067 is -5.27393 over 230 frames.
M33552579-33905583_146537-33464602_1639143597-GB-M-071 MAKE THE BOYS WANT MORE 
LOG (gmm-latgen-faster[5.5.480~1-09abd]:DecodeUtteranceLatticeFaster():decoder-wrappers.cc:289) Log-like per frame for utterance M33552579-33905583_146537-33464602_1639143597-GB-M-071 is -4.59466 over 122 frames.
M33552579-33905583_146537-33464602_1639143597-GB-M-075 COME AT MY DOOR 
LOG (gmm-latgen-faster[5.5.480~1-09abd]:DecodeUtteranceLatticeFaster():decoder-wrappers.cc:289) Log-like per frame for utterance M33552579-33905583_146537-33464602_1639143597-GB-M-075 is -4.72183 over 109 frames.
M33552579-33905583_146537-33464602_1639143597-GB-M-076 WANNA KNOW WHAT IT IS 
LOG (gmm-latgen-faster[5.5.480~1-09abd]:DecodeUtteranceLatticeFaster():decoder-wrappers.cc:289) Log-like per frame for utterance M33552579-33905583_146537-33464602_1639143597-GB-M-076 is -4.27661 over 99 frames.
M33552579-33905583_146537-33464602_1639143597-GB-M-077 MAKE THE BOYS WANT MORE 
LOG (gmm-latgen-faster[5.5.480~1-09abd]:DecodeUtteranceLatticeFaster():decoder-wrappers.cc:289) Log-like per frame for utterance M33552579-33905583_146537-33464602_1639143597-GB-M-077 is -4.61278 over 121 frames.
M342905676-4048454_4048454-342903872_1576883567-GB-M-001 LA DA DA DA LA DA DA DA DA DA DA DA 
LOG (gmm-latgen-faster[5.5.480~1-09abd]:DecodeUtteranceLatticeFaster():decoder-wrappers.cc:289) Log-like per frame for utterance M342905676-4048454_4048454-342903872_1576883567-GB-M-001 is -3.50287 over 582 frames.
M342905676-4048454_4048454-342903872_1576883567-GB-M-005 WE ARE SEARCH LIGHTS YOU LIGHTS WE CAN SEE IN THE DARK 
LOG (gmm-latgen-faster[5.5.480~1-09abd]:DecodeUtteranceLatticeFaster():decoder-wrappers.cc:289) Log-like per frame for utterance M342905676-4048454_4048454-342903872_1576883567-GB-M-005 is -3.97081 over 481 frames.
M342905676-4048454_4048454-342903872_1576883567-GB-M-007 WE ARE ROCKETS 
LOG (gmm-latgen-faster[5.5.480~1-09abd]:DecodeUtteranceLatticeFaster():decoder-wrappers.cc:289) Log-like per frame for utterance M342905676-4048454_4048454-342903872_1576883567-GB-M-007 is -2.97285 over 308 frames.
M342905676-4048454_4048454-342903872_1576883567-GB-M-008 POINTING UP AT THE STARS 
LOG (gmm-latgen-faster[5.5.480~1-09abd]:DecodeUtteranceLatticeFaster():decoder-wrappers.cc:289) Log-like per frame for utterance M342905676-4048454_4048454-342903872_1576883567-GB-M-008 is -3.96517 over 187 frames.
M342905676-4048454_4048454-342903872_1576883567-GB-M-009 WE ARE BILLIONS OF BEAUTIFUL HEARTS 
LOG (gmm-latgen-faster[5.5.480~1-09abd]:DecodeUtteranceLatticeFaster():decoder-wrappers.cc:289) Log-like per frame for utterance M342905676-4048454_4048454-342903872_1576883567-GB-M-009 is -3.31465 over 490 frames.
M342905676-4048454_4048454-342903872_1576883567-GB-M-011 YOUR SOLD US DOWN THE RIVER TOO FAR WHAT ABOUT US 
LOG (gmm-latgen-faster[5.5.480~1-09abd]:DecodeUtteranceLatticeFaster():decoder-wrappers.cc:289) Log-like per frame for utterance M342905676-4048454_4048454-342903872_1576883567-GB-M-011 is -3.83223 over 951 frames.
M342905676-4048454_4048454-342903872_1576883567-GB-M-013 WHAT ABOUT ALL THE TIMES YOU SAID YOU HAD THE ANSWERS A WHAT ABOUT US 
LOG (gmm-latgen-faster[5.5.480~1-09abd]:DecodeUtteranceLatticeFaster():decoder-wrappers.cc:289) Log-like per frame for utterance M342905676-4048454_4048454-342903872_1576883567-GB-M-013 is -4.36167 over 774 frames.
M342905676-4048454_4048454-342903872_1576883567-GB-M-016 WHAT ABOUT ALL THE BROKEN HAPPY EVER AFTERS 
LOG (gmm-latgen-faster[5.5.480~1-09abd]:DecodeUtteranceLatticeFaster():decoder-wrappers.cc:289) Log-like per frame for utterance M342905676-4048454_4048454-342903872_1576883567-GB-M-016 is -4.51777 over 423 frames.
M342905676-4048454_4048454-342903872_1576883567-GB-M-018 WHAT ABOUT US 
LOG (gmm-latgen-faster[5.5.480~1-09abd]:DecodeUtteranceLatticeFaster():decoder-wrappers.cc:289) Log-like per frame for utterance M342905676-4048454_4048454-342903872_1576883567-GB-M-018 is -4.7972 over 147 frames.
M342905676-4048454_4048454-342903872_1576883567-GB-M-020 THAT IN DISASTER 
LOG (gmm-latgen-faster[5.5.480~1-09abd]:DecodeUtteranceLatticeFaster():decoder-wrappers.cc:289) Log-like per frame for utterance M342905676-4048454_4048454-342903872_1576883567-GB-M-020 is -4.63042 over 305 frames.
M342905676-4048454_4048454-342903872_1576883567-GB-M-021 WHAT ABOUT US 
LOG (gmm-latgen-faster[5.5.480~1-09abd]:DecodeUtteranceLatticeFaster():decoder-wrappers.cc:289) Log-like per frame for utterance M342905676-4048454_4048454-342903872_1576883567-GB-M-021 is -4.2018 over 172 frames.
M342905676-4048454_4048454-342903872_1576883567-GB-M-022 WHAT ABOUT TRUST WHAT ABOUT US 
LOG (gmm-latgen-faster[5.5.480~1-09abd]:DecodeUtteranceLatticeFaster():decoder-wrappers.cc:289) Log-like per frame for utterance M342905676-4048454_4048454-342903872_1576883567-GB-M-022 is -3.96707 over 355 frames.
M342905676-4048454_4048454-342903872_1576883567-GB-M-025 WE ARE PROBLEMS THAT WANT TO BE SOLVED 
LOG (gmm-latgen-faster[5.5.480~1-09abd]:DecodeUtteranceLatticeFaster():decoder-wrappers.cc:289) Log-like per frame for utterance M342905676-4048454_4048454-342903872_1576883567-GB-M-025 is -3.5669 over 525 frames.
M342905676-4048454_4048454-342903872_1576883567-GB-M-026 WE ARE CHILDREN THAT NEED TO BE LOVED 
LOG (gmm-latgen-faster[5.5.480~1-09abd]:DecodeUtteranceLatticeFaster():decoder-wrappers.cc:289) Log-like per frame for utterance M342905676-4048454_4048454-342903872_1576883567-GB-M-026 is -3.56542 over 552 frames.
M342905676-4048454_4048454-342903872_1576883567-GB-M-027 WE WERE WILLING 
LOG (gmm-latgen-faster[5.5.480~1-09abd]:DecodeUtteranceLatticeFaster():decoder-wrappers.cc:289) Log-like per frame for utterance M342905676-4048454_4048454-342903872_1576883567-GB-M-027 is -2.65994 over 300 frames.
M342905676-4048454_4048454-342903872_1576883567-GB-M-028 SHE WHEN YOU CALLED 
LOG (gmm-latgen-faster[5.5.480~1-09abd]:DecodeUtteranceLatticeFaster():decoder-wrappers.cc:289) Log-like per frame for utterance M342905676-4048454_4048454-342903872_1576883567-GB-M-028 is -4.6698 over 163 frames.
M342905676-4048454_4048454-342903872_1576883567-GB-M-029 BUT THEN YOU FOOLED IS ENOUGH IS ABOUT LOVE 
LOG (gmm-latgen-faster[5.5.480~1-09abd]:DecodeUtteranceLatticeFaster():decoder-wrappers.cc:289) Log-like per frame for utterance M342905676-4048454_4048454-342903872_1576883567-GB-M-029 is -3.74124 over 614 frames.
M342905676-4048454_4048454-342903872_1576883567-GB-M-032 WHAT ABOUT 
LOG (gmm-latgen-faster[5.5.480~1-09abd]:DecodeUtteranceLatticeFaster():decoder-wrappers.cc:289) Log-like per frame for utterance M342905676-4048454_4048454-342903872_1576883567-GB-M-032 is -4.75059 over 149 frames.
M342905676-4048454_4048454-342903872_1576883567-GB-M-033 WHAT ABOUT US 
LOG (gmm-latgen-faster[5.5.480~1-09abd]:DecodeUtteranceLatticeFaster():decoder-wrappers.cc:289) Log-like per frame for utterance M342905676-4048454_4048454-342903872_1576883567-GB-M-033 is -4.45366 over 134 frames.
M342905676-4048454_4048454-342903872_1576883567-GB-M-034 WHAT ABOUT ALL THE TIMES YOU SAID YOU HAD THE ANSWERS US 
LOG (gmm-latgen-faster[5.5.480~1-09abd]:DecodeUtteranceLatticeFaster():decoder-wrappers.cc:289) Log-like per frame for utterance M342905676-4048454_4048454-342903872_1576883567-GB-M-034 is -4.47261 over 428 frames.
M342905676-4048454_4048454-342903872_1576883567-GB-M-036 WHAT ABOUT US 
LOG (gmm-latgen-faster[5.5.480~1-09abd]:DecodeUtteranceLatticeFaster():decoder-wrappers.cc:289) Log-like per frame for utterance M342905676-4048454_4048454-342903872_1576883567-GB-M-036 is -4.51896 over 146 frames.
M342905676-4048454_4048454-342903872_1576883567-GB-M-038 BROKEN HAPPY EVER AFTERS 
LOG (gmm-latgen-faster[5.5.480~1-09abd]:DecodeUtteranceLatticeFaster():decoder-wrappers.cc:289) Log-like per frame for utterance M342905676-4048454_4048454-342903872_1576883567-GB-M-038 is -4.57307 over 292 frames.
M342905676-4048454_4048454-342903872_1576883567-GB-M-040 WHAT ABOUT US 
LOG (gmm-latgen-faster[5.5.480~1-09abd]:DecodeUtteranceLatticeFaster():decoder-wrappers.cc:289) Log-like per frame for utterance M342905676-4048454_4048454-342903872_1576883567-GB-M-040 is -4.80731 over 126 frames.
M342905676-4048454_4048454-342903872_1576883567-GB-M-041 WHAT ABOUT ALL THE PLANS THAT IN DISASTER 
LOG (gmm-latgen-faster[5.5.480~1-09abd]:DecodeUtteranceLatticeFaster():decoder-wrappers.cc:289) Log-like per frame for utterance M342905676-4048454_4048454-342903872_1576883567-GB-M-041 is -4.87637 over 397 frames.
M342905676-4048454_4048454-342903872_1576883567-GB-M-044 WHAT ABOUT LOVE WHAT ABOUT TRUST 
LOG (gmm-latgen-faster[5.5.480~1-09abd]:DecodeUtteranceLatticeFaster():decoder-wrappers.cc:289) Log-like per frame for utterance M342905676-4048454_4048454-342903872_1576883567-GB-M-044 is -4.33721 over 319 frames.
M342905676-4048454_4048454-342903872_1576883567-GB-M-047 WHAT ABOUT US 
LOG (gmm-latgen-faster[5.5.480~1-09abd]:DecodeUtteranceLatticeFaster():decoder-wrappers.cc:289) Log-like per frame for utterance M342905676-4048454_4048454-342903872_1576883567-GB-M-047 is -3.81157 over 223 frames.
M342905676-4048454_4048454-342903872_1576883567-GB-M-051 WHAT ABOUT US 
LOG (gmm-latgen-faster[5.5.480~1-09abd]:DecodeUtteranceLatticeFaster():decoder-wrappers.cc:289) Log-like per frame for utterance M342905676-4048454_4048454-342903872_1576883567-GB-M-051 is -4.02329 over 118 frames.
M342905676-4048454_4048454-342903872_1576883567-GB-M-052 WHAT ABOUT ALL THE PLANS THAT ENDED IN DISASTERS 
LOG (gmm-latgen-faster[5.5.480~1-09abd]:DecodeUtteranceLatticeFaster():decoder-wrappers.cc:289) Log-like per frame for utterance M342905676-4048454_4048454-342903872_1576883567-GB-M-052 is -4.52596 over 415 frames.
M342905676-4048454_4048454-342903872_1576883567-GB-M-054 WHAT ABOUT LOVE US 
LOG (gmm-latgen-faster[5.5.480~1-09abd]:DecodeUtteranceLatticeFaster():decoder-wrappers.cc:289) Log-like per frame for utterance M342905676-4048454_4048454-342903872_1576883567-GB-M-054 is -4.51411 over 153 frames.
M342905676-4048454_4048454-342903872_1576883567-GB-M-055 WHAT ABOUT ALL THE 
LOG (gmm-latgen-faster[5.5.480~1-09abd]:DecodeUtteranceLatticeFaster():decoder-wrappers.cc:289) Log-like per frame for utterance M342905676-4048454_4048454-342903872_1576883567-GB-M-055 is -4.87015 over 131 frames.
M342905676-4048454_4048454-342903872_1576883567-GB-M-057 BUT BE EVERY IT'S RIGHT 
LOG (gmm-latgen-faster[5.5.480~1-09abd]:DecodeUtteranceLatticeFaster():decoder-wrappers.cc:289) Log-like per frame for utterance M342905676-4048454_4048454-342903872_1576883567-GB-M-057 is -4.17193 over 232 frames.
M342905676-4048454_4048454-342903872_1576883567-GB-M-058 STICKS AND STONES 
LOG (gmm-latgen-faster[5.5.480~1-09abd]:DecodeUtteranceLatticeFaster():decoder-wrappers.cc:289) Log-like per frame for utterance M342905676-4048454_4048454-342903872_1576883567-GB-M-058 is -4.43749 over 147 frames.
M342905676-4048454_4048454-342903872_1576883567-GB-M-059 MAY BREAK BREAK THESE BONES 
LOG (gmm-latgen-faster[5.5.480~1-09abd]:DecodeUtteranceLatticeFaster():decoder-wrappers.cc:289) Log-like per frame for utterance M342905676-4048454_4048454-342903872_1576883567-GB-M-059 is -4.9347 over 183 frames.
M342905676-4048454_4048454-342903872_1576883567-GB-M-060 BUT THEN I'LL BE READY 
LOG (gmm-latgen-faster[5.5.480~1-09abd]:DecodeUtteranceLatticeFaster():decoder-wrappers.cc:289) Log-like per frame for utterance M342905676-4048454_4048454-342903872_1576883567-GB-M-060 is -4.11517 over 275 frames.
M342905676-4048454_4048454-342903872_1576883567-GB-M-062 ARE YOU READY 
LOG (gmm-latgen-faster[5.5.480~1-09abd]:DecodeUtteranceLatticeFaster():decoder-wrappers.cc:289) Log-like per frame for utterance M342905676-4048454_4048454-342903872_1576883567-GB-M-062 is -3.89438 over 145 frames.
M342905676-4048454_4048454-342903872_1576883567-GB-M-063 IT'S THE START OF US WE CANNOT COME OH A 
LOG (gmm-latgen-faster[5.5.480~1-09abd]:DecodeUtteranceLatticeFaster():decoder-wrappers.cc:289) Log-like per frame for utterance M342905676-4048454_4048454-342903872_1576883567-GB-M-063 is -4.34836 over 405 frames.
M342905676-4048454_4048454-342903872_1576883567-GB-M-065 ARE YOU READY 
LOG (gmm-latgen-faster[5.5.480~1-09abd]:DecodeUtteranceLatticeFaster():decoder-wrappers.cc:289) Log-like per frame for utterance M342905676-4048454_4048454-342903872_1576883567-GB-M-065 is -3.34051 over 162 frames.
M342905676-4048454_4048454-342903872_1576883567-GB-M-066 I'LL BE READY 
LOG (gmm-latgen-faster[5.5.480~1-09abd]:DecodeUtteranceLatticeFaster():decoder-wrappers.cc:289) Log-like per frame for utterance M342905676-4048454_4048454-342903872_1576883567-GB-M-066 is -3.09511 over 143 frames.
M342905676-4048454_4048454-342903872_1576883567-GB-M-067 I DON'T WANT CONTROL 
LOG (gmm-latgen-faster[5.5.480~1-09abd]:DecodeUtteranceLatticeFaster():decoder-wrappers.cc:289) Log-like per frame for utterance M342905676-4048454_4048454-342903872_1576883567-GB-M-067 is -4.54854 over 183 frames.
M342905676-4048454_4048454-342903872_1576883567-GB-M-068 I WANT TO LET ABOUT ARE YOU READY I'LL BE READY LET THEM KNOW 
LOG (gmm-latgen-faster[5.5.480~1-09abd]:DecodeUtteranceLatticeFaster():decoder-wrappers.cc:289) Log-like per frame for utterance M342905676-4048454_4048454-342903872_1576883567-GB-M-068 is -4.03293 over 1050 frames.
M342905676-4048454_4048454-342903872_1576883567-GB-M-072 ARE YOU READY WHAT ABOUT US WHAT ABOUT ALL THE TIMES YOU SAID YOU HAD THE ANSWERS JUST WHAT ABOUT US WHAT ABOUT ALL THE BROKEN HAPPY EVER AFTERS 
LOG (gmm-latgen-faster[5.5.480~1-09abd]:DecodeUtteranceLatticeFaster():decoder-wrappers.cc:289) Log-like per frame for utterance M342905676-4048454_4048454-342903872_1576883567-GB-M-072 is -4.28098 over 1788 frames.
M342905676-4048454_4048454-342903872_1576883567-GB-M-081 WHAT ABOUT US 
LOG (gmm-latgen-faster[5.5.480~1-09abd]:DecodeUtteranceLatticeFaster():decoder-wrappers.cc:289) Log-like per frame for utterance M342905676-4048454_4048454-342903872_1576883567-GB-M-081 is -4.61464 over 331 frames.
M342905676-4048454_4048454-342903872_1576883567-GB-M-083 WHAT ABOUT US 
LOG (gmm-latgen-faster[5.5.480~1-09abd]:DecodeUtteranceLatticeFaster():decoder-wrappers.cc:289) Log-like per frame for utterance M342905676-4048454_4048454-342903872_1576883567-GB-M-083 is -4.9434 over 111 frames.
M342905676-4048454_4048454-342903872_1576883567-GB-M-084 THAT IN DISASTERS I WHAT ABOUT US 
LOG (gmm-latgen-faster[5.5.480~1-09abd]:DecodeUtteranceLatticeFaster():decoder-wrappers.cc:289) Log-like per frame for utterance M342905676-4048454_4048454-342903872_1576883567-GB-M-084 is -4.54944 over 671 frames.
M342905676-4048454_4048454-342903872_1576883567-GB-M-087 WHAT ABOUT TRUST WHAT ABOUT US 
LOG (gmm-latgen-faster[5.5.480~1-09abd]:DecodeUtteranceLatticeFaster():decoder-wrappers.cc:289) Log-like per frame for utterance M342905676-4048454_4048454-342903872_1576883567-GB-M-087 is -4.34909 over 449 frames.
M342905676-4048454_4048454-342903872_1576883567-GB-M-091 WHAT ABOUT US WHAT ABOUT US 
LOG (gmm-latgen-faster[5.5.480~1-09abd]:DecodeUtteranceLatticeFaster():decoder-wrappers.cc:289) Log-like per frame for utterance M342905676-4048454_4048454-342903872_1576883567-GB-M-091 is -4.01762 over 480 frames.
M362369493-196056811_560807-362372286_1585914097-GB-M-001 MAMA AND A MAN 
LOG (gmm-latgen-faster[5.5.480~1-09abd]:DecodeUtteranceLatticeFaster():decoder-wrappers.cc:289) Log-like per frame for utterance M362369493-196056811_560807-362372286_1585914097-GB-M-001 is -4.13621 over 501 frames.
M362369493-196056811_560807-362372286_1585914097-GB-M-002 PUT A GUN AGAINST HIS HEAD 
LOG (gmm-latgen-faster[5.5.480~1-09abd]:DecodeUtteranceLatticeFaster():decoder-wrappers.cc:289) Log-like per frame for utterance M362369493-196056811_560807-362372286_1585914097-GB-M-002 is -4.5569 over 229 frames.
M362369493-196056811_560807-362372286_1585914097-GB-M-003 PULLED MY TRIGGER NOW HE'S 
LOG (gmm-latgen-faster[5.5.480~1-09abd]:DecodeUtteranceLatticeFaster():decoder-wrappers.cc:289) Log-like per frame for utterance M362369493-196056811_560807-362372286_1585914097-GB-M-003 is -4.37191 over 325 frames.
M362369493-196056811_560807-362372286_1585914097-GB-M-004 MAMA LIFE HAD JUST BACK BEGUN 
LOG (gmm-latgen-faster[5.5.480~1-09abd]:DecodeUtteranceLatticeFaster():decoder-wrappers.cc:289) Log-like per frame for utterance M362369493-196056811_560807-362372286_1585914097-GB-M-004 is -4.62666 over 584 frames.
M362369493-196056811_560807-362372286_1585914097-GB-M-005 BUT NOW I'VE GONE AND THROWN IT ALL AWAY MAMA OOH DIDN'T HAD TO MAKE YOU CRY IF I'M NOT BACK AGAIN THIS TIME TOMORROW CARRY ON CARRY ON NOTHING REALLY MATTERS 
LOG (gmm-latgen-faster[5.5.480~1-09abd]:DecodeUtteranceLatticeFaster():decoder-wrappers.cc:289) Log-like per frame for utterance M362369493-196056811_560807-362372286_1585914097-GB-M-005 is -4.28926 over 2850 frames.
M362369493-196056811_560807-362372286_1585914097-GB-M-013 TOO LATE MY TIME HAS COME 
LOG (gmm-latgen-faster[5.5.480~1-09abd]:DecodeUtteranceLatticeFaster():decoder-wrappers.cc:289) Log-like per frame for utterance M362369493-196056811_560807-362372286_1585914097-GB-M-013 is -4.18184 over 501 frames.
M362369493-196056811_560807-362372286_1585914097-GB-M-014 SENDS SHIVERS DOWN MY SPINE 
LOG (gmm-latgen-faster[5.5.480~1-09abd]:DecodeUtteranceLatticeFaster():decoder-wrappers.cc:289) Log-like per frame for utterance M362369493-196056811_560807-362372286_1585914097-GB-M-014 is -4.61603 over 287 frames.
M362369493-196056811_560807-362372286_1585914097-GB-M-015 BODY'S ACHING ALL THE TIME 
LOG (gmm-latgen-faster[5.5.480~1-09abd]:DecodeUtteranceLatticeFaster():decoder-wrappers.cc:289) Log-like per frame for utterance M362369493-196056811_560807-362372286_1585914097-GB-M-015 is -4.38861 over 359 frames.
M362369493-196056811_560807-362372286_1585914097-GB-M-016 GOOD BYE EVERYBODY I'VE GOT TO GO 
LOG (gmm-latgen-faster[5.5.480~1-09abd]:DecodeUtteranceLatticeFaster():decoder-wrappers.cc:289) Log-like per frame for utterance M362369493-196056811_560807-362372286_1585914097-GB-M-016 is -4.07289 over 569 frames.
M362369493-196056811_560807-362372286_1585914097-GB-M-017 GOTTA ALL BEHIND 
LOG (gmm-latgen-faster[5.5.480~1-09abd]:DecodeUtteranceLatticeFaster():decoder-wrappers.cc:289) Log-like per frame for utterance M362369493-196056811_560807-362372286_1585914097-GB-M-017 is -4.67397 over 290 frames.
M362369493-196056811_560807-362372286_1585914097-GB-M-019 FACE THE TRUTH MAMA OOH I DON'T OH DIE I SOMETIMES WISH I'D NEVER BEEN BORN AT ALL SO YOU YOU CAN STONE ME AND WHO ME AND OH BABY AND CAN'T DO THIS ALL THE BABY AND ME AND ME AND ACHING YOU KNOW ME AND ARE HEART REALLY MATTERS 
LOG (gmm-latgen-faster[5.5.480~1-09abd]:DecodeUtteranceLatticeFaster():decoder-wrappers.cc:289) Log-like per frame for utterance M362369493-196056811_560807-362372286_1585914097-GB-M-019 is -3.82719 over 9822 frames.
M362369493-196056811_560807-362372286_1585914097-GB-M-033 NOTHING REALLY 
LOG (gmm-latgen-faster[5.5.480~1-09abd]:DecodeUtteranceLatticeFaster():decoder-wrappers.cc:289) Log-like per frame for utterance M362369493-196056811_560807-362372286_1585914097-GB-M-033 is -4.45109 over 282 frames.
M362369493-196056811_560807-362372286_1585914097-GB-M-034 NOTHING REALLY MATTERS ME LIFE YOU YOU ME LEAST 
LOG (gmm-latgen-faster[5.5.480~1-09abd]:DecodeUtteranceLatticeFaster():decoder-wrappers.cc:289) Log-like per frame for utterance M362369493-196056811_560807-362372286_1585914097-GB-M-034 is -4.28756 over 1529 frames.
M362369493-196056811_560807-362372286_1585914097-GB-M-035 ANYWAY THE WIND BLOWS 
LOG (gmm-latgen-faster[5.5.480~1-09abd]:DecodeUtteranceLatticeFaster():decoder-wrappers.cc:289) Log-like per frame for utterance M362369493-196056811_560807-362372286_1585914097-GB-M-035 is -3.38587 over 390 frames.
M365633052-90787007_2368054-216763807_1504610269-GB-M-011 JUST A LITTLE CHANGE 
LOG (gmm-latgen-faster[5.5.480~1-09abd]:DecodeUtteranceLatticeFaster():decoder-wrappers.cc:289) Log-like per frame for utterance M365633052-90787007_2368054-216763807_1504610269-GB-M-011 is -3.30383 over 397 frames.
M365633052-90787007_2368054-216763807_1504610269-GB-M-012 SMALL TO SAY THE LEAST 
LOG (gmm-latgen-faster[5.5.480~1-09abd]:DecodeUtteranceLatticeFaster():decoder-wrappers.cc:289) Log-like per frame for utterance M365633052-90787007_2368054-216763807_1504610269-GB-M-012 is -3.50326 over 225 frames.
M365633052-90787007_2368054-216763807_1504610269-GB-M-013 BOTH A LITTLE SCARED NEITHER ONE PREPARED 
LOG (gmm-latgen-faster[5.5.480~1-09abd]:DecodeUtteranceLatticeFaster():decoder-wrappers.cc:289) Log-like per frame for utterance M365633052-90787007_2368054-216763807_1504610269-GB-M-013 is -3.87446 over 540 frames.
M365633052-90787007_2368054-216763807_1504610269-GB-M-016 BEAUTY AND THE BEAST 
LOG (gmm-latgen-faster[5.5.480~1-09abd]:DecodeUtteranceLatticeFaster():decoder-wrappers.cc:289) Log-like per frame for utterance M365633052-90787007_2368054-216763807_1504610269-GB-M-016 is -2.46483 over 454 frames.
M365633052-90787007_2368054-216763807_1504610269-GB-M-017 EVER JUST THE SAME 
LOG (gmm-latgen-faster[5.5.480~1-09abd]:DecodeUtteranceLatticeFaster():decoder-wrappers.cc:289) Log-like per frame for utterance M365633052-90787007_2368054-216763807_1504610269-GB-M-017 is -2.19849 over 454 frames.
M365633052-90787007_2368054-216763807_1504610269-GB-M-018 EVER JUST A SURPRISE 
LOG (gmm-latgen-faster[5.5.480~1-09abd]:DecodeUtteranceLatticeFaster():decoder-wrappers.cc:289) Log-like per frame for utterance M365633052-90787007_2368054-216763807_1504610269-GB-M-018 is -2.49823 over 408 frames.
M365633052-90787007_2368054-216763807_1504610269-GB-M-019 EVER AS BEFORE 
LOG (gmm-latgen-faster[5.5.480~1-09abd]:DecodeUtteranceLatticeFaster():decoder-wrappers.cc:289) Log-like per frame for utterance M365633052-90787007_2368054-216763807_1504610269-GB-M-019 is -3.63663 over 217 frames.
M365633052-90787007_2368054-216763807_1504610269-GB-M-020 EVER JUST AS SURE AS THE SUN WILL RISE 
LOG (gmm-latgen-faster[5.5.480~1-09abd]:DecodeUtteranceLatticeFaster():decoder-wrappers.cc:289) Log-like per frame for utterance M365633052-90787007_2368054-216763807_1504610269-GB-M-020 is -3.61298 over 654 frames.
M365633052-90787007_2368054-216763807_1504610269-GB-M-023 <UNK> 
LOG (gmm-latgen-faster[5.5.480~1-09abd]:DecodeUtteranceLatticeFaster():decoder-wrappers.cc:289) Log-like per frame for utterance M365633052-90787007_2368054-216763807_1504610269-GB-M-023 is -4.2326 over 242 frames.
M365633052-90787007_2368054-216763807_1504610269-GB-M-026 <UNK> 
LOG (gmm-latgen-faster[5.5.480~1-09abd]:DecodeUtteranceLatticeFaster():decoder-wrappers.cc:289) Log-like per frame for utterance M365633052-90787007_2368054-216763807_1504610269-GB-M-026 is -4.03871 over 235 frames.
M365633052-90787007_2368054-216763807_1504610269-GB-M-028 <UNK> YOUR 
LOG (gmm-latgen-faster[5.5.480~1-09abd]:DecodeUtteranceLatticeFaster():decoder-wrappers.cc:289) Log-like per frame for utterance M365633052-90787007_2368054-216763807_1504610269-GB-M-028 is -3.34769 over 285 frames.
M365633052-90787007_2368054-216763807_1504610269-GB-M-029 THE SAME EVER A SURPRISE 
LOG (gmm-latgen-faster[5.5.480~1-09abd]:DecodeUtteranceLatticeFaster():decoder-wrappers.cc:289) Log-like per frame for utterance M365633052-90787007_2368054-216763807_1504610269-GB-M-029 is -2.00688 over 822 frames.
M365633052-90787007_2368054-216763807_1504610269-GB-M-031 EVER AS BEFORE 
LOG (gmm-latgen-faster[5.5.480~1-09abd]:DecodeUtteranceLatticeFaster():decoder-wrappers.cc:289) Log-like per frame for utterance M365633052-90787007_2368054-216763807_1504610269-GB-M-031 is -3.73435 over 236 frames.
M365633052-90787007_2368054-216763807_1504610269-GB-M-034 AS THE SUN WILL RISE 
LOG (gmm-latgen-faster[5.5.480~1-09abd]:DecodeUtteranceLatticeFaster():decoder-wrappers.cc:289) Log-like per frame for utterance M365633052-90787007_2368054-216763807_1504610269-GB-M-034 is -3.17111 over 347 frames.
M365633052-90787007_2368054-216763807_1504610269-GB-M-036 ALL <UNK> <UNK> 
LOG (gmm-latgen-faster[5.5.480~1-09abd]:DecodeUtteranceLatticeFaster():decoder-wrappers.cc:289) Log-like per frame for utterance M365633052-90787007_2368054-216763807_1504610269-GB-M-036 is -3.8272 over 461 frames.
M365633052-90787007_2368054-216763807_1504610269-GB-M-039 BITTER SWEET AND STRANGE 
LOG (gmm-latgen-faster[5.5.480~1-09abd]:DecodeUtteranceLatticeFaster():decoder-wrappers.cc:289) Log-like per frame for utterance M365633052-90787007_2368054-216763807_1504610269-GB-M-039 is -4.47462 over 226 frames.
M365633052-90787007_2368054-216763807_1504610269-GB-M-040 FINDING YOU CAN CHANGE 
LOG (gmm-latgen-faster[5.5.480~1-09abd]:DecodeUtteranceLatticeFaster():decoder-wrappers.cc:289) Log-like per frame for utterance M365633052-90787007_2368054-216763807_1504610269-GB-M-040 is -4.84956 over 223 frames.
M365633052-90787007_2368054-216763807_1504610269-GB-M-042 LEARNING YOU WERE WRONG 
LOG (gmm-latgen-faster[5.5.480~1-09abd]:DecodeUtteranceLatticeFaster():decoder-wrappers.cc:289) Log-like per frame for utterance M365633052-90787007_2368054-216763807_1504610269-GB-M-042 is -3.65691 over 413 frames.
M365633052-90787007_2368054-216763807_1504610269-GB-M-043 CERTAIN AS THE SUN 
LOG (gmm-latgen-faster[5.5.480~1-09abd]:DecodeUtteranceLatticeFaster():decoder-wrappers.cc:289) Log-like per frame for utterance M365633052-90787007_2368054-216763807_1504610269-GB-M-043 is -3.93436 over 289 frames.
M365633052-90787007_2368054-216763807_1504610269-GB-M-044 RISING TO ME 
LOG (gmm-latgen-faster[5.5.480~1-09abd]:DecodeUtteranceLatticeFaster():decoder-wrappers.cc:289) Log-like per frame for utterance M365633052-90787007_2368054-216763807_1504610269-GB-M-044 is -4.52229 over 245 frames.
M365633052-90787007_2368054-216763807_1504610269-GB-M-046 SONG AS OLD AS RHYME 
LOG (gmm-latgen-faster[5.5.480~1-09abd]:DecodeUtteranceLatticeFaster():decoder-wrappers.cc:289) Log-like per frame for utterance M365633052-90787007_2368054-216763807_1504610269-GB-M-046 is -4.0504 over 238 frames.
M365633052-90787007_2368054-216763807_1504610269-GB-M-048 BEAUTY AND THE BEAST 
LOG (gmm-latgen-faster[5.5.480~1-09abd]:DecodeUtteranceLatticeFaster():decoder-wrappers.cc:289) Log-like per frame for utterance M365633052-90787007_2368054-216763807_1504610269-GB-M-048 is -2.40191 over 457 frames.
M365633052-90787007_2368054-216763807_1504610269-GB-M-050 SONG AS OLD AS RHYME 
LOG (gmm-latgen-faster[5.5.480~1-09abd]:DecodeUtteranceLatticeFaster():decoder-wrappers.cc:289) Log-like per frame for utterance M365633052-90787007_2368054-216763807_1504610269-GB-M-050 is -4.57042 over 214 frames.
M365633052-90787007_2368054-216763807_1504610269-GB-M-052 BEAUTY AND THE BEAST 
LOG (gmm-latgen-faster[5.5.480~1-09abd]:DecodeUtteranceLatticeFaster():decoder-wrappers.cc:289) Log-like per frame for utterance M365633052-90787007_2368054-216763807_1504610269-GB-M-052 is -3.08129 over 350 frames.
M365633052-90787007_2368054-216763807_1504610269-GB-M-053 <UNK> 
LOG (gmm-latgen-faster[5.5.480~1-09abd]:DecodeUtteranceLatticeFaster():decoder-wrappers.cc:289) Log-like per frame for utterance M365633052-90787007_2368054-216763807_1504610269-GB-M-053 is -4.80325 over 242 frames.
M365633052-90787007_2368054-216763807_1504610269-GB-M-055 BEAUTY AND 
LOG (gmm-latgen-faster[5.5.480~1-09abd]:DecodeUtteranceLatticeFaster():decoder-wrappers.cc:289) Log-like per frame for utterance M365633052-90787007_2368054-216763807_1504610269-GB-M-055 is -3.52943 over 243 frames.
M365633052-90787007_2368054-216763807_1504610269-GB-M-057 BEAUTY AND THE BEAST ME ME 
LOG (gmm-latgen-faster[5.5.480~1-09abd]:DecodeUtteranceLatticeFaster():decoder-wrappers.cc:289) Log-like per frame for utterance M365633052-90787007_2368054-216763807_1504610269-GB-M-057 is -3.56886 over 1016 frames.
M373516297-3708542_3708542-1221818620_1598973031-GB-M-001 LITTLE DO YOU KNOW HOW I'M BREAKING WHILE YOU FALL ASLEEP 
LOG (gmm-latgen-faster[5.5.480~1-09abd]:DecodeUtteranceLatticeFaster():decoder-wrappers.cc:289) Log-like per frame for utterance M373516297-3708542_3708542-1221818620_1598973031-GB-M-001 is -4.18532 over 607 frames.
M373516297-3708542_3708542-1221818620_1598973031-GB-M-003 LITTLE DO YOU KNOW 
LOG (gmm-latgen-faster[5.5.480~1-09abd]:DecodeUtteranceLatticeFaster():decoder-wrappers.cc:289) Log-like per frame for utterance M373516297-3708542_3708542-1221818620_1598973031-GB-M-003 is -4.66113 over 135 frames.
M373516297-3708542_3708542-1221818620_1598973031-GB-M-004 I'M STILL HAUNTED BY THE MEMORIES 
LOG (gmm-latgen-faster[5.5.480~1-09abd]:DecodeUtteranceLatticeFaster():decoder-wrappers.cc:289) Log-like per frame for utterance M373516297-3708542_3708542-1221818620_1598973031-GB-M-004 is -4.21276 over 458 frames.
M373516297-3708542_3708542-1221818620_1598973031-GB-M-005 LITTLE DO YOU KNOW 
LOG (gmm-latgen-faster[5.5.480~1-09abd]:DecodeUtteranceLatticeFaster():decoder-wrappers.cc:289) Log-like per frame for utterance M373516297-3708542_3708542-1221818620_1598973031-GB-M-005 is -5.33164 over 142 frames.
M373516297-3708542_3708542-1221818620_1598973031-GB-M-006 I'M TRYING TO PICK 
LOG (gmm-latgen-faster[5.5.480~1-09abd]:DecodeUtteranceLatticeFaster():decoder-wrappers.cc:289) Log-like per frame for utterance M373516297-3708542_3708542-1221818620_1598973031-GB-M-006 is -4.58537 over 119 frames.
M373516297-3708542_3708542-1221818620_1598973031-GB-M-007 MYSELF UP PIECE BY PIECE 
LOG (gmm-latgen-faster[5.5.480~1-09abd]:DecodeUtteranceLatticeFaster():decoder-wrappers.cc:289) Log-like per frame for utterance M373516297-3708542_3708542-1221818620_1598973031-GB-M-007 is -4.91377 over 325 frames.
M373516297-3708542_3708542-1221818620_1598973031-GB-M-008 LITTLE DO YOU KNOW I NEED A LITTLE MORE TIME 
LOG (gmm-latgen-faster[5.5.480~1-09abd]:DecodeUtteranceLatticeFaster():decoder-wrappers.cc:289) Log-like per frame for utterance M373516297-3708542_3708542-1221818620_1598973031-GB-M-008 is -3.75802 over 592 frames.
M373516297-3708542_3708542-1221818620_1598973031-GB-M-011 UNDERNEATH IT ALL 
LOG (gmm-latgen-faster[5.5.480~1-09abd]:DecodeUtteranceLatticeFaster():decoder-wrappers.cc:289) Log-like per frame for utterance M373516297-3708542_3708542-1221818620_1598973031-GB-M-011 is -4.01542 over 139 frames.
M373516297-3708542_3708542-1221818620_1598973031-GB-M-012 I'VE FEEL CAPTIVE BY THE HOLE INSIDE 
LOG (gmm-latgen-faster[5.5.480~1-09abd]:DecodeUtteranceLatticeFaster():decoder-wrappers.cc:289) Log-like per frame for utterance M373516297-3708542_3708542-1221818620_1598973031-GB-M-012 is -4.15241 over 447 frames.
M373516297-3708542_3708542-1221818620_1598973031-GB-M-013 I'VE BEEN HOLDING BACK FOR THE 
LOG (gmm-latgen-faster[5.5.480~1-09abd]:DecodeUtteranceLatticeFaster():decoder-wrappers.cc:289) Log-like per frame for utterance M373516297-3708542_3708542-1221818620_1598973031-GB-M-013 is -4.32239 over 239 frames.
M373516297-3708542_3708542-1221818620_1598973031-GB-M-014 TO THAT YOU MIGHT CHANGE YOUR MIND I'M READY TO FORGIVE YOU BUT FORGETTING IS A THE LOVE FIGHT 
LOG (gmm-latgen-faster[5.5.480~1-09abd]:DecodeUtteranceLatticeFaster():decoder-wrappers.cc:289) Log-like per frame for utterance M373516297-3708542_3708542-1221818620_1598973031-GB-M-014 is -4.34176 over 1022 frames.
M373516297-3708542_3708542-1221818620_1598973031-GB-M-017 LITTLE DO YOU KNOW MY 
LOG (gmm-latgen-faster[5.5.480~1-09abd]:DecodeUtteranceLatticeFaster():decoder-wrappers.cc:289) Log-like per frame for utterance M373516297-3708542_3708542-1221818620_1598973031-GB-M-017 is -3.33643 over 270 frames.
M373516297-3708542_3708542-1221818620_1598973031-GB-M-019 NEED A LITTLE MORE TIME 
LOG (gmm-latgen-faster[5.5.480~1-09abd]:DecodeUtteranceLatticeFaster():decoder-wrappers.cc:289) Log-like per frame for utterance M373516297-3708542_3708542-1221818620_1598973031-GB-M-019 is -3.05396 over 330 frames.
M373516297-3708542_3708542-1221818620_1598973031-GB-M-020 I'LL WAIT I'LL WAIT 
LOG (gmm-latgen-faster[5.5.480~1-09abd]:DecodeUtteranceLatticeFaster():decoder-wrappers.cc:289) Log-like per frame for utterance M373516297-3708542_3708542-1221818620_1598973031-GB-M-020 is -3.44524 over 284 frames.
M373516297-3708542_3708542-1221818620_1598973031-GB-M-021 I LOVE YOU LIKE YOU'VE NEVER FELT THE PAIN I'LL WAIT 
LOG (gmm-latgen-faster[5.5.480~1-09abd]:DecodeUtteranceLatticeFaster():decoder-wrappers.cc:289) Log-like per frame for utterance M373516297-3708542_3708542-1221818620_1598973031-GB-M-021 is -3.86886 over 601 frames.
M373516297-3708542_3708542-1221818620_1598973031-GB-M-024 PROMISE YOU DON'T HAVE 
LOG (gmm-latgen-faster[5.5.480~1-09abd]:DecodeUtteranceLatticeFaster():decoder-wrappers.cc:289) Log-like per frame for utterance M373516297-3708542_3708542-1221818620_1598973031-GB-M-024 is -4.09692 over 191 frames.
M373516297-3708542_3708542-1221818620_1598973031-GB-M-025 TO BE AFRAID 
LOG (gmm-latgen-faster[5.5.480~1-09abd]:DecodeUtteranceLatticeFaster():decoder-wrappers.cc:289) Log-like per frame for utterance M373516297-3708542_3708542-1221818620_1598973031-GB-M-025 is -3.86928 over 187 frames.
M373516297-3708542_3708542-1221818620_1598973031-GB-M-026 I LOVE IS THE LOVE IS STAY SO LAY YOUR HEAD SO LAY YOUR HEAD ON ME LITTLE DO YOU KNOW I KNOW YOU'RE HURTING WHILE I'M SOUND ASLEEP 
LOG (gmm-latgen-faster[5.5.480~1-09abd]:DecodeUtteranceLatticeFaster():decoder-wrappers.cc:289) Log-like per frame for utterance M373516297-3708542_3708542-1221818620_1598973031-GB-M-026 is -4.22993 over 1678 frames.
M373516297-3708542_3708542-1221818620_1598973031-GB-M-032 LITTLE DO YOU KNOW ALL MY MISTAKES ARE SLOWLY DROWNING ME LITTLE DO YOU KNOW I'M TRYING TO MAKE IT BETTER PIECE BY PIECE 
LOG (gmm-latgen-faster[5.5.480~1-09abd]:DecodeUtteranceLatticeFaster():decoder-wrappers.cc:289) Log-like per frame for utterance M373516297-3708542_3708542-1221818620_1598973031-GB-M-032 is -4.50367 over 1240 frames.
M373516297-3708542_3708542-1221818620_1598973031-GB-M-039 LITTLE DO YOU KNOW DIES AND NOT JUST WAIT I'LL WAIT WHEN WAY JUST WAIT 
LOG (gmm-latgen-faster[5.5.480~1-09abd]:DecodeUtteranceLatticeFaster():decoder-wrappers.cc:289) Log-like per frame for utterance M373516297-3708542_3708542-1221818620_1598973031-GB-M-039 is -4.13071 over 974 frames.
M373516297-3708542_3708542-1221818620_1598973031-GB-M-041 I LOVE YOU LIKE I'VE NEVER FELT THE PAIN JUST WAIT I LOVE YOU LIKE I'VE NEVER BEEN AFRAID JUST WAIT 
LOG (gmm-latgen-faster[5.5.480~1-09abd]:DecodeUtteranceLatticeFaster():decoder-wrappers.cc:289) Log-like per frame for utterance M373516297-3708542_3708542-1221818620_1598973031-GB-M-041 is -4.23586 over 1250 frames.
M373516297-3708542_3708542-1221818620_1598973031-GB-M-045 I LOVE IS HERE AND HERE TO STAY 
LOG (gmm-latgen-faster[5.5.480~1-09abd]:DecodeUtteranceLatticeFaster():decoder-wrappers.cc:289) Log-like per frame for utterance M373516297-3708542_3708542-1221818620_1598973031-GB-M-045 is -4.54067 over 297 frames.
M373516297-3708542_3708542-1221818620_1598973031-GB-M-047 SO LAY YOUR HEAD ON ME IN 
LOG (gmm-latgen-faster[5.5.480~1-09abd]:DecodeUtteranceLatticeFaster():decoder-wrappers.cc:289) Log-like per frame for utterance M373516297-3708542_3708542-1221818620_1598973031-GB-M-047 is -4.45011 over 535 frames.
M373516297-3708542_3708542-1221818620_1598973031-GB-M-048 I'LL WAIT I'LL WAIT I'LL WAIT I'LL WAIT I LOVE YOU LIKE YOU'VE NEVER FELT THE PAIN 
LOG (gmm-latgen-faster[5.5.480~1-09abd]:DecodeUtteranceLatticeFaster():decoder-wrappers.cc:289) Log-like per frame for utterance M373516297-3708542_3708542-1221818620_1598973031-GB-M-048 is -4.83665 over 759 frames.
M373516297-3708542_3708542-1221818620_1598973031-GB-M-051 I'LL WAIT I'LL WAIT I LOVE YOU DON'T HAVE TO BE AFRAID 
LOG (gmm-latgen-faster[5.5.480~1-09abd]:DecodeUtteranceLatticeFaster():decoder-wrappers.cc:289) Log-like per frame for utterance M373516297-3708542_3708542-1221818620_1598973031-GB-M-051 is -4.627 over 630 frames.
M373516297-3708542_3708542-1221818620_1598973031-GB-M-053 I'LL WAIT THE LOVE HERE AND HERE TO STAY 
LOG (gmm-latgen-faster[5.5.480~1-09abd]:DecodeUtteranceLatticeFaster():decoder-wrappers.cc:289) Log-like per frame for utterance M373516297-3708542_3708542-1221818620_1598973031-GB-M-053 is -5.00002 over 510 frames.
M373516297-3708542_3708542-1221818620_1598973031-GB-M-055 SO LAY YOUR HEAD ON ME LAY YOUR HEAD ON ME LAY YOUR KNOW AND ON ME 
LOG (gmm-latgen-faster[5.5.480~1-09abd]:DecodeUtteranceLatticeFaster():decoder-wrappers.cc:289) Log-like per frame for utterance M373516297-3708542_3708542-1221818620_1598973031-GB-M-055 is -4.28793 over 1171 frames.
M373516297-3708542_3708542-1221818620_1598973031-GB-M-058 SO LAY YOUR HEAD ON ME CAUSE LITTLE DO THE LOVE KNOW I LOVE YOU 
LOG (gmm-latgen-faster[5.5.480~1-09abd]:DecodeUtteranceLatticeFaster():decoder-wrappers.cc:289) Log-like per frame for utterance M373516297-3708542_3708542-1221818620_1598973031-GB-M-058 is -4.31271 over 1646 frames.
M374046488-604159323_442496-458919803_1632382531-GB-M-004 WAS ALONE WITH NO ONE TO HOLD BUT YOU WERE ALWAYS GET BESIDE ME THIS FEELINGS LIKE NO OTHER I WANT YOU TO KNOW I KNOW I'VE NEVER HAD SOMEONE THAT KNOW'S ME LIKE YOU DO THE WAY YOU DO I'VE NEVER HAD SOMEONE AS GOOD FOR ME AS YOU NO ONE LIKE YOU 
LOG (gmm-latgen-faster[5.5.480~1-09abd]:DecodeUtteranceLatticeFaster():decoder-wrappers.cc:289) Log-like per frame for utterance M374046488-604159323_442496-458919803_1632382531-GB-M-004 is -4.03913 over 3321 frames.
M374046488-604159323_442496-458919803_1632382531-GB-M-016 SO LONELY BEFORE I FINALLY FOUND 
LOG (gmm-latgen-faster[5.5.480~1-09abd]:DecodeUtteranceLatticeFaster():decoder-wrappers.cc:289) Log-like per frame for utterance M374046488-604159323_442496-458919803_1632382531-GB-M-016 is -3.73888 over 547 frames.
M374046488-604159323_442496-458919803_1632382531-GB-M-017 WHAT I'VE BEEN LOOKING FOR AND NOW I <UNK> 
LOG (gmm-latgen-faster[5.5.480~1-09abd]:DecodeUtteranceLatticeFaster():decoder-wrappers.cc:289) Log-like per frame for utterance M374046488-604159323_442496-458919803_1632382531-GB-M-017 is -3.6861 over 929 frames.
M375068404-482049774_461056-840286112_1561246155-GB-M-011 NO I CAN'T FORGET TOMORROW WHAT WHEN I THINK OF FOR MY SORROW 
LOG (gmm-latgen-faster[5.5.480~1-09abd]:DecodeUtteranceLatticeFaster():decoder-wrappers.cc:289) Log-like per frame for utterance M375068404-482049774_461056-840286112_1561246155-GB-M-011 is -4.14885 over 830 frames.
M375068404-482049774_461056-840286112_1561246155-GB-M-013 WHEN I HAD YOU THERE BUT THEN I LET YOU GO AND NOW IT'S ONLY FAIR THAT I SHOULD LET YOU KNOW 
LOG (gmm-latgen-faster[5.5.480~1-09abd]:DecodeUtteranceLatticeFaster():decoder-wrappers.cc:289) Log-like per frame for utterance M375068404-482049774_461056-840286112_1561246155-GB-M-013 is -4.04779 over 1330 frames.
M375068404-482049774_461056-840286112_1561246155-GB-M-019 WHAT YOU SHOULD KNOW 
LOG (gmm-latgen-faster[5.5.480~1-09abd]:DecodeUtteranceLatticeFaster():decoder-wrappers.cc:289) Log-like per frame for utterance M375068404-482049774_461056-840286112_1561246155-GB-M-019 is -2.34721 over 717 frames.
M375068404-482049774_461056-840286112_1561246155-GB-M-021 
LOG (gmm-latgen-faster[5.5.480~1-09abd]:DecodeUtteranceLatticeFaster():decoder-wrappers.cc:289) Log-like per frame for utterance M375068404-482049774_461056-840286112_1561246155-GB-M-021 is -3.95197 over 111 frames.
M375068404-482049774_461056-840286112_1561246155-GB-M-025 I CAN'T LIVE IF 
LOG (gmm-latgen-faster[5.5.480~1-09abd]:DecodeUtteranceLatticeFaster():decoder-wrappers.cc:289) Log-like per frame for utterance M375068404-482049774_461056-840286112_1561246155-GB-M-025 is -2.48746 over 470 frames.
M375068404-482049774_461056-840286112_1561246155-GB-M-026 IF LIVING IS WITHOUT YOU CAN'T LIVE I CAN'T GIVE ANYMORE WANT 
LOG (gmm-latgen-faster[5.5.480~1-09abd]:DecodeUtteranceLatticeFaster():decoder-wrappers.cc:289) Log-like per frame for utterance M375068404-482049774_461056-840286112_1561246155-GB-M-026 is -3.78219 over 1340 frames.
M375068404-482049774_461056-840286112_1561246155-GB-M-034 
LOG (gmm-latgen-faster[5.5.480~1-09abd]:DecodeUtteranceLatticeFaster():decoder-wrappers.cc:289) Log-like per frame for utterance M375068404-482049774_461056-840286112_1561246155-GB-M-034 is -4.39757 over 111 frames.
M375068404-482049774_461056-840286112_1561246155-GB-M-035 YOU ALWAYS SMILE BUT IN YOUR EYES YOUR SORROW SHOWS YES IT SHOWS LIVE 
LOG (gmm-latgen-faster[5.5.480~1-09abd]:DecodeUtteranceLatticeFaster():decoder-wrappers.cc:289) Log-like per frame for utterance M375068404-482049774_461056-840286112_1561246155-GB-M-035 is -3.63457 over 1671 frames.
M375068404-482049774_461056-840286112_1561246155-GB-M-045 I CAN'T LIVE IF LIVING IS WITHOUT YOU I CAN'T LIVE CAN'T GIVE ANYMORE OH YOU YOU YOU 
LOG (gmm-latgen-faster[5.5.480~1-09abd]:DecodeUtteranceLatticeFaster():decoder-wrappers.cc:289) Log-like per frame for utterance M375068404-482049774_461056-840286112_1561246155-GB-M-045 is -3.14457 over 3060 frames.
M375068404-482049774_461056-840286112_1561246155-GB-M-050 I CAN'T LIVE IF LIVING IS WITHOUT YOU I CAN'T LIVE I CAN'T GIVE ANYMORE ONLY OH 
LOG (gmm-latgen-faster[5.5.480~1-09abd]:DecodeUtteranceLatticeFaster():decoder-wrappers.cc:289) Log-like per frame for utterance M375068404-482049774_461056-840286112_1561246155-GB-M-050 is -3.2418 over 2041 frames.
M379489443-393063900_92265-379483975_1610771025-GB-M-001 IF THERE'S A PRIZE FOR ROTTEN JUDGEMENT 
LOG (gmm-latgen-faster[5.5.480~1-09abd]:DecodeUtteranceLatticeFaster():decoder-wrappers.cc:289) Log-like per frame for utterance M379489443-393063900_92265-379483975_1610771025-GB-M-001 is -4.39002 over 344 frames.
M379489443-393063900_92265-379483975_1610771025-GB-M-002 I GUESS I'VE ALREADY WON THAT 
LOG (gmm-latgen-faster[5.5.480~1-09abd]:DecodeUtteranceLatticeFaster():decoder-wrappers.cc:289) Log-like per frame for utterance M379489443-393063900_92265-379483975_1610771025-GB-M-002 is -4.35791 over 325 frames.
M379489443-393063900_92265-379483975_1610771025-GB-M-003 NO MAN IS WORTH THE AGGRAVATION THAT'S ANCIENT HISTORY BEEN THERE DONE THAT 
LOG (gmm-latgen-faster[5.5.480~1-09abd]:DecodeUtteranceLatticeFaster():decoder-wrappers.cc:289) Log-like per frame for utterance M379489443-393063900_92265-379483975_1610771025-GB-M-003 is -4.3767 over 787 frames.
M379489443-393063900_92265-379483975_1610771025-GB-M-010 WHOA NO THROUGH YOU 
LOG (gmm-latgen-faster[5.5.480~1-09abd]:DecodeUtteranceLatticeFaster():decoder-wrappers.cc:289) Log-like per frame for utterance M379489443-393063900_92265-379483975_1610771025-GB-M-010 is -2.3294 over 668 frames.
M379489443-393063900_92265-379483975_1610771025-GB-M-014 OH NO CHANCE 
LOG (gmm-latgen-faster[5.5.480~1-09abd]:DecodeUtteranceLatticeFaster():decoder-wrappers.cc:289) Log-like per frame for utterance M379489443-393063900_92265-379483975_1610771025-GB-M-014 is -4.28676 over 204 frames.
M379489443-393063900_92265-379483975_1610771025-GB-M-015 NO WAY THE I WON'T 
LOG (gmm-latgen-faster[5.5.480~1-09abd]:DecodeUtteranceLatticeFaster():decoder-wrappers.cc:289) Log-like per frame for utterance M379489443-393063900_92265-379483975_1610771025-GB-M-015 is -4.54018 over 117 frames.
M379489443-393063900_92265-379483975_1610771025-GB-M-017 SAY IT NO NO WAY 
LOG (gmm-latgen-faster[5.5.480~1-09abd]:DecodeUtteranceLatticeFaster():decoder-wrappers.cc:289) Log-like per frame for utterance M379489443-393063900_92265-379483975_1610771025-GB-M-017 is -4.11874 over 182 frames.
M379489443-393063900_92265-379483975_1610771025-GB-M-021 IT'S TOO CLICHE I WON'T SAY I'M IN LOVE 
LOG (gmm-latgen-faster[5.5.480~1-09abd]:DecodeUtteranceLatticeFaster():decoder-wrappers.cc:289) Log-like per frame for utterance M379489443-393063900_92265-379483975_1610771025-GB-M-021 is -3.77942 over 544 frames.
M379489443-393063900_92265-379483975_1610771025-GB-M-024 I THOUGHT MY HEART HAD LEARNED ITS LESSON 
LOG (gmm-latgen-faster[5.5.480~1-09abd]:DecodeUtteranceLatticeFaster():decoder-wrappers.cc:289) Log-like per frame for utterance M379489443-393063900_92265-379483975_1610771025-GB-M-024 is -4.10931 over 350 frames.
M379489443-393063900_92265-379483975_1610771025-GB-M-026 IT FEELS SO GOOD WHEN YOU START OUT MY HEAD IS SCREAMING GET A GRIP GIRL 
LOG (gmm-latgen-faster[5.5.480~1-09abd]:DecodeUtteranceLatticeFaster():decoder-wrappers.cc:289) Log-like per frame for utterance M379489443-393063900_92265-379483975_1610771025-GB-M-026 is -4.3617 over 742 frames.
M379489443-393063900_92265-379483975_1610771025-GB-M-028 UNLESS YOU'RE DYING TO CRY YOUR HEART OUT 
LOG (gmm-latgen-faster[5.5.480~1-09abd]:DecodeUtteranceLatticeFaster():decoder-wrappers.cc:289) Log-like per frame for utterance M379489443-393063900_92265-379483975_1610771025-GB-M-028 is -4.53817 over 331 frames.
M379489443-393063900_92265-379483975_1610771025-GB-M-031 OH 
LOG (gmm-latgen-faster[5.5.480~1-09abd]:DecodeUtteranceLatticeFaster():decoder-wrappers.cc:289) Log-like per frame for utterance M379489443-393063900_92265-379483975_1610771025-GB-M-031 is -2.44661 over 375 frames.
M379489443-393063900_92265-379483975_1610771025-GB-M-036 FACE ONE 
LOG (gmm-latgen-faster[5.5.480~1-09abd]:DecodeUtteranceLatticeFaster():decoder-wrappers.cc:289) Log-like per frame for utterance M379489443-393063900_92265-379483975_1610771025-GB-M-036 is -2.16435 over 395 frames.
LOG (apply-cmvn[5.5.480~1-09abd]:main():apply-cmvn.cc:162) Applied cepstral mean normalization to 190 utterances, errors on 0
M379489443-393063900_92265-379483975_1610771025-GB-M-040 WHOA NO CHANCE NO WAY I WON'T 
LOG (gmm-latgen-faster[5.5.480~1-09abd]:DecodeUtteranceLatticeFaster():decoder-wrappers.cc:289) Log-like per frame for utterance M379489443-393063900_92265-379483975_1610771025-GB-M-040 is -4.42802 over 391 frames.
M379489443-393063900_92265-379483975_1610771025-GB-M-042 SAY IT NO NO AND 
LOG (gmm-latgen-faster[5.5.480~1-09abd]:DecodeUtteranceLatticeFaster():decoder-wrappers.cc:289) Log-like per frame for utterance M379489443-393063900_92265-379483975_1610771025-GB-M-042 is -3.89712 over 201 frames.
M379489443-393063900_92265-379483975_1610771025-GB-M-046 THIS SCENE WON'T 
LOG (gmm-latgen-faster[5.5.480~1-09abd]:DecodeUtteranceLatticeFaster():decoder-wrappers.cc:289) Log-like per frame for utterance M379489443-393063900_92265-379483975_1610771025-GB-M-046 is -4.4996 over 120 frames.
M379489443-393063900_92265-379483975_1610771025-GB-M-048 THE I WON'T SAY I'M IN LOVE 
LOG (gmm-latgen-faster[5.5.480~1-09abd]:DecodeUtteranceLatticeFaster():decoder-wrappers.cc:289) Log-like per frame for utterance M379489443-393063900_92265-379483975_1610771025-GB-M-048 is -3.73853 over 478 frames.
M379489443-393063900_92265-379483975_1610771025-GB-M-052 YOU'RE WAY OFF BASE I WON'T SAY AND GET OFF MY CASE I WON'T SAY IT LET 
LOG (gmm-latgen-faster[5.5.480~1-09abd]:DecodeUtteranceLatticeFaster():decoder-wrappers.cc:289) Log-like per frame for utterance M379489443-393063900_92265-379483975_1610771025-GB-M-052 is -4.3475 over 771 frames.
LOG (transform-feats[5.5.480~1-09abd]:main():transform-feats.cc:158) Overall average [pseudo-]logdet is -88.6872 over 113386 frames.
LOG (transform-feats[5.5.480~1-09abd]:main():transform-feats.cc:161) Applied transform to 190 utterances; 0 had errors.
M379489443-393063900_92265-379483975_1610771025-GB-M-063 <UNK> WHY LIPS 
LOG (gmm-latgen-faster[5.5.480~1-09abd]:DecodeUtteranceLatticeFaster():decoder-wrappers.cc:289) Log-like per frame for utterance M379489443-393063900_92265-379483975_1610771025-GB-M-063 is -4.04911 over 347 frames.
M379489443-393063900_92265-379483975_1610771025-GB-M-064 AT LEAST OUT LOUD 
LOG (gmm-latgen-faster[5.5.480~1-09abd]:DecodeUtteranceLatticeFaster():decoder-wrappers.cc:289) Log-like per frame for utterance M379489443-393063900_92265-379483975_1610771025-GB-M-064 is -3.69026 over 163 frames.
LOG (transform-feats[5.5.480~1-09abd]:main():transform-feats.cc:158) Overall average logdet is 3.21326 over 113386 frames.
LOG (transform-feats[5.5.480~1-09abd]:main():transform-feats.cc:161) Applied transform to 190 utterances; 0 had errors.
M379489443-393063900_92265-379483975_1610771025-GB-M-065 I WON'T SAY I'M IN LOVE 
LOG (gmm-latgen-faster[5.5.480~1-09abd]:DecodeUtteranceLatticeFaster():decoder-wrappers.cc:289) Log-like per frame for utterance M379489443-393063900_92265-379483975_1610771025-GB-M-065 is -3.09553 over 833 frames.
LOG (gmm-latgen-faster[5.5.480~1-09abd]:main():gmm-latgen-faster.cc:176) Time taken 275.916s: real-time factor assuming 100 frames/sec is 0.243343
LOG (gmm-latgen-faster[5.5.480~1-09abd]:main():gmm-latgen-faster.cc:179) Done 190 utterances, failed for 0
LOG (gmm-latgen-faster[5.5.480~1-09abd]:main():gmm-latgen-faster.cc:181) Overall log-likelihood per frame is -3.96925 over 113386 frames.
# Accounting: time=276 threads=1
# Ended (code 0) at Tue Sep 10 14:40:35 BST 2019, elapsed time 276 seconds
