# gmm-latgen-faster --max-active=7000 --beam=15.0 --lattice-beam=6.0 --acoustic-scale=0.083333 --allow-partial=false --word-symbol-table=exp/tri3b_cleaned/graphs/words.txt exp/tri3b_cleaned/final.mdl scp:exp/tri3b_cleaned/lats/split_fsts/HCLG.fsts.33.scp "ark,s,cs:apply-cmvn  --utt2spk=ark:data/train1/split40/33/utt2spk scp:data/train1/split40/33/cmvn.scp scp:data/train1/split40/33/feats.scp ark:- | splice-feats  ark:- ark:- | transform-feats exp/tri3b_cleaned/final.mat ark:- ark:- | transform-feats --utt2spk=ark:data/train1/split40/33/utt2spk ark:exp/tri3b/trans.33 ark:- ark:- |" "ark:|gzip -c > exp/tri3b_cleaned/lats/lat.33.gz" 
# Started at Tue Sep 10 14:44:45 BST 2019
#
gmm-latgen-faster --max-active=7000 --beam=15.0 --lattice-beam=6.0 --acoustic-scale=0.083333 --allow-partial=false --word-symbol-table=exp/tri3b_cleaned/graphs/words.txt exp/tri3b_cleaned/final.mdl scp:exp/tri3b_cleaned/lats/split_fsts/HCLG.fsts.33.scp 'ark,s,cs:apply-cmvn  --utt2spk=ark:data/train1/split40/33/utt2spk scp:data/train1/split40/33/cmvn.scp scp:data/train1/split40/33/feats.scp ark:- | splice-feats  ark:- ark:- | transform-feats exp/tri3b_cleaned/final.mat ark:- ark:- | transform-feats --utt2spk=ark:data/train1/split40/33/utt2spk ark:exp/tri3b/trans.33 ark:- ark:- |' 'ark:|gzip -c > exp/tri3b_cleaned/lats/lat.33.gz' 
splice-feats ark:- ark:- 
transform-feats exp/tri3b_cleaned/final.mat ark:- ark:- 
transform-feats --utt2spk=ark:data/train1/split40/33/utt2spk ark:exp/tri3b/trans.33 ark:- ark:- 
apply-cmvn --utt2spk=ark:data/train1/split40/33/utt2spk scp:data/train1/split40/33/cmvn.scp scp:data/train1/split40/33/feats.scp ark:- 
M470721603-3771758_3771758-483606661_1683216548-GB-M-001 <UNK> SOME WHEN MMM 
LOG (gmm-latgen-faster[5.5.480~1-09abd]:DecodeUtteranceLatticeFaster():decoder-wrappers.cc:289) Log-like per frame for utterance M470721603-3771758_3771758-483606661_1683216548-GB-M-001 is -3.51875 over 361 frames.
M470721603-3771758_3771758-483606661_1683216548-GB-M-003 I'M 
LOG (gmm-latgen-faster[5.5.480~1-09abd]:DecodeUtteranceLatticeFaster():decoder-wrappers.cc:289) Log-like per frame for utterance M470721603-3771758_3771758-483606661_1683216548-GB-M-003 is -2.54312 over 182 frames.
M470721603-3771758_3771758-483606661_1683216548-GB-M-005 SOME PEOPLE LIVE FOR THE POWER SOME PEOPLE LIVE JUST TO PLAY THE GAME 
LOG (gmm-latgen-faster[5.5.480~1-09abd]:DecodeUtteranceLatticeFaster():decoder-wrappers.cc:289) Log-like per frame for utterance M470721603-3771758_3771758-483606661_1683216548-GB-M-005 is -4.1299 over 1056 frames.
M470721603-3771758_3771758-483606661_1683216548-GB-M-007 I'VE BEEN THERE BEFORE BUT THAT LIFE'S A BORE SO FULL OF THE SUPERFICIAL BUT I DON'T WANT NOTHING AT ALL IF IN GOT YOU BABY IF IT AIN'T GOT YOU BABY 
LOG (gmm-latgen-faster[5.5.480~1-09abd]:DecodeUtteranceLatticeFaster():decoder-wrappers.cc:289) Log-like per frame for utterance M470721603-3771758_3771758-483606661_1683216548-GB-M-007 is -4.17143 over 2174 frames.
M470721603-3771758_3771758-483606661_1683216548-GB-M-010 LITTLE JUST WANT EVERYTHING 
LOG (gmm-latgen-faster[5.5.480~1-09abd]:DecodeUtteranceLatticeFaster():decoder-wrappers.cc:289) Log-like per frame for utterance M470721603-3771758_3771758-483606661_1683216548-GB-M-010 is -4.46486 over 239 frames.
M470721603-3771758_3771758-483606661_1683216548-GB-M-011 EVERYTHING MEANS NOTHING AIN'T GOT YOU YEAH SOME SOME PEOPLE SEARCH FOR A FOUNTAIN THAT PROMISES FOREVER YOUNG 
LOG (gmm-latgen-faster[5.5.480~1-09abd]:DecodeUtteranceLatticeFaster():decoder-wrappers.cc:289) Log-like per frame for utterance M470721603-3771758_3771758-483606661_1683216548-GB-M-011 is -4.3592 over 1756 frames.
M470721603-3771758_3771758-483606661_1683216548-GB-M-013 HOW AS I'M ME 
LOG (gmm-latgen-faster[5.5.480~1-09abd]:DecodeUtteranceLatticeFaster():decoder-wrappers.cc:289) Log-like per frame for utterance M470721603-3771758_3771758-483606661_1683216548-GB-M-013 is -3.41304 over 242 frames.
M470721603-3771758_3771758-483606661_1683216548-GB-M-014 THE WORLD ON ON A PLATTER AND WHAT GOOD WOULD IT BE AIN'T 
LOG (gmm-latgen-faster[5.5.480~1-09abd]:DecodeUtteranceLatticeFaster():decoder-wrappers.cc:289) Log-like per frame for utterance M470721603-3771758_3771758-483606661_1683216548-GB-M-014 is -4.10523 over 921 frames.
M470721603-3771758_3771758-483606661_1683216548-GB-M-017 WANT IT LOVE DON'T WANT NOTHING AT ALL IF IN GOT YOU BABY IF I AIN'T GOT YOU BABY WANT DIAMOND RINGS 
LOG (gmm-latgen-faster[5.5.480~1-09abd]:DecodeUtteranceLatticeFaster():decoder-wrappers.cc:289) Log-like per frame for utterance M470721603-3771758_3771758-483606661_1683216548-GB-M-017 is -4.42526 over 1354 frames.
M470721603-3771758_3771758-483606661_1683216548-GB-M-019 JUST WANT EVERYTHING MEANS NOTHING IF I AIN'T GOT YOU YOU SOME TELL WANT NOTHING AT ALL IN GOT YOU BABY IF I AIN'T GOT YOU BABY CAN DIAMOND RINGS 
LOG (gmm-latgen-faster[5.5.480~1-09abd]:DecodeUtteranceLatticeFaster():decoder-wrappers.cc:289) Log-like per frame for utterance M470721603-3771758_3771758-483606661_1683216548-GB-M-019 is -4.16941 over 2328 frames.
M470721603-3771758_3771758-483606661_1683216548-GB-M-023 EVERYTHING MEANS NOTHING AIN'T GOT YOU 
LOG (gmm-latgen-faster[5.5.480~1-09abd]:DecodeUtteranceLatticeFaster():decoder-wrappers.cc:289) Log-like per frame for utterance M470721603-3771758_3771758-483606661_1683216548-GB-M-023 is -4.25447 over 817 frames.
M470721603-3771758_3771758-483606661_1683216548-GB-M-026 IF I AIN'T GOT YOU WITH ME BABY 
LOG (gmm-latgen-faster[5.5.480~1-09abd]:DecodeUtteranceLatticeFaster():decoder-wrappers.cc:289) Log-like per frame for utterance M470721603-3771758_3771758-483606661_1683216548-GB-M-026 is -4.21177 over 408 frames.
M470721603-3771758_3771758-483606661_1683216548-GB-M-028 IF I AIN'T GOT YOU WITH ME BABY KNEW YOU 
LOG (gmm-latgen-faster[5.5.480~1-09abd]:DecodeUtteranceLatticeFaster():decoder-wrappers.cc:289) Log-like per frame for utterance M470721603-3771758_3771758-483606661_1683216548-GB-M-028 is -3.89777 over 651 frames.
M470802185-1091998906_2689985-335695255_1540896076-GB-M-002 DARLING JUST DIVE RIGHT IN 
LOG (gmm-latgen-faster[5.5.480~1-09abd]:DecodeUtteranceLatticeFaster():decoder-wrappers.cc:289) Log-like per frame for utterance M470802185-1091998906_2689985-335695255_1540896076-GB-M-002 is -4.18699 over 235 frames.
M470802185-1091998906_2689985-335695255_1540896076-GB-M-004 AND FOLLOW MY LEAD 
LOG (gmm-latgen-faster[5.5.480~1-09abd]:DecodeUtteranceLatticeFaster():decoder-wrappers.cc:289) Log-like per frame for utterance M470802185-1091998906_2689985-335695255_1540896076-GB-M-004 is -2.78806 over 288 frames.
M470802185-1091998906_2689985-335695255_1540896076-GB-M-005 WELL I FOUND A GIRL 
LOG (gmm-latgen-faster[5.5.480~1-09abd]:DecodeUtteranceLatticeFaster():decoder-wrappers.cc:289) Log-like per frame for utterance M470802185-1091998906_2689985-335695255_1540896076-GB-M-005 is -3.95297 over 263 frames.
M470802185-1091998906_2689985-335695255_1540896076-GB-M-006 BEAUTIFUL AND SWEET 
LOG (gmm-latgen-faster[5.5.480~1-09abd]:DecodeUtteranceLatticeFaster():decoder-wrappers.cc:289) Log-like per frame for utterance M470802185-1091998906_2689985-335695255_1540896076-GB-M-006 is -3.95314 over 260 frames.
M470802185-1091998906_2689985-335695255_1540896076-GB-M-007 OH I NEVER KNEW YOU WERE 
LOG (gmm-latgen-faster[5.5.480~1-09abd]:DecodeUtteranceLatticeFaster():decoder-wrappers.cc:289) Log-like per frame for utterance M470802185-1091998906_2689985-335695255_1540896076-GB-M-007 is -3.94216 over 280 frames.
M470802185-1091998906_2689985-335695255_1540896076-GB-M-009 SOMEONE WAITING FOR ME KIDS 
LOG (gmm-latgen-faster[5.5.480~1-09abd]:DecodeUtteranceLatticeFaster():decoder-wrappers.cc:289) Log-like per frame for utterance M470802185-1091998906_2689985-335695255_1540896076-GB-M-009 is -3.96511 over 370 frames.
M470802185-1091998906_2689985-335695255_1540896076-GB-M-015 DARLING JUST KISS ME SLOW YOUR HEART IS ALL I OWN AND IN YOUR EYES YOU'RE HOLDING MINE 
LOG (gmm-latgen-faster[5.5.480~1-09abd]:DecodeUtteranceLatticeFaster():decoder-wrappers.cc:289) Log-like per frame for utterance M470802185-1091998906_2689985-335695255_1540896076-GB-M-015 is -4.02809 over 1367 frames.
M470802185-1091998906_2689985-335695255_1540896076-GB-M-019 SAY I'M IN LOOKED LOVE 
LOG (gmm-latgen-faster[5.5.480~1-09abd]:DecodeUtteranceLatticeFaster():decoder-wrappers.cc:289) Log-like per frame for utterance M470802185-1091998906_2689985-335695255_1540896076-GB-M-019 is -4.42697 over 285 frames.
M470802185-1091998906_2689985-335695255_1540896076-GB-M-022 BAREFOOT ON THE GRASS 
LOG (gmm-latgen-faster[5.5.480~1-09abd]:DecodeUtteranceLatticeFaster():decoder-wrappers.cc:289) Log-like per frame for utterance M470802185-1091998906_2689985-335695255_1540896076-GB-M-022 is -4.16691 over 358 frames.
M470802185-1091998906_2689985-335695255_1540896076-GB-M-024 LISTENING TO OUR FAVORITE SONG SAID YOU LOOKED A MESS I WHISPERED UNDERNEATH MINE 
LOG (gmm-latgen-faster[5.5.480~1-09abd]:DecodeUtteranceLatticeFaster():decoder-wrappers.cc:289) Log-like per frame for utterance M470802185-1091998906_2689985-335695255_1540896076-GB-M-024 is -4.26777 over 943 frames.
M470802185-1091998906_2689985-335695255_1540896076-GB-M-027 BUT YOU HEARD IT 
LOG (gmm-latgen-faster[5.5.480~1-09abd]:DecodeUtteranceLatticeFaster():decoder-wrappers.cc:289) Log-like per frame for utterance M470802185-1091998906_2689985-335695255_1540896076-GB-M-027 is -3.94301 over 303 frames.
M470802185-1091998906_2689985-335695255_1540896076-GB-M-029 YOU LOOK PERFECT TONIGHT 
LOG (gmm-latgen-faster[5.5.480~1-09abd]:DecodeUtteranceLatticeFaster():decoder-wrappers.cc:289) Log-like per frame for utterance M470802185-1091998906_2689985-335695255_1540896076-GB-M-029 is -3.50838 over 511 frames.
M470802185-1091998906_2689985-335695255_1540896076-GB-M-034 HOPE THAT SOMEDAY I'LL SHARE HER HOME 
LOG (gmm-latgen-faster[5.5.480~1-09abd]:DecodeUtteranceLatticeFaster():decoder-wrappers.cc:289) Log-like per frame for utterance M470802185-1091998906_2689985-335695255_1540896076-GB-M-034 is -4.34799 over 381 frames.
M470802185-1091998906_2689985-335695255_1540896076-GB-M-035 I FOUND A LOVE 
LOG (gmm-latgen-faster[5.5.480~1-09abd]:DecodeUtteranceLatticeFaster():decoder-wrappers.cc:289) Log-like per frame for utterance M470802185-1091998906_2689985-335695255_1540896076-GB-M-035 is -3.80437 over 269 frames.
M470802185-1091998906_2689985-335695255_1540896076-GB-M-036 TO CARRY MORE THAN JUST MY SECRETS 
LOG (gmm-latgen-faster[5.5.480~1-09abd]:DecodeUtteranceLatticeFaster():decoder-wrappers.cc:289) Log-like per frame for utterance M470802185-1091998906_2689985-335695255_1540896076-GB-M-036 is -4.69992 over 297 frames.
M470802185-1091998906_2689985-335695255_1540896076-GB-M-037 BUT IT'S TO CARRY LOVE TO CARRY CHILDREN OF OUR OWN 
LOG (gmm-latgen-faster[5.5.480~1-09abd]:DecodeUtteranceLatticeFaster():decoder-wrappers.cc:289) Log-like per frame for utterance M470802185-1091998906_2689985-335695255_1540896076-GB-M-037 is -4.50176 over 588 frames.
M470802185-1091998906_2689985-335695255_1540896076-GB-M-043 I KNOW WE'LL BE ALRIGHT THIS TIME DARLING DARLING JUST HOLD MY HAND 
LOG (gmm-latgen-faster[5.5.480~1-09abd]:DecodeUtteranceLatticeFaster():decoder-wrappers.cc:289) Log-like per frame for utterance M470802185-1091998906_2689985-335695255_1540896076-GB-M-043 is -3.60988 over 1078 frames.
M470802185-1091998906_2689985-335695255_1540896076-GB-M-045 IN MY GIRL I'LL BE YOUR MAN 
LOG (gmm-latgen-faster[5.5.480~1-09abd]:DecodeUtteranceLatticeFaster():decoder-wrappers.cc:289) Log-like per frame for utterance M470802185-1091998906_2689985-335695255_1540896076-GB-M-045 is -3.90984 over 346 frames.
M470802185-1091998906_2689985-335695255_1540896076-GB-M-047 I SEE MY FUTURE IN YOUR EYES DANCING IN THE DARK 
LOG (gmm-latgen-faster[5.5.480~1-09abd]:DecodeUtteranceLatticeFaster():decoder-wrappers.cc:289) Log-like per frame for utterance M470802185-1091998906_2689985-335695255_1540896076-GB-M-047 is -3.96876 over 1311 frames.
M470802185-1091998906_2689985-335695255_1540896076-GB-M-051 BAREFOOT BAREFOOT ON THE GRASS 
LOG (gmm-latgen-faster[5.5.480~1-09abd]:DecodeUtteranceLatticeFaster():decoder-wrappers.cc:289) Log-like per frame for utterance M470802185-1091998906_2689985-335695255_1540896076-GB-M-051 is -4.23943 over 344 frames.
M470802185-1091998906_2689985-335695255_1540896076-GB-M-053 LISTENING TO OUR FAVORITE SONG WHEN I SAW YOU IN THAT DRESS LOOKING SO BEAUTIFUL I DON'T DESERVE AND THIS PERFECT 
LOG (gmm-latgen-faster[5.5.480~1-09abd]:DecodeUtteranceLatticeFaster():decoder-wrappers.cc:289) Log-like per frame for utterance M470802185-1091998906_2689985-335695255_1540896076-GB-M-053 is -3.9774 over 1657 frames.
M470802185-1091998906_2689985-335695255_1540896076-GB-M-061 BABY I'M DANCING IN THE DARK 
LOG (gmm-latgen-faster[5.5.480~1-09abd]:DecodeUtteranceLatticeFaster():decoder-wrappers.cc:289) Log-like per frame for utterance M470802185-1091998906_2689985-335695255_1540896076-GB-M-061 is -3.84467 over 630 frames.
M470802185-1091998906_2689985-335695255_1540896076-GB-M-064 BAREFOOT ON THE GRASS 
LOG (gmm-latgen-faster[5.5.480~1-09abd]:DecodeUtteranceLatticeFaster():decoder-wrappers.cc:289) Log-like per frame for utterance M470802185-1091998906_2689985-335695255_1540896076-GB-M-064 is -3.94796 over 287 frames.
M470802185-1091998906_2689985-335695255_1540896076-GB-M-066 LISTENING TO OUR FAVORITE SONG I HAVE FAITH IN WHAT I SEE 
LOG (gmm-latgen-faster[5.5.480~1-09abd]:DecodeUtteranceLatticeFaster():decoder-wrappers.cc:289) Log-like per frame for utterance M470802185-1091998906_2689985-335695255_1540896076-GB-M-066 is -4.38965 over 622 frames.
M470802185-1091998906_2689985-335695255_1540896076-GB-M-068 NOW I KNOW I HAVE MET AN ANGEL IN PERSON 
LOG (gmm-latgen-faster[5.5.480~1-09abd]:DecodeUtteranceLatticeFaster():decoder-wrappers.cc:289) Log-like per frame for utterance M470802185-1091998906_2689985-335695255_1540896076-GB-M-068 is -4.08545 over 598 frames.
M470802185-1091998906_2689985-335695255_1540896076-GB-M-069 AND SHE LOOKS PERFECT 
LOG (gmm-latgen-faster[5.5.480~1-09abd]:DecodeUtteranceLatticeFaster():decoder-wrappers.cc:289) Log-like per frame for utterance M470802185-1091998906_2689985-335695255_1540896076-GB-M-069 is -3.85518 over 359 frames.
M470802185-1091998906_2689985-335695255_1540896076-GB-M-071 YOU LOOK PERFECT TONIGHT 
LOG (gmm-latgen-faster[5.5.480~1-09abd]:DecodeUtteranceLatticeFaster():decoder-wrappers.cc:289) Log-like per frame for utterance M470802185-1091998906_2689985-335695255_1540896076-GB-M-071 is -3.72273 over 545 frames.
M470802185-119790220_259686-946326113_1607397752-GB-M-004 EVERYBODY HERE IS WATCHING YOU 
LOG (gmm-latgen-faster[5.5.480~1-09abd]:DecodeUtteranceLatticeFaster():decoder-wrappers.cc:289) Log-like per frame for utterance M470802185-119790220_259686-946326113_1607397752-GB-M-004 is -4.41286 over 333 frames.
M470802185-119790220_259686-946326113_1607397752-GB-M-005 CAUSE YOU FEEL LIKE HOME 
LOG (gmm-latgen-faster[5.5.480~1-09abd]:DecodeUtteranceLatticeFaster():decoder-wrappers.cc:289) Log-like per frame for utterance M470802185-119790220_259686-946326113_1607397752-GB-M-005 is -4.03511 over 247 frames.
M470802185-119790220_259686-946326113_1607397752-GB-M-021 YOU 
LOG (gmm-latgen-faster[5.5.480~1-09abd]:DecodeUtteranceLatticeFaster():decoder-wrappers.cc:289) Log-like per frame for utterance M470802185-119790220_259686-946326113_1607397752-GB-M-021 is -4.92275 over 174 frames.
M470802185-119790220_259686-946326113_1607397752-GB-M-022 THAT WE MIGHT BE EXACTLY LIKE WE YOU'RE I BEFORE WE REALIZED 
LOG (gmm-latgen-faster[5.5.480~1-09abd]:DecodeUtteranceLatticeFaster():decoder-wrappers.cc:289) Log-like per frame for utterance M470802185-119790220_259686-946326113_1607397752-GB-M-022 is -4.65585 over 709 frames.
M470802185-119790220_259686-946326113_1607397752-GB-M-038 GOD THIS REMINDS ME 
LOG (gmm-latgen-faster[5.5.480~1-09abd]:DecodeUtteranceLatticeFaster():decoder-wrappers.cc:289) Log-like per frame for utterance M470802185-119790220_259686-946326113_1607397752-GB-M-038 is -4.87166 over 167 frames.
M470802185-119790220_259686-946326113_1607397752-GB-M-040 OF WHEN WE WERE YOUNG ON ON 
LOG (gmm-latgen-faster[5.5.480~1-09abd]:DecodeUtteranceLatticeFaster():decoder-wrappers.cc:289) Log-like per frame for utterance M470802185-119790220_259686-946326113_1607397752-GB-M-040 is -3.70157 over 384 frames.
M470802185-119790220_259686-946326113_1607397752-GB-M-043 BE EXACTLY LIKE WE LIGHT WERE BEFORE WE REALIZED WE WERE SAD OF GETTING OLD IT MADE US RESTLESS 
LOG (gmm-latgen-faster[5.5.480~1-09abd]:DecodeUtteranceLatticeFaster():decoder-wrappers.cc:289) Log-like per frame for utterance M470802185-119790220_259686-946326113_1607397752-GB-M-043 is -4.26781 over 1047 frames.
M470802185-119790220_259686-946326113_1607397752-GB-M-050 AND 
LOG (gmm-latgen-faster[5.5.480~1-09abd]:DecodeUtteranceLatticeFaster():decoder-wrappers.cc:289) Log-like per frame for utterance M470802185-119790220_259686-946326113_1607397752-GB-M-050 is -3.92217 over 1064 frames.
M470802185-119790220_259686-946326113_1607397752-GB-M-063 YOU STILL CARE LET 
LOG (gmm-latgen-faster[5.5.480~1-09abd]:DecodeUtteranceLatticeFaster():decoder-wrappers.cc:289) Log-like per frame for utterance M470802185-119790220_259686-946326113_1607397752-GB-M-063 is -4.10227 over 243 frames.
M470802185-119790220_259686-946326113_1607397752-GB-M-066 GOD THIS REMINDS ME 
LOG (gmm-latgen-faster[5.5.480~1-09abd]:DecodeUtteranceLatticeFaster():decoder-wrappers.cc:289) Log-like per frame for utterance M470802185-119790220_259686-946326113_1607397752-GB-M-066 is -4.63117 over 213 frames.
M470802185-119790220_259686-946326113_1607397752-GB-M-076 WE EXACTLY LIKE WE LIKE WE WERE BEFORE WE REALIZED WE WERE SAD OF GETTING OLD IT MADE US RESTLESS 
LOG (gmm-latgen-faster[5.5.480~1-09abd]:DecodeUtteranceLatticeFaster():decoder-wrappers.cc:289) Log-like per frame for utterance M470802185-119790220_259686-946326113_1607397752-GB-M-076 is -4.39033 over 1043 frames.
M470802185-119790220_259686-946326113_1607397752-GB-M-080 I'M SO MAD I'M GETTING OLD IT MADE ME RECKLESS 
LOG (gmm-latgen-faster[5.5.480~1-09abd]:DecodeUtteranceLatticeFaster():decoder-wrappers.cc:289) Log-like per frame for utterance M470802185-119790220_259686-946326113_1607397752-GB-M-080 is -4.23271 over 575 frames.
M470802185-177980987_120356-427862601_1675755596-GB-M-003 
LOG (gmm-latgen-faster[5.5.480~1-09abd]:DecodeUtteranceLatticeFaster():decoder-wrappers.cc:289) Log-like per frame for utterance M470802185-177980987_120356-427862601_1675755596-GB-M-003 is -3.6467 over 447 frames.
M470802185-177980987_120356-427862601_1675755596-GB-M-013 
LOG (gmm-latgen-faster[5.5.480~1-09abd]:DecodeUtteranceLatticeFaster():decoder-wrappers.cc:289) Log-like per frame for utterance M470802185-177980987_120356-427862601_1675755596-GB-M-013 is -3.77588 over 134 frames.
M470802185-177980987_120356-427862601_1675755596-GB-M-017 
LOG (gmm-latgen-faster[5.5.480~1-09abd]:DecodeUtteranceLatticeFaster():decoder-wrappers.cc:289) Log-like per frame for utterance M470802185-177980987_120356-427862601_1675755596-GB-M-017 is -3.48348 over 685 frames.
M470802185-177980987_120356-427862601_1675755596-GB-M-019 
LOG (gmm-latgen-faster[5.5.480~1-09abd]:DecodeUtteranceLatticeFaster():decoder-wrappers.cc:289) Log-like per frame for utterance M470802185-177980987_120356-427862601_1675755596-GB-M-019 is -3.76544 over 2174 frames.
M470802185-177980987_120356-427862601_1675755596-GB-M-027 
LOG (gmm-latgen-faster[5.5.480~1-09abd]:DecodeUtteranceLatticeFaster():decoder-wrappers.cc:289) Log-like per frame for utterance M470802185-177980987_120356-427862601_1675755596-GB-M-027 is -3.53933 over 104 frames.
M470802185-177980987_120356-427862601_1675755596-GB-M-037 
LOG (gmm-latgen-faster[5.5.480~1-09abd]:DecodeUtteranceLatticeFaster():decoder-wrappers.cc:289) Log-like per frame for utterance M470802185-177980987_120356-427862601_1675755596-GB-M-037 is -3.71656 over 221 frames.
M470802185-177980987_120356-427862601_1675755596-GB-M-038 
LOG (gmm-latgen-faster[5.5.480~1-09abd]:DecodeUtteranceLatticeFaster():decoder-wrappers.cc:289) Log-like per frame for utterance M470802185-177980987_120356-427862601_1675755596-GB-M-038 is -3.6512 over 337 frames.
M470802185-177980987_120356-427862601_1675755596-GB-M-039 
LOG (gmm-latgen-faster[5.5.480~1-09abd]:DecodeUtteranceLatticeFaster():decoder-wrappers.cc:289) Log-like per frame for utterance M470802185-177980987_120356-427862601_1675755596-GB-M-039 is -3.64676 over 235 frames.
M470802185-177980987_120356-427862601_1675755596-GB-M-040 
LOG (gmm-latgen-faster[5.5.480~1-09abd]:DecodeUtteranceLatticeFaster():decoder-wrappers.cc:289) Log-like per frame for utterance M470802185-177980987_120356-427862601_1675755596-GB-M-040 is -3.8255 over 856 frames.
M470802185-177980987_120356-427862601_1675755596-GB-M-046 
LOG (gmm-latgen-faster[5.5.480~1-09abd]:DecodeUtteranceLatticeFaster():decoder-wrappers.cc:289) Log-like per frame for utterance M470802185-177980987_120356-427862601_1675755596-GB-M-046 is -3.8629 over 241 frames.
M470802185-177980987_120356-427862601_1675755596-GB-M-047 
LOG (gmm-latgen-faster[5.5.480~1-09abd]:DecodeUtteranceLatticeFaster():decoder-wrappers.cc:289) Log-like per frame for utterance M470802185-177980987_120356-427862601_1675755596-GB-M-047 is -4.00015 over 693 frames.
M470802185-177980987_120356-427862601_1675755596-GB-M-051 
LOG (gmm-latgen-faster[5.5.480~1-09abd]:DecodeUtteranceLatticeFaster():decoder-wrappers.cc:289) Log-like per frame for utterance M470802185-177980987_120356-427862601_1675755596-GB-M-051 is -3.77657 over 840 frames.
M470802185-177980987_120356-427862601_1675755596-GB-M-054 
LOG (gmm-latgen-faster[5.5.480~1-09abd]:DecodeUtteranceLatticeFaster():decoder-wrappers.cc:289) Log-like per frame for utterance M470802185-177980987_120356-427862601_1675755596-GB-M-054 is -4.44515 over 211 frames.
M470802185-177980987_120356-427862601_1675755596-GB-M-056 
LOG (gmm-latgen-faster[5.5.480~1-09abd]:DecodeUtteranceLatticeFaster():decoder-wrappers.cc:289) Log-like per frame for utterance M470802185-177980987_120356-427862601_1675755596-GB-M-056 is -3.90073 over 509 frames.
M470802185-177980987_120356-427862601_1675755596-GB-M-057 
LOG (gmm-latgen-faster[5.5.480~1-09abd]:DecodeUtteranceLatticeFaster():decoder-wrappers.cc:289) Log-like per frame for utterance M470802185-177980987_120356-427862601_1675755596-GB-M-057 is -3.79081 over 775 frames.
M470802185-177980987_120356-427862601_1675755596-GB-M-062 TO COME HOME 
LOG (gmm-latgen-faster[5.5.480~1-09abd]:DecodeUtteranceLatticeFaster():decoder-wrappers.cc:289) Log-like per frame for utterance M470802185-177980987_120356-427862601_1675755596-GB-M-062 is -4.3384 over 552 frames.
M470802185-3770615_3770615-401669803_1634955090-GB-M-003 JUST LIKE THEY SAY IT IN THE SONG 
LOG (gmm-latgen-faster[5.5.480~1-09abd]:DecodeUtteranceLatticeFaster():decoder-wrappers.cc:289) Log-like per frame for utterance M470802185-3770615_3770615-401669803_1634955090-GB-M-003 is -4.23755 over 243 frames.
M470802185-3770615_3770615-401669803_1634955090-GB-M-004 UNTIL THE DAWN LET'S MARVIN GAYE AND GET IT ON 
LOG (gmm-latgen-faster[5.5.480~1-09abd]:DecodeUtteranceLatticeFaster():decoder-wrappers.cc:289) Log-like per frame for utterance M470802185-3770615_3770615-401669803_1634955090-GB-M-004 is -3.67042 over 399 frames.
M470802185-3770615_3770615-401669803_1634955090-GB-M-008 DON'T KEEP YOUR SECRETS TO YOURSELF 
LOG (gmm-latgen-faster[5.5.480~1-09abd]:DecodeUtteranceLatticeFaster():decoder-wrappers.cc:289) Log-like per frame for utterance M470802185-3770615_3770615-401669803_1634955090-GB-M-008 is -4.49937 over 273 frames.
M470802185-3770615_3770615-401669803_1634955090-GB-M-009 KAMA SUTRA SHOW AND TELL YEAH 
LOG (gmm-latgen-faster[5.5.480~1-09abd]:DecodeUtteranceLatticeFaster():decoder-wrappers.cc:289) Log-like per frame for utterance M470802185-3770615_3770615-401669803_1634955090-GB-M-009 is -4.56035 over 395 frames.
M470802185-3770615_3770615-401669803_1634955090-GB-M-010 I'M SO SO DOWN 
LOG (gmm-latgen-faster[5.5.480~1-09abd]:DecodeUtteranceLatticeFaster():decoder-wrappers.cc:289) Log-like per frame for utterance M470802185-3770615_3770615-401669803_1634955090-GB-M-010 is -4.666 over 145 frames.
M470802185-3770615_3770615-401669803_1634955090-GB-M-012 I'M IN TROUBLE 
LOG (gmm-latgen-faster[5.5.480~1-09abd]:DecodeUtteranceLatticeFaster():decoder-wrappers.cc:289) Log-like per frame for utterance M470802185-3770615_3770615-401669803_1634955090-GB-M-012 is -4.29893 over 146 frames.
M470802185-3770615_3770615-401669803_1634955090-GB-M-013 I'M IN BE IN TROUBLE WITH YOU 
LOG (gmm-latgen-faster[5.5.480~1-09abd]:DecodeUtteranceLatticeFaster():decoder-wrappers.cc:289) Log-like per frame for utterance M470802185-3770615_3770615-401669803_1634955090-GB-M-013 is -4.33035 over 221 frames.
M470802185-3770615_3770615-401669803_1634955090-GB-M-014 LET'S MARVIN GAYE AND GET IT ON YOU GOT THE HEALING THAT I WANT 
LOG (gmm-latgen-faster[5.5.480~1-09abd]:DecodeUtteranceLatticeFaster():decoder-wrappers.cc:289) Log-like per frame for utterance M470802185-3770615_3770615-401669803_1634955090-GB-M-014 is -3.93641 over 683 frames.
M470802185-3770615_3770615-401669803_1634955090-GB-M-016 JUST LIKE THEY SAY IT IN THE SONG 
LOG (gmm-latgen-faster[5.5.480~1-09abd]:DecodeUtteranceLatticeFaster():decoder-wrappers.cc:289) Log-like per frame for utterance M470802185-3770615_3770615-401669803_1634955090-GB-M-016 is -3.82849 over 228 frames.
M470802185-3770615_3770615-401669803_1634955090-GB-M-017 UNTIL THE DAWN LET'S MARVIN GAYE AND GET IT ON YOU GOT TO GIVE IT UP TO ME I'M SCREAMING MERCY MERCY PLEASE JUST LIKE THEY SAY IT IN THE SONG UNTIL THE DAWN LET'S MARVIN GAYE AND GET IT ON AND WHEN YOU LEAVE ME ALL ALONE I'M LIKE A STRAY WITHOUT A HOME 
LOG (gmm-latgen-faster[5.5.480~1-09abd]:DecodeUtteranceLatticeFaster():decoder-wrappers.cc:289) Log-like per frame for utterance M470802185-3770615_3770615-401669803_1634955090-GB-M-017 is -4.01702 over 3105 frames.
M470802185-3770615_3770615-401669803_1634955090-GB-M-026 I'M LIKE A DOG WITHOUT A BONE 
LOG (gmm-latgen-faster[5.5.480~1-09abd]:DecodeUtteranceLatticeFaster():decoder-wrappers.cc:289) Log-like per frame for utterance M470802185-3770615_3770615-401669803_1634955090-GB-M-026 is -4.50048 over 242 frames.
M470802185-3770615_3770615-401669803_1634955090-GB-M-027 I JUST WANT YOU FOR MY OWN 
LOG (gmm-latgen-faster[5.5.480~1-09abd]:DecodeUtteranceLatticeFaster():decoder-wrappers.cc:289) Log-like per frame for utterance M470802185-3770615_3770615-401669803_1634955090-GB-M-027 is -4.40213 over 278 frames.
M470802185-3770615_3770615-401669803_1634955090-GB-M-029 WOAH THERE'S LOVIN' IN YOUR EYES THAT PULLS ME CLOSER IT'S SO SUBTLE I'M IN TROUBLE 
LOG (gmm-latgen-faster[5.5.480~1-09abd]:DecodeUtteranceLatticeFaster():decoder-wrappers.cc:289) Log-like per frame for utterance M470802185-3770615_3770615-401669803_1634955090-GB-M-029 is -4.06721 over 1228 frames.
M470802185-3770615_3770615-401669803_1634955090-GB-M-032 BUT I'D RATHER BE IN TROUBLE WITH YOU 
LOG (gmm-latgen-faster[5.5.480~1-09abd]:DecodeUtteranceLatticeFaster():decoder-wrappers.cc:289) Log-like per frame for utterance M470802185-3770615_3770615-401669803_1634955090-GB-M-032 is -4.53446 over 304 frames.
M470802185-3770615_3770615-401669803_1634955090-GB-M-035 LIKE THEY SAY IT IN THE SONG UNTIL THE DAWN LET'S MARVIN GAYE AND GET IT ON 
LOG (gmm-latgen-faster[5.5.480~1-09abd]:DecodeUtteranceLatticeFaster():decoder-wrappers.cc:289) Log-like per frame for utterance M470802185-3770615_3770615-401669803_1634955090-GB-M-035 is -3.92546 over 644 frames.
M470802185-3770615_3770615-401669803_1634955090-GB-M-038 MARVIN GAYE AND GET IT ON YOU GOT THE HEALING THAT I WANT JUST LIKE THEY SAY IT IN THE SONG UNTIL THE DAWN LET'S MARVIN GAYE AND GET IT ON YOU GOT TO GIVE IT UP TO ME I'M I'M SCREAMING MERCY MERCY PLEASE 
LOG (gmm-latgen-faster[5.5.480~1-09abd]:DecodeUtteranceLatticeFaster():decoder-wrappers.cc:289) Log-like per frame for utterance M470802185-3770615_3770615-401669803_1634955090-GB-M-038 is -4.00023 over 2474 frames.
M470802185-3770615_3770615-401669803_1634955090-GB-M-045 JUST LIKE THEY SAY IT IN THE SONG UNTIL THE DAWN LET'S MARVIN GAYE AND GET IT ON 
LOG (gmm-latgen-faster[5.5.480~1-09abd]:DecodeUtteranceLatticeFaster():decoder-wrappers.cc:289) Log-like per frame for utterance M470802185-3770615_3770615-401669803_1634955090-GB-M-045 is -3.91746 over 708 frames.
M470802185-3770615_3770615-401669803_1634955090-GB-M-048 JUST LIKE THEY SAY IT IN THE SONG UNTIL THE DAWN LET'S MARVIN GAYE AND GET IT ON OOH YOU KISS 
LOG (gmm-latgen-faster[5.5.480~1-09abd]:DecodeUtteranceLatticeFaster():decoder-wrappers.cc:289) Log-like per frame for utterance M470802185-3770615_3770615-401669803_1634955090-GB-M-048 is -4.00837 over 1110 frames.
M4718877-64332077_389103-447671675_1524921209-GB-M-006 YEAH I KNOW IT'S STUPID 
LOG (gmm-latgen-faster[5.5.480~1-09abd]:DecodeUtteranceLatticeFaster():decoder-wrappers.cc:289) Log-like per frame for utterance M4718877-64332077_389103-447671675_1524921209-GB-M-006 is -3.81037 over 366 frames.
M4718877-64332077_389103-447671675_1524921209-GB-M-008 JUST GOT TO SEE IT FOR MYSELF 
LOG (gmm-latgen-faster[5.5.480~1-09abd]:DecodeUtteranceLatticeFaster():decoder-wrappers.cc:289) Log-like per frame for utterance M4718877-64332077_389103-447671675_1524921209-GB-M-008 is -4.1759 over 323 frames.
M4718877-64332077_389103-447671675_1524921209-GB-M-009 I'M IN THE CORNER WHY 
LOG (gmm-latgen-faster[5.5.480~1-09abd]:DecodeUtteranceLatticeFaster():decoder-wrappers.cc:289) Log-like per frame for utterance M4718877-64332077_389103-447671675_1524921209-GB-M-009 is -4.72636 over 223 frames.
M4718877-64332077_389103-447671675_1524921209-GB-M-010 IN YOU KISS HER 
LOG (gmm-latgen-faster[5.5.480~1-09abd]:DecodeUtteranceLatticeFaster():decoder-wrappers.cc:289) Log-like per frame for utterance M4718877-64332077_389103-447671675_1524921209-GB-M-010 is -4.42629 over 125 frames.
M4718877-64332077_389103-447671675_1524921209-GB-M-011 OOOH 
LOG (gmm-latgen-faster[5.5.480~1-09abd]:DecodeUtteranceLatticeFaster():decoder-wrappers.cc:289) Log-like per frame for utterance M4718877-64332077_389103-447671675_1524921209-GB-M-011 is -1.88496 over 244 frames.
M4718877-64332077_389103-447671675_1524921209-GB-M-012 I'M RIGHT OVER HERE 
LOG (gmm-latgen-faster[5.5.480~1-09abd]:DecodeUtteranceLatticeFaster():decoder-wrappers.cc:289) Log-like per frame for utterance M4718877-64332077_389103-447671675_1524921209-GB-M-012 is -4.10976 over 193 frames.
M4718877-64332077_389103-447671675_1524921209-GB-M-013 CAN'T YOU SEE ME OOOH 
LOG (gmm-latgen-faster[5.5.480~1-09abd]:DecodeUtteranceLatticeFaster():decoder-wrappers.cc:289) Log-like per frame for utterance M4718877-64332077_389103-447671675_1524921209-GB-M-013 is -3.51519 over 420 frames.
M4718877-64332077_389103-447671675_1524921209-GB-M-015 I'M GIVING IT MY ALL BUT I'M NOT THE YOU'RE TAKING HOME 
LOG (gmm-latgen-faster[5.5.480~1-09abd]:DecodeUtteranceLatticeFaster():decoder-wrappers.cc:289) Log-like per frame for utterance M4718877-64332077_389103-447671675_1524921209-GB-M-015 is -4.6053 over 614 frames.
M4718877-64332077_389103-447671675_1524921209-GB-M-018 I KEEP DANCING ON MY ALL GO 
LOG (gmm-latgen-faster[5.5.480~1-09abd]:DecodeUtteranceLatticeFaster():decoder-wrappers.cc:289) Log-like per frame for utterance M4718877-64332077_389103-447671675_1524921209-GB-M-018 is -3.8942 over 401 frames.
M4718877-64332077_389103-447671675_1524921209-GB-M-021 I'M JUST GONNA DANCE ALL NIGHT 
LOG (gmm-latgen-faster[5.5.480~1-09abd]:DecodeUtteranceLatticeFaster():decoder-wrappers.cc:289) Log-like per frame for utterance M4718877-64332077_389103-447671675_1524921209-GB-M-021 is -3.36945 over 763 frames.
M4718877-64332077_389103-447671675_1524921209-GB-M-022 I'M ALL MESSED UP I'M SO OUT OF LINE 
LOG (gmm-latgen-faster[5.5.480~1-09abd]:DecodeUtteranceLatticeFaster():decoder-wrappers.cc:289) Log-like per frame for utterance M4718877-64332077_389103-447671675_1524921209-GB-M-022 is -5.00905 over 359 frames.
M4718877-64332077_389103-447671675_1524921209-GB-M-026 I'M IN THE CORNER WATCHING YOU KISS HER I'VE 
LOG (gmm-latgen-faster[5.5.480~1-09abd]:DecodeUtteranceLatticeFaster():decoder-wrappers.cc:289) Log-like per frame for utterance M4718877-64332077_389103-447671675_1524921209-GB-M-026 is -4.16681 over 731 frames.
M4718877-64332077_389103-447671675_1524921209-GB-M-028 I'M RIGHT OVER HERE 
LOG (gmm-latgen-faster[5.5.480~1-09abd]:DecodeUtteranceLatticeFaster():decoder-wrappers.cc:289) Log-like per frame for utterance M4718877-64332077_389103-447671675_1524921209-GB-M-028 is -4.07794 over 196 frames.
M4718877-64332077_389103-447671675_1524921209-GB-M-029 WAY CAN'T YOU SEE ME OOOH 
LOG (gmm-latgen-faster[5.5.480~1-09abd]:DecodeUtteranceLatticeFaster():decoder-wrappers.cc:289) Log-like per frame for utterance M4718877-64332077_389103-447671675_1524921209-GB-M-029 is -3.68509 over 398 frames.
M4718877-64332077_389103-447671675_1524921209-GB-M-031 THE THE GUY KEEP DANCING ON MY OWN MY OWN I DANCING ON MY OWN IN IN THE 
LOG (gmm-latgen-faster[5.5.480~1-09abd]:DecodeUtteranceLatticeFaster():decoder-wrappers.cc:289) Log-like per frame for utterance M4718877-64332077_389103-447671675_1524921209-GB-M-031 is -3.47978 over 2607 frames.
M4718877-64332077_389103-447671675_1524921209-GB-M-034 FAR AWAY BUT STILL SO NEAR THE LIGHTS GO ON THE MUSIC DIES 
LOG (gmm-latgen-faster[5.5.480~1-09abd]:DecodeUtteranceLatticeFaster():decoder-wrappers.cc:289) Log-like per frame for utterance M4718877-64332077_389103-447671675_1524921209-GB-M-034 is -4.34952 over 781 frames.
M4718877-64332077_389103-447671675_1524921209-GB-M-038 I JUST CAME TO SAY GOODBYE 
LOG (gmm-latgen-faster[5.5.480~1-09abd]:DecodeUtteranceLatticeFaster():decoder-wrappers.cc:289) Log-like per frame for utterance M4718877-64332077_389103-447671675_1524921209-GB-M-038 is -3.97002 over 388 frames.
M4718877-64332077_389103-447671675_1524921209-GB-M-040 I'VE RIGHT I'M GIVING IT MY ALL BUT I'M NOT 
LOG (gmm-latgen-faster[5.5.480~1-09abd]:DecodeUtteranceLatticeFaster():decoder-wrappers.cc:289) Log-like per frame for utterance M4718877-64332077_389103-447671675_1524921209-GB-M-040 is -4.21455 over 665 frames.
M4718877-64332077_389103-447671675_1524921209-GB-M-042 THE GUY YOU'RE TAKING HOME <UNK> I DANCING 
LOG (gmm-latgen-faster[5.5.480~1-09abd]:DecodeUtteranceLatticeFaster():decoder-wrappers.cc:289) Log-like per frame for utterance M4718877-64332077_389103-447671675_1524921209-GB-M-042 is -3.79562 over 749 frames.
M4718877-64332077_389103-447671675_1524921209-GB-M-045 I KEEP I KEEP DANCING ON MY OWN I'M IN THE CORNER WHAT 
LOG (gmm-latgen-faster[5.5.480~1-09abd]:DecodeUtteranceLatticeFaster():decoder-wrappers.cc:289) Log-like per frame for utterance M4718877-64332077_389103-447671675_1524921209-GB-M-045 is -4.81268 over 697 frames.
M4718877-64332077_389103-447671675_1524921209-GB-M-047 IN YOU KISS HER OOOH I'M RIGHT OVER HERE WHY 
LOG (gmm-latgen-faster[5.5.480~1-09abd]:DecodeUtteranceLatticeFaster():decoder-wrappers.cc:289) Log-like per frame for utterance M4718877-64332077_389103-447671675_1524921209-GB-M-047 is -3.55925 over 711 frames.
M4718877-64332077_389103-447671675_1524921209-GB-M-049 I'M GIVING IT MY ALL OWN 
LOG (gmm-latgen-faster[5.5.480~1-09abd]:DecodeUtteranceLatticeFaster():decoder-wrappers.cc:289) Log-like per frame for utterance M4718877-64332077_389103-447671675_1524921209-GB-M-049 is -4.60213 over 198 frames.
M4718877-64332077_389103-447671675_1524921209-GB-M-050 BUT I'M NOT THE GUY YOU'RE TAKING CAN HEART I'M OOOH I'M BY I KEEP DANCING ON MY OWN I ON MY OWN I KEEP DANCING ON MY OWN 
LOG (gmm-latgen-faster[5.5.480~1-09abd]:DecodeUtteranceLatticeFaster():decoder-wrappers.cc:289) Log-like per frame for utterance M4718877-64332077_389103-447671675_1524921209-GB-M-050 is -4.03857 over 2839 frames.
M472508547-273712733_115362-472505879_1604476186-GB-M-001 I HEARD THERE WAS A SECRET CHORD 
LOG (gmm-latgen-faster[5.5.480~1-09abd]:DecodeUtteranceLatticeFaster():decoder-wrappers.cc:289) Log-like per frame for utterance M472508547-273712733_115362-472505879_1604476186-GB-M-001 is -4.56145 over 326 frames.
M472508547-273712733_115362-472505879_1604476186-GB-M-002 DAVID PLAYED AND IT PLEASED THE LORD 
LOG (gmm-latgen-faster[5.5.480~1-09abd]:DecodeUtteranceLatticeFaster():decoder-wrappers.cc:289) Log-like per frame for utterance M472508547-273712733_115362-472505879_1604476186-GB-M-002 is -4.202 over 333 frames.
M472508547-273712733_115362-472505879_1604476186-GB-M-004 YOU DON'T REALLY CARE FOR MUSIC DO YA WELL IT GOES LIKE THIS 
LOG (gmm-latgen-faster[5.5.480~1-09abd]:DecodeUtteranceLatticeFaster():decoder-wrappers.cc:289) Log-like per frame for utterance M472508547-273712733_115362-472505879_1604476186-GB-M-004 is -3.96474 over 935 frames.
M472508547-273712733_115362-472505879_1604476186-GB-M-007 FOURTH THE FIFTH 
LOG (gmm-latgen-faster[5.5.480~1-09abd]:DecodeUtteranceLatticeFaster():decoder-wrappers.cc:289) Log-like per frame for utterance M472508547-273712733_115362-472505879_1604476186-GB-M-007 is -4.02473 over 150 frames.
M472508547-273712733_115362-472505879_1604476186-GB-M-008 THE MINOR FALL AND THE MAJOR LIFT 
LOG (gmm-latgen-faster[5.5.480~1-09abd]:DecodeUtteranceLatticeFaster():decoder-wrappers.cc:289) Log-like per frame for utterance M472508547-273712733_115362-472505879_1604476186-GB-M-008 is -3.88496 over 355 frames.
M472508547-273712733_115362-472505879_1604476186-GB-M-010 ARE FOR CAN IN COMPOSING HALLELUJAH 
LOG (gmm-latgen-faster[5.5.480~1-09abd]:DecodeUtteranceLatticeFaster():decoder-wrappers.cc:289) Log-like per frame for utterance M472508547-273712733_115362-472505879_1604476186-GB-M-010 is -3.90186 over 566 frames.
M472508547-273712733_115362-472505879_1604476186-GB-M-011 HALLELUJAH 
LOG (gmm-latgen-faster[5.5.480~1-09abd]:DecodeUtteranceLatticeFaster():decoder-wrappers.cc:289) Log-like per frame for utterance M472508547-273712733_115362-472505879_1604476186-GB-M-011 is -2.12973 over 338 frames.
M472508547-273712733_115362-472505879_1604476186-GB-M-012 HALLELUJAH 
LOG (gmm-latgen-faster[5.5.480~1-09abd]:DecodeUtteranceLatticeFaster():decoder-wrappers.cc:289) Log-like per frame for utterance M472508547-273712733_115362-472505879_1604476186-GB-M-012 is -2.18473 over 265 frames.
M472508547-273712733_115362-472505879_1604476186-GB-M-013 HALLELUJAH 
LOG (gmm-latgen-faster[5.5.480~1-09abd]:DecodeUtteranceLatticeFaster():decoder-wrappers.cc:289) Log-like per frame for utterance M472508547-273712733_115362-472505879_1604476186-GB-M-013 is -2.09583 over 311 frames.
M472508547-273712733_115362-472505879_1604476186-GB-M-015 HALLELUJAH WELL YOUR FAITH WAS STRONG BUT YOU NEEDED PROOF 
LOG (gmm-latgen-faster[5.5.480~1-09abd]:DecodeUtteranceLatticeFaster():decoder-wrappers.cc:289) Log-like per frame for utterance M472508547-273712733_115362-472505879_1604476186-GB-M-015 is -3.61402 over 1597 frames.
M472508547-273712733_115362-472505879_1604476186-GB-M-018 YOU SAW HER BATHING ON THE ROOF 
LOG (gmm-latgen-faster[5.5.480~1-09abd]:DecodeUtteranceLatticeFaster():decoder-wrappers.cc:289) Log-like per frame for utterance M472508547-273712733_115362-472505879_1604476186-GB-M-018 is -3.93392 over 365 frames.
M472508547-273712733_115362-472505879_1604476186-GB-M-019 HER BEAUTY AND THE MOONLIGHT WHO'D OUT DREW YA ON THE SHE TIED YOU TO HER KITCHEN CHAIR SHE BROKE YOUR THRONE AND SHE CUT YOUR HAIR 
LOG (gmm-latgen-faster[5.5.480~1-09abd]:DecodeUtteranceLatticeFaster():decoder-wrappers.cc:289) Log-like per frame for utterance M472508547-273712733_115362-472505879_1604476186-GB-M-019 is -4.12218 over 1515 frames.
M472508547-273712733_115362-472505879_1604476186-GB-M-024 AND FROM YOUR LIPS SHE DREW THE HALLELUJAH 
LOG (gmm-latgen-faster[5.5.480~1-09abd]:DecodeUtteranceLatticeFaster():decoder-wrappers.cc:289) Log-like per frame for utterance M472508547-273712733_115362-472505879_1604476186-GB-M-024 is -3.69643 over 619 frames.
M472508547-273712733_115362-472505879_1604476186-GB-M-027 HALLELUJAH 
LOG (gmm-latgen-faster[5.5.480~1-09abd]:DecodeUtteranceLatticeFaster():decoder-wrappers.cc:289) Log-like per frame for utterance M472508547-273712733_115362-472505879_1604476186-GB-M-027 is -2.0668 over 341 frames.
M472508547-273712733_115362-472505879_1604476186-GB-M-028 HALLELUJAH 
LOG (gmm-latgen-faster[5.5.480~1-09abd]:DecodeUtteranceLatticeFaster():decoder-wrappers.cc:289) Log-like per frame for utterance M472508547-273712733_115362-472505879_1604476186-GB-M-028 is -2.45281 over 291 frames.
M472508547-273712733_115362-472505879_1604476186-GB-M-029 HALLELUJAH 
LOG (gmm-latgen-faster[5.5.480~1-09abd]:DecodeUtteranceLatticeFaster():decoder-wrappers.cc:289) Log-like per frame for utterance M472508547-273712733_115362-472505879_1604476186-GB-M-029 is -2.24821 over 329 frames.
M472508547-273712733_115362-472505879_1604476186-GB-M-031 HALLELUJAH WELL MY ONE MY A GOD ABOVE 
LOG (gmm-latgen-faster[5.5.480~1-09abd]:DecodeUtteranceLatticeFaster():decoder-wrappers.cc:289) Log-like per frame for utterance M472508547-273712733_115362-472505879_1604476186-GB-M-031 is -3.47995 over 2539 frames.
M472508547-273712733_115362-472505879_1604476186-GB-M-033 BUT ALL I'VE EVER LEARNED FROM LOVE WAS HOW TO SHOOT SOMEBODY 
LOG (gmm-latgen-faster[5.5.480~1-09abd]:DecodeUtteranceLatticeFaster():decoder-wrappers.cc:289) Log-like per frame for utterance M472508547-273712733_115362-472505879_1604476186-GB-M-033 is -3.93552 over 706 frames.
M472508547-273712733_115362-472505879_1604476186-GB-M-035 WHO'D OUT DREW YA 
LOG (gmm-latgen-faster[5.5.480~1-09abd]:DecodeUtteranceLatticeFaster():decoder-wrappers.cc:289) Log-like per frame for utterance M472508547-273712733_115362-472505879_1604476186-GB-M-035 is -2.91044 over 353 frames.
M472508547-273712733_115362-472505879_1604476186-GB-M-036 BUT IT'S NOT A CRY THAT YOU HEAR AT NIGHT IT'S NOT SOMEONE WHO'S SEEN THE LIGHT 
LOG (gmm-latgen-faster[5.5.480~1-09abd]:DecodeUtteranceLatticeFaster():decoder-wrappers.cc:289) Log-like per frame for utterance M472508547-273712733_115362-472505879_1604476186-GB-M-036 is -4.29018 over 797 frames.
M472508547-273712733_115362-472505879_1604476186-GB-M-039 IT'S A COLD AND IT'S A BROKEN HALLELUJAH HALLELUJAH HALLELUJAH 
LOG (gmm-latgen-faster[5.5.480~1-09abd]:DecodeUtteranceLatticeFaster():decoder-wrappers.cc:289) Log-like per frame for utterance M472508547-273712733_115362-472505879_1604476186-GB-M-039 is -3.42392 over 1422 frames.
M472508547-273712733_115362-472505879_1604476186-GB-M-042 HALLELUJAH 
LOG (gmm-latgen-faster[5.5.480~1-09abd]:DecodeUtteranceLatticeFaster():decoder-wrappers.cc:289) Log-like per frame for utterance M472508547-273712733_115362-472505879_1604476186-GB-M-042 is -2.30498 over 329 frames.
M472508547-273712733_115362-472505879_1604476186-GB-M-044 HALLELUJAH HALLELUJAH 
LOG (gmm-latgen-faster[5.5.480~1-09abd]:DecodeUtteranceLatticeFaster():decoder-wrappers.cc:289) Log-like per frame for utterance M472508547-273712733_115362-472505879_1604476186-GB-M-044 is -2.93098 over 565 frames.
M473076066-3771167_3771167-424111784_1649409973-GB-M-001 JUST SAY SOMETHING CRAZY 
LOG (gmm-latgen-faster[5.5.480~1-09abd]:DecodeUtteranceLatticeFaster():decoder-wrappers.cc:289) Log-like per frame for utterance M473076066-3771167_3771167-424111784_1649409973-GB-M-001 is -5.05741 over 216 frames.
M473076066-3771167_3771167-424111784_1649409973-GB-M-003 ALL MY LIFE HAS BEEN A SERIES OF DOORS IN MY FACE 
LOG (gmm-latgen-faster[5.5.480~1-09abd]:DecodeUtteranceLatticeFaster():decoder-wrappers.cc:289) Log-like per frame for utterance M473076066-3771167_3771167-424111784_1649409973-GB-M-003 is -4.66424 over 375 frames.
M473076066-3771167_3771167-424111784_1649409973-GB-M-004 AND THEN SUDDENLY I BUMP INTO YOU 
LOG (gmm-latgen-faster[5.5.480~1-09abd]:DecodeUtteranceLatticeFaster():decoder-wrappers.cc:289) Log-like per frame for utterance M473076066-3771167_3771167-424111784_1649409973-GB-M-004 is -4.42035 over 286 frames.
M473076066-3771167_3771167-424111784_1649409973-GB-M-010 BUT WITH YOU 
LOG (gmm-latgen-faster[5.5.480~1-09abd]:DecodeUtteranceLatticeFaster():decoder-wrappers.cc:289) Log-like per frame for utterance M473076066-3771167_3771167-424111784_1649409973-GB-M-010 is -3.89083 over 376 frames.
M473076066-3771167_3771167-424111784_1649409973-GB-M-012 SEE YOUR FACE 
LOG (gmm-latgen-faster[5.5.480~1-09abd]:DecodeUtteranceLatticeFaster():decoder-wrappers.cc:289) Log-like per frame for utterance M473076066-3771167_3771167-424111784_1649409973-GB-M-012 is -4.24186 over 99 frames.
M473076066-3771167_3771167-424111784_1649409973-GB-M-013 IT'S NOTHING LIKE I'VE EVER KNOWN BEFORE LOVE IS AN OPEN DOOR IT LOVE IS AN OPEN DOOR A LOVE IS AN OPEN DOORS YOU WITH YOU 
LOG (gmm-latgen-faster[5.5.480~1-09abd]:DecodeUtteranceLatticeFaster():decoder-wrappers.cc:289) Log-like per frame for utterance M473076066-3771167_3771167-424111784_1649409973-GB-M-013 is -4.31265 over 1793 frames.
M473076066-3771167_3771167-424111784_1649409973-GB-M-020 LOVE IS AN OPEN DOOR 
LOG (gmm-latgen-faster[5.5.480~1-09abd]:DecodeUtteranceLatticeFaster():decoder-wrappers.cc:289) Log-like per frame for utterance M473076066-3771167_3771167-424111784_1649409973-GB-M-020 is -3.88894 over 225 frames.
M473076066-3771167_3771167-424111784_1649409973-GB-M-026 I'VE NEVER MET SOMEONE 
LOG (gmm-latgen-faster[5.5.480~1-09abd]:DecodeUtteranceLatticeFaster():decoder-wrappers.cc:289) Log-like per frame for utterance M473076066-3771167_3771167-424111784_1649409973-GB-M-026 is -5.17274 over 126 frames.
M473076066-3771167_3771167-424111784_1649409973-GB-M-027 WHO THINKS SO MUCH LIKE ME 
LOG (gmm-latgen-faster[5.5.480~1-09abd]:DecodeUtteranceLatticeFaster():decoder-wrappers.cc:289) Log-like per frame for utterance M473076066-3771167_3771167-424111784_1649409973-GB-M-027 is -4.71919 over 179 frames.
M473076066-3771167_3771167-424111784_1649409973-GB-M-030 OUR MENTAL SEE THERE'S 
LOG (gmm-latgen-faster[5.5.480~1-09abd]:DecodeUtteranceLatticeFaster():decoder-wrappers.cc:289) Log-like per frame for utterance M473076066-3771167_3771167-424111784_1649409973-GB-M-030 is -5.51205 over 205 frames.
M473076066-3771167_3771167-424111784_1649409973-GB-M-031 CAN HAVE BUT ONE EXPLANATION 
LOG (gmm-latgen-faster[5.5.480~1-09abd]:DecodeUtteranceLatticeFaster():decoder-wrappers.cc:289) Log-like per frame for utterance M473076066-3771167_3771167-424111784_1649409973-GB-M-031 is -4.88005 over 213 frames.
M473076066-3771167_3771167-424111784_1649409973-GB-M-036 MEANT TO BE SAY GOODBYE SAY GOODBYE 
LOG (gmm-latgen-faster[5.5.480~1-09abd]:DecodeUtteranceLatticeFaster():decoder-wrappers.cc:289) Log-like per frame for utterance M473076066-3771167_3771167-424111784_1649409973-GB-M-036 is -2.499 over 475 frames.
M473076066-3771167_3771167-424111784_1649409973-GB-M-039 THE PAIN OF THE PAST 
LOG (gmm-latgen-faster[5.5.480~1-09abd]:DecodeUtteranceLatticeFaster():decoder-wrappers.cc:289) Log-like per frame for utterance M473076066-3771167_3771167-424111784_1649409973-GB-M-039 is -4.14805 over 226 frames.
M473076066-3771167_3771167-424111784_1649409973-GB-M-040 WE DON'T HAVE TO FEEL IT ANYMORE LOVE IS AN OPEN 
LOG (gmm-latgen-faster[5.5.480~1-09abd]:DecodeUtteranceLatticeFaster():decoder-wrappers.cc:289) Log-like per frame for utterance M473076066-3771167_3771167-424111784_1649409973-GB-M-040 is -4.33505 over 803 frames.
M473076066-3771167_3771167-424111784_1649409973-GB-M-042 LOVE IS AN OPEN 
LOG (gmm-latgen-faster[5.5.480~1-09abd]:DecodeUtteranceLatticeFaster():decoder-wrappers.cc:289) Log-like per frame for utterance M473076066-3771167_3771167-424111784_1649409973-GB-M-042 is -4.97259 over 429 frames.
M473076066-3771167_3771167-424111784_1649409973-GB-M-043 LIFE CAN BE SO MUCH MORE 
LOG (gmm-latgen-faster[5.5.480~1-09abd]:DecodeUtteranceLatticeFaster():decoder-wrappers.cc:289) Log-like per frame for utterance M473076066-3771167_3771167-424111784_1649409973-GB-M-043 is -4.9913 over 177 frames.
M473076066-3771167_3771167-424111784_1649409973-GB-M-048 IS AN OPEN DOOR 
LOG (gmm-latgen-faster[5.5.480~1-09abd]:DecodeUtteranceLatticeFaster():decoder-wrappers.cc:289) Log-like per frame for utterance M473076066-3771167_3771167-424111784_1649409973-GB-M-048 is -2.99526 over 490 frames.
M473076066-3771167_3771167-424111784_1649409973-GB-M-051 CAN I SAY SOMETHING EVEN CRAZIER 
LOG (gmm-latgen-faster[5.5.480~1-09abd]:DecodeUtteranceLatticeFaster():decoder-wrappers.cc:289) Log-like per frame for utterance M473076066-3771167_3771167-424111784_1649409973-GB-M-051 is -5.1691 over 175 frames.
M473434195-3772014_3772014-473430636_1590953261-GB-M-004 SHUT UP AND DANCE WITH ME 
LOG (gmm-latgen-faster[5.5.480~1-09abd]:DecodeUtteranceLatticeFaster():decoder-wrappers.cc:289) Log-like per frame for utterance M473434195-3772014_3772014-473430636_1590953261-GB-M-004 is -4.584 over 141 frames.
M473434195-3772014_3772014-473430636_1590953261-GB-M-005 THIS WOMAN IS MY DESTINY 
LOG (gmm-latgen-faster[5.5.480~1-09abd]:DecodeUtteranceLatticeFaster():decoder-wrappers.cc:289) Log-like per frame for utterance M473434195-3772014_3772014-473430636_1590953261-GB-M-005 is -4.65952 over 264 frames.
M473434195-3772014_3772014-473430636_1590953261-GB-M-006 SAID <UNK> SHUT UP AND DANCE WITH ME 
LOG (gmm-latgen-faster[5.5.480~1-09abd]:DecodeUtteranceLatticeFaster():decoder-wrappers.cc:289) Log-like per frame for utterance M473434195-3772014_3772014-473430636_1590953261-GB-M-006 is -4.65626 over 425 frames.
M473434195-3772014_3772014-473430636_1590953261-GB-M-010 HELPLESS TO THE BASS AND FADING LIGHT 
LOG (gmm-latgen-faster[5.5.480~1-09abd]:DecodeUtteranceLatticeFaster():decoder-wrappers.cc:289) Log-like per frame for utterance M473434195-3772014_3772014-473430636_1590953261-GB-M-010 is -4.51201 over 259 frames.
M473434195-3772014_3772014-473430636_1590953261-GB-M-011 OH WE WERE BOUND TO GET TOGETHER BOUND TO GET TOGETHER 
LOG (gmm-latgen-faster[5.5.480~1-09abd]:DecodeUtteranceLatticeFaster():decoder-wrappers.cc:289) Log-like per frame for utterance M473434195-3772014_3772014-473430636_1590953261-GB-M-011 is -4.67846 over 471 frames.
M473434195-3772014_3772014-473430636_1590953261-GB-M-015 TOOK THE FLOOR AND SHE SAID 
LOG (gmm-latgen-faster[5.5.480~1-09abd]:DecodeUtteranceLatticeFaster():decoder-wrappers.cc:289) Log-like per frame for utterance M473434195-3772014_3772014-473430636_1590953261-GB-M-015 is -4.30027 over 243 frames.
M473434195-3772014_3772014-473430636_1590953261-GB-M-016 DON'T YOU DARE LOOK BACK JUST KEEP YOUR EYES ON ME I SAID YOU'RE HOLDING BACK 
LOG (gmm-latgen-faster[5.5.480~1-09abd]:DecodeUtteranceLatticeFaster():decoder-wrappers.cc:289) Log-like per frame for utterance M473434195-3772014_3772014-473430636_1590953261-GB-M-016 is -4.37315 over 508 frames.
M473434195-3772014_3772014-473430636_1590953261-GB-M-018 SAID SHUT UP AND DANCE WITH ME 
LOG (gmm-latgen-faster[5.5.480~1-09abd]:DecodeUtteranceLatticeFaster():decoder-wrappers.cc:289) Log-like per frame for utterance M473434195-3772014_3772014-473430636_1590953261-GB-M-018 is -4.23476 over 231 frames.
M473434195-3772014_3772014-473430636_1590953261-GB-M-019 THIS WOMAN IS MY DESTINY 
LOG (gmm-latgen-faster[5.5.480~1-09abd]:DecodeUtteranceLatticeFaster():decoder-wrappers.cc:289) Log-like per frame for utterance M473434195-3772014_3772014-473430636_1590953261-GB-M-019 is -4.08256 over 261 frames.
M473434195-3772014_3772014-473430636_1590953261-GB-M-020 SAID <UNK> SHUT UP AND DANCE WITH ME A BACK THIS DRESS AND SOME BEAT UP SNEAKS MY DISCOTHEQUE JULIET TEENAGE DREAM 
LOG (gmm-latgen-faster[5.5.480~1-09abd]:DecodeUtteranceLatticeFaster():decoder-wrappers.cc:289) Log-like per frame for utterance M473434195-3772014_3772014-473430636_1590953261-GB-M-020 is -4.63632 over 1406 frames.
M473434195-3772014_3772014-473430636_1590953261-GB-M-027 TOOK MY ARM I DON'T KNOW HOW IT HAPPENED OH DON'T YOU DARE LOOK BACK JUST KEEP YOUR EYES ON ME I SAID YOU'RE HOLDING BACK 
LOG (gmm-latgen-faster[5.5.480~1-09abd]:DecodeUtteranceLatticeFaster():decoder-wrappers.cc:289) Log-like per frame for utterance M473434195-3772014_3772014-473430636_1590953261-GB-M-027 is -4.44116 over 1165 frames.
M473434195-3772014_3772014-473430636_1590953261-GB-M-032 SHE SHUT UP AND DANCE WITH ME THIS WOMAN IS MY DESTINY 
LOG (gmm-latgen-faster[5.5.480~1-09abd]:DecodeUtteranceLatticeFaster():decoder-wrappers.cc:289) Log-like per frame for utterance M473434195-3772014_3772014-473430636_1590953261-GB-M-032 is -4.23147 over 522 frames.
M473434195-3772014_3772014-473430636_1590953261-GB-M-034 SAID <UNK> SHUT UP AND DANCE WITH ME 
LOG (gmm-latgen-faster[5.5.480~1-09abd]:DecodeUtteranceLatticeFaster():decoder-wrappers.cc:289) Log-like per frame for utterance M473434195-3772014_3772014-473430636_1590953261-GB-M-034 is -4.32559 over 429 frames.
M473434195-3772014_3772014-473430636_1590953261-GB-M-040 TOOK MY ARM I DON'T KNOW HOW IT HAPPENED 
LOG (gmm-latgen-faster[5.5.480~1-09abd]:DecodeUtteranceLatticeFaster():decoder-wrappers.cc:289) Log-like per frame for utterance M473434195-3772014_3772014-473430636_1590953261-GB-M-040 is -4.39391 over 317 frames.
M473434195-3772014_3772014-473430636_1590953261-GB-M-042 WE TOOK THE FLOOR AND SHE SAID 
LOG (gmm-latgen-faster[5.5.480~1-09abd]:DecodeUtteranceLatticeFaster():decoder-wrappers.cc:289) Log-like per frame for utterance M473434195-3772014_3772014-473430636_1590953261-GB-M-042 is -3.89222 over 330 frames.
M473434195-3772014_3772014-473430636_1590953261-GB-M-046 WOMAN IS MY DESTINY 
LOG (gmm-latgen-faster[5.5.480~1-09abd]:DecodeUtteranceLatticeFaster():decoder-wrappers.cc:289) Log-like per frame for utterance M473434195-3772014_3772014-473430636_1590953261-GB-M-046 is -4.07872 over 229 frames.
M473434195-3772014_3772014-473430636_1590953261-GB-M-047 SAID <UNK> SHUT UP AND DANCE DON'T YOU DARE LOOK BACK JUST KEEP YOUR EYES ON ME I SAID YOU'RE HOLDING BACK 
LOG (gmm-latgen-faster[5.5.480~1-09abd]:DecodeUtteranceLatticeFaster():decoder-wrappers.cc:289) Log-like per frame for utterance M473434195-3772014_3772014-473430636_1590953261-GB-M-047 is -4.49998 over 879 frames.
M473434195-3772014_3772014-473430636_1590953261-GB-M-051 SHE SHUT UP AND DANCE WITH ME THIS WOMAN IS MY DESTINY 
LOG (gmm-latgen-faster[5.5.480~1-09abd]:DecodeUtteranceLatticeFaster():decoder-wrappers.cc:289) Log-like per frame for utterance M473434195-3772014_3772014-473430636_1590953261-GB-M-051 is -4.08621 over 513 frames.
M473434195-3772014_3772014-473430636_1590953261-GB-M-053 SAID <UNK> SHUT UP AND DANCE WITH ME <UNK> SHUT UP AND DANCE WITH ME 
LOG (gmm-latgen-faster[5.5.480~1-09abd]:DecodeUtteranceLatticeFaster():decoder-wrappers.cc:289) Log-like per frame for utterance M473434195-3772014_3772014-473430636_1590953261-GB-M-053 is -4.14862 over 1174 frames.
M473434195-3772014_3772014-473430636_1590953261-GB-M-057 <UNK> 
LOG (gmm-latgen-faster[5.5.480~1-09abd]:DecodeUtteranceLatticeFaster():decoder-wrappers.cc:289) Log-like per frame for utterance M473434195-3772014_3772014-473430636_1590953261-GB-M-057 is -4.56189 over 119 frames.
M473434195-3772014_3772014-473430636_1590953261-GB-M-058 SHUT UP AND DANCE WITH ME 
LOG (gmm-latgen-faster[5.5.480~1-09abd]:DecodeUtteranceLatticeFaster():decoder-wrappers.cc:289) Log-like per frame for utterance M473434195-3772014_3772014-473430636_1590953261-GB-M-058 is -4.08378 over 223 frames.
M473434195-586511969_1381576-187814083_1588719137-GB-M-001 WHEN YOUR DAY IS LONG 
LOG (gmm-latgen-faster[5.5.480~1-09abd]:DecodeUtteranceLatticeFaster():decoder-wrappers.cc:289) Log-like per frame for utterance M473434195-586511969_1381576-187814083_1588719137-GB-M-001 is -3.02373 over 368 frames.
M473434195-586511969_1381576-187814083_1588719137-GB-M-002 AND THE NIGHT THE NIGHT IS YOURS ALONE 
LOG (gmm-latgen-faster[5.5.480~1-09abd]:DecodeUtteranceLatticeFaster():decoder-wrappers.cc:289) Log-like per frame for utterance M473434195-586511969_1381576-187814083_1588719137-GB-M-002 is -3.93424 over 643 frames.
M473434195-586511969_1381576-187814083_1588719137-GB-M-006 DON'T LET YOURSELF GO 
LOG (gmm-latgen-faster[5.5.480~1-09abd]:DecodeUtteranceLatticeFaster():decoder-wrappers.cc:289) Log-like per frame for utterance M473434195-586511969_1381576-187814083_1588719137-GB-M-006 is -3.27269 over 474 frames.
M473434195-586511969_1381576-187814083_1588719137-GB-M-007 'CAUSE EVERYBODY CRIES 
LOG (gmm-latgen-faster[5.5.480~1-09abd]:DecodeUtteranceLatticeFaster():decoder-wrappers.cc:289) Log-like per frame for utterance M473434195-586511969_1381576-187814083_1588719137-GB-M-007 is -3.12847 over 418 frames.
M473434195-586511969_1381576-187814083_1588719137-GB-M-008 AND EVERYBODY HURTS 
LOG (gmm-latgen-faster[5.5.480~1-09abd]:DecodeUtteranceLatticeFaster():decoder-wrappers.cc:289) Log-like per frame for utterance M473434195-586511969_1381576-187814083_1588719137-GB-M-008 is -2.81878 over 397 frames.
M473434195-586511969_1381576-187814083_1588719137-GB-M-010 SOMETIMES 
LOG (gmm-latgen-faster[5.5.480~1-09abd]:DecodeUtteranceLatticeFaster():decoder-wrappers.cc:289) Log-like per frame for utterance M473434195-586511969_1381576-187814083_1588719137-GB-M-010 is -3.05767 over 233 frames.
M473434195-586511969_1381576-187814083_1588719137-GB-M-013 WHEN YOUR DAY IS NIGHT ALONE 
LOG (gmm-latgen-faster[5.5.480~1-09abd]:DecodeUtteranceLatticeFaster():decoder-wrappers.cc:289) Log-like per frame for utterance M473434195-586511969_1381576-187814083_1588719137-GB-M-013 is -3.07342 over 458 frames.
M473434195-586511969_1381576-187814083_1588719137-GB-M-015 IF YOU FEEL LIKE LETTING GO 
LOG (gmm-latgen-faster[5.5.480~1-09abd]:DecodeUtteranceLatticeFaster():decoder-wrappers.cc:289) Log-like per frame for utterance M473434195-586511969_1381576-187814083_1588719137-GB-M-015 is -3.91573 over 461 frames.
M473434195-586511969_1381576-187814083_1588719137-GB-M-017 IF YOU THINK YOU'VE HAD TOO MUCH 
LOG (gmm-latgen-faster[5.5.480~1-09abd]:DecodeUtteranceLatticeFaster():decoder-wrappers.cc:289) Log-like per frame for utterance M473434195-586511969_1381576-187814083_1588719137-GB-M-017 is -4.16631 over 390 frames.
M473434195-586511969_1381576-187814083_1588719137-GB-M-018 OF THIS LIFE WELL HANG ON 
LOG (gmm-latgen-faster[5.5.480~1-09abd]:DecodeUtteranceLatticeFaster():decoder-wrappers.cc:289) Log-like per frame for utterance M473434195-586511969_1381576-187814083_1588719137-GB-M-018 is -3.91599 over 543 frames.
M473434195-586511969_1381576-187814083_1588719137-GB-M-020 CAUSE EVERYBODY HURTS 
LOG (gmm-latgen-faster[5.5.480~1-09abd]:DecodeUtteranceLatticeFaster():decoder-wrappers.cc:289) Log-like per frame for utterance M473434195-586511969_1381576-187814083_1588719137-GB-M-020 is -3.13525 over 419 frames.
M473434195-586511969_1381576-187814083_1588719137-GB-M-021 TAKE COMFORT IN YOUR FRIENDS 
LOG (gmm-latgen-faster[5.5.480~1-09abd]:DecodeUtteranceLatticeFaster():decoder-wrappers.cc:289) Log-like per frame for utterance M473434195-586511969_1381576-187814083_1588719137-GB-M-021 is -4.12918 over 317 frames.
M473434195-586511969_1381576-187814083_1588719137-GB-M-022 AND EVERYBODY HURTS 
LOG (gmm-latgen-faster[5.5.480~1-09abd]:DecodeUtteranceLatticeFaster():decoder-wrappers.cc:289) Log-like per frame for utterance M473434195-586511969_1381576-187814083_1588719137-GB-M-022 is -2.70368 over 424 frames.
M473434195-586511969_1381576-187814083_1588719137-GB-M-024 SOMETIMES 
LOG (gmm-latgen-faster[5.5.480~1-09abd]:DecodeUtteranceLatticeFaster():decoder-wrappers.cc:289) Log-like per frame for utterance M473434195-586511969_1381576-187814083_1588719137-GB-M-024 is -2.54958 over 280 frames.
M473434195-586511969_1381576-187814083_1588719137-GB-M-025 SOMETIMES 
LOG (gmm-latgen-faster[5.5.480~1-09abd]:DecodeUtteranceLatticeFaster():decoder-wrappers.cc:289) Log-like per frame for utterance M473434195-586511969_1381576-187814083_1588719137-GB-M-025 is -2.31244 over 369 frames.
M479231683-533191685_1459844-479231663_1623196529-GB-M-002 LOVE AND TIRED TIRED 
LOG (gmm-latgen-faster[5.5.480~1-09abd]:DecodeUtteranceLatticeFaster():decoder-wrappers.cc:289) Log-like per frame for utterance M479231683-533191685_1459844-479231663_1623196529-GB-M-002 is -4.18736 over 246 frames.
M479231683-533191685_1459844-479231663_1623196529-GB-M-003 LIVING LIFE ON A MERRY GO ROUND AND YOU CAN'T FIND THE FIGHTER BUT BUT I SEE IT IN YOU SO WE GONNA WALK IT OUT 
LOG (gmm-latgen-faster[5.5.480~1-09abd]:DecodeUtteranceLatticeFaster():decoder-wrappers.cc:289) Log-like per frame for utterance M479231683-533191685_1459844-479231663_1623196529-GB-M-003 is -4.19096 over 1133 frames.
M479231683-533191685_1459844-479231663_1623196529-GB-M-007 MOVE MOUNTAINS MY ON A IN GONNA WALK AND MOVE MOUNTAINS AND I'LL RISE UP 
LOG (gmm-latgen-faster[5.5.480~1-09abd]:DecodeUtteranceLatticeFaster():decoder-wrappers.cc:289) Log-like per frame for utterance M479231683-533191685_1459844-479231663_1623196529-GB-M-007 is -3.58013 over 1662 frames.
M479231683-533191685_1459844-479231663_1623196529-GB-M-012 I'LL RISE LIKE THE DAY I'LL RISE UP 
LOG (gmm-latgen-faster[5.5.480~1-09abd]:DecodeUtteranceLatticeFaster():decoder-wrappers.cc:289) Log-like per frame for utterance M479231683-533191685_1459844-479231663_1623196529-GB-M-012 is -4.23022 over 334 frames.
M479231683-533191685_1459844-479231663_1623196529-GB-M-014 I'LL RISE UNAFRAID I'LL RISE UP 
LOG (gmm-latgen-faster[5.5.480~1-09abd]:DecodeUtteranceLatticeFaster():decoder-wrappers.cc:289) Log-like per frame for utterance M479231683-533191685_1459844-479231663_1623196529-GB-M-014 is -4.26242 over 344 frames.
M479231683-533191685_1459844-479231663_1623196529-GB-M-016 AND I'LL DO IT A THOUSAND TIMES AGAIN 
LOG (gmm-latgen-faster[5.5.480~1-09abd]:DecodeUtteranceLatticeFaster():decoder-wrappers.cc:289) Log-like per frame for utterance M479231683-533191685_1459844-479231663_1623196529-GB-M-016 is -3.60563 over 431 frames.
M479231683-533191685_1459844-479231663_1623196529-GB-M-017 AND I'LL RISE UP 
LOG (gmm-latgen-faster[5.5.480~1-09abd]:DecodeUtteranceLatticeFaster():decoder-wrappers.cc:289) Log-like per frame for utterance M479231683-533191685_1459844-479231663_1623196529-GB-M-017 is -3.72345 over 164 frames.
M479231683-533191685_1459844-479231663_1623196529-GB-M-018 HIGH LIKE THE WAVES AND I'LL RISE UP IN SPITE OF THE ACHE I'LL RISE UP AND I'LL DO IT A THOUSAND TIMES AGAIN 
LOG (gmm-latgen-faster[5.5.480~1-09abd]:DecodeUtteranceLatticeFaster():decoder-wrappers.cc:289) Log-like per frame for utterance M479231683-533191685_1459844-479231663_1623196529-GB-M-018 is -3.90941 over 1290 frames.
M479231683-533191685_1459844-479231663_1623196529-GB-M-024 FOR YOU TO WITH YOU KNOW YOU DON'T YOU 
LOG (gmm-latgen-faster[5.5.480~1-09abd]:DecodeUtteranceLatticeFaster():decoder-wrappers.cc:289) Log-like per frame for utterance M479231683-533191685_1459844-479231663_1623196529-GB-M-024 is -4.49399 over 1517 frames.
M479231683-533191685_1459844-479231663_1623196529-GB-M-025 SILENCE ISN'T QUIET AND IT FEELS LIKE 
LOG (gmm-latgen-faster[5.5.480~1-09abd]:DecodeUtteranceLatticeFaster():decoder-wrappers.cc:289) Log-like per frame for utterance M479231683-533191685_1459844-479231663_1623196529-GB-M-025 is -4.17549 over 472 frames.
M479231683-533191685_1459844-479231663_1623196529-GB-M-027 THIS GETTING HARD TO BREATHE 
LOG (gmm-latgen-faster[5.5.480~1-09abd]:DecodeUtteranceLatticeFaster():decoder-wrappers.cc:289) Log-like per frame for utterance M479231683-533191685_1459844-479231663_1623196529-GB-M-027 is -4.3334 over 248 frames.
M479231683-533191685_1459844-479231663_1623196529-GB-M-028 KNOW YOU FEEL LIKE LIKE I PROMISE WE'LL TAKE THE WORLD TO ITS FEET 
LOG (gmm-latgen-faster[5.5.480~1-09abd]:DecodeUtteranceLatticeFaster():decoder-wrappers.cc:289) Log-like per frame for utterance M479231683-533191685_1459844-479231663_1623196529-GB-M-028 is -4.25515 over 676 frames.
M479231683-533191685_1459844-479231663_1623196529-GB-M-031 AND MOVE MOUNTAINS 
LOG (gmm-latgen-faster[5.5.480~1-09abd]:DecodeUtteranceLatticeFaster():decoder-wrappers.cc:289) Log-like per frame for utterance M479231683-533191685_1459844-479231663_1623196529-GB-M-031 is -3.54101 over 699 frames.
M479231683-533191685_1459844-479231663_1623196529-GB-M-033 AND MOVE MOUNTAINS 
LOG (gmm-latgen-faster[5.5.480~1-09abd]:DecodeUtteranceLatticeFaster():decoder-wrappers.cc:289) Log-like per frame for utterance M479231683-533191685_1459844-479231663_1623196529-GB-M-033 is -3.36023 over 618 frames.
M479231683-533191685_1459844-479231663_1623196529-GB-M-034 I'LL RISE UP I'LL RISE LIKE THE DAY I'LL RISE UP 
LOG (gmm-latgen-faster[5.5.480~1-09abd]:DecodeUtteranceLatticeFaster():decoder-wrappers.cc:289) Log-like per frame for utterance M479231683-533191685_1459844-479231663_1623196529-GB-M-034 is -3.976 over 523 frames.
M479231683-533191685_1459844-479231663_1623196529-GB-M-037 I'LL RISE UNAFRAID I'LL RISE UP AND I'LL DO IT A THOUSAND TIMES AGAIN 
LOG (gmm-latgen-faster[5.5.480~1-09abd]:DecodeUtteranceLatticeFaster():decoder-wrappers.cc:289) Log-like per frame for utterance M479231683-533191685_1459844-479231663_1623196529-GB-M-037 is -3.71549 over 906 frames.
M479231683-533191685_1459844-479231663_1623196529-GB-M-041 FOR YOU I'M ONE YOU OH KNOW FOR YOU DON'T GET WAVES HOPE 
LOG (gmm-latgen-faster[5.5.480~1-09abd]:DecodeUtteranceLatticeFaster():decoder-wrappers.cc:289) Log-like per frame for utterance M479231683-533191685_1459844-479231663_1623196529-GB-M-041 is -4.4144 over 1695 frames.
M479231683-533191685_1459844-479231663_1623196529-GB-M-042 ALL WE NEED ALL WE NEED IS HOPE AND FOR THAT WE HAVE EACH OTHER AND FOR THAT WE HAVE EACH OTHER 
LOG (gmm-latgen-faster[5.5.480~1-09abd]:DecodeUtteranceLatticeFaster():decoder-wrappers.cc:289) Log-like per frame for utterance M479231683-533191685_1459844-479231663_1623196529-GB-M-042 is -3.91085 over 1186 frames.
M479231683-533191685_1459844-479231663_1623196529-GB-M-045 I'LL RISE UP IN WE'LL RISE WE WILL RISE OH OH WE'LL RISE 
LOG (gmm-latgen-faster[5.5.480~1-09abd]:DecodeUtteranceLatticeFaster():decoder-wrappers.cc:289) Log-like per frame for utterance M479231683-533191685_1459844-479231663_1623196529-GB-M-045 is -3.61726 over 1898 frames.
M479231683-533191685_1459844-479231663_1623196529-GB-M-050 I'LL RISE UP 
LOG (gmm-latgen-faster[5.5.480~1-09abd]:DecodeUtteranceLatticeFaster():decoder-wrappers.cc:289) Log-like per frame for utterance M479231683-533191685_1459844-479231663_1623196529-GB-M-050 is -3.79797 over 113 frames.
M479231683-533191685_1459844-479231663_1623196529-GB-M-051 RISE LIKE THE DAY I'LL RISE UP IN SPITE OF THE ACHE SO I WILL RISE THOUSAND TIMES AGAIN 
LOG (gmm-latgen-faster[5.5.480~1-09abd]:DecodeUtteranceLatticeFaster():decoder-wrappers.cc:289) Log-like per frame for utterance M479231683-533191685_1459844-479231663_1623196529-GB-M-051 is -3.82815 over 1211 frames.
M479231683-533191685_1459844-479231663_1623196529-GB-M-055 WE'LL RISE UP 
LOG (gmm-latgen-faster[5.5.480~1-09abd]:DecodeUtteranceLatticeFaster():decoder-wrappers.cc:289) Log-like per frame for utterance M479231683-533191685_1459844-479231663_1623196529-GB-M-055 is -4.2486 over 110 frames.
M479231683-533191685_1459844-479231663_1623196529-GB-M-056 RISE LIKE THE DAY YOU WE'LL RISE UP 
LOG (gmm-latgen-faster[5.5.480~1-09abd]:DecodeUtteranceLatticeFaster():decoder-wrappers.cc:289) Log-like per frame for utterance M479231683-533191685_1459844-479231663_1623196529-GB-M-056 is -3.88169 over 309 frames.
M479231683-533191685_1459844-479231663_1623196529-GB-M-058 IN SPITE OF THE ACHE WE'LL RISE UP AND WE'LL DO IT A THOUSAND TIMES AGAIN 
LOG (gmm-latgen-faster[5.5.480~1-09abd]:DecodeUtteranceLatticeFaster():decoder-wrappers.cc:289) Log-like per frame for utterance M479231683-533191685_1459844-479231663_1623196529-GB-M-058 is -3.7444 over 919 frames.
M479231683-533191685_1459844-479231663_1623196529-GB-M-061 FOR YOU YOU YOU KNEW WITH YOU 3X WHEN 
LOG (gmm-latgen-faster[5.5.480~1-09abd]:DecodeUtteranceLatticeFaster():decoder-wrappers.cc:289) Log-like per frame for utterance M479231683-533191685_1459844-479231663_1623196529-GB-M-061 is -3.6026 over 863 frames.
M481595491-47071132_1389194-481592521_922391906-GB-M-003 YOU MADE ME FEEL AS THOUGH I WAS ENOUGH 
LOG (gmm-latgen-faster[5.5.480~1-09abd]:DecodeUtteranceLatticeFaster():decoder-wrappers.cc:289) Log-like per frame for utterance M481595491-47071132_1389194-481592521_922391906-GB-M-003 is -3.9474 over 386 frames.
M481595491-47071132_1389194-481592521_922391906-GB-M-005 WE DANCED THE NIGHT AWAY 
LOG (gmm-latgen-faster[5.5.480~1-09abd]:DecodeUtteranceLatticeFaster():decoder-wrappers.cc:289) Log-like per frame for utterance M481595491-47071132_1389194-481592521_922391906-GB-M-005 is -3.96672 over 182 frames.
M481595491-47071132_1389194-481592521_922391906-GB-M-006 WE DRANK TOO MUCH 
LOG (gmm-latgen-faster[5.5.480~1-09abd]:DecodeUtteranceLatticeFaster():decoder-wrappers.cc:289) Log-like per frame for utterance M481595491-47071132_1389194-481592521_922391906-GB-M-006 is -4.37526 over 144 frames.
M481595491-47071132_1389194-481592521_922391906-GB-M-007 I HELD YOUR HAIR BACK WHEN 
LOG (gmm-latgen-faster[5.5.480~1-09abd]:DecodeUtteranceLatticeFaster():decoder-wrappers.cc:289) Log-like per frame for utterance M481595491-47071132_1389194-481592521_922391906-GB-M-007 is -4.22887 over 232 frames.
M481595491-47071132_1389194-481592521_922391906-GB-M-009 YOU WERE THROWING UP 
LOG (gmm-latgen-faster[5.5.480~1-09abd]:DecodeUtteranceLatticeFaster():decoder-wrappers.cc:289) Log-like per frame for utterance M481595491-47071132_1389194-481592521_922391906-GB-M-009 is -3.39017 over 223 frames.
M481595491-47071132_1389194-481592521_922391906-GB-M-012 I PULLED YOU CLOSER TO MY CHEST 
LOG (gmm-latgen-faster[5.5.480~1-09abd]:DecodeUtteranceLatticeFaster():decoder-wrappers.cc:289) Log-like per frame for utterance M481595491-47071132_1389194-481592521_922391906-GB-M-012 is -3.97901 over 351 frames.
M481595491-47071132_1389194-481592521_922391906-GB-M-013 AND YOU ASKED ME TO STAY OVER I SAID I ALREADY TOLD YA 
LOG (gmm-latgen-faster[5.5.480~1-09abd]:DecodeUtteranceLatticeFaster():decoder-wrappers.cc:289) Log-like per frame for utterance M481595491-47071132_1389194-481592521_922391906-GB-M-013 is -5.15334 over 496 frames.
M481595491-47071132_1389194-481592521_922391906-GB-M-016 I THINK YOU SHOULD GET SOME REST 
LOG (gmm-latgen-faster[5.5.480~1-09abd]:DecodeUtteranceLatticeFaster():decoder-wrappers.cc:289) Log-like per frame for utterance M481595491-47071132_1389194-481592521_922391906-GB-M-016 is -4.43444 over 400 frames.
M481595491-47071132_1389194-481592521_922391906-GB-M-017 I KNEW I LOVED YOU THEN 
LOG (gmm-latgen-faster[5.5.480~1-09abd]:DecodeUtteranceLatticeFaster():decoder-wrappers.cc:289) Log-like per frame for utterance M481595491-47071132_1389194-481592521_922391906-GB-M-017 is -3.90201 over 189 frames.
M481595491-47071132_1389194-481592521_922391906-GB-M-018 YOU NEVER KNOW 
LOG (gmm-latgen-faster[5.5.480~1-09abd]:DecodeUtteranceLatticeFaster():decoder-wrappers.cc:289) Log-like per frame for utterance M481595491-47071132_1389194-481592521_922391906-GB-M-018 is -3.46225 over 165 frames.
M481595491-47071132_1389194-481592521_922391906-GB-M-019 CAUSE I PLAYED IT COOL WHEN I WAS SCARED OF LETTING GO 
LOG (gmm-latgen-faster[5.5.480~1-09abd]:DecodeUtteranceLatticeFaster():decoder-wrappers.cc:289) Log-like per frame for utterance M481595491-47071132_1389194-481592521_922391906-GB-M-019 is -4.06875 over 422 frames.
M481595491-47071132_1389194-481592521_922391906-GB-M-021 I KNOW I NEEDED YOU 
LOG (gmm-latgen-faster[5.5.480~1-09abd]:DecodeUtteranceLatticeFaster():decoder-wrappers.cc:289) Log-like per frame for utterance M481595491-47071132_1389194-481592521_922391906-GB-M-021 is -3.93423 over 164 frames.
M481595491-47071132_1389194-481592521_922391906-GB-M-022 BUT I NEVER SHOWED 
LOG (gmm-latgen-faster[5.5.480~1-09abd]:DecodeUtteranceLatticeFaster():decoder-wrappers.cc:289) Log-like per frame for utterance M481595491-47071132_1389194-481592521_922391906-GB-M-022 is -3.80656 over 183 frames.
M481595491-47071132_1389194-481592521_922391906-GB-M-023 I WANNA STAY WITH YOU UNTIL WE'RE GREY AND ALL 
LOG (gmm-latgen-faster[5.5.480~1-09abd]:DecodeUtteranceLatticeFaster():decoder-wrappers.cc:289) Log-like per frame for utterance M481595491-47071132_1389194-481592521_922391906-GB-M-023 is -3.9355 over 438 frames.
M481595491-47071132_1389194-481592521_922391906-GB-M-027 SAY YOU WON'T LET GO 
LOG (gmm-latgen-faster[5.5.480~1-09abd]:DecodeUtteranceLatticeFaster():decoder-wrappers.cc:289) Log-like per frame for utterance M481595491-47071132_1389194-481592521_922391906-GB-M-027 is -3.14597 over 489 frames.
M481595491-47071132_1389194-481592521_922391906-GB-M-028 I WAKE YOU UP THE SOME BREAKFAST IN BED 
LOG (gmm-latgen-faster[5.5.480~1-09abd]:DecodeUtteranceLatticeFaster():decoder-wrappers.cc:289) Log-like per frame for utterance M481595491-47071132_1389194-481592521_922391906-GB-M-028 is -4.28038 over 428 frames.
M481595491-47071132_1389194-481592521_922391906-GB-M-029 I'LL BRING YOU COFFEE 
LOG (gmm-latgen-faster[5.5.480~1-09abd]:DecodeUtteranceLatticeFaster():decoder-wrappers.cc:289) Log-like per frame for utterance M481595491-47071132_1389194-481592521_922391906-GB-M-029 is -4.45791 over 121 frames.
M481595491-47071132_1389194-481592521_922391906-GB-M-030 WITH A KISS ON YOUR HEAD 
LOG (gmm-latgen-faster[5.5.480~1-09abd]:DecodeUtteranceLatticeFaster():decoder-wrappers.cc:289) Log-like per frame for utterance M481595491-47071132_1389194-481592521_922391906-GB-M-030 is -3.84944 over 280 frames.
M481595491-47071132_1389194-481592521_922391906-GB-M-031 AND I'LL TAKE THE KIDS TO SCHOOL 
LOG (gmm-latgen-faster[5.5.480~1-09abd]:DecodeUtteranceLatticeFaster():decoder-wrappers.cc:289) Log-like per frame for utterance M481595491-47071132_1389194-481592521_922391906-GB-M-031 is -4.97907 over 184 frames.
M481595491-47071132_1389194-481592521_922391906-GB-M-032 WAVE THEM GOODBYE 
LOG (gmm-latgen-faster[5.5.480~1-09abd]:DecodeUtteranceLatticeFaster():decoder-wrappers.cc:289) Log-like per frame for utterance M481595491-47071132_1389194-481592521_922391906-GB-M-032 is -3.84723 over 172 frames.
M481595491-47071132_1389194-481592521_922391906-GB-M-033 I'LL THANK MY LIKE 
LOG (gmm-latgen-faster[5.5.480~1-09abd]:DecodeUtteranceLatticeFaster():decoder-wrappers.cc:289) Log-like per frame for utterance M481595491-47071132_1389194-481592521_922391906-GB-M-033 is -4.31847 over 119 frames.
M481595491-47071132_1389194-481592521_922391906-GB-M-035 STARS FOR THAT NIGHT 
LOG (gmm-latgen-faster[5.5.480~1-09abd]:DecodeUtteranceLatticeFaster():decoder-wrappers.cc:289) Log-like per frame for utterance M481595491-47071132_1389194-481592521_922391906-GB-M-035 is -3.80446 over 242 frames.
M481595491-47071132_1389194-481592521_922391906-GB-M-038 I WANNA DANCE WITH YOU RIGHT NOW OH 
LOG (gmm-latgen-faster[5.5.480~1-09abd]:DecodeUtteranceLatticeFaster():decoder-wrappers.cc:289) Log-like per frame for utterance M481595491-47071132_1389194-481592521_922391906-GB-M-038 is -3.46952 over 349 frames.
M481595491-47071132_1389194-481592521_922391906-GB-M-043 YOU MAKE ME FEEL THIS WAY SOMEHOW 
LOG (gmm-latgen-faster[5.5.480~1-09abd]:DecodeUtteranceLatticeFaster():decoder-wrappers.cc:289) Log-like per frame for utterance M481595491-47071132_1389194-481592521_922391906-GB-M-043 is -4.59331 over 402 frames.
M481595491-47071132_1389194-481592521_922391906-GB-M-044 I'M SO IN LOVE WITH YOU 
LOG (gmm-latgen-faster[5.5.480~1-09abd]:DecodeUtteranceLatticeFaster():decoder-wrappers.cc:289) Log-like per frame for utterance M481595491-47071132_1389194-481592521_922391906-GB-M-044 is -4.04275 over 179 frames.
M481595491-47071132_1389194-481592521_922391906-GB-M-045 AND I HOPE YOU KNOW 
LOG (gmm-latgen-faster[5.5.480~1-09abd]:DecodeUtteranceLatticeFaster():decoder-wrappers.cc:289) Log-like per frame for utterance M481595491-47071132_1389194-481592521_922391906-GB-M-045 is -3.92509 over 174 frames.
M481595491-47071132_1389194-481592521_922391906-GB-M-046 DARLING YOUR LOVE IS MORE THAN WORTH ITS WEIGHT IN GOLD 
LOG (gmm-latgen-faster[5.5.480~1-09abd]:DecodeUtteranceLatticeFaster():decoder-wrappers.cc:289) Log-like per frame for utterance M481595491-47071132_1389194-481592521_922391906-GB-M-046 is -3.99377 over 401 frames.
M481595491-47071132_1389194-481592521_922391906-GB-M-048 WE'VE COME SO FAR MY DEAR 
LOG (gmm-latgen-faster[5.5.480~1-09abd]:DecodeUtteranceLatticeFaster():decoder-wrappers.cc:289) Log-like per frame for utterance M481595491-47071132_1389194-481592521_922391906-GB-M-048 is -4.48085 over 197 frames.
M481595491-47071132_1389194-481592521_922391906-GB-M-049 LOOK HOW WE'VE GROWN 
LOG (gmm-latgen-faster[5.5.480~1-09abd]:DecodeUtteranceLatticeFaster():decoder-wrappers.cc:289) Log-like per frame for utterance M481595491-47071132_1389194-481592521_922391906-GB-M-049 is -4.14496 over 173 frames.
M481595491-47071132_1389194-481592521_922391906-GB-M-050 I WANNA STAY WITH YOU UNTIL WE'RE GREY AND ALL 
LOG (gmm-latgen-faster[5.5.480~1-09abd]:DecodeUtteranceLatticeFaster():decoder-wrappers.cc:289) Log-like per frame for utterance M481595491-47071132_1389194-481592521_922391906-GB-M-050 is -3.94106 over 413 frames.
LOG (apply-cmvn[5.5.480~1-09abd]:main():apply-cmvn.cc:162) Applied cepstral mean normalization to 250 utterances, errors on 0
M481595491-47071132_1389194-481592521_922391906-GB-M-054 JUST SAY YOU WON'T LET GO 
LOG (gmm-latgen-faster[5.5.480~1-09abd]:DecodeUtteranceLatticeFaster():decoder-wrappers.cc:289) Log-like per frame for utterance M481595491-47071132_1389194-481592521_922391906-GB-M-054 is -3.84713 over 508 frames.
M481595491-47071132_1389194-481592521_922391906-GB-M-056 EVEN WHEN WE'RE GHOSTS 
LOG (gmm-latgen-faster[5.5.480~1-09abd]:DecodeUtteranceLatticeFaster():decoder-wrappers.cc:289) Log-like per frame for utterance M481595491-47071132_1389194-481592521_922391906-GB-M-056 is -4.42598 over 129 frames.
M481595491-47071132_1389194-481592521_922391906-GB-M-057 YOU WERE ALWAYS THERE FOR ME WHEN I NEEDED YOU MOST 
LOG (gmm-latgen-faster[5.5.480~1-09abd]:DecodeUtteranceLatticeFaster():decoder-wrappers.cc:289) Log-like per frame for utterance M481595491-47071132_1389194-481592521_922391906-GB-M-057 is -4.12064 over 402 frames.
M481595491-47071132_1389194-481592521_922391906-GB-M-060 I'M GONNA LOVE YOU TILL 
LOG (gmm-latgen-faster[5.5.480~1-09abd]:DecodeUtteranceLatticeFaster():decoder-wrappers.cc:289) Log-like per frame for utterance M481595491-47071132_1389194-481592521_922391906-GB-M-060 is -4.10193 over 154 frames.
M481595491-47071132_1389194-481592521_922391906-GB-M-061 MY LUNGS GIVE OUT 
LOG (gmm-latgen-faster[5.5.480~1-09abd]:DecodeUtteranceLatticeFaster():decoder-wrappers.cc:289) Log-like per frame for utterance M481595491-47071132_1389194-481592521_922391906-GB-M-061 is -3.70624 over 188 frames.
M481595491-47071132_1389194-481592521_922391906-GB-M-062 I PROMISE DEATH WE PART LIKE IN OUR VOWS 
LOG (gmm-latgen-faster[5.5.480~1-09abd]:DecodeUtteranceLatticeFaster():decoder-wrappers.cc:289) Log-like per frame for utterance M481595491-47071132_1389194-481592521_922391906-GB-M-062 is -3.99698 over 420 frames.
LOG (transform-feats[5.5.480~1-09abd]:main():transform-feats.cc:158) Overall average [pseudo-]logdet is -88.6872 over 140237 frames.
LOG (transform-feats[5.5.480~1-09abd]:main():transform-feats.cc:161) Applied transform to 250 utterances; 0 had errors.
M481595491-47071132_1389194-481592521_922391906-GB-M-064 SO I WROTE THIS SONG FOR YOU NOW EVERYBODY KNOWS THAT IT'S JUST YOU ME 
LOG (gmm-latgen-faster[5.5.480~1-09abd]:DecodeUtteranceLatticeFaster():decoder-wrappers.cc:289) Log-like per frame for utterance M481595491-47071132_1389194-481592521_922391906-GB-M-064 is -4.32518 over 742 frames.
M481595491-47071132_1389194-481592521_922391906-GB-M-067 UNTIL WE'RE GREY AND OLD 
LOG (gmm-latgen-faster[5.5.480~1-09abd]:DecodeUtteranceLatticeFaster():decoder-wrappers.cc:289) Log-like per frame for utterance M481595491-47071132_1389194-481592521_922391906-GB-M-067 is -3.96373 over 181 frames.
LOG (transform-feats[5.5.480~1-09abd]:main():transform-feats.cc:158) Overall average logdet is 2.96001 over 140237 frames.
LOG (transform-feats[5.5.480~1-09abd]:main():transform-feats.cc:161) Applied transform to 250 utterances; 0 had errors.
M481595491-47071132_1389194-481592521_922391906-GB-M-068 YOU WON'T JUST SAY YOU WON'T LET GO 
LOG (gmm-latgen-faster[5.5.480~1-09abd]:DecodeUtteranceLatticeFaster():decoder-wrappers.cc:289) Log-like per frame for utterance M481595491-47071132_1389194-481592521_922391906-GB-M-068 is -3.20665 over 836 frames.
LOG (gmm-latgen-faster[5.5.480~1-09abd]:main():gmm-latgen-faster.cc:176) Time taken 238.921s: real-time factor assuming 100 frames/sec is 0.170369
LOG (gmm-latgen-faster[5.5.480~1-09abd]:main():gmm-latgen-faster.cc:179) Done 250 utterances, failed for 0
LOG (gmm-latgen-faster[5.5.480~1-09abd]:main():gmm-latgen-faster.cc:181) Overall log-likelihood per frame is -3.9617 over 140237 frames.
# Accounting: time=239 threads=1
# Ended (code 0) at Tue Sep 10 14:48:44 BST 2019, elapsed time 239 seconds
