# gmm-latgen-faster --max-active=7000 --beam=15.0 --lattice-beam=6.0 --acoustic-scale=0.083333 --allow-partial=false --word-symbol-table=exp/tri3b_cleaned/graphs/words.txt exp/tri3b_cleaned/final.mdl scp:exp/tri3b_cleaned/lats/split_fsts/HCLG.fsts.6.scp "ark,s,cs:apply-cmvn  --utt2spk=ark:data/train1/split40/6/utt2spk scp:data/train1/split40/6/cmvn.scp scp:data/train1/split40/6/feats.scp ark:- | splice-feats  ark:- ark:- | transform-feats exp/tri3b_cleaned/final.mat ark:- ark:- | transform-feats --utt2spk=ark:data/train1/split40/6/utt2spk ark:exp/tri3b/trans.6 ark:- ark:- |" "ark:|gzip -c > exp/tri3b_cleaned/lats/lat.6.gz" 
# Started at Tue Sep 10 13:59:16 BST 2019
#
gmm-latgen-faster --max-active=7000 --beam=15.0 --lattice-beam=6.0 --acoustic-scale=0.083333 --allow-partial=false --word-symbol-table=exp/tri3b_cleaned/graphs/words.txt exp/tri3b_cleaned/final.mdl scp:exp/tri3b_cleaned/lats/split_fsts/HCLG.fsts.6.scp 'ark,s,cs:apply-cmvn  --utt2spk=ark:data/train1/split40/6/utt2spk scp:data/train1/split40/6/cmvn.scp scp:data/train1/split40/6/feats.scp ark:- | splice-feats  ark:- ark:- | transform-feats exp/tri3b_cleaned/final.mat ark:- ark:- | transform-feats --utt2spk=ark:data/train1/split40/6/utt2spk ark:exp/tri3b/trans.6 ark:- ark:- |' 'ark:|gzip -c > exp/tri3b_cleaned/lats/lat.6.gz' 
transform-feats --utt2spk=ark:data/train1/split40/6/utt2spk ark:exp/tri3b/trans.6 ark:- ark:- 
transform-feats exp/tri3b_cleaned/final.mat ark:- ark:- 
splice-feats ark:- ark:- 
apply-cmvn --utt2spk=ark:data/train1/split40/6/utt2spk scp:data/train1/split40/6/cmvn.scp scp:data/train1/split40/6/feats.scp ark:- 
F1375207736-3769321_3769321-76912471_1623182008-GB-F-001 MMM UH 
LOG (gmm-latgen-faster[5.5.480~1-09abd]:DecodeUtteranceLatticeFaster():decoder-wrappers.cc:289) Log-like per frame for utterance F1375207736-3769321_3769321-76912471_1623182008-GB-F-001 is -3.51666 over 141 frames.
F1375207736-3769321_3769321-76912471_1623182008-GB-F-002 MMM YEAH 
LOG (gmm-latgen-faster[5.5.480~1-09abd]:DecodeUtteranceLatticeFaster():decoder-wrappers.cc:289) Log-like per frame for utterance F1375207736-3769321_3769321-76912471_1623182008-GB-F-002 is -3.0109 over 176 frames.
F1375207736-3769321_3769321-76912471_1623182008-GB-F-003 MMM YEAH YEAH YEAH 
LOG (gmm-latgen-faster[5.5.480~1-09abd]:DecodeUtteranceLatticeFaster():decoder-wrappers.cc:289) Log-like per frame for utterance F1375207736-3769321_3769321-76912471_1623182008-GB-F-003 is -3.53065 over 373 frames.
F1375207736-3769321_3769321-76912471_1623182008-GB-F-004 MMM UH 
LOG (gmm-latgen-faster[5.5.480~1-09abd]:DecodeUtteranceLatticeFaster():decoder-wrappers.cc:289) Log-like per frame for utterance F1375207736-3769321_3769321-76912471_1623182008-GB-F-004 is -2.83818 over 106 frames.
F1375207736-3769321_3769321-76912471_1623182008-GB-F-005 MMM YEAH 
LOG (gmm-latgen-faster[5.5.480~1-09abd]:DecodeUtteranceLatticeFaster():decoder-wrappers.cc:289) Log-like per frame for utterance F1375207736-3769321_3769321-76912471_1623182008-GB-F-005 is -2.97315 over 162 frames.
F1375207736-3769321_3769321-76912471_1623182008-GB-F-006 MMM MMM YEA YEAH 
LOG (gmm-latgen-faster[5.5.480~1-09abd]:DecodeUtteranceLatticeFaster():decoder-wrappers.cc:289) Log-like per frame for utterance F1375207736-3769321_3769321-76912471_1623182008-GB-F-006 is -3.4241 over 340 frames.
F1375207736-3769321_3769321-76912471_1623182008-GB-F-007 AND BABY I JUST DON'T GET IT 
LOG (gmm-latgen-faster[5.5.480~1-09abd]:DecodeUtteranceLatticeFaster():decoder-wrappers.cc:289) Log-like per frame for utterance F1375207736-3769321_3769321-76912471_1623182008-GB-F-007 is -4.38573 over 178 frames.
F1375207736-3769321_3769321-76912471_1623182008-GB-F-008 DO YOU ENJOY BEING HURT 
LOG (gmm-latgen-faster[5.5.480~1-09abd]:DecodeUtteranceLatticeFaster():decoder-wrappers.cc:289) Log-like per frame for utterance F1375207736-3769321_3769321-76912471_1623182008-GB-F-008 is -4.69135 over 158 frames.
F1375207736-3769321_3769321-76912471_1623182008-GB-F-009 I KNOW YOU SMELLED THE PERFUME 
LOG (gmm-latgen-faster[5.5.480~1-09abd]:DecodeUtteranceLatticeFaster():decoder-wrappers.cc:289) Log-like per frame for utterance F1375207736-3769321_3769321-76912471_1623182008-GB-F-009 is -4.6267 over 182 frames.
F1375207736-3769321_3769321-76912471_1623182008-GB-F-010 THE MAKEUP ON HIS SHIRT YOU DON'T BELIEVE HIS STORIES 
LOG (gmm-latgen-faster[5.5.480~1-09abd]:DecodeUtteranceLatticeFaster():decoder-wrappers.cc:289) Log-like per frame for utterance F1375207736-3769321_3769321-76912471_1623182008-GB-F-010 is -4.55987 over 404 frames.
F1375207736-3769321_3769321-76912471_1623182008-GB-F-012 YOU KNOW THAT THEY'RE ALL NOW IT'S BAD AS SHE WHAT STICK AROUND AND I JUST DON'T KNOW WHY IF 
LOG (gmm-latgen-faster[5.5.480~1-09abd]:DecodeUtteranceLatticeFaster():decoder-wrappers.cc:289) Log-like per frame for utterance F1375207736-3769321_3769321-76912471_1623182008-GB-F-012 is -4.89194 over 654 frames.
F1375207736-3769321_3769321-76912471_1623182008-GB-F-016 BABY YOU 
LOG (gmm-latgen-faster[5.5.480~1-09abd]:DecodeUtteranceLatticeFaster():decoder-wrappers.cc:289) Log-like per frame for utterance F1375207736-3769321_3769321-76912471_1623182008-GB-F-016 is -4.0522 over 124 frames.
F1375207736-3769321_3769321-76912471_1623182008-GB-F-018 WHAT I DO 
LOG (gmm-latgen-faster[5.5.480~1-09abd]:DecodeUtteranceLatticeFaster():decoder-wrappers.cc:289) Log-like per frame for utterance F1375207736-3769321_3769321-76912471_1623182008-GB-F-018 is -3.6372 over 194 frames.
F1375207736-3769321_3769321-76912471_1623182008-GB-F-020 BACK TO YOU EVERY NIGHT DOIN' YOU LIKE 
LOG (gmm-latgen-faster[5.5.480~1-09abd]:DecodeUtteranceLatticeFaster():decoder-wrappers.cc:289) Log-like per frame for utterance F1375207736-3769321_3769321-76912471_1623182008-GB-F-020 is -4.39058 over 462 frames.
F1375207736-3769321_3769321-76912471_1623182008-GB-F-023 DESERVES GOOD THINGS 
LOG (gmm-latgen-faster[5.5.480~1-09abd]:DecodeUtteranceLatticeFaster():decoder-wrappers.cc:289) Log-like per frame for utterance F1375207736-3769321_3769321-76912471_1623182008-GB-F-023 is -5.11497 over 116 frames.
F1375207736-3769321_3769321-76912471_1623182008-GB-F-025 HANDFUL OF RINGS 
LOG (gmm-latgen-faster[5.5.480~1-09abd]:DecodeUtteranceLatticeFaster():decoder-wrappers.cc:289) Log-like per frame for utterance F1375207736-3769321_3769321-76912471_1623182008-GB-F-025 is -4.4997 over 197 frames.
F1375207736-3769321_3769321-76912471_1623182008-GB-F-027 IN I JUST WANT TO SHOW YOU ARE YOU SHOULD LET ME LOVE YOU LET ME BE THE WANT TO 
LOG (gmm-latgen-faster[5.5.480~1-09abd]:DecodeUtteranceLatticeFaster():decoder-wrappers.cc:289) Log-like per frame for utterance F1375207736-3769321_3769321-76912471_1623182008-GB-F-027 is -4.38788 over 733 frames.
F1375207736-3769321_3769321-76912471_1623182008-GB-F-030 GIVE YOU EVERYTHING YOU WANT AND NEED 
LOG (gmm-latgen-faster[5.5.480~1-09abd]:DecodeUtteranceLatticeFaster():decoder-wrappers.cc:289) Log-like per frame for utterance F1375207736-3769321_3769321-76912471_1623182008-GB-F-030 is -4.21495 over 388 frames.
F1375207736-3769321_3769321-76912471_1623182008-GB-F-031 BABY GOOD LOVE AND PROTECTION MAKE ME YOUR SELECTION SHOW YOU THE WAY LOVE'S SUPPOSED TO BE 
LOG (gmm-latgen-faster[5.5.480~1-09abd]:DecodeUtteranceLatticeFaster():decoder-wrappers.cc:289) Log-like per frame for utterance F1375207736-3769321_3769321-76912471_1623182008-GB-F-031 is -4.5026 over 940 frames.
F1375207736-3769321_3769321-76912471_1623182008-GB-F-034 BABY YOU SHOULD LET ME LOVE YOU LOVE YOU LOVE YOU 
LOG (gmm-latgen-faster[5.5.480~1-09abd]:DecodeUtteranceLatticeFaster():decoder-wrappers.cc:289) Log-like per frame for utterance F1375207736-3769321_3769321-76912471_1623182008-GB-F-034 is -3.83829 over 524 frames.
F1375207736-3769321_3769321-76912471_1623182008-GB-F-037 LOVE YOU YEAH 
LOG (gmm-latgen-faster[5.5.480~1-09abd]:DecodeUtteranceLatticeFaster():decoder-wrappers.cc:289) Log-like per frame for utterance F1375207736-3769321_3769321-76912471_1623182008-GB-F-037 is -3.95151 over 421 frames.
F1375207736-3769321_3769321-76912471_1623182008-GB-F-038 LISTEN YOUR TRUE BEAUTY'S DESCRIPTION 
LOG (gmm-latgen-faster[5.5.480~1-09abd]:DecodeUtteranceLatticeFaster():decoder-wrappers.cc:289) Log-like per frame for utterance F1375207736-3769321_3769321-76912471_1623182008-GB-F-038 is -4.63379 over 299 frames.
F1375207736-3769321_3769321-76912471_1623182008-GB-F-039 LOOKS SO GOOD THAT IT HURTS YOU'RE A DIME PLUS NINETY NINE AND IT'S A SHAME DON'T EVEN KNOW WHAT YOU'RE WORTH 
LOG (gmm-latgen-faster[5.5.480~1-09abd]:DecodeUtteranceLatticeFaster():decoder-wrappers.cc:289) Log-like per frame for utterance F1375207736-3769321_3769321-76912471_1623182008-GB-F-039 is -4.76256 over 668 frames.
F1375207736-3769321_3769321-76912471_1623182008-GB-F-044 EVERYWHERE YOU GO THEY STOP AND STARE 'CAUSE YOU'RE BAD AND IT SHOWS 
LOG (gmm-latgen-faster[5.5.480~1-09abd]:DecodeUtteranceLatticeFaster():decoder-wrappers.cc:289) Log-like per frame for utterance F1375207736-3769321_3769321-76912471_1623182008-GB-F-044 is -4.64866 over 436 frames.
F1375207736-3769321_3769321-76912471_1623182008-GB-F-046 FROM YOUR HEAD TO YOUR TOES I CONTROL KNOW BABY YOU ARE 
LOG (gmm-latgen-faster[5.5.480~1-09abd]:DecodeUtteranceLatticeFaster():decoder-wrappers.cc:289) Log-like per frame for utterance F1375207736-3769321_3769321-76912471_1623182008-GB-F-046 is -4.79396 over 705 frames.
F1375207736-3769321_3769321-76912471_1623182008-GB-F-051 WHAT I DO 
LOG (gmm-latgen-faster[5.5.480~1-09abd]:DecodeUtteranceLatticeFaster():decoder-wrappers.cc:289) Log-like per frame for utterance F1375207736-3769321_3769321-76912471_1623182008-GB-F-051 is -4.06853 over 203 frames.
F1375207736-3769321_3769321-76912471_1623182008-GB-F-053 BACK TO YOU EVERY NIGHT DOIN' YOU RIGHT LIKE 
LOG (gmm-latgen-faster[5.5.480~1-09abd]:DecodeUtteranceLatticeFaster():decoder-wrappers.cc:289) Log-like per frame for utterance F1375207736-3769321_3769321-76912471_1623182008-GB-F-053 is -5.05937 over 443 frames.
F1375207736-3769321_3769321-76912471_1623182008-GB-F-056 DESERVES GOOD TO 
LOG (gmm-latgen-faster[5.5.480~1-09abd]:DecodeUtteranceLatticeFaster():decoder-wrappers.cc:289) Log-like per frame for utterance F1375207736-3769321_3769321-76912471_1623182008-GB-F-056 is -5.19493 over 119 frames.
F1375207736-3769321_3769321-76912471_1623182008-GB-F-058 HANDFUL 
LOG (gmm-latgen-faster[5.5.480~1-09abd]:DecodeUtteranceLatticeFaster():decoder-wrappers.cc:289) Log-like per frame for utterance F1375207736-3769321_3769321-76912471_1623182008-GB-F-058 is -4.71041 over 111 frames.
F1375207736-3769321_3769321-76912471_1623182008-GB-F-060 AND I JUST WANT TO SHOW YOU WANT 
LOG (gmm-latgen-faster[5.5.480~1-09abd]:DecodeUtteranceLatticeFaster():decoder-wrappers.cc:289) Log-like per frame for utterance F1375207736-3769321_3769321-76912471_1623182008-GB-F-060 is -4.46209 over 250 frames.
F1375207736-3769321_3769321-76912471_1623182008-GB-F-061 YOU SHOULD LET ME LOVE YOU WANT TO 
LOG (gmm-latgen-faster[5.5.480~1-09abd]:DecodeUtteranceLatticeFaster():decoder-wrappers.cc:289) Log-like per frame for utterance F1375207736-3769321_3769321-76912471_1623182008-GB-F-061 is -4.27808 over 485 frames.
F1377785402-90787007_2368054-40739717_1628488996-GB-F-004 TRUE LOVE <UNK> 
LOG (gmm-latgen-faster[5.5.480~1-09abd]:DecodeUtteranceLatticeFaster():decoder-wrappers.cc:289) Log-like per frame for utterance F1377785402-90787007_2368054-40739717_1628488996-GB-F-004 is -2.94606 over 307 frames.
F1377785402-90787007_2368054-40739717_1628488996-GB-F-005 TALE AS OLD AS TIME 
LOG (gmm-latgen-faster[5.5.480~1-09abd]:DecodeUtteranceLatticeFaster():decoder-wrappers.cc:289) Log-like per frame for utterance F1377785402-90787007_2368054-40739717_1628488996-GB-F-005 is -4.55629 over 238 frames.
F1377785402-90787007_2368054-40739717_1628488996-GB-F-006 TRUE AS IT CAN BE 
LOG (gmm-latgen-faster[5.5.480~1-09abd]:DecodeUtteranceLatticeFaster():decoder-wrappers.cc:289) Log-like per frame for utterance F1377785402-90787007_2368054-40739717_1628488996-GB-F-006 is -3.92027 over 311 frames.
F1377785402-90787007_2368054-40739717_1628488996-GB-F-007 BARELY EVEN FRIENDS 
LOG (gmm-latgen-faster[5.5.480~1-09abd]:DecodeUtteranceLatticeFaster():decoder-wrappers.cc:289) Log-like per frame for utterance F1377785402-90787007_2368054-40739717_1628488996-GB-F-007 is -4.49144 over 249 frames.
F1377785402-90787007_2368054-40739717_1628488996-GB-F-008 THEN SOMEBODY BENDS 
LOG (gmm-latgen-faster[5.5.480~1-09abd]:DecodeUtteranceLatticeFaster():decoder-wrappers.cc:289) Log-like per frame for utterance F1377785402-90787007_2368054-40739717_1628488996-GB-F-008 is -4.55235 over 296 frames.
F1377785402-90787007_2368054-40739717_1628488996-GB-F-010 UNEXPECTEDLY 
LOG (gmm-latgen-faster[5.5.480~1-09abd]:DecodeUtteranceLatticeFaster():decoder-wrappers.cc:289) Log-like per frame for utterance F1377785402-90787007_2368054-40739717_1628488996-GB-F-010 is -3.38547 over 357 frames.
F1377785402-90787007_2368054-40739717_1628488996-GB-F-016 BEAUTY AND THE BEAST 
LOG (gmm-latgen-faster[5.5.480~1-09abd]:DecodeUtteranceLatticeFaster():decoder-wrappers.cc:289) Log-like per frame for utterance F1377785402-90787007_2368054-40739717_1628488996-GB-F-016 is -2.68791 over 498 frames.
F1377785402-90787007_2368054-40739717_1628488996-GB-F-017 EVER JUST THE SAME IT 
LOG (gmm-latgen-faster[5.5.480~1-09abd]:DecodeUtteranceLatticeFaster():decoder-wrappers.cc:289) Log-like per frame for utterance F1377785402-90787007_2368054-40739717_1628488996-GB-F-017 is -3.55639 over 496 frames.
F1377785402-90787007_2368054-40739717_1628488996-GB-F-018 EVER A SURPRISE IS 
LOG (gmm-latgen-faster[5.5.480~1-09abd]:DecodeUtteranceLatticeFaster():decoder-wrappers.cc:289) Log-like per frame for utterance F1377785402-90787007_2368054-40739717_1628488996-GB-F-018 is -3.42321 over 445 frames.
F1377785402-90787007_2368054-40739717_1628488996-GB-F-019 EVER AS BEFORE EVER JUST AS SURE 
LOG (gmm-latgen-faster[5.5.480~1-09abd]:DecodeUtteranceLatticeFaster():decoder-wrappers.cc:289) Log-like per frame for utterance F1377785402-90787007_2368054-40739717_1628488996-GB-F-019 is -3.75067 over 515 frames.
F1377785402-90787007_2368054-40739717_1628488996-GB-F-022 AS THE SUN WILL RISE <UNK> 
LOG (gmm-latgen-faster[5.5.480~1-09abd]:DecodeUtteranceLatticeFaster():decoder-wrappers.cc:289) Log-like per frame for utterance F1377785402-90787007_2368054-40739717_1628488996-GB-F-022 is -3.24733 over 736 frames.
F1377785402-90787007_2368054-40739717_1628488996-GB-F-028 <UNK> <UNK> 
LOG (gmm-latgen-faster[5.5.480~1-09abd]:DecodeUtteranceLatticeFaster():decoder-wrappers.cc:289) Log-like per frame for utterance F1377785402-90787007_2368054-40739717_1628488996-GB-F-028 is -3.99421 over 247 frames.
F1377785402-90787007_2368054-40739717_1628488996-GB-F-031 EVER AS BEFORE EVER JUST AS SURE 
LOG (gmm-latgen-faster[5.5.480~1-09abd]:DecodeUtteranceLatticeFaster():decoder-wrappers.cc:289) Log-like per frame for utterance F1377785402-90787007_2368054-40739717_1628488996-GB-F-031 is -4.24016 over 562 frames.
F1377785402-90787007_2368054-40739717_1628488996-GB-F-034 AS THE SUN WILL RISE <UNK> SONG YOUR <UNK> TALE AS OLD AS TIME 
LOG (gmm-latgen-faster[5.5.480~1-09abd]:DecodeUtteranceLatticeFaster():decoder-wrappers.cc:289) Log-like per frame for utterance F1377785402-90787007_2368054-40739717_1628488996-GB-F-034 is -3.88017 over 1528 frames.
F1377785402-90787007_2368054-40739717_1628488996-GB-F-038 TUNE AS OLD AS SONG 
LOG (gmm-latgen-faster[5.5.480~1-09abd]:DecodeUtteranceLatticeFaster():decoder-wrappers.cc:289) Log-like per frame for utterance F1377785402-90787007_2368054-40739717_1628488996-GB-F-038 is -3.31596 over 476 frames.
F1377785402-90787007_2368054-40739717_1628488996-GB-F-039 BITTER SWEET SHE CAN CHANGE 
LOG (gmm-latgen-faster[5.5.480~1-09abd]:DecodeUtteranceLatticeFaster():decoder-wrappers.cc:289) Log-like per frame for utterance F1377785402-90787007_2368054-40739717_1628488996-GB-F-039 is -4.97998 over 580 frames.
F1377785402-90787007_2368054-40739717_1628488996-GB-F-042 LEARNING YOU WERE WRONG 
LOG (gmm-latgen-faster[5.5.480~1-09abd]:DecodeUtteranceLatticeFaster():decoder-wrappers.cc:289) Log-like per frame for utterance F1377785402-90787007_2368054-40739717_1628488996-GB-F-042 is -3.06391 over 445 frames.
F1377785402-90787007_2368054-40739717_1628488996-GB-F-045 TALE AS OLD AS TIME 
LOG (gmm-latgen-faster[5.5.480~1-09abd]:DecodeUtteranceLatticeFaster():decoder-wrappers.cc:289) Log-like per frame for utterance F1377785402-90787007_2368054-40739717_1628488996-GB-F-045 is -4.14897 over 282 frames.
F1377785402-90787007_2368054-40739717_1628488996-GB-F-048 BEAUTY AND THE BEAST 
LOG (gmm-latgen-faster[5.5.480~1-09abd]:DecodeUtteranceLatticeFaster():decoder-wrappers.cc:289) Log-like per frame for utterance F1377785402-90787007_2368054-40739717_1628488996-GB-F-048 is -2.83053 over 502 frames.
F1377785402-90787007_2368054-40739717_1628488996-GB-F-049 TALE AS OLD AS TIME 
LOG (gmm-latgen-faster[5.5.480~1-09abd]:DecodeUtteranceLatticeFaster():decoder-wrappers.cc:289) Log-like per frame for utterance F1377785402-90787007_2368054-40739717_1628488996-GB-F-049 is -4.22596 over 281 frames.
F1377785402-90787007_2368054-40739717_1628488996-GB-F-052 BEAUTY AND THE BEAST 
LOG (gmm-latgen-faster[5.5.480~1-09abd]:DecodeUtteranceLatticeFaster():decoder-wrappers.cc:289) Log-like per frame for utterance F1377785402-90787007_2368054-40739717_1628488996-GB-F-052 is -2.59942 over 514 frames.
F1377785402-90787007_2368054-40739717_1628488996-GB-F-054 <UNK> ON 
LOG (gmm-latgen-faster[5.5.480~1-09abd]:DecodeUtteranceLatticeFaster():decoder-wrappers.cc:289) Log-like per frame for utterance F1377785402-90787007_2368054-40739717_1628488996-GB-F-054 is -3.78645 over 347 frames.
F1377785402-90787007_2368054-40739717_1628488996-GB-F-057 BEAUTY AND THE BEAST 
LOG (gmm-latgen-faster[5.5.480~1-09abd]:DecodeUtteranceLatticeFaster():decoder-wrappers.cc:289) Log-like per frame for utterance F1377785402-90787007_2368054-40739717_1628488996-GB-F-057 is -3.06854 over 1013 frames.
F1393417343-388154009_2957095-217161417_1691696342-GB-F-003 W I C K E D 
LOG (gmm-latgen-faster[5.5.480~1-09abd]:DecodeUtteranceLatticeFaster():decoder-wrappers.cc:289) Log-like per frame for utterance F1393417343-388154009_2957095-217161417_1691696342-GB-F-003 is -5.2536 over 190 frames.
F1393417343-388154009_2957095-217161417_1691696342-GB-F-007 HEY HEY HEY HEY HEY 
LOG (gmm-latgen-faster[5.5.480~1-09abd]:DecodeUtteranceLatticeFaster():decoder-wrappers.cc:289) Log-like per frame for utterance F1393417343-388154009_2957095-217161417_1691696342-GB-F-007 is -4.36153 over 228 frames.
F1393417343-388154009_2957095-217161417_1691696342-GB-F-008 
LOG (gmm-latgen-faster[5.5.480~1-09abd]:DecodeUtteranceLatticeFaster():decoder-wrappers.cc:289) Log-like per frame for utterance F1393417343-388154009_2957095-217161417_1691696342-GB-F-008 is -4.14169 over 166 frames.
F1393417343-388154009_2957095-217161417_1691696342-GB-F-010 HAVIN' 'CAUSE THEY LOST MY INVITATION REMINDER GOT MY OWN KIND OF 'CAUSE WAY SHOW AND LOOKS LIKE THIS PLACE COULD USE A LITTLE LET'S GET IT <UNK> HAPPILY EVER AFTER WITH A LITTLE FLAVOR 
LOG (gmm-latgen-faster[5.5.480~1-09abd]:DecodeUtteranceLatticeFaster():decoder-wrappers.cc:289) Log-like per frame for utterance F1393417343-388154009_2957095-217161417_1691696342-GB-F-010 is -4.69042 over 1571 frames.
F1393417343-388154009_2957095-217161417_1691696342-GB-F-018 ALL WITH EVEN WORSE INTENTIONS WE'RE GONNA STEAL THE SHOW AND EVIL <UNK> ALL DEFENSELESS A TALE LIFE CAN BE OH SO OVERRATED SO RAISE YOUR VOICES LET'S GET IT BACK TO BABY DIP 
LOG (gmm-latgen-faster[5.5.480~1-09abd]:DecodeUtteranceLatticeFaster():decoder-wrappers.cc:289) Log-like per frame for utterance F1393417343-388154009_2957095-217161417_1691696342-GB-F-018 is -4.61292 over 1575 frames.
F1393417343-388154009_2957095-217161417_1691696342-GB-F-027 HAVIN' SOME FUN WE TAKE WHAT WE WANT THERE'S SO MANY WAYS TO BE WICKED 
LOG (gmm-latgen-faster[5.5.480~1-09abd]:DecodeUtteranceLatticeFaster():decoder-wrappers.cc:289) Log-like per frame for utterance F1393417343-388154009_2957095-217161417_1691696342-GB-F-027 is -4.59264 over 650 frames.
F1393417343-388154009_2957095-217161417_1691696342-GB-F-032 EVIL LIVES ON 
LOG (gmm-latgen-faster[5.5.480~1-09abd]:DecodeUtteranceLatticeFaster():decoder-wrappers.cc:289) Log-like per frame for utterance F1393417343-388154009_2957095-217161417_1691696342-GB-F-032 is -4.53043 over 186 frames.
F1393417343-388154009_2957095-217161417_1691696342-GB-F-034 THERE'S SO MANY WAYS TO BE WICKED 
LOG (gmm-latgen-faster[5.5.480~1-09abd]:DecodeUtteranceLatticeFaster():decoder-wrappers.cc:289) Log-like per frame for utterance F1393417343-388154009_2957095-217161417_1691696342-GB-F-034 is -4.41599 over 261 frames.
F1393417343-388154009_2957095-217161417_1691696342-GB-F-036 WANNA TRY IT TICK 
LOG (gmm-latgen-faster[5.5.480~1-09abd]:DecodeUtteranceLatticeFaster():decoder-wrappers.cc:289) Log-like per frame for utterance F1393417343-388154009_2957095-217161417_1691696342-GB-F-036 is -4.86234 over 125 frames.
F1393417343-388154009_2957095-217161417_1691696342-GB-F-037 TAKE TAKE A BITE COME ON 
LOG (gmm-latgen-faster[5.5.480~1-09abd]:DecodeUtteranceLatticeFaster():decoder-wrappers.cc:289) Log-like per frame for utterance F1393417343-388154009_2957095-217161417_1691696342-GB-F-037 is -5.0552 over 179 frames.
F1393417343-388154009_2957095-217161417_1691696342-GB-F-038 BE BOLD CHANGE WAY THE STORY'S TOLD THIS TIME 
LOG (gmm-latgen-faster[5.5.480~1-09abd]:DecodeUtteranceLatticeFaster():decoder-wrappers.cc:289) Log-like per frame for utterance F1393417343-388154009_2957095-217161417_1691696342-GB-F-038 is -5.3936 over 422 frames.
F1393417343-388154009_2957095-217161417_1691696342-GB-F-040 IS FINALLY CAN YOUR ATTENTION BY THE BOOK AND CLASS IS BACK IN SESSION 
LOG (gmm-latgen-faster[5.5.480~1-09abd]:DecodeUtteranceLatticeFaster():decoder-wrappers.cc:289) Log-like per frame for utterance F1393417343-388154009_2957095-217161417_1691696342-GB-F-040 is -5.02135 over 709 frames.
F1393417343-388154009_2957095-217161417_1691696342-GB-F-044 YOU IS TREASURE GOTTA TREASURE A RITE OF PASSAGE JUST DOESN'T GET MUCH BETTER 
LOG (gmm-latgen-faster[5.5.480~1-09abd]:DecodeUtteranceLatticeFaster():decoder-wrappers.cc:289) Log-like per frame for utterance F1393417343-388154009_2957095-217161417_1691696342-GB-F-044 is -4.57193 over 690 frames.
F1393417343-388154009_2957095-217161417_1691696342-GB-F-049 HAVIN' SOME FUN WE TAKE WHAT WE WANT THERE'S SO MANY WAYS TO BE WICKED 
LOG (gmm-latgen-faster[5.5.480~1-09abd]:DecodeUtteranceLatticeFaster():decoder-wrappers.cc:289) Log-like per frame for utterance F1393417343-388154009_2957095-217161417_1691696342-GB-F-049 is -4.68983 over 662 frames.
F1393417343-388154009_2957095-217161417_1691696342-GB-F-054 EVIL LIVES ON 
LOG (gmm-latgen-faster[5.5.480~1-09abd]:DecodeUtteranceLatticeFaster():decoder-wrappers.cc:289) Log-like per frame for utterance F1393417343-388154009_2957095-217161417_1691696342-GB-F-054 is -4.52772 over 183 frames.
F1393417343-388154009_2957095-217161417_1691696342-GB-F-056 THERE'S SO MANY WAYS TO BE WICKED 
LOG (gmm-latgen-faster[5.5.480~1-09abd]:DecodeUtteranceLatticeFaster():decoder-wrappers.cc:289) Log-like per frame for utterance F1393417343-388154009_2957095-217161417_1691696342-GB-F-056 is -4.49869 over 242 frames.
F1393417343-388154009_2957095-217161417_1691696342-GB-F-058 ALWAYS KNOWS 
LOG (gmm-latgen-faster[5.5.480~1-09abd]:DecodeUtteranceLatticeFaster():decoder-wrappers.cc:289) Log-like per frame for utterance F1393417343-388154009_2957095-217161417_1691696342-GB-F-058 is -4.76944 over 224 frames.
F1393417343-388154009_2957095-217161417_1691696342-GB-F-060 PASS EVERY TEST JUST HER AND I'M THE WAYS IN MY HEAD 
LOG (gmm-latgen-faster[5.5.480~1-09abd]:DecodeUtteranceLatticeFaster():decoder-wrappers.cc:289) Log-like per frame for utterance F1393417343-388154009_2957095-217161417_1691696342-GB-F-060 is -4.39891 over 655 frames.
F1393417343-388154009_2957095-217161417_1691696342-GB-F-066 W I C K 
LOG (gmm-latgen-faster[5.5.480~1-09abd]:DecodeUtteranceLatticeFaster():decoder-wrappers.cc:289) Log-like per frame for utterance F1393417343-388154009_2957095-217161417_1691696342-GB-F-066 is -5.07438 over 156 frames.
F1393417343-388154009_2957095-217161417_1691696342-GB-F-070 HEY HEY HEY 
LOG (gmm-latgen-faster[5.5.480~1-09abd]:DecodeUtteranceLatticeFaster():decoder-wrappers.cc:289) Log-like per frame for utterance F1393417343-388154009_2957095-217161417_1691696342-GB-F-070 is -4.56396 over 120 frames.
F1393417343-388154009_2957095-217161417_1691696342-GB-F-071 W I C K E D 
LOG (gmm-latgen-faster[5.5.480~1-09abd]:DecodeUtteranceLatticeFaster():decoder-wrappers.cc:289) Log-like per frame for utterance F1393417343-388154009_2957095-217161417_1691696342-GB-F-071 is -4.75011 over 226 frames.
F1393417343-388154009_2957095-217161417_1691696342-GB-F-074 HAVIN' SOME FUN WE TAKE WHAT WE WANT THERE'S SO MANY WAYS TO BE WICKED 
LOG (gmm-latgen-faster[5.5.480~1-09abd]:DecodeUtteranceLatticeFaster():decoder-wrappers.cc:289) Log-like per frame for utterance F1393417343-388154009_2957095-217161417_1691696342-GB-F-074 is -4.76517 over 656 frames.
F1393417343-388154009_2957095-217161417_1691696342-GB-F-079 EVIL LIVES ON 
LOG (gmm-latgen-faster[5.5.480~1-09abd]:DecodeUtteranceLatticeFaster():decoder-wrappers.cc:289) Log-like per frame for utterance F1393417343-388154009_2957095-217161417_1691696342-GB-F-079 is -4.49764 over 177 frames.
F1393417343-388154009_2957095-217161417_1691696342-GB-F-081 THERE'S SO MANY WAYS TO BE WICKED 
LOG (gmm-latgen-faster[5.5.480~1-09abd]:DecodeUtteranceLatticeFaster():decoder-wrappers.cc:289) Log-like per frame for utterance F1393417343-388154009_2957095-217161417_1691696342-GB-F-081 is -4.25828 over 271 frames.
F1393417343-388154009_2957095-217161417_1691696342-GB-F-084 UNUSUAL 
LOG (gmm-latgen-faster[5.5.480~1-09abd]:DecodeUtteranceLatticeFaster():decoder-wrappers.cc:289) Log-like per frame for utterance F1393417343-388154009_2957095-217161417_1691696342-GB-F-084 is -4.74409 over 195 frames.
F1393417343-388154009_2957095-217161417_1691696342-GB-F-086 THERE'S SO MANY WAYS TO BE WICKED WITH 
LOG (gmm-latgen-faster[5.5.480~1-09abd]:DecodeUtteranceLatticeFaster():decoder-wrappers.cc:289) Log-like per frame for utterance F1393417343-388154009_2957095-217161417_1691696342-GB-F-086 is -4.33132 over 266 frames.
F1393417343-388154009_2957095-217161417_1691696342-GB-F-089 EVIL LIVES ON 
LOG (gmm-latgen-faster[5.5.480~1-09abd]:DecodeUtteranceLatticeFaster():decoder-wrappers.cc:289) Log-like per frame for utterance F1393417343-388154009_2957095-217161417_1691696342-GB-F-089 is -4.71305 over 188 frames.
F1393417343-388154009_2957095-217161417_1691696342-GB-F-091 THERE'S SO MANY WAYS TO BE WICKED A HEY 
LOG (gmm-latgen-faster[5.5.480~1-09abd]:DecodeUtteranceLatticeFaster():decoder-wrappers.cc:289) Log-like per frame for utterance F1393417343-388154009_2957095-217161417_1691696342-GB-F-091 is -4.2896 over 839 frames.
F1393417343-388154009_2957095-217161417_1691696342-GB-F-094 I C K E D 
LOG (gmm-latgen-faster[5.5.480~1-09abd]:DecodeUtteranceLatticeFaster():decoder-wrappers.cc:289) Log-like per frame for utterance F1393417343-388154009_2957095-217161417_1691696342-GB-F-094 is -4.85115 over 138 frames.
F1393417343-388154009_2957095-217161417_1691696342-GB-F-096 W I C K E D 
LOG (gmm-latgen-faster[5.5.480~1-09abd]:DecodeUtteranceLatticeFaster():decoder-wrappers.cc:289) Log-like per frame for utterance F1393417343-388154009_2957095-217161417_1691696342-GB-F-096 is -4.70398 over 204 frames.
F1393417343-388154009_2957095-217161417_1691696342-GB-F-098 W I C K E D WE 
LOG (gmm-latgen-faster[5.5.480~1-09abd]:DecodeUtteranceLatticeFaster():decoder-wrappers.cc:289) Log-like per frame for utterance F1393417343-388154009_2957095-217161417_1691696342-GB-F-098 is -4.85485 over 208 frames.
F1393417343-388154009_2957095-217161417_1691696342-GB-F-100 MANY WAYS TO BE WICKED 
LOG (gmm-latgen-faster[5.5.480~1-09abd]:DecodeUtteranceLatticeFaster():decoder-wrappers.cc:289) Log-like per frame for utterance F1393417343-388154009_2957095-217161417_1691696342-GB-F-100 is -4.36164 over 274 frames.
F13951102-467601300_2618135-389530156_1582991524-GB-F-001 TOOK THE SUPERMARKET 
LOG (gmm-latgen-faster[5.5.480~1-09abd]:DecodeUtteranceLatticeFaster():decoder-wrappers.cc:289) Log-like per frame for utterance F13951102-467601300_2618135-389530156_1582991524-GB-F-001 is -4.81415 over 138 frames.
F13951102-467601300_2618135-389530156_1582991524-GB-F-002 FROM THIS FROM THE WINDOWSILL THREW THE DAY OLD TEA FROM THE CUP 
LOG (gmm-latgen-faster[5.5.480~1-09abd]:DecodeUtteranceLatticeFaster():decoder-wrappers.cc:289) Log-like per frame for utterance F13951102-467601300_2618135-389530156_1582991524-GB-F-002 is -4.25448 over 791 frames.
F13951102-467601300_2618135-389530156_1582991524-GB-F-004 TOOK THE PHOTO ALBUM MATTHEW HAD MADE MEMORIES OF A LIFE THAT'S BEEN LOVED 
LOG (gmm-latgen-faster[5.5.480~1-09abd]:DecodeUtteranceLatticeFaster():decoder-wrappers.cc:289) Log-like per frame for utterance F13951102-467601300_2618135-389530156_1582991524-GB-F-004 is -4.4535 over 869 frames.
F13951102-467601300_2618135-389530156_1582991524-GB-F-008 TOOK THE GET WELL SOON CARDS AND STUFFED ANIMALS POURED THE OLD GINGER BEER DOWN THE SINK 
LOG (gmm-latgen-faster[5.5.480~1-09abd]:DecodeUtteranceLatticeFaster():decoder-wrappers.cc:289) Log-like per frame for utterance F13951102-467601300_2618135-389530156_1582991524-GB-F-008 is -4.07401 over 942 frames.
F13951102-467601300_2618135-389530156_1582991524-GB-F-011 DAD ALWAYS TOLD ME DON'T YOU CRY WHEN YOU'RE DOWN THE MUM THERE'S A TEAR EVERY TIME THAT I BLINK 
LOG (gmm-latgen-faster[5.5.480~1-09abd]:DecodeUtteranceLatticeFaster():decoder-wrappers.cc:289) Log-like per frame for utterance F13951102-467601300_2618135-389530156_1582991524-GB-F-011 is -4.30763 over 864 frames.
F13951102-467601300_2618135-389530156_1582991524-GB-F-017 THIS IT'S TEARING ME DON'T THAT I KNOW 
LOG (gmm-latgen-faster[5.5.480~1-09abd]:DecodeUtteranceLatticeFaster():decoder-wrappers.cc:289) Log-like per frame for utterance F13951102-467601300_2618135-389530156_1582991524-GB-F-017 is -5.05716 over 520 frames.
F13951102-467601300_2618135-389530156_1582991524-GB-F-020 IT'S I HEART THAT'S BEEN LOVED SO I'LL SING HALLELUJAH 
LOG (gmm-latgen-faster[5.5.480~1-09abd]:DecodeUtteranceLatticeFaster():decoder-wrappers.cc:289) Log-like per frame for utterance F13951102-467601300_2618135-389530156_1582991524-GB-F-020 is -4.13262 over 581 frames.
F13951102-467601300_2618135-389530156_1582991524-GB-F-022 YOU WERE AN ANGEL IN THE SHAPE OF MY MUM 
LOG (gmm-latgen-faster[5.5.480~1-09abd]:DecodeUtteranceLatticeFaster():decoder-wrappers.cc:289) Log-like per frame for utterance F13951102-467601300_2618135-389530156_1582991524-GB-F-022 is -4.07021 over 410 frames.
F13951102-467601300_2618135-389530156_1582991524-GB-F-023 WHEN I FELL DOWN YOU'D BE THERE HOLDING ME UP SPREAD YOUR AS YOU GO WHEN GOD 
LOG (gmm-latgen-faster[5.5.480~1-09abd]:DecodeUtteranceLatticeFaster():decoder-wrappers.cc:289) Log-like per frame for utterance F13951102-467601300_2618135-389530156_1582991524-GB-F-023 is -4.56374 over 791 frames.
F13951102-467601300_2618135-389530156_1582991524-GB-F-028 TAKES YOU BACK HE'LL SAY HALLELUJAH 
LOG (gmm-latgen-faster[5.5.480~1-09abd]:DecodeUtteranceLatticeFaster():decoder-wrappers.cc:289) Log-like per frame for utterance F13951102-467601300_2618135-389530156_1582991524-GB-F-028 is -4.34311 over 368 frames.
F13951102-467601300_2618135-389530156_1582991524-GB-F-030 YOU'RE HOME WILL 
LOG (gmm-latgen-faster[5.5.480~1-09abd]:DecodeUtteranceLatticeFaster():decoder-wrappers.cc:289) Log-like per frame for utterance F13951102-467601300_2618135-389530156_1582991524-GB-F-030 is -3.15912 over 220 frames.
F13951102-467601300_2618135-389530156_1582991524-GB-F-031 HEART THE PILLOWS MADE THE BEDS STACKED THE CHAIRS UP 
LOG (gmm-latgen-faster[5.5.480~1-09abd]:DecodeUtteranceLatticeFaster():decoder-wrappers.cc:289) Log-like per frame for utterance F13951102-467601300_2618135-389530156_1582991524-GB-F-031 is -4.70348 over 383 frames.
F13951102-467601300_2618135-389530156_1582991524-GB-F-033 FOLDED YOUR LIFE THAT'S NEATLY IN A CASE 
LOG (gmm-latgen-faster[5.5.480~1-09abd]:DecodeUtteranceLatticeFaster():decoder-wrappers.cc:289) Log-like per frame for utterance F13951102-467601300_2618135-389530156_1582991524-GB-F-033 is -4.32064 over 479 frames.
F13951102-467601300_2618135-389530156_1582991524-GB-F-034 HE'D DRIVE THEN PUT HIS HAND ON MY 
LOG (gmm-latgen-faster[5.5.480~1-09abd]:DecodeUtteranceLatticeFaster():decoder-wrappers.cc:289) Log-like per frame for utterance F13951102-467601300_2618135-389530156_1582991524-GB-F-034 is -4.70972 over 330 frames.
F13951102-467601300_2618135-389530156_1582991524-GB-F-036 TAKES AND WIPED A TEAR FROM THE SIDE OF MY FACE 
LOG (gmm-latgen-faster[5.5.480~1-09abd]:DecodeUtteranceLatticeFaster():decoder-wrappers.cc:289) Log-like per frame for utterance F13951102-467601300_2618135-389530156_1582991524-GB-F-036 is -4.30352 over 538 frames.
F13951102-467601300_2618135-389530156_1582991524-GB-F-039 SEE THE WORLD AS YOU DID CAUSE I KNOW TO IS A LIFE THAT'S BEEN LIVED SO I'LL SING HALLELUJAH 
LOG (gmm-latgen-faster[5.5.480~1-09abd]:DecodeUtteranceLatticeFaster():decoder-wrappers.cc:289) Log-like per frame for utterance F13951102-467601300_2618135-389530156_1582991524-GB-F-039 is -4.59042 over 1211 frames.
F13951102-467601300_2618135-389530156_1582991524-GB-F-045 YOU WERE AN ANGEL IN THE SHAPE OF MY MUM 
LOG (gmm-latgen-faster[5.5.480~1-09abd]:DecodeUtteranceLatticeFaster():decoder-wrappers.cc:289) Log-like per frame for utterance F13951102-467601300_2618135-389530156_1582991524-GB-F-045 is -3.99669 over 408 frames.
F13951102-467601300_2618135-389530156_1582991524-GB-F-046 WHEN I FELL DOWN YOU'D BE THERE HOLDING ME UP SPREAD YOUR AS YOU GO 
LOG (gmm-latgen-faster[5.5.480~1-09abd]:DecodeUtteranceLatticeFaster():decoder-wrappers.cc:289) Log-like per frame for utterance F13951102-467601300_2618135-389530156_1582991524-GB-F-046 is -4.63721 over 590 frames.
F13951102-467601300_2618135-389530156_1582991524-GB-F-049 KNOW THAT WHEN GOD TO 
LOG (gmm-latgen-faster[5.5.480~1-09abd]:DecodeUtteranceLatticeFaster():decoder-wrappers.cc:289) Log-like per frame for utterance F13951102-467601300_2618135-389530156_1582991524-GB-F-049 is -4.27946 over 211 frames.
F13951102-467601300_2618135-389530156_1582991524-GB-F-051 YOU BACK YOU SAY HALLELUJAH YOU'RE HOME 
LOG (gmm-latgen-faster[5.5.480~1-09abd]:DecodeUtteranceLatticeFaster():decoder-wrappers.cc:289) Log-like per frame for utterance F13951102-467601300_2618135-389530156_1582991524-GB-F-051 is -3.7948 over 603 frames.
F13951102-467601300_2618135-389530156_1582991524-GB-F-053 <UNK> 
LOG (gmm-latgen-faster[5.5.480~1-09abd]:DecodeUtteranceLatticeFaster():decoder-wrappers.cc:289) Log-like per frame for utterance F13951102-467601300_2618135-389530156_1582991524-GB-F-053 is -3.20865 over 734 frames.
F13951102-467601300_2618135-389530156_1582991524-GB-F-054 <UNK> 
LOG (gmm-latgen-faster[5.5.480~1-09abd]:DecodeUtteranceLatticeFaster():decoder-wrappers.cc:289) Log-like per frame for utterance F13951102-467601300_2618135-389530156_1582991524-GB-F-054 is -3.61493 over 711 frames.
F13951102-467601300_2618135-389530156_1582991524-GB-F-056 <UNK> 
LOG (gmm-latgen-faster[5.5.480~1-09abd]:DecodeUtteranceLatticeFaster():decoder-wrappers.cc:289) Log-like per frame for utterance F13951102-467601300_2618135-389530156_1582991524-GB-F-056 is -3.6819 over 697 frames.
F13951102-467601300_2618135-389530156_1582991524-GB-F-057 HALLELUJAH 
LOG (gmm-latgen-faster[5.5.480~1-09abd]:DecodeUtteranceLatticeFaster():decoder-wrappers.cc:289) Log-like per frame for utterance F13951102-467601300_2618135-389530156_1582991524-GB-F-057 is -3.2986 over 175 frames.
F13951102-467601300_2618135-389530156_1582991524-GB-F-058 YOU WERE AN ANGEL IN THE SHAPE OF MY MUM 
LOG (gmm-latgen-faster[5.5.480~1-09abd]:DecodeUtteranceLatticeFaster():decoder-wrappers.cc:289) Log-like per frame for utterance F13951102-467601300_2618135-389530156_1582991524-GB-F-058 is -4.15226 over 416 frames.
F13951102-467601300_2618135-389530156_1582991524-GB-F-059 YOU GOT TO SEE THE PERSON I HAVE BECOME UP SPREAD YOUR WINGS AND I KNOW THAT WHEN GOD TOOK YOU BACK YOU SAID HALLELUJAH YOU'RE HOME <UNK> 
LOG (gmm-latgen-faster[5.5.480~1-09abd]:DecodeUtteranceLatticeFaster():decoder-wrappers.cc:289) Log-like per frame for utterance F13951102-467601300_2618135-389530156_1582991524-GB-F-059 is -4.33008 over 1409 frames.
F1410317067-81321499_1762962-919636574_1693841893-GB-F-006 TAKE I'M 
LOG (gmm-latgen-faster[5.5.480~1-09abd]:DecodeUtteranceLatticeFaster():decoder-wrappers.cc:289) Log-like per frame for utterance F1410317067-81321499_1762962-919636574_1693841893-GB-F-006 is -4.4903 over 144 frames.
F1410317067-81321499_1762962-919636574_1693841893-GB-F-007 FOR THE FIRST TIME I AM NOT FAKING 
LOG (gmm-latgen-faster[5.5.480~1-09abd]:DecodeUtteranceLatticeFaster():decoder-wrappers.cc:289) Log-like per frame for utterance F1410317067-81321499_1762962-919636574_1693841893-GB-F-007 is -4.67803 over 384 frames.
F1410317067-81321499_1762962-919636574_1693841893-GB-F-008 FINGERS ON MY BUTTONS AND NOW YOU'RE PLAYING MASTER OF ANTICIPATION DON'T YOU KEEP IT ALL TO YOURSELF 
LOG (gmm-latgen-faster[5.5.480~1-09abd]:DecodeUtteranceLatticeFaster():decoder-wrappers.cc:289) Log-like per frame for utterance F1410317067-81321499_1762962-919636574_1693841893-GB-F-008 is -4.70775 over 953 frames.
F1410317067-81321499_1762962-919636574_1693841893-GB-F-017 A TOUCH OF YOUR LOVE IS ENOUGH 
LOG (gmm-latgen-faster[5.5.480~1-09abd]:DecodeUtteranceLatticeFaster():decoder-wrappers.cc:289) Log-like per frame for utterance F1410317067-81321499_1762962-919636574_1693841893-GB-F-017 is -5.01429 over 169 frames.
F1410317067-81321499_1762962-919636574_1693841893-GB-F-018 TO TAKE CONTROL OF MY WHOLE BODY JUST A TOUCH OF YOUR LOVE OH JUST A TOUCH OF YOUR LOVE OH 
LOG (gmm-latgen-faster[5.5.480~1-09abd]:DecodeUtteranceLatticeFaster():decoder-wrappers.cc:289) Log-like per frame for utterance F1410317067-81321499_1762962-919636574_1693841893-GB-F-018 is -4.72654 over 678 frames.
F1410317067-81321499_1762962-919636574_1693841893-GB-F-022 A TOUCH OF YOUR LOVE IS ENOUGH TO KNOCK ME OFF OF MY FEET ALL WEEK JUST A TOUCH OF YOUR LOVE OH 
LOG (gmm-latgen-faster[5.5.480~1-09abd]:DecodeUtteranceLatticeFaster():decoder-wrappers.cc:289) Log-like per frame for utterance F1410317067-81321499_1762962-919636574_1693841893-GB-F-022 is -4.55609 over 642 frames.
F1410317067-81321499_1762962-919636574_1693841893-GB-F-025 JUST A TOUCH OF YOUR LOVE OH 
LOG (gmm-latgen-faster[5.5.480~1-09abd]:DecodeUtteranceLatticeFaster():decoder-wrappers.cc:289) Log-like per frame for utterance F1410317067-81321499_1762962-919636574_1693841893-GB-F-025 is -4.37866 over 173 frames.
F1410317067-81321499_1762962-919636574_1693841893-GB-F-026 A TOUCH OF YOUR LOVE IS ENOUGH TO TAKE CONTROL OF MY WHOLE BODY 
LOG (gmm-latgen-faster[5.5.480~1-09abd]:DecodeUtteranceLatticeFaster():decoder-wrappers.cc:289) Log-like per frame for utterance F1410317067-81321499_1762962-919636574_1693841893-GB-F-026 is -4.6276 over 419 frames.
F1410317067-81321499_1762962-919636574_1693841893-GB-F-028 JUST A TOUCH OF YOUR LOVE OH 
LOG (gmm-latgen-faster[5.5.480~1-09abd]:DecodeUtteranceLatticeFaster():decoder-wrappers.cc:289) Log-like per frame for utterance F1410317067-81321499_1762962-919636574_1693841893-GB-F-028 is -4.37691 over 188 frames.
F1410317067-81321499_1762962-919636574_1693841893-GB-F-030 A TOUCH OF YOUR LOVE OH 
LOG (gmm-latgen-faster[5.5.480~1-09abd]:DecodeUtteranceLatticeFaster():decoder-wrappers.cc:289) Log-like per frame for utterance F1410317067-81321499_1762962-919636574_1693841893-GB-F-030 is -4.00483 over 177 frames.
F1410317067-81321499_1762962-919636574_1693841893-GB-F-031 PHOTOGRAPH WITH NO T SHIRT ON WHY YOU MAKING ME WAIT SO LONG 
LOG (gmm-latgen-faster[5.5.480~1-09abd]:DecodeUtteranceLatticeFaster():decoder-wrappers.cc:289) Log-like per frame for utterance F1410317067-81321499_1762962-919636574_1693841893-GB-F-031 is -4.64457 over 734 frames.
F1410317067-81321499_1762962-919636574_1693841893-GB-F-034 I PROMISE TO KEEP IT AND MAKING NEVER TELL 
LOG (gmm-latgen-faster[5.5.480~1-09abd]:DecodeUtteranceLatticeFaster():decoder-wrappers.cc:289) Log-like per frame for utterance F1410317067-81321499_1762962-919636574_1693841893-GB-F-034 is -4.45879 over 283 frames.
F1410317067-81321499_1762962-919636574_1693841893-GB-F-037 BUT TO KEEP IT ALL TO YOURSELF 
LOG (gmm-latgen-faster[5.5.480~1-09abd]:DecodeUtteranceLatticeFaster():decoder-wrappers.cc:289) Log-like per frame for utterance F1410317067-81321499_1762962-919636574_1693841893-GB-F-037 is -4.49982 over 274 frames.
F1410317067-81321499_1762962-919636574_1693841893-GB-F-045 TO YOURSELF 
LOG (gmm-latgen-faster[5.5.480~1-09abd]:DecodeUtteranceLatticeFaster():decoder-wrappers.cc:289) Log-like per frame for utterance F1410317067-81321499_1762962-919636574_1693841893-GB-F-045 is -5.43006 over 158 frames.
F1410317067-81321499_1762962-919636574_1693841893-GB-F-046 A TOUCH OF YOUR LOVE IS ENOUGH 
LOG (gmm-latgen-faster[5.5.480~1-09abd]:DecodeUtteranceLatticeFaster():decoder-wrappers.cc:289) Log-like per frame for utterance F1410317067-81321499_1762962-919636574_1693841893-GB-F-046 is -4.6651 over 170 frames.
F1410317067-81321499_1762962-919636574_1693841893-GB-F-047 TAKE CAN OF MY FEET ALL WEEK JUST A TOUCH OF YOUR LOVE OH JUST A TOUCH OF YOUR LOVE OH 
LOG (gmm-latgen-faster[5.5.480~1-09abd]:DecodeUtteranceLatticeFaster():decoder-wrappers.cc:289) Log-like per frame for utterance F1410317067-81321499_1762962-919636574_1693841893-GB-F-047 is -4.58767 over 691 frames.
F1410317067-81321499_1762962-919636574_1693841893-GB-F-055 JUST A TOUCH OF YOUR LOVE IS ENOUGH TO KNOCK ME OFF OF MY FEET ALL WEEK JUST A TOUCH OF YOUR LOVE OH JUST A TOUCH OF YOUR LOVE OH 
LOG (gmm-latgen-faster[5.5.480~1-09abd]:DecodeUtteranceLatticeFaster():decoder-wrappers.cc:289) Log-like per frame for utterance F1410317067-81321499_1762962-919636574_1693841893-GB-F-055 is -4.51435 over 872 frames.
F1410317067-81321499_1762962-919636574_1693841893-GB-F-059 JUST A TOUCH OF YOUR LOVE IS ENOUGH TO TAKE CONTROL OF MY WHOLE BODY 
LOG (gmm-latgen-faster[5.5.480~1-09abd]:DecodeUtteranceLatticeFaster():decoder-wrappers.cc:289) Log-like per frame for utterance F1410317067-81321499_1762962-919636574_1693841893-GB-F-059 is -4.59352 over 442 frames.
F1410317067-81321499_1762962-919636574_1693841893-GB-F-061 JUST A TOUCH OF YOUR LOVE OH 
LOG (gmm-latgen-faster[5.5.480~1-09abd]:DecodeUtteranceLatticeFaster():decoder-wrappers.cc:289) Log-like per frame for utterance F1410317067-81321499_1762962-919636574_1693841893-GB-F-061 is -4.6302 over 197 frames.
F1410317067-81321499_1762962-919636574_1693841893-GB-F-063 JUST A TOUCH OF YOUR LOVE OH 
LOG (gmm-latgen-faster[5.5.480~1-09abd]:DecodeUtteranceLatticeFaster():decoder-wrappers.cc:289) Log-like per frame for utterance F1410317067-81321499_1762962-919636574_1693841893-GB-F-063 is -3.91399 over 201 frames.
F1410317067-81321499_1762962-919636574_1693841893-GB-F-067 COULD BE SOMETHING 
LOG (gmm-latgen-faster[5.5.480~1-09abd]:DecodeUtteranceLatticeFaster():decoder-wrappers.cc:289) Log-like per frame for utterance F1410317067-81321499_1762962-919636574_1693841893-GB-F-067 is -4.56762 over 209 frames.
F1410317067-81321499_1762962-919636574_1693841893-GB-F-071 ME COULD BE SOMETHING JUST A TOUCH OF YOUR LOVE IS ENOUGH TO KNOCK ME OFF OF MY FEET ALL WEEK 
LOG (gmm-latgen-faster[5.5.480~1-09abd]:DecodeUtteranceLatticeFaster():decoder-wrappers.cc:289) Log-like per frame for utterance F1410317067-81321499_1762962-919636574_1693841893-GB-F-071 is -4.52885 over 804 frames.
F1410317067-81321499_1762962-919636574_1693841893-GB-F-074 JUST A TOUCH OF YOUR LOVE OH JUST A TOUCH OF YOUR LOVE OH 
LOG (gmm-latgen-faster[5.5.480~1-09abd]:DecodeUtteranceLatticeFaster():decoder-wrappers.cc:289) Log-like per frame for utterance F1410317067-81321499_1762962-919636574_1693841893-GB-F-074 is -4.41894 over 418 frames.
F1410317067-81321499_1762962-919636574_1693841893-GB-F-076 JUST A TOUCH OF YOUR LOVE IS ENOUGH 
LOG (gmm-latgen-faster[5.5.480~1-09abd]:DecodeUtteranceLatticeFaster():decoder-wrappers.cc:289) Log-like per frame for utterance F1410317067-81321499_1762962-919636574_1693841893-GB-F-076 is -4.48738 over 193 frames.
F1410317067-81321499_1762962-919636574_1693841893-GB-F-077 TAKE CONTROL OF MY WHOLE BODY JUST A TOUCH OF YOUR LOVE OH JUST A TOUCH OF YOUR LOVE OH JUST A 
LOG (gmm-latgen-faster[5.5.480~1-09abd]:DecodeUtteranceLatticeFaster():decoder-wrappers.cc:289) Log-like per frame for utterance F1410317067-81321499_1762962-919636574_1693841893-GB-F-077 is -4.74388 over 753 frames.
F1410317067-81321499_1762962-919636574_1693841893-GB-F-081 TOUCH OF YOUR LOVE IS ENOUGH TO KNOCK ME OFF OF MY FEET ALL WEEK 
LOG (gmm-latgen-faster[5.5.480~1-09abd]:DecodeUtteranceLatticeFaster():decoder-wrappers.cc:289) Log-like per frame for utterance F1410317067-81321499_1762962-919636574_1693841893-GB-F-081 is -4.83496 over 392 frames.
F1410317067-81321499_1762962-919636574_1693841893-GB-F-083 JUST A TOUCH OF YOUR LOVE OH 
LOG (gmm-latgen-faster[5.5.480~1-09abd]:DecodeUtteranceLatticeFaster():decoder-wrappers.cc:289) Log-like per frame for utterance F1410317067-81321499_1762962-919636574_1693841893-GB-F-083 is -4.46137 over 179 frames.
F1410317067-81321499_1762962-919636574_1693841893-GB-F-084 JUST A TOUCH OF YOUR LOVE OH 
LOG (gmm-latgen-faster[5.5.480~1-09abd]:DecodeUtteranceLatticeFaster():decoder-wrappers.cc:289) Log-like per frame for utterance F1410317067-81321499_1762962-919636574_1693841893-GB-F-084 is -4.34195 over 196 frames.
F1410317067-81321499_1762962-919636574_1693841893-GB-F-085 JUST A TOUCH OF YOUR LOVE IS ENOUGH TO TAKE CONTROL OF MY WHOLE BODY 
LOG (gmm-latgen-faster[5.5.480~1-09abd]:DecodeUtteranceLatticeFaster():decoder-wrappers.cc:289) Log-like per frame for utterance F1410317067-81321499_1762962-919636574_1693841893-GB-F-085 is -4.74695 over 438 frames.
F1410317067-81321499_1762962-919636574_1693841893-GB-F-087 JUST A TOUCH OF YOUR LOVE OH 
LOG (gmm-latgen-faster[5.5.480~1-09abd]:DecodeUtteranceLatticeFaster():decoder-wrappers.cc:289) Log-like per frame for utterance F1410317067-81321499_1762962-919636574_1693841893-GB-F-087 is -4.51303 over 206 frames.
F1410317067-81321499_1762962-919636574_1693841893-GB-F-088 JUST A TOUCH OF YOUR LOVE OH 
LOG (gmm-latgen-faster[5.5.480~1-09abd]:DecodeUtteranceLatticeFaster():decoder-wrappers.cc:289) Log-like per frame for utterance F1410317067-81321499_1762962-919636574_1693841893-GB-F-088 is -4.16835 over 297 frames.
F1410415660-3770043_3770043-401669803_1691459275-GB-F-004 WE DON'T TALK ANYMORE 
LOG (gmm-latgen-faster[5.5.480~1-09abd]:DecodeUtteranceLatticeFaster():decoder-wrappers.cc:289) Log-like per frame for utterance F1410415660-3770043_3770043-401669803_1691459275-GB-F-004 is -4.50589 over 145 frames.
F1410415660-3770043_3770043-401669803_1691459275-GB-F-005 WHAT WAS ALL OF IT FOR 
LOG (gmm-latgen-faster[5.5.480~1-09abd]:DecodeUtteranceLatticeFaster():decoder-wrappers.cc:289) Log-like per frame for utterance F1410415660-3770043_3770043-401669803_1691459275-GB-F-005 is -4.57308 over 132 frames.
F1410415660-3770043_3770043-401669803_1691459275-GB-F-006 OOH WE DON'T TALK ANYMORE LIKE WE USED TO DO 
LOG (gmm-latgen-faster[5.5.480~1-09abd]:DecodeUtteranceLatticeFaster():decoder-wrappers.cc:289) Log-like per frame for utterance F1410415660-3770043_3770043-401669803_1691459275-GB-F-006 is -4.27919 over 530 frames.
F1410415660-3770043_3770043-401669803_1691459275-GB-F-013 DON'T WANNA KNOW 
LOG (gmm-latgen-faster[5.5.480~1-09abd]:DecodeUtteranceLatticeFaster():decoder-wrappers.cc:289) Log-like per frame for utterance F1410415660-3770043_3770043-401669803_1691459275-GB-F-013 is -4.09496 over 135 frames.
F1410415660-3770043_3770043-401669803_1691459275-GB-F-014 KINDA DRESS YOU WEARIN' TONIGHT HOLDIN' ON TO SO TIGHT 
LOG (gmm-latgen-faster[5.5.480~1-09abd]:DecodeUtteranceLatticeFaster():decoder-wrappers.cc:289) Log-like per frame for utterance F1410415660-3770043_3770043-401669803_1691459275-GB-F-014 is -4.73915 over 453 frames.
F1410415660-3770043_3770043-401669803_1691459275-GB-F-016 THE WAY I DID BEFORE 
LOG (gmm-latgen-faster[5.5.480~1-09abd]:DecodeUtteranceLatticeFaster():decoder-wrappers.cc:289) Log-like per frame for utterance F1410415660-3770043_3770043-401669803_1691459275-GB-F-016 is -4.11338 over 276 frames.
F1410415660-3770043_3770043-401669803_1691459275-GB-F-017 I OVERDOSED 
LOG (gmm-latgen-faster[5.5.480~1-09abd]:DecodeUtteranceLatticeFaster():decoder-wrappers.cc:289) Log-like per frame for utterance F1410415660-3770043_3770043-401669803_1691459275-GB-F-017 is -4.58351 over 149 frames.
F1410415660-3770043_3770043-401669803_1691459275-GB-F-021 WE DON'T TALK ANYMORE 
LOG (gmm-latgen-faster[5.5.480~1-09abd]:DecodeUtteranceLatticeFaster():decoder-wrappers.cc:289) Log-like per frame for utterance F1410415660-3770043_3770043-401669803_1691459275-GB-F-021 is -4.34676 over 136 frames.
F1410415660-3770043_3770043-401669803_1691459275-GB-F-022 WE DON'T TALK ANYMORE 
LOG (gmm-latgen-faster[5.5.480~1-09abd]:DecodeUtteranceLatticeFaster():decoder-wrappers.cc:289) Log-like per frame for utterance F1410415660-3770043_3770043-401669803_1691459275-GB-F-022 is -4.31386 over 146 frames.
F1410415660-3770043_3770043-401669803_1691459275-GB-F-023 WE DON'T TALK ANYMORE LIKE WE USED TO DO 
LOG (gmm-latgen-faster[5.5.480~1-09abd]:DecodeUtteranceLatticeFaster():decoder-wrappers.cc:289) Log-like per frame for utterance F1410415660-3770043_3770043-401669803_1691459275-GB-F-023 is -3.85001 over 418 frames.
F1410415660-3770043_3770043-401669803_1691459275-GB-F-024 WE DON'T LOVE ANYMORE 
LOG (gmm-latgen-faster[5.5.480~1-09abd]:DecodeUtteranceLatticeFaster():decoder-wrappers.cc:289) Log-like per frame for utterance F1410415660-3770043_3770043-401669803_1691459275-GB-F-024 is -4.44102 over 139 frames.
F1410415660-3770043_3770043-401669803_1691459275-GB-F-025 WHAT WAS ALL OF IT FOR 
LOG (gmm-latgen-faster[5.5.480~1-09abd]:DecodeUtteranceLatticeFaster():decoder-wrappers.cc:289) Log-like per frame for utterance F1410415660-3770043_3770043-401669803_1691459275-GB-F-025 is -4.64126 over 122 frames.
F1410415660-3770043_3770043-401669803_1691459275-GB-F-026 OOH WE DON'T TALK ANYMORE LIKE WE USED TO DO 
LOG (gmm-latgen-faster[5.5.480~1-09abd]:DecodeUtteranceLatticeFaster():decoder-wrappers.cc:289) Log-like per frame for utterance F1410415660-3770043_3770043-401669803_1691459275-GB-F-026 is -4.229 over 562 frames.
F1410415660-3770043_3770043-401669803_1691459275-GB-F-027 I JUST HOPE YOU'RE LYING NEXT SOMEBODY 
LOG (gmm-latgen-faster[5.5.480~1-09abd]:DecodeUtteranceLatticeFaster():decoder-wrappers.cc:289) Log-like per frame for utterance F1410415660-3770043_3770043-401669803_1691459275-GB-F-027 is -4.69223 over 253 frames.
F1410415660-3770043_3770043-401669803_1691459275-GB-F-028 WHO KNOWS HOW TO LOVE YOU LIKE ME 
LOG (gmm-latgen-faster[5.5.480~1-09abd]:DecodeUtteranceLatticeFaster():decoder-wrappers.cc:289) Log-like per frame for utterance F1410415660-3770043_3770043-401669803_1691459275-GB-F-028 is -4.59876 over 227 frames.
F1410415660-3770043_3770043-401669803_1691459275-GB-F-029 BE A GOOD REASON THAT YOU'RE GONE 
LOG (gmm-latgen-faster[5.5.480~1-09abd]:DecodeUtteranceLatticeFaster():decoder-wrappers.cc:289) Log-like per frame for utterance F1410415660-3770043_3770043-401669803_1691459275-GB-F-029 is -4.28174 over 341 frames.
F1410415660-3770043_3770043-401669803_1691459275-GB-F-030 EVERY NOW AND WANT ME TO COME SHOW UP AT YOUR 
LOG (gmm-latgen-faster[5.5.480~1-09abd]:DecodeUtteranceLatticeFaster():decoder-wrappers.cc:289) Log-like per frame for utterance F1410415660-3770043_3770043-401669803_1691459275-GB-F-030 is -4.99797 over 569 frames.
F1410415660-3770043_3770043-401669803_1691459275-GB-F-031 I'M JUST TOO AFRAID THAT I'LL BE WRONG 
LOG (gmm-latgen-faster[5.5.480~1-09abd]:DecodeUtteranceLatticeFaster():decoder-wrappers.cc:289) Log-like per frame for utterance F1410415660-3770043_3770043-401669803_1691459275-GB-F-031 is -4.25382 over 344 frames.
F1410415660-3770043_3770043-401669803_1691459275-GB-F-032 DON'T WANNA KNOW 
LOG (gmm-latgen-faster[5.5.480~1-09abd]:DecodeUtteranceLatticeFaster():decoder-wrappers.cc:289) Log-like per frame for utterance F1410415660-3770043_3770043-401669803_1691459275-GB-F-032 is -4.14937 over 155 frames.
F1410415660-3770043_3770043-401669803_1691459275-GB-F-033 YOU'RE LOOKIN' INTO HER EYES HOLDIN' ON TO SO TIGHT 
LOG (gmm-latgen-faster[5.5.480~1-09abd]:DecodeUtteranceLatticeFaster():decoder-wrappers.cc:289) Log-like per frame for utterance F1410415660-3770043_3770043-401669803_1691459275-GB-F-033 is -4.66853 over 440 frames.
F1410415660-3770043_3770043-401669803_1691459275-GB-F-035 THE WAY I DID BEFORE 
LOG (gmm-latgen-faster[5.5.480~1-09abd]:DecodeUtteranceLatticeFaster():decoder-wrappers.cc:289) Log-like per frame for utterance F1410415660-3770043_3770043-401669803_1691459275-GB-F-035 is -4.13619 over 284 frames.
F1410415660-3770043_3770043-401669803_1691459275-GB-F-036 I OVERDOSED 
LOG (gmm-latgen-faster[5.5.480~1-09abd]:DecodeUtteranceLatticeFaster():decoder-wrappers.cc:289) Log-like per frame for utterance F1410415660-3770043_3770043-401669803_1691459275-GB-F-036 is -4.64916 over 151 frames.
F1410415660-3770043_3770043-401669803_1691459275-GB-F-040 WE DON'T TALK ANYMORE 
LOG (gmm-latgen-faster[5.5.480~1-09abd]:DecodeUtteranceLatticeFaster():decoder-wrappers.cc:289) Log-like per frame for utterance F1410415660-3770043_3770043-401669803_1691459275-GB-F-040 is -4.28309 over 140 frames.
F1410415660-3770043_3770043-401669803_1691459275-GB-F-041 WE DON'T TALK ANYMORE 
LOG (gmm-latgen-faster[5.5.480~1-09abd]:DecodeUtteranceLatticeFaster():decoder-wrappers.cc:289) Log-like per frame for utterance F1410415660-3770043_3770043-401669803_1691459275-GB-F-041 is -4.41776 over 136 frames.
F1410415660-3770043_3770043-401669803_1691459275-GB-F-042 WE DON'T TALK ANYMORE LIKE WE USED TO DO 
LOG (gmm-latgen-faster[5.5.480~1-09abd]:DecodeUtteranceLatticeFaster():decoder-wrappers.cc:289) Log-like per frame for utterance F1410415660-3770043_3770043-401669803_1691459275-GB-F-042 is -4.2 over 414 frames.
F1410415660-3770043_3770043-401669803_1691459275-GB-F-043 WE DON'T LOVE ANYMORE 
LOG (gmm-latgen-faster[5.5.480~1-09abd]:DecodeUtteranceLatticeFaster():decoder-wrappers.cc:289) Log-like per frame for utterance F1410415660-3770043_3770043-401669803_1691459275-GB-F-043 is -4.32043 over 138 frames.
F1410415660-3770043_3770043-401669803_1691459275-GB-F-044 WHAT WAS ALL OF IT FOR I'M OOH WE DON'T TALK ANYMORE LIKE WE USED TO DO 
LOG (gmm-latgen-faster[5.5.480~1-09abd]:DecodeUtteranceLatticeFaster():decoder-wrappers.cc:289) Log-like per frame for utterance F1410415660-3770043_3770043-401669803_1691459275-GB-F-044 is -4.26861 over 662 frames.
F1410415660-3770043_3770043-401669803_1691459275-GB-F-051 I OVERDOSED SHOULDA KNOWN YOUR LOVE GET 
LOG (gmm-latgen-faster[5.5.480~1-09abd]:DecodeUtteranceLatticeFaster():decoder-wrappers.cc:289) Log-like per frame for utterance F1410415660-3770043_3770043-401669803_1691459275-GB-F-051 is -4.64061 over 399 frames.
F1410415660-3770043_3770043-401669803_1691459275-GB-F-053 CAN'T GET YOU OUT OF MY BRAIN OOH IT'S SUCH A SHAME 
LOG (gmm-latgen-faster[5.5.480~1-09abd]:DecodeUtteranceLatticeFaster():decoder-wrappers.cc:289) Log-like per frame for utterance F1410415660-3770043_3770043-401669803_1691459275-GB-F-053 is -4.68555 over 467 frames.
F1410415660-3770043_3770043-401669803_1691459275-GB-F-055 DON'T TALK ANYMORE 
LOG (gmm-latgen-faster[5.5.480~1-09abd]:DecodeUtteranceLatticeFaster():decoder-wrappers.cc:289) Log-like per frame for utterance F1410415660-3770043_3770043-401669803_1691459275-GB-F-055 is -4.13263 over 128 frames.
F1410415660-3770043_3770043-401669803_1691459275-GB-F-056 WE DON'T TALK ANYMORE 
LOG (gmm-latgen-faster[5.5.480~1-09abd]:DecodeUtteranceLatticeFaster():decoder-wrappers.cc:289) Log-like per frame for utterance F1410415660-3770043_3770043-401669803_1691459275-GB-F-056 is -4.41004 over 138 frames.
F1410415660-3770043_3770043-401669803_1691459275-GB-F-057 WE DON'T TALK ANYMORE LIKE WE USED TO DO 
LOG (gmm-latgen-faster[5.5.480~1-09abd]:DecodeUtteranceLatticeFaster():decoder-wrappers.cc:289) Log-like per frame for utterance F1410415660-3770043_3770043-401669803_1691459275-GB-F-057 is -4.16155 over 415 frames.
F1410415660-3770043_3770043-401669803_1691459275-GB-F-058 WE DON'T LOVE ANYMORE WHAT WAS ALL OF IT FOR OOH WE DON'T TALK ANYMORE LIKE WE USED TO TO DO 
LOG (gmm-latgen-faster[5.5.480~1-09abd]:DecodeUtteranceLatticeFaster():decoder-wrappers.cc:289) Log-like per frame for utterance F1410415660-3770043_3770043-401669803_1691459275-GB-F-058 is -4.35581 over 895 frames.
F1410415660-3770043_3770043-401669803_1691459275-GB-F-064 THE WAY I DID BEFORE 
LOG (gmm-latgen-faster[5.5.480~1-09abd]:DecodeUtteranceLatticeFaster():decoder-wrappers.cc:289) Log-like per frame for utterance F1410415660-3770043_3770043-401669803_1691459275-GB-F-064 is -3.98383 over 233 frames.
F1410415660-3770043_3770043-401669803_1691459275-GB-F-067 OOH IT'S SUCH 
LOG (gmm-latgen-faster[5.5.480~1-09abd]:DecodeUtteranceLatticeFaster():decoder-wrappers.cc:289) Log-like per frame for utterance F1410415660-3770043_3770043-401669803_1691459275-GB-F-067 is -4.47942 over 123 frames.
F1410415660-3770043_3770043-401669803_1691459275-GB-F-068 A SHAME ANYMORE 
LOG (gmm-latgen-faster[5.5.480~1-09abd]:DecodeUtteranceLatticeFaster():decoder-wrappers.cc:289) Log-like per frame for utterance F1410415660-3770043_3770043-401669803_1691459275-GB-F-068 is -3.24848 over 234 frames.
F151774050-94791947_136517-1334057910_1686573755-GB-F-001 OH 
LOG (gmm-latgen-faster[5.5.480~1-09abd]:DecodeUtteranceLatticeFaster():decoder-wrappers.cc:289) Log-like per frame for utterance F151774050-94791947_136517-1334057910_1686573755-GB-F-001 is -4.71515 over 227 frames.
F151774050-94791947_136517-1334057910_1686573755-GB-F-003 SPEAKING WORDS OF IT BE 
LOG (gmm-latgen-faster[5.5.480~1-09abd]:DecodeUtteranceLatticeFaster():decoder-wrappers.cc:289) Log-like per frame for utterance F151774050-94791947_136517-1334057910_1686573755-GB-F-003 is -4.43843 over 305 frames.
F151774050-94791947_136517-1334057910_1686573755-GB-F-005 OH 
LOG (gmm-latgen-faster[5.5.480~1-09abd]:DecodeUtteranceLatticeFaster():decoder-wrappers.cc:289) Log-like per frame for utterance F151774050-94791947_136517-1334057910_1686573755-GB-F-005 is -4.44628 over 177 frames.
F151774050-94791947_136517-1334057910_1686573755-GB-F-007 SPEAKING WORDS OF WISDOM LET IT BE 
LOG (gmm-latgen-faster[5.5.480~1-09abd]:DecodeUtteranceLatticeFaster():decoder-wrappers.cc:289) Log-like per frame for utterance F151774050-94791947_136517-1334057910_1686573755-GB-F-007 is -4.14319 over 409 frames.
F151774050-94791947_136517-1334057910_1686573755-GB-F-008 LET IT BE LET IT BE LET IT BE LET IT BE 
LOG (gmm-latgen-faster[5.5.480~1-09abd]:DecodeUtteranceLatticeFaster():decoder-wrappers.cc:289) Log-like per frame for utterance F151774050-94791947_136517-1334057910_1686573755-GB-F-008 is -4.14851 over 654 frames.
F151774050-94791947_136517-1334057910_1686573755-GB-F-011 WHISPER WORDS OF WISDOM LET IT BE IT BE AND WHEN THE BROKEN HEARTED PEOPLE LIVING IN THE WORLD AGREE THERE WILL BE AN ANSWER LET IT BE 
LOG (gmm-latgen-faster[5.5.480~1-09abd]:DecodeUtteranceLatticeFaster():decoder-wrappers.cc:289) Log-like per frame for utterance F151774050-94791947_136517-1334057910_1686573755-GB-F-011 is -4.11399 over 1789 frames.
F151774050-94791947_136517-1334057910_1686573755-GB-F-015 FOR THOUGH THEY MAY BE PARTED 
LOG (gmm-latgen-faster[5.5.480~1-09abd]:DecodeUtteranceLatticeFaster():decoder-wrappers.cc:289) Log-like per frame for utterance F151774050-94791947_136517-1334057910_1686573755-GB-F-015 is -4.42469 over 243 frames.
F151774050-94791947_136517-1334057910_1686573755-GB-F-016 THERE IS STILL A CHANCE THAT THEY WILL SEE 
LOG (gmm-latgen-faster[5.5.480~1-09abd]:DecodeUtteranceLatticeFaster():decoder-wrappers.cc:289) Log-like per frame for utterance F151774050-94791947_136517-1334057910_1686573755-GB-F-016 is -4.21035 over 358 frames.
F151774050-94791947_136517-1334057910_1686573755-GB-F-019 THERE WILL BE AN ANSWER LET IT BE 
LOG (gmm-latgen-faster[5.5.480~1-09abd]:DecodeUtteranceLatticeFaster():decoder-wrappers.cc:289) Log-like per frame for utterance F151774050-94791947_136517-1334057910_1686573755-GB-F-019 is -3.78315 over 428 frames.
F151774050-94791947_136517-1334057910_1686573755-GB-F-020 LET IT BE LET IT BE LET IT BE LET IT BE 
LOG (gmm-latgen-faster[5.5.480~1-09abd]:DecodeUtteranceLatticeFaster():decoder-wrappers.cc:289) Log-like per frame for utterance F151774050-94791947_136517-1334057910_1686573755-GB-F-020 is -4.43419 over 611 frames.
F151774050-94791947_136517-1334057910_1686573755-GB-F-022 LET IT BE LET IT BE 
LOG (gmm-latgen-faster[5.5.480~1-09abd]:DecodeUtteranceLatticeFaster():decoder-wrappers.cc:289) Log-like per frame for utterance F151774050-94791947_136517-1334057910_1686573755-GB-F-022 is -4.55431 over 300 frames.
F151774050-94791947_136517-1334057910_1686573755-GB-F-023 LET IT BE LET IT BE LET IT BE LET IT BE 
LOG (gmm-latgen-faster[5.5.480~1-09abd]:DecodeUtteranceLatticeFaster():decoder-wrappers.cc:289) Log-like per frame for utterance F151774050-94791947_136517-1334057910_1686573755-GB-F-023 is -3.9167 over 676 frames.
F151774050-94791947_136517-1334057910_1686573755-GB-F-026 WHISPER WORDS OF WISDOM LET IT BE 
LOG (gmm-latgen-faster[5.5.480~1-09abd]:DecodeUtteranceLatticeFaster():decoder-wrappers.cc:289) Log-like per frame for utterance F151774050-94791947_136517-1334057910_1686573755-GB-F-026 is -3.99101 over 436 frames.
F151774050-94791947_136517-1334057910_1686573755-GB-F-027 LET IT BE LET IT BE LET IT BE LET IT BE 
LOG (gmm-latgen-faster[5.5.480~1-09abd]:DecodeUtteranceLatticeFaster():decoder-wrappers.cc:289) Log-like per frame for utterance F151774050-94791947_136517-1334057910_1686573755-GB-F-027 is -4.15224 over 699 frames.
F151774050-94791947_136517-1334057910_1686573755-GB-F-030 WHISPER WORDS OF WISDOM LET IT BE 
LOG (gmm-latgen-faster[5.5.480~1-09abd]:DecodeUtteranceLatticeFaster():decoder-wrappers.cc:289) Log-like per frame for utterance F151774050-94791947_136517-1334057910_1686573755-GB-F-030 is -4.03511 over 453 frames.
F151774050-94791947_136517-1334057910_1686573755-GB-F-031 THERE IS CLOUDY 
LOG (gmm-latgen-faster[5.5.480~1-09abd]:DecodeUtteranceLatticeFaster():decoder-wrappers.cc:289) Log-like per frame for utterance F151774050-94791947_136517-1334057910_1686573755-GB-F-031 is -4.71966 over 239 frames.
LOG (apply-cmvn[5.5.480~1-09abd]:main():apply-cmvn.cc:162) Applied cepstral mean normalization to 202 utterances, errors on 0
F151774050-94791947_136517-1334057910_1686573755-GB-F-032 THERE IS STILL A LIGHT THAT SHINES ON BE 
LOG (gmm-latgen-faster[5.5.480~1-09abd]:DecodeUtteranceLatticeFaster():decoder-wrappers.cc:289) Log-like per frame for utterance F151774050-94791947_136517-1334057910_1686573755-GB-F-032 is -4.56838 over 327 frames.
F151774050-94791947_136517-1334057910_1686573755-GB-F-033 SHINE ON UNTIL TOMORROW LET IT BE 
LOG (gmm-latgen-faster[5.5.480~1-09abd]:DecodeUtteranceLatticeFaster():decoder-wrappers.cc:289) Log-like per frame for utterance F151774050-94791947_136517-1334057910_1686573755-GB-F-033 is -4.43173 over 364 frames.
F151774050-94791947_136517-1334057910_1686573755-GB-F-034 WORDS OF MUSIC MOTHER MARY COMES BE 
LOG (gmm-latgen-faster[5.5.480~1-09abd]:DecodeUtteranceLatticeFaster():decoder-wrappers.cc:289) Log-like per frame for utterance F151774050-94791947_136517-1334057910_1686573755-GB-F-034 is -4.79906 over 639 frames.
F151774050-94791947_136517-1334057910_1686573755-GB-F-037 SPEAKING WORDS OF WISDOM LET IT BE LET IT BE LET IT BE LET IT BE LET IT BE 
LOG (gmm-latgen-faster[5.5.480~1-09abd]:DecodeUtteranceLatticeFaster():decoder-wrappers.cc:289) Log-like per frame for utterance F151774050-94791947_136517-1334057910_1686573755-GB-F-037 is -4.35292 over 1259 frames.
F151774050-94791947_136517-1334057910_1686573755-GB-F-040 THERE WILL BE AN ANSWER LET IT BE 
LOG (gmm-latgen-faster[5.5.480~1-09abd]:DecodeUtteranceLatticeFaster():decoder-wrappers.cc:289) Log-like per frame for utterance F151774050-94791947_136517-1334057910_1686573755-GB-F-040 is -3.69725 over 540 frames.
LOG (transform-feats[5.5.480~1-09abd]:main():transform-feats.cc:158) Overall average [pseudo-]logdet is -88.6872 over 85230 frames.
LOG (transform-feats[5.5.480~1-09abd]:main():transform-feats.cc:161) Applied transform to 202 utterances; 0 had errors.
F151774050-94791947_136517-1334057910_1686573755-GB-F-041 LET IT BE LET IT BE LET IT BE YEAH LET IT BE 
LOG (gmm-latgen-faster[5.5.480~1-09abd]:DecodeUtteranceLatticeFaster():decoder-wrappers.cc:289) Log-like per frame for utterance F151774050-94791947_136517-1334057910_1686573755-GB-F-041 is -4.21438 over 736 frames.
LOG (transform-feats[5.5.480~1-09abd]:main():transform-feats.cc:158) Overall average logdet is 1.83926 over 85230 frames.
LOG (transform-feats[5.5.480~1-09abd]:main():transform-feats.cc:161) Applied transform to 202 utterances; 0 had errors.
F151774050-94791947_136517-1334057910_1686573755-GB-F-043 WHISPER WORDS OF WISDOM LET IT BE 
LOG (gmm-latgen-faster[5.5.480~1-09abd]:DecodeUtteranceLatticeFaster():decoder-wrappers.cc:289) Log-like per frame for utterance F151774050-94791947_136517-1334057910_1686573755-GB-F-043 is -3.93175 over 556 frames.
LOG (gmm-latgen-faster[5.5.480~1-09abd]:main():gmm-latgen-faster.cc:176) Time taken 156.635s: real-time factor assuming 100 frames/sec is 0.183779
LOG (gmm-latgen-faster[5.5.480~1-09abd]:main():gmm-latgen-faster.cc:179) Done 202 utterances, failed for 0
LOG (gmm-latgen-faster[5.5.480~1-09abd]:main():gmm-latgen-faster.cc:181) Overall log-likelihood per frame is -4.28907 over 85230 frames.
# Accounting: time=157 threads=1
# Ended (code 0) at Tue Sep 10 14:01:53 BST 2019, elapsed time 157 seconds
