# gmm-latgen-faster --max-active=7000 --beam=15.0 --lattice-beam=6.0 --acoustic-scale=0.083333 --allow-partial=false --word-symbol-table=exp/tri3b_cleaned/graphs/words.txt exp/tri3b_cleaned/final.mdl scp:exp/tri3b_cleaned/lats/split_fsts/HCLG.fsts.5.scp "ark,s,cs:apply-cmvn  --utt2spk=ark:data/train1/split40/5/utt2spk scp:data/train1/split40/5/cmvn.scp scp:data/train1/split40/5/feats.scp ark:- | splice-feats  ark:- ark:- | transform-feats exp/tri3b_cleaned/final.mat ark:- ark:- | transform-feats --utt2spk=ark:data/train1/split40/5/utt2spk ark:exp/tri3b/trans.5 ark:- ark:- |" "ark:|gzip -c > exp/tri3b_cleaned/lats/lat.5.gz" 
# Started at Tue Sep 10 13:58:41 BST 2019
#
gmm-latgen-faster --max-active=7000 --beam=15.0 --lattice-beam=6.0 --acoustic-scale=0.083333 --allow-partial=false --word-symbol-table=exp/tri3b_cleaned/graphs/words.txt exp/tri3b_cleaned/final.mdl scp:exp/tri3b_cleaned/lats/split_fsts/HCLG.fsts.5.scp 'ark,s,cs:apply-cmvn  --utt2spk=ark:data/train1/split40/5/utt2spk scp:data/train1/split40/5/cmvn.scp scp:data/train1/split40/5/feats.scp ark:- | splice-feats  ark:- ark:- | transform-feats exp/tri3b_cleaned/final.mat ark:- ark:- | transform-feats --utt2spk=ark:data/train1/split40/5/utt2spk ark:exp/tri3b/trans.5 ark:- ark:- |' 'ark:|gzip -c > exp/tri3b_cleaned/lats/lat.5.gz' 
transform-feats --utt2spk=ark:data/train1/split40/5/utt2spk ark:exp/tri3b/trans.5 ark:- ark:- 
splice-feats ark:- ark:- 
transform-feats exp/tri3b_cleaned/final.mat ark:- ark:- 
apply-cmvn --utt2spk=ark:data/train1/split40/5/utt2spk scp:data/train1/split40/5/cmvn.scp scp:data/train1/split40/5/feats.scp ark:- 
F1306045770-230065669_2149373-505055671_1612837833-GB-F-001 YOU AND I AND NOBODY ELSE 
LOG (gmm-latgen-faster[5.5.480~1-09abd]:DecodeUtteranceLatticeFaster():decoder-wrappers.cc:289) Log-like per frame for utterance F1306045770-230065669_2149373-505055671_1612837833-GB-F-001 is -3.92859 over 268 frames.
F1306045770-230065669_2149373-505055671_1612837833-GB-F-002 FEELING FEELINGS I NEVER FELT 
LOG (gmm-latgen-faster[5.5.480~1-09abd]:DecodeUtteranceLatticeFaster():decoder-wrappers.cc:289) Log-like per frame for utterance F1306045770-230065669_2149373-505055671_1612837833-GB-F-002 is -4.14225 over 272 frames.
F1306045770-230065669_2149373-505055671_1612837833-GB-F-003 THE WAY YOU GOT ME UNDER YOUR SPELL 
LOG (gmm-latgen-faster[5.5.480~1-09abd]:DecodeUtteranceLatticeFaster():decoder-wrappers.cc:289) Log-like per frame for utterance F1306045770-230065669_2149373-505055671_1612837833-GB-F-003 is -4.21308 over 310 frames.
F1306045770-230065669_2149373-505055671_1612837833-GB-F-005 DON'T YOU KEEP IT ALL TO YOURSELF 
LOG (gmm-latgen-faster[5.5.480~1-09abd]:DecodeUtteranceLatticeFaster():decoder-wrappers.cc:289) Log-like per frame for utterance F1306045770-230065669_2149373-505055671_1612837833-GB-F-005 is -4.51061 over 269 frames.
F1306045770-230065669_2149373-505055671_1612837833-GB-F-013 JUST A TOUCH OF YOUR LOVE IS ENOUGH TO KNOCK ME OFF OF MY FEET ALL WEEK JUST A TOUCH OF YOUR LO OVE JUST A TOUCH OF YOUR LO OVE JUST A TOUCH OF YOUR LOVE 
LOG (gmm-latgen-faster[5.5.480~1-09abd]:DecodeUtteranceLatticeFaster():decoder-wrappers.cc:289) Log-like per frame for utterance F1306045770-230065669_2149373-505055671_1612837833-GB-F-013 is -4.72408 over 1095 frames.
F1306045770-230065669_2149373-505055671_1612837833-GB-F-018 TO KNOCK TO TAKE CONTROL OF MY WHOLE BODY JUST A TOUCH OF YOUR LOVE AND JUST A TOUCH OF YOUR LOVE 
LOG (gmm-latgen-faster[5.5.480~1-09abd]:DecodeUtteranceLatticeFaster():decoder-wrappers.cc:289) Log-like per frame for utterance F1306045770-230065669_2149373-505055671_1612837833-GB-F-018 is -4.58228 over 757 frames.
F1306045770-230065669_2149373-505055671_1612837833-GB-F-024 JUST A TOUCH OF YOUR LOVE 
LOG (gmm-latgen-faster[5.5.480~1-09abd]:DecodeUtteranceLatticeFaster():decoder-wrappers.cc:289) Log-like per frame for utterance F1306045770-230065669_2149373-505055671_1612837833-GB-F-024 is -4.42964 over 153 frames.
F1306045770-230065669_2149373-505055671_1612837833-GB-F-025 BODY JUST A TOUCH OF YOUR LOVE 
LOG (gmm-latgen-faster[5.5.480~1-09abd]:DecodeUtteranceLatticeFaster():decoder-wrappers.cc:289) Log-like per frame for utterance F1306045770-230065669_2149373-505055671_1612837833-GB-F-025 is -4.5496 over 205 frames.
F1306045770-230065669_2149373-505055671_1612837833-GB-F-026 LOVE JUST A TOUCH OF YOUR LOVE IS ENOUGH TO TAKE CONTROL OF MY WHOLE BODY JUST A TOUCH OF YOUR LOVE LOVE JUST A TOUCH OF YOUR LOVE A 
LOG (gmm-latgen-faster[5.5.480~1-09abd]:DecodeUtteranceLatticeFaster():decoder-wrappers.cc:289) Log-like per frame for utterance F1306045770-230065669_2149373-505055671_1612837833-GB-F-026 is -4.63906 over 992 frames.
F1306045770-230065669_2149373-505055671_1612837833-GB-F-034 FOR THE SO WILL YOU 
LOG (gmm-latgen-faster[5.5.480~1-09abd]:DecodeUtteranceLatticeFaster():decoder-wrappers.cc:289) Log-like per frame for utterance F1306045770-230065669_2149373-505055671_1612837833-GB-F-034 is -4.59637 over 232 frames.
F1306045770-230065669_2149373-505055671_1612837833-GB-F-039 SO WON'T YOU TAKE FEEL 
LOG (gmm-latgen-faster[5.5.480~1-09abd]:DecodeUtteranceLatticeFaster():decoder-wrappers.cc:289) Log-like per frame for utterance F1306045770-230065669_2149373-505055671_1612837833-GB-F-039 is -4.6211 over 252 frames.
F1306045770-230065669_2149373-505055671_1612837833-GB-F-040 FOR THE FIRST TIME I AM NOT FAKING 
LOG (gmm-latgen-faster[5.5.480~1-09abd]:DecodeUtteranceLatticeFaster():decoder-wrappers.cc:289) Log-like per frame for utterance F1306045770-230065669_2149373-505055671_1612837833-GB-F-040 is -4.71455 over 412 frames.
F1306045770-230065669_2149373-505055671_1612837833-GB-F-041 FINGERS ON MY BUT 
LOG (gmm-latgen-faster[5.5.480~1-09abd]:DecodeUtteranceLatticeFaster():decoder-wrappers.cc:289) Log-like per frame for utterance F1306045770-230065669_2149373-505055671_1612837833-GB-F-041 is -5.36732 over 126 frames.
F1306045770-230065669_2149373-505055671_1612837833-GB-F-042 AND NOW YOU'RE PLAYING 
LOG (gmm-latgen-faster[5.5.480~1-09abd]:DecodeUtteranceLatticeFaster():decoder-wrappers.cc:289) Log-like per frame for utterance F1306045770-230065669_2149373-505055671_1612837833-GB-F-042 is -4.56513 over 250 frames.
F1306045770-230065669_2149373-505055671_1612837833-GB-F-043 MASTER OF ANTICIPATION DON'T YOU KEEP IT I TO YOURSELF TO YOU'RE THAT 
LOG (gmm-latgen-faster[5.5.480~1-09abd]:DecodeUtteranceLatticeFaster():decoder-wrappers.cc:289) Log-like per frame for utterance F1306045770-230065669_2149373-505055671_1612837833-GB-F-043 is -4.79675 over 666 frames.
F1306045770-230065669_2149373-505055671_1612837833-GB-F-049 JUST A TOUCH OF YOUR LOVE 
LOG (gmm-latgen-faster[5.5.480~1-09abd]:DecodeUtteranceLatticeFaster():decoder-wrappers.cc:289) Log-like per frame for utterance F1306045770-230065669_2149373-505055671_1612837833-GB-F-049 is -4.62446 over 144 frames.
F1306045770-230065669_2149373-505055671_1612837833-GB-F-050 I'VE JUST A TOUCH OF YOUR LOVE JUST A TOUCH OF YOUR LOVE IS ENOUGH TO TAKE CONTROL OF MY WHOLE BODY 
LOG (gmm-latgen-faster[5.5.480~1-09abd]:DecodeUtteranceLatticeFaster():decoder-wrappers.cc:289) Log-like per frame for utterance F1306045770-230065669_2149373-505055671_1612837833-GB-F-050 is -4.87952 over 729 frames.
F1306045770-230065669_2149373-505055671_1612837833-GB-F-054 JUST A TOUCH OF YOUR LOVE JUST A TOUCH OF YOUR LOVE JUST A TOUCH OF YOUR LOVE 
LOG (gmm-latgen-faster[5.5.480~1-09abd]:DecodeUtteranceLatticeFaster():decoder-wrappers.cc:289) Log-like per frame for utterance F1306045770-230065669_2149373-505055671_1612837833-GB-F-054 is -4.48323 over 607 frames.
F1306045770-230065669_2149373-505055671_1612837833-GB-F-059 TO ENOUGH TO KNOCK ME OFF MY FEET ALL WEEK THEY JUST A TOUCH OF YOUR LOVE JUST A TOUCH OF YOUR LOVE IS ENOUGH TO TAKE CONTROL OF MY WHOLE BODY JUST A TOUCH OF YOUR LOVE HEY JUST A TOUCH OF YOUR LOVE 
LOG (gmm-latgen-faster[5.5.480~1-09abd]:DecodeUtteranceLatticeFaster():decoder-wrappers.cc:289) Log-like per frame for utterance F1306045770-230065669_2149373-505055671_1612837833-GB-F-059 is -4.79238 over 1695 frames.
F1306045770-230065669_2149373-505055671_1612837833-GB-F-071 YOU SEE ME GLOWING 
LOG (gmm-latgen-faster[5.5.480~1-09abd]:DecodeUtteranceLatticeFaster():decoder-wrappers.cc:289) Log-like per frame for utterance F1306045770-230065669_2149373-505055671_1612837833-GB-F-071 is -4.29455 over 154 frames.
F1306045770-230065669_2149373-505055671_1612837833-GB-F-072 THAT'S HOW I FEEL AND I'M NOT AFRAID TO FADE INTO EMOTIONS 'CAUSE I KNOW BE SOMETHING REAL JUST A TOUCH OF YOUR LOVE IS ENOUGH TO KNOCK OFF OF MY FEET ALL WEEK JUST A TOUCH OF YOUR LOVE I'LL 
LOG (gmm-latgen-faster[5.5.480~1-09abd]:DecodeUtteranceLatticeFaster():decoder-wrappers.cc:289) Log-like per frame for utterance F1306045770-230065669_2149373-505055671_1612837833-GB-F-072 is -4.40818 over 1940 frames.
F1306045770-230065669_2149373-505055671_1612837833-GB-F-084 JUST A TOUCH OF YOUR LOVE 
LOG (gmm-latgen-faster[5.5.480~1-09abd]:DecodeUtteranceLatticeFaster():decoder-wrappers.cc:289) Log-like per frame for utterance F1306045770-230065669_2149373-505055671_1612837833-GB-F-084 is -4.76797 over 149 frames.
F1306045770-230065669_2149373-505055671_1612837833-GB-F-085 JUST A TOUCH OF YOUR LOVE 
LOG (gmm-latgen-faster[5.5.480~1-09abd]:DecodeUtteranceLatticeFaster():decoder-wrappers.cc:289) Log-like per frame for utterance F1306045770-230065669_2149373-505055671_1612837833-GB-F-085 is -4.81381 over 155 frames.
F1306045770-230065669_2149373-505055671_1612837833-GB-F-086 CAN ENOUGH TO TAKE MY WHOLE BODY JUST A TOUCH OF YOUR LOVE I 'CAUSE JUST A TOUCH OF YOUR LOVE 
LOG (gmm-latgen-faster[5.5.480~1-09abd]:DecodeUtteranceLatticeFaster():decoder-wrappers.cc:289) Log-like per frame for utterance F1306045770-230065669_2149373-505055671_1612837833-GB-F-086 is -4.89153 over 728 frames.
F1306045770-230065669_2149373-505055671_1612837833-GB-F-093 JUST A TOUCH OF YOUR LOVE IS ENOUGH TO KNOCK OF MY FEET ALL WEEK JUST A 
LOG (gmm-latgen-faster[5.5.480~1-09abd]:DecodeUtteranceLatticeFaster():decoder-wrappers.cc:289) Log-like per frame for utterance F1306045770-230065669_2149373-505055671_1612837833-GB-F-093 is -4.98336 over 505 frames.
F1306045770-230065669_2149373-505055671_1612837833-GB-F-096 TOUCH OF YOUR LOVE 
LOG (gmm-latgen-faster[5.5.480~1-09abd]:DecodeUtteranceLatticeFaster():decoder-wrappers.cc:289) Log-like per frame for utterance F1306045770-230065669_2149373-505055671_1612837833-GB-F-096 is -4.86508 over 104 frames.
F1306045770-230065669_2149373-505055671_1612837833-GB-F-099 TOUCH OF YOUR LOVE 
LOG (gmm-latgen-faster[5.5.480~1-09abd]:DecodeUtteranceLatticeFaster():decoder-wrappers.cc:289) Log-like per frame for utterance F1306045770-230065669_2149373-505055671_1612837833-GB-F-099 is -4.09722 over 145 frames.
F1306045770-230065669_2149373-505055671_1612837833-GB-F-101 JUST A TOUCH OF YOUR LOVE IS ENOUGH TO TAKE 
LOG (gmm-latgen-faster[5.5.480~1-09abd]:DecodeUtteranceLatticeFaster():decoder-wrappers.cc:289) Log-like per frame for utterance F1306045770-230065669_2149373-505055671_1612837833-GB-F-101 is -4.86531 over 283 frames.
F1306045770-230065669_2149373-505055671_1612837833-GB-F-104 JUST A TOUCH OF YOUR LOVE JUST A TOUCH OF YOUR LOVE 
LOG (gmm-latgen-faster[5.5.480~1-09abd]:DecodeUtteranceLatticeFaster():decoder-wrappers.cc:289) Log-like per frame for utterance F1306045770-230065669_2149373-505055671_1612837833-GB-F-104 is -4.22187 over 450 frames.
F1311369392-469163023_808147-1189906524_1495663648-GB-F-001 JUST A KNOW DAY ON A SWING EATING A LIKE GET WHY DO BORING THINGS LIKE THAT WHEN THERE'S THE INTERNET 
LOG (gmm-latgen-faster[5.5.480~1-09abd]:DecodeUtteranceLatticeFaster():decoder-wrappers.cc:289) Log-like per frame for utterance F1311369392-469163023_808147-1189906524_1495663648-GB-F-001 is -4.5613 over 615 frames.
F1311369392-469163023_808147-1189906524_1495663648-GB-F-006 LET'S GO MAKE SOME VIDEOS 
LOG (gmm-latgen-faster[5.5.480~1-09abd]:DecodeUtteranceLatticeFaster():decoder-wrappers.cc:289) Log-like per frame for utterance F1311369392-469163023_808147-1189906524_1495663648-GB-F-006 is -4.44301 over 157 frames.
F1311369392-469163023_808147-1189906524_1495663648-GB-F-009 LET'S GO MAKE SOME VIDEOS 
LOG (gmm-latgen-faster[5.5.480~1-09abd]:DecodeUtteranceLatticeFaster():decoder-wrappers.cc:289) Log-like per frame for utterance F1311369392-469163023_808147-1189906524_1495663648-GB-F-009 is -4.28957 over 149 frames.
F1311369392-469163023_808147-1189906524_1495663648-GB-F-012 YOU COULD WATCH <UNK> DOING CRAZY DARES SAYING HERE WE GO 
LOG (gmm-latgen-faster[5.5.480~1-09abd]:DecodeUtteranceLatticeFaster():decoder-wrappers.cc:289) Log-like per frame for utterance F1311369392-469163023_808147-1189906524_1495663648-GB-F-012 is -4.52393 over 325 frames.
F1311369392-469163023_808147-1189906524_1495663648-GB-F-014 HE'LL DO ANYTHING YOU WANT JUST DON'T TRY THIS AT HOME 
LOG (gmm-latgen-faster[5.5.480~1-09abd]:DecodeUtteranceLatticeFaster():decoder-wrappers.cc:289) Log-like per frame for utterance F1311369392-469163023_808147-1189906524_1495663648-GB-F-014 is -4.77097 over 271 frames.
F1311369392-469163023_808147-1189906524_1495663648-GB-F-023 COULD WATCH US MAKE <UNK> BE COME THIS WE FUNNY VIDEOS LIKE THE ONES WITH 
LOG (gmm-latgen-faster[5.5.480~1-09abd]:DecodeUtteranceLatticeFaster():decoder-wrappers.cc:289) Log-like per frame for utterance F1311369392-469163023_808147-1189906524_1495663648-GB-F-023 is -5.15314 over 486 frames.
F1311369392-469163023_808147-1189906524_1495663648-GB-F-028 LET'S GO MAKE SOME VIDEOS HEY 
LOG (gmm-latgen-faster[5.5.480~1-09abd]:DecodeUtteranceLatticeFaster():decoder-wrappers.cc:289) Log-like per frame for utterance F1311369392-469163023_808147-1189906524_1495663648-GB-F-028 is -4.6616 over 234 frames.
F1311369392-469163023_808147-1189906524_1495663648-GB-F-031 LET'S GO MAKE SOME VIDEOS 
LOG (gmm-latgen-faster[5.5.480~1-09abd]:DecodeUtteranceLatticeFaster():decoder-wrappers.cc:289) Log-like per frame for utterance F1311369392-469163023_808147-1189906524_1495663648-GB-F-031 is -4.11141 over 167 frames.
F1331636198-3769864_3769864-885095337_1541190685-GB-F-003 HE'LL I'M NOT A FOOL NOT A FOOL NO YOU'RE NOT FOOLING ANYONE 
LOG (gmm-latgen-faster[5.5.480~1-09abd]:DecodeUtteranceLatticeFaster():decoder-wrappers.cc:289) Log-like per frame for utterance F1331636198-3769864_3769864-885095337_1541190685-GB-F-003 is -4.72345 over 574 frames.
F1331636198-3769864_3769864-885095337_1541190685-GB-F-007 THINKING OH BABY I WAS WRONG I WAS WRONG I WAS WRONG COME BACK TO ME BABY WE CAN WORK THIS OUT OH BABY COME ON LET ME GET TO KNOW YOU 
LOG (gmm-latgen-faster[5.5.480~1-09abd]:DecodeUtteranceLatticeFaster():decoder-wrappers.cc:289) Log-like per frame for utterance F1331636198-3769864_3769864-885095337_1541190685-GB-F-007 is -4.43331 over 1473 frames.
F1331636198-3769864_3769864-885095337_1541190685-GB-F-011 JUST ANOTHER CHANCE SO THAT I CAN SHOW THAT I WON'T 
LOG (gmm-latgen-faster[5.5.480~1-09abd]:DecodeUtteranceLatticeFaster():decoder-wrappers.cc:289) Log-like per frame for utterance F1331636198-3769864_3769864-885095337_1541190685-GB-F-011 is -4.51374 over 288 frames.
F1331636198-3769864_3769864-885095337_1541190685-GB-F-012 DOWN AND RUN NO THAT I WON'T LET YOU DOWN AND RUN 'CAUSE I COULD BE THE ONE I COULD BE THE ONE I COULD BE THE ONE I COULD BE THE ONE 
LOG (gmm-latgen-faster[5.5.480~1-09abd]:DecodeUtteranceLatticeFaster():decoder-wrappers.cc:289) Log-like per frame for utterance F1331636198-3769864_3769864-885095337_1541190685-GB-F-012 is -3.98344 over 2178 frames.
F1331636198-3769864_3769864-885095337_1541190685-GB-F-018 I SEE IN BLUE I SEE IN BLUE I SEE IN BLUE 
LOG (gmm-latgen-faster[5.5.480~1-09abd]:DecodeUtteranceLatticeFaster():decoder-wrappers.cc:289) Log-like per frame for utterance F1331636198-3769864_3769864-885095337_1541190685-GB-F-018 is -4.54827 over 344 frames.
F1331636198-3769864_3769864-885095337_1541190685-GB-F-019 OH WHEN YOU SEE EVERYTHING IN RED 
LOG (gmm-latgen-faster[5.5.480~1-09abd]:DecodeUtteranceLatticeFaster():decoder-wrappers.cc:289) Log-like per frame for utterance F1331636198-3769864_3769864-885095337_1541190685-GB-F-019 is -4.86241 over 178 frames.
F1331636198-3769864_3769864-885095337_1541190685-GB-F-023 WHEN YOU'RE GONE WHEN YOU'RE GONE WHEN YOU'RE GONE OH BABY ALL THE LIGHTS GO OUT 
LOG (gmm-latgen-faster[5.5.480~1-09abd]:DecodeUtteranceLatticeFaster():decoder-wrappers.cc:289) Log-like per frame for utterance F1331636198-3769864_3769864-885095337_1541190685-GB-F-023 is -4.55195 over 688 frames.
F1331636198-3769864_3769864-885095337_1541190685-GB-F-028 OH BABY COME ON LET ME GET TO KNOW YOU 
LOG (gmm-latgen-faster[5.5.480~1-09abd]:DecodeUtteranceLatticeFaster():decoder-wrappers.cc:289) Log-like per frame for utterance F1331636198-3769864_3769864-885095337_1541190685-GB-F-028 is -4.61699 over 227 frames.
F1331636198-3769864_3769864-885095337_1541190685-GB-F-029 JUST ANOTHER CHANCE SO THAT I CAN SHOW THAT I WON'T 
LOG (gmm-latgen-faster[5.5.480~1-09abd]:DecodeUtteranceLatticeFaster():decoder-wrappers.cc:289) Log-like per frame for utterance F1331636198-3769864_3769864-885095337_1541190685-GB-F-029 is -4.58538 over 289 frames.
F1331636198-3769864_3769864-885095337_1541190685-GB-F-030 DOWN AND RUN NO THAT I WON'T LET YOU DOWN AND RUN 
LOG (gmm-latgen-faster[5.5.480~1-09abd]:DecodeUtteranceLatticeFaster():decoder-wrappers.cc:289) Log-like per frame for utterance F1331636198-3769864_3769864-885095337_1541190685-GB-F-030 is -4.72276 over 345 frames.
F1331636198-3769864_3769864-885095337_1541190685-GB-F-032 I COULD BE THE ONE I COULD BE THE ONE 
LOG (gmm-latgen-faster[5.5.480~1-09abd]:DecodeUtteranceLatticeFaster():decoder-wrappers.cc:289) Log-like per frame for utterance F1331636198-3769864_3769864-885095337_1541190685-GB-F-032 is -3.83117 over 668 frames.
F1331636198-3769864_3769864-885095337_1541190685-GB-F-034 I COULD BE THE ONE 
LOG (gmm-latgen-faster[5.5.480~1-09abd]:DecodeUtteranceLatticeFaster():decoder-wrappers.cc:289) Log-like per frame for utterance F1331636198-3769864_3769864-885095337_1541190685-GB-F-034 is -4.39057 over 113 frames.
F1331636198-3769864_3769864-885095337_1541190685-GB-F-036 I COULD BE THE ONE BE THE ONE BE THE ONE BE THE ONE BE THE ONE BE THE ONE BE THE 
LOG (gmm-latgen-faster[5.5.480~1-09abd]:DecodeUtteranceLatticeFaster():decoder-wrappers.cc:289) Log-like per frame for utterance F1331636198-3769864_3769864-885095337_1541190685-GB-F-036 is -3.99142 over 487 frames.
F1331636198-3769864_3769864-885095337_1541190685-GB-F-038 I COULD BE THE ONE 
LOG (gmm-latgen-faster[5.5.480~1-09abd]:DecodeUtteranceLatticeFaster():decoder-wrappers.cc:289) Log-like per frame for utterance F1331636198-3769864_3769864-885095337_1541190685-GB-F-038 is -4.51528 over 123 frames.
F1331636198-3769864_3769864-885095337_1541190685-GB-F-040 I COULD BE THE ONE BE THE ONE BE THE ONE BE THE ONE BE THE ONE BE THE ONE BE THE ONE 
LOG (gmm-latgen-faster[5.5.480~1-09abd]:DecodeUtteranceLatticeFaster():decoder-wrappers.cc:289) Log-like per frame for utterance F1331636198-3769864_3769864-885095337_1541190685-GB-F-040 is -3.88002 over 527 frames.
F1331636198-3769864_3769864-885095337_1541190685-GB-F-042 OH BABY COME ON LET ME GET TO KNOW YOU 
LOG (gmm-latgen-faster[5.5.480~1-09abd]:DecodeUtteranceLatticeFaster():decoder-wrappers.cc:289) Log-like per frame for utterance F1331636198-3769864_3769864-885095337_1541190685-GB-F-042 is -4.64722 over 226 frames.
F1331636198-3769864_3769864-885095337_1541190685-GB-F-043 JUST ANOTHER CHANCE SO THAT I CAN SHOW THAT I WON'T 
LOG (gmm-latgen-faster[5.5.480~1-09abd]:DecodeUtteranceLatticeFaster():decoder-wrappers.cc:289) Log-like per frame for utterance F1331636198-3769864_3769864-885095337_1541190685-GB-F-043 is -4.37731 over 291 frames.
F1331636198-3769864_3769864-885095337_1541190685-GB-F-044 DOWN AND RUN NO THAT I WON'T LET YOU DOWN AND RUN 'CAUSE I COULD BE THE ONE I COULD BE THE ONE I COULD BE THE ONE 
LOG (gmm-latgen-faster[5.5.480~1-09abd]:DecodeUtteranceLatticeFaster():decoder-wrappers.cc:289) Log-like per frame for utterance F1331636198-3769864_3769864-885095337_1541190685-GB-F-044 is -4.03203 over 1626 frames.
F1333052864-3272128_3272128-298652781_1550605797-GB-F-001 HUNCHO QUAVO YO YO YOU KNOW I'VE BEEN TAKING SOME TIME AND I'VE BEEN KEEPING TO MYSELF I HAD MY EYES UP ON THAT 
LOG (gmm-latgen-faster[5.5.480~1-09abd]:DecodeUtteranceLatticeFaster():decoder-wrappers.cc:289) Log-like per frame for utterance F1333052864-3272128_3272128-298652781_1550605797-GB-F-001 is -4.55667 over 1119 frames.
F1333052864-3272128_3272128-298652781_1550605797-GB-F-008 CARDS THAT AND ANYBODY ELSE 
LOG (gmm-latgen-faster[5.5.480~1-09abd]:DecodeUtteranceLatticeFaster():decoder-wrappers.cc:289) Log-like per frame for utterance F1333052864-3272128_3272128-298652781_1550605797-GB-F-008 is -4.7463 over 240 frames.
F1333052864-3272128_3272128-298652781_1550605797-GB-F-009 BUT YOUR LOVE IT HIT ME HARD GIRL YEAH NOT CAN HAVE I LOVE THE CARDS THAT I'VE BEEN 
LOG (gmm-latgen-faster[5.5.480~1-09abd]:DecodeUtteranceLatticeFaster():decoder-wrappers.cc:289) Log-like per frame for utterance F1333052864-3272128_3272128-298652781_1550605797-GB-F-009 is -4.74344 over 662 frames.
F1333052864-3272128_3272128-298652781_1550605797-GB-F-013 DO YOU SEE ONE THING THAT'S 
LOG (gmm-latgen-faster[5.5.480~1-09abd]:DecodeUtteranceLatticeFaster():decoder-wrappers.cc:289) Log-like per frame for utterance F1333052864-3272128_3272128-298652781_1550605797-GB-F-013 is -4.77061 over 238 frames.
F1333052864-3272128_3272128-298652781_1550605797-GB-F-014 GIRLS NOW BE TIME 
LOG (gmm-latgen-faster[5.5.480~1-09abd]:DecodeUtteranceLatticeFaster():decoder-wrappers.cc:289) Log-like per frame for utterance F1333052864-3272128_3272128-298652781_1550605797-GB-F-014 is -4.8331 over 203 frames.
F1333052864-3272128_3272128-298652781_1550605797-GB-F-016 ONE THING THAT'S NOT ME I'M NOT CHANGING THE WAY THAT I SPEED JUST WANNA HAVE FUN THE GET ROWDY 
LOG (gmm-latgen-faster[5.5.480~1-09abd]:DecodeUtteranceLatticeFaster():decoder-wrappers.cc:289) Log-like per frame for utterance F1333052864-3272128_3272128-298652781_1550605797-GB-F-016 is -4.77955 over 617 frames.
F1333052864-3272128_3272128-298652781_1550605797-GB-F-022 AND BACARDI SIPPIN' LIGHTLY 
LOG (gmm-latgen-faster[5.5.480~1-09abd]:DecodeUtteranceLatticeFaster():decoder-wrappers.cc:289) Log-like per frame for utterance F1333052864-3272128_3272128-298652781_1550605797-GB-F-022 is -4.68338 over 217 frames.
F1333052864-3272128_3272128-298652781_1550605797-GB-F-025 LOVE THE GIRLS ON ME YOU MUSIC'S TELL SPEED GIRL YOUR BODY GIRLS ON ME BABY NOW I LOVE IT WHEN THE MUSIC'S BUT C'MON STRIP THAT I'VE FOR ME BABY THERE'S A LOT OF PEOPLE IN THE CROWD 
LOG (gmm-latgen-faster[5.5.480~1-09abd]:DecodeUtteranceLatticeFaster():decoder-wrappers.cc:289) Log-like per frame for utterance F1333052864-3272128_3272128-298652781_1550605797-GB-F-025 is -4.81506 over 1304 frames.
F1333052864-3272128_3272128-298652781_1550605797-GB-F-036 WHEN YOU CAN DANCE ME 
LOG (gmm-latgen-faster[5.5.480~1-09abd]:DecodeUtteranceLatticeFaster():decoder-wrappers.cc:289) Log-like per frame for utterance F1333052864-3272128_3272128-298652781_1550605797-GB-F-036 is -4.64033 over 163 frames.
F1333052864-3272128_3272128-298652781_1550605797-GB-F-037 SO PUT YOUR BACK BODY AND SWING THAT ROUND ME BABY YOU KNOW I LOVE WHEN THE MUSIC'S BUT C'MON STRIP THAT DOWN FOR ME YEAH YEAH YEAH YEAH OH STRIP I'M YOU HIT THE GROUND YEAH YEAH YEAH THAT DOWN 
LOG (gmm-latgen-faster[5.5.480~1-09abd]:DecodeUtteranceLatticeFaster():decoder-wrappers.cc:289) Log-like per frame for utterance F1333052864-3272128_3272128-298652781_1550605797-GB-F-037 is -4.65027 over 1612 frames.
F1333052864-3272128_3272128-298652781_1550605797-GB-F-048 GO DON'T NEED MET YOU KNOW THAT SINCE THE DAY I MET YOU YEAH YOU SWEPT OFF OFF MY FEET YOU KNOW THAT I DON'T NEED NO MONEY PUT YOUR LOVE IS THIS TO FOR ME YEAH YOU OPENED UP MY HEART THEN YOU THREW AWAY THE THE KEY 
LOG (gmm-latgen-faster[5.5.480~1-09abd]:DecodeUtteranceLatticeFaster():decoder-wrappers.cc:289) Log-like per frame for utterance F1333052864-3272128_3272128-298652781_1550605797-GB-F-048 is -4.51044 over 1549 frames.
F1333052864-3272128_3272128-298652781_1550605797-GB-F-055 GIRL YOU KNOW YOU DON'T CARE 'BOUT TO BE IN YOU AND KEEP THAT'S NOT 
LOG (gmm-latgen-faster[5.5.480~1-09abd]:DecodeUtteranceLatticeFaster():decoder-wrappers.cc:289) Log-like per frame for utterance F1333052864-3272128_3272128-298652781_1550605797-GB-F-055 is -4.39509 over 613 frames.
F1333052864-3272128_3272128-298652781_1550605797-GB-F-060 I'M ONE THING THAT'S NOT ME 
LOG (gmm-latgen-faster[5.5.480~1-09abd]:DecodeUtteranceLatticeFaster():decoder-wrappers.cc:289) Log-like per frame for utterance F1333052864-3272128_3272128-298652781_1550605797-GB-F-060 is -4.80666 over 164 frames.
F1333052864-3272128_3272128-298652781_1550605797-GB-F-062 I'M NOT CHANGING THE WAY I JUST BE IN HAVE FUN AND 
LOG (gmm-latgen-faster[5.5.480~1-09abd]:DecodeUtteranceLatticeFaster():decoder-wrappers.cc:289) Log-like per frame for utterance F1333052864-3272128_3272128-298652781_1550605797-GB-F-062 is -4.74119 over 350 frames.
F1333052864-3272128_3272128-298652781_1550605797-GB-F-065 GET ROWDY COME BACARDI SIPPIN' LIGHTLY WHEN I WALK INSIDE THE PARTY GIRLS ON ME 
LOG (gmm-latgen-faster[5.5.480~1-09abd]:DecodeUtteranceLatticeFaster():decoder-wrappers.cc:289) Log-like per frame for utterance F1333052864-3272128_3272128-298652781_1550605797-GB-F-065 is -4.84861 over 527 frames.
F1333052864-3272128_3272128-298652781_1550605797-GB-F-070 AND I'M IS 'CAUSE 
LOG (gmm-latgen-faster[5.5.480~1-09abd]:DecodeUtteranceLatticeFaster():decoder-wrappers.cc:289) Log-like per frame for utterance F1333052864-3272128_3272128-298652781_1550605797-GB-F-070 is -4.58904 over 195 frames.
F1333052864-3272128_3272128-298652781_1550605797-GB-F-072 YOU CAN BODY GRINDS ON ME BABY YOU KNOW I LOVE IT WHEN THE MUSIC'S BUT C'MON STRIP THAT DOWN FOR ME BABY NOW THERE'S A LOT OF PEOPLE IN THE CROWD BEEN YOU CAN DANCE WITH ME SO PUT YOUR BODY AND SWING THAT DOWN FOR ME BABY YOU KNOW I LOVE IT WHEN THE MUSIC'S BUT C'MON STRIP THAT DOWN FOR ME YEAH YEAH YEAH YEAH 
LOG (gmm-latgen-faster[5.5.480~1-09abd]:DecodeUtteranceLatticeFaster():decoder-wrappers.cc:289) Log-like per frame for utterance F1333052864-3272128_3272128-298652781_1550605797-GB-F-072 is -4.82125 over 2186 frames.
F1333052864-3272128_3272128-298652781_1550605797-GB-F-087 IT DOWN GIRL WHEN YOU HIT THE GROUND YEAH YEAH YEAH YEAH IT DOWN GIRL LOVE WHEN YOU HIT THE GROUND YEAH YEAH YEAH YEAH 
LOG (gmm-latgen-faster[5.5.480~1-09abd]:DecodeUtteranceLatticeFaster():decoder-wrappers.cc:289) Log-like per frame for utterance F1333052864-3272128_3272128-298652781_1550605797-GB-F-087 is -4.45684 over 844 frames.
F1333052864-3272128_3272128-298652781_1550605797-GB-F-093 THAT DOWN GIRL LOVE WHEN YOU HIT 
LOG (gmm-latgen-faster[5.5.480~1-09abd]:DecodeUtteranceLatticeFaster():decoder-wrappers.cc:289) Log-like per frame for utterance F1333052864-3272128_3272128-298652781_1550605797-GB-F-093 is -4.61827 over 293 frames.
F1333052864-3272128_3272128-298652781_1550605797-GB-F-095 YEAH YEAH YEAH YEAH YEAH 
LOG (gmm-latgen-faster[5.5.480~1-09abd]:DecodeUtteranceLatticeFaster():decoder-wrappers.cc:289) Log-like per frame for utterance F1333052864-3272128_3272128-298652781_1550605797-GB-F-095 is -3.79912 over 139 frames.
F1333052864-3272128_3272128-298652781_1550605797-GB-F-096 TO DOWN GIRL LOVE WHEN YOU HIT THE GROUND 
LOG (gmm-latgen-faster[5.5.480~1-09abd]:DecodeUtteranceLatticeFaster():decoder-wrappers.cc:289) Log-like per frame for utterance F1333052864-3272128_3272128-298652781_1550605797-GB-F-096 is -4.41789 over 327 frames.
F1333052864-3272128_3272128-298652781_1550605797-GB-F-099 SHE GON' STRIP DOWN FOR A THUG YEAH 
LOG (gmm-latgen-faster[5.5.480~1-09abd]:DecodeUtteranceLatticeFaster():decoder-wrappers.cc:289) Log-like per frame for utterance F1333052864-3272128_3272128-298652781_1550605797-GB-F-099 is -4.99348 over 220 frames.
F1333052864-3272128_3272128-298652781_1550605797-GB-F-100 WORD AROUND AND YEAH FIVE SHOTS IN HEART NOW I PROMISE WHEN TOOK OH STRIP THAT DOWN 
LOG (gmm-latgen-faster[5.5.480~1-09abd]:DecodeUtteranceLatticeFaster():decoder-wrappers.cc:289) Log-like per frame for utterance F1333052864-3272128_3272128-298652781_1550605797-GB-F-100 is -4.73047 over 624 frames.
F1333052864-3272128_3272128-298652781_1550605797-GB-F-104 MY DO KNOW 
LOG (gmm-latgen-faster[5.5.480~1-09abd]:DecodeUtteranceLatticeFaster():decoder-wrappers.cc:289) Log-like per frame for utterance F1333052864-3272128_3272128-298652781_1550605797-GB-F-104 is -4.03325 over 190 frames.
F1333052864-3272128_3272128-298652781_1550605797-GB-F-106 IF YOU CAN BETTER DRIVE SLOW SHE TO MAKE IN C'MON 
LOG (gmm-latgen-faster[5.5.480~1-09abd]:DecodeUtteranceLatticeFaster():decoder-wrappers.cc:289) Log-like per frame for utterance F1333052864-3272128_3272128-298652781_1550605797-GB-F-106 is -4.38727 over 402 frames.
F1333052864-3272128_3272128-298652781_1550605797-GB-F-111 YOU GOES DOWN DOWN KNOW I LOVE IT WHEN THE MUSIC'S BUT C'MON STRIP THAT DOWN FOR ME BABY IS AND OF PEOPLE IN THE CROWD BUT ONLY YOU CAN DANCE ME SO PUT YOUR HANDS ON MY BODY AND SWING THAT ROUND FOR ME BABY 
LOG (gmm-latgen-faster[5.5.480~1-09abd]:DecodeUtteranceLatticeFaster():decoder-wrappers.cc:289) Log-like per frame for utterance F1333052864-3272128_3272128-298652781_1550605797-GB-F-111 is -4.69148 over 1516 frames.
F1333052864-3272128_3272128-298652781_1550605797-GB-F-118 YOU JUST BUT C'MON STRIP THAT DOWN FOR ME YEAH YEAH YEAH YEAH YEAH YEAH YEAH C'MON STRIP THAT DOWN FOR ME YEAH YEAH YEAH DON'T SAY NOTHING GIRL STRIP THAT DOWN FOR ME YEAH YEAH YEAH YEAH ALL I WANT GIRL IF YOU STRIP THAT DOWN FOR ME YEAH YEAH YEAH YEAH YOU'RE THE ONE GIRL 
LOG (gmm-latgen-faster[5.5.480~1-09abd]:DecodeUtteranceLatticeFaster():decoder-wrappers.cc:289) Log-like per frame for utterance F1333052864-3272128_3272128-298652781_1550605797-GB-F-118 is -4.48033 over 2001 frames.
F1333052864-3272128_3272128-298652781_1550605797-GB-F-131 STRIP THAT DOWN FOR ME 
LOG (gmm-latgen-faster[5.5.480~1-09abd]:DecodeUtteranceLatticeFaster():decoder-wrappers.cc:289) Log-like per frame for utterance F1333052864-3272128_3272128-298652781_1550605797-GB-F-131 is -4.72312 over 141 frames.
F1333052864-3272128_3272128-298652781_1550605797-GB-F-132 YEAH YEAH YEAH YEAH 
LOG (gmm-latgen-faster[5.5.480~1-09abd]:DecodeUtteranceLatticeFaster():decoder-wrappers.cc:289) Log-like per frame for utterance F1333052864-3272128_3272128-298652781_1550605797-GB-F-132 is -3.77049 over 122 frames.
F1333052864-3505448_3505448-67494924_1515035801-GB-F-005 WE'VE BEEN SITTING KINDA IN IF ALL FOR HOURS 
LOG (gmm-latgen-faster[5.5.480~1-09abd]:DecodeUtteranceLatticeFaster():decoder-wrappers.cc:289) Log-like per frame for utterance F1333052864-3505448_3505448-67494924_1515035801-GB-F-005 is -4.9353 over 293 frames.
F1333052864-3505448_3505448-67494924_1515035801-GB-F-016 GIRL WHAT YOU TRYING TO DO 'CAUSE I DON'T GOT A CLUE 
LOG (gmm-latgen-faster[5.5.480~1-09abd]:DecodeUtteranceLatticeFaster():decoder-wrappers.cc:289) Log-like per frame for utterance F1333052864-3505448_3505448-67494924_1515035801-GB-F-016 is -5.11763 over 341 frames.
F1333052864-3505448_3505448-67494924_1515035801-GB-F-019 HELP ME HELP YOU 
LOG (gmm-latgen-faster[5.5.480~1-09abd]:DecodeUtteranceLatticeFaster():decoder-wrappers.cc:289) Log-like per frame for utterance F1333052864-3505448_3505448-67494924_1515035801-GB-F-019 is -3.70596 over 171 frames.
F1333052864-3505448_3505448-67494924_1515035801-GB-F-023 HELP ME HELP YOU DO THESE JEANS MAKE ME LOOK FAT 
LOG (gmm-latgen-faster[5.5.480~1-09abd]:DecodeUtteranceLatticeFaster():decoder-wrappers.cc:289) Log-like per frame for utterance F1333052864-3505448_3505448-67494924_1515035801-GB-F-023 is -4.45196 over 380 frames.
F1333052864-3505448_3505448-67494924_1515035801-GB-F-025 YEAH YEAH I KNOW YOU WANT THE ANSWER BUT I'M SMART THAT DOWN YOU 
LOG (gmm-latgen-faster[5.5.480~1-09abd]:DecodeUtteranceLatticeFaster():decoder-wrappers.cc:289) Log-like per frame for utterance F1333052864-3505448_3505448-67494924_1515035801-GB-F-025 is -4.31146 over 432 frames.
F1333052864-3505448_3505448-67494924_1515035801-GB-F-028 OH AND HERE'S A RANDOM FAT 
LOG (gmm-latgen-faster[5.5.480~1-09abd]:DecodeUtteranceLatticeFaster():decoder-wrappers.cc:289) Log-like per frame for utterance F1333052864-3505448_3505448-67494924_1515035801-GB-F-028 is -5.32292 over 187 frames.
F1333052864-3505448_3505448-67494924_1515035801-GB-F-040 I'M ALWAYS SURE TO BE OH AND SITTING IN I'M 
LOG (gmm-latgen-faster[5.5.480~1-09abd]:DecodeUtteranceLatticeFaster():decoder-wrappers.cc:289) Log-like per frame for utterance F1333052864-3505448_3505448-67494924_1515035801-GB-F-040 is -4.07995 over 728 frames.
F1333052864-3505448_3505448-67494924_1515035801-GB-F-042 EVERYTHING IS DIFFICULT HELP ME HELP YOU GIRL WHAT YOU TRYING TO 
LOG (gmm-latgen-faster[5.5.480~1-09abd]:DecodeUtteranceLatticeFaster():decoder-wrappers.cc:289) Log-like per frame for utterance F1333052864-3505448_3505448-67494924_1515035801-GB-F-042 is -4.57388 over 621 frames.
F1333052864-3505448_3505448-67494924_1515035801-GB-F-046 TO 'CAUSE I DON'T GOT A 
LOG (gmm-latgen-faster[5.5.480~1-09abd]:DecodeUtteranceLatticeFaster():decoder-wrappers.cc:289) Log-like per frame for utterance F1333052864-3505448_3505448-67494924_1515035801-GB-F-046 is -4.96332 over 160 frames.
F1333052864-3505448_3505448-67494924_1515035801-GB-F-047 NO I AIN'T AS 
LOG (gmm-latgen-faster[5.5.480~1-09abd]:DecodeUtteranceLatticeFaster():decoder-wrappers.cc:289) Log-like per frame for utterance F1333052864-3505448_3505448-67494924_1515035801-GB-F-047 is -4.75234 over 124 frames.
F1333052864-3505448_3505448-67494924_1515035801-GB-F-048 BUT BE HELP ME HELP YOU 
LOG (gmm-latgen-faster[5.5.480~1-09abd]:DecodeUtteranceLatticeFaster():decoder-wrappers.cc:289) Log-like per frame for utterance F1333052864-3505448_3505448-67494924_1515035801-GB-F-048 is -4.0464 over 179 frames.
F1333052864-3505448_3505448-67494924_1515035801-GB-F-052 CAN MY ME HELP YOU 
LOG (gmm-latgen-faster[5.5.480~1-09abd]:DecodeUtteranceLatticeFaster():decoder-wrappers.cc:289) Log-like per frame for utterance F1333052864-3505448_3505448-67494924_1515035801-GB-F-052 is -4.36057 over 179 frames.
F1333052864-3505448_3505448-67494924_1515035801-GB-F-055 HELP ME HELP YOU 
LOG (gmm-latgen-faster[5.5.480~1-09abd]:DecodeUtteranceLatticeFaster():decoder-wrappers.cc:289) Log-like per frame for utterance F1333052864-3505448_3505448-67494924_1515035801-GB-F-055 is -4.19647 over 366 frames.
F1333052864-3505448_3505448-67494924_1515035801-GB-F-061 BABY GIRL WHEN I ASK YOU'RE NOT PROBLEM DON'T TELL ME FINE I KNOW YOU'RE NOT FINE 
LOG (gmm-latgen-faster[5.5.480~1-09abd]:DecodeUtteranceLatticeFaster():decoder-wrappers.cc:289) Log-like per frame for utterance F1333052864-3505448_3505448-67494924_1515035801-GB-F-061 is -5.26062 over 537 frames.
F1333052864-3505448_3505448-67494924_1515035801-GB-F-065 I JUST DON'T UNDERSTAND YOU STEAL THE DON'T AND ONE 
LOG (gmm-latgen-faster[5.5.480~1-09abd]:DecodeUtteranceLatticeFaster():decoder-wrappers.cc:289) Log-like per frame for utterance F1333052864-3505448_3505448-67494924_1515035801-GB-F-065 is -5.20155 over 356 frames.
F1333052864-3505448_3505448-67494924_1515035801-GB-F-067 COLD IT YOU HOT YOU COLD DON'T 
LOG (gmm-latgen-faster[5.5.480~1-09abd]:DecodeUtteranceLatticeFaster():decoder-wrappers.cc:289) Log-like per frame for utterance F1333052864-3505448_3505448-67494924_1515035801-GB-F-067 is -5.76226 over 277 frames.
F1333052864-3505448_3505448-67494924_1515035801-GB-F-069 ME YOU KNOW GOT A LOADED QUESTION WHAT ARE 
LOG (gmm-latgen-faster[5.5.480~1-09abd]:DecodeUtteranceLatticeFaster():decoder-wrappers.cc:289) Log-like per frame for utterance F1333052864-3505448_3505448-67494924_1515035801-GB-F-069 is -5.65613 over 344 frames.
F1333052864-3505448_3505448-67494924_1515035801-GB-F-071 YOU KNOW YOU WHAT YOU WHAT ARE JUST 
LOG (gmm-latgen-faster[5.5.480~1-09abd]:DecodeUtteranceLatticeFaster():decoder-wrappers.cc:289) Log-like per frame for utterance F1333052864-3505448_3505448-67494924_1515035801-GB-F-071 is -5.65971 over 364 frames.
F1333052864-3505448_3505448-67494924_1515035801-GB-F-074 PLEASE PLEASE JUST LISTEN TO ME AND 
LOG (gmm-latgen-faster[5.5.480~1-09abd]:DecodeUtteranceLatticeFaster():decoder-wrappers.cc:289) Log-like per frame for utterance F1333052864-3505448_3505448-67494924_1515035801-GB-F-074 is -5.01117 over 225 frames.
F1333052864-3505448_3505448-67494924_1515035801-GB-F-075 YOUR PLEASE BABY GIRL 
LOG (gmm-latgen-faster[5.5.480~1-09abd]:DecodeUtteranceLatticeFaster():decoder-wrappers.cc:289) Log-like per frame for utterance F1333052864-3505448_3505448-67494924_1515035801-GB-F-075 is -5.41434 over 217 frames.
F1333052864-3505448_3505448-67494924_1515035801-GB-F-076 HELP ME HELP YOU KNOW WAS WE ARE 
LOG (gmm-latgen-faster[5.5.480~1-09abd]:DecodeUtteranceLatticeFaster():decoder-wrappers.cc:289) Log-like per frame for utterance F1333052864-3505448_3505448-67494924_1515035801-GB-F-076 is -4.1299 over 767 frames.
F1336354980-101935856_1430128-1336355787_1563254054-GB-F-001 YOU KNOW JUST WHAT TO SAY 
LOG (gmm-latgen-faster[5.5.480~1-09abd]:DecodeUtteranceLatticeFaster():decoder-wrappers.cc:289) Log-like per frame for utterance F1336354980-101935856_1430128-1336355787_1563254054-GB-F-001 is -4.48121 over 268 frames.
F1336354980-101935856_1430128-1336355787_1563254054-GB-F-002 THINGS THAT SCARES ME I SHOULD JUST WALK OF WAY I CAN'T MOVE MY FEET THE MORE THAT I KNOW YOU THE MORE I WANT TO SOMETHING INSIDE ME'S CHANGED I WAS SO MUCH YOUNGER YESTERDAY OH 
LOG (gmm-latgen-faster[5.5.480~1-09abd]:DecodeUtteranceLatticeFaster():decoder-wrappers.cc:289) Log-like per frame for utterance F1336354980-101935856_1430128-1336355787_1563254054-GB-F-002 is -4.30767 over 1843 frames.
F1336354980-101935856_1430128-1336355787_1563254054-GB-F-010 I DIDN'T KNOW THAT I WAS 
LOG (gmm-latgen-faster[5.5.480~1-09abd]:DecodeUtteranceLatticeFaster():decoder-wrappers.cc:289) Log-like per frame for utterance F1336354980-101935856_1430128-1336355787_1563254054-GB-F-010 is -4.21113 over 191 frames.
F1336354980-101935856_1430128-1336355787_1563254054-GB-F-011 STARVING TILL I TASTED YOU 
LOG (gmm-latgen-faster[5.5.480~1-09abd]:DecodeUtteranceLatticeFaster():decoder-wrappers.cc:289) Log-like per frame for utterance F1336354980-101935856_1430128-1336355787_1563254054-GB-F-011 is -4.35682 over 227 frames.
F1336354980-101935856_1430128-1336355787_1563254054-GB-F-012 DON'T NEED NO BUTTERFLIES WHEN YOU GIVE ME THE WHOLE DAMN ZOO 
LOG (gmm-latgen-faster[5.5.480~1-09abd]:DecodeUtteranceLatticeFaster():decoder-wrappers.cc:289) Log-like per frame for utterance F1336354980-101935856_1430128-1336355787_1563254054-GB-F-012 is -4.57985 over 430 frames.
F1336354980-101935856_1430128-1336355787_1563254054-GB-F-014 BY THE WAY BY THE WAY YOU DO THINGS TO MY BODY 
LOG (gmm-latgen-faster[5.5.480~1-09abd]:DecodeUtteranceLatticeFaster():decoder-wrappers.cc:289) Log-like per frame for utterance F1336354980-101935856_1430128-1336355787_1563254054-GB-F-014 is -4.34866 over 436 frames.
F1336354980-101935856_1430128-1336355787_1563254054-GB-F-016 I DIDN'T KNOW THAT I WAS STARVING TILL I TASTED YOU BY THE WAY BY THE WAY YOU DO THINGS TO MY BODY 
LOG (gmm-latgen-faster[5.5.480~1-09abd]:DecodeUtteranceLatticeFaster():decoder-wrappers.cc:289) Log-like per frame for utterance F1336354980-101935856_1430128-1336355787_1563254054-GB-F-016 is -4.23699 over 1882 frames.
F1336354980-101935856_1430128-1336355787_1563254054-GB-F-021 I DIDN'T KNOW THAT I WAS STARVING TILL I TASTED YOU KNOW 
LOG (gmm-latgen-faster[5.5.480~1-09abd]:DecodeUtteranceLatticeFaster():decoder-wrappers.cc:289) Log-like per frame for utterance F1336354980-101935856_1430128-1336355787_1563254054-GB-F-021 is -4.04897 over 532 frames.
F1336354980-101935856_1430128-1336355787_1563254054-GB-F-024 JUST HOW TO MAKE 
LOG (gmm-latgen-faster[5.5.480~1-09abd]:DecodeUtteranceLatticeFaster():decoder-wrappers.cc:289) Log-like per frame for utterance F1336354980-101935856_1430128-1336355787_1563254054-GB-F-024 is -3.96415 over 168 frames.
F1336354980-101935856_1430128-1336355787_1563254054-GB-F-025 MY HEART BEAT FASTER EMOTIONAL EARTHQUAKE BRING ON DISASTER 
LOG (gmm-latgen-faster[5.5.480~1-09abd]:DecodeUtteranceLatticeFaster():decoder-wrappers.cc:289) Log-like per frame for utterance F1336354980-101935856_1430128-1336355787_1563254054-GB-F-025 is -4.25063 over 585 frames.
F1336354980-101935856_1430128-1336355787_1563254054-GB-F-027 BUT YOU HIT ME HEAD ON GOT ME WEAK IN MY KNEES YEAH SOMETHING INSIDE ME'S CHANGED I WAS SO MUCH YOUNGER YESTERDAY YE <UNK> 
LOG (gmm-latgen-faster[5.5.480~1-09abd]:DecodeUtteranceLatticeFaster():decoder-wrappers.cc:289) Log-like per frame for utterance F1336354980-101935856_1430128-1336355787_1563254054-GB-F-027 is -4.17139 over 1301 frames.
F1336354980-101935856_1430128-1336355787_1563254054-GB-F-032 SO MUCH YOUNGER YESTERDAY OH YEAH 
LOG (gmm-latgen-faster[5.5.480~1-09abd]:DecodeUtteranceLatticeFaster():decoder-wrappers.cc:289) Log-like per frame for utterance F1336354980-101935856_1430128-1336355787_1563254054-GB-F-032 is -4.15778 over 538 frames.
F1336354980-101935856_1430128-1336355787_1563254054-GB-F-033 I DIDN'T KNOW THAT I WAS 
LOG (gmm-latgen-faster[5.5.480~1-09abd]:DecodeUtteranceLatticeFaster():decoder-wrappers.cc:289) Log-like per frame for utterance F1336354980-101935856_1430128-1336355787_1563254054-GB-F-033 is -3.98097 over 187 frames.
F1336354980-101935856_1430128-1336355787_1563254054-GB-F-034 STARVING TILL I TASTED YOU 
LOG (gmm-latgen-faster[5.5.480~1-09abd]:DecodeUtteranceLatticeFaster():decoder-wrappers.cc:289) Log-like per frame for utterance F1336354980-101935856_1430128-1336355787_1563254054-GB-F-034 is -4.31437 over 215 frames.
F1336354980-101935856_1430128-1336355787_1563254054-GB-F-035 DON'T NEED NO BUTTERFLIES WHEN YOU GIVE ME THE WHOLE DAMN ZOO 
LOG (gmm-latgen-faster[5.5.480~1-09abd]:DecodeUtteranceLatticeFaster():decoder-wrappers.cc:289) Log-like per frame for utterance F1336354980-101935856_1430128-1336355787_1563254054-GB-F-035 is -4.45923 over 435 frames.
F1336354980-101935856_1430128-1336355787_1563254054-GB-F-037 BY THE WAY BY THE WAY YOU DO THINGS TO MY BODY I DIDN'T KNOW THAT I WAS STARVING TILL I TASTED YOU 
LOG (gmm-latgen-faster[5.5.480~1-09abd]:DecodeUtteranceLatticeFaster():decoder-wrappers.cc:289) Log-like per frame for utterance F1336354980-101935856_1430128-1336355787_1563254054-GB-F-037 is -4.37986 over 919 frames.
F1336354980-101935856_1430128-1336355787_1563254054-GB-F-042 BY THE WAY BY THE WAY 
LOG (gmm-latgen-faster[5.5.480~1-09abd]:DecodeUtteranceLatticeFaster():decoder-wrappers.cc:289) Log-like per frame for utterance F1336354980-101935856_1430128-1336355787_1563254054-GB-F-042 is -4.52919 over 141 frames.
F1336354980-101935856_1430128-1336355787_1563254054-GB-F-043 YOU DO THINGS TO MY BODY I DIDN'T KNOW THAT I WAS STARVING TILL I TASTED YOU YOU YEAH TILL I TASTED YOU 
LOG (gmm-latgen-faster[5.5.480~1-09abd]:DecodeUtteranceLatticeFaster():decoder-wrappers.cc:289) Log-like per frame for utterance F1336354980-101935856_1430128-1336355787_1563254054-GB-F-043 is -3.97401 over 1246 frames.
F1336354980-101935856_1430128-1336355787_1563254054-GB-F-050 BY THE WAY BY THE WAY 
LOG (gmm-latgen-faster[5.5.480~1-09abd]:DecodeUtteranceLatticeFaster():decoder-wrappers.cc:289) Log-like per frame for utterance F1336354980-101935856_1430128-1336355787_1563254054-GB-F-050 is -4.33952 over 137 frames.
F1336354980-101935856_1430128-1336355787_1563254054-GB-F-051 YOU DO THINGS TO MY BODY I DIDN'T KNOW THAT I WAS STARVING TILL I TASTED YOU OOH OOH OOH OOH WHO NA NA NA NA NA NA NA NA NA THE 
LOG (gmm-latgen-faster[5.5.480~1-09abd]:DecodeUtteranceLatticeFaster():decoder-wrappers.cc:289) Log-like per frame for utterance F1336354980-101935856_1430128-1336355787_1563254054-GB-F-051 is -4.06179 over 1695 frames.
F1336354980-101935856_1430128-1336355787_1563254054-GB-F-057 THE MORE THAT I KNOW YOU THE MORE ONE 
LOG (gmm-latgen-faster[5.5.480~1-09abd]:DecodeUtteranceLatticeFaster():decoder-wrappers.cc:289) Log-like per frame for utterance F1336354980-101935856_1430128-1336355787_1563254054-GB-F-057 is -4.19427 over 290 frames.
F1336354980-101935856_1430128-1336355787_1563254054-GB-F-059 SOMETHING INSIDE ME'S CHANGED I WAS SO MUCH YOUNGER YESTERDAY 
LOG (gmm-latgen-faster[5.5.480~1-09abd]:DecodeUtteranceLatticeFaster():decoder-wrappers.cc:289) Log-like per frame for utterance F1336354980-101935856_1430128-1336355787_1563254054-GB-F-059 is -4.11191 over 586 frames.
F1339305177-514669237_483915-273235153_1443450048-GB-F-001 FOLLOW LIKE BE WITH ME THE YOU DO I'M A 
LOG (gmm-latgen-faster[5.5.480~1-09abd]:RebuildRepository():determinize-lattice-pruned.cc:283) Rebuilding repository.
LOG (gmm-latgen-faster[5.5.480~1-09abd]:RebuildRepository():determinize-lattice-pruned.cc:283) Rebuilding repository.
LOG (gmm-latgen-faster[5.5.480~1-09abd]:RebuildRepository():determinize-lattice-pruned.cc:283) Rebuilding repository.
LOG (gmm-latgen-faster[5.5.480~1-09abd]:RebuildRepository():determinize-lattice-pruned.cc:283) Rebuilding repository.
LOG (gmm-latgen-faster[5.5.480~1-09abd]:RebuildRepository():determinize-lattice-pruned.cc:283) Rebuilding repository.
LOG (gmm-latgen-faster[5.5.480~1-09abd]:RebuildRepository():determinize-lattice-pruned.cc:283) Rebuilding repository.
WARNING (gmm-latgen-faster[5.5.480~1-09abd]:CheckMemoryUsage():determinize-lattice-pruned.cc:316) Did not reach requested beam in determinize-lattice: size exceeds maximum 50000000 bytes; (repo,arcs,elems) = (44678560,97952,5502456), after rebuilding, repo size was 35030176, effective beam was 5.83401 vs. requested beam 6
WARNING (gmm-latgen-faster[5.5.480~1-09abd]:DecodeUtteranceLatticeFaster():decoder-wrappers.cc:277) Determinization finished earlier than the beam for utterance F1339305177-514669237_483915-273235153_1443450048-GB-F-001
LOG (gmm-latgen-faster[5.5.480~1-09abd]:DecodeUtteranceLatticeFaster():decoder-wrappers.cc:289) Log-like per frame for utterance F1339305177-514669237_483915-273235153_1443450048-GB-F-001 is -4.19479 over 2982 frames.
F1339305177-514669237_483915-273235153_1443450048-GB-F-016 HEART IS SAYING NO 
LOG (gmm-latgen-faster[5.5.480~1-09abd]:DecodeUtteranceLatticeFaster():decoder-wrappers.cc:289) Log-like per frame for utterance F1339305177-514669237_483915-273235153_1443450048-GB-F-016 is -4.47397 over 113 frames.
F1339305177-514669237_483915-273235153_1443450048-GB-F-017 YOU WANNA BE WITH ME BABY THERE'S A PRICE TO PAY I'M A GENIE IN A BOTTLE YOU GOTTA ASK ME THE RIGHT WAY 
LOG (gmm-latgen-faster[5.5.480~1-09abd]:DecodeUtteranceLatticeFaster():decoder-wrappers.cc:289) Log-like per frame for utterance F1339305177-514669237_483915-273235153_1443450048-GB-F-017 is -4.46383 over 870 frames.
F1339305177-514669237_483915-273235153_1443450048-GB-F-021 YOU WANNA BE WITH ME I CAN MAKE YOUR WISH COME TRUE 
LOG (gmm-latgen-faster[5.5.480~1-09abd]:DecodeUtteranceLatticeFaster():decoder-wrappers.cc:289) Log-like per frame for utterance F1339305177-514669237_483915-273235153_1443450048-GB-F-021 is -4.38958 over 421 frames.
F1339305177-514669237_483915-273235153_1443450048-GB-F-023 GOTTA MAKE A BIG IS YESTERDAY 
LOG (gmm-latgen-faster[5.5.480~1-09abd]:DecodeUtteranceLatticeFaster():decoder-wrappers.cc:289) Log-like per frame for utterance F1339305177-514669237_483915-273235153_1443450048-GB-F-023 is -4.74152 over 198 frames.
F1339305177-514669237_483915-273235153_1443450048-GB-F-024 GOTTA LIKE WHAT YOU DO I'M A GENIE IN A BOTTLE BABY 
LOG (gmm-latgen-faster[5.5.480~1-09abd]:DecodeUtteranceLatticeFaster():decoder-wrappers.cc:289) Log-like per frame for utterance F1339305177-514669237_483915-273235153_1443450048-GB-F-024 is -4.26135 over 389 frames.
F1339305177-514669237_483915-273235153_1443450048-GB-F-026 GOTTA CATCH ME THE RIGHT WAY HONEY GET 
LOG (gmm-latgen-faster[5.5.480~1-09abd]:DecodeUtteranceLatticeFaster():decoder-wrappers.cc:289) Log-like per frame for utterance F1339305177-514669237_483915-273235153_1443450048-GB-F-026 is -4.73784 over 224 frames.
F1339305177-514669237_483915-273235153_1443450048-GB-F-039 WOAH WOAH WOAH 
LOG (gmm-latgen-faster[5.5.480~1-09abd]:DecodeUtteranceLatticeFaster():decoder-wrappers.cc:289) Log-like per frame for utterance F1339305177-514669237_483915-273235153_1443450048-GB-F-039 is -3.78511 over 301 frames.
F1339305177-514669237_483915-273235153_1443450048-GB-F-040 WHAT <UNK> MY WOAH GO 
LOG (gmm-latgen-faster[5.5.480~1-09abd]:DecodeUtteranceLatticeFaster():decoder-wrappers.cc:289) Log-like per frame for utterance F1339305177-514669237_483915-273235153_1443450048-GB-F-040 is -3.87069 over 294 frames.
F1339305177-514669237_483915-273235153_1443450048-GB-F-044 IF YOU WANNA BE WITH ME BABY THERE'S A PRICE TO PAY 
LOG (gmm-latgen-faster[5.5.480~1-09abd]:DecodeUtteranceLatticeFaster():decoder-wrappers.cc:289) Log-like per frame for utterance F1339305177-514669237_483915-273235153_1443450048-GB-F-044 is -4.4634 over 437 frames.
F1339305177-514669237_483915-273235153_1443450048-GB-F-046 I'M A GENIE IN A BOTTLE YOU GOTTA ASK ME THE RIGHT WAY 
LOG (gmm-latgen-faster[5.5.480~1-09abd]:DecodeUtteranceLatticeFaster():decoder-wrappers.cc:289) Log-like per frame for utterance F1339305177-514669237_483915-273235153_1443450048-GB-F-046 is -4.3936 over 434 frames.
F1339305177-514669237_483915-273235153_1443450048-GB-F-048 IF YOU WANNA BE WITH ME 
LOG (gmm-latgen-faster[5.5.480~1-09abd]:DecodeUtteranceLatticeFaster():decoder-wrappers.cc:289) Log-like per frame for utterance F1339305177-514669237_483915-273235153_1443450048-GB-F-048 is -4.20763 over 202 frames.
F1339305177-514669237_483915-273235153_1443450048-GB-F-049 I CAN MAKE YOUR WISH COME TRUE JUST GOTTA SET ME FREE BABY AND I'LL BE WITH YOU WITH YOU I'M A GENIE IN A BOTTLE BABY 
LOG (gmm-latgen-faster[5.5.480~1-09abd]:DecodeUtteranceLatticeFaster():decoder-wrappers.cc:289) Log-like per frame for utterance F1339305177-514669237_483915-273235153_1443450048-GB-F-049 is -4.43917 over 869 frames.
F1339305177-514669237_483915-273235153_1443450048-GB-F-053 AND THERE'S ME THE RIGHT WAY HONEY 
LOG (gmm-latgen-faster[5.5.480~1-09abd]:DecodeUtteranceLatticeFaster():decoder-wrappers.cc:289) Log-like per frame for utterance F1339305177-514669237_483915-273235153_1443450048-GB-F-053 is -4.44465 over 206 frames.
F1339305177-514669237_483915-273235153_1443450048-GB-F-054 I'M A GENIE IN A BOTTLE BABY 
LOG (gmm-latgen-faster[5.5.480~1-09abd]:DecodeUtteranceLatticeFaster():decoder-wrappers.cc:289) Log-like per frame for utterance F1339305177-514669237_483915-273235153_1443450048-GB-F-054 is -4.03779 over 202 frames.
F1339305177-514669237_483915-273235153_1443450048-GB-F-056 COME COME COME ON LET AND ALL 
LOG (gmm-latgen-faster[5.5.480~1-09abd]:DecodeUtteranceLatticeFaster():decoder-wrappers.cc:289) Log-like per frame for utterance F1339305177-514669237_483915-273235153_1443450048-GB-F-056 is -4.86219 over 450 frames.
F1339305177-514669237_483915-273235153_1443450048-GB-F-061 COME COME COME AND LET ME OUT OH WOAH 
LOG (gmm-latgen-faster[5.5.480~1-09abd]:DecodeUtteranceLatticeFaster():decoder-wrappers.cc:289) Log-like per frame for utterance F1339305177-514669237_483915-273235153_1443450048-GB-F-061 is -4.29183 over 250 frames.
F1339305177-514669237_483915-273235153_1443450048-GB-F-066 I HEART IS SAYING NO 
LOG (gmm-latgen-faster[5.5.480~1-09abd]:DecodeUtteranceLatticeFaster():decoder-wrappers.cc:289) Log-like per frame for utterance F1339305177-514669237_483915-273235153_1443450048-GB-F-066 is -4.72067 over 118 frames.
F1339305177-514669237_483915-273235153_1443450048-GB-F-071 WITH ME 
LOG (gmm-latgen-faster[5.5.480~1-09abd]:DecodeUtteranceLatticeFaster():decoder-wrappers.cc:289) Log-like per frame for utterance F1339305177-514669237_483915-273235153_1443450048-GB-F-071 is -5.16713 over 130 frames.
F1339305177-514669237_483915-273235153_1443450048-GB-F-072 OUT 
LOG (gmm-latgen-faster[5.5.480~1-09abd]:DecodeUtteranceLatticeFaster():decoder-wrappers.cc:289) Log-like per frame for utterance F1339305177-514669237_483915-273235153_1443450048-GB-F-072 is -5.4832 over 121 frames.
F1339305177-514669237_483915-273235153_1443450048-GB-F-076 I'M A GENIE IN A BOTTLE BABY 
LOG (gmm-latgen-faster[5.5.480~1-09abd]:DecodeUtteranceLatticeFaster():decoder-wrappers.cc:289) Log-like per frame for utterance F1339305177-514669237_483915-273235153_1443450048-GB-F-076 is -4.13774 over 204 frames.
F1339305177-514669237_483915-273235153_1443450048-GB-F-077 GOTTA CATCH ME THE RIGHT WAY HONEY I'M A GENIE IN A BOTTLE BABY 
LOG (gmm-latgen-faster[5.5.480~1-09abd]:DecodeUtteranceLatticeFaster():decoder-wrappers.cc:289) Log-like per frame for utterance F1339305177-514669237_483915-273235153_1443450048-GB-F-077 is -4.32776 over 434 frames.
F1339305177-514669237_483915-273235153_1443450048-GB-F-080 COME COME COME ON AND LET ME OUT 
LOG (gmm-latgen-faster[5.5.480~1-09abd]:DecodeUtteranceLatticeFaster():decoder-wrappers.cc:289) Log-like per frame for utterance F1339305177-514669237_483915-273235153_1443450048-GB-F-080 is -4.59087 over 208 frames.
F1339305177-514669237_483915-273235153_1443450048-GB-F-081 I'M A GENIE IN A BOTTLE BABY GOTTA CATCH ME THE RIGHT WAY HONEY I'M A 
LOG (gmm-latgen-faster[5.5.480~1-09abd]:DecodeUtteranceLatticeFaster():decoder-wrappers.cc:289) Log-like per frame for utterance F1339305177-514669237_483915-273235153_1443450048-GB-F-081 is -4.52706 over 827 frames.
F1339305177-514669237_483915-273235153_1443450048-GB-F-086 BOTTLE BABY I'M A GENIE IN A BOTTLE BABY 
LOG (gmm-latgen-faster[5.5.480~1-09abd]:DecodeUtteranceLatticeFaster():decoder-wrappers.cc:289) Log-like per frame for utterance F1339305177-514669237_483915-273235153_1443450048-GB-F-086 is -4.11866 over 404 frames.
F1339305177-514669237_483915-273235153_1443450048-GB-F-087 IN A BOTTLE BABY 
LOG (gmm-latgen-faster[5.5.480~1-09abd]:DecodeUtteranceLatticeFaster():decoder-wrappers.cc:289) Log-like per frame for utterance F1339305177-514669237_483915-273235153_1443450048-GB-F-087 is -4.68462 over 736 frames.
F1344811557-306416782_501168-1312641947_1567259551-GB-F-002 WE'RE LEAVIN' THE CITY BEHIND RIGHT THAT THE CAMPFIRE LIGHT AND SING THIS SONG WHAT THE <UNK> 
LOG (gmm-latgen-faster[5.5.480~1-09abd]:DecodeUtteranceLatticeFaster():decoder-wrappers.cc:289) Log-like per frame for utterance F1344811557-306416782_501168-1312641947_1567259551-GB-F-002 is -4.71872 over 898 frames.
F1344811557-306416782_501168-1312641947_1567259551-GB-F-007 HANGIN' OUT THE ONE YOU OUT OF A CAMP CANOE WHAT'S THAT SMELL IT'S ON YOUR SHOE TAKE IN MY HAIR <UNK> IN MY HAIR <UNK> IN OUR BUT WE SO WE DON'T 
LOG (gmm-latgen-faster[5.5.480~1-09abd]:DecodeUtteranceLatticeFaster():decoder-wrappers.cc:289) Log-like per frame for utterance F1344811557-306416782_501168-1312641947_1567259551-GB-F-007 is -4.91246 over 1693 frames.
F1344811557-306416782_501168-1312641947_1567259551-GB-F-018 I'M THE LOVE THIS IS OUR HOME AWAY FROM HOME AWAY FROM HOME AWAY FROM HOME BUT WATCH YOUR BACK A BEAR JUST ATE MY PHONE YOUR BACK A KEEP <UNK> <UNK> IN A <UNK> THE ONE FOR THE ONE <UNK> 
LOG (gmm-latgen-faster[5.5.480~1-09abd]:RebuildRepository():determinize-lattice-pruned.cc:283) Rebuilding repository.
LOG (gmm-latgen-faster[5.5.480~1-09abd]:RebuildRepository():determinize-lattice-pruned.cc:283) Rebuilding repository.
LOG (gmm-latgen-faster[5.5.480~1-09abd]:RebuildRepository():determinize-lattice-pruned.cc:283) Rebuilding repository.
WARNING (gmm-latgen-faster[5.5.480~1-09abd]:CheckMemoryUsage():determinize-lattice-pruned.cc:316) Did not reach requested beam in determinize-lattice: size exceeds maximum 50000000 bytes; (repo,arcs,elems) = (34257184,188992,15708840), after rebuilding, repo size was 24493184, effective beam was 4.45507 vs. requested beam 6
WARNING (gmm-latgen-faster[5.5.480~1-09abd]:DecodeUtteranceLatticeFaster():decoder-wrappers.cc:277) Determinization finished earlier than the beam for utterance F1344811557-306416782_501168-1312641947_1567259551-GB-F-018
LOG (gmm-latgen-faster[5.5.480~1-09abd]:DecodeUtteranceLatticeFaster():decoder-wrappers.cc:289) Log-like per frame for utterance F1344811557-306416782_501168-1312641947_1567259551-GB-F-018 is -4.3729 over 2315 frames.
F1350349314-474572_111629-557387728_1622049303-GB-F-007 THE ONE FOR A GOOD TIME CALL PHONE'S BLOWIN' UP RINGIN' MY DOORBELL I FEEL THE LOVE I FEEL THE LOVE 
LOG (gmm-latgen-faster[5.5.480~1-09abd]:DecodeUtteranceLatticeFaster():decoder-wrappers.cc:289) Log-like per frame for utterance F1350349314-474572_111629-557387728_1622049303-GB-F-007 is -4.05103 over 977 frames.
F1350349314-474572_111629-557387728_1622049303-GB-F-012 TO <UNK> ONE TO <UNK> DRINK 
LOG (gmm-latgen-faster[5.5.480~1-09abd]:DecodeUtteranceLatticeFaster():decoder-wrappers.cc:289) Log-like per frame for utterance F1350349314-474572_111629-557387728_1622049303-GB-F-012 is -5.0077 over 210 frames.
F1350349314-474572_111629-557387728_1622049303-GB-F-016 THROW 'EM BACK TILL I LOSE 
LOG (gmm-latgen-faster[5.5.480~1-09abd]:DecodeUtteranceLatticeFaster():decoder-wrappers.cc:289) Log-like per frame for utterance F1350349314-474572_111629-557387728_1622049303-GB-F-016 is -4.49446 over 219 frames.
F1350349314-474572_111629-557387728_1622049303-GB-F-017 I'M GONNA THAT SO THE CHANDELIER FROM THE CHANDELIER 
LOG (gmm-latgen-faster[5.5.480~1-09abd]:DecodeUtteranceLatticeFaster():decoder-wrappers.cc:289) Log-like per frame for utterance F1350349314-474572_111629-557387728_1622049303-GB-F-017 is -4.18786 over 868 frames.
F1350349314-474572_111629-557387728_1622049303-GB-F-020 I'M GONNA NOT THE LIVE LIKE TOMORROW DOESN'T EXIST LIKE IT DOESN'T I'M GONNA 
LOG (gmm-latgen-faster[5.5.480~1-09abd]:DecodeUtteranceLatticeFaster():decoder-wrappers.cc:289) Log-like per frame for utterance F1350349314-474572_111629-557387728_1622049303-GB-F-020 is -4.30585 over 1402 frames.
F1350349314-474572_111629-557387728_1622049303-GB-F-024 LIKE A I IT'S 
LOG (gmm-latgen-faster[5.5.480~1-09abd]:DecodeUtteranceLatticeFaster():decoder-wrappers.cc:289) Log-like per frame for utterance F1350349314-474572_111629-557387728_1622049303-GB-F-024 is -5.24049 over 360 frames.
F1350349314-474572_111629-557387728_1622049303-GB-F-025 FEEL MY TO GOT ME I'M GONNA SO THE CHANDELIER 
LOG (gmm-latgen-faster[5.5.480~1-09abd]:DecodeUtteranceLatticeFaster():decoder-wrappers.cc:289) Log-like per frame for utterance F1350349314-474572_111629-557387728_1622049303-GB-F-025 is -4.26916 over 830 frames.
F1350349314-474572_111629-557387728_1622049303-GB-F-029 FROM THE CHANDELIER THE 
LOG (gmm-latgen-faster[5.5.480~1-09abd]:DecodeUtteranceLatticeFaster():decoder-wrappers.cc:289) Log-like per frame for utterance F1350349314-474572_111629-557387728_1622049303-GB-F-029 is -4.00747 over 330 frames.
F1350349314-474572_111629-557387728_1622049303-GB-F-034 HELP ME I'M HOLDING ON FOR DEAR LIFE WON'T LOOK DOWN WON'T OPEN MY EYES 
LOG (gmm-latgen-faster[5.5.480~1-09abd]:DecodeUtteranceLatticeFaster():decoder-wrappers.cc:289) Log-like per frame for utterance F1350349314-474572_111629-557387728_1622049303-GB-F-034 is -4.54595 over 532 frames.
F1350349314-474572_111629-557387728_1622049303-GB-F-036 KEEP MY GLASS FULL UNTIL MORNING LIGHT 'CAUSE I'M JUST HOLDING ON FOR TONIGHT ON FOR TONIGHT 
LOG (gmm-latgen-faster[5.5.480~1-09abd]:DecodeUtteranceLatticeFaster():decoder-wrappers.cc:289) Log-like per frame for utterance F1350349314-474572_111629-557387728_1622049303-GB-F-036 is -4.51915 over 709 frames.
F1350349314-474572_111629-557387728_1622049303-GB-F-040 SUN IS UP I'M A MESS GOTTA GET OUT NOW GOTTA RUN FROM THIS HERE COMES THE SHAME HERE COMES THE SHAME THE SHAME 
LOG (gmm-latgen-faster[5.5.480~1-09abd]:DecodeUtteranceLatticeFaster():decoder-wrappers.cc:289) Log-like per frame for utterance F1350349314-474572_111629-557387728_1622049303-GB-F-040 is -4.43268 over 990 frames.
F1350349314-474572_111629-557387728_1622049303-GB-F-045 <UNK> ONE TO <UNK> DRINK 
LOG (gmm-latgen-faster[5.5.480~1-09abd]:DecodeUtteranceLatticeFaster():decoder-wrappers.cc:289) Log-like per frame for utterance F1350349314-474572_111629-557387728_1622049303-GB-F-045 is -4.94152 over 160 frames.
F1350349314-474572_111629-557387728_1622049303-GB-F-048 ONE TO FROM THE ONE TO FROM YOU DRINK 
LOG (gmm-latgen-faster[5.5.480~1-09abd]:DecodeUtteranceLatticeFaster():decoder-wrappers.cc:289) Log-like per frame for utterance F1350349314-474572_111629-557387728_1622049303-GB-F-048 is -4.79885 over 270 frames.
F1350349314-474572_111629-557387728_1622049303-GB-F-051 I'M GONNA GOT IS SO THE 
LOG (gmm-latgen-faster[5.5.480~1-09abd]:DecodeUtteranceLatticeFaster():decoder-wrappers.cc:289) Log-like per frame for utterance F1350349314-474572_111629-557387728_1622049303-GB-F-051 is -3.69734 over 485 frames.
F1350349314-474572_111629-557387728_1622049303-GB-F-053 FROM THE CHANDELIER I'M GONNA GOT CHANDELIER WHEN LIKE TOMORROW DOESN'T MAKE SEE EXIST 
LOG (gmm-latgen-faster[5.5.480~1-09abd]:DecodeUtteranceLatticeFaster():decoder-wrappers.cc:289) Log-like per frame for utterance F1350349314-474572_111629-557387728_1622049303-GB-F-053 is -3.86255 over 1181 frames.
F1350349314-474572_111629-557387728_1622049303-GB-F-057 I'M GONNA FLY LIKE IT 
LOG (gmm-latgen-faster[5.5.480~1-09abd]:DecodeUtteranceLatticeFaster():decoder-wrappers.cc:289) Log-like per frame for utterance F1350349314-474572_111629-557387728_1622049303-GB-F-057 is -4.14379 over 444 frames.
F1350349314-474572_111629-557387728_1622049303-GB-F-059 FEEL MY GOT 
LOG (gmm-latgen-faster[5.5.480~1-09abd]:DecodeUtteranceLatticeFaster():decoder-wrappers.cc:289) Log-like per frame for utterance F1350349314-474572_111629-557387728_1622049303-GB-F-059 is -5.18746 over 304 frames.
F1350349314-474572_111629-557387728_1622049303-GB-F-060 I'M GONNA SWING THE 
LOG (gmm-latgen-faster[5.5.480~1-09abd]:DecodeUtteranceLatticeFaster():decoder-wrappers.cc:289) Log-like per frame for utterance F1350349314-474572_111629-557387728_1622049303-GB-F-060 is -3.57559 over 523 frames.
F1350349314-474572_111629-557387728_1622049303-GB-F-063 FROM THE CHANDELIER 
LOG (gmm-latgen-faster[5.5.480~1-09abd]:DecodeUtteranceLatticeFaster():decoder-wrappers.cc:289) Log-like per frame for utterance F1350349314-474572_111629-557387728_1622049303-GB-F-063 is -4.90767 over 310 frames.
F1350349314-474572_111629-557387728_1622049303-GB-F-065 WON'T LOOK DOWN WON'T OPEN MY EYES 
LOG (gmm-latgen-faster[5.5.480~1-09abd]:DecodeUtteranceLatticeFaster():decoder-wrappers.cc:289) Log-like per frame for utterance F1350349314-474572_111629-557387728_1622049303-GB-F-065 is -4.53987 over 223 frames.
F1350349314-474572_111629-557387728_1622049303-GB-F-066 KEEP MY GLASS FULL UNTIL MORNING LIGHT 
LOG (gmm-latgen-faster[5.5.480~1-09abd]:DecodeUtteranceLatticeFaster():decoder-wrappers.cc:289) Log-like per frame for utterance F1350349314-474572_111629-557387728_1622049303-GB-F-066 is -4.69033 over 277 frames.
F1350349314-474572_111629-557387728_1622049303-GB-F-067 'CAUSE I'M JUST HOLDING ON FOR TONIGHT 
LOG (gmm-latgen-faster[5.5.480~1-09abd]:DecodeUtteranceLatticeFaster():decoder-wrappers.cc:289) Log-like per frame for utterance F1350349314-474572_111629-557387728_1622049303-GB-F-067 is -4.41436 over 226 frames.
F1350349314-474572_111629-557387728_1622049303-GB-F-068 HELP ME I'M HOLDING ON FOR TONIGHT 
LOG (gmm-latgen-faster[5.5.480~1-09abd]:DecodeUtteranceLatticeFaster():decoder-wrappers.cc:289) Log-like per frame for utterance F1350349314-474572_111629-557387728_1622049303-GB-F-068 is -4.43558 over 269 frames.
F1350349314-474572_111629-557387728_1622049303-GB-F-076 OH I'M JUST HOLDING ON 
LOG (gmm-latgen-faster[5.5.480~1-09abd]:DecodeUtteranceLatticeFaster():decoder-wrappers.cc:289) Log-like per frame for utterance F1350349314-474572_111629-557387728_1622049303-GB-F-076 is -4.48019 over 133 frames.
F1350349314-474572_111629-557387728_1622049303-GB-F-077 TONIGHT 
LOG (gmm-latgen-faster[5.5.480~1-09abd]:DecodeUtteranceLatticeFaster():decoder-wrappers.cc:289) Log-like per frame for utterance F1350349314-474572_111629-557387728_1622049303-GB-F-077 is -4.18252 over 102 frames.
F1350349314-474572_111629-557387728_1622049303-GB-F-078 AND I ON FOR TONIGHT 
LOG (gmm-latgen-faster[5.5.480~1-09abd]:DecodeUtteranceLatticeFaster():decoder-wrappers.cc:289) Log-like per frame for utterance F1350349314-474572_111629-557387728_1622049303-GB-F-078 is -4.22125 over 180 frames.
F1350349314-474572_111629-557387728_1622049303-GB-F-079 'CAUSE I'M JUST HOLDING ON FOR TONIGHT 
LOG (gmm-latgen-faster[5.5.480~1-09abd]:DecodeUtteranceLatticeFaster():decoder-wrappers.cc:289) Log-like per frame for utterance F1350349314-474572_111629-557387728_1622049303-GB-F-079 is -4.70313 over 269 frames.
F1350989719-3703714_232358-994393256_1574648466-GB-F-001 OH OH OH OH OH 
LOG (gmm-latgen-faster[5.5.480~1-09abd]:DecodeUtteranceLatticeFaster():decoder-wrappers.cc:289) Log-like per frame for utterance F1350989719-3703714_232358-994393256_1574648466-GB-F-001 is -5.0301 over 157 frames.
F1350989719-3703714_232358-994393256_1574648466-GB-F-002 HEY JESSIE HEY JESSIE 
LOG (gmm-latgen-faster[5.5.480~1-09abd]:DecodeUtteranceLatticeFaster():decoder-wrappers.cc:289) Log-like per frame for utterance F1350989719-3703714_232358-994393256_1574648466-GB-F-002 is -4.67126 over 300 frames.
F1350989719-3703714_232358-994393256_1574648466-GB-F-005 IT FEELS LIKE A PARTY EVERYDAY HEY JESSIE HEY JESSIE BUT THEY KEEP ON PULLIN' ME EVERY WHICH WAY HEY JESSIE 
LOG (gmm-latgen-faster[5.5.480~1-09abd]:DecodeUtteranceLatticeFaster():decoder-wrappers.cc:289) Log-like per frame for utterance F1350989719-3703714_232358-994393256_1574648466-GB-F-005 is -4.48883 over 1200 frames.
F1350989719-3703714_232358-994393256_1574648466-GB-F-012 HEY HEY JESSIE MY WHOLE WORLD IS CHANGIN' TURNIN' AROUND THEY GOT ME GOING CRAZY YEAH THEY'RE SHAKIN' TOOK A CHANCE ON THE NEW GIRL IN TOWN AND I DON'T WANNA LET DOWN DOWN HEY JESSIE WHOA HEY JESSIE WHOA IT FEELS LIKE A PARTY EVERYDAY HEY HEY 
LOG (gmm-latgen-faster[5.5.480~1-09abd]:DecodeUtteranceLatticeFaster():decoder-wrappers.cc:289) Log-like per frame for utterance F1350989719-3703714_232358-994393256_1574648466-GB-F-012 is -4.63661 over 2743 frames.
F1350989719-3703714_232358-994393256_1574648466-GB-F-028 HEY HEY HEY HEY JESSIE MAKE 
LOG (gmm-latgen-faster[5.5.480~1-09abd]:DecodeUtteranceLatticeFaster():decoder-wrappers.cc:289) Log-like per frame for utterance F1350989719-3703714_232358-994393256_1574648466-GB-F-028 is -4.83729 over 452 frames.
F1351316564-4076299_4076299-1283616443_1536654155-GB-F-003 WANNA FORGOT ABOUT YOU LITTLE BOY 
LOG (gmm-latgen-faster[5.5.480~1-09abd]:DecodeUtteranceLatticeFaster():decoder-wrappers.cc:289) Log-like per frame for utterance F1351316564-4076299_4076299-1283616443_1536654155-GB-F-003 is -5.56191 over 180 frames.
F1351316564-4076299_4076299-1283616443_1536654155-GB-F-005 ALL THESE 
LOG (gmm-latgen-faster[5.5.480~1-09abd]:DecodeUtteranceLatticeFaster():decoder-wrappers.cc:289) Log-like per frame for utterance F1351316564-4076299_4076299-1283616443_1536654155-GB-F-005 is -4.55716 over 148 frames.
F1351316564-4076299_4076299-1283616443_1536654155-GB-F-009 THE BUT END OF THE COME ON THEN COME ON THE ABOUT PRICK POSH BE WANNA RAP AND I FOR IT WHEN I GET CLAPPED BY TO GET CLAPPED BY THE END OF THE THAT WISH YOU NEVER DID THAT WISH YOU NEVER HIT BACK CUZ LITTLE BOY GONNA FEEL IT WHEN I GET WITH THE CLICK CLICK 
LOG (gmm-latgen-faster[5.5.480~1-09abd]:DecodeUtteranceLatticeFaster():decoder-wrappers.cc:289) Log-like per frame for utterance F1351316564-4076299_4076299-1283616443_1536654155-GB-F-009 is -5.84832 over 1297 frames.
F1351316564-4076299_4076299-1283616443_1536654155-GB-F-032 IS A SO YOU WANNA BE THE BODY WHEN IN MY BODY SO YOU KNOW I'M IN MY I'M IN MY ELEMENT I'M IN MY BODY WHAT WHEN OF LOOKING UP 
LOG (gmm-latgen-faster[5.5.480~1-09abd]:DecodeUtteranceLatticeFaster():decoder-wrappers.cc:289) Log-like per frame for utterance F1351316564-4076299_4076299-1283616443_1536654155-GB-F-032 is -5.28338 over 810 frames.
F1351316564-4076299_4076299-1283616443_1536654155-GB-F-039 NEEDED THE HELP ME 
LOG (gmm-latgen-faster[5.5.480~1-09abd]:DecodeUtteranceLatticeFaster():decoder-wrappers.cc:289) Log-like per frame for utterance F1351316564-4076299_4076299-1283616443_1536654155-GB-F-039 is -5.43334 over 164 frames.
F1351316564-4076299_4076299-1283616443_1536654155-GB-F-057 YOUR DAD IS A WEIRDO AYY HE LOOKS JUST LIKE 
LOG (gmm-latgen-faster[5.5.480~1-09abd]:DecodeUtteranceLatticeFaster():decoder-wrappers.cc:289) Log-like per frame for utterance F1351316564-4076299_4076299-1283616443_1536654155-GB-F-057 is -5.96801 over 207 frames.
F1351316564-4076299_4076299-1283616443_1536654155-GB-F-059 NEED OUT MORE INBRED THAN YEAST COME I'M GETS FUCKED BY SHEEP YOUR SISTER FUCKS A CROWBAR GETS THAT DEEP AYY SORRY IT 
LOG (gmm-latgen-faster[5.5.480~1-09abd]:DecodeUtteranceLatticeFaster():decoder-wrappers.cc:289) Log-like per frame for utterance F1351316564-4076299_4076299-1283616443_1536654155-GB-F-059 is -5.58518 over 815 frames.
F1351316564-4076299_4076299-1283616443_1536654155-GB-F-064 LITTLE BOY NOW REGRET IT KNOW I'M NOW REGRET 
LOG (gmm-latgen-faster[5.5.480~1-09abd]:DecodeUtteranceLatticeFaster():decoder-wrappers.cc:289) Log-like per frame for utterance F1351316564-4076299_4076299-1283616443_1536654155-GB-F-064 is -5.36504 over 520 frames.
F1352873680-109279600_143939-858392536_1591199958-GB-F-003 AND YOU'RE MARRIED NOW I OH HEARD THAT YOUR DREAMS CAME TRUE YOU'D BE TRUE 
LOG (gmm-latgen-faster[5.5.480~1-09abd]:DecodeUtteranceLatticeFaster():decoder-wrappers.cc:289) Log-like per frame for utterance F1352873680-109279600_143939-858392536_1591199958-GB-F-003 is -3.55793 over 1067 frames.
F1352873680-109279600_143939-858392536_1591199958-GB-F-005 GUESS SHE GAVE ME ME I DIDN'T GIVE TO YOU OLD FRIEND WHY YOU SO SHY AIN'T LIKE YOU TO HOLD BACK OR HIDE FROM THE LIGHT 
LOG (gmm-latgen-faster[5.5.480~1-09abd]:DecodeUtteranceLatticeFaster():decoder-wrappers.cc:289) Log-like per frame for utterance F1352873680-109279600_143939-858392536_1591199958-GB-F-005 is -3.99253 over 2151 frames.
F1352873680-109279600_143939-858392536_1591199958-GB-F-012 I HATE TO TURN UP OUT 
LOG (gmm-latgen-faster[5.5.480~1-09abd]:DecodeUtteranceLatticeFaster():decoder-wrappers.cc:289) Log-like per frame for utterance F1352873680-109279600_143939-858392536_1591199958-GB-F-012 is -4.64696 over 127 frames.
F1352873680-109279600_143939-858392536_1591199958-GB-F-013 OF THE BLUE UNINVITED BUT OUT 
LOG (gmm-latgen-faster[5.5.480~1-09abd]:DecodeUtteranceLatticeFaster():decoder-wrappers.cc:289) Log-like per frame for utterance F1352873680-109279600_143939-858392536_1591199958-GB-F-013 is -4.35154 over 241 frames.
F1352873680-109279600_143939-858392536_1591199958-GB-F-014 BUT STAY AWAY 
LOG (gmm-latgen-faster[5.5.480~1-09abd]:DecodeUtteranceLatticeFaster():decoder-wrappers.cc:289) Log-like per frame for utterance F1352873680-109279600_143939-858392536_1591199958-GB-F-014 is -4.43807 over 129 frames.
F1352873680-109279600_143939-858392536_1591199958-GB-F-015 COULDN'T FIGHT IT MY HOPED YOU'D SEE MY FACE 
LOG (gmm-latgen-faster[5.5.480~1-09abd]:DecodeUtteranceLatticeFaster():decoder-wrappers.cc:289) Log-like per frame for utterance F1352873680-109279600_143939-858392536_1591199958-GB-F-015 is -4.43975 over 261 frames.
F1352873680-109279600_143939-858392536_1591199958-GB-F-017 AND THAT YOU'D BE REMINDED 
LOG (gmm-latgen-faster[5.5.480~1-09abd]:DecodeUtteranceLatticeFaster():decoder-wrappers.cc:289) Log-like per frame for utterance F1352873680-109279600_143939-858392536_1591199958-GB-F-017 is -4.53084 over 148 frames.
F1352873680-109279600_143939-858392536_1591199958-GB-F-019 THAT FOR ME IT ISN'T OVER 
LOG (gmm-latgen-faster[5.5.480~1-09abd]:DecodeUtteranceLatticeFaster():decoder-wrappers.cc:289) Log-like per frame for utterance F1352873680-109279600_143939-858392536_1591199958-GB-F-019 is -4.14612 over 371 frames.
F1352873680-109279600_143939-858392536_1591199958-GB-F-020 NEVER MIND I'LL FIND SOMEONE LIKE YOU I WISH NOTHING BUT THE BEST FOR YOU TOO DON'T FORGET ME I BEG 
LOG (gmm-latgen-faster[5.5.480~1-09abd]:DecodeUtteranceLatticeFaster():decoder-wrappers.cc:289) Log-like per frame for utterance F1352873680-109279600_143939-858392536_1591199958-GB-F-020 is -3.93061 over 1634 frames.
F1352873680-109279600_143939-858392536_1591199958-GB-F-023 I'LL REMEMBER YOU SAID SOMETIMES IT LASTS IN LOVE BUT SOMETIMES IT HURTS INSTEAD SOMETIMES IT LASTS IN LOVE BUT SOMETIMES IT HURTS INSTEAD 
LOG (gmm-latgen-faster[5.5.480~1-09abd]:DecodeUtteranceLatticeFaster():decoder-wrappers.cc:289) Log-like per frame for utterance F1352873680-109279600_143939-858392536_1591199958-GB-F-023 is -4.28124 over 1594 frames.
F1352873680-109279600_143939-858392536_1591199958-GB-F-029 YOU KNOW HOW THE TIME FLIES ONLY YESTERDAY WAS THE TIME OF OUR LIVES WE WERE BORN AND RAISED 
LOG (gmm-latgen-faster[5.5.480~1-09abd]:DecodeUtteranceLatticeFaster():decoder-wrappers.cc:289) Log-like per frame for utterance F1352873680-109279600_143939-858392536_1591199958-GB-F-029 is -4.03652 over 1546 frames.
F1352873680-109279600_143939-858392536_1591199958-GB-F-032 IN A SUMMER HAZE BOUND BY THE SURPRISE OF OUR GLORY DAYS I HATE TO TURN UP OUT OF THE BLUE UNINVITED BUT I COULDN'T STAY AWAY I COULDN'T FIGHT IT I'D HOPED YOU'D SEE MY FACE AND THAT YOU'D BE REMINDED 
LOG (gmm-latgen-faster[5.5.480~1-09abd]:DecodeUtteranceLatticeFaster():decoder-wrappers.cc:289) Log-like per frame for utterance F1352873680-109279600_143939-858392536_1591199958-GB-F-032 is -4.26946 over 2189 frames.
F1352873680-109279600_143939-858392536_1591199958-GB-F-042 THAT ME IT ISN'T OVER 
LOG (gmm-latgen-faster[5.5.480~1-09abd]:DecodeUtteranceLatticeFaster():decoder-wrappers.cc:289) Log-like per frame for utterance F1352873680-109279600_143939-858392536_1591199958-GB-F-042 is -4.29061 over 440 frames.
F1352873680-109279600_143939-858392536_1591199958-GB-F-043 NEVER MIND I'LL FIND SOMEONE LIKE YOU 
LOG (gmm-latgen-faster[5.5.480~1-09abd]:DecodeUtteranceLatticeFaster():decoder-wrappers.cc:289) Log-like per frame for utterance F1352873680-109279600_143939-858392536_1591199958-GB-F-043 is -3.67671 over 594 frames.
F1352873680-109279600_143939-858392536_1591199958-GB-F-044 I WISH NOTHING BUT THE BEST FOR YOU TOO 
LOG (gmm-latgen-faster[5.5.480~1-09abd]:DecodeUtteranceLatticeFaster():decoder-wrappers.cc:289) Log-like per frame for utterance F1352873680-109279600_143939-858392536_1591199958-GB-F-044 is -3.75767 over 681 frames.
F1352873680-109279600_143939-858392536_1591199958-GB-F-045 DON'T FORGET ME I BEG 
LOG (gmm-latgen-faster[5.5.480~1-09abd]:DecodeUtteranceLatticeFaster():decoder-wrappers.cc:289) Log-like per frame for utterance F1352873680-109279600_143939-858392536_1591199958-GB-F-045 is -4.49234 over 294 frames.
F1352873680-109279600_143939-858392536_1591199958-GB-F-046 I'LL REMEMBER YOU SAID 
LOG (gmm-latgen-faster[5.5.480~1-09abd]:DecodeUtteranceLatticeFaster():decoder-wrappers.cc:289) Log-like per frame for utterance F1352873680-109279600_143939-858392536_1591199958-GB-F-046 is -4.2006 over 319 frames.
F1352873680-109279600_143939-858392536_1591199958-GB-F-047 SOMETIMES IT LASTS IN LOVE BUT SOMETIMES IT HURTS INSTEAD NOTHING COMPARES NO WORRIES OR CARES REGRETS AND MISTAKES THEY ARE MEMORIES MADE 
LOG (gmm-latgen-faster[5.5.480~1-09abd]:DecodeUtteranceLatticeFaster():decoder-wrappers.cc:289) Log-like per frame for utterance F1352873680-109279600_143939-858392536_1591199958-GB-F-047 is -4.35468 over 1477 frames.
F1352873680-109279600_143939-858392536_1591199958-GB-F-054 WHO WOULD HAVE KNOWN HOW 
LOG (gmm-latgen-faster[5.5.480~1-09abd]:DecodeUtteranceLatticeFaster():decoder-wrappers.cc:289) Log-like per frame for utterance F1352873680-109279600_143939-858392536_1591199958-GB-F-054 is -4.01345 over 242 frames.
F1352873680-109279600_143939-858392536_1591199958-GB-F-056 BITTERSWEET THIS WOULD TASTE 
LOG (gmm-latgen-faster[5.5.480~1-09abd]:DecodeUtteranceLatticeFaster():decoder-wrappers.cc:289) Log-like per frame for utterance F1352873680-109279600_143939-858392536_1591199958-GB-F-056 is -3.48376 over 545 frames.
LOG (apply-cmvn[5.5.480~1-09abd]:main():apply-cmvn.cc:162) Applied cepstral mean normalization to 221 utterances, errors on 0
F1352873680-109279600_143939-858392536_1591199958-GB-F-057 NEVER MIND I'LL FIND SOMEONE LIKE YOU I WISH NOTHING BUT THE BEST FOR YOU TOO DON'T FORGET ME I BEG 
LOG (gmm-latgen-faster[5.5.480~1-09abd]:DecodeUtteranceLatticeFaster():decoder-wrappers.cc:289) Log-like per frame for utterance F1352873680-109279600_143939-858392536_1591199958-GB-F-057 is -4.21459 over 1625 frames.
F1352873680-109279600_143939-858392536_1591199958-GB-F-060 I'LL REMEMBER YOU SAID SOMETIMES IT LASTS IN LOVE BUT SOMETIMES IT HURTS INSTEAD 
LOG (gmm-latgen-faster[5.5.480~1-09abd]:DecodeUtteranceLatticeFaster():decoder-wrappers.cc:289) Log-like per frame for utterance F1352873680-109279600_143939-858392536_1591199958-GB-F-060 is -4.36033 over 902 frames.
F1352873680-109279600_143939-858392536_1591199958-GB-F-064 NEVER MIND I'LL FIND SOMEONE LIKE YOU I WISH NOTHING BUT THE BEST FOR YOU TOO DON'T FORGET ME I BEG 
LOG (gmm-latgen-faster[5.5.480~1-09abd]:DecodeUtteranceLatticeFaster():decoder-wrappers.cc:289) Log-like per frame for utterance F1352873680-109279600_143939-858392536_1591199958-GB-F-064 is -3.96986 over 1638 frames.
LOG (transform-feats[5.5.480~1-09abd]:main():transform-feats.cc:158) Overall average [pseudo-]logdet is -88.6872 over 128072 frames.
LOG (transform-feats[5.5.480~1-09abd]:main():transform-feats.cc:161) Applied transform to 221 utterances; 0 had errors.
F1352873680-109279600_143939-858392536_1591199958-GB-F-067 I'LL REMEMBER YOU SAID SOMETIMES IT LASTS IN LOVE BUT SOMETIMES IT HURTS INSTEAD SOMETIMES IT LASTS IN LOVE BUT 
LOG (gmm-latgen-faster[5.5.480~1-09abd]:DecodeUtteranceLatticeFaster():decoder-wrappers.cc:289) Log-like per frame for utterance F1352873680-109279600_143939-858392536_1591199958-GB-F-067 is -4.41096 over 1303 frames.
LOG (transform-feats[5.5.480~1-09abd]:main():transform-feats.cc:158) Overall average logdet is 1.5655 over 128072 frames.
LOG (transform-feats[5.5.480~1-09abd]:main():transform-feats.cc:161) Applied transform to 221 utterances; 0 had errors.
F1352873680-109279600_143939-858392536_1591199958-GB-F-071 SOMETIMES IT HURTS INSTEAD YOU 
LOG (gmm-latgen-faster[5.5.480~1-09abd]:DecodeUtteranceLatticeFaster():decoder-wrappers.cc:289) Log-like per frame for utterance F1352873680-109279600_143939-858392536_1591199958-GB-F-071 is -4.23478 over 474 frames.
LOG (gmm-latgen-faster[5.5.480~1-09abd]:main():gmm-latgen-faster.cc:176) Time taken 316.118s: real-time factor assuming 100 frames/sec is 0.246828
LOG (gmm-latgen-faster[5.5.480~1-09abd]:main():gmm-latgen-faster.cc:179) Done 221 utterances, failed for 0
LOG (gmm-latgen-faster[5.5.480~1-09abd]:main():gmm-latgen-faster.cc:181) Overall log-likelihood per frame is -4.44501 over 128072 frames.
# Accounting: time=316 threads=1
# Ended (code 0) at Tue Sep 10 14:03:57 BST 2019, elapsed time 316 seconds
