# gmm-latgen-faster --max-active=7000 --beam=15.0 --lattice-beam=6.0 --acoustic-scale=0.083333 --allow-partial=false --word-symbol-table=exp/tri3b_cleaned/graphs/words.txt exp/tri3b_cleaned/final.mdl scp:exp/tri3b_cleaned/lats/split_fsts/HCLG.fsts.14.scp "ark,s,cs:apply-cmvn  --utt2spk=ark:data/train1/split40/14/utt2spk scp:data/train1/split40/14/cmvn.scp scp:data/train1/split40/14/feats.scp ark:- | splice-feats  ark:- ark:- | transform-feats exp/tri3b_cleaned/final.mat ark:- ark:- | transform-feats --utt2spk=ark:data/train1/split40/14/utt2spk ark:exp/tri3b/trans.14 ark:- ark:- |" "ark:|gzip -c > exp/tri3b_cleaned/lats/lat.14.gz" 
# Started at Tue Sep 10 14:09:31 BST 2019
#
gmm-latgen-faster --max-active=7000 --beam=15.0 --lattice-beam=6.0 --acoustic-scale=0.083333 --allow-partial=false --word-symbol-table=exp/tri3b_cleaned/graphs/words.txt exp/tri3b_cleaned/final.mdl scp:exp/tri3b_cleaned/lats/split_fsts/HCLG.fsts.14.scp 'ark,s,cs:apply-cmvn  --utt2spk=ark:data/train1/split40/14/utt2spk scp:data/train1/split40/14/cmvn.scp scp:data/train1/split40/14/feats.scp ark:- | splice-feats  ark:- ark:- | transform-feats exp/tri3b_cleaned/final.mat ark:- ark:- | transform-feats --utt2spk=ark:data/train1/split40/14/utt2spk ark:exp/tri3b/trans.14 ark:- ark:- |' 'ark:|gzip -c > exp/tri3b_cleaned/lats/lat.14.gz' 
transform-feats --utt2spk=ark:data/train1/split40/14/utt2spk ark:exp/tri3b/trans.14 ark:- ark:- 
splice-feats ark:- ark:- 
transform-feats exp/tri3b_cleaned/final.mat ark:- ark:- 
apply-cmvn --utt2spk=ark:data/train1/split40/14/utt2spk scp:data/train1/split40/14/cmvn.scp scp:data/train1/split40/14/feats.scp ark:- 
F436725159-81321499_1559312-436723504_1609449951-GB-F-001 THIS IS A SHOUT OUT TO MY EX 
LOG (gmm-latgen-faster[5.5.480~1-09abd]:DecodeUtteranceLatticeFaster():decoder-wrappers.cc:289) Log-like per frame for utterance F436725159-81321499_1559312-436723504_1609449951-GB-F-001 is -4.40038 over 277 frames.
F436725159-81321499_1559312-436723504_1609449951-GB-F-002 HEARD HE IN LOVE WITH SOME OTHER CHICK 
LOG (gmm-latgen-faster[5.5.480~1-09abd]:DecodeUtteranceLatticeFaster():decoder-wrappers.cc:289) Log-like per frame for utterance F436725159-81321499_1559312-436723504_1609449951-GB-F-002 is -4.70107 over 227 frames.
F436725159-81321499_1559312-436723504_1609449951-GB-F-003 YEAH YEAH THAT HURT ME I'LL ADMIT 
LOG (gmm-latgen-faster[5.5.480~1-09abd]:DecodeUtteranceLatticeFaster():decoder-wrappers.cc:289) Log-like per frame for utterance F436725159-81321499_1559312-436723504_1609449951-GB-F-003 is -4.8293 over 208 frames.
F436725159-81321499_1559312-436723504_1609449951-GB-F-004 FORGET THAT BOY I'M OVER IT 
LOG (gmm-latgen-faster[5.5.480~1-09abd]:DecodeUtteranceLatticeFaster():decoder-wrappers.cc:289) Log-like per frame for utterance F436725159-81321499_1559312-436723504_1609449951-GB-F-004 is -4.89937 over 209 frames.
F436725159-81321499_1559312-436723504_1609449951-GB-F-005 I HOPE SHE GETTIN' BETTER SEX 
LOG (gmm-latgen-faster[5.5.480~1-09abd]:DecodeUtteranceLatticeFaster():decoder-wrappers.cc:289) Log-like per frame for utterance F436725159-81321499_1559312-436723504_1609449951-GB-F-005 is -4.67551 over 334 frames.
F436725159-81321499_1559312-436723504_1609449951-GB-F-006 HOPE SHE AIN'T FAKIN' IT LIKE I DID BABE 
LOG (gmm-latgen-faster[5.5.480~1-09abd]:DecodeUtteranceLatticeFaster():decoder-wrappers.cc:289) Log-like per frame for utterance F436725159-81321499_1559312-436723504_1609449951-GB-F-006 is -4.95917 over 314 frames.
F436725159-81321499_1559312-436723504_1609449951-GB-F-008 TOOK FOUR LONG YEARS TO CALL IT QUITS 
LOG (gmm-latgen-faster[5.5.480~1-09abd]:DecodeUtteranceLatticeFaster():decoder-wrappers.cc:289) Log-like per frame for utterance F436725159-81321499_1559312-436723504_1609449951-GB-F-008 is -4.74588 over 205 frames.
F436725159-81321499_1559312-436723504_1609449951-GB-F-010 FORGET THAT BOY I'M OVER IT 
LOG (gmm-latgen-faster[5.5.480~1-09abd]:DecodeUtteranceLatticeFaster():decoder-wrappers.cc:289) Log-like per frame for utterance F436725159-81321499_1559312-436723504_1609449951-GB-F-010 is -4.81733 over 211 frames.
F436725159-81321499_1559312-436723504_1609449951-GB-F-011 GUESS I SHOULD SAY THANK YOU FOR THE HATE YOUS AND THE TATTOOS OH BABY I'M COOL BY THE WAY 
LOG (gmm-latgen-faster[5.5.480~1-09abd]:DecodeUtteranceLatticeFaster():decoder-wrappers.cc:289) Log-like per frame for utterance F436725159-81321499_1559312-436723504_1609449951-GB-F-011 is -4.98197 over 620 frames.
F436725159-81321499_1559312-436723504_1609449951-GB-F-014 AIN'T SURE I LOVED YOU ANYWAY 
LOG (gmm-latgen-faster[5.5.480~1-09abd]:DecodeUtteranceLatticeFaster():decoder-wrappers.cc:289) Log-like per frame for utterance F436725159-81321499_1559312-436723504_1609449951-GB-F-014 is -4.88258 over 271 frames.
F436725159-81321499_1559312-436723504_1609449951-GB-F-015 GO 'HEAD BABE I'MMA LIVE MY LIFE MY LIFE YEAH 
LOG (gmm-latgen-faster[5.5.480~1-09abd]:DecodeUtteranceLatticeFaster():decoder-wrappers.cc:289) Log-like per frame for utterance F436725159-81321499_1559312-436723504_1609449951-GB-F-015 is -4.3097 over 531 frames.
F436725159-81321499_1559312-436723504_1609449951-GB-F-018 SHOUT OUT TO MY EX 
LOG (gmm-latgen-faster[5.5.480~1-09abd]:DecodeUtteranceLatticeFaster():decoder-wrappers.cc:289) Log-like per frame for utterance F436725159-81321499_1559312-436723504_1609449951-GB-F-018 is -4.61648 over 111 frames.
F436725159-81321499_1559312-436723504_1609449951-GB-F-019 YOU'RE REALLY QUITE THE MAN 
LOG (gmm-latgen-faster[5.5.480~1-09abd]:DecodeUtteranceLatticeFaster():decoder-wrappers.cc:289) Log-like per frame for utterance F436725159-81321499_1559312-436723504_1609449951-GB-F-019 is -4.61742 over 167 frames.
F436725159-81321499_1559312-436723504_1609449951-GB-F-020 YOU MADE MY HEART BREAK AND THAT MADE ME WHO I AM HERE'S TO MY EX 
LOG (gmm-latgen-faster[5.5.480~1-09abd]:DecodeUtteranceLatticeFaster():decoder-wrappers.cc:289) Log-like per frame for utterance F436725159-81321499_1559312-436723504_1609449951-GB-F-020 is -4.28433 over 500 frames.
F436725159-81321499_1559312-436723504_1609449951-GB-F-023 HEY LOOK AT ME NOW WELL I'M ALL THE WAY UP I SWEAR YOU'LL NEVER BRING ME DOWN 
LOG (gmm-latgen-faster[5.5.480~1-09abd]:DecodeUtteranceLatticeFaster():decoder-wrappers.cc:289) Log-like per frame for utterance F436725159-81321499_1559312-436723504_1609449951-GB-F-023 is -4.46405 over 570 frames.
F436725159-81321499_1559312-436723504_1609449951-GB-F-026 SHOUT OUT TO MY EX 
LOG (gmm-latgen-faster[5.5.480~1-09abd]:DecodeUtteranceLatticeFaster():decoder-wrappers.cc:289) Log-like per frame for utterance F436725159-81321499_1559312-436723504_1609449951-GB-F-026 is -4.64676 over 107 frames.
F436725159-81321499_1559312-436723504_1609449951-GB-F-027 YOU'RE REALLY QUITE THE MAN 
LOG (gmm-latgen-faster[5.5.480~1-09abd]:DecodeUtteranceLatticeFaster():decoder-wrappers.cc:289) Log-like per frame for utterance F436725159-81321499_1559312-436723504_1609449951-GB-F-027 is -4.61249 over 162 frames.
F436725159-81321499_1559312-436723504_1609449951-GB-F-029 BUT AND THAT MADE ME WHO I AM HERE'S TO MY EX 
LOG (gmm-latgen-faster[5.5.480~1-09abd]:DecodeUtteranceLatticeFaster():decoder-wrappers.cc:289) Log-like per frame for utterance F436725159-81321499_1559312-436723504_1609449951-GB-F-029 is -3.98343 over 392 frames.
F436725159-81321499_1559312-436723504_1609449951-GB-F-031 HEY LOOK AT ME NOW WELL I'M ALL THE WAY UP I SWEAR YOU'LL NEVER 
LOG (gmm-latgen-faster[5.5.480~1-09abd]:DecodeUtteranceLatticeFaster():decoder-wrappers.cc:289) Log-like per frame for utterance F436725159-81321499_1559312-436723504_1609449951-GB-F-031 is -4.46076 over 423 frames.
F436725159-81321499_1559312-436723504_1609449951-GB-F-035 YOU'LL NEVER BRING ME DOWN 
LOG (gmm-latgen-faster[5.5.480~1-09abd]:DecodeUtteranceLatticeFaster():decoder-wrappers.cc:289) Log-like per frame for utterance F436725159-81321499_1559312-436723504_1609449951-GB-F-035 is -4.15138 over 207 frames.
F436725159-81321499_1559312-436723504_1609449951-GB-F-036 OH I DELETED ALL YOUR PICS 
LOG (gmm-latgen-faster[5.5.480~1-09abd]:DecodeUtteranceLatticeFaster():decoder-wrappers.cc:289) Log-like per frame for utterance F436725159-81321499_1559312-436723504_1609449951-GB-F-036 is -4.50018 over 284 frames.
F436725159-81321499_1559312-436723504_1609449951-GB-F-037 THEN BLOCKED YOUR NUMBER FROM MY PHONE 
LOG (gmm-latgen-faster[5.5.480~1-09abd]:DecodeUtteranceLatticeFaster():decoder-wrappers.cc:289) Log-like per frame for utterance F436725159-81321499_1559312-436723504_1609449951-GB-F-037 is -4.73192 over 234 frames.
F436725159-81321499_1559312-436723504_1609449951-GB-F-038 YEAH YEAH YOU TOOK ALL YOU COULD GET 
LOG (gmm-latgen-faster[5.5.480~1-09abd]:DecodeUtteranceLatticeFaster():decoder-wrappers.cc:289) Log-like per frame for utterance F436725159-81321499_1559312-436723504_1609449951-GB-F-038 is -4.49335 over 297 frames.
F436725159-81321499_1559312-436723504_1609449951-GB-F-039 BUT YOU AIN'T GETTING THIS LOVE NO MORE 
LOG (gmm-latgen-faster[5.5.480~1-09abd]:DecodeUtteranceLatticeFaster():decoder-wrappers.cc:289) Log-like per frame for utterance F436725159-81321499_1559312-436723504_1609449951-GB-F-039 is -4.85078 over 255 frames.
F436725159-81321499_1559312-436723504_1609449951-GB-F-040 NOW I'M LIVING SO LEGIT 
LOG (gmm-latgen-faster[5.5.480~1-09abd]:DecodeUtteranceLatticeFaster():decoder-wrappers.cc:289) Log-like per frame for utterance F436725159-81321499_1559312-436723504_1609449951-GB-F-040 is -4.88962 over 262 frames.
F436725159-81321499_1559312-436723504_1609449951-GB-F-042 MY HEART IN TWO BABY 
LOG (gmm-latgen-faster[5.5.480~1-09abd]:DecodeUtteranceLatticeFaster():decoder-wrappers.cc:289) Log-like per frame for utterance F436725159-81321499_1559312-436723504_1609449951-GB-F-042 is -4.46024 over 244 frames.
F436725159-81321499_1559312-436723504_1609449951-GB-F-043 BUT I SNAPPED RIGHT BACK I'M SO BRAND NEW BABY 
LOG (gmm-latgen-faster[5.5.480~1-09abd]:DecodeUtteranceLatticeFaster():decoder-wrappers.cc:289) Log-like per frame for utterance F436725159-81321499_1559312-436723504_1609449951-GB-F-043 is -4.71756 over 322 frames.
F436725159-81321499_1559312-436723504_1609449951-GB-F-047 I'M OVER YOU OVER YOU UH 
LOG (gmm-latgen-faster[5.5.480~1-09abd]:DecodeUtteranceLatticeFaster():decoder-wrappers.cc:289) Log-like per frame for utterance F436725159-81321499_1559312-436723504_1609449951-GB-F-047 is -4.69589 over 259 frames.
F436725159-81321499_1559312-436723504_1609449951-GB-F-048 GUESS I SHOULD SAY THANK YOU FOR THE HATE YOUS AND THE TATTOOS OH BABY I'M COOL BY THE WAY 
LOG (gmm-latgen-faster[5.5.480~1-09abd]:DecodeUtteranceLatticeFaster():decoder-wrappers.cc:289) Log-like per frame for utterance F436725159-81321499_1559312-436723504_1609449951-GB-F-048 is -4.79343 over 627 frames.
F436725159-81321499_1559312-436723504_1609449951-GB-F-051 AIN'T SURE I LOVED YOU ANYWAY 
LOG (gmm-latgen-faster[5.5.480~1-09abd]:DecodeUtteranceLatticeFaster():decoder-wrappers.cc:289) Log-like per frame for utterance F436725159-81321499_1559312-436723504_1609449951-GB-F-051 is -4.65439 over 271 frames.
F436725159-81321499_1559312-436723504_1609449951-GB-F-052 GO 'HEAD BABE I'MMA LIVE MY LIFE MY LIFE YEAH 
LOG (gmm-latgen-faster[5.5.480~1-09abd]:DecodeUtteranceLatticeFaster():decoder-wrappers.cc:289) Log-like per frame for utterance F436725159-81321499_1559312-436723504_1609449951-GB-F-052 is -4.30509 over 533 frames.
F436725159-81321499_1559312-436723504_1609449951-GB-F-055 SHOUT OUT TO MY EX 
LOG (gmm-latgen-faster[5.5.480~1-09abd]:DecodeUtteranceLatticeFaster():decoder-wrappers.cc:289) Log-like per frame for utterance F436725159-81321499_1559312-436723504_1609449951-GB-F-055 is -4.55388 over 105 frames.
F436725159-81321499_1559312-436723504_1609449951-GB-F-056 YOU'RE REALLY QUITE THE MAN 
LOG (gmm-latgen-faster[5.5.480~1-09abd]:DecodeUtteranceLatticeFaster():decoder-wrappers.cc:289) Log-like per frame for utterance F436725159-81321499_1559312-436723504_1609449951-GB-F-056 is -4.66746 over 178 frames.
F436725159-81321499_1559312-436723504_1609449951-GB-F-058 AND THAT MADE ME WHO I AM HERE'S TO MY EX 
LOG (gmm-latgen-faster[5.5.480~1-09abd]:DecodeUtteranceLatticeFaster():decoder-wrappers.cc:289) Log-like per frame for utterance F436725159-81321499_1559312-436723504_1609449951-GB-F-058 is -3.92981 over 397 frames.
F436725159-81321499_1559312-436723504_1609449951-GB-F-060 HEY LOOK AT ME NOW WELL I'M ALL THE WAY UP I SWEAR YOU'LL NEVER BRING ME DOWN 
LOG (gmm-latgen-faster[5.5.480~1-09abd]:DecodeUtteranceLatticeFaster():decoder-wrappers.cc:289) Log-like per frame for utterance F436725159-81321499_1559312-436723504_1609449951-GB-F-060 is -4.31301 over 568 frames.
F436725159-81321499_1559312-436723504_1609449951-GB-F-063 SHOUT OUT TO MY EX 
LOG (gmm-latgen-faster[5.5.480~1-09abd]:DecodeUtteranceLatticeFaster():decoder-wrappers.cc:289) Log-like per frame for utterance F436725159-81321499_1559312-436723504_1609449951-GB-F-063 is -4.67108 over 113 frames.
F436725159-81321499_1559312-436723504_1609449951-GB-F-064 YOU'RE REALLY QUITE THE MAN 
LOG (gmm-latgen-faster[5.5.480~1-09abd]:DecodeUtteranceLatticeFaster():decoder-wrappers.cc:289) Log-like per frame for utterance F436725159-81321499_1559312-436723504_1609449951-GB-F-064 is -4.4452 over 164 frames.
F436725159-81321499_1559312-436723504_1609449951-GB-F-066 AND THAT MADE ME WHO I AM HERE'S TO MY EX 
LOG (gmm-latgen-faster[5.5.480~1-09abd]:DecodeUtteranceLatticeFaster():decoder-wrappers.cc:289) Log-like per frame for utterance F436725159-81321499_1559312-436723504_1609449951-GB-F-066 is -3.92836 over 395 frames.
F436725159-81321499_1559312-436723504_1609449951-GB-F-068 HEY LOOK AT ME NOW WELL I'M ALL THE WAY UP I SWEAR YOU'LL NEVER 
LOG (gmm-latgen-faster[5.5.480~1-09abd]:DecodeUtteranceLatticeFaster():decoder-wrappers.cc:289) Log-like per frame for utterance F436725159-81321499_1559312-436723504_1609449951-GB-F-068 is -4.485 over 426 frames.
F436725159-81321499_1559312-436723504_1609449951-GB-F-071 YOU'LL NEVER BRING ME DOWN YOU'LL NEVER BRING ME DOWN 
LOG (gmm-latgen-faster[5.5.480~1-09abd]:DecodeUtteranceLatticeFaster():decoder-wrappers.cc:289) Log-like per frame for utterance F436725159-81321499_1559312-436723504_1609449951-GB-F-071 is -4.00724 over 688 frames.
F436725159-81321499_1559312-436723504_1609449951-GB-F-073 YOU'LL NEVER BRING ME DOWN THAT ON DOWN 
LOG (gmm-latgen-faster[5.5.480~1-09abd]:DecodeUtteranceLatticeFaster():decoder-wrappers.cc:289) Log-like per frame for utterance F436725159-81321499_1559312-436723504_1609449951-GB-F-073 is -4.03685 over 579 frames.
F436725159-81321499_1559312-436723504_1609449951-GB-F-074 SHOUT OUT TO MY EX 
LOG (gmm-latgen-faster[5.5.480~1-09abd]:DecodeUtteranceLatticeFaster():decoder-wrappers.cc:289) Log-like per frame for utterance F436725159-81321499_1559312-436723504_1609449951-GB-F-074 is -4.78204 over 108 frames.
F436725159-81321499_1559312-436723504_1609449951-GB-F-075 YOU'RE REALLY QUITE THE MAN 
LOG (gmm-latgen-faster[5.5.480~1-09abd]:DecodeUtteranceLatticeFaster():decoder-wrappers.cc:289) Log-like per frame for utterance F436725159-81321499_1559312-436723504_1609449951-GB-F-075 is -4.65048 over 171 frames.
F436725159-81321499_1559312-436723504_1609449951-GB-F-077 BREAK AND THAT MADE ME WHO I AM 
LOG (gmm-latgen-faster[5.5.480~1-09abd]:DecodeUtteranceLatticeFaster():decoder-wrappers.cc:289) Log-like per frame for utterance F436725159-81321499_1559312-436723504_1609449951-GB-F-077 is -3.91969 over 246 frames.
F436725159-81321499_1559312-436723504_1609449951-GB-F-078 HERE'S TO MY EX 
LOG (gmm-latgen-faster[5.5.480~1-09abd]:DecodeUtteranceLatticeFaster():decoder-wrappers.cc:289) Log-like per frame for utterance F436725159-81321499_1559312-436723504_1609449951-GB-F-078 is -4.4389 over 107 frames.
F436725159-81321499_1559312-436723504_1609449951-GB-F-079 HEY LOOK AT ME NOW WELL I'M ALL THE WAY UP I SWEAR YOU'LL NEVER YOU'LL NEVER BRING ME DOWN 
LOG (gmm-latgen-faster[5.5.480~1-09abd]:DecodeUtteranceLatticeFaster():decoder-wrappers.cc:289) Log-like per frame for utterance F436725159-81321499_1559312-436723504_1609449951-GB-F-079 is -5.28688 over 1220 frames.
F436725159-81321499_1559312-436723504_1609449951-GB-F-089 HERE'S TO MY EX 
LOG (gmm-latgen-faster[5.5.480~1-09abd]:DecodeUtteranceLatticeFaster():decoder-wrappers.cc:289) Log-like per frame for utterance F436725159-81321499_1559312-436723504_1609449951-GB-F-089 is -4.47424 over 112 frames.
F436725159-81321499_1559312-436723504_1609449951-GB-F-090 HEY LOOK AT ME NOW WELL I'M ALL THE WAY UP I SWEAR YOU'LL NEVER BRING ME DOWN SHOUT OUT TO MY EX 
LOG (gmm-latgen-faster[5.5.480~1-09abd]:DecodeUtteranceLatticeFaster():decoder-wrappers.cc:289) Log-like per frame for utterance F436725159-81321499_1559312-436723504_1609449951-GB-F-090 is -4.4424 over 708 frames.
F436725159-81321499_1559312-436723504_1609449951-GB-F-094 YOU'RE REALLY QUITE THE MAN 
LOG (gmm-latgen-faster[5.5.480~1-09abd]:DecodeUtteranceLatticeFaster():decoder-wrappers.cc:289) Log-like per frame for utterance F436725159-81321499_1559312-436723504_1609449951-GB-F-094 is -4.66658 over 169 frames.
F436725159-81321499_1559312-436723504_1609449951-GB-F-096 MAKE AND THAT MADE ME WHO I AM 
LOG (gmm-latgen-faster[5.5.480~1-09abd]:DecodeUtteranceLatticeFaster():decoder-wrappers.cc:289) Log-like per frame for utterance F436725159-81321499_1559312-436723504_1609449951-GB-F-096 is -3.82465 over 255 frames.
F436725159-81321499_1559312-436723504_1609449951-GB-F-097 HERE'S TO MY EX 
LOG (gmm-latgen-faster[5.5.480~1-09abd]:DecodeUtteranceLatticeFaster():decoder-wrappers.cc:289) Log-like per frame for utterance F436725159-81321499_1559312-436723504_1609449951-GB-F-097 is -4.37255 over 112 frames.
F436725159-81321499_1559312-436723504_1609449951-GB-F-098 HEY LOOK AT ME NOW WELL I'M I'M ALL THE WAY UP I SWEAR YOU'LL NEVER 
LOG (gmm-latgen-faster[5.5.480~1-09abd]:DecodeUtteranceLatticeFaster():decoder-wrappers.cc:289) Log-like per frame for utterance F436725159-81321499_1559312-436723504_1609449951-GB-F-098 is -4.47945 over 424 frames.
F436725159-81321499_1559312-436723504_1609449951-GB-F-101 YOU'LL NEVER BRING ME DOWN 
LOG (gmm-latgen-faster[5.5.480~1-09abd]:DecodeUtteranceLatticeFaster():decoder-wrappers.cc:289) Log-like per frame for utterance F436725159-81321499_1559312-436723504_1609449951-GB-F-101 is -3.70983 over 305 frames.
F436725159-81321499_1559312-436723504_1609449951-GB-F-102 YEAH 
LOG (gmm-latgen-faster[5.5.480~1-09abd]:DecodeUtteranceLatticeFaster():decoder-wrappers.cc:289) Log-like per frame for utterance F436725159-81321499_1559312-436723504_1609449951-GB-F-102 is -3.30228 over 125 frames.
F436725159-81321499_1559312-436723504_1609449951-GB-F-103 OH OH OH 
LOG (gmm-latgen-faster[5.5.480~1-09abd]:DecodeUtteranceLatticeFaster():decoder-wrappers.cc:289) Log-like per frame for utterance F436725159-81321499_1559312-436723504_1609449951-GB-F-103 is -3.09416 over 141 frames.
F436725159-81321499_1559312-436723504_1609449951-GB-F-104 OH OH NO 
LOG (gmm-latgen-faster[5.5.480~1-09abd]:DecodeUtteranceLatticeFaster():decoder-wrappers.cc:289) Log-like per frame for utterance F436725159-81321499_1559312-436723504_1609449951-GB-F-104 is -3.97583 over 186 frames.
F439898896-789788546_2193873-541252383_1456465372-GB-F-001 BETTER IN STEREO BUT BUT BETTER IN STEREO I'M UP WITH THE SUNSHINE LET'S GO I LACE UP MY HIGH TOPS OH NO SLAM DUNK READY OR NOT I SHOW YOU WHAT YOU GOT 
LOG (gmm-latgen-faster[5.5.480~1-09abd]:DecodeUtteranceLatticeFaster():decoder-wrappers.cc:289) Log-like per frame for utterance F439898896-789788546_2193873-541252383_1456465372-GB-F-001 is -4.57027 over 1173 frames.
F439898896-789788546_2193873-541252383_1456465372-GB-F-009 I'M UNDER THE SPOTLIGHT HOLLER I DARE YOU COME ON AND FOLLOW YOU DANCE TO YOUR OWN 
LOG (gmm-latgen-faster[5.5.480~1-09abd]:DecodeUtteranceLatticeFaster():decoder-wrappers.cc:289) Log-like per frame for utterance F439898896-789788546_2193873-541252383_1456465372-GB-F-009 is -4.49052 over 583 frames.
F439898896-789788546_2193873-541252383_1456465372-GB-F-013 I'LL SING THE MELODY WHEN YOU SAY YEAH I SAY NO WHEN YOU SAY STOP ALL 
LOG (gmm-latgen-faster[5.5.480~1-09abd]:DecodeUtteranceLatticeFaster():decoder-wrappers.cc:289) Log-like per frame for utterance F439898896-789788546_2193873-541252383_1456465372-GB-F-013 is -4.17451 over 810 frames.
F439898896-789788546_2193873-541252383_1456465372-GB-F-017 I WANNA DO IS GO GO GO YOU THE OTHER HALF OF ME ME E 
LOG (gmm-latgen-faster[5.5.480~1-09abd]:DecodeUtteranceLatticeFaster():decoder-wrappers.cc:289) Log-like per frame for utterance F439898896-789788546_2193873-541252383_1456465372-GB-F-017 is -5.36803 over 733 frames.
F439898896-789788546_2193873-541252383_1456465372-GB-F-020 THIS ME ME THE YOU YOU YOU THE BETTER HALF OF ME 
LOG (gmm-latgen-faster[5.5.480~1-09abd]:DecodeUtteranceLatticeFaster():decoder-wrappers.cc:289) Log-like per frame for utterance F439898896-789788546_2193873-541252383_1456465372-GB-F-020 is -4.88842 over 516 frames.
F439898896-789788546_2193873-541252383_1456465372-GB-F-022 MAKE I'LL ALWAYS NEED WE BOTH KNOW WE'RE BETTER IN STEREO 
LOG (gmm-latgen-faster[5.5.480~1-09abd]:DecodeUtteranceLatticeFaster():decoder-wrappers.cc:289) Log-like per frame for utterance F439898896-789788546_2193873-541252383_1456465372-GB-F-022 is -4.62853 over 640 frames.
F442868307-33905583_146537-33464602_1633090021-GB-F-002 WANNA MY DOOR 
LOG (gmm-latgen-faster[5.5.480~1-09abd]:DecodeUtteranceLatticeFaster():decoder-wrappers.cc:289) Log-like per frame for utterance F442868307-33905583_146537-33464602_1633090021-GB-F-002 is -4.48838 over 98 frames.
F442868307-33905583_146537-33464602_1633090021-GB-F-003 WANNA KNOW WHAT IT IS 
LOG (gmm-latgen-faster[5.5.480~1-09abd]:DecodeUtteranceLatticeFaster():decoder-wrappers.cc:289) Log-like per frame for utterance F442868307-33905583_146537-33464602_1633090021-GB-F-003 is -4.55624 over 115 frames.
F442868307-33905583_146537-33464602_1633090021-GB-F-005 THE BOYS WANT MORE 
LOG (gmm-latgen-faster[5.5.480~1-09abd]:DecodeUtteranceLatticeFaster():decoder-wrappers.cc:289) Log-like per frame for utterance F442868307-33905583_146537-33464602_1633090021-GB-F-005 is -4.64182 over 104 frames.
F442868307-33905583_146537-33464602_1633090021-GB-F-013 FULL OF HONEY 
LOG (gmm-latgen-faster[5.5.480~1-09abd]:DecodeUtteranceLatticeFaster():decoder-wrappers.cc:289) Log-like per frame for utterance F442868307-33905583_146537-33464602_1633090021-GB-F-013 is -4.24037 over 122 frames.
F442868307-33905583_146537-33464602_1633090021-GB-F-014 JUST TO MAKE HIM 
LOG (gmm-latgen-faster[5.5.480~1-09abd]:DecodeUtteranceLatticeFaster():decoder-wrappers.cc:289) Log-like per frame for utterance F442868307-33905583_146537-33464602_1633090021-GB-F-014 is -4.61076 over 148 frames.
F442868307-33905583_146537-33464602_1633090021-GB-F-015 WE CRYSTAL BALLIN' 
LOG (gmm-latgen-faster[5.5.480~1-09abd]:DecodeUtteranceLatticeFaster():decoder-wrappers.cc:289) Log-like per frame for utterance F442868307-33905583_146537-33464602_1633090021-GB-F-015 is -4.58403 over 180 frames.
F442868307-33905583_146537-33464602_1633090021-GB-F-016 JUST TO HELP HIM SEE WHAT HE'S BEEN MISSING 
LOG (gmm-latgen-faster[5.5.480~1-09abd]:DecodeUtteranceLatticeFaster():decoder-wrappers.cc:289) Log-like per frame for utterance F442868307-33905583_146537-33464602_1633090021-GB-F-016 is -4.55696 over 382 frames.
F442868307-33905583_146537-33464602_1633090021-GB-F-018 COME AND GET IT WE STILL 
LOG (gmm-latgen-faster[5.5.480~1-09abd]:DecodeUtteranceLatticeFaster():decoder-wrappers.cc:289) Log-like per frame for utterance F442868307-33905583_146537-33464602_1633090021-GB-F-018 is -4.30412 over 196 frames.
F442868307-33905583_146537-33464602_1633090021-GB-F-019 GOT TIME 
LOG (gmm-latgen-faster[5.5.480~1-09abd]:DecodeUtteranceLatticeFaster():decoder-wrappers.cc:289) Log-like per frame for utterance F442868307-33905583_146537-33464602_1633090021-GB-F-019 is -4.31326 over 251 frames.
F442868307-33905583_146537-33464602_1633090021-GB-F-023 TAKE A SIP OF MY SECRET POTION FALL IN LOVE BELONG CAN'T BE BROKEN BE ENOUGH 
LOG (gmm-latgen-faster[5.5.480~1-09abd]:DecodeUtteranceLatticeFaster():decoder-wrappers.cc:289) Log-like per frame for utterance F442868307-33905583_146537-33464602_1633090021-GB-F-023 is -4.42474 over 858 frames.
F442868307-33905583_146537-33464602_1633090021-GB-F-028 I GOT TO ME IT'S CALLED BLACK MAGIC IT 
LOG (gmm-latgen-faster[5.5.480~1-09abd]:DecodeUtteranceLatticeFaster():decoder-wrappers.cc:289) Log-like per frame for utterance F442868307-33905583_146537-33464602_1633090021-GB-F-028 is -4.75666 over 397 frames.
F442868307-33905583_146537-33464602_1633090021-GB-F-031 TAKE A SIP OF MY SECRET POTION AND YOU'LL BE MINE BELONG THAT CAN'T BE BROKEN 
LOG (gmm-latgen-faster[5.5.480~1-09abd]:DecodeUtteranceLatticeFaster():decoder-wrappers.cc:289) Log-like per frame for utterance F442868307-33905583_146537-33464602_1633090021-GB-F-031 is -4.59678 over 588 frames.
F442868307-33905583_146537-33464602_1633090021-GB-F-034 THE UP ALL SPELL THAT 
LOG (gmm-latgen-faster[5.5.480~1-09abd]:DecodeUtteranceLatticeFaster():decoder-wrappers.cc:289) Log-like per frame for utterance F442868307-33905583_146537-33464602_1633090021-GB-F-034 is -4.12292 over 265 frames.
F442868307-33905583_146537-33464602_1633090021-GB-F-037 AND IT'S CALLED BLACK MAGIC TO 
LOG (gmm-latgen-faster[5.5.480~1-09abd]:DecodeUtteranceLatticeFaster():decoder-wrappers.cc:289) Log-like per frame for utterance F442868307-33905583_146537-33464602_1633090021-GB-F-037 is -4.36437 over 231 frames.
F442868307-33905583_146537-33464602_1633090021-GB-F-040 IF YOU'RE LOOKING 
LOG (gmm-latgen-faster[5.5.480~1-09abd]:DecodeUtteranceLatticeFaster():decoder-wrappers.cc:289) Log-like per frame for utterance F442868307-33905583_146537-33464602_1633090021-GB-F-040 is -4.696 over 125 frames.
F442868307-33905583_146537-33464602_1633090021-GB-F-041 FOR MR RIGHT CHANGE THAT MAGIC 
LOG (gmm-latgen-faster[5.5.480~1-09abd]:DecodeUtteranceLatticeFaster():decoder-wrappers.cc:289) Log-like per frame for utterance F442868307-33905583_146537-33464602_1633090021-GB-F-041 is -4.47621 over 297 frames.
F442868307-33905583_146537-33464602_1633090021-GB-F-043 CHANGE HIM OVERNIGHT LIKE HERE'S THE ANSWER 
LOG (gmm-latgen-faster[5.5.480~1-09abd]:DecodeUtteranceLatticeFaster():decoder-wrappers.cc:289) Log-like per frame for utterance F442868307-33905583_146537-33464602_1633090021-GB-F-043 is -4.09673 over 389 frames.
F442868307-33905583_146537-33464602_1633090021-GB-F-045 COME AND GET IT 
LOG (gmm-latgen-faster[5.5.480~1-09abd]:DecodeUtteranceLatticeFaster():decoder-wrappers.cc:289) Log-like per frame for utterance F442868307-33905583_146537-33464602_1633090021-GB-F-045 is -4.3759 over 128 frames.
F442868307-33905583_146537-33464602_1633090021-GB-F-046 WE STILL GOT TIME 
LOG (gmm-latgen-faster[5.5.480~1-09abd]:DecodeUtteranceLatticeFaster():decoder-wrappers.cc:289) Log-like per frame for utterance F442868307-33905583_146537-33464602_1633090021-GB-F-046 is -4.49742 over 321 frames.
F442868307-33905583_146537-33464602_1633090021-GB-F-047 BOY HIS KNEES 
LOG (gmm-latgen-faster[5.5.480~1-09abd]:DecodeUtteranceLatticeFaster():decoder-wrappers.cc:289) Log-like per frame for utterance F442868307-33905583_146537-33464602_1633090021-GB-F-047 is -4.62322 over 101 frames.
F442868307-33905583_146537-33464602_1633090021-GB-F-049 BE ENOUGH TO ME SAY TAKE A GET SECRET POTION LOVE FOR A SPELL THAT CAN'T BE BROKEN 
LOG (gmm-latgen-faster[5.5.480~1-09abd]:DecodeUtteranceLatticeFaster():decoder-wrappers.cc:289) Log-like per frame for utterance F442868307-33905583_146537-33464602_1633090021-GB-F-049 is -4.06622 over 935 frames.
F442868307-33905583_146537-33464602_1633090021-GB-F-053 CAN'T BE ENOUGH 
LOG (gmm-latgen-faster[5.5.480~1-09abd]:DecodeUtteranceLatticeFaster():decoder-wrappers.cc:289) Log-like per frame for utterance F442868307-33905583_146537-33464602_1633090021-GB-F-053 is -4.13273 over 250 frames.
F442868307-33905583_146537-33464602_1633090021-GB-F-056 AND IT'S CALLED BLACK MAGIC 
LOG (gmm-latgen-faster[5.5.480~1-09abd]:DecodeUtteranceLatticeFaster():decoder-wrappers.cc:289) Log-like per frame for utterance F442868307-33905583_146537-33464602_1633090021-GB-F-056 is -4.53097 over 224 frames.
F442868307-33905583_146537-33464602_1633090021-GB-F-058 SECRET POTION YOU'LL BE MINE CAN'T BE BROKEN YOU UP ALL NIGHT 
LOG (gmm-latgen-faster[5.5.480~1-09abd]:DecodeUtteranceLatticeFaster():decoder-wrappers.cc:289) Log-like per frame for utterance F442868307-33905583_146537-33464602_1633090021-GB-F-058 is -4.38006 over 784 frames.
F442868307-33905583_146537-33464602_1633090021-GB-F-064 AND IT'S CALLED BLACK MAGIC IN ALL THE GIRLS ON THE BLOCK KNOCKING AT MY DOOR 
LOG (gmm-latgen-faster[5.5.480~1-09abd]:DecodeUtteranceLatticeFaster():decoder-wrappers.cc:289) Log-like per frame for utterance F442868307-33905583_146537-33464602_1633090021-GB-F-064 is -4.64053 over 656 frames.
F442868307-33905583_146537-33464602_1633090021-GB-F-070 WANNA KNOW WHAT IT IS 
LOG (gmm-latgen-faster[5.5.480~1-09abd]:DecodeUtteranceLatticeFaster():decoder-wrappers.cc:289) Log-like per frame for utterance F442868307-33905583_146537-33464602_1633090021-GB-F-070 is -4.46731 over 117 frames.
F442868307-33905583_146537-33464602_1633090021-GB-F-071 BOYS WANT MORE 
LOG (gmm-latgen-faster[5.5.480~1-09abd]:DecodeUtteranceLatticeFaster():decoder-wrappers.cc:289) Log-like per frame for utterance F442868307-33905583_146537-33464602_1633090021-GB-F-071 is -4.44336 over 112 frames.
F442868307-33905583_146537-33464602_1633090021-GB-F-073 ALL THE GIRLS ON THE BLOCK 
LOG (gmm-latgen-faster[5.5.480~1-09abd]:DecodeUtteranceLatticeFaster():decoder-wrappers.cc:289) Log-like per frame for utterance F442868307-33905583_146537-33464602_1633090021-GB-F-073 is -5.4974 over 116 frames.
F442868307-33905583_146537-33464602_1633090021-GB-F-075 IN AT MY DOOR 
LOG (gmm-latgen-faster[5.5.480~1-09abd]:DecodeUtteranceLatticeFaster():decoder-wrappers.cc:289) Log-like per frame for utterance F442868307-33905583_146537-33464602_1633090021-GB-F-075 is -4.61773 over 112 frames.
F442868307-33905583_146537-33464602_1633090021-GB-F-076 WANNA KNOW WHAT IT IS 
LOG (gmm-latgen-faster[5.5.480~1-09abd]:DecodeUtteranceLatticeFaster():decoder-wrappers.cc:289) Log-like per frame for utterance F442868307-33905583_146537-33464602_1633090021-GB-F-076 is -4.38694 over 103 frames.
F442868307-33905583_146537-33464602_1633090021-GB-F-077 MAKE THE BOYS WANT MORE 
LOG (gmm-latgen-faster[5.5.480~1-09abd]:DecodeUtteranceLatticeFaster():decoder-wrappers.cc:289) Log-like per frame for utterance F442868307-33905583_146537-33464602_1633090021-GB-F-077 is -4.80961 over 133 frames.
F442868307-33905583_146537-33464602_1633090021-GB-F-080 MY SECRET POTION 
LOG (gmm-latgen-faster[5.5.480~1-09abd]:DecodeUtteranceLatticeFaster():decoder-wrappers.cc:289) Log-like per frame for utterance F442868307-33905583_146537-33464602_1633090021-GB-F-080 is -4.94619 over 279 frames.
F442868307-33905583_146537-33464602_1633090021-GB-F-086 I OH CALLED WHAT 
LOG (gmm-latgen-faster[5.5.480~1-09abd]:DecodeUtteranceLatticeFaster():decoder-wrappers.cc:289) Log-like per frame for utterance F442868307-33905583_146537-33464602_1633090021-GB-F-086 is -3.00649 over 305 frames.
F442868307-33905583_146537-33464602_1633090021-GB-F-088 MY SECRET POTION AND YOU'LL BE MY DOOR 
LOG (gmm-latgen-faster[5.5.480~1-09abd]:DecodeUtteranceLatticeFaster():decoder-wrappers.cc:289) Log-like per frame for utterance F442868307-33905583_146537-33464602_1633090021-GB-F-088 is -4.98867 over 434 frames.
F443231157-280516901_335575-438276313_1623057626-GB-F-001 WITH GET AND I'M WAITING 'CAUSE BE YEAH AND GET BONG <UNK> AND I'M SINGING 
LOG (gmm-latgen-faster[5.5.480~1-09abd]:DecodeUtteranceLatticeFaster():decoder-wrappers.cc:289) Log-like per frame for utterance F443231157-280516901_335575-438276313_1623057626-GB-F-001 is -5.62287 over 627 frames.
F443231157-280516901_335575-438276313_1623057626-GB-F-004 WIN AND EVERY I'M ME AND I'M SO MAKE AND THE BY BONG TIME LIKE TO TIME 
LOG (gmm-latgen-faster[5.5.480~1-09abd]:DecodeUtteranceLatticeFaster():decoder-wrappers.cc:289) Log-like per frame for utterance F443231157-280516901_335575-438276313_1623057626-GB-F-004 is -5.57031 over 1173 frames.
F443231157-280516901_335575-438276313_1623057626-GB-F-016 THROUGH THE STORM WE REACH THE SHORE YOU GAVE IT ALL BUT I WANT MORE 
LOG (gmm-latgen-faster[5.5.480~1-09abd]:DecodeUtteranceLatticeFaster():decoder-wrappers.cc:289) Log-like per frame for utterance F443231157-280516901_335575-438276313_1623057626-GB-F-016 is -3.92357 over 802 frames.
F443231157-280516901_335575-438276313_1623057626-GB-F-019 AND I'M WAITING FOR YOU 
LOG (gmm-latgen-faster[5.5.480~1-09abd]:DecodeUtteranceLatticeFaster():decoder-wrappers.cc:289) Log-like per frame for utterance F443231157-280516901_335575-438276313_1623057626-GB-F-019 is -2.9376 over 524 frames.
F443231157-280516901_335575-438276313_1623057626-GB-F-020 WITH OR WITHOUT YOU WITH OR WITHOUT YOU I CAN'T LIVE 
LOG (gmm-latgen-faster[5.5.480~1-09abd]:DecodeUtteranceLatticeFaster():decoder-wrappers.cc:289) Log-like per frame for utterance F443231157-280516901_335575-438276313_1623057626-GB-F-020 is -2.38713 over 1232 frames.
F443231157-280516901_335575-438276313_1623057626-GB-F-024 WITH OR WITHOUT YOU 
LOG (gmm-latgen-faster[5.5.480~1-09abd]:DecodeUtteranceLatticeFaster():decoder-wrappers.cc:289) Log-like per frame for utterance F443231157-280516901_335575-438276313_1623057626-GB-F-024 is -3.24856 over 443 frames.
F443231157-280516901_335575-438276313_1623057626-GB-F-031 MY HANDS ARE TIED MY BODY IS TO LOSE SHE'S GOT ME WITH NOTHING ME IN TO ME YOU AND NOTHING BUT TO WHO A YOU 
LOG (gmm-latgen-faster[5.5.480~1-09abd]:DecodeUtteranceLatticeFaster():decoder-wrappers.cc:289) Log-like per frame for utterance F443231157-280516901_335575-438276313_1623057626-GB-F-031 is -4.06639 over 1682 frames.
F443231157-280516901_335575-438276313_1623057626-GB-F-042 WITH OR WITHOUT YOU 
LOG (gmm-latgen-faster[5.5.480~1-09abd]:DecodeUtteranceLatticeFaster():decoder-wrappers.cc:289) Log-like per frame for utterance F443231157-280516901_335575-438276313_1623057626-GB-F-042 is -2.37922 over 350 frames.
F443231157-280516901_335575-438276313_1623057626-GB-F-043 WITH OR WITHOUT YOU 
LOG (gmm-latgen-faster[5.5.480~1-09abd]:DecodeUtteranceLatticeFaster():decoder-wrappers.cc:289) Log-like per frame for utterance F443231157-280516901_335575-438276313_1623057626-GB-F-043 is -2.64062 over 384 frames.
F443231157-280516901_335575-438276313_1623057626-GB-F-044 I CAN'T LIVE 
LOG (gmm-latgen-faster[5.5.480~1-09abd]:DecodeUtteranceLatticeFaster():decoder-wrappers.cc:289) Log-like per frame for utterance F443231157-280516901_335575-438276313_1623057626-GB-F-044 is -0.951155 over 339 frames.
F443231157-280516901_335575-438276313_1623057626-GB-F-046 WITH OR WITHOUT YOU 
LOG (gmm-latgen-faster[5.5.480~1-09abd]:DecodeUtteranceLatticeFaster():decoder-wrappers.cc:289) Log-like per frame for utterance F443231157-280516901_335575-438276313_1623057626-GB-F-046 is -1.81507 over 472 frames.
F443231157-280516901_335575-438276313_1623057626-GB-F-047 <UNK> 
LOG (gmm-latgen-faster[5.5.480~1-09abd]:DecodeUtteranceLatticeFaster():decoder-wrappers.cc:289) Log-like per frame for utterance F443231157-280516901_335575-438276313_1623057626-GB-F-047 is -1.56537 over 540 frames.
F443231157-280516901_335575-438276313_1623057626-GB-F-048 <UNK> FOR 
LOG (gmm-latgen-faster[5.5.480~1-09abd]:DecodeUtteranceLatticeFaster():decoder-wrappers.cc:289) Log-like per frame for utterance F443231157-280516901_335575-438276313_1623057626-GB-F-048 is -2.54532 over 359 frames.
F443231157-280516901_335575-438276313_1623057626-GB-F-050 <UNK> 
LOG (gmm-latgen-faster[5.5.480~1-09abd]:DecodeUtteranceLatticeFaster():decoder-wrappers.cc:289) Log-like per frame for utterance F443231157-280516901_335575-438276313_1623057626-GB-F-050 is -2.71969 over 413 frames.
F443231157-280516901_335575-438276313_1623057626-GB-F-051 I YOU DID CAN BUT SO MADE THIS MY WAY YOU FOR TO COME NEXT ME ME MAKE IT'S GO 'CAUSE ME SONGS 
LOG (gmm-latgen-faster[5.5.480~1-09abd]:DecodeUtteranceLatticeFaster():decoder-wrappers.cc:289) Log-like per frame for utterance F443231157-280516901_335575-438276313_1623057626-GB-F-051 is -5.68263 over 1067 frames.
F443231157-3769676_3769676-438276313_1593446106-GB-F-001 OOH OOH OOH 
LOG (gmm-latgen-faster[5.5.480~1-09abd]:DecodeUtteranceLatticeFaster():decoder-wrappers.cc:289) Log-like per frame for utterance F443231157-3769676_3769676-438276313_1593446106-GB-F-001 is -0.777362 over 502 frames.
F443231157-3769676_3769676-438276313_1593446106-GB-F-004 I WILL NOT 
LOG (gmm-latgen-faster[5.5.480~1-09abd]:DecodeUtteranceLatticeFaster():decoder-wrappers.cc:289) Log-like per frame for utterance F443231157-3769676_3769676-438276313_1593446106-GB-F-004 is -4.3995 over 112 frames.
F443231157-3769676_3769676-438276313_1593446106-GB-F-005 I WILL THE WAY YOU GET YOU FELL SO HARD I'VE LEARNED THE HARD WAY TO NEVER LET IT GET THAT FAR BECAUSE OF YOU I NEVER STRAY TOO FAR FROM THE SIDEWALK BECAUSE OF YOU I LEARNED TO PLAY ON THE SAFE SIDE SO I DON'T GET HURT 
LOG (gmm-latgen-faster[5.5.480~1-09abd]:DecodeUtteranceLatticeFaster():decoder-wrappers.cc:289) Log-like per frame for utterance F443231157-3769676_3769676-438276313_1593446106-GB-F-005 is -4.12296 over 2570 frames.
F443231157-3769676_3769676-438276313_1593446106-GB-F-013 BECAUSE OF YOU I AM AFRAID I LOSE MY WAY AND IT'S NOT TOO LONG BEFORE YOU POINT IT OUT 
LOG (gmm-latgen-faster[5.5.480~1-09abd]:DecodeUtteranceLatticeFaster():decoder-wrappers.cc:289) Log-like per frame for utterance F443231157-3769676_3769676-438276313_1593446106-GB-F-013 is -3.80027 over 1464 frames.
F443231157-3769676_3769676-438276313_1593446106-GB-F-016 I CANNOT CRY BECAUSE I KNOW THAT'S WEAKNESS IN YOUR EYES 
LOG (gmm-latgen-faster[5.5.480~1-09abd]:DecodeUtteranceLatticeFaster():decoder-wrappers.cc:289) Log-like per frame for utterance F443231157-3769676_3769676-438276313_1593446106-GB-F-016 is -4.09737 over 663 frames.
F443231157-3769676_3769676-438276313_1593446106-GB-F-018 MY HEART CAN'T POSSIBLY BREAK WHEN IT WASN'T EVEN WHOLE TO START WITH BECAUSE OF YOU I NEVER STRAY TOO FAR FROM THE SIDEWALK 
LOG (gmm-latgen-faster[5.5.480~1-09abd]:DecodeUtteranceLatticeFaster():decoder-wrappers.cc:289) Log-like per frame for utterance F443231157-3769676_3769676-438276313_1593446106-GB-F-018 is -4.38358 over 1247 frames.
F443231157-3769676_3769676-438276313_1593446106-GB-F-022 PLAY ON THE SAFE SIDE SO I DON'T GET HURT BECAUSE OF YOU I FIND IT HARD TO TRUST NOT ONLY ME BUT EVERYONE AROUND ME 
LOG (gmm-latgen-faster[5.5.480~1-09abd]:DecodeUtteranceLatticeFaster():decoder-wrappers.cc:289) Log-like per frame for utterance F443231157-3769676_3769676-438276313_1593446106-GB-F-022 is -4.62918 over 1152 frames.
F443231157-3769676_3769676-438276313_1593446106-GB-F-025 BECAUSE OF YOU I AM AFRAID I WATCHED YOU DIE I HEARD YOU CRY EVERY NIGHT IN YOUR SLEEP 
LOG (gmm-latgen-faster[5.5.480~1-09abd]:DecodeUtteranceLatticeFaster():decoder-wrappers.cc:289) Log-like per frame for utterance F443231157-3769676_3769676-438276313_1593446106-GB-F-025 is -3.85799 over 1229 frames.
F443231157-3769676_3769676-438276313_1593446106-GB-F-029 WANT YOUR PAIN 
LOG (gmm-latgen-faster[5.5.480~1-09abd]:DecodeUtteranceLatticeFaster():decoder-wrappers.cc:289) Log-like per frame for utterance F443231157-3769676_3769676-438276313_1593446106-GB-F-029 is -5.28903 over 586 frames.
F443231157-3769676_3769676-438276313_1593446106-GB-F-030 I A BECAUSE OF YOU I NEVER STRAY TOO FAR FROM THE SIDEWALK LOVE 
LOG (gmm-latgen-faster[5.5.480~1-09abd]:DecodeUtteranceLatticeFaster():decoder-wrappers.cc:289) Log-like per frame for utterance F443231157-3769676_3769676-438276313_1593446106-GB-F-030 is -4.83618 over 1647 frames.
F443231157-3769676_3769676-438276313_1593446106-GB-F-036 
LOG (gmm-latgen-faster[5.5.480~1-09abd]:DecodeUtteranceLatticeFaster():decoder-wrappers.cc:289) Log-like per frame for utterance F443231157-3769676_3769676-438276313_1593446106-GB-F-036 is -5.25802 over 114 frames.
F443231157-3769676_3769676-438276313_1593446106-GB-F-037 JUST TO FORGET EVERYTHING 
LOG (gmm-latgen-faster[5.5.480~1-09abd]:DecodeUtteranceLatticeFaster():decoder-wrappers.cc:289) Log-like per frame for utterance F443231157-3769676_3769676-438276313_1593446106-GB-F-037 is -5.25244 over 1103 frames.
F443231157-3769676_3769676-438276313_1593446106-GB-F-040 
LOG (gmm-latgen-faster[5.5.480~1-09abd]:DecodeUtteranceLatticeFaster():decoder-wrappers.cc:289) Log-like per frame for utterance F443231157-3769676_3769676-438276313_1593446106-GB-F-040 is -5.9814 over 551 frames.
F443231157-3769676_3769676-438276313_1593446106-GB-F-042 THE 
LOG (gmm-latgen-faster[5.5.480~1-09abd]:DecodeUtteranceLatticeFaster():decoder-wrappers.cc:289) Log-like per frame for utterance F443231157-3769676_3769676-438276313_1593446106-GB-F-042 is -4.29692 over 396 frames.
F443231157-3769676_3769676-438276313_1593446106-GB-F-043 I AM AFRAID 
LOG (gmm-latgen-faster[5.5.480~1-09abd]:DecodeUtteranceLatticeFaster():decoder-wrappers.cc:289) Log-like per frame for utterance F443231157-3769676_3769676-438276313_1593446106-GB-F-043 is -3.38632 over 170 frames.
F443231157-3769676_3769676-438276313_1593446106-GB-F-044 GOT 
LOG (gmm-latgen-faster[5.5.480~1-09abd]:DecodeUtteranceLatticeFaster():decoder-wrappers.cc:289) Log-like per frame for utterance F443231157-3769676_3769676-438276313_1593446106-GB-F-044 is -3.72234 over 469 frames.
F443231157-3769676_3769676-438276313_1593446106-GB-F-045 BECAUSE OF YOU 
LOG (gmm-latgen-faster[5.5.480~1-09abd]:DecodeUtteranceLatticeFaster():decoder-wrappers.cc:289) Log-like per frame for utterance F443231157-3769676_3769676-438276313_1593446106-GB-F-045 is -3.66379 over 448 frames.
F443231157-66512068_448309-438276313_1600190617-GB-F-001 ALL THOSE DAYS WATCHING FROM THE WINDOWS 
LOG (gmm-latgen-faster[5.5.480~1-09abd]:DecodeUtteranceLatticeFaster():decoder-wrappers.cc:289) Log-like per frame for utterance F443231157-66512068_448309-438276313_1600190617-GB-F-001 is -4.12977 over 460 frames.
F443231157-66512068_448309-438276313_1600190617-GB-F-002 ALL THOSE YEARS OUTSIDE LOOKING IN 
LOG (gmm-latgen-faster[5.5.480~1-09abd]:DecodeUtteranceLatticeFaster():decoder-wrappers.cc:289) Log-like per frame for utterance F443231157-66512068_448309-438276313_1600190617-GB-F-002 is -4.26367 over 430 frames.
F443231157-66512068_448309-438276313_1600190617-GB-F-003 ALL THAT TIME NEVER EVEN KNOWING 
LOG (gmm-latgen-faster[5.5.480~1-09abd]:DecodeUtteranceLatticeFaster():decoder-wrappers.cc:289) Log-like per frame for utterance F443231157-66512068_448309-438276313_1600190617-GB-F-003 is -4.06137 over 430 frames.
F443231157-66512068_448309-438276313_1600190617-GB-F-004 JUST HOW BLIND I'VE BEEN NOW I'M HERE BLINKING IN THE STARLIGHT 
LOG (gmm-latgen-faster[5.5.480~1-09abd]:DecodeUtteranceLatticeFaster():decoder-wrappers.cc:289) Log-like per frame for utterance F443231157-66512068_448309-438276313_1600190617-GB-F-004 is -4.21489 over 962 frames.
F443231157-66512068_448309-438276313_1600190617-GB-F-006 NOW I'M HERE SUDDENLY I SEE 
LOG (gmm-latgen-faster[5.5.480~1-09abd]:DecodeUtteranceLatticeFaster():decoder-wrappers.cc:289) Log-like per frame for utterance F443231157-66512068_448309-438276313_1600190617-GB-F-006 is -4.0024 over 453 frames.
F443231157-66512068_448309-438276313_1600190617-GB-F-007 STANDING HERE ALL SO CLEAR 
LOG (gmm-latgen-faster[5.5.480~1-09abd]:DecodeUtteranceLatticeFaster():decoder-wrappers.cc:289) Log-like per frame for utterance F443231157-66512068_448309-438276313_1600190617-GB-F-007 is -4.15099 over 428 frames.
F443231157-66512068_448309-438276313_1600190617-GB-F-009 I'M WHERE I'M MEANT TO BE 
LOG (gmm-latgen-faster[5.5.480~1-09abd]:DecodeUtteranceLatticeFaster():decoder-wrappers.cc:289) Log-like per frame for utterance F443231157-66512068_448309-438276313_1600190617-GB-F-009 is -3.10253 over 430 frames.
F443231157-66512068_448309-438276313_1600190617-GB-F-010 AND AT LAST I SEE THE AND IT'S LIKE THE FOG HAS LIFTED AND AT LAST I SEE THE 
LOG (gmm-latgen-faster[5.5.480~1-09abd]:DecodeUtteranceLatticeFaster():decoder-wrappers.cc:289) Log-like per frame for utterance F443231157-66512068_448309-438276313_1600190617-GB-F-010 is -4.38285 over 1377 frames.
F443231157-66512068_448309-438276313_1600190617-GB-F-013 AND IT'S LIKE THE SKY IS NEW AND IT'S WARM AND REAL AND THE WORLD HAS SOMEHOW SHIFTED AND ALL AT ONCE EVERYTHING LOOKS DIFFERENT 
LOG (gmm-latgen-faster[5.5.480~1-09abd]:DecodeUtteranceLatticeFaster():decoder-wrappers.cc:289) Log-like per frame for utterance F443231157-66512068_448309-438276313_1600190617-GB-F-013 is -4.2726 over 2217 frames.
F443231157-66512068_448309-438276313_1600190617-GB-F-018 NOW THAT I SEE YOU 
LOG (gmm-latgen-faster[5.5.480~1-09abd]:DecodeUtteranceLatticeFaster():decoder-wrappers.cc:289) Log-like per frame for utterance F443231157-66512068_448309-438276313_1600190617-GB-F-018 is -3.92156 over 2219 frames.
F443231157-66512068_448309-438276313_1600190617-GB-F-019 CHASING DOWN A DAYDREAM EVERY ME NEVER 
LOG (gmm-latgen-faster[5.5.480~1-09abd]:DecodeUtteranceLatticeFaster():decoder-wrappers.cc:289) Log-like per frame for utterance F443231157-66512068_448309-438276313_1600190617-GB-F-019 is -4.52101 over 667 frames.
F443231157-66512068_448309-438276313_1600190617-GB-F-023 NOW SHE'S HERE SHINING IN THE STARLIGHT 
LOG (gmm-latgen-faster[5.5.480~1-09abd]:DecodeUtteranceLatticeFaster():decoder-wrappers.cc:289) Log-like per frame for utterance F443231157-66512068_448309-438276313_1600190617-GB-F-023 is -4.57772 over 437 frames.
F443231157-66512068_448309-438276313_1600190617-GB-F-024 NOW SHE'S HERE SUDDENLY I KNOW 
LOG (gmm-latgen-faster[5.5.480~1-09abd]:DecodeUtteranceLatticeFaster():decoder-wrappers.cc:289) Log-like per frame for utterance F443231157-66512068_448309-438276313_1600190617-GB-F-024 is -4.6001 over 440 frames.
F443231157-66512068_448309-438276313_1600190617-GB-F-025 SHE'S CRYSTAL 
LOG (gmm-latgen-faster[5.5.480~1-09abd]:DecodeUtteranceLatticeFaster():decoder-wrappers.cc:289) Log-like per frame for utterance F443231157-66512068_448309-438276313_1600190617-GB-F-025 is -5.24882 over 398 frames.
F443231157-66512068_448309-438276313_1600190617-GB-F-029 I SEE THE 
LOG (gmm-latgen-faster[5.5.480~1-09abd]:DecodeUtteranceLatticeFaster():decoder-wrappers.cc:289) Log-like per frame for utterance F443231157-66512068_448309-438276313_1600190617-GB-F-029 is -4.31179 over 346 frames.
F443231157-66512068_448309-438276313_1600190617-GB-F-033 THAT I SEE THE I AND IT'S LIKE THE SKY YOU 
LOG (gmm-latgen-faster[5.5.480~1-09abd]:DecodeUtteranceLatticeFaster():decoder-wrappers.cc:289) Log-like per frame for utterance F443231157-66512068_448309-438276313_1600190617-GB-F-033 is -4.41471 over 856 frames.
F443231157-66512068_448309-438276313_1600190617-GB-F-036 
LOG (gmm-latgen-faster[5.5.480~1-09abd]:DecodeUtteranceLatticeFaster():decoder-wrappers.cc:289) Log-like per frame for utterance F443231157-66512068_448309-438276313_1600190617-GB-F-036 is -5.33606 over 136 frames.
F443231157-66512068_448309-438276313_1600190617-GB-F-037 HAS SOMEHOW SHIFTED 
LOG (gmm-latgen-faster[5.5.480~1-09abd]:DecodeUtteranceLatticeFaster():decoder-wrappers.cc:289) Log-like per frame for utterance F443231157-66512068_448309-438276313_1600190617-GB-F-037 is -3.86245 over 352 frames.
F443231157-66512068_448309-438276313_1600190617-GB-F-038 ALL AT ONCE EVERYTHING IS DIFFERENT 
LOG (gmm-latgen-faster[5.5.480~1-09abd]:DecodeUtteranceLatticeFaster():decoder-wrappers.cc:289) Log-like per frame for utterance F443231157-66512068_448309-438276313_1600190617-GB-F-038 is -4.47363 over 398 frames.
F443231157-66512068_448309-438276313_1600190617-GB-F-040 NOW THAT I SEE YOU NOW THAT I SEE YOU 
LOG (gmm-latgen-faster[5.5.480~1-09abd]:DecodeUtteranceLatticeFaster():decoder-wrappers.cc:289) Log-like per frame for utterance F443231157-66512068_448309-438276313_1600190617-GB-F-040 is -2.86612 over 1825 frames.
F443567961-482049774_461056-264616407_1591237893-GB-F-011 NO I CAN'T FORGET TOMORROW 
LOG (gmm-latgen-faster[5.5.480~1-09abd]:DecodeUtteranceLatticeFaster():decoder-wrappers.cc:289) Log-like per frame for utterance F443567961-482049774_461056-264616407_1591237893-GB-F-011 is -4.47565 over 368 frames.
F443567961-482049774_461056-264616407_1591237893-GB-F-012 WHEN I THINK OF ALL MY SORROW WHEN I HAD I'M YOUR THERE BUT THEN I LET YOU GO 
LOG (gmm-latgen-faster[5.5.480~1-09abd]:DecodeUtteranceLatticeFaster():decoder-wrappers.cc:289) Log-like per frame for utterance F443567961-482049774_461056-264616407_1591237893-GB-F-012 is -3.84948 over 1041 frames.
F443567961-482049774_461056-264616407_1591237893-GB-F-016 AND NOW IT'S ONLY FAIR 
LOG (gmm-latgen-faster[5.5.480~1-09abd]:DecodeUtteranceLatticeFaster():decoder-wrappers.cc:289) Log-like per frame for utterance F443567961-482049774_461056-264616407_1591237893-GB-F-016 is -4.45855 over 249 frames.
F443567961-482049774_461056-264616407_1591237893-GB-F-017 THERE I SHOULD LET YOU KNOW 
LOG (gmm-latgen-faster[5.5.480~1-09abd]:DecodeUtteranceLatticeFaster():decoder-wrappers.cc:289) Log-like per frame for utterance F443567961-482049774_461056-264616407_1591237893-GB-F-017 is -3.57192 over 404 frames.
F443567961-482049774_461056-264616407_1591237893-GB-F-019 WHAT YOU SHOULD KNOW LOVE KNOW ON 
LOG (gmm-latgen-faster[5.5.480~1-09abd]:DecodeUtteranceLatticeFaster():decoder-wrappers.cc:289) Log-like per frame for utterance F443567961-482049774_461056-264616407_1591237893-GB-F-019 is -2.87975 over 807 frames.
F443567961-482049774_461056-264616407_1591237893-GB-F-025 CAN'T LIVE WHEN INTO 
LOG (gmm-latgen-faster[5.5.480~1-09abd]:DecodeUtteranceLatticeFaster():decoder-wrappers.cc:289) Log-like per frame for utterance F443567961-482049774_461056-264616407_1591237893-GB-F-025 is -1.63677 over 507 frames.
F443567961-482049774_461056-264616407_1591237893-GB-F-026 NEED OUT YOU CAN'T GIVE 
LOG (gmm-latgen-faster[5.5.480~1-09abd]:DecodeUtteranceLatticeFaster():decoder-wrappers.cc:289) Log-like per frame for utterance F443567961-482049774_461056-264616407_1591237893-GB-F-026 is -3.77991 over 613 frames.
F443567961-482049774_461056-264616407_1591237893-GB-F-029 AND ME MY GIVE MORE KNOW 
LOG (gmm-latgen-faster[5.5.480~1-09abd]:DecodeUtteranceLatticeFaster():decoder-wrappers.cc:289) Log-like per frame for utterance F443567961-482049774_461056-264616407_1591237893-GB-F-029 is -4.15109 over 580 frames.
F443567961-482049774_461056-264616407_1591237893-GB-F-035 YOU ALWAYS SMILE 
LOG (gmm-latgen-faster[5.5.480~1-09abd]:DecodeUtteranceLatticeFaster():decoder-wrappers.cc:289) Log-like per frame for utterance F443567961-482049774_461056-264616407_1591237893-GB-F-035 is -4.37943 over 153 frames.
F443567961-482049774_461056-264616407_1591237893-GB-F-036 BUT IN YOUR EYES 
LOG (gmm-latgen-faster[5.5.480~1-09abd]:DecodeUtteranceLatticeFaster():decoder-wrappers.cc:289) Log-like per frame for utterance F443567961-482049774_461056-264616407_1591237893-GB-F-036 is -4.31026 over 131 frames.
F443567961-482049774_461056-264616407_1591237893-GB-F-037 YOUR SORROW SHOWS 
LOG (gmm-latgen-faster[5.5.480~1-09abd]:DecodeUtteranceLatticeFaster():decoder-wrappers.cc:289) Log-like per frame for utterance F443567961-482049774_461056-264616407_1591237893-GB-F-037 is -3.48247 over 328 frames.
F443567961-482049774_461056-264616407_1591237893-GB-F-039 YES IT SHOWS LOVE ON 
LOG (gmm-latgen-faster[5.5.480~1-09abd]:DecodeUtteranceLatticeFaster():decoder-wrappers.cc:289) Log-like per frame for utterance F443567961-482049774_461056-264616407_1591237893-GB-F-039 is -3.08875 over 735 frames.
F443567961-482049774_461056-264616407_1591237893-GB-F-045 CAN'T LIVE YES IT I'M YOU 
LOG (gmm-latgen-faster[5.5.480~1-09abd]:DecodeUtteranceLatticeFaster():decoder-wrappers.cc:289) Log-like per frame for utterance F443567961-482049774_461056-264616407_1591237893-GB-F-045 is -3.85574 over 733 frames.
F443567961-482049774_461056-264616407_1591237893-GB-F-047 I CAN'T LIKE CAN'T GIVE MORE <UNK> 
LOG (gmm-latgen-faster[5.5.480~1-09abd]:DecodeUtteranceLatticeFaster():decoder-wrappers.cc:289) Log-like per frame for utterance F443567961-482049774_461056-264616407_1591237893-GB-F-047 is -3.76294 over 1187 frames.
F443567961-482049774_461056-264616407_1591237893-GB-F-050 I CAN'T AS TO 
LOG (gmm-latgen-faster[5.5.480~1-09abd]:DecodeUtteranceLatticeFaster():decoder-wrappers.cc:289) Log-like per frame for utterance F443567961-482049774_461056-264616407_1591237893-GB-F-050 is -4.28139 over 535 frames.
F443567961-482049774_461056-264616407_1591237893-GB-F-051 OUT ME YOU 
LOG (gmm-latgen-faster[5.5.480~1-09abd]:DecodeUtteranceLatticeFaster():decoder-wrappers.cc:289) Log-like per frame for utterance F443567961-482049774_461056-264616407_1591237893-GB-F-051 is -4.35295 over 196 frames.
F443567961-482049774_461056-264616407_1591237893-GB-F-052 CAN'T LIVE 
LOG (gmm-latgen-faster[5.5.480~1-09abd]:DecodeUtteranceLatticeFaster():decoder-wrappers.cc:289) Log-like per frame for utterance F443567961-482049774_461056-264616407_1591237893-GB-F-052 is -3.45046 over 384 frames.
F443567961-482049774_461056-264616407_1591237893-GB-F-053 CAN'T GIVE 
LOG (gmm-latgen-faster[5.5.480~1-09abd]:DecodeUtteranceLatticeFaster():decoder-wrappers.cc:289) Log-like per frame for utterance F443567961-482049774_461056-264616407_1591237893-GB-F-053 is -3.98566 over 604 frames.
F447588597-3771167_3771167-490187984_1632291933-GB-F-001 I JUST SAY SOMETHING CRAZY 
LOG (gmm-latgen-faster[5.5.480~1-09abd]:DecodeUtteranceLatticeFaster():decoder-wrappers.cc:289) Log-like per frame for utterance F447588597-3771167_3771167-490187984_1632291933-GB-F-001 is -5.26343 over 135 frames.
F447588597-3771167_3771167-490187984_1632291933-GB-F-003 ALL MY LIFE HAS BEEN A SERIES OF DOORS IN MY FACE 
LOG (gmm-latgen-faster[5.5.480~1-09abd]:DecodeUtteranceLatticeFaster():decoder-wrappers.cc:289) Log-like per frame for utterance F447588597-3771167_3771167-490187984_1632291933-GB-F-003 is -4.50133 over 379 frames.
F447588597-3771167_3771167-490187984_1632291933-GB-F-004 THEN SUDDENLY I BUMP INTO YOU 
LOG (gmm-latgen-faster[5.5.480~1-09abd]:DecodeUtteranceLatticeFaster():decoder-wrappers.cc:289) Log-like per frame for utterance F447588597-3771167_3771167-490187984_1632291933-GB-F-004 is -4.75497 over 305 frames.
F447588597-3771167_3771167-490187984_1632291933-GB-F-010 BUT WITH YOU 
LOG (gmm-latgen-faster[5.5.480~1-09abd]:DecodeUtteranceLatticeFaster():decoder-wrappers.cc:289) Log-like per frame for utterance F447588597-3771167_3771167-490187984_1632291933-GB-F-010 is -4.28268 over 367 frames.
F447588597-3771167_3771167-490187984_1632291933-GB-F-013 AND IT'S NOTHING LIKE I'VE EVER KNOWN BEFORE LOVE IS AN OPEN LOVE IS AN OPEN LOVE IS AN OPEN DOOR WITH YOU 
LOG (gmm-latgen-faster[5.5.480~1-09abd]:DecodeUtteranceLatticeFaster():decoder-wrappers.cc:289) Log-like per frame for utterance F447588597-3771167_3771167-490187984_1632291933-GB-F-013 is -4.24678 over 1605 frames.
F447588597-3771167_3771167-490187984_1632291933-GB-F-020 LOVE IS AN OPEN DOOR 
LOG (gmm-latgen-faster[5.5.480~1-09abd]:DecodeUtteranceLatticeFaster():decoder-wrappers.cc:289) Log-like per frame for utterance F447588597-3771167_3771167-490187984_1632291933-GB-F-020 is -2.75476 over 375 frames.
F447588597-3771167_3771167-490187984_1632291933-GB-F-026 I'VE NEVER MET SOMEONE WHO THINKS SO MUCH LIKE ME JINX JINX AGAIN OUR MENTAL TIME 
LOG (gmm-latgen-faster[5.5.480~1-09abd]:DecodeUtteranceLatticeFaster():decoder-wrappers.cc:289) Log-like per frame for utterance F447588597-3771167_3771167-490187984_1632291933-GB-F-026 is -4.97797 over 689 frames.
F447588597-3771167_3771167-490187984_1632291933-GB-F-031 CAN HAVE BUT ONE EXPLANATION 
LOG (gmm-latgen-faster[5.5.480~1-09abd]:DecodeUtteranceLatticeFaster():decoder-wrappers.cc:289) Log-like per frame for utterance F447588597-3771167_3771167-490187984_1632291933-GB-F-031 is -4.82832 over 201 frames.
F447588597-3771167_3771167-490187984_1632291933-GB-F-036 MEANT TO BE SAY GOODBYE TO THE NOT THE PAST 
LOG (gmm-latgen-faster[5.5.480~1-09abd]:DecodeUtteranceLatticeFaster():decoder-wrappers.cc:289) Log-like per frame for utterance F447588597-3771167_3771167-490187984_1632291933-GB-F-036 is -3.21385 over 722 frames.
F447588597-3771167_3771167-490187984_1632291933-GB-F-040 WE DON'T HAVE TO FEEL IT ANYMORE LOVE IS AN OPEN LOVE IS AN OPEN LIFE CAN BE SO MUCH MORE 
LOG (gmm-latgen-faster[5.5.480~1-09abd]:DecodeUtteranceLatticeFaster():decoder-wrappers.cc:289) Log-like per frame for utterance F447588597-3771167_3771167-490187984_1632291933-GB-F-040 is -4.3853 over 1482 frames.
F447588597-3771167_3771167-490187984_1632291933-GB-F-048 LOVE IS AN OPEN DOOR FOR 
LOG (gmm-latgen-faster[5.5.480~1-09abd]:DecodeUtteranceLatticeFaster():decoder-wrappers.cc:289) Log-like per frame for utterance F447588597-3771167_3771167-490187984_1632291933-GB-F-048 is -3.25055 over 450 frames.
F447588597-3771167_3771167-490187984_1632291933-GB-F-051 CAN I SAY SOMETHING EVEN CRAZIER YES 
LOG (gmm-latgen-faster[5.5.480~1-09abd]:DecodeUtteranceLatticeFaster():decoder-wrappers.cc:289) Log-like per frame for utterance F447588597-3771167_3771167-490187984_1632291933-GB-F-051 is -5.16358 over 248 frames.
F447646519-213113482_384537-472987593_1612463445-GB-F-001 LITTLE DO YOU KNOW HOW I'M BREAKING WHILE YOU FALL ASLEEP LITTLE DO YOU KNOW I'M STILL HAUNTED BY THE MEMORIES 
LOG (gmm-latgen-faster[5.5.480~1-09abd]:DecodeUtteranceLatticeFaster():decoder-wrappers.cc:289) Log-like per frame for utterance F447646519-213113482_384537-472987593_1612463445-GB-F-001 is -3.91113 over 1185 frames.
F447646519-213113482_384537-472987593_1612463445-GB-F-005 LITTLE DO YOU KNOW I'M TRYING TO PICK MYSELF UP PIECE BY PIECE 
LOG (gmm-latgen-faster[5.5.480~1-09abd]:DecodeUtteranceLatticeFaster():decoder-wrappers.cc:289) Log-like per frame for utterance F447646519-213113482_384537-472987593_1612463445-GB-F-005 is -4.92225 over 547 frames.
F447646519-213113482_384537-472987593_1612463445-GB-F-009 LITTLE DO YOU KNOW I NEED A LITTLE MORE TIME UNDERNEATH IT ALL I'M HELD CAPTIVE BY THE HOLE INSIDE I'VE BEEN HOLDING BACK FOR THE 
LOG (gmm-latgen-faster[5.5.480~1-09abd]:DecodeUtteranceLatticeFaster():decoder-wrappers.cc:289) Log-like per frame for utterance F447646519-213113482_384537-472987593_1612463445-GB-F-009 is -4.06669 over 1496 frames.
F447646519-213113482_384537-472987593_1612463445-GB-F-015 THE THAT YOU MIGHT CHANGE YOUR MIND 
LOG (gmm-latgen-faster[5.5.480~1-09abd]:DecodeUtteranceLatticeFaster():decoder-wrappers.cc:289) Log-like per frame for utterance F447646519-213113482_384537-472987593_1612463445-GB-F-015 is -3.92125 over 323 frames.
F447646519-213113482_384537-472987593_1612463445-GB-F-016 I'M YOU 
LOG (gmm-latgen-faster[5.5.480~1-09abd]:DecodeUtteranceLatticeFaster():decoder-wrappers.cc:289) Log-like per frame for utterance F447646519-213113482_384537-472987593_1612463445-GB-F-016 is -5.75107 over 154 frames.
F447646519-213113482_384537-472987593_1612463445-GB-F-018 FORGETTING IS A HARDER FIGHT 
LOG (gmm-latgen-faster[5.5.480~1-09abd]:DecodeUtteranceLatticeFaster():decoder-wrappers.cc:289) Log-like per frame for utterance F447646519-213113482_384537-472987593_1612463445-GB-F-018 is -4.83674 over 412 frames.
F447646519-213113482_384537-472987593_1612463445-GB-F-019 LITTLE DO YOU KNOW FIGHT 
LOG (gmm-latgen-faster[5.5.480~1-09abd]:DecodeUtteranceLatticeFaster():decoder-wrappers.cc:289) Log-like per frame for utterance F447646519-213113482_384537-472987593_1612463445-GB-F-019 is -3.9407 over 259 frames.
F447646519-213113482_384537-472987593_1612463445-GB-F-021 ME LITTLE MORE TIME I'LL WAIT I'LL WAIT 
LOG (gmm-latgen-faster[5.5.480~1-09abd]:DecodeUtteranceLatticeFaster():decoder-wrappers.cc:289) Log-like per frame for utterance F447646519-213113482_384537-472987593_1612463445-GB-F-021 is -3.54708 over 590 frames.
F447646519-213113482_384537-472987593_1612463445-GB-F-023 I LOVE YOU LIKE YOU'VE NEVER FELT THE PAIN I'LL WAIT 
LOG (gmm-latgen-faster[5.5.480~1-09abd]:DecodeUtteranceLatticeFaster():decoder-wrappers.cc:289) Log-like per frame for utterance F447646519-213113482_384537-472987593_1612463445-GB-F-023 is -3.7583 over 561 frames.
F447646519-213113482_384537-472987593_1612463445-GB-F-026 PROMISE YOU DON'T HAVE TO BE AFRAID 
LOG (gmm-latgen-faster[5.5.480~1-09abd]:DecodeUtteranceLatticeFaster():decoder-wrappers.cc:289) Log-like per frame for utterance F447646519-213113482_384537-472987593_1612463445-GB-F-026 is -3.82248 over 386 frames.
F447646519-213113482_384537-472987593_1612463445-GB-F-027 I'LL WAIT 
LOG (gmm-latgen-faster[5.5.480~1-09abd]:DecodeUtteranceLatticeFaster():decoder-wrappers.cc:289) Log-like per frame for utterance F447646519-213113482_384537-472987593_1612463445-GB-F-027 is -3.21196 over 113 frames.
F447646519-213113482_384537-472987593_1612463445-GB-F-028 THE LOVE IS HERE AND HERE TO STAY 
LOG (gmm-latgen-faster[5.5.480~1-09abd]:DecodeUtteranceLatticeFaster():decoder-wrappers.cc:289) Log-like per frame for utterance F447646519-213113482_384537-472987593_1612463445-GB-F-028 is -3.75477 over 258 frames.
F447646519-213113482_384537-472987593_1612463445-GB-F-030 SO LAY YOUR HEAD ON ME 
LOG (gmm-latgen-faster[5.5.480~1-09abd]:DecodeUtteranceLatticeFaster():decoder-wrappers.cc:289) Log-like per frame for utterance F447646519-213113482_384537-472987593_1612463445-GB-F-030 is -3.37822 over 446 frames.
F447646519-213113482_384537-472987593_1612463445-GB-F-031 LITTLE DO YOU KNOW I'M KNOW 
LOG (gmm-latgen-faster[5.5.480~1-09abd]:DecodeUtteranceLatticeFaster():decoder-wrappers.cc:289) Log-like per frame for utterance F447646519-213113482_384537-472987593_1612463445-GB-F-031 is -3.86176 over 277 frames.
F447646519-213113482_384537-472987593_1612463445-GB-F-033 SOUND ASLEEP 
LOG (gmm-latgen-faster[5.5.480~1-09abd]:DecodeUtteranceLatticeFaster():decoder-wrappers.cc:289) Log-like per frame for utterance F447646519-213113482_384537-472987593_1612463445-GB-F-033 is -3.97573 over 158 frames.
F447646519-213113482_384537-472987593_1612463445-GB-F-034 LITTLE DO YOU KNOW I'M I'M IS 
LOG (gmm-latgen-faster[5.5.480~1-09abd]:DecodeUtteranceLatticeFaster():decoder-wrappers.cc:289) Log-like per frame for utterance F447646519-213113482_384537-472987593_1612463445-GB-F-034 is -3.93807 over 210 frames.
F447646519-213113482_384537-472987593_1612463445-GB-F-035 IT'S ARE SLOWLY DROWNING ME WHEN ME LITTLE DO YOU KNOW I'M TRYING TO MAKE 
LOG (gmm-latgen-faster[5.5.480~1-09abd]:DecodeUtteranceLatticeFaster():decoder-wrappers.cc:289) Log-like per frame for utterance F447646519-213113482_384537-472987593_1612463445-GB-F-035 is -4.29274 over 644 frames.
F447646519-213113482_384537-472987593_1612463445-GB-F-039 KEEP BETTER IT'S BY PIECE 
LOG (gmm-latgen-faster[5.5.480~1-09abd]:DecodeUtteranceLatticeFaster():decoder-wrappers.cc:289) Log-like per frame for utterance F447646519-213113482_384537-472987593_1612463445-GB-F-039 is -4.76202 over 269 frames.
F447646519-213113482_384537-472987593_1612463445-GB-F-040 LITTLE DO YOU KNOW I I LOVE YOU 'TIL THE SUN DIES OH WAIT OH WAIT JUST WAIT 
LOG (gmm-latgen-faster[5.5.480~1-09abd]:DecodeUtteranceLatticeFaster():decoder-wrappers.cc:289) Log-like per frame for utterance F447646519-213113482_384537-472987593_1612463445-GB-F-040 is -3.85393 over 922 frames.
F447646519-213113482_384537-472987593_1612463445-GB-F-044 I LOVE YOU LIKE I'VE NEVER FELT THE PAIN 
LOG (gmm-latgen-faster[5.5.480~1-09abd]:DecodeUtteranceLatticeFaster():decoder-wrappers.cc:289) Log-like per frame for utterance F447646519-213113482_384537-472987593_1612463445-GB-F-044 is -3.84286 over 395 frames.
F447646519-213113482_384537-472987593_1612463445-GB-F-046 JUST WAIT 
LOG (gmm-latgen-faster[5.5.480~1-09abd]:DecodeUtteranceLatticeFaster():decoder-wrappers.cc:289) Log-like per frame for utterance F447646519-213113482_384537-472987593_1612463445-GB-F-046 is -3.58115 over 110 frames.
F447646519-213113482_384537-472987593_1612463445-GB-F-047 I LOVE YOU LIKE I'VE NEVER BEEN AFRAID 
LOG (gmm-latgen-faster[5.5.480~1-09abd]:DecodeUtteranceLatticeFaster():decoder-wrappers.cc:289) Log-like per frame for utterance F447646519-213113482_384537-472987593_1612463445-GB-F-047 is -3.63566 over 389 frames.
F447646519-213113482_384537-472987593_1612463445-GB-F-048 JUST WAIT 
LOG (gmm-latgen-faster[5.5.480~1-09abd]:DecodeUtteranceLatticeFaster():decoder-wrappers.cc:289) Log-like per frame for utterance F447646519-213113482_384537-472987593_1612463445-GB-F-048 is -3.66513 over 104 frames.
F447646519-213113482_384537-472987593_1612463445-GB-F-049 I LOVE IS HERE AND HERE TO STAY SO LAY YOUR HEAD ON ME 
LOG (gmm-latgen-faster[5.5.480~1-09abd]:DecodeUtteranceLatticeFaster():decoder-wrappers.cc:289) Log-like per frame for utterance F447646519-213113482_384537-472987593_1612463445-GB-F-049 is -3.82948 over 727 frames.
F447751729-3565668_3565668-300558646_1649514804-GB-F-001 I DON'T KNOW IF YOU COULD TAKE 
LOG (gmm-latgen-faster[5.5.480~1-09abd]:DecodeUtteranceLatticeFaster():decoder-wrappers.cc:289) Log-like per frame for utterance F447751729-3565668_3565668-300558646_1649514804-GB-F-001 is -5.11906 over 104 frames.
F447751729-3565668_3565668-300558646_1649514804-GB-F-002 KNOW YOU WANNA SEE ME 
LOG (gmm-latgen-faster[5.5.480~1-09abd]:DecodeUtteranceLatticeFaster():decoder-wrappers.cc:289) Log-like per frame for utterance F447751729-3565668_3565668-300558646_1649514804-GB-F-002 is -5.16982 over 111 frames.
LOG (apply-cmvn[5.5.480~1-09abd]:main():apply-cmvn.cc:162) Applied cepstral mean normalization to 217 utterances, errors on 0
F447751729-3565668_3565668-300558646_1649514804-GB-F-003 TO NAKED TAKE IT I WANNA BE YOUR BABY BABY BABY 
LOG (gmm-latgen-faster[5.5.480~1-09abd]:DecodeUtteranceLatticeFaster():decoder-wrappers.cc:289) Log-like per frame for utterance F447751729-3565668_3565668-300558646_1649514804-GB-F-003 is -4.917 over 302 frames.
F447751729-3565668_3565668-300558646_1649514804-GB-F-006 JUST <UNK> WHITE GIRL WASTED ON THAT BROWN LIQUOR 
LOG (gmm-latgen-faster[5.5.480~1-09abd]:DecodeUtteranceLatticeFaster():decoder-wrappers.cc:289) Log-like per frame for utterance F447751729-3565668_3565668-300558646_1649514804-GB-F-006 is -5.4399 over 403 frames.
F447751729-3565668_3565668-300558646_1649514804-GB-F-009 CAN'T BE AROUND YOU 
LOG (gmm-latgen-faster[5.5.480~1-09abd]:DecodeUtteranceLatticeFaster():decoder-wrappers.cc:289) Log-like per frame for utterance F447751729-3565668_3565668-300558646_1649514804-GB-F-009 is -4.28605 over 117 frames.
F447751729-3565668_3565668-300558646_1649514804-GB-F-010 LIT TO DIM DOWN A NOTCH 
LOG (gmm-latgen-faster[5.5.480~1-09abd]:DecodeUtteranceLatticeFaster():decoder-wrappers.cc:289) Log-like per frame for utterance F447751729-3565668_3565668-300558646_1649514804-GB-F-010 is -4.41746 over 166 frames.
F447751729-3565668_3565668-300558646_1649514804-GB-F-014 WILD WILD WILD 
LOG (gmm-latgen-faster[5.5.480~1-09abd]:DecodeUtteranceLatticeFaster():decoder-wrappers.cc:289) Log-like per frame for utterance F447751729-3565668_3565668-300558646_1649514804-GB-F-014 is -3.16126 over 153 frames.
F447751729-3565668_3565668-300558646_1649514804-GB-F-015 WILD WILD WILD THOUGHTS 
LOG (gmm-latgen-faster[5.5.480~1-09abd]:DecodeUtteranceLatticeFaster():decoder-wrappers.cc:289) Log-like per frame for utterance F447751729-3565668_3565668-300558646_1649514804-GB-F-015 is -3.65116 over 180 frames.
F447751729-3565668_3565668-300558646_1649514804-GB-F-016 WILD WILD WILD WHEN I'M WITH YOU ALL I GET IS WILD THOUGHTS 
LOG (gmm-latgen-faster[5.5.480~1-09abd]:DecodeUtteranceLatticeFaster():decoder-wrappers.cc:289) Log-like per frame for utterance F447751729-3565668_3565668-300558646_1649514804-GB-F-016 is -4.29014 over 488 frames.
LOG (transform-feats[5.5.480~1-09abd]:main():transform-feats.cc:158) Overall average [pseudo-]logdet is -88.6872 over 102589 frames.
LOG (transform-feats[5.5.480~1-09abd]:main():transform-feats.cc:161) Applied transform to 217 utterances; 0 had errors.
F447751729-3565668_3565668-300558646_1649514804-GB-F-019 WILD WILD WILD 
LOG (gmm-latgen-faster[5.5.480~1-09abd]:DecodeUtteranceLatticeFaster():decoder-wrappers.cc:289) Log-like per frame for utterance F447751729-3565668_3565668-300558646_1649514804-GB-F-019 is -3.54465 over 144 frames.
F447751729-3565668_3565668-300558646_1649514804-GB-F-023 WHEN I'M AS 
LOG (gmm-latgen-faster[5.5.480~1-09abd]:DecodeUtteranceLatticeFaster():decoder-wrappers.cc:289) Log-like per frame for utterance F447751729-3565668_3565668-300558646_1649514804-GB-F-023 is -4.82142 over 186 frames.
F447751729-3565668_3565668-300558646_1649514804-GB-F-026 KITTY KITTY BABY GIVE WITH YA 
LOG (gmm-latgen-faster[5.5.480~1-09abd]:DecodeUtteranceLatticeFaster():decoder-wrappers.cc:289) Log-like per frame for utterance F447751729-3565668_3565668-300558646_1649514804-GB-F-026 is -4.58538 over 185 frames.
LOG (transform-feats[5.5.480~1-09abd]:main():transform-feats.cc:158) Overall average logdet is 1.6613 over 102589 frames.
LOG (transform-feats[5.5.480~1-09abd]:main():transform-feats.cc:161) Applied transform to 217 utterances; 0 had errors.
F447751729-3565668_3565668-300558646_1649514804-GB-F-030 DIAMONDS AIN'T NOTHING WHEN I'M ROCKIN' WITH 
LOG (gmm-latgen-faster[5.5.480~1-09abd]:DecodeUtteranceLatticeFaster():decoder-wrappers.cc:289) Log-like per frame for utterance F447751729-3565668_3565668-300558646_1649514804-GB-F-030 is -4.49886 over 186 frames.
F447751729-3565668_3565668-300558646_1649514804-GB-F-033 WHEN I'M SHININ' 
LOG (gmm-latgen-faster[5.5.480~1-09abd]:DecodeUtteranceLatticeFaster():decoder-wrappers.cc:289) Log-like per frame for utterance F447751729-3565668_3565668-300558646_1649514804-GB-F-033 is -4.55858 over 104 frames.
F447751729-3565668_3565668-300558646_1649514804-GB-F-036 I'M TOO CAN LOOK A AND LIKE 
LOG (gmm-latgen-faster[5.5.480~1-09abd]:DecodeUtteranceLatticeFaster():decoder-wrappers.cc:289) Log-like per frame for utterance F447751729-3565668_3565668-300558646_1649514804-GB-F-036 is -5.2889 over 274 frames.
LOG (gmm-latgen-faster[5.5.480~1-09abd]:main():gmm-latgen-faster.cc:176) Time taken 175.403s: real-time factor assuming 100 frames/sec is 0.170976
LOG (gmm-latgen-faster[5.5.480~1-09abd]:main():gmm-latgen-faster.cc:179) Done 217 utterances, failed for 0
LOG (gmm-latgen-faster[5.5.480~1-09abd]:main():gmm-latgen-faster.cc:181) Overall log-likelihood per frame is -4.16722 over 102589 frames.
# Accounting: time=176 threads=1
# Ended (code 0) at Tue Sep 10 14:12:27 BST 2019, elapsed time 176 seconds
