# gmm-latgen-faster --max-active=7000 --beam=15.0 --lattice-beam=6.0 --acoustic-scale=0.083333 --allow-partial=false --word-symbol-table=exp/tri3b_cleaned/graphs/words.txt exp/tri3b_cleaned/final.mdl scp:exp/tri3b_cleaned/lats/split_fsts/HCLG.fsts.18.scp "ark,s,cs:apply-cmvn  --utt2spk=ark:data/train1/split40/18/utt2spk scp:data/train1/split40/18/cmvn.scp scp:data/train1/split40/18/feats.scp ark:- | splice-feats  ark:- ark:- | transform-feats exp/tri3b_cleaned/final.mat ark:- ark:- | transform-feats --utt2spk=ark:data/train1/split40/18/utt2spk ark:exp/tri3b/trans.18 ark:- ark:- |" "ark:|gzip -c > exp/tri3b_cleaned/lats/lat.18.gz" 
# Started at Tue Sep 10 14:17:47 BST 2019
#
gmm-latgen-faster --max-active=7000 --beam=15.0 --lattice-beam=6.0 --acoustic-scale=0.083333 --allow-partial=false --word-symbol-table=exp/tri3b_cleaned/graphs/words.txt exp/tri3b_cleaned/final.mdl scp:exp/tri3b_cleaned/lats/split_fsts/HCLG.fsts.18.scp 'ark,s,cs:apply-cmvn  --utt2spk=ark:data/train1/split40/18/utt2spk scp:data/train1/split40/18/cmvn.scp scp:data/train1/split40/18/feats.scp ark:- | splice-feats  ark:- ark:- | transform-feats exp/tri3b_cleaned/final.mat ark:- ark:- | transform-feats --utt2spk=ark:data/train1/split40/18/utt2spk ark:exp/tri3b/trans.18 ark:- ark:- |' 'ark:|gzip -c > exp/tri3b_cleaned/lats/lat.18.gz' 
splice-feats ark:- ark:- 
transform-feats exp/tri3b_cleaned/final.mat ark:- ark:- 
transform-feats --utt2spk=ark:data/train1/split40/18/utt2spk ark:exp/tri3b/trans.18 ark:- ark:- 
apply-cmvn --utt2spk=ark:data/train1/split40/18/utt2spk scp:data/train1/split40/18/cmvn.scp scp:data/train1/split40/18/feats.scp ark:- 
F647568384-413929848_343398-647571369_1640878322-GB-F-001 KNOW YOU SAY YOU KNOW ME WELL BUT THESE DAYS I DON'T EVEN KNOW MYSELF NO 
LOG (gmm-latgen-faster[5.5.480~1-09abd]:DecodeUtteranceLatticeFaster():decoder-wrappers.cc:289) Log-like per frame for utterance F647568384-413929848_343398-647571369_1640878322-GB-F-001 is -4.81099 over 501 frames.
F647568384-413929848_343398-647571369_1640878322-GB-F-005 LOVE BE WITH SOMEONE ELSE 
LOG (gmm-latgen-faster[5.5.480~1-09abd]:DecodeUtteranceLatticeFaster():decoder-wrappers.cc:289) Log-like per frame for utterance F647568384-413929848_343398-647571369_1640878322-GB-F-005 is -4.92729 over 150 frames.
F647568384-413929848_343398-647571369_1640878322-GB-F-006 I THOUGHT I WOULD OWN THE WAY I FELT CALL YOU BUT YOU NEVER EVEN ANSWER I TELL MYSELF I'M DONE WITH WICKED GAMES 
LOG (gmm-latgen-faster[5.5.480~1-09abd]:DecodeUtteranceLatticeFaster():decoder-wrappers.cc:289) Log-like per frame for utterance F647568384-413929848_343398-647571369_1640878322-GB-F-006 is -4.73159 over 897 frames.
F647568384-413929848_343398-647571369_1640878322-GB-F-012 I KNOW WITH ALL THE LAUGHTER 
LOG (gmm-latgen-faster[5.5.480~1-09abd]:DecodeUtteranceLatticeFaster():decoder-wrappers.cc:289) Log-like per frame for utterance F647568384-413929848_343398-647571369_1640878322-GB-F-012 is -4.29025 over 188 frames.
F647568384-413929848_343398-647571369_1640878322-GB-F-014 ABOUT THE PAIN <UNK> YOU STRESS ME OUT KILL ME 
LOG (gmm-latgen-faster[5.5.480~1-09abd]:DecodeUtteranceLatticeFaster():decoder-wrappers.cc:289) Log-like per frame for utterance F647568384-413929848_343398-647571369_1640878322-GB-F-014 is -4.09583 over 600 frames.
F647568384-413929848_343398-647571369_1640878322-GB-F-016 THAT ME DOWN YOU FUCK ME UP WE'RE ON THE GROUND WE'RE SCREAMING 
LOG (gmm-latgen-faster[5.5.480~1-09abd]:DecodeUtteranceLatticeFaster():decoder-wrappers.cc:289) Log-like per frame for utterance F647568384-413929848_343398-647571369_1640878322-GB-F-016 is -4.19717 over 554 frames.
F647568384-413929848_343398-647571369_1640878322-GB-F-019 DON'T KNOW HOW TO MAKE IT 
LOG (gmm-latgen-faster[5.5.480~1-09abd]:DecodeUtteranceLatticeFaster():decoder-wrappers.cc:289) Log-like per frame for utterance F647568384-413929848_343398-647571369_1640878322-GB-F-019 is -4.26474 over 237 frames.
F647568384-413929848_343398-647571369_1640878322-GB-F-020 I LOVE IT I HATE IT AND I CAN'T TAKE IT BUT I KEEP ON COMING BACK TO YOU 
LOG (gmm-latgen-faster[5.5.480~1-09abd]:DecodeUtteranceLatticeFaster():decoder-wrappers.cc:289) Log-like per frame for utterance F647568384-413929848_343398-647571369_1640878322-GB-F-020 is -4.2912 over 1024 frames.
F647568384-413929848_343398-647571369_1640878322-GB-F-031 ON SO ADDICTED TO THE DRAMA 
LOG (gmm-latgen-faster[5.5.480~1-09abd]:DecodeUtteranceLatticeFaster():decoder-wrappers.cc:289) Log-like per frame for utterance F647568384-413929848_343398-647571369_1640878322-GB-F-031 is -4.7838 over 225 frames.
F647568384-413929848_343398-647571369_1640878322-GB-F-032 TELL MYSELF I'M DONE WITH WICKED GAMES 
LOG (gmm-latgen-faster[5.5.480~1-09abd]:DecodeUtteranceLatticeFaster():decoder-wrappers.cc:289) Log-like per frame for utterance F647568384-413929848_343398-647571369_1640878322-GB-F-032 is -4.78808 over 225 frames.
F647568384-413929848_343398-647571369_1640878322-GB-F-034 I'M DONE WITH ALL THE LAUGHTER 
LOG (gmm-latgen-faster[5.5.480~1-09abd]:DecodeUtteranceLatticeFaster():decoder-wrappers.cc:289) Log-like per frame for utterance F647568384-413929848_343398-647571369_1640878322-GB-F-034 is -4.30472 over 171 frames.
F647568384-413929848_343398-647571369_1640878322-GB-F-036 I FORGET ABOUT THE PAIN IN 
LOG (gmm-latgen-faster[5.5.480~1-09abd]:DecodeUtteranceLatticeFaster():decoder-wrappers.cc:289) Log-like per frame for utterance F647568384-413929848_343398-647571369_1640878322-GB-F-036 is -4.40765 over 316 frames.
F647568384-413929848_343398-647571369_1640878322-GB-F-042 I LOVE IT I HATE IT AND I CAN'T TAKE IT 
LOG (gmm-latgen-faster[5.5.480~1-09abd]:DecodeUtteranceLatticeFaster():decoder-wrappers.cc:289) Log-like per frame for utterance F647568384-413929848_343398-647571369_1640878322-GB-F-042 is -4.47587 over 613 frames.
F647568384-413929848_343398-647571369_1640878322-GB-F-044 BUT I KEEP ON COMING BACK TO YOU BACK TO YOU YOU 
LOG (gmm-latgen-faster[5.5.480~1-09abd]:DecodeUtteranceLatticeFaster():decoder-wrappers.cc:289) Log-like per frame for utterance F647568384-413929848_343398-647571369_1640878322-GB-F-044 is -3.92405 over 620 frames.
F647568384-413929848_343398-647571369_1640878322-GB-F-056 YOU CAN CUT ME UP AND KISS ME HARDER 
LOG (gmm-latgen-faster[5.5.480~1-09abd]:DecodeUtteranceLatticeFaster():decoder-wrappers.cc:289) Log-like per frame for utterance F647568384-413929848_343398-647571369_1640878322-GB-F-056 is -4.7661 over 260 frames.
F647568384-413929848_343398-647571369_1640878322-GB-F-058 YOU CAN BE THE PILL TO EASE THE PAIN 
LOG (gmm-latgen-faster[5.5.480~1-09abd]:DecodeUtteranceLatticeFaster():decoder-wrappers.cc:289) Log-like per frame for utterance F647568384-413929848_343398-647571369_1640878322-GB-F-058 is -4.65336 over 230 frames.
F647568384-413929848_343398-647571369_1640878322-GB-F-062 STRESS ME OUT YOU KILL ME DRAG ME DOWN FUCK ME UP WE'RE ON THE GROUND WE'RE SCREAMING I DON'T KNOW HOW TO MAKE 
LOG (gmm-latgen-faster[5.5.480~1-09abd]:DecodeUtteranceLatticeFaster():decoder-wrappers.cc:289) Log-like per frame for utterance F647568384-413929848_343398-647571369_1640878322-GB-F-062 is -4.13422 over 1176 frames.
F647568384-413929848_343398-647571369_1640878322-GB-F-066 IT STOP I LOVE IT I HATE IT AND I CAN'T TAKE IT BUT I KEEP ON COMING BACK TO YOU BACK TO YOU OH NO NO I JUST KEEP ON COMING BACK TO YOU 
LOG (gmm-latgen-faster[5.5.480~1-09abd]:DecodeUtteranceLatticeFaster():decoder-wrappers.cc:289) Log-like per frame for utterance F647568384-413929848_343398-647571369_1640878322-GB-F-066 is -4.23015 over 1738 frames.
F647568384-413929848_343398-647571369_1640878322-GB-F-074 OH NO NO 
LOG (gmm-latgen-faster[5.5.480~1-09abd]:DecodeUtteranceLatticeFaster():decoder-wrappers.cc:289) Log-like per frame for utterance F647568384-413929848_343398-647571369_1640878322-GB-F-074 is -4.0922 over 126 frames.
F647568384-413929848_343398-647571369_1640878322-GB-F-075 I JUST KEEP ON COMING BACK TO YOU BACK TO YOU I JUST KEEP ON COMING BACK TO YOU 
LOG (gmm-latgen-faster[5.5.480~1-09abd]:DecodeUtteranceLatticeFaster():decoder-wrappers.cc:289) Log-like per frame for utterance F647568384-413929848_343398-647571369_1640878322-GB-F-075 is -3.94776 over 956 frames.
F668434028-3770042_3770042-613776819_1641569502-GB-F-003 AND THERE'S AN THAT A 
LOG (gmm-latgen-faster[5.5.480~1-09abd]:DecodeUtteranceLatticeFaster():decoder-wrappers.cc:289) Log-like per frame for utterance F668434028-3770042_3770042-613776819_1641569502-GB-F-003 is -4.12187 over 203 frames.
F668434028-3770042_3770042-613776819_1641569502-GB-F-004 ASIDE ANSWER IF YOU REACH INTO YOUR SOUL AND THE SORROW THAT YOU KNOW WILL MELT AWAY THEY 
LOG (gmm-latgen-faster[5.5.480~1-09abd]:DecodeUtteranceLatticeFaster():decoder-wrappers.cc:289) Log-like per frame for utterance F668434028-3770042_3770042-613776819_1641569502-GB-F-004 is -4.22083 over 1514 frames.
F668434028-3770042_3770042-613776819_1641569502-GB-F-007 AND YOU KNOW YOU CAST YOUR SURVIVE 
LOG (gmm-latgen-faster[5.5.480~1-09abd]:DecodeUtteranceLatticeFaster():decoder-wrappers.cc:289) Log-like per frame for utterance F668434028-3770042_3770042-613776819_1641569502-GB-F-007 is -4.42919 over 344 frames.
F668434028-3770042_3770042-613776819_1641569502-GB-F-008 SO WHEN YOU FEEL LIKE HOPE IS GONE 
LOG (gmm-latgen-faster[5.5.480~1-09abd]:DecodeUtteranceLatticeFaster():decoder-wrappers.cc:289) Log-like per frame for utterance F668434028-3770042_3770042-613776819_1641569502-GB-F-008 is -4.21135 over 360 frames.
F668434028-3770042_3770042-613776819_1641569502-GB-F-010 THAT A HERO LIES 
LOG (gmm-latgen-faster[5.5.480~1-09abd]:DecodeUtteranceLatticeFaster():decoder-wrappers.cc:289) Log-like per frame for utterance F668434028-3770042_3770042-613776819_1641569502-GB-F-010 is -3.79859 over 198 frames.
F668434028-3770042_3770042-613776819_1641569502-GB-F-011 IN YOU 
LOG (gmm-latgen-faster[5.5.480~1-09abd]:DecodeUtteranceLatticeFaster():decoder-wrappers.cc:289) Log-like per frame for utterance F668434028-3770042_3770042-613776819_1641569502-GB-F-011 is -2.67347 over 332 frames.
F668434028-3770042_3770042-613776819_1641569502-GB-F-012 IT'S A LONG ROAD WHEN YOU FACE THE WORLD ALONE NO ONE REACHES OUT A HAND FOR YOU TO HOLD 
LOG (gmm-latgen-faster[5.5.480~1-09abd]:DecodeUtteranceLatticeFaster():decoder-wrappers.cc:289) Log-like per frame for utterance F668434028-3770042_3770042-613776819_1641569502-GB-F-012 is -4.07149 over 1478 frames.
F668434028-3770042_3770042-613776819_1641569502-GB-F-016 AND THEN A HERO COMES ALONG WITH THE STRENGTH TO CARRY ON AND YOU CAST YOUR FEARS ASIDE AND YOU KNOW YOU CAN SURVIVE I 
LOG (gmm-latgen-faster[5.5.480~1-09abd]:DecodeUtteranceLatticeFaster():decoder-wrappers.cc:289) Log-like per frame for utterance F668434028-3770042_3770042-613776819_1641569502-GB-F-016 is -3.95267 over 1564 frames.
F668434028-3770042_3770042-613776819_1641569502-GB-F-019 YOU AND BE STRONG 
LOG (gmm-latgen-faster[5.5.480~1-09abd]:DecodeUtteranceLatticeFaster():decoder-wrappers.cc:289) Log-like per frame for utterance F668434028-3770042_3770042-613776819_1641569502-GB-F-019 is -4.5555 over 329 frames.
F668434028-3770042_3770042-613776819_1641569502-GB-F-020 AND THAT A HERO LIES 
LOG (gmm-latgen-faster[5.5.480~1-09abd]:DecodeUtteranceLatticeFaster():decoder-wrappers.cc:289) Log-like per frame for utterance F668434028-3770042_3770042-613776819_1641569502-GB-F-020 is -4.01499 over 192 frames.
F668434028-3770042_3770042-613776819_1641569502-GB-F-021 IN YOU 
LOG (gmm-latgen-faster[5.5.480~1-09abd]:DecodeUtteranceLatticeFaster():decoder-wrappers.cc:289) Log-like per frame for utterance F668434028-3770042_3770042-613776819_1641569502-GB-F-021 is -3.17057 over 203 frames.
F668434028-3770042_3770042-613776819_1641569502-GB-F-022 OH WHOA 
LOG (gmm-latgen-faster[5.5.480~1-09abd]:DecodeUtteranceLatticeFaster():decoder-wrappers.cc:289) Log-like per frame for utterance F668434028-3770042_3770042-613776819_1641569502-GB-F-022 is -4.59052 over 239 frames.
F668434028-3770042_3770042-613776819_1641569502-GB-F-025 JUST HERE WILL BE TOMORROW IN TIME YOU'LL FIND THE WAY AND THEN A HERO COMES ALONG WITH THE STRENGTH TO CARRY ON 
LOG (gmm-latgen-faster[5.5.480~1-09abd]:DecodeUtteranceLatticeFaster():decoder-wrappers.cc:289) Log-like per frame for utterance F668434028-3770042_3770042-613776819_1641569502-GB-F-025 is -4.27003 over 2448 frames.
F668434028-3770042_3770042-613776819_1641569502-GB-F-028 AND YOU CAST YOUR FEARS ASIDE AND YOU KNOW YOU CAST SURVIVE 
LOG (gmm-latgen-faster[5.5.480~1-09abd]:DecodeUtteranceLatticeFaster():decoder-wrappers.cc:289) Log-like per frame for utterance F668434028-3770042_3770042-613776819_1641569502-GB-F-028 is -4.27416 over 754 frames.
F668434028-3770042_3770042-613776819_1641569502-GB-F-029 SO WHEN YOU FEEL LIKE HOPE IS GONE 
LOG (gmm-latgen-faster[5.5.480~1-09abd]:DecodeUtteranceLatticeFaster():decoder-wrappers.cc:289) Log-like per frame for utterance F668434028-3770042_3770042-613776819_1641569502-GB-F-029 is -4.39998 over 373 frames.
F668434028-3770042_3770042-613776819_1641569502-GB-F-031 FINALLY SEE TOUCH YOU THAT A HERO LIES IN YOU THAT A HERO LIES IN 
LOG (gmm-latgen-faster[5.5.480~1-09abd]:DecodeUtteranceLatticeFaster():decoder-wrappers.cc:289) Log-like per frame for utterance F668434028-3770042_3770042-613776819_1641569502-GB-F-031 is -3.4351 over 1621 frames.
F668434028-3770042_3770042-613776819_1641569502-GB-F-034 YOU 
LOG (gmm-latgen-faster[5.5.480~1-09abd]:DecodeUtteranceLatticeFaster():decoder-wrappers.cc:289) Log-like per frame for utterance F668434028-3770042_3770042-613776819_1641569502-GB-F-034 is -3.35027 over 260 frames.
F668434028-3770042_3770042-613776819_1641569502-GB-F-036 YOU 
LOG (gmm-latgen-faster[5.5.480~1-09abd]:DecodeUtteranceLatticeFaster():decoder-wrappers.cc:289) Log-like per frame for utterance F668434028-3770042_3770042-613776819_1641569502-GB-F-036 is -2.95829 over 395 frames.
F678795855-3532868_3532868-462770529_1654045058-GB-F-001 I FOUND A LOVE 
LOG (gmm-latgen-faster[5.5.480~1-09abd]:DecodeUtteranceLatticeFaster():decoder-wrappers.cc:289) Log-like per frame for utterance F678795855-3532868_3532868-462770529_1654045058-GB-F-001 is -3.42426 over 195 frames.
F678795855-3532868_3532868-462770529_1654045058-GB-F-002 FOR ME 
LOG (gmm-latgen-faster[5.5.480~1-09abd]:DecodeUtteranceLatticeFaster():decoder-wrappers.cc:289) Log-like per frame for utterance F678795855-3532868_3532868-462770529_1654045058-GB-F-002 is -3.11945 over 253 frames.
F678795855-3532868_3532868-462770529_1654045058-GB-F-003 DARLIN' JUST DIVE RIGHT IN 
LOG (gmm-latgen-faster[5.5.480~1-09abd]:DecodeUtteranceLatticeFaster():decoder-wrappers.cc:289) Log-like per frame for utterance F678795855-3532868_3532868-462770529_1654045058-GB-F-003 is -4.04796 over 261 frames.
F678795855-3532868_3532868-462770529_1654045058-GB-F-004 AND FOLLOW MY LEAD 
LOG (gmm-latgen-faster[5.5.480~1-09abd]:DecodeUtteranceLatticeFaster():decoder-wrappers.cc:289) Log-like per frame for utterance F678795855-3532868_3532868-462770529_1654045058-GB-F-004 is -3.45809 over 234 frames.
F678795855-3532868_3532868-462770529_1654045058-GB-F-005 I FOUND A GIRL 
LOG (gmm-latgen-faster[5.5.480~1-09abd]:DecodeUtteranceLatticeFaster():decoder-wrappers.cc:289) Log-like per frame for utterance F678795855-3532868_3532868-462770529_1654045058-GB-F-005 is -3.88457 over 225 frames.
F678795855-3532868_3532868-462770529_1654045058-GB-F-006 BEAUTIFUL AND SWEET 
LOG (gmm-latgen-faster[5.5.480~1-09abd]:DecodeUtteranceLatticeFaster():decoder-wrappers.cc:289) Log-like per frame for utterance F678795855-3532868_3532868-462770529_1654045058-GB-F-006 is -4.024 over 220 frames.
F678795855-3532868_3532868-462770529_1654045058-GB-F-007 OH I NEVER KNEW YOU WERE THE SOMEONE WAITIN' FOR ME 'CAUSE WE WERE JUST 
LOG (gmm-latgen-faster[5.5.480~1-09abd]:DecodeUtteranceLatticeFaster():decoder-wrappers.cc:289) Log-like per frame for utterance F678795855-3532868_3532868-462770529_1654045058-GB-F-007 is -4.00288 over 769 frames.
F678795855-3532868_3532868-462770529_1654045058-GB-F-011 THIS WHEN WE FELL IN LOVE NOT KNOWING WHAT IT WAS I WILL NOT GIVE YOU UP THIS TIME DARLING JUST KISS ME SLOW YOUR HEART IS ALL I OWN AND IN YOUR EYES YOU'RE HOLDING MINE 
LOG (gmm-latgen-faster[5.5.480~1-09abd]:DecodeUtteranceLatticeFaster():decoder-wrappers.cc:289) Log-like per frame for utterance F678795855-3532868_3532868-462770529_1654045058-GB-F-011 is -3.67988 over 2813 frames.
F678795855-3532868_3532868-462770529_1654045058-GB-F-019 BABY I'M 
LOG (gmm-latgen-faster[5.5.480~1-09abd]:DecodeUtteranceLatticeFaster():decoder-wrappers.cc:289) Log-like per frame for utterance F678795855-3532868_3532868-462770529_1654045058-GB-F-019 is -3.33712 over 262 frames.
F678795855-3532868_3532868-462770529_1654045058-GB-F-020 DANCING IN THE DARK WITH YOU BETWEEN MY ARMS 
LOG (gmm-latgen-faster[5.5.480~1-09abd]:DecodeUtteranceLatticeFaster():decoder-wrappers.cc:289) Log-like per frame for utterance F678795855-3532868_3532868-462770529_1654045058-GB-F-020 is -3.89293 over 653 frames.
F678795855-3532868_3532868-462770529_1654045058-GB-F-022 BAREFOOT ON THE GRASS 
LOG (gmm-latgen-faster[5.5.480~1-09abd]:DecodeUtteranceLatticeFaster():decoder-wrappers.cc:289) Log-like per frame for utterance F678795855-3532868_3532868-462770529_1654045058-GB-F-022 is -3.71293 over 279 frames.
F678795855-3532868_3532868-462770529_1654045058-GB-F-023 LISTENIN' TO OUR FAVOURITE SONG 
LOG (gmm-latgen-faster[5.5.480~1-09abd]:DecodeUtteranceLatticeFaster():decoder-wrappers.cc:289) Log-like per frame for utterance F678795855-3532868_3532868-462770529_1654045058-GB-F-023 is -4.33215 over 284 frames.
F678795855-3532868_3532868-462770529_1654045058-GB-F-024 WHEN YOU SAID YOU LOOKED A MESS I WHISPERED UNDERNEATH MY BREATH BUT YOU HEARD IT DARLIN' YOU LOOK PERFECT TONIGHT 
LOG (gmm-latgen-faster[5.5.480~1-09abd]:DecodeUtteranceLatticeFaster():decoder-wrappers.cc:289) Log-like per frame for utterance F678795855-3532868_3532868-462770529_1654045058-GB-F-024 is -3.95813 over 1393 frames.
F678795855-3532868_3532868-462770529_1654045058-GB-F-029 WELL I FOUND A WOMAN 
LOG (gmm-latgen-faster[5.5.480~1-09abd]:DecodeUtteranceLatticeFaster():decoder-wrappers.cc:289) Log-like per frame for utterance F678795855-3532868_3532868-462770529_1654045058-GB-F-029 is -4.39136 over 209 frames.
F678795855-3532868_3532868-462770529_1654045058-GB-F-030 STRONGER THAN ANYONE I KNOW 
LOG (gmm-latgen-faster[5.5.480~1-09abd]:DecodeUtteranceLatticeFaster():decoder-wrappers.cc:289) Log-like per frame for utterance F678795855-3532868_3532868-462770529_1654045058-GB-F-030 is -4.07626 over 279 frames.
F678795855-3532868_3532868-462770529_1654045058-GB-F-031 SHE SHARES MY DREAMS OUR OWN 
LOG (gmm-latgen-faster[5.5.480~1-09abd]:DecodeUtteranceLatticeFaster():decoder-wrappers.cc:289) Log-like per frame for utterance F678795855-3532868_3532868-462770529_1654045058-GB-F-031 is -4.37012 over 253 frames.
F678795855-3532868_3532868-462770529_1654045058-GB-F-032 THAT SOMEDAY I'LL SHARE HER HOME I FOUND A LOVER 
LOG (gmm-latgen-faster[5.5.480~1-09abd]:DecodeUtteranceLatticeFaster():decoder-wrappers.cc:289) Log-like per frame for utterance F678795855-3532868_3532868-462770529_1654045058-GB-F-032 is -4.14102 over 723 frames.
F678795855-3532868_3532868-462770529_1654045058-GB-F-035 CARRY MORE THAN JUST MY SECRETS TO CARRY LOVE TO CARRY CHILDREN 
LOG (gmm-latgen-faster[5.5.480~1-09abd]:DecodeUtteranceLatticeFaster():decoder-wrappers.cc:289) Log-like per frame for utterance F678795855-3532868_3532868-462770529_1654045058-GB-F-035 is -4.35733 over 657 frames.
F678795855-3532868_3532868-462770529_1654045058-GB-F-038 OF OUR OWN 
LOG (gmm-latgen-faster[5.5.480~1-09abd]:DecodeUtteranceLatticeFaster():decoder-wrappers.cc:289) Log-like per frame for utterance F678795855-3532868_3532868-462770529_1654045058-GB-F-038 is -3.37539 over 170 frames.
F678795855-3532868_3532868-462770529_1654045058-GB-F-039 WE ARE STILL KIDS BUT WE'RE SO IN LOVE FIGHTING AGAINST ALL ODDS I KNOW WE'LL BE ALRIGHT THIS TIME DARLING JUST HOLD MY HAND BE MY GIRL I'LL BE YOUR MAN 
LOG (gmm-latgen-faster[5.5.480~1-09abd]:DecodeUtteranceLatticeFaster():decoder-wrappers.cc:289) Log-like per frame for utterance F678795855-3532868_3532868-462770529_1654045058-GB-F-039 is -3.79073 over 2316 frames.
F678795855-3532868_3532868-462770529_1654045058-GB-F-046 I SEE MY FUTURE IN YOUR EYES 
LOG (gmm-latgen-faster[5.5.480~1-09abd]:DecodeUtteranceLatticeFaster():decoder-wrappers.cc:289) Log-like per frame for utterance F678795855-3532868_3532868-462770529_1654045058-GB-F-046 is -3.67832 over 582 frames.
F678795855-3532868_3532868-462770529_1654045058-GB-F-047 BABY I'M 
LOG (gmm-latgen-faster[5.5.480~1-09abd]:DecodeUtteranceLatticeFaster():decoder-wrappers.cc:289) Log-like per frame for utterance F678795855-3532868_3532868-462770529_1654045058-GB-F-047 is -3.61479 over 294 frames.
F678795855-3532868_3532868-462770529_1654045058-GB-F-048 DANCING IN THE DARK WITH YOU BETWEEN MY ARMS 
LOG (gmm-latgen-faster[5.5.480~1-09abd]:DecodeUtteranceLatticeFaster():decoder-wrappers.cc:289) Log-like per frame for utterance F678795855-3532868_3532868-462770529_1654045058-GB-F-048 is -3.92712 over 652 frames.
F678795855-3532868_3532868-462770529_1654045058-GB-F-050 BAREFOOT ON THE GRASS LISTENIN' TO OUR FAVOURITE SONG WHEN I SAW YOU IN THAT DRESS 
LOG (gmm-latgen-faster[5.5.480~1-09abd]:DecodeUtteranceLatticeFaster():decoder-wrappers.cc:289) Log-like per frame for utterance F678795855-3532868_3532868-462770529_1654045058-GB-F-050 is -4.11071 over 984 frames.
F678795855-3532868_3532868-462770529_1654045058-GB-F-053 LOOKIN' SO BEAUTIFUL I DON'T DESERVE SAY DARLIN' THIS DARLIN' YOU LOOK PERFECT TONIGHT ONE OH IN THE 
LOG (gmm-latgen-faster[5.5.480~1-09abd]:DecodeUtteranceLatticeFaster():decoder-wrappers.cc:289) Log-like per frame for utterance F678795855-3532868_3532868-462770529_1654045058-GB-F-053 is -3.97377 over 2226 frames.
F678795855-3532868_3532868-462770529_1654045058-GB-F-057 BABY I'M 
LOG (gmm-latgen-faster[5.5.480~1-09abd]:DecodeUtteranceLatticeFaster():decoder-wrappers.cc:289) Log-like per frame for utterance F678795855-3532868_3532868-462770529_1654045058-GB-F-057 is -3.45802 over 333 frames.
F678795855-3532868_3532868-462770529_1654045058-GB-F-058 DANCING IN THE DARK 
LOG (gmm-latgen-faster[5.5.480~1-09abd]:DecodeUtteranceLatticeFaster():decoder-wrappers.cc:289) Log-like per frame for utterance F678795855-3532868_3532868-462770529_1654045058-GB-F-058 is -4.16414 over 278 frames.
F678795855-3532868_3532868-462770529_1654045058-GB-F-059 WITH YOU BETWEEN MY ARMS BAREFOOT ON THE GRASS 
LOG (gmm-latgen-faster[5.5.480~1-09abd]:DecodeUtteranceLatticeFaster():decoder-wrappers.cc:289) Log-like per frame for utterance F678795855-3532868_3532868-462770529_1654045058-GB-F-059 is -3.82875 over 698 frames.
F678795855-3532868_3532868-462770529_1654045058-GB-F-061 LISTENIN' TO OUR FAVOURITE SONG I HAVE FAITH IN WHAT I SEE 
LOG (gmm-latgen-faster[5.5.480~1-09abd]:DecodeUtteranceLatticeFaster():decoder-wrappers.cc:289) Log-like per frame for utterance F678795855-3532868_3532868-462770529_1654045058-GB-F-061 is -4.16097 over 617 frames.
F678795855-3532868_3532868-462770529_1654045058-GB-F-063 NOW I KNOW I HAVE MET AN ANGEL IN PERSON AND SHE LOOKS PERFECT I DON'T DESERVE THIS 
LOG (gmm-latgen-faster[5.5.480~1-09abd]:DecodeUtteranceLatticeFaster():decoder-wrappers.cc:289) Log-like per frame for utterance F678795855-3532868_3532868-462770529_1654045058-GB-F-063 is -3.90095 over 1347 frames.
F678795855-3532868_3532868-462770529_1654045058-GB-F-066 YOU LOOK PERFECT TONIGHT 
LOG (gmm-latgen-faster[5.5.480~1-09abd]:DecodeUtteranceLatticeFaster():decoder-wrappers.cc:289) Log-like per frame for utterance F678795855-3532868_3532868-462770529_1654045058-GB-F-066 is -3.63424 over 397 frames.
F688611635-105824063_111593-1240874969_1641968896-GB-F-009 THESE WOUNDS WON'T SEEM TO HEAL 
LOG (gmm-latgen-faster[5.5.480~1-09abd]:DecodeUtteranceLatticeFaster():decoder-wrappers.cc:289) Log-like per frame for utterance F688611635-105824063_111593-1240874969_1641968896-GB-F-009 is -4.41533 over 246 frames.
F688611635-105824063_111593-1240874969_1641968896-GB-F-010 THIS PAIN IS JUST TOO REAL THERE'S JUST TOO MUCH THAT TIME CANNOT ERASE WHEN YOU CRIED I'D WIPE AWAY ALL OF YOUR TEARS WHEN YOU'D SCREAM I'D FIGHT AWAY ALL OF THESE 
LOG (gmm-latgen-faster[5.5.480~1-09abd]:DecodeUtteranceLatticeFaster():decoder-wrappers.cc:289) Log-like per frame for utterance F688611635-105824063_111593-1240874969_1641968896-GB-F-010 is -4.47152 over 2062 frames.
F688611635-105824063_111593-1240874969_1641968896-GB-F-018 TEARS AND I HELD YOUR HAND THROUGH ALL OF THESE YEARS YOU STILL HAVE 
LOG (gmm-latgen-faster[5.5.480~1-09abd]:DecodeUtteranceLatticeFaster():decoder-wrappers.cc:289) Log-like per frame for utterance F688611635-105824063_111593-1240874969_1641968896-GB-F-018 is -4.22844 over 1158 frames.
F688611635-105824063_111593-1240874969_1641968896-GB-F-023 YOU USED TO IN ME BY YOUR MY I'M BOUND BY YOU LEFT BEHIND 
LOG (gmm-latgen-faster[5.5.480~1-09abd]:DecodeUtteranceLatticeFaster():decoder-wrappers.cc:289) Log-like per frame for utterance F688611635-105824063_111593-1240874969_1641968896-GB-F-023 is -4.37112 over 1189 frames.
F688611635-105824063_111593-1240874969_1641968896-GB-F-027 YOUR FACE IT HAUNTS 
LOG (gmm-latgen-faster[5.5.480~1-09abd]:DecodeUtteranceLatticeFaster():decoder-wrappers.cc:289) Log-like per frame for utterance F688611635-105824063_111593-1240874969_1641968896-GB-F-027 is -4.58284 over 231 frames.
F688611635-105824063_111593-1240874969_1641968896-GB-F-028 MY ONCE PLEASANT DREAMS 
LOG (gmm-latgen-faster[5.5.480~1-09abd]:DecodeUtteranceLatticeFaster():decoder-wrappers.cc:289) Log-like per frame for utterance F688611635-105824063_111593-1240874969_1641968896-GB-F-028 is -4.55448 over 244 frames.
F688611635-105824063_111593-1240874969_1641968896-GB-F-029 YOUR VOICE IT CHASED AWAY ALL THE SANITY A LOVE HEAL 
LOG (gmm-latgen-faster[5.5.480~1-09abd]:DecodeUtteranceLatticeFaster():decoder-wrappers.cc:289) Log-like per frame for utterance F688611635-105824063_111593-1240874969_1641968896-GB-F-029 is -4.4768 over 702 frames.
F688611635-105824063_111593-1240874969_1641968896-GB-F-037 WHEN YOU CRIED I'D 
LOG (gmm-latgen-faster[5.5.480~1-09abd]:DecodeUtteranceLatticeFaster():decoder-wrappers.cc:289) Log-like per frame for utterance F688611635-105824063_111593-1240874969_1641968896-GB-F-037 is -4.50125 over 229 frames.
F688611635-105824063_111593-1240874969_1641968896-GB-F-038 WIPE AWAY ALL OF ME 
LOG (gmm-latgen-faster[5.5.480~1-09abd]:DecodeUtteranceLatticeFaster():decoder-wrappers.cc:289) Log-like per frame for utterance F688611635-105824063_111593-1240874969_1641968896-GB-F-038 is -4.37154 over 270 frames.
F688611635-105824063_111593-1240874969_1641968896-GB-F-039 TEARS WHEN YOU'D SCREAM I'D FIGHT AWAY ALL OF YOUR FEARS AND I HELD YOUR HAND THROUGH ALL OF THESE YEARS BUT YOU STILL HAVE 
LOG (gmm-latgen-faster[5.5.480~1-09abd]:DecodeUtteranceLatticeFaster():decoder-wrappers.cc:289) Log-like per frame for utterance F688611635-105824063_111593-1240874969_1641968896-GB-F-039 is -4.33978 over 1758 frames.
F688611635-105824063_111593-1240874969_1641968896-GB-F-045 ALL OF ME 
LOG (gmm-latgen-faster[5.5.480~1-09abd]:DecodeUtteranceLatticeFaster():decoder-wrappers.cc:289) Log-like per frame for utterance F688611635-105824063_111593-1240874969_1641968896-GB-F-045 is -3.60356 over 113 frames.
F688611635-105824063_111593-1240874969_1641968896-GB-F-048 BUT THOUGH YOU'RE STILL HAVE IT WITH ME I'VE BEEN ALONE ALL ALONG 
LOG (gmm-latgen-faster[5.5.480~1-09abd]:DecodeUtteranceLatticeFaster():decoder-wrappers.cc:289) Log-like per frame for utterance F688611635-105824063_111593-1240874969_1641968896-GB-F-048 is -4.52382 over 1418 frames.
F688611635-105824063_111593-1240874969_1641968896-GB-F-051 WHEN YOU CRIED I'D FIGHT AWAY ALL OF YOUR TEARS WHEN YOU'D SCREAM I'D FIGHT AWAY ALL OF YOUR FEARS AND I HELD YOUR HAND THROUGH ALL OF THESE YEARS BUT YOU STILL HAVE 
LOG (gmm-latgen-faster[5.5.480~1-09abd]:DecodeUtteranceLatticeFaster():decoder-wrappers.cc:289) Log-like per frame for utterance F688611635-105824063_111593-1240874969_1641968896-GB-F-051 is -4.34525 over 2133 frames.
F688611635-105824063_111593-1240874969_1641968896-GB-F-059 ALL OF ME 
LOG (gmm-latgen-faster[5.5.480~1-09abd]:DecodeUtteranceLatticeFaster():decoder-wrappers.cc:289) Log-like per frame for utterance F688611635-105824063_111593-1240874969_1641968896-GB-F-059 is -3.21566 over 533 frames.
F688611635-105824063_111593-1240874969_1641968896-GB-F-061 ALL OF ME 
LOG (gmm-latgen-faster[5.5.480~1-09abd]:DecodeUtteranceLatticeFaster():decoder-wrappers.cc:289) Log-like per frame for utterance F688611635-105824063_111593-1240874969_1641968896-GB-F-061 is -3.01162 over 437 frames.
F688611635-105824063_111593-1240874969_1641968896-GB-F-063 OOOH 
LOG (gmm-latgen-faster[5.5.480~1-09abd]:DecodeUtteranceLatticeFaster():decoder-wrappers.cc:289) Log-like per frame for utterance F688611635-105824063_111593-1240874969_1641968896-GB-F-063 is -3.61231 over 311 frames.
F700047990-261407304_80807-371492933_1528847807-GB-F-003 ONE THING I DON'T KNOW WHY IT DOESN'T EVEN MATTER HOW HARD 
LOG (gmm-latgen-faster[5.5.480~1-09abd]:DecodeUtteranceLatticeFaster():decoder-wrappers.cc:289) Log-like per frame for utterance F700047990-261407304_80807-371492933_1528847807-GB-F-003 is -4.81293 over 373 frames.
F700047990-261407304_80807-371492933_1528847807-GB-F-005 RIGHT KEEP THAT IN MIND I DESIGNED THIS RHYME EXPLAIN IN DUE TIME 
LOG (gmm-latgen-faster[5.5.480~1-09abd]:DecodeUtteranceLatticeFaster():decoder-wrappers.cc:289) Log-like per frame for utterance F700047990-261407304_80807-371492933_1528847807-GB-F-005 is -4.66147 over 396 frames.
F700047990-261407304_80807-371492933_1528847807-GB-F-010 TIME IS A VALUABLE THING WATCH IT FLY BY AS THE PENDULUM SWINGS WATCH IT COUNT DOWN TO THE END OF 
LOG (gmm-latgen-faster[5.5.480~1-09abd]:DecodeUtteranceLatticeFaster():decoder-wrappers.cc:289) Log-like per frame for utterance F700047990-261407304_80807-371492933_1528847807-GB-F-010 is -4.82045 over 544 frames.
F700047990-261407304_80807-371492933_1528847807-GB-F-013 THE THE CLOCK TICKS LIFE AWAY 
LOG (gmm-latgen-faster[5.5.480~1-09abd]:DecodeUtteranceLatticeFaster():decoder-wrappers.cc:289) Log-like per frame for utterance F700047990-261407304_80807-371492933_1528847807-GB-F-013 is -4.49482 over 187 frames.
F700047990-261407304_80807-371492933_1528847807-GB-F-018 DIDN'T LOOK OUT BELOW WATCH A TIME GO RIGHT OUT THE WINDOW TRYING TO HOLD ON BUT DIDN'T EVEN KNOW I WASTED IT ALL JUST TO WATCH 
LOG (gmm-latgen-faster[5.5.480~1-09abd]:DecodeUtteranceLatticeFaster():decoder-wrappers.cc:289) Log-like per frame for utterance F700047990-261407304_80807-371492933_1528847807-GB-F-018 is -4.72369 over 786 frames.
F700047990-261407304_80807-371492933_1528847807-GB-F-025 KEPT EVERYTHING INSIDE AND EVEN KNOW I TRIED IT ALL FELL APART 
LOG (gmm-latgen-faster[5.5.480~1-09abd]:DecodeUtteranceLatticeFaster():decoder-wrappers.cc:289) Log-like per frame for utterance F700047990-261407304_80807-371492933_1528847807-GB-F-025 is -4.58455 over 356 frames.
F700047990-261407304_80807-371492933_1528847807-GB-F-027 WHAT IT MEANT TO ME WILL EVENTUALLY BE A MEMORY OF A TIME WHEN I TRIED 
LOG (gmm-latgen-faster[5.5.480~1-09abd]:DecodeUtteranceLatticeFaster():decoder-wrappers.cc:289) Log-like per frame for utterance F700047990-261407304_80807-371492933_1528847807-GB-F-027 is -4.46759 over 378 frames.
F700047990-261407304_80807-371492933_1528847807-GB-F-039 ONE THING I DON'T KNOW WHY IT DOESN'T EVEN MATTER HOW HARD YOU TRY KEEP THAT IN MIND I DESIGNED THIS RHYME TO REMIND MYSELF HOW I TRIED SO PART SPITE OF THE WAY YOU WERE MOCKING ME LIKE I WAS PART OF YOUR PROPERTY 
LOG (gmm-latgen-faster[5.5.480~1-09abd]:DecodeUtteranceLatticeFaster():decoder-wrappers.cc:289) Log-like per frame for utterance F700047990-261407304_80807-371492933_1528847807-GB-F-039 is -4.84245 over 1379 frames.
F700047990-261407304_80807-371492933_1528847807-GB-F-054 THINGS AREN'T THE WAY THEY WERE 
LOG (gmm-latgen-faster[5.5.480~1-09abd]:DecodeUtteranceLatticeFaster():decoder-wrappers.cc:289) Log-like per frame for utterance F700047990-261407304_80807-371492933_1528847807-GB-F-054 is -5.16023 over 119 frames.
F700047990-261407304_80807-371492933_1528847807-GB-F-055 FOR YOU WOULDN'T EVEN RECOGNIZE ME ANYMORE NOT THAT YOU KNEW ME BACK 
LOG (gmm-latgen-faster[5.5.480~1-09abd]:DecodeUtteranceLatticeFaster():decoder-wrappers.cc:289) Log-like per frame for utterance F700047990-261407304_80807-371492933_1528847807-GB-F-055 is -4.8144 over 406 frames.
F700047990-261407304_80807-371492933_1528847807-GB-F-057 BUT IT ALL COMES BACK TO ME IN 
LOG (gmm-latgen-faster[5.5.480~1-09abd]:DecodeUtteranceLatticeFaster():decoder-wrappers.cc:289) Log-like per frame for utterance F700047990-261407304_80807-371492933_1528847807-GB-F-057 is -4.65673 over 220 frames.
F700047990-261407304_80807-371492933_1528847807-GB-F-060 EVERYTHING INSIDE AND EVEN THOUGH I TRIED IT ALL FELL APART WHAT IT MEANT TO ME WILL A THEN 
LOG (gmm-latgen-faster[5.5.480~1-09abd]:DecodeUtteranceLatticeFaster():decoder-wrappers.cc:289) Log-like per frame for utterance F700047990-261407304_80807-371492933_1528847807-GB-F-060 is -4.65264 over 503 frames.
F700047990-261407304_80807-371492933_1528847807-GB-F-064 WE BE A MEMORY OF A TIME WHEN I TRIED SO HARD 
LOG (gmm-latgen-faster[5.5.480~1-09abd]:DecodeUtteranceLatticeFaster():decoder-wrappers.cc:289) Log-like per frame for utterance F700047990-261407304_80807-371492933_1528847807-GB-F-064 is -4.47605 over 368 frames.
F700047990-261407304_80807-371492933_1528847807-GB-F-066 AND GOT SO FAR BUT IN THE END IT DOESN'T EVEN MATTER I HAD TO KNOW 
LOG (gmm-latgen-faster[5.5.480~1-09abd]:DecodeUtteranceLatticeFaster():decoder-wrappers.cc:289) Log-like per frame for utterance F700047990-261407304_80807-371492933_1528847807-GB-F-066 is -3.78637 over 796 frames.
F700047990-261407304_80807-371492933_1528847807-GB-F-070 ON TO LOSE IT ALL BUT IN THE END IT DOESN'T EVEN MATTER 
LOG (gmm-latgen-faster[5.5.480~1-09abd]:DecodeUtteranceLatticeFaster():decoder-wrappers.cc:289) Log-like per frame for utterance F700047990-261407304_80807-371492933_1528847807-GB-F-070 is -3.52725 over 936 frames.
F700047990-261407304_80807-371492933_1528847807-GB-F-074 I'VE PUT MY TRUST IN YOU 
LOG (gmm-latgen-faster[5.5.480~1-09abd]:DecodeUtteranceLatticeFaster():decoder-wrappers.cc:289) Log-like per frame for utterance F700047990-261407304_80807-371492933_1528847807-GB-F-074 is -3.8853 over 446 frames.
F700047990-261407304_80807-371492933_1528847807-GB-F-075 PUSHED AS FAR AS I CAN GO FOR ALL THIS 
LOG (gmm-latgen-faster[5.5.480~1-09abd]:DecodeUtteranceLatticeFaster():decoder-wrappers.cc:289) Log-like per frame for utterance F700047990-261407304_80807-371492933_1528847807-GB-F-075 is -3.97182 over 587 frames.
F700047990-261407304_80807-371492933_1528847807-GB-F-077 THERE'S ONLY ONE THING YOU SHOULD KNOW 
LOG (gmm-latgen-faster[5.5.480~1-09abd]:DecodeUtteranceLatticeFaster():decoder-wrappers.cc:289) Log-like per frame for utterance F700047990-261407304_80807-371492933_1528847807-GB-F-077 is -3.19475 over 653 frames.
F700047990-261407304_80807-371492933_1528847807-GB-F-078 I'VE PUT MY TRUST IN YOU TELL 
LOG (gmm-latgen-faster[5.5.480~1-09abd]:DecodeUtteranceLatticeFaster():decoder-wrappers.cc:289) Log-like per frame for utterance F700047990-261407304_80807-371492933_1528847807-GB-F-078 is -4.19607 over 426 frames.
F700047990-261407304_80807-371492933_1528847807-GB-F-079 PUSHED AS FAR AS I CAN GO 
LOG (gmm-latgen-faster[5.5.480~1-09abd]:DecodeUtteranceLatticeFaster():decoder-wrappers.cc:289) Log-like per frame for utterance F700047990-261407304_80807-371492933_1528847807-GB-F-079 is -4.32033 over 374 frames.
F700047990-261407304_80807-371492933_1528847807-GB-F-080 FOR ALL THIS THERE'S ONLY ONE THING YOU SHOULD KNOW 
LOG (gmm-latgen-faster[5.5.480~1-09abd]:DecodeUtteranceLatticeFaster():decoder-wrappers.cc:289) Log-like per frame for utterance F700047990-261407304_80807-371492933_1528847807-GB-F-080 is -4.02889 over 802 frames.
F700047990-261407304_80807-371492933_1528847807-GB-F-083 I TRIED SO HARD AND GOT SO FAR 
LOG (gmm-latgen-faster[5.5.480~1-09abd]:DecodeUtteranceLatticeFaster():decoder-wrappers.cc:289) Log-like per frame for utterance F700047990-261407304_80807-371492933_1528847807-GB-F-083 is -3.79775 over 460 frames.
F700047990-261407304_80807-371492933_1528847807-GB-F-085 BUT IN THE END IT DOESN'T EVEN MATTER I HAD TO FALL 
LOG (gmm-latgen-faster[5.5.480~1-09abd]:DecodeUtteranceLatticeFaster():decoder-wrappers.cc:289) Log-like per frame for utterance F700047990-261407304_80807-371492933_1528847807-GB-F-085 is -3.95532 over 594 frames.
F700047990-261407304_80807-371492933_1528847807-GB-F-088 TO LOSE IT ALL 
LOG (gmm-latgen-faster[5.5.480~1-09abd]:DecodeUtteranceLatticeFaster():decoder-wrappers.cc:289) Log-like per frame for utterance F700047990-261407304_80807-371492933_1528847807-GB-F-088 is -2.82376 over 217 frames.
F700047990-261407304_80807-371492933_1528847807-GB-F-089 AND THE END 
LOG (gmm-latgen-faster[5.5.480~1-09abd]:DecodeUtteranceLatticeFaster():decoder-wrappers.cc:289) Log-like per frame for utterance F700047990-261407304_80807-371492933_1528847807-GB-F-089 is -3.11193 over 134 frames.
F700047990-261407304_80807-371492933_1528847807-GB-F-090 IT DOESN'T EVEN MATTER 
LOG (gmm-latgen-faster[5.5.480~1-09abd]:DecodeUtteranceLatticeFaster():decoder-wrappers.cc:289) Log-like per frame for utterance F700047990-261407304_80807-371492933_1528847807-GB-F-090 is -3.03929 over 502 frames.
F715584554-3769646_3769646-1221818620_1633519756-GB-F-001 SAME BED BUT IT FEELS JUST A LITTLE BIT BIGGER NOW 
LOG (gmm-latgen-faster[5.5.480~1-09abd]:DecodeUtteranceLatticeFaster():decoder-wrappers.cc:289) Log-like per frame for utterance F715584554-3769646_3769646-1221818620_1633519756-GB-F-001 is -3.61182 over 408 frames.
F715584554-3769646_3769646-1221818620_1633519756-GB-F-002 OUR SONG ON THE RADIO BUT IT SOUND THE SAME IT 
LOG (gmm-latgen-faster[5.5.480~1-09abd]:DecodeUtteranceLatticeFaster():decoder-wrappers.cc:289) Log-like per frame for utterance F715584554-3769646_3769646-1221818620_1633519756-GB-F-002 is -3.6829 over 486 frames.
F715584554-3769646_3769646-1221818620_1633519756-GB-F-003 MY FRIENDS TALK ABOUT YOU ALL IT DOES IS JUST TEAR ME DOWN 
LOG (gmm-latgen-faster[5.5.480~1-09abd]:DecodeUtteranceLatticeFaster():decoder-wrappers.cc:289) Log-like per frame for utterance F715584554-3769646_3769646-1221818620_1633519756-GB-F-003 is -4.10652 over 530 frames.
F715584554-3769646_3769646-1221818620_1633519756-GB-F-004 'CAUSE MY HEART BREAKS A LITTLE WHEN I HEAR YOUR NAME 
LOG (gmm-latgen-faster[5.5.480~1-09abd]:DecodeUtteranceLatticeFaster():decoder-wrappers.cc:289) Log-like per frame for utterance F715584554-3769646_3769646-1221818620_1633519756-GB-F-004 is -3.77789 over 388 frames.
F715584554-3769646_3769646-1221818620_1633519756-GB-F-005 IT ALL JUST SOUNDS LIKE <UNK> 
LOG (gmm-latgen-faster[5.5.480~1-09abd]:DecodeUtteranceLatticeFaster():decoder-wrappers.cc:289) Log-like per frame for utterance F715584554-3769646_3769646-1221818620_1633519756-GB-F-005 is -3.90066 over 674 frames.
F715584554-3769646_3769646-1221818620_1633519756-GB-F-006 MMM TOO YOUNG TOO DUMB TO REALIZE 
LOG (gmm-latgen-faster[5.5.480~1-09abd]:DecodeUtteranceLatticeFaster():decoder-wrappers.cc:289) Log-like per frame for utterance F715584554-3769646_3769646-1221818620_1633519756-GB-F-006 is -3.3968 over 411 frames.
F715584554-3769646_3769646-1221818620_1633519756-GB-F-007 THAT I SHOULD HAVE BOUGHT YOU FLOWERS AND HELD YOUR HAND 
LOG (gmm-latgen-faster[5.5.480~1-09abd]:DecodeUtteranceLatticeFaster():decoder-wrappers.cc:289) Log-like per frame for utterance F715584554-3769646_3769646-1221818620_1633519756-GB-F-007 is -3.91128 over 625 frames.
F715584554-3769646_3769646-1221818620_1633519756-GB-F-008 SHOULD HAVE GAVE YOU ALL MY HOURS WHEN I HAD THE CHANCE 
LOG (gmm-latgen-faster[5.5.480~1-09abd]:DecodeUtteranceLatticeFaster():decoder-wrappers.cc:289) Log-like per frame for utterance F715584554-3769646_3769646-1221818620_1633519756-GB-F-008 is -3.90239 over 601 frames.
F715584554-3769646_3769646-1221818620_1633519756-GB-F-009 TAKE YOU TO EVERY PARTY 'CAUSE ALL YOU WANTED TO DO WAS DANCE 
LOG (gmm-latgen-faster[5.5.480~1-09abd]:DecodeUtteranceLatticeFaster():decoder-wrappers.cc:289) Log-like per frame for utterance F715584554-3769646_3769646-1221818620_1633519756-GB-F-009 is -4.13863 over 548 frames.
F715584554-3769646_3769646-1221818620_1633519756-GB-F-010 NOW MY BABY'S DANCING BUT SHE'S DANCING WITH ANOTHER MAN 
LOG (gmm-latgen-faster[5.5.480~1-09abd]:DecodeUtteranceLatticeFaster():decoder-wrappers.cc:289) Log-like per frame for utterance F715584554-3769646_3769646-1221818620_1633519756-GB-F-010 is -4.05466 over 619 frames.
F715584554-3769646_3769646-1221818620_1633519756-GB-F-011 MY PRIDE MY EGO MY NEEDS AND MY SELFISH WAYS 
LOG (gmm-latgen-faster[5.5.480~1-09abd]:DecodeUtteranceLatticeFaster():decoder-wrappers.cc:289) Log-like per frame for utterance F715584554-3769646_3769646-1221818620_1633519756-GB-F-011 is -4.19306 over 399 frames.
F715584554-3769646_3769646-1221818620_1633519756-GB-F-012 CAUSED A GOOD STRONG LIKE YOU AND MY LIFE 
LOG (gmm-latgen-faster[5.5.480~1-09abd]:DecodeUtteranceLatticeFaster():decoder-wrappers.cc:289) Log-like per frame for utterance F715584554-3769646_3769646-1221818620_1633519756-GB-F-012 is -3.91866 over 405 frames.
F715584554-3769646_3769646-1221818620_1633519756-GB-F-013 NOW I'LL NEVER OUT MY UP THE MESS I MADE OH 
LOG (gmm-latgen-faster[5.5.480~1-09abd]:DecodeUtteranceLatticeFaster():decoder-wrappers.cc:289) Log-like per frame for utterance F715584554-3769646_3769646-1221818620_1633519756-GB-F-013 is -4.53783 over 682 frames.
F715584554-3769646_3769646-1221818620_1633519756-GB-F-014 AND IT HAUNTS ME EVERY TIME I CLOSE MY EYES IT ALL JUST SOUNDS LIKE <UNK> <UNK> 
LOG (gmm-latgen-faster[5.5.480~1-09abd]:DecodeUtteranceLatticeFaster():decoder-wrappers.cc:289) Log-like per frame for utterance F715584554-3769646_3769646-1221818620_1633519756-GB-F-014 is -3.98481 over 1124 frames.
F715584554-3769646_3769646-1221818620_1633519756-GB-F-016 MMM TOO YOUNG TOO DUMB TO REALIZE THAT I SHOULD HAVE BOUGHT YOU FLOWERS AND HELD YOUR HAND 
LOG (gmm-latgen-faster[5.5.480~1-09abd]:DecodeUtteranceLatticeFaster():decoder-wrappers.cc:289) Log-like per frame for utterance F715584554-3769646_3769646-1221818620_1633519756-GB-F-016 is -3.82802 over 1121 frames.
F715584554-3769646_3769646-1221818620_1633519756-GB-F-018 SHOULD HAVE GAVE YOU ALL MY HOURS WHEN I HAD THE CHANCE 
LOG (gmm-latgen-faster[5.5.480~1-09abd]:DecodeUtteranceLatticeFaster():decoder-wrappers.cc:289) Log-like per frame for utterance F715584554-3769646_3769646-1221818620_1633519756-GB-F-018 is -3.92497 over 601 frames.
F715584554-3769646_3769646-1221818620_1633519756-GB-F-019 TAKE YOU TO EVERY PARTY 'CAUSE ALL YOU WANTED TO DO WAS DANCE 
LOG (gmm-latgen-faster[5.5.480~1-09abd]:DecodeUtteranceLatticeFaster():decoder-wrappers.cc:289) Log-like per frame for utterance F715584554-3769646_3769646-1221818620_1633519756-GB-F-019 is -4.16117 over 564 frames.
F715584554-3769646_3769646-1221818620_1633519756-GB-F-020 NOW MY BABY'S DANCING BUT SHE'S DANCING WITH ANOTHER MAN 
LOG (gmm-latgen-faster[5.5.480~1-09abd]:DecodeUtteranceLatticeFaster():decoder-wrappers.cc:289) Log-like per frame for utterance F715584554-3769646_3769646-1221818620_1633519756-GB-F-020 is -4.15129 over 584 frames.
F715584554-3769646_3769646-1221818620_1633519756-GB-F-021 ALTHOUGH IT HURTS IT'S I'LL BE THE FIRST TO SAY THAT I WAS LOVE WRONG 
LOG (gmm-latgen-faster[5.5.480~1-09abd]:DecodeUtteranceLatticeFaster():decoder-wrappers.cc:289) Log-like per frame for utterance F715584554-3769646_3769646-1221818620_1633519756-GB-F-021 is -3.98593 over 1214 frames.
F715584554-3769646_3769646-1221818620_1633519756-GB-F-022 OH I KNOW I'M PROBABLY MUCH TOO LATE TO TRY AND APOLOGIZE FOR MY MISTAKES BUT I JUST WANT YOU TO KNOW 
LOG (gmm-latgen-faster[5.5.480~1-09abd]:DecodeUtteranceLatticeFaster():decoder-wrappers.cc:289) Log-like per frame for utterance F715584554-3769646_3769646-1221818620_1633519756-GB-F-022 is -4.26279 over 1105 frames.
F715584554-3769646_3769646-1221818620_1633519756-GB-F-024 I HOPE HE BUYS YOU FLOWERS 
LOG (gmm-latgen-faster[5.5.480~1-09abd]:DecodeUtteranceLatticeFaster():decoder-wrappers.cc:289) Log-like per frame for utterance F715584554-3769646_3769646-1221818620_1633519756-GB-F-024 is -4.05374 over 335 frames.
F715584554-3769646_3769646-1221818620_1633519756-GB-F-025 HOPE HE HOLDS YOUR HAND 
LOG (gmm-latgen-faster[5.5.480~1-09abd]:DecodeUtteranceLatticeFaster():decoder-wrappers.cc:289) Log-like per frame for utterance F715584554-3769646_3769646-1221818620_1633519756-GB-F-025 is -4.41312 over 211 frames.
F715584554-3769646_3769646-1221818620_1633519756-GB-F-026 GIVES YOU ALL HIS HOURS WHEN HE HAS THE CHANCE 
LOG (gmm-latgen-faster[5.5.480~1-09abd]:DecodeUtteranceLatticeFaster():decoder-wrappers.cc:289) Log-like per frame for utterance F715584554-3769646_3769646-1221818620_1633519756-GB-F-026 is -3.96132 over 593 frames.
F715584554-3769646_3769646-1221818620_1633519756-GB-F-028 TAKE YOU TO EVERY PARTY 'CAUSE I REMEMBER HOW MUCH YOU TO DANCE 
LOG (gmm-latgen-faster[5.5.480~1-09abd]:DecodeUtteranceLatticeFaster():decoder-wrappers.cc:289) Log-like per frame for utterance F715584554-3769646_3769646-1221818620_1633519756-GB-F-028 is -4.68746 over 557 frames.
F715584554-3769646_3769646-1221818620_1633519756-GB-F-029 DO ALL THE THINGS I SHOULD HAVE DONE WHEN I WAS YOUR MAN DO ALL THE THINGS I SHOULD HAVE DONE WHEN I WAS YOUR MAN 
LOG (gmm-latgen-faster[5.5.480~1-09abd]:DecodeUtteranceLatticeFaster():decoder-wrappers.cc:289) Log-like per frame for utterance F715584554-3769646_3769646-1221818620_1633519756-GB-F-029 is -4.18703 over 1394 frames.
F715584554-3772054_3772054-1221818620_1584850815-GB-F-001 YOU DON'T OWN ME 
LOG (gmm-latgen-faster[5.5.480~1-09abd]:DecodeUtteranceLatticeFaster():decoder-wrappers.cc:289) Log-like per frame for utterance F715584554-3772054_3772054-1221818620_1584850815-GB-F-001 is -2.9512 over 208 frames.
F715584554-3772054_3772054-1221818620_1584850815-GB-F-002 YOU DON'T OWN ME 
LOG (gmm-latgen-faster[5.5.480~1-09abd]:DecodeUtteranceLatticeFaster():decoder-wrappers.cc:289) Log-like per frame for utterance F715584554-3772054_3772054-1221818620_1584850815-GB-F-002 is -3.18406 over 214 frames.
F715584554-3772054_3772054-1221818620_1584850815-GB-F-003 YOU DON'T OWN ME 
LOG (gmm-latgen-faster[5.5.480~1-09abd]:DecodeUtteranceLatticeFaster():decoder-wrappers.cc:289) Log-like per frame for utterance F715584554-3772054_3772054-1221818620_1584850815-GB-F-003 is -2.94565 over 217 frames.
F715584554-3772054_3772054-1221818620_1584850815-GB-F-004 I'M NOT JUST ONE OF YOUR MANY TOYS 
LOG (gmm-latgen-faster[5.5.480~1-09abd]:DecodeUtteranceLatticeFaster():decoder-wrappers.cc:289) Log-like per frame for utterance F715584554-3772054_3772054-1221818620_1584850815-GB-F-004 is -4.25576 over 323 frames.
F715584554-3772054_3772054-1221818620_1584850815-GB-F-005 YOU DON'T OWN ME 
LOG (gmm-latgen-faster[5.5.480~1-09abd]:DecodeUtteranceLatticeFaster():decoder-wrappers.cc:289) Log-like per frame for utterance F715584554-3772054_3772054-1221818620_1584850815-GB-F-005 is -2.90169 over 199 frames.
F715584554-3772054_3772054-1221818620_1584850815-GB-F-006 DON'T SAY I CAN'T GO WITH OTHER BOYS 
LOG (gmm-latgen-faster[5.5.480~1-09abd]:DecodeUtteranceLatticeFaster():decoder-wrappers.cc:289) Log-like per frame for utterance F715584554-3772054_3772054-1221818620_1584850815-GB-F-006 is -4.40502 over 379 frames.
F715584554-3772054_3772054-1221818620_1584850815-GB-F-007 DON'T TELL ME WHAT TO DO AND AND DON'T TELL ME WHAT TO SAY 
LOG (gmm-latgen-faster[5.5.480~1-09abd]:DecodeUtteranceLatticeFaster():decoder-wrappers.cc:289) Log-like per frame for utterance F715584554-3772054_3772054-1221818620_1584850815-GB-F-007 is -4.24834 over 716 frames.
F715584554-3772054_3772054-1221818620_1584850815-GB-F-009 PLEASE WHEN I GO OUT WITH YOU 
LOG (gmm-latgen-faster[5.5.480~1-09abd]:DecodeUtteranceLatticeFaster():decoder-wrappers.cc:289) Log-like per frame for utterance F715584554-3772054_3772054-1221818620_1584850815-GB-F-009 is -3.6907 over 325 frames.
F715584554-3772054_3772054-1221818620_1584850815-GB-F-010 DON'T PUT ME ON DISPLAY 
LOG (gmm-latgen-faster[5.5.480~1-09abd]:DecodeUtteranceLatticeFaster():decoder-wrappers.cc:289) Log-like per frame for utterance F715584554-3772054_3772054-1221818620_1584850815-GB-F-010 is -4.32169 over 309 frames.
F715584554-3772054_3772054-1221818620_1584850815-GB-F-011 YOU DON'T OWN ME 
LOG (gmm-latgen-faster[5.5.480~1-09abd]:DecodeUtteranceLatticeFaster():decoder-wrappers.cc:289) Log-like per frame for utterance F715584554-3772054_3772054-1221818620_1584850815-GB-F-011 is -3.06264 over 196 frames.
F715584554-3772054_3772054-1221818620_1584850815-GB-F-012 DON'T TRY TO CHANGE ME IN ANY WAY 
LOG (gmm-latgen-faster[5.5.480~1-09abd]:DecodeUtteranceLatticeFaster():decoder-wrappers.cc:289) Log-like per frame for utterance F715584554-3772054_3772054-1221818620_1584850815-GB-F-012 is -4.63953 over 303 frames.
F715584554-3772054_3772054-1221818620_1584850815-GB-F-013 YOU DON'T OWN ME 
LOG (gmm-latgen-faster[5.5.480~1-09abd]:DecodeUtteranceLatticeFaster():decoder-wrappers.cc:289) Log-like per frame for utterance F715584554-3772054_3772054-1221818620_1584850815-GB-F-013 is -2.68391 over 218 frames.
F715584554-3772054_3772054-1221818620_1584850815-GB-F-014 DON'T TIE ME DOWN 'CAUSE I'D NEVER STAY 
LOG (gmm-latgen-faster[5.5.480~1-09abd]:DecodeUtteranceLatticeFaster():decoder-wrappers.cc:289) Log-like per frame for utterance F715584554-3772054_3772054-1221818620_1584850815-GB-F-014 is -4.316 over 350 frames.
F715584554-3772054_3772054-1221818620_1584850815-GB-F-015 YOU DON'T OWN ME 
LOG (gmm-latgen-faster[5.5.480~1-09abd]:DecodeUtteranceLatticeFaster():decoder-wrappers.cc:289) Log-like per frame for utterance F715584554-3772054_3772054-1221818620_1584850815-GB-F-015 is -2.6242 over 212 frames.
F715584554-3772054_3772054-1221818620_1584850815-GB-F-016 I'M NOT JUST ONE OF YOUR MANY TOYS 
LOG (gmm-latgen-faster[5.5.480~1-09abd]:DecodeUtteranceLatticeFaster():decoder-wrappers.cc:289) Log-like per frame for utterance F715584554-3772054_3772054-1221818620_1584850815-GB-F-016 is -4.23284 over 350 frames.
F715584554-3772054_3772054-1221818620_1584850815-GB-F-017 YOU DON'T OWN ME 
LOG (gmm-latgen-faster[5.5.480~1-09abd]:DecodeUtteranceLatticeFaster():decoder-wrappers.cc:289) Log-like per frame for utterance F715584554-3772054_3772054-1221818620_1584850815-GB-F-017 is -2.79863 over 214 frames.
F715584554-3772054_3772054-1221818620_1584850815-GB-F-018 DON'T SAY I CAN'T GO WITH OTHER BOYS 
LOG (gmm-latgen-faster[5.5.480~1-09abd]:DecodeUtteranceLatticeFaster():decoder-wrappers.cc:289) Log-like per frame for utterance F715584554-3772054_3772054-1221818620_1584850815-GB-F-018 is -4.35883 over 382 frames.
F715584554-3772054_3772054-1221818620_1584850815-GB-F-019 DON'T TELL ME WHAT TO DO AND IN DON'T TELL ME WHAT TO SAY 
LOG (gmm-latgen-faster[5.5.480~1-09abd]:DecodeUtteranceLatticeFaster():decoder-wrappers.cc:289) Log-like per frame for utterance F715584554-3772054_3772054-1221818620_1584850815-GB-F-019 is -4.18666 over 699 frames.
F715584554-3772054_3772054-1221818620_1584850815-GB-F-021 PLEASE WHEN I GO OUT WITH YOU 
LOG (gmm-latgen-faster[5.5.480~1-09abd]:DecodeUtteranceLatticeFaster():decoder-wrappers.cc:289) Log-like per frame for utterance F715584554-3772054_3772054-1221818620_1584850815-GB-F-021 is -3.83689 over 342 frames.
F715584554-3772054_3772054-1221818620_1584850815-GB-F-022 DON'T PUT ME ON DISPLAY 
LOG (gmm-latgen-faster[5.5.480~1-09abd]:DecodeUtteranceLatticeFaster():decoder-wrappers.cc:289) Log-like per frame for utterance F715584554-3772054_3772054-1221818620_1584850815-GB-F-022 is -4.1696 over 298 frames.
F715584554-3772054_3772054-1221818620_1584850815-GB-F-023 I DON'T TELL YOU WHAT TO SAY 
LOG (gmm-latgen-faster[5.5.480~1-09abd]:DecodeUtteranceLatticeFaster():decoder-wrappers.cc:289) Log-like per frame for utterance F715584554-3772054_3772054-1221818620_1584850815-GB-F-023 is -4.40707 over 346 frames.
F715584554-3772054_3772054-1221818620_1584850815-GB-F-024 I DON'T TELL YOU WHAT TO DO 
LOG (gmm-latgen-faster[5.5.480~1-09abd]:DecodeUtteranceLatticeFaster():decoder-wrappers.cc:289) Log-like per frame for utterance F715584554-3772054_3772054-1221818620_1584850815-GB-F-024 is -4.22329 over 334 frames.
F715584554-3772054_3772054-1221818620_1584850815-GB-F-025 SO PLEASE JUST LET ME BE MYSELF 
LOG (gmm-latgen-faster[5.5.480~1-09abd]:DecodeUtteranceLatticeFaster():decoder-wrappers.cc:289) Log-like per frame for utterance F715584554-3772054_3772054-1221818620_1584850815-GB-F-025 is -4.53906 over 366 frames.
F715584554-3772054_3772054-1221818620_1584850815-GB-F-026 THAT'S ALL I ASK OF YOU 
LOG (gmm-latgen-faster[5.5.480~1-09abd]:DecodeUtteranceLatticeFaster():decoder-wrappers.cc:289) Log-like per frame for utterance F715584554-3772054_3772054-1221818620_1584850815-GB-F-026 is -4.31242 over 303 frames.
F715584554-3772054_3772054-1221818620_1584850815-GB-F-027 I'M YOUNG AND I A AND I LOVE TO BE YOUNG I'M FREE AND I LOVE TO BE FREE TO LIVE MY LIFE THE WAY I WANT TO SAY AND DO IT 
LOG (gmm-latgen-faster[5.5.480~1-09abd]:DecodeUtteranceLatticeFaster():decoder-wrappers.cc:289) Log-like per frame for utterance F715584554-3772054_3772054-1221818620_1584850815-GB-F-027 is -4.57196 over 1490 frames.
F715584554-3772054_3772054-1221818620_1584850815-GB-F-032 <UNK> NO 
LOG (gmm-latgen-faster[5.5.480~1-09abd]:DecodeUtteranceLatticeFaster():decoder-wrappers.cc:289) Log-like per frame for utterance F715584554-3772054_3772054-1221818620_1584850815-GB-F-032 is -4.13795 over 298 frames.
F715584554-3772054_3772054-1221818620_1584850815-GB-F-033 <UNK> NO NO NO NO 
LOG (gmm-latgen-faster[5.5.480~1-09abd]:DecodeUtteranceLatticeFaster():decoder-wrappers.cc:289) Log-like per frame for utterance F715584554-3772054_3772054-1221818620_1584850815-GB-F-033 is -3.80685 over 239 frames.
F715584554-3772054_3772054-1221818620_1584850815-GB-F-034 <UNK> NO NO NO 
LOG (gmm-latgen-faster[5.5.480~1-09abd]:DecodeUtteranceLatticeFaster():decoder-wrappers.cc:289) Log-like per frame for utterance F715584554-3772054_3772054-1221818620_1584850815-GB-F-034 is -4.37397 over 328 frames.
F74261709-408330101_160902-477601984_1547508439-GB-F-001 ALL ALONG IT WAS A FEVER 
LOG (gmm-latgen-faster[5.5.480~1-09abd]:DecodeUtteranceLatticeFaster():decoder-wrappers.cc:289) Log-like per frame for utterance F74261709-408330101_160902-477601984_1547508439-GB-F-001 is -3.86953 over 351 frames.
F74261709-408330101_160902-477601984_1547508439-GB-F-002 A COLD SWEAT HOT HEADED BELIEVER 
LOG (gmm-latgen-faster[5.5.480~1-09abd]:DecodeUtteranceLatticeFaster():decoder-wrappers.cc:289) Log-like per frame for utterance F74261709-408330101_160902-477601984_1547508439-GB-F-002 is -3.888 over 435 frames.
F74261709-408330101_160902-477601984_1547508439-GB-F-003 THREW MY HANDS IN THE AIR 
LOG (gmm-latgen-faster[5.5.480~1-09abd]:DecodeUtteranceLatticeFaster():decoder-wrappers.cc:289) Log-like per frame for utterance F74261709-408330101_160902-477601984_1547508439-GB-F-003 is -4.90096 over 210 frames.
F74261709-408330101_160902-477601984_1547508439-GB-F-004 SAID SHOW ME SOMETHING 
LOG (gmm-latgen-faster[5.5.480~1-09abd]:DecodeUtteranceLatticeFaster():decoder-wrappers.cc:289) Log-like per frame for utterance F74261709-408330101_160902-477601984_1547508439-GB-F-004 is -3.6649 over 298 frames.
F74261709-408330101_160902-477601984_1547508439-GB-F-005 SAID IF YOU DARE COME A LITTLE CLOSER 
LOG (gmm-latgen-faster[5.5.480~1-09abd]:DecodeUtteranceLatticeFaster():decoder-wrappers.cc:289) Log-like per frame for utterance F74261709-408330101_160902-477601984_1547508439-GB-F-005 is -4.05006 over 471 frames.
F74261709-408330101_160902-477601984_1547508439-GB-F-008 ROUND AND AROUND AND 
LOG (gmm-latgen-faster[5.5.480~1-09abd]:DecodeUtteranceLatticeFaster():decoder-wrappers.cc:289) Log-like per frame for utterance F74261709-408330101_160902-477601984_1547508439-GB-F-008 is -3.37609 over 388 frames.
F74261709-408330101_160902-477601984_1547508439-GB-F-009 AROUND GO 
LOG (gmm-latgen-faster[5.5.480~1-09abd]:DecodeUtteranceLatticeFaster():decoder-wrappers.cc:289) Log-like per frame for utterance F74261709-408330101_160902-477601984_1547508439-GB-F-009 is -2.74808 over 143 frames.
F74261709-408330101_160902-477601984_1547508439-GB-F-010 OH NOW TELL ME NOW TELL ME NOW TELL ME NOW YOU KNOW 
LOG (gmm-latgen-faster[5.5.480~1-09abd]:DecodeUtteranceLatticeFaster():decoder-wrappers.cc:289) Log-like per frame for utterance F74261709-408330101_160902-477601984_1547508439-GB-F-010 is -3.24692 over 683 frames.
F74261709-408330101_160902-477601984_1547508439-GB-F-013 NOT REALLY SURE HOW TO FEEL ABOUT IT SOMETHING IN THE WAY YOU MOVE 
LOG (gmm-latgen-faster[5.5.480~1-09abd]:DecodeUtteranceLatticeFaster():decoder-wrappers.cc:289) Log-like per frame for utterance F74261709-408330101_160902-477601984_1547508439-GB-F-013 is -4.14879 over 660 frames.
F74261709-408330101_160902-477601984_1547508439-GB-F-015 MAKES ME FEEL LIKE I CAN'T LIVE WITHOUT YOU IT TAKES ME ALL THE WAY I WANT YOU TO STAY 
LOG (gmm-latgen-faster[5.5.480~1-09abd]:DecodeUtteranceLatticeFaster():decoder-wrappers.cc:289) Log-like per frame for utterance F74261709-408330101_160902-477601984_1547508439-GB-F-015 is -3.36617 over 1263 frames.
F74261709-408330101_160902-477601984_1547508439-GB-F-020 NOT MUCH OF A LIFE YOU'RE LIVING 
LOG (gmm-latgen-faster[5.5.480~1-09abd]:DecodeUtteranceLatticeFaster():decoder-wrappers.cc:289) Log-like per frame for utterance F74261709-408330101_160902-477601984_1547508439-GB-F-020 is -4.55752 over 391 frames.
F74261709-408330101_160902-477601984_1547508439-GB-F-021 IT'S NOT JUST SOMETHING YOU TAKE IT'S GIVEN 
LOG (gmm-latgen-faster[5.5.480~1-09abd]:DecodeUtteranceLatticeFaster():decoder-wrappers.cc:289) Log-like per frame for utterance F74261709-408330101_160902-477601984_1547508439-GB-F-021 is -4.29227 over 498 frames.
F74261709-408330101_160902-477601984_1547508439-GB-F-024 ROUND AND AROUND AND 
LOG (gmm-latgen-faster[5.5.480~1-09abd]:DecodeUtteranceLatticeFaster():decoder-wrappers.cc:289) Log-like per frame for utterance F74261709-408330101_160902-477601984_1547508439-GB-F-024 is -3.5105 over 386 frames.
F74261709-408330101_160902-477601984_1547508439-GB-F-025 AROUND GO 
LOG (gmm-latgen-faster[5.5.480~1-09abd]:DecodeUtteranceLatticeFaster():decoder-wrappers.cc:289) Log-like per frame for utterance F74261709-408330101_160902-477601984_1547508439-GB-F-025 is -2.82394 over 138 frames.
F74261709-408330101_160902-477601984_1547508439-GB-F-026 OH NOW TELL ME NOW TO 
LOG (gmm-latgen-faster[5.5.480~1-09abd]:DecodeUtteranceLatticeFaster():decoder-wrappers.cc:289) Log-like per frame for utterance F74261709-408330101_160902-477601984_1547508439-GB-F-026 is -3.03699 over 263 frames.
F74261709-408330101_160902-477601984_1547508439-GB-F-028 TELL ME NOW TELL ME NOW YOU KNOW 
LOG (gmm-latgen-faster[5.5.480~1-09abd]:DecodeUtteranceLatticeFaster():decoder-wrappers.cc:289) Log-like per frame for utterance F74261709-408330101_160902-477601984_1547508439-GB-F-028 is -4.12653 over 406 frames.
F74261709-408330101_160902-477601984_1547508439-GB-F-029 NOT REALLY SURE HOW TO FEEL ABOUT IT SOMETHING IN THE WAY YOU MOVE 
LOG (gmm-latgen-faster[5.5.480~1-09abd]:DecodeUtteranceLatticeFaster():decoder-wrappers.cc:289) Log-like per frame for utterance F74261709-408330101_160902-477601984_1547508439-GB-F-029 is -4.11523 over 683 frames.
F74261709-408330101_160902-477601984_1547508439-GB-F-031 MAKES ME FEEL LIKE I CAN'T LIVE WITHOUT YOU IT TAKES ME ALL THE WAY I WANT YOU TO STAY 
LOG (gmm-latgen-faster[5.5.480~1-09abd]:DecodeUtteranceLatticeFaster():decoder-wrappers.cc:289) Log-like per frame for utterance F74261709-408330101_160902-477601984_1547508439-GB-F-031 is -3.44394 over 1369 frames.
F74261709-408330101_160902-477601984_1547508439-GB-F-036 OOH OOH THE REASON I HOLD ON 
LOG (gmm-latgen-faster[5.5.480~1-09abd]:DecodeUtteranceLatticeFaster():decoder-wrappers.cc:289) Log-like per frame for utterance F74261709-408330101_160902-477601984_1547508439-GB-F-036 is -3.74472 over 593 frames.
F74261709-408330101_160902-477601984_1547508439-GB-F-037 OOH OOH OOH 'CAUSE I NEED THIS HOLE GONE 
LOG (gmm-latgen-faster[5.5.480~1-09abd]:DecodeUtteranceLatticeFaster():decoder-wrappers.cc:289) Log-like per frame for utterance F74261709-408330101_160902-477601984_1547508439-GB-F-037 is -4.06806 over 573 frames.
F74261709-408330101_160902-477601984_1547508439-GB-F-039 FUNNY YOU'RE THE BROKEN ONE BUT I'M THE ONLY ONE WHO NEEDED IT'S 
LOG (gmm-latgen-faster[5.5.480~1-09abd]:DecodeUtteranceLatticeFaster():decoder-wrappers.cc:289) Log-like per frame for utterance F74261709-408330101_160902-477601984_1547508439-GB-F-039 is -4.26103 over 454 frames.
F74261709-408330101_160902-477601984_1547508439-GB-F-040 TAKE SAVING 
LOG (gmm-latgen-faster[5.5.480~1-09abd]:DecodeUtteranceLatticeFaster():decoder-wrappers.cc:289) Log-like per frame for utterance F74261709-408330101_160902-477601984_1547508439-GB-F-040 is -4.05199 over 159 frames.
F74261709-408330101_160902-477601984_1547508439-GB-F-041 'CAUSE WHEN YOU NEVER SEE THE LIGHT 
LOG (gmm-latgen-faster[5.5.480~1-09abd]:DecodeUtteranceLatticeFaster():decoder-wrappers.cc:289) Log-like per frame for utterance F74261709-408330101_160902-477601984_1547508439-GB-F-041 is -4.57001 over 212 frames.
F74261709-408330101_160902-477601984_1547508439-GB-F-043 HARD TO KNOW WHICH ONE OF US IS CAVING 
LOG (gmm-latgen-faster[5.5.480~1-09abd]:DecodeUtteranceLatticeFaster():decoder-wrappers.cc:289) Log-like per frame for utterance F74261709-408330101_160902-477601984_1547508439-GB-F-043 is -4.28239 over 436 frames.
F74261709-408330101_160902-477601984_1547508439-GB-F-044 NOT REALLY SURE HOW TO FEEL ABOUT IT SOMETHING IN THE WAY YOU MOVE 
LOG (gmm-latgen-faster[5.5.480~1-09abd]:DecodeUtteranceLatticeFaster():decoder-wrappers.cc:289) Log-like per frame for utterance F74261709-408330101_160902-477601984_1547508439-GB-F-044 is -4.10805 over 681 frames.
F74261709-408330101_160902-477601984_1547508439-GB-F-046 MAKES ME FEEL LIKE I CAN'T LIVE WITHOUT YOU IN BE IT TAKES ME ALL THE WAY I WANT YOU TO STAY WAY ON 
LOG (gmm-latgen-faster[5.5.480~1-09abd]:DecodeUtteranceLatticeFaster():decoder-wrappers.cc:289) Log-like per frame for utterance F74261709-408330101_160902-477601984_1547508439-GB-F-046 is -3.49675 over 1626 frames.
F74261709-408330101_160902-477601984_1547508439-GB-F-050 STAY 
LOG (gmm-latgen-faster[5.5.480~1-09abd]:DecodeUtteranceLatticeFaster():decoder-wrappers.cc:289) Log-like per frame for utterance F74261709-408330101_160902-477601984_1547508439-GB-F-050 is -2.20514 over 593 frames.
F74261709-408330101_160902-477601984_1547508439-GB-F-051 I WANT YOU TO STAY 
LOG (gmm-latgen-faster[5.5.480~1-09abd]:DecodeUtteranceLatticeFaster():decoder-wrappers.cc:289) Log-like per frame for utterance F74261709-408330101_160902-477601984_1547508439-GB-F-051 is -3.608 over 299 frames.
F74261709-408330101_160902-477601984_1547508439-GB-F-052 OOOH 
LOG (gmm-latgen-faster[5.5.480~1-09abd]:DecodeUtteranceLatticeFaster():decoder-wrappers.cc:289) Log-like per frame for utterance F74261709-408330101_160902-477601984_1547508439-GB-F-052 is -3.16575 over 240 frames.
F742970476-403519875_2804378-466533759_1644470005-GB-F-001 I DON'T LIKE YOUR LITTLE 
LOG (gmm-latgen-faster[5.5.480~1-09abd]:DecodeUtteranceLatticeFaster():decoder-wrappers.cc:289) Log-like per frame for utterance F742970476-403519875_2804378-466533759_1644470005-GB-F-001 is -4.54722 over 358 frames.
F742970476-403519875_2804378-466533759_1644470005-GB-F-002 NAMES DON'T LIKE YOUR DON'T TO IN STAGE THE ROLE YOU MADE ME 
LOG (gmm-latgen-faster[5.5.480~1-09abd]:DecodeUtteranceLatticeFaster():decoder-wrappers.cc:289) Log-like per frame for utterance F742970476-403519875_2804378-466533759_1644470005-GB-F-002 is -4.42405 over 701 frames.
F742970476-403519875_2804378-466533759_1644470005-GB-F-005 MAKE THE FOOL NO I DON'T LIKE YOU I DON'T LIKE YOUR PERFECT CRIME HOW YOU LAUGH WHEN YOU LIE 
LOG (gmm-latgen-faster[5.5.480~1-09abd]:DecodeUtteranceLatticeFaster():decoder-wrappers.cc:289) Log-like per frame for utterance F742970476-403519875_2804378-466533759_1644470005-GB-F-005 is -4.5838 over 1124 frames.
F742970476-403519875_2804378-466533759_1644470005-GB-F-008 LIKE YOU SAID THE GUN WAS 
LOG (gmm-latgen-faster[5.5.480~1-09abd]:DecodeUtteranceLatticeFaster():decoder-wrappers.cc:289) Log-like per frame for utterance F742970476-403519875_2804378-466533759_1644470005-GB-F-008 is -4.48457 over 365 frames.
F742970476-403519875_2804378-466533759_1644470005-GB-F-010 MY IT'S COOL NO I DON'T LIKE YOU LIE 
LOG (gmm-latgen-faster[5.5.480~1-09abd]:DecodeUtteranceLatticeFaster():decoder-wrappers.cc:289) Log-like per frame for utterance F742970476-403519875_2804378-466533759_1644470005-GB-F-010 is -4.83021 over 461 frames.
F742970476-403519875_2804378-466533759_1644470005-GB-F-012 HARDER I GET HARDER IN THE NICK 
LOG (gmm-latgen-faster[5.5.480~1-09abd]:DecodeUtteranceLatticeFaster():decoder-wrappers.cc:289) Log-like per frame for utterance F742970476-403519875_2804378-466533759_1644470005-GB-F-012 is -4.26772 over 193 frames.
F742970476-403519875_2804378-466533759_1644470005-GB-F-013 OF TIME HONEY I ROSE UP FROM THE DEAD I DO IT ALL THE TIME I'VE GOT A LIST OF NAMES AND YOURS IS IN RED ON TO WHEN IT ONCE THEN I CHECK IT 
LOG (gmm-latgen-faster[5.5.480~1-09abd]:DecodeUtteranceLatticeFaster():decoder-wrappers.cc:289) Log-like per frame for utterance F742970476-403519875_2804378-466533759_1644470005-GB-F-013 is -4.5002 over 1055 frames.
F742970476-403519875_2804378-466533759_1644470005-GB-F-020 MY IS OOH OOH LOOK WHAT YOU MADE ME DO LOOK WHAT YOU MADE ME 
LOG (gmm-latgen-faster[5.5.480~1-09abd]:DecodeUtteranceLatticeFaster():decoder-wrappers.cc:289) Log-like per frame for utterance F742970476-403519875_2804378-466533759_1644470005-GB-F-020 is -4.4637 over 484 frames.
F742970476-403519875_2804378-466533759_1644470005-GB-F-022 DO LOOK WHAT YOU JUST MADE LOOK WHAT YOU JUST MADE ME OOH LOOK WHAT YOU MADE ME DO LOOK WHAT YOU MADE ME DO LOOK WHAT YOU JUST ME DO LOOK WHAT YOU JUST MADE ME DO I DON'T LIKE YOUR KINGDOM KEYS TAKE ONCE THE WANT YOU WE YOU ASK ME FOR PLACE TO SLEEP LOCKED ME OUT AND THREW A FEAST THE WORLD MOVES ON ANOTHER DAY ANOTHER DRAMA DRAMA BUT NOT FOR ME NOT FOR ME ALL I THINK ABOUT IS 
LOG (gmm-latgen-faster[5.5.480~1-09abd]:DecodeUtteranceLatticeFaster():decoder-wrappers.cc:289) Log-like per frame for utterance F742970476-403519875_2804378-466533759_1644470005-GB-F-022 is -4.57942 over 3300 frames.
F742970476-403519875_2804378-466533759_1644470005-GB-F-040 I'LL MY AND THEN THE WORLD MOVES ON BUT ONE THING'S FOR SURE 
LOG (gmm-latgen-faster[5.5.480~1-09abd]:DecodeUtteranceLatticeFaster():decoder-wrappers.cc:289) Log-like per frame for utterance F742970476-403519875_2804378-466533759_1644470005-GB-F-040 is -4.548 over 355 frames.
F742970476-403519875_2804378-466533759_1644470005-GB-F-042 MAYBE I GOT MINE BUT YOU'LL ALL GET YOURS BUT I 
LOG (gmm-latgen-faster[5.5.480~1-09abd]:DecodeUtteranceLatticeFaster():decoder-wrappers.cc:289) Log-like per frame for utterance F742970476-403519875_2804378-466533759_1644470005-GB-F-042 is -4.51648 over 441 frames.
F742970476-403519875_2804378-466533759_1644470005-GB-F-046 HARDER I GOT HARDER IN THE NICK OF TIME HONEY I ROSE UP FROM THE DEAD I DO IT ALL THE 
LOG (gmm-latgen-faster[5.5.480~1-09abd]:DecodeUtteranceLatticeFaster():decoder-wrappers.cc:289) Log-like per frame for utterance F742970476-403519875_2804378-466533759_1644470005-GB-F-046 is -4.30954 over 598 frames.
F742970476-403519875_2804378-466533759_1644470005-GB-F-049 TIME I GOT A LIST OF NAMES AND YOURS BUT AND ALL IN ONCE THEN CHECK IT TWICE OH OOH LOOK WHAT YOU MADE ME DO LOOK WHAT YOU MADE ME DO LOOK WHAT YOU JUST ME DO LOOK WHAT YOU JUST MADE 
LOG (gmm-latgen-faster[5.5.480~1-09abd]:DecodeUtteranceLatticeFaster():decoder-wrappers.cc:289) Log-like per frame for utterance F742970476-403519875_2804378-466533759_1644470005-GB-F-049 is -4.52904 over 1463 frames.
F742970476-403519875_2804378-466533759_1644470005-GB-F-059 ME OOH LOOK WHAT YOU MADE ME DO LOOK WHAT YOU MADE ME 
LOG (gmm-latgen-faster[5.5.480~1-09abd]:DecodeUtteranceLatticeFaster():decoder-wrappers.cc:289) Log-like per frame for utterance F742970476-403519875_2804378-466533759_1644470005-GB-F-059 is -4.23363 over 432 frames.
F742970476-403519875_2804378-466533759_1644470005-GB-F-061 DO LOOK WHAT YOU JUST ME DO LOOK WHAT YOU JUST MADE ME DO ALL I DON'T TRUST NOBODY AND NOBODY TRUSTS ME I'LL BE THE ACTRESS STARRING IN YOUR BAD DREAMS I DON'T TRUST NOBODY AND NOBODY TRUSTS 
LOG (gmm-latgen-faster[5.5.480~1-09abd]:DecodeUtteranceLatticeFaster():decoder-wrappers.cc:289) Log-like per frame for utterance F742970476-403519875_2804378-466533759_1644470005-GB-F-061 is -4.66896 over 1418 frames.
F742970476-403519875_2804378-466533759_1644470005-GB-F-071 ME I'LL BE THE ACTRESS STARRING IN YOUR BAD DREAMS I DON'T TRUST NOBODY AND NOBODY TRUSTS ME I'LL BE THE ACTRESS STARRING IN YOUR BAD DREAMS I DON'T TRUST NOBODY AND NOBODY TRUSTS ME I'LL BE THE ACTRESS STARRING IN YOUR BAD DREAMS 
LOG (gmm-latgen-faster[5.5.480~1-09abd]:DecodeUtteranceLatticeFaster():decoder-wrappers.cc:289) Log-like per frame for utterance F742970476-403519875_2804378-466533759_1644470005-GB-F-071 is -4.46289 over 1955 frames.
F742970476-403519875_2804378-466533759_1644470005-GB-F-084 OOH LOOK WHAT YOU MADE ME DO LOOK WHAT YOU MADE ME DO LOOK WHAT YOU 
LOG (gmm-latgen-faster[5.5.480~1-09abd]:DecodeUtteranceLatticeFaster():decoder-wrappers.cc:289) Log-like per frame for utterance F742970476-403519875_2804378-466533759_1644470005-GB-F-084 is -4.65301 over 503 frames.
F742970476-403519875_2804378-466533759_1644470005-GB-F-089 MADE ME OOH LOOK WHAT YOU MADE ME 
LOG (gmm-latgen-faster[5.5.480~1-09abd]:DecodeUtteranceLatticeFaster():decoder-wrappers.cc:289) Log-like per frame for utterance F742970476-403519875_2804378-466533759_1644470005-GB-F-089 is -4.20388 over 285 frames.
F742970476-403519875_2804378-466533759_1644470005-GB-F-090 DO LOOK WHAT YOU MADE ME DO LOOK WHAT YOU JUST ME LOOK WHAT YOU JUST MADE ME DO OOH LOOK WHAT YOU MADE ME DO LOOK WHAT YOU MADE ME DO LOOK WHAT YOU JUST ME LOOK WHAT YOU JUST MADE ME OOH LOOK WHAT YOU MADE ME DO LOOK WHAT YOU MADE ME DO LOOK WHAT YOU JUST ME LOOK WHAT YOU JUST MADE ME DO 
LOG (gmm-latgen-faster[5.5.480~1-09abd]:DecodeUtteranceLatticeFaster():decoder-wrappers.cc:289) Log-like per frame for utterance F742970476-403519875_2804378-466533759_1644470005-GB-F-090 is -4.47788 over 2033 frames.
F742970476-87218382_2445496-825492545_1614950333-GB-F-001 I'VE BEEN HEARING SYMPHONIES 
LOG (gmm-latgen-faster[5.5.480~1-09abd]:DecodeUtteranceLatticeFaster():decoder-wrappers.cc:289) Log-like per frame for utterance F742970476-87218382_2445496-825492545_1614950333-GB-F-001 is -3.90643 over 213 frames.
F742970476-87218382_2445496-825492545_1614950333-GB-F-002 BEFORE ALL I HEARD WAS SILENCE IN 
LOG (gmm-latgen-faster[5.5.480~1-09abd]:DecodeUtteranceLatticeFaster():decoder-wrappers.cc:289) Log-like per frame for utterance F742970476-87218382_2445496-825492545_1614950333-GB-F-002 is -4.15301 over 283 frames.
F742970476-87218382_2445496-825492545_1614950333-GB-F-003 A RHAPSODY FOR YOU ME 
LOG (gmm-latgen-faster[5.5.480~1-09abd]:DecodeUtteranceLatticeFaster():decoder-wrappers.cc:289) Log-like per frame for utterance F742970476-87218382_2445496-825492545_1614950333-GB-F-003 is -4.35579 over 224 frames.
F742970476-87218382_2445496-825492545_1614950333-GB-F-004 AND EVERY MELODY IS TIMELESS LIFE WAS STRINGING ME ALONG OWN 
LOG (gmm-latgen-faster[5.5.480~1-09abd]:DecodeUtteranceLatticeFaster():decoder-wrappers.cc:289) Log-like per frame for utterance F742970476-87218382_2445496-825492545_1614950333-GB-F-004 is -4.16391 over 685 frames.
F742970476-87218382_2445496-825492545_1614950333-GB-F-006 THEN YOU COME IN YOU CUT ME LOOSE 
LOG (gmm-latgen-faster[5.5.480~1-09abd]:DecodeUtteranceLatticeFaster():decoder-wrappers.cc:289) Log-like per frame for utterance F742970476-87218382_2445496-825492545_1614950333-GB-F-006 is -4.48 over 274 frames.
F742970476-87218382_2445496-825492545_1614950333-GB-F-007 WAS SOLO SINGING ON MY OWN NOW I CAN'T FIND THE KEY WITHOUT YOU AND NOW YOUR SONG IS ON REPEAT 
LOG (gmm-latgen-faster[5.5.480~1-09abd]:DecodeUtteranceLatticeFaster():decoder-wrappers.cc:289) Log-like per frame for utterance F742970476-87218382_2445496-825492545_1614950333-GB-F-007 is -4.321 over 984 frames.
F742970476-87218382_2445496-825492545_1614950333-GB-F-011 AND AND I'M DANCIN' ON TO YOUR HEARTBEAT AND WHEN YOU'RE GONE I FEEL INCOMPLETE SO IF YOU WANT THE TRUTH 
LOG (gmm-latgen-faster[5.5.480~1-09abd]:DecodeUtteranceLatticeFaster():decoder-wrappers.cc:289) Log-like per frame for utterance F742970476-87218382_2445496-825492545_1614950333-GB-F-011 is -4.42586 over 1048 frames.
F742970476-87218382_2445496-825492545_1614950333-GB-F-015 I JUST WANNA BE PART 
LOG (gmm-latgen-faster[5.5.480~1-09abd]:DecodeUtteranceLatticeFaster():decoder-wrappers.cc:289) Log-like per frame for utterance F742970476-87218382_2445496-825492545_1614950333-GB-F-015 is -4.90076 over 435 frames.
F742970476-87218382_2445496-825492545_1614950333-GB-F-016 WILL YOU HOLD ME TIGHT AND NOT LET GO 
LOG (gmm-latgen-faster[5.5.480~1-09abd]:DecodeUtteranceLatticeFaster():decoder-wrappers.cc:289) Log-like per frame for utterance F742970476-87218382_2445496-825492545_1614950333-GB-F-016 is -4.05085 over 338 frames.
F742970476-87218382_2445496-825492545_1614950333-GB-F-017 SYMPHONY 
LOG (gmm-latgen-faster[5.5.480~1-09abd]:DecodeUtteranceLatticeFaster():decoder-wrappers.cc:289) Log-like per frame for utterance F742970476-87218382_2445496-825492545_1614950333-GB-F-017 is -4.17107 over 295 frames.
F742970476-87218382_2445496-825492545_1614950333-GB-F-018 LOVE SONG ON THE RADIO GO 
LOG (gmm-latgen-faster[5.5.480~1-09abd]:DecodeUtteranceLatticeFaster():decoder-wrappers.cc:289) Log-like per frame for utterance F742970476-87218382_2445496-825492545_1614950333-GB-F-018 is -4.17203 over 296 frames.
F742970476-87218382_2445496-825492545_1614950333-GB-F-020 DON'T IT'S AND NOT LET GO 
LOG (gmm-latgen-faster[5.5.480~1-09abd]:DecodeUtteranceLatticeFaster():decoder-wrappers.cc:289) Log-like per frame for utterance F742970476-87218382_2445496-825492545_1614950333-GB-F-020 is -5.05163 over 265 frames.
F742970476-87218382_2445496-825492545_1614950333-GB-F-021 I'M SORRY IF IT'S ALL TOO MUCH 
LOG (gmm-latgen-faster[5.5.480~1-09abd]:DecodeUtteranceLatticeFaster():decoder-wrappers.cc:289) Log-like per frame for utterance F742970476-87218382_2445496-825492545_1614950333-GB-F-021 is -4.53464 over 237 frames.
F742970476-87218382_2445496-825492545_1614950333-GB-F-022 EVERY DAY YOU'RE HERE I'M HEALING 
LOG (gmm-latgen-faster[5.5.480~1-09abd]:DecodeUtteranceLatticeFaster():decoder-wrappers.cc:289) Log-like per frame for utterance F742970476-87218382_2445496-825492545_1614950333-GB-F-022 is -4.51676 over 268 frames.
F742970476-87218382_2445496-825492545_1614950333-GB-F-023 AND I WAS RUNNIN' OUT OF LUCK 
LOG (gmm-latgen-faster[5.5.480~1-09abd]:DecodeUtteranceLatticeFaster():decoder-wrappers.cc:289) Log-like per frame for utterance F742970476-87218382_2445496-825492545_1614950333-GB-F-023 is -4.26863 over 211 frames.
F742970476-87218382_2445496-825492545_1614950333-GB-F-024 I NEVER THOUGHT I'D FIND THIS FEELING 
LOG (gmm-latgen-faster[5.5.480~1-09abd]:DecodeUtteranceLatticeFaster():decoder-wrappers.cc:289) Log-like per frame for utterance F742970476-87218382_2445496-825492545_1614950333-GB-F-024 is -4.19059 over 295 frames.
F742970476-87218382_2445496-825492545_1614950333-GB-F-025 'CAUSE I'VE BEEN HEARING SYMPHONIES ME 
LOG (gmm-latgen-faster[5.5.480~1-09abd]:DecodeUtteranceLatticeFaster():decoder-wrappers.cc:289) Log-like per frame for utterance F742970476-87218382_2445496-825492545_1614950333-GB-F-025 is -4.08678 over 328 frames.
F742970476-87218382_2445496-825492545_1614950333-GB-F-026 BEFORE I HEARD WAS SILENCE 
LOG (gmm-latgen-faster[5.5.480~1-09abd]:DecodeUtteranceLatticeFaster():decoder-wrappers.cc:289) Log-like per frame for utterance F742970476-87218382_2445496-825492545_1614950333-GB-F-026 is -4.35402 over 268 frames.
F742970476-87218382_2445496-825492545_1614950333-GB-F-027 A RHAPSODY FOR YOU AND YOU FEELING 
LOG (gmm-latgen-faster[5.5.480~1-09abd]:DecodeUtteranceLatticeFaster():decoder-wrappers.cc:289) Log-like per frame for utterance F742970476-87218382_2445496-825492545_1614950333-GB-F-027 is -4.26964 over 315 frames.
F742970476-87218382_2445496-825492545_1614950333-GB-F-030 AND EVERY MELODY IS TIMELESS 
LOG (gmm-latgen-faster[5.5.480~1-09abd]:DecodeUtteranceLatticeFaster():decoder-wrappers.cc:289) Log-like per frame for utterance F742970476-87218382_2445496-825492545_1614950333-GB-F-030 is -4.07026 over 274 frames.
F742970476-87218382_2445496-825492545_1614950333-GB-F-031 AND NOW YOUR SONG IS ON REPEAT AND I'M DANCIN' ON TO YOUR HEARTBEAT 
LOG (gmm-latgen-faster[5.5.480~1-09abd]:DecodeUtteranceLatticeFaster():decoder-wrappers.cc:289) Log-like per frame for utterance F742970476-87218382_2445496-825492545_1614950333-GB-F-031 is -4.48381 over 717 frames.
F742970476-87218382_2445496-825492545_1614950333-GB-F-033 AND WHEN YOU'RE GONE I FEEL INCOMPLETE SO IF YOU WANT THE TRUTH 
LOG (gmm-latgen-faster[5.5.480~1-09abd]:DecodeUtteranceLatticeFaster():decoder-wrappers.cc:289) Log-like per frame for utterance F742970476-87218382_2445496-825492545_1614950333-GB-F-033 is -4.82227 over 562 frames.
F742970476-87218382_2445496-825492545_1614950333-GB-F-036 I JUST WANNA BE PART OF 
LOG (gmm-latgen-faster[5.5.480~1-09abd]:DecodeUtteranceLatticeFaster():decoder-wrappers.cc:289) Log-like per frame for utterance F742970476-87218382_2445496-825492545_1614950333-GB-F-036 is -4.82788 over 472 frames.
F742970476-87218382_2445496-825492545_1614950333-GB-F-037 WILL YOU HOLD ME TIGHT AND NOT LET GO 
LOG (gmm-latgen-faster[5.5.480~1-09abd]:DecodeUtteranceLatticeFaster():decoder-wrappers.cc:289) Log-like per frame for utterance F742970476-87218382_2445496-825492545_1614950333-GB-F-037 is -4.1847 over 307 frames.
F742970476-87218382_2445496-825492545_1614950333-GB-F-038 SYMPHONY 
LOG (gmm-latgen-faster[5.5.480~1-09abd]:DecodeUtteranceLatticeFaster():decoder-wrappers.cc:289) Log-like per frame for utterance F742970476-87218382_2445496-825492545_1614950333-GB-F-038 is -4.36812 over 298 frames.
F742970476-87218382_2445496-825492545_1614950333-GB-F-039 LOVE SONG ON THE RADIO GONE 
LOG (gmm-latgen-faster[5.5.480~1-09abd]:DecodeUtteranceLatticeFaster():decoder-wrappers.cc:289) Log-like per frame for utterance F742970476-87218382_2445496-825492545_1614950333-GB-F-039 is -4.63923 over 311 frames.
F742970476-87218382_2445496-825492545_1614950333-GB-F-041 WILL YOU HOLD ME TIGHT AND NOT LET GO 
LOG (gmm-latgen-faster[5.5.480~1-09abd]:DecodeUtteranceLatticeFaster():decoder-wrappers.cc:289) Log-like per frame for utterance F742970476-87218382_2445496-825492545_1614950333-GB-F-041 is -4.43744 over 279 frames.
LOG (apply-cmvn[5.5.480~1-09abd]:main():apply-cmvn.cc:162) Applied cepstral mean normalization to 247 utterances, errors on 0
F742970476-87218382_2445496-825492545_1614950333-GB-F-047 AND NOW YOUR SONG IS ON REPEAT AND I'M DANCIN' ON TO YOUR HEARTBEAT 
LOG (gmm-latgen-faster[5.5.480~1-09abd]:DecodeUtteranceLatticeFaster():decoder-wrappers.cc:289) Log-like per frame for utterance F742970476-87218382_2445496-825492545_1614950333-GB-F-047 is -4.35754 over 735 frames.
F742970476-87218382_2445496-825492545_1614950333-GB-F-049 AND WHEN YOU'RE GONE I FEEL INCOMPLETE SO IF YOU WANT THE TRUTH IS SONG IS ON THE BUT 
LOG (gmm-latgen-faster[5.5.480~1-09abd]:DecodeUtteranceLatticeFaster():decoder-wrappers.cc:289) Log-like per frame for utterance F742970476-87218382_2445496-825492545_1614950333-GB-F-049 is -4.93348 over 1121 frames.
F742970476-87218382_2445496-825492545_1614950333-GB-F-055 WILL YOU HOLD ME TIGHT AND NOT LET NOW SYMPHONY 
LOG (gmm-latgen-faster[5.5.480~1-09abd]:DecodeUtteranceLatticeFaster():decoder-wrappers.cc:289) Log-like per frame for utterance F742970476-87218382_2445496-825492545_1614950333-GB-F-055 is -4.20993 over 720 frames.
F742970476-87218382_2445496-825492545_1614950333-GB-F-057 LOVE SONG ON THE RADIO ON GO 
LOG (gmm-latgen-faster[5.5.480~1-09abd]:DecodeUtteranceLatticeFaster():decoder-wrappers.cc:289) Log-like per frame for utterance F742970476-87218382_2445496-825492545_1614950333-GB-F-057 is -4.19187 over 295 frames.
LOG (transform-feats[5.5.480~1-09abd]:main():transform-feats.cc:158) Overall average [pseudo-]logdet is -88.6872 over 143767 frames.
LOG (transform-feats[5.5.480~1-09abd]:main():transform-feats.cc:161) Applied transform to 247 utterances; 0 had errors.
F742970476-87218382_2445496-825492545_1614950333-GB-F-058 SYMPHONY 
LOG (gmm-latgen-faster[5.5.480~1-09abd]:DecodeUtteranceLatticeFaster():decoder-wrappers.cc:289) Log-like per frame for utterance F742970476-87218382_2445496-825492545_1614950333-GB-F-058 is -4.14797 over 289 frames.
F742970476-87218382_2445496-825492545_1614950333-GB-F-059 WILL YOU HOLD ME TIGHT AND NOT LET GO 
LOG (gmm-latgen-faster[5.5.480~1-09abd]:DecodeUtteranceLatticeFaster():decoder-wrappers.cc:289) Log-like per frame for utterance F742970476-87218382_2445496-825492545_1614950333-GB-F-059 is -4.39181 over 322 frames.
LOG (transform-feats[5.5.480~1-09abd]:main():transform-feats.cc:158) Overall average logdet is 3.59722 over 143767 frames.
LOG (transform-feats[5.5.480~1-09abd]:main():transform-feats.cc:161) Applied transform to 247 utterances; 0 had errors.
F742970476-87218382_2445496-825492545_1614950333-GB-F-060 SYMPHONY 
LOG (gmm-latgen-faster[5.5.480~1-09abd]:DecodeUtteranceLatticeFaster():decoder-wrappers.cc:289) Log-like per frame for utterance F742970476-87218382_2445496-825492545_1614950333-GB-F-060 is -3.90665 over 281 frames.
F742970476-87218382_2445496-825492545_1614950333-GB-F-061 ON THE TAKE CAN ON THE COME 
LOG (gmm-latgen-faster[5.5.480~1-09abd]:DecodeUtteranceLatticeFaster():decoder-wrappers.cc:289) Log-like per frame for utterance F742970476-87218382_2445496-825492545_1614950333-GB-F-061 is -4.49819 over 313 frames.
LOG (gmm-latgen-faster[5.5.480~1-09abd]:main():gmm-latgen-faster.cc:176) Time taken 221.517s: real-time factor assuming 100 frames/sec is 0.154081
LOG (gmm-latgen-faster[5.5.480~1-09abd]:main():gmm-latgen-faster.cc:179) Done 247 utterances, failed for 0
LOG (gmm-latgen-faster[5.5.480~1-09abd]:main():gmm-latgen-faster.cc:181) Overall log-likelihood per frame is -4.13188 over 143767 frames.
# Accounting: time=222 threads=1
# Ended (code 0) at Tue Sep 10 14:21:29 BST 2019, elapsed time 222 seconds
