# gmm-latgen-faster --max-active=7000 --beam=15.0 --lattice-beam=6.0 --acoustic-scale=0.083333 --allow-partial=false --word-symbol-table=exp/tri3b_cleaned/graphs/words.txt exp/tri3b_cleaned/final.mdl scp:exp/tri3b_cleaned/lats/split_fsts/HCLG.fsts.28.scp "ark,s,cs:apply-cmvn  --utt2spk=ark:data/train1/split40/28/utt2spk scp:data/train1/split40/28/cmvn.scp scp:data/train1/split40/28/feats.scp ark:- | splice-feats  ark:- ark:- | transform-feats exp/tri3b_cleaned/final.mat ark:- ark:- | transform-feats --utt2spk=ark:data/train1/split40/28/utt2spk ark:exp/tri3b/trans.28 ark:- ark:- |" "ark:|gzip -c > exp/tri3b_cleaned/lats/lat.28.gz" 
# Started at Tue Sep 10 14:33:25 BST 2019
#
gmm-latgen-faster --max-active=7000 --beam=15.0 --lattice-beam=6.0 --acoustic-scale=0.083333 --allow-partial=false --word-symbol-table=exp/tri3b_cleaned/graphs/words.txt exp/tri3b_cleaned/final.mdl scp:exp/tri3b_cleaned/lats/split_fsts/HCLG.fsts.28.scp 'ark,s,cs:apply-cmvn  --utt2spk=ark:data/train1/split40/28/utt2spk scp:data/train1/split40/28/cmvn.scp scp:data/train1/split40/28/feats.scp ark:- | splice-feats  ark:- ark:- | transform-feats exp/tri3b_cleaned/final.mat ark:- ark:- | transform-feats --utt2spk=ark:data/train1/split40/28/utt2spk ark:exp/tri3b/trans.28 ark:- ark:- |' 'ark:|gzip -c > exp/tri3b_cleaned/lats/lat.28.gz' 
splice-feats ark:- ark:- 
transform-feats exp/tri3b_cleaned/final.mat ark:- ark:- 
transform-feats --utt2spk=ark:data/train1/split40/28/utt2spk ark:exp/tri3b/trans.28 ark:- ark:- 
apply-cmvn --utt2spk=ark:data/train1/split40/28/utt2spk scp:data/train1/split40/28/cmvn.scp scp:data/train1/split40/28/feats.scp ark:- 
M257946387-3771827_3771827-257941813_1301125764-GB-M-001 WELL SOMETIMES A FOOL BUT WAS 
LOG (gmm-latgen-faster[5.5.480~1-09abd]:DecodeUtteranceLatticeFaster():decoder-wrappers.cc:289) Log-like per frame for utterance M257946387-3771827_3771827-257941813_1301125764-GB-M-001 is -4.66391 over 236 frames.
M257946387-3771827_3771827-257941813_1301125764-GB-M-002 AND I LOOK ACROSS THE WATER AND I THINK I THINK OF ALL THE THINGS 
LOG (gmm-latgen-faster[5.5.480~1-09abd]:DecodeUtteranceLatticeFaster():decoder-wrappers.cc:289) Log-like per frame for utterance M257946387-3771827_3771827-257941813_1301125764-GB-M-002 is -4.51148 over 796 frames.
M257946387-3771827_3771827-257941813_1301125764-GB-M-004 WHAT YOU'RE DOIN' AND IN MY HEAD I PAINT A PICTURE SINCE SINCE I'VE COME ON HOME WELL MY BODY'S BEEN A MESS 
LOG (gmm-latgen-faster[5.5.480~1-09abd]:DecodeUtteranceLatticeFaster():decoder-wrappers.cc:289) Log-like per frame for utterance M257946387-3771827_3771827-257941813_1301125764-GB-M-004 is -4.50094 over 1160 frames.
M257946387-3771827_3771827-257941813_1301125764-GB-M-008 AND I'VE MISSED YOUR GINGER HAIR AND THE WAY YOU LIKE TO DRESS 
LOG (gmm-latgen-faster[5.5.480~1-09abd]:DecodeUtteranceLatticeFaster():decoder-wrappers.cc:289) Log-like per frame for utterance M257946387-3771827_3771827-257941813_1301125764-GB-M-008 is -4.45989 over 440 frames.
M257946387-3771827_3771827-257941813_1301125764-GB-M-010 WELL WON'T YOU COME ON OVER STOP MAKIN' A FOOL OUT OF ME 
LOG (gmm-latgen-faster[5.5.480~1-09abd]:DecodeUtteranceLatticeFaster():decoder-wrappers.cc:289) Log-like per frame for utterance M257946387-3771827_3771827-257941813_1301125764-GB-M-010 is -4.36628 over 669 frames.
M257946387-3771827_3771827-257941813_1301125764-GB-M-012 AH WHY DON'T YOU COME ON OVER VALERIE VALERIE VALERIE VALERIE WILL DID YOU HAVE TO GO TO JAIL 
LOG (gmm-latgen-faster[5.5.480~1-09abd]:DecodeUtteranceLatticeFaster():decoder-wrappers.cc:289) Log-like per frame for utterance M257946387-3771827_3771827-257941813_1301125764-GB-M-012 is -4.01304 over 2433 frames.
M257946387-3771827_3771827-257941813_1301125764-GB-M-015 YOUR HOUSE ON UP FOR SALE DID YOU GET A GOOD LAWYER 
LOG (gmm-latgen-faster[5.5.480~1-09abd]:DecodeUtteranceLatticeFaster():decoder-wrappers.cc:289) Log-like per frame for utterance M257946387-3771827_3771827-257941813_1301125764-GB-M-015 is -4.42208 over 439 frames.
M257946387-3771827_3771827-257941813_1301125764-GB-M-017 HOPE YOU <UNK> CATCH A TAN I HOPE YOU FIND THE RIGHT MAN WHO'LL FIX IT FOR YA' DO 
LOG (gmm-latgen-faster[5.5.480~1-09abd]:DecodeUtteranceLatticeFaster():decoder-wrappers.cc:289) Log-like per frame for utterance M257946387-3771827_3771827-257941813_1301125764-GB-M-017 is -4.7439 over 744 frames.
M257946387-3771827_3771827-257941813_1301125764-GB-M-019 NOW ARE YOU SHOPPING ANYWHERE CHANGED THE COLOR OF YOUR HAIR ARE YOU BUSY AND DID YOU HAVE TO PAY THAT FINE THAT YOU WERE DODGING ALL THE TIME ARE YOU STILL DIZZY SINCE I'VE COME ON HOME WELL MY BODY'S BEEN A MESS 
LOG (gmm-latgen-faster[5.5.480~1-09abd]:DecodeUtteranceLatticeFaster():decoder-wrappers.cc:289) Log-like per frame for utterance M257946387-3771827_3771827-257941813_1301125764-GB-M-019 is -4.34565 over 2442 frames.
M257946387-3771827_3771827-257941813_1301125764-GB-M-027 AND I'VE MISSED YOUR GINGER HAIR AND THE WAY YOU MESS 
LOG (gmm-latgen-faster[5.5.480~1-09abd]:DecodeUtteranceLatticeFaster():decoder-wrappers.cc:289) Log-like per frame for utterance M257946387-3771827_3771827-257941813_1301125764-GB-M-027 is -4.2176 over 367 frames.
M257946387-3771827_3771827-257941813_1301125764-GB-M-029 WELL WON'T YOU COME ON OVER STOP MAKING A FOOL OUT OF AND ME 
LOG (gmm-latgen-faster[5.5.480~1-09abd]:DecodeUtteranceLatticeFaster():decoder-wrappers.cc:289) Log-like per frame for utterance M257946387-3771827_3771827-257941813_1301125764-GB-M-029 is -4.27792 over 682 frames.
M257946387-3771827_3771827-257941813_1301125764-GB-M-031 WON'T YOU COME ON OVER VALERIE VALERIE VALERIE VALERIE WELL SOMETIMES I GO OUT BY MYSELF AND I LOOK ACROSS THE WATER AND IN AND I THINK OF ALL THE THINGS WHAT YOU'RE DOIN' AND IN MY HEAD I PAINT A PICTURE SINCE I'VE COME ON HOME WELL MY BODY'S BEEN A MESS 
LOG (gmm-latgen-faster[5.5.480~1-09abd]:DecodeUtteranceLatticeFaster():decoder-wrappers.cc:289) Log-like per frame for utterance M257946387-3771827_3771827-257941813_1301125764-GB-M-031 is -4.2184 over 4568 frames.
M257946387-3771827_3771827-257941813_1301125764-GB-M-040 AND I'VE MISSED YOUR GINGER HAIR AND THE WAY YOU TO DRESS 
LOG (gmm-latgen-faster[5.5.480~1-09abd]:DecodeUtteranceLatticeFaster():decoder-wrappers.cc:289) Log-like per frame for utterance M257946387-3771827_3771827-257941813_1301125764-GB-M-040 is -4.63249 over 371 frames.
M257946387-3771827_3771827-257941813_1301125764-GB-M-042 OH WON'T YOU COME ON OVER STOP MAKING A FOOL OUT OF ME 
LOG (gmm-latgen-faster[5.5.480~1-09abd]:DecodeUtteranceLatticeFaster():decoder-wrappers.cc:289) Log-like per frame for utterance M257946387-3771827_3771827-257941813_1301125764-GB-M-042 is -4.23764 over 701 frames.
M257946387-3771827_3771827-257941813_1301125764-GB-M-044 OH WON'T YOU COME ON OVER VALERIE VALERIE VALERIE VALERIE WOAH VALERIE 
LOG (gmm-latgen-faster[5.5.480~1-09abd]:DecodeUtteranceLatticeFaster():decoder-wrappers.cc:289) Log-like per frame for utterance M257946387-3771827_3771827-257941813_1301125764-GB-M-044 is -3.71414 over 2339 frames.
M257946387-3771827_3771827-257941813_1301125764-GB-M-047 WOAH VALERIE OH VALERIE 
LOG (gmm-latgen-faster[5.5.480~1-09abd]:DecodeUtteranceLatticeFaster():decoder-wrappers.cc:289) Log-like per frame for utterance M257946387-3771827_3771827-257941813_1301125764-GB-M-047 is -3.75555 over 809 frames.
M257946387-3771827_3771827-257941813_1301125764-GB-M-049 VALERIE YEAH VALERIE OH WON'T YOU COME ON OVER VALERIE 
LOG (gmm-latgen-faster[5.5.480~1-09abd]:DecodeUtteranceLatticeFaster():decoder-wrappers.cc:289) Log-like per frame for utterance M257946387-3771827_3771827-257941813_1301125764-GB-M-049 is -4.02541 over 1025 frames.
M259599446-190667431_367587-555069896_1580632124-GB-M-022 WHY CAN'T YOU HOLD ME IN THE STREET 
LOG (gmm-latgen-faster[5.5.480~1-09abd]:DecodeUtteranceLatticeFaster():decoder-wrappers.cc:289) Log-like per frame for utterance M259599446-190667431_367587-555069896_1580632124-GB-M-022 is -4.08098 over 369 frames.
M259599446-190667431_367587-555069896_1580632124-GB-M-024 CAN'T I KISS YOU ON THE DANCE FLOOR 
LOG (gmm-latgen-faster[5.5.480~1-09abd]:DecodeUtteranceLatticeFaster():decoder-wrappers.cc:289) Log-like per frame for utterance M259599446-190667431_367587-555069896_1580632124-GB-M-024 is -2.81581 over 487 frames.
M259599446-190667431_367587-555069896_1580632124-GB-M-025 I WISH THAT IT COULD BE LIKE THAT WHY CAN'T WE BE LIKE THAT CAUSE I'M YOURS WHEN YOU'RE YOURS WHEN YOU'RE WITH HIM DO YOU CALL HIS NAME LIKE YOU DO WHEN YOU'RE WITH ME DOES IT FEEL THE SAME WOULD YOU LEAVE IF I WAS READY TO SETTLE DOWN 
LOG (gmm-latgen-faster[5.5.480~1-09abd]:DecodeUtteranceLatticeFaster():decoder-wrappers.cc:289) Log-like per frame for utterance M259599446-190667431_367587-555069896_1580632124-GB-M-025 is -3.9393 over 2558 frames.
M259599446-190667431_367587-555069896_1580632124-GB-M-037 WOULD YOU PLAY IT SAFE LET IS STAY IT SAFE 
LOG (gmm-latgen-faster[5.5.480~1-09abd]:DecodeUtteranceLatticeFaster():decoder-wrappers.cc:289) Log-like per frame for utterance M259599446-190667431_367587-555069896_1580632124-GB-M-037 is -3.80594 over 525 frames.
M259599446-190667431_367587-555069896_1580632124-GB-M-038 OR KNOW KNOW THIS 
LOG (gmm-latgen-faster[5.5.480~1-09abd]:DecodeUtteranceLatticeFaster():decoder-wrappers.cc:289) Log-like per frame for utterance M259599446-190667431_367587-555069896_1580632124-GB-M-038 is -3.72805 over 221 frames.
M259599446-190667431_367587-555069896_1580632124-GB-M-040 WHEN I THAT THAT IS HOPELESS THAT US WHY CAN'T YOU HOLD ME IN THE STREET 
LOG (gmm-latgen-faster[5.5.480~1-09abd]:DecodeUtteranceLatticeFaster():decoder-wrappers.cc:289) Log-like per frame for utterance M259599446-190667431_367587-555069896_1580632124-GB-M-040 is -3.76321 over 1065 frames.
M259599446-190667431_367587-555069896_1580632124-GB-M-042 WHY CAN'T I KISS YOU ON THE DANCE FLOOR 
LOG (gmm-latgen-faster[5.5.480~1-09abd]:DecodeUtteranceLatticeFaster():decoder-wrappers.cc:289) Log-like per frame for utterance M259599446-190667431_367587-555069896_1580632124-GB-M-042 is -3.05796 over 520 frames.
M259599446-190667431_367587-555069896_1580632124-GB-M-043 I WISH THAT IT COULD BE LIKE THAT WHY CAN'T IT BE LIKE THAT CAUSE I'M YOURS HOPELESS AND NOBODY KNOWS I'M IN LOVE A SOMEONE'S BABY 
LOG (gmm-latgen-faster[5.5.480~1-09abd]:DecodeUtteranceLatticeFaster():decoder-wrappers.cc:289) Log-like per frame for utterance M259599446-190667431_367587-555069896_1580632124-GB-M-043 is -3.99623 over 1453 frames.
M259599446-190667431_367587-555069896_1580632124-GB-M-049 DON'T WANNA HIDE US AWAY 
LOG (gmm-latgen-faster[5.5.480~1-09abd]:DecodeUtteranceLatticeFaster():decoder-wrappers.cc:289) Log-like per frame for utterance M259599446-190667431_367587-555069896_1580632124-GB-M-049 is -4.07114 over 193 frames.
M259599446-190667431_367587-555069896_1580632124-GB-M-050 TELL THE WORLD ABOUT THE LOVE WE MAKING 
LOG (gmm-latgen-faster[5.5.480~1-09abd]:DecodeUtteranceLatticeFaster():decoder-wrappers.cc:289) Log-like per frame for utterance M259599446-190667431_367587-555069896_1580632124-GB-M-050 is -4.64546 over 235 frames.
M259599446-190667431_367587-555069896_1580632124-GB-M-053 IN I HOLD YOU IN THE STREET 
LOG (gmm-latgen-faster[5.5.480~1-09abd]:DecodeUtteranceLatticeFaster():decoder-wrappers.cc:289) Log-like per frame for utterance M259599446-190667431_367587-555069896_1580632124-GB-M-053 is -4.13461 over 318 frames.
M259599446-190667431_367587-555069896_1580632124-GB-M-054 IN I KISS YOU ON THE DANCE FLOOR I WISH THAT WE COULD BE LIKE THAT 
LOG (gmm-latgen-faster[5.5.480~1-09abd]:DecodeUtteranceLatticeFaster():decoder-wrappers.cc:289) Log-like per frame for utterance M259599446-190667431_367587-555069896_1580632124-GB-M-054 is -4.50785 over 817 frames.
M259599446-190667431_367587-555069896_1580632124-GB-M-056 WE BE LIKE THAT CAUSE I'M YOURS I'M YOURS 
LOG (gmm-latgen-faster[5.5.480~1-09abd]:DecodeUtteranceLatticeFaster():decoder-wrappers.cc:289) Log-like per frame for utterance M259599446-190667431_367587-555069896_1580632124-GB-M-056 is -2.75903 over 816 frames.
M259599446-190667431_367587-555069896_1580632124-GB-M-059 OH WHY CAN'T YOU HOLD ME IN THE STREET 
LOG (gmm-latgen-faster[5.5.480~1-09abd]:DecodeUtteranceLatticeFaster():decoder-wrappers.cc:289) Log-like per frame for utterance M259599446-190667431_367587-555069896_1580632124-GB-M-059 is -3.57603 over 483 frames.
M259599446-190667431_367587-555069896_1580632124-GB-M-060 KISS YOU ON THE DANCE FLOOR I WISH THAT IT COULD BE LIKE THAT 
LOG (gmm-latgen-faster[5.5.480~1-09abd]:DecodeUtteranceLatticeFaster():decoder-wrappers.cc:289) Log-like per frame for utterance M259599446-190667431_367587-555069896_1580632124-GB-M-060 is -3.65448 over 774 frames.
M259599446-190667431_367587-555069896_1580632124-GB-M-062 WHY CAN'T IT BE LIKE THAT CAUSE I'M YOURS 
LOG (gmm-latgen-faster[5.5.480~1-09abd]:DecodeUtteranceLatticeFaster():decoder-wrappers.cc:289) Log-like per frame for utterance M259599446-190667431_367587-555069896_1580632124-GB-M-062 is -3.10906 over 694 frames.
M259599446-190667431_367587-555069896_1580632124-GB-M-064 CAN'T I SAY THAT I'M IN LOVE 
LOG (gmm-latgen-faster[5.5.480~1-09abd]:DecodeUtteranceLatticeFaster():decoder-wrappers.cc:289) Log-like per frame for utterance M259599446-190667431_367587-555069896_1580632124-GB-M-064 is -3.95684 over 317 frames.
M259599446-190667431_367587-555069896_1580632124-GB-M-065 I WANNA SHOUT IT FROM THE ROOFTOPS WISH THAT IT COULD BE LIKE THAT BE LIKE THAT CAUSE I'M IN LOVE KNOW YOURS 
LOG (gmm-latgen-faster[5.5.480~1-09abd]:DecodeUtteranceLatticeFaster():decoder-wrappers.cc:289) Log-like per frame for utterance M259599446-190667431_367587-555069896_1580632124-GB-M-065 is -3.68767 over 1717 frames.
M259599446-190667431_367587-555069896_1580632124-GB-M-070 WHY CAN'T WE BE LIKE THAT 
LOG (gmm-latgen-faster[5.5.480~1-09abd]:DecodeUtteranceLatticeFaster():decoder-wrappers.cc:289) Log-like per frame for utterance M259599446-190667431_367587-555069896_1580632124-GB-M-070 is -4.9682 over 477 frames.
M259599446-190667431_367587-555069896_1580632124-GB-M-071 IT COULD BE LIKE THAT A KNOW AND 
LOG (gmm-latgen-faster[5.5.480~1-09abd]:DecodeUtteranceLatticeFaster():decoder-wrappers.cc:289) Log-like per frame for utterance M259599446-190667431_367587-555069896_1580632124-GB-M-071 is -3.87883 over 658 frames.
M267587425-66512068_448309-407096149_1558686313-GB-M-001 ALL THOSE DAYS WATCHING FROM THE WINDOWS 
LOG (gmm-latgen-faster[5.5.480~1-09abd]:DecodeUtteranceLatticeFaster():decoder-wrappers.cc:289) Log-like per frame for utterance M267587425-66512068_448309-407096149_1558686313-GB-M-001 is -4.32051 over 390 frames.
M267587425-66512068_448309-407096149_1558686313-GB-M-002 ALL THOSE YEARS OUTSIDE LOOKING IN ALL THAT TIME NEVER EVEN KNOWING JUST HOW BLIND I'VE BEEN 
LOG (gmm-latgen-faster[5.5.480~1-09abd]:DecodeUtteranceLatticeFaster():decoder-wrappers.cc:289) Log-like per frame for utterance M267587425-66512068_448309-407096149_1558686313-GB-M-002 is -4.26183 over 1410 frames.
M267587425-66512068_448309-407096149_1558686313-GB-M-005 NOW I'M HERE BLINKING IN THE STARLIGHT 
LOG (gmm-latgen-faster[5.5.480~1-09abd]:DecodeUtteranceLatticeFaster():decoder-wrappers.cc:289) Log-like per frame for utterance M267587425-66512068_448309-407096149_1558686313-GB-M-005 is -4.37691 over 367 frames.
M267587425-66512068_448309-407096149_1558686313-GB-M-006 NOW I'M HERE SUDDENLY I SEE STANDING HERE IT'S ALL SO CLEAR I'M WHERE TO BE AND AT LAST I SEE THE LIGHT AND IT'S LIKE THE FOG HAS LIFTED AND AT LAST I SEE THE LIGHT AND IT'S LIKE THE SKY IS NEW 
LOG (gmm-latgen-faster[5.5.480~1-09abd]:DecodeUtteranceLatticeFaster():decoder-wrappers.cc:289) Log-like per frame for utterance M267587425-66512068_448309-407096149_1558686313-GB-M-006 is -4.24819 over 3405 frames.
M267587425-66512068_448309-407096149_1558686313-GB-M-014 AND IT'S WARM AND REAL AND BRIGHT AND THE WORLD HAS SOMEHOW SHIFTED 
LOG (gmm-latgen-faster[5.5.480~1-09abd]:DecodeUtteranceLatticeFaster():decoder-wrappers.cc:289) Log-like per frame for utterance M267587425-66512068_448309-407096149_1558686313-GB-M-014 is -3.80092 over 1122 frames.
M267587425-66512068_448309-407096149_1558686313-GB-M-016 ALL AT ONCE EVERYTHING 
LOG (gmm-latgen-faster[5.5.480~1-09abd]:DecodeUtteranceLatticeFaster():decoder-wrappers.cc:289) Log-like per frame for utterance M267587425-66512068_448309-407096149_1558686313-GB-M-016 is -4.43316 over 294 frames.
M267587425-66512068_448309-407096149_1558686313-GB-M-018 NOW THAT I SEE YOU KEEP IN YOU ALL THOSE THOSE DAYS CHASING DOWN A DAYDREAM ALL THOSE YEARS LIVING IN A BLUR ALL THAT TIME NEVER TRULY SEEING THINGS THE WAY THEY WERE 
LOG (gmm-latgen-faster[5.5.480~1-09abd]:DecodeUtteranceLatticeFaster():decoder-wrappers.cc:289) Log-like per frame for utterance M267587425-66512068_448309-407096149_1558686313-GB-M-018 is -4.2213 over 5310 frames.
M267587425-66512068_448309-407096149_1558686313-GB-M-023 NOW SHE'S HERE SHINING IN THE STARLIGHT NOW SHE'S HERE SUDDENLY I KNOW IF SHE'S HERE IT'S CRYSTAL CLEAR I'M WHERE I'M MEANT TO GO AND AT LAST I SEE THE LIGHT AND IT'S LIKE THE FOG HAS LIFTED AND AT LAST I SEE THE LIGHT AND IT'S LIKE THE SKY IS AND IT'S WARM AND REAL AND BRIGHT AND THE WORLD HAS SOMEHOW SHIFTED ALL AT ALL AT ONCE EVERYTHING IS DO 
LOG (gmm-latgen-faster[5.5.480~1-09abd]:DecodeUtteranceLatticeFaster():decoder-wrappers.cc:289) Log-like per frame for utterance M267587425-66512068_448309-407096149_1558686313-GB-M-023 is -4.08888 over 5448 frames.
M267587425-66512068_448309-407096149_1558686313-GB-M-040 AND NOW THAT I SEE YOU 
LOG (gmm-latgen-faster[5.5.480~1-09abd]:DecodeUtteranceLatticeFaster():decoder-wrappers.cc:289) Log-like per frame for utterance M267587425-66512068_448309-407096149_1558686313-GB-M-040 is -3.81818 over 984 frames.
M267587425-66512068_448309-407096149_1558686313-GB-M-041 NOW THAT I SEE 
LOG (gmm-latgen-faster[5.5.480~1-09abd]:DecodeUtteranceLatticeFaster():decoder-wrappers.cc:289) Log-like per frame for utterance M267587425-66512068_448309-407096149_1558686313-GB-M-041 is -3.85207 over 423 frames.
M269408401-414803040_3049065-751271405_1628463922-GB-M-013 BUT EVERY TIME YOU 
LOG (gmm-latgen-faster[5.5.480~1-09abd]:DecodeUtteranceLatticeFaster():decoder-wrappers.cc:289) Log-like per frame for utterance M269408401-414803040_3049065-751271405_1628463922-GB-M-013 is -4.11862 over 209 frames.
M269408401-414803040_3049065-751271405_1628463922-GB-M-014 THE LESS THAT I CRY 
LOG (gmm-latgen-faster[5.5.480~1-09abd]:DecodeUtteranceLatticeFaster():decoder-wrappers.cc:289) Log-like per frame for utterance M269408401-414803040_3049065-751271405_1628463922-GB-M-014 is -4.40698 over 239 frames.
M269408401-414803040_3049065-751271405_1628463922-GB-M-015 EVERY TIME YOU LEAVE ME 
LOG (gmm-latgen-faster[5.5.480~1-09abd]:DecodeUtteranceLatticeFaster():decoder-wrappers.cc:289) Log-like per frame for utterance M269408401-414803040_3049065-751271405_1628463922-GB-M-015 is -4.00005 over 246 frames.
M269408401-414803040_3049065-751271405_1628463922-GB-M-016 THE QUICKER THESE TEARS DRY AND EVERY TIME YOU WALK OUT THE LESS I LOVE YOU 
LOG (gmm-latgen-faster[5.5.480~1-09abd]:DecodeUtteranceLatticeFaster():decoder-wrappers.cc:289) Log-like per frame for utterance M269408401-414803040_3049065-751271405_1628463922-GB-M-016 is -4.19644 over 696 frames.
M269408401-414803040_3049065-751271405_1628463922-GB-M-019 BABY WE DON'T STAND A CHANCE IT'S SAD BUT IT'S TRUE 
LOG (gmm-latgen-faster[5.5.480~1-09abd]:DecodeUtteranceLatticeFaster():decoder-wrappers.cc:289) Log-like per frame for utterance M269408401-414803040_3049065-751271405_1628463922-GB-M-019 is -4.72508 over 438 frames.
M269408401-414803040_3049065-751271405_1628463922-GB-M-039 AND EVERY TIME YOU HURT 
LOG (gmm-latgen-faster[5.5.480~1-09abd]:DecodeUtteranceLatticeFaster():decoder-wrappers.cc:289) Log-like per frame for utterance M269408401-414803040_3049065-751271405_1628463922-GB-M-039 is -3.97012 over 213 frames.
M269408401-414803040_3049065-751271405_1628463922-GB-M-040 THE LESS THAT I CRY 
LOG (gmm-latgen-faster[5.5.480~1-09abd]:DecodeUtteranceLatticeFaster():decoder-wrappers.cc:289) Log-like per frame for utterance M269408401-414803040_3049065-751271405_1628463922-GB-M-040 is -4.34623 over 244 frames.
M269408401-414803040_3049065-751271405_1628463922-GB-M-041 EVERY TIME YOU LEAVE ME THE QUICKER THESE TEARS DRY AND EVERY TIME YOU WALK OUT THE LESS I LOVE YOU 
LOG (gmm-latgen-faster[5.5.480~1-09abd]:DecodeUtteranceLatticeFaster():decoder-wrappers.cc:289) Log-like per frame for utterance M269408401-414803040_3049065-751271405_1628463922-GB-M-041 is -4.16144 over 958 frames.
M269408401-414803040_3049065-751271405_1628463922-GB-M-045 BABY WE DON'T STAND A CHANCE IT'S SAD BUT IT'S YOU 
LOG (gmm-latgen-faster[5.5.480~1-09abd]:DecodeUtteranceLatticeFaster():decoder-wrappers.cc:289) Log-like per frame for utterance M269408401-414803040_3049065-751271405_1628463922-GB-M-045 is -4.74162 over 426 frames.
M269408401-414803040_3049065-751271405_1628463922-GB-M-062 AND EVERY TIME YOU HURT ME THE LESS THAT I CRY 
LOG (gmm-latgen-faster[5.5.480~1-09abd]:DecodeUtteranceLatticeFaster():decoder-wrappers.cc:289) Log-like per frame for utterance M269408401-414803040_3049065-751271405_1628463922-GB-M-062 is -4.51392 over 484 frames.
M269408401-414803040_3049065-751271405_1628463922-GB-M-064 AND EVERY TIME YOU LEAVE ME THE 
LOG (gmm-latgen-faster[5.5.480~1-09abd]:DecodeUtteranceLatticeFaster():decoder-wrappers.cc:289) Log-like per frame for utterance M269408401-414803040_3049065-751271405_1628463922-GB-M-064 is -4.06945 over 245 frames.
M269408401-414803040_3049065-751271405_1628463922-GB-M-065 THE QUICKER THESE TEARS DRY 
LOG (gmm-latgen-faster[5.5.480~1-09abd]:DecodeUtteranceLatticeFaster():decoder-wrappers.cc:289) Log-like per frame for utterance M269408401-414803040_3049065-751271405_1628463922-GB-M-065 is -4.45718 over 207 frames.
M269408401-414803040_3049065-751271405_1628463922-GB-M-066 EVERY TIME YOU WALK OUT THE LESS I LOVE YOU WALK 
LOG (gmm-latgen-faster[5.5.480~1-09abd]:DecodeUtteranceLatticeFaster():decoder-wrappers.cc:289) Log-like per frame for utterance M269408401-414803040_3049065-751271405_1628463922-GB-M-066 is -4.17877 over 483 frames.
M269408401-414803040_3049065-751271405_1628463922-GB-M-068 BABY WE DON'T STAND A CHANCE IT'S SAD BUT IT'S YOU WALK 
LOG (gmm-latgen-faster[5.5.480~1-09abd]:DecodeUtteranceLatticeFaster():decoder-wrappers.cc:289) Log-like per frame for utterance M269408401-414803040_3049065-751271405_1628463922-GB-M-068 is -4.74564 over 439 frames.
M272458001-789788546_2113106-1003307653_1342188856-GB-M-037 TAKE I'M BACK CARE SAD BUT FOR MAKE ON THAT DON'T AND EVERY TIME YOU GOT WILL THAT MAKE THAT WE DON'T IF I BACK WHAT OF AT GOODBYES YEAH FEEL THAT DON'T WHEN I I FROM SOUTH THAT DON'T MEAN I'M HOW COME BACK 
LOG (gmm-latgen-faster[5.5.480~1-09abd]:DecodeUtteranceLatticeFaster():decoder-wrappers.cc:289) Log-like per frame for utterance M272458001-789788546_2113106-1003307653_1342188856-GB-M-037 is -4.71967 over 1903 frames.
M275719765-317970087_1778877-490539411_1554827520-GB-M-001 HOLD UP NO YOU DIDN'T BOW BOW I 
LOG (gmm-latgen-faster[5.5.480~1-09abd]:DecodeUtteranceLatticeFaster():decoder-wrappers.cc:289) Log-like per frame for utterance M275719765-317970087_1778877-490539411_1554827520-GB-M-001 is -4.5277 over 294 frames.
M275719765-317970087_1778877-490539411_1554827520-GB-M-003 THE ABOUT YOU AROUND TOWN 
LOG (gmm-latgen-faster[5.5.480~1-09abd]:DecodeUtteranceLatticeFaster():decoder-wrappers.cc:289) Log-like per frame for utterance M275719765-317970087_1778877-490539411_1554827520-GB-M-003 is -4.58289 over 177 frames.
M275719765-317970087_1778877-490539411_1554827520-GB-M-005 PACKIN' MAKE WHOOP DOWN SOUTH THAT DON'T MEAN I'M 
LOG (gmm-latgen-faster[5.5.480~1-09abd]:DecodeUtteranceLatticeFaster():decoder-wrappers.cc:289) Log-like per frame for utterance M275719765-317970087_1778877-490539411_1554827520-GB-M-005 is -4.98911 over 284 frames.
M275719765-317970087_1778877-490539411_1554827520-GB-M-007 THE THE TAKE IT DOWN BABY OH I'M A MACHINE WHEN I DO 
LOG (gmm-latgen-faster[5.5.480~1-09abd]:DecodeUtteranceLatticeFaster():decoder-wrappers.cc:289) Log-like per frame for utterance M275719765-317970087_1778877-490539411_1554827520-GB-M-007 is -4.97874 over 410 frames.
M275719765-317970087_1778877-490539411_1554827520-GB-M-010 MY GASOLINE WHEN 
LOG (gmm-latgen-faster[5.5.480~1-09abd]:DecodeUtteranceLatticeFaster():decoder-wrappers.cc:289) Log-like per frame for utterance M275719765-317970087_1778877-490539411_1554827520-GB-M-010 is -4.9911 over 114 frames.
M275719765-317970087_1778877-490539411_1554827520-GB-M-012 MY YOU MAKE IT DOWN SOUTH THAT DON'T MEAN I'M 
LOG (gmm-latgen-faster[5.5.480~1-09abd]:DecodeUtteranceLatticeFaster():decoder-wrappers.cc:289) Log-like per frame for utterance M275719765-317970087_1778877-490539411_1554827520-GB-M-012 is -4.71172 over 288 frames.
M275719765-317970087_1778877-490539411_1554827520-GB-M-015 GONNA TAKE IT LAYING DOWN BABY YOU'RE THE MAN BUT I GOT I GOT I GOT THE POWER YOU MAKE RAIN BUT I'LL MAKE IT I'LL MAKE IT I'LL MAKE IT SHOWER YOU SHOULD KNOW A 
LOG (gmm-latgen-faster[5.5.480~1-09abd]:DecodeUtteranceLatticeFaster():decoder-wrappers.cc:289) Log-like per frame for utterance M275719765-317970087_1778877-490539411_1554827520-GB-M-015 is -4.13601 over 1469 frames.
M275719765-317970087_1778877-490539411_1554827520-GB-M-022 ONE WHO'S IN CONTROL I'LL LET YOU COME TAKE THE WHEEL I'M THE SEE DON'T FORGET 
LOG (gmm-latgen-faster[5.5.480~1-09abd]:DecodeUtteranceLatticeFaster():decoder-wrappers.cc:289) Log-like per frame for utterance M275719765-317970087_1778877-490539411_1554827520-GB-M-022 is -3.76177 over 762 frames.
M275719765-317970087_1778877-490539411_1554827520-GB-M-026 WHO GOT THE POWER 
LOG (gmm-latgen-faster[5.5.480~1-09abd]:DecodeUtteranceLatticeFaster():decoder-wrappers.cc:289) Log-like per frame for utterance M275719765-317970087_1778877-490539411_1554827520-GB-M-026 is -5.25675 over 118 frames.
M275719765-317970087_1778877-490539411_1554827520-GB-M-032 MY TURN I ME 
LOG (gmm-latgen-faster[5.5.480~1-09abd]:DecodeUtteranceLatticeFaster():decoder-wrappers.cc:289) Log-like per frame for utterance M275719765-317970087_1778877-490539411_1554827520-GB-M-032 is -5.17173 over 101 frames.
M275719765-317970087_1778877-490539411_1554827520-GB-M-034 I'M THE GASOLINE ME YEAH THEY CALL ME LAMBORGHINI 'CAUSE SO KNOW I'M WHAT TO ZERO TO HUNDRED BUT THE BODY THE 
LOG (gmm-latgen-faster[5.5.480~1-09abd]:DecodeUtteranceLatticeFaster():decoder-wrappers.cc:289) Log-like per frame for utterance M275719765-317970087_1778877-490539411_1554827520-GB-M-034 is -5.51855 over 597 frames.
M275719765-317970087_1778877-490539411_1554827520-GB-M-039 BUT I SO MY ENGINE PUSH 
LOG (gmm-latgen-faster[5.5.480~1-09abd]:DecodeUtteranceLatticeFaster():decoder-wrappers.cc:289) Log-like per frame for utterance M275719765-317970087_1778877-490539411_1554827520-GB-M-039 is -5.57798 over 126 frames.
M275719765-317970087_1778877-490539411_1554827520-GB-M-040 CAN 'CAUSE I'M GON' BE COMING FIRST YEAH I'M A MACHINE WHEN I DO IT I'LL BE CATCHING FIRE GASOLINE WHEN I 
LOG (gmm-latgen-faster[5.5.480~1-09abd]:DecodeUtteranceLatticeFaster():decoder-wrappers.cc:289) Log-like per frame for utterance M275719765-317970087_1778877-490539411_1554827520-GB-M-040 is -5.17069 over 672 frames.
M275719765-317970087_1778877-490539411_1554827520-GB-M-044 JUST COS YOU'RE PACKIN' MAKE IT DOWN SOUTH THAT DON'T MEAN I'M EVER GONNA TAKE IT I'M DOWN BABY YOU'RE THE MAN BUT I GOT I GOT I GOT THE POWER YOU MAKE RAIN 
LOG (gmm-latgen-faster[5.5.480~1-09abd]:DecodeUtteranceLatticeFaster():decoder-wrappers.cc:289) Log-like per frame for utterance M275719765-317970087_1778877-490539411_1554827520-GB-M-044 is -4.26288 over 1396 frames.
M275719765-317970087_1778877-490539411_1554827520-GB-M-052 BUT I'LL MAKE IT I'LL MAKE IT I'LL MAKE IT SHOWER YOU SHOULD KNOW I'M THE ONE WHO'S IN CONTROL I'LL LET YOU COME TAKE THE WHEEL AS LONG AS YOU DON'T FORGET 
LOG (gmm-latgen-faster[5.5.480~1-09abd]:DecodeUtteranceLatticeFaster():decoder-wrappers.cc:289) Log-like per frame for utterance M275719765-317970087_1778877-490539411_1554827520-GB-M-052 is -3.95285 over 1324 frames.
M275719765-317970087_1778877-490539411_1554827520-GB-M-059 WHO GOT THE POWER 
LOG (gmm-latgen-faster[5.5.480~1-09abd]:DecodeUtteranceLatticeFaster():decoder-wrappers.cc:289) Log-like per frame for utterance M275719765-317970087_1778877-490539411_1554827520-GB-M-059 is -5.26553 over 99 frames.
M275719765-317970087_1778877-490539411_1554827520-GB-M-069 WHO GOT THE POWER DON'T BE FOOLED I GOT YOU WRAPPED UP IN THE ARMS OF AN ANIMAL GOT YOU THINKING THAT I'M ALL INNOCENT BUT WAIT 'TILL I GET YOU HOME IF YOU DON'T BABY YOU SHOULD KNOW 
LOG (gmm-latgen-faster[5.5.480~1-09abd]:DecodeUtteranceLatticeFaster():decoder-wrappers.cc:289) Log-like per frame for utterance M275719765-317970087_1778877-490539411_1554827520-GB-M-069 is -4.39273 over 1564 frames.
M275719765-317970087_1778877-490539411_1554827520-GB-M-075 I'M THE ONE WHO'S IN CONTROL 
LOG (gmm-latgen-faster[5.5.480~1-09abd]:DecodeUtteranceLatticeFaster():decoder-wrappers.cc:289) Log-like per frame for utterance M275719765-317970087_1778877-490539411_1554827520-GB-M-075 is -2.38117 over 566 frames.
M275719765-317970087_1778877-490539411_1554827520-GB-M-076 MOTORBIKE MOTORBIKE MOTORBIKE MOTORBIKE BIKE BIKE BIKE BIKE BIKE BIKE BIKE BIKE BIKE BIKE YOU'RE THE MAN 
LOG (gmm-latgen-faster[5.5.480~1-09abd]:DecodeUtteranceLatticeFaster():decoder-wrappers.cc:289) Log-like per frame for utterance M275719765-317970087_1778877-490539411_1554827520-GB-M-076 is -4.40747 over 777 frames.
M275719765-317970087_1778877-490539411_1554827520-GB-M-083 BUT I GOT I GOT I GOT THE POWER YOU MAKE RAIN 
LOG (gmm-latgen-faster[5.5.480~1-09abd]:DecodeUtteranceLatticeFaster():decoder-wrappers.cc:289) Log-like per frame for utterance M275719765-317970087_1778877-490539411_1554827520-GB-M-083 is -3.92376 over 502 frames.
M275719765-317970087_1778877-490539411_1554827520-GB-M-085 BUT I'LL MAKE IT I'LL MAKE IT I'LL MAKE IT SHOWER YOU SHOULD KNOW I'M 
LOG (gmm-latgen-faster[5.5.480~1-09abd]:DecodeUtteranceLatticeFaster():decoder-wrappers.cc:289) Log-like per frame for utterance M275719765-317970087_1778877-490539411_1554827520-GB-M-085 is -4.26464 over 476 frames.
M275719765-317970087_1778877-490539411_1554827520-GB-M-088 ONE WHO'S IN CONTROL I'LL LET YOU COME TAKE THE WHEEL AS YOU DON'T FORGET 
LOG (gmm-latgen-faster[5.5.480~1-09abd]:DecodeUtteranceLatticeFaster():decoder-wrappers.cc:289) Log-like per frame for utterance M275719765-317970087_1778877-490539411_1554827520-GB-M-088 is -3.7372 over 736 frames.
M275719765-317970087_1778877-490539411_1554827520-GB-M-091 YOU'RE THE MAN BUT I GOT I GOT I GOT THE POWER YOU MAKE RAIN YOU MAKE 
LOG (gmm-latgen-faster[5.5.480~1-09abd]:DecodeUtteranceLatticeFaster():decoder-wrappers.cc:289) Log-like per frame for utterance M275719765-317970087_1778877-490539411_1554827520-GB-M-091 is -3.99584 over 747 frames.
M275719765-317970087_1778877-490539411_1554827520-GB-M-094 RAIN YEAH YEAH MAN 
LOG (gmm-latgen-faster[5.5.480~1-09abd]:DecodeUtteranceLatticeFaster():decoder-wrappers.cc:289) Log-like per frame for utterance M275719765-317970087_1778877-490539411_1554827520-GB-M-094 is -3.97972 over 306 frames.
M275719765-317970087_1778877-490539411_1554827520-GB-M-096 YOU SHOULD KNOW I'M THE ONE WHO'S IN CONTROL I'LL LET YOU COME TAKE THE WHEEL AS YOU DON'T FORGET YOU DON'T FORGET EVERY 
LOG (gmm-latgen-faster[5.5.480~1-09abd]:DecodeUtteranceLatticeFaster():decoder-wrappers.cc:289) Log-like per frame for utterance M275719765-317970087_1778877-490539411_1554827520-GB-M-096 is -3.95666 over 1047 frames.
M275719765-317970087_1778877-490539411_1554827520-GB-M-101 GOT ON 
LOG (gmm-latgen-faster[5.5.480~1-09abd]:DecodeUtteranceLatticeFaster():decoder-wrappers.cc:289) Log-like per frame for utterance M275719765-317970087_1778877-490539411_1554827520-GB-M-101 is -2.89409 over 184 frames.
M275719765-317970087_1778877-490539411_1554827520-GB-M-102 WILL KNOW 
LOG (gmm-latgen-faster[5.5.480~1-09abd]:DecodeUtteranceLatticeFaster():decoder-wrappers.cc:289) Log-like per frame for utterance M275719765-317970087_1778877-490539411_1554827520-GB-M-102 is -3.04917 over 185 frames.
M275719765-317970087_1778877-490539411_1554827520-GB-M-103 I GOT WHAT 
LOG (gmm-latgen-faster[5.5.480~1-09abd]:DecodeUtteranceLatticeFaster():decoder-wrappers.cc:289) Log-like per frame for utterance M275719765-317970087_1778877-490539411_1554827520-GB-M-103 is -3.27032 over 191 frames.
M275719765-317970087_1778877-490539411_1554827520-GB-M-104 I GOT I GOT I GOT THE POWER OH KNOW YEAH YEAH YEAH I GOT BABY DON'T FORGET I GOT THE I GOT THE POWER 
LOG (gmm-latgen-faster[5.5.480~1-09abd]:DecodeUtteranceLatticeFaster():decoder-wrappers.cc:289) Log-like per frame for utterance M275719765-317970087_1778877-490539411_1554827520-GB-M-104 is -3.85857 over 1144 frames.
M275719765-317970087_1778877-490539411_1554827520-GB-M-108 MY WE AS 
LOG (gmm-latgen-faster[5.5.480~1-09abd]:DecodeUtteranceLatticeFaster():decoder-wrappers.cc:289) Log-like per frame for utterance M275719765-317970087_1778877-490539411_1554827520-GB-M-108 is -4.11833 over 99 frames.
M286080008-397162491_2149996-286075868_1555260479-GB-M-009 
LOG (gmm-latgen-faster[5.5.480~1-09abd]:DecodeUtteranceLatticeFaster():decoder-wrappers.cc:289) Log-like per frame for utterance M286080008-397162491_2149996-286075868_1555260479-GB-M-009 is -7.23003 over 154 frames.
M286080008-397162491_2149996-286075868_1555260479-GB-M-014 THE THE TO KNOW STOP ME 
LOG (gmm-latgen-faster[5.5.480~1-09abd]:DecodeUtteranceLatticeFaster():decoder-wrappers.cc:289) Log-like per frame for utterance M286080008-397162491_2149996-286075868_1555260479-GB-M-014 is -4.93778 over 491 frames.
M286080008-397162491_2149996-286075868_1555260479-GB-M-020 SAY BOY LET'S NOT TALK TOO MUCH GRAB ON ME BABY ROOM 
LOG (gmm-latgen-faster[5.5.480~1-09abd]:DecodeUtteranceLatticeFaster():decoder-wrappers.cc:289) Log-like per frame for utterance M286080008-397162491_2149996-286075868_1555260479-GB-M-020 is -4.086 over 436 frames.
M286080008-397162491_2149996-286075868_1555260479-GB-M-028 LOVE WITH IT A 
LOG (gmm-latgen-faster[5.5.480~1-09abd]:DecodeUtteranceLatticeFaster():decoder-wrappers.cc:289) Log-like per frame for utterance M286080008-397162491_2149996-286075868_1555260479-GB-M-028 is -4.59376 over 122 frames.
M286080008-397162491_2149996-286075868_1555260479-GB-M-029 BABY COME 
LOG (gmm-latgen-faster[5.5.480~1-09abd]:DecodeUtteranceLatticeFaster():decoder-wrappers.cc:289) Log-like per frame for utterance M286080008-397162491_2149996-286075868_1555260479-GB-M-029 is -4.10244 over 111 frames.
M286080008-397162491_2149996-286075868_1555260479-GB-M-031 DISCOVERING BRAND 
LOG (gmm-latgen-faster[5.5.480~1-09abd]:DecodeUtteranceLatticeFaster():decoder-wrappers.cc:289) Log-like per frame for utterance M286080008-397162491_2149996-286075868_1555260479-GB-M-031 is -4.69367 over 175 frames.
M286080008-397162491_2149996-286075868_1555260479-GB-M-038 OH I LOVE WITH THE POWER 
LOG (gmm-latgen-faster[5.5.480~1-09abd]:DecodeUtteranceLatticeFaster():decoder-wrappers.cc:289) Log-like per frame for utterance M286080008-397162491_2149996-286075868_1555260479-GB-M-038 is -4.61024 over 240 frames.
M286080008-397162491_2149996-286075868_1555260479-GB-M-039 BUT BABY GOT BABY 
LOG (gmm-latgen-faster[5.5.480~1-09abd]:DecodeUtteranceLatticeFaster():decoder-wrappers.cc:289) Log-like per frame for utterance M286080008-397162491_2149996-286075868_1555260479-GB-M-039 is -4.92918 over 179 frames.
M286080008-397162491_2149996-286075868_1555260479-GB-M-048 
LOG (gmm-latgen-faster[5.5.480~1-09abd]:DecodeUtteranceLatticeFaster():decoder-wrappers.cc:289) Log-like per frame for utterance M286080008-397162491_2149996-286075868_1555260479-GB-M-048 is -7.92934 over 124 frames.
M286080008-397162491_2149996-286075868_1555260479-GB-M-056 IT'S WANT YOUR BODY ON MY ROOM 
LOG (gmm-latgen-faster[5.5.480~1-09abd]:DecodeUtteranceLatticeFaster():decoder-wrappers.cc:289) Log-like per frame for utterance M286080008-397162491_2149996-286075868_1555260479-GB-M-056 is -5.00555 over 482 frames.
M286080008-397162491_2149996-286075868_1555260479-GB-M-062 AND LET'S NOT AND GRAB ON THAT BODY ON ME 
LOG (gmm-latgen-faster[5.5.480~1-09abd]:DecodeUtteranceLatticeFaster():decoder-wrappers.cc:289) Log-like per frame for utterance M286080008-397162491_2149996-286075868_1555260479-GB-M-062 is -4.29263 over 440 frames.
M286080008-397162491_2149996-286075868_1555260479-GB-M-070 LOVE WITH YOUR BODY 
LOG (gmm-latgen-faster[5.5.480~1-09abd]:DecodeUtteranceLatticeFaster():decoder-wrappers.cc:289) Log-like per frame for utterance M286080008-397162491_2149996-286075868_1555260479-GB-M-070 is -4.54416 over 242 frames.
M286080008-397162491_2149996-286075868_1555260479-GB-M-073 EVERY DAY DISCOVERING SOMETHING BRAND NEW 
LOG (gmm-latgen-faster[5.5.480~1-09abd]:DecodeUtteranceLatticeFaster():decoder-wrappers.cc:289) Log-like per frame for utterance M286080008-397162491_2149996-286075868_1555260479-GB-M-073 is -4.48984 over 235 frames.
M286080008-397162491_2149996-286075868_1555260479-GB-M-080 OH I WANT BABY MY ROOM 
LOG (gmm-latgen-faster[5.5.480~1-09abd]:DecodeUtteranceLatticeFaster():decoder-wrappers.cc:289) Log-like per frame for utterance M286080008-397162491_2149996-286075868_1555260479-GB-M-080 is -4.71421 over 245 frames.
M286080008-397162491_2149996-286075868_1555260479-GB-M-098 LOVE WITH YOUR BABY MY ROOM 
LOG (gmm-latgen-faster[5.5.480~1-09abd]:DecodeUtteranceLatticeFaster():decoder-wrappers.cc:289) Log-like per frame for utterance M286080008-397162491_2149996-286075868_1555260479-GB-M-098 is -4.60981 over 252 frames.
M286080008-397162491_2149996-286075868_1555260479-GB-M-100 BUT THE YOU EVERY DAY COME 
LOG (gmm-latgen-faster[5.5.480~1-09abd]:DecodeUtteranceLatticeFaster():decoder-wrappers.cc:289) Log-like per frame for utterance M286080008-397162491_2149996-286075868_1555260479-GB-M-100 is -4.89129 over 244 frames.
M286080008-397162491_2149996-286075868_1555260479-GB-M-110 MY BABY COME ON 
LOG (gmm-latgen-faster[5.5.480~1-09abd]:DecodeUtteranceLatticeFaster():decoder-wrappers.cc:289) Log-like per frame for utterance M286080008-397162491_2149996-286075868_1555260479-GB-M-110 is -4.30212 over 143 frames.
M286080008-397162491_2149996-286075868_1555260479-GB-M-113 EVERY DAY BUT BABY BRAND 
LOG (gmm-latgen-faster[5.5.480~1-09abd]:DecodeUtteranceLatticeFaster():decoder-wrappers.cc:289) Log-like per frame for utterance M286080008-397162491_2149996-286075868_1555260479-GB-M-113 is -4.86881 over 235 frames.
M286743656-80879939_199551-396404832_1585650959-GB-M-006 OH I 
LOG (gmm-latgen-faster[5.5.480~1-09abd]:DecodeUtteranceLatticeFaster():decoder-wrappers.cc:289) Log-like per frame for utterance M286743656-80879939_199551-396404832_1585650959-GB-M-006 is -3.63009 over 274 frames.
M286743656-80879939_199551-396404832_1585650959-GB-M-007 I NEED YOU IN MY ARMS NEED YOU TO HOLD YOU'RE MY WORLD MY HEART MY SOUL IF YOU EVER LEAVE 
LOG (gmm-latgen-faster[5.5.480~1-09abd]:DecodeUtteranceLatticeFaster():decoder-wrappers.cc:289) Log-like per frame for utterance M286743656-80879939_199551-396404832_1585650959-GB-M-007 is -3.9152 over 1101 frames.
M286743656-80879939_199551-396404832_1585650959-GB-M-012 TAKE AWAY EVERYTHING GOOD IN MY LIFE 
LOG (gmm-latgen-faster[5.5.480~1-09abd]:DecodeUtteranceLatticeFaster():decoder-wrappers.cc:289) Log-like per frame for utterance M286743656-80879939_199551-396404832_1585650959-GB-M-012 is -4.06903 over 586 frames.
M286743656-80879939_199551-396404832_1585650959-GB-M-014 HOW DO I LITTLE WILL OF ON BE YOU I WANT TO KNOW WOULD 
LOG (gmm-latgen-faster[5.5.480~1-09abd]:DecodeUtteranceLatticeFaster():decoder-wrappers.cc:289) Log-like per frame for utterance M286743656-80879939_199551-396404832_1585650959-GB-M-014 is -4.14169 over 740 frames.
M286743656-80879939_199551-396404832_1585650959-GB-M-018 HOW DO I EVER EVER SURVIVE 
LOG (gmm-latgen-faster[5.5.480~1-09abd]:DecodeUtteranceLatticeFaster():decoder-wrappers.cc:289) Log-like per frame for utterance M286743656-80879939_199551-396404832_1585650959-GB-M-018 is -3.20342 over 639 frames.
M286743656-80879939_199551-396404832_1585650959-GB-M-020 HOW DO I HOW DO I HOW DO I LIVE 
LOG (gmm-latgen-faster[5.5.480~1-09abd]:DecodeUtteranceLatticeFaster():decoder-wrappers.cc:289) Log-like per frame for utterance M286743656-80879939_199551-396404832_1585650959-GB-M-020 is -3.62188 over 598 frames.
M286743656-80879939_199551-396404832_1585650959-GB-M-021 WITHOUT YOU 
LOG (gmm-latgen-faster[5.5.480~1-09abd]:DecodeUtteranceLatticeFaster():decoder-wrappers.cc:289) Log-like per frame for utterance M286743656-80879939_199551-396404832_1585650959-GB-M-021 is -4.02773 over 254 frames.
M286743656-80879939_199551-396404832_1585650959-GB-M-022 THERE'D BE NO SUN IN MY SKY THERE WOULD BE NO LOVE IN MY LIFE THERE'D BE NO WORLD LEFT FOR ME AND 
LOG (gmm-latgen-faster[5.5.480~1-09abd]:DecodeUtteranceLatticeFaster():decoder-wrappers.cc:289) Log-like per frame for utterance M286743656-80879939_199551-396404832_1585650959-GB-M-022 is -3.64101 over 1434 frames.
M286743656-80879939_199551-396404832_1585650959-GB-M-027 BABY I DON'T KNOW WHAT I WOULD DO I'D I'D BE LOST IF I LOST YOU YOU EVER LEAVE BABY YOU BABY YOU 
LOG (gmm-latgen-faster[5.5.480~1-09abd]:DecodeUtteranceLatticeFaster():decoder-wrappers.cc:289) Log-like per frame for utterance M286743656-80879939_199551-396404832_1585650959-GB-M-027 is -4.07352 over 1263 frames.
M286743656-80879939_199551-396404832_1585650959-GB-M-032 TAKE AWAY EVERYTHING 
LOG (gmm-latgen-faster[5.5.480~1-09abd]:DecodeUtteranceLatticeFaster():decoder-wrappers.cc:289) Log-like per frame for utterance M286743656-80879939_199551-396404832_1585650959-GB-M-032 is -4.50916 over 227 frames.
M286743656-80879939_199551-396404832_1585650959-GB-M-033 AND TELL ME NOW HOW DO I LIVE WITHOUT OF WILL WANT TO KNOW 
LOG (gmm-latgen-faster[5.5.480~1-09abd]:DecodeUtteranceLatticeFaster():decoder-wrappers.cc:289) Log-like per frame for utterance M286743656-80879939_199551-396404832_1585650959-GB-M-033 is -3.7953 over 758 frames.
M286743656-80879939_199551-396404832_1585650959-GB-M-036 HOW DO I BREATHE WITHOUT YOU GO 
LOG (gmm-latgen-faster[5.5.480~1-09abd]:DecodeUtteranceLatticeFaster():decoder-wrappers.cc:289) Log-like per frame for utterance M286743656-80879939_199551-396404832_1585650959-GB-M-036 is -4.18338 over 452 frames.
M286743656-80879939_199551-396404832_1585650959-GB-M-038 HOW DO I EVER EVER SURVIVE 
LOG (gmm-latgen-faster[5.5.480~1-09abd]:DecodeUtteranceLatticeFaster():decoder-wrappers.cc:289) Log-like per frame for utterance M286743656-80879939_199551-396404832_1585650959-GB-M-038 is -3.15567 over 678 frames.
M286743656-80879939_199551-396404832_1585650959-GB-M-039 HOW DO I HOW DO I HOW DO I LIVE 
LOG (gmm-latgen-faster[5.5.480~1-09abd]:DecodeUtteranceLatticeFaster():decoder-wrappers.cc:289) Log-like per frame for utterance M286743656-80879939_199551-396404832_1585650959-GB-M-039 is -3.78033 over 622 frames.
M286743656-80879939_199551-396404832_1585650959-GB-M-042 YOU EVER LEAVE 
LOG (gmm-latgen-faster[5.5.480~1-09abd]:DecodeUtteranceLatticeFaster():decoder-wrappers.cc:289) Log-like per frame for utterance M286743656-80879939_199551-396404832_1585650959-GB-M-042 is -3.17673 over 308 frames.
M286743656-80879939_199551-396404832_1585650959-GB-M-043 BABY YOU WOULD TAKE AWAY EVERYTHING I NEED YOU WITH ME BE 
LOG (gmm-latgen-faster[5.5.480~1-09abd]:DecodeUtteranceLatticeFaster():decoder-wrappers.cc:289) Log-like per frame for utterance M286743656-80879939_199551-396404832_1585650959-GB-M-043 is -4.22163 over 647 frames.
M286743656-80879939_199551-396404832_1585650959-GB-M-049 HOW DO I LIVE WILL MY ON THE YOU KNOW 
LOG (gmm-latgen-faster[5.5.480~1-09abd]:DecodeUtteranceLatticeFaster():decoder-wrappers.cc:289) Log-like per frame for utterance M286743656-80879939_199551-396404832_1585650959-GB-M-049 is -3.93593 over 417 frames.
M286743656-80879939_199551-396404832_1585650959-GB-M-051 HOW DO I BREATHE WITHOUT YOU I 
LOG (gmm-latgen-faster[5.5.480~1-09abd]:DecodeUtteranceLatticeFaster():decoder-wrappers.cc:289) Log-like per frame for utterance M286743656-80879939_199551-396404832_1585650959-GB-M-051 is -4.21589 over 403 frames.
M286743656-80879939_199551-396404832_1585650959-GB-M-053 HOW DO I EVER EVER SURVIVE 
LOG (gmm-latgen-faster[5.5.480~1-09abd]:DecodeUtteranceLatticeFaster():decoder-wrappers.cc:289) Log-like per frame for utterance M286743656-80879939_199551-396404832_1585650959-GB-M-053 is -3.23683 over 658 frames.
M286743656-80879939_199551-396404832_1585650959-GB-M-054 HOW DO I HOW DO I HOW DO I LIVE 
LOG (gmm-latgen-faster[5.5.480~1-09abd]:DecodeUtteranceLatticeFaster():decoder-wrappers.cc:289) Log-like per frame for utterance M286743656-80879939_199551-396404832_1585650959-GB-M-054 is -3.62753 over 721 frames.
M322286556-349554271_59921-75233819_1536874130-GB-M-004 I'M JEALOUS OF THE RAIN 
LOG (gmm-latgen-faster[5.5.480~1-09abd]:DecodeUtteranceLatticeFaster():decoder-wrappers.cc:289) Log-like per frame for utterance M322286556-349554271_59921-75233819_1536874130-GB-M-004 is -4.42366 over 227 frames.
M322286556-349554271_59921-75233819_1536874130-GB-M-005 I'M JEALOUS OF THE WIND 
LOG (gmm-latgen-faster[5.5.480~1-09abd]:DecodeUtteranceLatticeFaster():decoder-wrappers.cc:289) Log-like per frame for utterance M322286556-349554271_59921-75233819_1536874130-GB-M-005 is -4.77161 over 192 frames.
M322286556-349554271_59921-75233819_1536874130-GB-M-006 RIPPLES THROUGH YOUR CLOTHES 
LOG (gmm-latgen-faster[5.5.480~1-09abd]:DecodeUtteranceLatticeFaster():decoder-wrappers.cc:289) Log-like per frame for utterance M322286556-349554271_59921-75233819_1536874130-GB-M-006 is -4.53811 over 195 frames.
M322286556-349554271_59921-75233819_1536874130-GB-M-007 CLOSER THAN YOUR SHADOW ON 
LOG (gmm-latgen-faster[5.5.480~1-09abd]:DecodeUtteranceLatticeFaster():decoder-wrappers.cc:289) Log-like per frame for utterance M322286556-349554271_59921-75233819_1536874130-GB-M-007 is -4.25541 over 331 frames.
M322286556-349554271_59921-75233819_1536874130-GB-M-009 OH I'M JEALOUS OF THE WIND 
LOG (gmm-latgen-faster[5.5.480~1-09abd]:DecodeUtteranceLatticeFaster():decoder-wrappers.cc:289) Log-like per frame for utterance M322286556-349554271_59921-75233819_1536874130-GB-M-009 is -4.54969 over 186 frames.
M322286556-349554271_59921-75233819_1536874130-GB-M-012 AND I TOLD YOU WHEN YOU LEFT ME 
LOG (gmm-latgen-faster[5.5.480~1-09abd]:DecodeUtteranceLatticeFaster():decoder-wrappers.cc:289) Log-like per frame for utterance M322286556-349554271_59921-75233819_1536874130-GB-M-012 is -3.87628 over 381 frames.
M322286556-349554271_59921-75233819_1536874130-GB-M-013 THERE'S NOTHING TO FORGIVE 
LOG (gmm-latgen-faster[5.5.480~1-09abd]:DecodeUtteranceLatticeFaster():decoder-wrappers.cc:289) Log-like per frame for utterance M322286556-349554271_59921-75233819_1536874130-GB-M-013 is -4.18403 over 365 frames.
M322286556-349554271_59921-75233819_1536874130-GB-M-016 HEARTBREAK AND MISERY 
LOG (gmm-latgen-faster[5.5.480~1-09abd]:DecodeUtteranceLatticeFaster():decoder-wrappers.cc:289) Log-like per frame for utterance M322286556-349554271_59921-75233819_1536874130-GB-M-016 is -4.56504 over 226 frames.
M322286556-349554271_59921-75233819_1536874130-GB-M-018 I'M JEALOUS OF THE WAY 
LOG (gmm-latgen-faster[5.5.480~1-09abd]:DecodeUtteranceLatticeFaster():decoder-wrappers.cc:289) Log-like per frame for utterance M322286556-349554271_59921-75233819_1536874130-GB-M-018 is -4.33386 over 222 frames.
M322286556-349554271_59921-75233819_1536874130-GB-M-020 YOU'RE HAPPY WITHOUT ME I'M JEALOUS OF THE NIGHTS 
LOG (gmm-latgen-faster[5.5.480~1-09abd]:DecodeUtteranceLatticeFaster():decoder-wrappers.cc:289) Log-like per frame for utterance M322286556-349554271_59921-75233819_1536874130-GB-M-020 is -4.29172 over 850 frames.
M322286556-349554271_59921-75233819_1536874130-GB-M-022 THAT I DON'T SPEND WITH YOU 
LOG (gmm-latgen-faster[5.5.480~1-09abd]:DecodeUtteranceLatticeFaster():decoder-wrappers.cc:289) Log-like per frame for utterance M322286556-349554271_59921-75233819_1536874130-GB-M-022 is -4.2269 over 237 frames.
M322286556-349554271_59921-75233819_1536874130-GB-M-023 I'M WONDERING WHO YOU LAY NEXT TO ME 
LOG (gmm-latgen-faster[5.5.480~1-09abd]:DecodeUtteranceLatticeFaster():decoder-wrappers.cc:289) Log-like per frame for utterance M322286556-349554271_59921-75233819_1536874130-GB-M-023 is -4.01501 over 413 frames.
M322286556-349554271_59921-75233819_1536874130-GB-M-024 OH I'M JEALOUS OF THE NIGHTS 
LOG (gmm-latgen-faster[5.5.480~1-09abd]:DecodeUtteranceLatticeFaster():decoder-wrappers.cc:289) Log-like per frame for utterance M322286556-349554271_59921-75233819_1536874130-GB-M-024 is -4.5366 over 196 frames.
M322286556-349554271_59921-75233819_1536874130-GB-M-029 OH I'M JEALOUS OF THE LOVE 
LOG (gmm-latgen-faster[5.5.480~1-09abd]:DecodeUtteranceLatticeFaster():decoder-wrappers.cc:289) Log-like per frame for utterance M322286556-349554271_59921-75233819_1536874130-GB-M-029 is -4.77818 over 224 frames.
M322286556-349554271_59921-75233819_1536874130-GB-M-032 TOLD I TOLD WHEN YOU LEFT ME 
LOG (gmm-latgen-faster[5.5.480~1-09abd]:DecodeUtteranceLatticeFaster():decoder-wrappers.cc:289) Log-like per frame for utterance M322286556-349554271_59921-75233819_1536874130-GB-M-032 is -3.69104 over 407 frames.
M322286556-349554271_59921-75233819_1536874130-GB-M-033 THERE'S NOTHING TO FORGIVE 
LOG (gmm-latgen-faster[5.5.480~1-09abd]:DecodeUtteranceLatticeFaster():decoder-wrappers.cc:289) Log-like per frame for utterance M322286556-349554271_59921-75233819_1536874130-GB-M-033 is -3.88551 over 386 frames.
M322286556-349554271_59921-75233819_1536874130-GB-M-034 BUT I ALWAYS TOLD YOU 
LOG (gmm-latgen-faster[5.5.480~1-09abd]:DecodeUtteranceLatticeFaster():decoder-wrappers.cc:289) Log-like per frame for utterance M322286556-349554271_59921-75233819_1536874130-GB-M-034 is -4.88114 over 160 frames.
M322286556-349554271_59921-75233819_1536874130-GB-M-035 I'M BACK TELL ME ALL YOU FOUND WAS 
LOG (gmm-latgen-faster[5.5.480~1-09abd]:DecodeUtteranceLatticeFaster():decoder-wrappers.cc:289) Log-like per frame for utterance M322286556-349554271_59921-75233819_1536874130-GB-M-035 is -4.21893 over 500 frames.
M322286556-349554271_59921-75233819_1536874130-GB-M-036 HEARTBREAK AND MISERY 
LOG (gmm-latgen-faster[5.5.480~1-09abd]:DecodeUtteranceLatticeFaster():decoder-wrappers.cc:289) Log-like per frame for utterance M322286556-349554271_59921-75233819_1536874130-GB-M-036 is -4.29323 over 248 frames.
M322286556-349554271_59921-75233819_1536874130-GB-M-037 HARD FOR ME TO SAY 
LOG (gmm-latgen-faster[5.5.480~1-09abd]:DecodeUtteranceLatticeFaster():decoder-wrappers.cc:289) Log-like per frame for utterance M322286556-349554271_59921-75233819_1536874130-GB-M-037 is -4.37159 over 209 frames.
M322286556-349554271_59921-75233819_1536874130-GB-M-040 YOU'RE HAPPY WITHOUT ME 
LOG (gmm-latgen-faster[5.5.480~1-09abd]:DecodeUtteranceLatticeFaster():decoder-wrappers.cc:289) Log-like per frame for utterance M322286556-349554271_59921-75233819_1536874130-GB-M-040 is -3.94703 over 286 frames.
M322286556-349554271_59921-75233819_1536874130-GB-M-043 OH AS I DIE HERE ANOTHER DAY 
LOG (gmm-latgen-faster[5.5.480~1-09abd]:DecodeUtteranceLatticeFaster():decoder-wrappers.cc:289) Log-like per frame for utterance M322286556-349554271_59921-75233819_1536874130-GB-M-043 is -3.58739 over 409 frames.
M322286556-349554271_59921-75233819_1536874130-GB-M-045 CAUSE ALL I DO IS CRY BEHIND THIS SMILE I WISHED YOU THE BEST OF 
LOG (gmm-latgen-faster[5.5.480~1-09abd]:DecodeUtteranceLatticeFaster():decoder-wrappers.cc:289) Log-like per frame for utterance M322286556-349554271_59921-75233819_1536874130-GB-M-045 is -3.86781 over 982 frames.
M322286556-349554271_59921-75233819_1536874130-GB-M-047 ALL THIS WORLD COULD GIVE 
LOG (gmm-latgen-faster[5.5.480~1-09abd]:DecodeUtteranceLatticeFaster():decoder-wrappers.cc:289) Log-like per frame for utterance M322286556-349554271_59921-75233819_1536874130-GB-M-047 is -3.21815 over 424 frames.
M322286556-349554271_59921-75233819_1536874130-GB-M-050 I ALWAYS THOUGHT YOU'D COME BACK TELL ME ALL YOU FOUND WAS 
LOG (gmm-latgen-faster[5.5.480~1-09abd]:DecodeUtteranceLatticeFaster():decoder-wrappers.cc:289) Log-like per frame for utterance M322286556-349554271_59921-75233819_1536874130-GB-M-050 is -4.00239 over 649 frames.
M322286556-349554271_59921-75233819_1536874130-GB-M-052 HEARTBREAK AND MISERY 
LOG (gmm-latgen-faster[5.5.480~1-09abd]:DecodeUtteranceLatticeFaster():decoder-wrappers.cc:289) Log-like per frame for utterance M322286556-349554271_59921-75233819_1536874130-GB-M-052 is -4.35179 over 241 frames.
M322286556-349554271_59921-75233819_1536874130-GB-M-054 I'M JEALOUS OF THE WAY 
LOG (gmm-latgen-faster[5.5.480~1-09abd]:DecodeUtteranceLatticeFaster():decoder-wrappers.cc:289) Log-like per frame for utterance M322286556-349554271_59921-75233819_1536874130-GB-M-054 is -4.64289 over 227 frames.
M322286556-349554271_59921-75233819_1536874130-GB-M-057 IT'S HARD FOR ME TO SAY 
LOG (gmm-latgen-faster[5.5.480~1-09abd]:DecodeUtteranceLatticeFaster():decoder-wrappers.cc:289) Log-like per frame for utterance M322286556-349554271_59921-75233819_1536874130-GB-M-057 is -4.45884 over 233 frames.
M322286556-349554271_59921-75233819_1536874130-GB-M-059 BE WITH UP ME 
LOG (gmm-latgen-faster[5.5.480~1-09abd]:DecodeUtteranceLatticeFaster():decoder-wrappers.cc:289) Log-like per frame for utterance M322286556-349554271_59921-75233819_1536874130-GB-M-059 is -3.55889 over 256 frames.
M323954119-3872852_3872852-103277946_1560488983-GB-M-001 I KNOW YOU SAY YOU KNOW ME KNOW ME WELL 
LOG (gmm-latgen-faster[5.5.480~1-09abd]:DecodeUtteranceLatticeFaster():decoder-wrappers.cc:289) Log-like per frame for utterance M323954119-3872852_3872852-103277946_1560488983-GB-M-001 is -4.52569 over 218 frames.
M323954119-3872852_3872852-103277946_1560488983-GB-M-002 THESE DAYS I DON'T EVEN KNOW MYSELF NO 
LOG (gmm-latgen-faster[5.5.480~1-09abd]:DecodeUtteranceLatticeFaster():decoder-wrappers.cc:289) Log-like per frame for utterance M323954119-3872852_3872852-103277946_1560488983-GB-M-002 is -4.18484 over 294 frames.
M323954119-3872852_3872852-103277946_1560488983-GB-M-004 I ALWAYS THOUGHT I'D BE WITH SOMEONE ELSE I THOUGHT I WOULD OWN THE WAY I FELT 
LOG (gmm-latgen-faster[5.5.480~1-09abd]:DecodeUtteranceLatticeFaster():decoder-wrappers.cc:289) Log-like per frame for utterance M323954119-3872852_3872852-103277946_1560488983-GB-M-004 is -4.42891 over 489 frames.
M323954119-3872852_3872852-103277946_1560488983-GB-M-010 BUT YOU NEVER EVEN ANSWER TELL MYSELF I'M DONE WITH WICKED GAMES 
LOG (gmm-latgen-faster[5.5.480~1-09abd]:DecodeUtteranceLatticeFaster():decoder-wrappers.cc:289) Log-like per frame for utterance M323954119-3872852_3872852-103277946_1560488983-GB-M-010 is -4.77611 over 535 frames.
M323954119-3872852_3872852-103277946_1560488983-GB-M-012 I GET SO NUMB WITH ALL THE LAUGHTER THAT I FORGET ABOUT THE PAIN FORGET STRESS ME OUT YOU KILL ME YOU DRAG ME DOWN YOU MADE ME UP WE'RE ON THE GROUND WE'RE SCREAMING 
LOG (gmm-latgen-faster[5.5.480~1-09abd]:DecodeUtteranceLatticeFaster():decoder-wrappers.cc:289) Log-like per frame for utterance M323954119-3872852_3872852-103277946_1560488983-GB-M-012 is -4.28366 over 1600 frames.
M323954119-3872852_3872852-103277946_1560488983-GB-M-020 I DON'T KNOW HOW TO MAKE IT 
LOG (gmm-latgen-faster[5.5.480~1-09abd]:DecodeUtteranceLatticeFaster():decoder-wrappers.cc:289) Log-like per frame for utterance M323954119-3872852_3872852-103277946_1560488983-GB-M-020 is -4.09721 over 237 frames.
M323954119-3872852_3872852-103277946_1560488983-GB-M-021 STOP 
LOG (gmm-latgen-faster[5.5.480~1-09abd]:DecodeUtteranceLatticeFaster():decoder-wrappers.cc:289) Log-like per frame for utterance M323954119-3872852_3872852-103277946_1560488983-GB-M-021 is -5.11982 over 491 frames.
M323954119-3872852_3872852-103277946_1560488983-GB-M-023 TAKE IT BUT I KEEP ON COMING BACK TO YOU 
LOG (gmm-latgen-faster[5.5.480~1-09abd]:DecodeUtteranceLatticeFaster():decoder-wrappers.cc:289) Log-like per frame for utterance M323954119-3872852_3872852-103277946_1560488983-GB-M-023 is -4.2694 over 461 frames.
M323954119-3872852_3872852-103277946_1560488983-GB-M-034 SO ADDICTED TO THE DRAMA I TELL MYSELF I'M DONE WITH WICKED GAMES 
LOG (gmm-latgen-faster[5.5.480~1-09abd]:DecodeUtteranceLatticeFaster():decoder-wrappers.cc:289) Log-like per frame for utterance M323954119-3872852_3872852-103277946_1560488983-GB-M-034 is -4.78188 over 546 frames.
M323954119-3872852_3872852-103277946_1560488983-GB-M-036 I GET SO NUMB WITH ALL THE LAUGHTER THAT I FORGET ABOUT THE PAIN 
LOG (gmm-latgen-faster[5.5.480~1-09abd]:DecodeUtteranceLatticeFaster():decoder-wrappers.cc:289) Log-like per frame for utterance M323954119-3872852_3872852-103277946_1560488983-GB-M-036 is -4.44514 over 540 frames.
M323954119-3872852_3872852-103277946_1560488983-GB-M-049 THAT DOWN YOU KILL I LOVE 
LOG (gmm-latgen-faster[5.5.480~1-09abd]:DecodeUtteranceLatticeFaster():decoder-wrappers.cc:289) Log-like per frame for utterance M323954119-3872852_3872852-103277946_1560488983-GB-M-049 is -4.28272 over 313 frames.
M323954119-3872852_3872852-103277946_1560488983-GB-M-052 BACK TO LIKE YOUR LOVE 
LOG (gmm-latgen-faster[5.5.480~1-09abd]:DecodeUtteranceLatticeFaster():decoder-wrappers.cc:289) Log-like per frame for utterance M323954119-3872852_3872852-103277946_1560488983-GB-M-052 is -4.34071 over 296 frames.
M323954119-3872852_3872852-103277946_1560488983-GB-M-062 AND KISS ME HARDER 
LOG (gmm-latgen-faster[5.5.480~1-09abd]:DecodeUtteranceLatticeFaster():decoder-wrappers.cc:289) Log-like per frame for utterance M323954119-3872852_3872852-103277946_1560488983-GB-M-062 is -4.51977 over 191 frames.
M323954119-3872852_3872852-103277946_1560488983-GB-M-063 YOU CAN BE THE PILL TO EASE THE PAIN 
LOG (gmm-latgen-faster[5.5.480~1-09abd]:DecodeUtteranceLatticeFaster():decoder-wrappers.cc:289) Log-like per frame for utterance M323954119-3872852_3872852-103277946_1560488983-GB-M-063 is -4.60385 over 230 frames.
LOG (apply-cmvn[5.5.480~1-09abd]:main():apply-cmvn.cc:162) Applied cepstral mean normalization to 181 utterances, errors on 0
M323954119-3872852_3872852-103277946_1560488983-GB-M-067 <UNK> 
LOG (gmm-latgen-faster[5.5.480~1-09abd]:DecodeUtteranceLatticeFaster():decoder-wrappers.cc:289) Log-like per frame for utterance M323954119-3872852_3872852-103277946_1560488983-GB-M-067 is -4.45442 over 129 frames.
M323954119-3872852_3872852-103277946_1560488983-GB-M-068 STRESS ME OUT YOU KILL ME 
LOG (gmm-latgen-faster[5.5.480~1-09abd]:DecodeUtteranceLatticeFaster():decoder-wrappers.cc:289) Log-like per frame for utterance M323954119-3872852_3872852-103277946_1560488983-GB-M-068 is -4.14984 over 258 frames.
M323954119-3872852_3872852-103277946_1560488983-GB-M-069 YOU DRAG ME DOWN YOU STRESS ME UP WE'RE ON THE GROUND WE'RE SCREAMING I DON'T KNOW HOW TO MAKE IT 
LOG (gmm-latgen-faster[5.5.480~1-09abd]:DecodeUtteranceLatticeFaster():decoder-wrappers.cc:289) Log-like per frame for utterance M323954119-3872852_3872852-103277946_1560488983-GB-M-069 is -4.40181 over 878 frames.
M323954119-3872852_3872852-103277946_1560488983-GB-M-072 THAT CAN'T 
LOG (gmm-latgen-faster[5.5.480~1-09abd]:DecodeUtteranceLatticeFaster():decoder-wrappers.cc:289) Log-like per frame for utterance M323954119-3872852_3872852-103277946_1560488983-GB-M-072 is -5.12987 over 501 frames.
M323954119-3872852_3872852-103277946_1560488983-GB-M-074 TAKE IT BUT I KEEP ON COMING BACK TO YOU 
LOG (gmm-latgen-faster[5.5.480~1-09abd]:DecodeUtteranceLatticeFaster():decoder-wrappers.cc:289) Log-like per frame for utterance M323954119-3872852_3872852-103277946_1560488983-GB-M-074 is -4.26022 over 460 frames.
LOG (transform-feats[5.5.480~1-09abd]:main():transform-feats.cc:158) Overall average [pseudo-]logdet is -88.6872 over 115316 frames.
LOG (transform-feats[5.5.480~1-09abd]:main():transform-feats.cc:161) Applied transform to 181 utterances; 0 had errors.
M323954119-3872852_3872852-103277946_1560488983-GB-M-076 BACK TO I LOVE 
LOG (gmm-latgen-faster[5.5.480~1-09abd]:DecodeUtteranceLatticeFaster():decoder-wrappers.cc:289) Log-like per frame for utterance M323954119-3872852_3872852-103277946_1560488983-GB-M-076 is -4.34897 over 289 frames.
M323954119-3872852_3872852-103277946_1560488983-GB-M-079 BACK TO YOU LOVE 
LOG (gmm-latgen-faster[5.5.480~1-09abd]:DecodeUtteranceLatticeFaster():decoder-wrappers.cc:289) Log-like per frame for utterance M323954119-3872852_3872852-103277946_1560488983-GB-M-079 is -4.11472 over 297 frames.
LOG (transform-feats[5.5.480~1-09abd]:main():transform-feats.cc:158) Overall average logdet is 5.31641 over 115316 frames.
LOG (transform-feats[5.5.480~1-09abd]:main():transform-feats.cc:161) Applied transform to 181 utterances; 0 had errors.
M323954119-3872852_3872852-103277946_1560488983-GB-M-082 BACK TO YOU I I JUST KEEP ON COMING BACK TO YOU 
LOG (gmm-latgen-faster[5.5.480~1-09abd]:DecodeUtteranceLatticeFaster():decoder-wrappers.cc:289) Log-like per frame for utterance M323954119-3872852_3872852-103277946_1560488983-GB-M-082 is -4.36701 over 615 frames.
LOG (gmm-latgen-faster[5.5.480~1-09abd]:main():gmm-latgen-faster.cc:176) Time taken 286.656s: real-time factor assuming 100 frames/sec is 0.248583
LOG (gmm-latgen-faster[5.5.480~1-09abd]:main():gmm-latgen-faster.cc:179) Done 181 utterances, failed for 0
LOG (gmm-latgen-faster[5.5.480~1-09abd]:main():gmm-latgen-faster.cc:181) Overall log-likelihood per frame is -4.14357 over 115316 frames.
# Accounting: time=287 threads=1
# Ended (code 0) at Tue Sep 10 14:38:12 BST 2019, elapsed time 287 seconds
