# gmm-latgen-faster --max-active=7000 --beam=15.0 --lattice-beam=6.0 --acoustic-scale=0.083333 --allow-partial=false --word-symbol-table=exp/tri3b_cleaned/graphs/words.txt exp/tri3b_cleaned/final.mdl scp:exp/tri3b_cleaned/lats/split_fsts/HCLG.fsts.2.scp "ark,s,cs:apply-cmvn  --utt2spk=ark:data/train1/split40/2/utt2spk scp:data/train1/split40/2/cmvn.scp scp:data/train1/split40/2/feats.scp ark:- | splice-feats  ark:- ark:- | transform-feats exp/tri3b_cleaned/final.mat ark:- ark:- | transform-feats --utt2spk=ark:data/train1/split40/2/utt2spk ark:exp/tri3b/trans.2 ark:- ark:- |" "ark:|gzip -c > exp/tri3b_cleaned/lats/lat.2.gz" 
# Started at Tue Sep 10 13:53:39 BST 2019
#
gmm-latgen-faster --max-active=7000 --beam=15.0 --lattice-beam=6.0 --acoustic-scale=0.083333 --allow-partial=false --word-symbol-table=exp/tri3b_cleaned/graphs/words.txt exp/tri3b_cleaned/final.mdl scp:exp/tri3b_cleaned/lats/split_fsts/HCLG.fsts.2.scp 'ark,s,cs:apply-cmvn  --utt2spk=ark:data/train1/split40/2/utt2spk scp:data/train1/split40/2/cmvn.scp scp:data/train1/split40/2/feats.scp ark:- | splice-feats  ark:- ark:- | transform-feats exp/tri3b_cleaned/final.mat ark:- ark:- | transform-feats --utt2spk=ark:data/train1/split40/2/utt2spk ark:exp/tri3b/trans.2 ark:- ark:- |' 'ark:|gzip -c > exp/tri3b_cleaned/lats/lat.2.gz' 
transform-feats --utt2spk=ark:data/train1/split40/2/utt2spk ark:exp/tri3b/trans.2 ark:- ark:- 
transform-feats exp/tri3b_cleaned/final.mat ark:- ark:- 
splice-feats ark:- ark:- 
apply-cmvn --utt2spk=ark:data/train1/split40/2/utt2spk scp:data/train1/split40/2/cmvn.scp scp:data/train1/split40/2/feats.scp ark:- 
F1055725605-3769810_3769810-432296257_1544391567-GB-F-002 HOW I WONDER WHAT YOU ARE 
LOG (gmm-latgen-faster[5.5.480~1-09abd]:DecodeUtteranceLatticeFaster():decoder-wrappers.cc:289) Log-like per frame for utterance F1055725605-3769810_3769810-432296257_1544391567-GB-F-002 is -4.40151 over 309 frames.
F1055725605-3769810_3769810-432296257_1544391567-GB-F-003 UP ABOVE THE WORLD SO HIGH 
LOG (gmm-latgen-faster[5.5.480~1-09abd]:DecodeUtteranceLatticeFaster():decoder-wrappers.cc:289) Log-like per frame for utterance F1055725605-3769810_3769810-432296257_1544391567-GB-F-003 is -4.24576 over 311 frames.
F1055725605-3769810_3769810-432296257_1544391567-GB-F-004 LIKE A DIAMOND IN THE SKY 
LOG (gmm-latgen-faster[5.5.480~1-09abd]:DecodeUtteranceLatticeFaster():decoder-wrappers.cc:289) Log-like per frame for utterance F1055725605-3769810_3769810-432296257_1544391567-GB-F-004 is -4.07413 over 322 frames.
F1055725605-3769810_3769810-432296257_1544391567-GB-F-005 TWINKLE TWINKLE LITTLE STAR 
LOG (gmm-latgen-faster[5.5.480~1-09abd]:DecodeUtteranceLatticeFaster():decoder-wrappers.cc:289) Log-like per frame for utterance F1055725605-3769810_3769810-432296257_1544391567-GB-F-005 is -4.35656 over 323 frames.
F1055725605-3769810_3769810-432296257_1544391567-GB-F-006 HOW I WONDER WHAT YOU ARE SAY KNOW 
LOG (gmm-latgen-faster[5.5.480~1-09abd]:DecodeUtteranceLatticeFaster():decoder-wrappers.cc:289) Log-like per frame for utterance F1055725605-3769810_3769810-432296257_1544391567-GB-F-006 is -4.5068 over 930 frames.
F1055725605-3769810_3769810-432296257_1544391567-GB-F-007 TWINKLE TWINKLE LITTLE STAR 
LOG (gmm-latgen-faster[5.5.480~1-09abd]:DecodeUtteranceLatticeFaster():decoder-wrappers.cc:289) Log-like per frame for utterance F1055725605-3769810_3769810-432296257_1544391567-GB-F-007 is -4.35774 over 306 frames.
F1055725605-3769810_3769810-432296257_1544391567-GB-F-008 HOW I WONDER WHAT YOU ARE 
LOG (gmm-latgen-faster[5.5.480~1-09abd]:DecodeUtteranceLatticeFaster():decoder-wrappers.cc:289) Log-like per frame for utterance F1055725605-3769810_3769810-432296257_1544391567-GB-F-008 is -4.27153 over 314 frames.
F1055725605-3769810_3769810-432296257_1544391567-GB-F-009 UP ABOVE THE WORLD SO HIGH 
LOG (gmm-latgen-faster[5.5.480~1-09abd]:DecodeUtteranceLatticeFaster():decoder-wrappers.cc:289) Log-like per frame for utterance F1055725605-3769810_3769810-432296257_1544391567-GB-F-009 is -4.08973 over 320 frames.
F1055725605-3769810_3769810-432296257_1544391567-GB-F-010 LIKE A DIAMOND IN THE SKY 
LOG (gmm-latgen-faster[5.5.480~1-09abd]:DecodeUtteranceLatticeFaster():decoder-wrappers.cc:289) Log-like per frame for utterance F1055725605-3769810_3769810-432296257_1544391567-GB-F-010 is -4.25698 over 313 frames.
F1055725605-3769810_3769810-432296257_1544391567-GB-F-011 TWINKLE TWINKLE LITTLE STAR 
LOG (gmm-latgen-faster[5.5.480~1-09abd]:DecodeUtteranceLatticeFaster():decoder-wrappers.cc:289) Log-like per frame for utterance F1055725605-3769810_3769810-432296257_1544391567-GB-F-011 is -4.52831 over 314 frames.
F1055725605-3769810_3769810-432296257_1544391567-GB-F-012 HOW I WONDER WHAT YOU ARE 
LOG (gmm-latgen-faster[5.5.480~1-09abd]:DecodeUtteranceLatticeFaster():decoder-wrappers.cc:289) Log-like per frame for utterance F1055725605-3769810_3769810-432296257_1544391567-GB-F-012 is -4.7261 over 571 frames.
F1073596912-4923265_139455-1005833859_1654961515-GB-F-001 IF I SHOULD STAY I'LL ONLY I'LL ON YEAH BE IN YOUR ALL ON AND WAY SO TO ONE GO BUT I KNOW I'LL THINK OF YOU EVERY STEP OF THE WAY 
LOG (gmm-latgen-faster[5.5.480~1-09abd]:DecodeUtteranceLatticeFaster():decoder-wrappers.cc:289) Log-like per frame for utterance F1073596912-4923265_139455-1005833859_1654961515-GB-F-001 is -3.86723 over 3171 frames.
F1073596912-4923265_139455-1005833859_1654961515-GB-F-006 AND I WILL ALWAYS LOVE YOU LOVE YOU MY DARLING YOU MY I'M YOU YOU 
LOG (gmm-latgen-faster[5.5.480~1-09abd]:DecodeUtteranceLatticeFaster():decoder-wrappers.cc:289) Log-like per frame for utterance F1073596912-4923265_139455-1005833859_1654961515-GB-F-006 is -3.53266 over 2924 frames.
F1073596912-4923265_139455-1005833859_1654961515-GB-F-010 BITTERSWEET MEMORIES THAT IS THAT IS ALL I'M TAKING WITH ME SO GOODBYE 
LOG (gmm-latgen-faster[5.5.480~1-09abd]:DecodeUtteranceLatticeFaster():decoder-wrappers.cc:289) Log-like per frame for utterance F1073596912-4923265_139455-1005833859_1654961515-GB-F-010 is -4.49782 over 1717 frames.
F1073596912-4923265_139455-1005833859_1654961515-GB-F-013 PLEASE DON'T CRY WE BOTH KNOW I'M NOT WHAT YOU YOU NEED 
LOG (gmm-latgen-faster[5.5.480~1-09abd]:DecodeUtteranceLatticeFaster():decoder-wrappers.cc:289) Log-like per frame for utterance F1073596912-4923265_139455-1005833859_1654961515-GB-F-013 is -3.94613 over 1112 frames.
F1073596912-4923265_139455-1005833859_1654961515-GB-F-016 AND I WILL ALWAYS LOVE WAY I WILL ALWAYS LOVE YOU I WILL ALWAYS YOUR HOPE YOU I A ALL I'M LIFE TREATS YOU HAVE ALL I'M ALL YOU'VE ARE ALL YOU'VE DREAMED LOVE ON LOVE 
LOG (gmm-latgen-faster[5.5.480~1-09abd]:DecodeUtteranceLatticeFaster():decoder-wrappers.cc:289) Log-like per frame for utterance F1073596912-4923265_139455-1005833859_1654961515-GB-F-016 is -4.39717 over 6438 frames.
F1073596912-4923265_139455-1005833859_1654961515-GB-F-023 AND I WISH TO YOU I AND HAPPINESS 
LOG (gmm-latgen-faster[5.5.480~1-09abd]:DecodeUtteranceLatticeFaster():decoder-wrappers.cc:289) Log-like per frame for utterance F1073596912-4923265_139455-1005833859_1654961515-GB-F-023 is -4.63476 over 605 frames.
F1073596912-4923265_139455-1005833859_1654961515-GB-F-025 BUT ALL THIS I WISH YOU LOVE ON ALL 
LOG (gmm-latgen-faster[5.5.480~1-09abd]:DecodeUtteranceLatticeFaster():decoder-wrappers.cc:289) Log-like per frame for utterance F1073596912-4923265_139455-1005833859_1654961515-GB-F-025 is -4.15366 over 970 frames.
F1073596912-4923265_139455-1005833859_1654961515-GB-F-026 AND I WILL ALWAYS LOVE YOU I WILL ALWAYS LOVE YOU <UNK> I WILL ALWAYS LOVE YOU <UNK> 
LOG (gmm-latgen-faster[5.5.480~1-09abd]:DecodeUtteranceLatticeFaster():decoder-wrappers.cc:289) Log-like per frame for utterance F1073596912-4923265_139455-1005833859_1654961515-GB-F-026 is -4.07473 over 2660 frames.
F1073596912-4923265_139455-1005833859_1654961515-GB-F-029 I WILL ALWAYS LOVE YOU I I WILL ALWAYS LOVE YOU 
LOG (gmm-latgen-faster[5.5.480~1-09abd]:DecodeUtteranceLatticeFaster():decoder-wrappers.cc:289) Log-like per frame for utterance F1073596912-4923265_139455-1005833859_1654961515-GB-F-029 is -4.13173 over 1427 frames.
F1073596912-4923265_139455-1005833859_1654961515-GB-F-032 WISH I WILL ALWAYS LOVE YOU YOU LOVE YOU 
LOG (gmm-latgen-faster[5.5.480~1-09abd]:DecodeUtteranceLatticeFaster():decoder-wrappers.cc:289) Log-like per frame for utterance F1073596912-4923265_139455-1005833859_1654961515-GB-F-032 is -4.59005 over 1846 frames.
F1073596912-4923265_139455-1005833859_1654961515-GB-F-034 I WILL ALWAYS LOVE YOU 
LOG (gmm-latgen-faster[5.5.480~1-09abd]:DecodeUtteranceLatticeFaster():decoder-wrappers.cc:289) Log-like per frame for utterance F1073596912-4923265_139455-1005833859_1654961515-GB-F-034 is -4.14816 over 569 frames.
F1077368918-390895328_86819-1075890348_1593775712-GB-F-001 SHE LIVES IN THE SHADOW OF A LONELY GIRL VOICE SO QUIET YOU DON'T HEAR A WORD ALWAYS TALKING BUT SHE CAN'T BE HEARD 
LOG (gmm-latgen-faster[5.5.480~1-09abd]:DecodeUtteranceLatticeFaster():decoder-wrappers.cc:289) Log-like per frame for utterance F1077368918-390895328_86819-1075890348_1593775712-GB-F-001 is -4.27525 over 1043 frames.
F1077368918-390895328_86819-1075890348_1593775712-GB-F-010 I KNEW BACK THEN WHAT I KNOW NOW WISH I COULD SOMEHOW GO BACK IN TIME AND MAYBE LISTEN TO MY OWN ADVICE I'D TELL HER TO SPEAK UP 
LOG (gmm-latgen-faster[5.5.480~1-09abd]:DecodeUtteranceLatticeFaster():decoder-wrappers.cc:289) Log-like per frame for utterance F1077368918-390895328_86819-1075890348_1593775712-GB-F-010 is -4.21236 over 1298 frames.
F1077368918-390895328_86819-1075890348_1593775712-GB-F-018 NOT TELL HER TO SHOUT OUT TALK A BIT LOUDER BE A BIT PROUDER TELL HER SHE'S BEAUTIFUL WONDERFUL EVERYTHING SHE DOESN'T SEE YOU GOTTA SPEAK UP YOU GOTTA SHOUT OUT AND KNOW THAT RIGHT HERE RIGHT 
LOG (gmm-latgen-faster[5.5.480~1-09abd]:DecodeUtteranceLatticeFaster():decoder-wrappers.cc:289) Log-like per frame for utterance F1077368918-390895328_86819-1075890348_1593775712-GB-F-018 is -4.34581 over 1629 frames.
F1077368918-390895328_86819-1075890348_1593775712-GB-F-024 NOW YOU CAN BE BEAUTIFUL WONDERFUL ANYTHING YOU WANNA BE LITTLE ME ME 
LOG (gmm-latgen-faster[5.5.480~1-09abd]:DecodeUtteranceLatticeFaster():decoder-wrappers.cc:289) Log-like per frame for utterance F1077368918-390895328_86819-1075890348_1593775712-GB-F-024 is -4.14249 over 909 frames.
F1077368918-390895328_86819-1075890348_1593775712-GB-F-036 RUN TOO FAST AND RISK IT ALL CAN'T BE AFRAID TO TAKE A FALL FELT SO BIG BUT SHE LOOKS SO SMALL WISH I KNEW BACK THEN WHAT I KNOW NOW WISH I COULD SOMEHOW GO BACK IN TIME AND MAYBE LISTEN TO MY OWN ADVICE I'D TELL HER TO SPEAK UP 
LOG (gmm-latgen-faster[5.5.480~1-09abd]:DecodeUtteranceLatticeFaster():decoder-wrappers.cc:289) Log-like per frame for utterance F1077368918-390895328_86819-1075890348_1593775712-GB-F-036 is -4.39547 over 2331 frames.
F1077368918-390895328_86819-1075890348_1593775712-GB-F-048 NOT TELL HER TO SHOUT OUT TALK A BIT LOUDER BE A BIT PROUDER TELL HER SHE'S BEAUTIFUL WONDERFUL EVERYTHING SHE DOESN'T SEE 
LOG (gmm-latgen-faster[5.5.480~1-09abd]:DecodeUtteranceLatticeFaster():decoder-wrappers.cc:289) Log-like per frame for utterance F1077368918-390895328_86819-1075890348_1593775712-GB-F-048 is -4.26132 over 997 frames.
F1077368918-390895328_86819-1075890348_1593775712-GB-F-055 YOU GOTTA SPEAK UP YOU GOTTA SHOUT OUT AND KNOW THAT RIGHT HERE RIGHT NOW YOU CAN BE BEAUTIFUL WONDERFUL ANYTHING YOU WANNA BE LITTLE ME 
LOG (gmm-latgen-faster[5.5.480~1-09abd]:DecodeUtteranceLatticeFaster():decoder-wrappers.cc:289) Log-like per frame for utterance F1077368918-390895328_86819-1075890348_1593775712-GB-F-055 is -4.19177 over 1447 frames.
F1077368918-390895328_86819-1075890348_1593775712-GB-F-062 LITTLE ME YEAH YEAH 
LOG (gmm-latgen-faster[5.5.480~1-09abd]:DecodeUtteranceLatticeFaster():decoder-wrappers.cc:289) Log-like per frame for utterance F1077368918-390895328_86819-1075890348_1593775712-GB-F-062 is -3.28026 over 645 frames.
F1077368918-390895328_86819-1075890348_1593775712-GB-F-066 YOU ONE THING I WOULD SAY TO HOW 
LOG (gmm-latgen-faster[5.5.480~1-09abd]:DecodeUtteranceLatticeFaster():decoder-wrappers.cc:289) Log-like per frame for utterance F1077368918-390895328_86819-1075890348_1593775712-GB-F-066 is -4.36729 over 765 frames.
F1077368918-390895328_86819-1075890348_1593775712-GB-F-071 TELL HER SHE'S BEAUTIFUL WONDERFUL EVERYTHING SHE DOESN'T SEE YOU GOT 
LOG (gmm-latgen-faster[5.5.480~1-09abd]:DecodeUtteranceLatticeFaster():decoder-wrappers.cc:289) Log-like per frame for utterance F1077368918-390895328_86819-1075890348_1593775712-GB-F-071 is -4.35573 over 644 frames.
F1077368918-390895328_86819-1075890348_1593775712-GB-F-075 SPEAK UP YOU GOTTA SHOUT OUT AND KNOW THAT RIGHT HERE RIGHT NOW YOU CAN BE BEAUTIFUL WONDERFUL ANYTHING YOU WANNA BE 
LOG (gmm-latgen-faster[5.5.480~1-09abd]:DecodeUtteranceLatticeFaster():decoder-wrappers.cc:289) Log-like per frame for utterance F1077368918-390895328_86819-1075890348_1593775712-GB-F-075 is -4.41607 over 1023 frames.
F1077368918-390895328_86819-1075890348_1593775712-GB-F-081 TELL HER I'D TELL HER TO SHOUT OUT TALK A BIT LOUDER BE A BIT PROUDER TELL HER SHE'S BEAUTIFUL WONDERFUL EVERYTHING SHE DOESN'T SEE YOU GOTTA SPEAK UP YOU GOTTA SHOUT OUT AND KNOW THAT RIGHT HERE RIGHT NOW YOU CAN BE BEAUTIFUL WONDERFUL ANYTHING YOU WANNA BE <UNK> LITTLE ME 
LOG (gmm-latgen-faster[5.5.480~1-09abd]:DecodeUtteranceLatticeFaster():decoder-wrappers.cc:289) Log-like per frame for utterance F1077368918-390895328_86819-1075890348_1593775712-GB-F-081 is -4.47786 over 2437 frames.
F107889307-1091998906_2689985-335695255_1557761585-GB-F-005 WELL I FOUND A GIRL 
LOG (gmm-latgen-faster[5.5.480~1-09abd]:DecodeUtteranceLatticeFaster():decoder-wrappers.cc:289) Log-like per frame for utterance F107889307-1091998906_2689985-335695255_1557761585-GB-F-005 is -4.00182 over 253 frames.
F107889307-1091998906_2689985-335695255_1557761585-GB-F-006 BEAUTIFUL AND SWEET 
LOG (gmm-latgen-faster[5.5.480~1-09abd]:DecodeUtteranceLatticeFaster():decoder-wrappers.cc:289) Log-like per frame for utterance F107889307-1091998906_2689985-335695255_1557761585-GB-F-006 is -3.82944 over 279 frames.
F107889307-1091998906_2689985-335695255_1557761585-GB-F-007 OH I NEVER KNEW YOU WERE 
LOG (gmm-latgen-faster[5.5.480~1-09abd]:DecodeUtteranceLatticeFaster():decoder-wrappers.cc:289) Log-like per frame for utterance F107889307-1091998906_2689985-335695255_1557761585-GB-F-007 is -3.86761 over 316 frames.
F107889307-1091998906_2689985-335695255_1557761585-GB-F-009 SOMEONE WAITING FOR ME 
LOG (gmm-latgen-faster[5.5.480~1-09abd]:DecodeUtteranceLatticeFaster():decoder-wrappers.cc:289) Log-like per frame for utterance F107889307-1091998906_2689985-335695255_1557761585-GB-F-009 is -4.19463 over 399 frames.
F107889307-1091998906_2689985-335695255_1557761585-GB-F-011 FELL IN LOVE 
LOG (gmm-latgen-faster[5.5.480~1-09abd]:DecodeUtteranceLatticeFaster():decoder-wrappers.cc:289) Log-like per frame for utterance F107889307-1091998906_2689985-335695255_1557761585-GB-F-011 is -3.98953 over 229 frames.
F107889307-1091998906_2689985-335695255_1557761585-GB-F-012 NOT KNOWING WAS 
LOG (gmm-latgen-faster[5.5.480~1-09abd]:DecodeUtteranceLatticeFaster():decoder-wrappers.cc:289) Log-like per frame for utterance F107889307-1091998906_2689985-335695255_1557761585-GB-F-012 is -3.91522 over 244 frames.
F107889307-1091998906_2689985-335695255_1557761585-GB-F-015 DARLING JUST KISS ME SLOW YOUR HEART IS ALL I OWN AND IN YOUR EYES YOUR HOLDING TO MY I'M 
LOG (gmm-latgen-faster[5.5.480~1-09abd]:DecodeUtteranceLatticeFaster():decoder-wrappers.cc:289) Log-like per frame for utterance F107889307-1091998906_2689985-335695255_1557761585-GB-F-015 is -4.01464 over 1462 frames.
F107889307-1091998906_2689985-335695255_1557761585-GB-F-022 BAREFOOT ON THE GRASS LISTENING TO OUR FAVORITE SONG WHEN YOU SAID YOU LOOKED A MESS I WHISPERED UNDERNEATH MY BREATH 
LOG (gmm-latgen-faster[5.5.480~1-09abd]:DecodeUtteranceLatticeFaster():decoder-wrappers.cc:289) Log-like per frame for utterance F107889307-1091998906_2689985-335695255_1557761585-GB-F-022 is -4.45888 over 1333 frames.
F107889307-1091998906_2689985-335695255_1557761585-GB-F-027 BUT BUT YOU HEARD IT 
LOG (gmm-latgen-faster[5.5.480~1-09abd]:DecodeUtteranceLatticeFaster():decoder-wrappers.cc:289) Log-like per frame for utterance F107889307-1091998906_2689985-335695255_1557761585-GB-F-027 is -4.35884 over 295 frames.
F107889307-1091998906_2689985-335695255_1557761585-GB-F-029 DARLING YOU LOOK PERFECT TONIGHT 
LOG (gmm-latgen-faster[5.5.480~1-09abd]:DecodeUtteranceLatticeFaster():decoder-wrappers.cc:289) Log-like per frame for utterance F107889307-1091998906_2689985-335695255_1557761585-GB-F-029 is -4.05404 over 466 frames.
F107889307-1091998906_2689985-335695255_1557761585-GB-F-035 I FOUND A LOVE 
LOG (gmm-latgen-faster[5.5.480~1-09abd]:DecodeUtteranceLatticeFaster():decoder-wrappers.cc:289) Log-like per frame for utterance F107889307-1091998906_2689985-335695255_1557761585-GB-F-035 is -4.27603 over 273 frames.
F107889307-1091998906_2689985-335695255_1557761585-GB-F-036 TO CARRY MORE THAN JUST MY SECRETS 
LOG (gmm-latgen-faster[5.5.480~1-09abd]:DecodeUtteranceLatticeFaster():decoder-wrappers.cc:289) Log-like per frame for utterance F107889307-1091998906_2689985-335695255_1557761585-GB-F-036 is -4.40846 over 290 frames.
F107889307-1091998906_2689985-335695255_1557761585-GB-F-037 TO CARRY LOVE 
LOG (gmm-latgen-faster[5.5.480~1-09abd]:DecodeUtteranceLatticeFaster():decoder-wrappers.cc:289) Log-like per frame for utterance F107889307-1091998906_2689985-335695255_1557761585-GB-F-037 is -4.36061 over 132 frames.
F107889307-1091998906_2689985-335695255_1557761585-GB-F-039 TO CARRY CHILDREN OF OUR OWN WE ARE STILL KIDS BUT WE'RE KIDS TO ALL ODDS BABY ALRIGHT THIS TIME ALRIGHT THIS TIME DARLING JUST HOLD MY HAND BE MY GIRL I'LL BE YOUR MAN I SEE MY FUTURE IN YOUR EYES 
LOG (gmm-latgen-faster[5.5.480~1-09abd]:DecodeUtteranceLatticeFaster():decoder-wrappers.cc:289) Log-like per frame for utterance F107889307-1091998906_2689985-335695255_1557761585-GB-F-039 is -4.18633 over 3400 frames.
F107889307-1091998906_2689985-335695255_1557761585-GB-F-051 BAREFOOT ON THE GRASS 
LOG (gmm-latgen-faster[5.5.480~1-09abd]:DecodeUtteranceLatticeFaster():decoder-wrappers.cc:289) Log-like per frame for utterance F107889307-1091998906_2689985-335695255_1557761585-GB-F-051 is -4.43027 over 255 frames.
F107889307-1091998906_2689985-335695255_1557761585-GB-F-053 LISTENING TO OUR FAVORITE SONG WHEN I SAW YOU IN THAT DRESS LOOKING SO BEAUTIFUL I DON'T DESERVE THIS DARLING YOU LOOK PERFECT 
LOG (gmm-latgen-faster[5.5.480~1-09abd]:DecodeUtteranceLatticeFaster():decoder-wrappers.cc:289) Log-like per frame for utterance F107889307-1091998906_2689985-335695255_1557761585-GB-F-053 is -4.58231 over 1647 frames.
F107889307-1091998906_2689985-335695255_1557761585-GB-F-063 WITH YOU BETWEEN MY ARMS 
LOG (gmm-latgen-faster[5.5.480~1-09abd]:DecodeUtteranceLatticeFaster():decoder-wrappers.cc:289) Log-like per frame for utterance F107889307-1091998906_2689985-335695255_1557761585-GB-F-063 is -3.71869 over 282 frames.
F107889307-1091998906_2689985-335695255_1557761585-GB-F-064 BAREFOOT ON THE GRASS 
LOG (gmm-latgen-faster[5.5.480~1-09abd]:DecodeUtteranceLatticeFaster():decoder-wrappers.cc:289) Log-like per frame for utterance F107889307-1091998906_2689985-335695255_1557761585-GB-F-064 is -4.64167 over 313 frames.
F107889307-1091998906_2689985-335695255_1557761585-GB-F-066 LISTENING TO OUR FAVORITE 
LOG (gmm-latgen-faster[5.5.480~1-09abd]:DecodeUtteranceLatticeFaster():decoder-wrappers.cc:289) Log-like per frame for utterance F107889307-1091998906_2689985-335695255_1557761585-GB-F-066 is -4.31413 over 293 frames.
F107889307-1091998906_2689985-335695255_1557761585-GB-F-067 KNOW I HAVE FAITH I SEE HOW I HAVE MET AN ANGEL IN PERSON AND SHE LOOKS PERFECT A 
LOG (gmm-latgen-faster[5.5.480~1-09abd]:DecodeUtteranceLatticeFaster():decoder-wrappers.cc:289) Log-like per frame for utterance F107889307-1091998906_2689985-335695255_1557761585-GB-F-067 is -4.43182 over 1425 frames.
F107889307-1091998906_2689985-335695255_1557761585-GB-F-071 YOU LOOK PERFECT TONIGHT 
LOG (gmm-latgen-faster[5.5.480~1-09abd]:DecodeUtteranceLatticeFaster():decoder-wrappers.cc:289) Log-like per frame for utterance F107889307-1091998906_2689985-335695255_1557761585-GB-F-071 is -3.74066 over 467 frames.
F1081051811-376850492_89301-1101546773_1622972478-GB-F-001 BACK WHEN I WAS A CHILD 
LOG (gmm-latgen-faster[5.5.480~1-09abd]:DecodeUtteranceLatticeFaster():decoder-wrappers.cc:289) Log-like per frame for utterance F1081051811-376850492_89301-1101546773_1622972478-GB-F-001 is -3.84542 over 421 frames.
F1081051811-376850492_89301-1101546773_1622972478-GB-F-002 BEFORE LIFE REMOVED ALL THE INNOCENCE 
LOG (gmm-latgen-faster[5.5.480~1-09abd]:DecodeUtteranceLatticeFaster():decoder-wrappers.cc:289) Log-like per frame for utterance F1081051811-376850492_89301-1101546773_1622972478-GB-F-002 is -3.97624 over 483 frames.
F1081051811-376850492_89301-1101546773_1622972478-GB-F-003 MY FATHER WOULD LIFT ME HIGH AND 
LOG (gmm-latgen-faster[5.5.480~1-09abd]:DecodeUtteranceLatticeFaster():decoder-wrappers.cc:289) Log-like per frame for utterance F1081051811-376850492_89301-1101546773_1622972478-GB-F-003 is -3.86076 over 481 frames.
F1081051811-376850492_89301-1101546773_1622972478-GB-F-004 AND DANCE WITH MY MOTHER AND ME AND THEN SPIN ME AROUND TIL I FELL ASLEEP 
LOG (gmm-latgen-faster[5.5.480~1-09abd]:DecodeUtteranceLatticeFaster():decoder-wrappers.cc:289) Log-like per frame for utterance F1081051811-376850492_89301-1101546773_1622972478-GB-F-004 is -3.94285 over 920 frames.
F1081051811-376850492_89301-1101546773_1622972478-GB-F-006 THEN UP THE STAIRS HE WOULD CARRY ME AND I KNEW FOR SURE I WAS LOVED 
LOG (gmm-latgen-faster[5.5.480~1-09abd]:DecodeUtteranceLatticeFaster():decoder-wrappers.cc:289) Log-like per frame for utterance F1081051811-376850492_89301-1101546773_1622972478-GB-F-006 is -3.82391 over 1009 frames.
F1081051811-376850492_89301-1101546773_1622972478-GB-F-009 I COULD GET ANOTHER CHANCE ANOTHER WALK ANOTHER DANCE WITH HIM I'D PLAY A SONG THAT WOULD NEVER EVER END 
LOG (gmm-latgen-faster[5.5.480~1-09abd]:DecodeUtteranceLatticeFaster():decoder-wrappers.cc:289) Log-like per frame for utterance F1081051811-376850492_89301-1101546773_1622972478-GB-F-009 is -4.0358 over 1575 frames.
F1081051811-376850492_89301-1101546773_1622972478-GB-F-013 I AND HEART I LOVE LOVE LOVE TO DANCE WITH MY FATHER AGAIN 
LOG (gmm-latgen-faster[5.5.480~1-09abd]:DecodeUtteranceLatticeFaster():decoder-wrappers.cc:289) Log-like per frame for utterance F1081051811-376850492_89301-1101546773_1622972478-GB-F-013 is -3.92829 over 976 frames.
F1081051811-376850492_89301-1101546773_1622972478-GB-F-016 WHEN I AND MY MOTHER WOULD DISAGREE TO GET MY WAY I WOULD RUN FROM HER TO HIM HE'D MAKE ME LAUGH JUST TO COMFORT ME THEN FINALLY MAKE ME DO JUST WHAT MY MAMA SAID 
LOG (gmm-latgen-faster[5.5.480~1-09abd]:DecodeUtteranceLatticeFaster():decoder-wrappers.cc:289) Log-like per frame for utterance F1081051811-376850492_89301-1101546773_1622972478-GB-F-016 is -4.28599 over 2285 frames.
F1081051811-376850492_89301-1101546773_1622972478-GB-F-022 LATER THAT NIGHT WHEN I WAS ASLEEP 
LOG (gmm-latgen-faster[5.5.480~1-09abd]:DecodeUtteranceLatticeFaster():decoder-wrappers.cc:289) Log-like per frame for utterance F1081051811-376850492_89301-1101546773_1622972478-GB-F-022 is -3.6375 over 479 frames.
F1081051811-376850492_89301-1101546773_1622972478-GB-F-023 HE LEFT A DOLLAR UNDER MY SHEET NEVER DREAMED THAT HE WOULD BE GONE I'M FROM ME IF I COULD STEAL ONE FINAL GLANCE ONE 
LOG (gmm-latgen-faster[5.5.480~1-09abd]:DecodeUtteranceLatticeFaster():decoder-wrappers.cc:289) Log-like per frame for utterance F1081051811-376850492_89301-1101546773_1622972478-GB-F-023 is -4.05954 over 1629 frames.
F1081051811-376850492_89301-1101546773_1622972478-GB-F-028 FINAL STEP ONE FINAL DANCE WITH HIM I'D PLAY A SONG THAT WOULD NEVER EVER END CAUSE I'D LOVE LOVE LOVE 
LOG (gmm-latgen-faster[5.5.480~1-09abd]:DecodeUtteranceLatticeFaster():decoder-wrappers.cc:289) Log-like per frame for utterance F1081051811-376850492_89301-1101546773_1622972478-GB-F-028 is -4.04179 over 1425 frames.
F1081051811-376850492_89301-1101546773_1622972478-GB-F-033 TO DANCE WITH MY FATHER AGAIN 
LOG (gmm-latgen-faster[5.5.480~1-09abd]:DecodeUtteranceLatticeFaster():decoder-wrappers.cc:289) Log-like per frame for utterance F1081051811-376850492_89301-1101546773_1622972478-GB-F-033 is -3.63399 over 492 frames.
F1081051811-376850492_89301-1101546773_1622972478-GB-F-034 SOMETIMES I'D LISTEN OUTSIDE DOOR AND I'D HEAR HOW MY MOTHER CRIED FOR HIM I PRAY FOR HER EVEN MORE THAN ME 
LOG (gmm-latgen-faster[5.5.480~1-09abd]:DecodeUtteranceLatticeFaster():decoder-wrappers.cc:289) Log-like per frame for utterance F1081051811-376850492_89301-1101546773_1622972478-GB-F-034 is -4.53988 over 1682 frames.
F1081051811-376850492_89301-1101546773_1622972478-GB-F-038 I PRAY FOR HER EVEN MORE THAN ME 
LOG (gmm-latgen-faster[5.5.480~1-09abd]:DecodeUtteranceLatticeFaster():decoder-wrappers.cc:289) Log-like per frame for utterance F1081051811-376850492_89301-1101546773_1622972478-GB-F-038 is -4.09765 over 802 frames.
F1081051811-376850492_89301-1101546773_1622972478-GB-F-039 I KNOW I'M PRAYING FOR MUCH TOO MUCH 
LOG (gmm-latgen-faster[5.5.480~1-09abd]:DecodeUtteranceLatticeFaster():decoder-wrappers.cc:289) Log-like per frame for utterance F1081051811-376850492_89301-1101546773_1622972478-GB-F-039 is -4.3806 over 508 frames.
F1081051811-376850492_89301-1101546773_1622972478-GB-F-040 BUT COULD YOU SEND BACK 
LOG (gmm-latgen-faster[5.5.480~1-09abd]:DecodeUtteranceLatticeFaster():decoder-wrappers.cc:289) Log-like per frame for utterance F1081051811-376850492_89301-1101546773_1622972478-GB-F-040 is -4.37471 over 233 frames.
F1081051811-376850492_89301-1101546773_1622972478-GB-F-041 THE ONLY MAN SHE LOVED 
LOG (gmm-latgen-faster[5.5.480~1-09abd]:DecodeUtteranceLatticeFaster():decoder-wrappers.cc:289) Log-like per frame for utterance F1081051811-376850492_89301-1101546773_1622972478-GB-F-041 is -3.67037 over 329 frames.
F1081051811-376850492_89301-1101546773_1622972478-GB-F-042 I KNOW YOU DON'T DO IT USUALLY 
LOG (gmm-latgen-faster[5.5.480~1-09abd]:DecodeUtteranceLatticeFaster():decoder-wrappers.cc:289) Log-like per frame for utterance F1081051811-376850492_89301-1101546773_1622972478-GB-F-042 is -3.97899 over 392 frames.
F1081051811-376850492_89301-1101546773_1622972478-GB-F-043 BUT DEAR LORD SHE'S DYING TO DANCE WITH MY FATHER AGAIN 
LOG (gmm-latgen-faster[5.5.480~1-09abd]:DecodeUtteranceLatticeFaster():decoder-wrappers.cc:289) Log-like per frame for utterance F1081051811-376850492_89301-1101546773_1622972478-GB-F-043 is -3.55834 over 1037 frames.
F1081051811-376850492_89301-1101546773_1622972478-GB-F-046 EVERY NOW I'D I'LL FOR THIS IT AND THIS IS ALL I EVER DREAM 
LOG (gmm-latgen-faster[5.5.480~1-09abd]:DecodeUtteranceLatticeFaster():decoder-wrappers.cc:289) Log-like per frame for utterance F1081051811-376850492_89301-1101546773_1622972478-GB-F-046 is -3.92148 over 828 frames.
F1088280285-3769643_3769643-1088277799_1535730068-GB-F-001 I KNOW I CAN'T TAKE ONE MORE STEP TOWARDS YOU 
LOG (gmm-latgen-faster[5.5.480~1-09abd]:DecodeUtteranceLatticeFaster():decoder-wrappers.cc:289) Log-like per frame for utterance F1088280285-3769643_3769643-1088277799_1535730068-GB-F-001 is -4.80675 over 449 frames.
F1088280285-3769643_3769643-1088277799_1535730068-GB-F-002 'CAUSE ALL THAT'S WAITING IS REGRET 
LOG (gmm-latgen-faster[5.5.480~1-09abd]:DecodeUtteranceLatticeFaster():decoder-wrappers.cc:289) Log-like per frame for utterance F1088280285-3769643_3769643-1088277799_1535730068-GB-F-002 is -4.25144 over 280 frames.
F1088280285-3769643_3769643-1088277799_1535730068-GB-F-003 DON'T YOU KNOW I'M NOT YOUR GHOST ANYMORE YOU LOST THE LOVE I LOVED NO OH I LEARNED TO LIVE HALF ALIVE AND NOW YOU WANT ME ONE MORE TIME AND WHO DO YOU THINK YOU ARE RUNNING 'ROUND LEAVING SCARS 
LOG (gmm-latgen-faster[5.5.480~1-09abd]:DecodeUtteranceLatticeFaster():decoder-wrappers.cc:289) Log-like per frame for utterance F1088280285-3769643_3769643-1088277799_1535730068-GB-F-003 is -3.82243 over 3219 frames.
F1088280285-3769643_3769643-1088277799_1535730068-GB-F-009 COLLECTING YOUR JAR OF HEARTS 
LOG (gmm-latgen-faster[5.5.480~1-09abd]:DecodeUtteranceLatticeFaster():decoder-wrappers.cc:289) Log-like per frame for utterance F1088280285-3769643_3769643-1088277799_1535730068-GB-F-009 is -4.03718 over 311 frames.
F1088280285-3769643_3769643-1088277799_1535730068-GB-F-010 AND TEARING LOVE APART YOU'RE GONNA CATCH A COLD FROM THE ICE INSIDE YOUR SOUL 
LOG (gmm-latgen-faster[5.5.480~1-09abd]:DecodeUtteranceLatticeFaster():decoder-wrappers.cc:289) Log-like per frame for utterance F1088280285-3769643_3769643-1088277799_1535730068-GB-F-010 is -3.78475 over 900 frames.
F1088280285-3769643_3769643-1088277799_1535730068-GB-F-012 DON'T COME BACK FOR ME WHO DO YOU THINK YOU ARE I HEAR YOU'RE ASKING ALL AROUND 
LOG (gmm-latgen-faster[5.5.480~1-09abd]:DecodeUtteranceLatticeFaster():decoder-wrappers.cc:289) Log-like per frame for utterance F1088280285-3769643_3769643-1088277799_1535730068-GB-F-012 is -3.81807 over 1205 frames.
F1088280285-3769643_3769643-1088277799_1535730068-GB-F-015 IF I AM ANYWHERE TO BE FOUND BUT I HAVE GROWN TOO STRONG FALL BACK IN YOUR ARMS AND I'VE LEARNED TO LIVE HALF ALIVE AND NOW YOU WANT MY ONE MORE TIME AND WHO DO YOU THINK YOU ARE RUNNING 'ROUND LEAVING SCARS 
LOG (gmm-latgen-faster[5.5.480~1-09abd]:DecodeUtteranceLatticeFaster():decoder-wrappers.cc:289) Log-like per frame for utterance F1088280285-3769643_3769643-1088277799_1535730068-GB-F-015 is -3.65348 over 3866 frames.
F1088280285-3769643_3769643-1088277799_1535730068-GB-F-022 COLLECTING YOUR JAR OF HEARTS 
LOG (gmm-latgen-faster[5.5.480~1-09abd]:DecodeUtteranceLatticeFaster():decoder-wrappers.cc:289) Log-like per frame for utterance F1088280285-3769643_3769643-1088277799_1535730068-GB-F-022 is -3.93348 over 310 frames.
F1088280285-3769643_3769643-1088277799_1535730068-GB-F-023 TEARING LOVE APART YOU'RE GONNA CATCH A COLD FROM THE ICE INSIDE YOUR SOUL 
LOG (gmm-latgen-faster[5.5.480~1-09abd]:DecodeUtteranceLatticeFaster():decoder-wrappers.cc:289) Log-like per frame for utterance F1088280285-3769643_3769643-1088277799_1535730068-GB-F-023 is -4.0268 over 902 frames.
F1088280285-3769643_3769643-1088277799_1535730068-GB-F-025 DON'T COME BACK FOR ME WHO DO YOU THINK YOU ARE 
LOG (gmm-latgen-faster[5.5.480~1-09abd]:DecodeUtteranceLatticeFaster():decoder-wrappers.cc:289) Log-like per frame for utterance F1088280285-3769643_3769643-1088277799_1535730068-GB-F-025 is -3.83553 over 790 frames.
F1088280285-3769643_3769643-1088277799_1535730068-GB-F-027 AND IT TOOK SO LONG JUST TO FEEL ALRIGHT REMEMBER HOW TO PUT BACK THE LIGHT IN MY EYES I WISH I HAD MISSED THE FIRST TIME THAT WE KISSED 'CAUSE BROKE ALL YOUR PROMISES AND NOW YOU'RE THE YOU DON'T I'M TO GET ME BACK WHO AND WHO DO YOU THINK YOU ARE RUNNING 'ROUND LEAVING SCARS 
LOG (gmm-latgen-faster[5.5.480~1-09abd]:DecodeUtteranceLatticeFaster():decoder-wrappers.cc:289) Log-like per frame for utterance F1088280285-3769643_3769643-1088277799_1535730068-GB-F-027 is -4.32629 over 3934 frames.
F1088280285-3769643_3769643-1088277799_1535730068-GB-F-033 COLLECTING YOUR JAR OF HEARTS 
LOG (gmm-latgen-faster[5.5.480~1-09abd]:DecodeUtteranceLatticeFaster():decoder-wrappers.cc:289) Log-like per frame for utterance F1088280285-3769643_3769643-1088277799_1535730068-GB-F-033 is -3.81864 over 250 frames.
F1088280285-3769643_3769643-1088277799_1535730068-GB-F-034 TEARING LOVE APART YOU'RE GONNA CATCH A COLD THE ICE INSIDE YOUR SOUL SO DON'T COME BACK FOR ME DON'T COME BACK AT ALL WHO DO YOU THINK YOU ARE RUNNING 'ROUND LEAVING SCARS COLLECTING YOUR JAR OF HEARTS TEARING LOVE APART YOU'RE GONNA CATCH A COLD FROM THE ICE INSIDE YOUR SOUL DON'T COME BACK FOR ME DON'T COME BACK AT ALL WHO DO YOU THINK YOU ARE WHO DO YOU THINK YOU ARE DO YOU THINK YOU ARE 
LOG (gmm-latgen-faster[5.5.480~1-09abd]:DecodeUtteranceLatticeFaster():decoder-wrappers.cc:289) Log-like per frame for utterance F1088280285-3769643_3769643-1088277799_1535730068-GB-F-034 is -3.94693 over 6188 frames.
F1103192869-226581890_170716-536108752_1597346839-GB-F-006 I CAME ALONG 
LOG (gmm-latgen-faster[5.5.480~1-09abd]:DecodeUtteranceLatticeFaster():decoder-wrappers.cc:289) Log-like per frame for utterance F1103192869-226581890_170716-536108752_1597346839-GB-F-006 is -3.3394 over 250 frames.
F1103192869-226581890_170716-536108752_1597346839-GB-F-007 I WROTE TO SONG FOR YOU 
LOG (gmm-latgen-faster[5.5.480~1-09abd]:DecodeUtteranceLatticeFaster():decoder-wrappers.cc:289) Log-like per frame for utterance F1103192869-226581890_170716-536108752_1597346839-GB-F-007 is -3.7142 over 383 frames.
F1103192869-226581890_170716-536108752_1597346839-GB-F-008 AND ALL THE THINGS YOU DO 
LOG (gmm-latgen-faster[5.5.480~1-09abd]:DecodeUtteranceLatticeFaster():decoder-wrappers.cc:289) Log-like per frame for utterance F1103192869-226581890_170716-536108752_1597346839-GB-F-008 is -3.73031 over 427 frames.
F1103192869-226581890_170716-536108752_1597346839-GB-F-010 AND IT WAS CALLED YELLOW 
LOG (gmm-latgen-faster[5.5.480~1-09abd]:DecodeUtteranceLatticeFaster():decoder-wrappers.cc:289) Log-like per frame for utterance F1103192869-226581890_170716-536108752_1597346839-GB-F-010 is -3.80175 over 301 frames.
F1103192869-226581890_170716-536108752_1597346839-GB-F-023 I SWAM ACROSS 
LOG (gmm-latgen-faster[5.5.480~1-09abd]:DecodeUtteranceLatticeFaster():decoder-wrappers.cc:289) Log-like per frame for utterance F1103192869-226581890_170716-536108752_1597346839-GB-F-023 is -4.2961 over 186 frames.
F1103192869-226581890_170716-536108752_1597346839-GB-F-024 I JUMPED ACROSS FOR YOU OH WHAT A THING TO DO 'CAUSE YOU WERE ALL YELLOW 
LOG (gmm-latgen-faster[5.5.480~1-09abd]:DecodeUtteranceLatticeFaster():decoder-wrappers.cc:289) Log-like per frame for utterance F1103192869-226581890_170716-536108752_1597346839-GB-F-024 is -3.77926 over 1396 frames.
F1103192869-226581890_170716-536108752_1597346839-GB-F-033 YOUR SKIN 
LOG (gmm-latgen-faster[5.5.480~1-09abd]:DecodeUtteranceLatticeFaster():decoder-wrappers.cc:289) Log-like per frame for utterance F1103192869-226581890_170716-536108752_1597346839-GB-F-033 is -3.8148 over 211 frames.
F1103192869-226581890_170716-536108752_1597346839-GB-F-034 OH YEAH YOUR SKIN AND BONES TO IN INTO SOMETHING BEAUTIFUL DO YOU KNOW FOR YOU I'D BLEED MYSELF DRY 
LOG (gmm-latgen-faster[5.5.480~1-09abd]:DecodeUtteranceLatticeFaster():decoder-wrappers.cc:289) Log-like per frame for utterance F1103192869-226581890_170716-536108752_1597346839-GB-F-034 is -4.35128 over 1530 frames.
F1103192869-226581890_170716-536108752_1597346839-GB-F-040 FOR YOU I'D BLEED MYSELF DRY 
LOG (gmm-latgen-faster[5.5.480~1-09abd]:DecodeUtteranceLatticeFaster():decoder-wrappers.cc:289) Log-like per frame for utterance F1103192869-226581890_170716-536108752_1597346839-GB-F-040 is -4.49811 over 333 frames.
F1103192869-226581890_170716-536108752_1597346839-GB-F-041 LOOK AT THE STARS 
LOG (gmm-latgen-faster[5.5.480~1-09abd]:DecodeUtteranceLatticeFaster():decoder-wrappers.cc:289) Log-like per frame for utterance F1103192869-226581890_170716-536108752_1597346839-GB-F-041 is -3.95588 over 204 frames.
F1103192869-226581890_170716-536108752_1597346839-GB-F-042 LOOK HOW THEY SHINE FOR YOU 
LOG (gmm-latgen-faster[5.5.480~1-09abd]:DecodeUtteranceLatticeFaster():decoder-wrappers.cc:289) Log-like per frame for utterance F1103192869-226581890_170716-536108752_1597346839-GB-F-042 is -3.59861 over 431 frames.
F1103192869-226581890_170716-536108752_1597346839-GB-F-043 AND ALL THE THINGS THAT YOU DO MAKE I'M TIME 
LOG (gmm-latgen-faster[5.5.480~1-09abd]:DecodeUtteranceLatticeFaster():decoder-wrappers.cc:289) Log-like per frame for utterance F1103192869-226581890_170716-536108752_1597346839-GB-F-043 is -4.481 over 844 frames.
F1103192869-283627236_157752-536108752_1604473763-GB-F-004 I HAD TO FIND YOU TELL YOU I NEED YOU TELL YOU I SET YOU APART 
LOG (gmm-latgen-faster[5.5.480~1-09abd]:DecodeUtteranceLatticeFaster():decoder-wrappers.cc:289) Log-like per frame for utterance F1103192869-283627236_157752-536108752_1604473763-GB-F-004 is -3.63503 over 1172 frames.
F1103192869-283627236_157752-536108752_1604473763-GB-F-012 RUNNING IN CIRCLES COMING UP TAILS HEADS ON A SCIENCE APART 
LOG (gmm-latgen-faster[5.5.480~1-09abd]:DecodeUtteranceLatticeFaster():decoder-wrappers.cc:289) Log-like per frame for utterance F1103192869-283627236_157752-536108752_1604473763-GB-F-012 is -3.59671 over 1117 frames.
F1103192869-283627236_157752-536108752_1604473763-GB-F-016 NOBODY SAID IT WAS EASY IN YOU SUCH A SHAME FOR US TO PART NOBODY SAID IT WAS EASY NO ONE EVER SAID IT WOULD BE THIS HARD OH TAKE ME BACK TO THE START 
LOG (gmm-latgen-faster[5.5.480~1-09abd]:DecodeUtteranceLatticeFaster():decoder-wrappers.cc:289) Log-like per frame for utterance F1103192869-283627236_157752-536108752_1604473763-GB-F-016 is -3.3513 over 3422 frames.
F1103192869-283627236_157752-536108752_1604473763-GB-F-027 QUESTIONS OF SCIENCE 
LOG (gmm-latgen-faster[5.5.480~1-09abd]:DecodeUtteranceLatticeFaster():decoder-wrappers.cc:289) Log-like per frame for utterance F1103192869-283627236_157752-536108752_1604473763-GB-F-027 is -4.03032 over 268 frames.
F1103192869-283627236_157752-536108752_1604473763-GB-F-028 SCIENCE AND PROGRESS DO NOT SPEAK AS LOUD AS MY HEART 
LOG (gmm-latgen-faster[5.5.480~1-09abd]:DecodeUtteranceLatticeFaster():decoder-wrappers.cc:289) Log-like per frame for utterance F1103192869-283627236_157752-536108752_1604473763-GB-F-028 is -3.3763 over 912 frames.
F1103192869-283627236_157752-536108752_1604473763-GB-F-035 RUNNING IN CIRCLES CHASING OUR TAILS 
LOG (gmm-latgen-faster[5.5.480~1-09abd]:DecodeUtteranceLatticeFaster():decoder-wrappers.cc:289) Log-like per frame for utterance F1103192869-283627236_157752-536108752_1604473763-GB-F-035 is -3.20536 over 632 frames.
F1103192869-283627236_157752-536108752_1604473763-GB-F-038 COMING BACK AS WE ARE 
LOG (gmm-latgen-faster[5.5.480~1-09abd]:DecodeUtteranceLatticeFaster():decoder-wrappers.cc:289) Log-like per frame for utterance F1103192869-283627236_157752-536108752_1604473763-GB-F-038 is -3.11331 over 508 frames.
F1103192869-283627236_157752-536108752_1604473763-GB-F-039 NOBODY SAID IT WAS EASY OH IT'S WHO SUCH A SHAME FOR US TO PART 
LOG (gmm-latgen-faster[5.5.480~1-09abd]:DecodeUtteranceLatticeFaster():decoder-wrappers.cc:289) Log-like per frame for utterance F1103192869-283627236_157752-536108752_1604473763-GB-F-039 is -3.06094 over 1228 frames.
F1103192869-283627236_157752-536108752_1604473763-GB-F-041 NOBODY SAID IT WAS EASY NO ONE EVER SAID IT WOULD BE SO HARD I'M GOING BACK TO THE START 
LOG (gmm-latgen-faster[5.5.480~1-09abd]:DecodeUtteranceLatticeFaster():decoder-wrappers.cc:289) Log-like per frame for utterance F1103192869-283627236_157752-536108752_1604473763-GB-F-041 is -3.00345 over 2181 frames.
F110669528-420548821_147255-1309882973_1603533122-GB-F-001 WOULD YOU DANCE IF I ASKED YOU TO DANCE 
LOG (gmm-latgen-faster[5.5.480~1-09abd]:DecodeUtteranceLatticeFaster():decoder-wrappers.cc:289) Log-like per frame for utterance F110669528-420548821_147255-1309882973_1603533122-GB-F-001 is -4.77081 over 442 frames.
F110669528-420548821_147255-1309882973_1603533122-GB-F-002 WOULD YOU RUN AND NEVER LOOK BACK 
LOG (gmm-latgen-faster[5.5.480~1-09abd]:DecodeUtteranceLatticeFaster():decoder-wrappers.cc:289) Log-like per frame for utterance F110669528-420548821_147255-1309882973_1603533122-GB-F-002 is -4.78338 over 517 frames.
F110669528-420548821_147255-1309882973_1603533122-GB-F-003 WOULD YOU CRY IF YOU SAW ME CRYING 
LOG (gmm-latgen-faster[5.5.480~1-09abd]:DecodeUtteranceLatticeFaster():decoder-wrappers.cc:289) Log-like per frame for utterance F110669528-420548821_147255-1309882973_1603533122-GB-F-003 is -4.46731 over 459 frames.
F110669528-420548821_147255-1309882973_1603533122-GB-F-005 WOULD YOU SAVE MY SOUL TONIGHT 
LOG (gmm-latgen-faster[5.5.480~1-09abd]:DecodeUtteranceLatticeFaster():decoder-wrappers.cc:289) Log-like per frame for utterance F110669528-420548821_147255-1309882973_1603533122-GB-F-005 is -4.397 over 474 frames.
F110669528-420548821_147255-1309882973_1603533122-GB-F-012 I 
LOG (gmm-latgen-faster[5.5.480~1-09abd]:DecodeUtteranceLatticeFaster():decoder-wrappers.cc:289) Log-like per frame for utterance F110669528-420548821_147255-1309882973_1603533122-GB-F-012 is -5.3919 over 375 frames.
F110669528-420548821_147255-1309882973_1603533122-GB-F-013 I CAN BE YOUR HERO BABY 
LOG (gmm-latgen-faster[5.5.480~1-09abd]:DecodeUtteranceLatticeFaster():decoder-wrappers.cc:289) Log-like per frame for utterance F110669528-420548821_147255-1309882973_1603533122-GB-F-013 is -4.37806 over 326 frames.
F110669528-420548821_147255-1309882973_1603533122-GB-F-014 I CAN KISS AWAY THE PAIN 
LOG (gmm-latgen-faster[5.5.480~1-09abd]:DecodeUtteranceLatticeFaster():decoder-wrappers.cc:289) Log-like per frame for utterance F110669528-420548821_147255-1309882973_1603533122-GB-F-014 is -4.99204 over 633 frames.
F110669528-420548821_147255-1309882973_1603533122-GB-F-015 I CAN YOU FOREVER 
LOG (gmm-latgen-faster[5.5.480~1-09abd]:DecodeUtteranceLatticeFaster():decoder-wrappers.cc:289) Log-like per frame for utterance F110669528-420548821_147255-1309882973_1603533122-GB-F-015 is -5.46755 over 381 frames.
F110669528-420548821_147255-1309882973_1603533122-GB-F-017 CAN TAKE MY BREATH 
LOG (gmm-latgen-faster[5.5.480~1-09abd]:DecodeUtteranceLatticeFaster():decoder-wrappers.cc:289) Log-like per frame for utterance F110669528-420548821_147255-1309882973_1603533122-GB-F-017 is -4.94553 over 848 frames.
F110669528-420548821_147255-1309882973_1603533122-GB-F-019 AM I CAN TAKE BABY 
LOG (gmm-latgen-faster[5.5.480~1-09abd]:DecodeUtteranceLatticeFaster():decoder-wrappers.cc:289) Log-like per frame for utterance F110669528-420548821_147255-1309882973_1603533122-GB-F-019 is -5.28463 over 538 frames.
F110669528-420548821_147255-1309882973_1603533122-GB-F-021 AM I IN TOO DEEP HAVE I LOST MY MIND 
LOG (gmm-latgen-faster[5.5.480~1-09abd]:DecodeUtteranceLatticeFaster():decoder-wrappers.cc:289) Log-like per frame for utterance F110669528-420548821_147255-1309882973_1603533122-GB-F-021 is -4.96906 over 575 frames.
F110669528-420548821_147255-1309882973_1603533122-GB-F-023 I DON'T CARE YOU'RE HERE TONIGHT 
LOG (gmm-latgen-faster[5.5.480~1-09abd]:DecodeUtteranceLatticeFaster():decoder-wrappers.cc:289) Log-like per frame for utterance F110669528-420548821_147255-1309882973_1603533122-GB-F-023 is -4.37434 over 436 frames.
F110669528-420548821_147255-1309882973_1603533122-GB-F-026 I WILL STAND BY YOU FOREVER 
LOG (gmm-latgen-faster[5.5.480~1-09abd]:DecodeUtteranceLatticeFaster():decoder-wrappers.cc:289) Log-like per frame for utterance F110669528-420548821_147255-1309882973_1603533122-GB-F-026 is -3.98658 over 316 frames.
F110669528-420548821_147255-1309882973_1603533122-GB-F-028 YOU CAN TAKE MY BREATH I CAN TAKE MY OH I CAN OH YEAH YEAH I 
LOG (gmm-latgen-faster[5.5.480~1-09abd]:RebuildRepository():determinize-lattice-pruned.cc:283) Rebuilding repository.
LOG (gmm-latgen-faster[5.5.480~1-09abd]:RebuildRepository():determinize-lattice-pruned.cc:283) Rebuilding repository.
LOG (gmm-latgen-faster[5.5.480~1-09abd]:RebuildRepository():determinize-lattice-pruned.cc:283) Rebuilding repository.
WARNING (gmm-latgen-faster[5.5.480~1-09abd]:CheckMemoryUsage():determinize-lattice-pruned.cc:316) Did not reach requested beam in determinize-lattice: size exceeds maximum 50000000 bytes; (repo,arcs,elems) = (36386272,39712,14667696), after rebuilding, repo size was 27606848, effective beam was 3.04162 vs. requested beam 6
WARNING (gmm-latgen-faster[5.5.480~1-09abd]:DecodeUtteranceLatticeFaster():decoder-wrappers.cc:277) Determinization finished earlier than the beam for utterance F110669528-420548821_147255-1309882973_1603533122-GB-F-028
LOG (gmm-latgen-faster[5.5.480~1-09abd]:DecodeUtteranceLatticeFaster():decoder-wrappers.cc:289) Log-like per frame for utterance F110669528-420548821_147255-1309882973_1603533122-GB-F-028 is -4.86342 over 3026 frames.
F110669528-420548821_147255-1309882973_1603533122-GB-F-029 
LOG (gmm-latgen-faster[5.5.480~1-09abd]:DecodeUtteranceLatticeFaster():decoder-wrappers.cc:289) Log-like per frame for utterance F110669528-420548821_147255-1309882973_1603533122-GB-F-029 is -4.9424 over 187 frames.
F110669528-420548821_147255-1309882973_1603533122-GB-F-032 I IN TOO DEEP HAVE I LOST MY MIND 
LOG (gmm-latgen-faster[5.5.480~1-09abd]:DecodeUtteranceLatticeFaster():decoder-wrappers.cc:289) Log-like per frame for utterance F110669528-420548821_147255-1309882973_1603533122-GB-F-032 is -5.26956 over 540 frames.
F110669528-420548821_147255-1309882973_1603533122-GB-F-034 WELL I DON'T CARE YOU'RE HERE TONIGHT 
LOG (gmm-latgen-faster[5.5.480~1-09abd]:DecodeUtteranceLatticeFaster():decoder-wrappers.cc:289) Log-like per frame for utterance F110669528-420548821_147255-1309882973_1603533122-GB-F-034 is -4.36557 over 422 frames.
F110669528-420548821_147255-1309882973_1603533122-GB-F-035 I CAN BE YOUR HERO BABY 
LOG (gmm-latgen-faster[5.5.480~1-09abd]:DecodeUtteranceLatticeFaster():decoder-wrappers.cc:289) Log-like per frame for utterance F110669528-420548821_147255-1309882973_1603533122-GB-F-035 is -3.99959 over 314 frames.
F110669528-420548821_147255-1309882973_1603533122-GB-F-036 I CAN KISS AWAY THE THE PAIN OH YEAH I WILL STAND BY YOU FOR 
LOG (gmm-latgen-faster[5.5.480~1-09abd]:DecodeUtteranceLatticeFaster():decoder-wrappers.cc:289) Log-like per frame for utterance F110669528-420548821_147255-1309882973_1603533122-GB-F-036 is -5.61632 over 1082 frames.
F110669528-420548821_147255-1309882973_1603533122-GB-F-039 YOU CAN TAKE MY BREATH AWAY 
LOG (gmm-latgen-faster[5.5.480~1-09abd]:DecodeUtteranceLatticeFaster():decoder-wrappers.cc:289) Log-like per frame for utterance F110669528-420548821_147255-1309882973_1603533122-GB-F-039 is -4.3969 over 542 frames.
F110669528-420548821_147255-1309882973_1603533122-GB-F-040 I CAN BE YOUR HERO 
LOG (gmm-latgen-faster[5.5.480~1-09abd]:DecodeUtteranceLatticeFaster():decoder-wrappers.cc:289) Log-like per frame for utterance F110669528-420548821_147255-1309882973_1603533122-GB-F-040 is -4.87382 over 467 frames.
F110669528-420548821_147255-1309882973_1603533122-GB-F-041 
LOG (gmm-latgen-faster[5.5.480~1-09abd]:DecodeUtteranceLatticeFaster():decoder-wrappers.cc:289) Log-like per frame for utterance F110669528-420548821_147255-1309882973_1603533122-GB-F-041 is -6.67022 over 140 frames.
F110669528-420548821_147255-1309882973_1603533122-GB-F-042 AND I JUST I WILL STAND BY YOU FOREVER 
LOG (gmm-latgen-faster[5.5.480~1-09abd]:DecodeUtteranceLatticeFaster():decoder-wrappers.cc:289) Log-like per frame for utterance F110669528-420548821_147255-1309882973_1603533122-GB-F-042 is -4.72372 over 476 frames.
F110669528-420548821_147255-1309882973_1603533122-GB-F-043 YOU CAN TAKE MY BREATH AWAY 
LOG (gmm-latgen-faster[5.5.480~1-09abd]:DecodeUtteranceLatticeFaster():decoder-wrappers.cc:289) Log-like per frame for utterance F110669528-420548821_147255-1309882973_1603533122-GB-F-043 is -4.64281 over 458 frames.
F110669528-420548821_147255-1309882973_1603533122-GB-F-045 YOU 
LOG (gmm-latgen-faster[5.5.480~1-09abd]:DecodeUtteranceLatticeFaster():decoder-wrappers.cc:289) Log-like per frame for utterance F110669528-420548821_147255-1309882973_1603533122-GB-F-045 is -5.20585 over 653 frames.
F110669528-420548821_147255-1309882973_1603533122-GB-F-046 I CAN BE YOUR HERO WAY THE LET IT 
LOG (gmm-latgen-faster[5.5.480~1-09abd]:DecodeUtteranceLatticeFaster():decoder-wrappers.cc:289) Log-like per frame for utterance F110669528-420548821_147255-1309882973_1603533122-GB-F-046 is -4.82089 over 728 frames.
F1109779112-3502227_3502227-1116789351_1558783700-GB-F-001 LITTLE DO YOU FALL ASLEEP 
LOG (gmm-latgen-faster[5.5.480~1-09abd]:DecodeUtteranceLatticeFaster():decoder-wrappers.cc:289) Log-like per frame for utterance F1109779112-3502227_3502227-1116789351_1558783700-GB-F-001 is -4.54213 over 254 frames.
F1109779112-3502227_3502227-1116789351_1558783700-GB-F-002 LITTLE DO YOU I'M STILL 
LOG (gmm-latgen-faster[5.5.480~1-09abd]:DecodeUtteranceLatticeFaster():decoder-wrappers.cc:289) Log-like per frame for utterance F1109779112-3502227_3502227-1116789351_1558783700-GB-F-002 is -4.79767 over 250 frames.
F1109779112-3502227_3502227-1116789351_1558783700-GB-F-003 I'M YOU KNOW I'M ON LITTLE 
LOG (gmm-latgen-faster[5.5.480~1-09abd]:DecodeUtteranceLatticeFaster():decoder-wrappers.cc:289) Log-like per frame for utterance F1109779112-3502227_3502227-1116789351_1558783700-GB-F-003 is -3.88188 over 239 frames.
F1109779112-3502227_3502227-1116789351_1558783700-GB-F-004 LITTLE IT'S TO PIECE JUST TIME 
LOG (gmm-latgen-faster[5.5.480~1-09abd]:DecodeUtteranceLatticeFaster():decoder-wrappers.cc:289) Log-like per frame for utterance F1109779112-3502227_3502227-1116789351_1558783700-GB-F-004 is -5.2442 over 973 frames.
F1109779112-3502227_3502227-1116789351_1558783700-GB-F-007 I NEED A LITTLE 
LOG (gmm-latgen-faster[5.5.480~1-09abd]:DecodeUtteranceLatticeFaster():decoder-wrappers.cc:289) Log-like per frame for utterance F1109779112-3502227_3502227-1116789351_1558783700-GB-F-007 is -3.9397 over 320 frames.
F1109779112-3502227_3502227-1116789351_1558783700-GB-F-008 AND LOVE LET INSIDE BEEN HOLDING BACK 
LOG (gmm-latgen-faster[5.5.480~1-09abd]:DecodeUtteranceLatticeFaster():decoder-wrappers.cc:289) Log-like per frame for utterance F1109779112-3502227_3502227-1116789351_1558783700-GB-F-008 is -4.6269 over 604 frames.
F1109779112-3502227_3502227-1116789351_1558783700-GB-F-010 ARE THE TELL THEY YOU MIGHT CHANGE YOUR MIND 
LOG (gmm-latgen-faster[5.5.480~1-09abd]:DecodeUtteranceLatticeFaster():decoder-wrappers.cc:289) Log-like per frame for utterance F1109779112-3502227_3502227-1116789351_1558783700-GB-F-010 is -4.1286 over 402 frames.
F1109779112-3502227_3502227-1116789351_1558783700-GB-F-012 
LOG (gmm-latgen-faster[5.5.480~1-09abd]:DecodeUtteranceLatticeFaster():decoder-wrappers.cc:289) Log-like per frame for utterance F1109779112-3502227_3502227-1116789351_1558783700-GB-F-012 is -6.35504 over 146 frames.
F1109779112-3502227_3502227-1116789351_1558783700-GB-F-013 BUT 
LOG (gmm-latgen-faster[5.5.480~1-09abd]:DecodeUtteranceLatticeFaster():decoder-wrappers.cc:289) Log-like per frame for utterance F1109779112-3502227_3502227-1116789351_1558783700-GB-F-013 is -5.34915 over 322 frames.
F1109779112-3502227_3502227-1116789351_1558783700-GB-F-014 FIGHT LITTLE DO YOU KNOW FIGHT I NEED A LITTLE MORE TIME 
LOG (gmm-latgen-faster[5.5.480~1-09abd]:DecodeUtteranceLatticeFaster():decoder-wrappers.cc:289) Log-like per frame for utterance F1109779112-3502227_3502227-1116789351_1558783700-GB-F-014 is -4.29174 over 720 frames.
F1109779112-3502227_3502227-1116789351_1558783700-GB-F-017 I WAY GET BY WAY 
LOG (gmm-latgen-faster[5.5.480~1-09abd]:DecodeUtteranceLatticeFaster():decoder-wrappers.cc:289) Log-like per frame for utterance F1109779112-3502227_3502227-1116789351_1558783700-GB-F-017 is -3.82681 over 237 frames.
F1109779112-3502227_3502227-1116789351_1558783700-GB-F-018 I LOVE WE NEVER FELT THE YOU'VE AWAY A 
LOG (gmm-latgen-faster[5.5.480~1-09abd]:DecodeUtteranceLatticeFaster():decoder-wrappers.cc:289) Log-like per frame for utterance F1109779112-3502227_3502227-1116789351_1558783700-GB-F-018 is -4.16873 over 575 frames.
F1109779112-3502227_3502227-1116789351_1558783700-GB-F-020 PROMISE THE PAIN AWAY TO BE AFRAID WHEN THE SUN TO SEE IT'S DIES AWAY THE LOVE YOU YOUR AND HERE 
LOG (gmm-latgen-faster[5.5.480~1-09abd]:DecodeUtteranceLatticeFaster():decoder-wrappers.cc:289) Log-like per frame for utterance F1109779112-3502227_3502227-1116789351_1558783700-GB-F-020 is -4.09046 over 1440 frames.
F1109779112-3502227_3502227-1116789351_1558783700-GB-F-026 HURT AND I'M SOUND THAT SAY 
LOG (gmm-latgen-faster[5.5.480~1-09abd]:DecodeUtteranceLatticeFaster():decoder-wrappers.cc:289) Log-like per frame for utterance F1109779112-3502227_3502227-1116789351_1558783700-GB-F-026 is -4.34152 over 323 frames.
F1109779112-3502227_3502227-1116789351_1558783700-GB-F-027 LITTLE DO YOU KNOW SOUND MISTAKES 'CAUSE DO YOU JUST DROWNING ME 
LOG (gmm-latgen-faster[5.5.480~1-09abd]:DecodeUtteranceLatticeFaster():decoder-wrappers.cc:289) Log-like per frame for utterance F1109779112-3502227_3502227-1116789351_1558783700-GB-F-027 is -4.44668 over 551 frames.
F1109779112-3502227_3502227-1116789351_1558783700-GB-F-029 YOU'VE YOU KNOW I'M IN 
LOG (gmm-latgen-faster[5.5.480~1-09abd]:DecodeUtteranceLatticeFaster():decoder-wrappers.cc:289) Log-like per frame for utterance F1109779112-3502227_3502227-1116789351_1558783700-GB-F-029 is -4.63229 over 356 frames.
F1109779112-3502227_3502227-1116789351_1558783700-GB-F-031 CAN'T LOOK IT 
LOG (gmm-latgen-faster[5.5.480~1-09abd]:DecodeUtteranceLatticeFaster():decoder-wrappers.cc:289) Log-like per frame for utterance F1109779112-3502227_3502227-1116789351_1558783700-GB-F-031 is -4.08481 over 107 frames.
F1109779112-3502227_3502227-1116789351_1558783700-GB-F-033 HEART NOT THIS IT'S I'M SOUND IT'S 
LOG (gmm-latgen-faster[5.5.480~1-09abd]:DecodeUtteranceLatticeFaster():decoder-wrappers.cc:289) Log-like per frame for utterance F1109779112-3502227_3502227-1116789351_1558783700-GB-F-033 is -4.44558 over 491 frames.
F1109779112-3502227_3502227-1116789351_1558783700-GB-F-034 WHEN A TILL THE SUN DIES 
LOG (gmm-latgen-faster[5.5.480~1-09abd]:DecodeUtteranceLatticeFaster():decoder-wrappers.cc:289) Log-like per frame for utterance F1109779112-3502227_3502227-1116789351_1558783700-GB-F-034 is -4.38454 over 244 frames.
F1109779112-3502227_3502227-1116789351_1558783700-GB-F-035 I LOVE YOU LIKE A 
LOG (gmm-latgen-faster[5.5.480~1-09abd]:DecodeUtteranceLatticeFaster():decoder-wrappers.cc:289) Log-like per frame for utterance F1109779112-3502227_3502227-1116789351_1558783700-GB-F-035 is -4.6917 over 230 frames.
F1109779112-3502227_3502227-1116789351_1558783700-GB-F-036 FELT THE WAIT JUST NEVER AND LOVE YOU LIKE AND HAVE TO BE AND UP I AND JUST WAIT 
LOG (gmm-latgen-faster[5.5.480~1-09abd]:DecodeUtteranceLatticeFaster():decoder-wrappers.cc:289) Log-like per frame for utterance F1109779112-3502227_3502227-1116789351_1558783700-GB-F-036 is -4.44279 over 991 frames.
F1109779112-3502227_3502227-1116789351_1558783700-GB-F-039 BEEN A IT'S THE PAIN JUST WAIT SO LET YOUR HERE ARE ME IT 
LOG (gmm-latgen-faster[5.5.480~1-09abd]:DecodeUtteranceLatticeFaster():decoder-wrappers.cc:289) Log-like per frame for utterance F1109779112-3502227_3502227-1116789351_1558783700-GB-F-039 is -4.11166 over 871 frames.
F1109779112-3502227_3502227-1116789351_1558783700-GB-F-041 STAYS SO LAY AWAY IT FELT THE AWAY AWAY 
LOG (gmm-latgen-faster[5.5.480~1-09abd]:DecodeUtteranceLatticeFaster():decoder-wrappers.cc:289) Log-like per frame for utterance F1109779112-3502227_3502227-1116789351_1558783700-GB-F-041 is -4.59634 over 869 frames.
F1109779112-3502227_3502227-1116789351_1558783700-GB-F-044 NEVER SEE YOU TO THE PAIN AWAY 
LOG (gmm-latgen-faster[5.5.480~1-09abd]:DecodeUtteranceLatticeFaster():decoder-wrappers.cc:289) Log-like per frame for utterance F1109779112-3502227_3502227-1116789351_1558783700-GB-F-044 is -4.77179 over 548 frames.
F1109779112-3502227_3502227-1116789351_1558783700-GB-F-046 THE LOVE AFRAID AWAY YOUR HEAD IT ON ME HERE 
LOG (gmm-latgen-faster[5.5.480~1-09abd]:DecodeUtteranceLatticeFaster():decoder-wrappers.cc:289) Log-like per frame for utterance F1109779112-3502227_3502227-1116789351_1558783700-GB-F-046 is -4.05109 over 813 frames.
F1109779112-3502227_3502227-1116789351_1558783700-GB-F-048 SO LAY YOUR HEAD ON ME 
LOG (gmm-latgen-faster[5.5.480~1-09abd]:DecodeUtteranceLatticeFaster():decoder-wrappers.cc:289) Log-like per frame for utterance F1109779112-3502227_3502227-1116789351_1558783700-GB-F-048 is -3.7177 over 469 frames.
F1109779112-3502227_3502227-1116789351_1558783700-GB-F-049 LAY YOUR HEAD ON ME SO TO NO FALL I NOTHING TO 'CAUSE LITTLE DO YOU IT'S 
LOG (gmm-latgen-faster[5.5.480~1-09abd]:DecodeUtteranceLatticeFaster():decoder-wrappers.cc:289) Log-like per frame for utterance F1109779112-3502227_3502227-1116789351_1558783700-GB-F-049 is -3.92439 over 1451 frames.
F112547071-3769865_3769865-112547018_160055573-GB-F-001 FIRE ME SO FOR 
LOG (gmm-latgen-faster[5.5.480~1-09abd]:DecodeUtteranceLatticeFaster():decoder-wrappers.cc:289) Log-like per frame for utterance F112547071-3769865_3769865-112547018_160055573-GB-F-001 is -4.7712 over 380 frames.
F1133235623-212843431_131545-147890559_1614120139-GB-F-008 I'M BULLETPROOF NOTHING TO LOSE FIRE AWAY FIRE AWAY RICOCHET YOU TAKE YOUR AIM 
LOG (gmm-latgen-faster[5.5.480~1-09abd]:DecodeUtteranceLatticeFaster():decoder-wrappers.cc:289) Log-like per frame for utterance F1133235623-212843431_131545-147890559_1614120139-GB-F-008 is -3.61751 over 1114 frames.
F1133235623-212843431_131545-147890559_1614120139-GB-F-011 FIRE AWAY FIRE AWAY YOU SHOOT ME DOWN BUT I WON'T FALL I AM TAKE TAKE YOU SHOOT ME DOWN BUT I WON'T FALL 
LOG (gmm-latgen-faster[5.5.480~1-09abd]:DecodeUtteranceLatticeFaster():decoder-wrappers.cc:289) Log-like per frame for utterance F1133235623-212843431_131545-147890559_1614120139-GB-F-011 is -4.00548 over 1474 frames.
F1133235623-212843431_131545-147890559_1614120139-GB-F-016 I AM TITANIUM 
LOG (gmm-latgen-faster[5.5.480~1-09abd]:DecodeUtteranceLatticeFaster():decoder-wrappers.cc:289) Log-like per frame for utterance F1133235623-212843431_131545-147890559_1614120139-GB-F-016 is -3.89944 over 422 frames.
F1133235623-212843431_131545-147890559_1614120139-GB-F-017 CUT ME DOWN 
LOG (gmm-latgen-faster[5.5.480~1-09abd]:DecodeUtteranceLatticeFaster():decoder-wrappers.cc:289) Log-like per frame for utterance F1133235623-212843431_131545-147890559_1614120139-GB-F-017 is -3.80242 over 187 frames.
F1133235623-212843431_131545-147890559_1614120139-GB-F-018 BUT IT'S YOU WHO'LL HAVE FURTHER TO FALL 
LOG (gmm-latgen-faster[5.5.480~1-09abd]:DecodeUtteranceLatticeFaster():decoder-wrappers.cc:289) Log-like per frame for utterance F1133235623-212843431_131545-147890559_1614120139-GB-F-018 is -3.69022 over 398 frames.
F1133235623-212843431_131545-147890559_1614120139-GB-F-019 GHOST TOWN AND HAUNTED LOVE 
LOG (gmm-latgen-faster[5.5.480~1-09abd]:DecodeUtteranceLatticeFaster():decoder-wrappers.cc:289) Log-like per frame for utterance F1133235623-212843431_131545-147890559_1614120139-GB-F-019 is -3.85311 over 332 frames.
F1133235623-212843431_131545-147890559_1614120139-GB-F-020 RAISE YOUR VOICE IS STICKS AND 
LOG (gmm-latgen-faster[5.5.480~1-09abd]:DecodeUtteranceLatticeFaster():decoder-wrappers.cc:289) Log-like per frame for utterance F1133235623-212843431_131545-147890559_1614120139-GB-F-020 is -4.27786 over 346 frames.
F1133235623-212843431_131545-147890559_1614120139-GB-F-021 STONES MAY BREAK MY BONES I'M TALKING LOUD NOT SAYING MUCH 
LOG (gmm-latgen-faster[5.5.480~1-09abd]:DecodeUtteranceLatticeFaster():decoder-wrappers.cc:289) Log-like per frame for utterance F1133235623-212843431_131545-147890559_1614120139-GB-F-021 is -4.04585 over 726 frames.
F1133235623-212843431_131545-147890559_1614120139-GB-F-024 I'M BULLETPROOF NOTHING TO LOSE FIRE AWAY FIRE AWAY RICOCHET YOU TAKE YOUR AIM 
LOG (gmm-latgen-faster[5.5.480~1-09abd]:DecodeUtteranceLatticeFaster():decoder-wrappers.cc:289) Log-like per frame for utterance F1133235623-212843431_131545-147890559_1614120139-GB-F-024 is -3.95924 over 1112 frames.
F1133235623-212843431_131545-147890559_1614120139-GB-F-027 FIRE AWAY FIRE AWAY YOU SHOOT ME DOWN BUT I WON'T FALL 
LOG (gmm-latgen-faster[5.5.480~1-09abd]:DecodeUtteranceLatticeFaster():decoder-wrappers.cc:289) Log-like per frame for utterance F1133235623-212843431_131545-147890559_1614120139-GB-F-027 is -3.77144 over 714 frames.
F1133235623-212843431_131545-147890559_1614120139-GB-F-029 I AM TITANIUM YOU SHOOT ME DOWN BUT I WON'T FALL I AM TITANIUM 
LOG (gmm-latgen-faster[5.5.480~1-09abd]:DecodeUtteranceLatticeFaster():decoder-wrappers.cc:289) Log-like per frame for utterance F1133235623-212843431_131545-147890559_1614120139-GB-F-029 is -4.12691 over 1167 frames.
F1133235623-212843431_131545-147890559_1614120139-GB-F-032 I AM TO A I AM TITANIUM FOR YOUR AT THE ONES WHO RUN 
LOG (gmm-latgen-faster[5.5.480~1-09abd]:DecodeUtteranceLatticeFaster():decoder-wrappers.cc:289) Log-like per frame for utterance F1133235623-212843431_131545-147890559_1614120139-GB-F-032 is -3.93523 over 1866 frames.
F1133235623-212843431_131545-147890559_1614120139-GB-F-038 STONE HEART LOVES BULLETPROOF GLASS YOU SHOOT ME DOWN BUT I WON'T FALL I AM TITANIUM YOU SHOOT ME DOWN 
LOG (gmm-latgen-faster[5.5.480~1-09abd]:DecodeUtteranceLatticeFaster():decoder-wrappers.cc:289) Log-like per frame for utterance F1133235623-212843431_131545-147890559_1614120139-GB-F-038 is -3.97137 over 1652 frames.
F1133235623-212843431_131545-147890559_1614120139-GB-F-043 DOWN BUT I WON'T FALL I AM TITANIUM YOU SHOOT ME DOWN BUT I WON'T FALL I AM TITANIUM YOU WILL I AM TITANIUM 
LOG (gmm-latgen-faster[5.5.480~1-09abd]:DecodeUtteranceLatticeFaster():decoder-wrappers.cc:289) Log-like per frame for utterance F1133235623-212843431_131545-147890559_1614120139-GB-F-043 is -4.37901 over 2461 frames.
F1133235623-3770977_3770977-1133235489_1614012503-GB-F-013 ME A REASON JUST A LITTLE BIT'S ENOUGH 
LOG (gmm-latgen-faster[5.5.480~1-09abd]:DecodeUtteranceLatticeFaster():decoder-wrappers.cc:289) Log-like per frame for utterance F1133235623-3770977_3770977-1133235489_1614012503-GB-F-013 is -4.4917 over 371 frames.
F1133235623-3770977_3770977-1133235489_1614012503-GB-F-015 JUST A SECOND WE'RE NOT BROKEN JUST BENT 
LOG (gmm-latgen-faster[5.5.480~1-09abd]:DecodeUtteranceLatticeFaster():decoder-wrappers.cc:289) Log-like per frame for utterance F1133235623-3770977_3770977-1133235489_1614012503-GB-F-015 is -4.44626 over 314 frames.
F1133235623-3770977_3770977-1133235489_1614012503-GB-F-016 AND WE CAN LEARN TO LOVE AGAIN 
LOG (gmm-latgen-faster[5.5.480~1-09abd]:DecodeUtteranceLatticeFaster():decoder-wrappers.cc:289) Log-like per frame for utterance F1133235623-3770977_3770977-1133235489_1614012503-GB-F-016 is -4.67383 over 221 frames.
F1133235623-3770977_3770977-1133235489_1614012503-GB-F-018 IT'S BEEN WRITTEN IN THE SCARS ON OUR HEARTS WE'RE NOT BROKEN JUST BENT AND WE CAN LEARN TO LOVE AGAIN 
LOG (gmm-latgen-faster[5.5.480~1-09abd]:DecodeUtteranceLatticeFaster():decoder-wrappers.cc:289) Log-like per frame for utterance F1133235623-3770977_3770977-1133235489_1614012503-GB-F-018 is -4.46442 over 808 frames.
F1133235623-3770977_3770977-1133235489_1614012503-GB-F-020 SORRY I DON'T UNDERSTAND WHERE ALL OF THIS IS COMING FROM I THOUGHT THAT WE WERE FINE 
LOG (gmm-latgen-faster[5.5.480~1-09abd]:DecodeUtteranceLatticeFaster():decoder-wrappers.cc:289) Log-like per frame for utterance F1133235623-3770977_3770977-1133235489_1614012503-GB-F-020 is -4.1852 over 821 frames.
F1133235623-3770977_3770977-1133235489_1614012503-GB-F-022 YOUR HAD AND ON MY EVERYTHIN' MIND 
LOG (gmm-latgen-faster[5.5.480~1-09abd]:DecodeUtteranceLatticeFaster():decoder-wrappers.cc:289) Log-like per frame for utterance F1133235623-3770977_3770977-1133235489_1614012503-GB-F-022 is -4.53839 over 274 frames.
F1133235623-3770977_3770977-1133235489_1614012503-GB-F-024 THE WE STILL HAVE EVERYTHIN' 
LOG (gmm-latgen-faster[5.5.480~1-09abd]:DecodeUtteranceLatticeFaster():decoder-wrappers.cc:289) Log-like per frame for utterance F1133235623-3770977_3770977-1133235489_1614012503-GB-F-024 is -4.41489 over 200 frames.
F1133235623-3770977_3770977-1133235489_1614012503-GB-F-025 AND IT'S ALL IN YOUR MIND 
LOG (gmm-latgen-faster[5.5.480~1-09abd]:DecodeUtteranceLatticeFaster():decoder-wrappers.cc:289) Log-like per frame for utterance F1133235623-3770977_3770977-1133235489_1614012503-GB-F-025 is -4.00822 over 313 frames.
F1133235623-3770977_3770977-1133235489_1614012503-GB-F-027 BEEN HAVIN' REAL BAD DREAMS OH OH YOU USED TO LIE SO CLOSE TO ME 
LOG (gmm-latgen-faster[5.5.480~1-09abd]:DecodeUtteranceLatticeFaster():decoder-wrappers.cc:289) Log-like per frame for utterance F1133235623-3770977_3770977-1133235489_1614012503-GB-F-027 is -4.48078 over 802 frames.
F1133235623-3770977_3770977-1133235489_1614012503-GB-F-030 OH OH THERE'S NOTHING MORE THAN EMPTY SHEETS BETWEEN OUR LOVE 
LOG (gmm-latgen-faster[5.5.480~1-09abd]:DecodeUtteranceLatticeFaster():decoder-wrappers.cc:289) Log-like per frame for utterance F1133235623-3770977_3770977-1133235489_1614012503-GB-F-030 is -4.10296 over 696 frames.
F1133235623-3770977_3770977-1133235489_1614012503-GB-F-033 OUR LOVE 
LOG (gmm-latgen-faster[5.5.480~1-09abd]:DecodeUtteranceLatticeFaster():decoder-wrappers.cc:289) Log-like per frame for utterance F1133235623-3770977_3770977-1133235489_1614012503-GB-F-033 is -2.42012 over 220 frames.
F1133235623-3770977_3770977-1133235489_1614012503-GB-F-034 OH OUR LOVE OUR 
LOG (gmm-latgen-faster[5.5.480~1-09abd]:DecodeUtteranceLatticeFaster():decoder-wrappers.cc:289) Log-like per frame for utterance F1133235623-3770977_3770977-1133235489_1614012503-GB-F-034 is -2.61065 over 202 frames.
F1133235623-3770977_3770977-1133235489_1614012503-GB-F-035 LOVE OUR LOVE JUST GIVE ME A REASON 
LOG (gmm-latgen-faster[5.5.480~1-09abd]:DecodeUtteranceLatticeFaster():decoder-wrappers.cc:289) Log-like per frame for utterance F1133235623-3770977_3770977-1133235489_1614012503-GB-F-035 is -3.60855 over 567 frames.
F1133235623-3770977_3770977-1133235489_1614012503-GB-F-037 JUST A LITTLE BIT'S ENOUGH 
LOG (gmm-latgen-faster[5.5.480~1-09abd]:DecodeUtteranceLatticeFaster():decoder-wrappers.cc:289) Log-like per frame for utterance F1133235623-3770977_3770977-1133235489_1614012503-GB-F-037 is -4.54872 over 209 frames.
F1133235623-3770977_3770977-1133235489_1614012503-GB-F-038 JUST A SECOND WE'RE NOT BROKEN JUST BENT 
LOG (gmm-latgen-faster[5.5.480~1-09abd]:DecodeUtteranceLatticeFaster():decoder-wrappers.cc:289) Log-like per frame for utterance F1133235623-3770977_3770977-1133235489_1614012503-GB-F-038 is -4.47034 over 318 frames.
F1133235623-3770977_3770977-1133235489_1614012503-GB-F-040 WE CAN LEARN TO LOVE AGAIN I NEVER STOPPED YOU'RE STILL WRITTEN IN THE SCARS ON MY HEART YOU'RE NOT BROKEN JUST BENT 
LOG (gmm-latgen-faster[5.5.480~1-09abd]:DecodeUtteranceLatticeFaster():decoder-wrappers.cc:289) Log-like per frame for utterance F1133235623-3770977_3770977-1133235489_1614012503-GB-F-040 is -4.80601 over 953 frames.
F1133235623-3770977_3770977-1133235489_1614012503-GB-F-044 AND WE CAN LEARN TO LOVE AGAIN 
LOG (gmm-latgen-faster[5.5.480~1-09abd]:DecodeUtteranceLatticeFaster():decoder-wrappers.cc:289) Log-like per frame for utterance F1133235623-3770977_3770977-1133235489_1614012503-GB-F-044 is -4.68669 over 237 frames.
F1133235623-3770977_3770977-1133235489_1614012503-GB-F-046 FIX IT FOR US 
LOG (gmm-latgen-faster[5.5.480~1-09abd]:DecodeUtteranceLatticeFaster():decoder-wrappers.cc:289) Log-like per frame for utterance F1133235623-3770977_3770977-1133235489_1614012503-GB-F-046 is -4.54052 over 161 frames.
F1133235623-3770977_3770977-1133235489_1614012503-GB-F-048 IT IT IN 
LOG (gmm-latgen-faster[5.5.480~1-09abd]:DecodeUtteranceLatticeFaster():decoder-wrappers.cc:289) Log-like per frame for utterance F1133235623-3770977_3770977-1133235489_1614012503-GB-F-048 is -4.83334 over 159 frames.
F1133235623-3770977_3770977-1133235489_1614012503-GB-F-050 IT'S AS BAD AS AS IT SEEMS 
LOG (gmm-latgen-faster[5.5.480~1-09abd]:DecodeUtteranceLatticeFaster():decoder-wrappers.cc:289) Log-like per frame for utterance F1133235623-3770977_3770977-1133235489_1614012503-GB-F-050 is -3.4618 over 578 frames.
F1133235623-3770977_3770977-1133235489_1614012503-GB-F-052 JUST GIVE ME A REASON JUST A LITTLE BIT'S ENOUGH 
LOG (gmm-latgen-faster[5.5.480~1-09abd]:DecodeUtteranceLatticeFaster():decoder-wrappers.cc:289) Log-like per frame for utterance F1133235623-3770977_3770977-1133235489_1614012503-GB-F-052 is -4.42378 over 401 frames.
F1133235623-3770977_3770977-1133235489_1614012503-GB-F-054 JUST A SECOND WE'RE NOT BROKEN JUST BENT 
LOG (gmm-latgen-faster[5.5.480~1-09abd]:DecodeUtteranceLatticeFaster():decoder-wrappers.cc:289) Log-like per frame for utterance F1133235623-3770977_3770977-1133235489_1614012503-GB-F-054 is -4.61284 over 316 frames.
LOG (apply-cmvn[5.5.480~1-09abd]:main():apply-cmvn.cc:162) Applied cepstral mean normalization to 210 utterances, errors on 0
F1133235623-3770977_3770977-1133235489_1614012503-GB-F-055 AND WE CAN LEARN TO LOVE AGAIN 
LOG (gmm-latgen-faster[5.5.480~1-09abd]:DecodeUtteranceLatticeFaster():decoder-wrappers.cc:289) Log-like per frame for utterance F1133235623-3770977_3770977-1133235489_1614012503-GB-F-055 is -4.7155 over 221 frames.
F1133235623-3770977_3770977-1133235489_1614012503-GB-F-056 IT'S IN THE STARS 
LOG (gmm-latgen-faster[5.5.480~1-09abd]:DecodeUtteranceLatticeFaster():decoder-wrappers.cc:289) Log-like per frame for utterance F1133235623-3770977_3770977-1133235489_1614012503-GB-F-056 is -4.49395 over 102 frames.
F1133235623-3770977_3770977-1133235489_1614012503-GB-F-057 IT'S BEEN WRITTEN IN THE SCARS OF OUR HEARTS 
LOG (gmm-latgen-faster[5.5.480~1-09abd]:DecodeUtteranceLatticeFaster():decoder-wrappers.cc:289) Log-like per frame for utterance F1133235623-3770977_3770977-1133235489_1614012503-GB-F-057 is -4.70401 over 280 frames.
F1133235623-3770977_3770977-1133235489_1614012503-GB-F-058 WHEN NOT BROKEN JUST BENT AND WE CAN LEARN JUST GIVE ME A REASON JUST A LITTLE BIT'S ENOUGH 
LOG (gmm-latgen-faster[5.5.480~1-09abd]:DecodeUtteranceLatticeFaster():decoder-wrappers.cc:289) Log-like per frame for utterance F1133235623-3770977_3770977-1133235489_1614012503-GB-F-058 is -4.65558 over 850 frames.
F1133235623-3770977_3770977-1133235489_1614012503-GB-F-062 JUST A SECOND WE'RE NOT BROKEN JUST BENT 
LOG (gmm-latgen-faster[5.5.480~1-09abd]:DecodeUtteranceLatticeFaster():decoder-wrappers.cc:289) Log-like per frame for utterance F1133235623-3770977_3770977-1133235489_1614012503-GB-F-062 is -4.71413 over 312 frames.
F1133235623-3770977_3770977-1133235489_1614012503-GB-F-063 AND WE CAN LEARN TO LOVE AGAIN 
LOG (gmm-latgen-faster[5.5.480~1-09abd]:DecodeUtteranceLatticeFaster():decoder-wrappers.cc:289) Log-like per frame for utterance F1133235623-3770977_3770977-1133235489_1614012503-GB-F-063 is -4.91812 over 227 frames.
F1133235623-3770977_3770977-1133235489_1614012503-GB-F-064 IT'S IN THE STARS 
LOG (gmm-latgen-faster[5.5.480~1-09abd]:DecodeUtteranceLatticeFaster():decoder-wrappers.cc:289) Log-like per frame for utterance F1133235623-3770977_3770977-1133235489_1614012503-GB-F-064 is -4.37398 over 104 frames.
F1133235623-3770977_3770977-1133235489_1614012503-GB-F-065 IT'S BEEN WRITTEN IN THE SCARS ON OUR HEARTS 
LOG (gmm-latgen-faster[5.5.480~1-09abd]:DecodeUtteranceLatticeFaster():decoder-wrappers.cc:289) Log-like per frame for utterance F1133235623-3770977_3770977-1133235489_1614012503-GB-F-065 is -4.65877 over 277 frames.
LOG (transform-feats[5.5.480~1-09abd]:main():transform-feats.cc:158) Overall average [pseudo-]logdet is -88.6872 over 172656 frames.
LOG (transform-feats[5.5.480~1-09abd]:main():transform-feats.cc:161) Applied transform to 210 utterances; 0 had errors.
F1133235623-3770977_3770977-1133235489_1614012503-GB-F-066 WHEN NOT BROKEN JUST BENT AND WE CAN LEARN TO LOVE AGAIN 
LOG (gmm-latgen-faster[5.5.480~1-09abd]:DecodeUtteranceLatticeFaster():decoder-wrappers.cc:289) Log-like per frame for utterance F1133235623-3770977_3770977-1133235489_1614012503-GB-F-066 is -4.39672 over 525 frames.
LOG (transform-feats[5.5.480~1-09abd]:main():transform-feats.cc:158) Overall average logdet is 3.4185 over 172656 frames.
LOG (transform-feats[5.5.480~1-09abd]:main():transform-feats.cc:161) Applied transform to 210 utterances; 0 had errors.
F1133235623-3770977_3770977-1133235489_1614012503-GB-F-068 LEARN TO LOVE AGAIN 
LOG (gmm-latgen-faster[5.5.480~1-09abd]:DecodeUtteranceLatticeFaster():decoder-wrappers.cc:289) Log-like per frame for utterance F1133235623-3770977_3770977-1133235489_1614012503-GB-F-068 is -4.36204 over 253 frames.
F1133235623-3770977_3770977-1133235489_1614012503-GB-F-069 OH ON 
LOG (gmm-latgen-faster[5.5.480~1-09abd]:DecodeUtteranceLatticeFaster():decoder-wrappers.cc:289) Log-like per frame for utterance F1133235623-3770977_3770977-1133235489_1614012503-GB-F-069 is -3.88917 over 343 frames.
LOG (gmm-latgen-faster[5.5.480~1-09abd]:main():gmm-latgen-faster.cc:176) Time taken 337.427s: real-time factor assuming 100 frames/sec is 0.195433
LOG (gmm-latgen-faster[5.5.480~1-09abd]:main():gmm-latgen-faster.cc:179) Done 210 utterances, failed for 0
LOG (gmm-latgen-faster[5.5.480~1-09abd]:main():gmm-latgen-faster.cc:181) Overall log-likelihood per frame is -4.16568 over 172656 frames.
# Accounting: time=337 threads=1
# Ended (code 0) at Tue Sep 10 13:59:16 BST 2019, elapsed time 337 seconds
