# gmm-latgen-faster --max-active=7000 --beam=15.0 --lattice-beam=6.0 --acoustic-scale=0.083333 --allow-partial=false --word-symbol-table=exp/tri3b_cleaned/graphs/words.txt exp/tri3b_cleaned/final.mdl scp:exp/tri3b_cleaned/lats/split_fsts/HCLG.fsts.35.scp "ark,s,cs:apply-cmvn  --utt2spk=ark:data/train1/split40/35/utt2spk scp:data/train1/split40/35/cmvn.scp scp:data/train1/split40/35/feats.scp ark:- | splice-feats  ark:- ark:- | transform-feats exp/tri3b_cleaned/final.mat ark:- ark:- | transform-feats --utt2spk=ark:data/train1/split40/35/utt2spk ark:exp/tri3b/trans.35 ark:- ark:- |" "ark:|gzip -c > exp/tri3b_cleaned/lats/lat.35.gz" 
# Started at Tue Sep 10 14:49:31 BST 2019
#
gmm-latgen-faster --max-active=7000 --beam=15.0 --lattice-beam=6.0 --acoustic-scale=0.083333 --allow-partial=false --word-symbol-table=exp/tri3b_cleaned/graphs/words.txt exp/tri3b_cleaned/final.mdl scp:exp/tri3b_cleaned/lats/split_fsts/HCLG.fsts.35.scp 'ark,s,cs:apply-cmvn  --utt2spk=ark:data/train1/split40/35/utt2spk scp:data/train1/split40/35/cmvn.scp scp:data/train1/split40/35/feats.scp ark:- | splice-feats  ark:- ark:- | transform-feats exp/tri3b_cleaned/final.mat ark:- ark:- | transform-feats --utt2spk=ark:data/train1/split40/35/utt2spk ark:exp/tri3b/trans.35 ark:- ark:- |' 'ark:|gzip -c > exp/tri3b_cleaned/lats/lat.35.gz' 
transform-feats --utt2spk=ark:data/train1/split40/35/utt2spk ark:exp/tri3b/trans.35 ark:- ark:- 
splice-feats ark:- ark:- 
transform-feats exp/tri3b_cleaned/final.mat ark:- ark:- 
apply-cmvn --utt2spk=ark:data/train1/split40/35/utt2spk scp:data/train1/split40/35/cmvn.scp scp:data/train1/split40/35/feats.scp ark:- 
M541557958-497586775_2581520-825590077_1688711878-GB-M-007 I MET I ONE OF THE BAR SO THE BAR SHE SHARED A CIGARETTE WITH ME WHILE HER BROTHER PLAYED THE 
LOG (gmm-latgen-faster[5.5.480~1-09abd]:DecodeUtteranceLatticeFaster():decoder-wrappers.cc:289) Log-like per frame for utterance M541557958-497586775_2581520-825590077_1688711878-GB-M-007 is -5.74248 over 471 frames.
M541557958-497586775_2581520-825590077_1688711878-GB-M-011 SO WAS YOUR WHAT DOES IT MEAN THE GET YOU WANT TO IT WAS ONE OF MY FRIEND'S SONGS YOU WANT TO DRINK ON 
LOG (gmm-latgen-faster[5.5.480~1-09abd]:DecodeUtteranceLatticeFaster():decoder-wrappers.cc:289) Log-like per frame for utterance M541557958-497586775_2581520-825590077_1688711878-GB-M-011 is -5.84084 over 487 frames.
M541557958-497586775_2581520-825590077_1688711878-GB-M-025 SHE PLAYED THE FIDDLE IN AN IRISH BAND BUT SHE FELL IN LOVE WITH AN ENGLISH MY 
LOG (gmm-latgen-faster[5.5.480~1-09abd]:DecodeUtteranceLatticeFaster():decoder-wrappers.cc:289) Log-like per frame for utterance M541557958-497586775_2581520-825590077_1688711878-GB-M-025 is -4.81208 over 480 frames.
M541557958-497586775_2581520-825590077_1688711878-GB-M-031 YOU'RE MY PRETTY LITTLE GALWAY GIRL 
LOG (gmm-latgen-faster[5.5.480~1-09abd]:DecodeUtteranceLatticeFaster():decoder-wrappers.cc:289) Log-like per frame for utterance M541557958-497586775_2581520-825590077_1688711878-GB-M-031 is -4.224 over 250 frames.
M541557958-497586775_2581520-825590077_1688711878-GB-M-033 YOU'RE MY PRETTY LITTLE GALWAY GIRL 
LOG (gmm-latgen-faster[5.5.480~1-09abd]:DecodeUtteranceLatticeFaster():decoder-wrappers.cc:289) Log-like per frame for utterance M541557958-497586775_2581520-825590077_1688711878-GB-M-033 is -4.10653 over 255 frames.
M541557958-497586775_2581520-825590077_1688711878-GB-M-034 YOU KNOW SHE BEAT ME AT DARTS AND THEN SHE BEAT ME AT POOL AND THEN SHE KISSED ME LIKE THERE WAS NOBODY ELSE IN THE ROOM 
LOG (gmm-latgen-faster[5.5.480~1-09abd]:DecodeUtteranceLatticeFaster():decoder-wrappers.cc:289) Log-like per frame for utterance M541557958-497586775_2581520-825590077_1688711878-GB-M-034 is -5.50603 over 483 frames.
M541557958-497586775_2581520-825590077_1688711878-GB-M-042 I NEVER HEARD <UNK> EVER SUNG SO SWEET ACAPELLA IN THE BAR USING HER FEET FOR A THAT VOICE PLAYING ON REPEAT WEEK AND IN THIS PACKED OUT ROOM SWEAR SHE THE SINGING TO ME 
LOG (gmm-latgen-faster[5.5.480~1-09abd]:DecodeUtteranceLatticeFaster():decoder-wrappers.cc:289) Log-like per frame for utterance M541557958-497586775_2581520-825590077_1688711878-GB-M-042 is -5.8348 over 967 frames.
M541557958-497586775_2581520-825590077_1688711878-GB-M-053 KISSED HER ON THE NECK AND THEN I TOOK HER BY THE HAND SAID BABY I JUST WANT DOWN 
LOG (gmm-latgen-faster[5.5.480~1-09abd]:DecodeUtteranceLatticeFaster():decoder-wrappers.cc:289) Log-like per frame for utterance M541557958-497586775_2581520-825590077_1688711878-GB-M-053 is -5.0933 over 404 frames.
M541557958-497586775_2581520-825590077_1688711878-GB-M-058 MY MY MY MY MY MY MY GALWAY GIRL 
LOG (gmm-latgen-faster[5.5.480~1-09abd]:DecodeUtteranceLatticeFaster():decoder-wrappers.cc:289) Log-like per frame for utterance M541557958-497586775_2581520-825590077_1688711878-GB-M-058 is -3.82691 over 380 frames.
M541557958-497586775_2581520-825590077_1688711878-GB-M-061 MY MY MY MY MY MY MY GALWAY GIRL 
LOG (gmm-latgen-faster[5.5.480~1-09abd]:DecodeUtteranceLatticeFaster():decoder-wrappers.cc:289) Log-like per frame for utterance M541557958-497586775_2581520-825590077_1688711878-GB-M-061 is -4.07371 over 462 frames.
M541557958-497586775_2581520-825590077_1688711878-GB-M-067 ALL SWEAR SMOKE WHISKY WINE AS WE FILL UP 
LOG (gmm-latgen-faster[5.5.480~1-09abd]:DecodeUtteranceLatticeFaster():decoder-wrappers.cc:289) Log-like per frame for utterance M541557958-497586775_2581520-825590077_1688711878-GB-M-067 is -5.49426 over 232 frames.
M541557958-497586775_2581520-825590077_1688711878-GB-M-070 WANT TO THE COLD AIR THE NIGHT I 
LOG (gmm-latgen-faster[5.5.480~1-09abd]:DecodeUtteranceLatticeFaster():decoder-wrappers.cc:289) Log-like per frame for utterance M541557958-497586775_2581520-825590077_1688711878-GB-M-070 is -5.26913 over 199 frames.
M541557958-497586775_2581520-825590077_1688711878-GB-M-075 SWEAR I'M GOING TO PUT YOU IN A SONG THAT I WRITE ABOUT A GALWAY GIRL AND A PERFECT NIGHT SHE PLAYED THE FIDDLE IN AN IRISH BAND BUT SHE FELL IN LOVE WITH AN ENGLISH MAN KISSED HER ON THE NECK AND THEN I TOOK HER BY THE HAND SAID BABY I JUST WANT TO DANCE MY PRETTY LITTLE GALWAY GIRL 
LOG (gmm-latgen-faster[5.5.480~1-09abd]:DecodeUtteranceLatticeFaster():decoder-wrappers.cc:289) Log-like per frame for utterance M541557958-497586775_2581520-825590077_1688711878-GB-M-075 is -4.73234 over 1614 frames.
M541557958-497586775_2581520-825590077_1688711878-GB-M-086 MY MY MY MY MY MY MY GALWAY GIRL 
LOG (gmm-latgen-faster[5.5.480~1-09abd]:DecodeUtteranceLatticeFaster():decoder-wrappers.cc:289) Log-like per frame for utterance M541557958-497586775_2581520-825590077_1688711878-GB-M-086 is -3.715 over 378 frames.
M541557958-497586775_2581520-825590077_1688711878-GB-M-087 MY MY MY MY MY MY MY GALWAY GIRL 
LOG (gmm-latgen-faster[5.5.480~1-09abd]:DecodeUtteranceLatticeFaster():decoder-wrappers.cc:289) Log-like per frame for utterance M541557958-497586775_2581520-825590077_1688711878-GB-M-087 is -4.13332 over 384 frames.
M541557958-497586775_2581520-825590077_1688711878-GB-M-088 MY MY MY MY MY MY MY GALWAY GIRL 
LOG (gmm-latgen-faster[5.5.480~1-09abd]:DecodeUtteranceLatticeFaster():decoder-wrappers.cc:289) Log-like per frame for utterance M541557958-497586775_2581520-825590077_1688711878-GB-M-088 is -3.77697 over 389 frames.
M551469773-3769836_3769836-551473419_1620362555-GB-M-001 I'VE HEARD THERE WAS A SECRET CHORD 
LOG (gmm-latgen-faster[5.5.480~1-09abd]:DecodeUtteranceLatticeFaster():decoder-wrappers.cc:289) Log-like per frame for utterance M551469773-3769836_3769836-551473419_1620362555-GB-M-001 is -4.46884 over 275 frames.
M551469773-3769836_3769836-551473419_1620362555-GB-M-002 IT PLAYED AND IT PLEASED THE LORD 
LOG (gmm-latgen-faster[5.5.480~1-09abd]:DecodeUtteranceLatticeFaster():decoder-wrappers.cc:289) Log-like per frame for utterance M551469773-3769836_3769836-551473419_1620362555-GB-M-002 is -4.13695 over 252 frames.
M551469773-3769836_3769836-551473419_1620362555-GB-M-003 YOU 
LOG (gmm-latgen-faster[5.5.480~1-09abd]:DecodeUtteranceLatticeFaster():decoder-wrappers.cc:289) Log-like per frame for utterance M551469773-3769836_3769836-551473419_1620362555-GB-M-003 is -5.01064 over 448 frames.
M551469773-3769836_3769836-551473419_1620362555-GB-M-004 GOES LIKE THIS THE FOURTH THE FIFTH 
LOG (gmm-latgen-faster[5.5.480~1-09abd]:DecodeUtteranceLatticeFaster():decoder-wrappers.cc:289) Log-like per frame for utterance M551469773-3769836_3769836-551473419_1620362555-GB-M-004 is -4.46497 over 289 frames.
M551469773-3769836_3769836-551473419_1620362555-GB-M-005 ON THE 
LOG (gmm-latgen-faster[5.5.480~1-09abd]:DecodeUtteranceLatticeFaster():decoder-wrappers.cc:289) Log-like per frame for utterance M551469773-3769836_3769836-551473419_1620362555-GB-M-005 is -5.70067 over 277 frames.
M551469773-3769836_3769836-551473419_1620362555-GB-M-006 
LOG (gmm-latgen-faster[5.5.480~1-09abd]:DecodeUtteranceLatticeFaster():decoder-wrappers.cc:289) Log-like per frame for utterance M551469773-3769836_3769836-551473419_1620362555-GB-M-006 is -6.1076 over 509 frames.
M551469773-3769836_3769836-551473419_1620362555-GB-M-007 HALLELUJAH HALLELUJAH 
LOG (gmm-latgen-faster[5.5.480~1-09abd]:DecodeUtteranceLatticeFaster():decoder-wrappers.cc:289) Log-like per frame for utterance M551469773-3769836_3769836-551473419_1620362555-GB-M-007 is -3.18591 over 422 frames.
M551469773-3769836_3769836-551473419_1620362555-GB-M-008 HALLELUJAH HALLELUJAH 
LOG (gmm-latgen-faster[5.5.480~1-09abd]:DecodeUtteranceLatticeFaster():decoder-wrappers.cc:289) Log-like per frame for utterance M551469773-3769836_3769836-551473419_1620362555-GB-M-008 is -2.83615 over 804 frames.
M551469773-3769836_3769836-551473419_1620362555-GB-M-009 YOUR FAITH WAS STRONG YOU NEEDED PROOF 
LOG (gmm-latgen-faster[5.5.480~1-09abd]:DecodeUtteranceLatticeFaster():decoder-wrappers.cc:289) Log-like per frame for utterance M551469773-3769836_3769836-551473419_1620362555-GB-M-009 is -4.77086 over 271 frames.
M551469773-3769836_3769836-551473419_1620362555-GB-M-010 SAW HER BATHING ON YOU 
LOG (gmm-latgen-faster[5.5.480~1-09abd]:DecodeUtteranceLatticeFaster():decoder-wrappers.cc:289) Log-like per frame for utterance M551469773-3769836_3769836-551473419_1620362555-GB-M-010 is -4.00609 over 272 frames.
M551469773-3769836_3769836-551473419_1620362555-GB-M-011 HER BEAUTY AND THE MOONLIGHT <UNK> YOU SHE TIED YOU TO A KITCHEN CHAIR 
LOG (gmm-latgen-faster[5.5.480~1-09abd]:DecodeUtteranceLatticeFaster():decoder-wrappers.cc:289) Log-like per frame for utterance M551469773-3769836_3769836-551473419_1620362555-GB-M-011 is -4.07521 over 932 frames.
M551469773-3769836_3769836-551473419_1620362555-GB-M-013 YOU 
LOG (gmm-latgen-faster[5.5.480~1-09abd]:DecodeUtteranceLatticeFaster():decoder-wrappers.cc:289) Log-like per frame for utterance M551469773-3769836_3769836-551473419_1620362555-GB-M-013 is -6.39066 over 288 frames.
M551469773-3769836_3769836-551473419_1620362555-GB-M-014 YEAH 
LOG (gmm-latgen-faster[5.5.480~1-09abd]:DecodeUtteranceLatticeFaster():decoder-wrappers.cc:289) Log-like per frame for utterance M551469773-3769836_3769836-551473419_1620362555-GB-M-014 is -5.66154 over 538 frames.
M551469773-3769836_3769836-551473419_1620362555-GB-M-015 HALLELUJAH HALLELUJAH 
LOG (gmm-latgen-faster[5.5.480~1-09abd]:DecodeUtteranceLatticeFaster():decoder-wrappers.cc:289) Log-like per frame for utterance M551469773-3769836_3769836-551473419_1620362555-GB-M-015 is -3.22471 over 592 frames.
M551469773-3769836_3769836-551473419_1620362555-GB-M-016 HALLELUJAH HALLELUJAH 
LOG (gmm-latgen-faster[5.5.480~1-09abd]:DecodeUtteranceLatticeFaster():decoder-wrappers.cc:289) Log-like per frame for utterance M551469773-3769836_3769836-551473419_1620362555-GB-M-016 is -3.25929 over 842 frames.
M551469773-3769836_3769836-551473419_1620362555-GB-M-023 HALLELUJAH HALLELUJAH 
LOG (gmm-latgen-faster[5.5.480~1-09abd]:DecodeUtteranceLatticeFaster():decoder-wrappers.cc:289) Log-like per frame for utterance M551469773-3769836_3769836-551473419_1620362555-GB-M-023 is -3.30032 over 597 frames.
M551469773-3769836_3769836-551473419_1620362555-GB-M-024 HALLELUJAH HALLELUJAH 
LOG (gmm-latgen-faster[5.5.480~1-09abd]:DecodeUtteranceLatticeFaster():decoder-wrappers.cc:289) Log-like per frame for utterance M551469773-3769836_3769836-551473419_1620362555-GB-M-024 is -2.69728 over 863 frames.
M551469773-3769836_3769836-551473419_1620362555-GB-M-025 WAS A TIME WHEN YOU'D LET ME KNOW 
LOG (gmm-latgen-faster[5.5.480~1-09abd]:DecodeUtteranceLatticeFaster():decoder-wrappers.cc:289) Log-like per frame for utterance M551469773-3769836_3769836-551473419_1620362555-GB-M-025 is -4.39693 over 280 frames.
M551469773-3769836_3769836-551473419_1620362555-GB-M-026 REALLY GOING ON BELOW 
LOG (gmm-latgen-faster[5.5.480~1-09abd]:DecodeUtteranceLatticeFaster():decoder-wrappers.cc:289) Log-like per frame for utterance M551469773-3769836_3769836-551473419_1620362555-GB-M-026 is -4.09909 over 289 frames.
M551469773-3769836_3769836-551473419_1620362555-GB-M-027 NOW YOU NEVER SHOW IT TO ME DO YOU 
LOG (gmm-latgen-faster[5.5.480~1-09abd]:DecodeUtteranceLatticeFaster():decoder-wrappers.cc:289) Log-like per frame for utterance M551469773-3769836_3769836-551473419_1620362555-GB-M-027 is -4.18312 over 498 frames.
M551469773-3769836_3769836-551473419_1620362555-GB-M-028 THERE WHEN I MOVED IN YOU 
LOG (gmm-latgen-faster[5.5.480~1-09abd]:DecodeUtteranceLatticeFaster():decoder-wrappers.cc:289) Log-like per frame for utterance M551469773-3769836_3769836-551473419_1620362555-GB-M-028 is -4.1666 over 338 frames.
M551469773-3769836_3769836-551473419_1620362555-GB-M-029 
LOG (gmm-latgen-faster[5.5.480~1-09abd]:DecodeUtteranceLatticeFaster():decoder-wrappers.cc:289) Log-like per frame for utterance M551469773-3769836_3769836-551473419_1620362555-GB-M-029 is -5.99405 over 266 frames.
M551469773-3769836_3769836-551473419_1620362555-GB-M-030 
LOG (gmm-latgen-faster[5.5.480~1-09abd]:DecodeUtteranceLatticeFaster():decoder-wrappers.cc:289) Log-like per frame for utterance M551469773-3769836_3769836-551473419_1620362555-GB-M-030 is -6.3873 over 541 frames.
M551469773-3769836_3769836-551473419_1620362555-GB-M-031 HALLELUJAH HALLELUJAH HALLELUJAH HALLELUJAH 
LOG (gmm-latgen-faster[5.5.480~1-09abd]:DecodeUtteranceLatticeFaster():decoder-wrappers.cc:289) Log-like per frame for utterance M551469773-3769836_3769836-551473419_1620362555-GB-M-031 is -3.21135 over 1575 frames.
M551469773-3769836_3769836-551473419_1620362555-GB-M-036 NOT A CRY YOU KEEP ME GET 
LOG (gmm-latgen-faster[5.5.480~1-09abd]:DecodeUtteranceLatticeFaster():decoder-wrappers.cc:289) Log-like per frame for utterance M551469773-3769836_3769836-551473419_1620362555-GB-M-036 is -5.491 over 638 frames.
M551469773-3769836_3769836-551473419_1620362555-GB-M-038 
LOG (gmm-latgen-faster[5.5.480~1-09abd]:DecodeUtteranceLatticeFaster():decoder-wrappers.cc:289) Log-like per frame for utterance M551469773-3769836_3769836-551473419_1620362555-GB-M-038 is -6.33442 over 560 frames.
M551469773-3769836_3769836-551473419_1620362555-GB-M-039 HALLELUJAH HALLELUJAH HALLELUJAH HALLELUJAH HALLELUJAH HALLELUJAH 
LOG (gmm-latgen-faster[5.5.480~1-09abd]:DecodeUtteranceLatticeFaster():decoder-wrappers.cc:289) Log-like per frame for utterance M551469773-3769836_3769836-551473419_1620362555-GB-M-039 is -3.1228 over 1914 frames.
M551469773-3769836_3769836-551473419_1620362555-GB-M-042 HALLELUJAH HALLELUJAH 
LOG (gmm-latgen-faster[5.5.480~1-09abd]:DecodeUtteranceLatticeFaster():decoder-wrappers.cc:289) Log-like per frame for utterance M551469773-3769836_3769836-551473419_1620362555-GB-M-042 is -2.85684 over 739 frames.
M551762699-3769864_3769864-1218008544_1503170206-GB-M-003 NOT A FOOL NOT A FOOL 
LOG (gmm-latgen-faster[5.5.480~1-09abd]:DecodeUtteranceLatticeFaster():decoder-wrappers.cc:289) Log-like per frame for utterance M551762699-3769864_3769864-1218008544_1503170206-GB-M-003 is -4.74621 over 233 frames.
M551762699-3769864_3769864-1218008544_1503170206-GB-M-005 OH WHEN YOU'RE GONE WHEN YOU'RE GONE WHEN YOU'RE GONE OH BABY ALL THE LIGHTS GO OUT THINKING OH BABY I WAS WRONG 
LOG (gmm-latgen-faster[5.5.480~1-09abd]:DecodeUtteranceLatticeFaster():decoder-wrappers.cc:289) Log-like per frame for utterance M551762699-3769864_3769864-1218008544_1503170206-GB-M-005 is -4.09716 over 1205 frames.
M551762699-3769864_3769864-1218008544_1503170206-GB-M-008 I WAS WRONG I WAS WRONG 
LOG (gmm-latgen-faster[5.5.480~1-09abd]:DecodeUtteranceLatticeFaster():decoder-wrappers.cc:289) Log-like per frame for utterance M551762699-3769864_3769864-1218008544_1503170206-GB-M-008 is -4.35511 over 229 frames.
M551762699-3769864_3769864-1218008544_1503170206-GB-M-010 OH BABY COME ON LET ME GET TO KNOW YOU 
LOG (gmm-latgen-faster[5.5.480~1-09abd]:DecodeUtteranceLatticeFaster():decoder-wrappers.cc:289) Log-like per frame for utterance M551762699-3769864_3769864-1218008544_1503170206-GB-M-010 is -4.28294 over 230 frames.
M551762699-3769864_3769864-1218008544_1503170206-GB-M-011 ANOTHER CHANCE SO THAT I CAN SHOW THAT I WON'T 
LOG (gmm-latgen-faster[5.5.480~1-09abd]:DecodeUtteranceLatticeFaster():decoder-wrappers.cc:289) Log-like per frame for utterance M551762699-3769864_3769864-1218008544_1503170206-GB-M-011 is -4.15465 over 254 frames.
M551762699-3769864_3769864-1218008544_1503170206-GB-M-012 TO DOWN AND RUN NO THAT I WON'T LET YOU DOWN AND RUN 
LOG (gmm-latgen-faster[5.5.480~1-09abd]:DecodeUtteranceLatticeFaster():decoder-wrappers.cc:289) Log-like per frame for utterance M551762699-3769864_3769864-1218008544_1503170206-GB-M-012 is -4.37808 over 364 frames.
M551762699-3769864_3769864-1218008544_1503170206-GB-M-014 SAY I COULD BE THE ONE I COULD BE THE ONE I COULD BE THE ONE I COULD BE THE ONE 
LOG (gmm-latgen-faster[5.5.480~1-09abd]:DecodeUtteranceLatticeFaster():decoder-wrappers.cc:289) Log-like per frame for utterance M551762699-3769864_3769864-1218008544_1503170206-GB-M-014 is -3.82599 over 1769 frames.
M551762699-3769864_3769864-1218008544_1503170206-GB-M-018 I SEE IN BLUE I SEE IN BLUE I SEE IN BLUE OH WHEN YOU SEE EVERYTHING IN RED 
LOG (gmm-latgen-faster[5.5.480~1-09abd]:DecodeUtteranceLatticeFaster():decoder-wrappers.cc:289) Log-like per frame for utterance M551762699-3769864_3769864-1218008544_1503170206-GB-M-018 is -4.7592 over 622 frames.
M551762699-3769864_3769864-1218008544_1503170206-GB-M-021 YOU DO FOR YOU 
LOG (gmm-latgen-faster[5.5.480~1-09abd]:DecodeUtteranceLatticeFaster():decoder-wrappers.cc:289) Log-like per frame for utterance M551762699-3769864_3769864-1218008544_1503170206-GB-M-021 is -4.18563 over 176 frames.
M551762699-3769864_3769864-1218008544_1503170206-GB-M-023 TIME WHEN YOU GONNA WHEN YOU'RE GONE NOW OH BABY LIGHTS GO OUT 
LOG (gmm-latgen-faster[5.5.480~1-09abd]:DecodeUtteranceLatticeFaster():decoder-wrappers.cc:289) Log-like per frame for utterance M551762699-3769864_3769864-1218008544_1503170206-GB-M-023 is -4.81467 over 768 frames.
M551762699-3769864_3769864-1218008544_1503170206-GB-M-026 I WAS WRONG I WAS WRONG 
LOG (gmm-latgen-faster[5.5.480~1-09abd]:DecodeUtteranceLatticeFaster():decoder-wrappers.cc:289) Log-like per frame for utterance M551762699-3769864_3769864-1218008544_1503170206-GB-M-026 is -4.82203 over 185 frames.
M551762699-3769864_3769864-1218008544_1503170206-GB-M-028 OH BABY COME ON LET ME GET TO KNOW YOU JUST ANOTHER CHANCE SO THAT I CAN SHOW THAT I WON'T 
LOG (gmm-latgen-faster[5.5.480~1-09abd]:DecodeUtteranceLatticeFaster():decoder-wrappers.cc:289) Log-like per frame for utterance M551762699-3769864_3769864-1218008544_1503170206-GB-M-028 is -4.24546 over 539 frames.
M551762699-3769864_3769864-1218008544_1503170206-GB-M-030 DOWN AND RUN NO THAT I WON'T LET YOU DOWN AND RUN 
LOG (gmm-latgen-faster[5.5.480~1-09abd]:DecodeUtteranceLatticeFaster():decoder-wrappers.cc:289) Log-like per frame for utterance M551762699-3769864_3769864-1218008544_1503170206-GB-M-030 is -4.50856 over 349 frames.
M551762699-3769864_3769864-1218008544_1503170206-GB-M-032 'CAUSE I COULD BE THE ONE I COULD BE THE ONE 
LOG (gmm-latgen-faster[5.5.480~1-09abd]:DecodeUtteranceLatticeFaster():decoder-wrappers.cc:289) Log-like per frame for utterance M551762699-3769864_3769864-1218008544_1503170206-GB-M-032 is -3.85939 over 686 frames.
M551762699-3769864_3769864-1218008544_1503170206-GB-M-034 I COULD BE THE ONE 
LOG (gmm-latgen-faster[5.5.480~1-09abd]:DecodeUtteranceLatticeFaster():decoder-wrappers.cc:289) Log-like per frame for utterance M551762699-3769864_3769864-1218008544_1503170206-GB-M-034 is -4.54673 over 103 frames.
M551762699-3769864_3769864-1218008544_1503170206-GB-M-036 BE THE ONE BE THE ONE BE THE ONE BE THE ONE BE THE ONE ON 
LOG (gmm-latgen-faster[5.5.480~1-09abd]:DecodeUtteranceLatticeFaster():decoder-wrappers.cc:289) Log-like per frame for utterance M551762699-3769864_3769864-1218008544_1503170206-GB-M-036 is -4.3577 over 551 frames.
M551762699-3769864_3769864-1218008544_1503170206-GB-M-040 BE THE ONE 
LOG (gmm-latgen-faster[5.5.480~1-09abd]:DecodeUtteranceLatticeFaster():decoder-wrappers.cc:289) Log-like per frame for utterance M551762699-3769864_3769864-1218008544_1503170206-GB-M-040 is -4.97769 over 103 frames.
M551762699-3769864_3769864-1218008544_1503170206-GB-M-041 BE THE ONE BE THE ONE BE THE ONE BE THE ONE BE THE ONE OH BABY COME ON LET ME GET TO KNOW YOU 
LOG (gmm-latgen-faster[5.5.480~1-09abd]:DecodeUtteranceLatticeFaster():decoder-wrappers.cc:289) Log-like per frame for utterance M551762699-3769864_3769864-1218008544_1503170206-GB-M-041 is -4.33429 over 695 frames.
M551762699-3769864_3769864-1218008544_1503170206-GB-M-043 JUST ANOTHER CHANCE SO THAT I CAN SHOW THAT I WON'T 
LOG (gmm-latgen-faster[5.5.480~1-09abd]:DecodeUtteranceLatticeFaster():decoder-wrappers.cc:289) Log-like per frame for utterance M551762699-3769864_3769864-1218008544_1503170206-GB-M-043 is -4.33916 over 283 frames.
M551762699-3769864_3769864-1218008544_1503170206-GB-M-044 DOWN AND RUN NO THAT I WON'T LET YOU DOWN AND RUN 
LOG (gmm-latgen-faster[5.5.480~1-09abd]:DecodeUtteranceLatticeFaster():decoder-wrappers.cc:289) Log-like per frame for utterance M551762699-3769864_3769864-1218008544_1503170206-GB-M-044 is -4.34724 over 350 frames.
M551762699-3769864_3769864-1218008544_1503170206-GB-M-046 'CAUSE I COULD BE THE ONE 
LOG (gmm-latgen-faster[5.5.480~1-09abd]:DecodeUtteranceLatticeFaster():decoder-wrappers.cc:289) Log-like per frame for utterance M551762699-3769864_3769864-1218008544_1503170206-GB-M-046 is -4.36647 over 129 frames.
M551762699-3769864_3769864-1218008544_1503170206-GB-M-047 I COULD BE THE ONE I COULD BE THE ONE 
LOG (gmm-latgen-faster[5.5.480~1-09abd]:DecodeUtteranceLatticeFaster():decoder-wrappers.cc:289) Log-like per frame for utterance M551762699-3769864_3769864-1218008544_1503170206-GB-M-047 is -3.92476 over 668 frames.
M554745681-3703714_232358-825492545_1527537699-GB-M-005 WORLD 
LOG (gmm-latgen-faster[5.5.480~1-09abd]:DecodeUtteranceLatticeFaster():decoder-wrappers.cc:289) Log-like per frame for utterance M554745681-3703714_232358-825492545_1527537699-GB-M-005 is -3.81285 over 1272 frames.
M554745681-3703714_232358-825492545_1527537699-GB-M-012 WORLD 
LOG (gmm-latgen-faster[5.5.480~1-09abd]:DecodeUtteranceLatticeFaster():decoder-wrappers.cc:289) Log-like per frame for utterance M554745681-3703714_232358-825492545_1527537699-GB-M-012 is -4.21886 over 390 frames.
M555404170-4212785_4212785-1083723563_1664781629-GB-M-001 I DON'T LIKE YOUR LITTLE GAMES 
LOG (gmm-latgen-faster[5.5.480~1-09abd]:DecodeUtteranceLatticeFaster():decoder-wrappers.cc:289) Log-like per frame for utterance M555404170-4212785_4212785-1083723563_1664781629-GB-M-001 is -4.44238 over 403 frames.
M555404170-4212785_4212785-1083723563_1664781629-GB-M-002 DON'T LIKE YOUR TO TO STAGE 
LOG (gmm-latgen-faster[5.5.480~1-09abd]:DecodeUtteranceLatticeFaster():decoder-wrappers.cc:289) Log-like per frame for utterance M555404170-4212785_4212785-1083723563_1664781629-GB-M-002 is -4.84552 over 309 frames.
M555404170-4212785_4212785-1083723563_1664781629-GB-M-003 THE ROLE YOU MADE ME PLAY 
LOG (gmm-latgen-faster[5.5.480~1-09abd]:DecodeUtteranceLatticeFaster():decoder-wrappers.cc:289) Log-like per frame for utterance M555404170-4212785_4212785-1083723563_1664781629-GB-M-003 is -4.67371 over 301 frames.
M555404170-4212785_4212785-1083723563_1664781629-GB-M-004 OH THAT DON'T LIKE YOU 
LOG (gmm-latgen-faster[5.5.480~1-09abd]:DecodeUtteranceLatticeFaster():decoder-wrappers.cc:289) Log-like per frame for utterance M555404170-4212785_4212785-1083723563_1664781629-GB-M-004 is -4.67847 over 197 frames.
M555404170-4212785_4212785-1083723563_1664781629-GB-M-010 I GOT HARDER IN THE 
LOG (gmm-latgen-faster[5.5.480~1-09abd]:DecodeUtteranceLatticeFaster():decoder-wrappers.cc:289) Log-like per frame for utterance M555404170-4212785_4212785-1083723563_1664781629-GB-M-010 is -4.78065 over 220 frames.
M555404170-4212785_4212785-1083723563_1664781629-GB-M-013 ON 
LOG (gmm-latgen-faster[5.5.480~1-09abd]:DecodeUtteranceLatticeFaster():decoder-wrappers.cc:289) Log-like per frame for utterance M555404170-4212785_4212785-1083723563_1664781629-GB-M-013 is -4.68831 over 161 frames.
M555404170-4212785_4212785-1083723563_1664781629-GB-M-019 OOH LOOK WHAT YOU MADE ME DO 
LOG (gmm-latgen-faster[5.5.480~1-09abd]:DecodeUtteranceLatticeFaster():decoder-wrappers.cc:289) Log-like per frame for utterance M555404170-4212785_4212785-1083723563_1664781629-GB-M-019 is -4.43017 over 227 frames.
M555404170-4212785_4212785-1083723563_1664781629-GB-M-025 JUST MADE ME DO LOOK WHAT YOU JUST MADE ME 
LOG (gmm-latgen-faster[5.5.480~1-09abd]:DecodeUtteranceLatticeFaster():decoder-wrappers.cc:289) Log-like per frame for utterance M555404170-4212785_4212785-1083723563_1664781629-GB-M-025 is -4.97024 over 223 frames.
M555404170-4212785_4212785-1083723563_1664781629-GB-M-032 THE AND THEN THE ON ANOTHER 
LOG (gmm-latgen-faster[5.5.480~1-09abd]:DecodeUtteranceLatticeFaster():decoder-wrappers.cc:289) Log-like per frame for utterance M555404170-4212785_4212785-1083723563_1664781629-GB-M-032 is -5.00647 over 208 frames.
M555404170-4212785_4212785-1083723563_1664781629-GB-M-034 BUT NOT FOR ME NOT FOR ME ALL I THINK ABOUT COME 
LOG (gmm-latgen-faster[5.5.480~1-09abd]:DecodeUtteranceLatticeFaster():decoder-wrappers.cc:289) Log-like per frame for utterance M555404170-4212785_4212785-1083723563_1664781629-GB-M-034 is -5.1881 over 345 frames.
M555404170-4212785_4212785-1083723563_1664781629-GB-M-038 MAYBE I GOT MINE BUT 
LOG (gmm-latgen-faster[5.5.480~1-09abd]:DecodeUtteranceLatticeFaster():decoder-wrappers.cc:289) Log-like per frame for utterance M555404170-4212785_4212785-1083723563_1664781629-GB-M-038 is -4.21605 over 147 frames.
M555404170-4212785_4212785-1083723563_1664781629-GB-M-040 YOU'LL ALL GET YOURS 
LOG (gmm-latgen-faster[5.5.480~1-09abd]:DecodeUtteranceLatticeFaster():decoder-wrappers.cc:289) Log-like per frame for utterance M555404170-4212785_4212785-1083723563_1664781629-GB-M-040 is -4.22044 over 174 frames.
M555404170-4212785_4212785-1083723563_1664781629-GB-M-042 BUT 
LOG (gmm-latgen-faster[5.5.480~1-09abd]:DecodeUtteranceLatticeFaster():decoder-wrappers.cc:289) Log-like per frame for utterance M555404170-4212785_4212785-1083723563_1664781629-GB-M-042 is -4.36055 over 143 frames.
M555404170-4212785_4212785-1083723563_1664781629-GB-M-043 I ON 
LOG (gmm-latgen-faster[5.5.480~1-09abd]:DecodeUtteranceLatticeFaster():decoder-wrappers.cc:289) Log-like per frame for utterance M555404170-4212785_4212785-1083723563_1664781629-GB-M-043 is -4.21056 over 208 frames.
M555404170-4212785_4212785-1083723563_1664781629-GB-M-046 IS IN RED <UNK> 
LOG (gmm-latgen-faster[5.5.480~1-09abd]:DecodeUtteranceLatticeFaster():decoder-wrappers.cc:289) Log-like per frame for utterance M555404170-4212785_4212785-1083723563_1664781629-GB-M-046 is -4.6087 over 157 frames.
M555404170-4212785_4212785-1083723563_1664781629-GB-M-049 AND THAT IT TWICE 
LOG (gmm-latgen-faster[5.5.480~1-09abd]:DecodeUtteranceLatticeFaster():decoder-wrappers.cc:289) Log-like per frame for utterance M555404170-4212785_4212785-1083723563_1664781629-GB-M-049 is -5.35535 over 202 frames.
M555404170-4212785_4212785-1083723563_1664781629-GB-M-052 YOU JUST MADE ME DO LOOK WHAT YOU JUST MADE ME OOH LOOK WHAT YOU MADE ME DO 
LOG (gmm-latgen-faster[5.5.480~1-09abd]:DecodeUtteranceLatticeFaster():decoder-wrappers.cc:289) Log-like per frame for utterance M555404170-4212785_4212785-1083723563_1664781629-GB-M-052 is -4.78899 over 477 frames.
M555404170-4212785_4212785-1083723563_1664781629-GB-M-055 TO MADE ME DO 
LOG (gmm-latgen-faster[5.5.480~1-09abd]:DecodeUtteranceLatticeFaster():decoder-wrappers.cc:289) Log-like per frame for utterance M555404170-4212785_4212785-1083723563_1664781629-GB-M-055 is -4.80347 over 132 frames.
M555404170-4212785_4212785-1083723563_1664781629-GB-M-059 I DON'T TRUST NOBODY AND NOBODY TRUSTS ME 
LOG (gmm-latgen-faster[5.5.480~1-09abd]:DecodeUtteranceLatticeFaster():decoder-wrappers.cc:289) Log-like per frame for utterance M555404170-4212785_4212785-1083723563_1664781629-GB-M-059 is -4.68284 over 323 frames.
M555404170-4212785_4212785-1083723563_1664781629-GB-M-061 BE THE ACTRESS 
LOG (gmm-latgen-faster[5.5.480~1-09abd]:DecodeUtteranceLatticeFaster():decoder-wrappers.cc:289) Log-like per frame for utterance M555404170-4212785_4212785-1083723563_1664781629-GB-M-061 is -5.36885 over 109 frames.
M555404170-4212785_4212785-1083723563_1664781629-GB-M-062 IN YOUR BAD DREAMS 
LOG (gmm-latgen-faster[5.5.480~1-09abd]:DecodeUtteranceLatticeFaster():decoder-wrappers.cc:289) Log-like per frame for utterance M555404170-4212785_4212785-1083723563_1664781629-GB-M-062 is -4.64532 over 180 frames.
M555404170-4212785_4212785-1083723563_1664781629-GB-M-068 NOBODY AND NOBODY TRUSTS ME 
LOG (gmm-latgen-faster[5.5.480~1-09abd]:DecodeUtteranceLatticeFaster():decoder-wrappers.cc:289) Log-like per frame for utterance M555404170-4212785_4212785-1083723563_1664781629-GB-M-068 is -4.50082 over 235 frames.
M555404170-4212785_4212785-1083723563_1664781629-GB-M-070 THIS DOWN IN YOUR BAD DREAMS 
LOG (gmm-latgen-faster[5.5.480~1-09abd]:DecodeUtteranceLatticeFaster():decoder-wrappers.cc:289) Log-like per frame for utterance M555404170-4212785_4212785-1083723563_1664781629-GB-M-070 is -4.54072 over 254 frames.
M555404170-4212785_4212785-1083723563_1664781629-GB-M-076 OOH LOOK WHAT YOU MADE ME DO 
LOG (gmm-latgen-faster[5.5.480~1-09abd]:DecodeUtteranceLatticeFaster():decoder-wrappers.cc:289) Log-like per frame for utterance M555404170-4212785_4212785-1083723563_1664781629-GB-M-076 is -4.30493 over 215 frames.
M555404170-4212785_4212785-1083723563_1664781629-GB-M-077 MADE ME DO LOOK WHAT YOU 
LOG (gmm-latgen-faster[5.5.480~1-09abd]:DecodeUtteranceLatticeFaster():decoder-wrappers.cc:289) Log-like per frame for utterance M555404170-4212785_4212785-1083723563_1664781629-GB-M-077 is -4.44352 over 196 frames.
M555404170-4212785_4212785-1083723563_1664781629-GB-M-078 I'M AND IT'S AND YOU MADE ME 
LOG (gmm-latgen-faster[5.5.480~1-09abd]:DecodeUtteranceLatticeFaster():decoder-wrappers.cc:289) Log-like per frame for utterance M555404170-4212785_4212785-1083723563_1664781629-GB-M-078 is -4.26607 over 385 frames.
M555404170-4212785_4212785-1083723563_1664781629-GB-M-083 OOH LOOK WHAT YOU MADE ME 
LOG (gmm-latgen-faster[5.5.480~1-09abd]:DecodeUtteranceLatticeFaster():decoder-wrappers.cc:289) Log-like per frame for utterance M555404170-4212785_4212785-1083723563_1664781629-GB-M-083 is -4.49481 over 165 frames.
M555404170-4212785_4212785-1083723563_1664781629-GB-M-084 DO LOOK WHAT YOU MADE ME DO LOOK WHAT YOU JUST MADE ME DO LOOK WHAT YOU 
LOG (gmm-latgen-faster[5.5.480~1-09abd]:DecodeUtteranceLatticeFaster():decoder-wrappers.cc:289) Log-like per frame for utterance M555404170-4212785_4212785-1083723563_1664781629-GB-M-084 is -4.65503 over 490 frames.
M555404170-4212785_4212785-1083723563_1664781629-GB-M-093 WHAT YOU MADE ME DO 
LOG (gmm-latgen-faster[5.5.480~1-09abd]:DecodeUtteranceLatticeFaster():decoder-wrappers.cc:289) Log-like per frame for utterance M555404170-4212785_4212785-1083723563_1664781629-GB-M-093 is -4.9402 over 127 frames.
M555404170-4212785_4212785-1083723563_1664781629-GB-M-094 JUST MADE ME DO LOOK WHAT YOU 
LOG (gmm-latgen-faster[5.5.480~1-09abd]:DecodeUtteranceLatticeFaster():decoder-wrappers.cc:289) Log-like per frame for utterance M555404170-4212785_4212785-1083723563_1664781629-GB-M-094 is -4.92662 over 155 frames.
M555404170-4212785_4212785-1083723563_1664781629-GB-M-096 JUST MADE ME LOOK WHAT YOU MADE ME 
LOG (gmm-latgen-faster[5.5.480~1-09abd]:DecodeUtteranceLatticeFaster():decoder-wrappers.cc:289) Log-like per frame for utterance M555404170-4212785_4212785-1083723563_1664781629-GB-M-096 is -4.53837 over 245 frames.
M556909673-230065669_2149373-556914004_1604500758-GB-M-001 YOU AND NOBODY 
LOG (gmm-latgen-faster[5.5.480~1-09abd]:DecodeUtteranceLatticeFaster():decoder-wrappers.cc:289) Log-like per frame for utterance M556909673-230065669_2149373-556914004_1604500758-GB-M-001 is -4.28384 over 306 frames.
M556909673-230065669_2149373-556914004_1604500758-GB-M-002 FEELING FEELINGS I NEVER FELT 
LOG (gmm-latgen-faster[5.5.480~1-09abd]:DecodeUtteranceLatticeFaster():decoder-wrappers.cc:289) Log-like per frame for utterance M556909673-230065669_2149373-556914004_1604500758-GB-M-002 is -4.34563 over 268 frames.
M556909673-230065669_2149373-556914004_1604500758-GB-M-003 THE WAY YOU GOT ME UNDER YOUR SPELL 
LOG (gmm-latgen-faster[5.5.480~1-09abd]:DecodeUtteranceLatticeFaster():decoder-wrappers.cc:289) Log-like per frame for utterance M556909673-230065669_2149373-556914004_1604500758-GB-M-003 is -4.06291 over 371 frames.
M556909673-230065669_2149373-556914004_1604500758-GB-M-005 DON'T YOU KEEP IT ALL TO YOURSELF IN 
LOG (gmm-latgen-faster[5.5.480~1-09abd]:DecodeUtteranceLatticeFaster():decoder-wrappers.cc:289) Log-like per frame for utterance M556909673-230065669_2149373-556914004_1604500758-GB-M-005 is -4.74156 over 276 frames.
M556909673-230065669_2149373-556914004_1604500758-GB-M-006 SO WON'T YOU TAKE IT 
LOG (gmm-latgen-faster[5.5.480~1-09abd]:DecodeUtteranceLatticeFaster():decoder-wrappers.cc:289) Log-like per frame for utterance M556909673-230065669_2149373-556914004_1604500758-GB-M-006 is -4.38379 over 242 frames.
M556909673-230065669_2149373-556914004_1604500758-GB-M-007 FOR THE FIRST TIME I AM NOT FAKING 
LOG (gmm-latgen-faster[5.5.480~1-09abd]:DecodeUtteranceLatticeFaster():decoder-wrappers.cc:289) Log-like per frame for utterance M556909673-230065669_2149373-556914004_1604500758-GB-M-007 is -4.55557 over 411 frames.
M556909673-230065669_2149373-556914004_1604500758-GB-M-008 FINGERS ON MY BUTTONS 
LOG (gmm-latgen-faster[5.5.480~1-09abd]:DecodeUtteranceLatticeFaster():decoder-wrappers.cc:289) Log-like per frame for utterance M556909673-230065669_2149373-556914004_1604500758-GB-M-008 is -4.61808 over 151 frames.
M556909673-230065669_2149373-556914004_1604500758-GB-M-009 AND NOW YOU'RE PLAYING 
LOG (gmm-latgen-faster[5.5.480~1-09abd]:DecodeUtteranceLatticeFaster():decoder-wrappers.cc:289) Log-like per frame for utterance M556909673-230065669_2149373-556914004_1604500758-GB-M-009 is -3.95944 over 237 frames.
M556909673-230065669_2149373-556914004_1604500758-GB-M-010 MASTER OF AND TOUCH 
LOG (gmm-latgen-faster[5.5.480~1-09abd]:DecodeUtteranceLatticeFaster():decoder-wrappers.cc:289) Log-like per frame for utterance M556909673-230065669_2149373-556914004_1604500758-GB-M-010 is -4.8535 over 124 frames.
M556909673-230065669_2149373-556914004_1604500758-GB-M-012 TOUCH OF THAT YOU KEEP IT ALL TO YOURSELF 
LOG (gmm-latgen-faster[5.5.480~1-09abd]:DecodeUtteranceLatticeFaster():decoder-wrappers.cc:289) Log-like per frame for utterance M556909673-230065669_2149373-556914004_1604500758-GB-M-012 is -4.6688 over 327 frames.
M556909673-230065669_2149373-556914004_1604500758-GB-M-013 JUST A TOUCH OF YOUR LOVE IS ENOUGH TO KNOCK ME OFF MY FEET ALL WEEK JUST A TOUCH OF YOUR LO OVE 
LOG (gmm-latgen-faster[5.5.480~1-09abd]:DecodeUtteranceLatticeFaster():decoder-wrappers.cc:289) Log-like per frame for utterance M556909673-230065669_2149373-556914004_1604500758-GB-M-013 is -4.57408 over 597 frames.
M556909673-230065669_2149373-556914004_1604500758-GB-M-016 ALL JUST A TOUCH OF YOUR LO OVE JUST A TOUCH OF YOUR LO OVE 
LOG (gmm-latgen-faster[5.5.480~1-09abd]:DecodeUtteranceLatticeFaster():decoder-wrappers.cc:289) Log-like per frame for utterance M556909673-230065669_2149373-556914004_1604500758-GB-M-016 is -4.58067 over 445 frames.
M556909673-230065669_2149373-556914004_1604500758-GB-M-018 ENOUGH TO TAKE CONTROL OF MY WHOLE BODY JUST A TOUCH OF YOUR LO OVE JUST A TOUCH OF YOUR LO OVE JUST A TOUCH OF YOUR LOVE IS ENOUGH TO KNOCK ME OFF OF FEET ALL WEEK JUST A TOUCH OF YOUR LO OVE 
LOG (gmm-latgen-faster[5.5.480~1-09abd]:DecodeUtteranceLatticeFaster():decoder-wrappers.cc:289) Log-like per frame for utterance M556909673-230065669_2149373-556914004_1604500758-GB-M-018 is -4.65915 over 1397 frames.
M556909673-230065669_2149373-556914004_1604500758-GB-M-025 JUST A TOUCH OF YOUR LO 
LOG (gmm-latgen-faster[5.5.480~1-09abd]:DecodeUtteranceLatticeFaster():decoder-wrappers.cc:289) Log-like per frame for utterance M556909673-230065669_2149373-556914004_1604500758-GB-M-025 is -4.55591 over 213 frames.
M556909673-230065669_2149373-556914004_1604500758-GB-M-026 JUST A TOUCH OF YOUR LOVE IS ENOUGH TO TAKE CONTROL OF MY WHOLE BODY JUST A TOUCH OF YOUR LO OVE JUST A TOUCH OF YOUR LO OVE 
LOG (gmm-latgen-faster[5.5.480~1-09abd]:DecodeUtteranceLatticeFaster():decoder-wrappers.cc:289) Log-like per frame for utterance M556909673-230065669_2149373-556914004_1604500758-GB-M-026 is -4.72962 over 975 frames.
M556909673-230065669_2149373-556914004_1604500758-GB-M-031 PHOTOGRAPH WITH NO T SHIRT ON 
LOG (gmm-latgen-faster[5.5.480~1-09abd]:DecodeUtteranceLatticeFaster():decoder-wrappers.cc:289) Log-like per frame for utterance M556909673-230065669_2149373-556914004_1604500758-GB-M-031 is -4.43961 over 255 frames.
M556909673-230065669_2149373-556914004_1604500758-GB-M-032 WHY YOU MAKING ME WAIT 
LOG (gmm-latgen-faster[5.5.480~1-09abd]:DecodeUtteranceLatticeFaster():decoder-wrappers.cc:289) Log-like per frame for utterance M556909673-230065669_2149373-556914004_1604500758-GB-M-032 is -4.84201 over 138 frames.
M556909673-230065669_2149373-556914004_1604500758-GB-M-033 SO LONG 
LOG (gmm-latgen-faster[5.5.480~1-09abd]:DecodeUtteranceLatticeFaster():decoder-wrappers.cc:289) Log-like per frame for utterance M556909673-230065669_2149373-556914004_1604500758-GB-M-033 is -4.14827 over 140 frames.
M556909673-230065669_2149373-556914004_1604500758-GB-M-036 FEET JUST A SECRET I'LL NEVER TELL BUT DON'T YOU KEEP IT ALL TO YOURSELF 
LOG (gmm-latgen-faster[5.5.480~1-09abd]:DecodeUtteranceLatticeFaster():decoder-wrappers.cc:289) Log-like per frame for utterance M556909673-230065669_2149373-556914004_1604500758-GB-M-036 is -4.5924 over 732 frames.
M556909673-230065669_2149373-556914004_1604500758-GB-M-039 SO WON'T YOU TAKE IT 
LOG (gmm-latgen-faster[5.5.480~1-09abd]:DecodeUtteranceLatticeFaster():decoder-wrappers.cc:289) Log-like per frame for utterance M556909673-230065669_2149373-556914004_1604500758-GB-M-039 is -4.26408 over 266 frames.
M556909673-230065669_2149373-556914004_1604500758-GB-M-040 WHY FOR THE FIRST TIME I AM NOT FAKING FINGERS ON MY BUTTONS AND NOW YOU'RE PLAYING MASTER OF ANTICIPATION 
LOG (gmm-latgen-faster[5.5.480~1-09abd]:DecodeUtteranceLatticeFaster():decoder-wrappers.cc:289) Log-like per frame for utterance M556909673-230065669_2149373-556914004_1604500758-GB-M-040 is -4.48192 over 1128 frames.
M556909673-230065669_2149373-556914004_1604500758-GB-M-044 DON'T YOU KEEP IT ALL TO YOURSELF TO YOURSELF JUST A TOUCH OF YOUR LO WAS KNOW GO ME OFF MY FEET ALL WEEK JUST A TOUCH OF YOUR LO OVE JUST A TOUCH OF YOUR LO OVE JUST A TOUCH OF YOUR LOVE IS ENOUGH TO TAKE CONTROL OF MY WHOLE BODY JUST A TOUCH OF YOUR LO OVE JUST A TOUCH OF YOUR LO OVE JUST A TOUCH OF YOUR LOVE IS ENOUGH TO KNOCK ME OFF MY FEET ALL WEEK JUST A TOUCH OF YOUR LOVE JUST A TOUCH OF YOUR LO OVE JUST A TOUCH OF YOUR LOVE IS ENOUGH TO TAKE CONTROL OF MY WHOLE BODY JUST A TOUCH OF YOUR LOVE JUST A TOUCH OF YOUR LOVE 
LOG (gmm-latgen-faster[5.5.480~1-09abd]:DecodeUtteranceLatticeFaster():decoder-wrappers.cc:289) Log-like per frame for utterance M556909673-230065669_2149373-556914004_1604500758-GB-M-044 is -4.79281 over 4120 frames.
M556909673-230065669_2149373-556914004_1604500758-GB-M-069 AND NOW MY WHOLE WEEK MY WHOLE WEEK IS GOLDEN YEAH CAN YOU SEE ME GLOWING THAT'S HOW FEEL 
LOG (gmm-latgen-faster[5.5.480~1-09abd]:DecodeUtteranceLatticeFaster():decoder-wrappers.cc:289) Log-like per frame for utterance M556909673-230065669_2149373-556914004_1604500758-GB-M-069 is -4.30221 over 861 frames.
M556909673-230065669_2149373-556914004_1604500758-GB-M-074 TO FADE INTO EMOTIONS 
LOG (gmm-latgen-faster[5.5.480~1-09abd]:DecodeUtteranceLatticeFaster():decoder-wrappers.cc:289) Log-like per frame for utterance M556909673-230065669_2149373-556914004_1604500758-GB-M-074 is -4.61632 over 277 frames.
M556909673-230065669_2149373-556914004_1604500758-GB-M-075 'CAUSE I KNOW THAT THIS 
LOG (gmm-latgen-faster[5.5.480~1-09abd]:DecodeUtteranceLatticeFaster():decoder-wrappers.cc:289) Log-like per frame for utterance M556909673-230065669_2149373-556914004_1604500758-GB-M-075 is -4.47608 over 154 frames.
M556909673-230065669_2149373-556914004_1604500758-GB-M-076 BE SOMETHING REAL 
LOG (gmm-latgen-faster[5.5.480~1-09abd]:DecodeUtteranceLatticeFaster():decoder-wrappers.cc:289) Log-like per frame for utterance M556909673-230065669_2149373-556914004_1604500758-GB-M-076 is -4.56877 over 210 frames.
M556909673-230065669_2149373-556914004_1604500758-GB-M-079 A TOUCH OF YOUR LOVE WANT 
LOG (gmm-latgen-faster[5.5.480~1-09abd]:DecodeUtteranceLatticeFaster():decoder-wrappers.cc:289) Log-like per frame for utterance M556909673-230065669_2149373-556914004_1604500758-GB-M-079 is -4.65499 over 129 frames.
M556909673-230065669_2149373-556914004_1604500758-GB-M-080 TO KNOCK ME OFF OF MY FEET ALL WEEK JUST A TOUCH OF YOUR LO OVE JUST A TOUCH OF YOUR LOVE 
LOG (gmm-latgen-faster[5.5.480~1-09abd]:DecodeUtteranceLatticeFaster():decoder-wrappers.cc:289) Log-like per frame for utterance M556909673-230065669_2149373-556914004_1604500758-GB-M-080 is -4.64805 over 742 frames.
M556909673-230065669_2149373-556914004_1604500758-GB-M-085 JUST A TOUCH OF YOUR LOVE IS ENOUGH TO TAKE CONTROL OF MY WHOLE BODY JUST A TOUCH OF YOUR LOVE WANT JUST A TOUCH OF YOUR LOVE JUST A TOUCH OF YOUR LOVE IS ENOUGH TO KNOCK ME OFF OF MY FEET ALL WEEK JUST A TOUCH 
LOG (gmm-latgen-faster[5.5.480~1-09abd]:DecodeUtteranceLatticeFaster():decoder-wrappers.cc:289) Log-like per frame for utterance M556909673-230065669_2149373-556914004_1604500758-GB-M-085 is -4.85703 over 1497 frames.
M556909673-230065669_2149373-556914004_1604500758-GB-M-097 JUST A TOUCH JUST A TOUCH OF YOUR LOVE HEY JUST A TOUCH OF YOUR LOVE IS ENOUGH TO TAKE CONTROL OF MY WHOLE BODY JUST A TOUCH OF YOUR LOVE HEY JUST A TOUCH OF YOUR LO OVE LOOK 
LOG (gmm-latgen-faster[5.5.480~1-09abd]:DecodeUtteranceLatticeFaster():decoder-wrappers.cc:289) Log-like per frame for utterance M556909673-230065669_2149373-556914004_1604500758-GB-M-097 is -4.70706 over 1366 frames.
M556909673-81321499_1559312-556914004_1604525840-GB-M-001 THIS IS A SHOUT OUT TO MY EX 
LOG (gmm-latgen-faster[5.5.480~1-09abd]:DecodeUtteranceLatticeFaster():decoder-wrappers.cc:289) Log-like per frame for utterance M556909673-81321499_1559312-556914004_1604525840-GB-M-001 is -4.66931 over 219 frames.
M556909673-81321499_1559312-556914004_1604525840-GB-M-002 HEARD HE IN LOVE SOME OTHER CHICK 
LOG (gmm-latgen-faster[5.5.480~1-09abd]:DecodeUtteranceLatticeFaster():decoder-wrappers.cc:289) Log-like per frame for utterance M556909673-81321499_1559312-556914004_1604525840-GB-M-002 is -4.46533 over 222 frames.
M556909673-81321499_1559312-556914004_1604525840-GB-M-003 YEAH NOW GOT ME I'LL ADMIT 
LOG (gmm-latgen-faster[5.5.480~1-09abd]:DecodeUtteranceLatticeFaster():decoder-wrappers.cc:289) Log-like per frame for utterance M556909673-81321499_1559312-556914004_1604525840-GB-M-003 is -4.50141 over 241 frames.
M556909673-81321499_1559312-556914004_1604525840-GB-M-004 FORGET THAT BOY I'M OVER IT 
LOG (gmm-latgen-faster[5.5.480~1-09abd]:DecodeUtteranceLatticeFaster():decoder-wrappers.cc:289) Log-like per frame for utterance M556909673-81321499_1559312-556914004_1604525840-GB-M-004 is -4.63791 over 228 frames.
M556909673-81321499_1559312-556914004_1604525840-GB-M-005 I HOPE SHE GETTIN' BETTER SEX 
LOG (gmm-latgen-faster[5.5.480~1-09abd]:DecodeUtteranceLatticeFaster():decoder-wrappers.cc:289) Log-like per frame for utterance M556909673-81321499_1559312-556914004_1604525840-GB-M-005 is -4.44071 over 308 frames.
M556909673-81321499_1559312-556914004_1604525840-GB-M-007 IT LIKE I DID BABE 
LOG (gmm-latgen-faster[5.5.480~1-09abd]:DecodeUtteranceLatticeFaster():decoder-wrappers.cc:289) Log-like per frame for utterance M556909673-81321499_1559312-556914004_1604525840-GB-M-007 is -4.35395 over 252 frames.
M556909673-81321499_1559312-556914004_1604525840-GB-M-008 TOOK FOUR LONG YEARS TO CALL IT QUITS 
LOG (gmm-latgen-faster[5.5.480~1-09abd]:DecodeUtteranceLatticeFaster():decoder-wrappers.cc:289) Log-like per frame for utterance M556909673-81321499_1559312-556914004_1604525840-GB-M-008 is -4.58917 over 237 frames.
M556909673-81321499_1559312-556914004_1604525840-GB-M-010 FORGET THAT BOY I'M OVER IT 
LOG (gmm-latgen-faster[5.5.480~1-09abd]:DecodeUtteranceLatticeFaster():decoder-wrappers.cc:289) Log-like per frame for utterance M556909673-81321499_1559312-556914004_1604525840-GB-M-010 is -4.49766 over 248 frames.
M556909673-81321499_1559312-556914004_1604525840-GB-M-011 GUESS I SHOULD SAY THANK YOU FOR THE HATE YOUS THE TATTOOS OH BABY I'M COOL BY THE WAY 
LOG (gmm-latgen-faster[5.5.480~1-09abd]:DecodeUtteranceLatticeFaster():decoder-wrappers.cc:289) Log-like per frame for utterance M556909673-81321499_1559312-556914004_1604525840-GB-M-011 is -4.84358 over 622 frames.
M556909673-81321499_1559312-556914004_1604525840-GB-M-014 SO WANT YOU FOR GO 'HEAD BABE I'MMA LIVE MY LIFE MY LIFE YEAH SHOUT OUT TO MY EX 
LOG (gmm-latgen-faster[5.5.480~1-09abd]:DecodeUtteranceLatticeFaster():decoder-wrappers.cc:289) Log-like per frame for utterance M556909673-81321499_1559312-556914004_1604525840-GB-M-014 is -4.50248 over 999 frames.
M556909673-81321499_1559312-556914004_1604525840-GB-M-019 YOU'RE REALLY QUITE THE IT 
LOG (gmm-latgen-faster[5.5.480~1-09abd]:DecodeUtteranceLatticeFaster():decoder-wrappers.cc:289) Log-like per frame for utterance M556909673-81321499_1559312-556914004_1604525840-GB-M-019 is -4.49793 over 174 frames.
M556909673-81321499_1559312-556914004_1604525840-GB-M-020 YOU MADE MY HEART BREAK AND THAT MADE ME WHO I AM HERE'S TO MY EX 
LOG (gmm-latgen-faster[5.5.480~1-09abd]:DecodeUtteranceLatticeFaster():decoder-wrappers.cc:289) Log-like per frame for utterance M556909673-81321499_1559312-556914004_1604525840-GB-M-020 is -4.5119 over 504 frames.
M556909673-81321499_1559312-556914004_1604525840-GB-M-023 HEY LOOK AT ME NOW 
LOG (gmm-latgen-faster[5.5.480~1-09abd]:DecodeUtteranceLatticeFaster():decoder-wrappers.cc:289) Log-like per frame for utterance M556909673-81321499_1559312-556914004_1604525840-GB-M-023 is -4.59208 over 143 frames.
M556909673-81321499_1559312-556914004_1604525840-GB-M-024 WELL I'M I'M ALL WAY UP I SWEAR YOU'LL NEVER BRING ME DOWN 
LOG (gmm-latgen-faster[5.5.480~1-09abd]:DecodeUtteranceLatticeFaster():decoder-wrappers.cc:289) Log-like per frame for utterance M556909673-81321499_1559312-556914004_1604525840-GB-M-024 is -4.5034 over 406 frames.
M556909673-81321499_1559312-556914004_1604525840-GB-M-026 SHOUT OUT TO MY EX 
LOG (gmm-latgen-faster[5.5.480~1-09abd]:DecodeUtteranceLatticeFaster():decoder-wrappers.cc:289) Log-like per frame for utterance M556909673-81321499_1559312-556914004_1604525840-GB-M-026 is -4.60462 over 135 frames.
M556909673-81321499_1559312-556914004_1604525840-GB-M-027 YOU'RE REALLY QUITE THE MAN 
LOG (gmm-latgen-faster[5.5.480~1-09abd]:DecodeUtteranceLatticeFaster():decoder-wrappers.cc:289) Log-like per frame for utterance M556909673-81321499_1559312-556914004_1604525840-GB-M-027 is -4.53369 over 188 frames.
M556909673-81321499_1559312-556914004_1604525840-GB-M-028 YOU MADE MY HEART BREAK 
LOG (gmm-latgen-faster[5.5.480~1-09abd]:DecodeUtteranceLatticeFaster():decoder-wrappers.cc:289) Log-like per frame for utterance M556909673-81321499_1559312-556914004_1604525840-GB-M-028 is -4.85945 over 117 frames.
M556909673-81321499_1559312-556914004_1604525840-GB-M-029 AND THAT MADE ME WHO I AM 
LOG (gmm-latgen-faster[5.5.480~1-09abd]:DecodeUtteranceLatticeFaster():decoder-wrappers.cc:289) Log-like per frame for utterance M556909673-81321499_1559312-556914004_1604525840-GB-M-029 is -4.44053 over 233 frames.
M556909673-81321499_1559312-556914004_1604525840-GB-M-030 HERE'S TO MY EX 
LOG (gmm-latgen-faster[5.5.480~1-09abd]:DecodeUtteranceLatticeFaster():decoder-wrappers.cc:289) Log-like per frame for utterance M556909673-81321499_1559312-556914004_1604525840-GB-M-030 is -4.19689 over 123 frames.
M556909673-81321499_1559312-556914004_1604525840-GB-M-031 HEY LOOK AT ME NOW WELL I'M I'M ALL THE WAY UP I SWEAR YOU'LL NEVER YOU'LL NEVER BRING ME DOWN 
LOG (gmm-latgen-faster[5.5.480~1-09abd]:DecodeUtteranceLatticeFaster():decoder-wrappers.cc:289) Log-like per frame for utterance M556909673-81321499_1559312-556914004_1604525840-GB-M-031 is -4.56332 over 663 frames.
M556909673-81321499_1559312-556914004_1604525840-GB-M-036 OH I DELETED ALL YOUR PICS 
LOG (gmm-latgen-faster[5.5.480~1-09abd]:DecodeUtteranceLatticeFaster():decoder-wrappers.cc:289) Log-like per frame for utterance M556909673-81321499_1559312-556914004_1604525840-GB-M-036 is -4.39627 over 254 frames.
M556909673-81321499_1559312-556914004_1604525840-GB-M-037 THEN BLOCKED YOUR NUMBER FROM MY PHONE 
LOG (gmm-latgen-faster[5.5.480~1-09abd]:DecodeUtteranceLatticeFaster():decoder-wrappers.cc:289) Log-like per frame for utterance M556909673-81321499_1559312-556914004_1604525840-GB-M-037 is -4.31676 over 283 frames.
M556909673-81321499_1559312-556914004_1604525840-GB-M-038 YEAH YEAH YOU TOOK ALL YOU COULD GET 
LOG (gmm-latgen-faster[5.5.480~1-09abd]:DecodeUtteranceLatticeFaster():decoder-wrappers.cc:289) Log-like per frame for utterance M556909673-81321499_1559312-556914004_1604525840-GB-M-038 is -4.54838 over 234 frames.
M556909673-81321499_1559312-556914004_1604525840-GB-M-039 BUT YOU AIN'T GETTING THIS LOVE NO MORE 
LOG (gmm-latgen-faster[5.5.480~1-09abd]:DecodeUtteranceLatticeFaster():decoder-wrappers.cc:289) Log-like per frame for utterance M556909673-81321499_1559312-556914004_1604525840-GB-M-039 is -4.61993 over 225 frames.
M556909673-81321499_1559312-556914004_1604525840-GB-M-040 I'M IN SO LEGIT 
LOG (gmm-latgen-faster[5.5.480~1-09abd]:DecodeUtteranceLatticeFaster():decoder-wrappers.cc:289) Log-like per frame for utterance M556909673-81321499_1559312-556914004_1604525840-GB-M-040 is -4.54879 over 212 frames.
M556909673-81321499_1559312-556914004_1604525840-GB-M-042 MY HEART TWO BABY 
LOG (gmm-latgen-faster[5.5.480~1-09abd]:DecodeUtteranceLatticeFaster():decoder-wrappers.cc:289) Log-like per frame for utterance M556909673-81321499_1559312-556914004_1604525840-GB-M-042 is -4.57043 over 249 frames.
M556909673-81321499_1559312-556914004_1604525840-GB-M-044 I'M SO BRAND NEW BABY 
LOG (gmm-latgen-faster[5.5.480~1-09abd]:DecodeUtteranceLatticeFaster():decoder-wrappers.cc:289) Log-like per frame for utterance M556909673-81321499_1559312-556914004_1604525840-GB-M-044 is -4.47226 over 249 frames.
M556909673-81321499_1559312-556914004_1604525840-GB-M-047 I'M OVER YOU OVER YOU UH GUESS I SHOULD SAY THANK YOU FOR THE HATE YOUS AND THE TATTOOS OH BABY I'M COOL BY THE WAY YOU NEW 
LOG (gmm-latgen-faster[5.5.480~1-09abd]:DecodeUtteranceLatticeFaster():decoder-wrappers.cc:289) Log-like per frame for utterance M556909673-81321499_1559312-556914004_1604525840-GB-M-047 is -4.87877 over 1068 frames.
M556909673-81321499_1559312-556914004_1604525840-GB-M-051 AIN'T SURE LOVED YOU ANYWAY 
LOG (gmm-latgen-faster[5.5.480~1-09abd]:DecodeUtteranceLatticeFaster():decoder-wrappers.cc:289) Log-like per frame for utterance M556909673-81321499_1559312-556914004_1604525840-GB-M-051 is -4.78179 over 293 frames.
M556909673-81321499_1559312-556914004_1604525840-GB-M-052 GO 'HEAD BABE I'MMA LIVE 
LOG (gmm-latgen-faster[5.5.480~1-09abd]:DecodeUtteranceLatticeFaster():decoder-wrappers.cc:289) Log-like per frame for utterance M556909673-81321499_1559312-556914004_1604525840-GB-M-052 is -3.85252 over 313 frames.
M556909673-81321499_1559312-556914004_1604525840-GB-M-054 MY LIFE YEAH SHOUT OUT TO MY EX 
LOG (gmm-latgen-faster[5.5.480~1-09abd]:DecodeUtteranceLatticeFaster():decoder-wrappers.cc:289) Log-like per frame for utterance M556909673-81321499_1559312-556914004_1604525840-GB-M-054 is -4.13067 over 354 frames.
M556909673-81321499_1559312-556914004_1604525840-GB-M-056 YOU'RE REALLY QUITE THE MAN 
LOG (gmm-latgen-faster[5.5.480~1-09abd]:DecodeUtteranceLatticeFaster():decoder-wrappers.cc:289) Log-like per frame for utterance M556909673-81321499_1559312-556914004_1604525840-GB-M-056 is -4.23809 over 183 frames.
M556909673-81321499_1559312-556914004_1604525840-GB-M-058 WITH AND THAT MADE ME WHO I AM 
LOG (gmm-latgen-faster[5.5.480~1-09abd]:DecodeUtteranceLatticeFaster():decoder-wrappers.cc:289) Log-like per frame for utterance M556909673-81321499_1559312-556914004_1604525840-GB-M-058 is -4.32125 over 270 frames.
M556909673-81321499_1559312-556914004_1604525840-GB-M-059 HERE'S TO MY EX 
LOG (gmm-latgen-faster[5.5.480~1-09abd]:DecodeUtteranceLatticeFaster():decoder-wrappers.cc:289) Log-like per frame for utterance M556909673-81321499_1559312-556914004_1604525840-GB-M-059 is -4.13257 over 115 frames.
M556909673-81321499_1559312-556914004_1604525840-GB-M-060 HEY LOOK AT ME NOW WELL I'M 
LOG (gmm-latgen-faster[5.5.480~1-09abd]:DecodeUtteranceLatticeFaster():decoder-wrappers.cc:289) Log-like per frame for utterance M556909673-81321499_1559312-556914004_1604525840-GB-M-060 is -4.70832 over 205 frames.
M556909673-81321499_1559312-556914004_1604525840-GB-M-061 I'M ALL THE WAY UP 
LOG (gmm-latgen-faster[5.5.480~1-09abd]:DecodeUtteranceLatticeFaster():decoder-wrappers.cc:289) Log-like per frame for utterance M556909673-81321499_1559312-556914004_1604525840-GB-M-061 is -5.21722 over 108 frames.
M556909673-81321499_1559312-556914004_1604525840-GB-M-062 SWEAR YOU'LL NEVER BRING ME DOWN SHOUT OUT TO MY EX 
LOG (gmm-latgen-faster[5.5.480~1-09abd]:DecodeUtteranceLatticeFaster():decoder-wrappers.cc:289) Log-like per frame for utterance M556909673-81321499_1559312-556914004_1604525840-GB-M-062 is -4.54062 over 390 frames.
M556909673-81321499_1559312-556914004_1604525840-GB-M-064 YOU'RE REALLY QUITE THE MAN 
LOG (gmm-latgen-faster[5.5.480~1-09abd]:DecodeUtteranceLatticeFaster():decoder-wrappers.cc:289) Log-like per frame for utterance M556909673-81321499_1559312-556914004_1604525840-GB-M-064 is -4.39885 over 195 frames.
M556909673-81321499_1559312-556914004_1604525840-GB-M-065 YOU MADE MY HEART BREAK AND THAT MADE ME WHO I AM 
LOG (gmm-latgen-faster[5.5.480~1-09abd]:DecodeUtteranceLatticeFaster():decoder-wrappers.cc:289) Log-like per frame for utterance M556909673-81321499_1559312-556914004_1604525840-GB-M-065 is -4.64679 over 367 frames.
M556909673-81321499_1559312-556914004_1604525840-GB-M-067 HERE'S TO MY EX 
LOG (gmm-latgen-faster[5.5.480~1-09abd]:DecodeUtteranceLatticeFaster():decoder-wrappers.cc:289) Log-like per frame for utterance M556909673-81321499_1559312-556914004_1604525840-GB-M-067 is -4.36707 over 120 frames.
M556909673-81321499_1559312-556914004_1604525840-GB-M-068 HEY LOOK AT ME NOW WELL I'M I'M ALL THE WAY UP I SWEAR YOU'LL NEVER 
LOG (gmm-latgen-faster[5.5.480~1-09abd]:DecodeUtteranceLatticeFaster():decoder-wrappers.cc:289) Log-like per frame for utterance M556909673-81321499_1559312-556914004_1604525840-GB-M-068 is -4.59444 over 433 frames.
M556909673-81321499_1559312-556914004_1604525840-GB-M-071 YOU'LL NEVER BRING ME DOWN YOU'LL NEVER BRING ME DOWN 
LOG (gmm-latgen-faster[5.5.480~1-09abd]:DecodeUtteranceLatticeFaster():decoder-wrappers.cc:289) Log-like per frame for utterance M556909673-81321499_1559312-556914004_1604525840-GB-M-071 is -4.5931 over 554 frames.
M556909673-81321499_1559312-556914004_1604525840-GB-M-073 YOU'LL NEVER BRING ME DOWN 
LOG (gmm-latgen-faster[5.5.480~1-09abd]:DecodeUtteranceLatticeFaster():decoder-wrappers.cc:289) Log-like per frame for utterance M556909673-81321499_1559312-556914004_1604525840-GB-M-073 is -4.45274 over 200 frames.
M556909673-81321499_1559312-556914004_1604525840-GB-M-074 SHOUT OUT TO MY EX 
LOG (gmm-latgen-faster[5.5.480~1-09abd]:DecodeUtteranceLatticeFaster():decoder-wrappers.cc:289) Log-like per frame for utterance M556909673-81321499_1559312-556914004_1604525840-GB-M-074 is -4.60442 over 117 frames.
M556909673-81321499_1559312-556914004_1604525840-GB-M-075 YOU'RE REALLY QUITE THE MAN 
LOG (gmm-latgen-faster[5.5.480~1-09abd]:DecodeUtteranceLatticeFaster():decoder-wrappers.cc:289) Log-like per frame for utterance M556909673-81321499_1559312-556914004_1604525840-GB-M-075 is -4.58732 over 180 frames.
M556909673-81321499_1559312-556914004_1604525840-GB-M-076 YOU MADE MY HEART BREAK 
LOG (gmm-latgen-faster[5.5.480~1-09abd]:DecodeUtteranceLatticeFaster():decoder-wrappers.cc:289) Log-like per frame for utterance M556909673-81321499_1559312-556914004_1604525840-GB-M-076 is -5.11089 over 140 frames.
M556909673-81321499_1559312-556914004_1604525840-GB-M-077 THAT MADE ME WHO I AM 
LOG (gmm-latgen-faster[5.5.480~1-09abd]:DecodeUtteranceLatticeFaster():decoder-wrappers.cc:289) Log-like per frame for utterance M556909673-81321499_1559312-556914004_1604525840-GB-M-077 is -4.46195 over 219 frames.
M556909673-81321499_1559312-556914004_1604525840-GB-M-078 HERE'S TO MY EX 
LOG (gmm-latgen-faster[5.5.480~1-09abd]:DecodeUtteranceLatticeFaster():decoder-wrappers.cc:289) Log-like per frame for utterance M556909673-81321499_1559312-556914004_1604525840-GB-M-078 is -4.52844 over 123 frames.
M556909673-81321499_1559312-556914004_1604525840-GB-M-079 HEY LOOK AT ME NOW 
LOG (gmm-latgen-faster[5.5.480~1-09abd]:DecodeUtteranceLatticeFaster():decoder-wrappers.cc:289) Log-like per frame for utterance M556909673-81321499_1559312-556914004_1604525840-GB-M-079 is -4.6166 over 189 frames.
M556909673-81321499_1559312-556914004_1604525840-GB-M-080 I'M ALL WAY UP 
LOG (gmm-latgen-faster[5.5.480~1-09abd]:DecodeUtteranceLatticeFaster():decoder-wrappers.cc:289) Log-like per frame for utterance M556909673-81321499_1559312-556914004_1604525840-GB-M-080 is -5.25869 over 110 frames.
M556909673-81321499_1559312-556914004_1604525840-GB-M-081 YOU'LL NEVER 
LOG (gmm-latgen-faster[5.5.480~1-09abd]:DecodeUtteranceLatticeFaster():decoder-wrappers.cc:289) Log-like per frame for utterance M556909673-81321499_1559312-556914004_1604525840-GB-M-081 is -4.73725 over 100 frames.
M556909673-81321499_1559312-556914004_1604525840-GB-M-082 YOU'LL NEVER BRING ME 
LOG (gmm-latgen-faster[5.5.480~1-09abd]:DecodeUtteranceLatticeFaster():decoder-wrappers.cc:289) Log-like per frame for utterance M556909673-81321499_1559312-556914004_1604525840-GB-M-082 is -5.14843 over 629 frames.
M556909673-81321499_1559312-556914004_1604525840-GB-M-087 YOU MADE MY HEART 
LOG (gmm-latgen-faster[5.5.480~1-09abd]:DecodeUtteranceLatticeFaster():decoder-wrappers.cc:289) Log-like per frame for utterance M556909673-81321499_1559312-556914004_1604525840-GB-M-087 is -5.31647 over 100 frames.
M556909673-81321499_1559312-556914004_1604525840-GB-M-088 AND THAT MADE ME WHO I AM 
LOG (gmm-latgen-faster[5.5.480~1-09abd]:DecodeUtteranceLatticeFaster():decoder-wrappers.cc:289) Log-like per frame for utterance M556909673-81321499_1559312-556914004_1604525840-GB-M-088 is -4.52628 over 261 frames.
M556909673-81321499_1559312-556914004_1604525840-GB-M-089 HERE'S TO MY EX HEY LOOK AT ME NOW WELL I'M I'M ALL WAY UP I SWEAR YOU'LL NEVER BRING ME DOWN SHOUT OUT TO MY EX YOU'RE REALLY QUITE THE MAN 
LOG (gmm-latgen-faster[5.5.480~1-09abd]:DecodeUtteranceLatticeFaster():decoder-wrappers.cc:289) Log-like per frame for utterance M556909673-81321499_1559312-556914004_1604525840-GB-M-089 is -4.58427 over 1088 frames.
M556909673-81321499_1559312-556914004_1604525840-GB-M-096 W I AM 
LOG (gmm-latgen-faster[5.5.480~1-09abd]:DecodeUtteranceLatticeFaster():decoder-wrappers.cc:289) Log-like per frame for utterance M556909673-81321499_1559312-556914004_1604525840-GB-M-096 is -4.65287 over 265 frames.
M556909673-81321499_1559312-556914004_1604525840-GB-M-097 HERE'S TO MY EX HEY LOOK AT ME NOW WELL I'M I'M ALL THE WAY UP I SWEAR YOU'LL NEVER BRING ME DOWN YEAH YEAH YEAH MY EX LET LET 
LOG (gmm-latgen-faster[5.5.480~1-09abd]:DecodeUtteranceLatticeFaster():decoder-wrappers.cc:289) Log-like per frame for utterance M556909673-81321499_1559312-556914004_1604525840-GB-M-097 is -4.69662 over 1539 frames.
M556909673-81321499_1559312-556914004_1604525840-GB-M-103 MY EX HEY LOOK AT ME NANA SWEAR YOU'LL NEVER 
LOG (gmm-latgen-faster[5.5.480~1-09abd]:DecodeUtteranceLatticeFaster():decoder-wrappers.cc:289) Log-like per frame for utterance M556909673-81321499_1559312-556914004_1604525840-GB-M-103 is -4.68874 over 563 frames.
M556909673-81321499_1559312-556914004_1604525840-GB-M-105 YOU'LL NEVER BRING ME DOWN I'M DOWN DOWN DOWN AND THAT DOWN YEAH 
LOG (gmm-latgen-faster[5.5.480~1-09abd]:DecodeUtteranceLatticeFaster():decoder-wrappers.cc:289) Log-like per frame for utterance M556909673-81321499_1559312-556914004_1604525840-GB-M-105 is -4.92052 over 516 frames.
M558179175-388154009_2957095-667189366_1542346580-GB-M-001 ARE WE GOT ALL 
LOG (gmm-latgen-faster[5.5.480~1-09abd]:DecodeUtteranceLatticeFaster():decoder-wrappers.cc:289) Log-like per frame for utterance M558179175-388154009_2957095-667189366_1542346580-GB-M-001 is -3.30805 over 202 frames.
M558179175-388154009_2957095-667189366_1542346580-GB-M-003 AND THAT YOU I 
LOG (gmm-latgen-faster[5.5.480~1-09abd]:DecodeUtteranceLatticeFaster():decoder-wrappers.cc:289) Log-like per frame for utterance M558179175-388154009_2957095-667189366_1542346580-GB-M-003 is -4.6877 over 112 frames.
M558179175-388154009_2957095-667189366_1542346580-GB-M-004 WE GOT ALL THE WAYS 
LOG (gmm-latgen-faster[5.5.480~1-09abd]:DecodeUtteranceLatticeFaster():decoder-wrappers.cc:289) Log-like per frame for utterance M558179175-388154009_2957095-667189366_1542346580-GB-M-004 is -4.14232 over 113 frames.
M558179175-388154009_2957095-667189366_1542346580-GB-M-005 YOU BE W I C K E HEY HEY HEY HEY 
LOG (gmm-latgen-faster[5.5.480~1-09abd]:DecodeUtteranceLatticeFaster():decoder-wrappers.cc:289) Log-like per frame for utterance M558179175-388154009_2957095-667189366_1542346580-GB-M-005 is -4.84868 over 591 frames.
M558179175-388154009_2957095-667189366_1542346580-GB-M-008 HEY HEY HEY HEY HEY HEY HEY HEY 
LOG (gmm-latgen-faster[5.5.480~1-09abd]:DecodeUtteranceLatticeFaster():decoder-wrappers.cc:289) Log-like per frame for utterance M558179175-388154009_2957095-667189366_1542346580-GB-M-008 is -4.85949 over 386 frames.
M558179175-388154009_2957095-667189366_1542346580-GB-M-009 HEY CRASHING THE PARTY GUESS THEY LOST MY INVITATION FRIENDLY REMINDER GOT MY OWN KIND OF LOOKS LIKE THIS PLACE 
LOG (gmm-latgen-faster[5.5.480~1-09abd]:DecodeUtteranceLatticeFaster():decoder-wrappers.cc:289) Log-like per frame for utterance M558179175-388154009_2957095-667189366_1542346580-GB-M-009 is -4.87444 over 911 frames.
M558179175-388154009_2957095-667189366_1542346580-GB-M-022 TO I CAN BE OH SO OVERRATED 
LOG (gmm-latgen-faster[5.5.480~1-09abd]:DecodeUtteranceLatticeFaster():decoder-wrappers.cc:289) Log-like per frame for utterance M558179175-388154009_2957095-667189366_1542346580-GB-M-022 is -4.7935 over 352 frames.
M558179175-388154009_2957095-667189366_1542346580-GB-M-024 THAT RAISE YOUR VOICES AND LET'S GET IT I THAT GET IT 
LOG (gmm-latgen-faster[5.5.480~1-09abd]:DecodeUtteranceLatticeFaster():decoder-wrappers.cc:289) Log-like per frame for utterance M558179175-388154009_2957095-667189366_1542346580-GB-M-024 is -4.83239 over 359 frames.
M558179175-388154009_2957095-667189366_1542346580-GB-M-026 TIME LIVE HAVIN' SOME 
LOG (gmm-latgen-faster[5.5.480~1-09abd]:DecodeUtteranceLatticeFaster():decoder-wrappers.cc:289) Log-like per frame for utterance M558179175-388154009_2957095-667189366_1542346580-GB-M-026 is -5.04408 over 280 frames.
M558179175-388154009_2957095-667189366_1542346580-GB-M-028 FUN WE TAKE WHAT WE WANT THERE'S SO MANY WAYS TO BE WICKED WITH US 
LOG (gmm-latgen-faster[5.5.480~1-09abd]:DecodeUtteranceLatticeFaster():decoder-wrappers.cc:289) Log-like per frame for utterance M558179175-388154009_2957095-667189366_1542346580-GB-M-028 is -4.59963 over 569 frames.
M558179175-388154009_2957095-667189366_1542346580-GB-M-036 TICK TICK WANNA TRY 
LOG (gmm-latgen-faster[5.5.480~1-09abd]:DecodeUtteranceLatticeFaster():decoder-wrappers.cc:289) Log-like per frame for utterance M558179175-388154009_2957095-667189366_1542346580-GB-M-036 is -5.06965 over 173 frames.
M558179175-388154009_2957095-667189366_1542346580-GB-M-040 WE'RE 'CAUSE COME A GETTING YOUR IT 
LOG (gmm-latgen-faster[5.5.480~1-09abd]:DecodeUtteranceLatticeFaster():decoder-wrappers.cc:289) Log-like per frame for utterance M558179175-388154009_2957095-667189366_1542346580-GB-M-040 is -4.93235 over 201 frames.
M558179175-388154009_2957095-667189366_1542346580-GB-M-041 ATTENTION WE'RE WICKED BY THE BOOK AND CLASS IS BACK IN SESSION 
LOG (gmm-latgen-faster[5.5.480~1-09abd]:DecodeUtteranceLatticeFaster():decoder-wrappers.cc:289) Log-like per frame for utterance M558179175-388154009_2957095-667189366_1542346580-GB-M-041 is -4.90631 over 491 frames.
M558179175-388154009_2957095-667189366_1542346580-GB-M-046 BAD JUST DOESN'T GET MY 
LOG (gmm-latgen-faster[5.5.480~1-09abd]:DecodeUtteranceLatticeFaster():decoder-wrappers.cc:289) Log-like per frame for utterance M558179175-388154009_2957095-667189366_1542346580-GB-M-046 is -5.16886 over 129 frames.
M558179175-388154009_2957095-667189366_1542346580-GB-M-048 WANT LIVE HAVIN' SOME FUN 
LOG (gmm-latgen-faster[5.5.480~1-09abd]:DecodeUtteranceLatticeFaster():decoder-wrappers.cc:289) Log-like per frame for utterance M558179175-388154009_2957095-667189366_1542346580-GB-M-048 is -4.60058 over 368 frames.
M558179175-388154009_2957095-667189366_1542346580-GB-M-052 IT BE WICKED WITH US 
LOG (gmm-latgen-faster[5.5.480~1-09abd]:DecodeUtteranceLatticeFaster():decoder-wrappers.cc:289) Log-like per frame for utterance M558179175-388154009_2957095-667189366_1542346580-GB-M-052 is -4.82674 over 140 frames.
M558179175-388154009_2957095-667189366_1542346580-GB-M-054 EVIL LIVES ON THE RIGHT SIDE OF WRONG THERE'S SO MANY WAYS 
LOG (gmm-latgen-faster[5.5.480~1-09abd]:DecodeUtteranceLatticeFaster():decoder-wrappers.cc:289) Log-like per frame for utterance M558179175-388154009_2957095-667189366_1542346580-GB-M-054 is -4.55948 over 620 frames.
M558179175-388154009_2957095-667189366_1542346580-GB-M-057 TO BE WICKED MORE A ALWAYS KNOWS PASS YOUR OUT HAVE EVERY 
LOG (gmm-latgen-faster[5.5.480~1-09abd]:DecodeUtteranceLatticeFaster():decoder-wrappers.cc:289) Log-like per frame for utterance M558179175-388154009_2957095-667189366_1542346580-GB-M-057 is -4.4412 over 837 frames.
M558179175-388154009_2957095-667189366_1542346580-GB-M-064 REAL WAY TO THE WIN 
LOG (gmm-latgen-faster[5.5.480~1-09abd]:DecodeUtteranceLatticeFaster():decoder-wrappers.cc:289) Log-like per frame for utterance M558179175-388154009_2957095-667189366_1542346580-GB-M-064 is -3.95718 over 520 frames.
M558179175-388154009_2957095-667189366_1542346580-GB-M-067 HEY HEY W I C K 
LOG (gmm-latgen-faster[5.5.480~1-09abd]:DecodeUtteranceLatticeFaster():decoder-wrappers.cc:289) Log-like per frame for utterance M558179175-388154009_2957095-667189366_1542346580-GB-M-067 is -4.71334 over 208 frames.
M558179175-388154009_2957095-667189366_1542346580-GB-M-069 WE GOT ALL THE WAYS TO 
LOG (gmm-latgen-faster[5.5.480~1-09abd]:DecodeUtteranceLatticeFaster():decoder-wrappers.cc:289) Log-like per frame for utterance M558179175-388154009_2957095-667189366_1542346580-GB-M-069 is -4.87514 over 150 frames.
M558179175-388154009_2957095-667189366_1542346580-GB-M-070 WE HEY HEY 
LOG (gmm-latgen-faster[5.5.480~1-09abd]:DecodeUtteranceLatticeFaster():decoder-wrappers.cc:289) Log-like per frame for utterance M558179175-388154009_2957095-667189366_1542346580-GB-M-070 is -4.53122 over 127 frames.
M558179175-388154009_2957095-667189366_1542346580-GB-M-071 HEY HEY W I C K E D 
LOG (gmm-latgen-faster[5.5.480~1-09abd]:DecodeUtteranceLatticeFaster():decoder-wrappers.cc:289) Log-like per frame for utterance M558179175-388154009_2957095-667189366_1542346580-GB-M-071 is -4.80404 over 277 frames.
M558179175-388154009_2957095-667189366_1542346580-GB-M-075 ONE WE TAKE WANT 
LOG (gmm-latgen-faster[5.5.480~1-09abd]:DecodeUtteranceLatticeFaster():decoder-wrappers.cc:289) Log-like per frame for utterance M558179175-388154009_2957095-667189366_1542346580-GB-M-075 is -4.64426 over 171 frames.
M558179175-388154009_2957095-667189366_1542346580-GB-M-076 WE WANT THERE'S SO MANY WAYS TO BE WICKED 
LOG (gmm-latgen-faster[5.5.480~1-09abd]:DecodeUtteranceLatticeFaster():decoder-wrappers.cc:289) Log-like per frame for utterance M558179175-388154009_2957095-667189366_1542346580-GB-M-076 is -4.63575 over 342 frames.
M558179175-388154009_2957095-667189366_1542346580-GB-M-079 I'VE YOU FOR LIVES ON THE RIGHT SIDE OF WRONG THERE'S SO MANY WAYS TO 
LOG (gmm-latgen-faster[5.5.480~1-09abd]:DecodeUtteranceLatticeFaster():decoder-wrappers.cc:289) Log-like per frame for utterance M558179175-388154009_2957095-667189366_1542346580-GB-M-079 is -4.80369 over 652 frames.
M558179175-388154009_2957095-667189366_1542346580-GB-M-086 THERE'S SO MANY WAYS TO BE WICKED WITH US EVIL LIVES ON THE RIGHT SIDE OF WRONG THERE'S SO MANY WAYS TO BE WICKED HEY HEY HEY 
LOG (gmm-latgen-faster[5.5.480~1-09abd]:DecodeUtteranceLatticeFaster():decoder-wrappers.cc:289) Log-like per frame for utterance M558179175-388154009_2957095-667189366_1542346580-GB-M-086 is -4.46632 over 1620 frames.
M558179175-388154009_2957095-667189366_1542346580-GB-M-093 HEY HEY ON THE WAYS TO BE 
LOG (gmm-latgen-faster[5.5.480~1-09abd]:DecodeUtteranceLatticeFaster():decoder-wrappers.cc:289) Log-like per frame for utterance M558179175-388154009_2957095-667189366_1542346580-GB-M-093 is -5.06457 over 280 frames.
M558179175-388154009_2957095-667189366_1542346580-GB-M-096 W I C K E D WE GOT ALL THE WAYS TO BE W I C K E D WE GOT ALL THE WAYS TO BE SO MANY WAYS TO BE WICKED 
LOG (gmm-latgen-faster[5.5.480~1-09abd]:DecodeUtteranceLatticeFaster():decoder-wrappers.cc:289) Log-like per frame for utterance M558179175-388154009_2957095-667189366_1542346580-GB-M-096 is -4.57315 over 1129 frames.
M558355066-3772066_3772066-559276620_258333291-GB-M-001 WELL YOU ONLY NEED THE LIGHT WHEN IT'S BURNING LOW ONLY MISS THE SUN WHEN IT STARTS TO SNOW ONLY KNOW YOU LOVE HER WHEN YOU LET HER GO 
LOG (gmm-latgen-faster[5.5.480~1-09abd]:DecodeUtteranceLatticeFaster():decoder-wrappers.cc:289) Log-like per frame for utterance M558355066-3772066_3772066-559276620_258333291-GB-M-001 is -4.33474 over 1000 frames.
M558355066-3772066_3772066-559276620_258333291-GB-M-004 ONLY KNOW WHEN YOU WHEN HIGH WHEN YOU'RE FEELING LOW ONLY HATE THE ROAD WHEN YOU'RE MISSING HOME 
LOG (gmm-latgen-faster[5.5.480~1-09abd]:DecodeUtteranceLatticeFaster():decoder-wrappers.cc:289) Log-like per frame for utterance M558355066-3772066_3772066-559276620_258333291-GB-M-004 is -4.25863 over 647 frames.
M558355066-3772066_3772066-559276620_258333291-GB-M-006 ONLY KNOW YOU LOVE HER WHEN YOU LET HER GO AND YOU LET HER GO 
LOG (gmm-latgen-faster[5.5.480~1-09abd]:DecodeUtteranceLatticeFaster():decoder-wrappers.cc:289) Log-like per frame for utterance M558355066-3772066_3772066-559276620_258333291-GB-M-006 is -3.75833 over 768 frames.
M558355066-3772066_3772066-559276620_258333291-GB-M-008 STARING AT THE BOTTOM OF YOUR GLASS HOPING ONE DAY YOU'LL MAKE A DREAM LAST BUT DREAMS COME SLOW AND THEY GO SO FAST YOU SEE HER WHEN YOU CLOSE YOUR EYES MAYBE ONE DAY YOU'LL UNDERSTAND WHY EVERYTHING YOU TOUCH SURELY DIES 
LOG (gmm-latgen-faster[5.5.480~1-09abd]:DecodeUtteranceLatticeFaster():decoder-wrappers.cc:289) Log-like per frame for utterance M558355066-3772066_3772066-559276620_258333291-GB-M-008 is -4.20743 over 2078 frames.
M558355066-3772066_3772066-559276620_258333291-GB-M-014 YOU ONLY NEED THE LIGHT WHEN IT'S BURNING LOW ONLY MISS THE SUN WHEN IT STARTS TO SNOW ONLY KNOW YOU LOVE HER WHEN YOU LET HER GO 
LOG (gmm-latgen-faster[5.5.480~1-09abd]:DecodeUtteranceLatticeFaster():decoder-wrappers.cc:289) Log-like per frame for utterance M558355066-3772066_3772066-559276620_258333291-GB-M-014 is -4.05562 over 932 frames.
M558355066-3772066_3772066-559276620_258333291-GB-M-017 ONLY KNOW YOU'VE BEEN THAT FEELING LOW ONLY HATE THE ROAD WHEN YOU'RE MISSING HOME ONLY MISS THE LOVE HER WHEN YOU LET HER GO STARING AT THE CEILING IN THE DARK SAME OLD EMPTY FEELING IN YOUR HEART 
LOG (gmm-latgen-faster[5.5.480~1-09abd]:DecodeUtteranceLatticeFaster():decoder-wrappers.cc:289) Log-like per frame for utterance M558355066-3772066_3772066-559276620_258333291-GB-M-017 is -4.08054 over 1904 frames.
M558355066-3772066_3772066-559276620_258333291-GB-M-022 LOVE COMES SLOW AND IT GOES SO FAST 
LOG (gmm-latgen-faster[5.5.480~1-09abd]:DecodeUtteranceLatticeFaster():decoder-wrappers.cc:289) Log-like per frame for utterance M558355066-3772066_3772066-559276620_258333291-GB-M-022 is -4.303 over 312 frames.
LOG (apply-cmvn[5.5.480~1-09abd]:main():apply-cmvn.cc:162) Applied cepstral mean normalization to 229 utterances, errors on 0
M558355066-3772066_3772066-559276620_258333291-GB-M-023 WELL YOU SEE HER WHEN YOU FALL ASLEEP 
LOG (gmm-latgen-faster[5.5.480~1-09abd]:DecodeUtteranceLatticeFaster():decoder-wrappers.cc:289) Log-like per frame for utterance M558355066-3772066_3772066-559276620_258333291-GB-M-023 is -4.16557 over 204 frames.
M558355066-3772066_3772066-559276620_258333291-GB-M-024 BUT NEVER TO TOUCH AND NEVER TO KEEP 
LOG (gmm-latgen-faster[5.5.480~1-09abd]:DecodeUtteranceLatticeFaster():decoder-wrappers.cc:289) Log-like per frame for utterance M558355066-3772066_3772066-559276620_258333291-GB-M-024 is -4.79091 over 251 frames.
M558355066-3772066_3772066-559276620_258333291-GB-M-025 'CAUSE YOU LOVE HER TOO MUCH AND YOU DO WELL YOU ONLY NEED THE LIGHT WHEN IT'S BURNING LOW ONLY MISS THE SUN WHEN IT STARTS TO SNOW ONLY KNOW YOU LOVE HER WHEN YOU LET HER GO ONLY KNOW YOU'VE BEEN HIGH WHEN YOU'RE FEELING LOW ONLY HATE THE ROAD WHEN YOU'RE MISSING HOME ONLY KNOW YOU LOVE HER WHEN YOU LET HER GO AND YOU LET HER GO OH AND YOU LET HER GO OH OH WILL YOU LET HER GO 'CAUSE ONLY KNOW YOU LIGHT WHEN IT'S BURNING LOW ONLY MISS THE SUN WHEN IT STARTS TO SNOW ONLY KNOW YOU LOVE HER WHEN YOU LET HER GO 
LOG (gmm-latgen-faster[5.5.480~1-09abd]:DecodeUtteranceLatticeFaster():decoder-wrappers.cc:289) Log-like per frame for utterance M558355066-3772066_3772066-559276620_258333291-GB-M-025 is -3.74101 over 6701 frames.
LOG (transform-feats[5.5.480~1-09abd]:main():transform-feats.cc:158) Overall average [pseudo-]logdet is -88.6872 over 112121 frames.
LOG (transform-feats[5.5.480~1-09abd]:main():transform-feats.cc:161) Applied transform to 229 utterances; 0 had errors.
M558355066-3772066_3772066-559276620_258333291-GB-M-038 ONLY KNOW YOU'VE BEEN HIGH WHEN YOU'RE FEELING LOW ONLY HATE THE ROAD WHEN YOU'RE MISSING HOME ONLY KNOW YOU LOVE HER WHEN YOU LET HER GO 'CAUSE YOU ONLY NEED THE LIGHT WHEN IT'S BURNING LOW ONLY MISS THE SUN WHEN IT STARTS TO SNOW ONLY KNOW YOU LOVE HER WHEN YOU LET HER GO 
LOG (gmm-latgen-faster[5.5.480~1-09abd]:DecodeUtteranceLatticeFaster():decoder-wrappers.cc:289) Log-like per frame for utterance M558355066-3772066_3772066-559276620_258333291-GB-M-038 is -3.94772 over 2322 frames.
LOG (transform-feats[5.5.480~1-09abd]:main():transform-feats.cc:158) Overall average logdet is 3.14832 over 112121 frames.
LOG (transform-feats[5.5.480~1-09abd]:main():transform-feats.cc:161) Applied transform to 229 utterances; 0 had errors.
M558355066-3772066_3772066-559276620_258333291-GB-M-044 ONLY KNOW YOU'VE BEEN HIGH WHEN YOU'RE FEELING LOW ONLY HATE THE ROAD WHEN YOU'RE MISSING HOME ONLY KNOW YOU LOVE HER WHEN YOU LET HER GO AND YOU LET HER GO 
LOG (gmm-latgen-faster[5.5.480~1-09abd]:DecodeUtteranceLatticeFaster():decoder-wrappers.cc:289) Log-like per frame for utterance M558355066-3772066_3772066-559276620_258333291-GB-M-044 is -4.09237 over 1652 frames.
LOG (gmm-latgen-faster[5.5.480~1-09abd]:main():gmm-latgen-faster.cc:176) Time taken 236.353s: real-time factor assuming 100 frames/sec is 0.210802
LOG (gmm-latgen-faster[5.5.480~1-09abd]:main():gmm-latgen-faster.cc:179) Done 229 utterances, failed for 0
LOG (gmm-latgen-faster[5.5.480~1-09abd]:main():gmm-latgen-faster.cc:181) Overall log-likelihood per frame is -4.40589 over 112121 frames.
# Accounting: time=237 threads=1
# Ended (code 0) at Tue Sep 10 14:53:28 BST 2019, elapsed time 237 seconds
