# gmm-latgen-faster --max-active=7000 --beam=15.0 --lattice-beam=6.0 --acoustic-scale=0.083333 --allow-partial=false --word-symbol-table=exp/tri3b_cleaned/graphs/words.txt exp/tri3b_cleaned/final.mdl scp:exp/tri3b_cleaned/lats/split_fsts/HCLG.fsts.21.scp "ark,s,cs:apply-cmvn  --utt2spk=ark:data/train1/split40/21/utt2spk scp:data/train1/split40/21/cmvn.scp scp:data/train1/split40/21/feats.scp ark:- | splice-feats  ark:- ark:- | transform-feats exp/tri3b_cleaned/final.mat ark:- ark:- | transform-feats --utt2spk=ark:data/train1/split40/21/utt2spk ark:exp/tri3b/trans.21 ark:- ark:- |" "ark:|gzip -c > exp/tri3b_cleaned/lats/lat.21.gz" 
# Started at Tue Sep 10 14:21:42 BST 2019
#
gmm-latgen-faster --max-active=7000 --beam=15.0 --lattice-beam=6.0 --acoustic-scale=0.083333 --allow-partial=false --word-symbol-table=exp/tri3b_cleaned/graphs/words.txt exp/tri3b_cleaned/final.mdl scp:exp/tri3b_cleaned/lats/split_fsts/HCLG.fsts.21.scp 'ark,s,cs:apply-cmvn  --utt2spk=ark:data/train1/split40/21/utt2spk scp:data/train1/split40/21/cmvn.scp scp:data/train1/split40/21/feats.scp ark:- | splice-feats  ark:- ark:- | transform-feats exp/tri3b_cleaned/final.mat ark:- ark:- | transform-feats --utt2spk=ark:data/train1/split40/21/utt2spk ark:exp/tri3b/trans.21 ark:- ark:- |' 'ark:|gzip -c > exp/tri3b_cleaned/lats/lat.21.gz' 
splice-feats ark:- ark:- 
transform-feats --utt2spk=ark:data/train1/split40/21/utt2spk ark:exp/tri3b/trans.21 ark:- ark:- 
apply-cmvn --utt2spk=ark:data/train1/split40/21/utt2spk scp:data/train1/split40/21/cmvn.scp scp:data/train1/split40/21/feats.scp ark:- 
transform-feats exp/tri3b_cleaned/final.mat ark:- ark:- 
F92656507-3769917_3769917-92646162_1584617276-GB-F-006 LOOK AT THIS <UNK> 
LOG (gmm-latgen-faster[5.5.480~1-09abd]:DecodeUtteranceLatticeFaster():decoder-wrappers.cc:289) Log-like per frame for utterance F92656507-3769917_3769917-92646162_1584617276-GB-F-006 is -5.22073 over 134 frames.
F92656507-3769917_3769917-92646162_1584617276-GB-F-007 TREASURES UNTOLD 
LOG (gmm-latgen-faster[5.5.480~1-09abd]:DecodeUtteranceLatticeFaster():decoder-wrappers.cc:289) Log-like per frame for utterance F92656507-3769917_3769917-92646162_1584617276-GB-F-007 is -5.16002 over 127 frames.
F92656507-3769917_3769917-92646162_1584617276-GB-F-008 HOW MANY WONDERS CAN ONE CAVERN HOLD 
LOG (gmm-latgen-faster[5.5.480~1-09abd]:DecodeUtteranceLatticeFaster():decoder-wrappers.cc:289) Log-like per frame for utterance F92656507-3769917_3769917-92646162_1584617276-GB-F-008 is -4.39516 over 299 frames.
F92656507-3769917_3769917-92646162_1584617276-GB-F-009 LOOKIN' AROUND HERE YOU'D THINK THINK 
LOG (gmm-latgen-faster[5.5.480~1-09abd]:DecodeUtteranceLatticeFaster():decoder-wrappers.cc:289) Log-like per frame for utterance F92656507-3769917_3769917-92646162_1584617276-GB-F-009 is -5.32123 over 535 frames.
M1000419465-271786368_316403-1254641451_1580735622-GB-M-001 THERE'S A HERO 
LOG (gmm-latgen-faster[5.5.480~1-09abd]:DecodeUtteranceLatticeFaster():decoder-wrappers.cc:289) Log-like per frame for utterance M1000419465-271786368_316403-1254641451_1580735622-GB-M-001 is -3.88217 over 263 frames.
M1000419465-271786368_316403-1254641451_1580735622-GB-M-002 YOU LOOK INSIDE YOUR 
LOG (gmm-latgen-faster[5.5.480~1-09abd]:DecodeUtteranceLatticeFaster():decoder-wrappers.cc:289) Log-like per frame for utterance M1000419465-271786368_316403-1254641451_1580735622-GB-M-002 is -4.64079 over 236 frames.
M1000419465-271786368_316403-1254641451_1580735622-GB-M-003 DON'T HAVE TO BE 
LOG (gmm-latgen-faster[5.5.480~1-09abd]:DecodeUtteranceLatticeFaster():decoder-wrappers.cc:289) Log-like per frame for utterance M1000419465-271786368_316403-1254641451_1580735622-GB-M-003 is -4.33872 over 189 frames.
M1000419465-271786368_316403-1254641451_1580735622-GB-M-004 OF WHAT YOU ARE 
LOG (gmm-latgen-faster[5.5.480~1-09abd]:DecodeUtteranceLatticeFaster():decoder-wrappers.cc:289) Log-like per frame for utterance M1000419465-271786368_316403-1254641451_1580735622-GB-M-004 is -4.94719 over 140 frames.
M1000419465-271786368_316403-1254641451_1580735622-GB-M-005 THERE'S AN ANSWER 
LOG (gmm-latgen-faster[5.5.480~1-09abd]:DecodeUtteranceLatticeFaster():decoder-wrappers.cc:289) Log-like per frame for utterance M1000419465-271786368_316403-1254641451_1580735622-GB-M-005 is -4.51802 over 252 frames.
M1000419465-271786368_316403-1254641451_1580735622-GB-M-006 YOU REACH YOUR SOUL 
LOG (gmm-latgen-faster[5.5.480~1-09abd]:DecodeUtteranceLatticeFaster():decoder-wrappers.cc:289) Log-like per frame for utterance M1000419465-271786368_316403-1254641451_1580735622-GB-M-006 is -4.78668 over 259 frames.
M1000419465-271786368_316403-1254641451_1580735622-GB-M-007 AND THE SORROW THAT YOU KNOW 
LOG (gmm-latgen-faster[5.5.480~1-09abd]:DecodeUtteranceLatticeFaster():decoder-wrappers.cc:289) Log-like per frame for utterance M1000419465-271786368_316403-1254641451_1580735622-GB-M-007 is -4.36855 over 221 frames.
M1000419465-271786368_316403-1254641451_1580735622-GB-M-009 WILL MELT AWAY 
LOG (gmm-latgen-faster[5.5.480~1-09abd]:DecodeUtteranceLatticeFaster():decoder-wrappers.cc:289) Log-like per frame for utterance M1000419465-271786368_316403-1254641451_1580735622-GB-M-009 is -4.24695 over 526 frames.
M1000419465-271786368_316403-1254641451_1580735622-GB-M-010 AND TO A HERO COMES ALONG 
LOG (gmm-latgen-faster[5.5.480~1-09abd]:DecodeUtteranceLatticeFaster():decoder-wrappers.cc:289) Log-like per frame for utterance M1000419465-271786368_316403-1254641451_1580735622-GB-M-010 is -4.33427 over 269 frames.
M1000419465-271786368_316403-1254641451_1580735622-GB-M-011 WITH THE STRENGTH TO CARRY ON 
LOG (gmm-latgen-faster[5.5.480~1-09abd]:DecodeUtteranceLatticeFaster():decoder-wrappers.cc:289) Log-like per frame for utterance M1000419465-271786368_316403-1254641451_1580735622-GB-M-011 is -4.47653 over 247 frames.
M1000419465-271786368_316403-1254641451_1580735622-GB-M-012 AND YOU CAST YOUR FEARS 
LOG (gmm-latgen-faster[5.5.480~1-09abd]:DecodeUtteranceLatticeFaster():decoder-wrappers.cc:289) Log-like per frame for utterance M1000419465-271786368_316403-1254641451_1580735622-GB-M-012 is -4.48543 over 259 frames.
M1000419465-271786368_316403-1254641451_1580735622-GB-M-013 AND YOU KNOW YOU CAN SURVIVE 
LOG (gmm-latgen-faster[5.5.480~1-09abd]:DecodeUtteranceLatticeFaster():decoder-wrappers.cc:289) Log-like per frame for utterance M1000419465-271786368_316403-1254641451_1580735622-GB-M-013 is -4.71406 over 265 frames.
M1000419465-271786368_316403-1254641451_1580735622-GB-M-014 WHEN YOU FEEL LIKE HOPE IS GONE 
LOG (gmm-latgen-faster[5.5.480~1-09abd]:DecodeUtteranceLatticeFaster():decoder-wrappers.cc:289) Log-like per frame for utterance M1000419465-271786368_316403-1254641451_1580735622-GB-M-014 is -4.676 over 279 frames.
M1000419465-271786368_316403-1254641451_1580735622-GB-M-015 LOOK INSIDE YOU AND BE STRONG 
LOG (gmm-latgen-faster[5.5.480~1-09abd]:DecodeUtteranceLatticeFaster():decoder-wrappers.cc:289) Log-like per frame for utterance M1000419465-271786368_316403-1254641451_1580735622-GB-M-015 is -4.9972 over 247 frames.
M1000419465-271786368_316403-1254641451_1580735622-GB-M-016 AND YOU'LL FINALLY SEE THE TRUTH 
LOG (gmm-latgen-faster[5.5.480~1-09abd]:DecodeUtteranceLatticeFaster():decoder-wrappers.cc:289) Log-like per frame for utterance M1000419465-271786368_316403-1254641451_1580735622-GB-M-016 is -4.43816 over 248 frames.
M1000419465-271786368_316403-1254641451_1580735622-GB-M-018 THAT A HERO LIES IN YOU 
LOG (gmm-latgen-faster[5.5.480~1-09abd]:DecodeUtteranceLatticeFaster():decoder-wrappers.cc:289) Log-like per frame for utterance M1000419465-271786368_316403-1254641451_1580735622-GB-M-018 is -3.99479 over 394 frames.
M1000419465-271786368_316403-1254641451_1580735622-GB-M-019 IT'S A LONG ROAD 
LOG (gmm-latgen-faster[5.5.480~1-09abd]:DecodeUtteranceLatticeFaster():decoder-wrappers.cc:289) Log-like per frame for utterance M1000419465-271786368_316403-1254641451_1580735622-GB-M-019 is -4.32519 over 215 frames.
M1000419465-271786368_316403-1254641451_1580735622-GB-M-020 WHEN YOU FACE THE WORLD ALONE 
LOG (gmm-latgen-faster[5.5.480~1-09abd]:DecodeUtteranceLatticeFaster():decoder-wrappers.cc:289) Log-like per frame for utterance M1000419465-271786368_316403-1254641451_1580735622-GB-M-020 is -4.80534 over 249 frames.
M1000419465-271786368_316403-1254641451_1580735622-GB-M-021 NO ONE REACHES AS HAND FOR YOU TO HOLD 
LOG (gmm-latgen-faster[5.5.480~1-09abd]:DecodeUtteranceLatticeFaster():decoder-wrappers.cc:289) Log-like per frame for utterance M1000419465-271786368_316403-1254641451_1580735622-GB-M-021 is -4.65745 over 608 frames.
M1000419465-271786368_316403-1254641451_1580735622-GB-M-023 YOU CAN FIND LOVE 
LOG (gmm-latgen-faster[5.5.480~1-09abd]:DecodeUtteranceLatticeFaster():decoder-wrappers.cc:289) Log-like per frame for utterance M1000419465-271786368_316403-1254641451_1580735622-GB-M-023 is -4.64388 over 232 frames.
M1000419465-271786368_316403-1254641451_1580735622-GB-M-024 IF YOU SEARCH WITHIN YOURSELF 
LOG (gmm-latgen-faster[5.5.480~1-09abd]:DecodeUtteranceLatticeFaster():decoder-wrappers.cc:289) Log-like per frame for utterance M1000419465-271786368_316403-1254641451_1580735622-GB-M-024 is -4.6695 over 260 frames.
M1000419465-271786368_316403-1254641451_1580735622-GB-M-025 AND THE EMPTINESS YOU FELT 
LOG (gmm-latgen-faster[5.5.480~1-09abd]:DecodeUtteranceLatticeFaster():decoder-wrappers.cc:289) Log-like per frame for utterance M1000419465-271786368_316403-1254641451_1580735622-GB-M-025 is -4.44132 over 245 frames.
M1000419465-271786368_316403-1254641451_1580735622-GB-M-027 WILL DISAPPEAR AND I IS AND THEN A HERO COMES ALONG 
LOG (gmm-latgen-faster[5.5.480~1-09abd]:DecodeUtteranceLatticeFaster():decoder-wrappers.cc:289) Log-like per frame for utterance M1000419465-271786368_316403-1254641451_1580735622-GB-M-027 is -4.22055 over 934 frames.
M1000419465-271786368_316403-1254641451_1580735622-GB-M-029 WITH THE STRENGTH TO CARRY ON 
LOG (gmm-latgen-faster[5.5.480~1-09abd]:DecodeUtteranceLatticeFaster():decoder-wrappers.cc:289) Log-like per frame for utterance M1000419465-271786368_316403-1254641451_1580735622-GB-M-029 is -4.37376 over 243 frames.
M1000419465-271786368_316403-1254641451_1580735622-GB-M-030 AND YOU CAST YOUR FEARS ASIDE 
LOG (gmm-latgen-faster[5.5.480~1-09abd]:DecodeUtteranceLatticeFaster():decoder-wrappers.cc:289) Log-like per frame for utterance M1000419465-271786368_316403-1254641451_1580735622-GB-M-030 is -4.42251 over 294 frames.
M1000419465-271786368_316403-1254641451_1580735622-GB-M-031 AND YOU KNOW YOU CAN SURVIVE 
LOG (gmm-latgen-faster[5.5.480~1-09abd]:DecodeUtteranceLatticeFaster():decoder-wrappers.cc:289) Log-like per frame for utterance M1000419465-271786368_316403-1254641451_1580735622-GB-M-031 is -4.75699 over 269 frames.
M1000419465-271786368_316403-1254641451_1580735622-GB-M-032 SO WHEN YOU FEEL LIKE HOPE IS GONE 
LOG (gmm-latgen-faster[5.5.480~1-09abd]:DecodeUtteranceLatticeFaster():decoder-wrappers.cc:289) Log-like per frame for utterance M1000419465-271786368_316403-1254641451_1580735622-GB-M-032 is -4.78248 over 304 frames.
M1000419465-271786368_316403-1254641451_1580735622-GB-M-033 LOOK INSIDE YOU AND BE STRONG 
LOG (gmm-latgen-faster[5.5.480~1-09abd]:DecodeUtteranceLatticeFaster():decoder-wrappers.cc:289) Log-like per frame for utterance M1000419465-271786368_316403-1254641451_1580735622-GB-M-033 is -4.92359 over 301 frames.
M1000419465-271786368_316403-1254641451_1580735622-GB-M-034 AND YOU'LL FINALLY THERE'S THE TRUTH 
LOG (gmm-latgen-faster[5.5.480~1-09abd]:DecodeUtteranceLatticeFaster():decoder-wrappers.cc:289) Log-like per frame for utterance M1000419465-271786368_316403-1254641451_1580735622-GB-M-034 is -4.44268 over 264 frames.
M1000419465-271786368_316403-1254641451_1580735622-GB-M-036 THAT A HERO LIES IN YOU 
LOG (gmm-latgen-faster[5.5.480~1-09abd]:DecodeUtteranceLatticeFaster():decoder-wrappers.cc:289) Log-like per frame for utterance M1000419465-271786368_316403-1254641451_1580735622-GB-M-036 is -3.95464 over 409 frames.
M1002045214-3769643_3769643-1395370834_1667532117-GB-M-001 AND SAY TAKE ONE MORE STEP TOWARDS YOU 
LOG (gmm-latgen-faster[5.5.480~1-09abd]:DecodeUtteranceLatticeFaster():decoder-wrappers.cc:289) Log-like per frame for utterance M1002045214-3769643_3769643-1395370834_1667532117-GB-M-001 is -4.51891 over 353 frames.
M1002045214-3769643_3769643-1395370834_1667532117-GB-M-002 'CAUSE ALL THAT'S WAITING IS REGRET 
LOG (gmm-latgen-faster[5.5.480~1-09abd]:DecodeUtteranceLatticeFaster():decoder-wrappers.cc:289) Log-like per frame for utterance M1002045214-3769643_3769643-1395370834_1667532117-GB-M-002 is -4.15079 over 329 frames.
M1002045214-3769643_3769643-1395370834_1667532117-GB-M-003 AND DON'T YOU KNOW I'M NOT YOUR GHOST ANYMORE 
LOG (gmm-latgen-faster[5.5.480~1-09abd]:DecodeUtteranceLatticeFaster():decoder-wrappers.cc:289) Log-like per frame for utterance M1002045214-3769643_3769643-1395370834_1667532117-GB-M-003 is -4.21535 over 438 frames.
M1002045214-3769643_3769643-1395370834_1667532117-GB-M-004 YOU LOST THE LOVE I LOVED THE MOST 
LOG (gmm-latgen-faster[5.5.480~1-09abd]:DecodeUtteranceLatticeFaster():decoder-wrappers.cc:289) Log-like per frame for utterance M1002045214-3769643_3769643-1395370834_1667532117-GB-M-004 is -3.41787 over 422 frames.
M1002045214-3769643_3769643-1395370834_1667532117-GB-M-005 I LEARNED TO LIVE HALF ALIVE AND NOW YOU WANT ME ONE MORE TIME AND WHO DO YOU THINK YOU ARE RUNNING 'ROUND LEAVING SCARS 
LOG (gmm-latgen-faster[5.5.480~1-09abd]:DecodeUtteranceLatticeFaster():decoder-wrappers.cc:289) Log-like per frame for utterance M1002045214-3769643_3769643-1395370834_1667532117-GB-M-005 is -3.83266 over 1919 frames.
M1002045214-3769643_3769643-1395370834_1667532117-GB-M-010 TEARING LOVE APART 
LOG (gmm-latgen-faster[5.5.480~1-09abd]:DecodeUtteranceLatticeFaster():decoder-wrappers.cc:289) Log-like per frame for utterance M1002045214-3769643_3769643-1395370834_1667532117-GB-M-010 is -4.01723 over 247 frames.
M1002045214-3769643_3769643-1395370834_1667532117-GB-M-011 YOU'RE GONNA CATCH A COLD FROM THE ICE INSIDE YOUR SOUL 
LOG (gmm-latgen-faster[5.5.480~1-09abd]:DecodeUtteranceLatticeFaster():decoder-wrappers.cc:289) Log-like per frame for utterance M1002045214-3769643_3769643-1395370834_1667532117-GB-M-011 is -4.08205 over 578 frames.
M1002045214-3769643_3769643-1395370834_1667532117-GB-M-012 DON'T COME BACK FOR ME WHO DO YOU THINK YOU ARE 
LOG (gmm-latgen-faster[5.5.480~1-09abd]:DecodeUtteranceLatticeFaster():decoder-wrappers.cc:289) Log-like per frame for utterance M1002045214-3769643_3769643-1395370834_1667532117-GB-M-012 is -3.53456 over 629 frames.
M1002045214-3769643_3769643-1395370834_1667532117-GB-M-014 ASKING ON YOUR IF I AROUND ANYWHERE TO BE FOUND BUT I HAVE GROWN TOO STRONG TO EVER FALL BACK IN YOUR ARMS 
LOG (gmm-latgen-faster[5.5.480~1-09abd]:DecodeUtteranceLatticeFaster():decoder-wrappers.cc:289) Log-like per frame for utterance M1002045214-3769643_3769643-1395370834_1667532117-GB-M-014 is -3.76937 over 2301 frames.
M1002045214-3769643_3769643-1395370834_1667532117-GB-M-018 AND LEARNED TO LIVE HALF ALIVE 
LOG (gmm-latgen-faster[5.5.480~1-09abd]:DecodeUtteranceLatticeFaster():decoder-wrappers.cc:289) Log-like per frame for utterance M1002045214-3769643_3769643-1395370834_1667532117-GB-M-018 is -2.95444 over 421 frames.
M1002045214-3769643_3769643-1395370834_1667532117-GB-M-019 AND NOW YOU WANT ME ONE MORE TIME AND WHO DO YOU THINK YOU ARE RUNNING 'ROUND LEAVING SCARS 
LOG (gmm-latgen-faster[5.5.480~1-09abd]:DecodeUtteranceLatticeFaster():decoder-wrappers.cc:289) Log-like per frame for utterance M1002045214-3769643_3769643-1395370834_1667532117-GB-M-019 is -3.05605 over 1299 frames.
M1002045214-3769643_3769643-1395370834_1667532117-GB-M-022 COLLECTING YOUR JAR OF HEARTS 
LOG (gmm-latgen-faster[5.5.480~1-09abd]:DecodeUtteranceLatticeFaster():decoder-wrappers.cc:289) Log-like per frame for utterance M1002045214-3769643_3769643-1395370834_1667532117-GB-M-022 is -3.85635 over 243 frames.
M1002045214-3769643_3769643-1395370834_1667532117-GB-M-023 TEARING LOVE APART YOU'RE GONNA CATCH A COLD FROM THE ICE INSIDE YOUR SOUL 
LOG (gmm-latgen-faster[5.5.480~1-09abd]:DecodeUtteranceLatticeFaster():decoder-wrappers.cc:289) Log-like per frame for utterance M1002045214-3769643_3769643-1395370834_1667532117-GB-M-023 is -4.02765 over 903 frames.
M1002045214-3769643_3769643-1395370834_1667532117-GB-M-025 DON'T COME BACK FOR ME WHO DO YOU THINK YOU ARE 
LOG (gmm-latgen-faster[5.5.480~1-09abd]:DecodeUtteranceLatticeFaster():decoder-wrappers.cc:289) Log-like per frame for utterance M1002045214-3769643_3769643-1395370834_1667532117-GB-M-025 is -3.48876 over 655 frames.
M1002045214-3769643_3769643-1395370834_1667532117-GB-M-027 I WISH 
LOG (gmm-latgen-faster[5.5.480~1-09abd]:DecodeUtteranceLatticeFaster():decoder-wrappers.cc:289) Log-like per frame for utterance M1002045214-3769643_3769643-1395370834_1667532117-GB-M-027 is -4.19757 over 110 frames.
M1002045214-3769643_3769643-1395370834_1667532117-GB-M-028 THAT I HAD MISSED THE FIRST TIME THAT WE KISSED 'CAUSE YOU BROKE ALL YOUR PROMISES AND NOW YOU'RE BACK YOU DON'T GET GET ME BACK 
LOG (gmm-latgen-faster[5.5.480~1-09abd]:DecodeUtteranceLatticeFaster():decoder-wrappers.cc:289) Log-like per frame for utterance M1002045214-3769643_3769643-1395370834_1667532117-GB-M-028 is -3.69459 over 1881 frames.
M1002045214-3769643_3769643-1395370834_1667532117-GB-M-031 RUNNING 'ROUND LEAVING IT'S 
LOG (gmm-latgen-faster[5.5.480~1-09abd]:DecodeUtteranceLatticeFaster():decoder-wrappers.cc:289) Log-like per frame for utterance M1002045214-3769643_3769643-1395370834_1667532117-GB-M-031 is -4.59316 over 173 frames.
M1002045214-3769643_3769643-1395370834_1667532117-GB-M-032 LOVE COLLECTING YOUR JAR OF HEARTS ARE 
LOG (gmm-latgen-faster[5.5.480~1-09abd]:DecodeUtteranceLatticeFaster():decoder-wrappers.cc:289) Log-like per frame for utterance M1002045214-3769643_3769643-1395370834_1667532117-GB-M-032 is -4.12423 over 453 frames.
M1002045214-3769643_3769643-1395370834_1667532117-GB-M-034 TEARING LOVE APART YOU'RE GONNA CATCH A COLD FROM THE ICE INSIDE YOUR SOUL DON'T COME BACK FOR ME WHO DO YOU THINK YOU ALL AND WHO 'ROUND LEAVING SCARS ALRIGHT RUNNING LOVE APART YOU'RE GONNA CATCH A GO YOUR FROM THE ICE INSIDE JUST YOU'RE SO DON'T COME BACK FOR ME DON'T COME BACK AT ALL COME ALL 
LOG (gmm-latgen-faster[5.5.480~1-09abd]:DecodeUtteranceLatticeFaster():decoder-wrappers.cc:289) Log-like per frame for utterance M1002045214-3769643_3769643-1395370834_1667532117-GB-M-034 is -3.87281 over 4307 frames.
M1002045214-3769643_3769643-1395370834_1667532117-GB-M-045 WHO DO YOU ARE 
LOG (gmm-latgen-faster[5.5.480~1-09abd]:DecodeUtteranceLatticeFaster():decoder-wrappers.cc:289) Log-like per frame for utterance M1002045214-3769643_3769643-1395370834_1667532117-GB-M-045 is -3.77812 over 149 frames.
M1002045214-3769643_3769643-1395370834_1667532117-GB-M-046 THINK YOU ARE WHO DO YOU THINK YOU ARE 
LOG (gmm-latgen-faster[5.5.480~1-09abd]:DecodeUtteranceLatticeFaster():decoder-wrappers.cc:289) Log-like per frame for utterance M1002045214-3769643_3769643-1395370834_1667532117-GB-M-046 is -3.95074 over 1020 frames.
M1030025839-832154795_3009185-1155202430_1539374990-GB-M-001 I WANNA FOLLOW HER WHERE SHE GOES 
LOG (gmm-latgen-faster[5.5.480~1-09abd]:DecodeUtteranceLatticeFaster():decoder-wrappers.cc:289) Log-like per frame for utterance M1030025839-832154795_3009185-1155202430_1539374990-GB-M-001 is -5.31592 over 674 frames.
M1030025839-832154795_3009185-1155202430_1539374990-GB-M-003 I THINK ABOUT HER AND SHE KNOWS IT I WANNA LET IT TAKE CONTROL 'CAUSE EVERYTIME THAT SHE GETS CLOSER 
LOG (gmm-latgen-faster[5.5.480~1-09abd]:DecodeUtteranceLatticeFaster():decoder-wrappers.cc:289) Log-like per frame for utterance M1030025839-832154795_3009185-1155202430_1539374990-GB-M-003 is -5.16681 over 1138 frames.
M1030025839-832154795_3009185-1155202430_1539374990-GB-M-008 SHE PULLS ME IN ENOUGH 
LOG (gmm-latgen-faster[5.5.480~1-09abd]:DecodeUtteranceLatticeFaster():decoder-wrappers.cc:289) Log-like per frame for utterance M1030025839-832154795_3009185-1155202430_1539374990-GB-M-008 is -4.53838 over 333 frames.
M1030025839-832154795_3009185-1155202430_1539374990-GB-M-009 TO KEEP ME GUESSING AND MAYBE I SHOULD STOP AND START CONFESSING CONFESSING THAT OH I'VE BEEN SHAKING I LOVE YOU WHEN YOU GO CRAZY YOU TAKE ALL MY INHIBITIONS BABY THERE'S NOTHING HOLDING ME BACK YOU TAKE ME PLACES THAT TEAR UP MY REPUTATION MANIPULATE MY DECISIONS BABY THERE'S NOTHING HOLDING ME BACK THERE'S NOTHING HOLDING ME BACK THERE'S NOTHING HOLDING ME BACK SHE SAYS THAT SHE IS NEVER AFRAID JUST PICTURE EVERYBODY NAKED 
LOG (gmm-latgen-faster[5.5.480~1-09abd]:DecodeUtteranceLatticeFaster():decoder-wrappers.cc:289) Log-like per frame for utterance M1030025839-832154795_3009185-1155202430_1539374990-GB-M-009 is -4.49751 over 5107 frames.
M1030025839-832154795_3009185-1155202430_1539374990-GB-M-029 SHE REALLY DOESN'T LIKE TO WAIT 
LOG (gmm-latgen-faster[5.5.480~1-09abd]:DecodeUtteranceLatticeFaster():decoder-wrappers.cc:289) Log-like per frame for utterance M1030025839-832154795_3009185-1155202430_1539374990-GB-M-029 is -4.57227 over 310 frames.
M1030025839-832154795_3009185-1155202430_1539374990-GB-M-031 NOT REALLY INTO HESITATION PULLS ME IN ENOUGH TO KEEP ME GUESSING WHO AND MAYBE I SHOULD STOP AND START CONFESSING CONFESSING THE OH I'VE BEEN SHAKING I LOVE YOU WHEN YOU GO CRAZY YOU TAKE ALL MY INHIBITIONS BABY THERE'S NOTHING HOLDING ME BACK YOU TAKE ME PLACES THAT TEAR UP MY REPUTATION MANIPULATE MY DECISIONS BABY THERE'S NOTHING HOLDING ME BACK BACK BACK THERE'S NOTHING HOLDING 'CAUSE LOST OUR MINDS AND WE TOOK IT WAY TOO FAR I KNOW WE'D BE YOUR I KNOW WE'D BE ALRIGHT MORE OUR MINDS AND WE STUMBLED IN THE DARK I KNOW WE'D BE YOUR I KNOW WE'D BE ALRIGHT 'CAUSE IF WE LOST OUR MINDS AND WE TOOK IT WAY TOO FAR I KNOW WE'D BE ALRIGHT I KNOW WE'D BE ALRIGHT IF YOU ARE BY MY SIDE AND WE STUMBLED IN THE 
LOG (gmm-latgen-faster[5.5.480~1-09abd]:DecodeUtteranceLatticeFaster():decoder-wrappers.cc:289) Log-like per frame for utterance M1030025839-832154795_3009185-1155202430_1539374990-GB-M-031 is -4.60503 over 7790 frames.
M107976794-3771841_3771841-107981194_1683279841-GB-M-001 A 'CAUSE THE <UNK> 
LOG (gmm-latgen-faster[5.5.480~1-09abd]:DecodeUtteranceLatticeFaster():decoder-wrappers.cc:289) Log-like per frame for utterance M107976794-3771841_3771841-107981194_1683279841-GB-M-001 is -4.25347 over 410 frames.
M107976794-3771841_3771841-107981194_1683279841-GB-M-003 AND THE SAY WHEN <UNK> DREAMS ALL FAIL YOU ARE THE ONES ON OH 
LOG (gmm-latgen-faster[5.5.480~1-09abd]:DecodeUtteranceLatticeFaster():decoder-wrappers.cc:289) Log-like per frame for utterance M107976794-3771841_3771841-107981194_1683279841-GB-M-003 is -4.21652 over 1346 frames.
M107976794-3771841_3771841-107981194_1683279841-GB-M-007 I WANNA THE AND THE THE WE BREED WE STILL ARE OF 
LOG (gmm-latgen-faster[5.5.480~1-09abd]:DecodeUtteranceLatticeFaster():decoder-wrappers.cc:289) Log-like per frame for utterance M107976794-3771841_3771841-107981194_1683279841-GB-M-007 is -4.31066 over 948 frames.
M107976794-3771841_3771841-107981194_1683279841-GB-M-009 TO ME LOVE IT WILL THIS IS MY KINGDOM 
LOG (gmm-latgen-faster[5.5.480~1-09abd]:DecodeUtteranceLatticeFaster():decoder-wrappers.cc:289) Log-like per frame for utterance M107976794-3771841_3771841-107981194_1683279841-GB-M-009 is -4.34288 over 740 frames.
M107976794-3771841_3771841-107981194_1683279841-GB-M-012 TO MY EYES 
LOG (gmm-latgen-faster[5.5.480~1-09abd]:DecodeUtteranceLatticeFaster():decoder-wrappers.cc:289) Log-like per frame for utterance M107976794-3771841_3771841-107981194_1683279841-GB-M-012 is -1.70999 over 420 frames.
M107976794-3771841_3771841-107981194_1683279841-GB-M-014 YOU TO LAST IT'S WHERE MY THE MESS HER I'M ARE I'LL THE LIGHTS FADE I TIME AND THE YOUR GRAVE AND THE MESS WHO GRAVE COME CALLING OUT IT OUT AND THE LIGHTS YOU MADE 
LOG (gmm-latgen-faster[5.5.480~1-09abd]:DecodeUtteranceLatticeFaster():decoder-wrappers.cc:289) Log-like per frame for utterance M107976794-3771841_3771841-107981194_1683279841-GB-M-014 is -4.46109 over 2735 frames.
M107976794-3771841_3771841-107981194_1683279841-GB-M-022 DON'T WANNA LET YOU DOWN THOUGH THIS IS 
LOG (gmm-latgen-faster[5.5.480~1-09abd]:DecodeUtteranceLatticeFaster():decoder-wrappers.cc:289) Log-like per frame for utterance M107976794-3771841_3771841-107981194_1683279841-GB-M-022 is -3.98315 over 332 frames.
M107976794-3771841_3771841-107981194_1683279841-GB-M-024 THE FOR YOU DON'T WANNA HIDE THE TRUTH NO MATTER KNOW WE BREED WE STILL ARE I'M A LOVE WITH THIS IS MY KINGDOM COME THIS IS MY KINGDOM COME WHEN YOU FEEL MY HEAT LOOK INTO MY EYES 
LOG (gmm-latgen-faster[5.5.480~1-09abd]:DecodeUtteranceLatticeFaster():decoder-wrappers.cc:289) Log-like per frame for utterance M107976794-3771841_3771841-107981194_1683279841-GB-M-024 is -4.44329 over 1832 frames.
M107976794-3771841_3771841-107981194_1683279841-GB-M-030 IT'S WHERE MY DEMONS HIDE IT'S WHERE MY BE MORE WAS I DON'T GET TOO CLOSE IT'S DARK INSIDE IT'S WHERE MY BE ONE INSIDE IT'S WHERE MY DEMONS LOVE SAY IT'S UP TO FATE 
LOG (gmm-latgen-faster[5.5.480~1-09abd]:DecodeUtteranceLatticeFaster():decoder-wrappers.cc:289) Log-like per frame for utterance M107976794-3771841_3771841-107981194_1683279841-GB-M-030 is -4.84988 over 1922 frames.
M107976794-3771841_3771841-107981194_1683279841-GB-M-035 IT'S WOVEN IN MY SOUL I NEED TO LET YOU GO 
LOG (gmm-latgen-faster[5.5.480~1-09abd]:DecodeUtteranceLatticeFaster():decoder-wrappers.cc:289) Log-like per frame for utterance M107976794-3771841_3771841-107981194_1683279841-GB-M-035 is -4.5239 over 451 frames.
M107976794-3771841_3771841-107981194_1683279841-GB-M-037 YOUR EYES IT'S OUT BRIGHT I WANNA SAVE THAT LIGHT I CAN'T ESCAPE THIS NOW I'LL LET YOU SHOW ME HER I'M HOW MY EYES IT'S WHERE MY DEMONS <UNK> LIGHT I HIDE IT'S WHERE MY DEMONS HIDE IT'S WHERE MY THE MORE RIDE AND 
LOG (gmm-latgen-faster[5.5.480~1-09abd]:DecodeUtteranceLatticeFaster():decoder-wrappers.cc:289) Log-like per frame for utterance M107976794-3771841_3771841-107981194_1683279841-GB-M-037 is -4.27253 over 3093 frames.
M111291956-341375048_66101-229731014_1542045842-GB-M-001 WHAT WOULD I DO ON YOUR SMART MOUTH DRAWING ME IN AND YOU KICKING ME OUT 
LOG (gmm-latgen-faster[5.5.480~1-09abd]:DecodeUtteranceLatticeFaster():decoder-wrappers.cc:289) Log-like per frame for utterance M111291956-341375048_66101-229731014_1542045842-GB-M-001 is -4.4424 over 713 frames.
M111291956-341375048_66101-229731014_1542045842-GB-M-004 YOU'VE GOT MY HEAD SPINNING NO KIDDING I CAN'T PIN YOU DOWN WHAT'S GOING I'M ON THAT BEAUTIFUL MIND 
LOG (gmm-latgen-faster[5.5.480~1-09abd]:DecodeUtteranceLatticeFaster():decoder-wrappers.cc:289) Log-like per frame for utterance M111291956-341375048_66101-229731014_1542045842-GB-M-004 is -4.56846 over 1078 frames.
M111291956-341375048_66101-229731014_1542045842-GB-M-007 I'M ON YOUR MAGICAL MYSTERY RIDE AND I'M SO DIZZY DON'T KNOW WHAT HIT ME BUT I'LL BE ALRIGHT 
LOG (gmm-latgen-faster[5.5.480~1-09abd]:DecodeUtteranceLatticeFaster():decoder-wrappers.cc:289) Log-like per frame for utterance M111291956-341375048_66101-229731014_1542045842-GB-M-007 is -4.33086 over 1166 frames.
M111291956-341375048_66101-229731014_1542045842-GB-M-011 MY HEAD'S UNDER WATER 
LOG (gmm-latgen-faster[5.5.480~1-09abd]:DecodeUtteranceLatticeFaster():decoder-wrappers.cc:289) Log-like per frame for utterance M111291956-341375048_66101-229731014_1542045842-GB-M-011 is -3.24557 over 321 frames.
M111291956-341375048_66101-229731014_1542045842-GB-M-012 BUT I'M BREATHING FINE 
LOG (gmm-latgen-faster[5.5.480~1-09abd]:DecodeUtteranceLatticeFaster():decoder-wrappers.cc:289) Log-like per frame for utterance M111291956-341375048_66101-229731014_1542045842-GB-M-012 is -4.11841 over 329 frames.
M111291956-341375048_66101-229731014_1542045842-GB-M-014 YOU'RE CRAZY AND I'M OUT OF MY MIND 
LOG (gmm-latgen-faster[5.5.480~1-09abd]:DecodeUtteranceLatticeFaster():decoder-wrappers.cc:289) Log-like per frame for utterance M111291956-341375048_66101-229731014_1542045842-GB-M-014 is -3.62889 over 473 frames.
M111291956-341375048_66101-229731014_1542045842-GB-M-015 'CAUSE ALL OF GONNA ME 
LOG (gmm-latgen-faster[5.5.480~1-09abd]:DecodeUtteranceLatticeFaster():decoder-wrappers.cc:289) Log-like per frame for utterance M111291956-341375048_66101-229731014_1542045842-GB-M-015 is -3.267 over 261 frames.
M111291956-341375048_66101-229731014_1542045842-GB-M-016 LOVES ALL OF YOU LOVE YOUR CURVES AND ALL YOUR EDGES 
LOG (gmm-latgen-faster[5.5.480~1-09abd]:DecodeUtteranceLatticeFaster():decoder-wrappers.cc:289) Log-like per frame for utterance M111291956-341375048_66101-229731014_1542045842-GB-M-016 is -3.82783 over 676 frames.
M111291956-341375048_66101-229731014_1542045842-GB-M-018 ALL YOUR PERFECT IMPERFECTIONS 
LOG (gmm-latgen-faster[5.5.480~1-09abd]:DecodeUtteranceLatticeFaster():decoder-wrappers.cc:289) Log-like per frame for utterance M111291956-341375048_66101-229731014_1542045842-GB-M-018 is -4.27992 over 279 frames.
M111291956-341375048_66101-229731014_1542045842-GB-M-019 EDGES GIVE YOUR ALL TO ME THAT I'LL GIVE MY ALL TO YOU YOU'RE MY END AND MY BEGINNING 
LOG (gmm-latgen-faster[5.5.480~1-09abd]:DecodeUtteranceLatticeFaster():decoder-wrappers.cc:289) Log-like per frame for utterance M111291956-341375048_66101-229731014_1542045842-GB-M-019 is -4.11753 over 1170 frames.
M111291956-341375048_66101-229731014_1542045842-GB-M-022 EVEN WHEN IS I'M WINNING 
LOG (gmm-latgen-faster[5.5.480~1-09abd]:DecodeUtteranceLatticeFaster():decoder-wrappers.cc:289) Log-like per frame for utterance M111291956-341375048_66101-229731014_1542045842-GB-M-022 is -3.52789 over 291 frames.
M111291956-341375048_66101-229731014_1542045842-GB-M-023 'CAUSE I GIVE YOU ALL TO ME 
LOG (gmm-latgen-faster[5.5.480~1-09abd]:DecodeUtteranceLatticeFaster():decoder-wrappers.cc:289) Log-like per frame for utterance M111291956-341375048_66101-229731014_1542045842-GB-M-023 is -3.35027 over 541 frames.
M111291956-341375048_66101-229731014_1542045842-GB-M-024 AND YOU GIVE ME ALL OF YOU 
LOG (gmm-latgen-faster[5.5.480~1-09abd]:DecodeUtteranceLatticeFaster():decoder-wrappers.cc:289) Log-like per frame for utterance M111291956-341375048_66101-229731014_1542045842-GB-M-024 is -3.52211 over 536 frames.
M111291956-341375048_66101-229731014_1542045842-GB-M-026 OHOH 
LOG (gmm-latgen-faster[5.5.480~1-09abd]:DecodeUtteranceLatticeFaster():decoder-wrappers.cc:289) Log-like per frame for utterance M111291956-341375048_66101-229731014_1542045842-GB-M-026 is -4.12717 over 112 frames.
M111291956-341375048_66101-229731014_1542045842-GB-M-027 HOW MANY TIMES DO I HAVE TO TELL YOU EVEN WHEN YOU'RE CRYING YOU'RE BEAUTIFUL TOO 
LOG (gmm-latgen-faster[5.5.480~1-09abd]:DecodeUtteranceLatticeFaster():decoder-wrappers.cc:289) Log-like per frame for utterance M111291956-341375048_66101-229731014_1542045842-GB-M-027 is -4.78916 over 703 frames.
M111291956-341375048_66101-229731014_1542045842-GB-M-030 THE WORLD IS BEATING YOU DOWN I'M AROUND THROUGH EVERY MOOD 
LOG (gmm-latgen-faster[5.5.480~1-09abd]:DecodeUtteranceLatticeFaster():decoder-wrappers.cc:289) Log-like per frame for utterance M111291956-341375048_66101-229731014_1542045842-GB-M-030 is -4.07061 over 697 frames.
M111291956-341375048_66101-229731014_1542045842-GB-M-032 YOU'RE MY DOWNFALL YOU'RE MY MUSE MY WORST DISTRACTION MY RHYTHM AND BLUES 
LOG (gmm-latgen-faster[5.5.480~1-09abd]:DecodeUtteranceLatticeFaster():decoder-wrappers.cc:289) Log-like per frame for utterance M111291956-341375048_66101-229731014_1542045842-GB-M-032 is -4.66086 over 725 frames.
M111291956-341375048_66101-229731014_1542045842-GB-M-035 CAN'T STOP SINGING IT'S RINGING IN MY HEAD FOR FOR YOU 
LOG (gmm-latgen-faster[5.5.480~1-09abd]:DecodeUtteranceLatticeFaster():decoder-wrappers.cc:289) Log-like per frame for utterance M111291956-341375048_66101-229731014_1542045842-GB-M-035 is -4.09734 over 746 frames.
M111291956-341375048_66101-229731014_1542045842-GB-M-038 MY HEAD'S UNDER WATER 
LOG (gmm-latgen-faster[5.5.480~1-09abd]:DecodeUtteranceLatticeFaster():decoder-wrappers.cc:289) Log-like per frame for utterance M111291956-341375048_66101-229731014_1542045842-GB-M-038 is -3.63691 over 300 frames.
M111291956-341375048_66101-229731014_1542045842-GB-M-039 BUT I'M BREATHING FINE 
LOG (gmm-latgen-faster[5.5.480~1-09abd]:DecodeUtteranceLatticeFaster():decoder-wrappers.cc:289) Log-like per frame for utterance M111291956-341375048_66101-229731014_1542045842-GB-M-039 is -3.72605 over 299 frames.
M111291956-341375048_66101-229731014_1542045842-GB-M-041 YOU'RE CRAZY AND I'M OUT OF MY MIND 
LOG (gmm-latgen-faster[5.5.480~1-09abd]:DecodeUtteranceLatticeFaster():decoder-wrappers.cc:289) Log-like per frame for utterance M111291956-341375048_66101-229731014_1542045842-GB-M-041 is -3.27675 over 441 frames.
M111291956-341375048_66101-229731014_1542045842-GB-M-042 'CAUSE ALL OF ME 
LOG (gmm-latgen-faster[5.5.480~1-09abd]:DecodeUtteranceLatticeFaster():decoder-wrappers.cc:289) Log-like per frame for utterance M111291956-341375048_66101-229731014_1542045842-GB-M-042 is -4.19536 over 240 frames.
M111291956-341375048_66101-229731014_1542045842-GB-M-043 LOVES ALL TO YOU 
LOG (gmm-latgen-faster[5.5.480~1-09abd]:DecodeUtteranceLatticeFaster():decoder-wrappers.cc:289) Log-like per frame for utterance M111291956-341375048_66101-229731014_1542045842-GB-M-043 is -3.73698 over 323 frames.
M111291956-341375048_66101-229731014_1542045842-GB-M-044 LOVE YOUR CURVES AND ALL YOUR EDGES ALL YOUR PERFECT IMPERFECTIONS GIVE YOUR ALL TO ME I'LL GIVE MY ALL TO YOU 
LOG (gmm-latgen-faster[5.5.480~1-09abd]:DecodeUtteranceLatticeFaster():decoder-wrappers.cc:289) Log-like per frame for utterance M111291956-341375048_66101-229731014_1542045842-GB-M-044 is -4.20123 over 1454 frames.
M111291956-341375048_66101-229731014_1542045842-GB-M-048 YOU'RE MY END AND MY BEGINNING 
LOG (gmm-latgen-faster[5.5.480~1-09abd]:DecodeUtteranceLatticeFaster():decoder-wrappers.cc:289) Log-like per frame for utterance M111291956-341375048_66101-229731014_1542045842-GB-M-048 is -3.58979 over 307 frames.
M111291956-341375048_66101-229731014_1542045842-GB-M-049 EVEN WHEN I LOSE I'M WINNING 
LOG (gmm-latgen-faster[5.5.480~1-09abd]:DecodeUtteranceLatticeFaster():decoder-wrappers.cc:289) Log-like per frame for utterance M111291956-341375048_66101-229731014_1542045842-GB-M-049 is -3.43297 over 307 frames.
M111291956-341375048_66101-229731014_1542045842-GB-M-050 'CAUSE I GIVE YOU ALL OF ME AND AND YOU GIVE ME ALL OF YOU 
LOG (gmm-latgen-faster[5.5.480~1-09abd]:DecodeUtteranceLatticeFaster():decoder-wrappers.cc:289) Log-like per frame for utterance M111291956-341375048_66101-229731014_1542045842-GB-M-050 is -3.8199 over 1317 frames.
M111291956-341375048_66101-229731014_1542045842-GB-M-054 GIVE ME ALL OF YOU 
LOG (gmm-latgen-faster[5.5.480~1-09abd]:DecodeUtteranceLatticeFaster():decoder-wrappers.cc:289) Log-like per frame for utterance M111291956-341375048_66101-229731014_1542045842-GB-M-054 is -4.07058 over 241 frames.
M111291956-341375048_66101-229731014_1542045842-GB-M-055 CARDS ON THE TABLE WE'RE BOTH SHOWING HEARTS 
LOG (gmm-latgen-faster[5.5.480~1-09abd]:DecodeUtteranceLatticeFaster():decoder-wrappers.cc:289) Log-like per frame for utterance M111291956-341375048_66101-229731014_1542045842-GB-M-055 is -3.89482 over 611 frames.
M111291956-341375048_66101-229731014_1542045842-GB-M-058 RISKING IT ALL THOUGH IT'S HARD 
LOG (gmm-latgen-faster[5.5.480~1-09abd]:DecodeUtteranceLatticeFaster():decoder-wrappers.cc:289) Log-like per frame for utterance M111291956-341375048_66101-229731014_1542045842-GB-M-058 is -3.92959 over 478 frames.
M111291956-341375048_66101-229731014_1542045842-GB-M-059 'CAUSE ALL OF ME 
LOG (gmm-latgen-faster[5.5.480~1-09abd]:DecodeUtteranceLatticeFaster():decoder-wrappers.cc:289) Log-like per frame for utterance M111291956-341375048_66101-229731014_1542045842-GB-M-059 is -3.86951 over 243 frames.
M111291956-341375048_66101-229731014_1542045842-GB-M-060 LOVES ALL OF YOU 
LOG (gmm-latgen-faster[5.5.480~1-09abd]:DecodeUtteranceLatticeFaster():decoder-wrappers.cc:289) Log-like per frame for utterance M111291956-341375048_66101-229731014_1542045842-GB-M-060 is -3.88347 over 333 frames.
M111291956-341375048_66101-229731014_1542045842-GB-M-061 LOVE YOUR CURVES AND ALL YOUR EDGES 
LOG (gmm-latgen-faster[5.5.480~1-09abd]:DecodeUtteranceLatticeFaster():decoder-wrappers.cc:289) Log-like per frame for utterance M111291956-341375048_66101-229731014_1542045842-GB-M-061 is -4.07623 over 299 frames.
M111291956-341375048_66101-229731014_1542045842-GB-M-062 ALL YOUR PERFECT CAN'T PALE FACE 
LOG (gmm-latgen-faster[5.5.480~1-09abd]:DecodeUtteranceLatticeFaster():decoder-wrappers.cc:289) Log-like per frame for utterance M111291956-341375048_66101-229731014_1542045842-GB-M-062 is -4.80203 over 287 frames.
M111291956-341375048_66101-229731014_1542045842-GB-M-063 GIVE YOUR ALL TO ME I'LL GIVE MY ALL TO YOU YOU'RE MY END AND MY BEGINNING 
LOG (gmm-latgen-faster[5.5.480~1-09abd]:DecodeUtteranceLatticeFaster():decoder-wrappers.cc:289) Log-like per frame for utterance M111291956-341375048_66101-229731014_1542045842-GB-M-063 is -4.09073 over 1083 frames.
M111291956-341375048_66101-229731014_1542045842-GB-M-066 EVEN WHEN I LOSE I'M WINNING 
LOG (gmm-latgen-faster[5.5.480~1-09abd]:DecodeUtteranceLatticeFaster():decoder-wrappers.cc:289) Log-like per frame for utterance M111291956-341375048_66101-229731014_1542045842-GB-M-066 is -3.38321 over 298 frames.
M111291956-341375048_66101-229731014_1542045842-GB-M-067 'CAUSE I GIVE ME ALL OF ME 
LOG (gmm-latgen-faster[5.5.480~1-09abd]:DecodeUtteranceLatticeFaster():decoder-wrappers.cc:289) Log-like per frame for utterance M111291956-341375048_66101-229731014_1542045842-GB-M-067 is -3.50599 over 519 frames.
M111291956-341375048_66101-229731014_1542045842-GB-M-069 AND YOU GIVE ME ALL OF YOU 
LOG (gmm-latgen-faster[5.5.480~1-09abd]:DecodeUtteranceLatticeFaster():decoder-wrappers.cc:289) Log-like per frame for utterance M111291956-341375048_66101-229731014_1542045842-GB-M-069 is -3.29854 over 537 frames.
M111291956-341375048_66101-229731014_1542045842-GB-M-070 I GIVE ME ALL OF ME 
LOG (gmm-latgen-faster[5.5.480~1-09abd]:DecodeUtteranceLatticeFaster():decoder-wrappers.cc:289) Log-like per frame for utterance M111291956-341375048_66101-229731014_1542045842-GB-M-070 is -3.26425 over 543 frames.
M111291956-341375048_66101-229731014_1542045842-GB-M-071 AND YOU GIVE ME ALL 
LOG (gmm-latgen-faster[5.5.480~1-09abd]:DecodeUtteranceLatticeFaster():decoder-wrappers.cc:289) Log-like per frame for utterance M111291956-341375048_66101-229731014_1542045842-GB-M-071 is -3.20305 over 456 frames.
M112745086-465807676_214722-112744109_1623187658-GB-M-004 WHITE LIPS PALE FACE 
LOG (gmm-latgen-faster[5.5.480~1-09abd]:DecodeUtteranceLatticeFaster():decoder-wrappers.cc:289) Log-like per frame for utterance M112745086-465807676_214722-112744109_1623187658-GB-M-004 is -4.52762 over 222 frames.
M112745086-465807676_214722-112744109_1623187658-GB-M-005 BREATHING IN SNOWFLAKES 
LOG (gmm-latgen-faster[5.5.480~1-09abd]:DecodeUtteranceLatticeFaster():decoder-wrappers.cc:289) Log-like per frame for utterance M112745086-465807676_214722-112744109_1623187658-GB-M-005 is -4.29292 over 216 frames.
M112745086-465807676_214722-112744109_1623187658-GB-M-006 BURNT LUNGS SOUR TASTE 
LOG (gmm-latgen-faster[5.5.480~1-09abd]:DecodeUtteranceLatticeFaster():decoder-wrappers.cc:289) Log-like per frame for utterance M112745086-465807676_214722-112744109_1623187658-GB-M-006 is -4.49427 over 230 frames.
M112745086-465807676_214722-112744109_1623187658-GB-M-007 LIGHT'S GONE DAY'S END 
LOG (gmm-latgen-faster[5.5.480~1-09abd]:DecodeUtteranceLatticeFaster():decoder-wrappers.cc:289) Log-like per frame for utterance M112745086-465807676_214722-112744109_1623187658-GB-M-007 is -4.64594 over 236 frames.
M112745086-465807676_214722-112744109_1623187658-GB-M-008 STRUGGLING TO PAY RENT 
LOG (gmm-latgen-faster[5.5.480~1-09abd]:DecodeUtteranceLatticeFaster():decoder-wrappers.cc:289) Log-like per frame for utterance M112745086-465807676_214722-112744109_1623187658-GB-M-008 is -4.27433 over 201 frames.
M112745086-465807676_214722-112744109_1623187658-GB-M-010 LONG NIGHTS STRANGE MEN 
LOG (gmm-latgen-faster[5.5.480~1-09abd]:DecodeUtteranceLatticeFaster():decoder-wrappers.cc:289) Log-like per frame for utterance M112745086-465807676_214722-112744109_1623187658-GB-M-010 is -4.80001 over 236 frames.
M112745086-465807676_214722-112744109_1623187658-GB-M-011 AND THEY SAY 
LOG (gmm-latgen-faster[5.5.480~1-09abd]:DecodeUtteranceLatticeFaster():decoder-wrappers.cc:289) Log-like per frame for utterance M112745086-465807676_214722-112744109_1623187658-GB-M-011 is -3.90832 over 111 frames.
M112745086-465807676_214722-112744109_1623187658-GB-M-012 SHE'S IN THE CLASS A TEAM 
LOG (gmm-latgen-faster[5.5.480~1-09abd]:DecodeUtteranceLatticeFaster():decoder-wrappers.cc:289) Log-like per frame for utterance M112745086-465807676_214722-112744109_1623187658-GB-M-012 is -3.9182 over 264 frames.
M112745086-465807676_214722-112744109_1623187658-GB-M-013 IN HER DAYDREAM 
LOG (gmm-latgen-faster[5.5.480~1-09abd]:DecodeUtteranceLatticeFaster():decoder-wrappers.cc:289) Log-like per frame for utterance M112745086-465807676_214722-112744109_1623187658-GB-M-013 is -4.27267 over 186 frames.
M112745086-465807676_214722-112744109_1623187658-GB-M-014 BEEN THIS WAY SINCE EIGHTEEN BUT LATELY HER FACE SEEMS 
LOG (gmm-latgen-faster[5.5.480~1-09abd]:DecodeUtteranceLatticeFaster():decoder-wrappers.cc:289) Log-like per frame for utterance M112745086-465807676_214722-112744109_1623187658-GB-M-014 is -4.21379 over 507 frames.
M112745086-465807676_214722-112744109_1623187658-GB-M-016 SLOWLY SINKING WASTING 
LOG (gmm-latgen-faster[5.5.480~1-09abd]:DecodeUtteranceLatticeFaster():decoder-wrappers.cc:289) Log-like per frame for utterance M112745086-465807676_214722-112744109_1623187658-GB-M-016 is -4.14402 over 206 frames.
M112745086-465807676_214722-112744109_1623187658-GB-M-017 CRUMBLING LIKE PASTRIES 
LOG (gmm-latgen-faster[5.5.480~1-09abd]:DecodeUtteranceLatticeFaster():decoder-wrappers.cc:289) Log-like per frame for utterance M112745086-465807676_214722-112744109_1623187658-GB-M-017 is -4.13029 over 215 frames.
M112745086-465807676_214722-112744109_1623187658-GB-M-019 THE WORST THINGS IN LIFE COME FREE TO US 
LOG (gmm-latgen-faster[5.5.480~1-09abd]:DecodeUtteranceLatticeFaster():decoder-wrappers.cc:289) Log-like per frame for utterance M112745086-465807676_214722-112744109_1623187658-GB-M-019 is -4.60702 over 254 frames.
M112745086-465807676_214722-112744109_1623187658-GB-M-020 'CAUSE WE'RE JUST UNDER THE UPPER HAND 
LOG (gmm-latgen-faster[5.5.480~1-09abd]:DecodeUtteranceLatticeFaster():decoder-wrappers.cc:289) Log-like per frame for utterance M112745086-465807676_214722-112744109_1623187658-GB-M-020 is -4.71545 over 275 frames.
M112745086-465807676_214722-112744109_1623187658-GB-M-021 GO MAD FOR A COUPLE GRAMS 
LOG (gmm-latgen-faster[5.5.480~1-09abd]:DecodeUtteranceLatticeFaster():decoder-wrappers.cc:289) Log-like per frame for utterance M112745086-465807676_214722-112744109_1623187658-GB-M-021 is -4.57675 over 186 frames.
M112745086-465807676_214722-112744109_1623187658-GB-M-022 SHE DON'T WANT TO GO OUTSIDE TONIGHT 
LOG (gmm-latgen-faster[5.5.480~1-09abd]:DecodeUtteranceLatticeFaster():decoder-wrappers.cc:289) Log-like per frame for utterance M112745086-465807676_214722-112744109_1623187658-GB-M-022 is -4.42365 over 427 frames.
M112745086-465807676_214722-112744109_1623187658-GB-M-023 AND IN A PIPE SHE FLIES TO THE MOTHERLAND 
LOG (gmm-latgen-faster[5.5.480~1-09abd]:DecodeUtteranceLatticeFaster():decoder-wrappers.cc:289) Log-like per frame for utterance M112745086-465807676_214722-112744109_1623187658-GB-M-023 is -4.48499 over 263 frames.
M112745086-465807676_214722-112744109_1623187658-GB-M-025 OR SELLS LOVE TO ANOTHER MAN 
LOG (gmm-latgen-faster[5.5.480~1-09abd]:DecodeUtteranceLatticeFaster():decoder-wrappers.cc:289) Log-like per frame for utterance M112745086-465807676_214722-112744109_1623187658-GB-M-025 is -4.60268 over 191 frames.
M112745086-465807676_214722-112744109_1623187658-GB-M-026 IT'S TOO COLD OUTSIDE HEART 
LOG (gmm-latgen-faster[5.5.480~1-09abd]:DecodeUtteranceLatticeFaster():decoder-wrappers.cc:289) Log-like per frame for utterance M112745086-465807676_214722-112744109_1623187658-GB-M-026 is -4.32824 over 294 frames.
M112745086-465807676_214722-112744109_1623187658-GB-M-027 FOR ANGELS TO FLY 
LOG (gmm-latgen-faster[5.5.480~1-09abd]:DecodeUtteranceLatticeFaster():decoder-wrappers.cc:289) Log-like per frame for utterance M112745086-465807676_214722-112744109_1623187658-GB-M-027 is -3.87035 over 178 frames.
M112745086-465807676_214722-112744109_1623187658-GB-M-029 ANGELS TO FLY HEART HEART 
LOG (gmm-latgen-faster[5.5.480~1-09abd]:DecodeUtteranceLatticeFaster():decoder-wrappers.cc:289) Log-like per frame for utterance M112745086-465807676_214722-112744109_1623187658-GB-M-029 is -3.7757 over 340 frames.
M112745086-465807676_214722-112744109_1623187658-GB-M-030 RIPPED GLOVES RAINCOAT 
LOG (gmm-latgen-faster[5.5.480~1-09abd]:DecodeUtteranceLatticeFaster():decoder-wrappers.cc:289) Log-like per frame for utterance M112745086-465807676_214722-112744109_1623187658-GB-M-030 is -4.97937 over 230 frames.
M112745086-465807676_214722-112744109_1623187658-GB-M-031 TRIED TO SWIM BUT STAY AFLOAT 
LOG (gmm-latgen-faster[5.5.480~1-09abd]:DecodeUtteranceLatticeFaster():decoder-wrappers.cc:289) Log-like per frame for utterance M112745086-465807676_214722-112744109_1623187658-GB-M-031 is -4.89366 over 216 frames.
M112745086-465807676_214722-112744109_1623187658-GB-M-032 DRY HOUSE WET CLOTHES 
LOG (gmm-latgen-faster[5.5.480~1-09abd]:DecodeUtteranceLatticeFaster():decoder-wrappers.cc:289) Log-like per frame for utterance M112745086-465807676_214722-112744109_1623187658-GB-M-032 is -4.65426 over 242 frames.
M112745086-465807676_214722-112744109_1623187658-GB-M-033 LOOSE CHANGE BANK NOTES 
LOG (gmm-latgen-faster[5.5.480~1-09abd]:DecodeUtteranceLatticeFaster():decoder-wrappers.cc:289) Log-like per frame for utterance M112745086-465807676_214722-112744109_1623187658-GB-M-033 is -4.79167 over 221 frames.
M112745086-465807676_214722-112744109_1623187658-GB-M-034 WEARY EYED IS DRY THROAT CALL GIRL NO PHONE 
LOG (gmm-latgen-faster[5.5.480~1-09abd]:DecodeUtteranceLatticeFaster():decoder-wrappers.cc:289) Log-like per frame for utterance M112745086-465807676_214722-112744109_1623187658-GB-M-034 is -4.77228 over 528 frames.
M112745086-465807676_214722-112744109_1623187658-GB-M-037 AND THEY SAY 
LOG (gmm-latgen-faster[5.5.480~1-09abd]:DecodeUtteranceLatticeFaster():decoder-wrappers.cc:289) Log-like per frame for utterance M112745086-465807676_214722-112744109_1623187658-GB-M-037 is -4.08041 over 124 frames.
M112745086-465807676_214722-112744109_1623187658-GB-M-038 SHE'S IN THE CLASS A TEAM 
LOG (gmm-latgen-faster[5.5.480~1-09abd]:DecodeUtteranceLatticeFaster():decoder-wrappers.cc:289) Log-like per frame for utterance M112745086-465807676_214722-112744109_1623187658-GB-M-038 is -3.88484 over 262 frames.
M112745086-465807676_214722-112744109_1623187658-GB-M-039 STUCK IN HER DAYDREAM 
LOG (gmm-latgen-faster[5.5.480~1-09abd]:DecodeUtteranceLatticeFaster():decoder-wrappers.cc:289) Log-like per frame for utterance M112745086-465807676_214722-112744109_1623187658-GB-M-039 is -4.2207 over 211 frames.
M112745086-465807676_214722-112744109_1623187658-GB-M-040 BEEN THIS WAY SINCE EIGHTEEN BUT LATELY HER FACE SEEMS 
LOG (gmm-latgen-faster[5.5.480~1-09abd]:DecodeUtteranceLatticeFaster():decoder-wrappers.cc:289) Log-like per frame for utterance M112745086-465807676_214722-112744109_1623187658-GB-M-040 is -4.20673 over 519 frames.
M112745086-465807676_214722-112744109_1623187658-GB-M-042 SLOWLY SINKING WASTING 
LOG (gmm-latgen-faster[5.5.480~1-09abd]:DecodeUtteranceLatticeFaster():decoder-wrappers.cc:289) Log-like per frame for utterance M112745086-465807676_214722-112744109_1623187658-GB-M-042 is -4.27971 over 217 frames.
M112745086-465807676_214722-112744109_1623187658-GB-M-043 CRUMBLING LIKE PASTRIES 
LOG (gmm-latgen-faster[5.5.480~1-09abd]:DecodeUtteranceLatticeFaster():decoder-wrappers.cc:289) Log-like per frame for utterance M112745086-465807676_214722-112744109_1623187658-GB-M-043 is -3.94173 over 210 frames.
M112745086-465807676_214722-112744109_1623187658-GB-M-044 AND THEY SCREAM 
LOG (gmm-latgen-faster[5.5.480~1-09abd]:DecodeUtteranceLatticeFaster():decoder-wrappers.cc:289) Log-like per frame for utterance M112745086-465807676_214722-112744109_1623187658-GB-M-044 is -4.22914 over 101 frames.
M112745086-465807676_214722-112744109_1623187658-GB-M-045 THE WORST THINGS IN LIFE COME FREE TO US 'CAUSE WE'RE JUST UNDER THE UPPER HAND 
LOG (gmm-latgen-faster[5.5.480~1-09abd]:DecodeUtteranceLatticeFaster():decoder-wrappers.cc:289) Log-like per frame for utterance M112745086-465807676_214722-112744109_1623187658-GB-M-045 is -4.76055 over 555 frames.
M112745086-465807676_214722-112744109_1623187658-GB-M-047 GO MAD FOR A COUPLE GRAMS 
LOG (gmm-latgen-faster[5.5.480~1-09abd]:DecodeUtteranceLatticeFaster():decoder-wrappers.cc:289) Log-like per frame for utterance M112745086-465807676_214722-112744109_1623187658-GB-M-047 is -4.6978 over 189 frames.
M112745086-465807676_214722-112744109_1623187658-GB-M-048 OR SHE DON'T WANT TO GO OUTSIDE TONIGHT 
LOG (gmm-latgen-faster[5.5.480~1-09abd]:DecodeUtteranceLatticeFaster():decoder-wrappers.cc:289) Log-like per frame for utterance M112745086-465807676_214722-112744109_1623187658-GB-M-048 is -4.45761 over 428 frames.
M112745086-465807676_214722-112744109_1623187658-GB-M-049 AND IN A PIPE SHE FLIES TO THE MOTHERLAND 
LOG (gmm-latgen-faster[5.5.480~1-09abd]:DecodeUtteranceLatticeFaster():decoder-wrappers.cc:289) Log-like per frame for utterance M112745086-465807676_214722-112744109_1623187658-GB-M-049 is -4.42106 over 262 frames.
M112745086-465807676_214722-112744109_1623187658-GB-M-051 OR SELLS LOVE TO ANOTHER MAN 
LOG (gmm-latgen-faster[5.5.480~1-09abd]:DecodeUtteranceLatticeFaster():decoder-wrappers.cc:289) Log-like per frame for utterance M112745086-465807676_214722-112744109_1623187658-GB-M-051 is -4.51691 over 193 frames.
M112745086-465807676_214722-112744109_1623187658-GB-M-052 IT'S TOO COLD OUTSIDE 
LOG (gmm-latgen-faster[5.5.480~1-09abd]:DecodeUtteranceLatticeFaster():decoder-wrappers.cc:289) Log-like per frame for utterance M112745086-465807676_214722-112744109_1623187658-GB-M-052 is -4.50826 over 299 frames.
M112745086-465807676_214722-112744109_1623187658-GB-M-053 ANGELS TO FLY 
LOG (gmm-latgen-faster[5.5.480~1-09abd]:DecodeUtteranceLatticeFaster():decoder-wrappers.cc:289) Log-like per frame for utterance M112745086-465807676_214722-112744109_1623187658-GB-M-053 is -4.15411 over 197 frames.
M112745086-465807676_214722-112744109_1623187658-GB-M-054 AN ANGEL WILL DIE 
LOG (gmm-latgen-faster[5.5.480~1-09abd]:DecodeUtteranceLatticeFaster():decoder-wrappers.cc:289) Log-like per frame for utterance M112745086-465807676_214722-112744109_1623187658-GB-M-054 is -4.31991 over 177 frames.
M112745086-465807676_214722-112744109_1623187658-GB-M-055 COVERED IN WHITE 
LOG (gmm-latgen-faster[5.5.480~1-09abd]:DecodeUtteranceLatticeFaster():decoder-wrappers.cc:289) Log-like per frame for utterance M112745086-465807676_214722-112744109_1623187658-GB-M-055 is -4.15486 over 147 frames.
M112745086-465807676_214722-112744109_1623187658-GB-M-056 CLOSED EYES AND HOPIN' FOR A BETTER LIFE 
LOG (gmm-latgen-faster[5.5.480~1-09abd]:DecodeUtteranceLatticeFaster():decoder-wrappers.cc:289) Log-like per frame for utterance M112745086-465807676_214722-112744109_1623187658-GB-M-056 is -4.76535 over 293 frames.
M112745086-465807676_214722-112744109_1623187658-GB-M-058 THIS TIME WE'LL FADE OUT TONIGHT 
LOG (gmm-latgen-faster[5.5.480~1-09abd]:DecodeUtteranceLatticeFaster():decoder-wrappers.cc:289) Log-like per frame for utterance M112745086-465807676_214722-112744109_1623187658-GB-M-058 is -4.56236 over 318 frames.
M112745086-465807676_214722-112744109_1623187658-GB-M-060 STRAIGHT DOWN THE LINE 
LOG (gmm-latgen-faster[5.5.480~1-09abd]:DecodeUtteranceLatticeFaster():decoder-wrappers.cc:289) Log-like per frame for utterance M112745086-465807676_214722-112744109_1623187658-GB-M-060 is -3.96163 over 346 frames.
M112745086-465807676_214722-112744109_1623187658-GB-M-061 AND THEY SAY 
LOG (gmm-latgen-faster[5.5.480~1-09abd]:DecodeUtteranceLatticeFaster():decoder-wrappers.cc:289) Log-like per frame for utterance M112745086-465807676_214722-112744109_1623187658-GB-M-061 is -4.08917 over 106 frames.
M112745086-465807676_214722-112744109_1623187658-GB-M-062 SHE'S IN THE CLASS A TEAM 
LOG (gmm-latgen-faster[5.5.480~1-09abd]:DecodeUtteranceLatticeFaster():decoder-wrappers.cc:289) Log-like per frame for utterance M112745086-465807676_214722-112744109_1623187658-GB-M-062 is -3.83132 over 255 frames.
M112745086-465807676_214722-112744109_1623187658-GB-M-063 IN HER DAYDREAM 
LOG (gmm-latgen-faster[5.5.480~1-09abd]:DecodeUtteranceLatticeFaster():decoder-wrappers.cc:289) Log-like per frame for utterance M112745086-465807676_214722-112744109_1623187658-GB-M-063 is -4.10705 over 190 frames.
M112745086-465807676_214722-112744109_1623187658-GB-M-064 BEEN THIS WAY SINCE EIGHTEEN BUT LATELY HER FACE SEEMS 
LOG (gmm-latgen-faster[5.5.480~1-09abd]:DecodeUtteranceLatticeFaster():decoder-wrappers.cc:289) Log-like per frame for utterance M112745086-465807676_214722-112744109_1623187658-GB-M-064 is -4.20226 over 507 frames.
M112745086-465807676_214722-112744109_1623187658-GB-M-066 SLOWLY SINKING WASTING 
LOG (gmm-latgen-faster[5.5.480~1-09abd]:DecodeUtteranceLatticeFaster():decoder-wrappers.cc:289) Log-like per frame for utterance M112745086-465807676_214722-112744109_1623187658-GB-M-066 is -4.20022 over 207 frames.
M112745086-465807676_214722-112744109_1623187658-GB-M-067 CRUMBLING LIKE PASTRIES THEY SCREAM 
LOG (gmm-latgen-faster[5.5.480~1-09abd]:DecodeUtteranceLatticeFaster():decoder-wrappers.cc:289) Log-like per frame for utterance M112745086-465807676_214722-112744109_1623187658-GB-M-067 is -4.31089 over 353 frames.
M112745086-465807676_214722-112744109_1623187658-GB-M-069 THE WORST THINGS IN LIFE COME FREE TO US 
LOG (gmm-latgen-faster[5.5.480~1-09abd]:DecodeUtteranceLatticeFaster():decoder-wrappers.cc:289) Log-like per frame for utterance M112745086-465807676_214722-112744109_1623187658-GB-M-069 is -4.43462 over 263 frames.
M112745086-465807676_214722-112744109_1623187658-GB-M-070 'CAUSE WE'RE ALL UNDER THE UPPER HAND 
LOG (gmm-latgen-faster[5.5.480~1-09abd]:DecodeUtteranceLatticeFaster():decoder-wrappers.cc:289) Log-like per frame for utterance M112745086-465807676_214722-112744109_1623187658-GB-M-070 is -4.81567 over 283 frames.
M112745086-465807676_214722-112744109_1623187658-GB-M-071 GO MAD FOR A COUPLE GRAMS 
LOG (gmm-latgen-faster[5.5.480~1-09abd]:DecodeUtteranceLatticeFaster():decoder-wrappers.cc:289) Log-like per frame for utterance M112745086-465807676_214722-112744109_1623187658-GB-M-071 is -4.68241 over 184 frames.
M112745086-465807676_214722-112744109_1623187658-GB-M-072 AND WE DON'T WANT TO GO OUTSIDE TONIGHT 
LOG (gmm-latgen-faster[5.5.480~1-09abd]:DecodeUtteranceLatticeFaster():decoder-wrappers.cc:289) Log-like per frame for utterance M112745086-465807676_214722-112744109_1623187658-GB-M-072 is -4.23045 over 433 frames.
M112745086-465807676_214722-112744109_1623187658-GB-M-073 AND IN A PIPE SHE FLY TO THE MOTHERLAND 
LOG (gmm-latgen-faster[5.5.480~1-09abd]:DecodeUtteranceLatticeFaster():decoder-wrappers.cc:289) Log-like per frame for utterance M112745086-465807676_214722-112744109_1623187658-GB-M-073 is -4.56711 over 267 frames.
M112745086-465807676_214722-112744109_1623187658-GB-M-074 OR SELL LOVE TO ANOTHER MAN 
LOG (gmm-latgen-faster[5.5.480~1-09abd]:DecodeUtteranceLatticeFaster():decoder-wrappers.cc:289) Log-like per frame for utterance M112745086-465807676_214722-112744109_1623187658-GB-M-074 is -4.66104 over 200 frames.
M112745086-465807676_214722-112744109_1623187658-GB-M-075 IT'S TOO COLD OUTSIDE HEART 
LOG (gmm-latgen-faster[5.5.480~1-09abd]:DecodeUtteranceLatticeFaster():decoder-wrappers.cc:289) Log-like per frame for utterance M112745086-465807676_214722-112744109_1623187658-GB-M-075 is -4.27063 over 307 frames.
M112745086-465807676_214722-112744109_1623187658-GB-M-076 FOR ANGELS TO FLY 
LOG (gmm-latgen-faster[5.5.480~1-09abd]:DecodeUtteranceLatticeFaster():decoder-wrappers.cc:289) Log-like per frame for utterance M112745086-465807676_214722-112744109_1623187658-GB-M-076 is -3.85171 over 194 frames.
M112745086-465807676_214722-112744109_1623187658-GB-M-077 ANGELS TO FLY HEART HEART 
LOG (gmm-latgen-faster[5.5.480~1-09abd]:DecodeUtteranceLatticeFaster():decoder-wrappers.cc:289) Log-like per frame for utterance M112745086-465807676_214722-112744109_1623187658-GB-M-077 is -4.10553 over 345 frames.
M112745086-465807676_214722-112744109_1623187658-GB-M-078 FLY FLY TO FLY 
LOG (gmm-latgen-faster[5.5.480~1-09abd]:DecodeUtteranceLatticeFaster():decoder-wrappers.cc:289) Log-like per frame for utterance M112745086-465807676_214722-112744109_1623187658-GB-M-078 is -4.2448 over 328 frames.
M112745086-465807676_214722-112744109_1623187658-GB-M-079 FOR ANGELS TO FLY TO FLY TO FLY 
LOG (gmm-latgen-faster[5.5.480~1-09abd]:DecodeUtteranceLatticeFaster():decoder-wrappers.cc:289) Log-like per frame for utterance M112745086-465807676_214722-112744109_1623187658-GB-M-079 is -4.09801 over 470 frames.
M112745086-465807676_214722-112744109_1623187658-GB-M-080 FOR ANGELS TO DIE 
LOG (gmm-latgen-faster[5.5.480~1-09abd]:DecodeUtteranceLatticeFaster():decoder-wrappers.cc:289) Log-like per frame for utterance M112745086-465807676_214722-112744109_1623187658-GB-M-080 is -4.16537 over 198 frames.
M1128839096-366321445_100764-425744274_1612605584-GB-M-011 DON'T TELL ME IT'S NOT WORTH TRYIN' FOR 
LOG (gmm-latgen-faster[5.5.480~1-09abd]:DecodeUtteranceLatticeFaster():decoder-wrappers.cc:289) Log-like per frame for utterance M1128839096-366321445_100764-425744274_1612605584-GB-M-011 is -3.88493 over 592 frames.
M1128839096-366321445_100764-425744274_1612605584-GB-M-012 YOU CAN'T TELL ME IT'S NOT WORTH DYIN' FOR YOU KNOW IT'S TRUE EVERYTHING I DO I DO IT FOR YOU ARE A AS 
LOG (gmm-latgen-faster[5.5.480~1-09abd]:DecodeUtteranceLatticeFaster():decoder-wrappers.cc:289) Log-like per frame for utterance M1128839096-366321445_100764-425744274_1612605584-GB-M-012 is -3.8673 over 2150 frames.
M1128839096-366321445_100764-425744274_1612605584-GB-M-017 LOOK INTO YOUR HEART YOU WILL FIND THERE'S NOTHIN' THERE TO HOW I AM AND 
LOG (gmm-latgen-faster[5.5.480~1-09abd]:DecodeUtteranceLatticeFaster():decoder-wrappers.cc:289) Log-like per frame for utterance M1128839096-366321445_100764-425744274_1612605584-GB-M-017 is -3.76253 over 1239 frames.
M1128839096-366321445_100764-425744274_1612605584-GB-M-024 I CAN'T HELP IT IS NOW I WANT MORE KNOW IT'S 
LOG (gmm-latgen-faster[5.5.480~1-09abd]:DecodeUtteranceLatticeFaster():decoder-wrappers.cc:289) Log-like per frame for utterance M1128839096-366321445_100764-425744274_1612605584-GB-M-024 is -3.98461 over 668 frames.
M1128839096-366321445_100764-425744274_1612605584-GB-M-029 OH A OH YEAH 
LOG (gmm-latgen-faster[5.5.480~1-09abd]:DecodeUtteranceLatticeFaster():decoder-wrappers.cc:289) Log-like per frame for utterance M1128839096-366321445_100764-425744274_1612605584-GB-M-029 is -3.07039 over 283 frames.
M1128839096-366321445_100764-425744274_1612605584-GB-M-030 THERE'S NO LOVE LIKE YOUR LOVE AND NO OTHER COULD GIVE MORE LOVE THERE'S NOWHERE UNLESS YOU'RE THERE ALL THE TIME ALL THE WAY YEAH LOOK INTO YOUR YOUR HEART BABY ON LOVE DO I'M 
LOG (gmm-latgen-faster[5.5.480~1-09abd]:DecodeUtteranceLatticeFaster():decoder-wrappers.cc:289) Log-like per frame for utterance M1128839096-366321445_100764-425744274_1612605584-GB-M-030 is -3.51525 over 6060 frames.
M1128839096-366321445_100764-425744274_1612605584-GB-M-037 YOU CAN'T TELL ME IT'S NOT WORTH DYIN' FOR 
LOG (gmm-latgen-faster[5.5.480~1-09abd]:DecodeUtteranceLatticeFaster():decoder-wrappers.cc:289) Log-like per frame for utterance M1128839096-366321445_100764-425744274_1612605584-GB-M-037 is -4.3257 over 742 frames.
M1128839096-366321445_100764-425744274_1612605584-GB-M-042 YEAH I WOULD FIGHT FOR YOU HER LIE FOR YOU WALK THE WIRE FOR YOU YEAH I'D DIE FOR YOU 
LOG (gmm-latgen-faster[5.5.480~1-09abd]:DecodeUtteranceLatticeFaster():decoder-wrappers.cc:289) Log-like per frame for utterance M1128839096-366321445_100764-425744274_1612605584-GB-M-042 is -3.88443 over 1657 frames.
M1128839096-366321445_100764-425744274_1612605584-GB-M-048 BUT I DO OH 
LOG (gmm-latgen-faster[5.5.480~1-09abd]:DecodeUtteranceLatticeFaster():decoder-wrappers.cc:289) Log-like per frame for utterance M1128839096-366321445_100764-425744274_1612605584-GB-M-048 is -3.08945 over 352 frames.
M1128839096-366321445_100764-425744274_1612605584-GB-M-049 I DO IT FOR FOR YOU 
LOG (gmm-latgen-faster[5.5.480~1-09abd]:DecodeUtteranceLatticeFaster():decoder-wrappers.cc:289) Log-like per frame for utterance M1128839096-366321445_100764-425744274_1612605584-GB-M-049 is -3.88576 over 891 frames.
M117155791-859070042_2654751-294105537_1587992395-GB-M-003 LIKE YOUR LITTLE GAMES 
LOG (gmm-latgen-faster[5.5.480~1-09abd]:DecodeUtteranceLatticeFaster():decoder-wrappers.cc:289) Log-like per frame for utterance M117155791-859070042_2654751-294105537_1587992395-GB-M-003 is -4.05492 over 241 frames.
M117155791-859070042_2654751-294105537_1587992395-GB-M-004 LIKE YOUR TELL TO IT'S THAT 
LOG (gmm-latgen-faster[5.5.480~1-09abd]:DecodeUtteranceLatticeFaster():decoder-wrappers.cc:289) Log-like per frame for utterance M117155791-859070042_2654751-294105537_1587992395-GB-M-004 is -4.56484 over 232 frames.
M117155791-859070042_2654751-294105537_1587992395-GB-M-005 THE ROLE YOU MADE ME PLAY OF NO I DON'T LIKE YOU 
LOG (gmm-latgen-faster[5.5.480~1-09abd]:DecodeUtteranceLatticeFaster():decoder-wrappers.cc:289) Log-like per frame for utterance M117155791-859070042_2654751-294105537_1587992395-GB-M-005 is -4.57288 over 508 frames.
M117155791-859070042_2654751-294105537_1587992395-GB-M-008 I DON'T LIKE YOUR PERFECT CRIME 
LOG (gmm-latgen-faster[5.5.480~1-09abd]:DecodeUtteranceLatticeFaster():decoder-wrappers.cc:289) Log-like per frame for utterance M117155791-859070042_2654751-294105537_1587992395-GB-M-008 is -4.55676 over 413 frames.
M117155791-859070042_2654751-294105537_1587992395-GB-M-009 HOW YOU LAUGH WHEN YOU LIE 
LOG (gmm-latgen-faster[5.5.480~1-09abd]:DecodeUtteranceLatticeFaster():decoder-wrappers.cc:289) Log-like per frame for utterance M117155791-859070042_2654751-294105537_1587992395-GB-M-009 is -4.23517 over 316 frames.
M117155791-859070042_2654751-294105537_1587992395-GB-M-010 YOU SAID THE GUN WAS MINE 
LOG (gmm-latgen-faster[5.5.480~1-09abd]:DecodeUtteranceLatticeFaster():decoder-wrappers.cc:289) Log-like per frame for utterance M117155791-859070042_2654751-294105537_1587992395-GB-M-010 is -4.25945 over 315 frames.
M117155791-859070042_2654751-294105537_1587992395-GB-M-012 ISN'T COOL NO I DON'T LIKE YOU 
LOG (gmm-latgen-faster[5.5.480~1-09abd]:DecodeUtteranceLatticeFaster():decoder-wrappers.cc:289) Log-like per frame for utterance M117155791-859070042_2654751-294105537_1587992395-GB-M-012 is -4.86049 over 268 frames.
M117155791-859070042_2654751-294105537_1587992395-GB-M-013 BUT I GOT SMARTER I GOT HARDER IN THE NICK OF TIME HONEY I ROSE UP FROM THE DEAD I DO IT ALL THE TIME I'VE GOT A LIST OF NAMES AND YOURS IS IN RED LIKE 
LOG (gmm-latgen-faster[5.5.480~1-09abd]:DecodeUtteranceLatticeFaster():decoder-wrappers.cc:289) Log-like per frame for utterance M117155791-859070042_2654751-294105537_1587992395-GB-M-013 is -4.40457 over 1104 frames.
M117155791-859070042_2654751-294105537_1587992395-GB-M-021 GONNA CHECK IT TWICE OH 
LOG (gmm-latgen-faster[5.5.480~1-09abd]:DecodeUtteranceLatticeFaster():decoder-wrappers.cc:289) Log-like per frame for utterance M117155791-859070042_2654751-294105537_1587992395-GB-M-021 is -5.37078 over 216 frames.
M117155791-859070042_2654751-294105537_1587992395-GB-M-027 OOH LOOK WHAT YOU MADE ME DO 
LOG (gmm-latgen-faster[5.5.480~1-09abd]:DecodeUtteranceLatticeFaster():decoder-wrappers.cc:289) Log-like per frame for utterance M117155791-859070042_2654751-294105537_1587992395-GB-M-027 is -4.46449 over 221 frames.
M117155791-859070042_2654751-294105537_1587992395-GB-M-028 LOOK WHAT YOU MADE ME DO LOOK WHAT YOU JUST MADE ME DO LOOK WHAT YOU JUST MADE ME DO DON'T LIKE YOUR KINGDOM KEYS 
LOG (gmm-latgen-faster[5.5.480~1-09abd]:DecodeUtteranceLatticeFaster():decoder-wrappers.cc:289) Log-like per frame for utterance M117155791-859070042_2654751-294105537_1587992395-GB-M-028 is -4.7705 over 926 frames.
M117155791-859070042_2654751-294105537_1587992395-GB-M-033 ONCE BELONGED TO ME 
LOG (gmm-latgen-faster[5.5.480~1-09abd]:DecodeUtteranceLatticeFaster():decoder-wrappers.cc:289) Log-like per frame for utterance M117155791-859070042_2654751-294105537_1587992395-GB-M-033 is -4.00063 over 235 frames.
M117155791-859070042_2654751-294105537_1587992395-GB-M-034 THE FOR A PLACE TO SLEEP ME OUT AND THREW A KEYS 
LOG (gmm-latgen-faster[5.5.480~1-09abd]:DecodeUtteranceLatticeFaster():decoder-wrappers.cc:289) Log-like per frame for utterance M117155791-859070042_2654751-294105537_1587992395-GB-M-034 is -4.95768 over 507 frames.
M117155791-859070042_2654751-294105537_1587992395-GB-M-037 THE WORLD MOVES ON ANOTHER DAY ANOTHER DRAMA DRAMA BUT NOT FOR ME NOT 
LOG (gmm-latgen-faster[5.5.480~1-09abd]:DecodeUtteranceLatticeFaster():decoder-wrappers.cc:289) Log-like per frame for utterance M117155791-859070042_2654751-294105537_1587992395-GB-M-037 is -5.1282 over 478 frames.
M117155791-859070042_2654751-294105537_1587992395-GB-M-041 OOH ME ALL I THINK ABOUT IS COME WHAT 
LOG (gmm-latgen-faster[5.5.480~1-09abd]:DecodeUtteranceLatticeFaster():decoder-wrappers.cc:289) Log-like per frame for utterance M117155791-859070042_2654751-294105537_1587992395-GB-M-041 is -5.6603 over 229 frames.
M117155791-859070042_2654751-294105537_1587992395-GB-M-047 BUT I GOT SMARTER I GOT HARDER IN THE NICK OF TIME HONEY I ROSE UP FROM THE DEAD I DO IT ALL THE TIME I'VE GOT A LIST OF NAMES AND YOURS IS IN RED <UNK> 
LOG (gmm-latgen-faster[5.5.480~1-09abd]:DecodeUtteranceLatticeFaster():decoder-wrappers.cc:289) Log-like per frame for utterance M117155791-859070042_2654751-294105537_1587992395-GB-M-047 is -4.46521 over 1107 frames.
M117155791-859070042_2654751-294105537_1587992395-GB-M-056 OOH LOOK WHAT YOU MADE ME DO LOOK WHAT YOU MADE ME DO 
LOG (gmm-latgen-faster[5.5.480~1-09abd]:DecodeUtteranceLatticeFaster():decoder-wrappers.cc:289) Log-like per frame for utterance M117155791-859070042_2654751-294105537_1587992395-GB-M-056 is -4.7993 over 406 frames.
M117155791-859070042_2654751-294105537_1587992395-GB-M-058 LOOK WHAT YOU JUST MADE ME DO LOOK WHAT YOU JUST MADE ME DO 
LOG (gmm-latgen-faster[5.5.480~1-09abd]:DecodeUtteranceLatticeFaster():decoder-wrappers.cc:289) Log-like per frame for utterance M117155791-859070042_2654751-294105537_1587992395-GB-M-058 is -5.13342 over 347 frames.
M117155791-859070042_2654751-294105537_1587992395-GB-M-067 AND NOBODY TRUSTS ME I'LL BE THE ACTRESS STARRING IN YOUR BAD 
LOG (gmm-latgen-faster[5.5.480~1-09abd]:DecodeUtteranceLatticeFaster():decoder-wrappers.cc:289) Log-like per frame for utterance M117155791-859070042_2654751-294105537_1587992395-GB-M-067 is -4.38773 over 604 frames.
M117155791-859070042_2654751-294105537_1587992395-GB-M-073 I'LL BE THE ACTRESS STARRING IN YOUR BAD DREAMS I DON'T TRUST NOBODY AND NOBODY TRUSTS ME 
LOG (gmm-latgen-faster[5.5.480~1-09abd]:DecodeUtteranceLatticeFaster():decoder-wrappers.cc:289) Log-like per frame for utterance M117155791-859070042_2654751-294105537_1587992395-GB-M-073 is -4.32582 over 701 frames.
M117155791-859070042_2654751-294105537_1587992395-GB-M-078 I'LL BE THE ACTRESS 
LOG (gmm-latgen-faster[5.5.480~1-09abd]:DecodeUtteranceLatticeFaster():decoder-wrappers.cc:289) Log-like per frame for utterance M117155791-859070042_2654751-294105537_1587992395-GB-M-078 is -4.36572 over 147 frames.
M117155791-859070042_2654751-294105537_1587992395-GB-M-080 STARRING IN YOUR BAD DREAMS I 
LOG (gmm-latgen-faster[5.5.480~1-09abd]:DecodeUtteranceLatticeFaster():decoder-wrappers.cc:289) Log-like per frame for utterance M117155791-859070042_2654751-294105537_1587992395-GB-M-080 is -4.44624 over 303 frames.
LOG (apply-cmvn[5.5.480~1-09abd]:main():apply-cmvn.cc:162) Applied cepstral mean normalization to 213 utterances, errors on 0
M117155791-859070042_2654751-294105537_1587992395-GB-M-083 I'LL BE THE ACTRESS STARRING IN YOUR BAD DREAMS LOOK WHAT YOU MADE ME DO LOOK WHAT YOU MADE ME DO 
LOG (gmm-latgen-faster[5.5.480~1-09abd]:DecodeUtteranceLatticeFaster():decoder-wrappers.cc:289) Log-like per frame for utterance M117155791-859070042_2654751-294105537_1587992395-GB-M-083 is -4.46178 over 762 frames.
M117155791-859070042_2654751-294105537_1587992395-GB-M-088 LOOK WHAT YOU JUST MADE ME DO LOOK WHAT YOU JUST MADE ME DO LOOK WHAT YOU MADE ME DO LOOK WHAT YOU MADE ME DO LOOK WHAT YOU JUST MADE ME DO LOOK WHAT YOU JUST MADE ME DO LOOK WHAT YOU MADE ME DO LOOK WHAT YOU MADE ME DO LOOK WHAT YOU JUST MADE 
LOG (gmm-latgen-faster[5.5.480~1-09abd]:DecodeUtteranceLatticeFaster():decoder-wrappers.cc:289) Log-like per frame for utterance M117155791-859070042_2654751-294105537_1587992395-GB-M-088 is -4.76241 over 1604 frames.
LOG (transform-feats[5.5.480~1-09abd]:main():transform-feats.cc:158) Overall average [pseudo-]logdet is -88.6872 over 125648 frames.
LOG (transform-feats[5.5.480~1-09abd]:main():transform-feats.cc:161) Applied transform to 213 utterances; 0 had errors.
M117155791-859070042_2654751-294105537_1587992395-GB-M-100 ME DO LOOK WHAT YOU JUST MADE ME DO 
LOG (gmm-latgen-faster[5.5.480~1-09abd]:DecodeUtteranceLatticeFaster():decoder-wrappers.cc:289) Log-like per frame for utterance M117155791-859070042_2654751-294105537_1587992395-GB-M-100 is -5.0055 over 231 frames.
M117155791-859070042_2654751-294105537_1587992395-GB-M-106 OOH LOOK WHAT YOU MADE ME DO 
LOG (gmm-latgen-faster[5.5.480~1-09abd]:DecodeUtteranceLatticeFaster():decoder-wrappers.cc:289) Log-like per frame for utterance M117155791-859070042_2654751-294105537_1587992395-GB-M-106 is -4.22922 over 223 frames.
M117155791-859070042_2654751-294105537_1587992395-GB-M-107 WHAT YOU MADE ME DO 
LOG (gmm-latgen-faster[5.5.480~1-09abd]:DecodeUtteranceLatticeFaster():decoder-wrappers.cc:289) Log-like per frame for utterance M117155791-859070042_2654751-294105537_1587992395-GB-M-107 is -4.20749 over 127 frames.
LOG (transform-feats[5.5.480~1-09abd]:main():transform-feats.cc:158) Overall average logdet is 7.28622 over 125648 frames.
LOG (transform-feats[5.5.480~1-09abd]:main():transform-feats.cc:161) Applied transform to 213 utterances; 0 had errors.
M117155791-859070042_2654751-294105537_1587992395-GB-M-108 WHAT YOU JUST MADE ME DO LOOK WHAT YOU JUST MADE ME DO LOOK WHAT YOU MADE ME DO LOOK WHAT YOU MADE ME DO LOOK WHAT YOU JUST MADE ME DO LOOK WHAT YOU JUST MADE ME DO 
LOG (gmm-latgen-faster[5.5.480~1-09abd]:DecodeUtteranceLatticeFaster():decoder-wrappers.cc:289) Log-like per frame for utterance M117155791-859070042_2654751-294105537_1587992395-GB-M-108 is -4.45871 over 1070 frames.
LOG (gmm-latgen-faster[5.5.480~1-09abd]:main():gmm-latgen-faster.cc:176) Time taken 246.578s: real-time factor assuming 100 frames/sec is 0.196245
LOG (gmm-latgen-faster[5.5.480~1-09abd]:main():gmm-latgen-faster.cc:179) Done 213 utterances, failed for 0
LOG (gmm-latgen-faster[5.5.480~1-09abd]:main():gmm-latgen-faster.cc:181) Overall log-likelihood per frame is -4.20023 over 125648 frames.
# Accounting: time=247 threads=1
# Ended (code 0) at Tue Sep 10 14:25:49 BST 2019, elapsed time 247 seconds
