# gmm-latgen-faster --max-active=7000 --beam=15.0 --lattice-beam=6.0 --acoustic-scale=0.083333 --allow-partial=false --word-symbol-table=exp/tri3b_cleaned/graphs/words.txt exp/tri3b_cleaned/final.mdl scp:exp/tri3b_cleaned/lats/split_fsts/HCLG.fsts.34.scp "ark,s,cs:apply-cmvn  --utt2spk=ark:data/train1/split40/34/utt2spk scp:data/train1/split40/34/cmvn.scp scp:data/train1/split40/34/feats.scp ark:- | splice-feats  ark:- ark:- | transform-feats exp/tri3b_cleaned/final.mat ark:- ark:- | transform-feats --utt2spk=ark:data/train1/split40/34/utt2spk ark:exp/tri3b/trans.34 ark:- ark:- |" "ark:|gzip -c > exp/tri3b_cleaned/lats/lat.34.gz" 
# Started at Tue Sep 10 14:48:44 BST 2019
#
gmm-latgen-faster --max-active=7000 --beam=15.0 --lattice-beam=6.0 --acoustic-scale=0.083333 --allow-partial=false --word-symbol-table=exp/tri3b_cleaned/graphs/words.txt exp/tri3b_cleaned/final.mdl scp:exp/tri3b_cleaned/lats/split_fsts/HCLG.fsts.34.scp 'ark,s,cs:apply-cmvn  --utt2spk=ark:data/train1/split40/34/utt2spk scp:data/train1/split40/34/cmvn.scp scp:data/train1/split40/34/feats.scp ark:- | splice-feats  ark:- ark:- | transform-feats exp/tri3b_cleaned/final.mat ark:- ark:- | transform-feats --utt2spk=ark:data/train1/split40/34/utt2spk ark:exp/tri3b/trans.34 ark:- ark:- |' 'ark:|gzip -c > exp/tri3b_cleaned/lats/lat.34.gz' 
splice-feats ark:- ark:- 
apply-cmvn --utt2spk=ark:data/train1/split40/34/utt2spk scp:data/train1/split40/34/cmvn.scp scp:data/train1/split40/34/feats.scp ark:- 
transform-feats exp/tri3b_cleaned/final.mat ark:- ark:- 
transform-feats --utt2spk=ark:data/train1/split40/34/utt2spk ark:exp/tri3b/trans.34 ark:- ark:- 
M485285471-336596538_65720-1133854358_1575346192-GB-M-001 AND ALL YOUR TIME WAITING 
LOG (gmm-latgen-faster[5.5.480~1-09abd]:DecodeUtteranceLatticeFaster():decoder-wrappers.cc:289) Log-like per frame for utterance M485285471-336596538_65720-1133854358_1575346192-GB-M-001 is -3.83719 over 294 frames.
M485285471-336596538_65720-1133854358_1575346192-GB-M-002 FOR THAT SECOND CHANCE 
LOG (gmm-latgen-faster[5.5.480~1-09abd]:DecodeUtteranceLatticeFaster():decoder-wrappers.cc:289) Log-like per frame for utterance M485285471-336596538_65720-1133854358_1575346192-GB-M-002 is -3.94559 over 260 frames.
M485285471-336596538_65720-1133854358_1575346192-GB-M-003 FOR A BREAK THAT WOULD MAKE IT OKAY THERE'S ALWAYS SOME REASON 
LOG (gmm-latgen-faster[5.5.480~1-09abd]:DecodeUtteranceLatticeFaster():decoder-wrappers.cc:289) Log-like per frame for utterance M485285471-336596538_65720-1133854358_1575346192-GB-M-003 is -4.06934 over 766 frames.
M485285471-336596538_65720-1133854358_1575346192-GB-M-005 FEEL NOT GOOD ENOUGH 
LOG (gmm-latgen-faster[5.5.480~1-09abd]:DecodeUtteranceLatticeFaster():decoder-wrappers.cc:289) Log-like per frame for utterance M485285471-336596538_65720-1133854358_1575346192-GB-M-005 is -3.50865 over 249 frames.
M485285471-336596538_65720-1133854358_1575346192-GB-M-006 AND IT'S HARD AT THE END OF THE DAY I NEED SOME DISTRACTION 
LOG (gmm-latgen-faster[5.5.480~1-09abd]:DecodeUtteranceLatticeFaster():decoder-wrappers.cc:289) Log-like per frame for utterance M485285471-336596538_65720-1133854358_1575346192-GB-M-006 is -3.93054 over 785 frames.
M485285471-336596538_65720-1133854358_1575346192-GB-M-008 OH BEAUTIFUL RELEASE 
LOG (gmm-latgen-faster[5.5.480~1-09abd]:DecodeUtteranceLatticeFaster():decoder-wrappers.cc:289) Log-like per frame for utterance M485285471-336596538_65720-1133854358_1575346192-GB-M-008 is -3.88923 over 249 frames.
M485285471-336596538_65720-1133854358_1575346192-GB-M-009 MEMORIES SEEP FROM MY VEINS AND MAYBE EMPTY 
LOG (gmm-latgen-faster[5.5.480~1-09abd]:DecodeUtteranceLatticeFaster():decoder-wrappers.cc:289) Log-like per frame for utterance M485285471-336596538_65720-1133854358_1575346192-GB-M-009 is -3.5579 over 736 frames.
M485285471-336596538_65720-1133854358_1575346192-GB-M-011 AND WEIGHTLESS AND MAYBE 
LOG (gmm-latgen-faster[5.5.480~1-09abd]:DecodeUtteranceLatticeFaster():decoder-wrappers.cc:289) Log-like per frame for utterance M485285471-336596538_65720-1133854358_1575346192-GB-M-011 is -3.42942 over 293 frames.
M485285471-336596538_65720-1133854358_1575346192-GB-M-013 ME FIND SOME PEACE TONIGHT 
LOG (gmm-latgen-faster[5.5.480~1-09abd]:DecodeUtteranceLatticeFaster():decoder-wrappers.cc:289) Log-like per frame for utterance M485285471-336596538_65720-1133854358_1575346192-GB-M-013 is -3.76891 over 525 frames.
M485285471-336596538_65720-1133854358_1575346192-GB-M-014 IN THE ARMS OF THE ANGEL FLY AWAY FROM HERE 
LOG (gmm-latgen-faster[5.5.480~1-09abd]:DecodeUtteranceLatticeFaster():decoder-wrappers.cc:289) Log-like per frame for utterance M485285471-336596538_65720-1133854358_1575346192-GB-M-014 is -2.55604 over 1111 frames.
M485285471-336596538_65720-1133854358_1575346192-GB-M-016 FROM THIS DARK COLD HOTEL ROOM 
LOG (gmm-latgen-faster[5.5.480~1-09abd]:DecodeUtteranceLatticeFaster():decoder-wrappers.cc:289) Log-like per frame for utterance M485285471-336596538_65720-1133854358_1575346192-GB-M-016 is -3.57867 over 471 frames.
M485285471-336596538_65720-1133854358_1575346192-GB-M-017 AND THE <UNK> I'M THE SADNESS THAT YOU FEAR 
LOG (gmm-latgen-faster[5.5.480~1-09abd]:DecodeUtteranceLatticeFaster():decoder-wrappers.cc:289) Log-like per frame for utterance M485285471-336596538_65720-1133854358_1575346192-GB-M-017 is -3.82035 over 478 frames.
M485285471-336596538_65720-1133854358_1575346192-GB-M-018 YOU ARE PULLED FROM THE WRECKAGE 
LOG (gmm-latgen-faster[5.5.480~1-09abd]:DecodeUtteranceLatticeFaster():decoder-wrappers.cc:289) Log-like per frame for utterance M485285471-336596538_65720-1133854358_1575346192-GB-M-018 is -2.99761 over 511 frames.
M485285471-336596538_65720-1133854358_1575346192-GB-M-019 OF YOUR SILENT REVERIE 
LOG (gmm-latgen-faster[5.5.480~1-09abd]:DecodeUtteranceLatticeFaster():decoder-wrappers.cc:289) Log-like per frame for utterance M485285471-336596538_65720-1133854358_1575346192-GB-M-019 is -2.97589 over 478 frames.
M485285471-336596538_65720-1133854358_1575346192-GB-M-020 YOU'RE IN THE ARMS OF THE ARMS OF WILL THE ANGEL 
LOG (gmm-latgen-faster[5.5.480~1-09abd]:DecodeUtteranceLatticeFaster():decoder-wrappers.cc:289) Log-like per frame for utterance M485285471-336596538_65720-1133854358_1575346192-GB-M-020 is -3.30274 over 518 frames.
M485285471-336596538_65720-1133854358_1575346192-GB-M-022 MAY YOU FIND SOME COMFORT HERE SO TIRED OF THE STRAIGHT LINE AND EVERYWHERE YOU TURN 
LOG (gmm-latgen-faster[5.5.480~1-09abd]:DecodeUtteranceLatticeFaster():decoder-wrappers.cc:289) Log-like per frame for utterance M485285471-336596538_65720-1133854358_1575346192-GB-M-022 is -3.57661 over 2365 frames.
M485285471-336596538_65720-1133854358_1575346192-GB-M-025 THERE'S VULTURES AND THIEVES AT YOUR BACK 
LOG (gmm-latgen-faster[5.5.480~1-09abd]:DecodeUtteranceLatticeFaster():decoder-wrappers.cc:289) Log-like per frame for utterance M485285471-336596538_65720-1133854358_1575346192-GB-M-025 is -3.96321 over 425 frames.
M485285471-336596538_65720-1133854358_1575346192-GB-M-027 AND THE STORM KEEPS ON TWISTING 
LOG (gmm-latgen-faster[5.5.480~1-09abd]:DecodeUtteranceLatticeFaster():decoder-wrappers.cc:289) Log-like per frame for utterance M485285471-336596538_65720-1133854358_1575346192-GB-M-027 is -4.42127 over 254 frames.
M485285471-336596538_65720-1133854358_1575346192-GB-M-028 KEEP ON BUILDING THIS LIES THAT YOU MAKE UP FOR ALL THAT YOU LACK 
LOG (gmm-latgen-faster[5.5.480~1-09abd]:DecodeUtteranceLatticeFaster():decoder-wrappers.cc:289) Log-like per frame for utterance M485285471-336596538_65720-1133854358_1575346192-GB-M-028 is -4.24807 over 846 frames.
M485285471-336596538_65720-1133854358_1575346192-GB-M-030 DON'T MAKE NO DIFFERENCE 
LOG (gmm-latgen-faster[5.5.480~1-09abd]:DecodeUtteranceLatticeFaster():decoder-wrappers.cc:289) Log-like per frame for utterance M485285471-336596538_65720-1133854358_1575346192-GB-M-030 is -3.77974 over 307 frames.
M485285471-336596538_65720-1133854358_1575346192-GB-M-031 ESCAPE ONE LAST TIME 
LOG (gmm-latgen-faster[5.5.480~1-09abd]:DecodeUtteranceLatticeFaster():decoder-wrappers.cc:289) Log-like per frame for utterance M485285471-336596538_65720-1133854358_1575346192-GB-M-031 is -4.27809 over 237 frames.
M485285471-336596538_65720-1133854358_1575346192-GB-M-032 IT'S EASIER TO BELIEVE 
LOG (gmm-latgen-faster[5.5.480~1-09abd]:DecodeUtteranceLatticeFaster():decoder-wrappers.cc:289) Log-like per frame for utterance M485285471-336596538_65720-1133854358_1575346192-GB-M-032 is -3.23193 over 384 frames.
M485285471-336596538_65720-1133854358_1575346192-GB-M-033 IN THIS SWEET MADNESS 
LOG (gmm-latgen-faster[5.5.480~1-09abd]:DecodeUtteranceLatticeFaster():decoder-wrappers.cc:289) Log-like per frame for utterance M485285471-336596538_65720-1133854358_1575346192-GB-M-033 is -4.20053 over 188 frames.
M485285471-336596538_65720-1133854358_1575346192-GB-M-034 OH THIS GLORIOUS SADNESS THAT BRINGS ME TO MY KNEES 
LOG (gmm-latgen-faster[5.5.480~1-09abd]:DecodeUtteranceLatticeFaster():decoder-wrappers.cc:289) Log-like per frame for utterance M485285471-336596538_65720-1133854358_1575346192-GB-M-034 is -3.97846 over 817 frames.
M485285471-336596538_65720-1133854358_1575346192-GB-M-037 IN THE ARMS OF THE ANGEL 
LOG (gmm-latgen-faster[5.5.480~1-09abd]:DecodeUtteranceLatticeFaster():decoder-wrappers.cc:289) Log-like per frame for utterance M485285471-336596538_65720-1133854358_1575346192-GB-M-037 is -2.70491 over 471 frames.
M485285471-336596538_65720-1133854358_1575346192-GB-M-038 FLY AWAY FROM HERE 
LOG (gmm-latgen-faster[5.5.480~1-09abd]:DecodeUtteranceLatticeFaster():decoder-wrappers.cc:289) Log-like per frame for utterance M485285471-336596538_65720-1133854358_1575346192-GB-M-038 is -2.16274 over 531 frames.
M485285471-336596538_65720-1133854358_1575346192-GB-M-039 FROM THIS DARK COLD HOTEL ROOM 
LOG (gmm-latgen-faster[5.5.480~1-09abd]:DecodeUtteranceLatticeFaster():decoder-wrappers.cc:289) Log-like per frame for utterance M485285471-336596538_65720-1133854358_1575346192-GB-M-039 is -3.6758 over 510 frames.
M485285471-336596538_65720-1133854358_1575346192-GB-M-040 AND THE <UNK> THAT THERE'S THAT YOU FEAR YOU YOU ARE PULLED FROM FROM ALL I'M THE WRECKAGE 
LOG (gmm-latgen-faster[5.5.480~1-09abd]:DecodeUtteranceLatticeFaster():decoder-wrappers.cc:289) Log-like per frame for utterance M485285471-336596538_65720-1133854358_1575346192-GB-M-040 is -3.84182 over 1087 frames.
M485285471-336596538_65720-1133854358_1575346192-GB-M-042 OF YOUR SILENT REVERIE YOU'RE IN THE YOU'RE IN THE OF THE ARMS OF COLD THE ANGEL 
LOG (gmm-latgen-faster[5.5.480~1-09abd]:DecodeUtteranceLatticeFaster():decoder-wrappers.cc:289) Log-like per frame for utterance M485285471-336596538_65720-1133854358_1575346192-GB-M-042 is -3.34979 over 1122 frames.
M485285471-336596538_65720-1133854358_1575346192-GB-M-044 MAY YOU FIND SOME COMFORT HERE 
LOG (gmm-latgen-faster[5.5.480~1-09abd]:DecodeUtteranceLatticeFaster():decoder-wrappers.cc:289) Log-like per frame for utterance M485285471-336596538_65720-1133854358_1575346192-GB-M-044 is -2.50231 over 902 frames.
M485285471-336596538_65720-1133854358_1575346192-GB-M-045 YOU'RE IN THE ARMS OF THE ANGEL 
LOG (gmm-latgen-faster[5.5.480~1-09abd]:DecodeUtteranceLatticeFaster():decoder-wrappers.cc:289) Log-like per frame for utterance M485285471-336596538_65720-1133854358_1575346192-GB-M-045 is -3.0166 over 504 frames.
M485285471-336596538_65720-1133854358_1575346192-GB-M-046 MAY YOU FIND SOME COMFORT HERE 
LOG (gmm-latgen-faster[5.5.480~1-09abd]:DecodeUtteranceLatticeFaster():decoder-wrappers.cc:289) Log-like per frame for utterance M485285471-336596538_65720-1133854358_1575346192-GB-M-046 is -2.28281 over 1097 frames.
M496682159-3868581_3868581-496674697_1545013852-GB-M-001 I KNOW YOU SAY YOU KNOW ME KNOW ME WELL BUT THESE DAYS I DON'T EVEN KNOW MYSELF NO 
LOG (gmm-latgen-faster[5.5.480~1-09abd]:DecodeUtteranceLatticeFaster():decoder-wrappers.cc:289) Log-like per frame for utterance M496682159-3868581_3868581-496674697_1545013852-GB-M-001 is -4.67395 over 558 frames.
M496682159-3868581_3868581-496674697_1545013852-GB-M-005 I THAT BE WITH SOMEONE ELSE 
LOG (gmm-latgen-faster[5.5.480~1-09abd]:DecodeUtteranceLatticeFaster():decoder-wrappers.cc:289) Log-like per frame for utterance M496682159-3868581_3868581-496674697_1545013852-GB-M-005 is -4.85592 over 154 frames.
M496682159-3868581_3868581-496674697_1545013852-GB-M-006 I THOUGHT I THE 
LOG (gmm-latgen-faster[5.5.480~1-09abd]:DecodeUtteranceLatticeFaster():decoder-wrappers.cc:289) Log-like per frame for utterance M496682159-3868581_3868581-496674697_1545013852-GB-M-006 is -4.6037 over 106 frames.
M496682159-3868581_3868581-496674697_1545013852-GB-M-008 ON THE WAY I FELT YEAH 
LOG (gmm-latgen-faster[5.5.480~1-09abd]:DecodeUtteranceLatticeFaster():decoder-wrappers.cc:289) Log-like per frame for utterance M496682159-3868581_3868581-496674697_1545013852-GB-M-008 is -4.48155 over 176 frames.
M496682159-3868581_3868581-496674697_1545013852-GB-M-009 YOU BUT YOU NEVER EVEN ANSWER I TELL MYSELF I'M DONE WITH WICKED GAMES 
LOG (gmm-latgen-faster[5.5.480~1-09abd]:DecodeUtteranceLatticeFaster():decoder-wrappers.cc:289) Log-like per frame for utterance M496682159-3868581_3868581-496674697_1545013852-GB-M-009 is -4.83687 over 510 frames.
M496682159-3868581_3868581-496674697_1545013852-GB-M-012 SO NUMB WITH ALL THE LAUGHTER THAT I FORGET ABOUT THE PAIN 
LOG (gmm-latgen-faster[5.5.480~1-09abd]:DecodeUtteranceLatticeFaster():decoder-wrappers.cc:289) Log-like per frame for utterance M496682159-3868581_3868581-496674697_1545013852-GB-M-012 is -4.61928 over 426 frames.
M496682159-3868581_3868581-496674697_1545013852-GB-M-015 <UNK> YOU STRESS ME OUT KILL ME 
LOG (gmm-latgen-faster[5.5.480~1-09abd]:DecodeUtteranceLatticeFaster():decoder-wrappers.cc:289) Log-like per frame for utterance M496682159-3868581_3868581-496674697_1545013852-GB-M-015 is -3.96401 over 389 frames.
M496682159-3868581_3868581-496674697_1545013852-GB-M-016 DRAG ME DOWN YOU FUCK ME UP 
LOG (gmm-latgen-faster[5.5.480~1-09abd]:DecodeUtteranceLatticeFaster():decoder-wrappers.cc:289) Log-like per frame for utterance M496682159-3868581_3868581-496674697_1545013852-GB-M-016 is -4.42278 over 278 frames.
M496682159-3868581_3868581-496674697_1545013852-GB-M-017 ON THE GROUND WE'RE SCREAMING 
LOG (gmm-latgen-faster[5.5.480~1-09abd]:DecodeUtteranceLatticeFaster():decoder-wrappers.cc:289) Log-like per frame for utterance M496682159-3868581_3868581-496674697_1545013852-GB-M-017 is -4.08255 over 238 frames.
M496682159-3868581_3868581-496674697_1545013852-GB-M-018 DON'T KNOW HOW TO MAKE IT STOP I IT AND I CAN'T TAKE IT BUT I KEEP ON COMING BACK TO YOU 
LOG (gmm-latgen-faster[5.5.480~1-09abd]:DecodeUtteranceLatticeFaster():decoder-wrappers.cc:289) Log-like per frame for utterance M496682159-3868581_3868581-496674697_1545013852-GB-M-018 is -4.16278 over 1246 frames.
M496682159-3868581_3868581-496674697_1545013852-GB-M-030 SO ADDICTED TO THE DRAMA I TELL MYSELF I'M DONE WITH WICKED GAMES 
LOG (gmm-latgen-faster[5.5.480~1-09abd]:DecodeUtteranceLatticeFaster():decoder-wrappers.cc:289) Log-like per frame for utterance M496682159-3868581_3868581-496674697_1545013852-GB-M-030 is -4.78371 over 471 frames.
M496682159-3868581_3868581-496674697_1545013852-GB-M-032 BUT ME GET SO NUMB WITH ALL THE LAUGHTER 
LOG (gmm-latgen-faster[5.5.480~1-09abd]:DecodeUtteranceLatticeFaster():decoder-wrappers.cc:289) Log-like per frame for utterance M496682159-3868581_3868581-496674697_1545013852-GB-M-032 is -4.537 over 239 frames.
M496682159-3868581_3868581-496674697_1545013852-GB-M-035 IN I FORGET ABOUT THE PAIN 
LOG (gmm-latgen-faster[5.5.480~1-09abd]:DecodeUtteranceLatticeFaster():decoder-wrappers.cc:289) Log-like per frame for utterance M496682159-3868581_3868581-496674697_1545013852-GB-M-035 is -4.45064 over 180 frames.
M496682159-3868581_3868581-496674697_1545013852-GB-M-040 WE'RE IT 
LOG (gmm-latgen-faster[5.5.480~1-09abd]:DecodeUtteranceLatticeFaster():decoder-wrappers.cc:289) Log-like per frame for utterance M496682159-3868581_3868581-496674697_1545013852-GB-M-040 is -4.60373 over 273 frames.
M496682159-3868581_3868581-496674697_1545013852-GB-M-041 AND I CAN'T TAKE IT 
LOG (gmm-latgen-faster[5.5.480~1-09abd]:DecodeUtteranceLatticeFaster():decoder-wrappers.cc:289) Log-like per frame for utterance M496682159-3868581_3868581-496674697_1545013852-GB-M-041 is -3.9501 over 319 frames.
M496682159-3868581_3868581-496674697_1545013852-GB-M-044 BACK TO YOU WHO 
LOG (gmm-latgen-faster[5.5.480~1-09abd]:DecodeUtteranceLatticeFaster():decoder-wrappers.cc:289) Log-like per frame for utterance M496682159-3868581_3868581-496674697_1545013852-GB-M-044 is -3.35383 over 289 frames.
M496682159-3868581_3868581-496674697_1545013852-GB-M-047 LIKE TO YOU 
LOG (gmm-latgen-faster[5.5.480~1-09abd]:DecodeUtteranceLatticeFaster():decoder-wrappers.cc:289) Log-like per frame for utterance M496682159-3868581_3868581-496674697_1545013852-GB-M-047 is -3.35936 over 286 frames.
M496682159-3868581_3868581-496674697_1545013852-GB-M-055 YEAH SO YOU CAN CUT ME UP AND KISS ME HARDER YOU CAN BE THE PILL TO EASE THE PAIN 
LOG (gmm-latgen-faster[5.5.480~1-09abd]:DecodeUtteranceLatticeFaster():decoder-wrappers.cc:289) Log-like per frame for utterance M496682159-3868581_3868581-496674697_1545013852-GB-M-055 is -4.48753 over 604 frames.
M496682159-3868581_3868581-496674697_1545013852-GB-M-061 <UNK> YOU STRESS ME OUT YOU KILL ME YOU DRAG ME DOWN YOU FUCK ME UP 
LOG (gmm-latgen-faster[5.5.480~1-09abd]:DecodeUtteranceLatticeFaster():decoder-wrappers.cc:289) Log-like per frame for utterance M496682159-3868581_3868581-496674697_1545013852-GB-M-061 is -3.86844 over 748 frames.
M496682159-3868581_3868581-496674697_1545013852-GB-M-063 WE'RE ON THE GROUND WE'RE SCREAMING 
LOG (gmm-latgen-faster[5.5.480~1-09abd]:DecodeUtteranceLatticeFaster():decoder-wrappers.cc:289) Log-like per frame for utterance M496682159-3868581_3868581-496674697_1545013852-GB-M-063 is -4.06389 over 265 frames.
M496682159-3868581_3868581-496674697_1545013852-GB-M-064 DON'T KNOW HOW TO MAKE IT STOP IT 
LOG (gmm-latgen-faster[5.5.480~1-09abd]:DecodeUtteranceLatticeFaster():decoder-wrappers.cc:289) Log-like per frame for utterance M496682159-3868581_3868581-496674697_1545013852-GB-M-064 is -4.26016 over 563 frames.
M496682159-3868581_3868581-496674697_1545013852-GB-M-067 AND I CAN'T TAKE IT BUT I KEEP ON COMING BACK TO YOU 
LOG (gmm-latgen-faster[5.5.480~1-09abd]:DecodeUtteranceLatticeFaster():decoder-wrappers.cc:289) Log-like per frame for utterance M496682159-3868581_3868581-496674697_1545013852-GB-M-067 is -3.83454 over 631 frames.
M496682159-3868581_3868581-496674697_1545013852-GB-M-070 BACK TO YOU ON NO NO I JUST KEEP ON COMING BACK TO YOU 
LOG (gmm-latgen-faster[5.5.480~1-09abd]:DecodeUtteranceLatticeFaster():decoder-wrappers.cc:289) Log-like per frame for utterance M496682159-3868581_3868581-496674697_1545013852-GB-M-070 is -3.85607 over 585 frames.
M496682159-3868581_3868581-496674697_1545013852-GB-M-073 BACK TO IN YOU A I'M 
LOG (gmm-latgen-faster[5.5.480~1-09abd]:DecodeUtteranceLatticeFaster():decoder-wrappers.cc:289) Log-like per frame for utterance M496682159-3868581_3868581-496674697_1545013852-GB-M-073 is -3.57039 over 329 frames.
M496682159-3868581_3868581-496674697_1545013852-GB-M-075 JUST KEEP ON COMING BACK TO YOU 
LOG (gmm-latgen-faster[5.5.480~1-09abd]:DecodeUtteranceLatticeFaster():decoder-wrappers.cc:289) Log-like per frame for utterance M496682159-3868581_3868581-496674697_1545013852-GB-M-075 is -3.78298 over 258 frames.
M496682159-3868581_3868581-496674697_1545013852-GB-M-076 BACK TO YOU A 
LOG (gmm-latgen-faster[5.5.480~1-09abd]:DecodeUtteranceLatticeFaster():decoder-wrappers.cc:289) Log-like per frame for utterance M496682159-3868581_3868581-496674697_1545013852-GB-M-076 is -3.57526 over 263 frames.
M496682159-413929848_343398-496674697_1567266163-GB-M-001 I KNOW ME KNOW ME GIRL 
LOG (gmm-latgen-faster[5.5.480~1-09abd]:DecodeUtteranceLatticeFaster():decoder-wrappers.cc:289) Log-like per frame for utterance M496682159-413929848_343398-496674697_1567266163-GB-M-001 is -5.81769 over 301 frames.
M496682159-413929848_343398-496674697_1567266163-GB-M-003 AND NO 
LOG (gmm-latgen-faster[5.5.480~1-09abd]:DecodeUtteranceLatticeFaster():decoder-wrappers.cc:289) Log-like per frame for utterance M496682159-413929848_343398-496674697_1567266163-GB-M-003 is -6.03125 over 137 frames.
M496682159-413929848_343398-496674697_1567266163-GB-M-005 I WAS BUT BE WITH SOMEONE ELSE I FOR 
LOG (gmm-latgen-faster[5.5.480~1-09abd]:DecodeUtteranceLatticeFaster():decoder-wrappers.cc:289) Log-like per frame for utterance M496682159-413929848_343398-496674697_1567266163-GB-M-005 is -5.54478 over 310 frames.
M496682159-413929848_343398-496674697_1567266163-GB-M-008 THE WAY I 
LOG (gmm-latgen-faster[5.5.480~1-09abd]:DecodeUtteranceLatticeFaster():decoder-wrappers.cc:289) Log-like per frame for utterance M496682159-413929848_343398-496674697_1567266163-GB-M-008 is -5.603 over 129 frames.
M496682159-413929848_343398-496674697_1567266163-GB-M-009 YOU I CALL YOU BUT YOU NEVER EVEN ANSWER I TELL MYSELF I'M DONE WITH WICKED GAMES 
LOG (gmm-latgen-faster[5.5.480~1-09abd]:DecodeUtteranceLatticeFaster():decoder-wrappers.cc:289) Log-like per frame for utterance M496682159-413929848_343398-496674697_1567266163-GB-M-009 is -5.35014 over 622 frames.
M496682159-413929848_343398-496674697_1567266163-GB-M-012 THAT I ALL THE LAUGHTER 
LOG (gmm-latgen-faster[5.5.480~1-09abd]:DecodeUtteranceLatticeFaster():decoder-wrappers.cc:289) Log-like per frame for utterance M496682159-413929848_343398-496674697_1567266163-GB-M-012 is -5.22915 over 249 frames.
M496682159-413929848_343398-496674697_1567266163-GB-M-014 THAT I FORGET ABOUT THE PAIN <UNK> YOU STRESS ME OUT YOU KILL ME YOU DRAG ME DOWN YOU FUCK 
LOG (gmm-latgen-faster[5.5.480~1-09abd]:DecodeUtteranceLatticeFaster():decoder-wrappers.cc:289) Log-like per frame for utterance M496682159-413929848_343398-496674697_1567266163-GB-M-014 is -4.68666 over 912 frames.
M496682159-413929848_343398-496674697_1567266163-GB-M-017 WE'RE ON THE GROUND WE'RE SCREAMING I DON'T KNOW HOW TO MAKE IT STOP I LOVE IT AND I CAN'T TAKE IT I KEEP ON COMING BACK TO YOU 
LOG (gmm-latgen-faster[5.5.480~1-09abd]:DecodeUtteranceLatticeFaster():decoder-wrappers.cc:289) Log-like per frame for utterance M496682159-413929848_343398-496674697_1567266163-GB-M-017 is -4.46521 over 1701 frames.
M496682159-413929848_343398-496674697_1567266163-GB-M-025 WHAT TAKE IT 
LOG (gmm-latgen-faster[5.5.480~1-09abd]:DecodeUtteranceLatticeFaster():decoder-wrappers.cc:289) Log-like per frame for utterance M496682159-413929848_343398-496674697_1567266163-GB-M-025 is -5.43045 over 135 frames.
M496682159-413929848_343398-496674697_1567266163-GB-M-026 LIKE MOVE ON GET YOU MIND 
LOG (gmm-latgen-faster[5.5.480~1-09abd]:DecodeUtteranceLatticeFaster():decoder-wrappers.cc:289) Log-like per frame for utterance M496682159-413929848_343398-496674697_1567266163-GB-M-026 is -5.16439 over 274 frames.
M496682159-413929848_343398-496674697_1567266163-GB-M-027 DON'T YOU 
LOG (gmm-latgen-faster[5.5.480~1-09abd]:DecodeUtteranceLatticeFaster():decoder-wrappers.cc:289) Log-like per frame for utterance M496682159-413929848_343398-496674697_1567266163-GB-M-027 is -5.38218 over 132 frames.
M496682159-413929848_343398-496674697_1567266163-GB-M-030 COMING BACK TO TIED 
LOG (gmm-latgen-faster[5.5.480~1-09abd]:DecodeUtteranceLatticeFaster():decoder-wrappers.cc:289) Log-like per frame for utterance M496682159-413929848_343398-496674697_1567266163-GB-M-030 is -5.37043 over 190 frames.
M496682159-413929848_343398-496674697_1567266163-GB-M-031 GOT ME SO ADDICTED TO THE DRAMA I TELL MYSELF I'M DONE WITH WICKED GAMES 
LOG (gmm-latgen-faster[5.5.480~1-09abd]:DecodeUtteranceLatticeFaster():decoder-wrappers.cc:289) Log-like per frame for utterance M496682159-413929848_343398-496674697_1567266163-GB-M-031 is -5.12312 over 589 frames.
M496682159-413929848_343398-496674697_1567266163-GB-M-034 AND I GUESS WITH ALL THE LAUGHTER THAT I FORGET ABOUT THE PAIN 
LOG (gmm-latgen-faster[5.5.480~1-09abd]:DecodeUtteranceLatticeFaster():decoder-wrappers.cc:289) Log-like per frame for utterance M496682159-413929848_343398-496674697_1567266163-GB-M-034 is -4.94093 over 518 frames.
M496682159-413929848_343398-496674697_1567266163-GB-M-037 <UNK> YOU STRESS ME OUT YOU KILL ME YOU DRAG ME DOWN YOU FUCK ME ON THE GROUND WE'RE SCREAMING I DON'T KNOW TO MAKE IT STOP LOVE IT AND I CAN'T TAKE IT BUT I KEEP ON COMING BACK TO YOU BACK TO YOU I JUST KEEP ON COMING BACK TO YOU BACK 
LOG (gmm-latgen-faster[5.5.480~1-09abd]:DecodeUtteranceLatticeFaster():decoder-wrappers.cc:289) Log-like per frame for utterance M496682159-413929848_343398-496674697_1567266163-GB-M-037 is -4.41854 over 3114 frames.
M496682159-413929848_343398-496674697_1567266163-GB-M-049 OH NO 
LOG (gmm-latgen-faster[5.5.480~1-09abd]:DecodeUtteranceLatticeFaster():decoder-wrappers.cc:289) Log-like per frame for utterance M496682159-413929848_343398-496674697_1567266163-GB-M-049 is -4.34169 over 201 frames.
M496682159-413929848_343398-496674697_1567266163-GB-M-051 I JUST KEEP ON COMING BACK TO YOU 
LOG (gmm-latgen-faster[5.5.480~1-09abd]:DecodeUtteranceLatticeFaster():decoder-wrappers.cc:289) Log-like per frame for utterance M496682159-413929848_343398-496674697_1567266163-GB-M-051 is -4.57327 over 259 frames.
M496682159-413929848_343398-496674697_1567266163-GB-M-052 AND I GUESS YOU'LL NEVER KNOW ALL THE BULLSHIT THAT YOU PUT ME THROUGH AND I GUESS YOU'LL NEVER KNOW NO YEAH CAN CUT ME AND KISS ME HARDER TO YOU CAN BE THE PILL TO EASE THE PAIN 
LOG (gmm-latgen-faster[5.5.480~1-09abd]:DecodeUtteranceLatticeFaster():decoder-wrappers.cc:289) Log-like per frame for utterance M496682159-413929848_343398-496674697_1567266163-GB-M-052 is -4.87287 over 1661 frames.
M496682159-413929848_343398-496674697_1567266163-GB-M-059 'CAUSE I KNOW I'M ADDICTED TO YOUR DRAMA 
LOG (gmm-latgen-faster[5.5.480~1-09abd]:DecodeUtteranceLatticeFaster():decoder-wrappers.cc:289) Log-like per frame for utterance M496682159-413929848_343398-496674697_1567266163-GB-M-059 is -4.83519 over 224 frames.
M496682159-413929848_343398-496674697_1567266163-GB-M-061 BABY HERE WE GO AGAIN 
LOG (gmm-latgen-faster[5.5.480~1-09abd]:DecodeUtteranceLatticeFaster():decoder-wrappers.cc:289) Log-like per frame for utterance M496682159-413929848_343398-496674697_1567266163-GB-M-061 is -5.16042 over 138 frames.
M496682159-413929848_343398-496674697_1567266163-GB-M-062 <UNK> YOU STRESS ME OUT YOU KILL ME YOU DRAG ME DOWN YOU FUCK ME UP WE'RE ON THE GROUND WE'RE SCREAMING I DON'T KNOW HOW TO MAKE IT STOP LOVE IT AND I CAN'T 
LOG (gmm-latgen-faster[5.5.480~1-09abd]:DecodeUtteranceLatticeFaster():decoder-wrappers.cc:289) Log-like per frame for utterance M496682159-413929848_343398-496674697_1567266163-GB-M-062 is -4.45891 over 1875 frames.
M496682159-413929848_343398-496674697_1567266163-GB-M-069 TAKE KEEP ON I KEEP ON COMING BACK TO YOU BACK TO YOU OH NO I JUST KEEP ON COMING BACK TO YOU BACK TO YOU OH NO NO I JUST KEEP ON COMING BACK TO YOU BACK TO YOU I JUST KEEP ON COMING BACK TO YOU 
LOG (gmm-latgen-faster[5.5.480~1-09abd]:DecodeUtteranceLatticeFaster():decoder-wrappers.cc:289) Log-like per frame for utterance M496682159-413929848_343398-496674697_1567266163-GB-M-069 is -4.25571 over 2358 frames.
M503643533-283627236_157752-509985497_1536718451-GB-M-001 ME TO MEET YOU I'M SORRY YOU DON'T KNOW HOW ARE 
LOG (gmm-latgen-faster[5.5.480~1-09abd]:DecodeUtteranceLatticeFaster():decoder-wrappers.cc:289) Log-like per frame for utterance M503643533-283627236_157752-509985497_1536718451-GB-M-001 is -4.44302 over 867 frames.
M503643533-283627236_157752-509985497_1536718451-GB-M-004 I HAD TO FIND YOU TELL YOU I NEED 
LOG (gmm-latgen-faster[5.5.480~1-09abd]:DecodeUtteranceLatticeFaster():decoder-wrappers.cc:289) Log-like per frame for utterance M503643533-283627236_157752-509985497_1536718451-GB-M-004 is -4.75871 over 493 frames.
M503643533-283627236_157752-509985497_1536718451-GB-M-007 YOU TELL YOU I SET YOU APART TELL ME YOUR SECRETS 
LOG (gmm-latgen-faster[5.5.480~1-09abd]:DecodeUtteranceLatticeFaster():decoder-wrappers.cc:289) Log-like per frame for utterance M503643533-283627236_157752-509985497_1536718451-GB-M-007 is -4.11165 over 1008 frames.
M503643533-283627236_157752-509985497_1536718451-GB-M-009 YOUR QUESTIONS 
LOG (gmm-latgen-faster[5.5.480~1-09abd]:DecodeUtteranceLatticeFaster():decoder-wrappers.cc:289) Log-like per frame for utterance M503643533-283627236_157752-509985497_1536718451-GB-M-009 is -4.43089 over 155 frames.
M503643533-283627236_157752-509985497_1536718451-GB-M-011 OH LET'S GO BACK TO THE START 
LOG (gmm-latgen-faster[5.5.480~1-09abd]:DecodeUtteranceLatticeFaster():decoder-wrappers.cc:289) Log-like per frame for utterance M503643533-283627236_157752-509985497_1536718451-GB-M-011 is -4.30395 over 436 frames.
M503643533-283627236_157752-509985497_1536718451-GB-M-012 RUNNING IN CIRCLES COMING UP TAILS HEADS ON A SCIENCE NOBODY SAID IT WAS EASY SAID IN SUCH A SHAME FOR US TO PART DON'T NOBODY SAID IT WAS EASY 
LOG (gmm-latgen-faster[5.5.480~1-09abd]:DecodeUtteranceLatticeFaster():decoder-wrappers.cc:289) Log-like per frame for utterance M503643533-283627236_157752-509985497_1536718451-GB-M-012 is -4.2948 over 3075 frames.
M503643533-283627236_157752-509985497_1536718451-GB-M-020 NO SAID IT ON BE THIS HARD 
LOG (gmm-latgen-faster[5.5.480~1-09abd]:DecodeUtteranceLatticeFaster():decoder-wrappers.cc:289) Log-like per frame for utterance M503643533-283627236_157752-509985497_1536718451-GB-M-020 is -4.19476 over 511 frames.
M503643533-283627236_157752-509985497_1536718451-GB-M-022 TAKE ME BACK TO THE START 
LOG (gmm-latgen-faster[5.5.480~1-09abd]:DecodeUtteranceLatticeFaster():decoder-wrappers.cc:289) Log-like per frame for utterance M503643533-283627236_157752-509985497_1536718451-GB-M-022 is -3.81585 over 2882 frames.
M503643533-283627236_157752-509985497_1536718451-GB-M-023 JUST GUESSING 
LOG (gmm-latgen-faster[5.5.480~1-09abd]:DecodeUtteranceLatticeFaster():decoder-wrappers.cc:289) Log-like per frame for utterance M503643533-283627236_157752-509985497_1536718451-GB-M-023 is -4.19881 over 265 frames.
M503643533-283627236_157752-509985497_1536718451-GB-M-024 
LOG (gmm-latgen-faster[5.5.480~1-09abd]:DecodeUtteranceLatticeFaster():decoder-wrappers.cc:289) Log-like per frame for utterance M503643533-283627236_157752-509985497_1536718451-GB-M-024 is -4.04808 over 341 frames.
M503643533-283627236_157752-509985497_1536718451-GB-M-026 OH OF PUZZLES APART 
LOG (gmm-latgen-faster[5.5.480~1-09abd]:DecodeUtteranceLatticeFaster():decoder-wrappers.cc:289) Log-like per frame for utterance M503643533-283627236_157752-509985497_1536718451-GB-M-026 is -4.19887 over 587 frames.
M503643533-283627236_157752-509985497_1536718451-GB-M-027 QUESTIONS 
LOG (gmm-latgen-faster[5.5.480~1-09abd]:DecodeUtteranceLatticeFaster():decoder-wrappers.cc:289) Log-like per frame for utterance M503643533-283627236_157752-509985497_1536718451-GB-M-027 is -4.72703 over 289 frames.
M503643533-283627236_157752-509985497_1536718451-GB-M-028 SCIENCE AND PROGRESS DO NOT SPEAK AS LOUD AS MY HEART TELL ME YOU LOVE 
LOG (gmm-latgen-faster[5.5.480~1-09abd]:DecodeUtteranceLatticeFaster():decoder-wrappers.cc:289) Log-like per frame for utterance M503643533-283627236_157752-509985497_1536718451-GB-M-028 is -4.48441 over 1242 frames.
M503643533-283627236_157752-509985497_1536718451-GB-M-032 MY HEART TELL 
LOG (gmm-latgen-faster[5.5.480~1-09abd]:DecodeUtteranceLatticeFaster():decoder-wrappers.cc:289) Log-like per frame for utterance M503643533-283627236_157752-509985497_1536718451-GB-M-032 is -4.30849 over 271 frames.
M503643533-283627236_157752-509985497_1536718451-GB-M-034 OH THE START RUNNING IN CIRCLES CHASING OUR TAILS COMING BACK AS WE ARE SAID IT WAS EASY 
LOG (gmm-latgen-faster[5.5.480~1-09abd]:DecodeUtteranceLatticeFaster():decoder-wrappers.cc:289) Log-like per frame for utterance M503643533-283627236_157752-509985497_1536718451-GB-M-034 is -4.28011 over 2568 frames.
M503643533-283627236_157752-509985497_1536718451-GB-M-040 SHAME FOR US TO PART NOBODY SAID IT WAS EASY 
LOG (gmm-latgen-faster[5.5.480~1-09abd]:DecodeUtteranceLatticeFaster():decoder-wrappers.cc:289) Log-like per frame for utterance M503643533-283627236_157752-509985497_1536718451-GB-M-040 is -3.95228 over 1282 frames.
M503643533-283627236_157752-509985497_1536718451-GB-M-043 BE SO HARD 
LOG (gmm-latgen-faster[5.5.480~1-09abd]:DecodeUtteranceLatticeFaster():decoder-wrappers.cc:289) Log-like per frame for utterance M503643533-283627236_157752-509985497_1536718451-GB-M-043 is -3.97977 over 841 frames.
M503643533-283627236_157752-509985497_1536718451-GB-M-044 NO BACK TO THE START 
LOG (gmm-latgen-faster[5.5.480~1-09abd]:DecodeUtteranceLatticeFaster():decoder-wrappers.cc:289) Log-like per frame for utterance M503643533-283627236_157752-509985497_1536718451-GB-M-044 is -4.11624 over 813 frames.
M516441163-394756275_109718-516438342_1601805198-GB-M-003 MIGHTA TOOK THE LONG WAY 
LOG (gmm-latgen-faster[5.5.480~1-09abd]:DecodeUtteranceLatticeFaster():decoder-wrappers.cc:289) Log-like per frame for utterance M516441163-394756275_109718-516438342_1601805198-GB-M-003 is -4.8477 over 227 frames.
M516441163-394756275_109718-516438342_1601805198-GB-M-005 WE KNEW WE'D GET THERE SOMEDAY IT 
LOG (gmm-latgen-faster[5.5.480~1-09abd]:DecodeUtteranceLatticeFaster():decoder-wrappers.cc:289) Log-like per frame for utterance M516441163-394756275_109718-516438342_1601805198-GB-M-005 is -4.57337 over 335 frames.
M516441163-394756275_109718-516438342_1601805198-GB-M-008 BUT JUST LOOK AT US HOLDING ON 
LOG (gmm-latgen-faster[5.5.480~1-09abd]:DecodeUtteranceLatticeFaster():decoder-wrappers.cc:289) Log-like per frame for utterance M516441163-394756275_109718-516438342_1601805198-GB-M-008 is -3.83569 over 567 frames.
M516441163-394756275_109718-516438342_1601805198-GB-M-010 WE'RE STILL TOGETHER STILL GOING STRONG STILL THE ONE YOU'RE STILL THE 
LOG (gmm-latgen-faster[5.5.480~1-09abd]:DecodeUtteranceLatticeFaster():decoder-wrappers.cc:289) Log-like per frame for utterance M516441163-394756275_109718-516438342_1601805198-GB-M-010 is -3.92819 over 932 frames.
M516441163-394756275_109718-516438342_1601805198-GB-M-013 THE ONE THAT I BELONG TO YOU'RE STILL THE ONE I WANT FOR LIFE YOU'RE STILL THE ONE WILL THE LOVE 
LOG (gmm-latgen-faster[5.5.480~1-09abd]:DecodeUtteranceLatticeFaster():decoder-wrappers.cc:289) Log-like per frame for utterance M516441163-394756275_109718-516438342_1601805198-GB-M-013 is -3.70046 over 1135 frames.
M516441163-394756275_109718-516438342_1601805198-GB-M-017 THE ONLY ONE I DREAM OF YOU'RE STILL THE ONE I KISS GOOD NIGHT 
LOG (gmm-latgen-faster[5.5.480~1-09abd]:DecodeUtteranceLatticeFaster():decoder-wrappers.cc:289) Log-like per frame for utterance M516441163-394756275_109718-516438342_1601805198-GB-M-017 is -3.56875 over 861 frames.
M516441163-394756275_109718-516438342_1601805198-GB-M-020 AIN'T NOTHING BETTER 
LOG (gmm-latgen-faster[5.5.480~1-09abd]:DecodeUtteranceLatticeFaster():decoder-wrappers.cc:289) Log-like per frame for utterance M516441163-394756275_109718-516438342_1601805198-GB-M-020 is -4.04949 over 220 frames.
M516441163-394756275_109718-516438342_1601805198-GB-M-021 WE BEAT THE ODDS TOGETHER I'M GLAD WE DIDN'T LISTEN 
LOG (gmm-latgen-faster[5.5.480~1-09abd]:DecodeUtteranceLatticeFaster():decoder-wrappers.cc:289) Log-like per frame for utterance M516441163-394756275_109718-516438342_1601805198-GB-M-021 is -4.23942 over 566 frames.
M516441163-394756275_109718-516438342_1601805198-GB-M-024 LOOK AT WHAT WE WOULD BE MISSING THEY SAID I BET 
LOG (gmm-latgen-faster[5.5.480~1-09abd]:DecodeUtteranceLatticeFaster():decoder-wrappers.cc:289) Log-like per frame for utterance M516441163-394756275_109718-516438342_1601805198-GB-M-024 is -4.85044 over 617 frames.
M516441163-394756275_109718-516438342_1601805198-GB-M-026 THEY'LL THEY'LL MAKE AND 
LOG (gmm-latgen-faster[5.5.480~1-09abd]:DecodeUtteranceLatticeFaster():decoder-wrappers.cc:289) Log-like per frame for utterance M516441163-394756275_109718-516438342_1601805198-GB-M-026 is -4.95199 over 196 frames.
M516441163-394756275_109718-516438342_1601805198-GB-M-030 YOU'RE STILL THE ONE I LOVE 
LOG (gmm-latgen-faster[5.5.480~1-09abd]:DecodeUtteranceLatticeFaster():decoder-wrappers.cc:289) Log-like per frame for utterance M516441163-394756275_109718-516438342_1601805198-GB-M-030 is -4.27341 over 157 frames.
M516441163-394756275_109718-516438342_1601805198-GB-M-032 THE ONE THAT I BELONG TO YOU'RE STILL THE ONE I WANT FOR LIFE YOU'RE STILL THE ONE I 
LOG (gmm-latgen-faster[5.5.480~1-09abd]:DecodeUtteranceLatticeFaster():decoder-wrappers.cc:289) Log-like per frame for utterance M516441163-394756275_109718-516438342_1601805198-GB-M-032 is -3.62662 over 1123 frames.
M516441163-394756275_109718-516438342_1601805198-GB-M-036 THE ONLY ONE I DREAM OF YOU'RE STILL THE ONE I KISS GOOD NIGHT WHAT STILL THE ONE 
LOG (gmm-latgen-faster[5.5.480~1-09abd]:DecodeUtteranceLatticeFaster():decoder-wrappers.cc:289) Log-like per frame for utterance M516441163-394756275_109718-516438342_1601805198-GB-M-036 is -3.85697 over 2592 frames.
M516441163-394756275_109718-516438342_1601805198-GB-M-043 THE ONE THAT I BELONG TO YOU'RE STILL THE ONE I WANT FOR LIFE YOU'RE STILL THE ONE YOU'RE STILL THE 
LOG (gmm-latgen-faster[5.5.480~1-09abd]:DecodeUtteranceLatticeFaster():decoder-wrappers.cc:289) Log-like per frame for utterance M516441163-394756275_109718-516438342_1601805198-GB-M-043 is -3.65681 over 1200 frames.
M516441163-394756275_109718-516438342_1601805198-GB-M-047 THE ONLY ONE I DREAM OF YOU'RE STILL THE ONE I KISS GOOD NIGHT 
LOG (gmm-latgen-faster[5.5.480~1-09abd]:DecodeUtteranceLatticeFaster():decoder-wrappers.cc:289) Log-like per frame for utterance M516441163-394756275_109718-516438342_1601805198-GB-M-047 is -3.65198 over 871 frames.
M516441163-394756275_109718-516438342_1601805198-GB-M-050 I'M SO GLAD WE MADE IT 
LOG (gmm-latgen-faster[5.5.480~1-09abd]:DecodeUtteranceLatticeFaster():decoder-wrappers.cc:289) Log-like per frame for utterance M516441163-394756275_109718-516438342_1601805198-GB-M-050 is -4.26153 over 239 frames.
M516441163-394756275_109718-516438342_1601805198-GB-M-051 LOOK HOW FAR WE'VE COME MY BABY 
LOG (gmm-latgen-faster[5.5.480~1-09abd]:DecodeUtteranceLatticeFaster():decoder-wrappers.cc:289) Log-like per frame for utterance M516441163-394756275_109718-516438342_1601805198-GB-M-051 is -4.19536 over 529 frames.
M516441163-444098662_484169-516438342_1633009569-GB-M-006 OH I A LONG 
LOG (gmm-latgen-faster[5.5.480~1-09abd]:DecodeUtteranceLatticeFaster():decoder-wrappers.cc:289) Log-like per frame for utterance M516441163-444098662_484169-516438342_1633009569-GB-M-006 is -2.88608 over 473 frames.
M516441163-444098662_484169-516438342_1633009569-GB-M-008 MY DARLING 
LOG (gmm-latgen-faster[5.5.480~1-09abd]:DecodeUtteranceLatticeFaster():decoder-wrappers.cc:289) Log-like per frame for utterance M516441163-444098662_484169-516438342_1633009569-GB-M-008 is -3.87285 over 206 frames.
M516441163-444098662_484169-516438342_1633009569-GB-M-009 I'VE HUNGERED FOR YOUR TOUCH 
LOG (gmm-latgen-faster[5.5.480~1-09abd]:DecodeUtteranceLatticeFaster():decoder-wrappers.cc:289) Log-like per frame for utterance M516441163-444098662_484169-516438342_1633009569-GB-M-009 is -3.64567 over 463 frames.
M516441163-444098662_484169-516438342_1633009569-GB-M-011 A LONG 
LOG (gmm-latgen-faster[5.5.480~1-09abd]:DecodeUtteranceLatticeFaster():decoder-wrappers.cc:289) Log-like per frame for utterance M516441163-444098662_484169-516438342_1633009569-GB-M-011 is -3.95649 over 192 frames.
M516441163-444098662_484169-516438342_1633009569-GB-M-012 LONELY TIME 
LOG (gmm-latgen-faster[5.5.480~1-09abd]:DecodeUtteranceLatticeFaster():decoder-wrappers.cc:289) Log-like per frame for utterance M516441163-444098662_484169-516438342_1633009569-GB-M-012 is -3.22895 over 345 frames.
M516441163-444098662_484169-516438342_1633009569-GB-M-019 ARE YOU 
LOG (gmm-latgen-faster[5.5.480~1-09abd]:DecodeUtteranceLatticeFaster():decoder-wrappers.cc:289) Log-like per frame for utterance M516441163-444098662_484169-516438342_1633009569-GB-M-019 is -3.47641 over 190 frames.
M516441163-444098662_484169-516438342_1633009569-GB-M-020 STILL MINE I NEED YOUR LOVE 
LOG (gmm-latgen-faster[5.5.480~1-09abd]:DecodeUtteranceLatticeFaster():decoder-wrappers.cc:289) Log-like per frame for utterance M516441163-444098662_484169-516438342_1633009569-GB-M-020 is -3.01782 over 1162 frames.
M516441163-444098662_484169-516438342_1633009569-GB-M-026 DON'T SPEED YOUR LOVE 
LOG (gmm-latgen-faster[5.5.480~1-09abd]:DecodeUtteranceLatticeFaster():decoder-wrappers.cc:289) Log-like per frame for utterance M516441163-444098662_484169-516438342_1633009569-GB-M-026 is -3.17804 over 239 frames.
M516441163-444098662_484169-516438342_1633009569-GB-M-028 TO WHAT ME 
LOG (gmm-latgen-faster[5.5.480~1-09abd]:DecodeUtteranceLatticeFaster():decoder-wrappers.cc:289) Log-like per frame for utterance M516441163-444098662_484169-516438342_1633009569-GB-M-028 is -2.87744 over 693 frames.
M516441163-444098662_484169-516438342_1633009569-GB-M-034 LONELY RIVERS SIGH WAIT FOR ME WAIT FOR ME 
LOG (gmm-latgen-faster[5.5.480~1-09abd]:DecodeUtteranceLatticeFaster():decoder-wrappers.cc:289) Log-like per frame for utterance M516441163-444098662_484169-516438342_1633009569-GB-M-034 is -3.75687 over 649 frames.
M516441163-444098662_484169-516438342_1633009569-GB-M-037 I'LL BE COMING HOME WAIT FOR ME 
LOG (gmm-latgen-faster[5.5.480~1-09abd]:DecodeUtteranceLatticeFaster():decoder-wrappers.cc:289) Log-like per frame for utterance M516441163-444098662_484169-516438342_1633009569-GB-M-037 is -3.12295 over 635 frames.
M516441163-444098662_484169-516438342_1633009569-GB-M-048 AND TIME GOES BY 
LOG (gmm-latgen-faster[5.5.480~1-09abd]:DecodeUtteranceLatticeFaster():decoder-wrappers.cc:289) Log-like per frame for utterance M516441163-444098662_484169-516438342_1633009569-GB-M-048 is -3.14798 over 559 frames.
M516441163-444098662_484169-516438342_1633009569-GB-M-050 SO SLOWLY 
LOG (gmm-latgen-faster[5.5.480~1-09abd]:DecodeUtteranceLatticeFaster():decoder-wrappers.cc:289) Log-like per frame for utterance M516441163-444098662_484169-516438342_1633009569-GB-M-050 is -3.54091 over 223 frames.
M516441163-444098662_484169-516438342_1633009569-GB-M-051 AND TIME 
LOG (gmm-latgen-faster[5.5.480~1-09abd]:DecodeUtteranceLatticeFaster():decoder-wrappers.cc:289) Log-like per frame for utterance M516441163-444098662_484169-516438342_1633009569-GB-M-051 is -4.09465 over 99 frames.
M516441163-444098662_484169-516438342_1633009569-GB-M-052 CAN DO 
LOG (gmm-latgen-faster[5.5.480~1-09abd]:DecodeUtteranceLatticeFaster():decoder-wrappers.cc:289) Log-like per frame for utterance M516441163-444098662_484169-516438342_1633009569-GB-M-052 is -3.39202 over 103 frames.
M516441163-444098662_484169-516438342_1633009569-GB-M-053 SO MUCH 
LOG (gmm-latgen-faster[5.5.480~1-09abd]:DecodeUtteranceLatticeFaster():decoder-wrappers.cc:289) Log-like per frame for utterance M516441163-444098662_484169-516438342_1633009569-GB-M-053 is -3.12262 over 162 frames.
M516441163-444098662_484169-516438342_1633009569-GB-M-054 ARE YOU 
LOG (gmm-latgen-faster[5.5.480~1-09abd]:DecodeUtteranceLatticeFaster():decoder-wrappers.cc:289) Log-like per frame for utterance M516441163-444098662_484169-516438342_1633009569-GB-M-054 is -3.63882 over 196 frames.
M516441163-444098662_484169-516438342_1633009569-GB-M-055 STILL MINE 
LOG (gmm-latgen-faster[5.5.480~1-09abd]:DecodeUtteranceLatticeFaster():decoder-wrappers.cc:289) Log-like per frame for utterance M516441163-444098662_484169-516438342_1633009569-GB-M-055 is -2.31783 over 589 frames.
M516441163-444098662_484169-516438342_1633009569-GB-M-056 I ME YOUR LOVE 
LOG (gmm-latgen-faster[5.5.480~1-09abd]:DecodeUtteranceLatticeFaster():decoder-wrappers.cc:289) Log-like per frame for utterance M516441163-444098662_484169-516438342_1633009569-GB-M-056 is -4.78334 over 568 frames.
M516441163-444098662_484169-516438342_1633009569-GB-M-059 I YOUR LOVE 
LOG (gmm-latgen-faster[5.5.480~1-09abd]:DecodeUtteranceLatticeFaster():decoder-wrappers.cc:289) Log-like per frame for utterance M516441163-444098662_484169-516438342_1633009569-GB-M-059 is -2.91341 over 462 frames.
M516441163-444098662_484169-516438342_1633009569-GB-M-061 GOD SPEED YOUR LOVE 
LOG (gmm-latgen-faster[5.5.480~1-09abd]:DecodeUtteranceLatticeFaster():decoder-wrappers.cc:289) Log-like per frame for utterance M516441163-444098662_484169-516438342_1633009569-GB-M-061 is -2.97953 over 283 frames.
M516441163-444098662_484169-516438342_1633009569-GB-M-063 TO ROLE ME 
LOG (gmm-latgen-faster[5.5.480~1-09abd]:DecodeUtteranceLatticeFaster():decoder-wrappers.cc:289) Log-like per frame for utterance M516441163-444098662_484169-516438342_1633009569-GB-M-063 is -2.85022 over 760 frames.
M516441163-444098662_484169-516438342_1633009569-GB-M-066 I FOR ONE COOL 
LOG (gmm-latgen-faster[5.5.480~1-09abd]:DecodeUtteranceLatticeFaster():decoder-wrappers.cc:289) Log-like per frame for utterance M516441163-444098662_484169-516438342_1633009569-GB-M-066 is -4.49423 over 312 frames.
M516441163-556327112_2016365-343213573_1617312566-GB-M-001 I DON'T LIKE YOUR <UNK> I DON'T LIKE YOUR 
LOG (gmm-latgen-faster[5.5.480~1-09abd]:DecodeUtteranceLatticeFaster():decoder-wrappers.cc:289) Log-like per frame for utterance M516441163-556327112_2016365-343213573_1617312566-GB-M-001 is -4.71594 over 717 frames.
M516441163-556327112_2016365-343213573_1617312566-GB-M-003 THE ROLE YOU MADE ME PLAY 
LOG (gmm-latgen-faster[5.5.480~1-09abd]:DecodeUtteranceLatticeFaster():decoder-wrappers.cc:289) Log-like per frame for utterance M516441163-556327112_2016365-343213573_1617312566-GB-M-003 is -4.61363 over 340 frames.
M516441163-556327112_2016365-343213573_1617312566-GB-M-006 I 
LOG (gmm-latgen-faster[5.5.480~1-09abd]:DecodeUtteranceLatticeFaster():decoder-wrappers.cc:289) Log-like per frame for utterance M516441163-556327112_2016365-343213573_1617312566-GB-M-006 is -4.68963 over 126 frames.
M516441163-556327112_2016365-343213573_1617312566-GB-M-007 I LIKE LIKE YOUR PERFECT 
LOG (gmm-latgen-faster[5.5.480~1-09abd]:DecodeUtteranceLatticeFaster():decoder-wrappers.cc:289) Log-like per frame for utterance M516441163-556327112_2016365-343213573_1617312566-GB-M-007 is -4.76776 over 413 frames.
M516441163-556327112_2016365-343213573_1617312566-GB-M-008 RIGHT HOW YOU LAUGH WHEN YOU LIE YOU SAID THE GUN WAS MINE ISN'T 
LOG (gmm-latgen-faster[5.5.480~1-09abd]:DecodeUtteranceLatticeFaster():decoder-wrappers.cc:289) Log-like per frame for utterance M516441163-556327112_2016365-343213573_1617312566-GB-M-008 is -4.73011 over 841 frames.
M516441163-556327112_2016365-343213573_1617312566-GB-M-011 NO THE WHEN DON'T LIKE AND BUT I GOT SMARTER I GOT HARDER IN THE NICK OF TIME HONEY I ROSE UP FROM THE DEAD I DO IT ALL THE TIME I GOT A LIST OF NAMES AND YOURS IS LET AND ALL THE LIFE 
LOG (gmm-latgen-faster[5.5.480~1-09abd]:DecodeUtteranceLatticeFaster():decoder-wrappers.cc:289) Log-like per frame for utterance M516441163-556327112_2016365-343213573_1617312566-GB-M-011 is -4.65578 over 1471 frames.
M516441163-556327112_2016365-343213573_1617312566-GB-M-025 OOH LOOK WHAT YOU MADE ME DO LOOK WHAT YOU MADE ME DO LOOK WHAT YOU JUST MADE ME DO LOOK WHAT YOU 
LOG (gmm-latgen-faster[5.5.480~1-09abd]:DecodeUtteranceLatticeFaster():decoder-wrappers.cc:289) Log-like per frame for utterance M516441163-556327112_2016365-343213573_1617312566-GB-M-025 is -4.8947 over 670 frames.
M516441163-556327112_2016365-343213573_1617312566-GB-M-030 JUST MADE ME DO LOOK WHAT YOU 
LOG (gmm-latgen-faster[5.5.480~1-09abd]:DecodeUtteranceLatticeFaster():decoder-wrappers.cc:289) Log-like per frame for utterance M516441163-556327112_2016365-343213573_1617312566-GB-M-030 is -4.82093 over 221 frames.
M516441163-556327112_2016365-343213573_1617312566-GB-M-031 LOOK WHAT YOU 
LOG (gmm-latgen-faster[5.5.480~1-09abd]:DecodeUtteranceLatticeFaster():decoder-wrappers.cc:289) Log-like per frame for utterance M516441163-556327112_2016365-343213573_1617312566-GB-M-031 is -4.8113 over 150 frames.
M516441163-556327112_2016365-343213573_1617312566-GB-M-035 I DON'T LIKE YOUR KINGDOM KEYS THEY ONCE BELONGED TO ME YOU ASKED ME FOR A 
LOG (gmm-latgen-faster[5.5.480~1-09abd]:DecodeUtteranceLatticeFaster():decoder-wrappers.cc:289) Log-like per frame for utterance M516441163-556327112_2016365-343213573_1617312566-GB-M-035 is -4.46283 over 1111 frames.
M516441163-556327112_2016365-343213573_1617312566-GB-M-038 PLACE TO SLEEP AND THREW A FEAST WHAT THE LOVE THE DEAD FOR DRAMA DRAMA BUT NOT FOR ME NOT FOR ME ALL I THINK ABOUT IS KARMA AND THEN THE WORLD MOVES BUT ONE THING IS FOR SURE GOT A BUT BUT YOU'LL GET YOURS 
LOG (gmm-latgen-faster[5.5.480~1-09abd]:DecodeUtteranceLatticeFaster():decoder-wrappers.cc:289) Log-like per frame for utterance M516441163-556327112_2016365-343213573_1617312566-GB-M-038 is -5.00404 over 1842 frames.
M516441163-556327112_2016365-343213573_1617312566-GB-M-053 I 
LOG (gmm-latgen-faster[5.5.480~1-09abd]:DecodeUtteranceLatticeFaster():decoder-wrappers.cc:289) Log-like per frame for utterance M516441163-556327112_2016365-343213573_1617312566-GB-M-053 is -4.79858 over 178 frames.
M516441163-556327112_2016365-343213573_1617312566-GB-M-055 
LOG (gmm-latgen-faster[5.5.480~1-09abd]:DecodeUtteranceLatticeFaster():decoder-wrappers.cc:289) Log-like per frame for utterance M516441163-556327112_2016365-343213573_1617312566-GB-M-055 is -4.88306 over 349 frames.
M516441163-556327112_2016365-343213573_1617312566-GB-M-057 I GOT LIST AND YOURS IS IN RED AND THEN I CHECK IT ONCE IT TWICE 
LOG (gmm-latgen-faster[5.5.480~1-09abd]:DecodeUtteranceLatticeFaster():decoder-wrappers.cc:289) Log-like per frame for utterance M516441163-556327112_2016365-343213573_1617312566-GB-M-057 is -4.73723 over 647 frames.
M516441163-556327112_2016365-343213573_1617312566-GB-M-063 OOH LOOK WHAT YOU 
LOG (gmm-latgen-faster[5.5.480~1-09abd]:DecodeUtteranceLatticeFaster():decoder-wrappers.cc:289) Log-like per frame for utterance M516441163-556327112_2016365-343213573_1617312566-GB-M-063 is -5.06868 over 203 frames.
M516441163-556327112_2016365-343213573_1617312566-GB-M-065 LOOK WHAT YOU JUST LOOK WHAT YOU JUST MADE ME DO LOOK WHAT YOU MADE ME DO LOOK WHAT YOU MADE ME DO LOOK WHAT YOU JUST MADE ME DO LOOK WHAT YOU 
LOG (gmm-latgen-faster[5.5.480~1-09abd]:DecodeUtteranceLatticeFaster():decoder-wrappers.cc:289) Log-like per frame for utterance M516441163-556327112_2016365-343213573_1617312566-GB-M-065 is -5.28171 over 1092 frames.
M516441163-556327112_2016365-343213573_1617312566-GB-M-079 AND NOBODY AND NOBODY TRUSTS ME I'LL BE THE ACTRESS STARRING IN YOUR BAD DREAMS I DON'T TRUST NOBODY AND NOBODY TRUSTS ME I'LL BE THE ACTRESS STARRING IN YOUR BAD DREAMS 
LOG (gmm-latgen-faster[5.5.480~1-09abd]:DecodeUtteranceLatticeFaster():decoder-wrappers.cc:289) Log-like per frame for utterance M516441163-556327112_2016365-343213573_1617312566-GB-M-079 is -4.4047 over 1482 frames.
M516441163-556327112_2016365-343213573_1617312566-GB-M-089 AND NOBODY AND NOBODY TRUSTS ME I'LL BE THE ACTRESS STARRING IN YOUR BAD DREAMS 
LOG (gmm-latgen-faster[5.5.480~1-09abd]:DecodeUtteranceLatticeFaster():decoder-wrappers.cc:289) Log-like per frame for utterance M516441163-556327112_2016365-343213573_1617312566-GB-M-089 is -4.40073 over 699 frames.
M516441163-556327112_2016365-343213573_1617312566-GB-M-098 OOH LOOK WHAT YOU MADE ME DO LOOK WHAT YOU MADE ME DO 
LOG (gmm-latgen-faster[5.5.480~1-09abd]:DecodeUtteranceLatticeFaster():decoder-wrappers.cc:289) Log-like per frame for utterance M516441163-556327112_2016365-343213573_1617312566-GB-M-098 is -4.44653 over 366 frames.
M516441163-556327112_2016365-343213573_1617312566-GB-M-100 LOOK WHAT YOU JUST MADE ME DO LOOK WHAT YOU JUST MADE ME DO OOH LOOK WHAT YOU MADE ME DO LOOK WHAT YOU MADE ME DO LOOK WHAT YOU JUST MADE ME DO LOOK WHAT YOU JUST MADE ME DO OOH LOOK WHAT YOU MADE ME DO LOOK WHAT YOU MADE ME DO LOOK WHAT YOU JUST MADE ME DO LOOK WHAT YOU JUST MADE ME DO LOOK WHAT YOU MADE ME DO LOOK WHAT YOU MADE ME DO LOOK WHAT YOU JUST MADE ME DO LOOK WHAT YOU JUST MADE ME DO 
LOG (gmm-latgen-faster[5.5.480~1-09abd]:DecodeUtteranceLatticeFaster():decoder-wrappers.cc:289) Log-like per frame for utterance M516441163-556327112_2016365-343213573_1617312566-GB-M-100 is -4.75998 over 2620 frames.
M518766595-95450022_741404-1334981999_1550765821-GB-M-001 I MY TICKET FOR THE LONG WAY ROUND TWO BOTTLE WHISKEY FOR THE WAY 
LOG (gmm-latgen-faster[5.5.480~1-09abd]:DecodeUtteranceLatticeFaster():decoder-wrappers.cc:289) Log-like per frame for utterance M518766595-95450022_741404-1334981999_1550765821-GB-M-001 is -4.73258 over 573 frames.
M518766595-95450022_741404-1334981999_1550765821-GB-M-003 AND I SURE WOULD LIKE SOME SWEET COMPANY AND I'M LEAVING TOMORROW WHAT DO YOU SAY 
LOG (gmm-latgen-faster[5.5.480~1-09abd]:DecodeUtteranceLatticeFaster():decoder-wrappers.cc:289) Log-like per frame for utterance M518766595-95450022_741404-1334981999_1550765821-GB-M-003 is -4.34212 over 801 frames.
M518766595-95450022_741404-1334981999_1550765821-GB-M-008 
LOG (gmm-latgen-faster[5.5.480~1-09abd]:DecodeUtteranceLatticeFaster():decoder-wrappers.cc:289) Log-like per frame for utterance M518766595-95450022_741404-1334981999_1550765821-GB-M-008 is -4.24987 over 238 frames.
M518766595-95450022_741404-1334981999_1550765821-GB-M-013 WHEN I'M GONE 
LOG (gmm-latgen-faster[5.5.480~1-09abd]:DecodeUtteranceLatticeFaster():decoder-wrappers.cc:289) Log-like per frame for utterance M518766595-95450022_741404-1334981999_1550765821-GB-M-013 is -3.80246 over 139 frames.
M518766595-95450022_741404-1334981999_1550765821-GB-M-015 WHEN I'M GONE ON 
LOG (gmm-latgen-faster[5.5.480~1-09abd]:DecodeUtteranceLatticeFaster():decoder-wrappers.cc:289) Log-like per frame for utterance M518766595-95450022_741404-1334981999_1550765821-GB-M-015 is -4.44854 over 203 frames.
M518766595-95450022_741404-1334981999_1550765821-GB-M-016 YOU'RE GONNA MISS ME WHEN I'M GONE YOU'RE GONNA MISS ME BY MY WALK YOU'RE GONNA MISS ME BY MY TALK OH YOU'RE GONNA MISS ME WHEN I'M GONE 
LOG (gmm-latgen-faster[5.5.480~1-09abd]:DecodeUtteranceLatticeFaster():decoder-wrappers.cc:289) Log-like per frame for utterance M518766595-95450022_741404-1334981999_1550765821-GB-M-016 is -4.31424 over 969 frames.
M518766595-95450022_741404-1334981999_1550765821-GB-M-026 WHEN I'M GONE WHEN I'M GONE 
LOG (gmm-latgen-faster[5.5.480~1-09abd]:DecodeUtteranceLatticeFaster():decoder-wrappers.cc:289) Log-like per frame for utterance M518766595-95450022_741404-1334981999_1550765821-GB-M-026 is -3.57957 over 298 frames.
M518766595-95450022_741404-1334981999_1550765821-GB-M-029 YOU'RE GONNA MISS ME WHEN I'M GONE 
LOG (gmm-latgen-faster[5.5.480~1-09abd]:DecodeUtteranceLatticeFaster():decoder-wrappers.cc:289) Log-like per frame for utterance M518766595-95450022_741404-1334981999_1550765821-GB-M-029 is -4.01637 over 243 frames.
M518766595-95450022_741404-1334981999_1550765821-GB-M-030 YOU'RE GONNA MISS ME BY MY WALK YOU'RE GONNA MISS ME BY MY TALK OH 
LOG (gmm-latgen-faster[5.5.480~1-09abd]:DecodeUtteranceLatticeFaster():decoder-wrappers.cc:289) Log-like per frame for utterance M518766595-95450022_741404-1334981999_1550765821-GB-M-030 is -4.37931 over 408 frames.
M518766595-95450022_741404-1334981999_1550765821-GB-M-032 YOU'RE GONNA MISS ME WHEN I'M GONE 
LOG (gmm-latgen-faster[5.5.480~1-09abd]:DecodeUtteranceLatticeFaster():decoder-wrappers.cc:289) Log-like per frame for utterance M518766595-95450022_741404-1334981999_1550765821-GB-M-032 is -4.03781 over 212 frames.
M518766595-95450022_741404-1334981999_1550765821-GB-M-041 WHEN I'M GONE WHEN I'M GONE YOU'RE GONNA MISS ME WHEN I'M GONE YOU'RE GONNA MISS ME BY MY WALK YOU'RE GONNA MISS ME BY MY TALK OH YOU'RE GONNA MISS ME WHEN I'M GONE 
LOG (gmm-latgen-faster[5.5.480~1-09abd]:DecodeUtteranceLatticeFaster():decoder-wrappers.cc:289) Log-like per frame for utterance M518766595-95450022_741404-1334981999_1550765821-GB-M-041 is -4.20786 over 1807 frames.
M519909720-405192194_1953492-1255737690_1552504147-GB-M-001 I'VE BEEN STANDING AT THE EDGE OF THE WATER WANT IS I CAN REMEMBER NEVER REALLY KNOWING 
LOG (gmm-latgen-faster[5.5.480~1-09abd]:DecodeUtteranceLatticeFaster():decoder-wrappers.cc:289) Log-like per frame for utterance M519909720-405192194_1953492-1255737690_1552504147-GB-M-001 is -4.28646 over 952 frames.
M519909720-405192194_1953492-1255737690_1552504147-GB-M-010 TAKE EVERY TRAIL I TRACK 
LOG (gmm-latgen-faster[5.5.480~1-09abd]:DecodeUtteranceLatticeFaster():decoder-wrappers.cc:289) Log-like per frame for utterance M519909720-405192194_1953492-1255737690_1552504147-GB-M-010 is -4.92913 over 174 frames.
M519909720-405192194_1953492-1255737690_1552504147-GB-M-016 SEE THE LINE WHERE THIS 
LOG (gmm-latgen-faster[5.5.480~1-09abd]:DecodeUtteranceLatticeFaster():decoder-wrappers.cc:289) Log-like per frame for utterance M519909720-405192194_1953492-1255737690_1552504147-GB-M-016 is -5.24284 over 104 frames.
M519909720-405192194_1953492-1255737690_1552504147-GB-M-017 GOT MEETS THE SEA IT CALLS ME AND NO ONE KNOWS HOW FAR IT GOES 
LOG (gmm-latgen-faster[5.5.480~1-09abd]:DecodeUtteranceLatticeFaster():decoder-wrappers.cc:289) Log-like per frame for utterance M519909720-405192194_1953492-1255737690_1552504147-GB-M-017 is -3.81439 over 933 frames.
M519909720-405192194_1953492-1255737690_1552504147-GB-M-024 I KNOW EVERYBODY ON THIS ISLAND SEEMS SO HAPPY ON THIS ISLAND EVERYTHING IS BY DESIGN 
LOG (gmm-latgen-faster[5.5.480~1-09abd]:DecodeUtteranceLatticeFaster():decoder-wrappers.cc:289) Log-like per frame for utterance M519909720-405192194_1953492-1255737690_1552504147-GB-M-024 is -4.2762 over 917 frames.
M519909720-405192194_1953492-1255737690_1552504147-GB-M-032 I CAN MAKE US STRONG I'LL BE SATISFIED IF I PLAY ALONG BUT THE VOICE INSIDE SINGS A DIFFERENT SONG WHAT IS WRONG WITH ME 
LOG (gmm-latgen-faster[5.5.480~1-09abd]:DecodeUtteranceLatticeFaster():decoder-wrappers.cc:289) Log-like per frame for utterance M519909720-405192194_1953492-1255737690_1552504147-GB-M-032 is -4.62392 over 985 frames.
M519909720-405192194_1953492-1255737690_1552504147-GB-M-038 SEE THE LIGHT AS IT SHINES I'M THE SEA 
LOG (gmm-latgen-faster[5.5.480~1-09abd]:DecodeUtteranceLatticeFaster():decoder-wrappers.cc:289) Log-like per frame for utterance M519909720-405192194_1953492-1255737690_1552504147-GB-M-038 is -4.38916 over 209 frames.
M519909720-405192194_1953492-1255737690_1552504147-GB-M-039 IT'S ON THE IN BUT NO ONE KNOWS HOW DEEP IT GOES 
LOG (gmm-latgen-faster[5.5.480~1-09abd]:DecodeUtteranceLatticeFaster():decoder-wrappers.cc:289) Log-like per frame for utterance M519909720-405192194_1953492-1255737690_1552504147-GB-M-039 is -3.6449 over 808 frames.
M519909720-405192194_1953492-1255737690_1552504147-GB-M-046 SEE THE LINE WHERE THE SKY MEETS THE SEA IT CALLS ME 
LOG (gmm-latgen-faster[5.5.480~1-09abd]:DecodeUtteranceLatticeFaster():decoder-wrappers.cc:289) Log-like per frame for utterance M519909720-405192194_1953492-1255737690_1552504147-GB-M-046 is -4.05948 over 449 frames.
M519909720-405192194_1953492-1255737690_1552504147-GB-M-048 AND NO ONE KNOWS HOW FAR IT GOES 
LOG (gmm-latgen-faster[5.5.480~1-09abd]:DecodeUtteranceLatticeFaster():decoder-wrappers.cc:289) Log-like per frame for utterance M519909720-405192194_1953492-1255737690_1552504147-GB-M-048 is -3.20298 over 545 frames.
M519909720-405192194_1953492-1255737690_1552504147-GB-M-049 IF THE WIND IN MY SAIL IT'S 
LOG (gmm-latgen-faster[5.5.480~1-09abd]:DecodeUtteranceLatticeFaster():decoder-wrappers.cc:289) Log-like per frame for utterance M519909720-405192194_1953492-1255737690_1552504147-GB-M-049 is -4.25003 over 176 frames.
M519909720-405192194_1953492-1255737690_1552504147-GB-M-050 SEA STAYS BEHIND ME 
LOG (gmm-latgen-faster[5.5.480~1-09abd]:DecodeUtteranceLatticeFaster():decoder-wrappers.cc:289) Log-like per frame for utterance M519909720-405192194_1953492-1255737690_1552504147-GB-M-050 is -3.69557 over 253 frames.
M519909720-405192194_1953492-1255737690_1552504147-GB-M-051 ONE DAY I'LL KNOW 
LOG (gmm-latgen-faster[5.5.480~1-09abd]:DecodeUtteranceLatticeFaster():decoder-wrappers.cc:289) Log-like per frame for utterance M519909720-405192194_1953492-1255737690_1552504147-GB-M-051 is -2.60951 over 244 frames.
M519909720-405192194_1953492-1255737690_1552504147-GB-M-053 FAR I'LL GO 
LOG (gmm-latgen-faster[5.5.480~1-09abd]:DecodeUtteranceLatticeFaster():decoder-wrappers.cc:289) Log-like per frame for utterance M519909720-405192194_1953492-1255737690_1552504147-GB-M-053 is -1.36396 over 417 frames.
M529522957-3769477_3769477-1156859512_1678959547-GB-M-001 THERE WAS A TIME WHEN MEN WERE KIND WHEN THEIR VOICES WERE SOFT AND THEIR WORDS INVITING THERE WAS A TIME WHEN LOVE WAS BLIND AND THE WORLD WAS A SONG AND THE SONG WAS EXCITING 
LOG (gmm-latgen-faster[5.5.480~1-09abd]:DecodeUtteranceLatticeFaster():decoder-wrappers.cc:289) Log-like per frame for utterance M529522957-3769477_3769477-1156859512_1678959547-GB-M-001 is -4.60709 over 1821 frames.
M529522957-3769477_3769477-1156859512_1678959547-GB-M-003 THERE WAS A TIME 
LOG (gmm-latgen-faster[5.5.480~1-09abd]:DecodeUtteranceLatticeFaster():decoder-wrappers.cc:289) Log-like per frame for utterance M529522957-3769477_3769477-1156859512_1678959547-GB-M-003 is -4.00422 over 246 frames.
M529522957-3769477_3769477-1156859512_1678959547-GB-M-004 THEN IT ALL WENT WRONG 
LOG (gmm-latgen-faster[5.5.480~1-09abd]:DecodeUtteranceLatticeFaster():decoder-wrappers.cc:289) Log-like per frame for utterance M529522957-3769477_3769477-1156859512_1678959547-GB-M-004 is -3.196 over 506 frames.
M529522957-3769477_3769477-1156859512_1678959547-GB-M-005 I DREAMED THAT DREAM IN TIME GONE BY 
LOG (gmm-latgen-faster[5.5.480~1-09abd]:DecodeUtteranceLatticeFaster():decoder-wrappers.cc:289) Log-like per frame for utterance M529522957-3769477_3769477-1156859512_1678959547-GB-M-005 is -3.54886 over 746 frames.
M529522957-3769477_3769477-1156859512_1678959547-GB-M-006 WHEN HOPE WAS HIGH AND LIFE WORTH LIVING 
LOG (gmm-latgen-faster[5.5.480~1-09abd]:DecodeUtteranceLatticeFaster():decoder-wrappers.cc:289) Log-like per frame for utterance M529522957-3769477_3769477-1156859512_1678959547-GB-M-006 is -4.03372 over 593 frames.
M529522957-3769477_3769477-1156859512_1678959547-GB-M-007 I DREAMED THAT LOVE WOULD NEVER DIE 
LOG (gmm-latgen-faster[5.5.480~1-09abd]:DecodeUtteranceLatticeFaster():decoder-wrappers.cc:289) Log-like per frame for utterance M529522957-3769477_3769477-1156859512_1678959547-GB-M-007 is -3.70078 over 698 frames.
M529522957-3769477_3769477-1156859512_1678959547-GB-M-008 I DREAMED THAT GOD WOULD BE FORGIVING 
LOG (gmm-latgen-faster[5.5.480~1-09abd]:DecodeUtteranceLatticeFaster():decoder-wrappers.cc:289) Log-like per frame for utterance M529522957-3769477_3769477-1156859512_1678959547-GB-M-008 is -3.76876 over 694 frames.
M529522957-3769477_3769477-1156859512_1678959547-GB-M-009 THEN I WAS YOUNG AND UNAFRAID 
LOG (gmm-latgen-faster[5.5.480~1-09abd]:DecodeUtteranceLatticeFaster():decoder-wrappers.cc:289) Log-like per frame for utterance M529522957-3769477_3769477-1156859512_1678959547-GB-M-009 is -3.35922 over 682 frames.
M529522957-3769477_3769477-1156859512_1678959547-GB-M-010 AND DREAMS WERE MADE AND USED AND WASTED 
LOG (gmm-latgen-faster[5.5.480~1-09abd]:DecodeUtteranceLatticeFaster():decoder-wrappers.cc:289) Log-like per frame for utterance M529522957-3769477_3769477-1156859512_1678959547-GB-M-010 is -3.4945 over 743 frames.
M529522957-3769477_3769477-1156859512_1678959547-GB-M-011 THERE WAS NO RANSOM A TO BE PAID 
LOG (gmm-latgen-faster[5.5.480~1-09abd]:DecodeUtteranceLatticeFaster():decoder-wrappers.cc:289) Log-like per frame for utterance M529522957-3769477_3769477-1156859512_1678959547-GB-M-011 is -2.98653 over 792 frames.
M529522957-3769477_3769477-1156859512_1678959547-GB-M-013 NO SONG UNSUNG NO WINE NOW AND WASTED WHO 
LOG (gmm-latgen-faster[5.5.480~1-09abd]:DecodeUtteranceLatticeFaster():decoder-wrappers.cc:289) Log-like per frame for utterance M529522957-3769477_3769477-1156859512_1678959547-GB-M-013 is -4.30642 over 619 frames.
M529522957-3769477_3769477-1156859512_1678959547-GB-M-014 BUT THE TIGERS COME AT NIGHT GONE BY 
LOG (gmm-latgen-faster[5.5.480~1-09abd]:DecodeUtteranceLatticeFaster():decoder-wrappers.cc:289) Log-like per frame for utterance M529522957-3769477_3769477-1156859512_1678959547-GB-M-014 is -3.87786 over 539 frames.
M529522957-3769477_3769477-1156859512_1678959547-GB-M-015 WITH THEIR VOICES SOFT SOFT AS THUNDER YOUR 
LOG (gmm-latgen-faster[5.5.480~1-09abd]:DecodeUtteranceLatticeFaster():decoder-wrappers.cc:289) Log-like per frame for utterance M529522957-3769477_3769477-1156859512_1678959547-GB-M-015 is -4.13322 over 623 frames.
M529522957-3769477_3769477-1156859512_1678959547-GB-M-016 AS THEY TEAR YOUR HOPE APART AS THEY TURN YOUR DREAM TO SHAME DO A LET WHO IT EVERY LET 
LOG (gmm-latgen-faster[5.5.480~1-09abd]:DecodeUtteranceLatticeFaster():decoder-wrappers.cc:289) Log-like per frame for utterance M529522957-3769477_3769477-1156859512_1678959547-GB-M-016 is -3.58213 over 1915 frames.
M529522957-3769477_3769477-1156859512_1678959547-GB-M-018 HE SLEPT A SUMMER BY MY SIDE 
LOG (gmm-latgen-faster[5.5.480~1-09abd]:DecodeUtteranceLatticeFaster():decoder-wrappers.cc:289) Log-like per frame for utterance M529522957-3769477_3769477-1156859512_1678959547-GB-M-018 is -3.3795 over 581 frames.
M529522957-3769477_3769477-1156859512_1678959547-GB-M-019 HE FILLED MY DAYS WITH ENDLESS WONDER 
LOG (gmm-latgen-faster[5.5.480~1-09abd]:DecodeUtteranceLatticeFaster():decoder-wrappers.cc:289) Log-like per frame for utterance M529522957-3769477_3769477-1156859512_1678959547-GB-M-019 is -3.92085 over 577 frames.
M529522957-3769477_3769477-1156859512_1678959547-GB-M-020 HE TOOK MY CHILDHOOD IN HIS STRIDE BUT HE THAT SHE WAS YOU I'M WHAT TO ME 
LOG (gmm-latgen-faster[5.5.480~1-09abd]:DecodeUtteranceLatticeFaster():decoder-wrappers.cc:289) Log-like per frame for utterance M529522957-3769477_3769477-1156859512_1678959547-GB-M-020 is -4.22938 over 1217 frames.
M529522957-3769477_3769477-1156859512_1678959547-GB-M-022 AND AND STILL I DREAM HE'LL COME TO ME THAT WE WILL LIVE THE YEARS TOGETHER 
LOG (gmm-latgen-faster[5.5.480~1-09abd]:DecodeUtteranceLatticeFaster():decoder-wrappers.cc:289) Log-like per frame for utterance M529522957-3769477_3769477-1156859512_1678959547-GB-M-022 is -3.97321 over 1231 frames.
M529522957-3769477_3769477-1156859512_1678959547-GB-M-024 BUT THERE ARE DREAMS THAT CANNOT BE AND AND THERE ARE STORMS WE CANNOT WEATHER 
LOG (gmm-latgen-faster[5.5.480~1-09abd]:DecodeUtteranceLatticeFaster():decoder-wrappers.cc:289) Log-like per frame for utterance M529522957-3769477_3769477-1156859512_1678959547-GB-M-024 is -3.81179 over 1200 frames.
M529522957-3769477_3769477-1156859512_1678959547-GB-M-026 I HAD A DREAM MY LIFE WOULD BE 
LOG (gmm-latgen-faster[5.5.480~1-09abd]:DecodeUtteranceLatticeFaster():decoder-wrappers.cc:289) Log-like per frame for utterance M529522957-3769477_3769477-1156859512_1678959547-GB-M-026 is -4.12315 over 455 frames.
M529522957-3769477_3769477-1156859512_1678959547-GB-M-027 SO DIFFERENT FROM THIS HELL I'M LIVING SO DIFFERENT NOW FROM WHAT IT SEEMED 
LOG (gmm-latgen-faster[5.5.480~1-09abd]:DecodeUtteranceLatticeFaster():decoder-wrappers.cc:289) Log-like per frame for utterance M529522957-3769477_3769477-1156859512_1678959547-GB-M-027 is -3.70982 over 951 frames.
M529522957-3769477_3769477-1156859512_1678959547-GB-M-029 NOW LIFE HAS KILLED THE DREAM I DREAMED 
LOG (gmm-latgen-faster[5.5.480~1-09abd]:DecodeUtteranceLatticeFaster():decoder-wrappers.cc:289) Log-like per frame for utterance M529522957-3769477_3769477-1156859512_1678959547-GB-M-029 is -3.88286 over 972 frames.
M535483593-224112144_3069139-1343509537_1680841213-GB-M-001 STANDING ON THE EDGE 
LOG (gmm-latgen-faster[5.5.480~1-09abd]:DecodeUtteranceLatticeFaster():decoder-wrappers.cc:289) Log-like per frame for utterance M535483593-224112144_3069139-1343509537_1680841213-GB-M-001 is -4.61229 over 243 frames.
M535483593-224112144_3069139-1343509537_1680841213-GB-M-002 AND EVERYTHING I KNOW OH 
LOG (gmm-latgen-faster[5.5.480~1-09abd]:DecodeUtteranceLatticeFaster():decoder-wrappers.cc:289) Log-like per frame for utterance M535483593-224112144_3069139-1343509537_1680841213-GB-M-002 is -4.44633 over 251 frames.
M535483593-224112144_3069139-1343509537_1680841213-GB-M-004 IS BLOWN AWAY 
LOG (gmm-latgen-faster[5.5.480~1-09abd]:DecodeUtteranceLatticeFaster():decoder-wrappers.cc:289) Log-like per frame for utterance M535483593-224112144_3069139-1343509537_1680841213-GB-M-004 is -4.19092 over 127 frames.
M535483593-224112144_3069139-1343509537_1680841213-GB-M-005 LIFE IS 
LOG (gmm-latgen-faster[5.5.480~1-09abd]:DecodeUtteranceLatticeFaster():decoder-wrappers.cc:289) Log-like per frame for utterance M535483593-224112144_3069139-1343509537_1680841213-GB-M-005 is -4.31689 over 125 frames.
M535483593-224112144_3069139-1343509537_1680841213-GB-M-006 BUT I'M IT GO OH 
LOG (gmm-latgen-faster[5.5.480~1-09abd]:DecodeUtteranceLatticeFaster():decoder-wrappers.cc:289) Log-like per frame for utterance M535483593-224112144_3069139-1343509537_1680841213-GB-M-006 is -4.85305 over 188 frames.
M535483593-224112144_3069139-1343509537_1680841213-GB-M-009 OH OH OH OH OH 
LOG (gmm-latgen-faster[5.5.480~1-09abd]:DecodeUtteranceLatticeFaster():decoder-wrappers.cc:289) Log-like per frame for utterance M535483593-224112144_3069139-1343509537_1680841213-GB-M-009 is -5.43719 over 291 frames.
M535483593-224112144_3069139-1343509537_1680841213-GB-M-011 HERE 
LOG (gmm-latgen-faster[5.5.480~1-09abd]:DecodeUtteranceLatticeFaster():decoder-wrappers.cc:289) Log-like per frame for utterance M535483593-224112144_3069139-1343509537_1680841213-GB-M-011 is -5.94673 over 196 frames.
M535483593-224112144_3069139-1343509537_1680841213-GB-M-013 ONE TWO THREE I'M READY FOR TOMORROW 
LOG (gmm-latgen-faster[5.5.480~1-09abd]:DecodeUtteranceLatticeFaster():decoder-wrappers.cc:289) Log-like per frame for utterance M535483593-224112144_3069139-1343509537_1680841213-GB-M-013 is -4.71897 over 286 frames.
M535483593-224112144_3069139-1343509537_1680841213-GB-M-015 TOMORROW STARTS TODAY 
LOG (gmm-latgen-faster[5.5.480~1-09abd]:DecodeUtteranceLatticeFaster():decoder-wrappers.cc:289) Log-like per frame for utterance M535483593-224112144_3069139-1343509537_1680841213-GB-M-015 is -4.32048 over 171 frames.
M535483593-224112144_3069139-1343509537_1680841213-GB-M-016 ONE AIN'T NO MAP TO FOLLOW BUT I'M WITH YOU ALL THE WAY 
LOG (gmm-latgen-faster[5.5.480~1-09abd]:DecodeUtteranceLatticeFaster():decoder-wrappers.cc:289) Log-like per frame for utterance M535483593-224112144_3069139-1343509537_1680841213-GB-M-016 is -4.37976 over 414 frames.
M535483593-224112144_3069139-1343509537_1680841213-GB-M-018 ON READY FOR TOMORROW 
LOG (gmm-latgen-faster[5.5.480~1-09abd]:DecodeUtteranceLatticeFaster():decoder-wrappers.cc:289) Log-like per frame for utterance M535483593-224112144_3069139-1343509537_1680841213-GB-M-018 is -4.27566 over 159 frames.
M535483593-224112144_3069139-1343509537_1680841213-GB-M-021 I'M WITH YOU ALL THE WAY 
LOG (gmm-latgen-faster[5.5.480~1-09abd]:DecodeUtteranceLatticeFaster():decoder-wrappers.cc:289) Log-like per frame for utterance M535483593-224112144_3069139-1343509537_1680841213-GB-M-021 is -4.16512 over 177 frames.
M535483593-224112144_3069139-1343509537_1680841213-GB-M-022 ALL THE WAY 
LOG (gmm-latgen-faster[5.5.480~1-09abd]:DecodeUtteranceLatticeFaster():decoder-wrappers.cc:289) Log-like per frame for utterance M535483593-224112144_3069139-1343509537_1680841213-GB-M-022 is -3.95247 over 98 frames.
M539147749-3770671_3770671-1124624477_1615910507-GB-M-001 THOUGHT I SAW A MAN BROUGHT TO LIFE 
LOG (gmm-latgen-faster[5.5.480~1-09abd]:DecodeUtteranceLatticeFaster():decoder-wrappers.cc:289) Log-like per frame for utterance M539147749-3770671_3770671-1124624477_1615910507-GB-M-001 is -3.86803 over 319 frames.
M539147749-3770671_3770671-1124624477_1615910507-GB-M-002 HE WAS WARM HE CAME AROUND AND HE WAS DIGNIFIED 
LOG (gmm-latgen-faster[5.5.480~1-09abd]:DecodeUtteranceLatticeFaster():decoder-wrappers.cc:289) Log-like per frame for utterance M539147749-3770671_3770671-1124624477_1615910507-GB-M-002 is -4.07039 over 399 frames.
M539147749-3770671_3770671-1124624477_1615910507-GB-M-003 SHOWED ME WHAT IT WAS TO CRY 
LOG (gmm-latgen-faster[5.5.480~1-09abd]:DecodeUtteranceLatticeFaster():decoder-wrappers.cc:289) Log-like per frame for utterance M539147749-3770671_3770671-1124624477_1615910507-GB-M-003 is -4.24231 over 232 frames.
M539147749-3770671_3770671-1124624477_1615910507-GB-M-004 WELL YOU COULDN'T BE THAT MAN I ADORED 
LOG (gmm-latgen-faster[5.5.480~1-09abd]:DecodeUtteranceLatticeFaster():decoder-wrappers.cc:289) Log-like per frame for utterance M539147749-3770671_3770671-1124624477_1615910507-GB-M-004 is -4.05967 over 362 frames.
M539147749-3770671_3770671-1124624477_1615910507-GB-M-005 DON'T SEEM TO KNOW SEEM TO CARE WHAT YOUR HEART IS FOR 
LOG (gmm-latgen-faster[5.5.480~1-09abd]:DecodeUtteranceLatticeFaster():decoder-wrappers.cc:289) Log-like per frame for utterance M539147749-3770671_3770671-1124624477_1615910507-GB-M-005 is -4.27307 over 449 frames.
M539147749-3770671_3770671-1124624477_1615910507-GB-M-006 I'M I DON'T KNOW HIM ANYMORE 
LOG (gmm-latgen-faster[5.5.480~1-09abd]:DecodeUtteranceLatticeFaster():decoder-wrappers.cc:289) Log-like per frame for utterance M539147749-3770671_3770671-1124624477_1615910507-GB-M-006 is -3.73548 over 211 frames.
M539147749-3770671_3770671-1124624477_1615910507-GB-M-007 NOTHING WHERE HE USED TO LIE 
LOG (gmm-latgen-faster[5.5.480~1-09abd]:DecodeUtteranceLatticeFaster():decoder-wrappers.cc:289) Log-like per frame for utterance M539147749-3770671_3770671-1124624477_1615910507-GB-M-007 is -4.41914 over 229 frames.
M539147749-3770671_3770671-1124624477_1615910507-GB-M-008 CONVERSATION HAS RUN DRY 
LOG (gmm-latgen-faster[5.5.480~1-09abd]:DecodeUtteranceLatticeFaster():decoder-wrappers.cc:289) Log-like per frame for utterance M539147749-3770671_3770671-1124624477_1615910507-GB-M-008 is -4.59511 over 214 frames.
M539147749-3770671_3770671-1124624477_1615910507-GB-M-009 THAT'S WHAT'S GOING ON 
LOG (gmm-latgen-faster[5.5.480~1-09abd]:DecodeUtteranceLatticeFaster():decoder-wrappers.cc:289) Log-like per frame for utterance M539147749-3770671_3770671-1124624477_1615910507-GB-M-009 is -3.97911 over 168 frames.
M539147749-3770671_3770671-1124624477_1615910507-GB-M-010 NOTHING'S FINE I'M TORN 
LOG (gmm-latgen-faster[5.5.480~1-09abd]:DecodeUtteranceLatticeFaster():decoder-wrappers.cc:289) Log-like per frame for utterance M539147749-3770671_3770671-1124624477_1615910507-GB-M-010 is -4.00417 over 195 frames.
M539147749-3770671_3770671-1124624477_1615910507-GB-M-011 I'M ALL OUT OF FAITH 
LOG (gmm-latgen-faster[5.5.480~1-09abd]:DecodeUtteranceLatticeFaster():decoder-wrappers.cc:289) Log-like per frame for utterance M539147749-3770671_3770671-1124624477_1615910507-GB-M-011 is -3.645 over 157 frames.
M539147749-3770671_3770671-1124624477_1615910507-GB-M-012 THIS IS HOW I FEEL 
LOG (gmm-latgen-faster[5.5.480~1-09abd]:DecodeUtteranceLatticeFaster():decoder-wrappers.cc:289) Log-like per frame for utterance M539147749-3770671_3770671-1124624477_1615910507-GB-M-012 is -3.20769 over 197 frames.
M539147749-3770671_3770671-1124624477_1615910507-GB-M-013 COLD AND I SHAMED 
LOG (gmm-latgen-faster[5.5.480~1-09abd]:DecodeUtteranceLatticeFaster():decoder-wrappers.cc:289) Log-like per frame for utterance M539147749-3770671_3770671-1124624477_1615910507-GB-M-013 is -3.84135 over 161 frames.
M539147749-3770671_3770671-1124624477_1615910507-GB-M-014 LYING NAKED ON THE FLOOR 
LOG (gmm-latgen-faster[5.5.480~1-09abd]:DecodeUtteranceLatticeFaster():decoder-wrappers.cc:289) Log-like per frame for utterance M539147749-3770671_3770671-1124624477_1615910507-GB-M-014 is -3.66503 over 237 frames.
M539147749-3770671_3770671-1124624477_1615910507-GB-M-015 ILLUSION NEVER CHANGED 
LOG (gmm-latgen-faster[5.5.480~1-09abd]:DecodeUtteranceLatticeFaster():decoder-wrappers.cc:289) Log-like per frame for utterance M539147749-3770671_3770671-1124624477_1615910507-GB-M-015 is -4.15229 over 185 frames.
M539147749-3770671_3770671-1124624477_1615910507-GB-M-016 INTO SOMETHING REAL 
LOG (gmm-latgen-faster[5.5.480~1-09abd]:DecodeUtteranceLatticeFaster():decoder-wrappers.cc:289) Log-like per frame for utterance M539147749-3770671_3770671-1124624477_1615910507-GB-M-016 is -3.66891 over 206 frames.
M539147749-3770671_3770671-1124624477_1615910507-GB-M-017 I'M WIDE AWAKE AND I CAN SEE THE PERFECT SKY IS TORN 
LOG (gmm-latgen-faster[5.5.480~1-09abd]:DecodeUtteranceLatticeFaster():decoder-wrappers.cc:289) Log-like per frame for utterance M539147749-3770671_3770671-1124624477_1615910507-GB-M-017 is -4.33473 over 434 frames.
M539147749-3770671_3770671-1124624477_1615910507-GB-M-018 YOU'RE A LITTLE LATE 
LOG (gmm-latgen-faster[5.5.480~1-09abd]:DecodeUtteranceLatticeFaster():decoder-wrappers.cc:289) Log-like per frame for utterance M539147749-3770671_3770671-1124624477_1615910507-GB-M-018 is -3.13584 over 159 frames.
M539147749-3770671_3770671-1124624477_1615910507-GB-M-019 I'M ALREADY TORN 
LOG (gmm-latgen-faster[5.5.480~1-09abd]:DecodeUtteranceLatticeFaster():decoder-wrappers.cc:289) Log-like per frame for utterance M539147749-3770671_3770671-1124624477_1615910507-GB-M-019 is -2.74298 over 246 frames.
M539147749-3770671_3770671-1124624477_1615910507-GB-M-020 SO I GUESS THE FORTUNE TELL RIGHT 
LOG (gmm-latgen-faster[5.5.480~1-09abd]:DecodeUtteranceLatticeFaster():decoder-wrappers.cc:289) Log-like per frame for utterance M539147749-3770671_3770671-1124624477_1615910507-GB-M-020 is -4.52522 over 284 frames.
M539147749-3770671_3770671-1124624477_1615910507-GB-M-021 AND SEEN JUST WHAT JUST THERE WAS SOME HOLY LIGHT 
LOG (gmm-latgen-faster[5.5.480~1-09abd]:DecodeUtteranceLatticeFaster():decoder-wrappers.cc:289) Log-like per frame for utterance M539147749-3770671_3770671-1124624477_1615910507-GB-M-021 is -4.49294 over 398 frames.
M539147749-3770671_3770671-1124624477_1615910507-GB-M-023 WANT BENEATH MY VEINS AND NOW 
LOG (gmm-latgen-faster[5.5.480~1-09abd]:DecodeUtteranceLatticeFaster():decoder-wrappers.cc:289) Log-like per frame for utterance M539147749-3770671_3770671-1124624477_1615910507-GB-M-023 is -4.35502 over 211 frames.
M539147749-3770671_3770671-1124624477_1615910507-GB-M-024 I DON'T CARE I HAVE NO LUCK I DON'T MISS IT ALL THAT MUCH 
LOG (gmm-latgen-faster[5.5.480~1-09abd]:DecodeUtteranceLatticeFaster():decoder-wrappers.cc:289) Log-like per frame for utterance M539147749-3770671_3770671-1124624477_1615910507-GB-M-024 is -4.23147 over 463 frames.
M539147749-3770671_3770671-1124624477_1615910507-GB-M-026 THERE'S JUST SO MANY THINGS 
LOG (gmm-latgen-faster[5.5.480~1-09abd]:DecodeUtteranceLatticeFaster():decoder-wrappers.cc:289) Log-like per frame for utterance M539147749-3770671_3770671-1124624477_1615910507-GB-M-026 is -4.35958 over 196 frames.
M539147749-3770671_3770671-1124624477_1615910507-GB-M-027 I CAN'T TOUCH I'M TORN 
LOG (gmm-latgen-faster[5.5.480~1-09abd]:DecodeUtteranceLatticeFaster():decoder-wrappers.cc:289) Log-like per frame for utterance M539147749-3770671_3770671-1124624477_1615910507-GB-M-027 is -4.20282 over 196 frames.
M539147749-3770671_3770671-1124624477_1615910507-GB-M-028 I'M ALL OUT OF FAITH 
LOG (gmm-latgen-faster[5.5.480~1-09abd]:DecodeUtteranceLatticeFaster():decoder-wrappers.cc:289) Log-like per frame for utterance M539147749-3770671_3770671-1124624477_1615910507-GB-M-028 is -3.65817 over 174 frames.
M539147749-3770671_3770671-1124624477_1615910507-GB-M-029 THIS IS HOW I FEEL 
LOG (gmm-latgen-faster[5.5.480~1-09abd]:DecodeUtteranceLatticeFaster():decoder-wrappers.cc:289) Log-like per frame for utterance M539147749-3770671_3770671-1124624477_1615910507-GB-M-029 is -3.11863 over 210 frames.
M539147749-3770671_3770671-1124624477_1615910507-GB-M-030 COLD IN I'M A SHAMED 
LOG (gmm-latgen-faster[5.5.480~1-09abd]:DecodeUtteranceLatticeFaster():decoder-wrappers.cc:289) Log-like per frame for utterance M539147749-3770671_3770671-1124624477_1615910507-GB-M-030 is -3.98069 over 158 frames.
M539147749-3770671_3770671-1124624477_1615910507-GB-M-031 LYING NAKED ON THE FLOOR 
LOG (gmm-latgen-faster[5.5.480~1-09abd]:DecodeUtteranceLatticeFaster():decoder-wrappers.cc:289) Log-like per frame for utterance M539147749-3770671_3770671-1124624477_1615910507-GB-M-031 is -3.57842 over 230 frames.
M539147749-3770671_3770671-1124624477_1615910507-GB-M-032 ILLUSION NEVER CHANGED 
LOG (gmm-latgen-faster[5.5.480~1-09abd]:DecodeUtteranceLatticeFaster():decoder-wrappers.cc:289) Log-like per frame for utterance M539147749-3770671_3770671-1124624477_1615910507-GB-M-032 is -4.14277 over 190 frames.
M539147749-3770671_3770671-1124624477_1615910507-GB-M-033 INTO SOMETHING REAL 
LOG (gmm-latgen-faster[5.5.480~1-09abd]:DecodeUtteranceLatticeFaster():decoder-wrappers.cc:289) Log-like per frame for utterance M539147749-3770671_3770671-1124624477_1615910507-GB-M-033 is -3.51669 over 204 frames.
M539147749-3770671_3770671-1124624477_1615910507-GB-M-034 I'M WIDE AWAKE AND I CAN SEE THE PERFECT SKY IS TORN 
LOG (gmm-latgen-faster[5.5.480~1-09abd]:DecodeUtteranceLatticeFaster():decoder-wrappers.cc:289) Log-like per frame for utterance M539147749-3770671_3770671-1124624477_1615910507-GB-M-034 is -4.11555 over 446 frames.
M539147749-3770671_3770671-1124624477_1615910507-GB-M-035 YOU'RE A LITTLE LATE 
LOG (gmm-latgen-faster[5.5.480~1-09abd]:DecodeUtteranceLatticeFaster():decoder-wrappers.cc:289) Log-like per frame for utterance M539147749-3770671_3770671-1124624477_1615910507-GB-M-035 is -3.3946 over 170 frames.
M539147749-3770671_3770671-1124624477_1615910507-GB-M-036 I'M ALREADY TORN 
LOG (gmm-latgen-faster[5.5.480~1-09abd]:DecodeUtteranceLatticeFaster():decoder-wrappers.cc:289) Log-like per frame for utterance M539147749-3770671_3770671-1124624477_1615910507-GB-M-036 is -2.70226 over 243 frames.
M539147749-3770671_3770671-1124624477_1615910507-GB-M-037 TORN 
LOG (gmm-latgen-faster[5.5.480~1-09abd]:DecodeUtteranceLatticeFaster():decoder-wrappers.cc:289) Log-like per frame for utterance M539147749-3770671_3770671-1124624477_1615910507-GB-M-037 is -2.22906 over 123 frames.
M539147749-3770671_3770671-1124624477_1615910507-GB-M-038 NOTHING WHERE HE USED TO LIE 
LOG (gmm-latgen-faster[5.5.480~1-09abd]:DecodeUtteranceLatticeFaster():decoder-wrappers.cc:289) Log-like per frame for utterance M539147749-3770671_3770671-1124624477_1615910507-GB-M-038 is -4.37898 over 226 frames.
M539147749-3770671_3770671-1124624477_1615910507-GB-M-039 MY INSPIRATION HAS RUN DRY 
LOG (gmm-latgen-faster[5.5.480~1-09abd]:DecodeUtteranceLatticeFaster():decoder-wrappers.cc:289) Log-like per frame for utterance M539147749-3770671_3770671-1124624477_1615910507-GB-M-039 is -4.4774 over 226 frames.
M539147749-3770671_3770671-1124624477_1615910507-GB-M-040 THAT'S WHAT'S GOING ON 
LOG (gmm-latgen-faster[5.5.480~1-09abd]:DecodeUtteranceLatticeFaster():decoder-wrappers.cc:289) Log-like per frame for utterance M539147749-3770671_3770671-1124624477_1615910507-GB-M-040 is -4.05252 over 167 frames.
M539147749-3770671_3770671-1124624477_1615910507-GB-M-041 NOTHING'S RIGHT I'M TORN 
LOG (gmm-latgen-faster[5.5.480~1-09abd]:DecodeUtteranceLatticeFaster():decoder-wrappers.cc:289) Log-like per frame for utterance M539147749-3770671_3770671-1124624477_1615910507-GB-M-041 is -4.28577 over 203 frames.
LOG (apply-cmvn[5.5.480~1-09abd]:main():apply-cmvn.cc:162) Applied cepstral mean normalization to 270 utterances, errors on 0
M539147749-3770671_3770671-1124624477_1615910507-GB-M-042 I'M ALL OUT OF FAITH 
LOG (gmm-latgen-faster[5.5.480~1-09abd]:DecodeUtteranceLatticeFaster():decoder-wrappers.cc:289) Log-like per frame for utterance M539147749-3770671_3770671-1124624477_1615910507-GB-M-042 is -3.84885 over 159 frames.
M539147749-3770671_3770671-1124624477_1615910507-GB-M-043 THIS IS HOW I FEEL 
LOG (gmm-latgen-faster[5.5.480~1-09abd]:DecodeUtteranceLatticeFaster():decoder-wrappers.cc:289) Log-like per frame for utterance M539147749-3770671_3770671-1124624477_1615910507-GB-M-043 is -3.22309 over 209 frames.
M539147749-3770671_3770671-1124624477_1615910507-GB-M-044 I'M COLD AND I AM SHAMED 
LOG (gmm-latgen-faster[5.5.480~1-09abd]:DecodeUtteranceLatticeFaster():decoder-wrappers.cc:289) Log-like per frame for utterance M539147749-3770671_3770671-1124624477_1615910507-GB-M-044 is -4.19933 over 170 frames.
M539147749-3770671_3770671-1124624477_1615910507-GB-M-045 LYING NAKED ON THE FLOOR 
LOG (gmm-latgen-faster[5.5.480~1-09abd]:DecodeUtteranceLatticeFaster():decoder-wrappers.cc:289) Log-like per frame for utterance M539147749-3770671_3770671-1124624477_1615910507-GB-M-045 is -3.95158 over 225 frames.
M539147749-3770671_3770671-1124624477_1615910507-GB-M-046 ILLUSION NEVER CHANGED 
LOG (gmm-latgen-faster[5.5.480~1-09abd]:DecodeUtteranceLatticeFaster():decoder-wrappers.cc:289) Log-like per frame for utterance M539147749-3770671_3770671-1124624477_1615910507-GB-M-046 is -4.07204 over 179 frames.
M539147749-3770671_3770671-1124624477_1615910507-GB-M-047 INTO SOMETHING REAL 
LOG (gmm-latgen-faster[5.5.480~1-09abd]:DecodeUtteranceLatticeFaster():decoder-wrappers.cc:289) Log-like per frame for utterance M539147749-3770671_3770671-1124624477_1615910507-GB-M-047 is -3.61831 over 202 frames.
M539147749-3770671_3770671-1124624477_1615910507-GB-M-048 I'M WIDE AWAKE AND I CAN SEE THE PERFECT SKY IS TORN 
LOG (gmm-latgen-faster[5.5.480~1-09abd]:DecodeUtteranceLatticeFaster():decoder-wrappers.cc:289) Log-like per frame for utterance M539147749-3770671_3770671-1124624477_1615910507-GB-M-048 is -4.32612 over 435 frames.
M539147749-3770671_3770671-1124624477_1615910507-GB-M-049 I'M ALL OUT OF FAITH 
LOG (gmm-latgen-faster[5.5.480~1-09abd]:DecodeUtteranceLatticeFaster():decoder-wrappers.cc:289) Log-like per frame for utterance M539147749-3770671_3770671-1124624477_1615910507-GB-M-049 is -3.6611 over 155 frames.
LOG (transform-feats[5.5.480~1-09abd]:main():transform-feats.cc:158) Overall average [pseudo-]logdet is -88.6872 over 148200 frames.
LOG (transform-feats[5.5.480~1-09abd]:main():transform-feats.cc:161) Applied transform to 270 utterances; 0 had errors.
M539147749-3770671_3770671-1124624477_1615910507-GB-M-050 THIS IS HOW I FEEL I'M COLD AND I'M ASHAMED 
LOG (gmm-latgen-faster[5.5.480~1-09abd]:DecodeUtteranceLatticeFaster():decoder-wrappers.cc:289) Log-like per frame for utterance M539147749-3770671_3770671-1124624477_1615910507-GB-M-050 is -3.67975 over 416 frames.
M539147749-3770671_3770671-1124624477_1615910507-GB-M-052 BOUND AND BROKEN ON THE FLOOR 
LOG (gmm-latgen-faster[5.5.480~1-09abd]:DecodeUtteranceLatticeFaster():decoder-wrappers.cc:289) Log-like per frame for utterance M539147749-3770671_3770671-1124624477_1615910507-GB-M-052 is -4.27893 over 222 frames.
M539147749-3770671_3770671-1124624477_1615910507-GB-M-053 YOU'RE A LITTLE LATE 
LOG (gmm-latgen-faster[5.5.480~1-09abd]:DecodeUtteranceLatticeFaster():decoder-wrappers.cc:289) Log-like per frame for utterance M539147749-3770671_3770671-1124624477_1615910507-GB-M-053 is -3.87563 over 149 frames.
LOG (transform-feats[5.5.480~1-09abd]:main():transform-feats.cc:158) Overall average logdet is 3.8239 over 148200 frames.
LOG (transform-feats[5.5.480~1-09abd]:main():transform-feats.cc:161) Applied transform to 270 utterances; 0 had errors.
M539147749-3770671_3770671-1124624477_1615910507-GB-M-054 I'M ALREADY TORN 
LOG (gmm-latgen-faster[5.5.480~1-09abd]:DecodeUtteranceLatticeFaster():decoder-wrappers.cc:289) Log-like per frame for utterance M539147749-3770671_3770671-1124624477_1615910507-GB-M-054 is -2.97102 over 276 frames.
M539147749-3770671_3770671-1124624477_1615910507-GB-M-055 TORN 
LOG (gmm-latgen-faster[5.5.480~1-09abd]:DecodeUtteranceLatticeFaster():decoder-wrappers.cc:289) Log-like per frame for utterance M539147749-3770671_3770671-1124624477_1615910507-GB-M-055 is -2.11507 over 163 frames.
LOG (gmm-latgen-faster[5.5.480~1-09abd]:main():gmm-latgen-faster.cc:176) Time taken 293.691s: real-time factor assuming 100 frames/sec is 0.198172
LOG (gmm-latgen-faster[5.5.480~1-09abd]:main():gmm-latgen-faster.cc:179) Done 270 utterances, failed for 0
LOG (gmm-latgen-faster[5.5.480~1-09abd]:main():gmm-latgen-faster.cc:181) Overall log-likelihood per frame is -4.04667 over 148200 frames.
# Accounting: time=294 threads=1
# Ended (code 0) at Tue Sep 10 14:53:38 BST 2019, elapsed time 294 seconds
