# gmm-latgen-faster --max-active=7000 --beam=15.0 --lattice-beam=6.0 --acoustic-scale=0.083333 --allow-partial=false --word-symbol-table=exp/tri3b_cleaned/graphs/words.txt exp/tri3b_cleaned/final.mdl scp:exp/tri3b_cleaned/lats/split_fsts/HCLG.fsts.26.scp "ark,s,cs:apply-cmvn  --utt2spk=ark:data/train1/split40/26/utt2spk scp:data/train1/split40/26/cmvn.scp scp:data/train1/split40/26/feats.scp ark:- | splice-feats  ark:- ark:- | transform-feats exp/tri3b_cleaned/final.mat ark:- ark:- | transform-feats --utt2spk=ark:data/train1/split40/26/utt2spk ark:exp/tri3b/trans.26 ark:- ark:- |" "ark:|gzip -c > exp/tri3b_cleaned/lats/lat.26.gz" 
# Started at Tue Sep 10 14:29:39 BST 2019
#
gmm-latgen-faster --max-active=7000 --beam=15.0 --lattice-beam=6.0 --acoustic-scale=0.083333 --allow-partial=false --word-symbol-table=exp/tri3b_cleaned/graphs/words.txt exp/tri3b_cleaned/final.mdl scp:exp/tri3b_cleaned/lats/split_fsts/HCLG.fsts.26.scp 'ark,s,cs:apply-cmvn  --utt2spk=ark:data/train1/split40/26/utt2spk scp:data/train1/split40/26/cmvn.scp scp:data/train1/split40/26/feats.scp ark:- | splice-feats  ark:- ark:- | transform-feats exp/tri3b_cleaned/final.mat ark:- ark:- | transform-feats --utt2spk=ark:data/train1/split40/26/utt2spk ark:exp/tri3b/trans.26 ark:- ark:- |' 'ark:|gzip -c > exp/tri3b_cleaned/lats/lat.26.gz' 
transform-feats exp/tri3b_cleaned/final.mat ark:- ark:- 
apply-cmvn --utt2spk=ark:data/train1/split40/26/utt2spk scp:data/train1/split40/26/cmvn.scp scp:data/train1/split40/26/feats.scp ark:- 
splice-feats ark:- ark:- 
transform-feats --utt2spk=ark:data/train1/split40/26/utt2spk ark:exp/tri3b/trans.26 ark:- ark:- 
M1395887619-3771234_3771234-152091146_1662681338-GB-M-001 
LOG (gmm-latgen-faster[5.5.480~1-09abd]:DecodeUtteranceLatticeFaster():decoder-wrappers.cc:289) Log-like per frame for utterance M1395887619-3771234_3771234-152091146_1662681338-GB-M-001 is -5.85209 over 109 frames.
M1395887619-3771234_3771234-152091146_1662681338-GB-M-002 
LOG (gmm-latgen-faster[5.5.480~1-09abd]:DecodeUtteranceLatticeFaster():decoder-wrappers.cc:289) Log-like per frame for utterance M1395887619-3771234_3771234-152091146_1662681338-GB-M-002 is -5.82288 over 340 frames.
M1395887619-3771234_3771234-152091146_1662681338-GB-M-004 I'M THE ONE FOR A GOOD TIME CALL PHONE'S BLOWING UP RINGIN' MY DOOR BELL I FEEL THE LOVE FEEL THE LOVE 
LOG (gmm-latgen-faster[5.5.480~1-09abd]:DecodeUtteranceLatticeFaster():decoder-wrappers.cc:289) Log-like per frame for utterance M1395887619-3771234_3771234-152091146_1662681338-GB-M-004 is -4.54802 over 825 frames.
M1395887619-3771234_3771234-152091146_1662681338-GB-M-007 ONE TWO THREE ONE TWO THREE DRINK ONE TWO THREE ONE TWO THREE DRINK ONE TWO THREE ONE TWO THREE DRINK THROW 'EM BACK 'TIL I LOSE COUNT GOT HOW FROM THE TO I'M GONNA LIVE LIKE TOMORROW DOESN'T EXIST 
LOG (gmm-latgen-faster[5.5.480~1-09abd]:DecodeUtteranceLatticeFaster():decoder-wrappers.cc:289) Log-like per frame for utterance M1395887619-3771234_3771234-152091146_1662681338-GB-M-007 is -4.47709 over 2880 frames.
M1395887619-3771234_3771234-152091146_1662681338-GB-M-015 LIKE IT DOESN'T EXIST 
LOG (gmm-latgen-faster[5.5.480~1-09abd]:DecodeUtteranceLatticeFaster():decoder-wrappers.cc:289) Log-like per frame for utterance M1395887619-3771234_3771234-152091146_1662681338-GB-M-015 is -4.92955 over 157 frames.
M1395887619-3771234_3771234-152091146_1662681338-GB-M-016 HEART GOT 
LOG (gmm-latgen-faster[5.5.480~1-09abd]:DecodeUtteranceLatticeFaster():decoder-wrappers.cc:289) Log-like per frame for utterance M1395887619-3771234_3771234-152091146_1662681338-GB-M-016 is -5.00737 over 756 frames.
M1395887619-3771234_3771234-152091146_1662681338-GB-M-019 FROM THE CHANDELIER KNOW DEAR LIFE WON'T LOOK DOWN WON'T OPEN MY EYES KEEP MY GLASS FULL UNTIL MORNING LIGHT 'CAUSE I'M JUST HOLDING ON FOR TONIGHT HELP ME THROW I'M HOLDING ON FOR DEAR LIFE WON'T LOOK DOWN WON'T OPEN MY EYES KEEP MY GLASS FULL UNTIL MORNING LIGHT 'CAUSE I'M JUST HOLDING ON FOR TONIGHT ON FOR TONIGHT 
LOG (gmm-latgen-faster[5.5.480~1-09abd]:DecodeUtteranceLatticeFaster():decoder-wrappers.cc:289) Log-like per frame for utterance M1395887619-3771234_3771234-152091146_1662681338-GB-M-019 is -4.15019 over 2495 frames.
M1395887619-3771234_3771234-152091146_1662681338-GB-M-032 ONE TWO THREE ONE TWO THREE DRINK ONE TWO THREE ONE TWO THREE DRINK ONE TWO THREE ONE TWO THREE DRINK THROW 'EM BACK 'TIL I'M 
LOG (gmm-latgen-faster[5.5.480~1-09abd]:DecodeUtteranceLatticeFaster():decoder-wrappers.cc:289) Log-like per frame for utterance M1395887619-3771234_3771234-152091146_1662681338-GB-M-032 is -4.60462 over 1006 frames.
M1395887619-3771234_3771234-152091146_1662681338-GB-M-036 I'M GONNA SWING FROM THE CHANDELIER 
LOG (gmm-latgen-faster[5.5.480~1-09abd]:DecodeUtteranceLatticeFaster():decoder-wrappers.cc:289) Log-like per frame for utterance M1395887619-3771234_3771234-152091146_1662681338-GB-M-036 is -3.89903 over 630 frames.
M1395887619-3771234_3771234-152091146_1662681338-GB-M-041 ALL I'M GONNA FLY LIKE A BIRD THROUGH THE NIGHT FEEL MY TEARS AS THEY DRY 
LOG (gmm-latgen-faster[5.5.480~1-09abd]:DecodeUtteranceLatticeFaster():decoder-wrappers.cc:289) Log-like per frame for utterance M1395887619-3771234_3771234-152091146_1662681338-GB-M-041 is -3.48506 over 1017 frames.
M1395887619-3771234_3771234-152091146_1662681338-GB-M-043 I'M LIGHT I'M GONNA SWING FROM THE CHANDELIER FROM THE CHANDELIER BUT I'M HOLDING ON FOR DEAR LIFE 
LOG (gmm-latgen-faster[5.5.480~1-09abd]:DecodeUtteranceLatticeFaster():decoder-wrappers.cc:289) Log-like per frame for utterance M1395887619-3771234_3771234-152091146_1662681338-GB-M-043 is -3.1715 over 1198 frames.
M1395887619-3771234_3771234-152091146_1662681338-GB-M-046 WON'T LOOK DOWN WON'T OPEN MY EYES KEEP MY GLASS FULL UNTIL MORNING LIGHT 'CAUSE I'M JUST HOLDING ON FOR TONIGHT 
LOG (gmm-latgen-faster[5.5.480~1-09abd]:DecodeUtteranceLatticeFaster():decoder-wrappers.cc:289) Log-like per frame for utterance M1395887619-3771234_3771234-152091146_1662681338-GB-M-046 is -4.23703 over 853 frames.
M1395887619-3771234_3771234-152091146_1662681338-GB-M-053 ON FOR TONIGHT ON FOR TONIGHT 'CAUSE I'M JUST HOLDING ON FOR TONIGHT OH I'M JUST HOLDING ON FOR TONIGHT ON FOR TONIGHT ON FOR TONIGHT 'CAUSE I'M JUST HOLDING ON FOR TONIGHT 'CAUSE I'M JUST HOLDING ON FOR TONIGHT OH I'M JUST HOLDING ON FOR TONIGHT ON FOR TONIGHT ON FOR TONIGHT 
LOG (gmm-latgen-faster[5.5.480~1-09abd]:DecodeUtteranceLatticeFaster():decoder-wrappers.cc:289) Log-like per frame for utterance M1395887619-3771234_3771234-152091146_1662681338-GB-M-053 is -4.15751 over 2208 frames.
M1407301834-3770185_3770185-1296962893_1683779116-GB-M-007 
LOG (gmm-latgen-faster[5.5.480~1-09abd]:DecodeUtteranceLatticeFaster():decoder-wrappers.cc:289) Log-like per frame for utterance M1407301834-3770185_3770185-1296962893_1683779116-GB-M-007 is -4.32396 over 277 frames.
M1407301834-3770185_3770185-1296962893_1683779116-GB-M-008 YOU'RE THE FEAR I DON'T CARE 'CAUSE I'VE NEVER BEEN SO HIGH FOLLOW ME THROUGH THE DARK LET ME 
LOG (gmm-latgen-faster[5.5.480~1-09abd]:DecodeUtteranceLatticeFaster():decoder-wrappers.cc:289) Log-like per frame for utterance M1407301834-3770185_3770185-1296962893_1683779116-GB-M-008 is -4.73867 over 743 frames.
M1407301834-3770185_3770185-1296962893_1683779116-GB-M-011 TAKE YOU PAST OUR SATELLITES YOU CAN SEE THE WORLD YOU BROUGHT TO LIFE TO LIFE 
LOG (gmm-latgen-faster[5.5.480~1-09abd]:DecodeUtteranceLatticeFaster():decoder-wrappers.cc:289) Log-like per frame for utterance M1407301834-3770185_3770185-1296962893_1683779116-GB-M-011 is -4.44599 over 862 frames.
M1407301834-3770185_3770185-1296962893_1683779116-GB-M-013 SO LOVE ME LIKE YOU DO LO LO LOVE ME LIKE YOU DO 
LOG (gmm-latgen-faster[5.5.480~1-09abd]:DecodeUtteranceLatticeFaster():decoder-wrappers.cc:289) Log-like per frame for utterance M1407301834-3770185_3770185-1296962893_1683779116-GB-M-013 is -4.04172 over 435 frames.
M1407301834-3770185_3770185-1296962893_1683779116-GB-M-015 LOVE ME LIKE YOU DO LO LO LOVE ME LIKE YOU DO 
LOG (gmm-latgen-faster[5.5.480~1-09abd]:DecodeUtteranceLatticeFaster():decoder-wrappers.cc:289) Log-like per frame for utterance M1407301834-3770185_3770185-1296962893_1683779116-GB-M-015 is -3.79658 over 419 frames.
M1407301834-3770185_3770185-1296962893_1683779116-GB-M-017 TOUCH ME LIKE YOU DO TO TOUCH ME LIKE YOU DO 
LOG (gmm-latgen-faster[5.5.480~1-09abd]:DecodeUtteranceLatticeFaster():decoder-wrappers.cc:289) Log-like per frame for utterance M1407301834-3770185_3770185-1296962893_1683779116-GB-M-017 is -4.23647 over 511 frames.
M1407301834-3770185_3770185-1296962893_1683779116-GB-M-019 WHAT ARE YOU WAITING AND HOME 
LOG (gmm-latgen-faster[5.5.480~1-09abd]:DecodeUtteranceLatticeFaster():decoder-wrappers.cc:289) Log-like per frame for utterance M1407301834-3770185_3770185-1296962893_1683779116-GB-M-019 is -4.11346 over 233 frames.
M1407301834-3770185_3770185-1296962893_1683779116-GB-M-022 
LOG (gmm-latgen-faster[5.5.480~1-09abd]:DecodeUtteranceLatticeFaster():decoder-wrappers.cc:289) Log-like per frame for utterance M1407301834-3770185_3770185-1296962893_1683779116-GB-M-022 is -4.84177 over 123 frames.
M1407301834-3770185_3770185-1296962893_1683779116-GB-M-023 YEAH I'LL LET YOU SET THE PACE 'CAUSE I'M NOT THINKING STRAIGHT MY HEAD'S SPINNING AROUND WANT SEE YOU TO NOT WANT 
LOG (gmm-latgen-faster[5.5.480~1-09abd]:DecodeUtteranceLatticeFaster():decoder-wrappers.cc:289) Log-like per frame for utterance M1407301834-3770185_3770185-1296962893_1683779116-GB-M-023 is -4.7761 over 1261 frames.
M1407301834-3770185_3770185-1296962893_1683779116-GB-M-025 ALL YOU WAITING FOR 
LOG (gmm-latgen-faster[5.5.480~1-09abd]:DecodeUtteranceLatticeFaster():decoder-wrappers.cc:289) Log-like per frame for utterance M1407301834-3770185_3770185-1296962893_1683779116-GB-M-025 is -5.47106 over 153 frames.
M1407301834-3770185_3770185-1296962893_1683779116-GB-M-027 TOUCH ME LIKE YOU DO LO LO LOVE ME LIKE YOU DO LOVE LOVE ME LIKE YOU DO LO LO LOVE ME LIKE YOU DO 
LOG (gmm-latgen-faster[5.5.480~1-09abd]:DecodeUtteranceLatticeFaster():decoder-wrappers.cc:289) Log-like per frame for utterance M1407301834-3770185_3770185-1296962893_1683779116-GB-M-027 is -4.47072 over 933 frames.
M1407301834-3770185_3770185-1296962893_1683779116-GB-M-031 TOUCH ME LIKE YOU DO TO TO TOUCH ME LIKE YOU DO DO 
LOG (gmm-latgen-faster[5.5.480~1-09abd]:DecodeUtteranceLatticeFaster():decoder-wrappers.cc:289) Log-like per frame for utterance M1407301834-3770185_3770185-1296962893_1683779116-GB-M-031 is -4.40431 over 615 frames.
M1407301834-3770185_3770185-1296962893_1683779116-GB-M-033 FOR 
LOG (gmm-latgen-faster[5.5.480~1-09abd]:DecodeUtteranceLatticeFaster():decoder-wrappers.cc:289) Log-like per frame for utterance M1407301834-3770185_3770185-1296962893_1683779116-GB-M-033 is -5.11963 over 164 frames.
M1407301834-3770185_3770185-1296962893_1683779116-GB-M-034 SO LOVE LOVE ME LIKE YOU DO LO LO LOVE ME LIKE YOU DO LOVE ME LIKE YOU DO LO LO LOVE ME LIKE YOU DO 
LOG (gmm-latgen-faster[5.5.480~1-09abd]:DecodeUtteranceLatticeFaster():decoder-wrappers.cc:289) Log-like per frame for utterance M1407301834-3770185_3770185-1296962893_1683779116-GB-M-034 is -4.09002 over 959 frames.
M1407301834-3770185_3770185-1296962893_1683779116-GB-M-038 ME LIKE YOU DO TO TO TOUCH ME LIKE YOU DO TO MY WHAT ARE YOU WAITING FOR YEAH 
LOG (gmm-latgen-faster[5.5.480~1-09abd]:DecodeUtteranceLatticeFaster():decoder-wrappers.cc:289) Log-like per frame for utterance M1407301834-3770185_3770185-1296962893_1683779116-GB-M-038 is -4.43894 over 938 frames.
M1407301834-3770185_3770185-1296962893_1683779116-GB-M-041 HEY SET I'VE ON ALL 
LOG (gmm-latgen-faster[5.5.480~1-09abd]:DecodeUtteranceLatticeFaster():decoder-wrappers.cc:289) Log-like per frame for utterance M1407301834-3770185_3770185-1296962893_1683779116-GB-M-041 is -5.25796 over 361 frames.
M1407301834-3770185_3770185-1296962893_1683779116-GB-M-042 HEY 
LOG (gmm-latgen-faster[5.5.480~1-09abd]:DecodeUtteranceLatticeFaster():decoder-wrappers.cc:289) Log-like per frame for utterance M1407301834-3770185_3770185-1296962893_1683779116-GB-M-042 is -4.71699 over 528 frames.
M1407301834-3770185_3770185-1296962893_1683779116-GB-M-045 
LOG (gmm-latgen-faster[5.5.480~1-09abd]:DecodeUtteranceLatticeFaster():decoder-wrappers.cc:289) Log-like per frame for utterance M1407301834-3770185_3770185-1296962893_1683779116-GB-M-045 is -5.53963 over 183 frames.
M1407301834-3770185_3770185-1296962893_1683779116-GB-M-046 SO LOVE ME LIKE YOU DO LO LO LOVE ME LIKE YOU DO LOVE LOVE ME LIKE YOU DO LO LO LOVE ME LIKE YOU DO TO TOUCH ME LIKE YOU DO TO TO TOUCH ME LIKE YOU DO DO 
LOG (gmm-latgen-faster[5.5.480~1-09abd]:DecodeUtteranceLatticeFaster():decoder-wrappers.cc:289) Log-like per frame for utterance M1407301834-3770185_3770185-1296962893_1683779116-GB-M-046 is -4.38783 over 1603 frames.
M1407301834-3770185_3770185-1296962893_1683779116-GB-M-052 WHAT ARE YOU WAITING FOR 
LOG (gmm-latgen-faster[5.5.480~1-09abd]:DecodeUtteranceLatticeFaster():decoder-wrappers.cc:289) Log-like per frame for utterance M1407301834-3770185_3770185-1296962893_1683779116-GB-M-052 is -4.02965 over 250 frames.
M1407301834-3770185_3770185-1296962893_1683779116-GB-M-053 SO LOVE ME LIKE YOU DO LO LO LOVE ME LIKE YOU DO LOVE LOVE ME LIKE YOU DO LO LO LOVE ME LIKE YOU DO 
LOG (gmm-latgen-faster[5.5.480~1-09abd]:DecodeUtteranceLatticeFaster():decoder-wrappers.cc:289) Log-like per frame for utterance M1407301834-3770185_3770185-1296962893_1683779116-GB-M-053 is -4.14395 over 980 frames.
M1407301834-3770185_3770185-1296962893_1683779116-GB-M-057 TOUCH ME LIKE YOU DO TO TO TOUCH ME LIKE YOU DO 
LOG (gmm-latgen-faster[5.5.480~1-09abd]:DecodeUtteranceLatticeFaster():decoder-wrappers.cc:289) Log-like per frame for utterance M1407301834-3770185_3770185-1296962893_1683779116-GB-M-057 is -4.08121 over 584 frames.
M1407301834-3770185_3770185-1296962893_1683779116-GB-M-059 WHAT ARE YOU WAITING FOR I'M MY A 
LOG (gmm-latgen-faster[5.5.480~1-09abd]:DecodeUtteranceLatticeFaster():decoder-wrappers.cc:289) Log-like per frame for utterance M1407301834-3770185_3770185-1296962893_1683779116-GB-M-059 is -3.94573 over 699 frames.
M1407301834-3770185_3770185-1296962893_1683779116-GB-M-061 HEY IN IN AND MY 
LOG (gmm-latgen-faster[5.5.480~1-09abd]:RebuildRepository():determinize-lattice-pruned.cc:283) Rebuilding repository.
LOG (gmm-latgen-faster[5.5.480~1-09abd]:RebuildRepository():determinize-lattice-pruned.cc:283) Rebuilding repository.
LOG (gmm-latgen-faster[5.5.480~1-09abd]:RebuildRepository():determinize-lattice-pruned.cc:283) Rebuilding repository.
WARNING (gmm-latgen-faster[5.5.480~1-09abd]:CheckMemoryUsage():determinize-lattice-pruned.cc:316) Did not reach requested beam in determinize-lattice: size exceeds maximum 50000000 bytes; (repo,arcs,elems) = (35017408,138656,14952864), after rebuilding, repo size was 26250816, effective beam was 4.58186 vs. requested beam 6
WARNING (gmm-latgen-faster[5.5.480~1-09abd]:DecodeUtteranceLatticeFaster():decoder-wrappers.cc:277) Determinization finished earlier than the beam for utterance M1407301834-3770185_3770185-1296962893_1683779116-GB-M-061
LOG (gmm-latgen-faster[5.5.480~1-09abd]:DecodeUtteranceLatticeFaster():decoder-wrappers.cc:289) Log-like per frame for utterance M1407301834-3770185_3770185-1296962893_1683779116-GB-M-061 is -4.42563 over 851 frames.
M144442992-3770043_3770043-144445236_1575560311-GB-M-001 WE DON'T TALK ANYMORE WE DON'T TALK ANYMORE WE DON'T TALK ANYMORE LIKE WE USED TO DO WE DON'T LOVE ANYMORE WHAT WAS ALL OF IT FOR OOH WE DON'T TALK ANYMORE LIKE WE USED TO DO I JUST HEARD YOU FOUND THE ONE YOU BEEN LOOKIN' YOU BEEN LOOKIN' FOR 
LOG (gmm-latgen-faster[5.5.480~1-09abd]:DecodeUtteranceLatticeFaster():decoder-wrappers.cc:289) Log-like per frame for utterance M144442992-3770043_3770043-144445236_1575560311-GB-M-001 is -4.15004 over 2449 frames.
M144442992-3770043_3770043-144445236_1575560311-GB-M-009 I WISH WOULDA KNOWN THAT WASN'T ME 
LOG (gmm-latgen-faster[5.5.480~1-09abd]:DecodeUtteranceLatticeFaster():decoder-wrappers.cc:289) Log-like per frame for utterance M144442992-3770043_3770043-144445236_1575560311-GB-M-009 is -4.02214 over 303 frames.
M144442992-3770043_3770043-144445236_1575560311-GB-M-010 'CAUSE EVEN AFTER ALL THIS TIME STILL WONDER WHY I CAN'T MOVE ON JUST THE WAY YOU DID SO EASILY 
LOG (gmm-latgen-faster[5.5.480~1-09abd]:DecodeUtteranceLatticeFaster():decoder-wrappers.cc:289) Log-like per frame for utterance M144442992-3770043_3770043-144445236_1575560311-GB-M-010 is -4.3509 over 895 frames.
M144442992-3770043_3770043-144445236_1575560311-GB-M-013 DON'T WANNA KNOW 
LOG (gmm-latgen-faster[5.5.480~1-09abd]:DecodeUtteranceLatticeFaster():decoder-wrappers.cc:289) Log-like per frame for utterance M144442992-3770043_3770043-144445236_1575560311-GB-M-013 is -3.88271 over 116 frames.
M144442992-3770043_3770043-144445236_1575560311-GB-M-014 KINDA DRESS YOU WEARIN' TONIGHT 
LOG (gmm-latgen-faster[5.5.480~1-09abd]:DecodeUtteranceLatticeFaster():decoder-wrappers.cc:289) Log-like per frame for utterance M144442992-3770043_3770043-144445236_1575560311-GB-M-014 is -4.05841 over 205 frames.
M144442992-3770043_3770043-144445236_1575560311-GB-M-015 'CAUSE HOLDIN' ON SO TIGHT THE WAY I DID BEFORE I OVERDOSED SHOULDA KNOWN YOUR LOVE WAS A GAME 
LOG (gmm-latgen-faster[5.5.480~1-09abd]:DecodeUtteranceLatticeFaster():decoder-wrappers.cc:289) Log-like per frame for utterance M144442992-3770043_3770043-144445236_1575560311-GB-M-015 is -4.13335 over 924 frames.
M144442992-3770043_3770043-144445236_1575560311-GB-M-019 NOW I CAN'T GET YA OUT MY BRAIN OOH IT'S SUCH A SHAME WE DON'T TALK ANYMORE WE DON'T TALK ANYMORE WE DON'T TALK ANYMORE LIKE WE USED TO DO WE DON'T LOVE ANYMORE WHAT WAS ALL OF IT FOR OOH WE DON'T TALK ANYMORE LIKE WE USED TO DO I JUST HOPE YOU'RE LYING NEXT TO SOMEBODY WHO KNOWS HOW TO LOVE YOU LIKE ME THERE MUST BE A GOOD REASON THAT TO GONE EVERY NOW AND THEN I THINK YOU MIGHT WANT ME TO COME SHOW UP AT YOUR DOOR BUT I'M JUST TOO AFRAID THAT I'LL BE WRONG 
LOG (gmm-latgen-faster[5.5.480~1-09abd]:DecodeUtteranceLatticeFaster():decoder-wrappers.cc:289) Log-like per frame for utterance M144442992-3770043_3770043-144445236_1575560311-GB-M-019 is -4.32251 over 4284 frames.
M144442992-3770043_3770043-144445236_1575560311-GB-M-032 DON'T WANNA KNOW 
LOG (gmm-latgen-faster[5.5.480~1-09abd]:DecodeUtteranceLatticeFaster():decoder-wrappers.cc:289) Log-like per frame for utterance M144442992-3770043_3770043-144445236_1575560311-GB-M-032 is -3.68915 over 133 frames.
M144442992-3770043_3770043-144445236_1575560311-GB-M-033 LOOKIN' INTO HER EYES 
LOG (gmm-latgen-faster[5.5.480~1-09abd]:DecodeUtteranceLatticeFaster():decoder-wrappers.cc:289) Log-like per frame for utterance M144442992-3770043_3770043-144445236_1575560311-GB-M-033 is -4.30599 over 193 frames.
M144442992-3770043_3770043-144445236_1575560311-GB-M-034 IS HOLDIN' ON YOU SO TIGHT 
LOG (gmm-latgen-faster[5.5.480~1-09abd]:DecodeUtteranceLatticeFaster():decoder-wrappers.cc:289) Log-like per frame for utterance M144442992-3770043_3770043-144445236_1575560311-GB-M-034 is -4.34844 over 194 frames.
M144442992-3770043_3770043-144445236_1575560311-GB-M-035 THE WAY I DID BEFORE I OVERDOSED SHOULDA KNOWN YOUR LOVE WAS A GAME 
LOG (gmm-latgen-faster[5.5.480~1-09abd]:DecodeUtteranceLatticeFaster():decoder-wrappers.cc:289) Log-like per frame for utterance M144442992-3770043_3770043-144445236_1575560311-GB-M-035 is -3.98663 over 680 frames.
M144442992-3770043_3770043-144445236_1575560311-GB-M-038 I CAN'T GET YOU OUT OF MY BRAIN OOH IT'S SUCH A SHAME WE DON'T TALK ANYMORE WE DON'T TALK ANYMORE 
LOG (gmm-latgen-faster[5.5.480~1-09abd]:DecodeUtteranceLatticeFaster():decoder-wrappers.cc:289) Log-like per frame for utterance M144442992-3770043_3770043-144445236_1575560311-GB-M-038 is -4.20619 over 890 frames.
M144442992-3770043_3770043-144445236_1575560311-GB-M-042 WE DON'T TALK ANYMORE LIKE WE USED TO DO 
LOG (gmm-latgen-faster[5.5.480~1-09abd]:DecodeUtteranceLatticeFaster():decoder-wrappers.cc:289) Log-like per frame for utterance M144442992-3770043_3770043-144445236_1575560311-GB-M-042 is -3.83145 over 403 frames.
M144442992-3770043_3770043-144445236_1575560311-GB-M-043 WE DON'T LOVE ANYMORE WHAT WAS ALL OF IT FOR 
LOG (gmm-latgen-faster[5.5.480~1-09abd]:DecodeUtteranceLatticeFaster():decoder-wrappers.cc:289) Log-like per frame for utterance M144442992-3770043_3770043-144445236_1575560311-GB-M-043 is -4.36672 over 379 frames.
M144442992-3770043_3770043-144445236_1575560311-GB-M-045 OOH WE DON'T TALK ANYMORE LIKE WE USED TO DO 
LOG (gmm-latgen-faster[5.5.480~1-09abd]:DecodeUtteranceLatticeFaster():decoder-wrappers.cc:289) Log-like per frame for utterance M144442992-3770043_3770043-144445236_1575560311-GB-M-045 is -3.99464 over 497 frames.
M144442992-3770043_3770043-144445236_1575560311-GB-M-046 LIKE WE USED TO DO DON'T WANNA KNOW 
LOG (gmm-latgen-faster[5.5.480~1-09abd]:DecodeUtteranceLatticeFaster():decoder-wrappers.cc:289) Log-like per frame for utterance M144442992-3770043_3770043-144445236_1575560311-GB-M-046 is -4.02351 over 1227 frames.
M144442992-3770043_3770043-144445236_1575560311-GB-M-048 KINDA DRESS YOU WEARIN' TONIGHT 
LOG (gmm-latgen-faster[5.5.480~1-09abd]:DecodeUtteranceLatticeFaster():decoder-wrappers.cc:289) Log-like per frame for utterance M144442992-3770043_3770043-144445236_1575560311-GB-M-048 is -4.35796 over 184 frames.
M144442992-3770043_3770043-144445236_1575560311-GB-M-049 HE'S GIVIN' YOU'RE JUST RIGHT THE WAY I DID BEFORE I OVERDOSED SHOULDA KNOWN YOUR LOVE WAS A GAME 
LOG (gmm-latgen-faster[5.5.480~1-09abd]:DecodeUtteranceLatticeFaster():decoder-wrappers.cc:289) Log-like per frame for utterance M144442992-3770043_3770043-144445236_1575560311-GB-M-049 is -4.65211 over 927 frames.
M144442992-3770043_3770043-144445236_1575560311-GB-M-053 OH CAN'T GET YOU OUT OF MY BRAIN 
LOG (gmm-latgen-faster[5.5.480~1-09abd]:DecodeUtteranceLatticeFaster():decoder-wrappers.cc:289) Log-like per frame for utterance M144442992-3770043_3770043-144445236_1575560311-GB-M-053 is -4.6448 over 204 frames.
M144442992-3770043_3770043-144445236_1575560311-GB-M-054 OOH IT'S SUCH A SHAME WE DON'T WE DON'T TALK ANYMORE WE DON'T TALK ANYMORE 
LOG (gmm-latgen-faster[5.5.480~1-09abd]:DecodeUtteranceLatticeFaster():decoder-wrappers.cc:289) Log-like per frame for utterance M144442992-3770043_3770043-144445236_1575560311-GB-M-054 is -4.25171 over 627 frames.
M144442992-3770043_3770043-144445236_1575560311-GB-M-057 WE DON'T TALK ANYMORE LIKE WE USED TO DO WE DON'T LOVE ANYMORE WHAT WAS ALL OF IT FOR OOH WE DON'T TALK ANYMORE LIKE WE USED TO DO WE DON'T TALK ANYMORE OH OH THE WAY I DID BEFORE WE DON'T TALK ANYMORE KNOW 
LOG (gmm-latgen-faster[5.5.480~1-09abd]:DecodeUtteranceLatticeFaster():decoder-wrappers.cc:289) Log-like per frame for utterance M144442992-3770043_3770043-144445236_1575560311-GB-M-057 is -4.21153 over 2602 frames.
M144442992-3770043_3770043-144445236_1575560311-GB-M-067 OH OOH IT'S SUCH A SHAME GAME 
LOG (gmm-latgen-faster[5.5.480~1-09abd]:DecodeUtteranceLatticeFaster():decoder-wrappers.cc:289) Log-like per frame for utterance M144442992-3770043_3770043-144445236_1575560311-GB-M-067 is -4.4842 over 278 frames.
M144442992-3770043_3770043-144445236_1575560311-GB-M-069 WE DON'T TALK ANYMORE 
LOG (gmm-latgen-faster[5.5.480~1-09abd]:DecodeUtteranceLatticeFaster():decoder-wrappers.cc:289) Log-like per frame for utterance M144442992-3770043_3770043-144445236_1575560311-GB-M-069 is -4.27702 over 124 frames.
M162608079-280393414_118431-661501888_1641397573-GB-M-005 I'M THE ONE FOR A GOOD TIME 
LOG (gmm-latgen-faster[5.5.480~1-09abd]:DecodeUtteranceLatticeFaster():decoder-wrappers.cc:289) Log-like per frame for utterance M162608079-280393414_118431-661501888_1641397573-GB-M-005 is -5.37053 over 170 frames.
M162608079-280393414_118431-661501888_1641397573-GB-M-006 PHONE'S BLOWIN' UP RINGIN' MY 
LOG (gmm-latgen-faster[5.5.480~1-09abd]:DecodeUtteranceLatticeFaster():decoder-wrappers.cc:289) Log-like per frame for utterance M162608079-280393414_118431-661501888_1641397573-GB-M-006 is -4.88689 over 298 frames.
M162608079-280393414_118431-661501888_1641397573-GB-M-008 DOORBELL I FEEL THE LOVE FEEL THE LOVE 
LOG (gmm-latgen-faster[5.5.480~1-09abd]:DecodeUtteranceLatticeFaster():decoder-wrappers.cc:289) Log-like per frame for utterance M162608079-280393414_118431-661501888_1641397573-GB-M-008 is -4.46757 over 481 frames.
M162608079-280393414_118431-661501888_1641397573-GB-M-009 <UNK> DRINK <UNK> DRINK THE DRINK 
LOG (gmm-latgen-faster[5.5.480~1-09abd]:DecodeUtteranceLatticeFaster():decoder-wrappers.cc:289) Log-like per frame for utterance M162608079-280393414_118431-661501888_1641397573-GB-M-009 is -4.92342 over 261 frames.
M162608079-280393414_118431-661501888_1641397573-GB-M-010 WANT YOU THE ONE DRINK YOU DRINK 
LOG (gmm-latgen-faster[5.5.480~1-09abd]:DecodeUtteranceLatticeFaster():decoder-wrappers.cc:289) Log-like per frame for utterance M162608079-280393414_118431-661501888_1641397573-GB-M-010 is -5.04285 over 262 frames.
M162608079-280393414_118431-661501888_1641397573-GB-M-012 <UNK> DRINK THE ONE TO DRINK 
LOG (gmm-latgen-faster[5.5.480~1-09abd]:DecodeUtteranceLatticeFaster():decoder-wrappers.cc:289) Log-like per frame for utterance M162608079-280393414_118431-661501888_1641397573-GB-M-012 is -5.09397 over 263 frames.
M162608079-280393414_118431-661501888_1641397573-GB-M-014 THROW EM BACK TILL I LOSE COUNT 
LOG (gmm-latgen-faster[5.5.480~1-09abd]:DecodeUtteranceLatticeFaster():decoder-wrappers.cc:289) Log-like per frame for utterance M162608079-280393414_118431-661501888_1641397573-GB-M-014 is -4.35395 over 327 frames.
M162608079-280393414_118431-661501888_1641397573-GB-M-017 FROM THE CHANDELIER 
LOG (gmm-latgen-faster[5.5.480~1-09abd]:DecodeUtteranceLatticeFaster():decoder-wrappers.cc:289) Log-like per frame for utterance M162608079-280393414_118431-661501888_1641397573-GB-M-017 is -2.75486 over 470 frames.
M162608079-280393414_118431-661501888_1641397573-GB-M-019 LIKE TOMORROW DOESN'T EXIST IT'S LIKE IT DOESN'T EXIST IN A 
LOG (gmm-latgen-faster[5.5.480~1-09abd]:DecodeUtteranceLatticeFaster():decoder-wrappers.cc:289) Log-like per frame for utterance M162608079-280393414_118431-661501888_1641397573-GB-M-019 is -4.25767 over 762 frames.
M162608079-280393414_118431-661501888_1641397573-GB-M-024 I'M GONNA I'M GONNA SWING 
LOG (gmm-latgen-faster[5.5.480~1-09abd]:DecodeUtteranceLatticeFaster():decoder-wrappers.cc:289) Log-like per frame for utterance M162608079-280393414_118431-661501888_1641397573-GB-M-024 is -2.55057 over 534 frames.
M162608079-280393414_118431-661501888_1641397573-GB-M-025 FROM THE CHANDELIER 
LOG (gmm-latgen-faster[5.5.480~1-09abd]:DecodeUtteranceLatticeFaster():decoder-wrappers.cc:289) Log-like per frame for utterance M162608079-280393414_118431-661501888_1641397573-GB-M-025 is -4.04412 over 255 frames.
M162608079-280393414_118431-661501888_1641397573-GB-M-027 FROM THE CHANDELIER 
LOG (gmm-latgen-faster[5.5.480~1-09abd]:DecodeUtteranceLatticeFaster():decoder-wrappers.cc:289) Log-like per frame for utterance M162608079-280393414_118431-661501888_1641397573-GB-M-027 is -3.74912 over 396 frames.
M162608079-280393414_118431-661501888_1641397573-GB-M-031 FROM THE I'M JUST HOLDING ON 
LOG (gmm-latgen-faster[5.5.480~1-09abd]:DecodeUtteranceLatticeFaster():decoder-wrappers.cc:289) Log-like per frame for utterance M162608079-280393414_118431-661501888_1641397573-GB-M-031 is -4.89365 over 143 frames.
M162608079-280393414_118431-661501888_1641397573-GB-M-032 FOR DEAR LIFE 
LOG (gmm-latgen-faster[5.5.480~1-09abd]:DecodeUtteranceLatticeFaster():decoder-wrappers.cc:289) Log-like per frame for utterance M162608079-280393414_118431-661501888_1641397573-GB-M-032 is -4.30137 over 134 frames.
M162608079-280393414_118431-661501888_1641397573-GB-M-033 WON'T LOOK DOWN WON'T OPEN MY EYES KEEP MY GLASS FULL UNTIL MORNING LIGHT 'CAUSE I'M JUST HOLDING ON FOR TONIGHT ON FOR TONIGHT 
LOG (gmm-latgen-faster[5.5.480~1-09abd]:DecodeUtteranceLatticeFaster():decoder-wrappers.cc:289) Log-like per frame for utterance M162608079-280393414_118431-661501888_1641397573-GB-M-033 is -4.30053 over 1079 frames.
M162608079-280393414_118431-661501888_1641397573-GB-M-040 HERE COMES THE SHAME HERE COMES THE SHAME 
LOG (gmm-latgen-faster[5.5.480~1-09abd]:DecodeUtteranceLatticeFaster():decoder-wrappers.cc:289) Log-like per frame for utterance M162608079-280393414_118431-661501888_1641397573-GB-M-040 is -4.12893 over 543 frames.
M162608079-280393414_118431-661501888_1641397573-GB-M-043 WON'T YOU ME ONE TO TO DRINK 
LOG (gmm-latgen-faster[5.5.480~1-09abd]:DecodeUtteranceLatticeFaster():decoder-wrappers.cc:289) Log-like per frame for utterance M162608079-280393414_118431-661501888_1641397573-GB-M-043 is -4.7866 over 268 frames.
M162608079-280393414_118431-661501888_1641397573-GB-M-044 <UNK> DRINK THE ONE TO TO DRINK 
LOG (gmm-latgen-faster[5.5.480~1-09abd]:DecodeUtteranceLatticeFaster():decoder-wrappers.cc:289) Log-like per frame for utterance M162608079-280393414_118431-661501888_1641397573-GB-M-044 is -4.80802 over 267 frames.
M162608079-280393414_118431-661501888_1641397573-GB-M-046 WON'T YOU THE WANT YOU WE DRINK TO I'M BACK TILL I LOSE COUNT THE I'M GONNA SWING ME FROM THE CHANDELIER FROM THE CHANDELIER LIVE 
LOG (gmm-latgen-faster[5.5.480~1-09abd]:DecodeUtteranceLatticeFaster():decoder-wrappers.cc:289) Log-like per frame for utterance M162608079-280393414_118431-661501888_1641397573-GB-M-046 is -3.77577 over 1870 frames.
M162608079-280393414_118431-661501888_1641397573-GB-M-055 LOVE I'M GONNA FLY RIGHT LIKE A BIRD THROUGH THE NIGHT FEEL MY TEARS AS THEY DRY BIRD 
LOG (gmm-latgen-faster[5.5.480~1-09abd]:DecodeUtteranceLatticeFaster():decoder-wrappers.cc:289) Log-like per frame for utterance M162608079-280393414_118431-661501888_1641397573-GB-M-055 is -3.95774 over 1294 frames.
M162608079-280393414_118431-661501888_1641397573-GB-M-060 AND I'M HOLDING ON 
LOG (gmm-latgen-faster[5.5.480~1-09abd]:DecodeUtteranceLatticeFaster():decoder-wrappers.cc:289) Log-like per frame for utterance M162608079-280393414_118431-661501888_1641397573-GB-M-060 is -4.47974 over 133 frames.
M162608079-280393414_118431-661501888_1641397573-GB-M-061 HOLDING ON WON'T LOOK DOWN WON'T OPEN MY EYES 
LOG (gmm-latgen-faster[5.5.480~1-09abd]:DecodeUtteranceLatticeFaster():decoder-wrappers.cc:289) Log-like per frame for utterance M162608079-280393414_118431-661501888_1641397573-GB-M-061 is -4.11084 over 409 frames.
M162608079-280393414_118431-661501888_1641397573-GB-M-063 KEEP MY GLASS FULL UNTIL MORNING LIGHT 'CAUSE I'M JUST HOLDING ON FOR TONIGHT 
LOG (gmm-latgen-faster[5.5.480~1-09abd]:DecodeUtteranceLatticeFaster():decoder-wrappers.cc:289) Log-like per frame for utterance M162608079-280393414_118431-661501888_1641397573-GB-M-063 is -4.27373 over 629 frames.
M162608079-280393414_118431-661501888_1641397573-GB-M-071 'CAUSE I'M JUST HOLDING ON FOR TONIGHT OH I'M JUST HOLDING ON FOR TONIGHT ON FOR TONIGHT ON FOR TONIGHT 
LOG (gmm-latgen-faster[5.5.480~1-09abd]:DecodeUtteranceLatticeFaster():decoder-wrappers.cc:289) Log-like per frame for utterance M162608079-280393414_118431-661501888_1641397573-GB-M-071 is -3.95759 over 862 frames.
M162608079-280393414_118431-661501888_1641397573-GB-M-075 'CAUSE I'M JUST HOLDING ON FOR TONIGHT 'CAUSE I'M JUST HOLDING ON FOR TONIGHT OH I'M JUST HOLDING ON FOR TONIGHT ON FOR TONIGHT ON FOR TONIGHT OH FOR 
LOG (gmm-latgen-faster[5.5.480~1-09abd]:DecodeUtteranceLatticeFaster():decoder-wrappers.cc:289) Log-like per frame for utterance M162608079-280393414_118431-661501888_1641397573-GB-M-075 is -4.50286 over 1906 frames.
M164219604-3770492_3770492-1184927695_1441484303-GB-M-001 THE REAL LIFE 
LOG (gmm-latgen-faster[5.5.480~1-09abd]:DecodeUtteranceLatticeFaster():decoder-wrappers.cc:289) Log-like per frame for utterance M164219604-3770492_3770492-1184927695_1441484303-GB-M-001 is -3.20859 over 173 frames.
M164219604-3770492_3770492-1184927695_1441484303-GB-M-002 AND SEE ME LANDSLIDE WANT EYES ME AND THE 
LOG (gmm-latgen-faster[5.5.480~1-09abd]:DecodeUtteranceLatticeFaster():decoder-wrappers.cc:289) Log-like per frame for utterance M164219604-3770492_3770492-1184927695_1441484303-GB-M-002 is -4.10463 over 823 frames.
M164219604-3770492_3770492-1184927695_1441484303-GB-M-006 I'M JUST A POOR BOY 
LOG (gmm-latgen-faster[5.5.480~1-09abd]:DecodeUtteranceLatticeFaster():decoder-wrappers.cc:289) Log-like per frame for utterance M164219604-3770492_3770492-1184927695_1441484303-GB-M-006 is -3.95106 over 312 frames.
M164219604-3770492_3770492-1184927695_1441484303-GB-M-007 I NEED NO SYMPATHY 
LOG (gmm-latgen-faster[5.5.480~1-09abd]:DecodeUtteranceLatticeFaster():decoder-wrappers.cc:289) Log-like per frame for utterance M164219604-3770492_3770492-1184927695_1441484303-GB-M-007 is -4.38598 over 178 frames.
M164219604-3770492_3770492-1184927695_1441484303-GB-M-008 I'M EASY 
LOG (gmm-latgen-faster[5.5.480~1-09abd]:DecodeUtteranceLatticeFaster():decoder-wrappers.cc:289) Log-like per frame for utterance M164219604-3770492_3770492-1184927695_1441484303-GB-M-008 is -3.37313 over 98 frames.
M164219604-3770492_3770492-1184927695_1441484303-GB-M-010 LITTLE HIGH UP 
LOG (gmm-latgen-faster[5.5.480~1-09abd]:DecodeUtteranceLatticeFaster():decoder-wrappers.cc:289) Log-like per frame for utterance M164219604-3770492_3770492-1184927695_1441484303-GB-M-010 is -4.16701 over 193 frames.
M164219604-3770492_3770492-1184927695_1441484303-GB-M-012 ANY WAY THE WIND BLOWS DOESN'T REALLY MATTER KNOW 
LOG (gmm-latgen-faster[5.5.480~1-09abd]:DecodeUtteranceLatticeFaster():decoder-wrappers.cc:289) Log-like per frame for utterance M164219604-3770492_3770492-1184927695_1441484303-GB-M-012 is -3.07416 over 825 frames.
M164219604-3770492_3770492-1184927695_1441484303-GB-M-013 TO ME 
LOG (gmm-latgen-faster[5.5.480~1-09abd]:DecodeUtteranceLatticeFaster():decoder-wrappers.cc:289) Log-like per frame for utterance M164219604-3770492_3770492-1184927695_1441484303-GB-M-013 is -2.65707 over 310 frames.
M164219604-3770492_3770492-1184927695_1441484303-GB-M-014 YOUR AND MY PUT A GUN AGAINST DEAD BY HOME NOT MAMA LIFE HAD THAT GONE AND THROWN IT ALL AWAY MAMA LET 
LOG (gmm-latgen-faster[5.5.480~1-09abd]:DecodeUtteranceLatticeFaster():decoder-wrappers.cc:289) Log-like per frame for utterance M164219604-3770492_3770492-1184927695_1441484303-GB-M-014 is -3.9345 over 3071 frames.
M164219604-3770492_3770492-1184927695_1441484303-GB-M-020 IF I'M NOT BACK AGAIN THIS TIME TOMORROW CARRY ON CARRY ON 
LOG (gmm-latgen-faster[5.5.480~1-09abd]:DecodeUtteranceLatticeFaster():decoder-wrappers.cc:289) Log-like per frame for utterance M164219604-3770492_3770492-1184927695_1441484303-GB-M-020 is -4.58131 over 763 frames.
M164219604-3770492_3770492-1184927695_1441484303-GB-M-022 IF NOTHING REALLY MATTER ONE OH 
LOG (gmm-latgen-faster[5.5.480~1-09abd]:DecodeUtteranceLatticeFaster():decoder-wrappers.cc:289) Log-like per frame for utterance M164219604-3770492_3770492-1184927695_1441484303-GB-M-022 is -3.71059 over 475 frames.
M164219604-3770492_3770492-1184927695_1441484303-GB-M-023 TOO LATE MY TIME HAS COME 
LOG (gmm-latgen-faster[5.5.480~1-09abd]:DecodeUtteranceLatticeFaster():decoder-wrappers.cc:289) Log-like per frame for utterance M164219604-3770492_3770492-1184927695_1441484303-GB-M-023 is -3.53277 over 556 frames.
M164219604-3770492_3770492-1184927695_1441484303-GB-M-024 SENT SHIVERS DOWN MY SPINE BODY'S ACHING ALL THE TIME GOOD BYE IS KNOW IS MAMA LEAVE I YOU AT I DON'T WANNA DIE AND FACE NEVER BEEN MAMA THE I DON'T WANNA I SOMETIMES NEVER BEEN ALL <UNK> 
LOG (gmm-latgen-faster[5.5.480~1-09abd]:DecodeUtteranceLatticeFaster():decoder-wrappers.cc:289) Log-like per frame for utterance M164219604-3770492_3770492-1184927695_1441484303-GB-M-024 is -3.80594 over 5047 frames.
M164219604-3770492_3770492-1184927695_1441484303-GB-M-030 <UNK> <UNK> WILL YOU DO THE FANDANGO THUNDERBOLT AND LIGHTNING VERY VERY WANT FRIGHTENING FIGARO <UNK> 
LOG (gmm-latgen-faster[5.5.480~1-09abd]:DecodeUtteranceLatticeFaster():decoder-wrappers.cc:289) Log-like per frame for utterance M164219604-3770492_3770492-1184927695_1441484303-GB-M-030 is -4.4039 over 1270 frames.
M164219604-3770492_3770492-1184927695_1441484303-GB-M-038 I'M JUST A POOR BOY NOBODY LET ME 
LOG (gmm-latgen-faster[5.5.480~1-09abd]:DecodeUtteranceLatticeFaster():decoder-wrappers.cc:289) Log-like per frame for utterance M164219604-3770492_3770492-1184927695_1441484303-GB-M-038 is -4.48136 over 363 frames.
M164219604-3770492_3770492-1184927695_1441484303-GB-M-040 SPARE HIM HIS LIFE FROM THIS MAMA FOR FOR TO 
LOG (gmm-latgen-faster[5.5.480~1-09abd]:DecodeUtteranceLatticeFaster():decoder-wrappers.cc:289) Log-like per frame for utterance M164219604-3770492_3770492-1184927695_1441484303-GB-M-040 is -5.11725 over 281 frames.
M164219604-3770492_3770492-1184927695_1441484303-GB-M-041 EASY COME EASY GO WILL YOU LET ME GO <UNK> 
LOG (gmm-latgen-faster[5.5.480~1-09abd]:DecodeUtteranceLatticeFaster():decoder-wrappers.cc:289) Log-like per frame for utterance M164219604-3770492_3770492-1184927695_1441484303-GB-M-041 is -4.86526 over 304 frames.
M164219604-3770492_3770492-1184927695_1441484303-GB-M-044 LET HIM GO 
LOG (gmm-latgen-faster[5.5.480~1-09abd]:DecodeUtteranceLatticeFaster():decoder-wrappers.cc:289) Log-like per frame for utterance M164219604-3770492_3770492-1184927695_1441484303-GB-M-044 is -3.74497 over 134 frames.
M164219604-3770492_3770492-1184927695_1441484303-GB-M-047 LET HIM GO 
LOG (gmm-latgen-faster[5.5.480~1-09abd]:DecodeUtteranceLatticeFaster():decoder-wrappers.cc:289) Log-like per frame for utterance M164219604-3770492_3770492-1184927695_1441484303-GB-M-047 is -3.52898 over 187 frames.
M164219604-3770492_3770492-1184927695_1441484303-GB-M-054 NO NO NO NO GONNA 
LOG (gmm-latgen-faster[5.5.480~1-09abd]:DecodeUtteranceLatticeFaster():decoder-wrappers.cc:289) Log-like per frame for utterance M164219604-3770492_3770492-1184927695_1441484303-GB-M-054 is -4.73449 over 233 frames.
M164219604-3770492_3770492-1184927695_1441484303-GB-M-056 MAMMA MIA LET ME GO 
LOG (gmm-latgen-faster[5.5.480~1-09abd]:DecodeUtteranceLatticeFaster():decoder-wrappers.cc:289) Log-like per frame for utterance M164219604-3770492_3770492-1184927695_1441484303-GB-M-056 is -4.38802 over 152 frames.
M164219604-3770492_3770492-1184927695_1441484303-GB-M-057 FOR ME FOR ME FOR ME FOR EYE 
LOG (gmm-latgen-faster[5.5.480~1-09abd]:DecodeUtteranceLatticeFaster():decoder-wrappers.cc:289) Log-like per frame for utterance M164219604-3770492_3770492-1184927695_1441484303-GB-M-057 is -2.44666 over 837 frames.
M164219604-3770492_3770492-1184927695_1441484303-GB-M-058 SO YOU THINK YOU CAN STONE ME AND SPIT IN MY EYE 
LOG (gmm-latgen-faster[5.5.480~1-09abd]:DecodeUtteranceLatticeFaster():decoder-wrappers.cc:289) Log-like per frame for utterance M164219604-3770492_3770492-1184927695_1441484303-GB-M-058 is -3.5922 over 441 frames.
M164219604-3770492_3770492-1184927695_1441484303-GB-M-059 SO YOU THINK YOU CAN LOVE ME AND LEAVE ME TO DIE OH BABY CAN'T DO THIS TO ME BABY 
LOG (gmm-latgen-faster[5.5.480~1-09abd]:DecodeUtteranceLatticeFaster():decoder-wrappers.cc:289) Log-like per frame for utterance M164219604-3770492_3770492-1184927695_1441484303-GB-M-059 is -3.50222 over 1128 frames.
M164219604-3770492_3770492-1184927695_1441484303-GB-M-061 JUST GOTTA GET OUT JUST GOTTA GET RIGHT OUTTA HERE I LIFE AS AT 
LOG (gmm-latgen-faster[5.5.480~1-09abd]:DecodeUtteranceLatticeFaster():decoder-wrappers.cc:289) Log-like per frame for utterance M164219604-3770492_3770492-1184927695_1441484303-GB-M-061 is -4.12197 over 3674 frames.
M164219604-3770492_3770492-1184927695_1441484303-GB-M-064 NOTHING REALLY MATTERS NOTHING REALLY MATTERS TO ME 
LOG (gmm-latgen-faster[5.5.480~1-09abd]:DecodeUtteranceLatticeFaster():decoder-wrappers.cc:289) Log-like per frame for utterance M164219604-3770492_3770492-1184927695_1441484303-GB-M-064 is -3.05853 over 1147 frames.
M164219604-3770492_3770492-1184927695_1441484303-GB-M-065 ANY WAY THE WIND BLOWS 
LOG (gmm-latgen-faster[5.5.480~1-09abd]:DecodeUtteranceLatticeFaster():decoder-wrappers.cc:289) Log-like per frame for utterance M164219604-3770492_3770492-1184927695_1441484303-GB-M-065 is -2.63705 over 475 frames.
M168328590-366321445_130404-168330365_1666655313-GB-M-003 OCEANS APART DAY AFTER DAY 
LOG (gmm-latgen-faster[5.5.480~1-09abd]:DecodeUtteranceLatticeFaster():decoder-wrappers.cc:289) Log-like per frame for utterance M168328590-366321445_130404-168330365_1666655313-GB-M-003 is -4.20604 over 506 frames.
M168328590-366321445_130404-168330365_1666655313-GB-M-005 AND I SLOWLY GO INSANE 
LOG (gmm-latgen-faster[5.5.480~1-09abd]:DecodeUtteranceLatticeFaster():decoder-wrappers.cc:289) Log-like per frame for utterance M168328590-366321445_130404-168330365_1666655313-GB-M-005 is -3.67573 over 397 frames.
M168328590-366321445_130404-168330365_1666655313-GB-M-006 I HEAR YOUR VOICE ON THE ON THE LINE 
LOG (gmm-latgen-faster[5.5.480~1-09abd]:DecodeUtteranceLatticeFaster():decoder-wrappers.cc:289) Log-like per frame for utterance M168328590-366321445_130404-168330365_1666655313-GB-M-006 is -3.74456 over 502 frames.
M168328590-366321445_130404-168330365_1666655313-GB-M-008 BUT IT DOESN'T STOP THE PAIN 
LOG (gmm-latgen-faster[5.5.480~1-09abd]:DecodeUtteranceLatticeFaster():decoder-wrappers.cc:289) Log-like per frame for utterance M168328590-366321445_130404-168330365_1666655313-GB-M-008 is -3.42023 over 419 frames.
M168328590-366321445_130404-168330365_1666655313-GB-M-015 WHATEVER IT TAKES 
LOG (gmm-latgen-faster[5.5.480~1-09abd]:DecodeUtteranceLatticeFaster():decoder-wrappers.cc:289) Log-like per frame for utterance M168328590-366321445_130404-168330365_1666655313-GB-M-015 is -3.65086 over 188 frames.
M168328590-366321445_130404-168330365_1666655313-GB-M-016 OR HOW MY HEART BREAKS I WILL BE RIGHT HERE WAITING FOR YOU 
LOG (gmm-latgen-faster[5.5.480~1-09abd]:DecodeUtteranceLatticeFaster():decoder-wrappers.cc:289) Log-like per frame for utterance M168328590-366321445_130404-168330365_1666655313-GB-M-016 is -3.44563 over 827 frames.
M168328590-366321445_130404-168330365_1666655313-GB-M-024 OH CAN'T YOU SEE IT BABY 
LOG (gmm-latgen-faster[5.5.480~1-09abd]:DecodeUtteranceLatticeFaster():decoder-wrappers.cc:289) Log-like per frame for utterance M168328590-366321445_130404-168330365_1666655313-GB-M-024 is -2.92028 over 433 frames.
M168328590-366321445_130404-168330365_1666655313-GB-M-026 YOU'VE GOT ME GOING CRAZY WHEREVER YOU GO WHATEVER YOU DO I WILL BE RIGHT HERE WAITING FOR YOU 
LOG (gmm-latgen-faster[5.5.480~1-09abd]:DecodeUtteranceLatticeFaster():decoder-wrappers.cc:289) Log-like per frame for utterance M168328590-366321445_130404-168330365_1666655313-GB-M-026 is -3.44911 over 1538 frames.
M168328590-366321445_130404-168330365_1666655313-GB-M-034 I WONDER HOW WE CAN SURVIVE 
LOG (gmm-latgen-faster[5.5.480~1-09abd]:DecodeUtteranceLatticeFaster():decoder-wrappers.cc:289) Log-like per frame for utterance M168328590-366321445_130404-168330365_1666655313-GB-M-034 is -4.06888 over 449 frames.
M168328590-366321445_130404-168330365_1666655313-GB-M-035 THIS ROMANCE 
LOG (gmm-latgen-faster[5.5.480~1-09abd]:DecodeUtteranceLatticeFaster():decoder-wrappers.cc:289) Log-like per frame for utterance M168328590-366321445_130404-168330365_1666655313-GB-M-035 is -3.6915 over 215 frames.
M168328590-366321445_130404-168330365_1666655313-GB-M-041 OH CAN'T YOU SEE IT BABY YOU'VE GOT ME GOING CRAZY WHEREVER YOU GO WHATEVER YOU DO I WILL BE RIGHT HERE WAITING FOR YOU 
LOG (gmm-latgen-faster[5.5.480~1-09abd]:DecodeUtteranceLatticeFaster():decoder-wrappers.cc:289) Log-like per frame for utterance M168328590-366321445_130404-168330365_1666655313-GB-M-041 is -3.35921 over 2042 frames.
M168328590-366321445_130404-168330365_1666655313-GB-M-047 WHATEVER IT TAKES 
LOG (gmm-latgen-faster[5.5.480~1-09abd]:DecodeUtteranceLatticeFaster():decoder-wrappers.cc:289) Log-like per frame for utterance M168328590-366321445_130404-168330365_1666655313-GB-M-047 is -3.49873 over 186 frames.
M168328590-366321445_130404-168330365_1666655313-GB-M-048 OR HOW MY HEART BREAKS 
LOG (gmm-latgen-faster[5.5.480~1-09abd]:DecodeUtteranceLatticeFaster():decoder-wrappers.cc:289) Log-like per frame for utterance M168328590-366321445_130404-168330365_1666655313-GB-M-048 is -3.88087 over 186 frames.
M168328590-366321445_130404-168330365_1666655313-GB-M-049 I WILL BE RIGHT HERE WAITING FOR YOU 
LOG (gmm-latgen-faster[5.5.480~1-09abd]:DecodeUtteranceLatticeFaster():decoder-wrappers.cc:289) Log-like per frame for utterance M168328590-366321445_130404-168330365_1666655313-GB-M-049 is -2.93945 over 569 frames.
M168328590-366321445_130404-168330365_1666655313-GB-M-051 WAITING FOR YOU 
LOG (gmm-latgen-faster[5.5.480~1-09abd]:DecodeUtteranceLatticeFaster():decoder-wrappers.cc:289) Log-like per frame for utterance M168328590-366321445_130404-168330365_1666655313-GB-M-051 is -3.40432 over 220 frames.
M168328590-366321445_130404-168330365_1666655313-GB-M-052 RE ARRANGE 
LOG (gmm-latgen-faster[5.5.480~1-09abd]:DecodeUtteranceLatticeFaster():decoder-wrappers.cc:289) Log-like per frame for utterance M168328590-366321445_130404-168330365_1666655313-GB-M-052 is -3.04676 over 99 frames.
M168328590-366321445_130404-168330365_1666655313-GB-M-053 FOR YOU 
LOG (gmm-latgen-faster[5.5.480~1-09abd]:DecodeUtteranceLatticeFaster():decoder-wrappers.cc:289) Log-like per frame for utterance M168328590-366321445_130404-168330365_1666655313-GB-M-053 is -2.79326 over 201 frames.
M175408183-3699509_3699509-532602792_1558194176-GB-M-009 CAN TELL THAT YOU CAME WITH THE DISNEY FLOW AYY 
LOG (gmm-latgen-faster[5.5.480~1-09abd]:DecodeUtteranceLatticeFaster():decoder-wrappers.cc:289) Log-like per frame for utterance M175408183-3699509_3699509-532602792_1558194176-GB-M-009 is -4.88737 over 183 frames.
M175408183-3699509_3699509-532602792_1558194176-GB-M-011 AIN'T NOBODY EVER HEARD ABOUT 
LOG (gmm-latgen-faster[5.5.480~1-09abd]:DecodeUtteranceLatticeFaster():decoder-wrappers.cc:289) Log-like per frame for utterance M175408183-3699509_3699509-532602792_1558194176-GB-M-011 is -4.6223 over 130 frames.
M175408183-3699509_3699509-532602792_1558194176-GB-M-012 THE DISNEY SHOW AYY GOT A BITCH 
LOG (gmm-latgen-faster[5.5.480~1-09abd]:DecodeUtteranceLatticeFaster():decoder-wrappers.cc:289) Log-like per frame for utterance M175408183-3699509_3699509-532602792_1558194176-GB-M-012 is -5.3225 over 147 frames.
M175408183-3699509_3699509-532602792_1558194176-GB-M-013 OR HOW MY ME OF MY CEREAL 
LOG (gmm-latgen-faster[5.5.480~1-09abd]:DecodeUtteranceLatticeFaster():decoder-wrappers.cc:289) Log-like per frame for utterance M175408183-3699509_3699509-532602792_1558194176-GB-M-013 is -4.69916 over 132 frames.
M175408183-3699509_3699509-532602792_1558194176-GB-M-014 BRITAIN WHEN I SAID LIKE 
LOG (gmm-latgen-faster[5.5.480~1-09abd]:DecodeUtteranceLatticeFaster():decoder-wrappers.cc:289) Log-like per frame for utterance M175408183-3699509_3699509-532602792_1558194176-GB-M-014 is -4.69573 over 117 frames.
M175408183-3699509_3699509-532602792_1558194176-GB-M-015 TO <UNK> YEAH THIS THE 
LOG (gmm-latgen-faster[5.5.480~1-09abd]:DecodeUtteranceLatticeFaster():decoder-wrappers.cc:289) Log-like per frame for utterance M175408183-3699509_3699509-532602792_1558194176-GB-M-015 is -5.46269 over 168 frames.
M175408183-3699509_3699509-532602792_1558194176-GB-M-017 ME IF WE COULD WIN AGAINST JAKE 
LOG (gmm-latgen-faster[5.5.480~1-09abd]:DecodeUtteranceLatticeFaster():decoder-wrappers.cc:289) Log-like per frame for utterance M175408183-3699509_3699509-532602792_1558194176-GB-M-017 is -4.91129 over 175 frames.
M175408183-3699509_3699509-532602792_1558194176-GB-M-018 I SAID WE GUCCI LIKE THE SHIRTS 
LOG (gmm-latgen-faster[5.5.480~1-09abd]:DecodeUtteranceLatticeFaster():decoder-wrappers.cc:289) Log-like per frame for utterance M175408183-3699509_3699509-532602792_1558194176-GB-M-018 is -5.13777 over 129 frames.
M175408183-3699509_3699509-532602792_1558194176-GB-M-019 I THE SNAKES ON I JUST HEARD THE SONG TEAM CAN NOW I HATE THAT WILL WHEN I WILL BE YOUR LAST HIT LIKE AN IN WHAT 
LOG (gmm-latgen-faster[5.5.480~1-09abd]:DecodeUtteranceLatticeFaster():decoder-wrappers.cc:289) Log-like per frame for utterance M175408183-3699509_3699509-532602792_1558194176-GB-M-019 is -5.25426 over 563 frames.
M175408183-3699509_3699509-532602792_1558194176-GB-M-038 AYY DIDN'T SEE 'EM LIKE 
LOG (gmm-latgen-faster[5.5.480~1-09abd]:DecodeUtteranceLatticeFaster():decoder-wrappers.cc:289) Log-like per frame for utterance M175408183-3699509_3699509-532602792_1558194176-GB-M-038 is -4.34476 over 107 frames.
M175408183-3699509_3699509-532602792_1558194176-GB-M-039 GEORGE I'M JUST CURIOUS AYY <UNK> SAID YOU CUM FAST LIKE THE FURIOUS DISS TRACKS THAT YOU LIKE A MIRROR IS WANNA FLEX ON MY WRIST I PUT SOME ICE ON IT TWICE I PUT SOME RICE ON IT TALK NOW I'M ON YOUR HEAD LIKE SOME LICE ON IT 
LOG (gmm-latgen-faster[5.5.480~1-09abd]:DecodeUtteranceLatticeFaster():decoder-wrappers.cc:289) Log-like per frame for utterance M175408183-3699509_3699509-532602792_1558194176-GB-M-039 is -4.97202 over 1327 frames.
M175408183-3699509_3699509-532602792_1558194176-GB-M-051 USED TO BULLY KIDS 
LOG (gmm-latgen-faster[5.5.480~1-09abd]:DecodeUtteranceLatticeFaster():decoder-wrappers.cc:289) Log-like per frame for utterance M175408183-3699509_3699509-532602792_1558194176-GB-M-051 is -5.23375 over 101 frames.
M175408183-3699509_3699509-532602792_1558194176-GB-M-054 SECOND PART FOR THE KILL THAT'S WHAT RICE DO OOH 
LOG (gmm-latgen-faster[5.5.480~1-09abd]:DecodeUtteranceLatticeFaster():decoder-wrappers.cc:289) Log-like per frame for utterance M175408183-3699509_3699509-532602792_1558194176-GB-M-054 is -5.02429 over 204 frames.
M175408183-3699509_3699509-532602792_1558194176-GB-M-057 HIT IT TWICE THIS AIN'T <UNK> I DON'T LIKE YOU 
LOG (gmm-latgen-faster[5.5.480~1-09abd]:DecodeUtteranceLatticeFaster():decoder-wrappers.cc:289) Log-like per frame for utterance M175408183-3699509_3699509-532602792_1558194176-GB-M-057 is -5.01041 over 198 frames.
M175408183-3699509_3699509-532602792_1558194176-GB-M-059 GOTTA PUT THIS RICE IN THIS BEEF LIKE SOME THAI FOOD YOU AIN'T GOT NO BARS NO FLOW LIKE A LAKE DO RENTED CARS AND THE ROLLIE LOOKIN' FAKE TOO 
LOG (gmm-latgen-faster[5.5.480~1-09abd]:DecodeUtteranceLatticeFaster():decoder-wrappers.cc:289) Log-like per frame for utterance M175408183-3699509_3699509-532602792_1558194176-GB-M-059 is -4.97942 over 711 frames.
M175408183-3699509_3699509-532602792_1558194176-GB-M-066 LET'S GO BACK TO THE BULLY THING LISTEN HERE 
LOG (gmm-latgen-faster[5.5.480~1-09abd]:DecodeUtteranceLatticeFaster():decoder-wrappers.cc:289) Log-like per frame for utterance M175408183-3699509_3699509-532602792_1558194176-GB-M-066 is -4.88301 over 203 frames.
M175408183-3699509_3699509-532602792_1558194176-GB-M-068 TO BACK IN MIDDLE SCHOOL OR WAS IT SENIOR YEAR 
LOG (gmm-latgen-faster[5.5.480~1-09abd]:DecodeUtteranceLatticeFaster():decoder-wrappers.cc:289) Log-like per frame for utterance M175408183-3699509_3699509-532602792_1558194176-GB-M-068 is -5.02272 over 190 frames.
M175408183-3699509_3699509-532602792_1558194176-GB-M-070 DIDN'T THINK YOU'D GET CALL THE 
LOG (gmm-latgen-faster[5.5.480~1-09abd]:DecodeUtteranceLatticeFaster():decoder-wrappers.cc:289) Log-like per frame for utterance M175408183-3699509_3699509-532602792_1558194176-GB-M-070 is -5.22363 over 125 frames.
M175408183-3699509_3699509-532602792_1558194176-GB-M-073 PICK ON OTHERS JUST TO HIDE THE FACT YOU INSECURE HOW YOU THINK THEY FELT WHEN THEY WENT HOME AND THEY WERE DRIPPING TEARS 
LOG (gmm-latgen-faster[5.5.480~1-09abd]:DecodeUtteranceLatticeFaster():decoder-wrappers.cc:289) Log-like per frame for utterance M175408183-3699509_3699509-532602792_1558194176-GB-M-073 is -4.94446 over 431 frames.
M175408183-3699509_3699509-532602792_1558194176-GB-M-077 CHEATED ON A GOOD GIRL JUST TO THE IS 
LOG (gmm-latgen-faster[5.5.480~1-09abd]:DecodeUtteranceLatticeFaster():decoder-wrappers.cc:289) Log-like per frame for utterance M175408183-3699509_3699509-532602792_1558194176-GB-M-077 is -4.8333 over 189 frames.
M175408183-3699509_3699509-532602792_1558194176-GB-M-112 USED TO BE A FAN AND YOU STILL A FAN NOW THEY GON' CALL ME RICH GO 'CAUSE I'M DUMB RICH NOW 
LOG (gmm-latgen-faster[5.5.480~1-09abd]:DecodeUtteranceLatticeFaster():decoder-wrappers.cc:289) Log-like per frame for utterance M175408183-3699509_3699509-532602792_1558194176-GB-M-112 is -4.9458 over 460 frames.
M185782101-42870007_249340-216972851_1661851363-GB-M-002 DON'T 
LOG (gmm-latgen-faster[5.5.480~1-09abd]:DecodeUtteranceLatticeFaster():decoder-wrappers.cc:289) Log-like per frame for utterance M185782101-42870007_249340-216972851_1661851363-GB-M-002 is -4.37753 over 173 frames.
M185782101-42870007_249340-216972851_1661851363-GB-M-009 MAKE IT AS GOT YOU EVER 
LOG (gmm-latgen-faster[5.5.480~1-09abd]:DecodeUtteranceLatticeFaster():decoder-wrappers.cc:289) Log-like per frame for utterance M185782101-42870007_249340-216972851_1661851363-GB-M-009 is -4.33066 over 451 frames.
M185782101-42870007_249340-216972851_1661851363-GB-M-014 SHAKING FALLING ONTO MY TO IS 
LOG (gmm-latgen-faster[5.5.480~1-09abd]:DecodeUtteranceLatticeFaster():decoder-wrappers.cc:289) Log-like per frame for utterance M185782101-42870007_249340-216972851_1661851363-GB-M-014 is -4.68833 over 289 frames.
M185782101-42870007_249340-216972851_1661851363-GB-M-016 I'LL BE NEEDING STITCHES I'M MYSELF 
LOG (gmm-latgen-faster[5.5.480~1-09abd]:DecodeUtteranceLatticeFaster():decoder-wrappers.cc:289) Log-like per frame for utterance M185782101-42870007_249340-216972851_1661851363-GB-M-016 is -3.85686 over 399 frames.
M185782101-42870007_249340-216972851_1661851363-GB-M-018 ACHING BEGGING YOU BUT NO MYSELF 
LOG (gmm-latgen-faster[5.5.480~1-09abd]:DecodeUtteranceLatticeFaster():decoder-wrappers.cc:289) Log-like per frame for utterance M185782101-42870007_249340-216972851_1661851363-GB-M-018 is -4.67349 over 290 frames.
M185782101-42870007_249340-216972851_1661851363-GB-M-021 I'LL BE NEEDING STITCHES JUST LIKE A MOTH DRAWN TO A FLAME OWN 
LOG (gmm-latgen-faster[5.5.480~1-09abd]:DecodeUtteranceLatticeFaster():decoder-wrappers.cc:289) Log-like per frame for utterance M185782101-42870007_249340-216972851_1661851363-GB-M-021 is -3.9054 over 853 frames.
M185782101-42870007_249340-216972851_1661851363-GB-M-023 YOU LURED ME IN I COULDN'T SENSE THE PAIN 
LOG (gmm-latgen-faster[5.5.480~1-09abd]:DecodeUtteranceLatticeFaster():decoder-wrappers.cc:289) Log-like per frame for utterance M185782101-42870007_249340-216972851_1661851363-GB-M-023 is -3.60704 over 570 frames.
M185782101-42870007_249340-216972851_1661851363-GB-M-025 YOUR BITTER HEART COLD TO THE TOUCH IN I ARE 
LOG (gmm-latgen-faster[5.5.480~1-09abd]:DecodeUtteranceLatticeFaster():decoder-wrappers.cc:289) Log-like per frame for utterance M185782101-42870007_249340-216972851_1661851363-GB-M-025 is -4.10777 over 446 frames.
M185782101-42870007_249340-216972851_1661851363-GB-M-026 NOW I'M GONNA REAP WHAT I SAW 
LOG (gmm-latgen-faster[5.5.480~1-09abd]:DecodeUtteranceLatticeFaster():decoder-wrappers.cc:289) Log-like per frame for utterance M185782101-42870007_249340-216972851_1661851363-GB-M-026 is -4.07073 over 255 frames.
M185782101-42870007_249340-216972851_1661851363-GB-M-027 I'M LEFT SEEING RED ON MY OWN 
LOG (gmm-latgen-faster[5.5.480~1-09abd]:DecodeUtteranceLatticeFaster():decoder-wrappers.cc:289) Log-like per frame for utterance M185782101-42870007_249340-216972851_1661851363-GB-M-027 is -3.47109 over 291 frames.
M185782101-42870007_249340-216972851_1661851363-GB-M-028 GOT A FEELING THAT I'M GOING UNDER BUT I KNOW THAT I'LL MAKE IT OUT ALIVE IF I QUIT CALLING YOU MY LOVER 
LOG (gmm-latgen-faster[5.5.480~1-09abd]:DecodeUtteranceLatticeFaster():decoder-wrappers.cc:289) Log-like per frame for utterance M185782101-42870007_249340-216972851_1661851363-GB-M-028 is -4.08901 over 938 frames.
M185782101-42870007_249340-216972851_1661851363-GB-M-033 MOVE ON 
LOG (gmm-latgen-faster[5.5.480~1-09abd]:DecodeUtteranceLatticeFaster():decoder-wrappers.cc:289) Log-like per frame for utterance M185782101-42870007_249340-216972851_1661851363-GB-M-033 is -4.03024 over 125 frames.
M185782101-42870007_249340-216972851_1661851363-GB-M-034 YOU WATCH ME BLEED UNTIL I CAN'T BREATHE 
LOG (gmm-latgen-faster[5.5.480~1-09abd]:DecodeUtteranceLatticeFaster():decoder-wrappers.cc:289) Log-like per frame for utterance M185782101-42870007_249340-216972851_1661851363-GB-M-034 is -4.58486 over 364 frames.
M185782101-42870007_249340-216972851_1661851363-GB-M-036 NOT BE I'M WITHOUT YOUR KISSES AS 
LOG (gmm-latgen-faster[5.5.480~1-09abd]:DecodeUtteranceLatticeFaster():decoder-wrappers.cc:289) Log-like per frame for utterance M185782101-42870007_249340-216972851_1661851363-GB-M-036 is -4.53462 over 409 frames.
M185782101-42870007_249340-216972851_1661851363-GB-M-038 TRIPPING OVER MYSELF 
LOG (gmm-latgen-faster[5.5.480~1-09abd]:DecodeUtteranceLatticeFaster():decoder-wrappers.cc:289) Log-like per frame for utterance M185782101-42870007_249340-216972851_1661851363-GB-M-038 is -4.78655 over 219 frames.
M185782101-42870007_249340-216972851_1661851363-GB-M-040 AND NOW THAT I'M WITHOUT YOUR KISSES SAY THIS OH KNOW ON KNOW A ALL KNOW ON ON 
LOG (gmm-latgen-faster[5.5.480~1-09abd]:DecodeUtteranceLatticeFaster():decoder-wrappers.cc:289) Log-like per frame for utterance M185782101-42870007_249340-216972851_1661851363-GB-M-040 is -3.8656 over 2035 frames.
M185782101-42870007_249340-216972851_1661851363-GB-M-043 NEEDLE AND THE THREAD GOTTA GET YOU OUT OF MY 
LOG (gmm-latgen-faster[5.5.480~1-09abd]:DecodeUtteranceLatticeFaster():decoder-wrappers.cc:289) Log-like per frame for utterance M185782101-42870007_249340-216972851_1661851363-GB-M-043 is -4.24734 over 269 frames.
M185782101-42870007_249340-216972851_1661851363-GB-M-045 NEEDLE AND THE THREAD GONNA WIND UP DEAD 
LOG (gmm-latgen-faster[5.5.480~1-09abd]:DecodeUtteranceLatticeFaster():decoder-wrappers.cc:289) Log-like per frame for utterance M185782101-42870007_249340-216972851_1661851363-GB-M-045 is -4.11727 over 313 frames.
M185782101-42870007_249340-216972851_1661851363-GB-M-053 GOTTA GET YOU OUT OF MY HEAD NEEDLE AND 
LOG (gmm-latgen-faster[5.5.480~1-09abd]:DecodeUtteranceLatticeFaster():decoder-wrappers.cc:289) Log-like per frame for utterance M185782101-42870007_249340-216972851_1661851363-GB-M-053 is -4.63691 over 313 frames.
LOG (apply-cmvn[5.5.480~1-09abd]:main():apply-cmvn.cc:162) Applied cepstral mean normalization to 176 utterances, errors on 0
M185782101-42870007_249340-216972851_1661851363-GB-M-055 TO COME ONE DOWN THREAD 
LOG (gmm-latgen-faster[5.5.480~1-09abd]:DecodeUtteranceLatticeFaster():decoder-wrappers.cc:289) Log-like per frame for utterance M185782101-42870007_249340-216972851_1661851363-GB-M-055 is -4.56488 over 267 frames.
M185782101-42870007_249340-216972851_1661851363-GB-M-059 YOU OUT OF MY HEAD 
LOG (gmm-latgen-faster[5.5.480~1-09abd]:DecodeUtteranceLatticeFaster():decoder-wrappers.cc:289) Log-like per frame for utterance M185782101-42870007_249340-216972851_1661851363-GB-M-059 is -4.04678 over 140 frames.
M185782101-42870007_249340-216972851_1661851363-GB-M-060 YOU WATCH ME THE 
LOG (gmm-latgen-faster[5.5.480~1-09abd]:DecodeUtteranceLatticeFaster():decoder-wrappers.cc:289) Log-like per frame for utterance M185782101-42870007_249340-216972851_1661851363-GB-M-060 is -4.68857 over 462 frames.
M185782101-42870007_249340-216972851_1661851363-GB-M-063 AND NOW THAT I'M WITHOUT YOUR KISSES 
LOG (gmm-latgen-faster[5.5.480~1-09abd]:DecodeUtteranceLatticeFaster():decoder-wrappers.cc:289) Log-like per frame for utterance M185782101-42870007_249340-216972851_1661851363-GB-M-063 is -4.4883 over 430 frames.
LOG (transform-feats[5.5.480~1-09abd]:main():transform-feats.cc:158) Overall average [pseudo-]logdet is -88.6872 over 112035 frames.
LOG (transform-feats[5.5.480~1-09abd]:main():transform-feats.cc:161) Applied transform to 176 utterances; 0 had errors.
M185782101-42870007_249340-216972851_1661851363-GB-M-065 TRIPPING OVER MYSELF OH HEAD 
LOG (gmm-latgen-faster[5.5.480~1-09abd]:DecodeUtteranceLatticeFaster():decoder-wrappers.cc:289) Log-like per frame for utterance M185782101-42870007_249340-216972851_1661851363-GB-M-065 is -4.99512 over 388 frames.
M185782101-42870007_249340-216972851_1661851363-GB-M-067 AND NOW THAT I'M WITHOUT YOUR KISSES 
LOG (gmm-latgen-faster[5.5.480~1-09abd]:DecodeUtteranceLatticeFaster():decoder-wrappers.cc:289) Log-like per frame for utterance M185782101-42870007_249340-216972851_1661851363-GB-M-067 is -4.48378 over 379 frames.
LOG (transform-feats[5.5.480~1-09abd]:main():transform-feats.cc:158) Overall average logdet is 6.50412 over 112035 frames.
LOG (transform-feats[5.5.480~1-09abd]:main():transform-feats.cc:161) Applied transform to 176 utterances; 0 had errors.
M185782101-42870007_249340-216972851_1661851363-GB-M-068 I'LL BE NEEDING STITCHES ALL 
LOG (gmm-latgen-faster[5.5.480~1-09abd]:DecodeUtteranceLatticeFaster():decoder-wrappers.cc:289) Log-like per frame for utterance M185782101-42870007_249340-216972851_1661851363-GB-M-068 is -4.17901 over 677 frames.
LOG (gmm-latgen-faster[5.5.480~1-09abd]:main():gmm-latgen-faster.cc:176) Time taken 226.458s: real-time factor assuming 100 frames/sec is 0.202132
LOG (gmm-latgen-faster[5.5.480~1-09abd]:main():gmm-latgen-faster.cc:179) Done 176 utterances, failed for 0
LOG (gmm-latgen-faster[5.5.480~1-09abd]:main():gmm-latgen-faster.cc:181) Overall log-likelihood per frame is -4.13418 over 112035 frames.
# Accounting: time=226 threads=1
# Ended (code 0) at Tue Sep 10 14:33:25 BST 2019, elapsed time 226 seconds
