# gmm-latgen-faster --max-active=7000 --beam=15.0 --lattice-beam=6.0 --acoustic-scale=0.083333 --allow-partial=false --word-symbol-table=exp/tri3b_cleaned/graphs/words.txt exp/tri3b_cleaned/final.mdl scp:exp/tri3b_cleaned/lats/split_fsts/HCLG.fsts.23.scp "ark,s,cs:apply-cmvn  --utt2spk=ark:data/train1/split40/23/utt2spk scp:data/train1/split40/23/cmvn.scp scp:data/train1/split40/23/feats.scp ark:- | splice-feats  ark:- ark:- | transform-feats exp/tri3b_cleaned/final.mat ark:- ark:- | transform-feats --utt2spk=ark:data/train1/split40/23/utt2spk ark:exp/tri3b/trans.23 ark:- ark:- |" "ark:|gzip -c > exp/tri3b_cleaned/lats/lat.23.gz" 
# Started at Tue Sep 10 14:25:49 BST 2019
#
gmm-latgen-faster --max-active=7000 --beam=15.0 --lattice-beam=6.0 --acoustic-scale=0.083333 --allow-partial=false --word-symbol-table=exp/tri3b_cleaned/graphs/words.txt exp/tri3b_cleaned/final.mdl scp:exp/tri3b_cleaned/lats/split_fsts/HCLG.fsts.23.scp 'ark,s,cs:apply-cmvn  --utt2spk=ark:data/train1/split40/23/utt2spk scp:data/train1/split40/23/cmvn.scp scp:data/train1/split40/23/feats.scp ark:- | splice-feats  ark:- ark:- | transform-feats exp/tri3b_cleaned/final.mat ark:- ark:- | transform-feats --utt2spk=ark:data/train1/split40/23/utt2spk ark:exp/tri3b/trans.23 ark:- ark:- |' 'ark:|gzip -c > exp/tri3b_cleaned/lats/lat.23.gz' 
splice-feats ark:- ark:- 
transform-feats --utt2spk=ark:data/train1/split40/23/utt2spk ark:exp/tri3b/trans.23 ark:- ark:- 
transform-feats exp/tri3b_cleaned/final.mat ark:- ark:- 
apply-cmvn --utt2spk=ark:data/train1/split40/23/utt2spk scp:data/train1/split40/23/cmvn.scp scp:data/train1/split40/23/feats.scp ark:- 
M1294100621-3771372_3771372-769467295_1601890146-GB-M-003 JUST WANTS A LIFE FOR HER BABY ALL ON HER OWN NO ONE WILL COME SHE'S GOT TO SAVE HIM 
LOG (gmm-latgen-faster[5.5.480~1-09abd]:DecodeUtteranceLatticeFaster():decoder-wrappers.cc:289) Log-like per frame for utterance M1294100621-3771372_3771372-769467295_1601890146-GB-M-003 is -3.78698 over 886 frames.
M1294100621-3771372_3771372-769467295_1601890146-GB-M-009 TELLS HIM YOUR LIFE 
LOG (gmm-latgen-faster[5.5.480~1-09abd]:DecodeUtteranceLatticeFaster():decoder-wrappers.cc:289) Log-like per frame for utterance M1294100621-3771372_3771372-769467295_1601890146-GB-M-009 is -4.04713 over 143 frames.
M1294100621-3771372_3771372-769467295_1601890146-GB-M-010 AIN'T GONNA BE NOTHING LIKE MY LIFE 
LOG (gmm-latgen-faster[5.5.480~1-09abd]:DecodeUtteranceLatticeFaster():decoder-wrappers.cc:289) Log-like per frame for utterance M1294100621-3771372_3771372-769467295_1601890146-GB-M-010 is -4.26758 over 217 frames.
M1294100621-3771372_3771372-769467295_1601890146-GB-M-011 I'M GONNA GROW AND HAVE A GOOD LIFE 
LOG (gmm-latgen-faster[5.5.480~1-09abd]:DecodeUtteranceLatticeFaster():decoder-wrappers.cc:289) Log-like per frame for utterance M1294100621-3771372_3771372-769467295_1601890146-GB-M-011 is -4.13959 over 206 frames.
M1294100621-3771372_3771372-769467295_1601890146-GB-M-012 I'M GONNA DO WHAT I GOT TO DO 
LOG (gmm-latgen-faster[5.5.480~1-09abd]:DecodeUtteranceLatticeFaster():decoder-wrappers.cc:289) Log-like per frame for utterance M1294100621-3771372_3771372-769467295_1601890146-GB-M-012 is -4.4011 over 297 frames.
M1294100621-3771372_3771372-769467295_1601890146-GB-M-016 ROCKABYE BABY ROCKABYE 
LOG (gmm-latgen-faster[5.5.480~1-09abd]:DecodeUtteranceLatticeFaster():decoder-wrappers.cc:289) Log-like per frame for utterance M1294100621-3771372_3771372-769467295_1601890146-GB-M-016 is -4.60957 over 316 frames.
M1294100621-3771372_3771372-769467295_1601890146-GB-M-017 I'M ROCKABYE 
LOG (gmm-latgen-faster[5.5.480~1-09abd]:DecodeUtteranceLatticeFaster():decoder-wrappers.cc:289) Log-like per frame for utterance M1294100621-3771372_3771372-769467295_1601890146-GB-M-017 is -5.11921 over 106 frames.
M1294100621-3771372_3771372-769467295_1601890146-GB-M-019 ROCKABYE BABY DON'T YOU CRY ROCKABYE NO OH OH ROCKABYE YEAH YEAH 
LOG (gmm-latgen-faster[5.5.480~1-09abd]:DecodeUtteranceLatticeFaster():decoder-wrappers.cc:289) Log-like per frame for utterance M1294100621-3771372_3771372-769467295_1601890146-GB-M-019 is -4.34773 over 1293 frames.
M1294100621-3771372_3771372-769467295_1601890146-GB-M-024 I'M LOVE WAY TOO EARLY HE LEFT HER THERE WITH MORE THAN TEARS AND HER TO CARRY 
LOG (gmm-latgen-faster[5.5.480~1-09abd]:DecodeUtteranceLatticeFaster():decoder-wrappers.cc:289) Log-like per frame for utterance M1294100621-3771372_3771372-769467295_1601890146-GB-M-024 is -4.30823 over 853 frames.
M1294100621-3771372_3771372-769467295_1601890146-GB-M-028 HIM NOW SHE GOT A SIX YOU OLD TRYING TO KEEP HIM OLD TRYING TO KEEP OUT THE COLD WHEN HE LOOKS IN HER EYES HE DON'T KNOW WE SAFE WHEN SHE SAYS 
LOG (gmm-latgen-faster[5.5.480~1-09abd]:DecodeUtteranceLatticeFaster():decoder-wrappers.cc:289) Log-like per frame for utterance M1294100621-3771372_3771372-769467295_1601890146-GB-M-028 is -4.9184 over 1177 frames.
M1294100621-3771372_3771372-769467295_1601890146-GB-M-034 THE BY BABY ROCKABYE I'M GONNA ROCK YOU ROCKABYE BABY DON'T YOU CRY ROCKABYE NO OH OH ROCKABYE YEAH YEAH NOW SHE GOT A SIX YEAR OLD TRYING TO KEEP HIM WARM TRYING TO KEEP OUT THE COLD 
LOG (gmm-latgen-faster[5.5.480~1-09abd]:DecodeUtteranceLatticeFaster():decoder-wrappers.cc:289) Log-like per frame for utterance M1294100621-3771372_3771372-769467295_1601890146-GB-M-034 is -4.47985 over 2405 frames.
M1294100621-3771372_3771372-769467295_1601890146-GB-M-042 WHEN HE LOOKS IN HER EYES HE DON'T KNOW HE IS SAFE WHEN SHE SAYS 
LOG (gmm-latgen-faster[5.5.480~1-09abd]:DecodeUtteranceLatticeFaster():decoder-wrappers.cc:289) Log-like per frame for utterance M1294100621-3771372_3771372-769467295_1601890146-GB-M-042 is -3.98372 over 509 frames.
M1294100621-3771372_3771372-769467295_1601890146-GB-M-047 SO ROCKABYE BABY ROCKABYE I NOT YOUR 
LOG (gmm-latgen-faster[5.5.480~1-09abd]:DecodeUtteranceLatticeFaster():decoder-wrappers.cc:289) Log-like per frame for utterance M1294100621-3771372_3771372-769467295_1601890146-GB-M-047 is -5.30928 over 780 frames.
M1294100621-3771372_3771372-769467295_1601890146-GB-M-050 SO ROCKABYE NO ALL ROCKABYE I'M EYES HE WHEN THEY I 
LOG (gmm-latgen-faster[5.5.480~1-09abd]:DecodeUtteranceLatticeFaster():decoder-wrappers.cc:289) Log-like per frame for utterance M1294100621-3771372_3771372-769467295_1601890146-GB-M-050 is -5.40023 over 1938 frames.
M1297703429-9172859_166150-484175619_1548038746-GB-M-006 TELL MY A SHE TO WRECK 
LOG (gmm-latgen-faster[5.5.480~1-09abd]:DecodeUtteranceLatticeFaster():decoder-wrappers.cc:289) Log-like per frame for utterance M1297703429-9172859_166150-484175619_1548038746-GB-M-006 is -4.25432 over 227 frames.
M1297703429-9172859_166150-484175619_1548038746-GB-M-007 IT ALL 
LOG (gmm-latgen-faster[5.5.480~1-09abd]:DecodeUtteranceLatticeFaster():decoder-wrappers.cc:289) Log-like per frame for utterance M1297703429-9172859_166150-484175619_1548038746-GB-M-007 is -4.21725 over 113 frames.
M1297703429-9172859_166150-484175619_1548038746-GB-M-008 CUT OUT ALL THE ROPES AND LET ME FALL 
LOG (gmm-latgen-faster[5.5.480~1-09abd]:DecodeUtteranceLatticeFaster():decoder-wrappers.cc:289) Log-like per frame for utterance M1297703429-9172859_166150-484175619_1548038746-GB-M-008 is -4.12423 over 603 frames.
M1297703429-9172859_166150-484175619_1548038746-GB-M-009 MY MY MY MY MY MY MY RIGHT IN THIS MOMENT THIS DON'T THE MOMENT AND I TOLD YOU TO BE PATIENT AND I TOLD YOU TO BE FINE AND I TOLD YOU TO BE BALANCED AND I TOLD YOU TO BE KIND AND IN THE OWNING I'LL BE WITH YOU 
LOG (gmm-latgen-faster[5.5.480~1-09abd]:DecodeUtteranceLatticeFaster():decoder-wrappers.cc:289) Log-like per frame for utterance M1297703429-9172859_166150-484175619_1548038746-GB-M-009 is -4.37029 over 3198 frames.
M1297703429-9172859_166150-484175619_1548038746-GB-M-017 BUT IN A DIFFERENT KIND 
LOG (gmm-latgen-faster[5.5.480~1-09abd]:DecodeUtteranceLatticeFaster():decoder-wrappers.cc:289) Log-like per frame for utterance M1297703429-9172859_166150-484175619_1548038746-GB-M-017 is -4.24237 over 249 frames.
M1297703429-9172859_166150-484175619_1548038746-GB-M-018 HOLDING ALL THE TICKETS 
LOG (gmm-latgen-faster[5.5.480~1-09abd]:DecodeUtteranceLatticeFaster():decoder-wrappers.cc:289) Log-like per frame for utterance M1297703429-9172859_166150-484175619_1548038746-GB-M-018 is -3.93991 over 263 frames.
M1297703429-9172859_166150-484175619_1548038746-GB-M-020 HOLDING ALL THE FINES FINES 
LOG (gmm-latgen-faster[5.5.480~1-09abd]:DecodeUtteranceLatticeFaster():decoder-wrappers.cc:289) Log-like per frame for utterance M1297703429-9172859_166150-484175619_1548038746-GB-M-020 is -4.16739 over 248 frames.
M1297703429-9172859_166150-484175619_1548038746-GB-M-022 MY MY MY 
LOG (gmm-latgen-faster[5.5.480~1-09abd]:DecodeUtteranceLatticeFaster():decoder-wrappers.cc:289) Log-like per frame for utterance M1297703429-9172859_166150-484175619_1548038746-GB-M-022 is -3.89559 over 123 frames.
M1297703429-9172859_166150-484175619_1548038746-GB-M-023 MY MY MY MY MY SULLEN LOAD IS FULL 
LOG (gmm-latgen-faster[5.5.480~1-09abd]:DecodeUtteranceLatticeFaster():decoder-wrappers.cc:289) Log-like per frame for utterance M1297703429-9172859_166150-484175619_1548038746-GB-M-023 is -4.21564 over 834 frames.
M1297703429-9172859_166150-484175619_1548038746-GB-M-026 SO SLOW ON THE SPLIT YOU AND I TOLD YOU TO BE PATIENT AND I TOLD YOU TO BE FINE FINE AND I TOLD YOU TO BE BALANCED AND I TOLD YOU TO BE KIND AND NOW ALL YOUR LOVE IS WASTED THEN WHO THE HELL WAY WAS I 'CAUSE NOW I'M BREAKING THE BRITCHES AND AT THE END OF ALL YOUR LINES 
LOG (gmm-latgen-faster[5.5.480~1-09abd]:DecodeUtteranceLatticeFaster():decoder-wrappers.cc:289) Log-like per frame for utterance M1297703429-9172859_166150-484175619_1548038746-GB-M-026 is -4.27093 over 3210 frames.
M1297703429-9172859_166150-484175619_1548038746-GB-M-036 WHO WILL LOVE YOU 
LOG (gmm-latgen-faster[5.5.480~1-09abd]:DecodeUtteranceLatticeFaster():decoder-wrappers.cc:289) Log-like per frame for utterance M1297703429-9172859_166150-484175619_1548038746-GB-M-036 is -3.25912 over 267 frames.
M1297703429-9172859_166150-484175619_1548038746-GB-M-037 WHO WILL FIGHT YOU 
LOG (gmm-latgen-faster[5.5.480~1-09abd]:DecodeUtteranceLatticeFaster():decoder-wrappers.cc:289) Log-like per frame for utterance M1297703429-9172859_166150-484175619_1548038746-GB-M-037 is -3.89416 over 223 frames.
M1297703429-9172859_166150-484175619_1548038746-GB-M-039 AND WHO WILL FALL BEHIND ARE YOU I'M WITH DON'T 
LOG (gmm-latgen-faster[5.5.480~1-09abd]:DecodeUtteranceLatticeFaster():decoder-wrappers.cc:289) Log-like per frame for utterance M1297703429-9172859_166150-484175619_1548038746-GB-M-039 is -4.27585 over 2022 frames.
M1302184198-3451990_3451990-1163337302_1548226169-GB-M-001 UP EYES 
LOG (gmm-latgen-faster[5.5.480~1-09abd]:DecodeUtteranceLatticeFaster():decoder-wrappers.cc:289) Log-like per frame for utterance M1302184198-3451990_3451990-1163337302_1548226169-GB-M-001 is -3.59861 over 2393 frames.
M132398937-873755806_1864159-132408394_1590950094-GB-M-001 YOU WITH THE SAD EYES 
LOG (gmm-latgen-faster[5.5.480~1-09abd]:DecodeUtteranceLatticeFaster():decoder-wrappers.cc:289) Log-like per frame for utterance M132398937-873755806_1864159-132408394_1590950094-GB-M-001 is -3.20883 over 298 frames.
M132398937-873755806_1864159-132408394_1590950094-GB-M-002 DON'T BE DISCOURAGED OH I REALIZE 
LOG (gmm-latgen-faster[5.5.480~1-09abd]:DecodeUtteranceLatticeFaster():decoder-wrappers.cc:289) Log-like per frame for utterance M132398937-873755806_1864159-132408394_1590950094-GB-M-002 is -3.78779 over 450 frames.
M132398937-873755806_1864159-132408394_1590950094-GB-M-003 IT'S HARD TO TAKE COURAGE 
LOG (gmm-latgen-faster[5.5.480~1-09abd]:DecodeUtteranceLatticeFaster():decoder-wrappers.cc:289) Log-like per frame for utterance M132398937-873755806_1864159-132408394_1590950094-GB-M-003 is -4.21894 over 244 frames.
M132398937-873755806_1864159-132408394_1590950094-GB-M-004 IN A WORLD FULL OF PEOPLE 
LOG (gmm-latgen-faster[5.5.480~1-09abd]:DecodeUtteranceLatticeFaster():decoder-wrappers.cc:289) Log-like per frame for utterance M132398937-873755806_1864159-132408394_1590950094-GB-M-004 is -3.86762 over 254 frames.
M132398937-873755806_1864159-132408394_1590950094-GB-M-005 YOU CAN LOSE SIGHT OF IT ALL THE DARKNESS INSIDE YOU 
LOG (gmm-latgen-faster[5.5.480~1-09abd]:DecodeUtteranceLatticeFaster():decoder-wrappers.cc:289) Log-like per frame for utterance M132398937-873755806_1864159-132408394_1590950094-GB-M-005 is -4.14817 over 516 frames.
M132398937-873755806_1864159-132408394_1590950094-GB-M-008 CAN MAKE YOU FEEL SO SMALL 
LOG (gmm-latgen-faster[5.5.480~1-09abd]:DecodeUtteranceLatticeFaster():decoder-wrappers.cc:289) Log-like per frame for utterance M132398937-873755806_1864159-132408394_1590950094-GB-M-008 is -3.92954 over 303 frames.
M132398937-873755806_1864159-132408394_1590950094-GB-M-009 SHOW ME A SMILE THEN 
LOG (gmm-latgen-faster[5.5.480~1-09abd]:DecodeUtteranceLatticeFaster():decoder-wrappers.cc:289) Log-like per frame for utterance M132398937-873755806_1864159-132408394_1590950094-GB-M-009 is -3.33744 over 299 frames.
M132398937-873755806_1864159-132408394_1590950094-GB-M-010 DON'T BE UNHAPPY CAN'T REMEMBER WHEN 
LOG (gmm-latgen-faster[5.5.480~1-09abd]:DecodeUtteranceLatticeFaster():decoder-wrappers.cc:289) Log-like per frame for utterance M132398937-873755806_1864159-132408394_1590950094-GB-M-010 is -3.84828 over 444 frames.
M132398937-873755806_1864159-132408394_1590950094-GB-M-012 I LAST SAW YOU LAUGHING 
LOG (gmm-latgen-faster[5.5.480~1-09abd]:DecodeUtteranceLatticeFaster():decoder-wrappers.cc:289) Log-like per frame for utterance M132398937-873755806_1864159-132408394_1590950094-GB-M-012 is -3.78385 over 239 frames.
M132398937-873755806_1864159-132408394_1590950094-GB-M-013 THIS WORLD MAKES YOU CRAZY 
LOG (gmm-latgen-faster[5.5.480~1-09abd]:DecodeUtteranceLatticeFaster():decoder-wrappers.cc:289) Log-like per frame for utterance M132398937-873755806_1864159-132408394_1590950094-GB-M-013 is -4.209 over 247 frames.
M132398937-873755806_1864159-132408394_1590950094-GB-M-014 AND YOU'VE TAKEN ALL YOU CAN BEAR JUST 
LOG (gmm-latgen-faster[5.5.480~1-09abd]:DecodeUtteranceLatticeFaster():decoder-wrappers.cc:289) Log-like per frame for utterance M132398937-873755806_1864159-132408394_1590950094-GB-M-014 is -4.14926 over 376 frames.
M132398937-873755806_1864159-132408394_1590950094-GB-M-017 'CAUSE I WILL ALWAYS BE THERE 
LOG (gmm-latgen-faster[5.5.480~1-09abd]:DecodeUtteranceLatticeFaster():decoder-wrappers.cc:289) Log-like per frame for utterance M132398937-873755806_1864159-132408394_1590950094-GB-M-017 is -3.64255 over 253 frames.
M132398937-873755806_1864159-132408394_1590950094-GB-M-018 AND I SEE YOUR TRUE COLORS SHINING THROUGH 
LOG (gmm-latgen-faster[5.5.480~1-09abd]:DecodeUtteranceLatticeFaster():decoder-wrappers.cc:289) Log-like per frame for utterance M132398937-873755806_1864159-132408394_1590950094-GB-M-018 is -3.16968 over 604 frames.
M132398937-873755806_1864159-132408394_1590950094-GB-M-020 I SEE YOUR TRUE COLORS 
LOG (gmm-latgen-faster[5.5.480~1-09abd]:DecodeUtteranceLatticeFaster():decoder-wrappers.cc:289) Log-like per frame for utterance M132398937-873755806_1864159-132408394_1590950094-GB-M-020 is -3.28044 over 342 frames.
M132398937-873755806_1864159-132408394_1590950094-GB-M-022 AND THAT'S WHY I LOVE YOU 
LOG (gmm-latgen-faster[5.5.480~1-09abd]:DecodeUtteranceLatticeFaster():decoder-wrappers.cc:289) Log-like per frame for utterance M132398937-873755806_1864159-132408394_1590950094-GB-M-022 is -3.45372 over 419 frames.
M132398937-873755806_1864159-132408394_1590950094-GB-M-024 TO LET THEM SHOW YOUR TRUE COLORS 
LOG (gmm-latgen-faster[5.5.480~1-09abd]:DecodeUtteranceLatticeFaster():decoder-wrappers.cc:289) Log-like per frame for utterance M132398937-873755806_1864159-132408394_1590950094-GB-M-024 is -3.10915 over 599 frames.
M132398937-873755806_1864159-132408394_1590950094-GB-M-027 TRUE COLORS ARE BEAUTIFUL 
LOG (gmm-latgen-faster[5.5.480~1-09abd]:DecodeUtteranceLatticeFaster():decoder-wrappers.cc:289) Log-like per frame for utterance M132398937-873755806_1864159-132408394_1590950094-GB-M-027 is -2.88634 over 717 frames.
M132398937-873755806_1864159-132408394_1590950094-GB-M-028 I SEE YOUR TRUE COLORS SHINING THROUGH 'CAUSE 
LOG (gmm-latgen-faster[5.5.480~1-09abd]:DecodeUtteranceLatticeFaster():decoder-wrappers.cc:289) Log-like per frame for utterance M132398937-873755806_1864159-132408394_1590950094-GB-M-028 is -3.41977 over 607 frames.
M132398937-873755806_1864159-132408394_1590950094-GB-M-030 I SEE YOUR TRUE COLORS 
LOG (gmm-latgen-faster[5.5.480~1-09abd]:DecodeUtteranceLatticeFaster():decoder-wrappers.cc:289) Log-like per frame for utterance M132398937-873755806_1864159-132408394_1590950094-GB-M-030 is -3.17322 over 331 frames.
M132398937-873755806_1864159-132408394_1590950094-GB-M-031 AND THAT'S WHY I LOVE YOU 
LOG (gmm-latgen-faster[5.5.480~1-09abd]:DecodeUtteranceLatticeFaster():decoder-wrappers.cc:289) Log-like per frame for utterance M132398937-873755806_1864159-132408394_1590950094-GB-M-031 is -3.86454 over 247 frames.
M132398937-873755806_1864159-132408394_1590950094-GB-M-032 SO DON'T BE AFRAID TO LET THEM SHOW 
LOG (gmm-latgen-faster[5.5.480~1-09abd]:DecodeUtteranceLatticeFaster():decoder-wrappers.cc:289) Log-like per frame for utterance M132398937-873755806_1864159-132408394_1590950094-GB-M-032 is -4.09578 over 578 frames.
M132398937-873755806_1864159-132408394_1590950094-GB-M-033 YOUR TRUE COLORS 
LOG (gmm-latgen-faster[5.5.480~1-09abd]:DecodeUtteranceLatticeFaster():decoder-wrappers.cc:289) Log-like per frame for utterance M132398937-873755806_1864159-132408394_1590950094-GB-M-033 is -2.38606 over 307 frames.
M132398937-873755806_1864159-132408394_1590950094-GB-M-035 ARE BEAUTIFUL 
LOG (gmm-latgen-faster[5.5.480~1-09abd]:DecodeUtteranceLatticeFaster():decoder-wrappers.cc:289) Log-like per frame for utterance M132398937-873755806_1864159-132408394_1590950094-GB-M-035 is -2.57213 over 383 frames.
M132398937-873755806_1864159-132408394_1590950094-GB-M-036 LIKE A RAINBOW 
LOG (gmm-latgen-faster[5.5.480~1-09abd]:DecodeUtteranceLatticeFaster():decoder-wrappers.cc:289) Log-like per frame for utterance M132398937-873755806_1864159-132408394_1590950094-GB-M-036 is -2.71915 over 364 frames.
M132398937-873755806_1864159-132408394_1590950094-GB-M-039 CAN'T REMEMBER WHEN 
LOG (gmm-latgen-faster[5.5.480~1-09abd]:DecodeUtteranceLatticeFaster():decoder-wrappers.cc:289) Log-like per frame for utterance M132398937-873755806_1864159-132408394_1590950094-GB-M-039 is -4.41813 over 156 frames.
M132398937-873755806_1864159-132408394_1590950094-GB-M-040 I LAST SAW YOU LAUGHING 
LOG (gmm-latgen-faster[5.5.480~1-09abd]:DecodeUtteranceLatticeFaster():decoder-wrappers.cc:289) Log-like per frame for utterance M132398937-873755806_1864159-132408394_1590950094-GB-M-040 is -3.88457 over 257 frames.
M132398937-873755806_1864159-132408394_1590950094-GB-M-041 FOR ON 
LOG (gmm-latgen-faster[5.5.480~1-09abd]:DecodeUtteranceLatticeFaster():decoder-wrappers.cc:289) Log-like per frame for utterance M132398937-873755806_1864159-132408394_1590950094-GB-M-041 is -2.82766 over 297 frames.
M132398937-873755806_1864159-132408394_1590950094-GB-M-042 THIS WORLD MAKES YOU CRAZY 
LOG (gmm-latgen-faster[5.5.480~1-09abd]:DecodeUtteranceLatticeFaster():decoder-wrappers.cc:289) Log-like per frame for utterance M132398937-873755806_1864159-132408394_1590950094-GB-M-042 is -4.50852 over 239 frames.
M132398937-873755806_1864159-132408394_1590950094-GB-M-043 WHEN YOU'VE TAKEN ALL YOU CAN BEAR 
LOG (gmm-latgen-faster[5.5.480~1-09abd]:DecodeUtteranceLatticeFaster():decoder-wrappers.cc:289) Log-like per frame for utterance M132398937-873755806_1864159-132408394_1590950094-GB-M-043 is -4.4334 over 317 frames.
M132398937-873755806_1864159-132408394_1590950094-GB-M-044 JUST CALL ME UP 
LOG (gmm-latgen-faster[5.5.480~1-09abd]:DecodeUtteranceLatticeFaster():decoder-wrappers.cc:289) Log-like per frame for utterance M132398937-873755806_1864159-132408394_1590950094-GB-M-044 is -4.31135 over 217 frames.
M132398937-873755806_1864159-132408394_1590950094-GB-M-046 'CAUSE I WILL ALWAYS BE THERE AND I SEE YOUR WE 
LOG (gmm-latgen-faster[5.5.480~1-09abd]:DecodeUtteranceLatticeFaster():decoder-wrappers.cc:289) Log-like per frame for utterance M132398937-873755806_1864159-132408394_1590950094-GB-M-046 is -4.09768 over 629 frames.
M132398937-873755806_1864159-132408394_1590950094-GB-M-049 I SEE YOUR 
LOG (gmm-latgen-faster[5.5.480~1-09abd]:DecodeUtteranceLatticeFaster():decoder-wrappers.cc:289) Log-like per frame for utterance M132398937-873755806_1864159-132408394_1590950094-GB-M-049 is -3.60169 over 112 frames.
M132398937-873755806_1864159-132408394_1590950094-GB-M-051 TRUE COLORS THAT'S WHY I LOVE YOU SO DON'T BE AFRAID 
LOG (gmm-latgen-faster[5.5.480~1-09abd]:DecodeUtteranceLatticeFaster():decoder-wrappers.cc:289) Log-like per frame for utterance M132398937-873755806_1864159-132408394_1590950094-GB-M-051 is -3.6805 over 921 frames.
M132398937-873755806_1864159-132408394_1590950094-GB-M-053 TO LET THEM SHOW 
LOG (gmm-latgen-faster[5.5.480~1-09abd]:DecodeUtteranceLatticeFaster():decoder-wrappers.cc:289) Log-like per frame for utterance M132398937-873755806_1864159-132408394_1590950094-GB-M-053 is -3.42324 over 233 frames.
M132398937-873755806_1864159-132408394_1590950094-GB-M-054 YOUR TRUE COLORS 
LOG (gmm-latgen-faster[5.5.480~1-09abd]:DecodeUtteranceLatticeFaster():decoder-wrappers.cc:289) Log-like per frame for utterance M132398937-873755806_1864159-132408394_1590950094-GB-M-054 is -2.46774 over 288 frames.
M132398937-873755806_1864159-132408394_1590950094-GB-M-055 TRUE COLORS ARE BEAUTIFUL THEY'RE WILL 
LOG (gmm-latgen-faster[5.5.480~1-09abd]:DecodeUtteranceLatticeFaster():decoder-wrappers.cc:289) Log-like per frame for utterance M132398937-873755806_1864159-132408394_1590950094-GB-M-055 is -2.37754 over 659 frames.
M132398937-873755806_1864159-132408394_1590950094-GB-M-058 LIKE A RAINBOW OOOH 
LOG (gmm-latgen-faster[5.5.480~1-09abd]:DecodeUtteranceLatticeFaster():decoder-wrappers.cc:289) Log-like per frame for utterance M132398937-873755806_1864159-132408394_1590950094-GB-M-058 is -3.0873 over 598 frames.
M132398937-873755806_1864159-132408394_1590950094-GB-M-059 LIKE A RAINBOW OOOH ON 
LOG (gmm-latgen-faster[5.5.480~1-09abd]:DecodeUtteranceLatticeFaster():decoder-wrappers.cc:289) Log-like per frame for utterance M132398937-873755806_1864159-132408394_1590950094-GB-M-059 is -3.17463 over 1000 frames.
M1324093404-4923265_233579-413715102_1638050571-GB-M-001 BROKEN DOWN AND TIRED 
LOG (gmm-latgen-faster[5.5.480~1-09abd]:DecodeUtteranceLatticeFaster():decoder-wrappers.cc:289) Log-like per frame for utterance M1324093404-4923265_233579-413715102_1638050571-GB-M-001 is -4.21435 over 288 frames.
M1324093404-4923265_233579-413715102_1638050571-GB-M-002 LIVING LIFE ON A MERRY GO ROUND AND YOU CAN'T FIND THE FIGHTER 
LOG (gmm-latgen-faster[5.5.480~1-09abd]:DecodeUtteranceLatticeFaster():decoder-wrappers.cc:289) Log-like per frame for utterance M1324093404-4923265_233579-413715102_1638050571-GB-M-002 is -4.40202 over 681 frames.
M1324093404-4923265_233579-413715102_1638050571-GB-M-004 BUT I SEE IT IN YOU SO WE GONNA WALK IT OUT 
LOG (gmm-latgen-faster[5.5.480~1-09abd]:DecodeUtteranceLatticeFaster():decoder-wrappers.cc:289) Log-like per frame for utterance M1324093404-4923265_233579-413715102_1638050571-GB-M-004 is -3.9397 over 353 frames.
M1324093404-4923265_233579-413715102_1638050571-GB-M-006 AND MOVE MOUNTAINS MOUNTAINS 
LOG (gmm-latgen-faster[5.5.480~1-09abd]:DecodeUtteranceLatticeFaster():decoder-wrappers.cc:289) Log-like per frame for utterance M1324093404-4923265_233579-413715102_1638050571-GB-M-006 is -4.07189 over 530 frames.
M1324093404-4923265_233579-413715102_1638050571-GB-M-009 IT OUT I'M MOVE MOUNTAINS MOUNTAINS 
LOG (gmm-latgen-faster[5.5.480~1-09abd]:DecodeUtteranceLatticeFaster():decoder-wrappers.cc:289) Log-like per frame for utterance M1324093404-4923265_233579-413715102_1638050571-GB-M-009 is -4.01519 over 695 frames.
M1324093404-4923265_233579-413715102_1638050571-GB-M-016 AND I'LL RISE UP 
LOG (gmm-latgen-faster[5.5.480~1-09abd]:DecodeUtteranceLatticeFaster():decoder-wrappers.cc:289) Log-like per frame for utterance M1324093404-4923265_233579-413715102_1638050571-GB-M-016 is -3.6179 over 117 frames.
M1324093404-4923265_233579-413715102_1638050571-GB-M-017 HIGH LIKE THE WAVES RISE UP 
LOG (gmm-latgen-faster[5.5.480~1-09abd]:DecodeUtteranceLatticeFaster():decoder-wrappers.cc:289) Log-like per frame for utterance M1324093404-4923265_233579-413715102_1638050571-GB-M-017 is -3.65808 over 307 frames.
M1324093404-4923265_233579-413715102_1638050571-GB-M-019 IN SPITE OF THE ACHE ACHE I'LL RISE UP 
LOG (gmm-latgen-faster[5.5.480~1-09abd]:DecodeUtteranceLatticeFaster():decoder-wrappers.cc:289) Log-like per frame for utterance M1324093404-4923265_233579-413715102_1638050571-GB-M-019 is -4.20941 over 374 frames.
M1324093404-4923265_233579-413715102_1638050571-GB-M-021 AND I'LL DO IT A THOUSANDS TIMES AGAIN 
LOG (gmm-latgen-faster[5.5.480~1-09abd]:DecodeUtteranceLatticeFaster():decoder-wrappers.cc:289) Log-like per frame for utterance M1324093404-4923265_233579-413715102_1638050571-GB-M-021 is -3.76188 over 338 frames.
M1324093404-4923265_233579-413715102_1638050571-GB-M-023 FOR YOU 
LOG (gmm-latgen-faster[5.5.480~1-09abd]:DecodeUtteranceLatticeFaster():decoder-wrappers.cc:289) Log-like per frame for utterance M1324093404-4923265_233579-413715102_1638050571-GB-M-023 is -3.04875 over 1481 frames.
M1324093404-4923265_233579-413715102_1638050571-GB-M-033 AND I'LL RISE 
LOG (gmm-latgen-faster[5.5.480~1-09abd]:DecodeUtteranceLatticeFaster():decoder-wrappers.cc:289) Log-like per frame for utterance M1324093404-4923265_233579-413715102_1638050571-GB-M-033 is -3.07269 over 101 frames.
M1324093404-4923265_233579-413715102_1638050571-GB-M-034 LOVE I'LL RISE LIKE THE DAY I'LL RISE UP I'LL RISE UP 
LOG (gmm-latgen-faster[5.5.480~1-09abd]:DecodeUtteranceLatticeFaster():decoder-wrappers.cc:289) Log-like per frame for utterance M1324093404-4923265_233579-413715102_1638050571-GB-M-034 is -3.82252 over 529 frames.
M1324093404-4923265_233579-413715102_1638050571-GB-M-037 I'LL RISE UP 
LOG (gmm-latgen-faster[5.5.480~1-09abd]:DecodeUtteranceLatticeFaster():decoder-wrappers.cc:289) Log-like per frame for utterance M1324093404-4923265_233579-413715102_1638050571-GB-M-037 is -3.78564 over 198 frames.
M1324093404-4923265_233579-413715102_1638050571-GB-M-038 AND I'LL DO IT A THOUSAND TIMES AGAIN 
LOG (gmm-latgen-faster[5.5.480~1-09abd]:DecodeUtteranceLatticeFaster():decoder-wrappers.cc:289) Log-like per frame for utterance M1324093404-4923265_233579-413715102_1638050571-GB-M-038 is -4.04572 over 314 frames.
M1324093404-4923265_233579-413715102_1638050571-GB-M-040 FOR YOU 
LOG (gmm-latgen-faster[5.5.480~1-09abd]:DecodeUtteranceLatticeFaster():decoder-wrappers.cc:289) Log-like per frame for utterance M1324093404-4923265_233579-413715102_1638050571-GB-M-040 is -3.08279 over 1426 frames.
M1324093404-4923265_233579-413715102_1638050571-GB-M-041 ALL WE NEED ALL WE NEED IS HOPE 
LOG (gmm-latgen-faster[5.5.480~1-09abd]:DecodeUtteranceLatticeFaster():decoder-wrappers.cc:289) Log-like per frame for utterance M1324093404-4923265_233579-413715102_1638050571-GB-M-041 is -3.94577 over 459 frames.
M1324093404-4923265_233579-413715102_1638050571-GB-M-042 AND FOR DOUBT WE HAVE EACH OTHER 
LOG (gmm-latgen-faster[5.5.480~1-09abd]:DecodeUtteranceLatticeFaster():decoder-wrappers.cc:289) Log-like per frame for utterance M1324093404-4923265_233579-413715102_1638050571-GB-M-042 is -4.21418 over 342 frames.
M1324093404-4923265_233579-413715102_1638050571-GB-M-044 WE WILL RISE 
LOG (gmm-latgen-faster[5.5.480~1-09abd]:DecodeUtteranceLatticeFaster():decoder-wrappers.cc:289) Log-like per frame for utterance M1324093404-4923265_233579-413715102_1638050571-GB-M-044 is -3.18086 over 141 frames.
M1324093404-4923265_233579-413715102_1638050571-GB-M-046 WE'LL RISE ALL HOPE 
LOG (gmm-latgen-faster[5.5.480~1-09abd]:DecodeUtteranceLatticeFaster():decoder-wrappers.cc:289) Log-like per frame for utterance M1324093404-4923265_233579-413715102_1638050571-GB-M-046 is -3.28499 over 445 frames.
M1324093404-4923265_233579-413715102_1638050571-GB-M-048 I'LL RISE UP 
LOG (gmm-latgen-faster[5.5.480~1-09abd]:DecodeUtteranceLatticeFaster():decoder-wrappers.cc:289) Log-like per frame for utterance M1324093404-4923265_233579-413715102_1638050571-GB-M-048 is -2.77721 over 146 frames.
M1324093404-4923265_233579-413715102_1638050571-GB-M-051 I'LL RISE UP 
LOG (gmm-latgen-faster[5.5.480~1-09abd]:DecodeUtteranceLatticeFaster():decoder-wrappers.cc:289) Log-like per frame for utterance M1324093404-4923265_233579-413715102_1638050571-GB-M-051 is -2.74172 over 125 frames.
M1324093404-4923265_233579-413715102_1638050571-GB-M-053 I WILL RISE A THOUSAND TIMES AGAIN AND WE'LL RISE UP 
LOG (gmm-latgen-faster[5.5.480~1-09abd]:DecodeUtteranceLatticeFaster():decoder-wrappers.cc:289) Log-like per frame for utterance M1324093404-4923265_233579-413715102_1638050571-GB-M-053 is -3.81869 over 926 frames.
M1324093404-4923265_233579-413715102_1638050571-GB-M-055 HIGH LIKE THE WAVES WE'LL RISE UP 
LOG (gmm-latgen-faster[5.5.480~1-09abd]:DecodeUtteranceLatticeFaster():decoder-wrappers.cc:289) Log-like per frame for utterance M1324093404-4923265_233579-413715102_1638050571-GB-M-055 is -3.62214 over 284 frames.
M1324093404-4923265_233579-413715102_1638050571-GB-M-057 IN SPITE OF THE ACHE WE'LL RISE UP AND I'LL DO IT A THOUSANDS TIMES AGAIN 
LOG (gmm-latgen-faster[5.5.480~1-09abd]:DecodeUtteranceLatticeFaster():decoder-wrappers.cc:289) Log-like per frame for utterance M1324093404-4923265_233579-413715102_1638050571-GB-M-057 is -4.17764 over 805 frames.
M1324093404-4923265_233579-413715102_1638050571-GB-M-060 FOR YOU <UNK> <UNK> YOU YOU <UNK> X3 
LOG (gmm-latgen-faster[5.5.480~1-09abd]:DecodeUtteranceLatticeFaster():decoder-wrappers.cc:289) Log-like per frame for utterance M1324093404-4923265_233579-413715102_1638050571-GB-M-060 is -4.20569 over 707 frames.
M1330235219-306416782_501168-1299360954_1480944093-GB-M-001 HERE BEHIND RIGHT NOW LET'S GATHER BY THE CAMPFIRE LIGHT AND SING THIS <UNK> 
LOG (gmm-latgen-faster[5.5.480~1-09abd]:DecodeUtteranceLatticeFaster():decoder-wrappers.cc:289) Log-like per frame for utterance M1330235219-306416782_501168-1299360954_1480944093-GB-M-001 is -4.99241 over 591 frames.
M1330235219-306416782_501168-1299360954_1480944093-GB-M-004 AND SING THAT SO NEW THEN FALLIN' OUT OF A CAMP CANOE 
LOG (gmm-latgen-faster[5.5.480~1-09abd]:DecodeUtteranceLatticeFaster():decoder-wrappers.cc:289) Log-like per frame for utterance M1330235219-306416782_501168-1299360954_1480944093-GB-M-004 is -4.81775 over 841 frames.
M1330235219-306416782_501168-1299360954_1480944093-GB-M-009 WHAT'S THAT SMELL 
LOG (gmm-latgen-faster[5.5.480~1-09abd]:DecodeUtteranceLatticeFaster():decoder-wrappers.cc:289) Log-like per frame for utterance M1330235219-306416782_501168-1299360954_1480944093-GB-M-009 is -4.96306 over 104 frames.
M1330235219-306416782_501168-1299360954_1480944093-GB-M-012 <UNK> 
LOG (gmm-latgen-faster[5.5.480~1-09abd]:DecodeUtteranceLatticeFaster():decoder-wrappers.cc:289) Log-like per frame for utterance M1330235219-306416782_501168-1299360954_1480944093-GB-M-012 is -5.16806 over 109 frames.
M1330235219-306416782_501168-1299360954_1480944093-GB-M-013 GOT A <UNK> IN MY HAIR <UNK> IN OUR UNDERWEAR 
LOG (gmm-latgen-faster[5.5.480~1-09abd]:DecodeUtteranceLatticeFaster():decoder-wrappers.cc:289) Log-like per frame for utterance M1330235219-306416782_501168-1299360954_1480944093-GB-M-013 is -4.90844 over 464 frames.
M1330235219-306416782_501168-1299360954_1480944093-GB-M-019 TURN FROM 
LOG (gmm-latgen-faster[5.5.480~1-09abd]:DecodeUtteranceLatticeFaster():decoder-wrappers.cc:289) Log-like per frame for utterance M1330235219-306416782_501168-1299360954_1480944093-GB-M-019 is -5.19588 over 183 frames.
M1330235219-306416782_501168-1299360954_1480944093-GB-M-020 HOME AWAY FROM HOME AWAY FROM 
LOG (gmm-latgen-faster[5.5.480~1-09abd]:DecodeUtteranceLatticeFaster():decoder-wrappers.cc:289) Log-like per frame for utterance M1330235219-306416782_501168-1299360954_1480944093-GB-M-020 is -5.20947 over 401 frames.
M1330235219-306416782_501168-1299360954_1480944093-GB-M-025 WATCH YOUR BACK A BEAR JUST ATE MY PHONE <UNK> BROKE ARE 
LOG (gmm-latgen-faster[5.5.480~1-09abd]:DecodeUtteranceLatticeFaster():decoder-wrappers.cc:289) Log-like per frame for utterance M1330235219-306416782_501168-1299360954_1480944093-GB-M-025 is -5.10086 over 646 frames.
M1330235219-306416782_501168-1299360954_1480944093-GB-M-030 <UNK> BROKE ARE WANT BUT WATCH YOUR BACK 
LOG (gmm-latgen-faster[5.5.480~1-09abd]:DecodeUtteranceLatticeFaster():decoder-wrappers.cc:289) Log-like per frame for utterance M1330235219-306416782_501168-1299360954_1480944093-GB-M-030 is -5.22362 over 782 frames.
M1330336739-373879738_79821-444743096_1542192853-GB-M-009 SING ONCE AGAIN WITH ME OUR STRANGE DUET MY POWER OVER YOU GROWS STRONGER YET AND THOUGH YOU TURN FROM ME TO GLANCE BEHIND THE PHANTOM OF THE OPERA IS THERE 
LOG (gmm-latgen-faster[5.5.480~1-09abd]:DecodeUtteranceLatticeFaster():decoder-wrappers.cc:289) Log-like per frame for utterance M1330336739-373879738_79821-444743096_1542192853-GB-M-009 is -3.81208 over 3089 frames.
M1330336739-373879738_79821-444743096_1542192853-GB-M-016 INSIDE YOUR MIND 
LOG (gmm-latgen-faster[5.5.480~1-09abd]:DecodeUtteranceLatticeFaster():decoder-wrappers.cc:289) Log-like per frame for utterance M1330336739-373879738_79821-444743096_1542192853-GB-M-016 is -3.47174 over 416 frames.
M1330336739-373879738_79821-444743096_1542192853-GB-M-022 IT'S ME THEY HEAR 
LOG (gmm-latgen-faster[5.5.480~1-09abd]:DecodeUtteranceLatticeFaster():decoder-wrappers.cc:289) Log-like per frame for utterance M1330336739-373879738_79821-444743096_1542192853-GB-M-022 is -3.5059 over 359 frames.
M1330336739-373879738_79821-444743096_1542192853-GB-M-023 MY SPIRIT AND YOUR VOICE IN ONE COMBINED THE PHANTOM OF THE OPERA MORE THE YOUR FOR INSIDE YOUR INSIDE YOUR MY PHANTOM 
LOG (gmm-latgen-faster[5.5.480~1-09abd]:DecodeUtteranceLatticeFaster():decoder-wrappers.cc:289) Log-like per frame for utterance M1330336739-373879738_79821-444743096_1542192853-GB-M-023 is -2.93389 over 2135 frames.
M1330336739-373879738_79821-444743096_1542192853-GB-M-031 SING BREAKING JUST LOVE YOU WAS HEAR 
LOG (gmm-latgen-faster[5.5.480~1-09abd]:DecodeUtteranceLatticeFaster():decoder-wrappers.cc:289) Log-like per frame for utterance M1330336739-373879738_79821-444743096_1542192853-GB-M-031 is -4.99258 over 452 frames.
M1330336739-373879738_79821-444743096_1542192853-GB-M-032 SING FOR ME 
LOG (gmm-latgen-faster[5.5.480~1-09abd]:DecodeUtteranceLatticeFaster():decoder-wrappers.cc:289) Log-like per frame for utterance M1330336739-373879738_79821-444743096_1542192853-GB-M-032 is -4.65551 over 211 frames.
M1330336739-373879738_79821-444743096_1542192853-GB-M-033 SING 
LOG (gmm-latgen-faster[5.5.480~1-09abd]:DecodeUtteranceLatticeFaster():decoder-wrappers.cc:289) Log-like per frame for utterance M1330336739-373879738_79821-444743096_1542192853-GB-M-033 is -4.21477 over 109 frames.
M1330336739-373879738_79821-444743096_1542192853-GB-M-035 SING SING FOR ME 
LOG (gmm-latgen-faster[5.5.480~1-09abd]:DecodeUtteranceLatticeFaster():decoder-wrappers.cc:289) Log-like per frame for utterance M1330336739-373879738_79821-444743096_1542192853-GB-M-035 is -4.48768 over 1988 frames.
M1333381954-3502227_3502227-1137061991_1544468864-GB-M-001 YOUR MIND ALL ASLEEP 
LOG (gmm-latgen-faster[5.5.480~1-09abd]:DecodeUtteranceLatticeFaster():decoder-wrappers.cc:289) Log-like per frame for utterance M1333381954-3502227_3502227-1137061991_1544468864-GB-M-001 is -4.4525 over 285 frames.
M1333381954-3502227_3502227-1137061991_1544468864-GB-M-002 LITTLE DO YOU KNOW I'M STILL HAUNTED BY THE MEMORIES LITTLE DO YOU SHE IT MYSELF PIECE BY PIECE LITTLE DO YOU KNOW I NEED A LITTLE MORE TIME UNDERNEATH IT ALL I'M HELD CAPTIVE BY THE HOLE INSIDE I'M HELD AND MY 
LOG (gmm-latgen-faster[5.5.480~1-09abd]:DecodeUtteranceLatticeFaster():decoder-wrappers.cc:289) Log-like per frame for utterance M1333381954-3502227_3502227-1137061991_1544468864-GB-M-002 is -4.66192 over 2742 frames.
M1333381954-3502227_3502227-1137061991_1544468864-GB-M-010 FOR THE THE THAT YOU MIGHT CHANGE YOUR MIND 
LOG (gmm-latgen-faster[5.5.480~1-09abd]:DecodeUtteranceLatticeFaster():decoder-wrappers.cc:289) Log-like per frame for utterance M1333381954-3502227_3502227-1137061991_1544468864-GB-M-010 is -4.6168 over 462 frames.
M1333381954-3502227_3502227-1137061991_1544468864-GB-M-012 I'M READY TO FORGIVE LITTLE DO YOU KNOW HARDER FIGHT LITTLE DO YOU KNOW 
LOG (gmm-latgen-faster[5.5.480~1-09abd]:DecodeUtteranceLatticeFaster():decoder-wrappers.cc:289) Log-like per frame for utterance M1333381954-3502227_3502227-1137061991_1544468864-GB-M-012 is -4.72245 over 1307 frames.
M1333381954-3502227_3502227-1137061991_1544468864-GB-M-017 I KNOW READY TO LAY I LOVE YOU LIKE YOU'VE NEVER FELT THE 
LOG (gmm-latgen-faster[5.5.480~1-09abd]:DecodeUtteranceLatticeFaster():decoder-wrappers.cc:289) Log-like per frame for utterance M1333381954-3502227_3502227-1137061991_1544468864-GB-M-017 is -4.20715 over 690 frames.
M1333381954-3502227_3502227-1137061991_1544468864-GB-M-019 PAIN AWAY PAIN I PROMISE YOU DON'T HAVE TO BE AFRAID AWAY IN I LOVE YOU SEE WAS PAIN AWAY YOUR YOU KNOW AND HERE 
LOG (gmm-latgen-faster[5.5.480~1-09abd]:DecodeUtteranceLatticeFaster():decoder-wrappers.cc:289) Log-like per frame for utterance M1333381954-3502227_3502227-1137061991_1544468864-GB-M-019 is -4.15375 over 1719 frames.
M1333381954-3502227_3502227-1137061991_1544468864-GB-M-024 LITTLE DO YOU KNOW I KNOW YOU'RE HAVE TO KNOW I'M SOUND ASLEEP 
LOG (gmm-latgen-faster[5.5.480~1-09abd]:DecodeUtteranceLatticeFaster():decoder-wrappers.cc:289) Log-like per frame for utterance M1333381954-3502227_3502227-1137061991_1544468864-GB-M-024 is -4.36248 over 583 frames.
M1333381954-3502227_3502227-1137061991_1544468864-GB-M-027 LITTLE DO YOU KNOW ALL MY MISTAKES ARE SOLELY DROWNING ME LITTLE DO YOU KNOW I WHEN MAKE 
LOG (gmm-latgen-faster[5.5.480~1-09abd]:DecodeUtteranceLatticeFaster():decoder-wrappers.cc:289) Log-like per frame for utterance M1333381954-3502227_3502227-1137061991_1544468864-GB-M-027 is -4.35843 over 938 frames.
M1333381954-3502227_3502227-1137061991_1544468864-GB-M-031 I'M TRYING TO BE IS ARE IT 
LOG (gmm-latgen-faster[5.5.480~1-09abd]:DecodeUtteranceLatticeFaster():decoder-wrappers.cc:289) Log-like per frame for utterance M1333381954-3502227_3502227-1137061991_1544468864-GB-M-031 is -4.6964 over 283 frames.
M1333381954-3502227_3502227-1137061991_1544468864-GB-M-032 THE LOVE YOU KNOW 
LOG (gmm-latgen-faster[5.5.480~1-09abd]:DecodeUtteranceLatticeFaster():decoder-wrappers.cc:289) Log-like per frame for utterance M1333381954-3502227_3502227-1137061991_1544468864-GB-M-032 is -4.54282 over 111 frames.
M1333381954-3502227_3502227-1137061991_1544468864-GB-M-033 THE A I I LOVE YOU TILL THE SUN DIES AWAY JUST WAIT I LOVE YOU LIKE I'VE NEVER FELT THE PAIN JUST WAIT I LOVE YOU LIKE I'VE NEVER BEEN AFRAID JUST WAIT I LOVE YOU SEE STAYS SO LAY YOUR HEAD ON ME BE 
LOG (gmm-latgen-faster[5.5.480~1-09abd]:DecodeUtteranceLatticeFaster():decoder-wrappers.cc:289) Log-like per frame for utterance M1333381954-3502227_3502227-1137061991_1544468864-GB-M-033 is -3.92771 over 3118 frames.
M1333381954-3502227_3502227-1137061991_1544468864-GB-M-041 WHAT SO LAY YOUR HEAD KNOW I LOVE YOU LIKE I'VE NEVER FELT THE PAIN CAN'T I'M THIS YOU'RE THAT TO BE AFRAID I WEAR AND THE LOVE YOU TILL BABY STAYS SO LAY 
LOG (gmm-latgen-faster[5.5.480~1-09abd]:DecodeUtteranceLatticeFaster():decoder-wrappers.cc:289) Log-like per frame for utterance M1333381954-3502227_3502227-1137061991_1544468864-GB-M-041 is -4.36836 over 2058 frames.
M1333381954-3502227_3502227-1137061991_1544468864-GB-M-047 THE LOVE YOU RIGHT HERE 
LOG (gmm-latgen-faster[5.5.480~1-09abd]:DecodeUtteranceLatticeFaster():decoder-wrappers.cc:289) Log-like per frame for utterance M1333381954-3502227_3502227-1137061991_1544468864-GB-M-047 is -4.04758 over 322 frames.
M1333381954-3502227_3502227-1137061991_1544468864-GB-M-048 STAYS SO LAY YOUR HEAD ON ME 
LOG (gmm-latgen-faster[5.5.480~1-09abd]:DecodeUtteranceLatticeFaster():decoder-wrappers.cc:289) Log-like per frame for utterance M1333381954-3502227_3502227-1137061991_1544468864-GB-M-048 is -3.9803 over 579 frames.
M1333381954-3502227_3502227-1137061991_1544468864-GB-M-049 LAY YOUR HEAD ON ME 
LOG (gmm-latgen-faster[5.5.480~1-09abd]:DecodeUtteranceLatticeFaster():decoder-wrappers.cc:289) Log-like per frame for utterance M1333381954-3502227_3502227-1137061991_1544468864-GB-M-049 is -3.61711 over 495 frames.
M1333381954-3502227_3502227-1137061991_1544468864-GB-M-050 LITTLE DO YOU KNOW 
LOG (gmm-latgen-faster[5.5.480~1-09abd]:DecodeUtteranceLatticeFaster():decoder-wrappers.cc:289) Log-like per frame for utterance M1333381954-3502227_3502227-1137061991_1544468864-GB-M-050 is -4.3245 over 253 frames.
M1333381954-3502227_3502227-1137061991_1544468864-GB-M-051 'CAUSE LITTLE DO YOU KNOW 
LOG (gmm-latgen-faster[5.5.480~1-09abd]:DecodeUtteranceLatticeFaster():decoder-wrappers.cc:289) Log-like per frame for utterance M1333381954-3502227_3502227-1137061991_1544468864-GB-M-051 is -3.83173 over 359 frames.
M1334708601-3308507_3308507-240422795_1546327760-GB-M-001 WHAT ON ME 
LOG (gmm-latgen-faster[5.5.480~1-09abd]:DecodeUtteranceLatticeFaster():decoder-wrappers.cc:289) Log-like per frame for utterance M1334708601-3308507_3308507-240422795_1546327760-GB-M-001 is -5.40035 over 218 frames.
M1334708601-3308507_3308507-240422795_1546327760-GB-M-002 KNOW 
LOG (gmm-latgen-faster[5.5.480~1-09abd]:DecodeUtteranceLatticeFaster():decoder-wrappers.cc:289) Log-like per frame for utterance M1334708601-3308507_3308507-240422795_1546327760-GB-M-002 is -5.15764 over 237 frames.
M1334708601-3308507_3308507-240422795_1546327760-GB-M-003 'CAUSE I'M <UNK> 
LOG (gmm-latgen-faster[5.5.480~1-09abd]:RebuildRepository():determinize-lattice-pruned.cc:283) Rebuilding repository.
LOG (gmm-latgen-faster[5.5.480~1-09abd]:DecodeUtteranceLatticeFaster():decoder-wrappers.cc:289) Log-like per frame for utterance M1334708601-3308507_3308507-240422795_1546327760-GB-M-003 is -5.20806 over 569 frames.
M1334708601-3308507_3308507-240422795_1546327760-GB-M-007 I 
LOG (gmm-latgen-faster[5.5.480~1-09abd]:DecodeUtteranceLatticeFaster():decoder-wrappers.cc:289) Log-like per frame for utterance M1334708601-3308507_3308507-240422795_1546327760-GB-M-007 is -5.35988 over 145 frames.
M1334708601-3308507_3308507-240422795_1546327760-GB-M-009 I WHEN YOU ASK ME OF I'M ALWAYS I'M ALWAYS SURE TO BE 
LOG (gmm-latgen-faster[5.5.480~1-09abd]:DecodeUtteranceLatticeFaster():decoder-wrappers.cc:289) Log-like per frame for utterance M1334708601-3308507_3308507-240422795_1546327760-GB-M-009 is -4.85995 over 618 frames.
M1334708601-3308507_3308507-240422795_1546327760-GB-M-011 I'M ALWAYS SURE TO THE YOUR <UNK> 
LOG (gmm-latgen-faster[5.5.480~1-09abd]:DecodeUtteranceLatticeFaster():decoder-wrappers.cc:289) Log-like per frame for utterance M1334708601-3308507_3308507-240422795_1546327760-GB-M-011 is -4.53919 over 341 frames.
M1334708601-3308507_3308507-240422795_1546327760-GB-M-012 DIVISION EVERYTHING IS DIFFICULT HELP ME HELP YOU GIRL WHAT YOU 
LOG (gmm-latgen-faster[5.5.480~1-09abd]:RebuildRepository():determinize-lattice-pruned.cc:283) Rebuilding repository.
LOG (gmm-latgen-faster[5.5.480~1-09abd]:RebuildRepository():determinize-lattice-pruned.cc:283) Rebuilding repository.
LOG (gmm-latgen-faster[5.5.480~1-09abd]:DecodeUtteranceLatticeFaster():decoder-wrappers.cc:289) Log-like per frame for utterance M1334708601-3308507_3308507-240422795_1546327760-GB-M-012 is -4.81346 over 1227 frames.
M1334708601-3308507_3308507-240422795_1546327760-GB-M-019 HELP NO I 
LOG (gmm-latgen-faster[5.5.480~1-09abd]:DecodeUtteranceLatticeFaster():decoder-wrappers.cc:289) Log-like per frame for utterance M1334708601-3308507_3308507-240422795_1546327760-GB-M-019 is -5.08158 over 296 frames.
M1334708601-3308507_3308507-240422795_1546327760-GB-M-021 I 
LOG (gmm-latgen-faster[5.5.480~1-09abd]:DecodeUtteranceLatticeFaster():decoder-wrappers.cc:289) Log-like per frame for utterance M1334708601-3308507_3308507-240422795_1546327760-GB-M-021 is -5.17999 over 163 frames.
M1334708601-3308507_3308507-240422795_1546327760-GB-M-022 HELP YOU 
LOG (gmm-latgen-faster[5.5.480~1-09abd]:DecodeUtteranceLatticeFaster():decoder-wrappers.cc:289) Log-like per frame for utterance M1334708601-3308507_3308507-240422795_1546327760-GB-M-022 is -4.92915 over 165 frames.
M1334708601-3308507_3308507-240422795_1546327760-GB-M-023 DO THESE JEANS MAKE ME LOOK FAT YEAH I KNOW YOU WANT THE ANSWER BUT I'M SMART AND THAT'S ME HELP YOU 
LOG (gmm-latgen-faster[5.5.480~1-09abd]:DecodeUtteranceLatticeFaster():decoder-wrappers.cc:289) Log-like per frame for utterance M1334708601-3308507_3308507-240422795_1546327760-GB-M-023 is -4.97294 over 656 frames.
M1334708601-3308507_3308507-240422795_1546327760-GB-M-027 AND HERE'S A RANDOM FACT YOU JUST GOT MY FAVORITE HOODIE AND YOU NEED TO GIVE IT BACK AND THAT'S A TRAP 
LOG (gmm-latgen-faster[5.5.480~1-09abd]:DecodeUtteranceLatticeFaster():decoder-wrappers.cc:289) Log-like per frame for utterance M1334708601-3308507_3308507-240422795_1546327760-GB-M-027 is -4.94328 over 735 frames.
M1334708601-3308507_3308507-240422795_1546327760-GB-M-032 IT BACK 
LOG (gmm-latgen-faster[5.5.480~1-09abd]:DecodeUtteranceLatticeFaster():decoder-wrappers.cc:289) Log-like per frame for utterance M1334708601-3308507_3308507-240422795_1546327760-GB-M-032 is -5.21013 over 262 frames.
M1334708601-3308507_3308507-240422795_1546327760-GB-M-034 
LOG (gmm-latgen-faster[5.5.480~1-09abd]:DecodeUtteranceLatticeFaster():decoder-wrappers.cc:289) Log-like per frame for utterance M1334708601-3308507_3308507-240422795_1546327760-GB-M-034 is -5.27348 over 232 frames.
M1334708601-3308507_3308507-240422795_1546327760-GB-M-035 AND SO I'M STAYING OUT 
LOG (gmm-latgen-faster[5.5.480~1-09abd]:DecodeUtteranceLatticeFaster():decoder-wrappers.cc:289) Log-like per frame for utterance M1334708601-3308507_3308507-240422795_1546327760-GB-M-035 is -5.19986 over 536 frames.
M1334708601-3308507_3308507-240422795_1546327760-GB-M-039 WHEN I'M ALWAYS SURE TO BE YOUR OUT YOUR <UNK> 
LOG (gmm-latgen-faster[5.5.480~1-09abd]:DecodeUtteranceLatticeFaster():decoder-wrappers.cc:289) Log-like per frame for utterance M1334708601-3308507_3308507-240422795_1546327760-GB-M-039 is -4.83743 over 697 frames.
M1334708601-3308507_3308507-240422795_1546327760-GB-M-041 ON EVERYTHING IS DIFFICULT ME HELP YOU 
LOG (gmm-latgen-faster[5.5.480~1-09abd]:DecodeUtteranceLatticeFaster():decoder-wrappers.cc:289) Log-like per frame for utterance M1334708601-3308507_3308507-240422795_1546327760-GB-M-041 is -4.79026 over 564 frames.
M1334708601-3308507_3308507-240422795_1546327760-GB-M-044 WHAT YOU TRYING TO DO 'CAUSE I DON'T GOT A CLUE NO I AIN'T NO SCOOBY DOO 
LOG (gmm-latgen-faster[5.5.480~1-09abd]:DecodeUtteranceLatticeFaster():decoder-wrappers.cc:289) Log-like per frame for utterance M1334708601-3308507_3308507-240422795_1546327760-GB-M-044 is -4.75928 over 606 frames.
M1334708601-3308507_3308507-240422795_1546327760-GB-M-048 COVERS AND THEN YOU I JUST WANNA 
LOG (gmm-latgen-faster[5.5.480~1-09abd]:DecodeUtteranceLatticeFaster():decoder-wrappers.cc:289) Log-like per frame for utterance M1334708601-3308507_3308507-240422795_1546327760-GB-M-048 is -4.96688 over 261 frames.
M1334708601-3308507_3308507-240422795_1546327760-GB-M-050 GET SOME GET SOME FOOD 
LOG (gmm-latgen-faster[5.5.480~1-09abd]:DecodeUtteranceLatticeFaster():decoder-wrappers.cc:289) Log-like per frame for utterance M1334708601-3308507_3308507-240422795_1546327760-GB-M-050 is -5.02179 over 302 frames.
M1334708601-3308507_3308507-240422795_1546327760-GB-M-052 HELP ME HELP ME LOOK FAT 
LOG (gmm-latgen-faster[5.5.480~1-09abd]:DecodeUtteranceLatticeFaster():decoder-wrappers.cc:289) Log-like per frame for utterance M1334708601-3308507_3308507-240422795_1546327760-GB-M-052 is -4.77391 over 156 frames.
M1334708601-3308507_3308507-240422795_1546327760-GB-M-053 YOU HOT OR ARE YOU AND HERE'S A THAT'S LOOK FAT 
LOG (gmm-latgen-faster[5.5.480~1-09abd]:DecodeUtteranceLatticeFaster():decoder-wrappers.cc:289) Log-like per frame for utterance M1334708601-3308507_3308507-240422795_1546327760-GB-M-053 is -4.88445 over 338 frames.
M1334708601-3308507_3308507-240422795_1546327760-GB-M-056 OH AND HERE'S A RANDOM FACT JEANS MAKE ME TO MAKE ME HELP ME HELP YOU HOT OF OUT UP YOUR YOU 
LOG (gmm-latgen-faster[5.5.480~1-09abd]:RebuildRepository():determinize-lattice-pruned.cc:283) Rebuilding repository.
LOG (gmm-latgen-faster[5.5.480~1-09abd]:RebuildRepository():determinize-lattice-pruned.cc:283) Rebuilding repository.
LOG (gmm-latgen-faster[5.5.480~1-09abd]:RebuildRepository():determinize-lattice-pruned.cc:283) Rebuilding repository.
WARNING (gmm-latgen-faster[5.5.480~1-09abd]:CheckMemoryUsage():determinize-lattice-pruned.cc:316) Did not reach requested beam in determinize-lattice: size exceeds maximum 50000000 bytes; (repo,arcs,elems) = (34391968,52064,16004496), after rebuilding, repo size was 27703776, effective beam was 2.48829 vs. requested beam 6
WARNING (gmm-latgen-faster[5.5.480~1-09abd]:DeterminizeLatticePruned():determinize-lattice-pruned.cc:1280) Effective beam 2.48829 was less than beam 6 * cutoff 0.5, pruning raw lattice with new beam 3.8639 and retrying.
LOG (gmm-latgen-faster[5.5.480~1-09abd]:DecodeUtteranceLatticeFaster():decoder-wrappers.cc:289) Log-like per frame for utterance M1334708601-3308507_3308507-240422795_1546327760-GB-M-056 is -5.10174 over 2738 frames.
M1334708601-3308507_3308507-240422795_1546327760-GB-M-072 
LOG (gmm-latgen-faster[5.5.480~1-09abd]:DecodeUtteranceLatticeFaster():decoder-wrappers.cc:289) Log-like per frame for utterance M1334708601-3308507_3308507-240422795_1546327760-GB-M-072 is -4.65968 over 111 frames.
M1334708601-3308507_3308507-240422795_1546327760-GB-M-073 PLEASE JUST JUST 
LOG (gmm-latgen-faster[5.5.480~1-09abd]:DecodeUtteranceLatticeFaster():decoder-wrappers.cc:289) Log-like per frame for utterance M1334708601-3308507_3308507-240422795_1546327760-GB-M-073 is -5.27942 over 206 frames.
M1334708601-3308507_3308507-240422795_1546327760-GB-M-074 HELP ME AND 
LOG (gmm-latgen-faster[5.5.480~1-09abd]:DecodeUtteranceLatticeFaster():decoder-wrappers.cc:289) Log-like per frame for utterance M1334708601-3308507_3308507-240422795_1546327760-GB-M-074 is -4.54933 over 371 frames.
M1334708601-3505448_3505448-240422795_1536634417-GB-M-001 WHAT DO I WEAR I ONLY TOLD YOU TWELVE TIMES THE FIRST DRESS THAT YOU PUT ON IS STILL YOUR BEST BEEN SITTING IN THIS DRESSING YOU 
LOG (gmm-latgen-faster[5.5.480~1-09abd]:DecodeUtteranceLatticeFaster():decoder-wrappers.cc:289) Log-like per frame for utterance M1334708601-3505448_3505448-240422795_1536634417-GB-M-001 is -5.08017 over 911 frames.
M1334708601-3505448_3505448-240422795_1536634417-GB-M-007 I NEED A BREAK BABY I DON'T HAVE THE BABY GIRL WHEN YOU ASK ME MY HOW 
LOG (gmm-latgen-faster[5.5.480~1-09abd]:DecodeUtteranceLatticeFaster():decoder-wrappers.cc:289) Log-like per frame for utterance M1334708601-3505448_3505448-240422795_1536634417-GB-M-007 is -4.94148 over 598 frames.
M1334708601-3505448_3505448-240422795_1536634417-GB-M-011 BEEN GET I'M SURE TO BE TO ME YOU'RE KINDA LIKE LONG DIVISION EVERYTHING IS TO 
LOG (gmm-latgen-faster[5.5.480~1-09abd]:DecodeUtteranceLatticeFaster():decoder-wrappers.cc:289) Log-like per frame for utterance M1334708601-3505448_3505448-240422795_1536634417-GB-M-011 is -4.78183 over 984 frames.
M1334708601-3505448_3505448-240422795_1536634417-GB-M-015 HELP ME HELP ME HELP YOU 
LOG (gmm-latgen-faster[5.5.480~1-09abd]:DecodeUtteranceLatticeFaster():decoder-wrappers.cc:289) Log-like per frame for utterance M1334708601-3505448_3505448-240422795_1536634417-GB-M-015 is -4.2035 over 252 frames.
M1334708601-3505448_3505448-240422795_1536634417-GB-M-016 GIRL WHAT YOU TRYING TO DO 
LOG (gmm-latgen-faster[5.5.480~1-09abd]:DecodeUtteranceLatticeFaster():decoder-wrappers.cc:289) Log-like per frame for utterance M1334708601-3505448_3505448-240422795_1536634417-GB-M-016 is -4.64697 over 139 frames.
M1334708601-3505448_3505448-240422795_1536634417-GB-M-017 'CAUSE I AIN'T I'M 
LOG (gmm-latgen-faster[5.5.480~1-09abd]:DecodeUtteranceLatticeFaster():decoder-wrappers.cc:289) Log-like per frame for utterance M1334708601-3505448_3505448-240422795_1536634417-GB-M-017 is -4.82274 over 151 frames.
M1334708601-3505448_3505448-240422795_1536634417-GB-M-019 I AIN'T NO SCOOBY DOO HELP YOU 'CAUSE I'M <UNK> THAN YOU I JUST WANNA GET SOME FOOD AND YOU 
LOG (gmm-latgen-faster[5.5.480~1-09abd]:DecodeUtteranceLatticeFaster():decoder-wrappers.cc:289) Log-like per frame for utterance M1334708601-3505448_3505448-240422795_1536634417-GB-M-019 is -4.82344 over 713 frames.
M1334708601-3505448_3505448-240422795_1536634417-GB-M-023 GIRL TO KILL HELP ME HELP YOU DO THESE JEANS MAKE ME LOOK FAT YEAH I KNOW YOU WANT THE ANSWER BUT I'M SMART AND IT BACK 
LOG (gmm-latgen-faster[5.5.480~1-09abd]:DecodeUtteranceLatticeFaster():decoder-wrappers.cc:289) Log-like per frame for utterance M1334708601-3505448_3505448-240422795_1536634417-GB-M-023 is -5.20988 over 827 frames.
M1334708601-3505448_3505448-240422795_1536634417-GB-M-028 OH AND HERE'S A RANDOM FACT YOU STILL GOT MY FAVORITE HOODIE AND YOU NEED TO GIVE IT BACK NOT CALLING BACK 
LOG (gmm-latgen-faster[5.5.480~1-09abd]:DecodeUtteranceLatticeFaster():decoder-wrappers.cc:289) Log-like per frame for utterance M1334708601-3505448_3505448-240422795_1536634417-GB-M-028 is -4.76926 over 798 frames.
M1334708601-3505448_3505448-240422795_1536634417-GB-M-033 IT'S JUST YOU SAID SPACE 
LOG (gmm-latgen-faster[5.5.480~1-09abd]:DecodeUtteranceLatticeFaster():decoder-wrappers.cc:289) Log-like per frame for utterance M1334708601-3505448_3505448-240422795_1536634417-GB-M-033 is -5.16775 over 122 frames.
M1334708601-3505448_3505448-240422795_1536634417-GB-M-034 AND SO I'M STAYING OUT 
LOG (gmm-latgen-faster[5.5.480~1-09abd]:DecodeUtteranceLatticeFaster():decoder-wrappers.cc:289) Log-like per frame for utterance M1334708601-3505448_3505448-240422795_1536634417-GB-M-034 is -4.55351 over 147 frames.
M1334708601-3505448_3505448-240422795_1536634417-GB-M-035 SURE WENT IT AIN'T THAT GOT YOUR BACK 
LOG (gmm-latgen-faster[5.5.480~1-09abd]:DecodeUtteranceLatticeFaster():decoder-wrappers.cc:289) Log-like per frame for utterance M1334708601-3505448_3505448-240422795_1536634417-GB-M-035 is -4.93289 over 227 frames.
M1334708601-3505448_3505448-240422795_1536634417-GB-M-036 BUT YOU WENT OUT OF YOUR WAY TO TO LOVE WHAT THIS WHEN YOU ASK ME MY OPINION I'M SURE TO BE AND 
LOG (gmm-latgen-faster[5.5.480~1-09abd]:DecodeUtteranceLatticeFaster():decoder-wrappers.cc:289) Log-like per frame for utterance M1334708601-3505448_3505448-240422795_1536634417-GB-M-036 is -4.615 over 925 frames.
M1334708601-3505448_3505448-240422795_1536634417-GB-M-041 YOU'RE KINDA LIKE LONG DIVISION 
LOG (gmm-latgen-faster[5.5.480~1-09abd]:DecodeUtteranceLatticeFaster():decoder-wrappers.cc:289) Log-like per frame for utterance M1334708601-3505448_3505448-240422795_1536634417-GB-M-041 is -4.34118 over 302 frames.
M1334708601-3505448_3505448-240422795_1536634417-GB-M-044 GIRL HELP ME HELP YOU GIRL WHAT YOU TRYING TO AND I DON'T GOT A CLUE 'CAUSE I AIN'T NO SCOOBY DOO WE 
LOG (gmm-latgen-faster[5.5.480~1-09abd]:DecodeUtteranceLatticeFaster():decoder-wrappers.cc:289) Log-like per frame for utterance M1334708601-3505448_3505448-240422795_1536634417-GB-M-044 is -4.52349 over 970 frames.
M1334708601-3505448_3505448-240422795_1536634417-GB-M-049 'CAUSE I'M <UNK> THAN YOU 
LOG (gmm-latgen-faster[5.5.480~1-09abd]:DecodeUtteranceLatticeFaster():decoder-wrappers.cc:289) Log-like per frame for utterance M1334708601-3505448_3505448-240422795_1536634417-GB-M-049 is -4.63445 over 127 frames.
M1334708601-3505448_3505448-240422795_1536634417-GB-M-050 TO JUST WANNA GET SOME FOOD AND YOU ABOUT TO KILL MY MOOD 
LOG (gmm-latgen-faster[5.5.480~1-09abd]:DecodeUtteranceLatticeFaster():decoder-wrappers.cc:289) Log-like per frame for utterance M1334708601-3505448_3505448-240422795_1536634417-GB-M-050 is -4.80246 over 375 frames.
LOG (apply-cmvn[5.5.480~1-09abd]:main():apply-cmvn.cc:162) Applied cepstral mean normalization to 178 utterances, errors on 0
M1334708601-3505448_3505448-240422795_1536634417-GB-M-053 DO THESE JEANS MAKE ME TO 
LOG (gmm-latgen-faster[5.5.480~1-09abd]:DecodeUtteranceLatticeFaster():decoder-wrappers.cc:289) Log-like per frame for utterance M1334708601-3505448_3505448-240422795_1536634417-GB-M-053 is -5.07997 over 112 frames.
M1334708601-3505448_3505448-240422795_1536634417-GB-M-054 LIKE 'CAUSE MY FACT AS ARE ON THE TO 
LOG (gmm-latgen-faster[5.5.480~1-09abd]:DecodeUtteranceLatticeFaster():decoder-wrappers.cc:289) Log-like per frame for utterance M1334708601-3505448_3505448-240422795_1536634417-GB-M-054 is -4.71008 over 377 frames.
M1334708601-3505448_3505448-240422795_1536634417-GB-M-057 THE RIGHT AND THERE'S A RANDOM FACT YOU STILL GOT MY FAVORITE HOODIE AND YOU NEED TO GIVE IT BACK 
LOG (gmm-latgen-faster[5.5.480~1-09abd]:DecodeUtteranceLatticeFaster():decoder-wrappers.cc:289) Log-like per frame for utterance M1334708601-3505448_3505448-240422795_1536634417-GB-M-057 is -4.97591 over 639 frames.
M1334708601-3505448_3505448-240422795_1536634417-GB-M-062 WE ARE ON AS YOU 
LOG (gmm-latgen-faster[5.5.480~1-09abd]:DecodeUtteranceLatticeFaster():decoder-wrappers.cc:289) Log-like per frame for utterance M1334708601-3505448_3505448-240422795_1536634417-GB-M-062 is -4.57657 over 112 frames.
M1334708601-3505448_3505448-240422795_1536634417-GB-M-063 TELL ME YOU'RE FINE 
LOG (gmm-latgen-faster[5.5.480~1-09abd]:DecodeUtteranceLatticeFaster():decoder-wrappers.cc:289) Log-like per frame for utterance M1334708601-3505448_3505448-240422795_1536634417-GB-M-063 is -4.27397 over 129 frames.
M1334708601-3505448_3505448-240422795_1536634417-GB-M-065 I JUST DON'T UNDERSTAND 
LOG (gmm-latgen-faster[5.5.480~1-09abd]:DecodeUtteranceLatticeFaster():decoder-wrappers.cc:289) Log-like per frame for utterance M1334708601-3505448_3505448-240422795_1536634417-GB-M-065 is -5.43473 over 173 frames.
M1334708601-3505448_3505448-240422795_1536634417-GB-M-069 IS CUTE THAT'S YOU 
LOG (gmm-latgen-faster[5.5.480~1-09abd]:DecodeUtteranceLatticeFaster():decoder-wrappers.cc:289) Log-like per frame for utterance M1334708601-3505448_3505448-240422795_1536634417-GB-M-069 is -4.75954 over 237 frames.
LOG (transform-feats[5.5.480~1-09abd]:main():transform-feats.cc:158) Overall average [pseudo-]logdet is -88.6872 over 106128 frames.
LOG (transform-feats[5.5.480~1-09abd]:main():transform-feats.cc:161) Applied transform to 178 utterances; 0 had errors.
M1334708601-3505448_3505448-240422795_1536634417-GB-M-073 ON THE SAME TEAM SO PLEASE KEEP AND 
LOG (gmm-latgen-faster[5.5.480~1-09abd]:DecodeUtteranceLatticeFaster():decoder-wrappers.cc:289) Log-like per frame for utterance M1334708601-3505448_3505448-240422795_1536634417-GB-M-073 is -5.15687 over 307 frames.
M1334708601-3505448_3505448-240422795_1536634417-GB-M-075 HEAR WHAT I HAVE TO SAY BABY GIRL 
LOG (gmm-latgen-faster[5.5.480~1-09abd]:DecodeUtteranceLatticeFaster():decoder-wrappers.cc:289) Log-like per frame for utterance M1334708601-3505448_3505448-240422795_1536634417-GB-M-075 is -5.21093 over 278 frames.
LOG (transform-feats[5.5.480~1-09abd]:main():transform-feats.cc:158) Overall average logdet is 5.3834 over 106128 frames.
LOG (transform-feats[5.5.480~1-09abd]:main():transform-feats.cc:161) Applied transform to 178 utterances; 0 had errors.
M1334708601-3505448_3505448-240422795_1536634417-GB-M-076 HELP ME HELP YOU I'M ON YOUR 
LOG (gmm-latgen-faster[5.5.480~1-09abd]:DecodeUtteranceLatticeFaster():decoder-wrappers.cc:289) Log-like per frame for utterance M1334708601-3505448_3505448-240422795_1536634417-GB-M-076 is -4.56196 over 707 frames.
LOG (gmm-latgen-faster[5.5.480~1-09abd]:main():gmm-latgen-faster.cc:176) Time taken 375.033s: real-time factor assuming 100 frames/sec is 0.353378
LOG (gmm-latgen-faster[5.5.480~1-09abd]:main():gmm-latgen-faster.cc:179) Done 178 utterances, failed for 0
LOG (gmm-latgen-faster[5.5.480~1-09abd]:main():gmm-latgen-faster.cc:181) Overall log-likelihood per frame is -4.24881 over 106128 frames.
# Accounting: time=375 threads=1
# Ended (code 0) at Tue Sep 10 14:32:04 BST 2019, elapsed time 375 seconds
