# gmm-latgen-faster --max-active=7000 --beam=15.0 --lattice-beam=6.0 --acoustic-scale=0.083333 --allow-partial=false --word-symbol-table=exp/tri3b_cleaned/graphs/words.txt exp/tri3b_cleaned/final.mdl scp:exp/tri3b_cleaned/lats/split_fsts/HCLG.fsts.37.scp "ark,s,cs:apply-cmvn  --utt2spk=ark:data/train1/split40/37/utt2spk scp:data/train1/split40/37/cmvn.scp scp:data/train1/split40/37/feats.scp ark:- | splice-feats  ark:- ark:- | transform-feats exp/tri3b_cleaned/final.mat ark:- ark:- | transform-feats --utt2spk=ark:data/train1/split40/37/utt2spk ark:exp/tri3b/trans.37 ark:- ark:- |" "ark:|gzip -c > exp/tri3b_cleaned/lats/lat.37.gz" 
# Started at Tue Sep 10 14:53:28 BST 2019
#
gmm-latgen-faster --max-active=7000 --beam=15.0 --lattice-beam=6.0 --acoustic-scale=0.083333 --allow-partial=false --word-symbol-table=exp/tri3b_cleaned/graphs/words.txt exp/tri3b_cleaned/final.mdl scp:exp/tri3b_cleaned/lats/split_fsts/HCLG.fsts.37.scp 'ark,s,cs:apply-cmvn  --utt2spk=ark:data/train1/split40/37/utt2spk scp:data/train1/split40/37/cmvn.scp scp:data/train1/split40/37/feats.scp ark:- | splice-feats  ark:- ark:- | transform-feats exp/tri3b_cleaned/final.mat ark:- ark:- | transform-feats --utt2spk=ark:data/train1/split40/37/utt2spk ark:exp/tri3b/trans.37 ark:- ark:- |' 'ark:|gzip -c > exp/tri3b_cleaned/lats/lat.37.gz' 
splice-feats ark:- ark:- 
transform-feats --utt2spk=ark:data/train1/split40/37/utt2spk ark:exp/tri3b/trans.37 ark:- ark:- 
transform-feats exp/tri3b_cleaned/final.mat ark:- ark:- 
apply-cmvn --utt2spk=ark:data/train1/split40/37/utt2spk scp:data/train1/split40/37/cmvn.scp scp:data/train1/split40/37/feats.scp ark:- 
M6381048-3769321_3769321-154189390_1633286308-GB-M-001 MMM YEAH MMM YEAH MMM YEA YEAH YEAH 
LOG (gmm-latgen-faster[5.5.480~1-09abd]:DecodeUtteranceLatticeFaster():decoder-wrappers.cc:289) Log-like per frame for utterance M6381048-3769321_3769321-154189390_1633286308-GB-M-001 is -3.64357 over 917 frames.
M6381048-3769321_3769321-154189390_1633286308-GB-M-004 MMM UH MMM YEAH MMM YEAH 
LOG (gmm-latgen-faster[5.5.480~1-09abd]:DecodeUtteranceLatticeFaster():decoder-wrappers.cc:289) Log-like per frame for utterance M6381048-3769321_3769321-154189390_1633286308-GB-M-004 is -3.31815 over 847 frames.
M6381048-3769321_3769321-154189390_1633286308-GB-M-007 BABY I JUST DON'T GET IT DO YOU ENJOY BEING HURT I KNOW YOU SMELLED THE PERFUME 
LOG (gmm-latgen-faster[5.5.480~1-09abd]:DecodeUtteranceLatticeFaster():decoder-wrappers.cc:289) Log-like per frame for utterance M6381048-3769321_3769321-154189390_1633286308-GB-M-007 is -4.43237 over 735 frames.
M6381048-3769321_3769321-154189390_1633286308-GB-M-010 THE MAKEUP ON HIS SHIRT YOU DON'T BELIEVE HIS STORIES YOU KNOW THAT THEY'RE ALL LIES BAD AS YOU ARE YOU STICK AROUND AND I JUST DON'T KNOW WHY IF I WAS YOUR MAN 
LOG (gmm-latgen-faster[5.5.480~1-09abd]:DecodeUtteranceLatticeFaster():decoder-wrappers.cc:289) Log-like per frame for utterance M6381048-3769321_3769321-154189390_1633286308-GB-M-010 is -4.70279 over 1261 frames.
M6381048-3769321_3769321-154189390_1633286308-GB-M-016 BABY YOU NEVER WORRY 'BOUT 
LOG (gmm-latgen-faster[5.5.480~1-09abd]:DecodeUtteranceLatticeFaster():decoder-wrappers.cc:289) Log-like per frame for utterance M6381048-3769321_3769321-154189390_1633286308-GB-M-016 is -4.61485 over 225 frames.
M6381048-3769321_3769321-154189390_1633286308-GB-M-018 WHAT I DO I'D BE COMIN' HOME BACK TO YOU EVERY NIGHT DOIN' YOU RIGHT 
LOG (gmm-latgen-faster[5.5.480~1-09abd]:DecodeUtteranceLatticeFaster():decoder-wrappers.cc:289) Log-like per frame for utterance M6381048-3769321_3769321-154189390_1633286308-GB-M-018 is -4.30264 over 599 frames.
M6381048-3769321_3769321-154189390_1633286308-GB-M-022 YOU'RE THE TYPE OF WOMAN 
LOG (gmm-latgen-faster[5.5.480~1-09abd]:DecodeUtteranceLatticeFaster():decoder-wrappers.cc:289) Log-like per frame for utterance M6381048-3769321_3769321-154189390_1633286308-GB-M-022 is -5.35318 over 100 frames.
M6381048-3769321_3769321-154189390_1633286308-GB-M-023 DESERVES GOOD THINGS FISTFUL OF DIAMONDS 
LOG (gmm-latgen-faster[5.5.480~1-09abd]:DecodeUtteranceLatticeFaster():decoder-wrappers.cc:289) Log-like per frame for utterance M6381048-3769321_3769321-154189390_1633286308-GB-M-023 is -4.74443 over 233 frames.
M6381048-3769321_3769321-154189390_1633286308-GB-M-026 BABY YOU'RE A STAR 
LOG (gmm-latgen-faster[5.5.480~1-09abd]:DecodeUtteranceLatticeFaster():decoder-wrappers.cc:289) Log-like per frame for utterance M6381048-3769321_3769321-154189390_1633286308-GB-M-026 is -4.37949 over 105 frames.
M6381048-3769321_3769321-154189390_1633286308-GB-M-027 I JUST WANT SHOW YOU ARE YOU SHOULD LET ME LOVE YOU LET ME BE THE ONE TO 
LOG (gmm-latgen-faster[5.5.480~1-09abd]:DecodeUtteranceLatticeFaster():decoder-wrappers.cc:289) Log-like per frame for utterance M6381048-3769321_3769321-154189390_1633286308-GB-M-027 is -4.36065 over 722 frames.
M6381048-3769321_3769321-154189390_1633286308-GB-M-030 GIVE YOU EVERYTHING YOU WANT AND NEED BABY GOOD LOVE AND PROTECTION MAKE ME YOUR SELECTION SHOW YOU THE WAY LOVE'S SUPPOSED TO BE 
LOG (gmm-latgen-faster[5.5.480~1-09abd]:DecodeUtteranceLatticeFaster():decoder-wrappers.cc:289) Log-like per frame for utterance M6381048-3769321_3769321-154189390_1633286308-GB-M-030 is -4.08961 over 1481 frames.
M6381048-3769321_3769321-154189390_1633286308-GB-M-034 BABY YOU SHOULD LET ME LOVE YOU LOVE YOU LOVE YOU LOVE YOU YEAH YEAH 
LOG (gmm-latgen-faster[5.5.480~1-09abd]:DecodeUtteranceLatticeFaster():decoder-wrappers.cc:289) Log-like per frame for utterance M6381048-3769321_3769321-154189390_1633286308-GB-M-034 is -3.60307 over 1030 frames.
M6381048-3769321_3769321-154189390_1633286308-GB-M-038 YOUR TRUE BEAUTY'S DESCRIPTION LOOKS SO GOOD THAT IT HURTS 
LOG (gmm-latgen-faster[5.5.480~1-09abd]:DecodeUtteranceLatticeFaster():decoder-wrappers.cc:289) Log-like per frame for utterance M6381048-3769321_3769321-154189390_1633286308-GB-M-038 is -4.78142 over 537 frames.
M6381048-3769321_3769321-154189390_1633286308-GB-M-040 YOU'RE A DIME PLUS NINETY NINE 
LOG (gmm-latgen-faster[5.5.480~1-09abd]:DecodeUtteranceLatticeFaster():decoder-wrappers.cc:289) Log-like per frame for utterance M6381048-3769321_3769321-154189390_1633286308-GB-M-040 is -4.42962 over 173 frames.
M6381048-3769321_3769321-154189390_1633286308-GB-M-041 AND IT'S A SHAME DON'T EVEN KNOW WHAT YOU'RE WORTH 
LOG (gmm-latgen-faster[5.5.480~1-09abd]:DecodeUtteranceLatticeFaster():decoder-wrappers.cc:289) Log-like per frame for utterance M6381048-3769321_3769321-154189390_1633286308-GB-M-041 is -4.92059 over 226 frames.
M6381048-3769321_3769321-154189390_1633286308-GB-M-043 WHAT WHEN 
LOG (gmm-latgen-faster[5.5.480~1-09abd]:DecodeUtteranceLatticeFaster():decoder-wrappers.cc:289) Log-like per frame for utterance M6381048-3769321_3769321-154189390_1633286308-GB-M-043 is -4.89759 over 122 frames.
M6381048-3769321_3769321-154189390_1633286308-GB-M-044 YOU'RE A YOU STOP AND STARE 'CAUSE YOU'RE BAD AND IT SHOWS AND FROM YOUR HEAD TO YOUR TOES OUT OF CONTROL KNOW 
LOG (gmm-latgen-faster[5.5.480~1-09abd]:DecodeUtteranceLatticeFaster():decoder-wrappers.cc:289) Log-like per frame for utterance M6381048-3769321_3769321-154189390_1633286308-GB-M-044 is -5.00455 over 826 frames.
M6381048-3769321_3769321-154189390_1633286308-GB-M-049 BABY YOU 
LOG (gmm-latgen-faster[5.5.480~1-09abd]:DecodeUtteranceLatticeFaster():decoder-wrappers.cc:289) Log-like per frame for utterance M6381048-3769321_3769321-154189390_1633286308-GB-M-049 is -3.61132 over 101 frames.
M6381048-3769321_3769321-154189390_1633286308-GB-M-051 WHAT I DO 
LOG (gmm-latgen-faster[5.5.480~1-09abd]:DecodeUtteranceLatticeFaster():decoder-wrappers.cc:289) Log-like per frame for utterance M6381048-3769321_3769321-154189390_1633286308-GB-M-051 is -4.53859 over 104 frames.
M6381048-3769321_3769321-154189390_1633286308-GB-M-053 BACK TO YOU EVERY NIGHT DOIN' YOU RIGHT 
LOG (gmm-latgen-faster[5.5.480~1-09abd]:DecodeUtteranceLatticeFaster():decoder-wrappers.cc:289) Log-like per frame for utterance M6381048-3769321_3769321-154189390_1633286308-GB-M-053 is -4.54213 over 347 frames.
M6381048-3769321_3769321-154189390_1633286308-GB-M-055 YOU'RE THE TYPE OF WOMAN 
LOG (gmm-latgen-faster[5.5.480~1-09abd]:DecodeUtteranceLatticeFaster():decoder-wrappers.cc:289) Log-like per frame for utterance M6381048-3769321_3769321-154189390_1633286308-GB-M-055 is -5.26767 over 99 frames.
M6381048-3769321_3769321-154189390_1633286308-GB-M-056 DESERVES GOOD THINGS 
LOG (gmm-latgen-faster[5.5.480~1-09abd]:DecodeUtteranceLatticeFaster():decoder-wrappers.cc:289) Log-like per frame for utterance M6381048-3769321_3769321-154189390_1633286308-GB-M-056 is -4.48083 over 100 frames.
M6381048-3769321_3769321-154189390_1633286308-GB-M-057 FISTFUL OF DIAMONDS 
LOG (gmm-latgen-faster[5.5.480~1-09abd]:DecodeUtteranceLatticeFaster():decoder-wrappers.cc:289) Log-like per frame for utterance M6381048-3769321_3769321-154189390_1633286308-GB-M-057 is -4.79503 over 100 frames.
M6381048-3769321_3769321-154189390_1633286308-GB-M-058 HANDFUL OF RINGS BABY YOU'RE A STAR 
LOG (gmm-latgen-faster[5.5.480~1-09abd]:DecodeUtteranceLatticeFaster():decoder-wrappers.cc:289) Log-like per frame for utterance M6381048-3769321_3769321-154189390_1633286308-GB-M-058 is -4.71012 over 234 frames.
M6381048-3769321_3769321-154189390_1633286308-GB-M-060 I JUST WANT TO SHOW YOU ARE 
LOG (gmm-latgen-faster[5.5.480~1-09abd]:DecodeUtteranceLatticeFaster():decoder-wrappers.cc:289) Log-like per frame for utterance M6381048-3769321_3769321-154189390_1633286308-GB-M-060 is -4.81949 over 222 frames.
M6381048-3769321_3769321-154189390_1633286308-GB-M-061 YOU SHOULD LET ME LOVE YOU 
LOG (gmm-latgen-faster[5.5.480~1-09abd]:DecodeUtteranceLatticeFaster():decoder-wrappers.cc:289) Log-like per frame for utterance M6381048-3769321_3769321-154189390_1633286308-GB-M-061 is -3.85236 over 227 frames.
M6381048-3769321_3769321-154189390_1633286308-GB-M-062 LET ME BE THE WANT TO GIVE YOU EVERYTHING YOU WANT AND NEED 
LOG (gmm-latgen-faster[5.5.480~1-09abd]:DecodeUtteranceLatticeFaster():decoder-wrappers.cc:289) Log-like per frame for utterance M6381048-3769321_3769321-154189390_1633286308-GB-M-062 is -4.45149 over 708 frames.
M6381048-3769321_3769321-154189390_1633286308-GB-M-064 WELL BABY GOOD LOVE AND PROTECTION WOAH MAKE ME YOUR SELECTION SHOW YOU THE WAY LOVE'S SUPPOSED TO BE 
LOG (gmm-latgen-faster[5.5.480~1-09abd]:DecodeUtteranceLatticeFaster():decoder-wrappers.cc:289) Log-like per frame for utterance M6381048-3769321_3769321-154189390_1633286308-GB-M-064 is -4.16118 over 1020 frames.
M6381048-3769321_3769321-154189390_1633286308-GB-M-067 BABY YOU SHOULD LET ME 
LOG (gmm-latgen-faster[5.5.480~1-09abd]:DecodeUtteranceLatticeFaster():decoder-wrappers.cc:289) Log-like per frame for utterance M6381048-3769321_3769321-154189390_1633286308-GB-M-067 is -3.77461 over 161 frames.
M6381048-3769321_3769321-154189390_1633286308-GB-M-068 WOAH YOU YOU DESERVE BETTER UH OH UH BABY 
LOG (gmm-latgen-faster[5.5.480~1-09abd]:DecodeUtteranceLatticeFaster():decoder-wrappers.cc:289) Log-like per frame for utterance M6381048-3769321_3769321-154189390_1633286308-GB-M-068 is -3.58523 over 714 frames.
M6381048-3769321_3769321-154189390_1633286308-GB-M-070 WITH ME I'M IT'S WHATEVER GIRL 
LOG (gmm-latgen-faster[5.5.480~1-09abd]:DecodeUtteranceLatticeFaster():decoder-wrappers.cc:289) Log-like per frame for utterance M6381048-3769321_3769321-154189390_1633286308-GB-M-070 is -4.09733 over 346 frames.
M6381048-3769321_3769321-154189390_1633286308-GB-M-071 HEY SO CAN MAKE RINGS OURS YOU SHOULD LET ME LOVE YOU LET ME BE THE ONE TO GIVE WANT EVERYTHING YOU NEED YEAH 
LOG (gmm-latgen-faster[5.5.480~1-09abd]:DecodeUtteranceLatticeFaster():decoder-wrappers.cc:289) Log-like per frame for utterance M6381048-3769321_3769321-154189390_1633286308-GB-M-071 is -3.8003 over 1559 frames.
M6381048-3769321_3769321-154189390_1633286308-GB-M-076 SAID EVERYTHING WILL YOU CHECK ME BABY <UNK> BABY YOU SHOULD LET ME LOVE YOU GIRL AH AH DOIN' THE THING HUH 
LOG (gmm-latgen-faster[5.5.480~1-09abd]:DecodeUtteranceLatticeFaster():decoder-wrappers.cc:289) Log-like per frame for utterance M6381048-3769321_3769321-154189390_1633286308-GB-M-076 is -4.34169 over 1671 frames.
M6381048-3769321_3769321-154189390_1633286308-GB-M-082 GOOD LOVE AND PROTECTION HEY HEY LOVE YOU THE ONE TO I'M EVERYTHING YOU NEED WOO BABY PROTECTION SELECTION BABY OH YEAH LET LET ME LOVE YOU THAT'S ALL YOU NEED BABY 
LOG (gmm-latgen-faster[5.5.480~1-09abd]:DecodeUtteranceLatticeFaster():decoder-wrappers.cc:289) Log-like per frame for utterance M6381048-3769321_3769321-154189390_1633286308-GB-M-082 is -3.92539 over 3598 frames.
M644995110-397162491_2458767-539618902_1554992948-GB-M-005 I'VE BEEN THINKING 'BOUT IT ALL DAY 
LOG (gmm-latgen-faster[5.5.480~1-09abd]:DecodeUtteranceLatticeFaster():decoder-wrappers.cc:289) Log-like per frame for utterance M644995110-397162491_2458767-539618902_1554992948-GB-M-005 is -4.39102 over 395 frames.
M644995110-397162491_2458767-539618902_1554992948-GB-M-006 AND I HOPE YOU FEEL THE SAME WAY YEAH 
LOG (gmm-latgen-faster[5.5.480~1-09abd]:DecodeUtteranceLatticeFaster():decoder-wrappers.cc:289) Log-like per frame for utterance M644995110-397162491_2458767-539618902_1554992948-GB-M-006 is -4.22731 over 492 frames.
M644995110-397162491_2458767-539618902_1554992948-GB-M-007 I WANT YOU BAD 
LOG (gmm-latgen-faster[5.5.480~1-09abd]:DecodeUtteranceLatticeFaster():decoder-wrappers.cc:289) Log-like per frame for utterance M644995110-397162491_2458767-539618902_1554992948-GB-M-007 is -4.6476 over 126 frames.
M644995110-397162491_2458767-539618902_1554992948-GB-M-009 YEAH I WANT YOU BABY SLOW SLOW HANDS LIKE SWEAT DRIPPING DOWN OUR DIRTY LAUNDRY NO NO CHANCE 
LOG (gmm-latgen-faster[5.5.480~1-09abd]:DecodeUtteranceLatticeFaster():decoder-wrappers.cc:289) Log-like per frame for utterance M644995110-397162491_2458767-539618902_1554992948-GB-M-009 is -4.38173 over 930 frames.
M644995110-397162491_2458767-539618902_1554992948-GB-M-014 THAT I'M LEAVING HERE WITHOUT YOU ON ME I I KNOW YEAH I ALREADY KNOW THAT THERE AIN'T NO STOPPING 
LOG (gmm-latgen-faster[5.5.480~1-09abd]:DecodeUtteranceLatticeFaster():decoder-wrappers.cc:289) Log-like per frame for utterance M644995110-397162491_2458767-539618902_1554992948-GB-M-014 is -4.08826 over 886 frames.
M644995110-397162491_2458767-539618902_1554992948-GB-M-017 YOUR PLANS AND THOSE SLOW HANDS SLOW HANDS 
LOG (gmm-latgen-faster[5.5.480~1-09abd]:DecodeUtteranceLatticeFaster():decoder-wrappers.cc:289) Log-like per frame for utterance M644995110-397162491_2458767-539618902_1554992948-GB-M-017 is -4.01401 over 1065 frames.
M644995110-397162491_2458767-539618902_1554992948-GB-M-020 THAT I JUST WANNA TAKE MY TIME 
LOG (gmm-latgen-faster[5.5.480~1-09abd]:DecodeUtteranceLatticeFaster():decoder-wrappers.cc:289) Log-like per frame for utterance M644995110-397162491_2458767-539618902_1554992948-GB-M-020 is -3.95225 over 380 frames.
M644995110-397162491_2458767-539618902_1554992948-GB-M-021 WE COULD DO THIS BABY ALL NIGHT YEAH 
LOG (gmm-latgen-faster[5.5.480~1-09abd]:DecodeUtteranceLatticeFaster():decoder-wrappers.cc:289) Log-like per frame for utterance M644995110-397162491_2458767-539618902_1554992948-GB-M-021 is -4.06471 over 491 frames.
M644995110-397162491_2458767-539618902_1554992948-GB-M-025 SLOW SLOW HANDS LIKE SWEAT DRIPPING DOWN OUR DIRTY LAUNDRY NO 
LOG (gmm-latgen-faster[5.5.480~1-09abd]:DecodeUtteranceLatticeFaster():decoder-wrappers.cc:289) Log-like per frame for utterance M644995110-397162491_2458767-539618902_1554992948-GB-M-025 is -4.37876 over 582 frames.
M644995110-397162491_2458767-539618902_1554992948-GB-M-030 YEAH I I I KNOW YEAH I ALREADY KNOW THAT THERE AIN'T NO STOPPING 
LOG (gmm-latgen-faster[5.5.480~1-09abd]:DecodeUtteranceLatticeFaster():decoder-wrappers.cc:289) Log-like per frame for utterance M644995110-397162491_2458767-539618902_1554992948-GB-M-030 is -4.23626 over 576 frames.
M644995110-397162491_2458767-539618902_1554992948-GB-M-033 YOUR PLANS AND THOSE SLOW HANDS 
LOG (gmm-latgen-faster[5.5.480~1-09abd]:DecodeUtteranceLatticeFaster():decoder-wrappers.cc:289) Log-like per frame for utterance M644995110-397162491_2458767-539618902_1554992948-GB-M-033 is -4.06796 over 415 frames.
M644995110-397162491_2458767-539618902_1554992948-GB-M-036 WANNA BE WITH YOU ALL ALONE TAKE ME HOME TAKE ME HOME 
LOG (gmm-latgen-faster[5.5.480~1-09abd]:DecodeUtteranceLatticeFaster():decoder-wrappers.cc:289) Log-like per frame for utterance M644995110-397162491_2458767-539618902_1554992948-GB-M-036 is -4.2522 over 529 frames.
M644995110-397162491_2458767-539618902_1554992948-GB-M-038 FINGERTIPS PUTTING ON A SHOW CAN'T YOU TELL THAT I WANT YOU BABY YEAH SLOW HANDS 
LOG (gmm-latgen-faster[5.5.480~1-09abd]:DecodeUtteranceLatticeFaster():decoder-wrappers.cc:289) Log-like per frame for utterance M644995110-397162491_2458767-539618902_1554992948-GB-M-038 is -4.34194 over 724 frames.
M644995110-397162491_2458767-539618902_1554992948-GB-M-045 NO NO CHANCE 
LOG (gmm-latgen-faster[5.5.480~1-09abd]:DecodeUtteranceLatticeFaster():decoder-wrappers.cc:289) Log-like per frame for utterance M644995110-397162491_2458767-539618902_1554992948-GB-M-045 is -4.31529 over 198 frames.
M644995110-397162491_2458767-539618902_1554992948-GB-M-046 THAT I'M LEAVING HERE WITHOUT YOU ON ME I I KNOW YEAH I ALREADY KNOW THAT THERE AIN'T NO STOPPING 
LOG (gmm-latgen-faster[5.5.480~1-09abd]:DecodeUtteranceLatticeFaster():decoder-wrappers.cc:289) Log-like per frame for utterance M644995110-397162491_2458767-539618902_1554992948-GB-M-046 is -4.03021 over 891 frames.
M644995110-397162491_2458767-539618902_1554992948-GB-M-050 SLOW HANDS LIKE SWEAT DRIPPING DOWN OUR DIRTY LAUNDRY NO NO CHANCE 
LOG (gmm-latgen-faster[5.5.480~1-09abd]:DecodeUtteranceLatticeFaster():decoder-wrappers.cc:289) Log-like per frame for utterance M644995110-397162491_2458767-539618902_1554992948-GB-M-050 is -4.30317 over 683 frames.
M644995110-397162491_2458767-539618902_1554992948-GB-M-054 THAT I'M LEAVING HERE WITHOUT YOU ON ME I I KNOW YEAH I ALREADY KNOW THAT THERE AIN'T NO STOPPING YOUR PLANS AND THOSE SLOW HANDS 
LOG (gmm-latgen-faster[5.5.480~1-09abd]:DecodeUtteranceLatticeFaster():decoder-wrappers.cc:289) Log-like per frame for utterance M644995110-397162491_2458767-539618902_1554992948-GB-M-054 is -4.19967 over 1363 frames.
M644995110-397162491_2458767-539618902_1554992948-GB-M-059 SLOW HANDS SLOW HANDS 
LOG (gmm-latgen-faster[5.5.480~1-09abd]:DecodeUtteranceLatticeFaster():decoder-wrappers.cc:289) Log-like per frame for utterance M644995110-397162491_2458767-539618902_1554992948-GB-M-059 is -4.30298 over 653 frames.
M647460183-443522039_236319-1151744438_1353197088-GB-M-004 YOU KNOW I SHOT AT DON'T TOO WELL WITH APOLOGIES 
LOG (gmm-latgen-faster[5.5.480~1-09abd]:DecodeUtteranceLatticeFaster():decoder-wrappers.cc:289) Log-like per frame for utterance M647460183-443522039_236319-1151744438_1353197088-GB-M-004 is -4.71296 over 370 frames.
M647460183-443522039_236319-1151744438_1353197088-GB-M-008 IS I JUST NEED ONE MORE SHOT AT FORGIVENESS I KNOW YOU KNOW THAT I MADE THOSE MISTAKES MAYBE ONCE OR TWICE 
LOG (gmm-latgen-faster[5.5.480~1-09abd]:DecodeUtteranceLatticeFaster():decoder-wrappers.cc:289) Log-like per frame for utterance M647460183-443522039_236319-1151744438_1353197088-GB-M-008 is -4.63519 over 923 frames.
M647460183-443522039_236319-1151744438_1353197088-GB-M-014 THAT ME I LET ME REDEEM OH REDEEM OH MYSELF TONIGHT 
LOG (gmm-latgen-faster[5.5.480~1-09abd]:DecodeUtteranceLatticeFaster():decoder-wrappers.cc:289) Log-like per frame for utterance M647460183-443522039_236319-1151744438_1353197088-GB-M-014 is -4.54034 over 362 frames.
M647460183-443522039_236319-1151744438_1353197088-GB-M-018 IS IT JUST I'M MISSING MORE THAN JUSTA YOU'RE BODY 
LOG (gmm-latgen-faster[5.5.480~1-09abd]:DecodeUtteranceLatticeFaster():decoder-wrappers.cc:289) Log-like per frame for utterance M647460183-443522039_236319-1151744438_1353197088-GB-M-018 is -4.7538 over 835 frames.
M647460183-443522039_236319-1151744438_1353197088-GB-M-021 YEAH I KNOW THAT I LET U DOWN IS IT TOO TO TO SAY I'M SORRY NOW 
LOG (gmm-latgen-faster[5.5.480~1-09abd]:DecodeUtteranceLatticeFaster():decoder-wrappers.cc:289) Log-like per frame for utterance M647460183-443522039_236319-1151744438_1353197088-GB-M-021 is -4.30947 over 545 frames.
M647460183-443522039_236319-1151744438_1353197088-GB-M-024 I'M SORRY 
LOG (gmm-latgen-faster[5.5.480~1-09abd]:DecodeUtteranceLatticeFaster():decoder-wrappers.cc:289) Log-like per frame for utterance M647460183-443522039_236319-1151744438_1353197088-GB-M-024 is -4.24308 over 145 frames.
M647460183-443522039_236319-1151744438_1353197088-GB-M-025 SORRY YEAH I KNOW THAT I LET U DOWN IS IT TOO LATE TO SAY I'M SORRY NOW 
LOG (gmm-latgen-faster[5.5.480~1-09abd]:DecodeUtteranceLatticeFaster():decoder-wrappers.cc:289) Log-like per frame for utterance M647460183-443522039_236319-1151744438_1353197088-GB-M-025 is -4.36123 over 751 frames.
M647460183-443522039_236319-1151744438_1353197088-GB-M-029 I'LL TAKE EVERY SINGLE PIECE OF THE BLAME IF YOU WANT ME TOO 
LOG (gmm-latgen-faster[5.5.480~1-09abd]:DecodeUtteranceLatticeFaster():decoder-wrappers.cc:289) Log-like per frame for utterance M647460183-443522039_236319-1151744438_1353197088-GB-M-029 is -4.9442 over 359 frames.
M647460183-443522039_236319-1151744438_1353197088-GB-M-033 I'LL GO I'LL GO AND THEN YOU GO YOU GO I'LL THIS SPILL THE TRUTH 
LOG (gmm-latgen-faster[5.5.480~1-09abd]:DecodeUtteranceLatticeFaster():decoder-wrappers.cc:289) Log-like per frame for utterance M647460183-443522039_236319-1151744438_1353197088-GB-M-033 is -4.88264 over 384 frames.
M647460183-443522039_236319-1151744438_1353197088-GB-M-039 I'M MISSING MORE THAN JUSTA YOU BODY OH WILL LATE NOW TO SAY SORRY 
LOG (gmm-latgen-faster[5.5.480~1-09abd]:DecodeUtteranceLatticeFaster():decoder-wrappers.cc:289) Log-like per frame for utterance M647460183-443522039_236319-1151744438_1353197088-GB-M-039 is -4.70813 over 784 frames.
M647460183-443522039_236319-1151744438_1353197088-GB-M-044 NOT JUST TRYING TO GET U BACK ON ME 
LOG (gmm-latgen-faster[5.5.480~1-09abd]:DecodeUtteranceLatticeFaster():decoder-wrappers.cc:289) Log-like per frame for utterance M647460183-443522039_236319-1151744438_1353197088-GB-M-044 is -4.61941 over 314 frames.
M647460183-443522039_236319-1151744438_1353197088-GB-M-046 IS IT TOO LATE NOW TO SAY SORRY YEAH I KNOW THAT I LET U DOWN IS IT TOO LATE TO SAY I'M SORRY NOW 
LOG (gmm-latgen-faster[5.5.480~1-09abd]:DecodeUtteranceLatticeFaster():decoder-wrappers.cc:289) Log-like per frame for utterance M647460183-443522039_236319-1151744438_1353197088-GB-M-046 is -4.33507 over 906 frames.
M647460183-443522039_236319-1151744438_1353197088-GB-M-050 SORRY 
LOG (gmm-latgen-faster[5.5.480~1-09abd]:DecodeUtteranceLatticeFaster():decoder-wrappers.cc:289) Log-like per frame for utterance M647460183-443522039_236319-1151744438_1353197088-GB-M-050 is -4.5286 over 140 frames.
M647460183-443522039_236319-1151744438_1353197088-GB-M-052 SORRY YEAH I KNOW THAT I LET U DOWN IS IT TOO LATE TO SAY SORRY NOW 
LOG (gmm-latgen-faster[5.5.480~1-09abd]:DecodeUtteranceLatticeFaster():decoder-wrappers.cc:289) Log-like per frame for utterance M647460183-443522039_236319-1151744438_1353197088-GB-M-052 is -4.44699 over 750 frames.
M647460183-443522039_236319-1151744438_1353197088-GB-M-055 SORRY 
LOG (gmm-latgen-faster[5.5.480~1-09abd]:DecodeUtteranceLatticeFaster():decoder-wrappers.cc:289) Log-like per frame for utterance M647460183-443522039_236319-1151744438_1353197088-GB-M-055 is -4.20809 over 145 frames.
M647460183-443522039_236319-1151744438_1353197088-GB-M-056 SORRY 
LOG (gmm-latgen-faster[5.5.480~1-09abd]:DecodeUtteranceLatticeFaster():decoder-wrappers.cc:289) Log-like per frame for utterance M647460183-443522039_236319-1151744438_1353197088-GB-M-056 is -4.29047 over 149 frames.
M704245428-94791947_136517-98916748_1401570198-GB-M-001 WHEN I FIND MYSELF TIMES OF TROUBLE MOTHER MARY COMES TO ME SPEAKING WORDS OF WISDOM LET IT BE 
LOG (gmm-latgen-faster[5.5.480~1-09abd]:DecodeUtteranceLatticeFaster():decoder-wrappers.cc:289) Log-like per frame for utterance M704245428-94791947_136517-98916748_1401570198-GB-M-001 is -4.01202 over 1211 frames.
M704245428-94791947_136517-98916748_1401570198-GB-M-004 AND IN MY HOUR OF DARKNESS SHE IS STANDING RIGHT IN FRONT OF ME 
LOG (gmm-latgen-faster[5.5.480~1-09abd]:DecodeUtteranceLatticeFaster():decoder-wrappers.cc:289) Log-like per frame for utterance M704245428-94791947_136517-98916748_1401570198-GB-M-004 is -3.99063 over 618 frames.
M704245428-94791947_136517-98916748_1401570198-GB-M-007 SPEAKING WORDS OF WISDOM LET IT BE 
LOG (gmm-latgen-faster[5.5.480~1-09abd]:DecodeUtteranceLatticeFaster():decoder-wrappers.cc:289) Log-like per frame for utterance M704245428-94791947_136517-98916748_1401570198-GB-M-007 is -3.52215 over 490 frames.
M704245428-94791947_136517-98916748_1401570198-GB-M-011 WHISPER WORDS OF WISDOM LET IT BE 
LOG (gmm-latgen-faster[5.5.480~1-09abd]:DecodeUtteranceLatticeFaster():decoder-wrappers.cc:289) Log-like per frame for utterance M704245428-94791947_136517-98916748_1401570198-GB-M-011 is -4.0125 over 482 frames.
M704245428-94791947_136517-98916748_1401570198-GB-M-020 LET IT BE LET IT BE LET IT BE LET LET IT BE 
LOG (gmm-latgen-faster[5.5.480~1-09abd]:DecodeUtteranceLatticeFaster():decoder-wrappers.cc:289) Log-like per frame for utterance M704245428-94791947_136517-98916748_1401570198-GB-M-020 is -3.93641 over 674 frames.
M704245428-94791947_136517-98916748_1401570198-GB-M-022 YEAH THERE WILL BE AN ANSWER LET IT BE 
LOG (gmm-latgen-faster[5.5.480~1-09abd]:DecodeUtteranceLatticeFaster():decoder-wrappers.cc:289) Log-like per frame for utterance M704245428-94791947_136517-98916748_1401570198-GB-M-022 is -3.57088 over 448 frames.
M704245428-94791947_136517-98916748_1401570198-GB-M-026 WHISPER WORDS OF WISDOM LET 
LOG (gmm-latgen-faster[5.5.480~1-09abd]:DecodeUtteranceLatticeFaster():decoder-wrappers.cc:289) Log-like per frame for utterance M704245428-94791947_136517-98916748_1401570198-GB-M-026 is -4.38491 over 281 frames.
M704245428-94791947_136517-98916748_1401570198-GB-M-030 WHISPER WORDS OF WISDOM LET IT BE 
LOG (gmm-latgen-faster[5.5.480~1-09abd]:DecodeUtteranceLatticeFaster():decoder-wrappers.cc:289) Log-like per frame for utterance M704245428-94791947_136517-98916748_1401570198-GB-M-030 is -3.97138 over 442 frames.
M704245428-94791947_136517-98916748_1401570198-GB-M-031 AND WHEN THE NIGHT IS CLOUDY THERE IS STILL A LIGHT THAT SHINES ON ME SHINE ON UNTIL TOMORROW LET IT BE 
LOG (gmm-latgen-faster[5.5.480~1-09abd]:DecodeUtteranceLatticeFaster():decoder-wrappers.cc:289) Log-like per frame for utterance M704245428-94791947_136517-98916748_1401570198-GB-M-031 is -4.07535 over 1145 frames.
M704245428-94791947_136517-98916748_1401570198-GB-M-034 I WAKE UP TO THE SOUND OF MUSIC MOTHER MARY COMES TO ME SPEAKING WORDS OF WISDOM LET IT BE 
LOG (gmm-latgen-faster[5.5.480~1-09abd]:DecodeUtteranceLatticeFaster():decoder-wrappers.cc:289) Log-like per frame for utterance M704245428-94791947_136517-98916748_1401570198-GB-M-034 is -4.05011 over 1166 frames.
M704245428-94791947_136517-98916748_1401570198-GB-M-041 LET IT BE LET IT BE LET IT BE YEAH LET IT BE 
LOG (gmm-latgen-faster[5.5.480~1-09abd]:DecodeUtteranceLatticeFaster():decoder-wrappers.cc:289) Log-like per frame for utterance M704245428-94791947_136517-98916748_1401570198-GB-M-041 is -3.90108 over 686 frames.
M704245428-94791947_136517-98916748_1401570198-GB-M-043 WHISPER WORDS OF WISDOM LET IT BE 
LOG (gmm-latgen-faster[5.5.480~1-09abd]:DecodeUtteranceLatticeFaster():decoder-wrappers.cc:289) Log-like per frame for utterance M704245428-94791947_136517-98916748_1401570198-GB-M-043 is -3.45102 over 516 frames.
M70737217-212843431_131545-70735951_1638306676-GB-M-002 CAN'T HEAR A WORD YOU SAY 
LOG (gmm-latgen-faster[5.5.480~1-09abd]:DecodeUtteranceLatticeFaster():decoder-wrappers.cc:289) Log-like per frame for utterance M70737217-212843431_131545-70735951_1638306676-GB-M-002 is -3.79931 over 340 frames.
M70737217-212843431_131545-70735951_1638306676-GB-M-003 NOT SAYING MUCH 
LOG (gmm-latgen-faster[5.5.480~1-09abd]:DecodeUtteranceLatticeFaster():decoder-wrappers.cc:289) Log-like per frame for utterance M70737217-212843431_131545-70735951_1638306676-GB-M-003 is -3.42805 over 214 frames.
M70737217-212843431_131545-70735951_1638306676-GB-M-004 CRITICIZED BUT ALL YOUR BULLETS RICOCHET 
LOG (gmm-latgen-faster[5.5.480~1-09abd]:DecodeUtteranceLatticeFaster():decoder-wrappers.cc:289) Log-like per frame for utterance M70737217-212843431_131545-70735951_1638306676-GB-M-004 is -3.82343 over 637 frames.
M70737217-212843431_131545-70735951_1638306676-GB-M-007 YOU ME DOWN BUT I GET UP 
LOG (gmm-latgen-faster[5.5.480~1-09abd]:DecodeUtteranceLatticeFaster():decoder-wrappers.cc:289) Log-like per frame for utterance M70737217-212843431_131545-70735951_1638306676-GB-M-007 is -3.76322 over 364 frames.
M70737217-212843431_131545-70735951_1638306676-GB-M-008 I'M BULLETPROOF NOTHING FIRE AWAY FIRE AWAY 
LOG (gmm-latgen-faster[5.5.480~1-09abd]:DecodeUtteranceLatticeFaster():decoder-wrappers.cc:289) Log-like per frame for utterance M70737217-212843431_131545-70735951_1638306676-GB-M-008 is -3.75679 over 728 frames.
M70737217-212843431_131545-70735951_1638306676-GB-M-010 YOU TAKE YOUR AIM 
LOG (gmm-latgen-faster[5.5.480~1-09abd]:DecodeUtteranceLatticeFaster():decoder-wrappers.cc:289) Log-like per frame for utterance M70737217-212843431_131545-70735951_1638306676-GB-M-010 is -4.57973 over 170 frames.
M70737217-212843431_131545-70735951_1638306676-GB-M-011 I'M YOU SHOOT MY 
LOG (gmm-latgen-faster[5.5.480~1-09abd]:DecodeUtteranceLatticeFaster():decoder-wrappers.cc:289) Log-like per frame for utterance M70737217-212843431_131545-70735951_1638306676-GB-M-011 is -5.251 over 476 frames.
M70737217-212843431_131545-70735951_1638306676-GB-M-013 TITANIUM 
LOG (gmm-latgen-faster[5.5.480~1-09abd]:DecodeUtteranceLatticeFaster():decoder-wrappers.cc:289) Log-like per frame for utterance M70737217-212843431_131545-70735951_1638306676-GB-M-013 is -3.09911 over 255 frames.
M70737217-212843431_131545-70735951_1638306676-GB-M-016 I AM TITANIUM 
LOG (gmm-latgen-faster[5.5.480~1-09abd]:DecodeUtteranceLatticeFaster():decoder-wrappers.cc:289) Log-like per frame for utterance M70737217-212843431_131545-70735951_1638306676-GB-M-016 is -2.14951 over 468 frames.
M70737217-212843431_131545-70735951_1638306676-GB-M-018 YOU WHO'LL HAVE FURTHER TO FALL 
LOG (gmm-latgen-faster[5.5.480~1-09abd]:DecodeUtteranceLatticeFaster():decoder-wrappers.cc:289) Log-like per frame for utterance M70737217-212843431_131545-70735951_1638306676-GB-M-018 is -4.01491 over 388 frames.
M70737217-212843431_131545-70735951_1638306676-GB-M-019 GHOST TOWN AND HAUNTED LOVE 
LOG (gmm-latgen-faster[5.5.480~1-09abd]:DecodeUtteranceLatticeFaster():decoder-wrappers.cc:289) Log-like per frame for utterance M70737217-212843431_131545-70735951_1638306676-GB-M-019 is -3.87323 over 352 frames.
M70737217-212843431_131545-70735951_1638306676-GB-M-020 RAISE YOUR VOICE STICKS AND 
LOG (gmm-latgen-faster[5.5.480~1-09abd]:DecodeUtteranceLatticeFaster():decoder-wrappers.cc:289) Log-like per frame for utterance M70737217-212843431_131545-70735951_1638306676-GB-M-020 is -4.24116 over 357 frames.
M70737217-212843431_131545-70735951_1638306676-GB-M-021 STONES MAY BREAK MY BONES 
LOG (gmm-latgen-faster[5.5.480~1-09abd]:DecodeUtteranceLatticeFaster():decoder-wrappers.cc:289) Log-like per frame for utterance M70737217-212843431_131545-70735951_1638306676-GB-M-021 is -4.81034 over 308 frames.
M70737217-212843431_131545-70735951_1638306676-GB-M-024 I'M BULLETPROOF NOTHING TO LOSE FIRE AWAY FIRE AWAY 
LOG (gmm-latgen-faster[5.5.480~1-09abd]:DecodeUtteranceLatticeFaster():decoder-wrappers.cc:289) Log-like per frame for utterance M70737217-212843431_131545-70735951_1638306676-GB-M-024 is -4.08322 over 733 frames.
M70737217-212843431_131545-70735951_1638306676-GB-M-026 RICOCHET YOU TAKE YOUR AIM 
LOG (gmm-latgen-faster[5.5.480~1-09abd]:DecodeUtteranceLatticeFaster():decoder-wrappers.cc:289) Log-like per frame for utterance M70737217-212843431_131545-70735951_1638306676-GB-M-026 is -4.69868 over 337 frames.
M70737217-212843431_131545-70735951_1638306676-GB-M-027 FIRE AWAY FIRE AWAY YOU SHOOT ME DOWN BUT I WON'T FALL 
LOG (gmm-latgen-faster[5.5.480~1-09abd]:DecodeUtteranceLatticeFaster():decoder-wrappers.cc:289) Log-like per frame for utterance M70737217-212843431_131545-70735951_1638306676-GB-M-027 is -3.62511 over 717 frames.
M70737217-212843431_131545-70735951_1638306676-GB-M-029 I AM TITANIUM 
LOG (gmm-latgen-faster[5.5.480~1-09abd]:DecodeUtteranceLatticeFaster():decoder-wrappers.cc:289) Log-like per frame for utterance M70737217-212843431_131545-70735951_1638306676-GB-M-029 is -2.598 over 353 frames.
M70737217-212843431_131545-70735951_1638306676-GB-M-030 BUT I WON'T FALL I AM TITANIUM 
LOG (gmm-latgen-faster[5.5.480~1-09abd]:DecodeUtteranceLatticeFaster():decoder-wrappers.cc:289) Log-like per frame for utterance M70737217-212843431_131545-70735951_1638306676-GB-M-030 is -2.65463 over 810 frames.
M70737217-212843431_131545-70735951_1638306676-GB-M-032 I AM TITANIUM I AM TITANIUM 
LOG (gmm-latgen-faster[5.5.480~1-09abd]:DecodeUtteranceLatticeFaster():decoder-wrappers.cc:289) Log-like per frame for utterance M70737217-212843431_131545-70735951_1638306676-GB-M-032 is -2.74673 over 1108 frames.
M70737217-212843431_131545-70735951_1638306676-GB-M-035 BE GO ALL ON FIRING AT THE ONES WHO RUN 
LOG (gmm-latgen-faster[5.5.480~1-09abd]:DecodeUtteranceLatticeFaster():decoder-wrappers.cc:289) Log-like per frame for utterance M70737217-212843431_131545-70735951_1638306676-GB-M-035 is -4.23104 over 468 frames.
M70737217-212843431_131545-70735951_1638306676-GB-M-038 STONE HEART BULLETPROOF GLASS 
LOG (gmm-latgen-faster[5.5.480~1-09abd]:DecodeUtteranceLatticeFaster():decoder-wrappers.cc:289) Log-like per frame for utterance M70737217-212843431_131545-70735951_1638306676-GB-M-038 is -2.91172 over 667 frames.
M70737217-212843431_131545-70735951_1638306676-GB-M-039 YOU ME DOWN BUT I WON'T FALL 
LOG (gmm-latgen-faster[5.5.480~1-09abd]:DecodeUtteranceLatticeFaster():decoder-wrappers.cc:289) Log-like per frame for utterance M70737217-212843431_131545-70735951_1638306676-GB-M-039 is -3.93429 over 326 frames.
M70737217-212843431_131545-70735951_1638306676-GB-M-040 I AM TITANIUM 
LOG (gmm-latgen-faster[5.5.480~1-09abd]:DecodeUtteranceLatticeFaster():decoder-wrappers.cc:289) Log-like per frame for utterance M70737217-212843431_131545-70735951_1638306676-GB-M-040 is -2.58638 over 332 frames.
M70737217-212843431_131545-70735951_1638306676-GB-M-042 I AM TITANIUM 
LOG (gmm-latgen-faster[5.5.480~1-09abd]:DecodeUtteranceLatticeFaster():decoder-wrappers.cc:289) Log-like per frame for utterance M70737217-212843431_131545-70735951_1638306676-GB-M-042 is -2.67183 over 334 frames.
M70737217-212843431_131545-70735951_1638306676-GB-M-043 YOU ME DOWN BUT I WON'T FALL I AM TITANIUM 
LOG (gmm-latgen-faster[5.5.480~1-09abd]:DecodeUtteranceLatticeFaster():decoder-wrappers.cc:289) Log-like per frame for utterance M70737217-212843431_131545-70735951_1638306676-GB-M-043 is -3.14284 over 715 frames.
M70737217-212843431_131545-70735951_1638306676-GB-M-045 SHOOT ME DOWN BUT I WON'T FALL I AM TITANIUM 
LOG (gmm-latgen-faster[5.5.480~1-09abd]:DecodeUtteranceLatticeFaster():decoder-wrappers.cc:289) Log-like per frame for utterance M70737217-212843431_131545-70735951_1638306676-GB-M-045 is -2.8143 over 938 frames.
M70737217-212843431_131545-70735951_1638306676-GB-M-047 I AM TITANIUM 
LOG (gmm-latgen-faster[5.5.480~1-09abd]:DecodeUtteranceLatticeFaster():decoder-wrappers.cc:289) Log-like per frame for utterance M70737217-212843431_131545-70735951_1638306676-GB-M-047 is -1.7285 over 641 frames.
M71252152-3769479_3769479-392939107_1556105538-GB-M-004 I'M ALL ABOUT THAT 
LOG (gmm-latgen-faster[5.5.480~1-09abd]:DecodeUtteranceLatticeFaster():decoder-wrappers.cc:289) Log-like per frame for utterance M71252152-3769479_3769479-392939107_1556105538-GB-M-004 is -4.42241 over 108 frames.
M71252152-3769479_3769479-392939107_1556105538-GB-M-006 BASS 
LOG (gmm-latgen-faster[5.5.480~1-09abd]:DecodeUtteranceLatticeFaster():decoder-wrappers.cc:289) Log-like per frame for utterance M71252152-3769479_3769479-392939107_1556105538-GB-M-006 is -6.46513 over 124 frames.
M71252152-3769479_3769479-392939107_1556105538-GB-M-010 I'M ALL ABOUT BASS 
LOG (gmm-latgen-faster[5.5.480~1-09abd]:DecodeUtteranceLatticeFaster():decoder-wrappers.cc:289) Log-like per frame for utterance M71252152-3769479_3769479-392939107_1556105538-GB-M-010 is -4.90191 over 134 frames.
M71252152-3769479_3769479-392939107_1556105538-GB-M-011 'BOUT THAT BASS 
LOG (gmm-latgen-faster[5.5.480~1-09abd]:DecodeUtteranceLatticeFaster():decoder-wrappers.cc:289) Log-like per frame for utterance M71252152-3769479_3769479-392939107_1556105538-GB-M-011 is -5.66421 over 137 frames.
M71252152-3769479_3769479-392939107_1556105538-GB-M-019 I SEE THE MAGAZINE 
LOG (gmm-latgen-faster[5.5.480~1-09abd]:DecodeUtteranceLatticeFaster():decoder-wrappers.cc:289) Log-like per frame for utterance M71252152-3769479_3769479-392939107_1556105538-GB-M-019 is -4.19229 over 157 frames.
M71252152-3769479_3769479-392939107_1556105538-GB-M-020 WORKIN' THAT YOUR I'M ALL MY MAKE THE MAGAZINE 
LOG (gmm-latgen-faster[5.5.480~1-09abd]:DecodeUtteranceLatticeFaster():decoder-wrappers.cc:289) Log-like per frame for utterance M71252152-3769479_3769479-392939107_1556105538-GB-M-020 is -6.24498 over 912 frames.
M719657100-154113139_107467-439601256_1617009966-GB-M-001 I HEARD THAT YOU'RE SETTLED THAT YOUR AND SAY A GIRL THAT YOU'RE FROM IN I WHEN YOUR DREAMS CAME TRUE THAT YOUR DREAMS CAME 
LOG (gmm-latgen-faster[5.5.480~1-09abd]:DecodeUtteranceLatticeFaster():decoder-wrappers.cc:289) Log-like per frame for utterance M719657100-154113139_107467-439601256_1617009966-GB-M-001 is -3.74743 over 2021 frames.
M719657100-154113139_107467-439601256_1617009966-GB-M-005 YOU GUESS SHE GAVE YOU THINGS I DIDN'T GIVE TO YOU'RE ARE YOU SHY 
LOG (gmm-latgen-faster[5.5.480~1-09abd]:DecodeUtteranceLatticeFaster():decoder-wrappers.cc:289) Log-like per frame for utterance M719657100-154113139_107467-439601256_1617009966-GB-M-005 is -3.41674 over 1209 frames.
M719657100-154113139_107467-439601256_1617009966-GB-M-012 I HATE TURN UP OUT OF THE BLUE UNINVITED BUT I COULDN'T STAY AWAY I COULDN'T FIGHT IT I HAD HOPED YOU'D SEE MY FACE AND THAT YOU'D BE REMINDED THAT FOR ME IT ISN'T OVER 
LOG (gmm-latgen-faster[5.5.480~1-09abd]:DecodeUtteranceLatticeFaster():decoder-wrappers.cc:289) Log-like per frame for utterance M719657100-154113139_107467-439601256_1617009966-GB-M-012 is -4.32306 over 1254 frames.
M719657100-154113139_107467-439601256_1617009966-GB-M-020 NEVER MIND I'LL FIND SOMEONE LIKE YOU I NOTHING BUT THE BEST FOR YOU DON'T FORGET ME I BEG I BEG I REMEMBER I AS SAID SOMETIMES IN LOVE 
LOG (gmm-latgen-faster[5.5.480~1-09abd]:DecodeUtteranceLatticeFaster():decoder-wrappers.cc:289) Log-like per frame for utterance M719657100-154113139_107467-439601256_1617009966-GB-M-020 is -3.69979 over 2148 frames.
M719657100-154113139_107467-439601256_1617009966-GB-M-025 YOU ON BUT SOMETIMES IT HURTS INSTEAD 
LOG (gmm-latgen-faster[5.5.480~1-09abd]:DecodeUtteranceLatticeFaster():decoder-wrappers.cc:289) Log-like per frame for utterance M719657100-154113139_107467-439601256_1617009966-GB-M-025 is -4.26057 over 452 frames.
M719657100-154113139_107467-439601256_1617009966-GB-M-034 HATE TO TURN UP OUT OF THE BLUE UNINVITED BUT I COULDN'T 
LOG (gmm-latgen-faster[5.5.480~1-09abd]:DecodeUtteranceLatticeFaster():decoder-wrappers.cc:289) Log-like per frame for utterance M719657100-154113139_107467-439601256_1617009966-GB-M-034 is -4.59468 over 444 frames.
M719657100-154113139_107467-439601256_1617009966-GB-M-037 YOU IT I COULDN'T FIGHT IT I HAD HOPED YOU'D SEE MY FACE AND THAT YOU'D BE REMINDED THAT FOR ME IT ISN'T OVER 
LOG (gmm-latgen-faster[5.5.480~1-09abd]:DecodeUtteranceLatticeFaster():decoder-wrappers.cc:289) Log-like per frame for utterance M719657100-154113139_107467-439601256_1617009966-GB-M-037 is -4.30227 over 790 frames.
M719657100-154113139_107467-439601256_1617009966-GB-M-042 NEVER MIND I'LL FIND SOMEONE LIKE YOU I WISH NOTHING BUT THE BEST FOR YOU I FORGET ME I BEG 
LOG (gmm-latgen-faster[5.5.480~1-09abd]:DecodeUtteranceLatticeFaster():decoder-wrappers.cc:289) Log-like per frame for utterance M719657100-154113139_107467-439601256_1617009966-GB-M-042 is -3.27402 over 1622 frames.
M719657100-154113139_107467-439601256_1617009966-GB-M-045 I REMEMBER I OUT SAID SOMETIMES A LIFE SO LOVE 
LOG (gmm-latgen-faster[5.5.480~1-09abd]:DecodeUtteranceLatticeFaster():decoder-wrappers.cc:289) Log-like per frame for utterance M719657100-154113139_107467-439601256_1617009966-GB-M-045 is -4.22404 over 573 frames.
M719657100-154113139_107467-439601256_1617009966-GB-M-049 NOTHING COMPARES NO WORRIES OR CARES REGRETS AND MISTAKES THEY'RE MEMORIES MADE 
LOG (gmm-latgen-faster[5.5.480~1-09abd]:DecodeUtteranceLatticeFaster():decoder-wrappers.cc:289) Log-like per frame for utterance M719657100-154113139_107467-439601256_1617009966-GB-M-049 is -4.59849 over 683 frames.
M719657100-154113139_107467-439601256_1617009966-GB-M-055 NEVER MIND I'LL FIND SOMEONE LIKE YOU I WISH NOTHING BUT THE BEST FOR YOU 
LOG (gmm-latgen-faster[5.5.480~1-09abd]:DecodeUtteranceLatticeFaster():decoder-wrappers.cc:289) Log-like per frame for utterance M719657100-154113139_107467-439601256_1617009966-GB-M-055 is -3.4774 over 1205 frames.
M719657100-154113139_107467-439601256_1617009966-GB-M-057 DON'T FORGET 
LOG (gmm-latgen-faster[5.5.480~1-09abd]:DecodeUtteranceLatticeFaster():decoder-wrappers.cc:289) Log-like per frame for utterance M719657100-154113139_107467-439601256_1617009966-GB-M-057 is -1.67261 over 679 frames.
M719657100-154113139_107467-439601256_1617009966-GB-M-059 SOMETIMES IN LOVE 
LOG (gmm-latgen-faster[5.5.480~1-09abd]:DecodeUtteranceLatticeFaster():decoder-wrappers.cc:289) Log-like per frame for utterance M719657100-154113139_107467-439601256_1617009966-GB-M-059 is -4.27306 over 132 frames.
M719657100-154113139_107467-439601256_1617009966-GB-M-061 BUT THE SOMETIMES IT HURTS INSTEAD NEVER NOT WISH NOTHING BUT THE BEST FOR FORGET ME I BEG 
LOG (gmm-latgen-faster[5.5.480~1-09abd]:DecodeUtteranceLatticeFaster():decoder-wrappers.cc:289) Log-like per frame for utterance M719657100-154113139_107467-439601256_1617009966-GB-M-061 is -4.17586 over 2263 frames.
M719657100-154113139_107467-439601256_1617009966-GB-M-065 I REMEMBER YOU SAID SOMETIMES IT LOVE 
LOG (gmm-latgen-faster[5.5.480~1-09abd]:DecodeUtteranceLatticeFaster():decoder-wrappers.cc:289) Log-like per frame for utterance M719657100-154113139_107467-439601256_1617009966-GB-M-065 is -3.92633 over 489 frames.
M719657100-154113139_107467-439601256_1617009966-GB-M-067 BUT SOMETIMES IT HURTS INSTEAD LASTS IN LOVE 
LOG (gmm-latgen-faster[5.5.480~1-09abd]:DecodeUtteranceLatticeFaster():decoder-wrappers.cc:289) Log-like per frame for utterance M719657100-154113139_107467-439601256_1617009966-GB-M-067 is -4.14788 over 520 frames.
M719657100-336596538_72020-719651155_1654570275-GB-M-005 MAMA'S DANCIN' WITH BABY ON HER SHOULDER 
LOG (gmm-latgen-faster[5.5.480~1-09abd]:DecodeUtteranceLatticeFaster():decoder-wrappers.cc:289) Log-like per frame for utterance M719657100-336596538_72020-719651155_1654570275-GB-M-005 is -4.32011 over 457 frames.
M719657100-336596538_72020-719651155_1654570275-GB-M-007 THE SUN IS SETTIN' LIKE MOLASSES IN THE SKY 
LOG (gmm-latgen-faster[5.5.480~1-09abd]:DecodeUtteranceLatticeFaster():decoder-wrappers.cc:289) Log-like per frame for utterance M719657100-336596538_72020-719651155_1654570275-GB-M-007 is -4.70659 over 376 frames.
M719657100-336596538_72020-719651155_1654570275-GB-M-010 EVERYTHING 
LOG (gmm-latgen-faster[5.5.480~1-09abd]:DecodeUtteranceLatticeFaster():decoder-wrappers.cc:289) Log-like per frame for utterance M719657100-336596538_72020-719651155_1654570275-GB-M-010 is -4.6406 over 104 frames.
M719657100-336596538_72020-719651155_1654570275-GB-M-011 ALWAYS WANTING MORE 
LOG (gmm-latgen-faster[5.5.480~1-09abd]:DecodeUtteranceLatticeFaster():decoder-wrappers.cc:289) Log-like per frame for utterance M719657100-336596538_72020-719651155_1654570275-GB-M-011 is -4.67299 over 146 frames.
M719657100-336596538_72020-719651155_1654570275-GB-M-013 HE'D YOU LONGING FOR 
LOG (gmm-latgen-faster[5.5.480~1-09abd]:DecodeUtteranceLatticeFaster():decoder-wrappers.cc:289) Log-like per frame for utterance M719657100-336596538_72020-719651155_1654570275-GB-M-013 is -4.72952 over 184 frames.
M719657100-336596538_72020-719651155_1654570275-GB-M-014 
LOG (gmm-latgen-faster[5.5.480~1-09abd]:DecodeUtteranceLatticeFaster():decoder-wrappers.cc:289) Log-like per frame for utterance M719657100-336596538_72020-719651155_1654570275-GB-M-014 is -5.12572 over 402 frames.
M719657100-336596538_72020-719651155_1654570275-GB-M-017 THE WAY HE 
LOG (gmm-latgen-faster[5.5.480~1-09abd]:DecodeUtteranceLatticeFaster():decoder-wrappers.cc:289) Log-like per frame for utterance M719657100-336596538_72020-719651155_1654570275-GB-M-017 is -5.35095 over 468 frames.
M719657100-336596538_72020-719651155_1654570275-GB-M-021 UP IN MEMPHIS THE MUSIC'S LIKE A HEATWAVE 
LOG (gmm-latgen-faster[5.5.480~1-09abd]:DecodeUtteranceLatticeFaster():decoder-wrappers.cc:289) Log-like per frame for utterance M719657100-336596538_72020-719651155_1654570275-GB-M-021 is -4.63438 over 457 frames.
M719657100-336596538_72020-719651155_1654570275-GB-M-023 WHITE LIGHTNING 
LOG (gmm-latgen-faster[5.5.480~1-09abd]:DecodeUtteranceLatticeFaster():decoder-wrappers.cc:289) Log-like per frame for utterance M719657100-336596538_72020-719651155_1654570275-GB-M-023 is -4.56275 over 184 frames.
M719657100-336596538_72020-719651155_1654570275-GB-M-024 BOUND TO DRIVE YOU WILD 
LOG (gmm-latgen-faster[5.5.480~1-09abd]:DecodeUtteranceLatticeFaster():decoder-wrappers.cc:289) Log-like per frame for utterance M719657100-336596538_72020-719651155_1654570275-GB-M-024 is -3.9776 over 246 frames.
M719657100-336596538_72020-719651155_1654570275-GB-M-029 THE WAY HE MOVED 
LOG (gmm-latgen-faster[5.5.480~1-09abd]:DecodeUtteranceLatticeFaster():decoder-wrappers.cc:289) Log-like per frame for utterance M719657100-336596538_72020-719651155_1654570275-GB-M-029 is -5.16129 over 125 frames.
M719657100-336596538_72020-719651155_1654570275-GB-M-030 IT WAS A SIN SO SWEET AND TRUE 
LOG (gmm-latgen-faster[5.5.480~1-09abd]:DecodeUtteranceLatticeFaster():decoder-wrappers.cc:289) Log-like per frame for utterance M719657100-336596538_72020-719651155_1654570275-GB-M-030 is -4.60948 over 348 frames.
M719657100-336596538_72020-719651155_1654570275-GB-M-031 ALWAYS WANTING MORE 
LOG (gmm-latgen-faster[5.5.480~1-09abd]:DecodeUtteranceLatticeFaster():decoder-wrappers.cc:289) Log-like per frame for utterance M719657100-336596538_72020-719651155_1654570275-GB-M-031 is -4.99917 over 165 frames.
M719657100-336596538_72020-719651155_1654570275-GB-M-033 HE'D YOU LONGING FOR 
LOG (gmm-latgen-faster[5.5.480~1-09abd]:DecodeUtteranceLatticeFaster():decoder-wrappers.cc:289) Log-like per frame for utterance M719657100-336596538_72020-719651155_1654570275-GB-M-033 is -5.04736 over 250 frames.
M719657100-336596538_72020-719651155_1654570275-GB-M-035 BLACK VELVET WITH THAT SLOW 
LOG (gmm-latgen-faster[5.5.480~1-09abd]:DecodeUtteranceLatticeFaster():decoder-wrappers.cc:289) Log-like per frame for utterance M719657100-336596538_72020-719651155_1654570275-GB-M-035 is -4.95193 over 464 frames.
M719657100-336596538_72020-719651155_1654570275-GB-M-040 BLACK VELVET IF YOU PLEASE A A 
LOG (gmm-latgen-faster[5.5.480~1-09abd]:DecodeUtteranceLatticeFaster():decoder-wrappers.cc:289) Log-like per frame for utterance M719657100-336596538_72020-719651155_1654570275-GB-M-040 is -4.28559 over 583 frames.
M719657100-336596538_72020-719651155_1654570275-GB-M-041 EVERY WORD FOR EVERY SONG HE SANG WAS FOR YOU <UNK> 
LOG (gmm-latgen-faster[5.5.480~1-09abd]:DecodeUtteranceLatticeFaster():decoder-wrappers.cc:289) Log-like per frame for utterance M719657100-336596538_72020-719651155_1654570275-GB-M-041 is -4.3227 over 830 frames.
M719657100-336596538_72020-719651155_1654570275-GB-M-046 WHAT COULDA DO WOO WOO WOOH 
LOG (gmm-latgen-faster[5.5.480~1-09abd]:DecodeUtteranceLatticeFaster():decoder-wrappers.cc:289) Log-like per frame for utterance M719657100-336596538_72020-719651155_1654570275-GB-M-046 is -2.76803 over 1926 frames.
M719657100-336596538_72020-719651155_1654570275-GB-M-048 BLACK VELVET WITH THAT 
LOG (gmm-latgen-faster[5.5.480~1-09abd]:DecodeUtteranceLatticeFaster():decoder-wrappers.cc:289) Log-like per frame for utterance M719657100-336596538_72020-719651155_1654570275-GB-M-048 is -5.15669 over 439 frames.
M719657100-336596538_72020-719651155_1654570275-GB-M-053 BLACK VELVET YOUR KNEES 
LOG (gmm-latgen-faster[5.5.480~1-09abd]:DecodeUtteranceLatticeFaster():decoder-wrappers.cc:289) Log-like per frame for utterance M719657100-336596538_72020-719651155_1654570275-GB-M-053 is -4.07101 over 260 frames.
M719657100-336596538_72020-719651155_1654570275-GB-M-055 BLACK VELVET WITH THAT SLOW ME 
LOG (gmm-latgen-faster[5.5.480~1-09abd]:DecodeUtteranceLatticeFaster():decoder-wrappers.cc:289) Log-like per frame for utterance M719657100-336596538_72020-719651155_1654570275-GB-M-055 is -4.62864 over 449 frames.
M719657100-336596538_72020-719651155_1654570275-GB-M-057 A NEW RELIGION THAT'LL BRING YA TO YOUR KNEES 
LOG (gmm-latgen-faster[5.5.480~1-09abd]:DecodeUtteranceLatticeFaster():decoder-wrappers.cc:289) Log-like per frame for utterance M719657100-336596538_72020-719651155_1654570275-GB-M-057 is -4.1318 over 461 frames.
M719657100-336596538_72020-719651155_1654570275-GB-M-059 BLACK VELVET ET 
LOG (gmm-latgen-faster[5.5.480~1-09abd]:DecodeUtteranceLatticeFaster():decoder-wrappers.cc:289) Log-like per frame for utterance M719657100-336596538_72020-719651155_1654570275-GB-M-059 is -2.95327 over 262 frames.
M719657100-336596538_72020-719651155_1654570275-GB-M-061 IF YOU PLEASE 
LOG (gmm-latgen-faster[5.5.480~1-09abd]:DecodeUtteranceLatticeFaster():decoder-wrappers.cc:289) Log-like per frame for utterance M719657100-336596538_72020-719651155_1654570275-GB-M-061 is -2.58104 over 444 frames.
M719657100-336596538_72020-719651155_1654570275-GB-M-063 IF YOU PLEASE 
LOG (gmm-latgen-faster[5.5.480~1-09abd]:DecodeUtteranceLatticeFaster():decoder-wrappers.cc:289) Log-like per frame for utterance M719657100-336596538_72020-719651155_1654570275-GB-M-063 is -2.74918 over 435 frames.
M719657100-569227749_2510169-719651155_1539418164-GB-M-001 I FOUND A LOVE FOR FOR THE AND 
LOG (gmm-latgen-faster[5.5.480~1-09abd]:DecodeUtteranceLatticeFaster():decoder-wrappers.cc:289) Log-like per frame for utterance M719657100-569227749_2510169-719651155_1539418164-GB-M-001 is -4.11932 over 600 frames.
M719657100-569227749_2510169-719651155_1539418164-GB-M-002 DARLING JUST DIVE RIGHT IN 
LOG (gmm-latgen-faster[5.5.480~1-09abd]:DecodeUtteranceLatticeFaster():decoder-wrappers.cc:289) Log-like per frame for utterance M719657100-569227749_2510169-719651155_1539418164-GB-M-002 is -4.0888 over 249 frames.
M719657100-569227749_2510169-719651155_1539418164-GB-M-003 AND FOLLOW MY LEAD 
LOG (gmm-latgen-faster[5.5.480~1-09abd]:DecodeUtteranceLatticeFaster():decoder-wrappers.cc:289) Log-like per frame for utterance M719657100-569227749_2510169-719651155_1539418164-GB-M-003 is -3.97474 over 209 frames.
M719657100-569227749_2510169-719651155_1539418164-GB-M-004 WELL I FOUND A GIRL 
LOG (gmm-latgen-faster[5.5.480~1-09abd]:DecodeUtteranceLatticeFaster():decoder-wrappers.cc:289) Log-like per frame for utterance M719657100-569227749_2510169-719651155_1539418164-GB-M-004 is -3.96558 over 240 frames.
M719657100-569227749_2510169-719651155_1539418164-GB-M-005 BEAUTIFUL AND SWEET 
LOG (gmm-latgen-faster[5.5.480~1-09abd]:DecodeUtteranceLatticeFaster():decoder-wrappers.cc:289) Log-like per frame for utterance M719657100-569227749_2510169-719651155_1539418164-GB-M-005 is -3.74847 over 221 frames.
M719657100-569227749_2510169-719651155_1539418164-GB-M-006 OH I NEVER KNEW YOU WERE 
LOG (gmm-latgen-faster[5.5.480~1-09abd]:DecodeUtteranceLatticeFaster():decoder-wrappers.cc:289) Log-like per frame for utterance M719657100-569227749_2510169-719651155_1539418164-GB-M-006 is -4.27108 over 193 frames.
M719657100-569227749_2510169-719651155_1539418164-GB-M-007 OH ONE WAITING FOR ME CAUSE WE WERE JUST KIDS WHEN WE FELL IN LOVE NOT KNOWING WHAT IT WAS I WILL NOT GIVE YOU UP THIS TIME 
LOG (gmm-latgen-faster[5.5.480~1-09abd]:DecodeUtteranceLatticeFaster():decoder-wrappers.cc:289) Log-like per frame for utterance M719657100-569227749_2510169-719651155_1539418164-GB-M-007 is -4.07965 over 1905 frames.
M719657100-569227749_2510169-719651155_1539418164-GB-M-012 DARLING JUST CAN IT'S ME SLOW YOUR HEART IS ALL I OWN AND IN YOUR EYES YOU'RE HOLDING MINE 
LOG (gmm-latgen-faster[5.5.480~1-09abd]:DecodeUtteranceLatticeFaster():decoder-wrappers.cc:289) Log-like per frame for utterance M719657100-569227749_2510169-719651155_1539418164-GB-M-012 is -3.92106 over 1317 frames.
M719657100-569227749_2510169-719651155_1539418164-GB-M-016 BABY I'M DANCING IN THE DARK WITH YOU BETWEEN MY ARMS 
LOG (gmm-latgen-faster[5.5.480~1-09abd]:DecodeUtteranceLatticeFaster():decoder-wrappers.cc:289) Log-like per frame for utterance M719657100-569227749_2510169-719651155_1539418164-GB-M-016 is -3.95497 over 1032 frames.
M719657100-569227749_2510169-719651155_1539418164-GB-M-018 BAREFOOT ON THE GRASS LISTENING TO OUR FAVORITE SONG WHEN YOU SAID YOU LOOKED A MESS 
LOG (gmm-latgen-faster[5.5.480~1-09abd]:DecodeUtteranceLatticeFaster():decoder-wrappers.cc:289) Log-like per frame for utterance M719657100-569227749_2510169-719651155_1539418164-GB-M-018 is -4.20029 over 980 frames.
M719657100-569227749_2510169-719651155_1539418164-GB-M-021 THAT UNDERNEATH MY BREATH BUT YOU HEARD IT DARLING YOU LOOK PERFECT TONIGHT 
LOG (gmm-latgen-faster[5.5.480~1-09abd]:DecodeUtteranceLatticeFaster():decoder-wrappers.cc:289) Log-like per frame for utterance M719657100-569227749_2510169-719651155_1539418164-GB-M-021 is -4.02398 over 1026 frames.
M719657100-569227749_2510169-719651155_1539418164-GB-M-025 WELL I FOUND A WOMAN 
LOG (gmm-latgen-faster[5.5.480~1-09abd]:DecodeUtteranceLatticeFaster():decoder-wrappers.cc:289) Log-like per frame for utterance M719657100-569227749_2510169-719651155_1539418164-GB-M-025 is -3.61074 over 253 frames.
M719657100-569227749_2510169-719651155_1539418164-GB-M-026 STRONGER THAN ANYONE I KNOW 
LOG (gmm-latgen-faster[5.5.480~1-09abd]:DecodeUtteranceLatticeFaster():decoder-wrappers.cc:289) Log-like per frame for utterance M719657100-569227749_2510169-719651155_1539418164-GB-M-026 is -4.08288 over 230 frames.
M719657100-569227749_2510169-719651155_1539418164-GB-M-027 SHE SHARES MY DREAMS I 
LOG (gmm-latgen-faster[5.5.480~1-09abd]:DecodeUtteranceLatticeFaster():decoder-wrappers.cc:289) Log-like per frame for utterance M719657100-569227749_2510169-719651155_1539418164-GB-M-027 is -4.38951 over 187 frames.
M719657100-569227749_2510169-719651155_1539418164-GB-M-028 HOLD THAT SOMEDAY I'LL SHARE HER HOME 
LOG (gmm-latgen-faster[5.5.480~1-09abd]:DecodeUtteranceLatticeFaster():decoder-wrappers.cc:289) Log-like per frame for utterance M719657100-569227749_2510169-719651155_1539418164-GB-M-028 is -4.25857 over 371 frames.
M719657100-569227749_2510169-719651155_1539418164-GB-M-029 I FOUND A LOVE 
LOG (gmm-latgen-faster[5.5.480~1-09abd]:DecodeUtteranceLatticeFaster():decoder-wrappers.cc:289) Log-like per frame for utterance M719657100-569227749_2510169-719651155_1539418164-GB-M-029 is -4.15781 over 196 frames.
M719657100-569227749_2510169-719651155_1539418164-GB-M-030 CARRY MORE THAN JUST MY SECRETS 
LOG (gmm-latgen-faster[5.5.480~1-09abd]:DecodeUtteranceLatticeFaster():decoder-wrappers.cc:289) Log-like per frame for utterance M719657100-569227749_2510169-719651155_1539418164-GB-M-030 is -4.64694 over 258 frames.
M719657100-569227749_2510169-719651155_1539418164-GB-M-032 CARRY CHILDREN CHILDREN OF OUR OWN 
LOG (gmm-latgen-faster[5.5.480~1-09abd]:DecodeUtteranceLatticeFaster():decoder-wrappers.cc:289) Log-like per frame for utterance M719657100-569227749_2510169-719651155_1539418164-GB-M-032 is -4.16871 over 320 frames.
M719657100-569227749_2510169-719651155_1539418164-GB-M-033 WE ARE STILL KIDS BUT WE'RE SO IN LOVE FIGHTING AGAINST ALL ODDS I KNOW WE'LL BE ALRIGHT THIS TIME 
LOG (gmm-latgen-faster[5.5.480~1-09abd]:DecodeUtteranceLatticeFaster():decoder-wrappers.cc:289) Log-like per frame for utterance M719657100-569227749_2510169-719651155_1539418164-GB-M-033 is -4.06157 over 1402 frames.
M719657100-569227749_2510169-719651155_1539418164-GB-M-036 DARLING JUST HOLD MY HAND BE MY GIRL I'LL BE YOUR MAN I SEE MY FUTURE IN YOUR EYES 
LOG (gmm-latgen-faster[5.5.480~1-09abd]:DecodeUtteranceLatticeFaster():decoder-wrappers.cc:289) Log-like per frame for utterance M719657100-569227749_2510169-719651155_1539418164-GB-M-036 is -3.92113 over 1290 frames.
M719657100-569227749_2510169-719651155_1539418164-GB-M-040 BABY I'M DANCING IN THE DARK 
LOG (gmm-latgen-faster[5.5.480~1-09abd]:DecodeUtteranceLatticeFaster():decoder-wrappers.cc:289) Log-like per frame for utterance M719657100-569227749_2510169-719651155_1539418164-GB-M-040 is -4.03366 over 620 frames.
M719657100-569227749_2510169-719651155_1539418164-GB-M-041 WITH YOU BETWEEN MY ARMS 
LOG (gmm-latgen-faster[5.5.480~1-09abd]:DecodeUtteranceLatticeFaster():decoder-wrappers.cc:289) Log-like per frame for utterance M719657100-569227749_2510169-719651155_1539418164-GB-M-041 is -4.04388 over 276 frames.
M719657100-569227749_2510169-719651155_1539418164-GB-M-042 BAREFOOT ON THE GRASS 
LOG (gmm-latgen-faster[5.5.480~1-09abd]:DecodeUtteranceLatticeFaster():decoder-wrappers.cc:289) Log-like per frame for utterance M719657100-569227749_2510169-719651155_1539418164-GB-M-042 is -3.9936 over 236 frames.
M719657100-569227749_2510169-719651155_1539418164-GB-M-043 LISTENING TO OUR FAVORITE SONG WHEN I SAW YOU IN THAT DRESS LOOKING SO BEAUTIFUL I DON'T DESERVE THIS DARLING YOU LOOK PERFECT TONIGHT BABY I'M DANCING IN THE DARK 
LOG (gmm-latgen-faster[5.5.480~1-09abd]:DecodeUtteranceLatticeFaster():decoder-wrappers.cc:289) Log-like per frame for utterance M719657100-569227749_2510169-719651155_1539418164-GB-M-043 is -4.01139 over 3638 frames.
M719657100-569227749_2510169-719651155_1539418164-GB-M-050 WITH YOU BETWEEN MY ARMS 
LOG (gmm-latgen-faster[5.5.480~1-09abd]:DecodeUtteranceLatticeFaster():decoder-wrappers.cc:289) Log-like per frame for utterance M719657100-569227749_2510169-719651155_1539418164-GB-M-050 is -4.39938 over 267 frames.
M719657100-569227749_2510169-719651155_1539418164-GB-M-051 BAREFOOT ON THE GRASS LISTENING TO OUR FAVORITE SONG I HAVE FAITH IN WHAT I HAVE 
LOG (gmm-latgen-faster[5.5.480~1-09abd]:DecodeUtteranceLatticeFaster():decoder-wrappers.cc:289) Log-like per frame for utterance M719657100-569227749_2510169-719651155_1539418164-GB-M-051 is -4.35444 over 925 frames.
M719657100-569227749_2510169-719651155_1539418164-GB-M-054 I KNOW I KNOW I HAVE MET AN ANGEL IN PERSON AND SHE THE LOOKS PERFECT TIME DON'T DESERVE THE GRASS 
LOG (gmm-latgen-faster[5.5.480~1-09abd]:DecodeUtteranceLatticeFaster():decoder-wrappers.cc:289) Log-like per frame for utterance M719657100-569227749_2510169-719651155_1539418164-GB-M-054 is -4.18298 over 1452 frames.
M719657100-569227749_2510169-719651155_1539418164-GB-M-057 YOU LOOK PERFECT TONIGHT 
LOG (gmm-latgen-faster[5.5.480~1-09abd]:DecodeUtteranceLatticeFaster():decoder-wrappers.cc:289) Log-like per frame for utterance M719657100-569227749_2510169-719651155_1539418164-GB-M-057 is -3.67176 over 569 frames.
M72789914-119790220_263436-648623760_1575491015-GB-M-001 I WILL LEAVE MY HEART AT THE DOOR 
LOG (gmm-latgen-faster[5.5.480~1-09abd]:DecodeUtteranceLatticeFaster():decoder-wrappers.cc:289) Log-like per frame for utterance M72789914-119790220_263436-648623760_1575491015-GB-M-001 is -4.59884 over 626 frames.
M72789914-119790220_263436-648623760_1575491015-GB-M-002 I WON'T SAY A WORD 
LOG (gmm-latgen-faster[5.5.480~1-09abd]:DecodeUtteranceLatticeFaster():decoder-wrappers.cc:289) Log-like per frame for utterance M72789914-119790220_263436-648623760_1575491015-GB-M-002 is -4.10848 over 209 frames.
M72789914-119790220_263436-648623760_1575491015-GB-M-003 THEY'VE ALL BEEN SAID BEFORE YOU KNOW SO WHY DON'T WE JUST PLAY PRETEND 
LOG (gmm-latgen-faster[5.5.480~1-09abd]:DecodeUtteranceLatticeFaster():decoder-wrappers.cc:289) Log-like per frame for utterance M72789914-119790220_263436-648623760_1575491015-GB-M-003 is -4.24413 over 877 frames.
M72789914-119790220_263436-648623760_1575491015-GB-M-005 LIKE WE'RE NOT SCARED OF WHAT IS COMING NEXT OR SCARED OF HAVING NOTHING LEFT LOOK DON'T 
LOG (gmm-latgen-faster[5.5.480~1-09abd]:DecodeUtteranceLatticeFaster():decoder-wrappers.cc:289) Log-like per frame for utterance M72789914-119790220_263436-648623760_1575491015-GB-M-005 is -4.15943 over 855 frames.
M72789914-119790220_263436-648623760_1575491015-GB-M-010 GET ME WRONG I KNOW 
LOG (gmm-latgen-faster[5.5.480~1-09abd]:DecodeUtteranceLatticeFaster():decoder-wrappers.cc:289) Log-like per frame for utterance M72789914-119790220_263436-648623760_1575491015-GB-M-010 is -4.03632 over 262 frames.
M72789914-119790220_263436-648623760_1575491015-GB-M-012 THERE IS NO TOMORROW ALL I SO 
LOG (gmm-latgen-faster[5.5.480~1-09abd]:DecodeUtteranceLatticeFaster():decoder-wrappers.cc:289) Log-like per frame for utterance M72789914-119790220_263436-648623760_1575491015-GB-M-012 is -4.19149 over 450 frames.
M72789914-119790220_263436-648623760_1575491015-GB-M-013 ALL I ASK IS IF 
LOG (gmm-latgen-faster[5.5.480~1-09abd]:DecodeUtteranceLatticeFaster():decoder-wrappers.cc:289) Log-like per frame for utterance M72789914-119790220_263436-648623760_1575491015-GB-M-013 is -3.7909 over 495 frames.
M72789914-119790220_263436-648623760_1575491015-GB-M-014 THIS IS MY LAST NIGHT WITH WE 
LOG (gmm-latgen-faster[5.5.480~1-09abd]:DecodeUtteranceLatticeFaster():decoder-wrappers.cc:289) Log-like per frame for utterance M72789914-119790220_263436-648623760_1575491015-GB-M-014 is -4.30087 over 599 frames.
M72789914-119790220_263436-648623760_1575491015-GB-M-015 HOLD ME LIKE I'M MORE THAN JUST A FRIEND 
LOG (gmm-latgen-faster[5.5.480~1-09abd]:DecodeUtteranceLatticeFaster():decoder-wrappers.cc:289) Log-like per frame for utterance M72789914-119790220_263436-648623760_1575491015-GB-M-015 is -4.13024 over 518 frames.
M72789914-119790220_263436-648623760_1575491015-GB-M-016 GIVE ME ALL I ASK 
LOG (gmm-latgen-faster[5.5.480~1-09abd]:DecodeUtteranceLatticeFaster():decoder-wrappers.cc:289) Log-like per frame for utterance M72789914-119790220_263436-648623760_1575491015-GB-M-016 is -5.31713 over 598 frames.
M72789914-119790220_263436-648623760_1575491015-GB-M-017 TAKE ME BY THE HAND WHILE WE DO WHAT LOVERS DO 
LOG (gmm-latgen-faster[5.5.480~1-09abd]:DecodeUtteranceLatticeFaster():decoder-wrappers.cc:289) Log-like per frame for utterance M72789914-119790220_263436-648623760_1575491015-GB-M-017 is -4.12053 over 756 frames.
M72789914-119790220_263436-648623760_1575491015-GB-M-019 IT MATTERS HOW THIS ENDS 
LOG (gmm-latgen-faster[5.5.480~1-09abd]:DecodeUtteranceLatticeFaster():decoder-wrappers.cc:289) Log-like per frame for utterance M72789914-119790220_263436-648623760_1575491015-GB-M-019 is -4.38404 over 257 frames.
M72789914-119790220_263436-648623760_1575491015-GB-M-021 GIVE 
LOG (gmm-latgen-faster[5.5.480~1-09abd]:DecodeUtteranceLatticeFaster():decoder-wrappers.cc:289) Log-like per frame for utterance M72789914-119790220_263436-648623760_1575491015-GB-M-021 is -5.02253 over 573 frames.
M72789914-119790220_263436-648623760_1575491015-GB-M-022 I DON'T NEED YOUR EYES 
LOG (gmm-latgen-faster[5.5.480~1-09abd]:DecodeUtteranceLatticeFaster():decoder-wrappers.cc:289) Log-like per frame for utterance M72789914-119790220_263436-648623760_1575491015-GB-M-022 is -4.24656 over 471 frames.
M72789914-119790220_263436-648623760_1575491015-GB-M-023 IT'S ALREADY IN YOUR EYES 
LOG (gmm-latgen-faster[5.5.480~1-09abd]:DecodeUtteranceLatticeFaster():decoder-wrappers.cc:289) Log-like per frame for utterance M72789914-119790220_263436-648623760_1575491015-GB-M-023 is -3.94732 over 304 frames.
M72789914-119790220_263436-648623760_1575491015-GB-M-024 AND I'M SURE MY EYES THEY SPEAK FOR ME NO ONE KNOWS ME LIKE YOU DO AND SINCE YOU'RE THE ONLY ONE THAT MATTERED 
LOG (gmm-latgen-faster[5.5.480~1-09abd]:DecodeUtteranceLatticeFaster():decoder-wrappers.cc:289) Log-like per frame for utterance M72789914-119790220_263436-648623760_1575491015-GB-M-024 is -4.31542 over 1269 frames.
M72789914-119790220_263436-648623760_1575491015-GB-M-029 TELL ME WHO DO I RUN TO LOOK DON'T GET ME WRONG I KNOW 
LOG (gmm-latgen-faster[5.5.480~1-09abd]:DecodeUtteranceLatticeFaster():decoder-wrappers.cc:289) Log-like per frame for utterance M72789914-119790220_263436-648623760_1575491015-GB-M-029 is -4.10929 over 813 frames.
M72789914-119790220_263436-648623760_1575491015-GB-M-033 THERE IS NO TOMORROW ALL I ALL I ASK IS IF IS THIS IS MY LAST NIGHT WITH YOU 
LOG (gmm-latgen-faster[5.5.480~1-09abd]:DecodeUtteranceLatticeFaster():decoder-wrappers.cc:289) Log-like per frame for utterance M72789914-119790220_263436-648623760_1575491015-GB-M-033 is -3.96987 over 1708 frames.
M72789914-119790220_263436-648623760_1575491015-GB-M-036 HOLD ME LIKE I'M MORE THAN JUST A FRIEND 
LOG (gmm-latgen-faster[5.5.480~1-09abd]:DecodeUtteranceLatticeFaster():decoder-wrappers.cc:289) Log-like per frame for utterance M72789914-119790220_263436-648623760_1575491015-GB-M-036 is -3.80831 over 516 frames.
M72789914-119790220_263436-648623760_1575491015-GB-M-037 GIVE A MEMORY I YOU 
LOG (gmm-latgen-faster[5.5.480~1-09abd]:DecodeUtteranceLatticeFaster():decoder-wrappers.cc:289) Log-like per frame for utterance M72789914-119790220_263436-648623760_1575491015-GB-M-037 is -4.40703 over 603 frames.
M72789914-119790220_263436-648623760_1575491015-GB-M-038 TAKE ME BY THE HAND WHILE WE DO WHAT LOVERS DO 
LOG (gmm-latgen-faster[5.5.480~1-09abd]:DecodeUtteranceLatticeFaster():decoder-wrappers.cc:289) Log-like per frame for utterance M72789914-119790220_263436-648623760_1575491015-GB-M-038 is -4.10522 over 751 frames.
M72789914-119790220_263436-648623760_1575491015-GB-M-040 IT MATTERS HOW THIS ENDS 
LOG (gmm-latgen-faster[5.5.480~1-09abd]:DecodeUtteranceLatticeFaster():decoder-wrappers.cc:289) Log-like per frame for utterance M72789914-119790220_263436-648623760_1575491015-GB-M-040 is -4.07651 over 319 frames.
M72789914-119790220_263436-648623760_1575491015-GB-M-042 CAUSE WHAT IF I NEVER LOVE AGAIN LET THIS BE OUR LESSON IN LOVE 
LOG (gmm-latgen-faster[5.5.480~1-09abd]:DecodeUtteranceLatticeFaster():decoder-wrappers.cc:289) Log-like per frame for utterance M72789914-119790220_263436-648623760_1575491015-GB-M-042 is -4.05444 over 1204 frames.
M72789914-119790220_263436-648623760_1575491015-GB-M-044 LET THIS BE THE WAY WE REMEMBER US 
LOG (gmm-latgen-faster[5.5.480~1-09abd]:DecodeUtteranceLatticeFaster():decoder-wrappers.cc:289) Log-like per frame for utterance M72789914-119790220_263436-648623760_1575491015-GB-M-044 is -4.3758 over 577 frames.
M72789914-119790220_263436-648623760_1575491015-GB-M-045 I DON'T WANNA BE CRUEL OR VICIOUS 
LOG (gmm-latgen-faster[5.5.480~1-09abd]:DecodeUtteranceLatticeFaster():decoder-wrappers.cc:289) Log-like per frame for utterance M72789914-119790220_263436-648623760_1575491015-GB-M-045 is -4.48108 over 599 frames.
M72789914-119790220_263436-648623760_1575491015-GB-M-047 AND I AIN'T ASKING FOR FORGIVENESS 
LOG (gmm-latgen-faster[5.5.480~1-09abd]:DecodeUtteranceLatticeFaster():decoder-wrappers.cc:289) Log-like per frame for utterance M72789914-119790220_263436-648623760_1575491015-GB-M-047 is -4.3148 over 298 frames.
M72789914-119790220_263436-648623760_1575491015-GB-M-048 ALL I ASK IS IF 
LOG (gmm-latgen-faster[5.5.480~1-09abd]:DecodeUtteranceLatticeFaster():decoder-wrappers.cc:289) Log-like per frame for utterance M72789914-119790220_263436-648623760_1575491015-GB-M-048 is -3.86174 over 414 frames.
M72789914-119790220_263436-648623760_1575491015-GB-M-049 THIS IS MY LAST NIGHT WITH YOU 
LOG (gmm-latgen-faster[5.5.480~1-09abd]:DecodeUtteranceLatticeFaster():decoder-wrappers.cc:289) Log-like per frame for utterance M72789914-119790220_263436-648623760_1575491015-GB-M-049 is -3.93565 over 646 frames.
M72789914-119790220_263436-648623760_1575491015-GB-M-050 HOLD ME LIKE I'M MORE THAN JUST A FRIEND 
LOG (gmm-latgen-faster[5.5.480~1-09abd]:DecodeUtteranceLatticeFaster():decoder-wrappers.cc:289) Log-like per frame for utterance M72789914-119790220_263436-648623760_1575491015-GB-M-050 is -4.29836 over 524 frames.
M72789914-119790220_263436-648623760_1575491015-GB-M-051 GIVE A MEMORY I 
LOG (gmm-latgen-faster[5.5.480~1-09abd]:DecodeUtteranceLatticeFaster():decoder-wrappers.cc:289) Log-like per frame for utterance M72789914-119790220_263436-648623760_1575491015-GB-M-051 is -4.65762 over 601 frames.
M72789914-119790220_263436-648623760_1575491015-GB-M-052 TAKE ME BY THE HAND WHILE WE TO WHAT LOVERS DO 
LOG (gmm-latgen-faster[5.5.480~1-09abd]:DecodeUtteranceLatticeFaster():decoder-wrappers.cc:289) Log-like per frame for utterance M72789914-119790220_263436-648623760_1575491015-GB-M-052 is -4.27327 over 760 frames.
M72789914-119790220_263436-648623760_1575491015-GB-M-054 IT MATTERS HOW THIS ENDS 
LOG (gmm-latgen-faster[5.5.480~1-09abd]:DecodeUtteranceLatticeFaster():decoder-wrappers.cc:289) Log-like per frame for utterance M72789914-119790220_263436-648623760_1575491015-GB-M-054 is -4.22947 over 280 frames.
M72789914-119790220_263436-648623760_1575491015-GB-M-055 CAUSE WHAT IN LOVE 
LOG (gmm-latgen-faster[5.5.480~1-09abd]:DecodeUtteranceLatticeFaster():decoder-wrappers.cc:289) Log-like per frame for utterance M72789914-119790220_263436-648623760_1575491015-GB-M-055 is -4.90177 over 454 frames.
M72789914-119790220_263436-648623760_1575491015-GB-M-056 AGAIN 'CAUSE 
LOG (gmm-latgen-faster[5.5.480~1-09abd]:DecodeUtteranceLatticeFaster():decoder-wrappers.cc:289) Log-like per frame for utterance M72789914-119790220_263436-648623760_1575491015-GB-M-056 is -4.55044 over 725 frames.
M737043294-90470934_2940068-963382696_1550122088-GB-M-001 I CAN SWEAR I CAN JOKE 
LOG (gmm-latgen-faster[5.5.480~1-09abd]:DecodeUtteranceLatticeFaster():decoder-wrappers.cc:289) Log-like per frame for utterance M737043294-90470934_2940068-963382696_1550122088-GB-M-001 is -4.48042 over 241 frames.
M737043294-90470934_2940068-963382696_1550122088-GB-M-002 I SAY WHAT'S ON MY MIND IF I DRINK IF I SMOKE 
LOG (gmm-latgen-faster[5.5.480~1-09abd]:DecodeUtteranceLatticeFaster():decoder-wrappers.cc:289) Log-like per frame for utterance M737043294-90470934_2940068-963382696_1550122088-GB-M-002 is -4.7731 over 453 frames.
M737043294-90470934_2940068-963382696_1550122088-GB-M-004 I KEEP UP WITH THE GUYS AND YOU SEE ME HOLDING UP MY MIDDLE FINGER TO 
LOG (gmm-latgen-faster[5.5.480~1-09abd]:DecodeUtteranceLatticeFaster():decoder-wrappers.cc:289) Log-like per frame for utterance M737043294-90470934_2940068-963382696_1550122088-GB-M-004 is -4.91827 over 699 frames.
M737043294-90470934_2940068-963382696_1550122088-GB-M-007 FUCK YOUR RIBBONS AND YOUR PEARLS 
LOG (gmm-latgen-faster[5.5.480~1-09abd]:DecodeUtteranceLatticeFaster():decoder-wrappers.cc:289) Log-like per frame for utterance M737043294-90470934_2940068-963382696_1550122088-GB-M-007 is -4.81872 over 271 frames.
M737043294-90470934_2940068-963382696_1550122088-GB-M-009 I'M NOT JUST A PRETTY GIRL 
LOG (gmm-latgen-faster[5.5.480~1-09abd]:DecodeUtteranceLatticeFaster():decoder-wrappers.cc:289) Log-like per frame for utterance M737043294-90470934_2940068-963382696_1550122088-GB-M-009 is -4.70559 over 231 frames.
M737043294-90470934_2940068-963382696_1550122088-GB-M-010 I'M MORE THAN JUST A PICTURE 
LOG (gmm-latgen-faster[5.5.480~1-09abd]:DecodeUtteranceLatticeFaster():decoder-wrappers.cc:289) Log-like per frame for utterance M737043294-90470934_2940068-963382696_1550122088-GB-M-010 is -4.62174 over 216 frames.
M737043294-90470934_2940068-963382696_1550122088-GB-M-011 I'M A DAUGHTER AND A SISTER SOMETIMES IT'S HARD FOR ME TO SHOW 
LOG (gmm-latgen-faster[5.5.480~1-09abd]:DecodeUtteranceLatticeFaster():decoder-wrappers.cc:289) Log-like per frame for utterance M737043294-90470934_2940068-963382696_1550122088-GB-M-011 is -4.66007 over 673 frames.
M737043294-90470934_2940068-963382696_1550122088-GB-M-013 THAT I'M MORE THAN JUST A RUMOR 
LOG (gmm-latgen-faster[5.5.480~1-09abd]:DecodeUtteranceLatticeFaster():decoder-wrappers.cc:289) Log-like per frame for utterance M737043294-90470934_2940068-963382696_1550122088-GB-M-013 is -4.5399 over 229 frames.
M737043294-90470934_2940068-963382696_1550122088-GB-M-014 OR A SONG ON YOUR COMPUTER THERE'S MORE TO ME THAN PEOPLE KNOW 
LOG (gmm-latgen-faster[5.5.480~1-09abd]:DecodeUtteranceLatticeFaster():decoder-wrappers.cc:289) Log-like per frame for utterance M737043294-90470934_2940068-963382696_1550122088-GB-M-014 is -4.55303 over 682 frames.
M737043294-90470934_2940068-963382696_1550122088-GB-M-017 SOME DAYS I'M BROKE SOME DAYS I'M RICH 
LOG (gmm-latgen-faster[5.5.480~1-09abd]:DecodeUtteranceLatticeFaster():decoder-wrappers.cc:289) Log-like per frame for utterance M737043294-90470934_2940068-963382696_1550122088-GB-M-017 is -4.43637 over 426 frames.
M737043294-90470934_2940068-963382696_1550122088-GB-M-018 SOME DAYS I'M NICE SOME DAYS I CAN BE A BITCH SOME DAYS I'M STRONG SOME DAYS I QUIT I TO SHOW BUT I'VE BEEN THROUGH SOME SHIT I CAN SWEAR I CAN SWEAR I SAY WHAT'S ON MY MIND IF I DRINK IF I SMOKE I KEEP UP WITH THE GUYS AND YOU SEE ME HOLDING UP MY <UNK> TO THE WORLD FUCK YOUR RIBBONS AND YOUR PEARLS 'CAUSE I'M NOT JUST A PRETTY GIRL I'M MORE THAN JUST A NUMBER I'M HATER I'M A LOVER SOMETIMES IT'S HARD FOR ME TO SHOW 
LOG (gmm-latgen-faster[5.5.480~1-09abd]:DecodeUtteranceLatticeFaster():decoder-wrappers.cc:289) Log-like per frame for utterance M737043294-90470934_2940068-963382696_1550122088-GB-M-018 is -4.44258 over 4599 frames.
M737043294-90470934_2940068-963382696_1550122088-GB-M-036 THAT I'M MORE THAN JUST A TITLE 
LOG (gmm-latgen-faster[5.5.480~1-09abd]:DecodeUtteranceLatticeFaster():decoder-wrappers.cc:289) Log-like per frame for utterance M737043294-90470934_2940068-963382696_1550122088-GB-M-036 is -4.83617 over 225 frames.
M737043294-90470934_2940068-963382696_1550122088-GB-M-037 OR A COMMENT GOING VIRAL THERE'S MORE TO ME THAN PEOPLE KNOW SOME DAYS I'M BROKE SOME DAYS I'M RICH SOME DAYS I'M NICE SOME DAYS I CAN BE A BITCH SOME DAYS I'M STRONG SOME DAYS I QUIT I LET IT SHOW BUT I'VE BEEN SOME SHIT I CAN SWEAR I CAN JOKE I SAY WHAT'S ON MY MIND IF I DRINK IF I SMOKE I KEEP UP WITH THE GUYS AND YOU SEE ME HOLDING UP MY <UNK> TO THE WORLD FUCK YOUR RIBBONS AND 'CAUSE I'M YEAH I'M NOT JUST A PRETTY GIRL YEAH I'M NOT JUST YEAH I'M NOT JUST A PRETTY GIRL YEAH I'M NOT JUST A PRETTY GIRL YEAH I'M I CAN JOKE I SAY WHAT'S ON MY MIND IF I DRINK IF I SMOKE 
LOG (gmm-latgen-faster[5.5.480~1-09abd]:DecodeUtteranceLatticeFaster():decoder-wrappers.cc:289) Log-like per frame for utterance M737043294-90470934_2940068-963382696_1550122088-GB-M-037 is -4.38369 over 7423 frames.
M737043294-90470934_2940068-963382696_1550122088-GB-M-062 I KEEP UP WITH THE GUYS AND YOU SEE ME HOLDING UP MY <UNK> TO THE WORLD 
LOG (gmm-latgen-faster[5.5.480~1-09abd]:DecodeUtteranceLatticeFaster():decoder-wrappers.cc:289) Log-like per frame for utterance M737043294-90470934_2940068-963382696_1550122088-GB-M-062 is -4.79243 over 688 frames.
M737043294-90470934_2940068-963382696_1550122088-GB-M-065 FUCK YOUR RIBBONS AND YOUR PEARLS 'CAUSE I'M NOT JUST A PRETTY GIRL YEAH I'M NOT JUST YEAH I'LL YEAH I'M NOT JUST A PRETTY GIRL I'M YEAH I'M NOT JUST A PRETTY GIRL I'M NOT JUST A PRETTY GIRL 
LOG (gmm-latgen-faster[5.5.480~1-09abd]:DecodeUtteranceLatticeFaster():decoder-wrappers.cc:289) Log-like per frame for utterance M737043294-90470934_2940068-963382696_1550122088-GB-M-065 is -4.01906 over 3179 frames.
M754006719-393858919_176664-844902847_1533625120-GB-M-001 LITTLE BIT FUNNY 
LOG (gmm-latgen-faster[5.5.480~1-09abd]:DecodeUtteranceLatticeFaster():decoder-wrappers.cc:289) Log-like per frame for utterance M754006719-393858919_176664-844902847_1533625120-GB-M-001 is -3.47962 over 245 frames.
M754006719-393858919_176664-844902847_1533625120-GB-M-002 THIS FEELING INSIDE 
LOG (gmm-latgen-faster[5.5.480~1-09abd]:DecodeUtteranceLatticeFaster():decoder-wrappers.cc:289) Log-like per frame for utterance M754006719-393858919_176664-844902847_1533625120-GB-M-002 is -3.65126 over 280 frames.
M754006719-393858919_176664-844902847_1533625120-GB-M-003 NOT ONE OF THOSE WHO CAN 
LOG (gmm-latgen-faster[5.5.480~1-09abd]:DecodeUtteranceLatticeFaster():decoder-wrappers.cc:289) Log-like per frame for utterance M754006719-393858919_176664-844902847_1533625120-GB-M-003 is -4.62049 over 270 frames.
M754006719-393858919_176664-844902847_1533625120-GB-M-005 EASILY HIDE 
LOG (gmm-latgen-faster[5.5.480~1-09abd]:DecodeUtteranceLatticeFaster():decoder-wrappers.cc:289) Log-like per frame for utterance M754006719-393858919_176664-844902847_1533625120-GB-M-005 is -4.3846 over 167 frames.
M754006719-393858919_176664-844902847_1533625120-GB-M-006 I DON'T HAVE MUCH MONEY 
LOG (gmm-latgen-faster[5.5.480~1-09abd]:DecodeUtteranceLatticeFaster():decoder-wrappers.cc:289) Log-like per frame for utterance M754006719-393858919_176664-844902847_1533625120-GB-M-006 is -4.09887 over 213 frames.
M754006719-393858919_176664-844902847_1533625120-GB-M-007 BUT BOY IF I KEEP DID 
LOG (gmm-latgen-faster[5.5.480~1-09abd]:DecodeUtteranceLatticeFaster():decoder-wrappers.cc:289) Log-like per frame for utterance M754006719-393858919_176664-844902847_1533625120-GB-M-007 is -3.90424 over 248 frames.
M754006719-393858919_176664-844902847_1533625120-GB-M-008 I'D BUY A BIG HOUSE WHERE 
LOG (gmm-latgen-faster[5.5.480~1-09abd]:DecodeUtteranceLatticeFaster():decoder-wrappers.cc:289) Log-like per frame for utterance M754006719-393858919_176664-844902847_1533625120-GB-M-008 is -4.23975 over 268 frames.
M754006719-393858919_176664-844902847_1533625120-GB-M-010 WE BOTH COULD LIVE 
LOG (gmm-latgen-faster[5.5.480~1-09abd]:DecodeUtteranceLatticeFaster():decoder-wrappers.cc:289) Log-like per frame for utterance M754006719-393858919_176664-844902847_1533625120-GB-M-010 is -3.0703 over 354 frames.
M754006719-393858919_176664-844902847_1533625120-GB-M-011 SO EXCUSE ME FORGETTING 
LOG (gmm-latgen-faster[5.5.480~1-09abd]:DecodeUtteranceLatticeFaster():decoder-wrappers.cc:289) Log-like per frame for utterance M754006719-393858919_176664-844902847_1533625120-GB-M-011 is -4.34689 over 229 frames.
M754006719-393858919_176664-844902847_1533625120-GB-M-012 BUT THESE THINGS I DO 
LOG (gmm-latgen-faster[5.5.480~1-09abd]:DecodeUtteranceLatticeFaster():decoder-wrappers.cc:289) Log-like per frame for utterance M754006719-393858919_176664-844902847_1533625120-GB-M-012 is -4.32059 over 195 frames.
M754006719-393858919_176664-844902847_1533625120-GB-M-013 SEE I'VE FORGOTTEN IF 
LOG (gmm-latgen-faster[5.5.480~1-09abd]:DecodeUtteranceLatticeFaster():decoder-wrappers.cc:289) Log-like per frame for utterance M754006719-393858919_176664-844902847_1533625120-GB-M-013 is -4.5464 over 215 frames.
M754006719-393858919_176664-844902847_1533625120-GB-M-015 THEY'RE GREEN OR THEY'RE BLUE 
LOG (gmm-latgen-faster[5.5.480~1-09abd]:DecodeUtteranceLatticeFaster():decoder-wrappers.cc:289) Log-like per frame for utterance M754006719-393858919_176664-844902847_1533625120-GB-M-015 is -4.31467 over 187 frames.
M754006719-393858919_176664-844902847_1533625120-GB-M-016 ANYWAY THE THING IS WHAT I REALLY MEAN 
LOG (gmm-latgen-faster[5.5.480~1-09abd]:DecodeUtteranceLatticeFaster():decoder-wrappers.cc:289) Log-like per frame for utterance M754006719-393858919_176664-844902847_1533625120-GB-M-016 is -3.768 over 555 frames.
M754006719-393858919_176664-844902847_1533625120-GB-M-018 YOURS ARE THE SWEETEST EYES 
LOG (gmm-latgen-faster[5.5.480~1-09abd]:DecodeUtteranceLatticeFaster():decoder-wrappers.cc:289) Log-like per frame for utterance M754006719-393858919_176664-844902847_1533625120-GB-M-018 is -4.27438 over 284 frames.
M754006719-393858919_176664-844902847_1533625120-GB-M-020 I'VE EVER SEEN THE AND 
LOG (gmm-latgen-faster[5.5.480~1-09abd]:DecodeUtteranceLatticeFaster():decoder-wrappers.cc:289) Log-like per frame for utterance M754006719-393858919_176664-844902847_1533625120-GB-M-020 is -3.01585 over 624 frames.
M754006719-393858919_176664-844902847_1533625120-GB-M-021 TELL EVERYBODY <UNK> 
LOG (gmm-latgen-faster[5.5.480~1-09abd]:DecodeUtteranceLatticeFaster():decoder-wrappers.cc:289) Log-like per frame for utterance M754006719-393858919_176664-844902847_1533625120-GB-M-021 is -4.21937 over 327 frames.
M754006719-393858919_176664-844902847_1533625120-GB-M-022 TO IS YOUR IT MAYBE QUITE SIMPLE BUT NOW THAT IT'S DONE A I HOPE YOU DON'T MIND I HOPE YOU DON'T MIND THAT I PUT DOWN IN WORDS 
LOG (gmm-latgen-faster[5.5.480~1-09abd]:DecodeUtteranceLatticeFaster():decoder-wrappers.cc:289) Log-like per frame for utterance M754006719-393858919_176664-844902847_1533625120-GB-M-022 is -4.19968 over 1752 frames.
M754006719-393858919_176664-844902847_1533625120-GB-M-028 HOW WONDERFUL LIFE 
LOG (gmm-latgen-faster[5.5.480~1-09abd]:DecodeUtteranceLatticeFaster():decoder-wrappers.cc:289) Log-like per frame for utterance M754006719-393858919_176664-844902847_1533625120-GB-M-028 is -3.89126 over 271 frames.
M754006719-393858919_176664-844902847_1533625120-GB-M-030 IS YOUR IN THE WORLD 
LOG (gmm-latgen-faster[5.5.480~1-09abd]:DecodeUtteranceLatticeFaster():decoder-wrappers.cc:289) Log-like per frame for utterance M754006719-393858919_176664-844902847_1533625120-GB-M-030 is -3.86097 over 401 frames.
M754006719-393858919_176664-844902847_1533625120-GB-M-031 IF I WAS IS GOT TO WORLD 
LOG (gmm-latgen-faster[5.5.480~1-09abd]:DecodeUtteranceLatticeFaster():decoder-wrappers.cc:289) Log-like per frame for utterance M754006719-393858919_176664-844902847_1533625120-GB-M-031 is -4.48132 over 259 frames.
M754006719-393858919_176664-844902847_1533625120-GB-M-032 BUT THEN AGAIN NO 
LOG (gmm-latgen-faster[5.5.480~1-09abd]:DecodeUtteranceLatticeFaster():decoder-wrappers.cc:289) Log-like per frame for utterance M754006719-393858919_176664-844902847_1533625120-GB-M-032 is -4.26974 over 191 frames.
M754006719-393858919_176664-844902847_1533625120-GB-M-033 OR A GIRL WHO MAKES POTIONS IN 
LOG (gmm-latgen-faster[5.5.480~1-09abd]:DecodeUtteranceLatticeFaster():decoder-wrappers.cc:289) Log-like per frame for utterance M754006719-393858919_176664-844902847_1533625120-GB-M-033 is -4.68852 over 261 frames.
M754006719-393858919_176664-844902847_1533625120-GB-M-034 TRAVELING SHOW 
LOG (gmm-latgen-faster[5.5.480~1-09abd]:DecodeUtteranceLatticeFaster():decoder-wrappers.cc:289) Log-like per frame for utterance M754006719-393858919_176664-844902847_1533625120-GB-M-034 is -4.49429 over 169 frames.
M754006719-393858919_176664-844902847_1533625120-GB-M-035 I KNOW IT'S NOT MUCH BUT 
LOG (gmm-latgen-faster[5.5.480~1-09abd]:DecodeUtteranceLatticeFaster():decoder-wrappers.cc:289) Log-like per frame for utterance M754006719-393858919_176664-844902847_1533625120-GB-M-035 is -4.32532 over 237 frames.
LOG (apply-cmvn[5.5.480~1-09abd]:main():apply-cmvn.cc:162) Applied cepstral mean normalization to 262 utterances, errors on 0
M754006719-393858919_176664-844902847_1533625120-GB-M-036 IT'S THE BEST I CAN DO 
LOG (gmm-latgen-faster[5.5.480~1-09abd]:DecodeUtteranceLatticeFaster():decoder-wrappers.cc:289) Log-like per frame for utterance M754006719-393858919_176664-844902847_1533625120-GB-M-036 is -4.12156 over 282 frames.
M754006719-393858919_176664-844902847_1533625120-GB-M-037 MY GIFT IS MY SONG AND 
LOG (gmm-latgen-faster[5.5.480~1-09abd]:DecodeUtteranceLatticeFaster():decoder-wrappers.cc:289) Log-like per frame for utterance M754006719-393858919_176664-844902847_1533625120-GB-M-037 is -4.56285 over 274 frames.
M754006719-393858919_176664-844902847_1533625120-GB-M-039 THIS ONE'S FOR YOU OH OH OH OH OH OH OH OH LOVE 
LOG (gmm-latgen-faster[5.5.480~1-09abd]:DecodeUtteranceLatticeFaster():decoder-wrappers.cc:289) Log-like per frame for utterance M754006719-393858919_176664-844902847_1533625120-GB-M-039 is -3.33498 over 2457 frames.
M754006719-393858919_176664-844902847_1533625120-GB-M-042 AND YOU CAN TELL EVERYBODY THIS IS YOUR SONG IT MAY BE QUITE SIMPLE BUT 
LOG (gmm-latgen-faster[5.5.480~1-09abd]:DecodeUtteranceLatticeFaster():decoder-wrappers.cc:289) Log-like per frame for utterance M754006719-393858919_176664-844902847_1533625120-GB-M-042 is -4.24461 over 1037 frames.
LOG (transform-feats[5.5.480~1-09abd]:main():transform-feats.cc:158) Overall average [pseudo-]logdet is -88.6872 over 167061 frames.
LOG (transform-feats[5.5.480~1-09abd]:main():transform-feats.cc:161) Applied transform to 262 utterances; 0 had errors.
M754006719-393858919_176664-844902847_1533625120-GB-M-045 NOW THAT MUST LOVE IN I HOPE YOU DON'T I HOPE YOU DON'T MIND THAT I PUT DOWN IN WORDS 
LOG (gmm-latgen-faster[5.5.480~1-09abd]:DecodeUtteranceLatticeFaster():decoder-wrappers.cc:289) Log-like per frame for utterance M754006719-393858919_176664-844902847_1533625120-GB-M-045 is -4.20412 over 1114 frames.
M754006719-393858919_176664-844902847_1533625120-GB-M-049 HOW WONDERFUL LIFE IS 
LOG (gmm-latgen-faster[5.5.480~1-09abd]:DecodeUtteranceLatticeFaster():decoder-wrappers.cc:289) Log-like per frame for utterance M754006719-393858919_176664-844902847_1533625120-GB-M-049 is -4.03656 over 325 frames.
LOG (transform-feats[5.5.480~1-09abd]:main():transform-feats.cc:158) Overall average logdet is 2.49031 over 167061 frames.
LOG (transform-feats[5.5.480~1-09abd]:main():transform-feats.cc:161) Applied transform to 262 utterances; 0 had errors.
M754006719-393858919_176664-844902847_1533625120-GB-M-050 NOW NOW YOU'RE IN THE WORLD 
LOG (gmm-latgen-faster[5.5.480~1-09abd]:DecodeUtteranceLatticeFaster():decoder-wrappers.cc:289) Log-like per frame for utterance M754006719-393858919_176664-844902847_1533625120-GB-M-050 is -3.55981 over 855 frames.
LOG (gmm-latgen-faster[5.5.480~1-09abd]:main():gmm-latgen-faster.cc:176) Time taken 296.683s: real-time factor assuming 100 frames/sec is 0.17759
LOG (gmm-latgen-faster[5.5.480~1-09abd]:main():gmm-latgen-faster.cc:179) Done 262 utterances, failed for 0
LOG (gmm-latgen-faster[5.5.480~1-09abd]:main():gmm-latgen-faster.cc:181) Overall log-likelihood per frame is -4.09513 over 167061 frames.
# Accounting: time=296 threads=1
# Ended (code 0) at Tue Sep 10 14:58:24 BST 2019, elapsed time 296 seconds
