# lattice-oracle "--write-lattices=ark:|gzip -c > exp/tri3b_cleaned/lattice_oracle/lat.29.gz" "ark:gunzip -c exp/tri3b_cleaned/lats/lat.29.gz |" "ark:utils/sym2int.pl --map-oov 239 -f 2- data/lang/words.txt data/train1/split40/29/text|" ark,t:- | utils/int2sym.pl -f 2- data/lang/words.txt > exp/tri3b_cleaned/lattice_oracle/oracle_hyp.29.txt 
# Started at Tue Sep 10 15:04:57 BST 2019
#
lattice-oracle '--write-lattices=ark:|gzip -c > exp/tri3b_cleaned/lattice_oracle/lat.29.gz' 'ark:gunzip -c exp/tri3b_cleaned/lats/lat.29.gz |' 'ark:utils/sym2int.pl --map-oov 239 -f 2- data/lang/words.txt data/train1/split40/29/text|' ark,t:- 
Lattice M328910271-3667002_3667002-1326077549_1694600859-GB-M-007 read.
sym2int.pl: replacing WOOOO with 239
sym2int.pl: replacing ABOOOUUUTTTT with 239
sym2int.pl: replacing OHHHHH with 239
sym2int.pl: replacing OHHHHH with 239
sym2int.pl: replacing OHHHHHH with 239
sym2int.pl: replacing UUUUHHHH with 239
sym2int.pl: replacing OHH with 239
sym2int.pl: replacing OHHHH with 239
sym2int.pl: replacing OHHH with 239
sym2int.pl: replacing OHHH with 239
sym2int.pl: replacing OHHH with 239
sym2int.pl: replacing OOHHHHHHH with 239
sym2int.pl: replacing OHHHHH with 239
** Replaced 13 instances of OOVs with 239
LOG (lattice-oracle[5.5.480~1-09abd]:main():lattice-oracle.cc:318) %WER 4.34783 [ 1 / 23, 0 insertions, 0 deletions, 1 sub ]
LOG (lattice-oracle[5.5.480~1-09abd]:main():lattice-oracle.cc:332) For utterance M328910271-3667002_3667002-1326077549_1694600859-GB-M-007, best cost 1
Lattice M328910271-3667002_3667002-1326077549_1694600859-GB-M-024 read.
LOG (lattice-oracle[5.5.480~1-09abd]:main():lattice-oracle.cc:318) %WER 0 [ 0 / 5, 0 insertions, 0 deletions, 0 sub ]
LOG (lattice-oracle[5.5.480~1-09abd]:main():lattice-oracle.cc:332) For utterance M328910271-3667002_3667002-1326077549_1694600859-GB-M-024, best cost 0
Lattice M328910271-3667002_3667002-1326077549_1694600859-GB-M-025 read.
LOG (lattice-oracle[5.5.480~1-09abd]:main():lattice-oracle.cc:318) %WER 0 [ 0 / 5, 0 insertions, 0 deletions, 0 sub ]
LOG (lattice-oracle[5.5.480~1-09abd]:main():lattice-oracle.cc:332) For utterance M328910271-3667002_3667002-1326077549_1694600859-GB-M-025, best cost 0
Lattice M328910271-3667002_3667002-1326077549_1694600859-GB-M-026 read.
LOG (lattice-oracle[5.5.480~1-09abd]:main():lattice-oracle.cc:318) %WER 28.5714 [ 2 / 7, 0 insertions, 2 deletions, 0 sub ]
LOG (lattice-oracle[5.5.480~1-09abd]:main():lattice-oracle.cc:332) For utterance M328910271-3667002_3667002-1326077549_1694600859-GB-M-026, best cost 2
Lattice M328910271-3667002_3667002-1326077549_1694600859-GB-M-027 read.
LOG (lattice-oracle[5.5.480~1-09abd]:main():lattice-oracle.cc:318) %WER 10.2564 [ 8 / 78, 1 insertions, 7 deletions, 0 sub ]
LOG (lattice-oracle[5.5.480~1-09abd]:main():lattice-oracle.cc:332) For utterance M328910271-3667002_3667002-1326077549_1694600859-GB-M-027, best cost 8
Lattice M328910271-3667002_3667002-1326077549_1694600859-GB-M-060 read.
LOG (lattice-oracle[5.5.480~1-09abd]:main():lattice-oracle.cc:318) %WER 30.7692 [ 8 / 26, 0 insertions, 8 deletions, 0 sub ]
LOG (lattice-oracle[5.5.480~1-09abd]:main():lattice-oracle.cc:332) For utterance M328910271-3667002_3667002-1326077549_1694600859-GB-M-060, best cost 8
Lattice M328910271-3667002_3667002-1326077549_1694600859-GB-M-070 read.
LOG (lattice-oracle[5.5.480~1-09abd]:main():lattice-oracle.cc:318) %WER 0 [ 0 / 9, 0 insertions, 0 deletions, 0 sub ]
LOG (lattice-oracle[5.5.480~1-09abd]:main():lattice-oracle.cc:332) For utterance M328910271-3667002_3667002-1326077549_1694600859-GB-M-070, best cost 0
Lattice M328910271-3667002_3667002-1326077549_1694600859-GB-M-072 read.
LOG (lattice-oracle[5.5.480~1-09abd]:main():lattice-oracle.cc:318) %WER 0 [ 0 / 5, 0 insertions, 0 deletions, 0 sub ]
LOG (lattice-oracle[5.5.480~1-09abd]:main():lattice-oracle.cc:332) For utterance M328910271-3667002_3667002-1326077549_1694600859-GB-M-072, best cost 0
Lattice M328910271-3667002_3667002-1326077549_1694600859-GB-M-073 read.
LOG (lattice-oracle[5.5.480~1-09abd]:main():lattice-oracle.cc:318) %WER 7.69231 [ 2 / 26, 1 insertions, 1 deletions, 0 sub ]
LOG (lattice-oracle[5.5.480~1-09abd]:main():lattice-oracle.cc:332) For utterance M328910271-3667002_3667002-1326077549_1694600859-GB-M-073, best cost 2
Lattice M328910271-3667002_3667002-1326077549_1694600859-GB-M-078 read.
LOG (lattice-oracle[5.5.480~1-09abd]:main():lattice-oracle.cc:318) %WER 63.6364 [ 7 / 11, 0 insertions, 7 deletions, 0 sub ]
LOG (lattice-oracle[5.5.480~1-09abd]:main():lattice-oracle.cc:332) For utterance M328910271-3667002_3667002-1326077549_1694600859-GB-M-078, best cost 7
Lattice M328910271-3667002_3667002-1326077549_1694600859-GB-M-088 read.
LOG (lattice-oracle[5.5.480~1-09abd]:main():lattice-oracle.cc:318) %WER 10.3896 [ 8 / 77, 0 insertions, 7 deletions, 1 sub ]
LOG (lattice-oracle[5.5.480~1-09abd]:main():lattice-oracle.cc:332) For utterance M328910271-3667002_3667002-1326077549_1694600859-GB-M-088, best cost 8
Lattice M328910271-3667002_3667002-1326077549_1694600859-GB-M-111 read.
LOG (lattice-oracle[5.5.480~1-09abd]:main():lattice-oracle.cc:318) %WER 7.69231 [ 2 / 26, 0 insertions, 2 deletions, 0 sub ]
LOG (lattice-oracle[5.5.480~1-09abd]:main():lattice-oracle.cc:332) For utterance M328910271-3667002_3667002-1326077549_1694600859-GB-M-111, best cost 2
Lattice M328910271-3667002_3667002-1326077549_1694600859-GB-M-116 read.
LOG (lattice-oracle[5.5.480~1-09abd]:main():lattice-oracle.cc:318) %WER 0 [ 0 / 24, 0 insertions, 0 deletions, 0 sub ]
LOG (lattice-oracle[5.5.480~1-09abd]:main():lattice-oracle.cc:332) For utterance M328910271-3667002_3667002-1326077549_1694600859-GB-M-116, best cost 0
Lattice M328910271-3667002_3667002-1326077549_1694600859-GB-M-121 read.
LOG (lattice-oracle[5.5.480~1-09abd]:main():lattice-oracle.cc:318) %WER 0 [ 0 / 35, 0 insertions, 0 deletions, 0 sub ]
LOG (lattice-oracle[5.5.480~1-09abd]:main():lattice-oracle.cc:332) For utterance M328910271-3667002_3667002-1326077549_1694600859-GB-M-121, best cost 0
Lattice M330901168-575748924_385354-331506764_1653839834-GB-M-001 read.
LOG (lattice-oracle[5.5.480~1-09abd]:main():lattice-oracle.cc:318) %WER 0 [ 0 / 3, 0 insertions, 0 deletions, 0 sub ]
LOG (lattice-oracle[5.5.480~1-09abd]:main():lattice-oracle.cc:332) For utterance M330901168-575748924_385354-331506764_1653839834-GB-M-001, best cost 0
Lattice M330901168-575748924_385354-331506764_1653839834-GB-M-002 read.
LOG (lattice-oracle[5.5.480~1-09abd]:main():lattice-oracle.cc:318) %WER 0 [ 0 / 4, 0 insertions, 0 deletions, 0 sub ]
LOG (lattice-oracle[5.5.480~1-09abd]:main():lattice-oracle.cc:332) For utterance M330901168-575748924_385354-331506764_1653839834-GB-M-002, best cost 0
Lattice M330901168-575748924_385354-331506764_1653839834-GB-M-003 read.
LOG (lattice-oracle[5.5.480~1-09abd]:main():lattice-oracle.cc:318) %WER 12.5 [ 1 / 8, 1 insertions, 0 deletions, 0 sub ]
LOG (lattice-oracle[5.5.480~1-09abd]:main():lattice-oracle.cc:332) For utterance M330901168-575748924_385354-331506764_1653839834-GB-M-003, best cost 1
Lattice M330901168-575748924_385354-331506764_1653839834-GB-M-005 read.
LOG (lattice-oracle[5.5.480~1-09abd]:main():lattice-oracle.cc:318) %WER 0 [ 0 / 23, 0 insertions, 0 deletions, 0 sub ]
LOG (lattice-oracle[5.5.480~1-09abd]:main():lattice-oracle.cc:332) For utterance M330901168-575748924_385354-331506764_1653839834-GB-M-005, best cost 0
Lattice M330901168-575748924_385354-331506764_1653839834-GB-M-009 read.
LOG (lattice-oracle[5.5.480~1-09abd]:main():lattice-oracle.cc:318) %WER 0 [ 0 / 3, 0 insertions, 0 deletions, 0 sub ]
LOG (lattice-oracle[5.5.480~1-09abd]:main():lattice-oracle.cc:332) For utterance M330901168-575748924_385354-331506764_1653839834-GB-M-009, best cost 0
Lattice M330901168-575748924_385354-331506764_1653839834-GB-M-010 read.
LOG (lattice-oracle[5.5.480~1-09abd]:main():lattice-oracle.cc:318) %WER 0 [ 0 / 8, 0 insertions, 0 deletions, 0 sub ]
LOG (lattice-oracle[5.5.480~1-09abd]:main():lattice-oracle.cc:332) For utterance M330901168-575748924_385354-331506764_1653839834-GB-M-010, best cost 0
Lattice M330901168-575748924_385354-331506764_1653839834-GB-M-012 read.
LOG (lattice-oracle[5.5.480~1-09abd]:main():lattice-oracle.cc:318) %WER 0 [ 0 / 5, 0 insertions, 0 deletions, 0 sub ]
LOG (lattice-oracle[5.5.480~1-09abd]:main():lattice-oracle.cc:332) For utterance M330901168-575748924_385354-331506764_1653839834-GB-M-012, best cost 0
Lattice M330901168-575748924_385354-331506764_1653839834-GB-M-013 read.
LOG (lattice-oracle[5.5.480~1-09abd]:main():lattice-oracle.cc:318) %WER 0 [ 0 / 20, 0 insertions, 0 deletions, 0 sub ]
LOG (lattice-oracle[5.5.480~1-09abd]:main():lattice-oracle.cc:332) For utterance M330901168-575748924_385354-331506764_1653839834-GB-M-013, best cost 0
Lattice M330901168-575748924_385354-331506764_1653839834-GB-M-017 read.
LOG (lattice-oracle[5.5.480~1-09abd]:main():lattice-oracle.cc:318) %WER 12.5 [ 1 / 8, 0 insertions, 1 deletions, 0 sub ]
LOG (lattice-oracle[5.5.480~1-09abd]:main():lattice-oracle.cc:332) For utterance M330901168-575748924_385354-331506764_1653839834-GB-M-017, best cost 1
Lattice M330901168-575748924_385354-331506764_1653839834-GB-M-019 read.
LOG (lattice-oracle[5.5.480~1-09abd]:main():lattice-oracle.cc:318) %WER 0 [ 0 / 5, 0 insertions, 0 deletions, 0 sub ]
LOG (lattice-oracle[5.5.480~1-09abd]:main():lattice-oracle.cc:332) For utterance M330901168-575748924_385354-331506764_1653839834-GB-M-019, best cost 0
Lattice M330901168-575748924_385354-331506764_1653839834-GB-M-020 read.
LOG (lattice-oracle[5.5.480~1-09abd]:main():lattice-oracle.cc:318) %WER 0 [ 0 / 4, 0 insertions, 0 deletions, 0 sub ]
LOG (lattice-oracle[5.5.480~1-09abd]:main():lattice-oracle.cc:332) For utterance M330901168-575748924_385354-331506764_1653839834-GB-M-020, best cost 0
Lattice M330901168-575748924_385354-331506764_1653839834-GB-M-021 read.
LOG (lattice-oracle[5.5.480~1-09abd]:main():lattice-oracle.cc:318) %WER 50 [ 1 / 2, 0 insertions, 1 deletions, 0 sub ]
LOG (lattice-oracle[5.5.480~1-09abd]:main():lattice-oracle.cc:332) For utterance M330901168-575748924_385354-331506764_1653839834-GB-M-021, best cost 1
Lattice M330901168-575748924_385354-331506764_1653839834-GB-M-022 read.
LOG (lattice-oracle[5.5.480~1-09abd]:main():lattice-oracle.cc:318) %WER 0 [ 0 / 9, 0 insertions, 0 deletions, 0 sub ]
LOG (lattice-oracle[5.5.480~1-09abd]:main():lattice-oracle.cc:332) For utterance M330901168-575748924_385354-331506764_1653839834-GB-M-022, best cost 0
Lattice M330901168-575748924_385354-331506764_1653839834-GB-M-024 read.
LOG (lattice-oracle[5.5.480~1-09abd]:main():lattice-oracle.cc:318) %WER 0 [ 0 / 5, 0 insertions, 0 deletions, 0 sub ]
LOG (lattice-oracle[5.5.480~1-09abd]:main():lattice-oracle.cc:332) For utterance M330901168-575748924_385354-331506764_1653839834-GB-M-024, best cost 0
Lattice M330901168-575748924_385354-331506764_1653839834-GB-M-026 read.
LOG (lattice-oracle[5.5.480~1-09abd]:main():lattice-oracle.cc:318) %WER 7.40741 [ 2 / 27, 1 insertions, 1 deletions, 0 sub ]
LOG (lattice-oracle[5.5.480~1-09abd]:main():lattice-oracle.cc:332) For utterance M330901168-575748924_385354-331506764_1653839834-GB-M-026, best cost 2
Lattice M330901168-575748924_385354-331506764_1653839834-GB-M-031 read.
LOG (lattice-oracle[5.5.480~1-09abd]:main():lattice-oracle.cc:318) %WER 2.85714 [ 1 / 35, 1 insertions, 0 deletions, 0 sub ]
LOG (lattice-oracle[5.5.480~1-09abd]:main():lattice-oracle.cc:332) For utterance M330901168-575748924_385354-331506764_1653839834-GB-M-031, best cost 1
Lattice M330901168-575748924_385354-331506764_1653839834-GB-M-038 read.
LOG (lattice-oracle[5.5.480~1-09abd]:main():lattice-oracle.cc:318) %WER 0 [ 0 / 5, 0 insertions, 0 deletions, 0 sub ]
LOG (lattice-oracle[5.5.480~1-09abd]:main():lattice-oracle.cc:332) For utterance M330901168-575748924_385354-331506764_1653839834-GB-M-038, best cost 0
Lattice M330901168-575748924_385354-331506764_1653839834-GB-M-039 read.
LOG (lattice-oracle[5.5.480~1-09abd]:main():lattice-oracle.cc:318) %WER 0 [ 0 / 3, 0 insertions, 0 deletions, 0 sub ]
LOG (lattice-oracle[5.5.480~1-09abd]:main():lattice-oracle.cc:332) For utterance M330901168-575748924_385354-331506764_1653839834-GB-M-039, best cost 0
Lattice M330901168-575748924_385354-331506764_1653839834-GB-M-040 read.
LOG (lattice-oracle[5.5.480~1-09abd]:main():lattice-oracle.cc:318) %WER 0 [ 0 / 3, 0 insertions, 0 deletions, 0 sub ]
LOG (lattice-oracle[5.5.480~1-09abd]:main():lattice-oracle.cc:332) For utterance M330901168-575748924_385354-331506764_1653839834-GB-M-040, best cost 0
Lattice M330901168-575748924_385354-331506764_1653839834-GB-M-041 read.
LOG (lattice-oracle[5.5.480~1-09abd]:main():lattice-oracle.cc:318) %WER 0 [ 0 / 3, 0 insertions, 0 deletions, 0 sub ]
LOG (lattice-oracle[5.5.480~1-09abd]:main():lattice-oracle.cc:332) For utterance M330901168-575748924_385354-331506764_1653839834-GB-M-041, best cost 0
Lattice M330901168-575748924_385354-331506764_1653839834-GB-M-042 read.
LOG (lattice-oracle[5.5.480~1-09abd]:main():lattice-oracle.cc:318) %WER 0 [ 0 / 5, 0 insertions, 0 deletions, 0 sub ]
LOG (lattice-oracle[5.5.480~1-09abd]:main():lattice-oracle.cc:332) For utterance M330901168-575748924_385354-331506764_1653839834-GB-M-042, best cost 0
Lattice M33552579-33905583_146537-33464602_1639143597-GB-M-020 read.
LOG (lattice-oracle[5.5.480~1-09abd]:main():lattice-oracle.cc:318) %WER 47.3684 [ 9 / 19, 0 insertions, 7 deletions, 2 sub ]
LOG (lattice-oracle[5.5.480~1-09abd]:main():lattice-oracle.cc:332) For utterance M33552579-33905583_146537-33464602_1639143597-GB-M-020, best cost 9
Lattice M33552579-33905583_146537-33464602_1639143597-GB-M-067 read.
LOG (lattice-oracle[5.5.480~1-09abd]:main():lattice-oracle.cc:318) %WER 28.5714 [ 4 / 14, 0 insertions, 4 deletions, 0 sub ]
LOG (lattice-oracle[5.5.480~1-09abd]:main():lattice-oracle.cc:332) For utterance M33552579-33905583_146537-33464602_1639143597-GB-M-067, best cost 4
Lattice M33552579-33905583_146537-33464602_1639143597-GB-M-071 read.
LOG (lattice-oracle[5.5.480~1-09abd]:main():lattice-oracle.cc:318) %WER 0 [ 0 / 5, 0 insertions, 0 deletions, 0 sub ]
LOG (lattice-oracle[5.5.480~1-09abd]:main():lattice-oracle.cc:332) For utterance M33552579-33905583_146537-33464602_1639143597-GB-M-071, best cost 0
Lattice M33552579-33905583_146537-33464602_1639143597-GB-M-075 read.
LOG (lattice-oracle[5.5.480~1-09abd]:main():lattice-oracle.cc:318) %WER 75 [ 3 / 4, 0 insertions, 0 deletions, 3 sub ]
LOG (lattice-oracle[5.5.480~1-09abd]:main():lattice-oracle.cc:332) For utterance M33552579-33905583_146537-33464602_1639143597-GB-M-075, best cost 3
Lattice M33552579-33905583_146537-33464602_1639143597-GB-M-076 read.
LOG (lattice-oracle[5.5.480~1-09abd]:main():lattice-oracle.cc:318) %WER 0 [ 0 / 5, 0 insertions, 0 deletions, 0 sub ]
LOG (lattice-oracle[5.5.480~1-09abd]:main():lattice-oracle.cc:332) For utterance M33552579-33905583_146537-33464602_1639143597-GB-M-076, best cost 0
Lattice M33552579-33905583_146537-33464602_1639143597-GB-M-077 read.
LOG (lattice-oracle[5.5.480~1-09abd]:main():lattice-oracle.cc:318) %WER 0 [ 0 / 5, 0 insertions, 0 deletions, 0 sub ]
LOG (lattice-oracle[5.5.480~1-09abd]:main():lattice-oracle.cc:332) For utterance M33552579-33905583_146537-33464602_1639143597-GB-M-077, best cost 0
Lattice M342905676-4048454_4048454-342903872_1576883567-GB-M-001 read.
LOG (lattice-oracle[5.5.480~1-09abd]:main():lattice-oracle.cc:318) %WER 0 [ 0 / 13, 0 insertions, 0 deletions, 0 sub ]
LOG (lattice-oracle[5.5.480~1-09abd]:main():lattice-oracle.cc:332) For utterance M342905676-4048454_4048454-342903872_1576883567-GB-M-001, best cost 0
Lattice M342905676-4048454_4048454-342903872_1576883567-GB-M-005 read.
LOG (lattice-oracle[5.5.480~1-09abd]:main():lattice-oracle.cc:318) %WER 10 [ 1 / 10, 1 insertions, 0 deletions, 0 sub ]
LOG (lattice-oracle[5.5.480~1-09abd]:main():lattice-oracle.cc:332) For utterance M342905676-4048454_4048454-342903872_1576883567-GB-M-005, best cost 1
Lattice M342905676-4048454_4048454-342903872_1576883567-GB-M-007 read.
LOG (lattice-oracle[5.5.480~1-09abd]:main():lattice-oracle.cc:318) %WER 0 [ 0 / 3, 0 insertions, 0 deletions, 0 sub ]
LOG (lattice-oracle[5.5.480~1-09abd]:main():lattice-oracle.cc:332) For utterance M342905676-4048454_4048454-342903872_1576883567-GB-M-007, best cost 0
Lattice M342905676-4048454_4048454-342903872_1576883567-GB-M-008 read.
LOG (lattice-oracle[5.5.480~1-09abd]:main():lattice-oracle.cc:318) %WER 0 [ 0 / 5, 0 insertions, 0 deletions, 0 sub ]
LOG (lattice-oracle[5.5.480~1-09abd]:main():lattice-oracle.cc:332) For utterance M342905676-4048454_4048454-342903872_1576883567-GB-M-008, best cost 0
Lattice M342905676-4048454_4048454-342903872_1576883567-GB-M-009 read.
LOG (lattice-oracle[5.5.480~1-09abd]:main():lattice-oracle.cc:318) %WER 0 [ 0 / 6, 0 insertions, 0 deletions, 0 sub ]
LOG (lattice-oracle[5.5.480~1-09abd]:main():lattice-oracle.cc:332) For utterance M342905676-4048454_4048454-342903872_1576883567-GB-M-009, best cost 0
Lattice M342905676-4048454_4048454-342903872_1576883567-GB-M-011 read.
LOG (lattice-oracle[5.5.480~1-09abd]:main():lattice-oracle.cc:318) %WER 8.33333 [ 1 / 12, 0 insertions, 1 deletions, 0 sub ]
LOG (lattice-oracle[5.5.480~1-09abd]:main():lattice-oracle.cc:332) For utterance M342905676-4048454_4048454-342903872_1576883567-GB-M-011, best cost 1
Lattice M342905676-4048454_4048454-342903872_1576883567-GB-M-013 read.
LOG (lattice-oracle[5.5.480~1-09abd]:main():lattice-oracle.cc:318) %WER 0 [ 0 / 14, 0 insertions, 0 deletions, 0 sub ]
LOG (lattice-oracle[5.5.480~1-09abd]:main():lattice-oracle.cc:332) For utterance M342905676-4048454_4048454-342903872_1576883567-GB-M-013, best cost 0
Lattice M342905676-4048454_4048454-342903872_1576883567-GB-M-016 read.
LOG (lattice-oracle[5.5.480~1-09abd]:main():lattice-oracle.cc:318) %WER 0 [ 0 / 8, 0 insertions, 0 deletions, 0 sub ]
LOG (lattice-oracle[5.5.480~1-09abd]:main():lattice-oracle.cc:332) For utterance M342905676-4048454_4048454-342903872_1576883567-GB-M-016, best cost 0
Lattice M342905676-4048454_4048454-342903872_1576883567-GB-M-018 read.
LOG (lattice-oracle[5.5.480~1-09abd]:main():lattice-oracle.cc:318) %WER 0 [ 0 / 3, 0 insertions, 0 deletions, 0 sub ]
LOG (lattice-oracle[5.5.480~1-09abd]:main():lattice-oracle.cc:332) For utterance M342905676-4048454_4048454-342903872_1576883567-GB-M-018, best cost 0
Lattice M342905676-4048454_4048454-342903872_1576883567-GB-M-020 read.
LOG (lattice-oracle[5.5.480~1-09abd]:main():lattice-oracle.cc:318) %WER 0 [ 0 / 4, 0 insertions, 0 deletions, 0 sub ]
LOG (lattice-oracle[5.5.480~1-09abd]:main():lattice-oracle.cc:332) For utterance M342905676-4048454_4048454-342903872_1576883567-GB-M-020, best cost 0
Lattice M342905676-4048454_4048454-342903872_1576883567-GB-M-021 read.
LOG (lattice-oracle[5.5.480~1-09abd]:main():lattice-oracle.cc:318) %WER 0 [ 0 / 3, 0 insertions, 0 deletions, 0 sub ]
LOG (lattice-oracle[5.5.480~1-09abd]:main():lattice-oracle.cc:332) For utterance M342905676-4048454_4048454-342903872_1576883567-GB-M-021, best cost 0
Lattice M342905676-4048454_4048454-342903872_1576883567-GB-M-022 read.
LOG (lattice-oracle[5.5.480~1-09abd]:main():lattice-oracle.cc:318) %WER 0 [ 0 / 6, 0 insertions, 0 deletions, 0 sub ]
LOG (lattice-oracle[5.5.480~1-09abd]:main():lattice-oracle.cc:332) For utterance M342905676-4048454_4048454-342903872_1576883567-GB-M-022, best cost 0
Lattice M342905676-4048454_4048454-342903872_1576883567-GB-M-025 read.
LOG (lattice-oracle[5.5.480~1-09abd]:main():lattice-oracle.cc:318) %WER 0 [ 0 / 8, 0 insertions, 0 deletions, 0 sub ]
LOG (lattice-oracle[5.5.480~1-09abd]:main():lattice-oracle.cc:332) For utterance M342905676-4048454_4048454-342903872_1576883567-GB-M-025, best cost 0
Lattice M342905676-4048454_4048454-342903872_1576883567-GB-M-026 read.
LOG (lattice-oracle[5.5.480~1-09abd]:main():lattice-oracle.cc:318) %WER 0 [ 0 / 8, 0 insertions, 0 deletions, 0 sub ]
LOG (lattice-oracle[5.5.480~1-09abd]:main():lattice-oracle.cc:332) For utterance M342905676-4048454_4048454-342903872_1576883567-GB-M-026, best cost 0
Lattice M342905676-4048454_4048454-342903872_1576883567-GB-M-027 read.
LOG (lattice-oracle[5.5.480~1-09abd]:main():lattice-oracle.cc:318) %WER 0 [ 0 / 3, 0 insertions, 0 deletions, 0 sub ]
LOG (lattice-oracle[5.5.480~1-09abd]:main():lattice-oracle.cc:332) For utterance M342905676-4048454_4048454-342903872_1576883567-GB-M-027, best cost 0
Lattice M342905676-4048454_4048454-342903872_1576883567-GB-M-028 read.
LOG (lattice-oracle[5.5.480~1-09abd]:main():lattice-oracle.cc:318) %WER 20 [ 1 / 5, 0 insertions, 1 deletions, 0 sub ]
LOG (lattice-oracle[5.5.480~1-09abd]:main():lattice-oracle.cc:332) For utterance M342905676-4048454_4048454-342903872_1576883567-GB-M-028, best cost 1
Lattice M342905676-4048454_4048454-342903872_1576883567-GB-M-029 read.
LOG (lattice-oracle[5.5.480~1-09abd]:main():lattice-oracle.cc:318) %WER 12.5 [ 1 / 8, 0 insertions, 0 deletions, 1 sub ]
LOG (lattice-oracle[5.5.480~1-09abd]:main():lattice-oracle.cc:332) For utterance M342905676-4048454_4048454-342903872_1576883567-GB-M-029, best cost 1
Lattice M342905676-4048454_4048454-342903872_1576883567-GB-M-032 read.
LOG (lattice-oracle[5.5.480~1-09abd]:main():lattice-oracle.cc:318) %WER 200 [ 2 / 1, 1 insertions, 0 deletions, 1 sub ]
LOG (lattice-oracle[5.5.480~1-09abd]:main():lattice-oracle.cc:332) For utterance M342905676-4048454_4048454-342903872_1576883567-GB-M-032, best cost 2
Lattice M342905676-4048454_4048454-342903872_1576883567-GB-M-033 read.
LOG (lattice-oracle[5.5.480~1-09abd]:main():lattice-oracle.cc:318) %WER 0 [ 0 / 3, 0 insertions, 0 deletions, 0 sub ]
LOG (lattice-oracle[5.5.480~1-09abd]:main():lattice-oracle.cc:332) For utterance M342905676-4048454_4048454-342903872_1576883567-GB-M-033, best cost 0
Lattice M342905676-4048454_4048454-342903872_1576883567-GB-M-034 read.
LOG (lattice-oracle[5.5.480~1-09abd]:main():lattice-oracle.cc:318) %WER 0 [ 0 / 11, 0 insertions, 0 deletions, 0 sub ]
LOG (lattice-oracle[5.5.480~1-09abd]:main():lattice-oracle.cc:332) For utterance M342905676-4048454_4048454-342903872_1576883567-GB-M-034, best cost 0
Lattice M342905676-4048454_4048454-342903872_1576883567-GB-M-036 read.
LOG (lattice-oracle[5.5.480~1-09abd]:main():lattice-oracle.cc:318) %WER 0 [ 0 / 3, 0 insertions, 0 deletions, 0 sub ]
LOG (lattice-oracle[5.5.480~1-09abd]:main():lattice-oracle.cc:332) For utterance M342905676-4048454_4048454-342903872_1576883567-GB-M-036, best cost 0
Lattice M342905676-4048454_4048454-342903872_1576883567-GB-M-038 read.
LOG (lattice-oracle[5.5.480~1-09abd]:main():lattice-oracle.cc:318) %WER 33.3333 [ 1 / 3, 1 insertions, 0 deletions, 0 sub ]
LOG (lattice-oracle[5.5.480~1-09abd]:main():lattice-oracle.cc:332) For utterance M342905676-4048454_4048454-342903872_1576883567-GB-M-038, best cost 1
Lattice M342905676-4048454_4048454-342903872_1576883567-GB-M-040 read.
LOG (lattice-oracle[5.5.480~1-09abd]:main():lattice-oracle.cc:318) %WER 0 [ 0 / 3, 0 insertions, 0 deletions, 0 sub ]
LOG (lattice-oracle[5.5.480~1-09abd]:main():lattice-oracle.cc:332) For utterance M342905676-4048454_4048454-342903872_1576883567-GB-M-040, best cost 0
Lattice M342905676-4048454_4048454-342903872_1576883567-GB-M-041 read.
LOG (lattice-oracle[5.5.480~1-09abd]:main():lattice-oracle.cc:318) %WER 0 [ 0 / 9, 0 insertions, 0 deletions, 0 sub ]
LOG (lattice-oracle[5.5.480~1-09abd]:main():lattice-oracle.cc:332) For utterance M342905676-4048454_4048454-342903872_1576883567-GB-M-041, best cost 0
Lattice M342905676-4048454_4048454-342903872_1576883567-GB-M-044 read.
LOG (lattice-oracle[5.5.480~1-09abd]:main():lattice-oracle.cc:318) %WER 0 [ 0 / 6, 0 insertions, 0 deletions, 0 sub ]
LOG (lattice-oracle[5.5.480~1-09abd]:main():lattice-oracle.cc:332) For utterance M342905676-4048454_4048454-342903872_1576883567-GB-M-044, best cost 0
Lattice M342905676-4048454_4048454-342903872_1576883567-GB-M-047 read.
LOG (lattice-oracle[5.5.480~1-09abd]:main():lattice-oracle.cc:318) %WER 0 [ 0 / 3, 0 insertions, 0 deletions, 0 sub ]
LOG (lattice-oracle[5.5.480~1-09abd]:main():lattice-oracle.cc:332) For utterance M342905676-4048454_4048454-342903872_1576883567-GB-M-047, best cost 0
Lattice M342905676-4048454_4048454-342903872_1576883567-GB-M-051 read.
LOG (lattice-oracle[5.5.480~1-09abd]:main():lattice-oracle.cc:318) %WER 0 [ 0 / 3, 0 insertions, 0 deletions, 0 sub ]
LOG (lattice-oracle[5.5.480~1-09abd]:main():lattice-oracle.cc:332) For utterance M342905676-4048454_4048454-342903872_1576883567-GB-M-051, best cost 0
Lattice M342905676-4048454_4048454-342903872_1576883567-GB-M-052 read.
LOG (lattice-oracle[5.5.480~1-09abd]:main():lattice-oracle.cc:318) %WER 0 [ 0 / 9, 0 insertions, 0 deletions, 0 sub ]
LOG (lattice-oracle[5.5.480~1-09abd]:main():lattice-oracle.cc:332) For utterance M342905676-4048454_4048454-342903872_1576883567-GB-M-052, best cost 0
Lattice M342905676-4048454_4048454-342903872_1576883567-GB-M-054 read.
LOG (lattice-oracle[5.5.480~1-09abd]:main():lattice-oracle.cc:318) %WER 0 [ 0 / 3, 0 insertions, 0 deletions, 0 sub ]
LOG (lattice-oracle[5.5.480~1-09abd]:main():lattice-oracle.cc:332) For utterance M342905676-4048454_4048454-342903872_1576883567-GB-M-054, best cost 0
Lattice M342905676-4048454_4048454-342903872_1576883567-GB-M-055 read.
LOG (lattice-oracle[5.5.480~1-09abd]:main():lattice-oracle.cc:318) %WER 33.3333 [ 1 / 3, 0 insertions, 0 deletions, 1 sub ]
LOG (lattice-oracle[5.5.480~1-09abd]:main():lattice-oracle.cc:332) For utterance M342905676-4048454_4048454-342903872_1576883567-GB-M-055, best cost 1
Lattice M342905676-4048454_4048454-342903872_1576883567-GB-M-057 read.
LOG (lattice-oracle[5.5.480~1-09abd]:main():lattice-oracle.cc:318) %WER 133.333 [ 4 / 3, 2 insertions, 0 deletions, 2 sub ]
LOG (lattice-oracle[5.5.480~1-09abd]:main():lattice-oracle.cc:332) For utterance M342905676-4048454_4048454-342903872_1576883567-GB-M-057, best cost 4
Lattice M342905676-4048454_4048454-342903872_1576883567-GB-M-058 read.
LOG (lattice-oracle[5.5.480~1-09abd]:main():lattice-oracle.cc:318) %WER 25 [ 1 / 4, 0 insertions, 1 deletions, 0 sub ]
LOG (lattice-oracle[5.5.480~1-09abd]:main():lattice-oracle.cc:332) For utterance M342905676-4048454_4048454-342903872_1576883567-GB-M-058, best cost 1
Lattice M342905676-4048454_4048454-342903872_1576883567-GB-M-059 read.
LOG (lattice-oracle[5.5.480~1-09abd]:main():lattice-oracle.cc:318) %WER 0 [ 0 / 4, 0 insertions, 0 deletions, 0 sub ]
LOG (lattice-oracle[5.5.480~1-09abd]:main():lattice-oracle.cc:332) For utterance M342905676-4048454_4048454-342903872_1576883567-GB-M-059, best cost 0
Lattice M342905676-4048454_4048454-342903872_1576883567-GB-M-060 read.
LOG (lattice-oracle[5.5.480~1-09abd]:main():lattice-oracle.cc:318) %WER 0 [ 0 / 5, 0 insertions, 0 deletions, 0 sub ]
LOG (lattice-oracle[5.5.480~1-09abd]:main():lattice-oracle.cc:332) For utterance M342905676-4048454_4048454-342903872_1576883567-GB-M-060, best cost 0
Lattice M342905676-4048454_4048454-342903872_1576883567-GB-M-062 read.
LOG (lattice-oracle[5.5.480~1-09abd]:main():lattice-oracle.cc:318) %WER 0 [ 0 / 3, 0 insertions, 0 deletions, 0 sub ]
LOG (lattice-oracle[5.5.480~1-09abd]:main():lattice-oracle.cc:332) For utterance M342905676-4048454_4048454-342903872_1576883567-GB-M-062, best cost 0
Lattice M342905676-4048454_4048454-342903872_1576883567-GB-M-063 read.
LOG (lattice-oracle[5.5.480~1-09abd]:main():lattice-oracle.cc:318) %WER 0 [ 0 / 9, 0 insertions, 0 deletions, 0 sub ]
LOG (lattice-oracle[5.5.480~1-09abd]:main():lattice-oracle.cc:332) For utterance M342905676-4048454_4048454-342903872_1576883567-GB-M-063, best cost 0
Lattice M342905676-4048454_4048454-342903872_1576883567-GB-M-065 read.
LOG (lattice-oracle[5.5.480~1-09abd]:main():lattice-oracle.cc:318) %WER 0 [ 0 / 3, 0 insertions, 0 deletions, 0 sub ]
LOG (lattice-oracle[5.5.480~1-09abd]:main():lattice-oracle.cc:332) For utterance M342905676-4048454_4048454-342903872_1576883567-GB-M-065, best cost 0
Lattice M342905676-4048454_4048454-342903872_1576883567-GB-M-066 read.
LOG (lattice-oracle[5.5.480~1-09abd]:main():lattice-oracle.cc:318) %WER 0 [ 0 / 3, 0 insertions, 0 deletions, 0 sub ]
LOG (lattice-oracle[5.5.480~1-09abd]:main():lattice-oracle.cc:332) For utterance M342905676-4048454_4048454-342903872_1576883567-GB-M-066, best cost 0
Lattice M342905676-4048454_4048454-342903872_1576883567-GB-M-067 read.
LOG (lattice-oracle[5.5.480~1-09abd]:main():lattice-oracle.cc:318) %WER 0 [ 0 / 4, 0 insertions, 0 deletions, 0 sub ]
LOG (lattice-oracle[5.5.480~1-09abd]:main():lattice-oracle.cc:332) For utterance M342905676-4048454_4048454-342903872_1576883567-GB-M-067, best cost 0
Lattice M342905676-4048454_4048454-342903872_1576883567-GB-M-068 read.
LOG (lattice-oracle[5.5.480~1-09abd]:main():lattice-oracle.cc:318) %WER 26.3158 [ 5 / 19, 0 insertions, 5 deletions, 0 sub ]
LOG (lattice-oracle[5.5.480~1-09abd]:main():lattice-oracle.cc:332) For utterance M342905676-4048454_4048454-342903872_1576883567-GB-M-068, best cost 5
Lattice M342905676-4048454_4048454-342903872_1576883567-GB-M-072 read.
LOG (lattice-oracle[5.5.480~1-09abd]:main():lattice-oracle.cc:318) %WER 6.25 [ 2 / 32, 0 insertions, 1 deletions, 1 sub ]
LOG (lattice-oracle[5.5.480~1-09abd]:main():lattice-oracle.cc:332) For utterance M342905676-4048454_4048454-342903872_1576883567-GB-M-072, best cost 2
Lattice M342905676-4048454_4048454-342903872_1576883567-GB-M-081 read.
LOG (lattice-oracle[5.5.480~1-09abd]:main():lattice-oracle.cc:318) %WER 200 [ 2 / 1, 1 insertions, 0 deletions, 1 sub ]
LOG (lattice-oracle[5.5.480~1-09abd]:main():lattice-oracle.cc:332) For utterance M342905676-4048454_4048454-342903872_1576883567-GB-M-081, best cost 2
Lattice M342905676-4048454_4048454-342903872_1576883567-GB-M-083 read.
LOG (lattice-oracle[5.5.480~1-09abd]:main():lattice-oracle.cc:318) %WER 20 [ 1 / 5, 0 insertions, 1 deletions, 0 sub ]
LOG (lattice-oracle[5.5.480~1-09abd]:main():lattice-oracle.cc:332) For utterance M342905676-4048454_4048454-342903872_1576883567-GB-M-083, best cost 1
Lattice M342905676-4048454_4048454-342903872_1576883567-GB-M-084 read.
LOG (lattice-oracle[5.5.480~1-09abd]:main():lattice-oracle.cc:318) %WER 0 [ 0 / 8, 0 insertions, 0 deletions, 0 sub ]
LOG (lattice-oracle[5.5.480~1-09abd]:main():lattice-oracle.cc:332) For utterance M342905676-4048454_4048454-342903872_1576883567-GB-M-084, best cost 0
Lattice M342905676-4048454_4048454-342903872_1576883567-GB-M-087 read.
LOG (lattice-oracle[5.5.480~1-09abd]:main():lattice-oracle.cc:318) %WER 0 [ 0 / 6, 0 insertions, 0 deletions, 0 sub ]
LOG (lattice-oracle[5.5.480~1-09abd]:main():lattice-oracle.cc:332) For utterance M342905676-4048454_4048454-342903872_1576883567-GB-M-087, best cost 0
Lattice M342905676-4048454_4048454-342903872_1576883567-GB-M-091 read.
LOG (lattice-oracle[5.5.480~1-09abd]:main():lattice-oracle.cc:318) %WER 0 [ 0 / 6, 0 insertions, 0 deletions, 0 sub ]
LOG (lattice-oracle[5.5.480~1-09abd]:main():lattice-oracle.cc:332) For utterance M342905676-4048454_4048454-342903872_1576883567-GB-M-091, best cost 0
Lattice M362369493-196056811_560807-362372286_1585914097-GB-M-001 read.
LOG (lattice-oracle[5.5.480~1-09abd]:main():lattice-oracle.cc:318) %WER 20 [ 1 / 5, 0 insertions, 0 deletions, 1 sub ]
LOG (lattice-oracle[5.5.480~1-09abd]:main():lattice-oracle.cc:332) For utterance M362369493-196056811_560807-362372286_1585914097-GB-M-001, best cost 1
Lattice M362369493-196056811_560807-362372286_1585914097-GB-M-002 read.
LOG (lattice-oracle[5.5.480~1-09abd]:main():lattice-oracle.cc:318) %WER 0 [ 0 / 6, 0 insertions, 0 deletions, 0 sub ]
LOG (lattice-oracle[5.5.480~1-09abd]:main():lattice-oracle.cc:332) For utterance M362369493-196056811_560807-362372286_1585914097-GB-M-002, best cost 0
Lattice M362369493-196056811_560807-362372286_1585914097-GB-M-003 read.
LOG (lattice-oracle[5.5.480~1-09abd]:main():lattice-oracle.cc:318) %WER 0 [ 0 / 6, 0 insertions, 0 deletions, 0 sub ]
LOG (lattice-oracle[5.5.480~1-09abd]:main():lattice-oracle.cc:332) For utterance M362369493-196056811_560807-362372286_1585914097-GB-M-003, best cost 0
Lattice M362369493-196056811_560807-362372286_1585914097-GB-M-004 read.
LOG (lattice-oracle[5.5.480~1-09abd]:main():lattice-oracle.cc:318) %WER 0 [ 0 / 5, 0 insertions, 0 deletions, 0 sub ]
LOG (lattice-oracle[5.5.480~1-09abd]:main():lattice-oracle.cc:332) For utterance M362369493-196056811_560807-362372286_1585914097-GB-M-004, best cost 0
Lattice M362369493-196056811_560807-362372286_1585914097-GB-M-005 read.
LOG (lattice-oracle[5.5.480~1-09abd]:main():lattice-oracle.cc:318) %WER 2.94118 [ 1 / 34, 1 insertions, 0 deletions, 0 sub ]
LOG (lattice-oracle[5.5.480~1-09abd]:main():lattice-oracle.cc:332) For utterance M362369493-196056811_560807-362372286_1585914097-GB-M-005, best cost 1
Lattice M362369493-196056811_560807-362372286_1585914097-GB-M-013 read.
LOG (lattice-oracle[5.5.480~1-09abd]:main():lattice-oracle.cc:318) %WER 0 [ 0 / 6, 0 insertions, 0 deletions, 0 sub ]
LOG (lattice-oracle[5.5.480~1-09abd]:main():lattice-oracle.cc:332) For utterance M362369493-196056811_560807-362372286_1585914097-GB-M-013, best cost 0
Lattice M362369493-196056811_560807-362372286_1585914097-GB-M-014 read.
LOG (lattice-oracle[5.5.480~1-09abd]:main():lattice-oracle.cc:318) %WER 0 [ 0 / 5, 0 insertions, 0 deletions, 0 sub ]
LOG (lattice-oracle[5.5.480~1-09abd]:main():lattice-oracle.cc:332) For utterance M362369493-196056811_560807-362372286_1585914097-GB-M-014, best cost 0
Lattice M362369493-196056811_560807-362372286_1585914097-GB-M-015 read.
LOG (lattice-oracle[5.5.480~1-09abd]:main():lattice-oracle.cc:318) %WER 0 [ 0 / 5, 0 insertions, 0 deletions, 0 sub ]
LOG (lattice-oracle[5.5.480~1-09abd]:main():lattice-oracle.cc:332) For utterance M362369493-196056811_560807-362372286_1585914097-GB-M-015, best cost 0
Lattice M362369493-196056811_560807-362372286_1585914097-GB-M-016 read.
LOG (lattice-oracle[5.5.480~1-09abd]:main():lattice-oracle.cc:318) %WER 0 [ 0 / 7, 0 insertions, 0 deletions, 0 sub ]
LOG (lattice-oracle[5.5.480~1-09abd]:main():lattice-oracle.cc:332) For utterance M362369493-196056811_560807-362372286_1585914097-GB-M-016, best cost 0
Lattice M362369493-196056811_560807-362372286_1585914097-GB-M-017 read.
LOG (lattice-oracle[5.5.480~1-09abd]:main():lattice-oracle.cc:318) %WER 0 [ 0 / 5, 0 insertions, 0 deletions, 0 sub ]
LOG (lattice-oracle[5.5.480~1-09abd]:main():lattice-oracle.cc:332) For utterance M362369493-196056811_560807-362372286_1585914097-GB-M-017, best cost 0
Lattice M362369493-196056811_560807-362372286_1585914097-GB-M-019 read.
LOG (lattice-oracle[5.5.480~1-09abd]:main():lattice-oracle.cc:318) %WER 37.3134 [ 25 / 67, 0 insertions, 12 deletions, 13 sub ]
LOG (lattice-oracle[5.5.480~1-09abd]:main():lattice-oracle.cc:332) For utterance M362369493-196056811_560807-362372286_1585914097-GB-M-019, best cost 25
Lattice M362369493-196056811_560807-362372286_1585914097-GB-M-033 read.
LOG (lattice-oracle[5.5.480~1-09abd]:main():lattice-oracle.cc:318) %WER 33.3333 [ 1 / 3, 0 insertions, 1 deletions, 0 sub ]
LOG (lattice-oracle[5.5.480~1-09abd]:main():lattice-oracle.cc:332) For utterance M362369493-196056811_560807-362372286_1585914097-GB-M-033, best cost 1
Lattice M362369493-196056811_560807-362372286_1585914097-GB-M-034 read.
LOG (lattice-oracle[5.5.480~1-09abd]:main():lattice-oracle.cc:318) %WER 60 [ 3 / 5, 3 insertions, 0 deletions, 0 sub ]
LOG (lattice-oracle[5.5.480~1-09abd]:main():lattice-oracle.cc:332) For utterance M362369493-196056811_560807-362372286_1585914097-GB-M-034, best cost 3
Lattice M362369493-196056811_560807-362372286_1585914097-GB-M-035 read.
LOG (lattice-oracle[5.5.480~1-09abd]:main():lattice-oracle.cc:318) %WER 0 [ 0 / 4, 0 insertions, 0 deletions, 0 sub ]
LOG (lattice-oracle[5.5.480~1-09abd]:main():lattice-oracle.cc:332) For utterance M362369493-196056811_560807-362372286_1585914097-GB-M-035, best cost 0
Lattice M365633052-90787007_2368054-216763807_1504610269-GB-M-011 read.
LOG (lattice-oracle[5.5.480~1-09abd]:main():lattice-oracle.cc:318) %WER 0 [ 0 / 4, 0 insertions, 0 deletions, 0 sub ]
LOG (lattice-oracle[5.5.480~1-09abd]:main():lattice-oracle.cc:332) For utterance M365633052-90787007_2368054-216763807_1504610269-GB-M-011, best cost 0
Lattice M365633052-90787007_2368054-216763807_1504610269-GB-M-012 read.
LOG (lattice-oracle[5.5.480~1-09abd]:main():lattice-oracle.cc:318) %WER 0 [ 0 / 5, 0 insertions, 0 deletions, 0 sub ]
LOG (lattice-oracle[5.5.480~1-09abd]:main():lattice-oracle.cc:332) For utterance M365633052-90787007_2368054-216763807_1504610269-GB-M-012, best cost 0
Lattice M365633052-90787007_2368054-216763807_1504610269-GB-M-013 read.
LOG (lattice-oracle[5.5.480~1-09abd]:main():lattice-oracle.cc:318) %WER 0 [ 0 / 7, 0 insertions, 0 deletions, 0 sub ]
LOG (lattice-oracle[5.5.480~1-09abd]:main():lattice-oracle.cc:332) For utterance M365633052-90787007_2368054-216763807_1504610269-GB-M-013, best cost 0
Lattice M365633052-90787007_2368054-216763807_1504610269-GB-M-016 read.
LOG (lattice-oracle[5.5.480~1-09abd]:main():lattice-oracle.cc:318) %WER 0 [ 0 / 4, 0 insertions, 0 deletions, 0 sub ]
LOG (lattice-oracle[5.5.480~1-09abd]:main():lattice-oracle.cc:332) For utterance M365633052-90787007_2368054-216763807_1504610269-GB-M-016, best cost 0
Lattice M365633052-90787007_2368054-216763807_1504610269-GB-M-017 read.
LOG (lattice-oracle[5.5.480~1-09abd]:main():lattice-oracle.cc:318) %WER 0 [ 0 / 4, 0 insertions, 0 deletions, 0 sub ]
LOG (lattice-oracle[5.5.480~1-09abd]:main():lattice-oracle.cc:332) For utterance M365633052-90787007_2368054-216763807_1504610269-GB-M-017, best cost 0
Lattice M365633052-90787007_2368054-216763807_1504610269-GB-M-018 read.
LOG (lattice-oracle[5.5.480~1-09abd]:main():lattice-oracle.cc:318) %WER 33.3333 [ 1 / 3, 0 insertions, 0 deletions, 1 sub ]
LOG (lattice-oracle[5.5.480~1-09abd]:main():lattice-oracle.cc:332) For utterance M365633052-90787007_2368054-216763807_1504610269-GB-M-018, best cost 1
Lattice M365633052-90787007_2368054-216763807_1504610269-GB-M-019 read.
LOG (lattice-oracle[5.5.480~1-09abd]:main():lattice-oracle.cc:318) %WER 0 [ 0 / 3, 0 insertions, 0 deletions, 0 sub ]
LOG (lattice-oracle[5.5.480~1-09abd]:main():lattice-oracle.cc:332) For utterance M365633052-90787007_2368054-216763807_1504610269-GB-M-019, best cost 0
Lattice M365633052-90787007_2368054-216763807_1504610269-GB-M-020 read.
LOG (lattice-oracle[5.5.480~1-09abd]:main():lattice-oracle.cc:318) %WER 0 [ 0 / 9, 0 insertions, 0 deletions, 0 sub ]
LOG (lattice-oracle[5.5.480~1-09abd]:main():lattice-oracle.cc:332) For utterance M365633052-90787007_2368054-216763807_1504610269-GB-M-020, best cost 0
Lattice M365633052-90787007_2368054-216763807_1504610269-GB-M-023 read.
LOG (lattice-oracle[5.5.480~1-09abd]:main():lattice-oracle.cc:318) %WER 0 [ 0 / 1, 0 insertions, 0 deletions, 0 sub ]
LOG (lattice-oracle[5.5.480~1-09abd]:main():lattice-oracle.cc:332) For utterance M365633052-90787007_2368054-216763807_1504610269-GB-M-023, best cost 0
Lattice M365633052-90787007_2368054-216763807_1504610269-GB-M-026 read.
LOG (lattice-oracle[5.5.480~1-09abd]:main():lattice-oracle.cc:318) %WER 0 [ 0 / 1, 0 insertions, 0 deletions, 0 sub ]
LOG (lattice-oracle[5.5.480~1-09abd]:main():lattice-oracle.cc:332) For utterance M365633052-90787007_2368054-216763807_1504610269-GB-M-026, best cost 0
Lattice M365633052-90787007_2368054-216763807_1504610269-GB-M-028 read.
LOG (lattice-oracle[5.5.480~1-09abd]:main():lattice-oracle.cc:318) %WER 0 [ 0 / 2, 0 insertions, 0 deletions, 0 sub ]
LOG (lattice-oracle[5.5.480~1-09abd]:main():lattice-oracle.cc:332) For utterance M365633052-90787007_2368054-216763807_1504610269-GB-M-028, best cost 0
Lattice M365633052-90787007_2368054-216763807_1504610269-GB-M-029 read.
LOG (lattice-oracle[5.5.480~1-09abd]:main():lattice-oracle.cc:318) %WER 28.5714 [ 2 / 7, 0 insertions, 2 deletions, 0 sub ]
LOG (lattice-oracle[5.5.480~1-09abd]:main():lattice-oracle.cc:332) For utterance M365633052-90787007_2368054-216763807_1504610269-GB-M-029, best cost 2
Lattice M365633052-90787007_2368054-216763807_1504610269-GB-M-031 read.
LOG (lattice-oracle[5.5.480~1-09abd]:main():lattice-oracle.cc:318) %WER 57.1429 [ 4 / 7, 0 insertions, 4 deletions, 0 sub ]
LOG (lattice-oracle[5.5.480~1-09abd]:main():lattice-oracle.cc:332) For utterance M365633052-90787007_2368054-216763807_1504610269-GB-M-031, best cost 4
Lattice M365633052-90787007_2368054-216763807_1504610269-GB-M-034 read.
LOG (lattice-oracle[5.5.480~1-09abd]:main():lattice-oracle.cc:318) %WER 0 [ 0 / 5, 0 insertions, 0 deletions, 0 sub ]
LOG (lattice-oracle[5.5.480~1-09abd]:main():lattice-oracle.cc:332) For utterance M365633052-90787007_2368054-216763807_1504610269-GB-M-034, best cost 0
Lattice M365633052-90787007_2368054-216763807_1504610269-GB-M-036 read.
LOG (lattice-oracle[5.5.480~1-09abd]:main():lattice-oracle.cc:318) %WER 33.3333 [ 1 / 3, 0 insertions, 0 deletions, 1 sub ]
LOG (lattice-oracle[5.5.480~1-09abd]:main():lattice-oracle.cc:332) For utterance M365633052-90787007_2368054-216763807_1504610269-GB-M-036, best cost 1
Lattice M365633052-90787007_2368054-216763807_1504610269-GB-M-039 read.
LOG (lattice-oracle[5.5.480~1-09abd]:main():lattice-oracle.cc:318) %WER 0 [ 0 / 4, 0 insertions, 0 deletions, 0 sub ]
LOG (lattice-oracle[5.5.480~1-09abd]:main():lattice-oracle.cc:332) For utterance M365633052-90787007_2368054-216763807_1504610269-GB-M-039, best cost 0
Lattice M365633052-90787007_2368054-216763807_1504610269-GB-M-040 read.
LOG (lattice-oracle[5.5.480~1-09abd]:main():lattice-oracle.cc:318) %WER 0 [ 0 / 4, 0 insertions, 0 deletions, 0 sub ]
LOG (lattice-oracle[5.5.480~1-09abd]:main():lattice-oracle.cc:332) For utterance M365633052-90787007_2368054-216763807_1504610269-GB-M-040, best cost 0
Lattice M365633052-90787007_2368054-216763807_1504610269-GB-M-042 read.
LOG (lattice-oracle[5.5.480~1-09abd]:main():lattice-oracle.cc:318) %WER 0 [ 0 / 4, 0 insertions, 0 deletions, 0 sub ]
LOG (lattice-oracle[5.5.480~1-09abd]:main():lattice-oracle.cc:332) For utterance M365633052-90787007_2368054-216763807_1504610269-GB-M-042, best cost 0
Lattice M365633052-90787007_2368054-216763807_1504610269-GB-M-043 read.
LOG (lattice-oracle[5.5.480~1-09abd]:main():lattice-oracle.cc:318) %WER 0 [ 0 / 4, 0 insertions, 0 deletions, 0 sub ]
LOG (lattice-oracle[5.5.480~1-09abd]:main():lattice-oracle.cc:332) For utterance M365633052-90787007_2368054-216763807_1504610269-GB-M-043, best cost 0
Lattice M365633052-90787007_2368054-216763807_1504610269-GB-M-044 read.
LOG (lattice-oracle[5.5.480~1-09abd]:main():lattice-oracle.cc:318) %WER 77.7778 [ 7 / 9, 0 insertions, 5 deletions, 2 sub ]
LOG (lattice-oracle[5.5.480~1-09abd]:main():lattice-oracle.cc:332) For utterance M365633052-90787007_2368054-216763807_1504610269-GB-M-044, best cost 7
Lattice M365633052-90787007_2368054-216763807_1504610269-GB-M-046 read.
LOG (lattice-oracle[5.5.480~1-09abd]:main():lattice-oracle.cc:318) %WER 0 [ 0 / 5, 0 insertions, 0 deletions, 0 sub ]
LOG (lattice-oracle[5.5.480~1-09abd]:main():lattice-oracle.cc:332) For utterance M365633052-90787007_2368054-216763807_1504610269-GB-M-046, best cost 0
Lattice M365633052-90787007_2368054-216763807_1504610269-GB-M-048 read.
LOG (lattice-oracle[5.5.480~1-09abd]:main():lattice-oracle.cc:318) %WER 0 [ 0 / 4, 0 insertions, 0 deletions, 0 sub ]
LOG (lattice-oracle[5.5.480~1-09abd]:main():lattice-oracle.cc:332) For utterance M365633052-90787007_2368054-216763807_1504610269-GB-M-048, best cost 0
Lattice M365633052-90787007_2368054-216763807_1504610269-GB-M-050 read.
LOG (lattice-oracle[5.5.480~1-09abd]:main():lattice-oracle.cc:318) %WER 0 [ 0 / 5, 0 insertions, 0 deletions, 0 sub ]
LOG (lattice-oracle[5.5.480~1-09abd]:main():lattice-oracle.cc:332) For utterance M365633052-90787007_2368054-216763807_1504610269-GB-M-050, best cost 0
Lattice M365633052-90787007_2368054-216763807_1504610269-GB-M-052 read.
LOG (lattice-oracle[5.5.480~1-09abd]:main():lattice-oracle.cc:318) %WER 0 [ 0 / 4, 0 insertions, 0 deletions, 0 sub ]
LOG (lattice-oracle[5.5.480~1-09abd]:main():lattice-oracle.cc:332) For utterance M365633052-90787007_2368054-216763807_1504610269-GB-M-052, best cost 0
Lattice M365633052-90787007_2368054-216763807_1504610269-GB-M-053 read.
LOG (lattice-oracle[5.5.480~1-09abd]:main():lattice-oracle.cc:318) %WER 0 [ 0 / 1, 0 insertions, 0 deletions, 0 sub ]
LOG (lattice-oracle[5.5.480~1-09abd]:main():lattice-oracle.cc:332) For utterance M365633052-90787007_2368054-216763807_1504610269-GB-M-053, best cost 0
Lattice M365633052-90787007_2368054-216763807_1504610269-GB-M-055 read.
LOG (lattice-oracle[5.5.480~1-09abd]:main():lattice-oracle.cc:318) %WER 0 [ 0 / 2, 0 insertions, 0 deletions, 0 sub ]
LOG (lattice-oracle[5.5.480~1-09abd]:main():lattice-oracle.cc:332) For utterance M365633052-90787007_2368054-216763807_1504610269-GB-M-055, best cost 0
Lattice M365633052-90787007_2368054-216763807_1504610269-GB-M-057 read.
LOG (lattice-oracle[5.5.480~1-09abd]:main():lattice-oracle.cc:318) %WER 25 [ 1 / 4, 1 insertions, 0 deletions, 0 sub ]
LOG (lattice-oracle[5.5.480~1-09abd]:main():lattice-oracle.cc:332) For utterance M365633052-90787007_2368054-216763807_1504610269-GB-M-057, best cost 1
Lattice M373516297-3708542_3708542-1221818620_1598973031-GB-M-001 read.
LOG (lattice-oracle[5.5.480~1-09abd]:main():lattice-oracle.cc:318) %WER 0 [ 0 / 11, 0 insertions, 0 deletions, 0 sub ]
LOG (lattice-oracle[5.5.480~1-09abd]:main():lattice-oracle.cc:332) For utterance M373516297-3708542_3708542-1221818620_1598973031-GB-M-001, best cost 0
Lattice M373516297-3708542_3708542-1221818620_1598973031-GB-M-003 read.
LOG (lattice-oracle[5.5.480~1-09abd]:main():lattice-oracle.cc:318) %WER 0 [ 0 / 4, 0 insertions, 0 deletions, 0 sub ]
LOG (lattice-oracle[5.5.480~1-09abd]:main():lattice-oracle.cc:332) For utterance M373516297-3708542_3708542-1221818620_1598973031-GB-M-003, best cost 0
Lattice M373516297-3708542_3708542-1221818620_1598973031-GB-M-004 read.
LOG (lattice-oracle[5.5.480~1-09abd]:main():lattice-oracle.cc:318) %WER 0 [ 0 / 6, 0 insertions, 0 deletions, 0 sub ]
LOG (lattice-oracle[5.5.480~1-09abd]:main():lattice-oracle.cc:332) For utterance M373516297-3708542_3708542-1221818620_1598973031-GB-M-004, best cost 0
Lattice M373516297-3708542_3708542-1221818620_1598973031-GB-M-005 read.
LOG (lattice-oracle[5.5.480~1-09abd]:main():lattice-oracle.cc:318) %WER 0 [ 0 / 4, 0 insertions, 0 deletions, 0 sub ]
LOG (lattice-oracle[5.5.480~1-09abd]:main():lattice-oracle.cc:332) For utterance M373516297-3708542_3708542-1221818620_1598973031-GB-M-005, best cost 0
Lattice M373516297-3708542_3708542-1221818620_1598973031-GB-M-006 read.
LOG (lattice-oracle[5.5.480~1-09abd]:main():lattice-oracle.cc:318) %WER 0 [ 0 / 4, 0 insertions, 0 deletions, 0 sub ]
LOG (lattice-oracle[5.5.480~1-09abd]:main():lattice-oracle.cc:332) For utterance M373516297-3708542_3708542-1221818620_1598973031-GB-M-006, best cost 0
Lattice M373516297-3708542_3708542-1221818620_1598973031-GB-M-007 read.
LOG (lattice-oracle[5.5.480~1-09abd]:main():lattice-oracle.cc:318) %WER 0 [ 0 / 5, 0 insertions, 0 deletions, 0 sub ]
LOG (lattice-oracle[5.5.480~1-09abd]:main():lattice-oracle.cc:332) For utterance M373516297-3708542_3708542-1221818620_1598973031-GB-M-007, best cost 0
Lattice M373516297-3708542_3708542-1221818620_1598973031-GB-M-008 read.
LOG (lattice-oracle[5.5.480~1-09abd]:main():lattice-oracle.cc:318) %WER 0 [ 0 / 10, 0 insertions, 0 deletions, 0 sub ]
LOG (lattice-oracle[5.5.480~1-09abd]:main():lattice-oracle.cc:332) For utterance M373516297-3708542_3708542-1221818620_1598973031-GB-M-008, best cost 0
Lattice M373516297-3708542_3708542-1221818620_1598973031-GB-M-011 read.
LOG (lattice-oracle[5.5.480~1-09abd]:main():lattice-oracle.cc:318) %WER 20 [ 1 / 5, 0 insertions, 1 deletions, 0 sub ]
LOG (lattice-oracle[5.5.480~1-09abd]:main():lattice-oracle.cc:332) For utterance M373516297-3708542_3708542-1221818620_1598973031-GB-M-011, best cost 1
Lattice M373516297-3708542_3708542-1221818620_1598973031-GB-M-012 read.
LOG (lattice-oracle[5.5.480~1-09abd]:main():lattice-oracle.cc:318) %WER 20 [ 1 / 5, 1 insertions, 0 deletions, 0 sub ]
LOG (lattice-oracle[5.5.480~1-09abd]:main():lattice-oracle.cc:332) For utterance M373516297-3708542_3708542-1221818620_1598973031-GB-M-012, best cost 1
Lattice M373516297-3708542_3708542-1221818620_1598973031-GB-M-013 read.
LOG (lattice-oracle[5.5.480~1-09abd]:main():lattice-oracle.cc:318) %WER 14.2857 [ 1 / 7, 0 insertions, 1 deletions, 0 sub ]
LOG (lattice-oracle[5.5.480~1-09abd]:main():lattice-oracle.cc:332) For utterance M373516297-3708542_3708542-1221818620_1598973031-GB-M-013, best cost 1
Lattice M373516297-3708542_3708542-1221818620_1598973031-GB-M-014 read.
LOG (lattice-oracle[5.5.480~1-09abd]:main():lattice-oracle.cc:318) %WER 11.7647 [ 2 / 17, 0 insertions, 0 deletions, 2 sub ]
LOG (lattice-oracle[5.5.480~1-09abd]:main():lattice-oracle.cc:332) For utterance M373516297-3708542_3708542-1221818620_1598973031-GB-M-014, best cost 2
Lattice M373516297-3708542_3708542-1221818620_1598973031-GB-M-017 read.
LOG (lattice-oracle[5.5.480~1-09abd]:main():lattice-oracle.cc:318) %WER 25 [ 1 / 4, 1 insertions, 0 deletions, 0 sub ]
LOG (lattice-oracle[5.5.480~1-09abd]:main():lattice-oracle.cc:332) For utterance M373516297-3708542_3708542-1221818620_1598973031-GB-M-017, best cost 1
Lattice M373516297-3708542_3708542-1221818620_1598973031-GB-M-019 read.
LOG (lattice-oracle[5.5.480~1-09abd]:main():lattice-oracle.cc:318) %WER 0 [ 0 / 6, 0 insertions, 0 deletions, 0 sub ]
LOG (lattice-oracle[5.5.480~1-09abd]:main():lattice-oracle.cc:332) For utterance M373516297-3708542_3708542-1221818620_1598973031-GB-M-019, best cost 0
Lattice M373516297-3708542_3708542-1221818620_1598973031-GB-M-020 read.
LOG (lattice-oracle[5.5.480~1-09abd]:main():lattice-oracle.cc:318) %WER 0 [ 0 / 4, 0 insertions, 0 deletions, 0 sub ]
LOG (lattice-oracle[5.5.480~1-09abd]:main():lattice-oracle.cc:332) For utterance M373516297-3708542_3708542-1221818620_1598973031-GB-M-020, best cost 0
Lattice M373516297-3708542_3708542-1221818620_1598973031-GB-M-021 read.
LOG (lattice-oracle[5.5.480~1-09abd]:main():lattice-oracle.cc:318) %WER 0 [ 0 / 11, 0 insertions, 0 deletions, 0 sub ]
LOG (lattice-oracle[5.5.480~1-09abd]:main():lattice-oracle.cc:332) For utterance M373516297-3708542_3708542-1221818620_1598973031-GB-M-021, best cost 0
Lattice M373516297-3708542_3708542-1221818620_1598973031-GB-M-024 read.
LOG (lattice-oracle[5.5.480~1-09abd]:main():lattice-oracle.cc:318) %WER 25 [ 2 / 8, 0 insertions, 2 deletions, 0 sub ]
LOG (lattice-oracle[5.5.480~1-09abd]:main():lattice-oracle.cc:332) For utterance M373516297-3708542_3708542-1221818620_1598973031-GB-M-024, best cost 2
Lattice M373516297-3708542_3708542-1221818620_1598973031-GB-M-025 read.
LOG (lattice-oracle[5.5.480~1-09abd]:main():lattice-oracle.cc:318) %WER 100 [ 2 / 2, 0 insertions, 0 deletions, 2 sub ]
LOG (lattice-oracle[5.5.480~1-09abd]:main():lattice-oracle.cc:332) For utterance M373516297-3708542_3708542-1221818620_1598973031-GB-M-025, best cost 2
Lattice M373516297-3708542_3708542-1221818620_1598973031-GB-M-026 read.
LOG (lattice-oracle[5.5.480~1-09abd]:main():lattice-oracle.cc:318) %WER 15.3846 [ 4 / 26, 0 insertions, 0 deletions, 4 sub ]
LOG (lattice-oracle[5.5.480~1-09abd]:main():lattice-oracle.cc:332) For utterance M373516297-3708542_3708542-1221818620_1598973031-GB-M-026, best cost 4
Lattice M373516297-3708542_3708542-1221818620_1598973031-GB-M-032 read.
LOG (lattice-oracle[5.5.480~1-09abd]:main():lattice-oracle.cc:318) %WER 0 [ 0 / 24, 0 insertions, 0 deletions, 0 sub ]
LOG (lattice-oracle[5.5.480~1-09abd]:main():lattice-oracle.cc:332) For utterance M373516297-3708542_3708542-1221818620_1598973031-GB-M-032, best cost 0
Lattice M373516297-3708542_3708542-1221818620_1598973031-GB-M-039 read.
LOG (lattice-oracle[5.5.480~1-09abd]:main():lattice-oracle.cc:318) %WER 45.4545 [ 5 / 11, 4 insertions, 0 deletions, 1 sub ]
LOG (lattice-oracle[5.5.480~1-09abd]:main():lattice-oracle.cc:332) For utterance M373516297-3708542_3708542-1221818620_1598973031-GB-M-039, best cost 5
Lattice M373516297-3708542_3708542-1221818620_1598973031-GB-M-041 read.
LOG (lattice-oracle[5.5.480~1-09abd]:main():lattice-oracle.cc:318) %WER 0 [ 0 / 21, 0 insertions, 0 deletions, 0 sub ]
LOG (lattice-oracle[5.5.480~1-09abd]:main():lattice-oracle.cc:332) For utterance M373516297-3708542_3708542-1221818620_1598973031-GB-M-041, best cost 0
Lattice M373516297-3708542_3708542-1221818620_1598973031-GB-M-045 read.
LOG (lattice-oracle[5.5.480~1-09abd]:main():lattice-oracle.cc:318) %WER 0 [ 0 / 8, 0 insertions, 0 deletions, 0 sub ]
LOG (lattice-oracle[5.5.480~1-09abd]:main():lattice-oracle.cc:332) For utterance M373516297-3708542_3708542-1221818620_1598973031-GB-M-045, best cost 0
Lattice M373516297-3708542_3708542-1221818620_1598973031-GB-M-047 read.
LOG (lattice-oracle[5.5.480~1-09abd]:main():lattice-oracle.cc:318) %WER 0 [ 0 / 6, 0 insertions, 0 deletions, 0 sub ]
LOG (lattice-oracle[5.5.480~1-09abd]:main():lattice-oracle.cc:332) For utterance M373516297-3708542_3708542-1221818620_1598973031-GB-M-047, best cost 0
Lattice M373516297-3708542_3708542-1221818620_1598973031-GB-M-048 read.
LOG (lattice-oracle[5.5.480~1-09abd]:main():lattice-oracle.cc:318) %WER 30.7692 [ 4 / 13, 1 insertions, 0 deletions, 3 sub ]
LOG (lattice-oracle[5.5.480~1-09abd]:main():lattice-oracle.cc:332) For utterance M373516297-3708542_3708542-1221818620_1598973031-GB-M-048, best cost 4
Lattice M373516297-3708542_3708542-1221818620_1598973031-GB-M-051 read.
LOG (lattice-oracle[5.5.480~1-09abd]:main():lattice-oracle.cc:318) %WER 30 [ 3 / 10, 2 insertions, 0 deletions, 1 sub ]
LOG (lattice-oracle[5.5.480~1-09abd]:main():lattice-oracle.cc:332) For utterance M373516297-3708542_3708542-1221818620_1598973031-GB-M-051, best cost 3
Lattice M373516297-3708542_3708542-1221818620_1598973031-GB-M-053 read.
LOG (lattice-oracle[5.5.480~1-09abd]:main():lattice-oracle.cc:318) %WER 0 [ 0 / 10, 0 insertions, 0 deletions, 0 sub ]
LOG (lattice-oracle[5.5.480~1-09abd]:main():lattice-oracle.cc:332) For utterance M373516297-3708542_3708542-1221818620_1598973031-GB-M-053, best cost 0
Lattice M373516297-3708542_3708542-1221818620_1598973031-GB-M-055 read.
LOG (lattice-oracle[5.5.480~1-09abd]:main():lattice-oracle.cc:318) %WER 36.3636 [ 4 / 11, 4 insertions, 0 deletions, 0 sub ]
LOG (lattice-oracle[5.5.480~1-09abd]:main():lattice-oracle.cc:332) For utterance M373516297-3708542_3708542-1221818620_1598973031-GB-M-055, best cost 4
Lattice M373516297-3708542_3708542-1221818620_1598973031-GB-M-058 read.
LOG (lattice-oracle[5.5.480~1-09abd]:main():lattice-oracle.cc:318) %WER 5.26316 [ 1 / 19, 0 insertions, 1 deletions, 0 sub ]
LOG (lattice-oracle[5.5.480~1-09abd]:main():lattice-oracle.cc:332) For utterance M373516297-3708542_3708542-1221818620_1598973031-GB-M-058, best cost 1
Lattice M374046488-604159323_442496-458919803_1632382531-GB-M-004 read.
LOG (lattice-oracle[5.5.480~1-09abd]:main():lattice-oracle.cc:318) %WER 3.7037 [ 2 / 54, 1 insertions, 1 deletions, 0 sub ]
LOG (lattice-oracle[5.5.480~1-09abd]:main():lattice-oracle.cc:332) For utterance M374046488-604159323_442496-458919803_1632382531-GB-M-004, best cost 2
Lattice M374046488-604159323_442496-458919803_1632382531-GB-M-016 read.
LOG (lattice-oracle[5.5.480~1-09abd]:main():lattice-oracle.cc:318) %WER 0 [ 0 / 6, 0 insertions, 0 deletions, 0 sub ]
LOG (lattice-oracle[5.5.480~1-09abd]:main():lattice-oracle.cc:332) For utterance M374046488-604159323_442496-458919803_1632382531-GB-M-016, best cost 0
Lattice M374046488-604159323_442496-458919803_1632382531-GB-M-017 read.
LOG (lattice-oracle[5.5.480~1-09abd]:main():lattice-oracle.cc:318) %WER 20 [ 1 / 5, 1 insertions, 0 deletions, 0 sub ]
LOG (lattice-oracle[5.5.480~1-09abd]:main():lattice-oracle.cc:332) For utterance M374046488-604159323_442496-458919803_1632382531-GB-M-017, best cost 1
Lattice M375068404-482049774_461056-840286112_1561246155-GB-M-011 read.
LOG (lattice-oracle[5.5.480~1-09abd]:main():lattice-oracle.cc:318) %WER 16.6667 [ 2 / 12, 1 insertions, 0 deletions, 1 sub ]
LOG (lattice-oracle[5.5.480~1-09abd]:main():lattice-oracle.cc:332) For utterance M375068404-482049774_461056-840286112_1561246155-GB-M-011, best cost 2
Lattice M375068404-482049774_461056-840286112_1561246155-GB-M-013 read.
LOG (lattice-oracle[5.5.480~1-09abd]:main():lattice-oracle.cc:318) %WER 0 [ 0 / 22, 0 insertions, 0 deletions, 0 sub ]
LOG (lattice-oracle[5.5.480~1-09abd]:main():lattice-oracle.cc:332) For utterance M375068404-482049774_461056-840286112_1561246155-GB-M-013, best cost 0
Lattice M375068404-482049774_461056-840286112_1561246155-GB-M-019 read.
LOG (lattice-oracle[5.5.480~1-09abd]:main():lattice-oracle.cc:318) %WER 0 [ 0 / 4, 0 insertions, 0 deletions, 0 sub ]
LOG (lattice-oracle[5.5.480~1-09abd]:main():lattice-oracle.cc:332) For utterance M375068404-482049774_461056-840286112_1561246155-GB-M-019, best cost 0
Lattice M375068404-482049774_461056-840286112_1561246155-GB-M-021 read.
LOG (lattice-oracle[5.5.480~1-09abd]:main():lattice-oracle.cc:318) %WER 100 [ 5 / 5, 0 insertions, 5 deletions, 0 sub ]
LOG (lattice-oracle[5.5.480~1-09abd]:main():lattice-oracle.cc:332) For utterance M375068404-482049774_461056-840286112_1561246155-GB-M-021, best cost 5
Lattice M375068404-482049774_461056-840286112_1561246155-GB-M-025 read.
LOG (lattice-oracle[5.5.480~1-09abd]:main():lattice-oracle.cc:318) %WER 50 [ 1 / 2, 1 insertions, 0 deletions, 0 sub ]
LOG (lattice-oracle[5.5.480~1-09abd]:main():lattice-oracle.cc:332) For utterance M375068404-482049774_461056-840286112_1561246155-GB-M-025, best cost 1
Lattice M375068404-482049774_461056-840286112_1561246155-GB-M-026 read.
LOG (lattice-oracle[5.5.480~1-09abd]:main():lattice-oracle.cc:318) %WER 44.4444 [ 8 / 18, 0 insertions, 6 deletions, 2 sub ]
LOG (lattice-oracle[5.5.480~1-09abd]:main():lattice-oracle.cc:332) For utterance M375068404-482049774_461056-840286112_1561246155-GB-M-026, best cost 8
Lattice M375068404-482049774_461056-840286112_1561246155-GB-M-034 read.
LOG (lattice-oracle[5.5.480~1-09abd]:main():lattice-oracle.cc:318) %WER 100 [ 3 / 3, 0 insertions, 3 deletions, 0 sub ]
LOG (lattice-oracle[5.5.480~1-09abd]:main():lattice-oracle.cc:332) For utterance M375068404-482049774_461056-840286112_1561246155-GB-M-034, best cost 3
Lattice M375068404-482049774_461056-840286112_1561246155-GB-M-035 read.
LOG (lattice-oracle[5.5.480~1-09abd]:main():lattice-oracle.cc:318) %WER 6.66667 [ 1 / 15, 0 insertions, 0 deletions, 1 sub ]
LOG (lattice-oracle[5.5.480~1-09abd]:main():lattice-oracle.cc:332) For utterance M375068404-482049774_461056-840286112_1561246155-GB-M-035, best cost 1
Lattice M375068404-482049774_461056-840286112_1561246155-GB-M-045 read.
LOG (lattice-oracle[5.5.480~1-09abd]:main():lattice-oracle.cc:318) %WER 20 [ 3 / 15, 3 insertions, 0 deletions, 0 sub ]
LOG (lattice-oracle[5.5.480~1-09abd]:main():lattice-oracle.cc:332) For utterance M375068404-482049774_461056-840286112_1561246155-GB-M-045, best cost 3
Lattice M375068404-482049774_461056-840286112_1561246155-GB-M-050 read.
LOG (lattice-oracle[5.5.480~1-09abd]:main():lattice-oracle.cc:318) %WER 14.2857 [ 2 / 14, 2 insertions, 0 deletions, 0 sub ]
LOG (lattice-oracle[5.5.480~1-09abd]:main():lattice-oracle.cc:332) For utterance M375068404-482049774_461056-840286112_1561246155-GB-M-050, best cost 2
Lattice M379489443-393063900_92265-379483975_1610771025-GB-M-001 read.
LOG (lattice-oracle[5.5.480~1-09abd]:main():lattice-oracle.cc:318) %WER 0 [ 0 / 7, 0 insertions, 0 deletions, 0 sub ]
LOG (lattice-oracle[5.5.480~1-09abd]:main():lattice-oracle.cc:332) For utterance M379489443-393063900_92265-379483975_1610771025-GB-M-001, best cost 0
Lattice M379489443-393063900_92265-379483975_1610771025-GB-M-002 read.
LOG (lattice-oracle[5.5.480~1-09abd]:main():lattice-oracle.cc:318) %WER 0 [ 0 / 6, 0 insertions, 0 deletions, 0 sub ]
LOG (lattice-oracle[5.5.480~1-09abd]:main():lattice-oracle.cc:332) For utterance M379489443-393063900_92265-379483975_1610771025-GB-M-002, best cost 0
Lattice M379489443-393063900_92265-379483975_1610771025-GB-M-003 read.
LOG (lattice-oracle[5.5.480~1-09abd]:main():lattice-oracle.cc:318) %WER 0 [ 0 / 13, 0 insertions, 0 deletions, 0 sub ]
LOG (lattice-oracle[5.5.480~1-09abd]:main():lattice-oracle.cc:332) For utterance M379489443-393063900_92265-379483975_1610771025-GB-M-003, best cost 0
Lattice M379489443-393063900_92265-379483975_1610771025-GB-M-010 read.
LOG (lattice-oracle[5.5.480~1-09abd]:main():lattice-oracle.cc:318) %WER 71.4286 [ 5 / 7, 0 insertions, 3 deletions, 2 sub ]
LOG (lattice-oracle[5.5.480~1-09abd]:main():lattice-oracle.cc:332) For utterance M379489443-393063900_92265-379483975_1610771025-GB-M-010, best cost 5
Lattice M379489443-393063900_92265-379483975_1610771025-GB-M-014 read.
LOG (lattice-oracle[5.5.480~1-09abd]:main():lattice-oracle.cc:318) %WER 50 [ 2 / 4, 0 insertions, 0 deletions, 2 sub ]
LOG (lattice-oracle[5.5.480~1-09abd]:main():lattice-oracle.cc:332) For utterance M379489443-393063900_92265-379483975_1610771025-GB-M-014, best cost 2
Lattice M379489443-393063900_92265-379483975_1610771025-GB-M-015 read.
LOG (lattice-oracle[5.5.480~1-09abd]:main():lattice-oracle.cc:318) %WER 75 [ 3 / 4, 0 insertions, 1 deletions, 2 sub ]
LOG (lattice-oracle[5.5.480~1-09abd]:main():lattice-oracle.cc:332) For utterance M379489443-393063900_92265-379483975_1610771025-GB-M-015, best cost 3
Lattice M379489443-393063900_92265-379483975_1610771025-GB-M-017 read.
LOG (lattice-oracle[5.5.480~1-09abd]:main():lattice-oracle.cc:318) %WER 50 [ 5 / 10, 0 insertions, 5 deletions, 0 sub ]
LOG (lattice-oracle[5.5.480~1-09abd]:main():lattice-oracle.cc:332) For utterance M379489443-393063900_92265-379483975_1610771025-GB-M-017, best cost 5
Lattice M379489443-393063900_92265-379483975_1610771025-GB-M-021 read.
LOG (lattice-oracle[5.5.480~1-09abd]:main():lattice-oracle.cc:318) %WER 0 [ 0 / 9, 0 insertions, 0 deletions, 0 sub ]
LOG (lattice-oracle[5.5.480~1-09abd]:main():lattice-oracle.cc:332) For utterance M379489443-393063900_92265-379483975_1610771025-GB-M-021, best cost 0
Lattice M379489443-393063900_92265-379483975_1610771025-GB-M-024 read.
LOG (lattice-oracle[5.5.480~1-09abd]:main():lattice-oracle.cc:318) %WER 0 [ 0 / 8, 0 insertions, 0 deletions, 0 sub ]
LOG (lattice-oracle[5.5.480~1-09abd]:main():lattice-oracle.cc:332) For utterance M379489443-393063900_92265-379483975_1610771025-GB-M-024, best cost 0
Lattice M379489443-393063900_92265-379483975_1610771025-GB-M-026 read.
LOG (lattice-oracle[5.5.480~1-09abd]:main():lattice-oracle.cc:318) %WER 0 [ 0 / 16, 0 insertions, 0 deletions, 0 sub ]
LOG (lattice-oracle[5.5.480~1-09abd]:main():lattice-oracle.cc:332) For utterance M379489443-393063900_92265-379483975_1610771025-GB-M-026, best cost 0
Lattice M379489443-393063900_92265-379483975_1610771025-GB-M-028 read.
LOG (lattice-oracle[5.5.480~1-09abd]:main():lattice-oracle.cc:318) %WER 0 [ 0 / 8, 0 insertions, 0 deletions, 0 sub ]
LOG (lattice-oracle[5.5.480~1-09abd]:main():lattice-oracle.cc:332) For utterance M379489443-393063900_92265-379483975_1610771025-GB-M-028, best cost 0
Lattice M379489443-393063900_92265-379483975_1610771025-GB-M-031 read.
LOG (lattice-oracle[5.5.480~1-09abd]:main():lattice-oracle.cc:318) %WER 0 [ 0 / 1, 0 insertions, 0 deletions, 0 sub ]
LOG (lattice-oracle[5.5.480~1-09abd]:main():lattice-oracle.cc:332) For utterance M379489443-393063900_92265-379483975_1610771025-GB-M-031, best cost 0
Lattice M379489443-393063900_92265-379483975_1610771025-GB-M-036 read.
LOG (lattice-oracle[5.5.480~1-09abd]:main():lattice-oracle.cc:318) %WER 66.6667 [ 4 / 6, 0 insertions, 3 deletions, 1 sub ]
LOG (lattice-oracle[5.5.480~1-09abd]:main():lattice-oracle.cc:332) For utterance M379489443-393063900_92265-379483975_1610771025-GB-M-036, best cost 4
Lattice M379489443-393063900_92265-379483975_1610771025-GB-M-040 read.
LOG (lattice-oracle[5.5.480~1-09abd]:main():lattice-oracle.cc:318) %WER 0 [ 0 / 5, 0 insertions, 0 deletions, 0 sub ]
LOG (lattice-oracle[5.5.480~1-09abd]:main():lattice-oracle.cc:332) For utterance M379489443-393063900_92265-379483975_1610771025-GB-M-040, best cost 0
Lattice M379489443-393063900_92265-379483975_1610771025-GB-M-042 read.
LOG (lattice-oracle[5.5.480~1-09abd]:main():lattice-oracle.cc:318) %WER 50 [ 5 / 10, 0 insertions, 5 deletions, 0 sub ]
LOG (lattice-oracle[5.5.480~1-09abd]:main():lattice-oracle.cc:332) For utterance M379489443-393063900_92265-379483975_1610771025-GB-M-042, best cost 5
Lattice M379489443-393063900_92265-379483975_1610771025-GB-M-046 read.
LOG (lattice-oracle[5.5.480~1-09abd]:main():lattice-oracle.cc:318) %WER 25 [ 1 / 4, 0 insertions, 1 deletions, 0 sub ]
LOG (lattice-oracle[5.5.480~1-09abd]:main():lattice-oracle.cc:332) For utterance M379489443-393063900_92265-379483975_1610771025-GB-M-046, best cost 1
Lattice M379489443-393063900_92265-379483975_1610771025-GB-M-048 read.
LOG (lattice-oracle[5.5.480~1-09abd]:main():lattice-oracle.cc:318) %WER 58.3333 [ 7 / 12, 1 insertions, 6 deletions, 0 sub ]
LOG (lattice-oracle[5.5.480~1-09abd]:main():lattice-oracle.cc:332) For utterance M379489443-393063900_92265-379483975_1610771025-GB-M-048, best cost 7
Lattice M379489443-393063900_92265-379483975_1610771025-GB-M-052 read.
LOG (lattice-oracle[5.5.480~1-09abd]:main():lattice-oracle.cc:318) %WER 38.4615 [ 10 / 26, 0 insertions, 8 deletions, 2 sub ]
LOG (lattice-oracle[5.5.480~1-09abd]:main():lattice-oracle.cc:332) For utterance M379489443-393063900_92265-379483975_1610771025-GB-M-052, best cost 10
Lattice M379489443-393063900_92265-379483975_1610771025-GB-M-063 read.
LOG (lattice-oracle[5.5.480~1-09abd]:main():lattice-oracle.cc:318) %WER 100 [ 2 / 2, 2 insertions, 0 deletions, 0 sub ]
LOG (lattice-oracle[5.5.480~1-09abd]:main():lattice-oracle.cc:332) For utterance M379489443-393063900_92265-379483975_1610771025-GB-M-063, best cost 2
Lattice M379489443-393063900_92265-379483975_1610771025-GB-M-064 read.
LOG (lattice-oracle[5.5.480~1-09abd]:main():lattice-oracle.cc:318) %WER 0 [ 0 / 4, 0 insertions, 0 deletions, 0 sub ]
LOG (lattice-oracle[5.5.480~1-09abd]:main():lattice-oracle.cc:332) For utterance M379489443-393063900_92265-379483975_1610771025-GB-M-064, best cost 0
Lattice M379489443-393063900_92265-379483975_1610771025-GB-M-065 read.
LOG (lattice-oracle[5.5.480~1-09abd]:main():lattice-oracle.cc:318) %WER 0 [ 0 / 6, 0 insertions, 0 deletions, 0 sub ]
LOG (lattice-oracle[5.5.480~1-09abd]:main():lattice-oracle.cc:332) For utterance M379489443-393063900_92265-379483975_1610771025-GB-M-065, best cost 0
LOG (lattice-oracle[5.5.480~1-09abd]:main():lattice-oracle.cc:383) Overall %WER 13.0605 [ 233 / 1784, 41 insertions, 134 deletions, 58 substitutions ]
LOG (lattice-oracle[5.5.480~1-09abd]:main():lattice-oracle.cc:387) Scored 190 lattices, 0 not present in ref.
# Accounting: time=1 threads=1
# Ended (code 0) at Tue Sep 10 15:04:58 BST 2019, elapsed time 1 seconds
