# lattice-oracle "--write-lattices=ark:|gzip -c > exp/tri3b_cleaned/lattice_oracle/lat.11.gz" "ark:gunzip -c exp/tri3b_cleaned/lats/lat.11.gz |" "ark:utils/sym2int.pl --map-oov 239 -f 2- data/lang/words.txt data/train1/split40/11/text|" ark,t:- | utils/int2sym.pl -f 2- data/lang/words.txt > exp/tri3b_cleaned/lattice_oracle/oracle_hyp.11.txt 
# Started at Tue Sep 10 15:04:38 BST 2019
#
lattice-oracle '--write-lattices=ark:|gzip -c > exp/tri3b_cleaned/lattice_oracle/lat.11.gz' 'ark:gunzip -c exp/tri3b_cleaned/lats/lat.11.gz |' 'ark:utils/sym2int.pl --map-oov 239 -f 2- data/lang/words.txt data/train1/split40/11/text|' ark,t:- 
Lattice F356361017-401068372_160901-224786830_1584825451-GB-F-004 read.
sym2int.pl: replacing GRAINING with 239
sym2int.pl: replacing AAA with 239
sym2int.pl: replacing HAAA with 239
sym2int.pl: replacing HOOO with 239
sym2int.pl: replacing HOOO with 239
LOG (lattice-oracle[5.5.480~1-09abd]:main():lattice-oracle.cc:318) %WER 0 [ 0 / 6, 0 insertions, 0 deletions, 0 sub ]
LOG (lattice-oracle[5.5.480~1-09abd]:main():lattice-oracle.cc:332) For utterance F356361017-401068372_160901-224786830_1584825451-GB-F-004, best cost 0
Lattice F356361017-401068372_160901-224786830_1584825451-GB-F-006 read.
** Replaced 5 instances of OOVs with 239
LOG (lattice-oracle[5.5.480~1-09abd]:main():lattice-oracle.cc:318) %WER 0 [ 0 / 9, 0 insertions, 0 deletions, 0 sub ]
LOG (lattice-oracle[5.5.480~1-09abd]:main():lattice-oracle.cc:332) For utterance F356361017-401068372_160901-224786830_1584825451-GB-F-006, best cost 0
Lattice F356361017-401068372_160901-224786830_1584825451-GB-F-012 read.
LOG (lattice-oracle[5.5.480~1-09abd]:main():lattice-oracle.cc:318) %WER 50 [ 3 / 6, 0 insertions, 3 deletions, 0 sub ]
LOG (lattice-oracle[5.5.480~1-09abd]:main():lattice-oracle.cc:332) For utterance F356361017-401068372_160901-224786830_1584825451-GB-F-012, best cost 3
Lattice F356361017-401068372_160901-224786830_1584825451-GB-F-013 read.
LOG (lattice-oracle[5.5.480~1-09abd]:main():lattice-oracle.cc:318) %WER 9.09091 [ 1 / 11, 0 insertions, 1 deletions, 0 sub ]
LOG (lattice-oracle[5.5.480~1-09abd]:main():lattice-oracle.cc:332) For utterance F356361017-401068372_160901-224786830_1584825451-GB-F-013, best cost 1
Lattice F356361017-401068372_160901-224786830_1584825451-GB-F-018 read.
LOG (lattice-oracle[5.5.480~1-09abd]:main():lattice-oracle.cc:318) %WER 15.3846 [ 2 / 13, 0 insertions, 2 deletions, 0 sub ]
LOG (lattice-oracle[5.5.480~1-09abd]:main():lattice-oracle.cc:332) For utterance F356361017-401068372_160901-224786830_1584825451-GB-F-018, best cost 2
Lattice F356361017-401068372_160901-224786830_1584825451-GB-F-021 read.
LOG (lattice-oracle[5.5.480~1-09abd]:main():lattice-oracle.cc:318) %WER 0 [ 0 / 6, 0 insertions, 0 deletions, 0 sub ]
LOG (lattice-oracle[5.5.480~1-09abd]:main():lattice-oracle.cc:332) For utterance F356361017-401068372_160901-224786830_1584825451-GB-F-021, best cost 0
Lattice F356361017-401068372_160901-224786830_1584825451-GB-F-026 read.
LOG (lattice-oracle[5.5.480~1-09abd]:main():lattice-oracle.cc:318) %WER 22.2222 [ 2 / 9, 0 insertions, 2 deletions, 0 sub ]
LOG (lattice-oracle[5.5.480~1-09abd]:main():lattice-oracle.cc:332) For utterance F356361017-401068372_160901-224786830_1584825451-GB-F-026, best cost 2
Lattice F356361017-401068372_160901-224786830_1584825451-GB-F-028 read.
LOG (lattice-oracle[5.5.480~1-09abd]:main():lattice-oracle.cc:318) %WER 0 [ 0 / 4, 0 insertions, 0 deletions, 0 sub ]
LOG (lattice-oracle[5.5.480~1-09abd]:main():lattice-oracle.cc:332) For utterance F356361017-401068372_160901-224786830_1584825451-GB-F-028, best cost 0
Lattice F356361017-401068372_160901-224786830_1584825451-GB-F-030 read.
LOG (lattice-oracle[5.5.480~1-09abd]:main():lattice-oracle.cc:318) %WER 0 [ 0 / 3, 0 insertions, 0 deletions, 0 sub ]
LOG (lattice-oracle[5.5.480~1-09abd]:main():lattice-oracle.cc:332) For utterance F356361017-401068372_160901-224786830_1584825451-GB-F-030, best cost 0
Lattice F356361017-401068372_160901-224786830_1584825451-GB-F-031 read.
LOG (lattice-oracle[5.5.480~1-09abd]:main():lattice-oracle.cc:318) %WER 0 [ 0 / 4, 0 insertions, 0 deletions, 0 sub ]
LOG (lattice-oracle[5.5.480~1-09abd]:main():lattice-oracle.cc:332) For utterance F356361017-401068372_160901-224786830_1584825451-GB-F-031, best cost 0
Lattice F356361017-401068372_160901-224786830_1584825451-GB-F-033 read.
LOG (lattice-oracle[5.5.480~1-09abd]:main():lattice-oracle.cc:318) %WER 0 [ 0 / 4, 0 insertions, 0 deletions, 0 sub ]
LOG (lattice-oracle[5.5.480~1-09abd]:main():lattice-oracle.cc:332) For utterance F356361017-401068372_160901-224786830_1584825451-GB-F-033, best cost 0
Lattice F356361017-401068372_160901-224786830_1584825451-GB-F-035 read.
LOG (lattice-oracle[5.5.480~1-09abd]:main():lattice-oracle.cc:318) %WER 77.7778 [ 7 / 9, 0 insertions, 7 deletions, 0 sub ]
LOG (lattice-oracle[5.5.480~1-09abd]:main():lattice-oracle.cc:332) For utterance F356361017-401068372_160901-224786830_1584825451-GB-F-035, best cost 7
Lattice F356361017-401068372_160901-224786830_1584825451-GB-F-042 read.
LOG (lattice-oracle[5.5.480~1-09abd]:main():lattice-oracle.cc:318) %WER 28.5714 [ 2 / 7, 0 insertions, 2 deletions, 0 sub ]
LOG (lattice-oracle[5.5.480~1-09abd]:main():lattice-oracle.cc:332) For utterance F356361017-401068372_160901-224786830_1584825451-GB-F-042, best cost 2
Lattice F356361017-401068372_160901-224786830_1584825451-GB-F-043 read.
LOG (lattice-oracle[5.5.480~1-09abd]:main():lattice-oracle.cc:318) %WER 0 [ 0 / 45, 0 insertions, 0 deletions, 0 sub ]
LOG (lattice-oracle[5.5.480~1-09abd]:main():lattice-oracle.cc:332) For utterance F356361017-401068372_160901-224786830_1584825451-GB-F-043, best cost 0
Lattice F356361017-401068372_160901-224786830_1584825451-GB-F-050 read.
LOG (lattice-oracle[5.5.480~1-09abd]:main():lattice-oracle.cc:318) %WER 66.6667 [ 4 / 6, 0 insertions, 4 deletions, 0 sub ]
LOG (lattice-oracle[5.5.480~1-09abd]:main():lattice-oracle.cc:332) For utterance F356361017-401068372_160901-224786830_1584825451-GB-F-050, best cost 4
Lattice F356361017-401068372_160901-224786830_1584825451-GB-F-058 read.
LOG (lattice-oracle[5.5.480~1-09abd]:main():lattice-oracle.cc:318) %WER 16.6667 [ 2 / 12, 0 insertions, 2 deletions, 0 sub ]
LOG (lattice-oracle[5.5.480~1-09abd]:main():lattice-oracle.cc:332) For utterance F356361017-401068372_160901-224786830_1584825451-GB-F-058, best cost 2
Lattice F356361017-401068372_160901-224786830_1584825451-GB-F-060 read.
LOG (lattice-oracle[5.5.480~1-09abd]:main():lattice-oracle.cc:318) %WER 0 [ 0 / 4, 0 insertions, 0 deletions, 0 sub ]
LOG (lattice-oracle[5.5.480~1-09abd]:main():lattice-oracle.cc:332) For utterance F356361017-401068372_160901-224786830_1584825451-GB-F-060, best cost 0
Lattice F356361017-401068372_160901-224786830_1584825451-GB-F-061 read.
LOG (lattice-oracle[5.5.480~1-09abd]:main():lattice-oracle.cc:318) %WER 0 [ 0 / 7, 0 insertions, 0 deletions, 0 sub ]
LOG (lattice-oracle[5.5.480~1-09abd]:main():lattice-oracle.cc:332) For utterance F356361017-401068372_160901-224786830_1584825451-GB-F-061, best cost 0
Lattice F356361017-401068372_160901-224786830_1584825451-GB-F-067 read.
LOG (lattice-oracle[5.5.480~1-09abd]:main():lattice-oracle.cc:318) %WER 0 [ 0 / 4, 0 insertions, 0 deletions, 0 sub ]
LOG (lattice-oracle[5.5.480~1-09abd]:main():lattice-oracle.cc:332) For utterance F356361017-401068372_160901-224786830_1584825451-GB-F-067, best cost 0
Lattice F356361017-401068372_160901-224786830_1584825451-GB-F-068 read.
LOG (lattice-oracle[5.5.480~1-09abd]:main():lattice-oracle.cc:318) %WER 0 [ 0 / 2, 0 insertions, 0 deletions, 0 sub ]
LOG (lattice-oracle[5.5.480~1-09abd]:main():lattice-oracle.cc:332) For utterance F356361017-401068372_160901-224786830_1584825451-GB-F-068, best cost 0
Lattice F356361017-401068372_160901-224786830_1584825451-GB-F-069 read.
LOG (lattice-oracle[5.5.480~1-09abd]:main():lattice-oracle.cc:318) %WER 0 [ 0 / 4, 0 insertions, 0 deletions, 0 sub ]
LOG (lattice-oracle[5.5.480~1-09abd]:main():lattice-oracle.cc:332) For utterance F356361017-401068372_160901-224786830_1584825451-GB-F-069, best cost 0
Lattice F356361017-401068372_160901-224786830_1584825451-GB-F-071 read.
LOG (lattice-oracle[5.5.480~1-09abd]:main():lattice-oracle.cc:318) %WER 0 [ 0 / 2, 0 insertions, 0 deletions, 0 sub ]
LOG (lattice-oracle[5.5.480~1-09abd]:main():lattice-oracle.cc:332) For utterance F356361017-401068372_160901-224786830_1584825451-GB-F-071, best cost 0
Lattice F356361017-401068372_160901-224786830_1584825451-GB-F-072 read.
LOG (lattice-oracle[5.5.480~1-09abd]:main():lattice-oracle.cc:318) %WER 0 [ 0 / 4, 0 insertions, 0 deletions, 0 sub ]
LOG (lattice-oracle[5.5.480~1-09abd]:main():lattice-oracle.cc:332) For utterance F356361017-401068372_160901-224786830_1584825451-GB-F-072, best cost 0
Lattice F356361017-401068372_160901-224786830_1584825451-GB-F-073 read.
LOG (lattice-oracle[5.5.480~1-09abd]:main():lattice-oracle.cc:318) %WER 13.3333 [ 2 / 15, 0 insertions, 2 deletions, 0 sub ]
LOG (lattice-oracle[5.5.480~1-09abd]:main():lattice-oracle.cc:332) For utterance F356361017-401068372_160901-224786830_1584825451-GB-F-073, best cost 2
Lattice F356361017-401068372_160901-224786830_1584825451-GB-F-076 read.
LOG (lattice-oracle[5.5.480~1-09abd]:main():lattice-oracle.cc:318) %WER 0 [ 0 / 5, 0 insertions, 0 deletions, 0 sub ]
LOG (lattice-oracle[5.5.480~1-09abd]:main():lattice-oracle.cc:332) For utterance F356361017-401068372_160901-224786830_1584825451-GB-F-076, best cost 0
Lattice F356361017-401068372_160901-224786830_1584825451-GB-F-077 read.
LOG (lattice-oracle[5.5.480~1-09abd]:main():lattice-oracle.cc:318) %WER 0 [ 0 / 4, 0 insertions, 0 deletions, 0 sub ]
LOG (lattice-oracle[5.5.480~1-09abd]:main():lattice-oracle.cc:332) For utterance F356361017-401068372_160901-224786830_1584825451-GB-F-077, best cost 0
Lattice F356361017-401068372_160901-224786830_1584825451-GB-F-078 read.
LOG (lattice-oracle[5.5.480~1-09abd]:main():lattice-oracle.cc:318) %WER 0 [ 0 / 12, 0 insertions, 0 deletions, 0 sub ]
LOG (lattice-oracle[5.5.480~1-09abd]:main():lattice-oracle.cc:332) For utterance F356361017-401068372_160901-224786830_1584825451-GB-F-078, best cost 0
Lattice F356361017-401068372_160901-224786830_1584825451-GB-F-082 read.
LOG (lattice-oracle[5.5.480~1-09abd]:main():lattice-oracle.cc:318) %WER 0 [ 0 / 4, 0 insertions, 0 deletions, 0 sub ]
LOG (lattice-oracle[5.5.480~1-09abd]:main():lattice-oracle.cc:332) For utterance F356361017-401068372_160901-224786830_1584825451-GB-F-082, best cost 0
Lattice F356361017-401068372_160901-224786830_1584825451-GB-F-083 read.
LOG (lattice-oracle[5.5.480~1-09abd]:main():lattice-oracle.cc:318) %WER 0 [ 0 / 10, 0 insertions, 0 deletions, 0 sub ]
LOG (lattice-oracle[5.5.480~1-09abd]:main():lattice-oracle.cc:332) For utterance F356361017-401068372_160901-224786830_1584825451-GB-F-083, best cost 0
Lattice F356361017-401068372_160901-224786830_1584825451-GB-F-086 read.
LOG (lattice-oracle[5.5.480~1-09abd]:main():lattice-oracle.cc:318) %WER 0 [ 0 / 2, 0 insertions, 0 deletions, 0 sub ]
LOG (lattice-oracle[5.5.480~1-09abd]:main():lattice-oracle.cc:332) For utterance F356361017-401068372_160901-224786830_1584825451-GB-F-086, best cost 0
Lattice F361482855-250601934_115210-1221818620_1667117229-GB-F-001 read.
LOG (lattice-oracle[5.5.480~1-09abd]:main():lattice-oracle.cc:318) %WER 0 [ 0 / 4, 0 insertions, 0 deletions, 0 sub ]
LOG (lattice-oracle[5.5.480~1-09abd]:main():lattice-oracle.cc:332) For utterance F361482855-250601934_115210-1221818620_1667117229-GB-F-001, best cost 0
Lattice F361482855-250601934_115210-1221818620_1667117229-GB-F-002 read.
LOG (lattice-oracle[5.5.480~1-09abd]:main():lattice-oracle.cc:318) %WER 0 [ 0 / 5, 0 insertions, 0 deletions, 0 sub ]
LOG (lattice-oracle[5.5.480~1-09abd]:main():lattice-oracle.cc:332) For utterance F361482855-250601934_115210-1221818620_1667117229-GB-F-002, best cost 0
Lattice F361482855-250601934_115210-1221818620_1667117229-GB-F-003 read.
LOG (lattice-oracle[5.5.480~1-09abd]:main():lattice-oracle.cc:318) %WER 0 [ 0 / 4, 0 insertions, 0 deletions, 0 sub ]
LOG (lattice-oracle[5.5.480~1-09abd]:main():lattice-oracle.cc:332) For utterance F361482855-250601934_115210-1221818620_1667117229-GB-F-003, best cost 0
Lattice F361482855-250601934_115210-1221818620_1667117229-GB-F-004 read.
LOG (lattice-oracle[5.5.480~1-09abd]:main():lattice-oracle.cc:318) %WER 0 [ 0 / 4, 0 insertions, 0 deletions, 0 sub ]
LOG (lattice-oracle[5.5.480~1-09abd]:main():lattice-oracle.cc:332) For utterance F361482855-250601934_115210-1221818620_1667117229-GB-F-004, best cost 0
Lattice F361482855-250601934_115210-1221818620_1667117229-GB-F-005 read.
LOG (lattice-oracle[5.5.480~1-09abd]:main():lattice-oracle.cc:318) %WER 0 [ 0 / 4, 0 insertions, 0 deletions, 0 sub ]
LOG (lattice-oracle[5.5.480~1-09abd]:main():lattice-oracle.cc:332) For utterance F361482855-250601934_115210-1221818620_1667117229-GB-F-005, best cost 0
Lattice F361482855-250601934_115210-1221818620_1667117229-GB-F-007 read.
LOG (lattice-oracle[5.5.480~1-09abd]:main():lattice-oracle.cc:318) %WER 40 [ 2 / 5, 1 insertions, 0 deletions, 1 sub ]
LOG (lattice-oracle[5.5.480~1-09abd]:main():lattice-oracle.cc:332) For utterance F361482855-250601934_115210-1221818620_1667117229-GB-F-007, best cost 2
Lattice F361482855-250601934_115210-1221818620_1667117229-GB-F-008 read.
LOG (lattice-oracle[5.5.480~1-09abd]:main():lattice-oracle.cc:318) %WER 0 [ 0 / 4, 0 insertions, 0 deletions, 0 sub ]
LOG (lattice-oracle[5.5.480~1-09abd]:main():lattice-oracle.cc:332) For utterance F361482855-250601934_115210-1221818620_1667117229-GB-F-008, best cost 0
Lattice F361482855-250601934_115210-1221818620_1667117229-GB-F-009 read.
LOG (lattice-oracle[5.5.480~1-09abd]:main():lattice-oracle.cc:318) %WER 0 [ 0 / 5, 0 insertions, 0 deletions, 0 sub ]
LOG (lattice-oracle[5.5.480~1-09abd]:main():lattice-oracle.cc:332) For utterance F361482855-250601934_115210-1221818620_1667117229-GB-F-009, best cost 0
Lattice F361482855-250601934_115210-1221818620_1667117229-GB-F-010 read.
LOG (lattice-oracle[5.5.480~1-09abd]:main():lattice-oracle.cc:318) %WER 0 [ 0 / 6, 0 insertions, 0 deletions, 0 sub ]
LOG (lattice-oracle[5.5.480~1-09abd]:main():lattice-oracle.cc:332) For utterance F361482855-250601934_115210-1221818620_1667117229-GB-F-010, best cost 0
Lattice F361482855-250601934_115210-1221818620_1667117229-GB-F-011 read.
LOG (lattice-oracle[5.5.480~1-09abd]:main():lattice-oracle.cc:318) %WER 0 [ 0 / 4, 0 insertions, 0 deletions, 0 sub ]
LOG (lattice-oracle[5.5.480~1-09abd]:main():lattice-oracle.cc:332) For utterance F361482855-250601934_115210-1221818620_1667117229-GB-F-011, best cost 0
Lattice F361482855-250601934_115210-1221818620_1667117229-GB-F-012 read.
LOG (lattice-oracle[5.5.480~1-09abd]:main():lattice-oracle.cc:318) %WER 0 [ 0 / 4, 0 insertions, 0 deletions, 0 sub ]
LOG (lattice-oracle[5.5.480~1-09abd]:main():lattice-oracle.cc:332) For utterance F361482855-250601934_115210-1221818620_1667117229-GB-F-012, best cost 0
Lattice F361482855-250601934_115210-1221818620_1667117229-GB-F-014 read.
LOG (lattice-oracle[5.5.480~1-09abd]:main():lattice-oracle.cc:318) %WER 33.3333 [ 2 / 6, 0 insertions, 0 deletions, 2 sub ]
LOG (lattice-oracle[5.5.480~1-09abd]:main():lattice-oracle.cc:332) For utterance F361482855-250601934_115210-1221818620_1667117229-GB-F-014, best cost 2
Lattice F361482855-250601934_115210-1221818620_1667117229-GB-F-015 read.
LOG (lattice-oracle[5.5.480~1-09abd]:main():lattice-oracle.cc:318) %WER 0 [ 0 / 12, 0 insertions, 0 deletions, 0 sub ]
LOG (lattice-oracle[5.5.480~1-09abd]:main():lattice-oracle.cc:332) For utterance F361482855-250601934_115210-1221818620_1667117229-GB-F-015, best cost 0
Lattice F361482855-250601934_115210-1221818620_1667117229-GB-F-017 read.
LOG (lattice-oracle[5.5.480~1-09abd]:main():lattice-oracle.cc:318) %WER 0 [ 0 / 6, 0 insertions, 0 deletions, 0 sub ]
LOG (lattice-oracle[5.5.480~1-09abd]:main():lattice-oracle.cc:332) For utterance F361482855-250601934_115210-1221818620_1667117229-GB-F-017, best cost 0
Lattice F361482855-250601934_115210-1221818620_1667117229-GB-F-019 read.
LOG (lattice-oracle[5.5.480~1-09abd]:main():lattice-oracle.cc:318) %WER 0 [ 0 / 7, 0 insertions, 0 deletions, 0 sub ]
LOG (lattice-oracle[5.5.480~1-09abd]:main():lattice-oracle.cc:332) For utterance F361482855-250601934_115210-1221818620_1667117229-GB-F-019, best cost 0
Lattice F361482855-250601934_115210-1221818620_1667117229-GB-F-020 read.
LOG (lattice-oracle[5.5.480~1-09abd]:main():lattice-oracle.cc:318) %WER 0 [ 0 / 3, 0 insertions, 0 deletions, 0 sub ]
LOG (lattice-oracle[5.5.480~1-09abd]:main():lattice-oracle.cc:332) For utterance F361482855-250601934_115210-1221818620_1667117229-GB-F-020, best cost 0
Lattice F361482855-250601934_115210-1221818620_1667117229-GB-F-021 read.
LOG (lattice-oracle[5.5.480~1-09abd]:main():lattice-oracle.cc:318) %WER 20 [ 1 / 5, 1 insertions, 0 deletions, 0 sub ]
LOG (lattice-oracle[5.5.480~1-09abd]:main():lattice-oracle.cc:332) For utterance F361482855-250601934_115210-1221818620_1667117229-GB-F-021, best cost 1
Lattice F361482855-250601934_115210-1221818620_1667117229-GB-F-022 read.
LOG (lattice-oracle[5.5.480~1-09abd]:main():lattice-oracle.cc:318) %WER 0 [ 0 / 6, 0 insertions, 0 deletions, 0 sub ]
LOG (lattice-oracle[5.5.480~1-09abd]:main():lattice-oracle.cc:332) For utterance F361482855-250601934_115210-1221818620_1667117229-GB-F-022, best cost 0
Lattice F361482855-250601934_115210-1221818620_1667117229-GB-F-023 read.
LOG (lattice-oracle[5.5.480~1-09abd]:main():lattice-oracle.cc:318) %WER 0 [ 0 / 4, 0 insertions, 0 deletions, 0 sub ]
LOG (lattice-oracle[5.5.480~1-09abd]:main():lattice-oracle.cc:332) For utterance F361482855-250601934_115210-1221818620_1667117229-GB-F-023, best cost 0
Lattice F361482855-250601934_115210-1221818620_1667117229-GB-F-024 read.
LOG (lattice-oracle[5.5.480~1-09abd]:main():lattice-oracle.cc:318) %WER 0 [ 0 / 4, 0 insertions, 0 deletions, 0 sub ]
LOG (lattice-oracle[5.5.480~1-09abd]:main():lattice-oracle.cc:332) For utterance F361482855-250601934_115210-1221818620_1667117229-GB-F-024, best cost 0
Lattice F361482855-250601934_115210-1221818620_1667117229-GB-F-026 read.
LOG (lattice-oracle[5.5.480~1-09abd]:main():lattice-oracle.cc:318) %WER 11.1111 [ 2 / 18, 2 insertions, 0 deletions, 0 sub ]
LOG (lattice-oracle[5.5.480~1-09abd]:main():lattice-oracle.cc:332) For utterance F361482855-250601934_115210-1221818620_1667117229-GB-F-026, best cost 2
Lattice F361482855-250601934_115210-1221818620_1667117229-GB-F-029 read.
LOG (lattice-oracle[5.5.480~1-09abd]:main():lattice-oracle.cc:318) %WER 0 [ 0 / 6, 0 insertions, 0 deletions, 0 sub ]
LOG (lattice-oracle[5.5.480~1-09abd]:main():lattice-oracle.cc:332) For utterance F361482855-250601934_115210-1221818620_1667117229-GB-F-029, best cost 0
Lattice F361482855-250601934_115210-1221818620_1667117229-GB-F-030 read.
LOG (lattice-oracle[5.5.480~1-09abd]:main():lattice-oracle.cc:318) %WER 0 [ 0 / 7, 0 insertions, 0 deletions, 0 sub ]
LOG (lattice-oracle[5.5.480~1-09abd]:main():lattice-oracle.cc:332) For utterance F361482855-250601934_115210-1221818620_1667117229-GB-F-030, best cost 0
Lattice F361482855-366321445_130404-834705675_1675201110-GB-F-003 read.
LOG (lattice-oracle[5.5.480~1-09abd]:main():lattice-oracle.cc:318) %WER 0 [ 0 / 2, 0 insertions, 0 deletions, 0 sub ]
LOG (lattice-oracle[5.5.480~1-09abd]:main():lattice-oracle.cc:332) For utterance F361482855-366321445_130404-834705675_1675201110-GB-F-003, best cost 0
Lattice F361482855-366321445_130404-834705675_1675201110-GB-F-004 read.
LOG (lattice-oracle[5.5.480~1-09abd]:main():lattice-oracle.cc:318) %WER 0 [ 0 / 3, 0 insertions, 0 deletions, 0 sub ]
LOG (lattice-oracle[5.5.480~1-09abd]:main():lattice-oracle.cc:332) For utterance F361482855-366321445_130404-834705675_1675201110-GB-F-004, best cost 0
Lattice F361482855-366321445_130404-834705675_1675201110-GB-F-005 read.
LOG (lattice-oracle[5.5.480~1-09abd]:main():lattice-oracle.cc:318) %WER 0 [ 0 / 5, 0 insertions, 0 deletions, 0 sub ]
LOG (lattice-oracle[5.5.480~1-09abd]:main():lattice-oracle.cc:332) For utterance F361482855-366321445_130404-834705675_1675201110-GB-F-005, best cost 0
Lattice F361482855-366321445_130404-834705675_1675201110-GB-F-006 read.
LOG (lattice-oracle[5.5.480~1-09abd]:main():lattice-oracle.cc:318) %WER 0 [ 0 / 7, 0 insertions, 0 deletions, 0 sub ]
LOG (lattice-oracle[5.5.480~1-09abd]:main():lattice-oracle.cc:332) For utterance F361482855-366321445_130404-834705675_1675201110-GB-F-006, best cost 0
Lattice F361482855-366321445_130404-834705675_1675201110-GB-F-008 read.
LOG (lattice-oracle[5.5.480~1-09abd]:main():lattice-oracle.cc:318) %WER 0 [ 0 / 24, 0 insertions, 0 deletions, 0 sub ]
LOG (lattice-oracle[5.5.480~1-09abd]:main():lattice-oracle.cc:332) For utterance F361482855-366321445_130404-834705675_1675201110-GB-F-008, best cost 0
Lattice F361482855-366321445_130404-834705675_1675201110-GB-F-014 read.
LOG (lattice-oracle[5.5.480~1-09abd]:main():lattice-oracle.cc:318) %WER 0 [ 0 / 11, 0 insertions, 0 deletions, 0 sub ]
LOG (lattice-oracle[5.5.480~1-09abd]:main():lattice-oracle.cc:332) For utterance F361482855-366321445_130404-834705675_1675201110-GB-F-014, best cost 0
Lattice F361482855-366321445_130404-834705675_1675201110-GB-F-016 read.
LOG (lattice-oracle[5.5.480~1-09abd]:main():lattice-oracle.cc:318) %WER 0 [ 0 / 5, 0 insertions, 0 deletions, 0 sub ]
LOG (lattice-oracle[5.5.480~1-09abd]:main():lattice-oracle.cc:332) For utterance F361482855-366321445_130404-834705675_1675201110-GB-F-016, best cost 0
Lattice F361482855-366321445_130404-834705675_1675201110-GB-F-018 read.
LOG (lattice-oracle[5.5.480~1-09abd]:main():lattice-oracle.cc:318) %WER 0 [ 0 / 8, 0 insertions, 0 deletions, 0 sub ]
LOG (lattice-oracle[5.5.480~1-09abd]:main():lattice-oracle.cc:332) For utterance F361482855-366321445_130404-834705675_1675201110-GB-F-018, best cost 0
Lattice F361482855-366321445_130404-834705675_1675201110-GB-F-019 read.
LOG (lattice-oracle[5.5.480~1-09abd]:main():lattice-oracle.cc:318) %WER 14.2857 [ 1 / 7, 1 insertions, 0 deletions, 0 sub ]
LOG (lattice-oracle[5.5.480~1-09abd]:main():lattice-oracle.cc:332) For utterance F361482855-366321445_130404-834705675_1675201110-GB-F-019, best cost 1
Lattice F361482855-366321445_130404-834705675_1675201110-GB-F-020 read.
LOG (lattice-oracle[5.5.480~1-09abd]:main():lattice-oracle.cc:318) %WER 0 [ 0 / 6, 0 insertions, 0 deletions, 0 sub ]
LOG (lattice-oracle[5.5.480~1-09abd]:main():lattice-oracle.cc:332) For utterance F361482855-366321445_130404-834705675_1675201110-GB-F-020, best cost 0
Lattice F361482855-366321445_130404-834705675_1675201110-GB-F-021 read.
LOG (lattice-oracle[5.5.480~1-09abd]:main():lattice-oracle.cc:318) %WER 0 [ 0 / 15, 0 insertions, 0 deletions, 0 sub ]
LOG (lattice-oracle[5.5.480~1-09abd]:main():lattice-oracle.cc:332) For utterance F361482855-366321445_130404-834705675_1675201110-GB-F-021, best cost 0
Lattice F361482855-366321445_130404-834705675_1675201110-GB-F-024 read.
LOG (lattice-oracle[5.5.480~1-09abd]:main():lattice-oracle.cc:318) %WER 0 [ 0 / 6, 0 insertions, 0 deletions, 0 sub ]
LOG (lattice-oracle[5.5.480~1-09abd]:main():lattice-oracle.cc:332) For utterance F361482855-366321445_130404-834705675_1675201110-GB-F-024, best cost 0
Lattice F361482855-366321445_130404-834705675_1675201110-GB-F-026 read.
LOG (lattice-oracle[5.5.480~1-09abd]:main():lattice-oracle.cc:318) %WER 0 [ 0 / 8, 0 insertions, 0 deletions, 0 sub ]
LOG (lattice-oracle[5.5.480~1-09abd]:main():lattice-oracle.cc:332) For utterance F361482855-366321445_130404-834705675_1675201110-GB-F-026, best cost 0
Lattice F361482855-366321445_130404-834705675_1675201110-GB-F-028 read.
LOG (lattice-oracle[5.5.480~1-09abd]:main():lattice-oracle.cc:318) %WER 0 [ 0 / 3, 0 insertions, 0 deletions, 0 sub ]
LOG (lattice-oracle[5.5.480~1-09abd]:main():lattice-oracle.cc:332) For utterance F361482855-366321445_130404-834705675_1675201110-GB-F-028, best cost 0
Lattice F361482855-366321445_130404-834705675_1675201110-GB-F-029 read.
LOG (lattice-oracle[5.5.480~1-09abd]:main():lattice-oracle.cc:318) %WER 0 [ 0 / 8, 0 insertions, 0 deletions, 0 sub ]
LOG (lattice-oracle[5.5.480~1-09abd]:main():lattice-oracle.cc:332) For utterance F361482855-366321445_130404-834705675_1675201110-GB-F-029, best cost 0
Lattice F361482855-366321445_130404-834705675_1675201110-GB-F-030 read.
LOG (lattice-oracle[5.5.480~1-09abd]:main():lattice-oracle.cc:318) %WER 0 [ 0 / 3, 0 insertions, 0 deletions, 0 sub ]
LOG (lattice-oracle[5.5.480~1-09abd]:main():lattice-oracle.cc:332) For utterance F361482855-366321445_130404-834705675_1675201110-GB-F-030, best cost 0
Lattice F361482855-366321445_130404-834705675_1675201110-GB-F-031 read.
LOG (lattice-oracle[5.5.480~1-09abd]:main():lattice-oracle.cc:318) %WER 0 [ 0 / 13, 0 insertions, 0 deletions, 0 sub ]
LOG (lattice-oracle[5.5.480~1-09abd]:main():lattice-oracle.cc:332) For utterance F361482855-366321445_130404-834705675_1675201110-GB-F-031, best cost 0
Lattice F361482855-366321445_130404-834705675_1675201110-GB-F-034 read.
LOG (lattice-oracle[5.5.480~1-09abd]:main():lattice-oracle.cc:318) %WER 0 [ 0 / 8, 0 insertions, 0 deletions, 0 sub ]
LOG (lattice-oracle[5.5.480~1-09abd]:main():lattice-oracle.cc:332) For utterance F361482855-366321445_130404-834705675_1675201110-GB-F-034, best cost 0
Lattice F361482855-366321445_130404-834705675_1675201110-GB-F-036 read.
LOG (lattice-oracle[5.5.480~1-09abd]:main():lattice-oracle.cc:318) %WER 0 [ 0 / 8, 0 insertions, 0 deletions, 0 sub ]
LOG (lattice-oracle[5.5.480~1-09abd]:main():lattice-oracle.cc:332) For utterance F361482855-366321445_130404-834705675_1675201110-GB-F-036, best cost 0
Lattice F361482855-366321445_130404-834705675_1675201110-GB-F-038 read.
LOG (lattice-oracle[5.5.480~1-09abd]:main():lattice-oracle.cc:318) %WER 0 [ 0 / 5, 0 insertions, 0 deletions, 0 sub ]
LOG (lattice-oracle[5.5.480~1-09abd]:main():lattice-oracle.cc:332) For utterance F361482855-366321445_130404-834705675_1675201110-GB-F-038, best cost 0
Lattice F361482855-366321445_130404-834705675_1675201110-GB-F-041 read.
LOG (lattice-oracle[5.5.480~1-09abd]:main():lattice-oracle.cc:318) %WER 0 [ 0 / 25, 0 insertions, 0 deletions, 0 sub ]
LOG (lattice-oracle[5.5.480~1-09abd]:main():lattice-oracle.cc:332) For utterance F361482855-366321445_130404-834705675_1675201110-GB-F-041, best cost 0
Lattice F361482855-366321445_130404-834705675_1675201110-GB-F-047 read.
LOG (lattice-oracle[5.5.480~1-09abd]:main():lattice-oracle.cc:318) %WER 0 [ 0 / 3, 0 insertions, 0 deletions, 0 sub ]
LOG (lattice-oracle[5.5.480~1-09abd]:main():lattice-oracle.cc:332) For utterance F361482855-366321445_130404-834705675_1675201110-GB-F-047, best cost 0
Lattice F361482855-366321445_130404-834705675_1675201110-GB-F-048 read.
LOG (lattice-oracle[5.5.480~1-09abd]:main():lattice-oracle.cc:318) %WER 0 [ 0 / 5, 0 insertions, 0 deletions, 0 sub ]
LOG (lattice-oracle[5.5.480~1-09abd]:main():lattice-oracle.cc:332) For utterance F361482855-366321445_130404-834705675_1675201110-GB-F-048, best cost 0
Lattice F361482855-366321445_130404-834705675_1675201110-GB-F-049 read.
LOG (lattice-oracle[5.5.480~1-09abd]:main():lattice-oracle.cc:318) %WER 0 [ 0 / 8, 0 insertions, 0 deletions, 0 sub ]
LOG (lattice-oracle[5.5.480~1-09abd]:main():lattice-oracle.cc:332) For utterance F361482855-366321445_130404-834705675_1675201110-GB-F-049, best cost 0
Lattice F361482855-370582646_496045-418380481_1685916908-GB-F-005 read.
LOG (lattice-oracle[5.5.480~1-09abd]:main():lattice-oracle.cc:318) %WER 0 [ 0 / 3, 0 insertions, 0 deletions, 0 sub ]
LOG (lattice-oracle[5.5.480~1-09abd]:main():lattice-oracle.cc:332) For utterance F361482855-370582646_496045-418380481_1685916908-GB-F-005, best cost 0
Lattice F361482855-370582646_496045-418380481_1685916908-GB-F-006 read.
LOG (lattice-oracle[5.5.480~1-09abd]:main():lattice-oracle.cc:318) %WER 0 [ 0 / 3, 0 insertions, 0 deletions, 0 sub ]
LOG (lattice-oracle[5.5.480~1-09abd]:main():lattice-oracle.cc:332) For utterance F361482855-370582646_496045-418380481_1685916908-GB-F-006, best cost 0
Lattice F361482855-370582646_496045-418380481_1685916908-GB-F-007 read.
LOG (lattice-oracle[5.5.480~1-09abd]:main():lattice-oracle.cc:318) %WER 0 [ 0 / 3, 0 insertions, 0 deletions, 0 sub ]
LOG (lattice-oracle[5.5.480~1-09abd]:main():lattice-oracle.cc:332) For utterance F361482855-370582646_496045-418380481_1685916908-GB-F-007, best cost 0
Lattice F361482855-370582646_496045-418380481_1685916908-GB-F-009 read.
LOG (lattice-oracle[5.5.480~1-09abd]:main():lattice-oracle.cc:318) %WER 0 [ 0 / 3, 0 insertions, 0 deletions, 0 sub ]
LOG (lattice-oracle[5.5.480~1-09abd]:main():lattice-oracle.cc:332) For utterance F361482855-370582646_496045-418380481_1685916908-GB-F-009, best cost 0
Lattice F361482855-370582646_496045-418380481_1685916908-GB-F-014 read.
LOG (lattice-oracle[5.5.480~1-09abd]:main():lattice-oracle.cc:318) %WER 47.0588 [ 8 / 17, 2 insertions, 6 deletions, 0 sub ]
LOG (lattice-oracle[5.5.480~1-09abd]:main():lattice-oracle.cc:332) For utterance F361482855-370582646_496045-418380481_1685916908-GB-F-014, best cost 8
Lattice F361482855-370582646_496045-418380481_1685916908-GB-F-024 read.
LOG (lattice-oracle[5.5.480~1-09abd]:main():lattice-oracle.cc:318) %WER 20 [ 1 / 5, 1 insertions, 0 deletions, 0 sub ]
LOG (lattice-oracle[5.5.480~1-09abd]:main():lattice-oracle.cc:332) For utterance F361482855-370582646_496045-418380481_1685916908-GB-F-024, best cost 1
Lattice F361482855-370582646_496045-418380481_1685916908-GB-F-025 read.
LOG (lattice-oracle[5.5.480~1-09abd]:main():lattice-oracle.cc:318) %WER 0 [ 0 / 7, 0 insertions, 0 deletions, 0 sub ]
LOG (lattice-oracle[5.5.480~1-09abd]:main():lattice-oracle.cc:332) For utterance F361482855-370582646_496045-418380481_1685916908-GB-F-025, best cost 0
Lattice F361482855-370582646_496045-418380481_1685916908-GB-F-026 read.
LOG (lattice-oracle[5.5.480~1-09abd]:main():lattice-oracle.cc:318) %WER 0 [ 0 / 7, 0 insertions, 0 deletions, 0 sub ]
LOG (lattice-oracle[5.5.480~1-09abd]:main():lattice-oracle.cc:332) For utterance F361482855-370582646_496045-418380481_1685916908-GB-F-026, best cost 0
Lattice F361482855-370582646_496045-418380481_1685916908-GB-F-033 read.
LOG (lattice-oracle[5.5.480~1-09abd]:main():lattice-oracle.cc:318) %WER 0 [ 0 / 4, 0 insertions, 0 deletions, 0 sub ]
LOG (lattice-oracle[5.5.480~1-09abd]:main():lattice-oracle.cc:332) For utterance F361482855-370582646_496045-418380481_1685916908-GB-F-033, best cost 0
Lattice F361482855-370582646_496045-418380481_1685916908-GB-F-034 read.
LOG (lattice-oracle[5.5.480~1-09abd]:main():lattice-oracle.cc:318) %WER 0 [ 0 / 4, 0 insertions, 0 deletions, 0 sub ]
LOG (lattice-oracle[5.5.480~1-09abd]:main():lattice-oracle.cc:332) For utterance F361482855-370582646_496045-418380481_1685916908-GB-F-034, best cost 0
Lattice F361482855-370582646_496045-418380481_1685916908-GB-F-036 read.
LOG (lattice-oracle[5.5.480~1-09abd]:main():lattice-oracle.cc:318) %WER 0 [ 0 / 4, 0 insertions, 0 deletions, 0 sub ]
LOG (lattice-oracle[5.5.480~1-09abd]:main():lattice-oracle.cc:332) For utterance F361482855-370582646_496045-418380481_1685916908-GB-F-036, best cost 0
Lattice F361482855-370582646_496045-418380481_1685916908-GB-F-039 read.
LOG (lattice-oracle[5.5.480~1-09abd]:main():lattice-oracle.cc:318) %WER 22.2222 [ 2 / 9, 0 insertions, 2 deletions, 0 sub ]
LOG (lattice-oracle[5.5.480~1-09abd]:main():lattice-oracle.cc:332) For utterance F361482855-370582646_496045-418380481_1685916908-GB-F-039, best cost 2
Lattice F361482855-370582646_496045-418380481_1685916908-GB-F-041 read.
LOG (lattice-oracle[5.5.480~1-09abd]:main():lattice-oracle.cc:318) %WER 0 [ 0 / 8, 0 insertions, 0 deletions, 0 sub ]
LOG (lattice-oracle[5.5.480~1-09abd]:main():lattice-oracle.cc:332) For utterance F361482855-370582646_496045-418380481_1685916908-GB-F-041, best cost 0
Lattice F361482855-370582646_496045-418380481_1685916908-GB-F-048 read.
LOG (lattice-oracle[5.5.480~1-09abd]:main():lattice-oracle.cc:318) %WER 16.6667 [ 1 / 6, 1 insertions, 0 deletions, 0 sub ]
LOG (lattice-oracle[5.5.480~1-09abd]:main():lattice-oracle.cc:332) For utterance F361482855-370582646_496045-418380481_1685916908-GB-F-048, best cost 1
Lattice F361482855-370582646_496045-418380481_1685916908-GB-F-051 read.
LOG (lattice-oracle[5.5.480~1-09abd]:main():lattice-oracle.cc:318) %WER 77.7778 [ 7 / 9, 0 insertions, 7 deletions, 0 sub ]
LOG (lattice-oracle[5.5.480~1-09abd]:main():lattice-oracle.cc:332) For utterance F361482855-370582646_496045-418380481_1685916908-GB-F-051, best cost 7
Lattice F361482855-370582646_496045-418380481_1685916908-GB-F-059 read.
LOG (lattice-oracle[5.5.480~1-09abd]:main():lattice-oracle.cc:318) %WER 14.2857 [ 1 / 7, 1 insertions, 0 deletions, 0 sub ]
LOG (lattice-oracle[5.5.480~1-09abd]:main():lattice-oracle.cc:332) For utterance F361482855-370582646_496045-418380481_1685916908-GB-F-059, best cost 1
Lattice F361482855-370582646_496045-418380481_1685916908-GB-F-060 read.
LOG (lattice-oracle[5.5.480~1-09abd]:main():lattice-oracle.cc:318) %WER 0 [ 0 / 3, 0 insertions, 0 deletions, 0 sub ]
LOG (lattice-oracle[5.5.480~1-09abd]:main():lattice-oracle.cc:332) For utterance F361482855-370582646_496045-418380481_1685916908-GB-F-060, best cost 0
Lattice F361482855-3771973_3771973-418380481_1646541905-GB-F-004 read.
LOG (lattice-oracle[5.5.480~1-09abd]:main():lattice-oracle.cc:318) %WER 0 [ 0 / 16, 0 insertions, 0 deletions, 0 sub ]
LOG (lattice-oracle[5.5.480~1-09abd]:main():lattice-oracle.cc:332) For utterance F361482855-3771973_3771973-418380481_1646541905-GB-F-004, best cost 0
Lattice F361482855-3771973_3771973-418380481_1646541905-GB-F-008 read.
LOG (lattice-oracle[5.5.480~1-09abd]:main():lattice-oracle.cc:318) %WER 5 [ 1 / 20, 1 insertions, 0 deletions, 0 sub ]
LOG (lattice-oracle[5.5.480~1-09abd]:main():lattice-oracle.cc:332) For utterance F361482855-3771973_3771973-418380481_1646541905-GB-F-008, best cost 1
Lattice F361482855-3771973_3771973-418380481_1646541905-GB-F-011 read.
LOG (lattice-oracle[5.5.480~1-09abd]:main():lattice-oracle.cc:318) %WER 100 [ 7 / 7, 0 insertions, 1 deletions, 6 sub ]
LOG (lattice-oracle[5.5.480~1-09abd]:main():lattice-oracle.cc:332) For utterance F361482855-3771973_3771973-418380481_1646541905-GB-F-011, best cost 7
Lattice F361482855-3771973_3771973-418380481_1646541905-GB-F-013 read.
LOG (lattice-oracle[5.5.480~1-09abd]:main():lattice-oracle.cc:318) %WER 16.6667 [ 1 / 6, 1 insertions, 0 deletions, 0 sub ]
LOG (lattice-oracle[5.5.480~1-09abd]:main():lattice-oracle.cc:332) For utterance F361482855-3771973_3771973-418380481_1646541905-GB-F-013, best cost 1
Lattice F361482855-3771973_3771973-418380481_1646541905-GB-F-014 read.
LOG (lattice-oracle[5.5.480~1-09abd]:main():lattice-oracle.cc:318) %WER 0 [ 0 / 7, 0 insertions, 0 deletions, 0 sub ]
LOG (lattice-oracle[5.5.480~1-09abd]:main():lattice-oracle.cc:332) For utterance F361482855-3771973_3771973-418380481_1646541905-GB-F-014, best cost 0
Lattice F361482855-3771973_3771973-418380481_1646541905-GB-F-020 read.
LOG (lattice-oracle[5.5.480~1-09abd]:main():lattice-oracle.cc:318) %WER 0 [ 0 / 9, 0 insertions, 0 deletions, 0 sub ]
LOG (lattice-oracle[5.5.480~1-09abd]:main():lattice-oracle.cc:332) For utterance F361482855-3771973_3771973-418380481_1646541905-GB-F-020, best cost 0
Lattice F361482855-444098662_484169-1041436482_1617677022-GB-F-006 read.
LOG (lattice-oracle[5.5.480~1-09abd]:main():lattice-oracle.cc:318) %WER 200 [ 2 / 1, 2 insertions, 0 deletions, 0 sub ]
LOG (lattice-oracle[5.5.480~1-09abd]:main():lattice-oracle.cc:332) For utterance F361482855-444098662_484169-1041436482_1617677022-GB-F-006, best cost 2
Lattice F361482855-444098662_484169-1041436482_1617677022-GB-F-008 read.
LOG (lattice-oracle[5.5.480~1-09abd]:main():lattice-oracle.cc:318) %WER 0 [ 0 / 2, 0 insertions, 0 deletions, 0 sub ]
LOG (lattice-oracle[5.5.480~1-09abd]:main():lattice-oracle.cc:332) For utterance F361482855-444098662_484169-1041436482_1617677022-GB-F-008, best cost 0
Lattice F361482855-444098662_484169-1041436482_1617677022-GB-F-009 read.
LOG (lattice-oracle[5.5.480~1-09abd]:main():lattice-oracle.cc:318) %WER 0 [ 0 / 5, 0 insertions, 0 deletions, 0 sub ]
LOG (lattice-oracle[5.5.480~1-09abd]:main():lattice-oracle.cc:332) For utterance F361482855-444098662_484169-1041436482_1617677022-GB-F-009, best cost 0
Lattice F361482855-444098662_484169-1041436482_1617677022-GB-F-011 read.
LOG (lattice-oracle[5.5.480~1-09abd]:main():lattice-oracle.cc:318) %WER 0 [ 0 / 2, 0 insertions, 0 deletions, 0 sub ]
LOG (lattice-oracle[5.5.480~1-09abd]:main():lattice-oracle.cc:332) For utterance F361482855-444098662_484169-1041436482_1617677022-GB-F-011, best cost 0
Lattice F361482855-444098662_484169-1041436482_1617677022-GB-F-012 read.
LOG (lattice-oracle[5.5.480~1-09abd]:main():lattice-oracle.cc:318) %WER 0 [ 0 / 2, 0 insertions, 0 deletions, 0 sub ]
LOG (lattice-oracle[5.5.480~1-09abd]:main():lattice-oracle.cc:332) For utterance F361482855-444098662_484169-1041436482_1617677022-GB-F-012, best cost 0
Lattice F361482855-444098662_484169-1041436482_1617677022-GB-F-013 read.
LOG (lattice-oracle[5.5.480~1-09abd]:main():lattice-oracle.cc:318) %WER 0 [ 0 / 4, 0 insertions, 0 deletions, 0 sub ]
LOG (lattice-oracle[5.5.480~1-09abd]:main():lattice-oracle.cc:332) For utterance F361482855-444098662_484169-1041436482_1617677022-GB-F-013, best cost 0
Lattice F361482855-444098662_484169-1041436482_1617677022-GB-F-015 read.
LOG (lattice-oracle[5.5.480~1-09abd]:main():lattice-oracle.cc:318) %WER 0 [ 0 / 2, 0 insertions, 0 deletions, 0 sub ]
LOG (lattice-oracle[5.5.480~1-09abd]:main():lattice-oracle.cc:332) For utterance F361482855-444098662_484169-1041436482_1617677022-GB-F-015, best cost 0
Lattice F361482855-444098662_484169-1041436482_1617677022-GB-F-016 read.
LOG (lattice-oracle[5.5.480~1-09abd]:main():lattice-oracle.cc:318) %WER 0 [ 0 / 2, 0 insertions, 0 deletions, 0 sub ]
LOG (lattice-oracle[5.5.480~1-09abd]:main():lattice-oracle.cc:332) For utterance F361482855-444098662_484169-1041436482_1617677022-GB-F-016, best cost 0
Lattice F361482855-444098662_484169-1041436482_1617677022-GB-F-017 read.
LOG (lattice-oracle[5.5.480~1-09abd]:main():lattice-oracle.cc:318) %WER 0 [ 0 / 6, 0 insertions, 0 deletions, 0 sub ]
LOG (lattice-oracle[5.5.480~1-09abd]:main():lattice-oracle.cc:332) For utterance F361482855-444098662_484169-1041436482_1617677022-GB-F-017, best cost 0
Lattice F361482855-444098662_484169-1041436482_1617677022-GB-F-020 read.
LOG (lattice-oracle[5.5.480~1-09abd]:main():lattice-oracle.cc:318) %WER 150 [ 3 / 2, 3 insertions, 0 deletions, 0 sub ]
LOG (lattice-oracle[5.5.480~1-09abd]:main():lattice-oracle.cc:332) For utterance F361482855-444098662_484169-1041436482_1617677022-GB-F-020, best cost 3
Lattice F361482855-444098662_484169-1041436482_1617677022-GB-F-021 read.
LOG (lattice-oracle[5.5.480~1-09abd]:main():lattice-oracle.cc:318) %WER 80 [ 4 / 5, 4 insertions, 0 deletions, 0 sub ]
LOG (lattice-oracle[5.5.480~1-09abd]:main():lattice-oracle.cc:332) For utterance F361482855-444098662_484169-1041436482_1617677022-GB-F-021, best cost 4
Lattice F361482855-444098662_484169-1041436482_1617677022-GB-F-024 read.
LOG (lattice-oracle[5.5.480~1-09abd]:main():lattice-oracle.cc:318) %WER 100 [ 4 / 4, 0 insertions, 1 deletions, 3 sub ]
LOG (lattice-oracle[5.5.480~1-09abd]:main():lattice-oracle.cc:332) For utterance F361482855-444098662_484169-1041436482_1617677022-GB-F-024, best cost 4
Lattice F361482855-444098662_484169-1041436482_1617677022-GB-F-026 read.
LOG (lattice-oracle[5.5.480~1-09abd]:main():lattice-oracle.cc:318) %WER 20 [ 1 / 5, 1 insertions, 0 deletions, 0 sub ]
LOG (lattice-oracle[5.5.480~1-09abd]:main():lattice-oracle.cc:332) For utterance F361482855-444098662_484169-1041436482_1617677022-GB-F-026, best cost 1
Lattice F361482855-444098662_484169-1041436482_1617677022-GB-F-029 read.
LOG (lattice-oracle[5.5.480~1-09abd]:main():lattice-oracle.cc:318) %WER 5 [ 1 / 20, 1 insertions, 0 deletions, 0 sub ]
LOG (lattice-oracle[5.5.480~1-09abd]:main():lattice-oracle.cc:332) For utterance F361482855-444098662_484169-1041436482_1617677022-GB-F-029, best cost 1
Lattice F361482855-444098662_484169-1041436482_1617677022-GB-F-035 read.
LOG (lattice-oracle[5.5.480~1-09abd]:main():lattice-oracle.cc:318) %WER 33.3333 [ 2 / 6, 2 insertions, 0 deletions, 0 sub ]
LOG (lattice-oracle[5.5.480~1-09abd]:main():lattice-oracle.cc:332) For utterance F361482855-444098662_484169-1041436482_1617677022-GB-F-035, best cost 2
Lattice F361482855-444098662_484169-1041436482_1617677022-GB-F-037 read.
LOG (lattice-oracle[5.5.480~1-09abd]:main():lattice-oracle.cc:318) %WER 0 [ 0 / 4, 0 insertions, 0 deletions, 0 sub ]
LOG (lattice-oracle[5.5.480~1-09abd]:main():lattice-oracle.cc:332) For utterance F361482855-444098662_484169-1041436482_1617677022-GB-F-037, best cost 0
Lattice F361482855-444098662_484169-1041436482_1617677022-GB-F-039 read.
LOG (lattice-oracle[5.5.480~1-09abd]:main():lattice-oracle.cc:318) %WER 0 [ 0 / 8, 0 insertions, 0 deletions, 0 sub ]
LOG (lattice-oracle[5.5.480~1-09abd]:main():lattice-oracle.cc:332) For utterance F361482855-444098662_484169-1041436482_1617677022-GB-F-039, best cost 0
Lattice F361482855-444098662_484169-1041436482_1617677022-GB-F-043 read.
LOG (lattice-oracle[5.5.480~1-09abd]:main():lattice-oracle.cc:318) %WER 0 [ 0 / 2, 0 insertions, 0 deletions, 0 sub ]
LOG (lattice-oracle[5.5.480~1-09abd]:main():lattice-oracle.cc:332) For utterance F361482855-444098662_484169-1041436482_1617677022-GB-F-043, best cost 0
Lattice F361482855-444098662_484169-1041436482_1617677022-GB-F-044 read.
LOG (lattice-oracle[5.5.480~1-09abd]:main():lattice-oracle.cc:318) %WER 0 [ 0 / 1, 0 insertions, 0 deletions, 0 sub ]
LOG (lattice-oracle[5.5.480~1-09abd]:main():lattice-oracle.cc:332) For utterance F361482855-444098662_484169-1041436482_1617677022-GB-F-044, best cost 0
Lattice F361482855-444098662_484169-1041436482_1617677022-GB-F-045 read.
LOG (lattice-oracle[5.5.480~1-09abd]:main():lattice-oracle.cc:318) %WER 0 [ 0 / 5, 0 insertions, 0 deletions, 0 sub ]
LOG (lattice-oracle[5.5.480~1-09abd]:main():lattice-oracle.cc:332) For utterance F361482855-444098662_484169-1041436482_1617677022-GB-F-045, best cost 0
Lattice F361482855-444098662_484169-1041436482_1617677022-GB-F-047 read.
LOG (lattice-oracle[5.5.480~1-09abd]:main():lattice-oracle.cc:318) %WER 0 [ 0 / 6, 0 insertions, 0 deletions, 0 sub ]
LOG (lattice-oracle[5.5.480~1-09abd]:main():lattice-oracle.cc:332) For utterance F361482855-444098662_484169-1041436482_1617677022-GB-F-047, best cost 0
Lattice F361482855-444098662_484169-1041436482_1617677022-GB-F-050 read.
LOG (lattice-oracle[5.5.480~1-09abd]:main():lattice-oracle.cc:318) %WER 0 [ 0 / 2, 0 insertions, 0 deletions, 0 sub ]
LOG (lattice-oracle[5.5.480~1-09abd]:main():lattice-oracle.cc:332) For utterance F361482855-444098662_484169-1041436482_1617677022-GB-F-050, best cost 0
Lattice F361482855-444098662_484169-1041436482_1617677022-GB-F-051 read.
LOG (lattice-oracle[5.5.480~1-09abd]:main():lattice-oracle.cc:318) %WER 0 [ 0 / 8, 0 insertions, 0 deletions, 0 sub ]
LOG (lattice-oracle[5.5.480~1-09abd]:main():lattice-oracle.cc:332) For utterance F361482855-444098662_484169-1041436482_1617677022-GB-F-051, best cost 0
Lattice F361482855-444098662_484169-1041436482_1617677022-GB-F-055 read.
LOG (lattice-oracle[5.5.480~1-09abd]:main():lattice-oracle.cc:318) %WER 50 [ 1 / 2, 1 insertions, 0 deletions, 0 sub ]
LOG (lattice-oracle[5.5.480~1-09abd]:main():lattice-oracle.cc:332) For utterance F361482855-444098662_484169-1041436482_1617677022-GB-F-055, best cost 1
Lattice F361482855-444098662_484169-1041436482_1617677022-GB-F-056 read.
LOG (lattice-oracle[5.5.480~1-09abd]:main():lattice-oracle.cc:318) %WER 0 [ 0 / 1, 0 insertions, 0 deletions, 0 sub ]
LOG (lattice-oracle[5.5.480~1-09abd]:main():lattice-oracle.cc:332) For utterance F361482855-444098662_484169-1041436482_1617677022-GB-F-056, best cost 0
Lattice F361482855-444098662_484169-1041436482_1617677022-GB-F-057 read.
LOG (lattice-oracle[5.5.480~1-09abd]:main():lattice-oracle.cc:318) %WER 200 [ 2 / 1, 1 insertions, 0 deletions, 1 sub ]
LOG (lattice-oracle[5.5.480~1-09abd]:main():lattice-oracle.cc:332) For utterance F361482855-444098662_484169-1041436482_1617677022-GB-F-057, best cost 2
Lattice F361482855-444098662_484169-1041436482_1617677022-GB-F-058 read.
LOG (lattice-oracle[5.5.480~1-09abd]:main():lattice-oracle.cc:318) %WER 100 [ 2 / 2, 0 insertions, 2 deletions, 0 sub ]
LOG (lattice-oracle[5.5.480~1-09abd]:main():lattice-oracle.cc:332) For utterance F361482855-444098662_484169-1041436482_1617677022-GB-F-058, best cost 2
Lattice F361482855-444098662_484169-1041436482_1617677022-GB-F-059 read.
LOG (lattice-oracle[5.5.480~1-09abd]:main():lattice-oracle.cc:318) %WER 100 [ 1 / 1, 1 insertions, 0 deletions, 0 sub ]
LOG (lattice-oracle[5.5.480~1-09abd]:main():lattice-oracle.cc:332) For utterance F361482855-444098662_484169-1041436482_1617677022-GB-F-059, best cost 1
Lattice F361482855-444098662_484169-1041436482_1617677022-GB-F-061 read.
LOG (lattice-oracle[5.5.480~1-09abd]:main():lattice-oracle.cc:318) %WER 0 [ 0 / 6, 0 insertions, 0 deletions, 0 sub ]
LOG (lattice-oracle[5.5.480~1-09abd]:main():lattice-oracle.cc:332) For utterance F361482855-444098662_484169-1041436482_1617677022-GB-F-061, best cost 0
Lattice F363750030-206642969_198432-380365145_1520037187-GB-F-004 read.
LOG (lattice-oracle[5.5.480~1-09abd]:main():lattice-oracle.cc:318) %WER 0 [ 0 / 9, 0 insertions, 0 deletions, 0 sub ]
LOG (lattice-oracle[5.5.480~1-09abd]:main():lattice-oracle.cc:332) For utterance F363750030-206642969_198432-380365145_1520037187-GB-F-004, best cost 0
Lattice F363750030-206642969_198432-380365145_1520037187-GB-F-006 read.
LOG (lattice-oracle[5.5.480~1-09abd]:main():lattice-oracle.cc:318) %WER 0 [ 0 / 11, 0 insertions, 0 deletions, 0 sub ]
LOG (lattice-oracle[5.5.480~1-09abd]:main():lattice-oracle.cc:332) For utterance F363750030-206642969_198432-380365145_1520037187-GB-F-006, best cost 0
Lattice F363750030-206642969_198432-380365145_1520037187-GB-F-008 read.
LOG (lattice-oracle[5.5.480~1-09abd]:main():lattice-oracle.cc:318) %WER 20 [ 1 / 5, 0 insertions, 1 deletions, 0 sub ]
LOG (lattice-oracle[5.5.480~1-09abd]:main():lattice-oracle.cc:332) For utterance F363750030-206642969_198432-380365145_1520037187-GB-F-008, best cost 1
Lattice F363750030-206642969_198432-380365145_1520037187-GB-F-009 read.
LOG (lattice-oracle[5.5.480~1-09abd]:main():lattice-oracle.cc:318) %WER 25 [ 1 / 4, 1 insertions, 0 deletions, 0 sub ]
LOG (lattice-oracle[5.5.480~1-09abd]:main():lattice-oracle.cc:332) For utterance F363750030-206642969_198432-380365145_1520037187-GB-F-009, best cost 1
Lattice F363750030-206642969_198432-380365145_1520037187-GB-F-010 read.
LOG (lattice-oracle[5.5.480~1-09abd]:main():lattice-oracle.cc:318) %WER 0 [ 0 / 3, 0 insertions, 0 deletions, 0 sub ]
LOG (lattice-oracle[5.5.480~1-09abd]:main():lattice-oracle.cc:332) For utterance F363750030-206642969_198432-380365145_1520037187-GB-F-010, best cost 0
Lattice F363750030-206642969_198432-380365145_1520037187-GB-F-011 read.
LOG (lattice-oracle[5.5.480~1-09abd]:main():lattice-oracle.cc:318) %WER 0 [ 0 / 8, 0 insertions, 0 deletions, 0 sub ]
LOG (lattice-oracle[5.5.480~1-09abd]:main():lattice-oracle.cc:332) For utterance F363750030-206642969_198432-380365145_1520037187-GB-F-011, best cost 0
Lattice F363750030-206642969_198432-380365145_1520037187-GB-F-013 read.
LOG (lattice-oracle[5.5.480~1-09abd]:main():lattice-oracle.cc:318) %WER 0 [ 0 / 7, 0 insertions, 0 deletions, 0 sub ]
LOG (lattice-oracle[5.5.480~1-09abd]:main():lattice-oracle.cc:332) For utterance F363750030-206642969_198432-380365145_1520037187-GB-F-013, best cost 0
Lattice F363750030-206642969_198432-380365145_1520037187-GB-F-015 read.
LOG (lattice-oracle[5.5.480~1-09abd]:main():lattice-oracle.cc:318) %WER 0 [ 0 / 9, 0 insertions, 0 deletions, 0 sub ]
LOG (lattice-oracle[5.5.480~1-09abd]:main():lattice-oracle.cc:332) For utterance F363750030-206642969_198432-380365145_1520037187-GB-F-015, best cost 0
Lattice F363750030-206642969_198432-380365145_1520037187-GB-F-018 read.
LOG (lattice-oracle[5.5.480~1-09abd]:main():lattice-oracle.cc:318) %WER 25 [ 1 / 4, 1 insertions, 0 deletions, 0 sub ]
LOG (lattice-oracle[5.5.480~1-09abd]:main():lattice-oracle.cc:332) For utterance F363750030-206642969_198432-380365145_1520037187-GB-F-018, best cost 1
Lattice F363750030-206642969_198432-380365145_1520037187-GB-F-019 read.
LOG (lattice-oracle[5.5.480~1-09abd]:main():lattice-oracle.cc:318) %WER 6.25 [ 1 / 16, 1 insertions, 0 deletions, 0 sub ]
LOG (lattice-oracle[5.5.480~1-09abd]:main():lattice-oracle.cc:332) For utterance F363750030-206642969_198432-380365145_1520037187-GB-F-019, best cost 1
Lattice F363750030-206642969_198432-380365145_1520037187-GB-F-023 read.
LOG (lattice-oracle[5.5.480~1-09abd]:main():lattice-oracle.cc:318) %WER 0 [ 0 / 7, 0 insertions, 0 deletions, 0 sub ]
LOG (lattice-oracle[5.5.480~1-09abd]:main():lattice-oracle.cc:332) For utterance F363750030-206642969_198432-380365145_1520037187-GB-F-023, best cost 0
Lattice F363750030-206642969_198432-380365145_1520037187-GB-F-024 read.
LOG (lattice-oracle[5.5.480~1-09abd]:main():lattice-oracle.cc:318) %WER 0 [ 0 / 9, 0 insertions, 0 deletions, 0 sub ]
LOG (lattice-oracle[5.5.480~1-09abd]:main():lattice-oracle.cc:332) For utterance F363750030-206642969_198432-380365145_1520037187-GB-F-024, best cost 0
Lattice F363750030-206642969_198432-380365145_1520037187-GB-F-025 read.
LOG (lattice-oracle[5.5.480~1-09abd]:main():lattice-oracle.cc:318) %WER 25 [ 2 / 8, 0 insertions, 2 deletions, 0 sub ]
LOG (lattice-oracle[5.5.480~1-09abd]:main():lattice-oracle.cc:332) For utterance F363750030-206642969_198432-380365145_1520037187-GB-F-025, best cost 2
Lattice F363750030-206642969_198432-380365145_1520037187-GB-F-027 read.
LOG (lattice-oracle[5.5.480~1-09abd]:main():lattice-oracle.cc:318) %WER 0 [ 0 / 4, 0 insertions, 0 deletions, 0 sub ]
LOG (lattice-oracle[5.5.480~1-09abd]:main():lattice-oracle.cc:332) For utterance F363750030-206642969_198432-380365145_1520037187-GB-F-027, best cost 0
Lattice F363750030-206642969_198432-380365145_1520037187-GB-F-028 read.
LOG (lattice-oracle[5.5.480~1-09abd]:main():lattice-oracle.cc:318) %WER 0 [ 0 / 9, 0 insertions, 0 deletions, 0 sub ]
LOG (lattice-oracle[5.5.480~1-09abd]:main():lattice-oracle.cc:332) For utterance F363750030-206642969_198432-380365145_1520037187-GB-F-028, best cost 0
Lattice F363750030-206642969_198432-380365145_1520037187-GB-F-031 read.
LOG (lattice-oracle[5.5.480~1-09abd]:main():lattice-oracle.cc:318) %WER 0 [ 0 / 7, 0 insertions, 0 deletions, 0 sub ]
LOG (lattice-oracle[5.5.480~1-09abd]:main():lattice-oracle.cc:332) For utterance F363750030-206642969_198432-380365145_1520037187-GB-F-031, best cost 0
Lattice F363750030-206642969_198432-380365145_1520037187-GB-F-032 read.
LOG (lattice-oracle[5.5.480~1-09abd]:main():lattice-oracle.cc:318) %WER 71.4286 [ 5 / 7, 0 insertions, 4 deletions, 1 sub ]
LOG (lattice-oracle[5.5.480~1-09abd]:main():lattice-oracle.cc:332) For utterance F363750030-206642969_198432-380365145_1520037187-GB-F-032, best cost 5
Lattice F370878337-3708542_3708542-1159613345_1560782724-GB-F-001 read.
LOG (lattice-oracle[5.5.480~1-09abd]:main():lattice-oracle.cc:318) %WER 0 [ 0 / 11, 0 insertions, 0 deletions, 0 sub ]
LOG (lattice-oracle[5.5.480~1-09abd]:main():lattice-oracle.cc:332) For utterance F370878337-3708542_3708542-1159613345_1560782724-GB-F-001, best cost 0
Lattice F370878337-3708542_3708542-1159613345_1560782724-GB-F-003 read.
LOG (lattice-oracle[5.5.480~1-09abd]:main():lattice-oracle.cc:318) %WER 0 [ 0 / 10, 0 insertions, 0 deletions, 0 sub ]
LOG (lattice-oracle[5.5.480~1-09abd]:main():lattice-oracle.cc:332) For utterance F370878337-3708542_3708542-1159613345_1560782724-GB-F-003, best cost 0
Lattice F370878337-3708542_3708542-1159613345_1560782724-GB-F-005 read.
LOG (lattice-oracle[5.5.480~1-09abd]:main():lattice-oracle.cc:318) %WER 0 [ 0 / 23, 0 insertions, 0 deletions, 0 sub ]
LOG (lattice-oracle[5.5.480~1-09abd]:main():lattice-oracle.cc:332) For utterance F370878337-3708542_3708542-1159613345_1560782724-GB-F-005, best cost 0
Lattice F370878337-3708542_3708542-1159613345_1560782724-GB-F-011 read.
LOG (lattice-oracle[5.5.480~1-09abd]:main():lattice-oracle.cc:318) %WER 20 [ 1 / 5, 0 insertions, 1 deletions, 0 sub ]
LOG (lattice-oracle[5.5.480~1-09abd]:main():lattice-oracle.cc:332) For utterance F370878337-3708542_3708542-1159613345_1560782724-GB-F-011, best cost 1
Lattice F370878337-3708542_3708542-1159613345_1560782724-GB-F-012 read.
LOG (lattice-oracle[5.5.480~1-09abd]:main():lattice-oracle.cc:318) %WER 11.1111 [ 2 / 18, 2 insertions, 0 deletions, 0 sub ]
LOG (lattice-oracle[5.5.480~1-09abd]:main():lattice-oracle.cc:332) For utterance F370878337-3708542_3708542-1159613345_1560782724-GB-F-012, best cost 2
Lattice F370878337-3708542_3708542-1159613345_1560782724-GB-F-015 read.
LOG (lattice-oracle[5.5.480~1-09abd]:main():lattice-oracle.cc:318) %WER 0 [ 0 / 6, 0 insertions, 0 deletions, 0 sub ]
LOG (lattice-oracle[5.5.480~1-09abd]:main():lattice-oracle.cc:332) For utterance F370878337-3708542_3708542-1159613345_1560782724-GB-F-015, best cost 0
Lattice F370878337-3708542_3708542-1159613345_1560782724-GB-F-016 read.
LOG (lattice-oracle[5.5.480~1-09abd]:main():lattice-oracle.cc:318) %WER 0 [ 0 / 5, 0 insertions, 0 deletions, 0 sub ]
LOG (lattice-oracle[5.5.480~1-09abd]:main():lattice-oracle.cc:332) For utterance F370878337-3708542_3708542-1159613345_1560782724-GB-F-016, best cost 0
Lattice F370878337-3708542_3708542-1159613345_1560782724-GB-F-017 read.
LOG (lattice-oracle[5.5.480~1-09abd]:main():lattice-oracle.cc:318) %WER 0 [ 0 / 4, 0 insertions, 0 deletions, 0 sub ]
LOG (lattice-oracle[5.5.480~1-09abd]:main():lattice-oracle.cc:332) For utterance F370878337-3708542_3708542-1159613345_1560782724-GB-F-017, best cost 0
Lattice F370878337-3708542_3708542-1159613345_1560782724-GB-F-019 read.
LOG (lattice-oracle[5.5.480~1-09abd]:main():lattice-oracle.cc:318) %WER 0 [ 0 / 6, 0 insertions, 0 deletions, 0 sub ]
LOG (lattice-oracle[5.5.480~1-09abd]:main():lattice-oracle.cc:332) For utterance F370878337-3708542_3708542-1159613345_1560782724-GB-F-019, best cost 0
Lattice F370878337-3708542_3708542-1159613345_1560782724-GB-F-020 read.
LOG (lattice-oracle[5.5.480~1-09abd]:main():lattice-oracle.cc:318) %WER 0 [ 0 / 4, 0 insertions, 0 deletions, 0 sub ]
LOG (lattice-oracle[5.5.480~1-09abd]:main():lattice-oracle.cc:332) For utterance F370878337-3708542_3708542-1159613345_1560782724-GB-F-020, best cost 0
Lattice F370878337-3708542_3708542-1159613345_1560782724-GB-F-021 read.
LOG (lattice-oracle[5.5.480~1-09abd]:main():lattice-oracle.cc:318) %WER 4.7619 [ 1 / 21, 0 insertions, 1 deletions, 0 sub ]
LOG (lattice-oracle[5.5.480~1-09abd]:main():lattice-oracle.cc:332) For utterance F370878337-3708542_3708542-1159613345_1560782724-GB-F-021, best cost 1
Lattice F370878337-3708542_3708542-1159613345_1560782724-GB-F-026 read.
LOG (lattice-oracle[5.5.480~1-09abd]:main():lattice-oracle.cc:318) %WER 14.2857 [ 2 / 14, 1 insertions, 0 deletions, 1 sub ]
LOG (lattice-oracle[5.5.480~1-09abd]:main():lattice-oracle.cc:332) For utterance F370878337-3708542_3708542-1159613345_1560782724-GB-F-026, best cost 2
Lattice F370878337-3708542_3708542-1159613345_1560782724-GB-F-029 read.
LOG (lattice-oracle[5.5.480~1-09abd]:main():lattice-oracle.cc:318) %WER 16.6667 [ 2 / 12, 0 insertions, 2 deletions, 0 sub ]
LOG (lattice-oracle[5.5.480~1-09abd]:main():lattice-oracle.cc:332) For utterance F370878337-3708542_3708542-1159613345_1560782724-GB-F-029, best cost 2
Lattice F370878337-3708542_3708542-1159613345_1560782724-GB-F-032 read.
LOG (lattice-oracle[5.5.480~1-09abd]:main():lattice-oracle.cc:318) %WER 0 [ 0 / 11, 0 insertions, 0 deletions, 0 sub ]
LOG (lattice-oracle[5.5.480~1-09abd]:main():lattice-oracle.cc:332) For utterance F370878337-3708542_3708542-1159613345_1560782724-GB-F-032, best cost 0
Lattice F370878337-3708542_3708542-1159613345_1560782724-GB-F-034 read.
LOG (lattice-oracle[5.5.480~1-09abd]:main():lattice-oracle.cc:318) %WER 0 [ 0 / 13, 0 insertions, 0 deletions, 0 sub ]
LOG (lattice-oracle[5.5.480~1-09abd]:main():lattice-oracle.cc:332) For utterance F370878337-3708542_3708542-1159613345_1560782724-GB-F-034, best cost 0
Lattice F370878337-3708542_3708542-1159613345_1560782724-GB-F-039 read.
LOG (lattice-oracle[5.5.480~1-09abd]:main():lattice-oracle.cc:318) %WER 100 [ 7 / 7, 6 insertions, 0 deletions, 1 sub ]
LOG (lattice-oracle[5.5.480~1-09abd]:main():lattice-oracle.cc:332) For utterance F370878337-3708542_3708542-1159613345_1560782724-GB-F-039, best cost 7
Lattice F370878337-3708542_3708542-1159613345_1560782724-GB-F-040 read.
LOG (lattice-oracle[5.5.480~1-09abd]:main():lattice-oracle.cc:318) %WER 0 [ 0 / 4, 0 insertions, 0 deletions, 0 sub ]
LOG (lattice-oracle[5.5.480~1-09abd]:main():lattice-oracle.cc:332) For utterance F370878337-3708542_3708542-1159613345_1560782724-GB-F-040, best cost 0
Lattice F370878337-3708542_3708542-1159613345_1560782724-GB-F-041 read.
LOG (lattice-oracle[5.5.480~1-09abd]:main():lattice-oracle.cc:318) %WER 0 [ 0 / 21, 0 insertions, 0 deletions, 0 sub ]
LOG (lattice-oracle[5.5.480~1-09abd]:main():lattice-oracle.cc:332) For utterance F370878337-3708542_3708542-1159613345_1560782724-GB-F-041, best cost 0
Lattice F370878337-3708542_3708542-1159613345_1560782724-GB-F-045 read.
LOG (lattice-oracle[5.5.480~1-09abd]:main():lattice-oracle.cc:318) %WER 0 [ 0 / 8, 0 insertions, 0 deletions, 0 sub ]
LOG (lattice-oracle[5.5.480~1-09abd]:main():lattice-oracle.cc:332) For utterance F370878337-3708542_3708542-1159613345_1560782724-GB-F-045, best cost 0
Lattice F370878337-3708542_3708542-1159613345_1560782724-GB-F-047 read.
LOG (lattice-oracle[5.5.480~1-09abd]:main():lattice-oracle.cc:318) %WER 0 [ 0 / 6, 0 insertions, 0 deletions, 0 sub ]
LOG (lattice-oracle[5.5.480~1-09abd]:main():lattice-oracle.cc:332) For utterance F370878337-3708542_3708542-1159613345_1560782724-GB-F-047, best cost 0
Lattice F370878337-3708542_3708542-1159613345_1560782724-GB-F-048 read.
LOG (lattice-oracle[5.5.480~1-09abd]:main():lattice-oracle.cc:318) %WER 30.7692 [ 4 / 13, 4 insertions, 0 deletions, 0 sub ]
LOG (lattice-oracle[5.5.480~1-09abd]:main():lattice-oracle.cc:332) For utterance F370878337-3708542_3708542-1159613345_1560782724-GB-F-048, best cost 4
Lattice F370878337-3708542_3708542-1159613345_1560782724-GB-F-051 read.
LOG (lattice-oracle[5.5.480~1-09abd]:main():lattice-oracle.cc:318) %WER 0 [ 0 / 10, 0 insertions, 0 deletions, 0 sub ]
LOG (lattice-oracle[5.5.480~1-09abd]:main():lattice-oracle.cc:332) For utterance F370878337-3708542_3708542-1159613345_1560782724-GB-F-051, best cost 0
Lattice F370878337-3708542_3708542-1159613345_1560782724-GB-F-053 read.
LOG (lattice-oracle[5.5.480~1-09abd]:main():lattice-oracle.cc:318) %WER 0 [ 0 / 21, 0 insertions, 0 deletions, 0 sub ]
LOG (lattice-oracle[5.5.480~1-09abd]:main():lattice-oracle.cc:332) For utterance F370878337-3708542_3708542-1159613345_1560782724-GB-F-053, best cost 0
Lattice F370878337-3708542_3708542-1159613345_1560782724-GB-F-058 read.
LOG (lattice-oracle[5.5.480~1-09abd]:main():lattice-oracle.cc:318) %WER 0 [ 0 / 6, 0 insertions, 0 deletions, 0 sub ]
LOG (lattice-oracle[5.5.480~1-09abd]:main():lattice-oracle.cc:332) For utterance F370878337-3708542_3708542-1159613345_1560782724-GB-F-058, best cost 0
Lattice F370878337-3708542_3708542-1159613345_1560782724-GB-F-059 read.
LOG (lattice-oracle[5.5.480~1-09abd]:main():lattice-oracle.cc:318) %WER 15.3846 [ 2 / 13, 1 insertions, 1 deletions, 0 sub ]
LOG (lattice-oracle[5.5.480~1-09abd]:main():lattice-oracle.cc:332) For utterance F370878337-3708542_3708542-1159613345_1560782724-GB-F-059, best cost 2
Lattice F380348595-3771827_3771827-325370789_1627613862-GB-F-006 read.
LOG (lattice-oracle[5.5.480~1-09abd]:main():lattice-oracle.cc:318) %WER 40 [ 2 / 5, 0 insertions, 2 deletions, 0 sub ]
LOG (lattice-oracle[5.5.480~1-09abd]:main():lattice-oracle.cc:332) For utterance F380348595-3771827_3771827-325370789_1627613862-GB-F-006, best cost 2
Lattice F380348595-3771827_3771827-325370789_1627613862-GB-F-008 read.
LOG (lattice-oracle[5.5.480~1-09abd]:main():lattice-oracle.cc:318) %WER 50 [ 3 / 6, 0 insertions, 3 deletions, 0 sub ]
LOG (lattice-oracle[5.5.480~1-09abd]:main():lattice-oracle.cc:332) For utterance F380348595-3771827_3771827-325370789_1627613862-GB-F-008, best cost 3
Lattice F380348595-3771827_3771827-325370789_1627613862-GB-F-010 read.
LOG (lattice-oracle[5.5.480~1-09abd]:main():lattice-oracle.cc:318) %WER 16.6667 [ 1 / 6, 0 insertions, 1 deletions, 0 sub ]
LOG (lattice-oracle[5.5.480~1-09abd]:main():lattice-oracle.cc:332) For utterance F380348595-3771827_3771827-325370789_1627613862-GB-F-010, best cost 1
Lattice F380348595-3771827_3771827-325370789_1627613862-GB-F-011 read.
LOG (lattice-oracle[5.5.480~1-09abd]:main():lattice-oracle.cc:318) %WER 0 [ 0 / 7, 0 insertions, 0 deletions, 0 sub ]
LOG (lattice-oracle[5.5.480~1-09abd]:main():lattice-oracle.cc:332) For utterance F380348595-3771827_3771827-325370789_1627613862-GB-F-011, best cost 0
Lattice F380348595-3771827_3771827-325370789_1627613862-GB-F-012 read.
LOG (lattice-oracle[5.5.480~1-09abd]:main():lattice-oracle.cc:318) %WER 87.5 [ 7 / 8, 0 insertions, 7 deletions, 0 sub ]
LOG (lattice-oracle[5.5.480~1-09abd]:main():lattice-oracle.cc:332) For utterance F380348595-3771827_3771827-325370789_1627613862-GB-F-012, best cost 7
Lattice F380348595-3771827_3771827-325370789_1627613862-GB-F-013 read.
LOG (lattice-oracle[5.5.480~1-09abd]:main():lattice-oracle.cc:318) %WER 33.3333 [ 1 / 3, 0 insertions, 1 deletions, 0 sub ]
LOG (lattice-oracle[5.5.480~1-09abd]:main():lattice-oracle.cc:332) For utterance F380348595-3771827_3771827-325370789_1627613862-GB-F-013, best cost 1
Lattice F380348595-3771827_3771827-325370789_1627613862-GB-F-016 read.
LOG (lattice-oracle[5.5.480~1-09abd]:main():lattice-oracle.cc:318) %WER 0 [ 0 / 6, 0 insertions, 0 deletions, 0 sub ]
LOG (lattice-oracle[5.5.480~1-09abd]:main():lattice-oracle.cc:332) For utterance F380348595-3771827_3771827-325370789_1627613862-GB-F-016, best cost 0
Lattice F380348595-3771827_3771827-325370789_1627613862-GB-F-018 read.
LOG (lattice-oracle[5.5.480~1-09abd]:main():lattice-oracle.cc:318) %WER 58.3333 [ 7 / 12, 0 insertions, 7 deletions, 0 sub ]
LOG (lattice-oracle[5.5.480~1-09abd]:main():lattice-oracle.cc:332) For utterance F380348595-3771827_3771827-325370789_1627613862-GB-F-018, best cost 7
Lattice F380348595-3771827_3771827-325370789_1627613862-GB-F-022 read.
LOG (lattice-oracle[5.5.480~1-09abd]:main():lattice-oracle.cc:318) %WER 25 [ 2 / 8, 0 insertions, 2 deletions, 0 sub ]
LOG (lattice-oracle[5.5.480~1-09abd]:main():lattice-oracle.cc:332) For utterance F380348595-3771827_3771827-325370789_1627613862-GB-F-022, best cost 2
Lattice F380348595-3771827_3771827-325370789_1627613862-GB-F-023 read.
LOG (lattice-oracle[5.5.480~1-09abd]:main():lattice-oracle.cc:318) %WER 9.09091 [ 1 / 11, 0 insertions, 1 deletions, 0 sub ]
LOG (lattice-oracle[5.5.480~1-09abd]:main():lattice-oracle.cc:332) For utterance F380348595-3771827_3771827-325370789_1627613862-GB-F-023, best cost 1
Lattice F380348595-3771827_3771827-325370789_1627613862-GB-F-025 read.
LOG (lattice-oracle[5.5.480~1-09abd]:main():lattice-oracle.cc:318) %WER 60 [ 3 / 5, 0 insertions, 3 deletions, 0 sub ]
LOG (lattice-oracle[5.5.480~1-09abd]:main():lattice-oracle.cc:332) For utterance F380348595-3771827_3771827-325370789_1627613862-GB-F-025, best cost 3
Lattice F380348595-3771827_3771827-325370789_1627613862-GB-F-027 read.
LOG (lattice-oracle[5.5.480~1-09abd]:main():lattice-oracle.cc:318) %WER 16.6667 [ 1 / 6, 0 insertions, 1 deletions, 0 sub ]
LOG (lattice-oracle[5.5.480~1-09abd]:main():lattice-oracle.cc:332) For utterance F380348595-3771827_3771827-325370789_1627613862-GB-F-027, best cost 1
Lattice F380348595-3771827_3771827-325370789_1627613862-GB-F-029 read.
LOG (lattice-oracle[5.5.480~1-09abd]:main():lattice-oracle.cc:318) %WER 16.6667 [ 1 / 6, 0 insertions, 1 deletions, 0 sub ]
LOG (lattice-oracle[5.5.480~1-09abd]:main():lattice-oracle.cc:332) For utterance F380348595-3771827_3771827-325370789_1627613862-GB-F-029, best cost 1
Lattice F380348595-3771827_3771827-325370789_1627613862-GB-F-030 read.
LOG (lattice-oracle[5.5.480~1-09abd]:main():lattice-oracle.cc:318) %WER 0 [ 0 / 7, 0 insertions, 0 deletions, 0 sub ]
LOG (lattice-oracle[5.5.480~1-09abd]:main():lattice-oracle.cc:332) For utterance F380348595-3771827_3771827-325370789_1627613862-GB-F-030, best cost 0
Lattice F380348595-3771827_3771827-325370789_1627613862-GB-F-031 read.
LOG (lattice-oracle[5.5.480~1-09abd]:main():lattice-oracle.cc:318) %WER 0 [ 0 / 11, 0 insertions, 0 deletions, 0 sub ]
LOG (lattice-oracle[5.5.480~1-09abd]:main():lattice-oracle.cc:332) For utterance F380348595-3771827_3771827-325370789_1627613862-GB-F-031, best cost 0
Lattice F380348595-3771827_3771827-325370789_1627613862-GB-F-035 read.
LOG (lattice-oracle[5.5.480~1-09abd]:main():lattice-oracle.cc:318) %WER 10 [ 1 / 10, 0 insertions, 1 deletions, 0 sub ]
LOG (lattice-oracle[5.5.480~1-09abd]:main():lattice-oracle.cc:332) For utterance F380348595-3771827_3771827-325370789_1627613862-GB-F-035, best cost 1
Lattice F380348595-3771827_3771827-325370789_1627613862-GB-F-037 read.
LOG (lattice-oracle[5.5.480~1-09abd]:main():lattice-oracle.cc:318) %WER 0 [ 0 / 8, 0 insertions, 0 deletions, 0 sub ]
LOG (lattice-oracle[5.5.480~1-09abd]:main():lattice-oracle.cc:332) For utterance F380348595-3771827_3771827-325370789_1627613862-GB-F-037, best cost 0
Lattice F380348595-3771827_3771827-325370789_1627613862-GB-F-038 read.
LOG (lattice-oracle[5.5.480~1-09abd]:main():lattice-oracle.cc:318) %WER 40 [ 2 / 5, 0 insertions, 1 deletions, 1 sub ]
LOG (lattice-oracle[5.5.480~1-09abd]:main():lattice-oracle.cc:332) For utterance F380348595-3771827_3771827-325370789_1627613862-GB-F-038, best cost 2
Lattice F380348595-3771827_3771827-325370789_1627613862-GB-F-040 read.
LOG (lattice-oracle[5.5.480~1-09abd]:main():lattice-oracle.cc:318) %WER 33.3333 [ 2 / 6, 0 insertions, 2 deletions, 0 sub ]
LOG (lattice-oracle[5.5.480~1-09abd]:main():lattice-oracle.cc:332) For utterance F380348595-3771827_3771827-325370789_1627613862-GB-F-040, best cost 2
Lattice F380348595-3771827_3771827-325370789_1627613862-GB-F-042 read.
LOG (lattice-oracle[5.5.480~1-09abd]:main():lattice-oracle.cc:318) %WER 0 [ 0 / 6, 0 insertions, 0 deletions, 0 sub ]
LOG (lattice-oracle[5.5.480~1-09abd]:main():lattice-oracle.cc:332) For utterance F380348595-3771827_3771827-325370789_1627613862-GB-F-042, best cost 0
Lattice F380348595-3771827_3771827-325370789_1627613862-GB-F-043 read.
LOG (lattice-oracle[5.5.480~1-09abd]:main():lattice-oracle.cc:318) %WER 85.7143 [ 6 / 7, 0 insertions, 6 deletions, 0 sub ]
LOG (lattice-oracle[5.5.480~1-09abd]:main():lattice-oracle.cc:332) For utterance F380348595-3771827_3771827-325370789_1627613862-GB-F-043, best cost 6
Lattice F380348595-3771827_3771827-325370789_1627613862-GB-F-044 read.
LOG (lattice-oracle[5.5.480~1-09abd]:main():lattice-oracle.cc:318) %WER 38.4615 [ 5 / 13, 0 insertions, 4 deletions, 1 sub ]
LOG (lattice-oracle[5.5.480~1-09abd]:main():lattice-oracle.cc:332) For utterance F380348595-3771827_3771827-325370789_1627613862-GB-F-044, best cost 5
Lattice F380348595-3771827_3771827-325370789_1627613862-GB-F-047 read.
LOG (lattice-oracle[5.5.480~1-09abd]:main():lattice-oracle.cc:318) %WER 0 [ 0 / 2, 0 insertions, 0 deletions, 0 sub ]
LOG (lattice-oracle[5.5.480~1-09abd]:main():lattice-oracle.cc:332) For utterance F380348595-3771827_3771827-325370789_1627613862-GB-F-047, best cost 0
Lattice F380348595-3771827_3771827-325370789_1627613862-GB-F-048 read.
LOG (lattice-oracle[5.5.480~1-09abd]:main():lattice-oracle.cc:318) %WER 50 [ 1 / 2, 0 insertions, 0 deletions, 1 sub ]
LOG (lattice-oracle[5.5.480~1-09abd]:main():lattice-oracle.cc:332) For utterance F380348595-3771827_3771827-325370789_1627613862-GB-F-048, best cost 1
Lattice F380348595-3771827_3771827-325370789_1627613862-GB-F-050 read.
LOG (lattice-oracle[5.5.480~1-09abd]:main():lattice-oracle.cc:318) %WER 50 [ 4 / 8, 0 insertions, 0 deletions, 4 sub ]
LOG (lattice-oracle[5.5.480~1-09abd]:main():lattice-oracle.cc:332) For utterance F380348595-3771827_3771827-325370789_1627613862-GB-F-050, best cost 4
Lattice F381349333-403519875_2941617-381343955_1636349662-GB-F-001 read.
LOG (lattice-oracle[5.5.480~1-09abd]:main():lattice-oracle.cc:318) %WER 0 [ 0 / 6, 0 insertions, 0 deletions, 0 sub ]
LOG (lattice-oracle[5.5.480~1-09abd]:main():lattice-oracle.cc:332) For utterance F381349333-403519875_2941617-381343955_1636349662-GB-F-001, best cost 0
Lattice F381349333-403519875_2941617-381343955_1636349662-GB-F-002 read.
LOG (lattice-oracle[5.5.480~1-09abd]:main():lattice-oracle.cc:318) %WER 0 [ 0 / 7, 0 insertions, 0 deletions, 0 sub ]
LOG (lattice-oracle[5.5.480~1-09abd]:main():lattice-oracle.cc:332) For utterance F381349333-403519875_2941617-381343955_1636349662-GB-F-002, best cost 0
Lattice F381349333-403519875_2941617-381343955_1636349662-GB-F-003 read.
LOG (lattice-oracle[5.5.480~1-09abd]:main():lattice-oracle.cc:318) %WER 0 [ 0 / 8, 0 insertions, 0 deletions, 0 sub ]
LOG (lattice-oracle[5.5.480~1-09abd]:main():lattice-oracle.cc:332) For utterance F381349333-403519875_2941617-381343955_1636349662-GB-F-003, best cost 0
Lattice F381349333-403519875_2941617-381343955_1636349662-GB-F-005 read.
LOG (lattice-oracle[5.5.480~1-09abd]:main():lattice-oracle.cc:318) %WER 0 [ 0 / 7, 0 insertions, 0 deletions, 0 sub ]
LOG (lattice-oracle[5.5.480~1-09abd]:main():lattice-oracle.cc:332) For utterance F381349333-403519875_2941617-381343955_1636349662-GB-F-005, best cost 0
Lattice F381349333-403519875_2941617-381343955_1636349662-GB-F-006 read.
LOG (lattice-oracle[5.5.480~1-09abd]:main():lattice-oracle.cc:318) %WER 4.16667 [ 1 / 24, 0 insertions, 1 deletions, 0 sub ]
LOG (lattice-oracle[5.5.480~1-09abd]:main():lattice-oracle.cc:332) For utterance F381349333-403519875_2941617-381343955_1636349662-GB-F-006, best cost 1
Lattice F381349333-403519875_2941617-381343955_1636349662-GB-F-010 read.
LOG (lattice-oracle[5.5.480~1-09abd]:main():lattice-oracle.cc:318) %WER 18.5185 [ 5 / 27, 0 insertions, 4 deletions, 1 sub ]
LOG (lattice-oracle[5.5.480~1-09abd]:main():lattice-oracle.cc:332) For utterance F381349333-403519875_2941617-381343955_1636349662-GB-F-010, best cost 5
Lattice F381349333-403519875_2941617-381343955_1636349662-GB-F-014 read.
LOG (lattice-oracle[5.5.480~1-09abd]:main():lattice-oracle.cc:318) %WER 0 [ 0 / 6, 0 insertions, 0 deletions, 0 sub ]
LOG (lattice-oracle[5.5.480~1-09abd]:main():lattice-oracle.cc:332) For utterance F381349333-403519875_2941617-381343955_1636349662-GB-F-014, best cost 0
Lattice F381349333-403519875_2941617-381343955_1636349662-GB-F-015 read.
LOG (lattice-oracle[5.5.480~1-09abd]:main():lattice-oracle.cc:318) %WER 0 [ 0 / 5, 0 insertions, 0 deletions, 0 sub ]
LOG (lattice-oracle[5.5.480~1-09abd]:main():lattice-oracle.cc:332) For utterance F381349333-403519875_2941617-381343955_1636349662-GB-F-015, best cost 0
Lattice F381349333-403519875_2941617-381343955_1636349662-GB-F-016 read.
LOG (lattice-oracle[5.5.480~1-09abd]:main():lattice-oracle.cc:318) %WER 0 [ 0 / 6, 0 insertions, 0 deletions, 0 sub ]
LOG (lattice-oracle[5.5.480~1-09abd]:main():lattice-oracle.cc:332) For utterance F381349333-403519875_2941617-381343955_1636349662-GB-F-016, best cost 0
Lattice F381349333-403519875_2941617-381343955_1636349662-GB-F-017 read.
LOG (lattice-oracle[5.5.480~1-09abd]:main():lattice-oracle.cc:318) %WER 6.25 [ 1 / 16, 1 insertions, 0 deletions, 0 sub ]
LOG (lattice-oracle[5.5.480~1-09abd]:main():lattice-oracle.cc:332) For utterance F381349333-403519875_2941617-381343955_1636349662-GB-F-017, best cost 1
Lattice F381349333-403519875_2941617-381343955_1636349662-GB-F-020 read.
LOG (lattice-oracle[5.5.480~1-09abd]:main():lattice-oracle.cc:318) %WER 26.087 [ 6 / 23, 0 insertions, 4 deletions, 2 sub ]
LOG (lattice-oracle[5.5.480~1-09abd]:main():lattice-oracle.cc:332) For utterance F381349333-403519875_2941617-381343955_1636349662-GB-F-020, best cost 6
Lattice F381349333-403519875_2941617-381343955_1636349662-GB-F-026 read.
LOG (lattice-oracle[5.5.480~1-09abd]:main():lattice-oracle.cc:318) %WER 41.6667 [ 5 / 12, 0 insertions, 5 deletions, 0 sub ]
LOG (lattice-oracle[5.5.480~1-09abd]:main():lattice-oracle.cc:332) For utterance F381349333-403519875_2941617-381343955_1636349662-GB-F-026, best cost 5
Lattice F381349333-403519875_2941617-381343955_1636349662-GB-F-029 read.
LOG (lattice-oracle[5.5.480~1-09abd]:main():lattice-oracle.cc:318) %WER 0 [ 0 / 6, 0 insertions, 0 deletions, 0 sub ]
LOG (lattice-oracle[5.5.480~1-09abd]:main():lattice-oracle.cc:332) For utterance F381349333-403519875_2941617-381343955_1636349662-GB-F-029, best cost 0
Lattice F381349333-403519875_2941617-381343955_1636349662-GB-F-030 read.
LOG (lattice-oracle[5.5.480~1-09abd]:main():lattice-oracle.cc:318) %WER 0 [ 0 / 6, 0 insertions, 0 deletions, 0 sub ]
LOG (lattice-oracle[5.5.480~1-09abd]:main():lattice-oracle.cc:332) For utterance F381349333-403519875_2941617-381343955_1636349662-GB-F-030, best cost 0
Lattice F381349333-403519875_2941617-381343955_1636349662-GB-F-031 read.
LOG (lattice-oracle[5.5.480~1-09abd]:main():lattice-oracle.cc:318) %WER 0 [ 0 / 5, 0 insertions, 0 deletions, 0 sub ]
LOG (lattice-oracle[5.5.480~1-09abd]:main():lattice-oracle.cc:332) For utterance F381349333-403519875_2941617-381343955_1636349662-GB-F-031, best cost 0
Lattice F381349333-403519875_2941617-381343955_1636349662-GB-F-033 read.
LOG (lattice-oracle[5.5.480~1-09abd]:main():lattice-oracle.cc:318) %WER 0 [ 0 / 5, 0 insertions, 0 deletions, 0 sub ]
LOG (lattice-oracle[5.5.480~1-09abd]:main():lattice-oracle.cc:332) For utterance F381349333-403519875_2941617-381343955_1636349662-GB-F-033, best cost 0
Lattice F381349333-403519875_2941617-381343955_1636349662-GB-F-034 read.
LOG (lattice-oracle[5.5.480~1-09abd]:main():lattice-oracle.cc:318) %WER 12.5 [ 1 / 8, 0 insertions, 1 deletions, 0 sub ]
LOG (lattice-oracle[5.5.480~1-09abd]:main():lattice-oracle.cc:332) For utterance F381349333-403519875_2941617-381343955_1636349662-GB-F-034, best cost 1
Lattice F381349333-403519875_2941617-381343955_1636349662-GB-F-035 read.
LOG (lattice-oracle[5.5.480~1-09abd]:main():lattice-oracle.cc:318) %WER 0 [ 0 / 16, 0 insertions, 0 deletions, 0 sub ]
LOG (lattice-oracle[5.5.480~1-09abd]:main():lattice-oracle.cc:332) For utterance F381349333-403519875_2941617-381343955_1636349662-GB-F-035, best cost 0
Lattice F381349333-403519875_2941617-381343955_1636349662-GB-F-038 read.
LOG (lattice-oracle[5.5.480~1-09abd]:main():lattice-oracle.cc:318) %WER 11.1111 [ 3 / 27, 0 insertions, 2 deletions, 1 sub ]
LOG (lattice-oracle[5.5.480~1-09abd]:main():lattice-oracle.cc:332) For utterance F381349333-403519875_2941617-381343955_1636349662-GB-F-038, best cost 3
Lattice F381349333-403519875_2941617-381343955_1636349662-GB-F-042 read.
LOG (lattice-oracle[5.5.480~1-09abd]:main():lattice-oracle.cc:318) %WER 0 [ 0 / 5, 0 insertions, 0 deletions, 0 sub ]
LOG (lattice-oracle[5.5.480~1-09abd]:main():lattice-oracle.cc:332) For utterance F381349333-403519875_2941617-381343955_1636349662-GB-F-042, best cost 0
Lattice F381349333-403519875_2941617-381343955_1636349662-GB-F-043 read.
LOG (lattice-oracle[5.5.480~1-09abd]:main():lattice-oracle.cc:318) %WER 0 [ 0 / 5, 0 insertions, 0 deletions, 0 sub ]
LOG (lattice-oracle[5.5.480~1-09abd]:main():lattice-oracle.cc:332) For utterance F381349333-403519875_2941617-381343955_1636349662-GB-F-043, best cost 0
Lattice F381349333-403519875_2941617-381343955_1636349662-GB-F-044 read.
LOG (lattice-oracle[5.5.480~1-09abd]:main():lattice-oracle.cc:318) %WER 0 [ 0 / 6, 0 insertions, 0 deletions, 0 sub ]
LOG (lattice-oracle[5.5.480~1-09abd]:main():lattice-oracle.cc:332) For utterance F381349333-403519875_2941617-381343955_1636349662-GB-F-044, best cost 0
Lattice F381349333-403519875_2941617-381343955_1636349662-GB-F-045 read.
LOG (lattice-oracle[5.5.480~1-09abd]:main():lattice-oracle.cc:318) %WER 0 [ 0 / 11, 0 insertions, 0 deletions, 0 sub ]
LOG (lattice-oracle[5.5.480~1-09abd]:main():lattice-oracle.cc:332) For utterance F381349333-403519875_2941617-381343955_1636349662-GB-F-045, best cost 0
Lattice F381349333-403519875_2941617-381343955_1636349662-GB-F-047 read.
LOG (lattice-oracle[5.5.480~1-09abd]:main():lattice-oracle.cc:318) %WER 0 [ 0 / 5, 0 insertions, 0 deletions, 0 sub ]
LOG (lattice-oracle[5.5.480~1-09abd]:main():lattice-oracle.cc:332) For utterance F381349333-403519875_2941617-381343955_1636349662-GB-F-047, best cost 0
Lattice F381349333-403519875_2941617-381343955_1636349662-GB-F-048 read.
LOG (lattice-oracle[5.5.480~1-09abd]:main():lattice-oracle.cc:318) %WER 0 [ 0 / 11, 0 insertions, 0 deletions, 0 sub ]
LOG (lattice-oracle[5.5.480~1-09abd]:main():lattice-oracle.cc:332) For utterance F381349333-403519875_2941617-381343955_1636349662-GB-F-048, best cost 0
Lattice F381349333-403519875_2941617-381343955_1636349662-GB-F-051 read.
LOG (lattice-oracle[5.5.480~1-09abd]:main():lattice-oracle.cc:318) %WER 50 [ 6 / 12, 0 insertions, 6 deletions, 0 sub ]
LOG (lattice-oracle[5.5.480~1-09abd]:main():lattice-oracle.cc:332) For utterance F381349333-403519875_2941617-381343955_1636349662-GB-F-051, best cost 6
Lattice F381349333-403519875_2941617-381343955_1636349662-GB-F-054 read.
LOG (lattice-oracle[5.5.480~1-09abd]:main():lattice-oracle.cc:318) %WER 41.6667 [ 5 / 12, 0 insertions, 5 deletions, 0 sub ]
LOG (lattice-oracle[5.5.480~1-09abd]:main():lattice-oracle.cc:332) For utterance F381349333-403519875_2941617-381343955_1636349662-GB-F-054, best cost 5
Lattice F381349333-403519875_2941617-381343955_1636349662-GB-F-057 read.
LOG (lattice-oracle[5.5.480~1-09abd]:main():lattice-oracle.cc:318) %WER 48.1481 [ 13 / 27, 0 insertions, 13 deletions, 0 sub ]
LOG (lattice-oracle[5.5.480~1-09abd]:main():lattice-oracle.cc:332) For utterance F381349333-403519875_2941617-381343955_1636349662-GB-F-057, best cost 13
Lattice F381349333-403519875_2941617-381343955_1636349662-GB-F-071 read.
LOG (lattice-oracle[5.5.480~1-09abd]:main():lattice-oracle.cc:318) %WER 40 [ 2 / 5, 0 insertions, 1 deletions, 1 sub ]
LOG (lattice-oracle[5.5.480~1-09abd]:main():lattice-oracle.cc:332) For utterance F381349333-403519875_2941617-381343955_1636349662-GB-F-071, best cost 2
Lattice F381349333-403519875_2941617-381343955_1636349662-GB-F-072 read.
LOG (lattice-oracle[5.5.480~1-09abd]:main():lattice-oracle.cc:318) %WER 0 [ 0 / 11, 0 insertions, 0 deletions, 0 sub ]
LOG (lattice-oracle[5.5.480~1-09abd]:main():lattice-oracle.cc:332) For utterance F381349333-403519875_2941617-381343955_1636349662-GB-F-072, best cost 0
Lattice F381349333-403519875_2941617-381343955_1636349662-GB-F-074 read.
LOG (lattice-oracle[5.5.480~1-09abd]:main():lattice-oracle.cc:318) %WER 0 [ 0 / 5, 0 insertions, 0 deletions, 0 sub ]
LOG (lattice-oracle[5.5.480~1-09abd]:main():lattice-oracle.cc:332) For utterance F381349333-403519875_2941617-381343955_1636349662-GB-F-074, best cost 0
Lattice F381349333-403519875_2941617-381343955_1636349662-GB-F-075 read.
LOG (lattice-oracle[5.5.480~1-09abd]:main():lattice-oracle.cc:318) %WER 0 [ 0 / 11, 0 insertions, 0 deletions, 0 sub ]
LOG (lattice-oracle[5.5.480~1-09abd]:main():lattice-oracle.cc:332) For utterance F381349333-403519875_2941617-381343955_1636349662-GB-F-075, best cost 0
Lattice F381349333-403519875_2941617-381343955_1636349662-GB-F-077 read.
LOG (lattice-oracle[5.5.480~1-09abd]:main():lattice-oracle.cc:318) %WER 0 [ 0 / 11, 0 insertions, 0 deletions, 0 sub ]
LOG (lattice-oracle[5.5.480~1-09abd]:main():lattice-oracle.cc:332) For utterance F381349333-403519875_2941617-381343955_1636349662-GB-F-077, best cost 0
Lattice F381349333-403519875_2941617-381343955_1636349662-GB-F-080 read.
LOG (lattice-oracle[5.5.480~1-09abd]:main():lattice-oracle.cc:318) %WER 0 [ 0 / 6, 0 insertions, 0 deletions, 0 sub ]
LOG (lattice-oracle[5.5.480~1-09abd]:main():lattice-oracle.cc:332) For utterance F381349333-403519875_2941617-381343955_1636349662-GB-F-080, best cost 0
Lattice F381349333-64422077_111775-1186247914_1616474991-GB-F-010 read.
LOG (lattice-oracle[5.5.480~1-09abd]:main():lattice-oracle.cc:318) %WER 3.84615 [ 1 / 26, 1 insertions, 0 deletions, 0 sub ]
LOG (lattice-oracle[5.5.480~1-09abd]:main():lattice-oracle.cc:332) For utterance F381349333-64422077_111775-1186247914_1616474991-GB-F-010, best cost 1
Lattice F381349333-64422077_111775-1186247914_1616474991-GB-F-015 read.
LOG (lattice-oracle[5.5.480~1-09abd]:main():lattice-oracle.cc:318) %WER 0 [ 0 / 24, 0 insertions, 0 deletions, 0 sub ]
LOG (lattice-oracle[5.5.480~1-09abd]:main():lattice-oracle.cc:332) For utterance F381349333-64422077_111775-1186247914_1616474991-GB-F-015, best cost 0
Lattice F381349333-64422077_111775-1186247914_1616474991-GB-F-021 read.
LOG (lattice-oracle[5.5.480~1-09abd]:main():lattice-oracle.cc:318) %WER 0 [ 0 / 5, 0 insertions, 0 deletions, 0 sub ]
LOG (lattice-oracle[5.5.480~1-09abd]:main():lattice-oracle.cc:332) For utterance F381349333-64422077_111775-1186247914_1616474991-GB-F-021, best cost 0
Lattice F381349333-64422077_111775-1186247914_1616474991-GB-F-022 read.
LOG (lattice-oracle[5.5.480~1-09abd]:main():lattice-oracle.cc:318) %WER 50 [ 3 / 6, 0 insertions, 0 deletions, 3 sub ]
LOG (lattice-oracle[5.5.480~1-09abd]:main():lattice-oracle.cc:332) For utterance F381349333-64422077_111775-1186247914_1616474991-GB-F-022, best cost 3
Lattice F381349333-64422077_111775-1186247914_1616474991-GB-F-024 read.
LOG (lattice-oracle[5.5.480~1-09abd]:main():lattice-oracle.cc:318) %WER 0 [ 0 / 1, 0 insertions, 0 deletions, 0 sub ]
LOG (lattice-oracle[5.5.480~1-09abd]:main():lattice-oracle.cc:332) For utterance F381349333-64422077_111775-1186247914_1616474991-GB-F-024, best cost 0
Lattice F381349333-64422077_111775-1186247914_1616474991-GB-F-025 read.
LOG (lattice-oracle[5.5.480~1-09abd]:main():lattice-oracle.cc:318) %WER 33.3333 [ 1 / 3, 1 insertions, 0 deletions, 0 sub ]
LOG (lattice-oracle[5.5.480~1-09abd]:main():lattice-oracle.cc:332) For utterance F381349333-64422077_111775-1186247914_1616474991-GB-F-025, best cost 1
Lattice F381349333-64422077_111775-1186247914_1616474991-GB-F-026 read.
LOG (lattice-oracle[5.5.480~1-09abd]:main():lattice-oracle.cc:318) %WER 35.7143 [ 5 / 14, 0 insertions, 5 deletions, 0 sub ]
LOG (lattice-oracle[5.5.480~1-09abd]:main():lattice-oracle.cc:332) For utterance F381349333-64422077_111775-1186247914_1616474991-GB-F-026, best cost 5
Lattice F381349333-64422077_111775-1186247914_1616474991-GB-F-032 read.
LOG (lattice-oracle[5.5.480~1-09abd]:main():lattice-oracle.cc:318) %WER 6.66667 [ 1 / 15, 0 insertions, 0 deletions, 1 sub ]
LOG (lattice-oracle[5.5.480~1-09abd]:main():lattice-oracle.cc:332) For utterance F381349333-64422077_111775-1186247914_1616474991-GB-F-032, best cost 1
Lattice F381349333-64422077_111775-1186247914_1616474991-GB-F-035 read.
LOG (lattice-oracle[5.5.480~1-09abd]:main():lattice-oracle.cc:318) %WER 41.6667 [ 5 / 12, 0 insertions, 4 deletions, 1 sub ]
LOG (lattice-oracle[5.5.480~1-09abd]:main():lattice-oracle.cc:332) For utterance F381349333-64422077_111775-1186247914_1616474991-GB-F-035, best cost 5
Lattice F381349333-64422077_111775-1186247914_1616474991-GB-F-039 read.
LOG (lattice-oracle[5.5.480~1-09abd]:main():lattice-oracle.cc:318) %WER 66.6667 [ 4 / 6, 0 insertions, 4 deletions, 0 sub ]
LOG (lattice-oracle[5.5.480~1-09abd]:main():lattice-oracle.cc:332) For utterance F381349333-64422077_111775-1186247914_1616474991-GB-F-039, best cost 4
LOG (lattice-oracle[5.5.480~1-09abd]:main():lattice-oracle.cc:383) Overall %WER 12.4076 [ 235 / 1894, 48 insertions, 154 deletions, 33 substitutions ]
LOG (lattice-oracle[5.5.480~1-09abd]:main():lattice-oracle.cc:387) Scored 240 lattices, 0 not present in ref.
# Accounting: time=1 threads=1
# Ended (code 0) at Tue Sep 10 15:04:39 BST 2019, elapsed time 1 seconds
