# lattice-oracle "--write-lattices=ark:|gzip -c > exp/tri3b_cleaned/lattice_oracle/lat.40.gz" "ark:gunzip -c exp/tri3b_cleaned/lats/lat.40.gz |" "ark:utils/sym2int.pl --map-oov 239 -f 2- data/lang/words.txt data/train1/split40/40/text|" ark,t:- | utils/int2sym.pl -f 2- data/lang/words.txt > exp/tri3b_cleaned/lattice_oracle/oracle_hyp.40.txt 
# Started at Tue Sep 10 15:05:09 BST 2019
#
lattice-oracle '--write-lattices=ark:|gzip -c > exp/tri3b_cleaned/lattice_oracle/lat.40.gz' 'ark:gunzip -c exp/tri3b_cleaned/lats/lat.40.gz |' 'ark:utils/sym2int.pl --map-oov 239 -f 2- data/lang/words.txt data/train1/split40/40/text|' ark,t:- 
Lattice M853667763-3771860_3771860-546048214_1565590251-GB-M-001 read.
sym2int.pl: replacing AAAAAAAH with 239
sym2int.pl: replacing AAAH with 239
sym2int.pl: replacing AAAAAH with 239
sym2int.pl: replacing AAAH with 239
sym2int.pl: replacing AAAH with 239
sym2int.pl: replacing OOOOOH with 239
sym2int.pl: replacing OOOOOH with 239
sym2int.pl: replacing ' with 239
sym2int.pl: replacing PERFECT'S with 239
sym2int.pl: replacing OOOOOH with 239
sym2int.pl: replacing OOOOOH with 239
sym2int.pl: replacing FLUFFED with 239
sym2int.pl: replacing NIGHTGOWNS with 239
sym2int.pl: replacing OOO with 239
sym2int.pl: replacing OOO with 239
sym2int.pl: replacing OOO with 239
sym2int.pl: replacing OOO with 239
sym2int.pl: replacing OOO with 239
sym2int.pl: replacing OOO with 239
sym2int.pl: replacing OOO with 239
sym2int.pl: not warning for OOVs any more times
LOG (lattice-oracle[5.5.480~1-09abd]:main():lattice-oracle.cc:318) %WER 18.1818 [ 2 / 11, 1 insertions, 0 deletions, 1 sub ]
LOG (lattice-oracle[5.5.480~1-09abd]:main():lattice-oracle.cc:332) For utterance M853667763-3771860_3771860-546048214_1565590251-GB-M-001, best cost 2
** Replaced 24 instances of OOVs with 239
Lattice M853667763-3771860_3771860-546048214_1565590251-GB-M-008 read.
LOG (lattice-oracle[5.5.480~1-09abd]:main():lattice-oracle.cc:318) %WER 0 [ 0 / 13, 0 insertions, 0 deletions, 0 sub ]
LOG (lattice-oracle[5.5.480~1-09abd]:main():lattice-oracle.cc:332) For utterance M853667763-3771860_3771860-546048214_1565590251-GB-M-008, best cost 0
Lattice M853667763-3771860_3771860-546048214_1565590251-GB-M-009 read.
LOG (lattice-oracle[5.5.480~1-09abd]:main():lattice-oracle.cc:318) %WER 0 [ 0 / 15, 0 insertions, 0 deletions, 0 sub ]
LOG (lattice-oracle[5.5.480~1-09abd]:main():lattice-oracle.cc:332) For utterance M853667763-3771860_3771860-546048214_1565590251-GB-M-009, best cost 0
Lattice M853667763-3771860_3771860-546048214_1565590251-GB-M-010 read.
LOG (lattice-oracle[5.5.480~1-09abd]:main():lattice-oracle.cc:318) %WER 0 [ 0 / 11, 0 insertions, 0 deletions, 0 sub ]
LOG (lattice-oracle[5.5.480~1-09abd]:main():lattice-oracle.cc:332) For utterance M853667763-3771860_3771860-546048214_1565590251-GB-M-010, best cost 0
Lattice M853667763-3771860_3771860-546048214_1565590251-GB-M-011 read.
LOG (lattice-oracle[5.5.480~1-09abd]:main():lattice-oracle.cc:318) %WER 2.77778 [ 1 / 36, 1 insertions, 0 deletions, 0 sub ]
LOG (lattice-oracle[5.5.480~1-09abd]:main():lattice-oracle.cc:332) For utterance M853667763-3771860_3771860-546048214_1565590251-GB-M-011, best cost 1
Lattice M853667763-3771860_3771860-546048214_1565590251-GB-M-015 read.
LOG (lattice-oracle[5.5.480~1-09abd]:main():lattice-oracle.cc:318) %WER 0 [ 0 / 9, 0 insertions, 0 deletions, 0 sub ]
LOG (lattice-oracle[5.5.480~1-09abd]:main():lattice-oracle.cc:332) For utterance M853667763-3771860_3771860-546048214_1565590251-GB-M-015, best cost 0
Lattice M853667763-3771860_3771860-546048214_1565590251-GB-M-017 read.
LOG (lattice-oracle[5.5.480~1-09abd]:main():lattice-oracle.cc:318) %WER 0 [ 0 / 14, 0 insertions, 0 deletions, 0 sub ]
LOG (lattice-oracle[5.5.480~1-09abd]:main():lattice-oracle.cc:332) For utterance M853667763-3771860_3771860-546048214_1565590251-GB-M-017, best cost 0
Lattice M853667763-3771860_3771860-546048214_1565590251-GB-M-019 read.
LOG (lattice-oracle[5.5.480~1-09abd]:main():lattice-oracle.cc:318) %WER 66.6667 [ 2 / 3, 0 insertions, 2 deletions, 0 sub ]
LOG (lattice-oracle[5.5.480~1-09abd]:main():lattice-oracle.cc:332) For utterance M853667763-3771860_3771860-546048214_1565590251-GB-M-019, best cost 2
Lattice M853667763-3771860_3771860-546048214_1565590251-GB-M-020 read.
LOG (lattice-oracle[5.5.480~1-09abd]:main():lattice-oracle.cc:318) %WER 0 [ 0 / 19, 0 insertions, 0 deletions, 0 sub ]
LOG (lattice-oracle[5.5.480~1-09abd]:main():lattice-oracle.cc:332) For utterance M853667763-3771860_3771860-546048214_1565590251-GB-M-020, best cost 0
Lattice M853667763-3771860_3771860-546048214_1565590251-GB-M-022 read.
LOG (lattice-oracle[5.5.480~1-09abd]:main():lattice-oracle.cc:318) %WER 1.72414 [ 1 / 58, 1 insertions, 0 deletions, 0 sub ]
LOG (lattice-oracle[5.5.480~1-09abd]:main():lattice-oracle.cc:332) For utterance M853667763-3771860_3771860-546048214_1565590251-GB-M-022, best cost 1
Lattice M853667763-3771860_3771860-546048214_1565590251-GB-M-027 read.
LOG (lattice-oracle[5.5.480~1-09abd]:main():lattice-oracle.cc:318) %WER 0 [ 0 / 9, 0 insertions, 0 deletions, 0 sub ]
LOG (lattice-oracle[5.5.480~1-09abd]:main():lattice-oracle.cc:332) For utterance M853667763-3771860_3771860-546048214_1565590251-GB-M-027, best cost 0
Lattice M853667763-3771860_3771860-546048214_1565590251-GB-M-028 read.
LOG (lattice-oracle[5.5.480~1-09abd]:main():lattice-oracle.cc:318) %WER 0 [ 0 / 4, 0 insertions, 0 deletions, 0 sub ]
LOG (lattice-oracle[5.5.480~1-09abd]:main():lattice-oracle.cc:332) For utterance M853667763-3771860_3771860-546048214_1565590251-GB-M-028, best cost 0
Lattice M853667763-3771860_3771860-546048214_1565590251-GB-M-029 read.
LOG (lattice-oracle[5.5.480~1-09abd]:main():lattice-oracle.cc:318) %WER 75 [ 3 / 4, 0 insertions, 1 deletions, 2 sub ]
LOG (lattice-oracle[5.5.480~1-09abd]:main():lattice-oracle.cc:332) For utterance M853667763-3771860_3771860-546048214_1565590251-GB-M-029, best cost 3
Lattice M853667763-3771860_3771860-546048214_1565590251-GB-M-030 read.
LOG (lattice-oracle[5.5.480~1-09abd]:main():lattice-oracle.cc:318) %WER 37.5 [ 3 / 8, 0 insertions, 3 deletions, 0 sub ]
LOG (lattice-oracle[5.5.480~1-09abd]:main():lattice-oracle.cc:332) For utterance M853667763-3771860_3771860-546048214_1565590251-GB-M-030, best cost 3
Lattice M853667763-3771860_3771860-546048214_1565590251-GB-M-032 read.
LOG (lattice-oracle[5.5.480~1-09abd]:main():lattice-oracle.cc:318) %WER 0 [ 0 / 8, 0 insertions, 0 deletions, 0 sub ]
LOG (lattice-oracle[5.5.480~1-09abd]:main():lattice-oracle.cc:332) For utterance M853667763-3771860_3771860-546048214_1565590251-GB-M-032, best cost 0
Lattice M853667763-3771860_3771860-546048214_1565590251-GB-M-034 read.
LOG (lattice-oracle[5.5.480~1-09abd]:main():lattice-oracle.cc:318) %WER 11.1111 [ 1 / 9, 0 insertions, 1 deletions, 0 sub ]
LOG (lattice-oracle[5.5.480~1-09abd]:main():lattice-oracle.cc:332) For utterance M853667763-3771860_3771860-546048214_1565590251-GB-M-034, best cost 1
Lattice M853667763-3771860_3771860-546048214_1565590251-GB-M-035 read.
LOG (lattice-oracle[5.5.480~1-09abd]:main():lattice-oracle.cc:318) %WER 0 [ 0 / 10, 0 insertions, 0 deletions, 0 sub ]
LOG (lattice-oracle[5.5.480~1-09abd]:main():lattice-oracle.cc:332) For utterance M853667763-3771860_3771860-546048214_1565590251-GB-M-035, best cost 0
Lattice M853667763-3771973_3771973-1326762913_1621382365-GB-M-004 read.
LOG (lattice-oracle[5.5.480~1-09abd]:main():lattice-oracle.cc:318) %WER 0 [ 0 / 8, 0 insertions, 0 deletions, 0 sub ]
LOG (lattice-oracle[5.5.480~1-09abd]:main():lattice-oracle.cc:332) For utterance M853667763-3771973_3771973-1326762913_1621382365-GB-M-004, best cost 0
Lattice M853667763-3771973_3771973-1326762913_1621382365-GB-M-005 read.
LOG (lattice-oracle[5.5.480~1-09abd]:main():lattice-oracle.cc:318) %WER 0 [ 0 / 8, 0 insertions, 0 deletions, 0 sub ]
LOG (lattice-oracle[5.5.480~1-09abd]:main():lattice-oracle.cc:332) For utterance M853667763-3771973_3771973-1326762913_1621382365-GB-M-005, best cost 0
Lattice M853667763-3771973_3771973-1326762913_1621382365-GB-M-007 read.
LOG (lattice-oracle[5.5.480~1-09abd]:main():lattice-oracle.cc:318) %WER 37.5 [ 3 / 8, 0 insertions, 3 deletions, 0 sub ]
LOG (lattice-oracle[5.5.480~1-09abd]:main():lattice-oracle.cc:332) For utterance M853667763-3771973_3771973-1326762913_1621382365-GB-M-007, best cost 3
Lattice M853667763-3771973_3771973-1326762913_1621382365-GB-M-008 read.
LOG (lattice-oracle[5.5.480~1-09abd]:main():lattice-oracle.cc:318) %WER 25 [ 5 / 20, 1 insertions, 1 deletions, 3 sub ]
LOG (lattice-oracle[5.5.480~1-09abd]:main():lattice-oracle.cc:332) For utterance M853667763-3771973_3771973-1326762913_1621382365-GB-M-008, best cost 5
Lattice M853667763-3771973_3771973-1326762913_1621382365-GB-M-011 read.
LOG (lattice-oracle[5.5.480~1-09abd]:main():lattice-oracle.cc:318) %WER 71.4286 [ 5 / 7, 0 insertions, 1 deletions, 4 sub ]
LOG (lattice-oracle[5.5.480~1-09abd]:main():lattice-oracle.cc:332) For utterance M853667763-3771973_3771973-1326762913_1621382365-GB-M-011, best cost 5
Lattice M853667763-3771973_3771973-1326762913_1621382365-GB-M-012 read.
LOG (lattice-oracle[5.5.480~1-09abd]:main():lattice-oracle.cc:318) %WER 30.7692 [ 16 / 52, 5 insertions, 6 deletions, 5 sub ]
LOG (lattice-oracle[5.5.480~1-09abd]:main():lattice-oracle.cc:332) For utterance M853667763-3771973_3771973-1326762913_1621382365-GB-M-012, best cost 16
Lattice M853667763-3771973_3771973-1326762913_1621382365-GB-M-019 read.
LOG (lattice-oracle[5.5.480~1-09abd]:main():lattice-oracle.cc:318) %WER 83.3333 [ 5 / 6, 0 insertions, 0 deletions, 5 sub ]
LOG (lattice-oracle[5.5.480~1-09abd]:main():lattice-oracle.cc:332) For utterance M853667763-3771973_3771973-1326762913_1621382365-GB-M-019, best cost 5
Lattice M853667763-3771973_3771973-1326762913_1621382365-GB-M-020 read.
LOG (lattice-oracle[5.5.480~1-09abd]:main():lattice-oracle.cc:318) %WER 42.8571 [ 6 / 14, 1 insertions, 3 deletions, 2 sub ]
LOG (lattice-oracle[5.5.480~1-09abd]:main():lattice-oracle.cc:332) For utterance M853667763-3771973_3771973-1326762913_1621382365-GB-M-020, best cost 6
Lattice M853667763-3771973_3771973-1326762913_1621382365-GB-M-023 read.
LOG (lattice-oracle[5.5.480~1-09abd]:main():lattice-oracle.cc:318) %WER 0 [ 0 / 2, 0 insertions, 0 deletions, 0 sub ]
LOG (lattice-oracle[5.5.480~1-09abd]:main():lattice-oracle.cc:332) For utterance M853667763-3771973_3771973-1326762913_1621382365-GB-M-023, best cost 0
Lattice M856376576-115241229_2577930-577018542_1662524815-GB-M-001 read.
LOG (lattice-oracle[5.5.480~1-09abd]:main():lattice-oracle.cc:318) %WER 25 [ 2 / 8, 0 insertions, 1 deletions, 1 sub ]
LOG (lattice-oracle[5.5.480~1-09abd]:main():lattice-oracle.cc:332) For utterance M856376576-115241229_2577930-577018542_1662524815-GB-M-001, best cost 2
Lattice M856376576-115241229_2577930-577018542_1662524815-GB-M-003 read.
LOG (lattice-oracle[5.5.480~1-09abd]:main():lattice-oracle.cc:318) %WER 25 [ 2 / 8, 0 insertions, 2 deletions, 0 sub ]
LOG (lattice-oracle[5.5.480~1-09abd]:main():lattice-oracle.cc:332) For utterance M856376576-115241229_2577930-577018542_1662524815-GB-M-003, best cost 2
Lattice M856376576-115241229_2577930-577018542_1662524815-GB-M-004 read.
LOG (lattice-oracle[5.5.480~1-09abd]:main():lattice-oracle.cc:318) %WER 0 [ 0 / 8, 0 insertions, 0 deletions, 0 sub ]
LOG (lattice-oracle[5.5.480~1-09abd]:main():lattice-oracle.cc:332) For utterance M856376576-115241229_2577930-577018542_1662524815-GB-M-004, best cost 0
Lattice M856376576-115241229_2577930-577018542_1662524815-GB-M-007 read.
LOG (lattice-oracle[5.5.480~1-09abd]:main():lattice-oracle.cc:318) %WER 42.8571 [ 3 / 7, 0 insertions, 3 deletions, 0 sub ]
LOG (lattice-oracle[5.5.480~1-09abd]:main():lattice-oracle.cc:332) For utterance M856376576-115241229_2577930-577018542_1662524815-GB-M-007, best cost 3
Lattice M856376576-115241229_2577930-577018542_1662524815-GB-M-008 read.
LOG (lattice-oracle[5.5.480~1-09abd]:main():lattice-oracle.cc:318) %WER 33.3333 [ 3 / 9, 0 insertions, 3 deletions, 0 sub ]
LOG (lattice-oracle[5.5.480~1-09abd]:main():lattice-oracle.cc:332) For utterance M856376576-115241229_2577930-577018542_1662524815-GB-M-008, best cost 3
Lattice M856376576-115241229_2577930-577018542_1662524815-GB-M-010 read.
LOG (lattice-oracle[5.5.480~1-09abd]:main():lattice-oracle.cc:318) %WER 0 [ 0 / 8, 0 insertions, 0 deletions, 0 sub ]
LOG (lattice-oracle[5.5.480~1-09abd]:main():lattice-oracle.cc:332) For utterance M856376576-115241229_2577930-577018542_1662524815-GB-M-010, best cost 0
Lattice M856376576-115241229_2577930-577018542_1662524815-GB-M-011 read.
LOG (lattice-oracle[5.5.480~1-09abd]:main():lattice-oracle.cc:318) %WER 20 [ 1 / 5, 0 insertions, 1 deletions, 0 sub ]
LOG (lattice-oracle[5.5.480~1-09abd]:main():lattice-oracle.cc:332) For utterance M856376576-115241229_2577930-577018542_1662524815-GB-M-011, best cost 1
Lattice M856376576-115241229_2577930-577018542_1662524815-GB-M-012 read.
LOG (lattice-oracle[5.5.480~1-09abd]:main():lattice-oracle.cc:318) %WER 20 [ 1 / 5, 1 insertions, 0 deletions, 0 sub ]
LOG (lattice-oracle[5.5.480~1-09abd]:main():lattice-oracle.cc:332) For utterance M856376576-115241229_2577930-577018542_1662524815-GB-M-012, best cost 1
Lattice M856376576-115241229_2577930-577018542_1662524815-GB-M-013 read.
LOG (lattice-oracle[5.5.480~1-09abd]:main():lattice-oracle.cc:318) %WER 10 [ 1 / 10, 0 insertions, 1 deletions, 0 sub ]
LOG (lattice-oracle[5.5.480~1-09abd]:main():lattice-oracle.cc:332) For utterance M856376576-115241229_2577930-577018542_1662524815-GB-M-013, best cost 1
Lattice M856376576-115241229_2577930-577018542_1662524815-GB-M-016 read.
LOG (lattice-oracle[5.5.480~1-09abd]:main():lattice-oracle.cc:318) %WER 0 [ 0 / 27, 0 insertions, 0 deletions, 0 sub ]
LOG (lattice-oracle[5.5.480~1-09abd]:main():lattice-oracle.cc:332) For utterance M856376576-115241229_2577930-577018542_1662524815-GB-M-016, best cost 0
Lattice M856376576-115241229_2577930-577018542_1662524815-GB-M-022 read.
LOG (lattice-oracle[5.5.480~1-09abd]:main():lattice-oracle.cc:318) %WER 12.5 [ 1 / 8, 1 insertions, 0 deletions, 0 sub ]
LOG (lattice-oracle[5.5.480~1-09abd]:main():lattice-oracle.cc:332) For utterance M856376576-115241229_2577930-577018542_1662524815-GB-M-022, best cost 1
Lattice M856376576-115241229_2577930-577018542_1662524815-GB-M-023 read.
LOG (lattice-oracle[5.5.480~1-09abd]:main():lattice-oracle.cc:318) %WER 0 [ 0 / 16, 0 insertions, 0 deletions, 0 sub ]
LOG (lattice-oracle[5.5.480~1-09abd]:main():lattice-oracle.cc:332) For utterance M856376576-115241229_2577930-577018542_1662524815-GB-M-023, best cost 0
Lattice M856376576-115241229_2577930-577018542_1662524815-GB-M-026 read.
LOG (lattice-oracle[5.5.480~1-09abd]:main():lattice-oracle.cc:318) %WER 0 [ 0 / 6, 0 insertions, 0 deletions, 0 sub ]
LOG (lattice-oracle[5.5.480~1-09abd]:main():lattice-oracle.cc:332) For utterance M856376576-115241229_2577930-577018542_1662524815-GB-M-026, best cost 0
Lattice M856376576-115241229_2577930-577018542_1662524815-GB-M-028 read.
LOG (lattice-oracle[5.5.480~1-09abd]:main():lattice-oracle.cc:318) %WER 0 [ 0 / 5, 0 insertions, 0 deletions, 0 sub ]
LOG (lattice-oracle[5.5.480~1-09abd]:main():lattice-oracle.cc:332) For utterance M856376576-115241229_2577930-577018542_1662524815-GB-M-028, best cost 0
Lattice M856376576-115241229_2577930-577018542_1662524815-GB-M-029 read.
LOG (lattice-oracle[5.5.480~1-09abd]:main():lattice-oracle.cc:318) %WER 28.5714 [ 2 / 7, 0 insertions, 2 deletions, 0 sub ]
LOG (lattice-oracle[5.5.480~1-09abd]:main():lattice-oracle.cc:332) For utterance M856376576-115241229_2577930-577018542_1662524815-GB-M-029, best cost 2
Lattice M856376576-115241229_2577930-577018542_1662524815-GB-M-030 read.
LOG (lattice-oracle[5.5.480~1-09abd]:main():lattice-oracle.cc:318) %WER 0 [ 0 / 4, 0 insertions, 0 deletions, 0 sub ]
LOG (lattice-oracle[5.5.480~1-09abd]:main():lattice-oracle.cc:332) For utterance M856376576-115241229_2577930-577018542_1662524815-GB-M-030, best cost 0
Lattice M856376576-115241229_2577930-577018542_1662524815-GB-M-031 read.
LOG (lattice-oracle[5.5.480~1-09abd]:main():lattice-oracle.cc:318) %WER 71.4286 [ 5 / 7, 0 insertions, 0 deletions, 5 sub ]
LOG (lattice-oracle[5.5.480~1-09abd]:main():lattice-oracle.cc:332) For utterance M856376576-115241229_2577930-577018542_1662524815-GB-M-031, best cost 5
Lattice M856376576-115241229_2577930-577018542_1662524815-GB-M-033 read.
LOG (lattice-oracle[5.5.480~1-09abd]:main():lattice-oracle.cc:318) %WER 14.2857 [ 1 / 7, 1 insertions, 0 deletions, 0 sub ]
LOG (lattice-oracle[5.5.480~1-09abd]:main():lattice-oracle.cc:332) For utterance M856376576-115241229_2577930-577018542_1662524815-GB-M-033, best cost 1
Lattice M856376576-115241229_2577930-577018542_1662524815-GB-M-036 read.
LOG (lattice-oracle[5.5.480~1-09abd]:main():lattice-oracle.cc:318) %WER 66.6667 [ 4 / 6, 1 insertions, 3 deletions, 0 sub ]
LOG (lattice-oracle[5.5.480~1-09abd]:main():lattice-oracle.cc:332) For utterance M856376576-115241229_2577930-577018542_1662524815-GB-M-036, best cost 4
Lattice M856376576-115241229_2577930-577018542_1662524815-GB-M-037 read.
LOG (lattice-oracle[5.5.480~1-09abd]:main():lattice-oracle.cc:318) %WER 0 [ 0 / 7, 0 insertions, 0 deletions, 0 sub ]
LOG (lattice-oracle[5.5.480~1-09abd]:main():lattice-oracle.cc:332) For utterance M856376576-115241229_2577930-577018542_1662524815-GB-M-037, best cost 0
Lattice M856376576-115241229_2577930-577018542_1662524815-GB-M-038 read.
LOG (lattice-oracle[5.5.480~1-09abd]:main():lattice-oracle.cc:318) %WER 0 [ 0 / 6, 0 insertions, 0 deletions, 0 sub ]
LOG (lattice-oracle[5.5.480~1-09abd]:main():lattice-oracle.cc:332) For utterance M856376576-115241229_2577930-577018542_1662524815-GB-M-038, best cost 0
Lattice M856376576-115241229_2577930-577018542_1662524815-GB-M-039 read.
LOG (lattice-oracle[5.5.480~1-09abd]:main():lattice-oracle.cc:318) %WER 0 [ 0 / 14, 0 insertions, 0 deletions, 0 sub ]
LOG (lattice-oracle[5.5.480~1-09abd]:main():lattice-oracle.cc:332) For utterance M856376576-115241229_2577930-577018542_1662524815-GB-M-039, best cost 0
Lattice M856376576-115241229_2577930-577018542_1662524815-GB-M-043 read.
LOG (lattice-oracle[5.5.480~1-09abd]:main():lattice-oracle.cc:318) %WER 0 [ 0 / 10, 0 insertions, 0 deletions, 0 sub ]
LOG (lattice-oracle[5.5.480~1-09abd]:main():lattice-oracle.cc:332) For utterance M856376576-115241229_2577930-577018542_1662524815-GB-M-043, best cost 0
Lattice M856376576-115241229_2577930-577018542_1662524815-GB-M-044 read.
LOG (lattice-oracle[5.5.480~1-09abd]:main():lattice-oracle.cc:318) %WER 0 [ 0 / 10, 0 insertions, 0 deletions, 0 sub ]
LOG (lattice-oracle[5.5.480~1-09abd]:main():lattice-oracle.cc:332) For utterance M856376576-115241229_2577930-577018542_1662524815-GB-M-044, best cost 0
Lattice M856376576-115241229_2577930-577018542_1662524815-GB-M-046 read.
LOG (lattice-oracle[5.5.480~1-09abd]:main():lattice-oracle.cc:318) %WER 0 [ 0 / 6, 0 insertions, 0 deletions, 0 sub ]
LOG (lattice-oracle[5.5.480~1-09abd]:main():lattice-oracle.cc:332) For utterance M856376576-115241229_2577930-577018542_1662524815-GB-M-046, best cost 0
Lattice M856376576-115241229_2577930-577018542_1662524815-GB-M-047 read.
LOG (lattice-oracle[5.5.480~1-09abd]:main():lattice-oracle.cc:318) %WER 20 [ 1 / 5, 0 insertions, 1 deletions, 0 sub ]
LOG (lattice-oracle[5.5.480~1-09abd]:main():lattice-oracle.cc:332) For utterance M856376576-115241229_2577930-577018542_1662524815-GB-M-047, best cost 1
Lattice M856376576-115241229_2577930-577018542_1662524815-GB-M-049 read.
LOG (lattice-oracle[5.5.480~1-09abd]:main():lattice-oracle.cc:318) %WER 0 [ 0 / 5, 0 insertions, 0 deletions, 0 sub ]
LOG (lattice-oracle[5.5.480~1-09abd]:main():lattice-oracle.cc:332) For utterance M856376576-115241229_2577930-577018542_1662524815-GB-M-049, best cost 0
Lattice M856376576-115241229_2577930-577018542_1662524815-GB-M-051 read.
LOG (lattice-oracle[5.5.480~1-09abd]:main():lattice-oracle.cc:318) %WER 33.3333 [ 1 / 3, 0 insertions, 1 deletions, 0 sub ]
LOG (lattice-oracle[5.5.480~1-09abd]:main():lattice-oracle.cc:332) For utterance M856376576-115241229_2577930-577018542_1662524815-GB-M-051, best cost 1
Lattice M856376576-115241229_2577930-577018542_1662524815-GB-M-052 read.
LOG (lattice-oracle[5.5.480~1-09abd]:main():lattice-oracle.cc:318) %WER 0 [ 0 / 3, 0 insertions, 0 deletions, 0 sub ]
LOG (lattice-oracle[5.5.480~1-09abd]:main():lattice-oracle.cc:332) For utterance M856376576-115241229_2577930-577018542_1662524815-GB-M-052, best cost 0
Lattice M856376576-115241229_2577930-577018542_1662524815-GB-M-054 read.
LOG (lattice-oracle[5.5.480~1-09abd]:main():lattice-oracle.cc:318) %WER 0 [ 0 / 3, 0 insertions, 0 deletions, 0 sub ]
LOG (lattice-oracle[5.5.480~1-09abd]:main():lattice-oracle.cc:332) For utterance M856376576-115241229_2577930-577018542_1662524815-GB-M-054, best cost 0
Lattice M856376576-115241229_2577930-577018542_1662524815-GB-M-055 read.
LOG (lattice-oracle[5.5.480~1-09abd]:main():lattice-oracle.cc:318) %WER 0 [ 0 / 1, 0 insertions, 0 deletions, 0 sub ]
LOG (lattice-oracle[5.5.480~1-09abd]:main():lattice-oracle.cc:332) For utterance M856376576-115241229_2577930-577018542_1662524815-GB-M-055, best cost 0
Lattice M856376576-115241229_2577930-577018542_1662524815-GB-M-056 read.
LOG (lattice-oracle[5.5.480~1-09abd]:main():lattice-oracle.cc:318) %WER 0 [ 0 / 10, 0 insertions, 0 deletions, 0 sub ]
LOG (lattice-oracle[5.5.480~1-09abd]:main():lattice-oracle.cc:332) For utterance M856376576-115241229_2577930-577018542_1662524815-GB-M-056, best cost 0
Lattice M856376576-115241229_2577930-577018542_1662524815-GB-M-057 read.
LOG (lattice-oracle[5.5.480~1-09abd]:main():lattice-oracle.cc:318) %WER 6.66667 [ 1 / 15, 0 insertions, 1 deletions, 0 sub ]
LOG (lattice-oracle[5.5.480~1-09abd]:main():lattice-oracle.cc:332) For utterance M856376576-115241229_2577930-577018542_1662524815-GB-M-057, best cost 1
Lattice M856376576-115241229_2577930-577018542_1662524815-GB-M-059 read.
LOG (lattice-oracle[5.5.480~1-09abd]:main():lattice-oracle.cc:318) %WER 16.6667 [ 1 / 6, 0 insertions, 1 deletions, 0 sub ]
LOG (lattice-oracle[5.5.480~1-09abd]:main():lattice-oracle.cc:332) For utterance M856376576-115241229_2577930-577018542_1662524815-GB-M-059, best cost 1
Lattice M856376576-115241229_2577930-577018542_1662524815-GB-M-060 read.
LOG (lattice-oracle[5.5.480~1-09abd]:main():lattice-oracle.cc:318) %WER 0 [ 0 / 5, 0 insertions, 0 deletions, 0 sub ]
LOG (lattice-oracle[5.5.480~1-09abd]:main():lattice-oracle.cc:332) For utterance M856376576-115241229_2577930-577018542_1662524815-GB-M-060, best cost 0
Lattice M863295486-87218382_2445496-1161890806_1550393324-GB-M-005 read.
LOG (lattice-oracle[5.5.480~1-09abd]:main():lattice-oracle.cc:318) %WER 0 [ 0 / 5, 0 insertions, 0 deletions, 0 sub ]
LOG (lattice-oracle[5.5.480~1-09abd]:main():lattice-oracle.cc:332) For utterance M863295486-87218382_2445496-1161890806_1550393324-GB-M-005, best cost 0
Lattice M863295486-87218382_2445496-1161890806_1550393324-GB-M-006 read.
LOG (lattice-oracle[5.5.480~1-09abd]:main():lattice-oracle.cc:318) %WER 0 [ 0 / 8, 0 insertions, 0 deletions, 0 sub ]
LOG (lattice-oracle[5.5.480~1-09abd]:main():lattice-oracle.cc:332) For utterance M863295486-87218382_2445496-1161890806_1550393324-GB-M-006, best cost 0
Lattice M863295486-87218382_2445496-1161890806_1550393324-GB-M-007 read.
LOG (lattice-oracle[5.5.480~1-09abd]:main():lattice-oracle.cc:318) %WER 0 [ 0 / 6, 0 insertions, 0 deletions, 0 sub ]
LOG (lattice-oracle[5.5.480~1-09abd]:main():lattice-oracle.cc:332) For utterance M863295486-87218382_2445496-1161890806_1550393324-GB-M-007, best cost 0
Lattice M863295486-87218382_2445496-1161890806_1550393324-GB-M-009 read.
LOG (lattice-oracle[5.5.480~1-09abd]:main():lattice-oracle.cc:318) %WER 46.6667 [ 7 / 15, 0 insertions, 7 deletions, 0 sub ]
LOG (lattice-oracle[5.5.480~1-09abd]:main():lattice-oracle.cc:332) For utterance M863295486-87218382_2445496-1161890806_1550393324-GB-M-009, best cost 7
Lattice M863295486-87218382_2445496-1161890806_1550393324-GB-M-012 read.
LOG (lattice-oracle[5.5.480~1-09abd]:main():lattice-oracle.cc:318) %WER 0 [ 0 / 13, 0 insertions, 0 deletions, 0 sub ]
LOG (lattice-oracle[5.5.480~1-09abd]:main():lattice-oracle.cc:332) For utterance M863295486-87218382_2445496-1161890806_1550393324-GB-M-012, best cost 0
Lattice M863295486-87218382_2445496-1161890806_1550393324-GB-M-015 read.
LOG (lattice-oracle[5.5.480~1-09abd]:main():lattice-oracle.cc:318) %WER 25 [ 2 / 8, 0 insertions, 2 deletions, 0 sub ]
LOG (lattice-oracle[5.5.480~1-09abd]:main():lattice-oracle.cc:332) For utterance M863295486-87218382_2445496-1161890806_1550393324-GB-M-015, best cost 2
Lattice M863295486-87218382_2445496-1161890806_1550393324-GB-M-016 read.
LOG (lattice-oracle[5.5.480~1-09abd]:main():lattice-oracle.cc:318) %WER 0 [ 0 / 9, 0 insertions, 0 deletions, 0 sub ]
LOG (lattice-oracle[5.5.480~1-09abd]:main():lattice-oracle.cc:332) For utterance M863295486-87218382_2445496-1161890806_1550393324-GB-M-016, best cost 0
Lattice M863295486-87218382_2445496-1161890806_1550393324-GB-M-017 read.
LOG (lattice-oracle[5.5.480~1-09abd]:main():lattice-oracle.cc:318) %WER 0 [ 0 / 8, 0 insertions, 0 deletions, 0 sub ]
LOG (lattice-oracle[5.5.480~1-09abd]:main():lattice-oracle.cc:332) For utterance M863295486-87218382_2445496-1161890806_1550393324-GB-M-017, best cost 0
Lattice M863295486-87218382_2445496-1161890806_1550393324-GB-M-020 read.
LOG (lattice-oracle[5.5.480~1-09abd]:main():lattice-oracle.cc:318) %WER 11.1111 [ 1 / 9, 0 insertions, 1 deletions, 0 sub ]
LOG (lattice-oracle[5.5.480~1-09abd]:main():lattice-oracle.cc:332) For utterance M863295486-87218382_2445496-1161890806_1550393324-GB-M-020, best cost 1
Lattice M863295486-87218382_2445496-1161890806_1550393324-GB-M-021 read.
LOG (lattice-oracle[5.5.480~1-09abd]:main():lattice-oracle.cc:318) %WER 0 [ 0 / 7, 0 insertions, 0 deletions, 0 sub ]
LOG (lattice-oracle[5.5.480~1-09abd]:main():lattice-oracle.cc:332) For utterance M863295486-87218382_2445496-1161890806_1550393324-GB-M-021, best cost 0
Lattice M863295486-87218382_2445496-1161890806_1550393324-GB-M-022 read.
LOG (lattice-oracle[5.5.480~1-09abd]:main():lattice-oracle.cc:318) %WER 0 [ 0 / 6, 0 insertions, 0 deletions, 0 sub ]
LOG (lattice-oracle[5.5.480~1-09abd]:main():lattice-oracle.cc:332) For utterance M863295486-87218382_2445496-1161890806_1550393324-GB-M-022, best cost 0
Lattice M863295486-87218382_2445496-1161890806_1550393324-GB-M-023 read.
LOG (lattice-oracle[5.5.480~1-09abd]:main():lattice-oracle.cc:318) %WER 14.2857 [ 1 / 7, 0 insertions, 1 deletions, 0 sub ]
LOG (lattice-oracle[5.5.480~1-09abd]:main():lattice-oracle.cc:332) For utterance M863295486-87218382_2445496-1161890806_1550393324-GB-M-023, best cost 1
Lattice M863295486-87218382_2445496-1161890806_1550393324-GB-M-024 read.
LOG (lattice-oracle[5.5.480~1-09abd]:main():lattice-oracle.cc:318) %WER 0 [ 0 / 7, 0 insertions, 0 deletions, 0 sub ]
LOG (lattice-oracle[5.5.480~1-09abd]:main():lattice-oracle.cc:332) For utterance M863295486-87218382_2445496-1161890806_1550393324-GB-M-024, best cost 0
Lattice M863295486-87218382_2445496-1161890806_1550393324-GB-M-028 read.
LOG (lattice-oracle[5.5.480~1-09abd]:main():lattice-oracle.cc:318) %WER 45.4545 [ 5 / 11, 0 insertions, 5 deletions, 0 sub ]
LOG (lattice-oracle[5.5.480~1-09abd]:main():lattice-oracle.cc:332) For utterance M863295486-87218382_2445496-1161890806_1550393324-GB-M-028, best cost 5
Lattice M863295486-87218382_2445496-1161890806_1550393324-GB-M-031 read.
LOG (lattice-oracle[5.5.480~1-09abd]:main():lattice-oracle.cc:318) %WER 0 [ 0 / 14, 0 insertions, 0 deletions, 0 sub ]
LOG (lattice-oracle[5.5.480~1-09abd]:main():lattice-oracle.cc:332) For utterance M863295486-87218382_2445496-1161890806_1550393324-GB-M-031, best cost 0
Lattice M863295486-87218382_2445496-1161890806_1550393324-GB-M-036 read.
LOG (lattice-oracle[5.5.480~1-09abd]:main():lattice-oracle.cc:318) %WER 0 [ 0 / 8, 0 insertions, 0 deletions, 0 sub ]
LOG (lattice-oracle[5.5.480~1-09abd]:main():lattice-oracle.cc:332) For utterance M863295486-87218382_2445496-1161890806_1550393324-GB-M-036, best cost 0
Lattice M863295486-87218382_2445496-1161890806_1550393324-GB-M-037 read.
LOG (lattice-oracle[5.5.480~1-09abd]:main():lattice-oracle.cc:318) %WER 0 [ 0 / 10, 0 insertions, 0 deletions, 0 sub ]
LOG (lattice-oracle[5.5.480~1-09abd]:main():lattice-oracle.cc:332) For utterance M863295486-87218382_2445496-1161890806_1550393324-GB-M-037, best cost 0
Lattice M863295486-87218382_2445496-1161890806_1550393324-GB-M-041 read.
LOG (lattice-oracle[5.5.480~1-09abd]:main():lattice-oracle.cc:318) %WER 0 [ 0 / 9, 0 insertions, 0 deletions, 0 sub ]
LOG (lattice-oracle[5.5.480~1-09abd]:main():lattice-oracle.cc:332) For utterance M863295486-87218382_2445496-1161890806_1550393324-GB-M-041, best cost 0
Lattice M863295486-87218382_2445496-1161890806_1550393324-GB-M-047 read.
LOG (lattice-oracle[5.5.480~1-09abd]:main():lattice-oracle.cc:318) %WER 0 [ 0 / 14, 0 insertions, 0 deletions, 0 sub ]
LOG (lattice-oracle[5.5.480~1-09abd]:main():lattice-oracle.cc:332) For utterance M863295486-87218382_2445496-1161890806_1550393324-GB-M-047, best cost 0
Lattice M863295486-87218382_2445496-1161890806_1550393324-GB-M-049 read.
LOG (lattice-oracle[5.5.480~1-09abd]:main():lattice-oracle.cc:318) %WER 38.4615 [ 5 / 13, 0 insertions, 5 deletions, 0 sub ]
LOG (lattice-oracle[5.5.480~1-09abd]:main():lattice-oracle.cc:332) For utterance M863295486-87218382_2445496-1161890806_1550393324-GB-M-049, best cost 5
Lattice M863295486-87218382_2445496-1161890806_1550393324-GB-M-052 read.
LOG (lattice-oracle[5.5.480~1-09abd]:main():lattice-oracle.cc:318) %WER 0 [ 0 / 3, 0 insertions, 0 deletions, 0 sub ]
LOG (lattice-oracle[5.5.480~1-09abd]:main():lattice-oracle.cc:332) For utterance M863295486-87218382_2445496-1161890806_1550393324-GB-M-052, best cost 0
Lattice M863295486-87218382_2445496-1161890806_1550393324-GB-M-056 read.
LOG (lattice-oracle[5.5.480~1-09abd]:main():lattice-oracle.cc:318) %WER 0 [ 0 / 1, 0 insertions, 0 deletions, 0 sub ]
LOG (lattice-oracle[5.5.480~1-09abd]:main():lattice-oracle.cc:332) For utterance M863295486-87218382_2445496-1161890806_1550393324-GB-M-056, best cost 0
Lattice M863295486-87218382_2445496-1161890806_1550393324-GB-M-057 read.
LOG (lattice-oracle[5.5.480~1-09abd]:main():lattice-oracle.cc:318) %WER 0 [ 0 / 7, 0 insertions, 0 deletions, 0 sub ]
LOG (lattice-oracle[5.5.480~1-09abd]:main():lattice-oracle.cc:332) For utterance M863295486-87218382_2445496-1161890806_1550393324-GB-M-057, best cost 0
Lattice M863295486-87218382_2445496-1161890806_1550393324-GB-M-060 read.
LOG (lattice-oracle[5.5.480~1-09abd]:main():lattice-oracle.cc:318) %WER 0 [ 0 / 8, 0 insertions, 0 deletions, 0 sub ]
LOG (lattice-oracle[5.5.480~1-09abd]:main():lattice-oracle.cc:332) For utterance M863295486-87218382_2445496-1161890806_1550393324-GB-M-060, best cost 0
Lattice M863295486-87218382_2445496-1161890806_1550393324-GB-M-062 read.
LOG (lattice-oracle[5.5.480~1-09abd]:main():lattice-oracle.cc:318) %WER 22.2222 [ 2 / 9, 0 insertions, 2 deletions, 0 sub ]
LOG (lattice-oracle[5.5.480~1-09abd]:main():lattice-oracle.cc:332) For utterance M863295486-87218382_2445496-1161890806_1550393324-GB-M-062, best cost 2
Lattice M896423218-60939450_422672-896416478_1524041646-GB-M-001 read.
LOG (lattice-oracle[5.5.480~1-09abd]:main():lattice-oracle.cc:318) %WER 0 [ 0 / 7, 0 insertions, 0 deletions, 0 sub ]
LOG (lattice-oracle[5.5.480~1-09abd]:main():lattice-oracle.cc:332) For utterance M896423218-60939450_422672-896416478_1524041646-GB-M-001, best cost 0
Lattice M896423218-60939450_422672-896416478_1524041646-GB-M-002 read.
LOG (lattice-oracle[5.5.480~1-09abd]:main():lattice-oracle.cc:318) %WER 0 [ 0 / 45, 0 insertions, 0 deletions, 0 sub ]
LOG (lattice-oracle[5.5.480~1-09abd]:main():lattice-oracle.cc:332) For utterance M896423218-60939450_422672-896416478_1524041646-GB-M-002, best cost 0
Lattice M896423218-60939450_422672-896416478_1524041646-GB-M-010 read.
LOG (lattice-oracle[5.5.480~1-09abd]:main():lattice-oracle.cc:318) %WER 0 [ 0 / 6, 0 insertions, 0 deletions, 0 sub ]
LOG (lattice-oracle[5.5.480~1-09abd]:main():lattice-oracle.cc:332) For utterance M896423218-60939450_422672-896416478_1524041646-GB-M-010, best cost 0
Lattice M896423218-60939450_422672-896416478_1524041646-GB-M-011 read.
LOG (lattice-oracle[5.5.480~1-09abd]:main():lattice-oracle.cc:318) %WER 0 [ 0 / 7, 0 insertions, 0 deletions, 0 sub ]
LOG (lattice-oracle[5.5.480~1-09abd]:main():lattice-oracle.cc:332) For utterance M896423218-60939450_422672-896416478_1524041646-GB-M-011, best cost 0
Lattice M896423218-60939450_422672-896416478_1524041646-GB-M-012 read.
LOG (lattice-oracle[5.5.480~1-09abd]:main():lattice-oracle.cc:318) %WER 0 [ 0 / 12, 0 insertions, 0 deletions, 0 sub ]
LOG (lattice-oracle[5.5.480~1-09abd]:main():lattice-oracle.cc:332) For utterance M896423218-60939450_422672-896416478_1524041646-GB-M-012, best cost 0
Lattice M896423218-60939450_422672-896416478_1524041646-GB-M-014 read.
LOG (lattice-oracle[5.5.480~1-09abd]:main():lattice-oracle.cc:318) %WER 0 [ 0 / 34, 0 insertions, 0 deletions, 0 sub ]
LOG (lattice-oracle[5.5.480~1-09abd]:main():lattice-oracle.cc:332) For utterance M896423218-60939450_422672-896416478_1524041646-GB-M-014, best cost 0
Lattice M896423218-60939450_422672-896416478_1524041646-GB-M-020 read.
LOG (lattice-oracle[5.5.480~1-09abd]:main():lattice-oracle.cc:318) %WER 0 [ 0 / 34, 0 insertions, 0 deletions, 0 sub ]
LOG (lattice-oracle[5.5.480~1-09abd]:main():lattice-oracle.cc:332) For utterance M896423218-60939450_422672-896416478_1524041646-GB-M-020, best cost 0
Lattice M896423218-60939450_422672-896416478_1524041646-GB-M-025 read.
LOG (lattice-oracle[5.5.480~1-09abd]:main():lattice-oracle.cc:318) %WER 0 [ 0 / 7, 0 insertions, 0 deletions, 0 sub ]
LOG (lattice-oracle[5.5.480~1-09abd]:main():lattice-oracle.cc:332) For utterance M896423218-60939450_422672-896416478_1524041646-GB-M-025, best cost 0
Lattice M909014286-301164872_428081-909083411_1577831825-GB-M-001 read.
LOG (lattice-oracle[5.5.480~1-09abd]:main():lattice-oracle.cc:318) %WER 50 [ 4 / 8, 0 insertions, 4 deletions, 0 sub ]
LOG (lattice-oracle[5.5.480~1-09abd]:main():lattice-oracle.cc:332) For utterance M909014286-301164872_428081-909083411_1577831825-GB-M-001, best cost 4
Lattice M909014286-301164872_428081-909083411_1577831825-GB-M-003 read.
LOG (lattice-oracle[5.5.480~1-09abd]:main():lattice-oracle.cc:318) %WER 50 [ 2 / 4, 0 insertions, 2 deletions, 0 sub ]
LOG (lattice-oracle[5.5.480~1-09abd]:main():lattice-oracle.cc:332) For utterance M909014286-301164872_428081-909083411_1577831825-GB-M-003, best cost 2
Lattice M909014286-301164872_428081-909083411_1577831825-GB-M-004 read.
LOG (lattice-oracle[5.5.480~1-09abd]:main():lattice-oracle.cc:318) %WER 25 [ 2 / 8, 0 insertions, 2 deletions, 0 sub ]
LOG (lattice-oracle[5.5.480~1-09abd]:main():lattice-oracle.cc:332) For utterance M909014286-301164872_428081-909083411_1577831825-GB-M-004, best cost 2
Lattice M909014286-301164872_428081-909083411_1577831825-GB-M-006 read.
LOG (lattice-oracle[5.5.480~1-09abd]:main():lattice-oracle.cc:318) %WER 0 [ 0 / 5, 0 insertions, 0 deletions, 0 sub ]
LOG (lattice-oracle[5.5.480~1-09abd]:main():lattice-oracle.cc:332) For utterance M909014286-301164872_428081-909083411_1577831825-GB-M-006, best cost 0
Lattice M909014286-301164872_428081-909083411_1577831825-GB-M-007 read.
LOG (lattice-oracle[5.5.480~1-09abd]:main():lattice-oracle.cc:318) %WER 25 [ 1 / 4, 0 insertions, 1 deletions, 0 sub ]
LOG (lattice-oracle[5.5.480~1-09abd]:main():lattice-oracle.cc:332) For utterance M909014286-301164872_428081-909083411_1577831825-GB-M-007, best cost 1
Lattice M909014286-301164872_428081-909083411_1577831825-GB-M-010 read.
LOG (lattice-oracle[5.5.480~1-09abd]:main():lattice-oracle.cc:318) %WER 0 [ 0 / 8, 0 insertions, 0 deletions, 0 sub ]
LOG (lattice-oracle[5.5.480~1-09abd]:main():lattice-oracle.cc:332) For utterance M909014286-301164872_428081-909083411_1577831825-GB-M-010, best cost 0
Lattice M909014286-301164872_428081-909083411_1577831825-GB-M-011 read.
LOG (lattice-oracle[5.5.480~1-09abd]:main():lattice-oracle.cc:318) %WER 0 [ 0 / 8, 0 insertions, 0 deletions, 0 sub ]
LOG (lattice-oracle[5.5.480~1-09abd]:main():lattice-oracle.cc:332) For utterance M909014286-301164872_428081-909083411_1577831825-GB-M-011, best cost 0
Lattice M909014286-301164872_428081-909083411_1577831825-GB-M-013 read.
LOG (lattice-oracle[5.5.480~1-09abd]:main():lattice-oracle.cc:318) %WER 0 [ 0 / 7, 0 insertions, 0 deletions, 0 sub ]
LOG (lattice-oracle[5.5.480~1-09abd]:main():lattice-oracle.cc:332) For utterance M909014286-301164872_428081-909083411_1577831825-GB-M-013, best cost 0
Lattice M909014286-301164872_428081-909083411_1577831825-GB-M-014 read.
LOG (lattice-oracle[5.5.480~1-09abd]:main():lattice-oracle.cc:318) %WER 0 [ 0 / 7, 0 insertions, 0 deletions, 0 sub ]
LOG (lattice-oracle[5.5.480~1-09abd]:main():lattice-oracle.cc:332) For utterance M909014286-301164872_428081-909083411_1577831825-GB-M-014, best cost 0
Lattice M909014286-301164872_428081-909083411_1577831825-GB-M-015 read.
LOG (lattice-oracle[5.5.480~1-09abd]:main():lattice-oracle.cc:318) %WER 0 [ 0 / 6, 0 insertions, 0 deletions, 0 sub ]
LOG (lattice-oracle[5.5.480~1-09abd]:main():lattice-oracle.cc:332) For utterance M909014286-301164872_428081-909083411_1577831825-GB-M-015, best cost 0
Lattice M909014286-301164872_428081-909083411_1577831825-GB-M-016 read.
LOG (lattice-oracle[5.5.480~1-09abd]:main():lattice-oracle.cc:318) %WER 0 [ 0 / 8, 0 insertions, 0 deletions, 0 sub ]
LOG (lattice-oracle[5.5.480~1-09abd]:main():lattice-oracle.cc:332) For utterance M909014286-301164872_428081-909083411_1577831825-GB-M-016, best cost 0
Lattice M909014286-301164872_428081-909083411_1577831825-GB-M-017 read.
LOG (lattice-oracle[5.5.480~1-09abd]:main():lattice-oracle.cc:318) %WER 0 [ 0 / 10, 0 insertions, 0 deletions, 0 sub ]
LOG (lattice-oracle[5.5.480~1-09abd]:main():lattice-oracle.cc:332) For utterance M909014286-301164872_428081-909083411_1577831825-GB-M-017, best cost 0
Lattice M909014286-301164872_428081-909083411_1577831825-GB-M-020 read.
LOG (lattice-oracle[5.5.480~1-09abd]:main():lattice-oracle.cc:318) %WER 66.6667 [ 2 / 3, 1 insertions, 0 deletions, 1 sub ]
LOG (lattice-oracle[5.5.480~1-09abd]:main():lattice-oracle.cc:332) For utterance M909014286-301164872_428081-909083411_1577831825-GB-M-020, best cost 2
Lattice M909014286-301164872_428081-909083411_1577831825-GB-M-021 read.
LOG (lattice-oracle[5.5.480~1-09abd]:main():lattice-oracle.cc:318) %WER 8.33333 [ 1 / 12, 0 insertions, 1 deletions, 0 sub ]
LOG (lattice-oracle[5.5.480~1-09abd]:main():lattice-oracle.cc:332) For utterance M909014286-301164872_428081-909083411_1577831825-GB-M-021, best cost 1
Lattice M909014286-301164872_428081-909083411_1577831825-GB-M-023 read.
LOG (lattice-oracle[5.5.480~1-09abd]:main():lattice-oracle.cc:318) %WER 0 [ 0 / 6, 0 insertions, 0 deletions, 0 sub ]
LOG (lattice-oracle[5.5.480~1-09abd]:main():lattice-oracle.cc:332) For utterance M909014286-301164872_428081-909083411_1577831825-GB-M-023, best cost 0
Lattice M909014286-301164872_428081-909083411_1577831825-GB-M-024 read.
LOG (lattice-oracle[5.5.480~1-09abd]:main():lattice-oracle.cc:318) %WER 50 [ 6 / 12, 0 insertions, 6 deletions, 0 sub ]
LOG (lattice-oracle[5.5.480~1-09abd]:main():lattice-oracle.cc:332) For utterance M909014286-301164872_428081-909083411_1577831825-GB-M-024, best cost 6
Lattice M909014286-301164872_428081-909083411_1577831825-GB-M-026 read.
LOG (lattice-oracle[5.5.480~1-09abd]:main():lattice-oracle.cc:318) %WER 16.6667 [ 1 / 6, 0 insertions, 1 deletions, 0 sub ]
LOG (lattice-oracle[5.5.480~1-09abd]:main():lattice-oracle.cc:332) For utterance M909014286-301164872_428081-909083411_1577831825-GB-M-026, best cost 1
Lattice M909014286-301164872_428081-909083411_1577831825-GB-M-028 read.
LOG (lattice-oracle[5.5.480~1-09abd]:main():lattice-oracle.cc:318) %WER 0 [ 0 / 1, 0 insertions, 0 deletions, 0 sub ]
LOG (lattice-oracle[5.5.480~1-09abd]:main():lattice-oracle.cc:332) For utterance M909014286-301164872_428081-909083411_1577831825-GB-M-028, best cost 0
Lattice M909014286-301164872_428081-909083411_1577831825-GB-M-029 read.
LOG (lattice-oracle[5.5.480~1-09abd]:main():lattice-oracle.cc:318) %WER 14.2857 [ 1 / 7, 0 insertions, 1 deletions, 0 sub ]
LOG (lattice-oracle[5.5.480~1-09abd]:main():lattice-oracle.cc:332) For utterance M909014286-301164872_428081-909083411_1577831825-GB-M-029, best cost 1
Lattice M909014286-301164872_428081-909083411_1577831825-GB-M-030 read.
LOG (lattice-oracle[5.5.480~1-09abd]:main():lattice-oracle.cc:318) %WER 0 [ 0 / 7, 0 insertions, 0 deletions, 0 sub ]
LOG (lattice-oracle[5.5.480~1-09abd]:main():lattice-oracle.cc:332) For utterance M909014286-301164872_428081-909083411_1577831825-GB-M-030, best cost 0
Lattice M909014286-301164872_428081-909083411_1577831825-GB-M-031 read.
LOG (lattice-oracle[5.5.480~1-09abd]:main():lattice-oracle.cc:318) %WER 0 [ 0 / 7, 0 insertions, 0 deletions, 0 sub ]
LOG (lattice-oracle[5.5.480~1-09abd]:main():lattice-oracle.cc:332) For utterance M909014286-301164872_428081-909083411_1577831825-GB-M-031, best cost 0
Lattice M909014286-301164872_428081-909083411_1577831825-GB-M-033 read.
LOG (lattice-oracle[5.5.480~1-09abd]:main():lattice-oracle.cc:318) %WER 14.2857 [ 1 / 7, 0 insertions, 1 deletions, 0 sub ]
LOG (lattice-oracle[5.5.480~1-09abd]:main():lattice-oracle.cc:332) For utterance M909014286-301164872_428081-909083411_1577831825-GB-M-033, best cost 1
Lattice M909014286-301164872_428081-909083411_1577831825-GB-M-034 read.
LOG (lattice-oracle[5.5.480~1-09abd]:main():lattice-oracle.cc:318) %WER 0 [ 0 / 8, 0 insertions, 0 deletions, 0 sub ]
LOG (lattice-oracle[5.5.480~1-09abd]:main():lattice-oracle.cc:332) For utterance M909014286-301164872_428081-909083411_1577831825-GB-M-034, best cost 0
Lattice M909014286-301164872_428081-909083411_1577831825-GB-M-035 read.
LOG (lattice-oracle[5.5.480~1-09abd]:main():lattice-oracle.cc:318) %WER 0 [ 0 / 7, 0 insertions, 0 deletions, 0 sub ]
LOG (lattice-oracle[5.5.480~1-09abd]:main():lattice-oracle.cc:332) For utterance M909014286-301164872_428081-909083411_1577831825-GB-M-035, best cost 0
Lattice M909014286-301164872_428081-909083411_1577831825-GB-M-036 read.
LOG (lattice-oracle[5.5.480~1-09abd]:main():lattice-oracle.cc:318) %WER 0 [ 0 / 7, 0 insertions, 0 deletions, 0 sub ]
LOG (lattice-oracle[5.5.480~1-09abd]:main():lattice-oracle.cc:332) For utterance M909014286-301164872_428081-909083411_1577831825-GB-M-036, best cost 0
Lattice M909014286-301164872_428081-909083411_1577831825-GB-M-038 read.
LOG (lattice-oracle[5.5.480~1-09abd]:main():lattice-oracle.cc:318) %WER 0 [ 0 / 7, 0 insertions, 0 deletions, 0 sub ]
LOG (lattice-oracle[5.5.480~1-09abd]:main():lattice-oracle.cc:332) For utterance M909014286-301164872_428081-909083411_1577831825-GB-M-038, best cost 0
Lattice M909014286-301164872_428081-909083411_1577831825-GB-M-039 read.
LOG (lattice-oracle[5.5.480~1-09abd]:main():lattice-oracle.cc:318) %WER 0 [ 0 / 8, 0 insertions, 0 deletions, 0 sub ]
LOG (lattice-oracle[5.5.480~1-09abd]:main():lattice-oracle.cc:332) For utterance M909014286-301164872_428081-909083411_1577831825-GB-M-039, best cost 0
Lattice M909014286-301164872_428081-909083411_1577831825-GB-M-040 read.
LOG (lattice-oracle[5.5.480~1-09abd]:main():lattice-oracle.cc:318) %WER 0 [ 0 / 14, 0 insertions, 0 deletions, 0 sub ]
LOG (lattice-oracle[5.5.480~1-09abd]:main():lattice-oracle.cc:332) For utterance M909014286-301164872_428081-909083411_1577831825-GB-M-040, best cost 0
Lattice M909014286-301164872_428081-909083411_1577831825-GB-M-042 read.
LOG (lattice-oracle[5.5.480~1-09abd]:main():lattice-oracle.cc:318) %WER 0 [ 0 / 6, 0 insertions, 0 deletions, 0 sub ]
LOG (lattice-oracle[5.5.480~1-09abd]:main():lattice-oracle.cc:332) For utterance M909014286-301164872_428081-909083411_1577831825-GB-M-042, best cost 0
Lattice M909014286-301164872_428081-909083411_1577831825-GB-M-043 read.
LOG (lattice-oracle[5.5.480~1-09abd]:main():lattice-oracle.cc:318) %WER 0 [ 0 / 2, 0 insertions, 0 deletions, 0 sub ]
LOG (lattice-oracle[5.5.480~1-09abd]:main():lattice-oracle.cc:332) For utterance M909014286-301164872_428081-909083411_1577831825-GB-M-043, best cost 0
Lattice M922539668-212045395_114570-211107856_1628354923-GB-M-002 read.
LOG (lattice-oracle[5.5.480~1-09abd]:main():lattice-oracle.cc:318) %WER 0 [ 0 / 6, 0 insertions, 0 deletions, 0 sub ]
LOG (lattice-oracle[5.5.480~1-09abd]:main():lattice-oracle.cc:332) For utterance M922539668-212045395_114570-211107856_1628354923-GB-M-002, best cost 0
Lattice M922539668-212045395_114570-211107856_1628354923-GB-M-004 read.
LOG (lattice-oracle[5.5.480~1-09abd]:main():lattice-oracle.cc:318) %WER 0 [ 0 / 4, 0 insertions, 0 deletions, 0 sub ]
LOG (lattice-oracle[5.5.480~1-09abd]:main():lattice-oracle.cc:332) For utterance M922539668-212045395_114570-211107856_1628354923-GB-M-004, best cost 0
Lattice M922539668-212045395_114570-211107856_1628354923-GB-M-005 read.
LOG (lattice-oracle[5.5.480~1-09abd]:main():lattice-oracle.cc:318) %WER 0 [ 0 / 21, 0 insertions, 0 deletions, 0 sub ]
LOG (lattice-oracle[5.5.480~1-09abd]:main():lattice-oracle.cc:332) For utterance M922539668-212045395_114570-211107856_1628354923-GB-M-005, best cost 0
Lattice M922539668-212045395_114570-211107856_1628354923-GB-M-012 read.
LOG (lattice-oracle[5.5.480~1-09abd]:main():lattice-oracle.cc:318) %WER 11.5385 [ 3 / 26, 0 insertions, 1 deletions, 2 sub ]
LOG (lattice-oracle[5.5.480~1-09abd]:main():lattice-oracle.cc:332) For utterance M922539668-212045395_114570-211107856_1628354923-GB-M-012, best cost 3
Lattice M922539668-212045395_114570-211107856_1628354923-GB-M-016 read.
LOG (lattice-oracle[5.5.480~1-09abd]:main():lattice-oracle.cc:318) %WER 0 [ 0 / 9, 0 insertions, 0 deletions, 0 sub ]
LOG (lattice-oracle[5.5.480~1-09abd]:main():lattice-oracle.cc:332) For utterance M922539668-212045395_114570-211107856_1628354923-GB-M-016, best cost 0
Lattice M922539668-212045395_114570-211107856_1628354923-GB-M-017 read.
LOG (lattice-oracle[5.5.480~1-09abd]:main():lattice-oracle.cc:318) %WER 0 [ 0 / 8, 0 insertions, 0 deletions, 0 sub ]
LOG (lattice-oracle[5.5.480~1-09abd]:main():lattice-oracle.cc:332) For utterance M922539668-212045395_114570-211107856_1628354923-GB-M-017, best cost 0
Lattice M922539668-212045395_114570-211107856_1628354923-GB-M-018 read.
LOG (lattice-oracle[5.5.480~1-09abd]:main():lattice-oracle.cc:318) %WER 0 [ 0 / 8, 0 insertions, 0 deletions, 0 sub ]
LOG (lattice-oracle[5.5.480~1-09abd]:main():lattice-oracle.cc:332) For utterance M922539668-212045395_114570-211107856_1628354923-GB-M-018, best cost 0
Lattice M922539668-212045395_114570-211107856_1628354923-GB-M-019 read.
LOG (lattice-oracle[5.5.480~1-09abd]:main():lattice-oracle.cc:318) %WER 0 [ 0 / 8, 0 insertions, 0 deletions, 0 sub ]
LOG (lattice-oracle[5.5.480~1-09abd]:main():lattice-oracle.cc:332) For utterance M922539668-212045395_114570-211107856_1628354923-GB-M-019, best cost 0
Lattice M922539668-212045395_114570-211107856_1628354923-GB-M-021 read.
LOG (lattice-oracle[5.5.480~1-09abd]:main():lattice-oracle.cc:318) %WER 25 [ 1 / 4, 1 insertions, 0 deletions, 0 sub ]
LOG (lattice-oracle[5.5.480~1-09abd]:main():lattice-oracle.cc:332) For utterance M922539668-212045395_114570-211107856_1628354923-GB-M-021, best cost 1
Lattice M922539668-212045395_114570-211107856_1628354923-GB-M-022 read.
LOG (lattice-oracle[5.5.480~1-09abd]:main():lattice-oracle.cc:318) %WER 0 [ 0 / 12, 0 insertions, 0 deletions, 0 sub ]
LOG (lattice-oracle[5.5.480~1-09abd]:main():lattice-oracle.cc:332) For utterance M922539668-212045395_114570-211107856_1628354923-GB-M-022, best cost 0
Lattice M922539668-212045395_114570-211107856_1628354923-GB-M-024 read.
LOG (lattice-oracle[5.5.480~1-09abd]:main():lattice-oracle.cc:318) %WER 100 [ 6 / 6, 0 insertions, 4 deletions, 2 sub ]
LOG (lattice-oracle[5.5.480~1-09abd]:main():lattice-oracle.cc:332) For utterance M922539668-212045395_114570-211107856_1628354923-GB-M-024, best cost 6
Lattice M922539668-212045395_114570-211107856_1628354923-GB-M-026 read.
LOG (lattice-oracle[5.5.480~1-09abd]:main():lattice-oracle.cc:318) %WER 20 [ 2 / 10, 0 insertions, 2 deletions, 0 sub ]
LOG (lattice-oracle[5.5.480~1-09abd]:main():lattice-oracle.cc:332) For utterance M922539668-212045395_114570-211107856_1628354923-GB-M-026, best cost 2
Lattice M922539668-212045395_114570-211107856_1628354923-GB-M-028 read.
LOG (lattice-oracle[5.5.480~1-09abd]:main():lattice-oracle.cc:318) %WER 7.14286 [ 1 / 14, 0 insertions, 0 deletions, 1 sub ]
LOG (lattice-oracle[5.5.480~1-09abd]:main():lattice-oracle.cc:332) For utterance M922539668-212045395_114570-211107856_1628354923-GB-M-028, best cost 1
Lattice M922539668-212045395_114570-211107856_1628354923-GB-M-032 read.
LOG (lattice-oracle[5.5.480~1-09abd]:main():lattice-oracle.cc:318) %WER 42.8571 [ 3 / 7, 0 insertions, 3 deletions, 0 sub ]
LOG (lattice-oracle[5.5.480~1-09abd]:main():lattice-oracle.cc:332) For utterance M922539668-212045395_114570-211107856_1628354923-GB-M-032, best cost 3
Lattice M922539668-212045395_114570-211107856_1628354923-GB-M-033 read.
LOG (lattice-oracle[5.5.480~1-09abd]:main():lattice-oracle.cc:318) %WER 0 [ 0 / 9, 0 insertions, 0 deletions, 0 sub ]
LOG (lattice-oracle[5.5.480~1-09abd]:main():lattice-oracle.cc:332) For utterance M922539668-212045395_114570-211107856_1628354923-GB-M-033, best cost 0
Lattice M922539668-212045395_114570-211107856_1628354923-GB-M-034 read.
LOG (lattice-oracle[5.5.480~1-09abd]:main():lattice-oracle.cc:318) %WER 0 [ 0 / 8, 0 insertions, 0 deletions, 0 sub ]
LOG (lattice-oracle[5.5.480~1-09abd]:main():lattice-oracle.cc:332) For utterance M922539668-212045395_114570-211107856_1628354923-GB-M-034, best cost 0
Lattice M922539668-212045395_114570-211107856_1628354923-GB-M-035 read.
LOG (lattice-oracle[5.5.480~1-09abd]:main():lattice-oracle.cc:318) %WER 12.5 [ 3 / 24, 2 insertions, 0 deletions, 1 sub ]
LOG (lattice-oracle[5.5.480~1-09abd]:main():lattice-oracle.cc:332) For utterance M922539668-212045395_114570-211107856_1628354923-GB-M-035, best cost 3
Lattice M930512-457154355_219676-821396814_1650768167-GB-M-001 read.
LOG (lattice-oracle[5.5.480~1-09abd]:main():lattice-oracle.cc:318) %WER 0 [ 0 / 3, 0 insertions, 0 deletions, 0 sub ]
LOG (lattice-oracle[5.5.480~1-09abd]:main():lattice-oracle.cc:332) For utterance M930512-457154355_219676-821396814_1650768167-GB-M-001, best cost 0
Lattice M930512-457154355_219676-821396814_1650768167-GB-M-002 read.
LOG (lattice-oracle[5.5.480~1-09abd]:main():lattice-oracle.cc:318) %WER 0 [ 0 / 4, 0 insertions, 0 deletions, 0 sub ]
LOG (lattice-oracle[5.5.480~1-09abd]:main():lattice-oracle.cc:332) For utterance M930512-457154355_219676-821396814_1650768167-GB-M-002, best cost 0
Lattice M930512-457154355_219676-821396814_1650768167-GB-M-003 read.
LOG (lattice-oracle[5.5.480~1-09abd]:main():lattice-oracle.cc:318) %WER 0 [ 0 / 2, 0 insertions, 0 deletions, 0 sub ]
LOG (lattice-oracle[5.5.480~1-09abd]:main():lattice-oracle.cc:332) For utterance M930512-457154355_219676-821396814_1650768167-GB-M-003, best cost 0
Lattice M930512-457154355_219676-821396814_1650768167-GB-M-004 read.
LOG (lattice-oracle[5.5.480~1-09abd]:main():lattice-oracle.cc:318) %WER 0 [ 0 / 6, 0 insertions, 0 deletions, 0 sub ]
LOG (lattice-oracle[5.5.480~1-09abd]:main():lattice-oracle.cc:332) For utterance M930512-457154355_219676-821396814_1650768167-GB-M-004, best cost 0
Lattice M930512-457154355_219676-821396814_1650768167-GB-M-005 read.
LOG (lattice-oracle[5.5.480~1-09abd]:main():lattice-oracle.cc:318) %WER 0 [ 0 / 23, 0 insertions, 0 deletions, 0 sub ]
LOG (lattice-oracle[5.5.480~1-09abd]:main():lattice-oracle.cc:332) For utterance M930512-457154355_219676-821396814_1650768167-GB-M-005, best cost 0
Lattice M930512-457154355_219676-821396814_1650768167-GB-M-010 read.
LOG (lattice-oracle[5.5.480~1-09abd]:main():lattice-oracle.cc:318) %WER 0 [ 0 / 8, 0 insertions, 0 deletions, 0 sub ]
LOG (lattice-oracle[5.5.480~1-09abd]:main():lattice-oracle.cc:332) For utterance M930512-457154355_219676-821396814_1650768167-GB-M-010, best cost 0
Lattice M930512-457154355_219676-821396814_1650768167-GB-M-012 read.
LOG (lattice-oracle[5.5.480~1-09abd]:main():lattice-oracle.cc:318) %WER 0 [ 0 / 8, 0 insertions, 0 deletions, 0 sub ]
LOG (lattice-oracle[5.5.480~1-09abd]:main():lattice-oracle.cc:332) For utterance M930512-457154355_219676-821396814_1650768167-GB-M-012, best cost 0
Lattice M930512-457154355_219676-821396814_1650768167-GB-M-013 read.
LOG (lattice-oracle[5.5.480~1-09abd]:main():lattice-oracle.cc:318) %WER 20 [ 1 / 5, 0 insertions, 1 deletions, 0 sub ]
LOG (lattice-oracle[5.5.480~1-09abd]:main():lattice-oracle.cc:332) For utterance M930512-457154355_219676-821396814_1650768167-GB-M-013, best cost 1
Lattice M930512-457154355_219676-821396814_1650768167-GB-M-014 read.
LOG (lattice-oracle[5.5.480~1-09abd]:main():lattice-oracle.cc:318) %WER 20 [ 3 / 15, 3 insertions, 0 deletions, 0 sub ]
LOG (lattice-oracle[5.5.480~1-09abd]:main():lattice-oracle.cc:332) For utterance M930512-457154355_219676-821396814_1650768167-GB-M-014, best cost 3
Lattice M930512-457154355_219676-821396814_1650768167-GB-M-018 read.
LOG (lattice-oracle[5.5.480~1-09abd]:main():lattice-oracle.cc:318) %WER 0 [ 0 / 12, 0 insertions, 0 deletions, 0 sub ]
LOG (lattice-oracle[5.5.480~1-09abd]:main():lattice-oracle.cc:332) For utterance M930512-457154355_219676-821396814_1650768167-GB-M-018, best cost 0
Lattice M930512-457154355_219676-821396814_1650768167-GB-M-020 read.
LOG (lattice-oracle[5.5.480~1-09abd]:main():lattice-oracle.cc:318) %WER 0 [ 0 / 38, 0 insertions, 0 deletions, 0 sub ]
LOG (lattice-oracle[5.5.480~1-09abd]:main():lattice-oracle.cc:332) For utterance M930512-457154355_219676-821396814_1650768167-GB-M-020, best cost 0
Lattice M930512-457154355_219676-821396814_1650768167-GB-M-028 read.
LOG (lattice-oracle[5.5.480~1-09abd]:main():lattice-oracle.cc:318) %WER 0 [ 0 / 19, 0 insertions, 0 deletions, 0 sub ]
LOG (lattice-oracle[5.5.480~1-09abd]:main():lattice-oracle.cc:332) For utterance M930512-457154355_219676-821396814_1650768167-GB-M-028, best cost 0
Lattice M930512-457154355_219676-821396814_1650768167-GB-M-033 read.
LOG (lattice-oracle[5.5.480~1-09abd]:main():lattice-oracle.cc:318) %WER 0 [ 0 / 3, 0 insertions, 0 deletions, 0 sub ]
LOG (lattice-oracle[5.5.480~1-09abd]:main():lattice-oracle.cc:332) For utterance M930512-457154355_219676-821396814_1650768167-GB-M-033, best cost 0
Lattice M930512-457154355_219676-821396814_1650768167-GB-M-034 read.
LOG (lattice-oracle[5.5.480~1-09abd]:main():lattice-oracle.cc:318) %WER 0 [ 0 / 31, 0 insertions, 0 deletions, 0 sub ]
LOG (lattice-oracle[5.5.480~1-09abd]:main():lattice-oracle.cc:332) For utterance M930512-457154355_219676-821396814_1650768167-GB-M-034, best cost 0
Lattice M930512-457154355_219676-821396814_1650768167-GB-M-042 read.
LOG (lattice-oracle[5.5.480~1-09abd]:main():lattice-oracle.cc:318) %WER 0 [ 0 / 3, 0 insertions, 0 deletions, 0 sub ]
LOG (lattice-oracle[5.5.480~1-09abd]:main():lattice-oracle.cc:332) For utterance M930512-457154355_219676-821396814_1650768167-GB-M-042, best cost 0
Lattice M930512-457154355_219676-821396814_1650768167-GB-M-043 read.
LOG (lattice-oracle[5.5.480~1-09abd]:main():lattice-oracle.cc:318) %WER 0 [ 0 / 3, 0 insertions, 0 deletions, 0 sub ]
LOG (lattice-oracle[5.5.480~1-09abd]:main():lattice-oracle.cc:332) For utterance M930512-457154355_219676-821396814_1650768167-GB-M-043, best cost 0
Lattice M930512-457154355_219676-821396814_1650768167-GB-M-044 read.
LOG (lattice-oracle[5.5.480~1-09abd]:main():lattice-oracle.cc:318) %WER 0 [ 0 / 3, 0 insertions, 0 deletions, 0 sub ]
LOG (lattice-oracle[5.5.480~1-09abd]:main():lattice-oracle.cc:332) For utterance M930512-457154355_219676-821396814_1650768167-GB-M-044, best cost 0
Lattice M930512-457154355_219676-821396814_1650768167-GB-M-045 read.
LOG (lattice-oracle[5.5.480~1-09abd]:main():lattice-oracle.cc:318) %WER 0 [ 0 / 5, 0 insertions, 0 deletions, 0 sub ]
LOG (lattice-oracle[5.5.480~1-09abd]:main():lattice-oracle.cc:332) For utterance M930512-457154355_219676-821396814_1650768167-GB-M-045, best cost 0
Lattice M933750823-18875045_111383-933751723_1563320922-GB-M-001 read.
LOG (lattice-oracle[5.5.480~1-09abd]:main():lattice-oracle.cc:318) %WER 0 [ 0 / 8, 0 insertions, 0 deletions, 0 sub ]
LOG (lattice-oracle[5.5.480~1-09abd]:main():lattice-oracle.cc:332) For utterance M933750823-18875045_111383-933751723_1563320922-GB-M-001, best cost 0
Lattice M933750823-18875045_111383-933751723_1563320922-GB-M-003 read.
LOG (lattice-oracle[5.5.480~1-09abd]:main():lattice-oracle.cc:318) %WER 5.88235 [ 1 / 17, 1 insertions, 0 deletions, 0 sub ]
LOG (lattice-oracle[5.5.480~1-09abd]:main():lattice-oracle.cc:332) For utterance M933750823-18875045_111383-933751723_1563320922-GB-M-003, best cost 1
Lattice M933750823-18875045_111383-933751723_1563320922-GB-M-009 read.
LOG (lattice-oracle[5.5.480~1-09abd]:main():lattice-oracle.cc:318) %WER 100 [ 6 / 6, 0 insertions, 6 deletions, 0 sub ]
LOG (lattice-oracle[5.5.480~1-09abd]:main():lattice-oracle.cc:332) For utterance M933750823-18875045_111383-933751723_1563320922-GB-M-009, best cost 6
Lattice M933750823-18875045_111383-933751723_1563320922-GB-M-010 read.
LOG (lattice-oracle[5.5.480~1-09abd]:main():lattice-oracle.cc:318) %WER 100 [ 6 / 6, 0 insertions, 6 deletions, 0 sub ]
LOG (lattice-oracle[5.5.480~1-09abd]:main():lattice-oracle.cc:332) For utterance M933750823-18875045_111383-933751723_1563320922-GB-M-010, best cost 6
Lattice M933750823-18875045_111383-933751723_1563320922-GB-M-012 read.
LOG (lattice-oracle[5.5.480~1-09abd]:main():lattice-oracle.cc:318) %WER 28.5714 [ 2 / 7, 0 insertions, 1 deletions, 1 sub ]
LOG (lattice-oracle[5.5.480~1-09abd]:main():lattice-oracle.cc:332) For utterance M933750823-18875045_111383-933751723_1563320922-GB-M-012, best cost 2
Lattice M933750823-18875045_111383-933751723_1563320922-GB-M-014 read.
LOG (lattice-oracle[5.5.480~1-09abd]:main():lattice-oracle.cc:318) %WER 0 [ 0 / 6, 0 insertions, 0 deletions, 0 sub ]
LOG (lattice-oracle[5.5.480~1-09abd]:main():lattice-oracle.cc:332) For utterance M933750823-18875045_111383-933751723_1563320922-GB-M-014, best cost 0
Lattice M933750823-18875045_111383-933751723_1563320922-GB-M-015 read.
LOG (lattice-oracle[5.5.480~1-09abd]:main():lattice-oracle.cc:318) %WER 0 [ 0 / 13, 0 insertions, 0 deletions, 0 sub ]
LOG (lattice-oracle[5.5.480~1-09abd]:main():lattice-oracle.cc:332) For utterance M933750823-18875045_111383-933751723_1563320922-GB-M-015, best cost 0
Lattice M933750823-18875045_111383-933751723_1563320922-GB-M-023 read.
LOG (lattice-oracle[5.5.480~1-09abd]:main():lattice-oracle.cc:318) %WER 83.3333 [ 5 / 6, 0 insertions, 3 deletions, 2 sub ]
LOG (lattice-oracle[5.5.480~1-09abd]:main():lattice-oracle.cc:332) For utterance M933750823-18875045_111383-933751723_1563320922-GB-M-023, best cost 5
Lattice M933750823-18875045_111383-933751723_1563320922-GB-M-025 read.
LOG (lattice-oracle[5.5.480~1-09abd]:main():lattice-oracle.cc:318) %WER 15.3846 [ 2 / 13, 0 insertions, 2 deletions, 0 sub ]
LOG (lattice-oracle[5.5.480~1-09abd]:main():lattice-oracle.cc:332) For utterance M933750823-18875045_111383-933751723_1563320922-GB-M-025, best cost 2
Lattice M933750823-18875045_111383-933751723_1563320922-GB-M-027 read.
LOG (lattice-oracle[5.5.480~1-09abd]:main():lattice-oracle.cc:318) %WER 30 [ 3 / 10, 3 insertions, 0 deletions, 0 sub ]
LOG (lattice-oracle[5.5.480~1-09abd]:main():lattice-oracle.cc:332) For utterance M933750823-18875045_111383-933751723_1563320922-GB-M-027, best cost 3
Lattice M933750823-18875045_111383-933751723_1563320922-GB-M-033 read.
LOG (lattice-oracle[5.5.480~1-09abd]:main():lattice-oracle.cc:318) %WER 100 [ 7 / 7, 0 insertions, 7 deletions, 0 sub ]
LOG (lattice-oracle[5.5.480~1-09abd]:main():lattice-oracle.cc:332) For utterance M933750823-18875045_111383-933751723_1563320922-GB-M-033, best cost 7
Lattice M933750823-18875045_111383-933751723_1563320922-GB-M-036 read.
LOG (lattice-oracle[5.5.480~1-09abd]:main():lattice-oracle.cc:318) %WER 0 [ 0 / 8, 0 insertions, 0 deletions, 0 sub ]
LOG (lattice-oracle[5.5.480~1-09abd]:main():lattice-oracle.cc:332) For utterance M933750823-18875045_111383-933751723_1563320922-GB-M-036, best cost 0
Lattice M933750823-18875045_111383-933751723_1563320922-GB-M-038 read.
LOG (lattice-oracle[5.5.480~1-09abd]:main():lattice-oracle.cc:318) %WER 71.4286 [ 10 / 14, 10 insertions, 0 deletions, 0 sub ]
LOG (lattice-oracle[5.5.480~1-09abd]:main():lattice-oracle.cc:332) For utterance M933750823-18875045_111383-933751723_1563320922-GB-M-038, best cost 10
Lattice M933750823-18875045_111383-933751723_1563320922-GB-M-042 read.
LOG (lattice-oracle[5.5.480~1-09abd]:main():lattice-oracle.cc:318) %WER 0 [ 0 / 4, 0 insertions, 0 deletions, 0 sub ]
LOG (lattice-oracle[5.5.480~1-09abd]:main():lattice-oracle.cc:332) For utterance M933750823-18875045_111383-933751723_1563320922-GB-M-042, best cost 0
Lattice M933750823-18875045_111383-933751723_1563320922-GB-M-043 read.
LOG (lattice-oracle[5.5.480~1-09abd]:main():lattice-oracle.cc:318) %WER 0 [ 0 / 6, 0 insertions, 0 deletions, 0 sub ]
LOG (lattice-oracle[5.5.480~1-09abd]:main():lattice-oracle.cc:332) For utterance M933750823-18875045_111383-933751723_1563320922-GB-M-043, best cost 0
Lattice M933750823-18875045_111383-933751723_1563320922-GB-M-044 read.
LOG (lattice-oracle[5.5.480~1-09abd]:main():lattice-oracle.cc:318) %WER 0 [ 0 / 7, 0 insertions, 0 deletions, 0 sub ]
LOG (lattice-oracle[5.5.480~1-09abd]:main():lattice-oracle.cc:332) For utterance M933750823-18875045_111383-933751723_1563320922-GB-M-044, best cost 0
Lattice M933750823-18875045_111383-933751723_1563320922-GB-M-046 read.
LOG (lattice-oracle[5.5.480~1-09abd]:main():lattice-oracle.cc:318) %WER 40 [ 8 / 20, 7 insertions, 0 deletions, 1 sub ]
LOG (lattice-oracle[5.5.480~1-09abd]:main():lattice-oracle.cc:332) For utterance M933750823-18875045_111383-933751723_1563320922-GB-M-046, best cost 8
Lattice M933750823-18875045_111383-933751723_1563320922-GB-M-051 read.
LOG (lattice-oracle[5.5.480~1-09abd]:main():lattice-oracle.cc:318) %WER 0 [ 0 / 6, 0 insertions, 0 deletions, 0 sub ]
LOG (lattice-oracle[5.5.480~1-09abd]:main():lattice-oracle.cc:332) For utterance M933750823-18875045_111383-933751723_1563320922-GB-M-051, best cost 0
Lattice M937300497-391997824_124921-1268820481_1548007001-GB-M-001 read.
LOG (lattice-oracle[5.5.480~1-09abd]:main():lattice-oracle.cc:318) %WER 0 [ 0 / 9, 0 insertions, 0 deletions, 0 sub ]
LOG (lattice-oracle[5.5.480~1-09abd]:main():lattice-oracle.cc:332) For utterance M937300497-391997824_124921-1268820481_1548007001-GB-M-001, best cost 0
Lattice M937300497-391997824_124921-1268820481_1548007001-GB-M-003 read.
LOG (lattice-oracle[5.5.480~1-09abd]:main():lattice-oracle.cc:318) %WER 0 [ 0 / 7, 0 insertions, 0 deletions, 0 sub ]
LOG (lattice-oracle[5.5.480~1-09abd]:main():lattice-oracle.cc:332) For utterance M937300497-391997824_124921-1268820481_1548007001-GB-M-003, best cost 0
Lattice M937300497-391997824_124921-1268820481_1548007001-GB-M-004 read.
LOG (lattice-oracle[5.5.480~1-09abd]:main():lattice-oracle.cc:318) %WER 9.09091 [ 2 / 22, 2 insertions, 0 deletions, 0 sub ]
LOG (lattice-oracle[5.5.480~1-09abd]:main():lattice-oracle.cc:332) For utterance M937300497-391997824_124921-1268820481_1548007001-GB-M-004, best cost 2
Lattice M937300497-391997824_124921-1268820481_1548007001-GB-M-009 read.
LOG (lattice-oracle[5.5.480~1-09abd]:main():lattice-oracle.cc:318) %WER 7.69231 [ 2 / 26, 1 insertions, 0 deletions, 1 sub ]
LOG (lattice-oracle[5.5.480~1-09abd]:main():lattice-oracle.cc:332) For utterance M937300497-391997824_124921-1268820481_1548007001-GB-M-009, best cost 2
Lattice M937300497-391997824_124921-1268820481_1548007001-GB-M-014 read.
LOG (lattice-oracle[5.5.480~1-09abd]:main():lattice-oracle.cc:318) %WER 16.6667 [ 1 / 6, 1 insertions, 0 deletions, 0 sub ]
LOG (lattice-oracle[5.5.480~1-09abd]:main():lattice-oracle.cc:332) For utterance M937300497-391997824_124921-1268820481_1548007001-GB-M-014, best cost 1
Lattice M937300497-391997824_124921-1268820481_1548007001-GB-M-015 read.
LOG (lattice-oracle[5.5.480~1-09abd]:main():lattice-oracle.cc:318) %WER 0 [ 0 / 7, 0 insertions, 0 deletions, 0 sub ]
LOG (lattice-oracle[5.5.480~1-09abd]:main():lattice-oracle.cc:332) For utterance M937300497-391997824_124921-1268820481_1548007001-GB-M-015, best cost 0
Lattice M937300497-391997824_124921-1268820481_1548007001-GB-M-016 read.
LOG (lattice-oracle[5.5.480~1-09abd]:main():lattice-oracle.cc:318) %WER 0 [ 0 / 14, 0 insertions, 0 deletions, 0 sub ]
LOG (lattice-oracle[5.5.480~1-09abd]:main():lattice-oracle.cc:332) For utterance M937300497-391997824_124921-1268820481_1548007001-GB-M-016, best cost 0
Lattice M937300497-391997824_124921-1268820481_1548007001-GB-M-019 read.
LOG (lattice-oracle[5.5.480~1-09abd]:main():lattice-oracle.cc:318) %WER 12.5 [ 1 / 8, 0 insertions, 1 deletions, 0 sub ]
LOG (lattice-oracle[5.5.480~1-09abd]:main():lattice-oracle.cc:332) For utterance M937300497-391997824_124921-1268820481_1548007001-GB-M-019, best cost 1
Lattice M937300497-391997824_124921-1268820481_1548007001-GB-M-020 read.
LOG (lattice-oracle[5.5.480~1-09abd]:main():lattice-oracle.cc:318) %WER 0 [ 0 / 9, 0 insertions, 0 deletions, 0 sub ]
LOG (lattice-oracle[5.5.480~1-09abd]:main():lattice-oracle.cc:332) For utterance M937300497-391997824_124921-1268820481_1548007001-GB-M-020, best cost 0
Lattice M937300497-391997824_124921-1268820481_1548007001-GB-M-022 read.
LOG (lattice-oracle[5.5.480~1-09abd]:main():lattice-oracle.cc:318) %WER 0 [ 0 / 7, 0 insertions, 0 deletions, 0 sub ]
LOG (lattice-oracle[5.5.480~1-09abd]:main():lattice-oracle.cc:332) For utterance M937300497-391997824_124921-1268820481_1548007001-GB-M-022, best cost 0
Lattice M937300497-391997824_124921-1268820481_1548007001-GB-M-024 read.
LOG (lattice-oracle[5.5.480~1-09abd]:main():lattice-oracle.cc:318) %WER 19.0476 [ 4 / 21, 0 insertions, 3 deletions, 1 sub ]
LOG (lattice-oracle[5.5.480~1-09abd]:main():lattice-oracle.cc:332) For utterance M937300497-391997824_124921-1268820481_1548007001-GB-M-024, best cost 4
Lattice M937300497-391997824_124921-1268820481_1548007001-GB-M-028 read.
LOG (lattice-oracle[5.5.480~1-09abd]:main():lattice-oracle.cc:318) %WER 3.7037 [ 2 / 54, 2 insertions, 0 deletions, 0 sub ]
LOG (lattice-oracle[5.5.480~1-09abd]:main():lattice-oracle.cc:332) For utterance M937300497-391997824_124921-1268820481_1548007001-GB-M-028, best cost 2
Lattice M937300497-391997824_124921-1268820481_1548007001-GB-M-037 read.
LOG (lattice-oracle[5.5.480~1-09abd]:main():lattice-oracle.cc:318) %WER 14.2857 [ 1 / 7, 1 insertions, 0 deletions, 0 sub ]
LOG (lattice-oracle[5.5.480~1-09abd]:main():lattice-oracle.cc:332) For utterance M937300497-391997824_124921-1268820481_1548007001-GB-M-037, best cost 1
LOG (lattice-oracle[5.5.480~1-09abd]:main():lattice-oracle.cc:383) Overall %WER 10.9287 [ 213 / 1949, 49 insertions, 123 deletions, 41 substitutions ]
LOG (lattice-oracle[5.5.480~1-09abd]:main():lattice-oracle.cc:387) Scored 190 lattices, 0 not present in ref.
# Accounting: time=1 threads=1
# Ended (code 0) at Tue Sep 10 15:05:10 BST 2019, elapsed time 1 seconds
