# lattice-oracle "--write-lattices=ark:|gzip -c > exp/tri3b_cleaned/lattice_oracle/lat.15.gz" "ark:gunzip -c exp/tri3b_cleaned/lats/lat.15.gz |" "ark:utils/sym2int.pl --map-oov 239 -f 2- data/lang/words.txt data/train1/split40/15/text|" ark,t:- | utils/int2sym.pl -f 2- data/lang/words.txt > exp/tri3b_cleaned/lattice_oracle/oracle_hyp.15.txt 
# Started at Tue Sep 10 15:04:41 BST 2019
#
lattice-oracle '--write-lattices=ark:|gzip -c > exp/tri3b_cleaned/lattice_oracle/lat.15.gz' 'ark:gunzip -c exp/tri3b_cleaned/lats/lat.15.gz |' 'ark:utils/sym2int.pl --map-oov 239 -f 2- data/lang/words.txt data/train1/split40/15/text|' ark,t:- 
Lattice F449836950-579546944_463553-1079812878_1587116493-GB-F-001 read.
sym2int.pl: replacing ENDLESSNESS with 239
sym2int.pl: replacing ENDLESSNESS with 239
LOG (lattice-oracle[5.5.480~1-09abd]:main():lattice-oracle.cc:318) %WER 33.3333 [ 1 / 3, 1 insertions, 0 deletions, 0 sub ]
LOG (lattice-oracle[5.5.480~1-09abd]:main():lattice-oracle.cc:332) For utterance F449836950-579546944_463553-1079812878_1587116493-GB-F-001, best cost 1
sym2int.pl: replacing MAKE' with 239
Lattice F449836950-579546944_463553-1079812878_1587116493-GB-F-002 read.
sym2int.pl: replacing DIVED with 239
sym2int.pl: replacing MAUI with 239
sym2int.pl: replacing DEMIGOD with 239
sym2int.pl: replacing WADDLING with 239
sym2int.pl: replacing LASSO'D with 239
sym2int.pl: replacing MAUI with 239
sym2int.pl: replacing EEL with 239
sym2int.pl: replacing MAUI with 239
sym2int.pl: replacing MAUI with 239
sym2int.pl: replacing MAUI with 239
** Replaced 13 instances of OOVs with 239
LOG (lattice-oracle[5.5.480~1-09abd]:main():lattice-oracle.cc:318) %WER 50 [ 2 / 4, 2 insertions, 0 deletions, 0 sub ]
LOG (lattice-oracle[5.5.480~1-09abd]:main():lattice-oracle.cc:332) For utterance F449836950-579546944_463553-1079812878_1587116493-GB-F-002, best cost 2
Lattice F449836950-579546944_463553-1079812878_1587116493-GB-F-003 read.
LOG (lattice-oracle[5.5.480~1-09abd]:main():lattice-oracle.cc:318) %WER 0 [ 0 / 4, 0 insertions, 0 deletions, 0 sub ]
LOG (lattice-oracle[5.5.480~1-09abd]:main():lattice-oracle.cc:332) For utterance F449836950-579546944_463553-1079812878_1587116493-GB-F-003, best cost 0
Lattice F449836950-579546944_463553-1079812878_1587116493-GB-F-004 read.
LOG (lattice-oracle[5.5.480~1-09abd]:main():lattice-oracle.cc:318) %WER 0 [ 0 / 5, 0 insertions, 0 deletions, 0 sub ]
LOG (lattice-oracle[5.5.480~1-09abd]:main():lattice-oracle.cc:332) For utterance F449836950-579546944_463553-1079812878_1587116493-GB-F-004, best cost 0
Lattice F449836950-579546944_463553-1079812878_1587116493-GB-F-005 read.
LOG (lattice-oracle[5.5.480~1-09abd]:main():lattice-oracle.cc:318) %WER 12.5 [ 1 / 8, 1 insertions, 0 deletions, 0 sub ]
LOG (lattice-oracle[5.5.480~1-09abd]:main():lattice-oracle.cc:332) For utterance F449836950-579546944_463553-1079812878_1587116493-GB-F-005, best cost 1
Lattice F449836950-579546944_463553-1079812878_1587116493-GB-F-007 read.
LOG (lattice-oracle[5.5.480~1-09abd]:main():lattice-oracle.cc:318) %WER 0 [ 0 / 9, 0 insertions, 0 deletions, 0 sub ]
LOG (lattice-oracle[5.5.480~1-09abd]:main():lattice-oracle.cc:332) For utterance F449836950-579546944_463553-1079812878_1587116493-GB-F-007, best cost 0
Lattice F449836950-579546944_463553-1079812878_1587116493-GB-F-010 read.
LOG (lattice-oracle[5.5.480~1-09abd]:main():lattice-oracle.cc:318) %WER 0 [ 0 / 4, 0 insertions, 0 deletions, 0 sub ]
LOG (lattice-oracle[5.5.480~1-09abd]:main():lattice-oracle.cc:332) For utterance F449836950-579546944_463553-1079812878_1587116493-GB-F-010, best cost 0
Lattice F449836950-579546944_463553-1079812878_1587116493-GB-F-011 read.
LOG (lattice-oracle[5.5.480~1-09abd]:main():lattice-oracle.cc:318) %WER 0 [ 0 / 4, 0 insertions, 0 deletions, 0 sub ]
LOG (lattice-oracle[5.5.480~1-09abd]:main():lattice-oracle.cc:332) For utterance F449836950-579546944_463553-1079812878_1587116493-GB-F-011, best cost 0
Lattice F449836950-579546944_463553-1079812878_1587116493-GB-F-012 read.
LOG (lattice-oracle[5.5.480~1-09abd]:main():lattice-oracle.cc:318) %WER 0 [ 0 / 18, 0 insertions, 0 deletions, 0 sub ]
LOG (lattice-oracle[5.5.480~1-09abd]:main():lattice-oracle.cc:332) For utterance F449836950-579546944_463553-1079812878_1587116493-GB-F-012, best cost 0
Lattice F449836950-579546944_463553-1079812878_1587116493-GB-F-016 read.
LOG (lattice-oracle[5.5.480~1-09abd]:main():lattice-oracle.cc:318) %WER 0 [ 0 / 4, 0 insertions, 0 deletions, 0 sub ]
LOG (lattice-oracle[5.5.480~1-09abd]:main():lattice-oracle.cc:332) For utterance F449836950-579546944_463553-1079812878_1587116493-GB-F-016, best cost 0
Lattice F449836950-579546944_463553-1079812878_1587116493-GB-F-018 read.
LOG (lattice-oracle[5.5.480~1-09abd]:main():lattice-oracle.cc:318) %WER 0 [ 0 / 5, 0 insertions, 0 deletions, 0 sub ]
LOG (lattice-oracle[5.5.480~1-09abd]:main():lattice-oracle.cc:332) For utterance F449836950-579546944_463553-1079812878_1587116493-GB-F-018, best cost 0
Lattice F449836950-579546944_463553-1079812878_1587116493-GB-F-019 read.
LOG (lattice-oracle[5.5.480~1-09abd]:main():lattice-oracle.cc:318) %WER 0 [ 0 / 4, 0 insertions, 0 deletions, 0 sub ]
LOG (lattice-oracle[5.5.480~1-09abd]:main():lattice-oracle.cc:332) For utterance F449836950-579546944_463553-1079812878_1587116493-GB-F-019, best cost 0
Lattice F449836950-579546944_463553-1079812878_1587116493-GB-F-020 read.
LOG (lattice-oracle[5.5.480~1-09abd]:main():lattice-oracle.cc:318) %WER 0 [ 0 / 4, 0 insertions, 0 deletions, 0 sub ]
LOG (lattice-oracle[5.5.480~1-09abd]:main():lattice-oracle.cc:332) For utterance F449836950-579546944_463553-1079812878_1587116493-GB-F-020, best cost 0
Lattice F449836950-579546944_463553-1079812878_1587116493-GB-F-021 read.
LOG (lattice-oracle[5.5.480~1-09abd]:main():lattice-oracle.cc:318) %WER 0 [ 0 / 4, 0 insertions, 0 deletions, 0 sub ]
LOG (lattice-oracle[5.5.480~1-09abd]:main():lattice-oracle.cc:332) For utterance F449836950-579546944_463553-1079812878_1587116493-GB-F-021, best cost 0
Lattice F449836950-579546944_463553-1079812878_1587116493-GB-F-022 read.
LOG (lattice-oracle[5.5.480~1-09abd]:main():lattice-oracle.cc:318) %WER 0 [ 0 / 6, 0 insertions, 0 deletions, 0 sub ]
LOG (lattice-oracle[5.5.480~1-09abd]:main():lattice-oracle.cc:332) For utterance F449836950-579546944_463553-1079812878_1587116493-GB-F-022, best cost 0
Lattice F449836950-579546944_463553-1079812878_1587116493-GB-F-023 read.
LOG (lattice-oracle[5.5.480~1-09abd]:main():lattice-oracle.cc:318) %WER 0 [ 0 / 3, 0 insertions, 0 deletions, 0 sub ]
LOG (lattice-oracle[5.5.480~1-09abd]:main():lattice-oracle.cc:332) For utterance F449836950-579546944_463553-1079812878_1587116493-GB-F-023, best cost 0
Lattice F449836950-579546944_463553-1079812878_1587116493-GB-F-024 read.
LOG (lattice-oracle[5.5.480~1-09abd]:main():lattice-oracle.cc:318) %WER 0 [ 0 / 5, 0 insertions, 0 deletions, 0 sub ]
LOG (lattice-oracle[5.5.480~1-09abd]:main():lattice-oracle.cc:332) For utterance F449836950-579546944_463553-1079812878_1587116493-GB-F-024, best cost 0
Lattice F449836950-579546944_463553-1079812878_1587116493-GB-F-025 read.
LOG (lattice-oracle[5.5.480~1-09abd]:main():lattice-oracle.cc:318) %WER 0 [ 0 / 4, 0 insertions, 0 deletions, 0 sub ]
LOG (lattice-oracle[5.5.480~1-09abd]:main():lattice-oracle.cc:332) For utterance F449836950-579546944_463553-1079812878_1587116493-GB-F-025, best cost 0
Lattice F449836950-579546944_463553-1079812878_1587116493-GB-F-026 read.
LOG (lattice-oracle[5.5.480~1-09abd]:main():lattice-oracle.cc:318) %WER 0 [ 0 / 5, 0 insertions, 0 deletions, 0 sub ]
LOG (lattice-oracle[5.5.480~1-09abd]:main():lattice-oracle.cc:332) For utterance F449836950-579546944_463553-1079812878_1587116493-GB-F-026, best cost 0
Lattice F449836950-579546944_463553-1079812878_1587116493-GB-F-027 read.
LOG (lattice-oracle[5.5.480~1-09abd]:main():lattice-oracle.cc:318) %WER 0 [ 0 / 4, 0 insertions, 0 deletions, 0 sub ]
LOG (lattice-oracle[5.5.480~1-09abd]:main():lattice-oracle.cc:332) For utterance F449836950-579546944_463553-1079812878_1587116493-GB-F-027, best cost 0
Lattice F449836950-579546944_463553-1079812878_1587116493-GB-F-028 read.
LOG (lattice-oracle[5.5.480~1-09abd]:main():lattice-oracle.cc:318) %WER 20 [ 1 / 5, 0 insertions, 1 deletions, 0 sub ]
LOG (lattice-oracle[5.5.480~1-09abd]:main():lattice-oracle.cc:332) For utterance F449836950-579546944_463553-1079812878_1587116493-GB-F-028, best cost 1
Lattice F451048162-366321445_100764-506036352_1613745090-GB-F-005 read.
LOG (lattice-oracle[5.5.480~1-09abd]:main():lattice-oracle.cc:318) %WER 0 [ 0 / 12, 0 insertions, 0 deletions, 0 sub ]
LOG (lattice-oracle[5.5.480~1-09abd]:main():lattice-oracle.cc:332) For utterance F451048162-366321445_100764-506036352_1613745090-GB-F-005, best cost 0
Lattice F451048162-366321445_100764-506036352_1613745090-GB-F-007 read.
LOG (lattice-oracle[5.5.480~1-09abd]:main():lattice-oracle.cc:318) %WER 0 [ 0 / 6, 0 insertions, 0 deletions, 0 sub ]
LOG (lattice-oracle[5.5.480~1-09abd]:main():lattice-oracle.cc:332) For utterance F451048162-366321445_100764-506036352_1613745090-GB-F-007, best cost 0
Lattice F451048162-366321445_100764-506036352_1613745090-GB-F-008 read.
LOG (lattice-oracle[5.5.480~1-09abd]:main():lattice-oracle.cc:318) %WER 27.7778 [ 5 / 18, 0 insertions, 3 deletions, 2 sub ]
LOG (lattice-oracle[5.5.480~1-09abd]:main():lattice-oracle.cc:332) For utterance F451048162-366321445_100764-506036352_1613745090-GB-F-008, best cost 5
Lattice F451048162-366321445_100764-506036352_1613745090-GB-F-019 read.
LOG (lattice-oracle[5.5.480~1-09abd]:main():lattice-oracle.cc:318) %WER 0 [ 0 / 8, 0 insertions, 0 deletions, 0 sub ]
LOG (lattice-oracle[5.5.480~1-09abd]:main():lattice-oracle.cc:332) For utterance F451048162-366321445_100764-506036352_1613745090-GB-F-019, best cost 0
Lattice F451048162-366321445_100764-506036352_1613745090-GB-F-021 read.
LOG (lattice-oracle[5.5.480~1-09abd]:main():lattice-oracle.cc:318) %WER 15.3846 [ 2 / 13, 0 insertions, 2 deletions, 0 sub ]
LOG (lattice-oracle[5.5.480~1-09abd]:main():lattice-oracle.cc:332) For utterance F451048162-366321445_100764-506036352_1613745090-GB-F-021, best cost 2
Lattice F451048162-366321445_100764-506036352_1613745090-GB-F-023 read.
LOG (lattice-oracle[5.5.480~1-09abd]:main():lattice-oracle.cc:318) %WER 66.6667 [ 2 / 3, 2 insertions, 0 deletions, 0 sub ]
LOG (lattice-oracle[5.5.480~1-09abd]:main():lattice-oracle.cc:332) For utterance F451048162-366321445_100764-506036352_1613745090-GB-F-023, best cost 2
Lattice F451048162-366321445_100764-506036352_1613745090-GB-F-026 read.
LOG (lattice-oracle[5.5.480~1-09abd]:main():lattice-oracle.cc:318) %WER 0 [ 0 / 4, 0 insertions, 0 deletions, 0 sub ]
LOG (lattice-oracle[5.5.480~1-09abd]:main():lattice-oracle.cc:332) For utterance F451048162-366321445_100764-506036352_1613745090-GB-F-026, best cost 0
Lattice F451048162-366321445_100764-506036352_1613745090-GB-F-027 read.
LOG (lattice-oracle[5.5.480~1-09abd]:main():lattice-oracle.cc:318) %WER 0 [ 0 / 3, 0 insertions, 0 deletions, 0 sub ]
LOG (lattice-oracle[5.5.480~1-09abd]:main():lattice-oracle.cc:332) For utterance F451048162-366321445_100764-506036352_1613745090-GB-F-027, best cost 0
Lattice F451048162-366321445_100764-506036352_1613745090-GB-F-029 read.
LOG (lattice-oracle[5.5.480~1-09abd]:main():lattice-oracle.cc:318) %WER 0 [ 0 / 7, 0 insertions, 0 deletions, 0 sub ]
LOG (lattice-oracle[5.5.480~1-09abd]:main():lattice-oracle.cc:332) For utterance F451048162-366321445_100764-506036352_1613745090-GB-F-029, best cost 0
Lattice F451048162-366321445_100764-506036352_1613745090-GB-F-030 read.
LOG (lattice-oracle[5.5.480~1-09abd]:main():lattice-oracle.cc:318) %WER 4 [ 1 / 25, 1 insertions, 0 deletions, 0 sub ]
LOG (lattice-oracle[5.5.480~1-09abd]:main():lattice-oracle.cc:332) For utterance F451048162-366321445_100764-506036352_1613745090-GB-F-030, best cost 1
Lattice F451048162-366321445_100764-506036352_1613745090-GB-F-039 read.
LOG (lattice-oracle[5.5.480~1-09abd]:main():lattice-oracle.cc:318) %WER 0 [ 0 / 5, 0 insertions, 0 deletions, 0 sub ]
LOG (lattice-oracle[5.5.480~1-09abd]:main():lattice-oracle.cc:332) For utterance F451048162-366321445_100764-506036352_1613745090-GB-F-039, best cost 0
Lattice F451048162-366321445_100764-506036352_1613745090-GB-F-041 read.
LOG (lattice-oracle[5.5.480~1-09abd]:main():lattice-oracle.cc:318) %WER 0 [ 0 / 24, 0 insertions, 0 deletions, 0 sub ]
LOG (lattice-oracle[5.5.480~1-09abd]:main():lattice-oracle.cc:332) For utterance F451048162-366321445_100764-506036352_1613745090-GB-F-041, best cost 0
Lattice F451048162-366321445_100764-506036352_1613745090-GB-F-047 read.
LOG (lattice-oracle[5.5.480~1-09abd]:main():lattice-oracle.cc:318) %WER 0 [ 0 / 4, 0 insertions, 0 deletions, 0 sub ]
LOG (lattice-oracle[5.5.480~1-09abd]:main():lattice-oracle.cc:332) For utterance F451048162-366321445_100764-506036352_1613745090-GB-F-047, best cost 0
Lattice F451048162-366321445_100764-506036352_1613745090-GB-F-048 read.
LOG (lattice-oracle[5.5.480~1-09abd]:main():lattice-oracle.cc:318) %WER 55.5556 [ 5 / 9, 5 insertions, 0 deletions, 0 sub ]
LOG (lattice-oracle[5.5.480~1-09abd]:main():lattice-oracle.cc:332) For utterance F451048162-366321445_100764-506036352_1613745090-GB-F-048, best cost 5
Lattice F455838357-18875045_111383-455841093_1669640160-GB-F-051 read.
LOG (lattice-oracle[5.5.480~1-09abd]:main():lattice-oracle.cc:318) %WER 83.3333 [ 5 / 6, 0 insertions, 4 deletions, 1 sub ]
LOG (lattice-oracle[5.5.480~1-09abd]:main():lattice-oracle.cc:332) For utterance F455838357-18875045_111383-455841093_1669640160-GB-F-051, best cost 5
Lattice F455838357-457154355_219676-455841093_1690280089-GB-F-001 read.
LOG (lattice-oracle[5.5.480~1-09abd]:main():lattice-oracle.cc:318) %WER 0 [ 0 / 3, 0 insertions, 0 deletions, 0 sub ]
LOG (lattice-oracle[5.5.480~1-09abd]:main():lattice-oracle.cc:332) For utterance F455838357-457154355_219676-455841093_1690280089-GB-F-001, best cost 0
Lattice F455838357-457154355_219676-455841093_1690280089-GB-F-002 read.
LOG (lattice-oracle[5.5.480~1-09abd]:main():lattice-oracle.cc:318) %WER 0 [ 0 / 4, 0 insertions, 0 deletions, 0 sub ]
LOG (lattice-oracle[5.5.480~1-09abd]:main():lattice-oracle.cc:332) For utterance F455838357-457154355_219676-455841093_1690280089-GB-F-002, best cost 0
Lattice F455838357-457154355_219676-455841093_1690280089-GB-F-003 read.
LOG (lattice-oracle[5.5.480~1-09abd]:main():lattice-oracle.cc:318) %WER 0 [ 0 / 2, 0 insertions, 0 deletions, 0 sub ]
LOG (lattice-oracle[5.5.480~1-09abd]:main():lattice-oracle.cc:332) For utterance F455838357-457154355_219676-455841093_1690280089-GB-F-003, best cost 0
Lattice F455838357-457154355_219676-455841093_1690280089-GB-F-004 read.
LOG (lattice-oracle[5.5.480~1-09abd]:main():lattice-oracle.cc:318) %WER 0 [ 0 / 8, 0 insertions, 0 deletions, 0 sub ]
LOG (lattice-oracle[5.5.480~1-09abd]:main():lattice-oracle.cc:332) For utterance F455838357-457154355_219676-455841093_1690280089-GB-F-004, best cost 0
Lattice F455838357-457154355_219676-455841093_1690280089-GB-F-006 read.
LOG (lattice-oracle[5.5.480~1-09abd]:main():lattice-oracle.cc:318) %WER 0 [ 0 / 21, 0 insertions, 0 deletions, 0 sub ]
LOG (lattice-oracle[5.5.480~1-09abd]:main():lattice-oracle.cc:332) For utterance F455838357-457154355_219676-455841093_1690280089-GB-F-006, best cost 0
Lattice F455838357-457154355_219676-455841093_1690280089-GB-F-010 read.
LOG (lattice-oracle[5.5.480~1-09abd]:main():lattice-oracle.cc:318) %WER 0 [ 0 / 5, 0 insertions, 0 deletions, 0 sub ]
LOG (lattice-oracle[5.5.480~1-09abd]:main():lattice-oracle.cc:332) For utterance F455838357-457154355_219676-455841093_1690280089-GB-F-010, best cost 0
Lattice F455838357-457154355_219676-455841093_1690280089-GB-F-011 read.
LOG (lattice-oracle[5.5.480~1-09abd]:main():lattice-oracle.cc:318) %WER 0 [ 0 / 3, 0 insertions, 0 deletions, 0 sub ]
LOG (lattice-oracle[5.5.480~1-09abd]:main():lattice-oracle.cc:332) For utterance F455838357-457154355_219676-455841093_1690280089-GB-F-011, best cost 0
Lattice F455838357-457154355_219676-455841093_1690280089-GB-F-012 read.
LOG (lattice-oracle[5.5.480~1-09abd]:main():lattice-oracle.cc:318) %WER 7.14286 [ 2 / 28, 2 insertions, 0 deletions, 0 sub ]
LOG (lattice-oracle[5.5.480~1-09abd]:main():lattice-oracle.cc:332) For utterance F455838357-457154355_219676-455841093_1690280089-GB-F-012, best cost 2
Lattice F455838357-457154355_219676-455841093_1690280089-GB-F-018 read.
LOG (lattice-oracle[5.5.480~1-09abd]:main():lattice-oracle.cc:318) %WER 18.1818 [ 6 / 33, 2 insertions, 0 deletions, 4 sub ]
LOG (lattice-oracle[5.5.480~1-09abd]:main():lattice-oracle.cc:332) For utterance F455838357-457154355_219676-455841093_1690280089-GB-F-018, best cost 6
Lattice F455838357-457154355_219676-455841093_1690280089-GB-F-024 read.
LOG (lattice-oracle[5.5.480~1-09abd]:main():lattice-oracle.cc:318) %WER 0 [ 0 / 17, 0 insertions, 0 deletions, 0 sub ]
LOG (lattice-oracle[5.5.480~1-09abd]:main():lattice-oracle.cc:332) For utterance F455838357-457154355_219676-455841093_1690280089-GB-F-024, best cost 0
Lattice F455838357-457154355_219676-455841093_1690280089-GB-F-028 read.
LOG (lattice-oracle[5.5.480~1-09abd]:main():lattice-oracle.cc:318) %WER 0 [ 0 / 19, 0 insertions, 0 deletions, 0 sub ]
LOG (lattice-oracle[5.5.480~1-09abd]:main():lattice-oracle.cc:332) For utterance F455838357-457154355_219676-455841093_1690280089-GB-F-028, best cost 0
Lattice F455838357-457154355_219676-455841093_1690280089-GB-F-033 read.
LOG (lattice-oracle[5.5.480~1-09abd]:main():lattice-oracle.cc:318) %WER 8.82353 [ 3 / 34, 0 insertions, 3 deletions, 0 sub ]
LOG (lattice-oracle[5.5.480~1-09abd]:main():lattice-oracle.cc:332) For utterance F455838357-457154355_219676-455841093_1690280089-GB-F-033, best cost 3
Lattice F455838357-457154355_219676-455841093_1690280089-GB-F-045 read.
LOG (lattice-oracle[5.5.480~1-09abd]:main():lattice-oracle.cc:318) %WER 0 [ 0 / 5, 0 insertions, 0 deletions, 0 sub ]
LOG (lattice-oracle[5.5.480~1-09abd]:main():lattice-oracle.cc:332) For utterance F455838357-457154355_219676-455841093_1690280089-GB-F-045, best cost 0
Lattice F468881716-3771234_3771234-468877801_1678402532-GB-F-001 read.
LOG (lattice-oracle[5.5.480~1-09abd]:main():lattice-oracle.cc:318) %WER 0 [ 0 / 19, 0 insertions, 0 deletions, 0 sub ]
LOG (lattice-oracle[5.5.480~1-09abd]:main():lattice-oracle.cc:332) For utterance F468881716-3771234_3771234-468877801_1678402532-GB-F-001, best cost 0
Lattice F468881716-3771234_3771234-468877801_1678402532-GB-F-007 read.
LOG (lattice-oracle[5.5.480~1-09abd]:main():lattice-oracle.cc:318) %WER 2.5 [ 1 / 40, 0 insertions, 1 deletions, 0 sub ]
LOG (lattice-oracle[5.5.480~1-09abd]:main():lattice-oracle.cc:332) For utterance F468881716-3771234_3771234-468877801_1678402532-GB-F-007, best cost 1
Lattice F468881716-3771234_3771234-468877801_1678402532-GB-F-016 read.
LOG (lattice-oracle[5.5.480~1-09abd]:main():lattice-oracle.cc:318) %WER 6.66667 [ 1 / 15, 1 insertions, 0 deletions, 0 sub ]
LOG (lattice-oracle[5.5.480~1-09abd]:main():lattice-oracle.cc:332) For utterance F468881716-3771234_3771234-468877801_1678402532-GB-F-016, best cost 1
Lattice F468881716-3771234_3771234-468877801_1678402532-GB-F-018 read.
LOG (lattice-oracle[5.5.480~1-09abd]:main():lattice-oracle.cc:318) %WER 0 [ 0 / 37, 0 insertions, 0 deletions, 0 sub ]
LOG (lattice-oracle[5.5.480~1-09abd]:main():lattice-oracle.cc:332) For utterance F468881716-3771234_3771234-468877801_1678402532-GB-F-018, best cost 0
Lattice F468881716-3771234_3771234-468877801_1678402532-GB-F-029 read.
LOG (lattice-oracle[5.5.480~1-09abd]:main():lattice-oracle.cc:318) %WER 9.09091 [ 2 / 22, 0 insertions, 2 deletions, 0 sub ]
LOG (lattice-oracle[5.5.480~1-09abd]:main():lattice-oracle.cc:332) For utterance F468881716-3771234_3771234-468877801_1678402532-GB-F-029, best cost 2
Lattice F468881716-3771234_3771234-468877801_1678402532-GB-F-032 read.
LOG (lattice-oracle[5.5.480~1-09abd]:main():lattice-oracle.cc:318) %WER 14.7059 [ 5 / 34, 0 insertions, 5 deletions, 0 sub ]
LOG (lattice-oracle[5.5.480~1-09abd]:main():lattice-oracle.cc:332) For utterance F468881716-3771234_3771234-468877801_1678402532-GB-F-032, best cost 5
Lattice F468881716-3771234_3771234-468877801_1678402532-GB-F-038 read.
LOG (lattice-oracle[5.5.480~1-09abd]:main():lattice-oracle.cc:318) %WER 0 [ 0 / 3, 0 insertions, 0 deletions, 0 sub ]
LOG (lattice-oracle[5.5.480~1-09abd]:main():lattice-oracle.cc:332) For utterance F468881716-3771234_3771234-468877801_1678402532-GB-F-038, best cost 0
Lattice F468881716-3771234_3771234-468877801_1678402532-GB-F-039 read.
LOG (lattice-oracle[5.5.480~1-09abd]:main():lattice-oracle.cc:318) %WER 0 [ 0 / 4, 0 insertions, 0 deletions, 0 sub ]
LOG (lattice-oracle[5.5.480~1-09abd]:main():lattice-oracle.cc:332) For utterance F468881716-3771234_3771234-468877801_1678402532-GB-F-039, best cost 0
Lattice F468881716-3771234_3771234-468877801_1678402532-GB-F-040 read.
LOG (lattice-oracle[5.5.480~1-09abd]:main():lattice-oracle.cc:318) %WER 0 [ 0 / 19, 0 insertions, 0 deletions, 0 sub ]
LOG (lattice-oracle[5.5.480~1-09abd]:main():lattice-oracle.cc:332) For utterance F468881716-3771234_3771234-468877801_1678402532-GB-F-040, best cost 0
Lattice F468881716-3771234_3771234-468877801_1678402532-GB-F-043 read.
LOG (lattice-oracle[5.5.480~1-09abd]:main():lattice-oracle.cc:318) %WER 0 [ 0 / 6, 0 insertions, 0 deletions, 0 sub ]
LOG (lattice-oracle[5.5.480~1-09abd]:main():lattice-oracle.cc:332) For utterance F468881716-3771234_3771234-468877801_1678402532-GB-F-043, best cost 0
Lattice F468881716-3771234_3771234-468877801_1678402532-GB-F-044 read.
LOG (lattice-oracle[5.5.480~1-09abd]:main():lattice-oracle.cc:318) %WER 0 [ 0 / 3, 0 insertions, 0 deletions, 0 sub ]
LOG (lattice-oracle[5.5.480~1-09abd]:main():lattice-oracle.cc:332) For utterance F468881716-3771234_3771234-468877801_1678402532-GB-F-044, best cost 0
Lattice F468881716-3771234_3771234-468877801_1678402532-GB-F-049 read.
LOG (lattice-oracle[5.5.480~1-09abd]:main():lattice-oracle.cc:318) %WER 0 [ 0 / 42, 0 insertions, 0 deletions, 0 sub ]
LOG (lattice-oracle[5.5.480~1-09abd]:main():lattice-oracle.cc:332) For utterance F468881716-3771234_3771234-468877801_1678402532-GB-F-049, best cost 0
Lattice F468881716-3771234_3771234-468877801_1678402532-GB-F-056 read.
LOG (lattice-oracle[5.5.480~1-09abd]:main():lattice-oracle.cc:318) %WER 0 [ 0 / 40, 0 insertions, 0 deletions, 0 sub ]
LOG (lattice-oracle[5.5.480~1-09abd]:main():lattice-oracle.cc:332) For utterance F468881716-3771234_3771234-468877801_1678402532-GB-F-056, best cost 0
Lattice F474653283-89531043_140559-946505882_1579531012-GB-F-021 read.
LOG (lattice-oracle[5.5.480~1-09abd]:main():lattice-oracle.cc:318) %WER 2.63158 [ 1 / 38, 0 insertions, 0 deletions, 1 sub ]
LOG (lattice-oracle[5.5.480~1-09abd]:main():lattice-oracle.cc:332) For utterance F474653283-89531043_140559-946505882_1579531012-GB-F-021, best cost 1
Lattice F474653283-89531043_140559-946505882_1579531012-GB-F-030 read.
LOG (lattice-oracle[5.5.480~1-09abd]:main():lattice-oracle.cc:318) %WER 75 [ 3 / 4, 3 insertions, 0 deletions, 0 sub ]
LOG (lattice-oracle[5.5.480~1-09abd]:main():lattice-oracle.cc:332) For utterance F474653283-89531043_140559-946505882_1579531012-GB-F-030, best cost 3
Lattice F474653283-89531043_140559-946505882_1579531012-GB-F-032 read.
LOG (lattice-oracle[5.5.480~1-09abd]:main():lattice-oracle.cc:318) %WER 5.45455 [ 3 / 55, 1 insertions, 2 deletions, 0 sub ]
LOG (lattice-oracle[5.5.480~1-09abd]:main():lattice-oracle.cc:332) For utterance F474653283-89531043_140559-946505882_1579531012-GB-F-032, best cost 3
Lattice F474653283-89531043_140559-946505882_1579531012-GB-F-044 read.
LOG (lattice-oracle[5.5.480~1-09abd]:main():lattice-oracle.cc:318) %WER 22.2222 [ 4 / 18, 0 insertions, 3 deletions, 1 sub ]
LOG (lattice-oracle[5.5.480~1-09abd]:main():lattice-oracle.cc:332) For utterance F474653283-89531043_140559-946505882_1579531012-GB-F-044, best cost 4
Lattice F474653283-89531043_140559-946505882_1579531012-GB-F-049 read.
LOG (lattice-oracle[5.5.480~1-09abd]:main():lattice-oracle.cc:318) %WER 0 [ 0 / 4, 0 insertions, 0 deletions, 0 sub ]
LOG (lattice-oracle[5.5.480~1-09abd]:main():lattice-oracle.cc:332) For utterance F474653283-89531043_140559-946505882_1579531012-GB-F-049, best cost 0
Lattice F474653283-89531043_140559-946505882_1579531012-GB-F-050 read.
LOG (lattice-oracle[5.5.480~1-09abd]:main():lattice-oracle.cc:318) %WER 40 [ 2 / 5, 0 insertions, 2 deletions, 0 sub ]
LOG (lattice-oracle[5.5.480~1-09abd]:main():lattice-oracle.cc:332) For utterance F474653283-89531043_140559-946505882_1579531012-GB-F-050, best cost 2
Lattice F474653283-89531043_140559-946505882_1579531012-GB-F-051 read.
LOG (lattice-oracle[5.5.480~1-09abd]:main():lattice-oracle.cc:318) %WER 0 [ 0 / 6, 0 insertions, 0 deletions, 0 sub ]
LOG (lattice-oracle[5.5.480~1-09abd]:main():lattice-oracle.cc:332) For utterance F474653283-89531043_140559-946505882_1579531012-GB-F-051, best cost 0
Lattice F474653283-89531043_140559-946505882_1579531012-GB-F-053 read.
LOG (lattice-oracle[5.5.480~1-09abd]:main():lattice-oracle.cc:318) %WER 0 [ 0 / 8, 0 insertions, 0 deletions, 0 sub ]
LOG (lattice-oracle[5.5.480~1-09abd]:main():lattice-oracle.cc:332) For utterance F474653283-89531043_140559-946505882_1579531012-GB-F-053, best cost 0
Lattice F474653283-89531043_140559-946505882_1579531012-GB-F-054 read.
LOG (lattice-oracle[5.5.480~1-09abd]:main():lattice-oracle.cc:318) %WER 50 [ 1 / 2, 0 insertions, 0 deletions, 1 sub ]
LOG (lattice-oracle[5.5.480~1-09abd]:main():lattice-oracle.cc:332) For utterance F474653283-89531043_140559-946505882_1579531012-GB-F-054, best cost 1
Lattice F474653283-89531043_140559-946505882_1579531012-GB-F-055 read.
LOG (lattice-oracle[5.5.480~1-09abd]:main():lattice-oracle.cc:318) %WER 21.4286 [ 3 / 14, 0 insertions, 1 deletions, 2 sub ]
LOG (lattice-oracle[5.5.480~1-09abd]:main():lattice-oracle.cc:332) For utterance F474653283-89531043_140559-946505882_1579531012-GB-F-055, best cost 3
Lattice F474653283-89531043_140559-946505882_1579531012-GB-F-057 read.
LOG (lattice-oracle[5.5.480~1-09abd]:main():lattice-oracle.cc:318) %WER 0 [ 0 / 5, 0 insertions, 0 deletions, 0 sub ]
LOG (lattice-oracle[5.5.480~1-09abd]:main():lattice-oracle.cc:332) For utterance F474653283-89531043_140559-946505882_1579531012-GB-F-057, best cost 0
Lattice F474653283-89531043_140559-946505882_1579531012-GB-F-058 read.
LOG (lattice-oracle[5.5.480~1-09abd]:main():lattice-oracle.cc:318) %WER 0 [ 0 / 6, 0 insertions, 0 deletions, 0 sub ]
LOG (lattice-oracle[5.5.480~1-09abd]:main():lattice-oracle.cc:332) For utterance F474653283-89531043_140559-946505882_1579531012-GB-F-058, best cost 0
Lattice F474653283-89531043_140559-946505882_1579531012-GB-F-059 read.
LOG (lattice-oracle[5.5.480~1-09abd]:main():lattice-oracle.cc:318) %WER 0 [ 0 / 12, 0 insertions, 0 deletions, 0 sub ]
LOG (lattice-oracle[5.5.480~1-09abd]:main():lattice-oracle.cc:332) For utterance F474653283-89531043_140559-946505882_1579531012-GB-F-059, best cost 0
Lattice F475988714-115241229_2577930-475986723_1617401736-GB-F-016 read.
LOG (lattice-oracle[5.5.480~1-09abd]:main():lattice-oracle.cc:318) %WER 22.2222 [ 6 / 27, 0 insertions, 6 deletions, 0 sub ]
LOG (lattice-oracle[5.5.480~1-09abd]:main():lattice-oracle.cc:332) For utterance F475988714-115241229_2577930-475986723_1617401736-GB-F-016, best cost 6
Lattice F475988714-336596538_65720-475986723_1597495821-GB-F-003 read.
LOG (lattice-oracle[5.5.480~1-09abd]:main():lattice-oracle.cc:318) %WER 41.6667 [ 5 / 12, 0 insertions, 4 deletions, 1 sub ]
LOG (lattice-oracle[5.5.480~1-09abd]:main():lattice-oracle.cc:332) For utterance F475988714-336596538_65720-475986723_1597495821-GB-F-003, best cost 5
Lattice F475988714-336596538_65720-475986723_1597495821-GB-F-014 read.
LOG (lattice-oracle[5.5.480~1-09abd]:main():lattice-oracle.cc:318) %WER 10 [ 1 / 10, 0 insertions, 1 deletions, 0 sub ]
LOG (lattice-oracle[5.5.480~1-09abd]:main():lattice-oracle.cc:332) For utterance F475988714-336596538_65720-475986723_1597495821-GB-F-014, best cost 1
Lattice F475988714-336596538_65720-475986723_1597495821-GB-F-016 read.
LOG (lattice-oracle[5.5.480~1-09abd]:main():lattice-oracle.cc:318) %WER 66.6667 [ 4 / 6, 0 insertions, 4 deletions, 0 sub ]
LOG (lattice-oracle[5.5.480~1-09abd]:main():lattice-oracle.cc:332) For utterance F475988714-336596538_65720-475986723_1597495821-GB-F-016, best cost 4
Lattice F475988714-336596538_65720-475986723_1597495821-GB-F-017 read.
LOG (lattice-oracle[5.5.480~1-09abd]:main():lattice-oracle.cc:318) %WER 16.6667 [ 1 / 6, 1 insertions, 0 deletions, 0 sub ]
LOG (lattice-oracle[5.5.480~1-09abd]:main():lattice-oracle.cc:332) For utterance F475988714-336596538_65720-475986723_1597495821-GB-F-017, best cost 1
Lattice F475988714-336596538_65720-475986723_1597495821-GB-F-032 read.
LOG (lattice-oracle[5.5.480~1-09abd]:main():lattice-oracle.cc:318) %WER 0 [ 0 / 4, 0 insertions, 0 deletions, 0 sub ]
LOG (lattice-oracle[5.5.480~1-09abd]:main():lattice-oracle.cc:332) For utterance F475988714-336596538_65720-475986723_1597495821-GB-F-032, best cost 0
Lattice F475988714-336596538_65720-475986723_1597495821-GB-F-040 read.
LOG (lattice-oracle[5.5.480~1-09abd]:main():lattice-oracle.cc:318) %WER 16.6667 [ 2 / 12, 0 insertions, 0 deletions, 2 sub ]
LOG (lattice-oracle[5.5.480~1-09abd]:main():lattice-oracle.cc:332) For utterance F475988714-336596538_65720-475986723_1597495821-GB-F-040, best cost 2
Lattice F475988714-336596538_65720-475986723_1597495821-GB-F-042 read.
LOG (lattice-oracle[5.5.480~1-09abd]:main():lattice-oracle.cc:318) %WER 0 [ 0 / 4, 0 insertions, 0 deletions, 0 sub ]
LOG (lattice-oracle[5.5.480~1-09abd]:main():lattice-oracle.cc:332) For utterance F475988714-336596538_65720-475986723_1597495821-GB-F-042, best cost 0
Lattice F475988714-336596538_65720-475986723_1597495821-GB-F-043 read.
LOG (lattice-oracle[5.5.480~1-09abd]:main():lattice-oracle.cc:318) %WER 57.1429 [ 4 / 7, 0 insertions, 4 deletions, 0 sub ]
LOG (lattice-oracle[5.5.480~1-09abd]:main():lattice-oracle.cc:332) For utterance F475988714-336596538_65720-475986723_1597495821-GB-F-043, best cost 4
Lattice F475988714-336596538_65720-475986723_1597495821-GB-F-044 read.
LOG (lattice-oracle[5.5.480~1-09abd]:main():lattice-oracle.cc:318) %WER 16.6667 [ 1 / 6, 1 insertions, 0 deletions, 0 sub ]
LOG (lattice-oracle[5.5.480~1-09abd]:main():lattice-oracle.cc:332) For utterance F475988714-336596538_65720-475986723_1597495821-GB-F-044, best cost 1
Lattice F475988714-397162491_2458767-1243587626_1631140919-GB-F-055 read.
LOG (lattice-oracle[5.5.480~1-09abd]:main():lattice-oracle.cc:318) %WER 0 [ 0 / 18, 0 insertions, 0 deletions, 0 sub ]
LOG (lattice-oracle[5.5.480~1-09abd]:main():lattice-oracle.cc:332) For utterance F475988714-397162491_2458767-1243587626_1631140919-GB-F-055, best cost 0
Lattice F475988714-397162491_2458767-1243587626_1631140919-GB-F-059 read.
LOG (lattice-oracle[5.5.480~1-09abd]:main():lattice-oracle.cc:318) %WER 0 [ 0 / 2, 0 insertions, 0 deletions, 0 sub ]
LOG (lattice-oracle[5.5.480~1-09abd]:main():lattice-oracle.cc:332) For utterance F475988714-397162491_2458767-1243587626_1631140919-GB-F-059, best cost 0
Lattice F475988714-397162491_2458767-1243587626_1631140919-GB-F-060 read.
LOG (lattice-oracle[5.5.480~1-09abd]:main():lattice-oracle.cc:318) %WER 0 [ 0 / 2, 0 insertions, 0 deletions, 0 sub ]
LOG (lattice-oracle[5.5.480~1-09abd]:main():lattice-oracle.cc:332) For utterance F475988714-397162491_2458767-1243587626_1631140919-GB-F-060, best cost 0
Lattice F476723709-3772088_3772088-952163385_1636412534-GB-F-006 read.
LOG (lattice-oracle[5.5.480~1-09abd]:main():lattice-oracle.cc:318) %WER 0 [ 0 / 18, 0 insertions, 0 deletions, 0 sub ]
LOG (lattice-oracle[5.5.480~1-09abd]:main():lattice-oracle.cc:332) For utterance F476723709-3772088_3772088-952163385_1636412534-GB-F-006, best cost 0
Lattice F476723709-3772088_3772088-952163385_1636412534-GB-F-009 read.
LOG (lattice-oracle[5.5.480~1-09abd]:main():lattice-oracle.cc:318) %WER 0 [ 0 / 12, 0 insertions, 0 deletions, 0 sub ]
LOG (lattice-oracle[5.5.480~1-09abd]:main():lattice-oracle.cc:332) For utterance F476723709-3772088_3772088-952163385_1636412534-GB-F-009, best cost 0
Lattice F476723709-3772088_3772088-952163385_1636412534-GB-F-011 read.
LOG (lattice-oracle[5.5.480~1-09abd]:main():lattice-oracle.cc:318) %WER 0 [ 0 / 5, 0 insertions, 0 deletions, 0 sub ]
LOG (lattice-oracle[5.5.480~1-09abd]:main():lattice-oracle.cc:332) For utterance F476723709-3772088_3772088-952163385_1636412534-GB-F-011, best cost 0
Lattice F476723709-3772088_3772088-952163385_1636412534-GB-F-012 read.
LOG (lattice-oracle[5.5.480~1-09abd]:main():lattice-oracle.cc:318) %WER 0 [ 0 / 4, 0 insertions, 0 deletions, 0 sub ]
LOG (lattice-oracle[5.5.480~1-09abd]:main():lattice-oracle.cc:332) For utterance F476723709-3772088_3772088-952163385_1636412534-GB-F-012, best cost 0
Lattice F476723709-3772088_3772088-952163385_1636412534-GB-F-013 read.
LOG (lattice-oracle[5.5.480~1-09abd]:main():lattice-oracle.cc:318) %WER 0 [ 0 / 10, 0 insertions, 0 deletions, 0 sub ]
LOG (lattice-oracle[5.5.480~1-09abd]:main():lattice-oracle.cc:332) For utterance F476723709-3772088_3772088-952163385_1636412534-GB-F-013, best cost 0
Lattice F476723709-3772088_3772088-952163385_1636412534-GB-F-015 read.
LOG (lattice-oracle[5.5.480~1-09abd]:main():lattice-oracle.cc:318) %WER 0 [ 0 / 5, 0 insertions, 0 deletions, 0 sub ]
LOG (lattice-oracle[5.5.480~1-09abd]:main():lattice-oracle.cc:332) For utterance F476723709-3772088_3772088-952163385_1636412534-GB-F-015, best cost 0
Lattice F476723709-3772088_3772088-952163385_1636412534-GB-F-016 read.
LOG (lattice-oracle[5.5.480~1-09abd]:main():lattice-oracle.cc:318) %WER 0 [ 0 / 9, 0 insertions, 0 deletions, 0 sub ]
LOG (lattice-oracle[5.5.480~1-09abd]:main():lattice-oracle.cc:332) For utterance F476723709-3772088_3772088-952163385_1636412534-GB-F-016, best cost 0
Lattice F476723709-3772088_3772088-952163385_1636412534-GB-F-026 read.
LOG (lattice-oracle[5.5.480~1-09abd]:main():lattice-oracle.cc:318) %WER 0 [ 0 / 12, 0 insertions, 0 deletions, 0 sub ]
LOG (lattice-oracle[5.5.480~1-09abd]:main():lattice-oracle.cc:332) For utterance F476723709-3772088_3772088-952163385_1636412534-GB-F-026, best cost 0
Lattice F476723709-3772088_3772088-952163385_1636412534-GB-F-028 read.
LOG (lattice-oracle[5.5.480~1-09abd]:main():lattice-oracle.cc:318) %WER 0 [ 0 / 6, 0 insertions, 0 deletions, 0 sub ]
LOG (lattice-oracle[5.5.480~1-09abd]:main():lattice-oracle.cc:332) For utterance F476723709-3772088_3772088-952163385_1636412534-GB-F-028, best cost 0
Lattice F476723709-3772088_3772088-952163385_1636412534-GB-F-029 read.
LOG (lattice-oracle[5.5.480~1-09abd]:main():lattice-oracle.cc:318) %WER 41.6667 [ 5 / 12, 0 insertions, 5 deletions, 0 sub ]
LOG (lattice-oracle[5.5.480~1-09abd]:main():lattice-oracle.cc:332) For utterance F476723709-3772088_3772088-952163385_1636412534-GB-F-029, best cost 5
Lattice F480748236-419777610_1953682-480741898_1500403134-GB-F-001 read.
LOG (lattice-oracle[5.5.480~1-09abd]:main():lattice-oracle.cc:318) %WER 92.3077 [ 12 / 13, 0 insertions, 12 deletions, 0 sub ]
LOG (lattice-oracle[5.5.480~1-09abd]:main():lattice-oracle.cc:332) For utterance F480748236-419777610_1953682-480741898_1500403134-GB-F-001, best cost 12
Lattice F480748236-419777610_1953682-480741898_1500403134-GB-F-003 read.
LOG (lattice-oracle[5.5.480~1-09abd]:main():lattice-oracle.cc:318) %WER 87.5 [ 7 / 8, 0 insertions, 7 deletions, 0 sub ]
LOG (lattice-oracle[5.5.480~1-09abd]:main():lattice-oracle.cc:332) For utterance F480748236-419777610_1953682-480741898_1500403134-GB-F-003, best cost 7
Lattice F480748236-419777610_1953682-480741898_1500403134-GB-F-006 read.
LOG (lattice-oracle[5.5.480~1-09abd]:main():lattice-oracle.cc:318) %WER 57.8947 [ 11 / 19, 0 insertions, 10 deletions, 1 sub ]
LOG (lattice-oracle[5.5.480~1-09abd]:main():lattice-oracle.cc:332) For utterance F480748236-419777610_1953682-480741898_1500403134-GB-F-006, best cost 11
Lattice F480748236-419777610_1953682-480741898_1500403134-GB-F-011 read.
LOG (lattice-oracle[5.5.480~1-09abd]:main():lattice-oracle.cc:318) %WER 100 [ 13 / 13, 0 insertions, 13 deletions, 0 sub ]
LOG (lattice-oracle[5.5.480~1-09abd]:main():lattice-oracle.cc:332) For utterance F480748236-419777610_1953682-480741898_1500403134-GB-F-011, best cost 13
Lattice F480748236-419777610_1953682-480741898_1500403134-GB-F-015 read.
LOG (lattice-oracle[5.5.480~1-09abd]:main():lattice-oracle.cc:318) %WER 0 [ 0 / 9, 0 insertions, 0 deletions, 0 sub ]
LOG (lattice-oracle[5.5.480~1-09abd]:main():lattice-oracle.cc:332) For utterance F480748236-419777610_1953682-480741898_1500403134-GB-F-015, best cost 0
Lattice F480748236-419777610_1953682-480741898_1500403134-GB-F-019 read.
LOG (lattice-oracle[5.5.480~1-09abd]:main():lattice-oracle.cc:318) %WER 0 [ 0 / 3, 0 insertions, 0 deletions, 0 sub ]
LOG (lattice-oracle[5.5.480~1-09abd]:main():lattice-oracle.cc:332) For utterance F480748236-419777610_1953682-480741898_1500403134-GB-F-019, best cost 0
Lattice F480748236-419777610_1953682-480741898_1500403134-GB-F-022 read.
LOG (lattice-oracle[5.5.480~1-09abd]:main():lattice-oracle.cc:318) %WER 0 [ 0 / 5, 0 insertions, 0 deletions, 0 sub ]
LOG (lattice-oracle[5.5.480~1-09abd]:main():lattice-oracle.cc:332) For utterance F480748236-419777610_1953682-480741898_1500403134-GB-F-022, best cost 0
Lattice F480748236-419777610_1953682-480741898_1500403134-GB-F-026 read.
LOG (lattice-oracle[5.5.480~1-09abd]:main():lattice-oracle.cc:318) %WER 0 [ 0 / 6, 0 insertions, 0 deletions, 0 sub ]
LOG (lattice-oracle[5.5.480~1-09abd]:main():lattice-oracle.cc:332) For utterance F480748236-419777610_1953682-480741898_1500403134-GB-F-026, best cost 0
Lattice F480748236-419777610_1953682-480741898_1500403134-GB-F-027 read.
LOG (lattice-oracle[5.5.480~1-09abd]:main():lattice-oracle.cc:318) %WER 5.55556 [ 1 / 18, 0 insertions, 1 deletions, 0 sub ]
LOG (lattice-oracle[5.5.480~1-09abd]:main():lattice-oracle.cc:332) For utterance F480748236-419777610_1953682-480741898_1500403134-GB-F-027, best cost 1
Lattice F480748236-419777610_1953682-480741898_1500403134-GB-F-035 read.
LOG (lattice-oracle[5.5.480~1-09abd]:main():lattice-oracle.cc:318) %WER 20 [ 7 / 35, 0 insertions, 6 deletions, 1 sub ]
LOG (lattice-oracle[5.5.480~1-09abd]:main():lattice-oracle.cc:332) For utterance F480748236-419777610_1953682-480741898_1500403134-GB-F-035, best cost 7
Lattice F480748236-419777610_1953682-480741898_1500403134-GB-F-041 read.
LOG (lattice-oracle[5.5.480~1-09abd]:main():lattice-oracle.cc:318) %WER 0 [ 0 / 6, 0 insertions, 0 deletions, 0 sub ]
LOG (lattice-oracle[5.5.480~1-09abd]:main():lattice-oracle.cc:332) For utterance F480748236-419777610_1953682-480741898_1500403134-GB-F-041, best cost 0
Lattice F480748236-419777610_1953682-480741898_1500403134-GB-F-046 read.
LOG (lattice-oracle[5.5.480~1-09abd]:main():lattice-oracle.cc:318) %WER 44.4444 [ 8 / 18, 0 insertions, 8 deletions, 0 sub ]
LOG (lattice-oracle[5.5.480~1-09abd]:main():lattice-oracle.cc:332) For utterance F480748236-419777610_1953682-480741898_1500403134-GB-F-046, best cost 8
Lattice F480748236-419777610_1953682-480741898_1500403134-GB-F-052 read.
LOG (lattice-oracle[5.5.480~1-09abd]:main():lattice-oracle.cc:318) %WER 0 [ 0 / 8, 0 insertions, 0 deletions, 0 sub ]
LOG (lattice-oracle[5.5.480~1-09abd]:main():lattice-oracle.cc:332) For utterance F480748236-419777610_1953682-480741898_1500403134-GB-F-052, best cost 0
Lattice F480748236-419777610_1953682-480741898_1500403134-GB-F-056 read.
LOG (lattice-oracle[5.5.480~1-09abd]:main():lattice-oracle.cc:318) %WER 60 [ 3 / 5, 0 insertions, 3 deletions, 0 sub ]
LOG (lattice-oracle[5.5.480~1-09abd]:main():lattice-oracle.cc:332) For utterance F480748236-419777610_1953682-480741898_1500403134-GB-F-056, best cost 3
Lattice F480748236-419777610_1953682-480741898_1500403134-GB-F-060 read.
LOG (lattice-oracle[5.5.480~1-09abd]:main():lattice-oracle.cc:318) %WER 0 [ 0 / 6, 0 insertions, 0 deletions, 0 sub ]
LOG (lattice-oracle[5.5.480~1-09abd]:main():lattice-oracle.cc:332) For utterance F480748236-419777610_1953682-480741898_1500403134-GB-F-060, best cost 0
Lattice F480748236-419777610_1953682-480741898_1500403134-GB-F-072 read.
LOG (lattice-oracle[5.5.480~1-09abd]:main():lattice-oracle.cc:318) %WER 44 [ 11 / 25, 0 insertions, 8 deletions, 3 sub ]
LOG (lattice-oracle[5.5.480~1-09abd]:main():lattice-oracle.cc:332) For utterance F480748236-419777610_1953682-480741898_1500403134-GB-F-072, best cost 11
Lattice F480748236-419777610_1953682-480741898_1500403134-GB-F-077 read.
LOG (lattice-oracle[5.5.480~1-09abd]:main():lattice-oracle.cc:318) %WER 0 [ 0 / 13, 0 insertions, 0 deletions, 0 sub ]
LOG (lattice-oracle[5.5.480~1-09abd]:main():lattice-oracle.cc:332) For utterance F480748236-419777610_1953682-480741898_1500403134-GB-F-077, best cost 0
Lattice F480748236-419777610_1953682-480741898_1500403134-GB-F-080 read.
LOG (lattice-oracle[5.5.480~1-09abd]:main():lattice-oracle.cc:318) %WER 50 [ 3 / 6, 0 insertions, 2 deletions, 1 sub ]
LOG (lattice-oracle[5.5.480~1-09abd]:main():lattice-oracle.cc:332) For utterance F480748236-419777610_1953682-480741898_1500403134-GB-F-080, best cost 3
Lattice F480748236-419777610_1953682-480741898_1500403134-GB-F-082 read.
LOG (lattice-oracle[5.5.480~1-09abd]:main():lattice-oracle.cc:318) %WER 14.2857 [ 1 / 7, 0 insertions, 0 deletions, 1 sub ]
LOG (lattice-oracle[5.5.480~1-09abd]:main():lattice-oracle.cc:332) For utterance F480748236-419777610_1953682-480741898_1500403134-GB-F-082, best cost 1
Lattice F480748236-419777610_1953682-480741898_1500403134-GB-F-085 read.
LOG (lattice-oracle[5.5.480~1-09abd]:main():lattice-oracle.cc:318) %WER 3.57143 [ 1 / 28, 0 insertions, 1 deletions, 0 sub ]
LOG (lattice-oracle[5.5.480~1-09abd]:main():lattice-oracle.cc:332) For utterance F480748236-419777610_1953682-480741898_1500403134-GB-F-085, best cost 1
Lattice F480748236-419777610_1953682-480741898_1500403134-GB-F-091 read.
LOG (lattice-oracle[5.5.480~1-09abd]:main():lattice-oracle.cc:318) %WER 14.2857 [ 5 / 35, 1 insertions, 1 deletions, 3 sub ]
LOG (lattice-oracle[5.5.480~1-09abd]:main():lattice-oracle.cc:332) For utterance F480748236-419777610_1953682-480741898_1500403134-GB-F-091, best cost 5
Lattice F480748236-419777610_1953682-480741898_1500403134-GB-F-098 read.
LOG (lattice-oracle[5.5.480~1-09abd]:main():lattice-oracle.cc:318) %WER 31.5789 [ 6 / 19, 1 insertions, 4 deletions, 1 sub ]
LOG (lattice-oracle[5.5.480~1-09abd]:main():lattice-oracle.cc:332) For utterance F480748236-419777610_1953682-480741898_1500403134-GB-F-098, best cost 6
Lattice F480748236-419777610_1953682-480741898_1500403134-GB-F-102 read.
LOG (lattice-oracle[5.5.480~1-09abd]:main():lattice-oracle.cc:318) %WER 52.6316 [ 30 / 57, 0 insertions, 28 deletions, 2 sub ]
LOG (lattice-oracle[5.5.480~1-09abd]:main():lattice-oracle.cc:332) For utterance F480748236-419777610_1953682-480741898_1500403134-GB-F-102, best cost 30
Lattice F480748236-419777610_1953682-480741898_1500403134-GB-F-112 read.
LOG (lattice-oracle[5.5.480~1-09abd]:main():lattice-oracle.cc:318) %WER 14.2857 [ 1 / 7, 0 insertions, 1 deletions, 0 sub ]
LOG (lattice-oracle[5.5.480~1-09abd]:main():lattice-oracle.cc:332) For utterance F480748236-419777610_1953682-480741898_1500403134-GB-F-112, best cost 1
Lattice F480748236-419777610_1953682-480741898_1500403134-GB-F-118 read.
LOG (lattice-oracle[5.5.480~1-09abd]:main():lattice-oracle.cc:318) %WER 60 [ 6 / 10, 0 insertions, 5 deletions, 1 sub ]
LOG (lattice-oracle[5.5.480~1-09abd]:main():lattice-oracle.cc:332) For utterance F480748236-419777610_1953682-480741898_1500403134-GB-F-118, best cost 6
Lattice F480748236-419777610_1953682-480741898_1500403134-GB-F-121 read.
LOG (lattice-oracle[5.5.480~1-09abd]:main():lattice-oracle.cc:318) %WER 133.333 [ 4 / 3, 4 insertions, 0 deletions, 0 sub ]
LOG (lattice-oracle[5.5.480~1-09abd]:main():lattice-oracle.cc:332) For utterance F480748236-419777610_1953682-480741898_1500403134-GB-F-121, best cost 4
Lattice F491607115-3772066_3772066-705899379_1641049154-GB-F-004 read.
LOG (lattice-oracle[5.5.480~1-09abd]:main():lattice-oracle.cc:318) %WER 0 [ 0 / 9, 0 insertions, 0 deletions, 0 sub ]
LOG (lattice-oracle[5.5.480~1-09abd]:main():lattice-oracle.cc:332) For utterance F491607115-3772066_3772066-705899379_1641049154-GB-F-004, best cost 0
Lattice F491607115-3772066_3772066-705899379_1641049154-GB-F-005 read.
LOG (lattice-oracle[5.5.480~1-09abd]:main():lattice-oracle.cc:318) %WER 0 [ 0 / 18, 0 insertions, 0 deletions, 0 sub ]
LOG (lattice-oracle[5.5.480~1-09abd]:main():lattice-oracle.cc:332) For utterance F491607115-3772066_3772066-705899379_1641049154-GB-F-005, best cost 0
Lattice F491607115-3772066_3772066-705899379_1641049154-GB-F-007 read.
LOG (lattice-oracle[5.5.480~1-09abd]:main():lattice-oracle.cc:318) %WER 33.3333 [ 4 / 12, 0 insertions, 4 deletions, 0 sub ]
LOG (lattice-oracle[5.5.480~1-09abd]:main():lattice-oracle.cc:332) For utterance F491607115-3772066_3772066-705899379_1641049154-GB-F-007, best cost 4
Lattice F491607115-3772066_3772066-705899379_1641049154-GB-F-009 read.
LOG (lattice-oracle[5.5.480~1-09abd]:main():lattice-oracle.cc:318) %WER 38.7097 [ 12 / 31, 0 insertions, 11 deletions, 1 sub ]
LOG (lattice-oracle[5.5.480~1-09abd]:main():lattice-oracle.cc:332) For utterance F491607115-3772066_3772066-705899379_1641049154-GB-F-009, best cost 12
Lattice F491607115-3772066_3772066-705899379_1641049154-GB-F-014 read.
LOG (lattice-oracle[5.5.480~1-09abd]:main():lattice-oracle.cc:318) %WER 0 [ 0 / 10, 0 insertions, 0 deletions, 0 sub ]
LOG (lattice-oracle[5.5.480~1-09abd]:main():lattice-oracle.cc:332) For utterance F491607115-3772066_3772066-705899379_1641049154-GB-F-014, best cost 0
Lattice F491607115-3772066_3772066-705899379_1641049154-GB-F-015 read.
LOG (lattice-oracle[5.5.480~1-09abd]:main():lattice-oracle.cc:318) %WER 0 [ 0 / 28, 0 insertions, 0 deletions, 0 sub ]
LOG (lattice-oracle[5.5.480~1-09abd]:main():lattice-oracle.cc:332) For utterance F491607115-3772066_3772066-705899379_1641049154-GB-F-015, best cost 0
Lattice F491607115-3772066_3772066-705899379_1641049154-GB-F-018 read.
LOG (lattice-oracle[5.5.480~1-09abd]:main():lattice-oracle.cc:318) %WER 0 [ 0 / 18, 0 insertions, 0 deletions, 0 sub ]
LOG (lattice-oracle[5.5.480~1-09abd]:main():lattice-oracle.cc:332) For utterance F491607115-3772066_3772066-705899379_1641049154-GB-F-018, best cost 0
Lattice F491607115-3772066_3772066-705899379_1641049154-GB-F-022 read.
LOG (lattice-oracle[5.5.480~1-09abd]:main():lattice-oracle.cc:318) %WER 88.8889 [ 8 / 9, 0 insertions, 3 deletions, 5 sub ]
LOG (lattice-oracle[5.5.480~1-09abd]:main():lattice-oracle.cc:332) For utterance F491607115-3772066_3772066-705899379_1641049154-GB-F-022, best cost 8
Lattice F491607115-3772066_3772066-705899379_1641049154-GB-F-023 read.
LOG (lattice-oracle[5.5.480~1-09abd]:main():lattice-oracle.cc:318) %WER 37.5 [ 6 / 16, 0 insertions, 6 deletions, 0 sub ]
LOG (lattice-oracle[5.5.480~1-09abd]:main():lattice-oracle.cc:332) For utterance F491607115-3772066_3772066-705899379_1641049154-GB-F-023, best cost 6
Lattice F491607115-3772066_3772066-705899379_1641049154-GB-F-025 read.
LOG (lattice-oracle[5.5.480~1-09abd]:main():lattice-oracle.cc:318) %WER 9.09091 [ 1 / 11, 1 insertions, 0 deletions, 0 sub ]
LOG (lattice-oracle[5.5.480~1-09abd]:main():lattice-oracle.cc:332) For utterance F491607115-3772066_3772066-705899379_1641049154-GB-F-025, best cost 1
Lattice F491607115-3772066_3772066-705899379_1641049154-GB-F-026 read.
LOG (lattice-oracle[5.5.480~1-09abd]:main():lattice-oracle.cc:318) %WER 0 [ 0 / 29, 0 insertions, 0 deletions, 0 sub ]
LOG (lattice-oracle[5.5.480~1-09abd]:main():lattice-oracle.cc:332) For utterance F491607115-3772066_3772066-705899379_1641049154-GB-F-026, best cost 0
Lattice F491607115-3772066_3772066-705899379_1641049154-GB-F-029 read.
LOG (lattice-oracle[5.5.480~1-09abd]:main():lattice-oracle.cc:318) %WER 0 [ 0 / 9, 0 insertions, 0 deletions, 0 sub ]
LOG (lattice-oracle[5.5.480~1-09abd]:main():lattice-oracle.cc:332) For utterance F491607115-3772066_3772066-705899379_1641049154-GB-F-029, best cost 0
Lattice F491607115-3772066_3772066-705899379_1641049154-GB-F-030 read.
LOG (lattice-oracle[5.5.480~1-09abd]:main():lattice-oracle.cc:318) %WER 0 [ 0 / 8, 0 insertions, 0 deletions, 0 sub ]
LOG (lattice-oracle[5.5.480~1-09abd]:main():lattice-oracle.cc:332) For utterance F491607115-3772066_3772066-705899379_1641049154-GB-F-030, best cost 0
Lattice F491607115-3772066_3772066-705899379_1641049154-GB-F-031 read.
LOG (lattice-oracle[5.5.480~1-09abd]:main():lattice-oracle.cc:318) %WER 0 [ 0 / 10, 0 insertions, 0 deletions, 0 sub ]
LOG (lattice-oracle[5.5.480~1-09abd]:main():lattice-oracle.cc:332) For utterance F491607115-3772066_3772066-705899379_1641049154-GB-F-031, best cost 0
Lattice F491607115-3772066_3772066-705899379_1641049154-GB-F-032 read.
LOG (lattice-oracle[5.5.480~1-09abd]:main():lattice-oracle.cc:318) %WER 20 [ 8 / 40, 0 insertions, 7 deletions, 1 sub ]
LOG (lattice-oracle[5.5.480~1-09abd]:main():lattice-oracle.cc:332) For utterance F491607115-3772066_3772066-705899379_1641049154-GB-F-032, best cost 8
Lattice F491607115-3772066_3772066-705899379_1641049154-GB-F-037 read.
LOG (lattice-oracle[5.5.480~1-09abd]:main():lattice-oracle.cc:318) %WER 0 [ 0 / 10, 0 insertions, 0 deletions, 0 sub ]
LOG (lattice-oracle[5.5.480~1-09abd]:main():lattice-oracle.cc:332) For utterance F491607115-3772066_3772066-705899379_1641049154-GB-F-037, best cost 0
Lattice F491607115-3772066_3772066-705899379_1641049154-GB-F-038 read.
LOG (lattice-oracle[5.5.480~1-09abd]:main():lattice-oracle.cc:318) %WER 11.1111 [ 3 / 27, 0 insertions, 3 deletions, 0 sub ]
LOG (lattice-oracle[5.5.480~1-09abd]:main():lattice-oracle.cc:332) For utterance F491607115-3772066_3772066-705899379_1641049154-GB-F-038, best cost 3
Lattice F491607115-3772066_3772066-705899379_1641049154-GB-F-041 read.
LOG (lattice-oracle[5.5.480~1-09abd]:main():lattice-oracle.cc:318) %WER 30 [ 3 / 10, 0 insertions, 3 deletions, 0 sub ]
LOG (lattice-oracle[5.5.480~1-09abd]:main():lattice-oracle.cc:332) For utterance F491607115-3772066_3772066-705899379_1641049154-GB-F-041, best cost 3
Lattice F491607115-3772066_3772066-705899379_1641049154-GB-F-042 read.
LOG (lattice-oracle[5.5.480~1-09abd]:main():lattice-oracle.cc:318) %WER 0 [ 0 / 9, 0 insertions, 0 deletions, 0 sub ]
LOG (lattice-oracle[5.5.480~1-09abd]:main():lattice-oracle.cc:332) For utterance F491607115-3772066_3772066-705899379_1641049154-GB-F-042, best cost 0
Lattice F491607115-3772066_3772066-705899379_1641049154-GB-F-043 read.
LOG (lattice-oracle[5.5.480~1-09abd]:main():lattice-oracle.cc:318) %WER 0 [ 0 / 42, 0 insertions, 0 deletions, 0 sub ]
LOG (lattice-oracle[5.5.480~1-09abd]:main():lattice-oracle.cc:332) For utterance F491607115-3772066_3772066-705899379_1641049154-GB-F-043, best cost 0
Lattice F493474858-604159323_442496-493477789_1593768625-GB-F-004 read.
LOG (lattice-oracle[5.5.480~1-09abd]:main():lattice-oracle.cc:318) %WER 0 [ 0 / 4, 0 insertions, 0 deletions, 0 sub ]
LOG (lattice-oracle[5.5.480~1-09abd]:main():lattice-oracle.cc:332) For utterance F493474858-604159323_442496-493477789_1593768625-GB-F-004, best cost 0
Lattice F493474858-604159323_442496-493477789_1593768625-GB-F-005 read.
LOG (lattice-oracle[5.5.480~1-09abd]:main():lattice-oracle.cc:318) %WER 0 [ 0 / 50, 0 insertions, 0 deletions, 0 sub ]
LOG (lattice-oracle[5.5.480~1-09abd]:main():lattice-oracle.cc:332) For utterance F493474858-604159323_442496-493477789_1593768625-GB-F-005, best cost 0
Lattice F493474858-604159323_442496-493477789_1593768625-GB-F-016 read.
LOG (lattice-oracle[5.5.480~1-09abd]:main():lattice-oracle.cc:318) %WER 0 [ 0 / 11, 0 insertions, 0 deletions, 0 sub ]
LOG (lattice-oracle[5.5.480~1-09abd]:main():lattice-oracle.cc:332) For utterance F493474858-604159323_442496-493477789_1593768625-GB-F-016, best cost 0
Lattice F497425119-135807188_126618-359004165_1685594762-GB-F-011 read.
LOG (lattice-oracle[5.5.480~1-09abd]:main():lattice-oracle.cc:318) %WER 20 [ 3 / 15, 0 insertions, 1 deletions, 2 sub ]
LOG (lattice-oracle[5.5.480~1-09abd]:main():lattice-oracle.cc:332) For utterance F497425119-135807188_126618-359004165_1685594762-GB-F-011, best cost 3
Lattice F497425119-135807188_126618-359004165_1685594762-GB-F-013 read.
LOG (lattice-oracle[5.5.480~1-09abd]:main():lattice-oracle.cc:318) %WER 5.88235 [ 1 / 17, 0 insertions, 1 deletions, 0 sub ]
LOG (lattice-oracle[5.5.480~1-09abd]:main():lattice-oracle.cc:332) For utterance F497425119-135807188_126618-359004165_1685594762-GB-F-013, best cost 1
Lattice F497425119-135807188_126618-359004165_1685594762-GB-F-016 read.
LOG (lattice-oracle[5.5.480~1-09abd]:main():lattice-oracle.cc:318) %WER 45.4545 [ 5 / 11, 0 insertions, 5 deletions, 0 sub ]
LOG (lattice-oracle[5.5.480~1-09abd]:main():lattice-oracle.cc:332) For utterance F497425119-135807188_126618-359004165_1685594762-GB-F-016, best cost 5
Lattice F497425119-135807188_126618-359004165_1685594762-GB-F-022 read.
LOG (lattice-oracle[5.5.480~1-09abd]:main():lattice-oracle.cc:318) %WER 6.25 [ 1 / 16, 1 insertions, 0 deletions, 0 sub ]
LOG (lattice-oracle[5.5.480~1-09abd]:main():lattice-oracle.cc:332) For utterance F497425119-135807188_126618-359004165_1685594762-GB-F-022, best cost 1
Lattice F497425119-135807188_126618-359004165_1685594762-GB-F-026 read.
LOG (lattice-oracle[5.5.480~1-09abd]:main():lattice-oracle.cc:318) %WER 30.7692 [ 4 / 13, 0 insertions, 4 deletions, 0 sub ]
LOG (lattice-oracle[5.5.480~1-09abd]:main():lattice-oracle.cc:332) For utterance F497425119-135807188_126618-359004165_1685594762-GB-F-026, best cost 4
Lattice F497425119-135807188_126618-359004165_1685594762-GB-F-035 read.
LOG (lattice-oracle[5.5.480~1-09abd]:main():lattice-oracle.cc:318) %WER 47.0588 [ 8 / 17, 0 insertions, 4 deletions, 4 sub ]
LOG (lattice-oracle[5.5.480~1-09abd]:main():lattice-oracle.cc:332) For utterance F497425119-135807188_126618-359004165_1685594762-GB-F-035, best cost 8
Lattice F497425119-135807188_126618-359004165_1685594762-GB-F-039 read.
LOG (lattice-oracle[5.5.480~1-09abd]:main():lattice-oracle.cc:318) %WER 60 [ 3 / 5, 0 insertions, 3 deletions, 0 sub ]
LOG (lattice-oracle[5.5.480~1-09abd]:main():lattice-oracle.cc:332) For utterance F497425119-135807188_126618-359004165_1685594762-GB-F-039, best cost 3
Lattice F497425119-135807188_126618-359004165_1685594762-GB-F-041 read.
LOG (lattice-oracle[5.5.480~1-09abd]:main():lattice-oracle.cc:318) %WER 25 [ 3 / 12, 0 insertions, 3 deletions, 0 sub ]
LOG (lattice-oracle[5.5.480~1-09abd]:main():lattice-oracle.cc:332) For utterance F497425119-135807188_126618-359004165_1685594762-GB-F-041, best cost 3
Lattice F497425119-135807188_126618-359004165_1685594762-GB-F-047 read.
LOG (lattice-oracle[5.5.480~1-09abd]:main():lattice-oracle.cc:318) %WER 0 [ 0 / 8, 0 insertions, 0 deletions, 0 sub ]
LOG (lattice-oracle[5.5.480~1-09abd]:main():lattice-oracle.cc:332) For utterance F497425119-135807188_126618-359004165_1685594762-GB-F-047, best cost 0
Lattice F497425119-135807188_126618-359004165_1685594762-GB-F-048 read.
LOG (lattice-oracle[5.5.480~1-09abd]:main():lattice-oracle.cc:318) %WER 71.4286 [ 5 / 7, 0 insertions, 5 deletions, 0 sub ]
LOG (lattice-oracle[5.5.480~1-09abd]:main():lattice-oracle.cc:332) For utterance F497425119-135807188_126618-359004165_1685594762-GB-F-048, best cost 5
Lattice F497425119-135807188_126618-359004165_1685594762-GB-F-049 read.
LOG (lattice-oracle[5.5.480~1-09abd]:main():lattice-oracle.cc:318) %WER 12.5 [ 1 / 8, 0 insertions, 1 deletions, 0 sub ]
LOG (lattice-oracle[5.5.480~1-09abd]:main():lattice-oracle.cc:332) For utterance F497425119-135807188_126618-359004165_1685594762-GB-F-049, best cost 1
Lattice F501177812-3770023_3770023-500144680_1604091557-GB-F-007 read.
LOG (lattice-oracle[5.5.480~1-09abd]:main():lattice-oracle.cc:318) %WER 43.4783 [ 10 / 23, 0 insertions, 7 deletions, 3 sub ]
LOG (lattice-oracle[5.5.480~1-09abd]:main():lattice-oracle.cc:332) For utterance F501177812-3770023_3770023-500144680_1604091557-GB-F-007, best cost 10
Lattice F501177812-3770023_3770023-500144680_1604091557-GB-F-011 read.
LOG (lattice-oracle[5.5.480~1-09abd]:main():lattice-oracle.cc:318) %WER 0 [ 0 / 7, 0 insertions, 0 deletions, 0 sub ]
LOG (lattice-oracle[5.5.480~1-09abd]:main():lattice-oracle.cc:332) For utterance F501177812-3770023_3770023-500144680_1604091557-GB-F-011, best cost 0
Lattice F501177812-3770023_3770023-500144680_1604091557-GB-F-013 read.
LOG (lattice-oracle[5.5.480~1-09abd]:main():lattice-oracle.cc:318) %WER 0 [ 0 / 13, 0 insertions, 0 deletions, 0 sub ]
LOG (lattice-oracle[5.5.480~1-09abd]:main():lattice-oracle.cc:332) For utterance F501177812-3770023_3770023-500144680_1604091557-GB-F-013, best cost 0
Lattice F501177812-3770023_3770023-500144680_1604091557-GB-F-018 read.
LOG (lattice-oracle[5.5.480~1-09abd]:main():lattice-oracle.cc:318) %WER 0 [ 0 / 5, 0 insertions, 0 deletions, 0 sub ]
LOG (lattice-oracle[5.5.480~1-09abd]:main():lattice-oracle.cc:332) For utterance F501177812-3770023_3770023-500144680_1604091557-GB-F-018, best cost 0
Lattice F501177812-3770023_3770023-500144680_1604091557-GB-F-019 read.
LOG (lattice-oracle[5.5.480~1-09abd]:main():lattice-oracle.cc:318) %WER 20 [ 2 / 10, 0 insertions, 1 deletions, 1 sub ]
LOG (lattice-oracle[5.5.480~1-09abd]:main():lattice-oracle.cc:332) For utterance F501177812-3770023_3770023-500144680_1604091557-GB-F-019, best cost 2
Lattice F501177812-3770023_3770023-500144680_1604091557-GB-F-026 read.
LOG (lattice-oracle[5.5.480~1-09abd]:main():lattice-oracle.cc:318) %WER 0 [ 0 / 18, 0 insertions, 0 deletions, 0 sub ]
LOG (lattice-oracle[5.5.480~1-09abd]:main():lattice-oracle.cc:332) For utterance F501177812-3770023_3770023-500144680_1604091557-GB-F-026, best cost 0
Lattice F501177812-3770023_3770023-500144680_1604091557-GB-F-030 read.
LOG (lattice-oracle[5.5.480~1-09abd]:main():lattice-oracle.cc:318) %WER 0 [ 0 / 10, 0 insertions, 0 deletions, 0 sub ]
LOG (lattice-oracle[5.5.480~1-09abd]:main():lattice-oracle.cc:332) For utterance F501177812-3770023_3770023-500144680_1604091557-GB-F-030, best cost 0
Lattice F501177812-3770023_3770023-500144680_1604091557-GB-F-032 read.
LOG (lattice-oracle[5.5.480~1-09abd]:main():lattice-oracle.cc:318) %WER 0 [ 0 / 5, 0 insertions, 0 deletions, 0 sub ]
LOG (lattice-oracle[5.5.480~1-09abd]:main():lattice-oracle.cc:332) For utterance F501177812-3770023_3770023-500144680_1604091557-GB-F-032, best cost 0
Lattice F501177812-3770023_3770023-500144680_1604091557-GB-F-033 read.
LOG (lattice-oracle[5.5.480~1-09abd]:main():lattice-oracle.cc:318) %WER 0 [ 0 / 6, 0 insertions, 0 deletions, 0 sub ]
LOG (lattice-oracle[5.5.480~1-09abd]:main():lattice-oracle.cc:332) For utterance F501177812-3770023_3770023-500144680_1604091557-GB-F-033, best cost 0
Lattice F510321798-583966275_1766981-646037038_1667640552-GB-F-002 read.
LOG (lattice-oracle[5.5.480~1-09abd]:main():lattice-oracle.cc:318) %WER 0 [ 0 / 5, 0 insertions, 0 deletions, 0 sub ]
LOG (lattice-oracle[5.5.480~1-09abd]:main():lattice-oracle.cc:332) For utterance F510321798-583966275_1766981-646037038_1667640552-GB-F-002, best cost 0
Lattice F510321798-583966275_1766981-646037038_1667640552-GB-F-004 read.
LOG (lattice-oracle[5.5.480~1-09abd]:main():lattice-oracle.cc:318) %WER 0 [ 0 / 13, 0 insertions, 0 deletions, 0 sub ]
LOG (lattice-oracle[5.5.480~1-09abd]:main():lattice-oracle.cc:332) For utterance F510321798-583966275_1766981-646037038_1667640552-GB-F-004, best cost 0
Lattice F510321798-583966275_1766981-646037038_1667640552-GB-F-009 read.
LOG (lattice-oracle[5.5.480~1-09abd]:main():lattice-oracle.cc:318) %WER 11.1111 [ 2 / 18, 2 insertions, 0 deletions, 0 sub ]
LOG (lattice-oracle[5.5.480~1-09abd]:main():lattice-oracle.cc:332) For utterance F510321798-583966275_1766981-646037038_1667640552-GB-F-009, best cost 2
Lattice F510321798-583966275_1766981-646037038_1667640552-GB-F-013 read.
LOG (lattice-oracle[5.5.480~1-09abd]:main():lattice-oracle.cc:318) %WER 0 [ 0 / 9, 0 insertions, 0 deletions, 0 sub ]
LOG (lattice-oracle[5.5.480~1-09abd]:main():lattice-oracle.cc:332) For utterance F510321798-583966275_1766981-646037038_1667640552-GB-F-013, best cost 0
Lattice F510321798-583966275_1766981-646037038_1667640552-GB-F-015 read.
LOG (lattice-oracle[5.5.480~1-09abd]:main():lattice-oracle.cc:318) %WER 16.6667 [ 1 / 6, 0 insertions, 0 deletions, 1 sub ]
LOG (lattice-oracle[5.5.480~1-09abd]:main():lattice-oracle.cc:332) For utterance F510321798-583966275_1766981-646037038_1667640552-GB-F-015, best cost 1
Lattice F510321798-583966275_1766981-646037038_1667640552-GB-F-016 read.
LOG (lattice-oracle[5.5.480~1-09abd]:main():lattice-oracle.cc:318) %WER 0 [ 0 / 7, 0 insertions, 0 deletions, 0 sub ]
LOG (lattice-oracle[5.5.480~1-09abd]:main():lattice-oracle.cc:332) For utterance F510321798-583966275_1766981-646037038_1667640552-GB-F-016, best cost 0
Lattice F510321798-583966275_1766981-646037038_1667640552-GB-F-017 read.
LOG (lattice-oracle[5.5.480~1-09abd]:main():lattice-oracle.cc:318) %WER 0 [ 0 / 7, 0 insertions, 0 deletions, 0 sub ]
LOG (lattice-oracle[5.5.480~1-09abd]:main():lattice-oracle.cc:332) For utterance F510321798-583966275_1766981-646037038_1667640552-GB-F-017, best cost 0
Lattice F510321798-583966275_1766981-646037038_1667640552-GB-F-018 read.
LOG (lattice-oracle[5.5.480~1-09abd]:main():lattice-oracle.cc:318) %WER 0 [ 0 / 7, 0 insertions, 0 deletions, 0 sub ]
LOG (lattice-oracle[5.5.480~1-09abd]:main():lattice-oracle.cc:332) For utterance F510321798-583966275_1766981-646037038_1667640552-GB-F-018, best cost 0
Lattice F510321798-583966275_1766981-646037038_1667640552-GB-F-021 read.
LOG (lattice-oracle[5.5.480~1-09abd]:main():lattice-oracle.cc:318) %WER 0 [ 0 / 16, 0 insertions, 0 deletions, 0 sub ]
LOG (lattice-oracle[5.5.480~1-09abd]:main():lattice-oracle.cc:332) For utterance F510321798-583966275_1766981-646037038_1667640552-GB-F-021, best cost 0
Lattice F510321798-583966275_1766981-646037038_1667640552-GB-F-024 read.
LOG (lattice-oracle[5.5.480~1-09abd]:main():lattice-oracle.cc:318) %WER 0 [ 0 / 8, 0 insertions, 0 deletions, 0 sub ]
LOG (lattice-oracle[5.5.480~1-09abd]:main():lattice-oracle.cc:332) For utterance F510321798-583966275_1766981-646037038_1667640552-GB-F-024, best cost 0
Lattice F510321798-583966275_1766981-646037038_1667640552-GB-F-027 read.
LOG (lattice-oracle[5.5.480~1-09abd]:main():lattice-oracle.cc:318) %WER 0 [ 0 / 12, 0 insertions, 0 deletions, 0 sub ]
LOG (lattice-oracle[5.5.480~1-09abd]:main():lattice-oracle.cc:332) For utterance F510321798-583966275_1766981-646037038_1667640552-GB-F-027, best cost 0
Lattice F510321798-583966275_1766981-646037038_1667640552-GB-F-030 read.
LOG (lattice-oracle[5.5.480~1-09abd]:main():lattice-oracle.cc:318) %WER 0 [ 0 / 5, 0 insertions, 0 deletions, 0 sub ]
LOG (lattice-oracle[5.5.480~1-09abd]:main():lattice-oracle.cc:332) For utterance F510321798-583966275_1766981-646037038_1667640552-GB-F-030, best cost 0
Lattice F510321798-583966275_1766981-646037038_1667640552-GB-F-031 read.
LOG (lattice-oracle[5.5.480~1-09abd]:main():lattice-oracle.cc:318) %WER 33.3333 [ 2 / 6, 1 insertions, 0 deletions, 1 sub ]
LOG (lattice-oracle[5.5.480~1-09abd]:main():lattice-oracle.cc:332) For utterance F510321798-583966275_1766981-646037038_1667640552-GB-F-031, best cost 2
Lattice F510321798-583966275_1766981-646037038_1667640552-GB-F-032 read.
LOG (lattice-oracle[5.5.480~1-09abd]:main():lattice-oracle.cc:318) %WER 0 [ 0 / 10, 0 insertions, 0 deletions, 0 sub ]
LOG (lattice-oracle[5.5.480~1-09abd]:main():lattice-oracle.cc:332) For utterance F510321798-583966275_1766981-646037038_1667640552-GB-F-032, best cost 0
Lattice F510321798-583966275_1766981-646037038_1667640552-GB-F-035 read.
LOG (lattice-oracle[5.5.480~1-09abd]:main():lattice-oracle.cc:318) %WER 0 [ 0 / 5, 0 insertions, 0 deletions, 0 sub ]
LOG (lattice-oracle[5.5.480~1-09abd]:main():lattice-oracle.cc:332) For utterance F510321798-583966275_1766981-646037038_1667640552-GB-F-035, best cost 0
Lattice F510321798-583966275_1766981-646037038_1667640552-GB-F-038 read.
LOG (lattice-oracle[5.5.480~1-09abd]:main():lattice-oracle.cc:318) %WER 0 [ 0 / 8, 0 insertions, 0 deletions, 0 sub ]
LOG (lattice-oracle[5.5.480~1-09abd]:main():lattice-oracle.cc:332) For utterance F510321798-583966275_1766981-646037038_1667640552-GB-F-038, best cost 0
Lattice F510321798-583966275_1766981-646037038_1667640552-GB-F-039 read.
LOG (lattice-oracle[5.5.480~1-09abd]:main():lattice-oracle.cc:318) %WER 0 [ 0 / 8, 0 insertions, 0 deletions, 0 sub ]
LOG (lattice-oracle[5.5.480~1-09abd]:main():lattice-oracle.cc:332) For utterance F510321798-583966275_1766981-646037038_1667640552-GB-F-039, best cost 0
Lattice F510321798-583966275_1766981-646037038_1667640552-GB-F-040 read.
LOG (lattice-oracle[5.5.480~1-09abd]:main():lattice-oracle.cc:318) %WER 0 [ 0 / 18, 0 insertions, 0 deletions, 0 sub ]
LOG (lattice-oracle[5.5.480~1-09abd]:main():lattice-oracle.cc:332) For utterance F510321798-583966275_1766981-646037038_1667640552-GB-F-040, best cost 0
Lattice F510321798-583966275_1766981-646037038_1667640552-GB-F-043 read.
LOG (lattice-oracle[5.5.480~1-09abd]:main():lattice-oracle.cc:318) %WER 0 [ 0 / 13, 0 insertions, 0 deletions, 0 sub ]
LOG (lattice-oracle[5.5.480~1-09abd]:main():lattice-oracle.cc:332) For utterance F510321798-583966275_1766981-646037038_1667640552-GB-F-043, best cost 0
Lattice F510321798-583966275_1766981-646037038_1667640552-GB-F-046 read.
LOG (lattice-oracle[5.5.480~1-09abd]:main():lattice-oracle.cc:318) %WER 0 [ 0 / 6, 0 insertions, 0 deletions, 0 sub ]
LOG (lattice-oracle[5.5.480~1-09abd]:main():lattice-oracle.cc:332) For utterance F510321798-583966275_1766981-646037038_1667640552-GB-F-046, best cost 0
Lattice F510321798-583966275_1766981-646037038_1667640552-GB-F-047 read.
LOG (lattice-oracle[5.5.480~1-09abd]:main():lattice-oracle.cc:318) %WER 14.2857 [ 5 / 35, 0 insertions, 4 deletions, 1 sub ]
LOG (lattice-oracle[5.5.480~1-09abd]:main():lattice-oracle.cc:332) For utterance F510321798-583966275_1766981-646037038_1667640552-GB-F-047, best cost 5
Lattice F510321798-583966275_1766981-646037038_1667640552-GB-F-053 read.
LOG (lattice-oracle[5.5.480~1-09abd]:main():lattice-oracle.cc:318) %WER 28.5714 [ 2 / 7, 0 insertions, 2 deletions, 0 sub ]
LOG (lattice-oracle[5.5.480~1-09abd]:main():lattice-oracle.cc:332) For utterance F510321798-583966275_1766981-646037038_1667640552-GB-F-053, best cost 2
Lattice F510321798-583966275_1766981-646037038_1667640552-GB-F-054 read.
LOG (lattice-oracle[5.5.480~1-09abd]:main():lattice-oracle.cc:318) %WER 11.1111 [ 1 / 9, 1 insertions, 0 deletions, 0 sub ]
LOG (lattice-oracle[5.5.480~1-09abd]:main():lattice-oracle.cc:332) For utterance F510321798-583966275_1766981-646037038_1667640552-GB-F-054, best cost 1
Lattice F510321798-583966275_1766981-646037038_1667640552-GB-F-057 read.
LOG (lattice-oracle[5.5.480~1-09abd]:main():lattice-oracle.cc:318) %WER 14.2857 [ 1 / 7, 0 insertions, 1 deletions, 0 sub ]
LOG (lattice-oracle[5.5.480~1-09abd]:main():lattice-oracle.cc:332) For utterance F510321798-583966275_1766981-646037038_1667640552-GB-F-057, best cost 1
Lattice F510321798-583966275_1766981-646037038_1667640552-GB-F-058 read.
LOG (lattice-oracle[5.5.480~1-09abd]:main():lattice-oracle.cc:318) %WER 50 [ 6 / 12, 0 insertions, 6 deletions, 0 sub ]
LOG (lattice-oracle[5.5.480~1-09abd]:main():lattice-oracle.cc:332) For utterance F510321798-583966275_1766981-646037038_1667640552-GB-F-058, best cost 6
Lattice F510321798-583966275_1766981-646037038_1667640552-GB-F-060 read.
LOG (lattice-oracle[5.5.480~1-09abd]:main():lattice-oracle.cc:318) %WER 58.3333 [ 7 / 12, 0 insertions, 3 deletions, 4 sub ]
LOG (lattice-oracle[5.5.480~1-09abd]:main():lattice-oracle.cc:332) For utterance F510321798-583966275_1766981-646037038_1667640552-GB-F-060, best cost 7
Lattice F510321798-583966275_1766981-646037038_1667640552-GB-F-064 read.
LOG (lattice-oracle[5.5.480~1-09abd]:main():lattice-oracle.cc:318) %WER 0 [ 0 / 7, 0 insertions, 0 deletions, 0 sub ]
LOG (lattice-oracle[5.5.480~1-09abd]:main():lattice-oracle.cc:332) For utterance F510321798-583966275_1766981-646037038_1667640552-GB-F-064, best cost 0
Lattice F510321798-583966275_1766981-646037038_1667640552-GB-F-065 read.
LOG (lattice-oracle[5.5.480~1-09abd]:main():lattice-oracle.cc:318) %WER 0 [ 0 / 7, 0 insertions, 0 deletions, 0 sub ]
LOG (lattice-oracle[5.5.480~1-09abd]:main():lattice-oracle.cc:332) For utterance F510321798-583966275_1766981-646037038_1667640552-GB-F-065, best cost 0
Lattice F510321798-583966275_1766981-646037038_1667640552-GB-F-066 read.
LOG (lattice-oracle[5.5.480~1-09abd]:main():lattice-oracle.cc:318) %WER 0 [ 0 / 6, 0 insertions, 0 deletions, 0 sub ]
LOG (lattice-oracle[5.5.480~1-09abd]:main():lattice-oracle.cc:332) For utterance F510321798-583966275_1766981-646037038_1667640552-GB-F-066, best cost 0
Lattice F510321798-583966275_1766981-646037038_1667640552-GB-F-067 read.
LOG (lattice-oracle[5.5.480~1-09abd]:main():lattice-oracle.cc:318) %WER 0 [ 0 / 7, 0 insertions, 0 deletions, 0 sub ]
LOG (lattice-oracle[5.5.480~1-09abd]:main():lattice-oracle.cc:332) For utterance F510321798-583966275_1766981-646037038_1667640552-GB-F-067, best cost 0
Lattice F510321798-583966275_1766981-646037038_1667640552-GB-F-069 read.
LOG (lattice-oracle[5.5.480~1-09abd]:main():lattice-oracle.cc:318) %WER 13.3333 [ 2 / 15, 0 insertions, 2 deletions, 0 sub ]
LOG (lattice-oracle[5.5.480~1-09abd]:main():lattice-oracle.cc:332) For utterance F510321798-583966275_1766981-646037038_1667640552-GB-F-069, best cost 2
Lattice F510321798-583966275_1766981-646037038_1667640552-GB-F-071 read.
LOG (lattice-oracle[5.5.480~1-09abd]:main():lattice-oracle.cc:318) %WER 50 [ 1 / 2, 1 insertions, 0 deletions, 0 sub ]
LOG (lattice-oracle[5.5.480~1-09abd]:main():lattice-oracle.cc:332) For utterance F510321798-583966275_1766981-646037038_1667640552-GB-F-071, best cost 1
Lattice F510321798-583966275_1766981-646037038_1667640552-GB-F-072 read.
LOG (lattice-oracle[5.5.480~1-09abd]:main():lattice-oracle.cc:318) %WER 0 [ 0 / 6, 0 insertions, 0 deletions, 0 sub ]
LOG (lattice-oracle[5.5.480~1-09abd]:main():lattice-oracle.cc:332) For utterance F510321798-583966275_1766981-646037038_1667640552-GB-F-072, best cost 0
Lattice F510321798-583966275_1766981-646037038_1667640552-GB-F-073 read.
LOG (lattice-oracle[5.5.480~1-09abd]:main():lattice-oracle.cc:318) %WER 16.6667 [ 1 / 6, 0 insertions, 1 deletions, 0 sub ]
LOG (lattice-oracle[5.5.480~1-09abd]:main():lattice-oracle.cc:332) For utterance F510321798-583966275_1766981-646037038_1667640552-GB-F-073, best cost 1
Lattice F510321798-583966275_1766981-646037038_1667640552-GB-F-075 read.
LOG (lattice-oracle[5.5.480~1-09abd]:main():lattice-oracle.cc:318) %WER 14.2857 [ 1 / 7, 0 insertions, 0 deletions, 1 sub ]
LOG (lattice-oracle[5.5.480~1-09abd]:main():lattice-oracle.cc:332) For utterance F510321798-583966275_1766981-646037038_1667640552-GB-F-075, best cost 1
Lattice F510321798-583966275_1766981-646037038_1667640552-GB-F-076 read.
LOG (lattice-oracle[5.5.480~1-09abd]:main():lattice-oracle.cc:318) %WER 0 [ 0 / 4, 0 insertions, 0 deletions, 0 sub ]
LOG (lattice-oracle[5.5.480~1-09abd]:main():lattice-oracle.cc:332) For utterance F510321798-583966275_1766981-646037038_1667640552-GB-F-076, best cost 0
LOG (lattice-oracle[5.5.480~1-09abd]:main():lattice-oracle.cc:383) Overall %WER 13.8934 [ 344 / 2476, 36 insertions, 254 deletions, 54 substitutions ]
LOG (lattice-oracle[5.5.480~1-09abd]:main():lattice-oracle.cc:387) Scored 203 lattices, 0 not present in ref.
# Accounting: time=3 threads=1
# Ended (code 0) at Tue Sep 10 15:04:44 BST 2019, elapsed time 3 seconds
