# lattice-oracle "--write-lattices=ark:|gzip -c > exp/tri3b_cleaned/lattice_oracle/lat.13.gz" "ark:gunzip -c exp/tri3b_cleaned/lats/lat.13.gz |" "ark:utils/sym2int.pl --map-oov 239 -f 2- data/lang/words.txt data/train1/split40/13/text|" ark,t:- | utils/int2sym.pl -f 2- data/lang/words.txt > exp/tri3b_cleaned/lattice_oracle/oracle_hyp.13.txt 
# Started at Tue Sep 10 15:04:39 BST 2019
#
lattice-oracle '--write-lattices=ark:|gzip -c > exp/tri3b_cleaned/lattice_oracle/lat.13.gz' 'ark:gunzip -c exp/tri3b_cleaned/lats/lat.13.gz |' 'ark:utils/sym2int.pl --map-oov 239 -f 2- data/lang/words.txt data/train1/split40/13/text|' ark,t:- 
Lattice F431653211-3771284_3771284-1119534047_1566600728-GB-F-003 read.
sym2int.pl: replacing TWIDDLING with 239
sym2int.pl: replacing TWIDDLING with 239
sym2int.pl: replacing SKIDLEDEEE with 239
sym2int.pl: replacing DEEE with 239
sym2int.pl: replacing TWIDDLING with 239
sym2int.pl: replacing SKIDLEDEEE with 239
sym2int.pl: replacing DEEE with 239
sym2int.pl: replacing TWIDDLING with 239
sym2int.pl: replacing SKIDLEDEEE with 239
sym2int.pl: replacing DEEE with 239
sym2int.pl: replacing TWIDDLING with 239
sym2int.pl: replacing SKIDLEDEEE with 239
sym2int.pl: replacing DEEE with 239
sym2int.pl: replacing TWIDDLING with 239
sym2int.pl: replacing SKIDLEDEEE with 239
sym2int.pl: replacing DEEE with 239
sym2int.pl: replacing TWIDDLING with 239
sym2int.pl: replacing SKIDLEDEEE with 239
sym2int.pl: replacing DEEE with 239
sym2int.pl: replacing TWIDDLING with 239
sym2int.pl: not warning for OOVs any more times
** Replaced 50 instances of OOVs with 239
LOG (lattice-oracle[5.5.480~1-09abd]:main():lattice-oracle.cc:318) %WER 0 [ 0 / 24, 0 insertions, 0 deletions, 0 sub ]
LOG (lattice-oracle[5.5.480~1-09abd]:main():lattice-oracle.cc:332) For utterance F431653211-3771284_3771284-1119534047_1566600728-GB-F-003, best cost 0
Lattice F431653211-3771284_3771284-1119534047_1566600728-GB-F-007 read.
LOG (lattice-oracle[5.5.480~1-09abd]:main():lattice-oracle.cc:318) %WER 0 [ 0 / 14, 0 insertions, 0 deletions, 0 sub ]
LOG (lattice-oracle[5.5.480~1-09abd]:main():lattice-oracle.cc:332) For utterance F431653211-3771284_3771284-1119534047_1566600728-GB-F-007, best cost 0
Lattice F431653211-3771284_3771284-1119534047_1566600728-GB-F-011 read.
LOG (lattice-oracle[5.5.480~1-09abd]:main():lattice-oracle.cc:318) %WER 40.625 [ 13 / 32, 0 insertions, 11 deletions, 2 sub ]
LOG (lattice-oracle[5.5.480~1-09abd]:main():lattice-oracle.cc:332) For utterance F431653211-3771284_3771284-1119534047_1566600728-GB-F-011, best cost 13
Lattice F431653211-3771284_3771284-1119534047_1566600728-GB-F-015 read.
LOG (lattice-oracle[5.5.480~1-09abd]:main():lattice-oracle.cc:318) %WER 0 [ 0 / 7, 0 insertions, 0 deletions, 0 sub ]
LOG (lattice-oracle[5.5.480~1-09abd]:main():lattice-oracle.cc:332) For utterance F431653211-3771284_3771284-1119534047_1566600728-GB-F-015, best cost 0
Lattice F431653211-3771284_3771284-1119534047_1566600728-GB-F-016 read.
LOG (lattice-oracle[5.5.480~1-09abd]:main():lattice-oracle.cc:318) %WER 40 [ 2 / 5, 2 insertions, 0 deletions, 0 sub ]
LOG (lattice-oracle[5.5.480~1-09abd]:main():lattice-oracle.cc:332) For utterance F431653211-3771284_3771284-1119534047_1566600728-GB-F-016, best cost 2
Lattice F431653211-3771284_3771284-1119534047_1566600728-GB-F-017 read.
LOG (lattice-oracle[5.5.480~1-09abd]:main():lattice-oracle.cc:318) %WER 12.5 [ 1 / 8, 0 insertions, 1 deletions, 0 sub ]
LOG (lattice-oracle[5.5.480~1-09abd]:main():lattice-oracle.cc:332) For utterance F431653211-3771284_3771284-1119534047_1566600728-GB-F-017, best cost 1
Lattice F431653211-3771284_3771284-1119534047_1566600728-GB-F-018 read.
LOG (lattice-oracle[5.5.480~1-09abd]:main():lattice-oracle.cc:318) %WER 25 [ 1 / 4, 1 insertions, 0 deletions, 0 sub ]
LOG (lattice-oracle[5.5.480~1-09abd]:main():lattice-oracle.cc:332) For utterance F431653211-3771284_3771284-1119534047_1566600728-GB-F-018, best cost 1
Lattice F431653211-3771284_3771284-1119534047_1566600728-GB-F-019 read.
LOG (lattice-oracle[5.5.480~1-09abd]:main():lattice-oracle.cc:318) %WER 0 [ 0 / 7, 0 insertions, 0 deletions, 0 sub ]
LOG (lattice-oracle[5.5.480~1-09abd]:main():lattice-oracle.cc:332) For utterance F431653211-3771284_3771284-1119534047_1566600728-GB-F-019, best cost 0
Lattice F431653211-3771284_3771284-1119534047_1566600728-GB-F-020 read.
LOG (lattice-oracle[5.5.480~1-09abd]:main():lattice-oracle.cc:318) %WER 0 [ 0 / 5, 0 insertions, 0 deletions, 0 sub ]
LOG (lattice-oracle[5.5.480~1-09abd]:main():lattice-oracle.cc:332) For utterance F431653211-3771284_3771284-1119534047_1566600728-GB-F-020, best cost 0
Lattice F431653211-3771284_3771284-1119534047_1566600728-GB-F-021 read.
LOG (lattice-oracle[5.5.480~1-09abd]:main():lattice-oracle.cc:318) %WER 13.0435 [ 3 / 23, 0 insertions, 3 deletions, 0 sub ]
LOG (lattice-oracle[5.5.480~1-09abd]:main():lattice-oracle.cc:332) For utterance F431653211-3771284_3771284-1119534047_1566600728-GB-F-021, best cost 3
Lattice F431653211-3771284_3771284-1119534047_1566600728-GB-F-025 read.
LOG (lattice-oracle[5.5.480~1-09abd]:main():lattice-oracle.cc:318) %WER 60 [ 15 / 25, 0 insertions, 11 deletions, 4 sub ]
LOG (lattice-oracle[5.5.480~1-09abd]:main():lattice-oracle.cc:332) For utterance F431653211-3771284_3771284-1119534047_1566600728-GB-F-025, best cost 15
Lattice F431653211-3771284_3771284-1119534047_1566600728-GB-F-029 read.
LOG (lattice-oracle[5.5.480~1-09abd]:main():lattice-oracle.cc:318) %WER 0 [ 0 / 8, 0 insertions, 0 deletions, 0 sub ]
LOG (lattice-oracle[5.5.480~1-09abd]:main():lattice-oracle.cc:332) For utterance F431653211-3771284_3771284-1119534047_1566600728-GB-F-029, best cost 0
Lattice F431653211-3771284_3771284-1119534047_1566600728-GB-F-030 read.
LOG (lattice-oracle[5.5.480~1-09abd]:main():lattice-oracle.cc:318) %WER 0 [ 0 / 4, 0 insertions, 0 deletions, 0 sub ]
LOG (lattice-oracle[5.5.480~1-09abd]:main():lattice-oracle.cc:332) For utterance F431653211-3771284_3771284-1119534047_1566600728-GB-F-030, best cost 0
Lattice F431653211-3771284_3771284-1119534047_1566600728-GB-F-031 read.
LOG (lattice-oracle[5.5.480~1-09abd]:main():lattice-oracle.cc:318) %WER 0 [ 0 / 7, 0 insertions, 0 deletions, 0 sub ]
LOG (lattice-oracle[5.5.480~1-09abd]:main():lattice-oracle.cc:332) For utterance F431653211-3771284_3771284-1119534047_1566600728-GB-F-031, best cost 0
Lattice F431653211-3771284_3771284-1119534047_1566600728-GB-F-032 read.
LOG (lattice-oracle[5.5.480~1-09abd]:main():lattice-oracle.cc:318) %WER 0 [ 0 / 5, 0 insertions, 0 deletions, 0 sub ]
LOG (lattice-oracle[5.5.480~1-09abd]:main():lattice-oracle.cc:332) For utterance F431653211-3771284_3771284-1119534047_1566600728-GB-F-032, best cost 0
Lattice F431653211-3771284_3771284-1119534047_1566600728-GB-F-033 read.
LOG (lattice-oracle[5.5.480~1-09abd]:main():lattice-oracle.cc:318) %WER 0 [ 0 / 8, 0 insertions, 0 deletions, 0 sub ]
LOG (lattice-oracle[5.5.480~1-09abd]:main():lattice-oracle.cc:332) For utterance F431653211-3771284_3771284-1119534047_1566600728-GB-F-033, best cost 0
Lattice F431653211-3771284_3771284-1119534047_1566600728-GB-F-034 read.
LOG (lattice-oracle[5.5.480~1-09abd]:main():lattice-oracle.cc:318) %WER 0 [ 0 / 4, 0 insertions, 0 deletions, 0 sub ]
LOG (lattice-oracle[5.5.480~1-09abd]:main():lattice-oracle.cc:332) For utterance F431653211-3771284_3771284-1119534047_1566600728-GB-F-034, best cost 0
Lattice F431653211-3771284_3771284-1119534047_1566600728-GB-F-035 read.
LOG (lattice-oracle[5.5.480~1-09abd]:main():lattice-oracle.cc:318) %WER 0 [ 0 / 7, 0 insertions, 0 deletions, 0 sub ]
LOG (lattice-oracle[5.5.480~1-09abd]:main():lattice-oracle.cc:332) For utterance F431653211-3771284_3771284-1119534047_1566600728-GB-F-035, best cost 0
Lattice F431653211-3771284_3771284-1119534047_1566600728-GB-F-038 read.
LOG (lattice-oracle[5.5.480~1-09abd]:main():lattice-oracle.cc:318) %WER 0 [ 0 / 9, 0 insertions, 0 deletions, 0 sub ]
LOG (lattice-oracle[5.5.480~1-09abd]:main():lattice-oracle.cc:332) For utterance F431653211-3771284_3771284-1119534047_1566600728-GB-F-038, best cost 0
Lattice F431653211-3771284_3771284-1119534047_1566600728-GB-F-040 read.
LOG (lattice-oracle[5.5.480~1-09abd]:main():lattice-oracle.cc:318) %WER 31.0345 [ 9 / 29, 0 insertions, 9 deletions, 0 sub ]
LOG (lattice-oracle[5.5.480~1-09abd]:main():lattice-oracle.cc:332) For utterance F431653211-3771284_3771284-1119534047_1566600728-GB-F-040, best cost 9
Lattice F431653211-3771284_3771284-1119534047_1566600728-GB-F-045 read.
LOG (lattice-oracle[5.5.480~1-09abd]:main():lattice-oracle.cc:318) %WER 12.5 [ 1 / 8, 0 insertions, 1 deletions, 0 sub ]
LOG (lattice-oracle[5.5.480~1-09abd]:main():lattice-oracle.cc:332) For utterance F431653211-3771284_3771284-1119534047_1566600728-GB-F-045, best cost 1
Lattice F431653211-3771284_3771284-1119534047_1566600728-GB-F-046 read.
LOG (lattice-oracle[5.5.480~1-09abd]:main():lattice-oracle.cc:318) %WER 0 [ 0 / 4, 0 insertions, 0 deletions, 0 sub ]
LOG (lattice-oracle[5.5.480~1-09abd]:main():lattice-oracle.cc:332) For utterance F431653211-3771284_3771284-1119534047_1566600728-GB-F-046, best cost 0
Lattice F431653211-3771284_3771284-1119534047_1566600728-GB-F-047 read.
LOG (lattice-oracle[5.5.480~1-09abd]:main():lattice-oracle.cc:318) %WER 0 [ 0 / 12, 0 insertions, 0 deletions, 0 sub ]
LOG (lattice-oracle[5.5.480~1-09abd]:main():lattice-oracle.cc:332) For utterance F431653211-3771284_3771284-1119534047_1566600728-GB-F-047, best cost 0
Lattice F431653211-3771284_3771284-1119534047_1566600728-GB-F-049 read.
LOG (lattice-oracle[5.5.480~1-09abd]:main():lattice-oracle.cc:318) %WER 12.5 [ 1 / 8, 0 insertions, 1 deletions, 0 sub ]
LOG (lattice-oracle[5.5.480~1-09abd]:main():lattice-oracle.cc:332) For utterance F431653211-3771284_3771284-1119534047_1566600728-GB-F-049, best cost 1
Lattice F431653211-3771284_3771284-1119534047_1566600728-GB-F-050 read.
LOG (lattice-oracle[5.5.480~1-09abd]:main():lattice-oracle.cc:318) %WER 93.75 [ 15 / 16, 0 insertions, 12 deletions, 3 sub ]
LOG (lattice-oracle[5.5.480~1-09abd]:main():lattice-oracle.cc:332) For utterance F431653211-3771284_3771284-1119534047_1566600728-GB-F-050, best cost 15
Lattice F431653211-3868581_3868581-191504197_1609089339-GB-F-001 read.
LOG (lattice-oracle[5.5.480~1-09abd]:main():lattice-oracle.cc:318) %WER 0 [ 0 / 10, 0 insertions, 0 deletions, 0 sub ]
LOG (lattice-oracle[5.5.480~1-09abd]:main():lattice-oracle.cc:332) For utterance F431653211-3868581_3868581-191504197_1609089339-GB-F-001, best cost 0
Lattice F431653211-3868581_3868581-191504197_1609089339-GB-F-003 read.
LOG (lattice-oracle[5.5.480~1-09abd]:main():lattice-oracle.cc:318) %WER 0 [ 0 / 4, 0 insertions, 0 deletions, 0 sub ]
LOG (lattice-oracle[5.5.480~1-09abd]:main():lattice-oracle.cc:332) For utterance F431653211-3868581_3868581-191504197_1609089339-GB-F-003, best cost 0
Lattice F431653211-3868581_3868581-191504197_1609089339-GB-F-004 read.
LOG (lattice-oracle[5.5.480~1-09abd]:main():lattice-oracle.cc:318) %WER 0 [ 0 / 99, 0 insertions, 0 deletions, 0 sub ]
LOG (lattice-oracle[5.5.480~1-09abd]:main():lattice-oracle.cc:332) For utterance F431653211-3868581_3868581-191504197_1609089339-GB-F-004, best cost 0
Lattice F431653211-3868581_3868581-191504197_1609089339-GB-F-023 read.
LOG (lattice-oracle[5.5.480~1-09abd]:main():lattice-oracle.cc:318) %WER 0 [ 0 / 17, 0 insertions, 0 deletions, 0 sub ]
LOG (lattice-oracle[5.5.480~1-09abd]:main():lattice-oracle.cc:332) For utterance F431653211-3868581_3868581-191504197_1609089339-GB-F-023, best cost 0
Lattice F431653211-3868581_3868581-191504197_1609089339-GB-F-026 read.
LOG (lattice-oracle[5.5.480~1-09abd]:main():lattice-oracle.cc:318) %WER 0 [ 0 / 17, 0 insertions, 0 deletions, 0 sub ]
LOG (lattice-oracle[5.5.480~1-09abd]:main():lattice-oracle.cc:332) For utterance F431653211-3868581_3868581-191504197_1609089339-GB-F-026, best cost 0
Lattice F431653211-3868581_3868581-191504197_1609089339-GB-F-030 read.
LOG (lattice-oracle[5.5.480~1-09abd]:main():lattice-oracle.cc:318) %WER 4.66667 [ 7 / 150, 0 insertions, 4 deletions, 3 sub ]
LOG (lattice-oracle[5.5.480~1-09abd]:main():lattice-oracle.cc:332) For utterance F431653211-3868581_3868581-191504197_1609089339-GB-F-030, best cost 7
Lattice F431653211-3868581_3868581-191504197_1609089339-GB-F-058 read.
LOG (lattice-oracle[5.5.480~1-09abd]:main():lattice-oracle.cc:318) %WER 0 [ 0 / 8, 0 insertions, 0 deletions, 0 sub ]
LOG (lattice-oracle[5.5.480~1-09abd]:main():lattice-oracle.cc:332) For utterance F431653211-3868581_3868581-191504197_1609089339-GB-F-058, best cost 0
Lattice F431653211-3868581_3868581-191504197_1609089339-GB-F-060 read.
LOG (lattice-oracle[5.5.480~1-09abd]:main():lattice-oracle.cc:318) %WER 0 [ 0 / 93, 0 insertions, 0 deletions, 0 sub ]
LOG (lattice-oracle[5.5.480~1-09abd]:main():lattice-oracle.cc:332) For utterance F431653211-3868581_3868581-191504197_1609089339-GB-F-060, best cost 0
Lattice F432434503-965954978_2666415-1315902810_1549446854-GB-F-002 read.
LOG (lattice-oracle[5.5.480~1-09abd]:main():lattice-oracle.cc:318) %WER 66.6667 [ 10 / 15, 0 insertions, 9 deletions, 1 sub ]
LOG (lattice-oracle[5.5.480~1-09abd]:main():lattice-oracle.cc:332) For utterance F432434503-965954978_2666415-1315902810_1549446854-GB-F-002, best cost 10
Lattice F432434503-965954978_2666415-1315902810_1549446854-GB-F-006 read.
LOG (lattice-oracle[5.5.480~1-09abd]:main():lattice-oracle.cc:318) %WER 23.0769 [ 3 / 13, 0 insertions, 3 deletions, 0 sub ]
LOG (lattice-oracle[5.5.480~1-09abd]:main():lattice-oracle.cc:332) For utterance F432434503-965954978_2666415-1315902810_1549446854-GB-F-006, best cost 3
Lattice F432434503-965954978_2666415-1315902810_1549446854-GB-F-015 read.
LOG (lattice-oracle[5.5.480~1-09abd]:main():lattice-oracle.cc:318) %WER 0 [ 0 / 4, 0 insertions, 0 deletions, 0 sub ]
LOG (lattice-oracle[5.5.480~1-09abd]:main():lattice-oracle.cc:332) For utterance F432434503-965954978_2666415-1315902810_1549446854-GB-F-015, best cost 0
Lattice F432434503-965954978_2666415-1315902810_1549446854-GB-F-019 read.
LOG (lattice-oracle[5.5.480~1-09abd]:main():lattice-oracle.cc:318) %WER 14.2857 [ 7 / 49, 0 insertions, 5 deletions, 2 sub ]
LOG (lattice-oracle[5.5.480~1-09abd]:main():lattice-oracle.cc:332) For utterance F432434503-965954978_2666415-1315902810_1549446854-GB-F-019, best cost 7
Lattice F433809462-651564756_583853-217161417_1693930631-GB-F-001 read.
LOG (lattice-oracle[5.5.480~1-09abd]:main():lattice-oracle.cc:318) %WER 0 [ 0 / 7, 0 insertions, 0 deletions, 0 sub ]
LOG (lattice-oracle[5.5.480~1-09abd]:main():lattice-oracle.cc:332) For utterance F433809462-651564756_583853-217161417_1693930631-GB-F-001, best cost 0
Lattice F433809462-651564756_583853-217161417_1693930631-GB-F-002 read.
LOG (lattice-oracle[5.5.480~1-09abd]:main():lattice-oracle.cc:318) %WER 12.5 [ 1 / 8, 0 insertions, 1 deletions, 0 sub ]
LOG (lattice-oracle[5.5.480~1-09abd]:main():lattice-oracle.cc:332) For utterance F433809462-651564756_583853-217161417_1693930631-GB-F-002, best cost 1
Lattice F433809462-651564756_583853-217161417_1693930631-GB-F-004 read.
LOG (lattice-oracle[5.5.480~1-09abd]:main():lattice-oracle.cc:318) %WER 0 [ 0 / 5, 0 insertions, 0 deletions, 0 sub ]
LOG (lattice-oracle[5.5.480~1-09abd]:main():lattice-oracle.cc:332) For utterance F433809462-651564756_583853-217161417_1693930631-GB-F-004, best cost 0
Lattice F433809462-651564756_583853-217161417_1693930631-GB-F-005 read.
LOG (lattice-oracle[5.5.480~1-09abd]:main():lattice-oracle.cc:318) %WER 0 [ 0 / 4, 0 insertions, 0 deletions, 0 sub ]
LOG (lattice-oracle[5.5.480~1-09abd]:main():lattice-oracle.cc:332) For utterance F433809462-651564756_583853-217161417_1693930631-GB-F-005, best cost 0
Lattice F433809462-651564756_583853-217161417_1693930631-GB-F-006 read.
LOG (lattice-oracle[5.5.480~1-09abd]:main():lattice-oracle.cc:318) %WER 4.54545 [ 1 / 22, 1 insertions, 0 deletions, 0 sub ]
LOG (lattice-oracle[5.5.480~1-09abd]:main():lattice-oracle.cc:332) For utterance F433809462-651564756_583853-217161417_1693930631-GB-F-006, best cost 1
Lattice F433809462-651564756_583853-217161417_1693930631-GB-F-012 read.
LOG (lattice-oracle[5.5.480~1-09abd]:main():lattice-oracle.cc:318) %WER 0 [ 0 / 1, 0 insertions, 0 deletions, 0 sub ]
LOG (lattice-oracle[5.5.480~1-09abd]:main():lattice-oracle.cc:332) For utterance F433809462-651564756_583853-217161417_1693930631-GB-F-012, best cost 0
Lattice F433809462-651564756_583853-217161417_1693930631-GB-F-013 read.
LOG (lattice-oracle[5.5.480~1-09abd]:main():lattice-oracle.cc:318) %WER 0 [ 0 / 1, 0 insertions, 0 deletions, 0 sub ]
LOG (lattice-oracle[5.5.480~1-09abd]:main():lattice-oracle.cc:332) For utterance F433809462-651564756_583853-217161417_1693930631-GB-F-013, best cost 0
Lattice F433809462-651564756_583853-217161417_1693930631-GB-F-015 read.
LOG (lattice-oracle[5.5.480~1-09abd]:main():lattice-oracle.cc:318) %WER 0 [ 0 / 1, 0 insertions, 0 deletions, 0 sub ]
LOG (lattice-oracle[5.5.480~1-09abd]:main():lattice-oracle.cc:332) For utterance F433809462-651564756_583853-217161417_1693930631-GB-F-015, best cost 0
Lattice F433809462-651564756_583853-217161417_1693930631-GB-F-016 read.
LOG (lattice-oracle[5.5.480~1-09abd]:main():lattice-oracle.cc:318) %WER 0 [ 0 / 8, 0 insertions, 0 deletions, 0 sub ]
LOG (lattice-oracle[5.5.480~1-09abd]:main():lattice-oracle.cc:332) For utterance F433809462-651564756_583853-217161417_1693930631-GB-F-016, best cost 0
Lattice F433809462-651564756_583853-217161417_1693930631-GB-F-018 read.
LOG (lattice-oracle[5.5.480~1-09abd]:main():lattice-oracle.cc:318) %WER 0 [ 0 / 7, 0 insertions, 0 deletions, 0 sub ]
LOG (lattice-oracle[5.5.480~1-09abd]:main():lattice-oracle.cc:332) For utterance F433809462-651564756_583853-217161417_1693930631-GB-F-018, best cost 0
Lattice F433809462-651564756_583853-217161417_1693930631-GB-F-019 read.
LOG (lattice-oracle[5.5.480~1-09abd]:main():lattice-oracle.cc:318) %WER 0 [ 0 / 14, 0 insertions, 0 deletions, 0 sub ]
LOG (lattice-oracle[5.5.480~1-09abd]:main():lattice-oracle.cc:332) For utterance F433809462-651564756_583853-217161417_1693930631-GB-F-019, best cost 0
Lattice F433809462-651564756_583853-217161417_1693930631-GB-F-022 read.
LOG (lattice-oracle[5.5.480~1-09abd]:main():lattice-oracle.cc:318) %WER 5.88235 [ 1 / 17, 0 insertions, 1 deletions, 0 sub ]
LOG (lattice-oracle[5.5.480~1-09abd]:main():lattice-oracle.cc:332) For utterance F433809462-651564756_583853-217161417_1693930631-GB-F-022, best cost 1
Lattice F433809462-651564756_583853-217161417_1693930631-GB-F-027 read.
LOG (lattice-oracle[5.5.480~1-09abd]:main():lattice-oracle.cc:318) %WER 0 [ 0 / 1, 0 insertions, 0 deletions, 0 sub ]
LOG (lattice-oracle[5.5.480~1-09abd]:main():lattice-oracle.cc:332) For utterance F433809462-651564756_583853-217161417_1693930631-GB-F-027, best cost 0
Lattice F433809462-651564756_583853-217161417_1693930631-GB-F-028 read.
LOG (lattice-oracle[5.5.480~1-09abd]:main():lattice-oracle.cc:318) %WER 0 [ 0 / 1, 0 insertions, 0 deletions, 0 sub ]
LOG (lattice-oracle[5.5.480~1-09abd]:main():lattice-oracle.cc:332) For utterance F433809462-651564756_583853-217161417_1693930631-GB-F-028, best cost 0
Lattice F433809462-651564756_583853-217161417_1693930631-GB-F-029 read.
LOG (lattice-oracle[5.5.480~1-09abd]:main():lattice-oracle.cc:318) %WER 0 [ 0 / 2, 0 insertions, 0 deletions, 0 sub ]
LOG (lattice-oracle[5.5.480~1-09abd]:main():lattice-oracle.cc:332) For utterance F433809462-651564756_583853-217161417_1693930631-GB-F-029, best cost 0
Lattice F433809462-651564756_583853-217161417_1693930631-GB-F-032 read.
LOG (lattice-oracle[5.5.480~1-09abd]:main():lattice-oracle.cc:318) %WER 0 [ 0 / 5, 0 insertions, 0 deletions, 0 sub ]
LOG (lattice-oracle[5.5.480~1-09abd]:main():lattice-oracle.cc:332) For utterance F433809462-651564756_583853-217161417_1693930631-GB-F-032, best cost 0
Lattice F433809462-651564756_583853-217161417_1693930631-GB-F-033 read.
LOG (lattice-oracle[5.5.480~1-09abd]:main():lattice-oracle.cc:318) %WER 6.66667 [ 1 / 15, 1 insertions, 0 deletions, 0 sub ]
LOG (lattice-oracle[5.5.480~1-09abd]:main():lattice-oracle.cc:332) For utterance F433809462-651564756_583853-217161417_1693930631-GB-F-033, best cost 1
Lattice F433809462-651564756_583853-217161417_1693930631-GB-F-035 read.
LOG (lattice-oracle[5.5.480~1-09abd]:main():lattice-oracle.cc:318) %WER 10 [ 1 / 10, 0 insertions, 1 deletions, 0 sub ]
LOG (lattice-oracle[5.5.480~1-09abd]:main():lattice-oracle.cc:332) For utterance F433809462-651564756_583853-217161417_1693930631-GB-F-035, best cost 1
Lattice F433809462-651564756_583853-217161417_1693930631-GB-F-037 read.
LOG (lattice-oracle[5.5.480~1-09abd]:main():lattice-oracle.cc:318) %WER 0 [ 0 / 17, 0 insertions, 0 deletions, 0 sub ]
LOG (lattice-oracle[5.5.480~1-09abd]:main():lattice-oracle.cc:332) For utterance F433809462-651564756_583853-217161417_1693930631-GB-F-037, best cost 0
Lattice F433809462-651564756_583853-217161417_1693930631-GB-F-042 read.
LOG (lattice-oracle[5.5.480~1-09abd]:main():lattice-oracle.cc:318) %WER 50 [ 2 / 4, 1 insertions, 0 deletions, 1 sub ]
LOG (lattice-oracle[5.5.480~1-09abd]:main():lattice-oracle.cc:332) For utterance F433809462-651564756_583853-217161417_1693930631-GB-F-042, best cost 2
Lattice F433809462-651564756_583853-217161417_1693930631-GB-F-045 read.
LOG (lattice-oracle[5.5.480~1-09abd]:main():lattice-oracle.cc:318) %WER 100 [ 1 / 1, 1 insertions, 0 deletions, 0 sub ]
LOG (lattice-oracle[5.5.480~1-09abd]:main():lattice-oracle.cc:332) For utterance F433809462-651564756_583853-217161417_1693930631-GB-F-045, best cost 1
Lattice F434292047-3770671_3770671-1179546305_1636271408-GB-F-004 read.
LOG (lattice-oracle[5.5.480~1-09abd]:main():lattice-oracle.cc:318) %WER 0 [ 0 / 8, 0 insertions, 0 deletions, 0 sub ]
LOG (lattice-oracle[5.5.480~1-09abd]:main():lattice-oracle.cc:332) For utterance F434292047-3770671_3770671-1179546305_1636271408-GB-F-004, best cost 0
Lattice F434292047-3770671_3770671-1179546305_1636271408-GB-F-005 read.
LOG (lattice-oracle[5.5.480~1-09abd]:main():lattice-oracle.cc:318) %WER 0 [ 0 / 13, 0 insertions, 0 deletions, 0 sub ]
LOG (lattice-oracle[5.5.480~1-09abd]:main():lattice-oracle.cc:332) For utterance F434292047-3770671_3770671-1179546305_1636271408-GB-F-005, best cost 0
Lattice F434292047-3770671_3770671-1179546305_1636271408-GB-F-006 read.
LOG (lattice-oracle[5.5.480~1-09abd]:main():lattice-oracle.cc:318) %WER 53.8462 [ 7 / 13, 0 insertions, 6 deletions, 1 sub ]
LOG (lattice-oracle[5.5.480~1-09abd]:main():lattice-oracle.cc:332) For utterance F434292047-3770671_3770671-1179546305_1636271408-GB-F-006, best cost 7
Lattice F434292047-3770671_3770671-1179546305_1636271408-GB-F-009 read.
LOG (lattice-oracle[5.5.480~1-09abd]:main():lattice-oracle.cc:318) %WER 0 [ 0 / 4, 0 insertions, 0 deletions, 0 sub ]
LOG (lattice-oracle[5.5.480~1-09abd]:main():lattice-oracle.cc:332) For utterance F434292047-3770671_3770671-1179546305_1636271408-GB-F-009, best cost 0
Lattice F434292047-3770671_3770671-1179546305_1636271408-GB-F-010 read.
LOG (lattice-oracle[5.5.480~1-09abd]:main():lattice-oracle.cc:318) %WER 0 [ 0 / 9, 0 insertions, 0 deletions, 0 sub ]
LOG (lattice-oracle[5.5.480~1-09abd]:main():lattice-oracle.cc:332) For utterance F434292047-3770671_3770671-1179546305_1636271408-GB-F-010, best cost 0
Lattice F434292047-3770671_3770671-1179546305_1636271408-GB-F-012 read.
LOG (lattice-oracle[5.5.480~1-09abd]:main():lattice-oracle.cc:318) %WER 0 [ 0 / 5, 0 insertions, 0 deletions, 0 sub ]
LOG (lattice-oracle[5.5.480~1-09abd]:main():lattice-oracle.cc:332) For utterance F434292047-3770671_3770671-1179546305_1636271408-GB-F-012, best cost 0
Lattice F434292047-3770671_3770671-1179546305_1636271408-GB-F-013 read.
LOG (lattice-oracle[5.5.480~1-09abd]:main():lattice-oracle.cc:318) %WER 0 [ 0 / 6, 0 insertions, 0 deletions, 0 sub ]
LOG (lattice-oracle[5.5.480~1-09abd]:main():lattice-oracle.cc:332) For utterance F434292047-3770671_3770671-1179546305_1636271408-GB-F-013, best cost 0
Lattice F434292047-3770671_3770671-1179546305_1636271408-GB-F-014 read.
LOG (lattice-oracle[5.5.480~1-09abd]:main():lattice-oracle.cc:318) %WER 0 [ 0 / 8, 0 insertions, 0 deletions, 0 sub ]
LOG (lattice-oracle[5.5.480~1-09abd]:main():lattice-oracle.cc:332) For utterance F434292047-3770671_3770671-1179546305_1636271408-GB-F-014, best cost 0
Lattice F434292047-3770671_3770671-1179546305_1636271408-GB-F-016 read.
LOG (lattice-oracle[5.5.480~1-09abd]:main():lattice-oracle.cc:318) %WER 0 [ 0 / 3, 0 insertions, 0 deletions, 0 sub ]
LOG (lattice-oracle[5.5.480~1-09abd]:main():lattice-oracle.cc:332) For utterance F434292047-3770671_3770671-1179546305_1636271408-GB-F-016, best cost 0
Lattice F434292047-3770671_3770671-1179546305_1636271408-GB-F-017 read.
LOG (lattice-oracle[5.5.480~1-09abd]:main():lattice-oracle.cc:318) %WER 0 [ 0 / 12, 0 insertions, 0 deletions, 0 sub ]
LOG (lattice-oracle[5.5.480~1-09abd]:main():lattice-oracle.cc:332) For utterance F434292047-3770671_3770671-1179546305_1636271408-GB-F-017, best cost 0
Lattice F434292047-3770671_3770671-1179546305_1636271408-GB-F-018 read.
LOG (lattice-oracle[5.5.480~1-09abd]:main():lattice-oracle.cc:318) %WER 0 [ 0 / 4, 0 insertions, 0 deletions, 0 sub ]
LOG (lattice-oracle[5.5.480~1-09abd]:main():lattice-oracle.cc:332) For utterance F434292047-3770671_3770671-1179546305_1636271408-GB-F-018, best cost 0
Lattice F434292047-3770671_3770671-1179546305_1636271408-GB-F-019 read.
LOG (lattice-oracle[5.5.480~1-09abd]:main():lattice-oracle.cc:318) %WER 0 [ 0 / 3, 0 insertions, 0 deletions, 0 sub ]
LOG (lattice-oracle[5.5.480~1-09abd]:main():lattice-oracle.cc:332) For utterance F434292047-3770671_3770671-1179546305_1636271408-GB-F-019, best cost 0
Lattice F434292047-3770671_3770671-1179546305_1636271408-GB-F-020 read.
LOG (lattice-oracle[5.5.480~1-09abd]:main():lattice-oracle.cc:318) %WER 14.2857 [ 1 / 7, 1 insertions, 0 deletions, 0 sub ]
LOG (lattice-oracle[5.5.480~1-09abd]:main():lattice-oracle.cc:332) For utterance F434292047-3770671_3770671-1179546305_1636271408-GB-F-020, best cost 1
Lattice F434292047-3770671_3770671-1179546305_1636271408-GB-F-023 read.
LOG (lattice-oracle[5.5.480~1-09abd]:main():lattice-oracle.cc:318) %WER 13.3333 [ 2 / 15, 0 insertions, 2 deletions, 0 sub ]
LOG (lattice-oracle[5.5.480~1-09abd]:main():lattice-oracle.cc:332) For utterance F434292047-3770671_3770671-1179546305_1636271408-GB-F-023, best cost 2
Lattice F434292047-3770671_3770671-1179546305_1636271408-GB-F-025 read.
LOG (lattice-oracle[5.5.480~1-09abd]:main():lattice-oracle.cc:318) %WER 0 [ 0 / 7, 0 insertions, 0 deletions, 0 sub ]
LOG (lattice-oracle[5.5.480~1-09abd]:main():lattice-oracle.cc:332) For utterance F434292047-3770671_3770671-1179546305_1636271408-GB-F-025, best cost 0
Lattice F434292047-3770671_3770671-1179546305_1636271408-GB-F-028 read.
LOG (lattice-oracle[5.5.480~1-09abd]:main():lattice-oracle.cc:318) %WER 0 [ 0 / 5, 0 insertions, 0 deletions, 0 sub ]
LOG (lattice-oracle[5.5.480~1-09abd]:main():lattice-oracle.cc:332) For utterance F434292047-3770671_3770671-1179546305_1636271408-GB-F-028, best cost 0
Lattice F434292047-3770671_3770671-1179546305_1636271408-GB-F-029 read.
LOG (lattice-oracle[5.5.480~1-09abd]:main():lattice-oracle.cc:318) %WER 0 [ 0 / 5, 0 insertions, 0 deletions, 0 sub ]
LOG (lattice-oracle[5.5.480~1-09abd]:main():lattice-oracle.cc:332) For utterance F434292047-3770671_3770671-1179546305_1636271408-GB-F-029, best cost 0
Lattice F434292047-3770671_3770671-1179546305_1636271408-GB-F-030 read.
LOG (lattice-oracle[5.5.480~1-09abd]:main():lattice-oracle.cc:318) %WER 9.09091 [ 1 / 11, 0 insertions, 1 deletions, 0 sub ]
LOG (lattice-oracle[5.5.480~1-09abd]:main():lattice-oracle.cc:332) For utterance F434292047-3770671_3770671-1179546305_1636271408-GB-F-030, best cost 1
Lattice F434292047-3770671_3770671-1179546305_1636271408-GB-F-032 read.
LOG (lattice-oracle[5.5.480~1-09abd]:main():lattice-oracle.cc:318) %WER 0 [ 0 / 3, 0 insertions, 0 deletions, 0 sub ]
LOG (lattice-oracle[5.5.480~1-09abd]:main():lattice-oracle.cc:332) For utterance F434292047-3770671_3770671-1179546305_1636271408-GB-F-032, best cost 0
Lattice F434292047-3770671_3770671-1179546305_1636271408-GB-F-033 read.
LOG (lattice-oracle[5.5.480~1-09abd]:main():lattice-oracle.cc:318) %WER 0 [ 0 / 3, 0 insertions, 0 deletions, 0 sub ]
LOG (lattice-oracle[5.5.480~1-09abd]:main():lattice-oracle.cc:332) For utterance F434292047-3770671_3770671-1179546305_1636271408-GB-F-033, best cost 0
Lattice F434292047-3770671_3770671-1179546305_1636271408-GB-F-034 read.
LOG (lattice-oracle[5.5.480~1-09abd]:main():lattice-oracle.cc:318) %WER 0 [ 0 / 12, 0 insertions, 0 deletions, 0 sub ]
LOG (lattice-oracle[5.5.480~1-09abd]:main():lattice-oracle.cc:332) For utterance F434292047-3770671_3770671-1179546305_1636271408-GB-F-034, best cost 0
Lattice F434292047-3770671_3770671-1179546305_1636271408-GB-F-035 read.
LOG (lattice-oracle[5.5.480~1-09abd]:main():lattice-oracle.cc:318) %WER 0 [ 0 / 4, 0 insertions, 0 deletions, 0 sub ]
LOG (lattice-oracle[5.5.480~1-09abd]:main():lattice-oracle.cc:332) For utterance F434292047-3770671_3770671-1179546305_1636271408-GB-F-035, best cost 0
Lattice F434292047-3770671_3770671-1179546305_1636271408-GB-F-036 read.
LOG (lattice-oracle[5.5.480~1-09abd]:main():lattice-oracle.cc:318) %WER 0 [ 0 / 3, 0 insertions, 0 deletions, 0 sub ]
LOG (lattice-oracle[5.5.480~1-09abd]:main():lattice-oracle.cc:332) For utterance F434292047-3770671_3770671-1179546305_1636271408-GB-F-036, best cost 0
Lattice F434292047-3770671_3770671-1179546305_1636271408-GB-F-038 read.
LOG (lattice-oracle[5.5.480~1-09abd]:main():lattice-oracle.cc:318) %WER 0 [ 0 / 7, 0 insertions, 0 deletions, 0 sub ]
LOG (lattice-oracle[5.5.480~1-09abd]:main():lattice-oracle.cc:332) For utterance F434292047-3770671_3770671-1179546305_1636271408-GB-F-038, best cost 0
Lattice F434292047-3770671_3770671-1179546305_1636271408-GB-F-039 read.
LOG (lattice-oracle[5.5.480~1-09abd]:main():lattice-oracle.cc:318) %WER 0 [ 0 / 5, 0 insertions, 0 deletions, 0 sub ]
LOG (lattice-oracle[5.5.480~1-09abd]:main():lattice-oracle.cc:332) For utterance F434292047-3770671_3770671-1179546305_1636271408-GB-F-039, best cost 0
Lattice F434292047-3770671_3770671-1179546305_1636271408-GB-F-042 read.
LOG (lattice-oracle[5.5.480~1-09abd]:main():lattice-oracle.cc:318) %WER 0 [ 0 / 5, 0 insertions, 0 deletions, 0 sub ]
LOG (lattice-oracle[5.5.480~1-09abd]:main():lattice-oracle.cc:332) For utterance F434292047-3770671_3770671-1179546305_1636271408-GB-F-042, best cost 0
Lattice F434292047-3770671_3770671-1179546305_1636271408-GB-F-043 read.
LOG (lattice-oracle[5.5.480~1-09abd]:main():lattice-oracle.cc:318) %WER 0 [ 0 / 16, 0 insertions, 0 deletions, 0 sub ]
LOG (lattice-oracle[5.5.480~1-09abd]:main():lattice-oracle.cc:332) For utterance F434292047-3770671_3770671-1179546305_1636271408-GB-F-043, best cost 0
Lattice F434292047-3770671_3770671-1179546305_1636271408-GB-F-046 read.
LOG (lattice-oracle[5.5.480~1-09abd]:main():lattice-oracle.cc:318) %WER 0 [ 0 / 3, 0 insertions, 0 deletions, 0 sub ]
LOG (lattice-oracle[5.5.480~1-09abd]:main():lattice-oracle.cc:332) For utterance F434292047-3770671_3770671-1179546305_1636271408-GB-F-046, best cost 0
Lattice F434292047-3770671_3770671-1179546305_1636271408-GB-F-047 read.
LOG (lattice-oracle[5.5.480~1-09abd]:main():lattice-oracle.cc:318) %WER 0 [ 0 / 15, 0 insertions, 0 deletions, 0 sub ]
LOG (lattice-oracle[5.5.480~1-09abd]:main():lattice-oracle.cc:332) For utterance F434292047-3770671_3770671-1179546305_1636271408-GB-F-047, best cost 0
Lattice F434292047-3770671_3770671-1179546305_1636271408-GB-F-049 read.
LOG (lattice-oracle[5.5.480~1-09abd]:main():lattice-oracle.cc:318) %WER 0 [ 0 / 5, 0 insertions, 0 deletions, 0 sub ]
LOG (lattice-oracle[5.5.480~1-09abd]:main():lattice-oracle.cc:332) For utterance F434292047-3770671_3770671-1179546305_1636271408-GB-F-049, best cost 0
Lattice F434292047-3770671_3770671-1179546305_1636271408-GB-F-050 read.
LOG (lattice-oracle[5.5.480~1-09abd]:main():lattice-oracle.cc:318) %WER 0 [ 0 / 10, 0 insertions, 0 deletions, 0 sub ]
LOG (lattice-oracle[5.5.480~1-09abd]:main():lattice-oracle.cc:332) For utterance F434292047-3770671_3770671-1179546305_1636271408-GB-F-050, best cost 0
Lattice F434292047-3770671_3770671-1179546305_1636271408-GB-F-052 read.
LOG (lattice-oracle[5.5.480~1-09abd]:main():lattice-oracle.cc:318) %WER 14.2857 [ 2 / 14, 0 insertions, 2 deletions, 0 sub ]
LOG (lattice-oracle[5.5.480~1-09abd]:main():lattice-oracle.cc:332) For utterance F434292047-3770671_3770671-1179546305_1636271408-GB-F-052, best cost 2
Lattice F434292047-3770789_3770789-434283809_1609805175-GB-F-001 read.
LOG (lattice-oracle[5.5.480~1-09abd]:main():lattice-oracle.cc:318) %WER 0 [ 0 / 5, 0 insertions, 0 deletions, 0 sub ]
LOG (lattice-oracle[5.5.480~1-09abd]:main():lattice-oracle.cc:332) For utterance F434292047-3770789_3770789-434283809_1609805175-GB-F-001, best cost 0
Lattice F434292047-3770789_3770789-434283809_1609805175-GB-F-002 read.
LOG (lattice-oracle[5.5.480~1-09abd]:main():lattice-oracle.cc:318) %WER 0 [ 0 / 5, 0 insertions, 0 deletions, 0 sub ]
LOG (lattice-oracle[5.5.480~1-09abd]:main():lattice-oracle.cc:332) For utterance F434292047-3770789_3770789-434283809_1609805175-GB-F-002, best cost 0
Lattice F434292047-3770789_3770789-434283809_1609805175-GB-F-003 read.
LOG (lattice-oracle[5.5.480~1-09abd]:main():lattice-oracle.cc:318) %WER 0 [ 0 / 16, 0 insertions, 0 deletions, 0 sub ]
LOG (lattice-oracle[5.5.480~1-09abd]:main():lattice-oracle.cc:332) For utterance F434292047-3770789_3770789-434283809_1609805175-GB-F-003, best cost 0
Lattice F434292047-3770789_3770789-434283809_1609805175-GB-F-005 read.
LOG (lattice-oracle[5.5.480~1-09abd]:main():lattice-oracle.cc:318) %WER 0 [ 0 / 5, 0 insertions, 0 deletions, 0 sub ]
LOG (lattice-oracle[5.5.480~1-09abd]:main():lattice-oracle.cc:332) For utterance F434292047-3770789_3770789-434283809_1609805175-GB-F-005, best cost 0
Lattice F434292047-3770789_3770789-434283809_1609805175-GB-F-006 read.
LOG (lattice-oracle[5.5.480~1-09abd]:main():lattice-oracle.cc:318) %WER 0 [ 0 / 4, 0 insertions, 0 deletions, 0 sub ]
LOG (lattice-oracle[5.5.480~1-09abd]:main():lattice-oracle.cc:332) For utterance F434292047-3770789_3770789-434283809_1609805175-GB-F-006, best cost 0
Lattice F434292047-3770789_3770789-434283809_1609805175-GB-F-007 read.
LOG (lattice-oracle[5.5.480~1-09abd]:main():lattice-oracle.cc:318) %WER 0 [ 0 / 14, 0 insertions, 0 deletions, 0 sub ]
LOG (lattice-oracle[5.5.480~1-09abd]:main():lattice-oracle.cc:332) For utterance F434292047-3770789_3770789-434283809_1609805175-GB-F-007, best cost 0
Lattice F434292047-3770789_3770789-434283809_1609805175-GB-F-009 read.
LOG (lattice-oracle[5.5.480~1-09abd]:main():lattice-oracle.cc:318) %WER 0 [ 0 / 6, 0 insertions, 0 deletions, 0 sub ]
LOG (lattice-oracle[5.5.480~1-09abd]:main():lattice-oracle.cc:332) For utterance F434292047-3770789_3770789-434283809_1609805175-GB-F-009, best cost 0
Lattice F434292047-3770789_3770789-434283809_1609805175-GB-F-010 read.
LOG (lattice-oracle[5.5.480~1-09abd]:main():lattice-oracle.cc:318) %WER 0 [ 0 / 5, 0 insertions, 0 deletions, 0 sub ]
LOG (lattice-oracle[5.5.480~1-09abd]:main():lattice-oracle.cc:332) For utterance F434292047-3770789_3770789-434283809_1609805175-GB-F-010, best cost 0
Lattice F434292047-3770789_3770789-434283809_1609805175-GB-F-011 read.
LOG (lattice-oracle[5.5.480~1-09abd]:main():lattice-oracle.cc:318) %WER 0 [ 0 / 5, 0 insertions, 0 deletions, 0 sub ]
LOG (lattice-oracle[5.5.480~1-09abd]:main():lattice-oracle.cc:332) For utterance F434292047-3770789_3770789-434283809_1609805175-GB-F-011, best cost 0
Lattice F434292047-3770789_3770789-434283809_1609805175-GB-F-012 read.
LOG (lattice-oracle[5.5.480~1-09abd]:main():lattice-oracle.cc:318) %WER 0 [ 0 / 7, 0 insertions, 0 deletions, 0 sub ]
LOG (lattice-oracle[5.5.480~1-09abd]:main():lattice-oracle.cc:332) For utterance F434292047-3770789_3770789-434283809_1609805175-GB-F-012, best cost 0
Lattice F434292047-3770789_3770789-434283809_1609805175-GB-F-013 read.
LOG (lattice-oracle[5.5.480~1-09abd]:main():lattice-oracle.cc:318) %WER 14.2857 [ 1 / 7, 0 insertions, 1 deletions, 0 sub ]
LOG (lattice-oracle[5.5.480~1-09abd]:main():lattice-oracle.cc:332) For utterance F434292047-3770789_3770789-434283809_1609805175-GB-F-013, best cost 1
Lattice F434292047-3770789_3770789-434283809_1609805175-GB-F-014 read.
LOG (lattice-oracle[5.5.480~1-09abd]:main():lattice-oracle.cc:318) %WER 0 [ 0 / 4, 0 insertions, 0 deletions, 0 sub ]
LOG (lattice-oracle[5.5.480~1-09abd]:main():lattice-oracle.cc:332) For utterance F434292047-3770789_3770789-434283809_1609805175-GB-F-014, best cost 0
Lattice F434292047-3770789_3770789-434283809_1609805175-GB-F-015 read.
LOG (lattice-oracle[5.5.480~1-09abd]:main():lattice-oracle.cc:318) %WER 0 [ 0 / 30, 0 insertions, 0 deletions, 0 sub ]
LOG (lattice-oracle[5.5.480~1-09abd]:main():lattice-oracle.cc:332) For utterance F434292047-3770789_3770789-434283809_1609805175-GB-F-015, best cost 0
Lattice F434292047-3770789_3770789-434283809_1609805175-GB-F-018 read.
LOG (lattice-oracle[5.5.480~1-09abd]:main():lattice-oracle.cc:318) %WER 16.6667 [ 1 / 6, 1 insertions, 0 deletions, 0 sub ]
LOG (lattice-oracle[5.5.480~1-09abd]:main():lattice-oracle.cc:332) For utterance F434292047-3770789_3770789-434283809_1609805175-GB-F-018, best cost 1
Lattice F434292047-3770789_3770789-434283809_1609805175-GB-F-019 read.
LOG (lattice-oracle[5.5.480~1-09abd]:main():lattice-oracle.cc:318) %WER 16.6667 [ 2 / 12, 1 insertions, 1 deletions, 0 sub ]
LOG (lattice-oracle[5.5.480~1-09abd]:main():lattice-oracle.cc:332) For utterance F434292047-3770789_3770789-434283809_1609805175-GB-F-019, best cost 2
Lattice F434292047-3770789_3770789-434283809_1609805175-GB-F-020 read.
LOG (lattice-oracle[5.5.480~1-09abd]:main():lattice-oracle.cc:318) %WER 50 [ 2 / 4, 0 insertions, 2 deletions, 0 sub ]
LOG (lattice-oracle[5.5.480~1-09abd]:main():lattice-oracle.cc:332) For utterance F434292047-3770789_3770789-434283809_1609805175-GB-F-020, best cost 2
Lattice F434292047-3770789_3770789-434283809_1609805175-GB-F-021 read.
LOG (lattice-oracle[5.5.480~1-09abd]:main():lattice-oracle.cc:318) %WER 0 [ 0 / 7, 0 insertions, 0 deletions, 0 sub ]
LOG (lattice-oracle[5.5.480~1-09abd]:main():lattice-oracle.cc:332) For utterance F434292047-3770789_3770789-434283809_1609805175-GB-F-021, best cost 0
Lattice F434292047-3770789_3770789-434283809_1609805175-GB-F-022 read.
LOG (lattice-oracle[5.5.480~1-09abd]:main():lattice-oracle.cc:318) %WER 0 [ 0 / 7, 0 insertions, 0 deletions, 0 sub ]
LOG (lattice-oracle[5.5.480~1-09abd]:main():lattice-oracle.cc:332) For utterance F434292047-3770789_3770789-434283809_1609805175-GB-F-022, best cost 0
Lattice F434292047-3770789_3770789-434283809_1609805175-GB-F-023 read.
LOG (lattice-oracle[5.5.480~1-09abd]:main():lattice-oracle.cc:318) %WER 0 [ 0 / 6, 0 insertions, 0 deletions, 0 sub ]
LOG (lattice-oracle[5.5.480~1-09abd]:main():lattice-oracle.cc:332) For utterance F434292047-3770789_3770789-434283809_1609805175-GB-F-023, best cost 0
Lattice F434292047-3770789_3770789-434283809_1609805175-GB-F-024 read.
LOG (lattice-oracle[5.5.480~1-09abd]:main():lattice-oracle.cc:318) %WER 0 [ 0 / 3, 0 insertions, 0 deletions, 0 sub ]
LOG (lattice-oracle[5.5.480~1-09abd]:main():lattice-oracle.cc:332) For utterance F434292047-3770789_3770789-434283809_1609805175-GB-F-024, best cost 0
Lattice F434292047-3770789_3770789-434283809_1609805175-GB-F-025 read.
LOG (lattice-oracle[5.5.480~1-09abd]:main():lattice-oracle.cc:318) %WER 0 [ 0 / 5, 0 insertions, 0 deletions, 0 sub ]
LOG (lattice-oracle[5.5.480~1-09abd]:main():lattice-oracle.cc:332) For utterance F434292047-3770789_3770789-434283809_1609805175-GB-F-025, best cost 0
Lattice F434292047-3770789_3770789-434283809_1609805175-GB-F-026 read.
LOG (lattice-oracle[5.5.480~1-09abd]:main():lattice-oracle.cc:318) %WER 0 [ 0 / 5, 0 insertions, 0 deletions, 0 sub ]
LOG (lattice-oracle[5.5.480~1-09abd]:main():lattice-oracle.cc:332) For utterance F434292047-3770789_3770789-434283809_1609805175-GB-F-026, best cost 0
Lattice F434292047-3770789_3770789-434283809_1609805175-GB-F-027 read.
LOG (lattice-oracle[5.5.480~1-09abd]:main():lattice-oracle.cc:318) %WER 0 [ 0 / 2, 0 insertions, 0 deletions, 0 sub ]
LOG (lattice-oracle[5.5.480~1-09abd]:main():lattice-oracle.cc:332) For utterance F434292047-3770789_3770789-434283809_1609805175-GB-F-027, best cost 0
Lattice F434292047-3770789_3770789-434283809_1609805175-GB-F-028 read.
LOG (lattice-oracle[5.5.480~1-09abd]:main():lattice-oracle.cc:318) %WER 0 [ 0 / 7, 0 insertions, 0 deletions, 0 sub ]
LOG (lattice-oracle[5.5.480~1-09abd]:main():lattice-oracle.cc:332) For utterance F434292047-3770789_3770789-434283809_1609805175-GB-F-028, best cost 0
Lattice F434292047-3770789_3770789-434283809_1609805175-GB-F-029 read.
LOG (lattice-oracle[5.5.480~1-09abd]:main():lattice-oracle.cc:318) %WER 14.2857 [ 1 / 7, 0 insertions, 1 deletions, 0 sub ]
LOG (lattice-oracle[5.5.480~1-09abd]:main():lattice-oracle.cc:332) For utterance F434292047-3770789_3770789-434283809_1609805175-GB-F-029, best cost 1
Lattice F434292047-3770789_3770789-434283809_1609805175-GB-F-030 read.
LOG (lattice-oracle[5.5.480~1-09abd]:main():lattice-oracle.cc:318) %WER 0 [ 0 / 4, 0 insertions, 0 deletions, 0 sub ]
LOG (lattice-oracle[5.5.480~1-09abd]:main():lattice-oracle.cc:332) For utterance F434292047-3770789_3770789-434283809_1609805175-GB-F-030, best cost 0
Lattice F434292047-3770789_3770789-434283809_1609805175-GB-F-031 read.
LOG (lattice-oracle[5.5.480~1-09abd]:main():lattice-oracle.cc:318) %WER 0 [ 0 / 6, 0 insertions, 0 deletions, 0 sub ]
LOG (lattice-oracle[5.5.480~1-09abd]:main():lattice-oracle.cc:332) For utterance F434292047-3770789_3770789-434283809_1609805175-GB-F-031, best cost 0
Lattice F434292047-3770789_3770789-434283809_1609805175-GB-F-032 read.
LOG (lattice-oracle[5.5.480~1-09abd]:main():lattice-oracle.cc:318) %WER 0 [ 0 / 7, 0 insertions, 0 deletions, 0 sub ]
LOG (lattice-oracle[5.5.480~1-09abd]:main():lattice-oracle.cc:332) For utterance F434292047-3770789_3770789-434283809_1609805175-GB-F-032, best cost 0
Lattice F434292047-3770789_3770789-434283809_1609805175-GB-F-033 read.
LOG (lattice-oracle[5.5.480~1-09abd]:main():lattice-oracle.cc:318) %WER 0 [ 0 / 6, 0 insertions, 0 deletions, 0 sub ]
LOG (lattice-oracle[5.5.480~1-09abd]:main():lattice-oracle.cc:332) For utterance F434292047-3770789_3770789-434283809_1609805175-GB-F-033, best cost 0
Lattice F434292047-3770789_3770789-434283809_1609805175-GB-F-034 read.
LOG (lattice-oracle[5.5.480~1-09abd]:main():lattice-oracle.cc:318) %WER 0 [ 0 / 6, 0 insertions, 0 deletions, 0 sub ]
LOG (lattice-oracle[5.5.480~1-09abd]:main():lattice-oracle.cc:332) For utterance F434292047-3770789_3770789-434283809_1609805175-GB-F-034, best cost 0
Lattice F434292047-3770789_3770789-434283809_1609805175-GB-F-035 read.
LOG (lattice-oracle[5.5.480~1-09abd]:main():lattice-oracle.cc:318) %WER 0 [ 0 / 10, 0 insertions, 0 deletions, 0 sub ]
LOG (lattice-oracle[5.5.480~1-09abd]:main():lattice-oracle.cc:332) For utterance F434292047-3770789_3770789-434283809_1609805175-GB-F-035, best cost 0
Lattice F434292047-3770789_3770789-434283809_1609805175-GB-F-036 read.
LOG (lattice-oracle[5.5.480~1-09abd]:main():lattice-oracle.cc:318) %WER 0 [ 0 / 11, 0 insertions, 0 deletions, 0 sub ]
LOG (lattice-oracle[5.5.480~1-09abd]:main():lattice-oracle.cc:332) For utterance F434292047-3770789_3770789-434283809_1609805175-GB-F-036, best cost 0
Lattice F434292047-3770789_3770789-434283809_1609805175-GB-F-038 read.
LOG (lattice-oracle[5.5.480~1-09abd]:main():lattice-oracle.cc:318) %WER 0 [ 0 / 8, 0 insertions, 0 deletions, 0 sub ]
LOG (lattice-oracle[5.5.480~1-09abd]:main():lattice-oracle.cc:332) For utterance F434292047-3770789_3770789-434283809_1609805175-GB-F-038, best cost 0
Lattice F434292047-3770789_3770789-434283809_1609805175-GB-F-039 read.
LOG (lattice-oracle[5.5.480~1-09abd]:main():lattice-oracle.cc:318) %WER 0 [ 0 / 3, 0 insertions, 0 deletions, 0 sub ]
LOG (lattice-oracle[5.5.480~1-09abd]:main():lattice-oracle.cc:332) For utterance F434292047-3770789_3770789-434283809_1609805175-GB-F-039, best cost 0
Lattice F434292047-3770789_3770789-434283809_1609805175-GB-F-040 read.
LOG (lattice-oracle[5.5.480~1-09abd]:main():lattice-oracle.cc:318) %WER 0 [ 0 / 5, 0 insertions, 0 deletions, 0 sub ]
LOG (lattice-oracle[5.5.480~1-09abd]:main():lattice-oracle.cc:332) For utterance F434292047-3770789_3770789-434283809_1609805175-GB-F-040, best cost 0
Lattice F434292047-3770789_3770789-434283809_1609805175-GB-F-041 read.
LOG (lattice-oracle[5.5.480~1-09abd]:main():lattice-oracle.cc:318) %WER 0 [ 0 / 8, 0 insertions, 0 deletions, 0 sub ]
LOG (lattice-oracle[5.5.480~1-09abd]:main():lattice-oracle.cc:332) For utterance F434292047-3770789_3770789-434283809_1609805175-GB-F-041, best cost 0
Lattice F434292047-3770789_3770789-434283809_1609805175-GB-F-043 read.
LOG (lattice-oracle[5.5.480~1-09abd]:main():lattice-oracle.cc:318) %WER 28.5714 [ 2 / 7, 0 insertions, 2 deletions, 0 sub ]
LOG (lattice-oracle[5.5.480~1-09abd]:main():lattice-oracle.cc:332) For utterance F434292047-3770789_3770789-434283809_1609805175-GB-F-043, best cost 2
Lattice F434292047-3770789_3770789-434283809_1609805175-GB-F-044 read.
LOG (lattice-oracle[5.5.480~1-09abd]:main():lattice-oracle.cc:318) %WER 7.14286 [ 1 / 14, 1 insertions, 0 deletions, 0 sub ]
LOG (lattice-oracle[5.5.480~1-09abd]:main():lattice-oracle.cc:332) For utterance F434292047-3770789_3770789-434283809_1609805175-GB-F-044, best cost 1
Lattice F434292047-3770789_3770789-434283809_1609805175-GB-F-046 read.
LOG (lattice-oracle[5.5.480~1-09abd]:main():lattice-oracle.cc:318) %WER 0 [ 0 / 6, 0 insertions, 0 deletions, 0 sub ]
LOG (lattice-oracle[5.5.480~1-09abd]:main():lattice-oracle.cc:332) For utterance F434292047-3770789_3770789-434283809_1609805175-GB-F-046, best cost 0
Lattice F434292047-3770789_3770789-434283809_1609805175-GB-F-047 read.
LOG (lattice-oracle[5.5.480~1-09abd]:main():lattice-oracle.cc:318) %WER 0 [ 0 / 7, 0 insertions, 0 deletions, 0 sub ]
LOG (lattice-oracle[5.5.480~1-09abd]:main():lattice-oracle.cc:332) For utterance F434292047-3770789_3770789-434283809_1609805175-GB-F-047, best cost 0
Lattice F434292047-3770789_3770789-434283809_1609805175-GB-F-048 read.
LOG (lattice-oracle[5.5.480~1-09abd]:main():lattice-oracle.cc:318) %WER 0 [ 0 / 12, 0 insertions, 0 deletions, 0 sub ]
LOG (lattice-oracle[5.5.480~1-09abd]:main():lattice-oracle.cc:332) For utterance F434292047-3770789_3770789-434283809_1609805175-GB-F-048, best cost 0
Lattice F434292047-3770789_3770789-434283809_1609805175-GB-F-050 read.
LOG (lattice-oracle[5.5.480~1-09abd]:main():lattice-oracle.cc:318) %WER 0 [ 0 / 5, 0 insertions, 0 deletions, 0 sub ]
LOG (lattice-oracle[5.5.480~1-09abd]:main():lattice-oracle.cc:332) For utterance F434292047-3770789_3770789-434283809_1609805175-GB-F-050, best cost 0
Lattice F434292047-3771860_3771860-434283809_1556109681-GB-F-001 read.
LOG (lattice-oracle[5.5.480~1-09abd]:main():lattice-oracle.cc:318) %WER 200 [ 2 / 1, 1 insertions, 0 deletions, 1 sub ]
LOG (lattice-oracle[5.5.480~1-09abd]:main():lattice-oracle.cc:332) For utterance F434292047-3771860_3771860-434283809_1556109681-GB-F-001, best cost 2
Lattice F434292047-3771860_3771860-434283809_1556109681-GB-F-002 read.
LOG (lattice-oracle[5.5.480~1-09abd]:main():lattice-oracle.cc:318) %WER 0 [ 0 / 3, 0 insertions, 0 deletions, 0 sub ]
LOG (lattice-oracle[5.5.480~1-09abd]:main():lattice-oracle.cc:332) For utterance F434292047-3771860_3771860-434283809_1556109681-GB-F-002, best cost 0
Lattice F434292047-3771860_3771860-434283809_1556109681-GB-F-003 read.
LOG (lattice-oracle[5.5.480~1-09abd]:main():lattice-oracle.cc:318) %WER 85.7143 [ 6 / 7, 0 insertions, 0 deletions, 6 sub ]
LOG (lattice-oracle[5.5.480~1-09abd]:main():lattice-oracle.cc:332) For utterance F434292047-3771860_3771860-434283809_1556109681-GB-F-003, best cost 6
Lattice F434292047-3771860_3771860-434283809_1556109681-GB-F-005 read.
LOG (lattice-oracle[5.5.480~1-09abd]:main():lattice-oracle.cc:318) %WER 9.09091 [ 2 / 22, 0 insertions, 1 deletions, 1 sub ]
LOG (lattice-oracle[5.5.480~1-09abd]:main():lattice-oracle.cc:332) For utterance F434292047-3771860_3771860-434283809_1556109681-GB-F-005, best cost 2
Lattice F434292047-3771860_3771860-434283809_1556109681-GB-F-007 read.
LOG (lattice-oracle[5.5.480~1-09abd]:main():lattice-oracle.cc:318) %WER 0 [ 0 / 9, 0 insertions, 0 deletions, 0 sub ]
LOG (lattice-oracle[5.5.480~1-09abd]:main():lattice-oracle.cc:332) For utterance F434292047-3771860_3771860-434283809_1556109681-GB-F-007, best cost 0
Lattice F434292047-3771860_3771860-434283809_1556109681-GB-F-008 read.
LOG (lattice-oracle[5.5.480~1-09abd]:main():lattice-oracle.cc:318) %WER 46.1538 [ 6 / 13, 0 insertions, 0 deletions, 6 sub ]
LOG (lattice-oracle[5.5.480~1-09abd]:main():lattice-oracle.cc:332) For utterance F434292047-3771860_3771860-434283809_1556109681-GB-F-008, best cost 6
Lattice F434292047-3771860_3771860-434283809_1556109681-GB-F-009 read.
LOG (lattice-oracle[5.5.480~1-09abd]:main():lattice-oracle.cc:318) %WER 14.2857 [ 4 / 28, 1 insertions, 0 deletions, 3 sub ]
LOG (lattice-oracle[5.5.480~1-09abd]:main():lattice-oracle.cc:332) For utterance F434292047-3771860_3771860-434283809_1556109681-GB-F-009, best cost 4
Lattice F434292047-3771860_3771860-434283809_1556109681-GB-F-012 read.
LOG (lattice-oracle[5.5.480~1-09abd]:main():lattice-oracle.cc:318) %WER 0 [ 0 / 13, 0 insertions, 0 deletions, 0 sub ]
LOG (lattice-oracle[5.5.480~1-09abd]:main():lattice-oracle.cc:332) For utterance F434292047-3771860_3771860-434283809_1556109681-GB-F-012, best cost 0
Lattice F434292047-3771860_3771860-434283809_1556109681-GB-F-013 read.
LOG (lattice-oracle[5.5.480~1-09abd]:main():lattice-oracle.cc:318) %WER 25 [ 2 / 8, 1 insertions, 0 deletions, 1 sub ]
LOG (lattice-oracle[5.5.480~1-09abd]:main():lattice-oracle.cc:332) For utterance F434292047-3771860_3771860-434283809_1556109681-GB-F-013, best cost 2
Lattice F434292047-3771860_3771860-434283809_1556109681-GB-F-014 read.
LOG (lattice-oracle[5.5.480~1-09abd]:main():lattice-oracle.cc:318) %WER 0 [ 0 / 13, 0 insertions, 0 deletions, 0 sub ]
LOG (lattice-oracle[5.5.480~1-09abd]:main():lattice-oracle.cc:332) For utterance F434292047-3771860_3771860-434283809_1556109681-GB-F-014, best cost 0
Lattice F434292047-3771860_3771860-434283809_1556109681-GB-F-015 read.
LOG (lattice-oracle[5.5.480~1-09abd]:main():lattice-oracle.cc:318) %WER 0 [ 0 / 9, 0 insertions, 0 deletions, 0 sub ]
LOG (lattice-oracle[5.5.480~1-09abd]:main():lattice-oracle.cc:332) For utterance F434292047-3771860_3771860-434283809_1556109681-GB-F-015, best cost 0
Lattice F434292047-3771860_3771860-434283809_1556109681-GB-F-017 read.
LOG (lattice-oracle[5.5.480~1-09abd]:main():lattice-oracle.cc:318) %WER 11.5385 [ 3 / 26, 0 insertions, 2 deletions, 1 sub ]
LOG (lattice-oracle[5.5.480~1-09abd]:main():lattice-oracle.cc:332) For utterance F434292047-3771860_3771860-434283809_1556109681-GB-F-017, best cost 3
Lattice F434292047-3771860_3771860-434283809_1556109681-GB-F-019 read.
LOG (lattice-oracle[5.5.480~1-09abd]:main():lattice-oracle.cc:318) %WER 0 [ 0 / 3, 0 insertions, 0 deletions, 0 sub ]
LOG (lattice-oracle[5.5.480~1-09abd]:main():lattice-oracle.cc:332) For utterance F434292047-3771860_3771860-434283809_1556109681-GB-F-019, best cost 0
Lattice F434292047-3771860_3771860-434283809_1556109681-GB-F-020 read.
LOG (lattice-oracle[5.5.480~1-09abd]:main():lattice-oracle.cc:318) %WER 33.3333 [ 2 / 6, 1 insertions, 0 deletions, 1 sub ]
LOG (lattice-oracle[5.5.480~1-09abd]:main():lattice-oracle.cc:332) For utterance F434292047-3771860_3771860-434283809_1556109681-GB-F-020, best cost 2
Lattice F434292047-3771860_3771860-434283809_1556109681-GB-F-021 read.
LOG (lattice-oracle[5.5.480~1-09abd]:main():lattice-oracle.cc:318) %WER 0 [ 0 / 13, 0 insertions, 0 deletions, 0 sub ]
LOG (lattice-oracle[5.5.480~1-09abd]:main():lattice-oracle.cc:332) For utterance F434292047-3771860_3771860-434283809_1556109681-GB-F-021, best cost 0
Lattice F434292047-3771860_3771860-434283809_1556109681-GB-F-022 read.
LOG (lattice-oracle[5.5.480~1-09abd]:main():lattice-oracle.cc:318) %WER 9.09091 [ 1 / 11, 0 insertions, 1 deletions, 0 sub ]
LOG (lattice-oracle[5.5.480~1-09abd]:main():lattice-oracle.cc:332) For utterance F434292047-3771860_3771860-434283809_1556109681-GB-F-022, best cost 1
Lattice F434292047-3771860_3771860-434283809_1556109681-GB-F-023 read.
LOG (lattice-oracle[5.5.480~1-09abd]:main():lattice-oracle.cc:318) %WER 30.7692 [ 4 / 13, 4 insertions, 0 deletions, 0 sub ]
LOG (lattice-oracle[5.5.480~1-09abd]:main():lattice-oracle.cc:332) For utterance F434292047-3771860_3771860-434283809_1556109681-GB-F-023, best cost 4
Lattice F434292047-3771860_3771860-434283809_1556109681-GB-F-024 read.
LOG (lattice-oracle[5.5.480~1-09abd]:main():lattice-oracle.cc:318) %WER 0 [ 0 / 13, 0 insertions, 0 deletions, 0 sub ]
LOG (lattice-oracle[5.5.480~1-09abd]:main():lattice-oracle.cc:332) For utterance F434292047-3771860_3771860-434283809_1556109681-GB-F-024, best cost 0
Lattice F434292047-3771860_3771860-434283809_1556109681-GB-F-025 read.
LOG (lattice-oracle[5.5.480~1-09abd]:main():lattice-oracle.cc:318) %WER 0 [ 0 / 8, 0 insertions, 0 deletions, 0 sub ]
LOG (lattice-oracle[5.5.480~1-09abd]:main():lattice-oracle.cc:332) For utterance F434292047-3771860_3771860-434283809_1556109681-GB-F-025, best cost 0
Lattice F434292047-3771860_3771860-434283809_1556109681-GB-F-026 read.
LOG (lattice-oracle[5.5.480~1-09abd]:main():lattice-oracle.cc:318) %WER 0 [ 0 / 13, 0 insertions, 0 deletions, 0 sub ]
LOG (lattice-oracle[5.5.480~1-09abd]:main():lattice-oracle.cc:332) For utterance F434292047-3771860_3771860-434283809_1556109681-GB-F-026, best cost 0
Lattice F434292047-3771860_3771860-434283809_1556109681-GB-F-027 read.
LOG (lattice-oracle[5.5.480~1-09abd]:main():lattice-oracle.cc:318) %WER 11.1111 [ 1 / 9, 0 insertions, 1 deletions, 0 sub ]
LOG (lattice-oracle[5.5.480~1-09abd]:main():lattice-oracle.cc:332) For utterance F434292047-3771860_3771860-434283809_1556109681-GB-F-027, best cost 1
Lattice F434292047-3771860_3771860-434283809_1556109681-GB-F-028 read.
LOG (lattice-oracle[5.5.480~1-09abd]:main():lattice-oracle.cc:318) %WER 0 [ 0 / 4, 0 insertions, 0 deletions, 0 sub ]
LOG (lattice-oracle[5.5.480~1-09abd]:main():lattice-oracle.cc:332) For utterance F434292047-3771860_3771860-434283809_1556109681-GB-F-028, best cost 0
Lattice F434292047-3771860_3771860-434283809_1556109681-GB-F-029 read.
LOG (lattice-oracle[5.5.480~1-09abd]:main():lattice-oracle.cc:318) %WER 0 [ 0 / 4, 0 insertions, 0 deletions, 0 sub ]
LOG (lattice-oracle[5.5.480~1-09abd]:main():lattice-oracle.cc:332) For utterance F434292047-3771860_3771860-434283809_1556109681-GB-F-029, best cost 0
Lattice F434292047-3771860_3771860-434283809_1556109681-GB-F-030 read.
LOG (lattice-oracle[5.5.480~1-09abd]:main():lattice-oracle.cc:318) %WER 0 [ 0 / 21, 0 insertions, 0 deletions, 0 sub ]
LOG (lattice-oracle[5.5.480~1-09abd]:main():lattice-oracle.cc:332) For utterance F434292047-3771860_3771860-434283809_1556109681-GB-F-030, best cost 0
Lattice F434292047-3771860_3771860-434283809_1556109681-GB-F-032 read.
LOG (lattice-oracle[5.5.480~1-09abd]:main():lattice-oracle.cc:318) %WER 50 [ 4 / 8, 1 insertions, 1 deletions, 2 sub ]
LOG (lattice-oracle[5.5.480~1-09abd]:main():lattice-oracle.cc:332) For utterance F434292047-3771860_3771860-434283809_1556109681-GB-F-032, best cost 4
Lattice F434292047-3771860_3771860-434283809_1556109681-GB-F-033 read.
LOG (lattice-oracle[5.5.480~1-09abd]:main():lattice-oracle.cc:318) %WER 25 [ 1 / 4, 0 insertions, 1 deletions, 0 sub ]
LOG (lattice-oracle[5.5.480~1-09abd]:main():lattice-oracle.cc:332) For utterance F434292047-3771860_3771860-434283809_1556109681-GB-F-033, best cost 1
Lattice F434292047-3771860_3771860-434283809_1556109681-GB-F-034 read.
LOG (lattice-oracle[5.5.480~1-09abd]:main():lattice-oracle.cc:318) %WER 44.4444 [ 8 / 18, 2 insertions, 2 deletions, 4 sub ]
LOG (lattice-oracle[5.5.480~1-09abd]:main():lattice-oracle.cc:332) For utterance F434292047-3771860_3771860-434283809_1556109681-GB-F-034, best cost 8
Lattice F435240778-119790220_259686-435245016_1593718968-GB-F-001 read.
LOG (lattice-oracle[5.5.480~1-09abd]:main():lattice-oracle.cc:318) %WER 0 [ 0 / 6, 0 insertions, 0 deletions, 0 sub ]
LOG (lattice-oracle[5.5.480~1-09abd]:main():lattice-oracle.cc:332) For utterance F435240778-119790220_259686-435245016_1593718968-GB-F-001, best cost 0
Lattice F435240778-119790220_259686-435245016_1593718968-GB-F-002 read.
LOG (lattice-oracle[5.5.480~1-09abd]:main():lattice-oracle.cc:318) %WER 0 [ 0 / 5, 0 insertions, 0 deletions, 0 sub ]
LOG (lattice-oracle[5.5.480~1-09abd]:main():lattice-oracle.cc:332) For utterance F435240778-119790220_259686-435245016_1593718968-GB-F-002, best cost 0
Lattice F435240778-119790220_259686-435245016_1593718968-GB-F-004 read.
LOG (lattice-oracle[5.5.480~1-09abd]:main():lattice-oracle.cc:318) %WER 0 [ 0 / 5, 0 insertions, 0 deletions, 0 sub ]
LOG (lattice-oracle[5.5.480~1-09abd]:main():lattice-oracle.cc:332) For utterance F435240778-119790220_259686-435245016_1593718968-GB-F-004, best cost 0
Lattice F435240778-119790220_259686-435245016_1593718968-GB-F-005 read.
LOG (lattice-oracle[5.5.480~1-09abd]:main():lattice-oracle.cc:318) %WER 0 [ 0 / 5, 0 insertions, 0 deletions, 0 sub ]
LOG (lattice-oracle[5.5.480~1-09abd]:main():lattice-oracle.cc:332) For utterance F435240778-119790220_259686-435245016_1593718968-GB-F-005, best cost 0
Lattice F435240778-119790220_259686-435245016_1593718968-GB-F-007 read.
LOG (lattice-oracle[5.5.480~1-09abd]:main():lattice-oracle.cc:318) %WER 0 [ 0 / 6, 0 insertions, 0 deletions, 0 sub ]
LOG (lattice-oracle[5.5.480~1-09abd]:main():lattice-oracle.cc:332) For utterance F435240778-119790220_259686-435245016_1593718968-GB-F-007, best cost 0
Lattice F435240778-119790220_259686-435245016_1593718968-GB-F-008 read.
LOG (lattice-oracle[5.5.480~1-09abd]:main():lattice-oracle.cc:318) %WER 0 [ 0 / 7, 0 insertions, 0 deletions, 0 sub ]
LOG (lattice-oracle[5.5.480~1-09abd]:main():lattice-oracle.cc:332) For utterance F435240778-119790220_259686-435245016_1593718968-GB-F-008, best cost 0
Lattice F435240778-119790220_259686-435245016_1593718968-GB-F-009 read.
LOG (lattice-oracle[5.5.480~1-09abd]:main():lattice-oracle.cc:318) %WER 0 [ 0 / 5, 0 insertions, 0 deletions, 0 sub ]
LOG (lattice-oracle[5.5.480~1-09abd]:main():lattice-oracle.cc:332) For utterance F435240778-119790220_259686-435245016_1593718968-GB-F-009, best cost 0
Lattice F435240778-119790220_259686-435245016_1593718968-GB-F-010 read.
LOG (lattice-oracle[5.5.480~1-09abd]:main():lattice-oracle.cc:318) %WER 33.3333 [ 1 / 3, 0 insertions, 1 deletions, 0 sub ]
LOG (lattice-oracle[5.5.480~1-09abd]:main():lattice-oracle.cc:332) For utterance F435240778-119790220_259686-435245016_1593718968-GB-F-010, best cost 1
Lattice F435240778-119790220_259686-435245016_1593718968-GB-F-011 read.
LOG (lattice-oracle[5.5.480~1-09abd]:main():lattice-oracle.cc:318) %WER 0 [ 0 / 8, 0 insertions, 0 deletions, 0 sub ]
LOG (lattice-oracle[5.5.480~1-09abd]:main():lattice-oracle.cc:332) For utterance F435240778-119790220_259686-435245016_1593718968-GB-F-011, best cost 0
Lattice F435240778-119790220_259686-435245016_1593718968-GB-F-012 read.
LOG (lattice-oracle[5.5.480~1-09abd]:main():lattice-oracle.cc:318) %WER 0 [ 0 / 3, 0 insertions, 0 deletions, 0 sub ]
LOG (lattice-oracle[5.5.480~1-09abd]:main():lattice-oracle.cc:332) For utterance F435240778-119790220_259686-435245016_1593718968-GB-F-012, best cost 0
Lattice F435240778-119790220_259686-435245016_1593718968-GB-F-014 read.
LOG (lattice-oracle[5.5.480~1-09abd]:main():lattice-oracle.cc:318) %WER 0 [ 0 / 4, 0 insertions, 0 deletions, 0 sub ]
LOG (lattice-oracle[5.5.480~1-09abd]:main():lattice-oracle.cc:332) For utterance F435240778-119790220_259686-435245016_1593718968-GB-F-014, best cost 0
Lattice F435240778-119790220_259686-435245016_1593718968-GB-F-015 read.
LOG (lattice-oracle[5.5.480~1-09abd]:main():lattice-oracle.cc:318) %WER 0 [ 0 / 5, 0 insertions, 0 deletions, 0 sub ]
LOG (lattice-oracle[5.5.480~1-09abd]:main():lattice-oracle.cc:332) For utterance F435240778-119790220_259686-435245016_1593718968-GB-F-015, best cost 0
Lattice F435240778-119790220_259686-435245016_1593718968-GB-F-016 read.
LOG (lattice-oracle[5.5.480~1-09abd]:main():lattice-oracle.cc:318) %WER 0 [ 0 / 5, 0 insertions, 0 deletions, 0 sub ]
LOG (lattice-oracle[5.5.480~1-09abd]:main():lattice-oracle.cc:332) For utterance F435240778-119790220_259686-435245016_1593718968-GB-F-016, best cost 0
Lattice F435240778-119790220_259686-435245016_1593718968-GB-F-017 read.
LOG (lattice-oracle[5.5.480~1-09abd]:main():lattice-oracle.cc:318) %WER 0 [ 0 / 5, 0 insertions, 0 deletions, 0 sub ]
LOG (lattice-oracle[5.5.480~1-09abd]:main():lattice-oracle.cc:332) For utterance F435240778-119790220_259686-435245016_1593718968-GB-F-017, best cost 0
Lattice F435240778-119790220_259686-435245016_1593718968-GB-F-019 read.
LOG (lattice-oracle[5.5.480~1-09abd]:main():lattice-oracle.cc:318) %WER 0 [ 0 / 5, 0 insertions, 0 deletions, 0 sub ]
LOG (lattice-oracle[5.5.480~1-09abd]:main():lattice-oracle.cc:332) For utterance F435240778-119790220_259686-435245016_1593718968-GB-F-019, best cost 0
Lattice F435240778-119790220_259686-435245016_1593718968-GB-F-020 read.
LOG (lattice-oracle[5.5.480~1-09abd]:main():lattice-oracle.cc:318) %WER 0 [ 0 / 25, 0 insertions, 0 deletions, 0 sub ]
LOG (lattice-oracle[5.5.480~1-09abd]:main():lattice-oracle.cc:332) For utterance F435240778-119790220_259686-435245016_1593718968-GB-F-020, best cost 0
Lattice F435240778-119790220_259686-435245016_1593718968-GB-F-024 read.
LOG (lattice-oracle[5.5.480~1-09abd]:main():lattice-oracle.cc:318) %WER 0 [ 0 / 10, 0 insertions, 0 deletions, 0 sub ]
LOG (lattice-oracle[5.5.480~1-09abd]:main():lattice-oracle.cc:332) For utterance F435240778-119790220_259686-435245016_1593718968-GB-F-024, best cost 0
Lattice F435240778-119790220_259686-435245016_1593718968-GB-F-026 read.
LOG (lattice-oracle[5.5.480~1-09abd]:main():lattice-oracle.cc:318) %WER 0 [ 0 / 6, 0 insertions, 0 deletions, 0 sub ]
LOG (lattice-oracle[5.5.480~1-09abd]:main():lattice-oracle.cc:332) For utterance F435240778-119790220_259686-435245016_1593718968-GB-F-026, best cost 0
Lattice F435240778-119790220_259686-435245016_1593718968-GB-F-028 read.
LOG (lattice-oracle[5.5.480~1-09abd]:main():lattice-oracle.cc:318) %WER 0 [ 0 / 6, 0 insertions, 0 deletions, 0 sub ]
LOG (lattice-oracle[5.5.480~1-09abd]:main():lattice-oracle.cc:332) For utterance F435240778-119790220_259686-435245016_1593718968-GB-F-028, best cost 0
Lattice F435240778-119790220_259686-435245016_1593718968-GB-F-029 read.
LOG (lattice-oracle[5.5.480~1-09abd]:main():lattice-oracle.cc:318) %WER 0 [ 0 / 8, 0 insertions, 0 deletions, 0 sub ]
LOG (lattice-oracle[5.5.480~1-09abd]:main():lattice-oracle.cc:332) For utterance F435240778-119790220_259686-435245016_1593718968-GB-F-029, best cost 0
Lattice F435240778-119790220_259686-435245016_1593718968-GB-F-030 read.
LOG (lattice-oracle[5.5.480~1-09abd]:main():lattice-oracle.cc:318) %WER 0 [ 0 / 3, 0 insertions, 0 deletions, 0 sub ]
LOG (lattice-oracle[5.5.480~1-09abd]:main():lattice-oracle.cc:332) For utterance F435240778-119790220_259686-435245016_1593718968-GB-F-030, best cost 0
Lattice F435240778-119790220_259686-435245016_1593718968-GB-F-031 read.
LOG (lattice-oracle[5.5.480~1-09abd]:main():lattice-oracle.cc:318) %WER 0 [ 0 / 4, 0 insertions, 0 deletions, 0 sub ]
LOG (lattice-oracle[5.5.480~1-09abd]:main():lattice-oracle.cc:332) For utterance F435240778-119790220_259686-435245016_1593718968-GB-F-031, best cost 0
Lattice F435240778-119790220_259686-435245016_1593718968-GB-F-032 read.
LOG (lattice-oracle[5.5.480~1-09abd]:main():lattice-oracle.cc:318) %WER 0 [ 0 / 6, 0 insertions, 0 deletions, 0 sub ]
LOG (lattice-oracle[5.5.480~1-09abd]:main():lattice-oracle.cc:332) For utterance F435240778-119790220_259686-435245016_1593718968-GB-F-032, best cost 0
Lattice F435240778-119790220_259686-435245016_1593718968-GB-F-033 read.
LOG (lattice-oracle[5.5.480~1-09abd]:main():lattice-oracle.cc:318) %WER 0 [ 0 / 4, 0 insertions, 0 deletions, 0 sub ]
LOG (lattice-oracle[5.5.480~1-09abd]:main():lattice-oracle.cc:332) For utterance F435240778-119790220_259686-435245016_1593718968-GB-F-033, best cost 0
Lattice F435240778-119790220_259686-435245016_1593718968-GB-F-035 read.
LOG (lattice-oracle[5.5.480~1-09abd]:main():lattice-oracle.cc:318) %WER 0 [ 0 / 4, 0 insertions, 0 deletions, 0 sub ]
LOG (lattice-oracle[5.5.480~1-09abd]:main():lattice-oracle.cc:332) For utterance F435240778-119790220_259686-435245016_1593718968-GB-F-035, best cost 0
Lattice F435240778-119790220_259686-435245016_1593718968-GB-F-036 read.
LOG (lattice-oracle[5.5.480~1-09abd]:main():lattice-oracle.cc:318) %WER 0 [ 0 / 6, 0 insertions, 0 deletions, 0 sub ]
LOG (lattice-oracle[5.5.480~1-09abd]:main():lattice-oracle.cc:332) For utterance F435240778-119790220_259686-435245016_1593718968-GB-F-036, best cost 0
Lattice F435240778-119790220_259686-435245016_1593718968-GB-F-037 read.
LOG (lattice-oracle[5.5.480~1-09abd]:main():lattice-oracle.cc:318) %WER 0 [ 0 / 6, 0 insertions, 0 deletions, 0 sub ]
LOG (lattice-oracle[5.5.480~1-09abd]:main():lattice-oracle.cc:332) For utterance F435240778-119790220_259686-435245016_1593718968-GB-F-037, best cost 0
Lattice F435240778-119790220_259686-435245016_1593718968-GB-F-038 read.
LOG (lattice-oracle[5.5.480~1-09abd]:main():lattice-oracle.cc:318) %WER 0 [ 0 / 5, 0 insertions, 0 deletions, 0 sub ]
LOG (lattice-oracle[5.5.480~1-09abd]:main():lattice-oracle.cc:332) For utterance F435240778-119790220_259686-435245016_1593718968-GB-F-038, best cost 0
Lattice F435240778-119790220_259686-435245016_1593718968-GB-F-040 read.
LOG (lattice-oracle[5.5.480~1-09abd]:main():lattice-oracle.cc:318) %WER 20 [ 1 / 5, 0 insertions, 1 deletions, 0 sub ]
LOG (lattice-oracle[5.5.480~1-09abd]:main():lattice-oracle.cc:332) For utterance F435240778-119790220_259686-435245016_1593718968-GB-F-040, best cost 1
Lattice F435240778-119790220_259686-435245016_1593718968-GB-F-041 read.
LOG (lattice-oracle[5.5.480~1-09abd]:main():lattice-oracle.cc:318) %WER 21.4286 [ 3 / 14, 0 insertions, 3 deletions, 0 sub ]
LOG (lattice-oracle[5.5.480~1-09abd]:main():lattice-oracle.cc:332) For utterance F435240778-119790220_259686-435245016_1593718968-GB-F-041, best cost 3
Lattice F435240778-119790220_259686-435245016_1593718968-GB-F-043 read.
LOG (lattice-oracle[5.5.480~1-09abd]:main():lattice-oracle.cc:318) %WER 9.09091 [ 1 / 11, 1 insertions, 0 deletions, 0 sub ]
LOG (lattice-oracle[5.5.480~1-09abd]:main():lattice-oracle.cc:332) For utterance F435240778-119790220_259686-435245016_1593718968-GB-F-043, best cost 1
Lattice F435240778-119790220_259686-435245016_1593718968-GB-F-045 read.
LOG (lattice-oracle[5.5.480~1-09abd]:main():lattice-oracle.cc:318) %WER 50 [ 3 / 6, 3 insertions, 0 deletions, 0 sub ]
LOG (lattice-oracle[5.5.480~1-09abd]:main():lattice-oracle.cc:332) For utterance F435240778-119790220_259686-435245016_1593718968-GB-F-045, best cost 3
Lattice F435240778-119790220_259686-435245016_1593718968-GB-F-046 read.
LOG (lattice-oracle[5.5.480~1-09abd]:main():lattice-oracle.cc:318) %WER 0 [ 0 / 10, 0 insertions, 0 deletions, 0 sub ]
LOG (lattice-oracle[5.5.480~1-09abd]:main():lattice-oracle.cc:332) For utterance F435240778-119790220_259686-435245016_1593718968-GB-F-046, best cost 0
Lattice F435240778-119790220_259686-435245016_1593718968-GB-F-049 read.
LOG (lattice-oracle[5.5.480~1-09abd]:main():lattice-oracle.cc:318) %WER 0 [ 0 / 6, 0 insertions, 0 deletions, 0 sub ]
LOG (lattice-oracle[5.5.480~1-09abd]:main():lattice-oracle.cc:332) For utterance F435240778-119790220_259686-435245016_1593718968-GB-F-049, best cost 0
Lattice F435240778-119790220_259686-435245016_1593718968-GB-F-055 read.
LOG (lattice-oracle[5.5.480~1-09abd]:main():lattice-oracle.cc:318) %WER 6.66667 [ 1 / 15, 0 insertions, 1 deletions, 0 sub ]
LOG (lattice-oracle[5.5.480~1-09abd]:main():lattice-oracle.cc:332) For utterance F435240778-119790220_259686-435245016_1593718968-GB-F-055, best cost 1
Lattice F435240778-119790220_259686-435245016_1593718968-GB-F-058 read.
LOG (lattice-oracle[5.5.480~1-09abd]:main():lattice-oracle.cc:318) %WER 0 [ 0 / 5, 0 insertions, 0 deletions, 0 sub ]
LOG (lattice-oracle[5.5.480~1-09abd]:main():lattice-oracle.cc:332) For utterance F435240778-119790220_259686-435245016_1593718968-GB-F-058, best cost 0
Lattice F435240778-119790220_259686-435245016_1593718968-GB-F-059 read.
LOG (lattice-oracle[5.5.480~1-09abd]:main():lattice-oracle.cc:318) %WER 0 [ 0 / 19, 0 insertions, 0 deletions, 0 sub ]
LOG (lattice-oracle[5.5.480~1-09abd]:main():lattice-oracle.cc:332) For utterance F435240778-119790220_259686-435245016_1593718968-GB-F-059, best cost 0
Lattice F435240778-119790220_259686-435245016_1593718968-GB-F-063 read.
LOG (lattice-oracle[5.5.480~1-09abd]:main():lattice-oracle.cc:318) %WER 0 [ 0 / 4, 0 insertions, 0 deletions, 0 sub ]
LOG (lattice-oracle[5.5.480~1-09abd]:main():lattice-oracle.cc:332) For utterance F435240778-119790220_259686-435245016_1593718968-GB-F-063, best cost 0
Lattice F435240778-119790220_259686-435245016_1593718968-GB-F-064 read.
LOG (lattice-oracle[5.5.480~1-09abd]:main():lattice-oracle.cc:318) %WER 0 [ 0 / 6, 0 insertions, 0 deletions, 0 sub ]
LOG (lattice-oracle[5.5.480~1-09abd]:main():lattice-oracle.cc:332) For utterance F435240778-119790220_259686-435245016_1593718968-GB-F-064, best cost 0
Lattice F435240778-119790220_259686-435245016_1593718968-GB-F-065 read.
LOG (lattice-oracle[5.5.480~1-09abd]:main():lattice-oracle.cc:318) %WER 0 [ 0 / 6, 0 insertions, 0 deletions, 0 sub ]
LOG (lattice-oracle[5.5.480~1-09abd]:main():lattice-oracle.cc:332) For utterance F435240778-119790220_259686-435245016_1593718968-GB-F-065, best cost 0
Lattice F435240778-119790220_259686-435245016_1593718968-GB-F-066 read.
LOG (lattice-oracle[5.5.480~1-09abd]:main():lattice-oracle.cc:318) %WER 0 [ 0 / 5, 0 insertions, 0 deletions, 0 sub ]
LOG (lattice-oracle[5.5.480~1-09abd]:main():lattice-oracle.cc:332) For utterance F435240778-119790220_259686-435245016_1593718968-GB-F-066, best cost 0
Lattice F435240778-119790220_259686-435245016_1593718968-GB-F-068 read.
LOG (lattice-oracle[5.5.480~1-09abd]:main():lattice-oracle.cc:318) %WER 0 [ 0 / 5, 0 insertions, 0 deletions, 0 sub ]
LOG (lattice-oracle[5.5.480~1-09abd]:main():lattice-oracle.cc:332) For utterance F435240778-119790220_259686-435245016_1593718968-GB-F-068, best cost 0
Lattice F435240778-119790220_259686-435245016_1593718968-GB-F-074 read.
LOG (lattice-oracle[5.5.480~1-09abd]:main():lattice-oracle.cc:318) %WER 0 [ 0 / 35, 0 insertions, 0 deletions, 0 sub ]
LOG (lattice-oracle[5.5.480~1-09abd]:main():lattice-oracle.cc:332) For utterance F435240778-119790220_259686-435245016_1593718968-GB-F-074, best cost 0
Lattice F435240778-119790220_259686-435245016_1593718968-GB-F-080 read.
LOG (lattice-oracle[5.5.480~1-09abd]:main():lattice-oracle.cc:318) %WER 11.7647 [ 2 / 17, 1 insertions, 1 deletions, 0 sub ]
LOG (lattice-oracle[5.5.480~1-09abd]:main():lattice-oracle.cc:332) For utterance F435240778-119790220_259686-435245016_1593718968-GB-F-080, best cost 2
Lattice F435240778-119790220_259686-435245016_1593718968-GB-F-083 read.
LOG (lattice-oracle[5.5.480~1-09abd]:main():lattice-oracle.cc:318) %WER 0 [ 0 / 6, 0 insertions, 0 deletions, 0 sub ]
LOG (lattice-oracle[5.5.480~1-09abd]:main():lattice-oracle.cc:332) For utterance F435240778-119790220_259686-435245016_1593718968-GB-F-083, best cost 0
Lattice F435240778-119790220_259686-435245016_1593718968-GB-F-084 read.
LOG (lattice-oracle[5.5.480~1-09abd]:main():lattice-oracle.cc:318) %WER 0 [ 0 / 4, 0 insertions, 0 deletions, 0 sub ]
LOG (lattice-oracle[5.5.480~1-09abd]:main():lattice-oracle.cc:332) For utterance F435240778-119790220_259686-435245016_1593718968-GB-F-084, best cost 0
Lattice F435806936-3770185_3770185-687658339_1558787835-GB-F-009 read.
LOG (lattice-oracle[5.5.480~1-09abd]:main():lattice-oracle.cc:318) %WER 0 [ 0 / 9, 0 insertions, 0 deletions, 0 sub ]
LOG (lattice-oracle[5.5.480~1-09abd]:main():lattice-oracle.cc:332) For utterance F435806936-3770185_3770185-687658339_1558787835-GB-F-009, best cost 0
Lattice F435806936-3770185_3770185-687658339_1558787835-GB-F-010 read.
LOG (lattice-oracle[5.5.480~1-09abd]:main():lattice-oracle.cc:318) %WER 0 [ 0 / 12, 0 insertions, 0 deletions, 0 sub ]
LOG (lattice-oracle[5.5.480~1-09abd]:main():lattice-oracle.cc:332) For utterance F435806936-3770185_3770185-687658339_1558787835-GB-F-010, best cost 0
Lattice F435806936-3770185_3770185-687658339_1558787835-GB-F-012 read.
LOG (lattice-oracle[5.5.480~1-09abd]:main():lattice-oracle.cc:318) %WER 45.4545 [ 5 / 11, 3 insertions, 2 deletions, 0 sub ]
LOG (lattice-oracle[5.5.480~1-09abd]:main():lattice-oracle.cc:332) For utterance F435806936-3770185_3770185-687658339_1558787835-GB-F-012, best cost 5
Lattice F435806936-3770185_3770185-687658339_1558787835-GB-F-013 read.
LOG (lattice-oracle[5.5.480~1-09abd]:main():lattice-oracle.cc:318) %WER 0 [ 0 / 18, 0 insertions, 0 deletions, 0 sub ]
LOG (lattice-oracle[5.5.480~1-09abd]:main():lattice-oracle.cc:332) For utterance F435806936-3770185_3770185-687658339_1558787835-GB-F-013, best cost 0
Lattice F435806936-3770185_3770185-687658339_1558787835-GB-F-016 read.
LOG (lattice-oracle[5.5.480~1-09abd]:main():lattice-oracle.cc:318) %WER 0 [ 0 / 7, 0 insertions, 0 deletions, 0 sub ]
LOG (lattice-oracle[5.5.480~1-09abd]:main():lattice-oracle.cc:332) For utterance F435806936-3770185_3770185-687658339_1558787835-GB-F-016, best cost 0
Lattice F435806936-3770185_3770185-687658339_1558787835-GB-F-017 read.
LOG (lattice-oracle[5.5.480~1-09abd]:main():lattice-oracle.cc:318) %WER 0 [ 0 / 5, 0 insertions, 0 deletions, 0 sub ]
LOG (lattice-oracle[5.5.480~1-09abd]:main():lattice-oracle.cc:332) For utterance F435806936-3770185_3770185-687658339_1558787835-GB-F-017, best cost 0
Lattice F435806936-3770185_3770185-687658339_1558787835-GB-F-018 read.
LOG (lattice-oracle[5.5.480~1-09abd]:main():lattice-oracle.cc:318) %WER 0 [ 0 / 12, 0 insertions, 0 deletions, 0 sub ]
LOG (lattice-oracle[5.5.480~1-09abd]:main():lattice-oracle.cc:332) For utterance F435806936-3770185_3770185-687658339_1558787835-GB-F-018, best cost 0
Lattice F435806936-3770185_3770185-687658339_1558787835-GB-F-023 read.
LOG (lattice-oracle[5.5.480~1-09abd]:main():lattice-oracle.cc:318) %WER 12.5 [ 2 / 16, 0 insertions, 0 deletions, 2 sub ]
LOG (lattice-oracle[5.5.480~1-09abd]:main():lattice-oracle.cc:332) For utterance F435806936-3770185_3770185-687658339_1558787835-GB-F-023, best cost 2
Lattice F435806936-3770185_3770185-687658339_1558787835-GB-F-025 read.
LOG (lattice-oracle[5.5.480~1-09abd]:main():lattice-oracle.cc:318) %WER 0 [ 0 / 11, 0 insertions, 0 deletions, 0 sub ]
LOG (lattice-oracle[5.5.480~1-09abd]:main():lattice-oracle.cc:332) For utterance F435806936-3770185_3770185-687658339_1558787835-GB-F-025, best cost 0
Lattice F435806936-3770185_3770185-687658339_1558787835-GB-F-027 read.
LOG (lattice-oracle[5.5.480~1-09abd]:main():lattice-oracle.cc:318) %WER 0 [ 0 / 6, 0 insertions, 0 deletions, 0 sub ]
LOG (lattice-oracle[5.5.480~1-09abd]:main():lattice-oracle.cc:332) For utterance F435806936-3770185_3770185-687658339_1558787835-GB-F-027, best cost 0
Lattice F435806936-3770185_3770185-687658339_1558787835-GB-F-028 read.
LOG (lattice-oracle[5.5.480~1-09abd]:main():lattice-oracle.cc:318) %WER 0 [ 0 / 12, 0 insertions, 0 deletions, 0 sub ]
LOG (lattice-oracle[5.5.480~1-09abd]:main():lattice-oracle.cc:332) For utterance F435806936-3770185_3770185-687658339_1558787835-GB-F-028, best cost 0
Lattice F435806936-3770185_3770185-687658339_1558787835-GB-F-030 read.
LOG (lattice-oracle[5.5.480~1-09abd]:main():lattice-oracle.cc:318) %WER 0 [ 0 / 7, 0 insertions, 0 deletions, 0 sub ]
LOG (lattice-oracle[5.5.480~1-09abd]:main():lattice-oracle.cc:332) For utterance F435806936-3770185_3770185-687658339_1558787835-GB-F-030, best cost 0
Lattice F435806936-3770185_3770185-687658339_1558787835-GB-F-031 read.
LOG (lattice-oracle[5.5.480~1-09abd]:main():lattice-oracle.cc:318) %WER 20 [ 1 / 5, 0 insertions, 1 deletions, 0 sub ]
LOG (lattice-oracle[5.5.480~1-09abd]:main():lattice-oracle.cc:332) For utterance F435806936-3770185_3770185-687658339_1558787835-GB-F-031, best cost 1
Lattice F435806936-3770185_3770185-687658339_1558787835-GB-F-032 read.
LOG (lattice-oracle[5.5.480~1-09abd]:main():lattice-oracle.cc:318) %WER 8.33333 [ 1 / 12, 0 insertions, 1 deletions, 0 sub ]
LOG (lattice-oracle[5.5.480~1-09abd]:main():lattice-oracle.cc:332) For utterance F435806936-3770185_3770185-687658339_1558787835-GB-F-032, best cost 1
Lattice F435806936-3770185_3770185-687658339_1558787835-GB-F-034 read.
LOG (lattice-oracle[5.5.480~1-09abd]:main():lattice-oracle.cc:318) %WER 0 [ 0 / 6, 0 insertions, 0 deletions, 0 sub ]
LOG (lattice-oracle[5.5.480~1-09abd]:main():lattice-oracle.cc:332) For utterance F435806936-3770185_3770185-687658339_1558787835-GB-F-034, best cost 0
Lattice F435806936-3770185_3770185-687658339_1558787835-GB-F-035 read.
LOG (lattice-oracle[5.5.480~1-09abd]:main():lattice-oracle.cc:318) %WER 0 [ 0 / 19, 0 insertions, 0 deletions, 0 sub ]
LOG (lattice-oracle[5.5.480~1-09abd]:main():lattice-oracle.cc:332) For utterance F435806936-3770185_3770185-687658339_1558787835-GB-F-035, best cost 0
Lattice F435806936-3770185_3770185-687658339_1558787835-GB-F-038 read.
LOG (lattice-oracle[5.5.480~1-09abd]:main():lattice-oracle.cc:318) %WER 0 [ 0 / 5, 0 insertions, 0 deletions, 0 sub ]
LOG (lattice-oracle[5.5.480~1-09abd]:main():lattice-oracle.cc:332) For utterance F435806936-3770185_3770185-687658339_1558787835-GB-F-038, best cost 0
Lattice F435806936-3770185_3770185-687658339_1558787835-GB-F-039 read.
LOG (lattice-oracle[5.5.480~1-09abd]:main():lattice-oracle.cc:318) %WER 0 [ 0 / 7, 0 insertions, 0 deletions, 0 sub ]
LOG (lattice-oracle[5.5.480~1-09abd]:main():lattice-oracle.cc:332) For utterance F435806936-3770185_3770185-687658339_1558787835-GB-F-039, best cost 0
Lattice F435806936-3770185_3770185-687658339_1558787835-GB-F-040 read.
LOG (lattice-oracle[5.5.480~1-09abd]:main():lattice-oracle.cc:318) %WER 16.6667 [ 1 / 6, 0 insertions, 1 deletions, 0 sub ]
LOG (lattice-oracle[5.5.480~1-09abd]:main():lattice-oracle.cc:332) For utterance F435806936-3770185_3770185-687658339_1558787835-GB-F-040, best cost 1
Lattice F435806936-3770185_3770185-687658339_1558787835-GB-F-046 read.
LOG (lattice-oracle[5.5.480~1-09abd]:main():lattice-oracle.cc:318) %WER 0 [ 0 / 13, 0 insertions, 0 deletions, 0 sub ]
LOG (lattice-oracle[5.5.480~1-09abd]:main():lattice-oracle.cc:332) For utterance F435806936-3770185_3770185-687658339_1558787835-GB-F-046, best cost 0
Lattice F435806936-3770185_3770185-687658339_1558787835-GB-F-048 read.
LOG (lattice-oracle[5.5.480~1-09abd]:main():lattice-oracle.cc:318) %WER 0 [ 0 / 5, 0 insertions, 0 deletions, 0 sub ]
LOG (lattice-oracle[5.5.480~1-09abd]:main():lattice-oracle.cc:332) For utterance F435806936-3770185_3770185-687658339_1558787835-GB-F-048, best cost 0
Lattice F435806936-3770185_3770185-687658339_1558787835-GB-F-049 read.
LOG (lattice-oracle[5.5.480~1-09abd]:main():lattice-oracle.cc:318) %WER 0 [ 0 / 7, 0 insertions, 0 deletions, 0 sub ]
LOG (lattice-oracle[5.5.480~1-09abd]:main():lattice-oracle.cc:332) For utterance F435806936-3770185_3770185-687658339_1558787835-GB-F-049, best cost 0
Lattice F435806936-3770185_3770185-687658339_1558787835-GB-F-050 read.
LOG (lattice-oracle[5.5.480~1-09abd]:main():lattice-oracle.cc:318) %WER 20 [ 1 / 5, 0 insertions, 1 deletions, 0 sub ]
LOG (lattice-oracle[5.5.480~1-09abd]:main():lattice-oracle.cc:332) For utterance F435806936-3770185_3770185-687658339_1558787835-GB-F-050, best cost 1
Lattice F435806936-3770185_3770185-687658339_1558787835-GB-F-051 read.
LOG (lattice-oracle[5.5.480~1-09abd]:main():lattice-oracle.cc:318) %WER 8.33333 [ 1 / 12, 0 insertions, 1 deletions, 0 sub ]
LOG (lattice-oracle[5.5.480~1-09abd]:main():lattice-oracle.cc:332) For utterance F435806936-3770185_3770185-687658339_1558787835-GB-F-051, best cost 1
Lattice F435806936-3770185_3770185-687658339_1558787835-GB-F-053 read.
LOG (lattice-oracle[5.5.480~1-09abd]:main():lattice-oracle.cc:318) %WER 0 [ 0 / 6, 0 insertions, 0 deletions, 0 sub ]
LOG (lattice-oracle[5.5.480~1-09abd]:main():lattice-oracle.cc:332) For utterance F435806936-3770185_3770185-687658339_1558787835-GB-F-053, best cost 0
Lattice F435806936-3770185_3770185-687658339_1558787835-GB-F-054 read.
LOG (lattice-oracle[5.5.480~1-09abd]:main():lattice-oracle.cc:318) %WER 0 [ 0 / 12, 0 insertions, 0 deletions, 0 sub ]
LOG (lattice-oracle[5.5.480~1-09abd]:main():lattice-oracle.cc:332) For utterance F435806936-3770185_3770185-687658339_1558787835-GB-F-054, best cost 0
Lattice F435806936-3770185_3770185-687658339_1558787835-GB-F-056 read.
LOG (lattice-oracle[5.5.480~1-09abd]:main():lattice-oracle.cc:318) %WER 0 [ 0 / 12, 0 insertions, 0 deletions, 0 sub ]
LOG (lattice-oracle[5.5.480~1-09abd]:main():lattice-oracle.cc:332) For utterance F435806936-3770185_3770185-687658339_1558787835-GB-F-056, best cost 0
Lattice F435806936-3770185_3770185-687658339_1558787835-GB-F-058 read.
LOG (lattice-oracle[5.5.480~1-09abd]:main():lattice-oracle.cc:318) %WER 8.33333 [ 1 / 12, 1 insertions, 0 deletions, 0 sub ]
LOG (lattice-oracle[5.5.480~1-09abd]:main():lattice-oracle.cc:332) For utterance F435806936-3770185_3770185-687658339_1558787835-GB-F-058, best cost 1
Lattice F435806936-3770185_3770185-687658339_1558787835-GB-F-060 read.
LOG (lattice-oracle[5.5.480~1-09abd]:main():lattice-oracle.cc:318) %WER 100 [ 1 / 1, 0 insertions, 1 deletions, 0 sub ]
LOG (lattice-oracle[5.5.480~1-09abd]:main():lattice-oracle.cc:332) For utterance F435806936-3770185_3770185-687658339_1558787835-GB-F-060, best cost 1
Lattice F435806936-3770185_3770185-687658339_1558787835-GB-F-061 read.
LOG (lattice-oracle[5.5.480~1-09abd]:main():lattice-oracle.cc:318) %WER 0 [ 0 / 1, 0 insertions, 0 deletions, 0 sub ]
LOG (lattice-oracle[5.5.480~1-09abd]:main():lattice-oracle.cc:332) For utterance F435806936-3770185_3770185-687658339_1558787835-GB-F-061, best cost 0
Lattice F435806936-95450022_741404-881410412_1604007273-GB-F-001 read.
LOG (lattice-oracle[5.5.480~1-09abd]:main():lattice-oracle.cc:318) %WER 0 [ 0 / 9, 0 insertions, 0 deletions, 0 sub ]
LOG (lattice-oracle[5.5.480~1-09abd]:main():lattice-oracle.cc:332) For utterance F435806936-95450022_741404-881410412_1604007273-GB-F-001, best cost 0
Lattice F435806936-95450022_741404-881410412_1604007273-GB-F-002 read.
LOG (lattice-oracle[5.5.480~1-09abd]:main():lattice-oracle.cc:318) %WER 0 [ 0 / 7, 0 insertions, 0 deletions, 0 sub ]
LOG (lattice-oracle[5.5.480~1-09abd]:main():lattice-oracle.cc:332) For utterance F435806936-95450022_741404-881410412_1604007273-GB-F-002, best cost 0
Lattice F435806936-95450022_741404-881410412_1604007273-GB-F-003 read.
LOG (lattice-oracle[5.5.480~1-09abd]:main():lattice-oracle.cc:318) %WER 0 [ 0 / 8, 0 insertions, 0 deletions, 0 sub ]
LOG (lattice-oracle[5.5.480~1-09abd]:main():lattice-oracle.cc:332) For utterance F435806936-95450022_741404-881410412_1604007273-GB-F-003, best cost 0
Lattice F435806936-95450022_741404-881410412_1604007273-GB-F-004 read.
LOG (lattice-oracle[5.5.480~1-09abd]:main():lattice-oracle.cc:318) %WER 12.5 [ 1 / 8, 0 insertions, 1 deletions, 0 sub ]
LOG (lattice-oracle[5.5.480~1-09abd]:main():lattice-oracle.cc:332) For utterance F435806936-95450022_741404-881410412_1604007273-GB-F-004, best cost 1
Lattice F435806936-95450022_741404-881410412_1604007273-GB-F-006 read.
LOG (lattice-oracle[5.5.480~1-09abd]:main():lattice-oracle.cc:318) %WER 0 [ 0 / 3, 0 insertions, 0 deletions, 0 sub ]
LOG (lattice-oracle[5.5.480~1-09abd]:main():lattice-oracle.cc:332) For utterance F435806936-95450022_741404-881410412_1604007273-GB-F-006, best cost 0
Lattice F435806936-95450022_741404-881410412_1604007273-GB-F-008 read.
LOG (lattice-oracle[5.5.480~1-09abd]:main():lattice-oracle.cc:318) %WER 0 [ 0 / 3, 0 insertions, 0 deletions, 0 sub ]
LOG (lattice-oracle[5.5.480~1-09abd]:main():lattice-oracle.cc:332) For utterance F435806936-95450022_741404-881410412_1604007273-GB-F-008, best cost 0
Lattice F435806936-95450022_741404-881410412_1604007273-GB-F-009 read.
LOG (lattice-oracle[5.5.480~1-09abd]:main():lattice-oracle.cc:318) %WER 0 [ 0 / 7, 0 insertions, 0 deletions, 0 sub ]
LOG (lattice-oracle[5.5.480~1-09abd]:main():lattice-oracle.cc:332) For utterance F435806936-95450022_741404-881410412_1604007273-GB-F-009, best cost 0
Lattice F435806936-95450022_741404-881410412_1604007273-GB-F-010 read.
LOG (lattice-oracle[5.5.480~1-09abd]:main():lattice-oracle.cc:318) %WER 0 [ 0 / 13, 0 insertions, 0 deletions, 0 sub ]
LOG (lattice-oracle[5.5.480~1-09abd]:main():lattice-oracle.cc:332) For utterance F435806936-95450022_741404-881410412_1604007273-GB-F-010, best cost 0
Lattice F435806936-95450022_741404-881410412_1604007273-GB-F-012 read.
LOG (lattice-oracle[5.5.480~1-09abd]:main():lattice-oracle.cc:318) %WER 0 [ 0 / 7, 0 insertions, 0 deletions, 0 sub ]
LOG (lattice-oracle[5.5.480~1-09abd]:main():lattice-oracle.cc:332) For utterance F435806936-95450022_741404-881410412_1604007273-GB-F-012, best cost 0
Lattice F435806936-95450022_741404-881410412_1604007273-GB-F-013 read.
LOG (lattice-oracle[5.5.480~1-09abd]:main():lattice-oracle.cc:318) %WER 0 [ 0 / 3, 0 insertions, 0 deletions, 0 sub ]
LOG (lattice-oracle[5.5.480~1-09abd]:main():lattice-oracle.cc:332) For utterance F435806936-95450022_741404-881410412_1604007273-GB-F-013, best cost 0
Lattice F435806936-95450022_741404-881410412_1604007273-GB-F-015 read.
LOG (lattice-oracle[5.5.480~1-09abd]:main():lattice-oracle.cc:318) %WER 0 [ 0 / 3, 0 insertions, 0 deletions, 0 sub ]
LOG (lattice-oracle[5.5.480~1-09abd]:main():lattice-oracle.cc:332) For utterance F435806936-95450022_741404-881410412_1604007273-GB-F-015, best cost 0
Lattice F435806936-95450022_741404-881410412_1604007273-GB-F-016 read.
LOG (lattice-oracle[5.5.480~1-09abd]:main():lattice-oracle.cc:318) %WER 0 [ 0 / 22, 0 insertions, 0 deletions, 0 sub ]
LOG (lattice-oracle[5.5.480~1-09abd]:main():lattice-oracle.cc:332) For utterance F435806936-95450022_741404-881410412_1604007273-GB-F-016, best cost 0
Lattice F435806936-95450022_741404-881410412_1604007273-GB-F-020 read.
LOG (lattice-oracle[5.5.480~1-09abd]:main():lattice-oracle.cc:318) %WER 0 [ 0 / 7, 0 insertions, 0 deletions, 0 sub ]
LOG (lattice-oracle[5.5.480~1-09abd]:main():lattice-oracle.cc:332) For utterance F435806936-95450022_741404-881410412_1604007273-GB-F-020, best cost 0
Lattice F435806936-95450022_741404-881410412_1604007273-GB-F-021 read.
LOG (lattice-oracle[5.5.480~1-09abd]:main():lattice-oracle.cc:318) %WER 0 [ 0 / 9, 0 insertions, 0 deletions, 0 sub ]
LOG (lattice-oracle[5.5.480~1-09abd]:main():lattice-oracle.cc:332) For utterance F435806936-95450022_741404-881410412_1604007273-GB-F-021, best cost 0
Lattice F435806936-95450022_741404-881410412_1604007273-GB-F-022 read.
LOG (lattice-oracle[5.5.480~1-09abd]:main():lattice-oracle.cc:318) %WER 0 [ 0 / 7, 0 insertions, 0 deletions, 0 sub ]
LOG (lattice-oracle[5.5.480~1-09abd]:main():lattice-oracle.cc:332) For utterance F435806936-95450022_741404-881410412_1604007273-GB-F-022, best cost 0
Lattice F435806936-95450022_741404-881410412_1604007273-GB-F-023 read.
LOG (lattice-oracle[5.5.480~1-09abd]:main():lattice-oracle.cc:318) %WER 15.3846 [ 2 / 13, 0 insertions, 2 deletions, 0 sub ]
LOG (lattice-oracle[5.5.480~1-09abd]:main():lattice-oracle.cc:332) For utterance F435806936-95450022_741404-881410412_1604007273-GB-F-023, best cost 2
Lattice F435806936-95450022_741404-881410412_1604007273-GB-F-025 read.
LOG (lattice-oracle[5.5.480~1-09abd]:main():lattice-oracle.cc:318) %WER 0 [ 0 / 8, 0 insertions, 0 deletions, 0 sub ]
LOG (lattice-oracle[5.5.480~1-09abd]:main():lattice-oracle.cc:332) For utterance F435806936-95450022_741404-881410412_1604007273-GB-F-025, best cost 0
Lattice F435806936-95450022_741404-881410412_1604007273-GB-F-026 read.
LOG (lattice-oracle[5.5.480~1-09abd]:main():lattice-oracle.cc:318) %WER 0 [ 0 / 3, 0 insertions, 0 deletions, 0 sub ]
LOG (lattice-oracle[5.5.480~1-09abd]:main():lattice-oracle.cc:332) For utterance F435806936-95450022_741404-881410412_1604007273-GB-F-026, best cost 0
Lattice F435806936-95450022_741404-881410412_1604007273-GB-F-028 read.
LOG (lattice-oracle[5.5.480~1-09abd]:main():lattice-oracle.cc:318) %WER 0 [ 0 / 3, 0 insertions, 0 deletions, 0 sub ]
LOG (lattice-oracle[5.5.480~1-09abd]:main():lattice-oracle.cc:332) For utterance F435806936-95450022_741404-881410412_1604007273-GB-F-028, best cost 0
Lattice F435806936-95450022_741404-881410412_1604007273-GB-F-029 read.
LOG (lattice-oracle[5.5.480~1-09abd]:main():lattice-oracle.cc:318) %WER 0 [ 0 / 7, 0 insertions, 0 deletions, 0 sub ]
LOG (lattice-oracle[5.5.480~1-09abd]:main():lattice-oracle.cc:332) For utterance F435806936-95450022_741404-881410412_1604007273-GB-F-029, best cost 0
Lattice F435806936-95450022_741404-881410412_1604007273-GB-F-030 read.
LOG (lattice-oracle[5.5.480~1-09abd]:main():lattice-oracle.cc:318) %WER 0 [ 0 / 15, 0 insertions, 0 deletions, 0 sub ]
LOG (lattice-oracle[5.5.480~1-09abd]:main():lattice-oracle.cc:332) For utterance F435806936-95450022_741404-881410412_1604007273-GB-F-030, best cost 0
Lattice F435806936-95450022_741404-881410412_1604007273-GB-F-032 read.
LOG (lattice-oracle[5.5.480~1-09abd]:main():lattice-oracle.cc:318) %WER 0 [ 0 / 7, 0 insertions, 0 deletions, 0 sub ]
LOG (lattice-oracle[5.5.480~1-09abd]:main():lattice-oracle.cc:332) For utterance F435806936-95450022_741404-881410412_1604007273-GB-F-032, best cost 0
Lattice F435806936-95450022_741404-881410412_1604007273-GB-F-033 read.
LOG (lattice-oracle[5.5.480~1-09abd]:main():lattice-oracle.cc:318) %WER 0 [ 0 / 3, 0 insertions, 0 deletions, 0 sub ]
LOG (lattice-oracle[5.5.480~1-09abd]:main():lattice-oracle.cc:332) For utterance F435806936-95450022_741404-881410412_1604007273-GB-F-033, best cost 0
Lattice F435806936-95450022_741404-881410412_1604007273-GB-F-035 read.
LOG (lattice-oracle[5.5.480~1-09abd]:main():lattice-oracle.cc:318) %WER 0 [ 0 / 3, 0 insertions, 0 deletions, 0 sub ]
LOG (lattice-oracle[5.5.480~1-09abd]:main():lattice-oracle.cc:332) For utterance F435806936-95450022_741404-881410412_1604007273-GB-F-035, best cost 0
Lattice F435806936-95450022_741404-881410412_1604007273-GB-F-036 read.
LOG (lattice-oracle[5.5.480~1-09abd]:main():lattice-oracle.cc:318) %WER 0 [ 0 / 29, 0 insertions, 0 deletions, 0 sub ]
LOG (lattice-oracle[5.5.480~1-09abd]:main():lattice-oracle.cc:332) For utterance F435806936-95450022_741404-881410412_1604007273-GB-F-036, best cost 0
Lattice F435806936-95450022_741404-881410412_1604007273-GB-F-041 read.
LOG (lattice-oracle[5.5.480~1-09abd]:main():lattice-oracle.cc:318) %WER 0 [ 0 / 3, 0 insertions, 0 deletions, 0 sub ]
LOG (lattice-oracle[5.5.480~1-09abd]:main():lattice-oracle.cc:332) For utterance F435806936-95450022_741404-881410412_1604007273-GB-F-041, best cost 0
Lattice F435806936-95450022_741404-881410412_1604007273-GB-F-043 read.
LOG (lattice-oracle[5.5.480~1-09abd]:main():lattice-oracle.cc:318) %WER 0 [ 0 / 3, 0 insertions, 0 deletions, 0 sub ]
LOG (lattice-oracle[5.5.480~1-09abd]:main():lattice-oracle.cc:332) For utterance F435806936-95450022_741404-881410412_1604007273-GB-F-043, best cost 0
Lattice F435806936-95450022_741404-881410412_1604007273-GB-F-044 read.
LOG (lattice-oracle[5.5.480~1-09abd]:main():lattice-oracle.cc:318) %WER 0 [ 0 / 7, 0 insertions, 0 deletions, 0 sub ]
LOG (lattice-oracle[5.5.480~1-09abd]:main():lattice-oracle.cc:332) For utterance F435806936-95450022_741404-881410412_1604007273-GB-F-044, best cost 0
Lattice F435806936-95450022_741404-881410412_1604007273-GB-F-045 read.
LOG (lattice-oracle[5.5.480~1-09abd]:main():lattice-oracle.cc:318) %WER 0 [ 0 / 15, 0 insertions, 0 deletions, 0 sub ]
LOG (lattice-oracle[5.5.480~1-09abd]:main():lattice-oracle.cc:332) For utterance F435806936-95450022_741404-881410412_1604007273-GB-F-045, best cost 0
Lattice F435806936-95450022_741404-881410412_1604007273-GB-F-047 read.
LOG (lattice-oracle[5.5.480~1-09abd]:main():lattice-oracle.cc:318) %WER 0 [ 0 / 7, 0 insertions, 0 deletions, 0 sub ]
LOG (lattice-oracle[5.5.480~1-09abd]:main():lattice-oracle.cc:332) For utterance F435806936-95450022_741404-881410412_1604007273-GB-F-047, best cost 0
LOG (lattice-oracle[5.5.480~1-09abd]:main():lattice-oracle.cc:383) Overall %WER 7.38204 [ 194 / 2628, 31 insertions, 118 deletions, 45 substitutions ]
LOG (lattice-oracle[5.5.480~1-09abd]:main():lattice-oracle.cc:387) Scored 265 lattices, 0 not present in ref.
# Accounting: time=2 threads=1
# Ended (code 0) at Tue Sep 10 15:04:41 BST 2019, elapsed time 2 seconds
