# lattice-oracle "--write-lattices=ark:|gzip -c > exp/tri3b_cleaned/lattice_oracle/lat.26.gz" "ark:gunzip -c exp/tri3b_cleaned/lats/lat.26.gz |" "ark:utils/sym2int.pl --map-oov 239 -f 2- data/lang/words.txt data/train1/split40/26/text|" ark,t:- | utils/int2sym.pl -f 2- data/lang/words.txt > exp/tri3b_cleaned/lattice_oracle/oracle_hyp.26.txt 
# Started at Tue Sep 10 15:04:53 BST 2019
#
lattice-oracle '--write-lattices=ark:|gzip -c > exp/tri3b_cleaned/lattice_oracle/lat.26.gz' 'ark:gunzip -c exp/tri3b_cleaned/lats/lat.26.gz |' 'ark:utils/sym2int.pl --map-oov 239 -f 2- data/lang/words.txt data/train1/split40/26/text|' ark,t:- 
Lattice M1395887619-3771234_3771234-152091146_1662681338-GB-M-001 read.
sym2int.pl: replacing 1 with 239
sym2int.pl: replacing 2 with 239
sym2int.pl: replacing 3 with 239
sym2int.pl: replacing 1 with 239
sym2int.pl: replacing 2 with 239
sym2int.pl: replacing 3 with 239
sym2int.pl: replacing 1 with 239
sym2int.pl: replacing 2 with 239
sym2int.pl: replacing 3 with 239
sym2int.pl: replacing 1 with 239
sym2int.pl: replacing 2 with 239
sym2int.pl: replacing 3 with 239
sym2int.pl: replacing 1 with 239
sym2int.pl: replacing 2 with 239
sym2int.pl: replacing 3 with 239
sym2int.pl: replacing 1 with 239
sym2int.pl: replacing 2 with 239
sym2int.pl: replacing 3 with 239
LOG (lattice-oracle[5.5.480~1-09abd]:main():lattice-oracle.cc:318) %WER 100 [ 5 / 5, 0 insertions, 5 deletions, 0 sub ]
LOG (lattice-oracle[5.5.480~1-09abd]:main():lattice-oracle.cc:332) For utterance M1395887619-3771234_3771234-152091146_1662681338-GB-M-001, best cost 5
sym2int.pl: replacing 1 with 239
sym2int.pl: replacing 2 with 239
sym2int.pl: not warning for OOVs any more times
Lattice M1395887619-3771234_3771234-152091146_1662681338-GB-M-002 read.
LOG (lattice-oracle[5.5.480~1-09abd]:main():lattice-oracle.cc:318) %WER 100 [ 14 / 14, 0 insertions, 14 deletions, 0 sub ]
LOG (lattice-oracle[5.5.480~1-09abd]:main():lattice-oracle.cc:332) For utterance M1395887619-3771234_3771234-152091146_1662681338-GB-M-002, best cost 14
** Replaced 60 instances of OOVs with 239
Lattice M1395887619-3771234_3771234-152091146_1662681338-GB-M-004 read.
LOG (lattice-oracle[5.5.480~1-09abd]:main():lattice-oracle.cc:318) %WER 0 [ 0 / 22, 0 insertions, 0 deletions, 0 sub ]
LOG (lattice-oracle[5.5.480~1-09abd]:main():lattice-oracle.cc:332) For utterance M1395887619-3771234_3771234-152091146_1662681338-GB-M-004, best cost 0
Lattice M1395887619-3771234_3771234-152091146_1662681338-GB-M-007 read.
LOG (lattice-oracle[5.5.480~1-09abd]:main():lattice-oracle.cc:318) %WER 9.09091 [ 4 / 44, 0 insertions, 2 deletions, 2 sub ]
LOG (lattice-oracle[5.5.480~1-09abd]:main():lattice-oracle.cc:332) For utterance M1395887619-3771234_3771234-152091146_1662681338-GB-M-007, best cost 4
Lattice M1395887619-3771234_3771234-152091146_1662681338-GB-M-015 read.
LOG (lattice-oracle[5.5.480~1-09abd]:main():lattice-oracle.cc:318) %WER 0 [ 0 / 4, 0 insertions, 0 deletions, 0 sub ]
LOG (lattice-oracle[5.5.480~1-09abd]:main():lattice-oracle.cc:332) For utterance M1395887619-3771234_3771234-152091146_1662681338-GB-M-015, best cost 0
Lattice M1395887619-3771234_3771234-152091146_1662681338-GB-M-016 read.
LOG (lattice-oracle[5.5.480~1-09abd]:main():lattice-oracle.cc:318) %WER 93.3333 [ 14 / 15, 0 insertions, 12 deletions, 2 sub ]
LOG (lattice-oracle[5.5.480~1-09abd]:main():lattice-oracle.cc:332) For utterance M1395887619-3771234_3771234-152091146_1662681338-GB-M-016, best cost 14
Lattice M1395887619-3771234_3771234-152091146_1662681338-GB-M-019 read.
LOG (lattice-oracle[5.5.480~1-09abd]:main():lattice-oracle.cc:318) %WER 4.7619 [ 3 / 63, 0 insertions, 2 deletions, 1 sub ]
LOG (lattice-oracle[5.5.480~1-09abd]:main():lattice-oracle.cc:332) For utterance M1395887619-3771234_3771234-152091146_1662681338-GB-M-019, best cost 3
Lattice M1395887619-3771234_3771234-152091146_1662681338-GB-M-032 read.
LOG (lattice-oracle[5.5.480~1-09abd]:main():lattice-oracle.cc:318) %WER 3.57143 [ 1 / 28, 0 insertions, 1 deletions, 0 sub ]
LOG (lattice-oracle[5.5.480~1-09abd]:main():lattice-oracle.cc:332) For utterance M1395887619-3771234_3771234-152091146_1662681338-GB-M-032, best cost 1
Lattice M1395887619-3771234_3771234-152091146_1662681338-GB-M-036 read.
LOG (lattice-oracle[5.5.480~1-09abd]:main():lattice-oracle.cc:318) %WER 0 [ 0 / 6, 0 insertions, 0 deletions, 0 sub ]
LOG (lattice-oracle[5.5.480~1-09abd]:main():lattice-oracle.cc:332) For utterance M1395887619-3771234_3771234-152091146_1662681338-GB-M-036, best cost 0
Lattice M1395887619-3771234_3771234-152091146_1662681338-GB-M-041 read.
LOG (lattice-oracle[5.5.480~1-09abd]:main():lattice-oracle.cc:318) %WER 6.66667 [ 1 / 15, 1 insertions, 0 deletions, 0 sub ]
LOG (lattice-oracle[5.5.480~1-09abd]:main():lattice-oracle.cc:332) For utterance M1395887619-3771234_3771234-152091146_1662681338-GB-M-041, best cost 1
Lattice M1395887619-3771234_3771234-152091146_1662681338-GB-M-043 read.
LOG (lattice-oracle[5.5.480~1-09abd]:main():lattice-oracle.cc:318) %WER 6.25 [ 1 / 16, 1 insertions, 0 deletions, 0 sub ]
LOG (lattice-oracle[5.5.480~1-09abd]:main():lattice-oracle.cc:332) For utterance M1395887619-3771234_3771234-152091146_1662681338-GB-M-043, best cost 1
Lattice M1395887619-3771234_3771234-152091146_1662681338-GB-M-046 read.
LOG (lattice-oracle[5.5.480~1-09abd]:main():lattice-oracle.cc:318) %WER 27.5862 [ 8 / 29, 0 insertions, 8 deletions, 0 sub ]
LOG (lattice-oracle[5.5.480~1-09abd]:main():lattice-oracle.cc:332) For utterance M1395887619-3771234_3771234-152091146_1662681338-GB-M-046, best cost 8
Lattice M1395887619-3771234_3771234-152091146_1662681338-GB-M-053 read.
LOG (lattice-oracle[5.5.480~1-09abd]:main():lattice-oracle.cc:318) %WER 0 [ 0 / 53, 0 insertions, 0 deletions, 0 sub ]
LOG (lattice-oracle[5.5.480~1-09abd]:main():lattice-oracle.cc:332) For utterance M1395887619-3771234_3771234-152091146_1662681338-GB-M-053, best cost 0
Lattice M1407301834-3770185_3770185-1296962893_1683779116-GB-M-007 read.
LOG (lattice-oracle[5.5.480~1-09abd]:main():lattice-oracle.cc:318) %WER 100 [ 10 / 10, 0 insertions, 10 deletions, 0 sub ]
LOG (lattice-oracle[5.5.480~1-09abd]:main():lattice-oracle.cc:332) For utterance M1407301834-3770185_3770185-1296962893_1683779116-GB-M-007, best cost 10
Lattice M1407301834-3770185_3770185-1296962893_1683779116-GB-M-008 read.
LOG (lattice-oracle[5.5.480~1-09abd]:main():lattice-oracle.cc:318) %WER 0 [ 0 / 17, 0 insertions, 0 deletions, 0 sub ]
LOG (lattice-oracle[5.5.480~1-09abd]:main():lattice-oracle.cc:332) For utterance M1407301834-3770185_3770185-1296962893_1683779116-GB-M-008, best cost 0
Lattice M1407301834-3770185_3770185-1296962893_1683779116-GB-M-011 read.
LOG (lattice-oracle[5.5.480~1-09abd]:main():lattice-oracle.cc:318) %WER 11.1111 [ 2 / 18, 0 insertions, 2 deletions, 0 sub ]
LOG (lattice-oracle[5.5.480~1-09abd]:main():lattice-oracle.cc:332) For utterance M1407301834-3770185_3770185-1296962893_1683779116-GB-M-011, best cost 2
Lattice M1407301834-3770185_3770185-1296962893_1683779116-GB-M-013 read.
LOG (lattice-oracle[5.5.480~1-09abd]:main():lattice-oracle.cc:318) %WER 0 [ 0 / 13, 0 insertions, 0 deletions, 0 sub ]
LOG (lattice-oracle[5.5.480~1-09abd]:main():lattice-oracle.cc:332) For utterance M1407301834-3770185_3770185-1296962893_1683779116-GB-M-013, best cost 0
Lattice M1407301834-3770185_3770185-1296962893_1683779116-GB-M-015 read.
LOG (lattice-oracle[5.5.480~1-09abd]:main():lattice-oracle.cc:318) %WER 0 [ 0 / 12, 0 insertions, 0 deletions, 0 sub ]
LOG (lattice-oracle[5.5.480~1-09abd]:main():lattice-oracle.cc:332) For utterance M1407301834-3770185_3770185-1296962893_1683779116-GB-M-015, best cost 0
Lattice M1407301834-3770185_3770185-1296962893_1683779116-GB-M-017 read.
LOG (lattice-oracle[5.5.480~1-09abd]:main():lattice-oracle.cc:318) %WER 0 [ 0 / 12, 0 insertions, 0 deletions, 0 sub ]
LOG (lattice-oracle[5.5.480~1-09abd]:main():lattice-oracle.cc:332) For utterance M1407301834-3770185_3770185-1296962893_1683779116-GB-M-017, best cost 0
Lattice M1407301834-3770185_3770185-1296962893_1683779116-GB-M-019 read.
LOG (lattice-oracle[5.5.480~1-09abd]:main():lattice-oracle.cc:318) %WER 64.2857 [ 9 / 14, 0 insertions, 9 deletions, 0 sub ]
LOG (lattice-oracle[5.5.480~1-09abd]:main():lattice-oracle.cc:332) For utterance M1407301834-3770185_3770185-1296962893_1683779116-GB-M-019, best cost 9
Lattice M1407301834-3770185_3770185-1296962893_1683779116-GB-M-022 read.
LOG (lattice-oracle[5.5.480~1-09abd]:main():lattice-oracle.cc:318) %WER 100 [ 10 / 10, 0 insertions, 10 deletions, 0 sub ]
LOG (lattice-oracle[5.5.480~1-09abd]:main():lattice-oracle.cc:332) For utterance M1407301834-3770185_3770185-1296962893_1683779116-GB-M-022, best cost 10
Lattice M1407301834-3770185_3770185-1296962893_1683779116-GB-M-023 read.
LOG (lattice-oracle[5.5.480~1-09abd]:main():lattice-oracle.cc:318) %WER 31.25 [ 5 / 16, 5 insertions, 0 deletions, 0 sub ]
LOG (lattice-oracle[5.5.480~1-09abd]:main():lattice-oracle.cc:332) For utterance M1407301834-3770185_3770185-1296962893_1683779116-GB-M-023, best cost 5
Lattice M1407301834-3770185_3770185-1296962893_1683779116-GB-M-025 read.
LOG (lattice-oracle[5.5.480~1-09abd]:main():lattice-oracle.cc:318) %WER 83.3333 [ 5 / 6, 0 insertions, 1 deletions, 4 sub ]
LOG (lattice-oracle[5.5.480~1-09abd]:main():lattice-oracle.cc:332) For utterance M1407301834-3770185_3770185-1296962893_1683779116-GB-M-025, best cost 5
Lattice M1407301834-3770185_3770185-1296962893_1683779116-GB-M-027 read.
LOG (lattice-oracle[5.5.480~1-09abd]:main():lattice-oracle.cc:318) %WER 0 [ 0 / 25, 0 insertions, 0 deletions, 0 sub ]
LOG (lattice-oracle[5.5.480~1-09abd]:main():lattice-oracle.cc:332) For utterance M1407301834-3770185_3770185-1296962893_1683779116-GB-M-027, best cost 0
Lattice M1407301834-3770185_3770185-1296962893_1683779116-GB-M-031 read.
LOG (lattice-oracle[5.5.480~1-09abd]:main():lattice-oracle.cc:318) %WER 8.33333 [ 1 / 12, 1 insertions, 0 deletions, 0 sub ]
LOG (lattice-oracle[5.5.480~1-09abd]:main():lattice-oracle.cc:332) For utterance M1407301834-3770185_3770185-1296962893_1683779116-GB-M-031, best cost 1
Lattice M1407301834-3770185_3770185-1296962893_1683779116-GB-M-033 read.
LOG (lattice-oracle[5.5.480~1-09abd]:main():lattice-oracle.cc:318) %WER 80 [ 4 / 5, 0 insertions, 4 deletions, 0 sub ]
LOG (lattice-oracle[5.5.480~1-09abd]:main():lattice-oracle.cc:332) For utterance M1407301834-3770185_3770185-1296962893_1683779116-GB-M-033, best cost 4
Lattice M1407301834-3770185_3770185-1296962893_1683779116-GB-M-034 read.
LOG (lattice-oracle[5.5.480~1-09abd]:main():lattice-oracle.cc:318) %WER 0 [ 0 / 25, 0 insertions, 0 deletions, 0 sub ]
LOG (lattice-oracle[5.5.480~1-09abd]:main():lattice-oracle.cc:332) For utterance M1407301834-3770185_3770185-1296962893_1683779116-GB-M-034, best cost 0
Lattice M1407301834-3770185_3770185-1296962893_1683779116-GB-M-038 read.
LOG (lattice-oracle[5.5.480~1-09abd]:main():lattice-oracle.cc:318) %WER 5.88235 [ 1 / 17, 1 insertions, 0 deletions, 0 sub ]
LOG (lattice-oracle[5.5.480~1-09abd]:main():lattice-oracle.cc:332) For utterance M1407301834-3770185_3770185-1296962893_1683779116-GB-M-038, best cost 1
Lattice M1407301834-3770185_3770185-1296962893_1683779116-GB-M-041 read.
LOG (lattice-oracle[5.5.480~1-09abd]:main():lattice-oracle.cc:318) %WER 200 [ 2 / 1, 2 insertions, 0 deletions, 0 sub ]
LOG (lattice-oracle[5.5.480~1-09abd]:main():lattice-oracle.cc:332) For utterance M1407301834-3770185_3770185-1296962893_1683779116-GB-M-041, best cost 2
Lattice M1407301834-3770185_3770185-1296962893_1683779116-GB-M-042 read.
LOG (lattice-oracle[5.5.480~1-09abd]:main():lattice-oracle.cc:318) %WER 90.9091 [ 10 / 11, 0 insertions, 10 deletions, 0 sub ]
LOG (lattice-oracle[5.5.480~1-09abd]:main():lattice-oracle.cc:332) For utterance M1407301834-3770185_3770185-1296962893_1683779116-GB-M-042, best cost 10
Lattice M1407301834-3770185_3770185-1296962893_1683779116-GB-M-045 read.
LOG (lattice-oracle[5.5.480~1-09abd]:main():lattice-oracle.cc:318) %WER 100 [ 5 / 5, 0 insertions, 5 deletions, 0 sub ]
LOG (lattice-oracle[5.5.480~1-09abd]:main():lattice-oracle.cc:332) For utterance M1407301834-3770185_3770185-1296962893_1683779116-GB-M-045, best cost 5
Lattice M1407301834-3770185_3770185-1296962893_1683779116-GB-M-046 read.
LOG (lattice-oracle[5.5.480~1-09abd]:main():lattice-oracle.cc:318) %WER 8.10811 [ 3 / 37, 3 insertions, 0 deletions, 0 sub ]
LOG (lattice-oracle[5.5.480~1-09abd]:main():lattice-oracle.cc:332) For utterance M1407301834-3770185_3770185-1296962893_1683779116-GB-M-046, best cost 3
Lattice M1407301834-3770185_3770185-1296962893_1683779116-GB-M-052 read.
LOG (lattice-oracle[5.5.480~1-09abd]:main():lattice-oracle.cc:318) %WER 0 [ 0 / 5, 0 insertions, 0 deletions, 0 sub ]
LOG (lattice-oracle[5.5.480~1-09abd]:main():lattice-oracle.cc:332) For utterance M1407301834-3770185_3770185-1296962893_1683779116-GB-M-052, best cost 0
Lattice M1407301834-3770185_3770185-1296962893_1683779116-GB-M-053 read.
LOG (lattice-oracle[5.5.480~1-09abd]:main():lattice-oracle.cc:318) %WER 0 [ 0 / 25, 0 insertions, 0 deletions, 0 sub ]
LOG (lattice-oracle[5.5.480~1-09abd]:main():lattice-oracle.cc:332) For utterance M1407301834-3770185_3770185-1296962893_1683779116-GB-M-053, best cost 0
Lattice M1407301834-3770185_3770185-1296962893_1683779116-GB-M-057 read.
LOG (lattice-oracle[5.5.480~1-09abd]:main():lattice-oracle.cc:318) %WER 0 [ 0 / 12, 0 insertions, 0 deletions, 0 sub ]
LOG (lattice-oracle[5.5.480~1-09abd]:main():lattice-oracle.cc:332) For utterance M1407301834-3770185_3770185-1296962893_1683779116-GB-M-057, best cost 0
Lattice M1407301834-3770185_3770185-1296962893_1683779116-GB-M-059 read.
LOG (lattice-oracle[5.5.480~1-09abd]:main():lattice-oracle.cc:318) %WER 0 [ 0 / 6, 0 insertions, 0 deletions, 0 sub ]
LOG (lattice-oracle[5.5.480~1-09abd]:main():lattice-oracle.cc:332) For utterance M1407301834-3770185_3770185-1296962893_1683779116-GB-M-059, best cost 0
Lattice M1407301834-3770185_3770185-1296962893_1683779116-GB-M-061 read.
LOG (lattice-oracle[5.5.480~1-09abd]:main():lattice-oracle.cc:318) %WER 200 [ 2 / 1, 2 insertions, 0 deletions, 0 sub ]
LOG (lattice-oracle[5.5.480~1-09abd]:main():lattice-oracle.cc:332) For utterance M1407301834-3770185_3770185-1296962893_1683779116-GB-M-061, best cost 2
Lattice M144442992-3770043_3770043-144445236_1575560311-GB-M-001 read.
LOG (lattice-oracle[5.5.480~1-09abd]:main():lattice-oracle.cc:318) %WER 0 [ 0 / 51, 0 insertions, 0 deletions, 0 sub ]
LOG (lattice-oracle[5.5.480~1-09abd]:main():lattice-oracle.cc:332) For utterance M144442992-3770043_3770043-144445236_1575560311-GB-M-001, best cost 0
Lattice M144442992-3770043_3770043-144445236_1575560311-GB-M-009 read.
LOG (lattice-oracle[5.5.480~1-09abd]:main():lattice-oracle.cc:318) %WER 0 [ 0 / 8, 0 insertions, 0 deletions, 0 sub ]
LOG (lattice-oracle[5.5.480~1-09abd]:main():lattice-oracle.cc:332) For utterance M144442992-3770043_3770043-144445236_1575560311-GB-M-009, best cost 0
Lattice M144442992-3770043_3770043-144445236_1575560311-GB-M-010 read.
LOG (lattice-oracle[5.5.480~1-09abd]:main():lattice-oracle.cc:318) %WER 4.7619 [ 1 / 21, 0 insertions, 1 deletions, 0 sub ]
LOG (lattice-oracle[5.5.480~1-09abd]:main():lattice-oracle.cc:332) For utterance M144442992-3770043_3770043-144445236_1575560311-GB-M-010, best cost 1
Lattice M144442992-3770043_3770043-144445236_1575560311-GB-M-013 read.
LOG (lattice-oracle[5.5.480~1-09abd]:main():lattice-oracle.cc:318) %WER 0 [ 0 / 3, 0 insertions, 0 deletions, 0 sub ]
LOG (lattice-oracle[5.5.480~1-09abd]:main():lattice-oracle.cc:332) For utterance M144442992-3770043_3770043-144445236_1575560311-GB-M-013, best cost 0
Lattice M144442992-3770043_3770043-144445236_1575560311-GB-M-014 read.
LOG (lattice-oracle[5.5.480~1-09abd]:main():lattice-oracle.cc:318) %WER 0 [ 0 / 5, 0 insertions, 0 deletions, 0 sub ]
LOG (lattice-oracle[5.5.480~1-09abd]:main():lattice-oracle.cc:332) For utterance M144442992-3770043_3770043-144445236_1575560311-GB-M-014, best cost 0
Lattice M144442992-3770043_3770043-144445236_1575560311-GB-M-015 read.
LOG (lattice-oracle[5.5.480~1-09abd]:main():lattice-oracle.cc:318) %WER 4.54545 [ 1 / 22, 0 insertions, 1 deletions, 0 sub ]
LOG (lattice-oracle[5.5.480~1-09abd]:main():lattice-oracle.cc:332) For utterance M144442992-3770043_3770043-144445236_1575560311-GB-M-015, best cost 1
Lattice M144442992-3770043_3770043-144445236_1575560311-GB-M-019 read.
LOG (lattice-oracle[5.5.480~1-09abd]:main():lattice-oracle.cc:318) %WER 0 [ 0 / 102, 0 insertions, 0 deletions, 0 sub ]
LOG (lattice-oracle[5.5.480~1-09abd]:main():lattice-oracle.cc:332) For utterance M144442992-3770043_3770043-144445236_1575560311-GB-M-019, best cost 0
Lattice M144442992-3770043_3770043-144445236_1575560311-GB-M-032 read.
LOG (lattice-oracle[5.5.480~1-09abd]:main():lattice-oracle.cc:318) %WER 0 [ 0 / 3, 0 insertions, 0 deletions, 0 sub ]
LOG (lattice-oracle[5.5.480~1-09abd]:main():lattice-oracle.cc:332) For utterance M144442992-3770043_3770043-144445236_1575560311-GB-M-032, best cost 0
Lattice M144442992-3770043_3770043-144445236_1575560311-GB-M-033 read.
LOG (lattice-oracle[5.5.480~1-09abd]:main():lattice-oracle.cc:318) %WER 16.6667 [ 1 / 6, 0 insertions, 1 deletions, 0 sub ]
LOG (lattice-oracle[5.5.480~1-09abd]:main():lattice-oracle.cc:332) For utterance M144442992-3770043_3770043-144445236_1575560311-GB-M-033, best cost 1
Lattice M144442992-3770043_3770043-144445236_1575560311-GB-M-034 read.
LOG (lattice-oracle[5.5.480~1-09abd]:main():lattice-oracle.cc:318) %WER 12.5 [ 1 / 8, 0 insertions, 1 deletions, 0 sub ]
LOG (lattice-oracle[5.5.480~1-09abd]:main():lattice-oracle.cc:332) For utterance M144442992-3770043_3770043-144445236_1575560311-GB-M-034, best cost 1
Lattice M144442992-3770043_3770043-144445236_1575560311-GB-M-035 read.
LOG (lattice-oracle[5.5.480~1-09abd]:main():lattice-oracle.cc:318) %WER 0 [ 0 / 14, 0 insertions, 0 deletions, 0 sub ]
LOG (lattice-oracle[5.5.480~1-09abd]:main():lattice-oracle.cc:332) For utterance M144442992-3770043_3770043-144445236_1575560311-GB-M-035, best cost 0
Lattice M144442992-3770043_3770043-144445236_1575560311-GB-M-038 read.
LOG (lattice-oracle[5.5.480~1-09abd]:main():lattice-oracle.cc:318) %WER 0 [ 0 / 22, 0 insertions, 0 deletions, 0 sub ]
LOG (lattice-oracle[5.5.480~1-09abd]:main():lattice-oracle.cc:332) For utterance M144442992-3770043_3770043-144445236_1575560311-GB-M-038, best cost 0
Lattice M144442992-3770043_3770043-144445236_1575560311-GB-M-042 read.
LOG (lattice-oracle[5.5.480~1-09abd]:main():lattice-oracle.cc:318) %WER 0 [ 0 / 9, 0 insertions, 0 deletions, 0 sub ]
LOG (lattice-oracle[5.5.480~1-09abd]:main():lattice-oracle.cc:332) For utterance M144442992-3770043_3770043-144445236_1575560311-GB-M-042, best cost 0
Lattice M144442992-3770043_3770043-144445236_1575560311-GB-M-043 read.
LOG (lattice-oracle[5.5.480~1-09abd]:main():lattice-oracle.cc:318) %WER 0 [ 0 / 10, 0 insertions, 0 deletions, 0 sub ]
LOG (lattice-oracle[5.5.480~1-09abd]:main():lattice-oracle.cc:332) For utterance M144442992-3770043_3770043-144445236_1575560311-GB-M-043, best cost 0
Lattice M144442992-3770043_3770043-144445236_1575560311-GB-M-045 read.
LOG (lattice-oracle[5.5.480~1-09abd]:main():lattice-oracle.cc:318) %WER 0 [ 0 / 10, 0 insertions, 0 deletions, 0 sub ]
LOG (lattice-oracle[5.5.480~1-09abd]:main():lattice-oracle.cc:332) For utterance M144442992-3770043_3770043-144445236_1575560311-GB-M-045, best cost 0
Lattice M144442992-3770043_3770043-144445236_1575560311-GB-M-046 read.
LOG (lattice-oracle[5.5.480~1-09abd]:main():lattice-oracle.cc:318) %WER 0 [ 0 / 8, 0 insertions, 0 deletions, 0 sub ]
LOG (lattice-oracle[5.5.480~1-09abd]:main():lattice-oracle.cc:332) For utterance M144442992-3770043_3770043-144445236_1575560311-GB-M-046, best cost 0
Lattice M144442992-3770043_3770043-144445236_1575560311-GB-M-048 read.
LOG (lattice-oracle[5.5.480~1-09abd]:main():lattice-oracle.cc:318) %WER 0 [ 0 / 5, 0 insertions, 0 deletions, 0 sub ]
LOG (lattice-oracle[5.5.480~1-09abd]:main():lattice-oracle.cc:332) For utterance M144442992-3770043_3770043-144445236_1575560311-GB-M-048, best cost 0
Lattice M144442992-3770043_3770043-144445236_1575560311-GB-M-049 read.
LOG (lattice-oracle[5.5.480~1-09abd]:main():lattice-oracle.cc:318) %WER 13.6364 [ 3 / 22, 0 insertions, 3 deletions, 0 sub ]
LOG (lattice-oracle[5.5.480~1-09abd]:main():lattice-oracle.cc:332) For utterance M144442992-3770043_3770043-144445236_1575560311-GB-M-049, best cost 3
Lattice M144442992-3770043_3770043-144445236_1575560311-GB-M-053 read.
LOG (lattice-oracle[5.5.480~1-09abd]:main():lattice-oracle.cc:318) %WER 0 [ 0 / 9, 0 insertions, 0 deletions, 0 sub ]
LOG (lattice-oracle[5.5.480~1-09abd]:main():lattice-oracle.cc:332) For utterance M144442992-3770043_3770043-144445236_1575560311-GB-M-053, best cost 0
Lattice M144442992-3770043_3770043-144445236_1575560311-GB-M-054 read.
LOG (lattice-oracle[5.5.480~1-09abd]:main():lattice-oracle.cc:318) %WER 7.69231 [ 1 / 13, 1 insertions, 0 deletions, 0 sub ]
LOG (lattice-oracle[5.5.480~1-09abd]:main():lattice-oracle.cc:332) For utterance M144442992-3770043_3770043-144445236_1575560311-GB-M-054, best cost 1
Lattice M144442992-3770043_3770043-144445236_1575560311-GB-M-057 read.
LOG (lattice-oracle[5.5.480~1-09abd]:main():lattice-oracle.cc:318) %WER 0 [ 0 / 44, 0 insertions, 0 deletions, 0 sub ]
LOG (lattice-oracle[5.5.480~1-09abd]:main():lattice-oracle.cc:332) For utterance M144442992-3770043_3770043-144445236_1575560311-GB-M-057, best cost 0
Lattice M144442992-3770043_3770043-144445236_1575560311-GB-M-067 read.
LOG (lattice-oracle[5.5.480~1-09abd]:main():lattice-oracle.cc:318) %WER 16.6667 [ 1 / 6, 1 insertions, 0 deletions, 0 sub ]
LOG (lattice-oracle[5.5.480~1-09abd]:main():lattice-oracle.cc:332) For utterance M144442992-3770043_3770043-144445236_1575560311-GB-M-067, best cost 1
Lattice M144442992-3770043_3770043-144445236_1575560311-GB-M-069 read.
LOG (lattice-oracle[5.5.480~1-09abd]:main():lattice-oracle.cc:318) %WER 0 [ 0 / 4, 0 insertions, 0 deletions, 0 sub ]
LOG (lattice-oracle[5.5.480~1-09abd]:main():lattice-oracle.cc:332) For utterance M144442992-3770043_3770043-144445236_1575560311-GB-M-069, best cost 0
Lattice M162608079-280393414_118431-661501888_1641397573-GB-M-005 read.
LOG (lattice-oracle[5.5.480~1-09abd]:main():lattice-oracle.cc:318) %WER 12.5 [ 1 / 8, 0 insertions, 1 deletions, 0 sub ]
LOG (lattice-oracle[5.5.480~1-09abd]:main():lattice-oracle.cc:332) For utterance M162608079-280393414_118431-661501888_1641397573-GB-M-005, best cost 1
Lattice M162608079-280393414_118431-661501888_1641397573-GB-M-006 read.
LOG (lattice-oracle[5.5.480~1-09abd]:main():lattice-oracle.cc:318) %WER 16.6667 [ 1 / 6, 0 insertions, 1 deletions, 0 sub ]
LOG (lattice-oracle[5.5.480~1-09abd]:main():lattice-oracle.cc:332) For utterance M162608079-280393414_118431-661501888_1641397573-GB-M-006, best cost 1
Lattice M162608079-280393414_118431-661501888_1641397573-GB-M-008 read.
LOG (lattice-oracle[5.5.480~1-09abd]:main():lattice-oracle.cc:318) %WER 14.2857 [ 1 / 7, 1 insertions, 0 deletions, 0 sub ]
LOG (lattice-oracle[5.5.480~1-09abd]:main():lattice-oracle.cc:332) For utterance M162608079-280393414_118431-661501888_1641397573-GB-M-008, best cost 1
Lattice M162608079-280393414_118431-661501888_1641397573-GB-M-009 read.
LOG (lattice-oracle[5.5.480~1-09abd]:main():lattice-oracle.cc:318) %WER 28.5714 [ 2 / 7, 0 insertions, 0 deletions, 2 sub ]
LOG (lattice-oracle[5.5.480~1-09abd]:main():lattice-oracle.cc:332) For utterance M162608079-280393414_118431-661501888_1641397573-GB-M-009, best cost 2
Lattice M162608079-280393414_118431-661501888_1641397573-GB-M-010 read.
LOG (lattice-oracle[5.5.480~1-09abd]:main():lattice-oracle.cc:318) %WER 42.8571 [ 3 / 7, 0 insertions, 0 deletions, 3 sub ]
LOG (lattice-oracle[5.5.480~1-09abd]:main():lattice-oracle.cc:332) For utterance M162608079-280393414_118431-661501888_1641397573-GB-M-010, best cost 3
Lattice M162608079-280393414_118431-661501888_1641397573-GB-M-012 read.
LOG (lattice-oracle[5.5.480~1-09abd]:main():lattice-oracle.cc:318) %WER 57.1429 [ 4 / 7, 0 insertions, 0 deletions, 4 sub ]
LOG (lattice-oracle[5.5.480~1-09abd]:main():lattice-oracle.cc:332) For utterance M162608079-280393414_118431-661501888_1641397573-GB-M-012, best cost 4
Lattice M162608079-280393414_118431-661501888_1641397573-GB-M-014 read.
LOG (lattice-oracle[5.5.480~1-09abd]:main():lattice-oracle.cc:318) %WER 20 [ 2 / 10, 0 insertions, 2 deletions, 0 sub ]
LOG (lattice-oracle[5.5.480~1-09abd]:main():lattice-oracle.cc:332) For utterance M162608079-280393414_118431-661501888_1641397573-GB-M-014, best cost 2
Lattice M162608079-280393414_118431-661501888_1641397573-GB-M-017 read.
LOG (lattice-oracle[5.5.480~1-09abd]:main():lattice-oracle.cc:318) %WER 0 [ 0 / 3, 0 insertions, 0 deletions, 0 sub ]
LOG (lattice-oracle[5.5.480~1-09abd]:main():lattice-oracle.cc:332) For utterance M162608079-280393414_118431-661501888_1641397573-GB-M-017, best cost 0
Lattice M162608079-280393414_118431-661501888_1641397573-GB-M-019 read.
LOG (lattice-oracle[5.5.480~1-09abd]:main():lattice-oracle.cc:318) %WER 30.7692 [ 4 / 13, 0 insertions, 3 deletions, 1 sub ]
LOG (lattice-oracle[5.5.480~1-09abd]:main():lattice-oracle.cc:332) For utterance M162608079-280393414_118431-661501888_1641397573-GB-M-019, best cost 4
Lattice M162608079-280393414_118431-661501888_1641397573-GB-M-024 read.
LOG (lattice-oracle[5.5.480~1-09abd]:main():lattice-oracle.cc:318) %WER 0 [ 0 / 3, 0 insertions, 0 deletions, 0 sub ]
LOG (lattice-oracle[5.5.480~1-09abd]:main():lattice-oracle.cc:332) For utterance M162608079-280393414_118431-661501888_1641397573-GB-M-024, best cost 0
Lattice M162608079-280393414_118431-661501888_1641397573-GB-M-025 read.
LOG (lattice-oracle[5.5.480~1-09abd]:main():lattice-oracle.cc:318) %WER 0 [ 0 / 3, 0 insertions, 0 deletions, 0 sub ]
LOG (lattice-oracle[5.5.480~1-09abd]:main():lattice-oracle.cc:332) For utterance M162608079-280393414_118431-661501888_1641397573-GB-M-025, best cost 0
Lattice M162608079-280393414_118431-661501888_1641397573-GB-M-027 read.
LOG (lattice-oracle[5.5.480~1-09abd]:main():lattice-oracle.cc:318) %WER 0 [ 0 / 3, 0 insertions, 0 deletions, 0 sub ]
LOG (lattice-oracle[5.5.480~1-09abd]:main():lattice-oracle.cc:332) For utterance M162608079-280393414_118431-661501888_1641397573-GB-M-027, best cost 0
Lattice M162608079-280393414_118431-661501888_1641397573-GB-M-031 read.
LOG (lattice-oracle[5.5.480~1-09abd]:main():lattice-oracle.cc:318) %WER 57.1429 [ 4 / 7, 0 insertions, 2 deletions, 2 sub ]
LOG (lattice-oracle[5.5.480~1-09abd]:main():lattice-oracle.cc:332) For utterance M162608079-280393414_118431-661501888_1641397573-GB-M-031, best cost 4
Lattice M162608079-280393414_118431-661501888_1641397573-GB-M-032 read.
LOG (lattice-oracle[5.5.480~1-09abd]:main():lattice-oracle.cc:318) %WER 62.5 [ 5 / 8, 0 insertions, 5 deletions, 0 sub ]
LOG (lattice-oracle[5.5.480~1-09abd]:main():lattice-oracle.cc:332) For utterance M162608079-280393414_118431-661501888_1641397573-GB-M-032, best cost 5
Lattice M162608079-280393414_118431-661501888_1641397573-GB-M-033 read.
LOG (lattice-oracle[5.5.480~1-09abd]:main():lattice-oracle.cc:318) %WER 13.3333 [ 4 / 30, 0 insertions, 4 deletions, 0 sub ]
LOG (lattice-oracle[5.5.480~1-09abd]:main():lattice-oracle.cc:332) For utterance M162608079-280393414_118431-661501888_1641397573-GB-M-033, best cost 4
Lattice M162608079-280393414_118431-661501888_1641397573-GB-M-040 read.
LOG (lattice-oracle[5.5.480~1-09abd]:main():lattice-oracle.cc:318) %WER 0 [ 0 / 8, 0 insertions, 0 deletions, 0 sub ]
LOG (lattice-oracle[5.5.480~1-09abd]:main():lattice-oracle.cc:332) For utterance M162608079-280393414_118431-661501888_1641397573-GB-M-040, best cost 0
Lattice M162608079-280393414_118431-661501888_1641397573-GB-M-043 read.
LOG (lattice-oracle[5.5.480~1-09abd]:main():lattice-oracle.cc:318) %WER 28.5714 [ 2 / 7, 0 insertions, 0 deletions, 2 sub ]
LOG (lattice-oracle[5.5.480~1-09abd]:main():lattice-oracle.cc:332) For utterance M162608079-280393414_118431-661501888_1641397573-GB-M-043, best cost 2
Lattice M162608079-280393414_118431-661501888_1641397573-GB-M-044 read.
LOG (lattice-oracle[5.5.480~1-09abd]:main():lattice-oracle.cc:318) %WER 71.4286 [ 5 / 7, 0 insertions, 0 deletions, 5 sub ]
LOG (lattice-oracle[5.5.480~1-09abd]:main():lattice-oracle.cc:332) For utterance M162608079-280393414_118431-661501888_1641397573-GB-M-044, best cost 5
Lattice M162608079-280393414_118431-661501888_1641397573-GB-M-046 read.
LOG (lattice-oracle[5.5.480~1-09abd]:main():lattice-oracle.cc:318) %WER 38.4615 [ 10 / 26, 2 insertions, 2 deletions, 6 sub ]
LOG (lattice-oracle[5.5.480~1-09abd]:main():lattice-oracle.cc:332) For utterance M162608079-280393414_118431-661501888_1641397573-GB-M-046, best cost 10
Lattice M162608079-280393414_118431-661501888_1641397573-GB-M-055 read.
LOG (lattice-oracle[5.5.480~1-09abd]:main():lattice-oracle.cc:318) %WER 33.3333 [ 7 / 21, 1 insertions, 4 deletions, 2 sub ]
LOG (lattice-oracle[5.5.480~1-09abd]:main():lattice-oracle.cc:332) For utterance M162608079-280393414_118431-661501888_1641397573-GB-M-055, best cost 7
Lattice M162608079-280393414_118431-661501888_1641397573-GB-M-060 read.
LOG (lattice-oracle[5.5.480~1-09abd]:main():lattice-oracle.cc:318) %WER 66.6667 [ 2 / 3, 0 insertions, 0 deletions, 2 sub ]
LOG (lattice-oracle[5.5.480~1-09abd]:main():lattice-oracle.cc:332) For utterance M162608079-280393414_118431-661501888_1641397573-GB-M-060, best cost 2
Lattice M162608079-280393414_118431-661501888_1641397573-GB-M-061 read.
LOG (lattice-oracle[5.5.480~1-09abd]:main():lattice-oracle.cc:318) %WER 14.2857 [ 2 / 14, 0 insertions, 2 deletions, 0 sub ]
LOG (lattice-oracle[5.5.480~1-09abd]:main():lattice-oracle.cc:332) For utterance M162608079-280393414_118431-661501888_1641397573-GB-M-061, best cost 2
Lattice M162608079-280393414_118431-661501888_1641397573-GB-M-063 read.
LOG (lattice-oracle[5.5.480~1-09abd]:main():lattice-oracle.cc:318) %WER 36.3636 [ 8 / 22, 0 insertions, 8 deletions, 0 sub ]
LOG (lattice-oracle[5.5.480~1-09abd]:main():lattice-oracle.cc:332) For utterance M162608079-280393414_118431-661501888_1641397573-GB-M-063, best cost 8
Lattice M162608079-280393414_118431-661501888_1641397573-GB-M-071 read.
LOG (lattice-oracle[5.5.480~1-09abd]:main():lattice-oracle.cc:318) %WER 0 [ 0 / 20, 0 insertions, 0 deletions, 0 sub ]
LOG (lattice-oracle[5.5.480~1-09abd]:main():lattice-oracle.cc:332) For utterance M162608079-280393414_118431-661501888_1641397573-GB-M-071, best cost 0
Lattice M162608079-280393414_118431-661501888_1641397573-GB-M-075 read.
LOG (lattice-oracle[5.5.480~1-09abd]:main():lattice-oracle.cc:318) %WER 0 [ 0 / 27, 0 insertions, 0 deletions, 0 sub ]
LOG (lattice-oracle[5.5.480~1-09abd]:main():lattice-oracle.cc:332) For utterance M162608079-280393414_118431-661501888_1641397573-GB-M-075, best cost 0
Lattice M164219604-3770492_3770492-1184927695_1441484303-GB-M-001 read.
LOG (lattice-oracle[5.5.480~1-09abd]:main():lattice-oracle.cc:318) %WER 40 [ 2 / 5, 0 insertions, 1 deletions, 1 sub ]
LOG (lattice-oracle[5.5.480~1-09abd]:main():lattice-oracle.cc:332) For utterance M164219604-3770492_3770492-1184927695_1441484303-GB-M-001, best cost 2
Lattice M164219604-3770492_3770492-1184927695_1441484303-GB-M-002 read.
LOG (lattice-oracle[5.5.480~1-09abd]:main():lattice-oracle.cc:318) %WER 72.7273 [ 16 / 22, 0 insertions, 12 deletions, 4 sub ]
LOG (lattice-oracle[5.5.480~1-09abd]:main():lattice-oracle.cc:332) For utterance M164219604-3770492_3770492-1184927695_1441484303-GB-M-002, best cost 16
Lattice M164219604-3770492_3770492-1184927695_1441484303-GB-M-006 read.
LOG (lattice-oracle[5.5.480~1-09abd]:main():lattice-oracle.cc:318) %WER 0 [ 0 / 5, 0 insertions, 0 deletions, 0 sub ]
LOG (lattice-oracle[5.5.480~1-09abd]:main():lattice-oracle.cc:332) For utterance M164219604-3770492_3770492-1184927695_1441484303-GB-M-006, best cost 0
Lattice M164219604-3770492_3770492-1184927695_1441484303-GB-M-007 read.
LOG (lattice-oracle[5.5.480~1-09abd]:main():lattice-oracle.cc:318) %WER 0 [ 0 / 4, 0 insertions, 0 deletions, 0 sub ]
LOG (lattice-oracle[5.5.480~1-09abd]:main():lattice-oracle.cc:332) For utterance M164219604-3770492_3770492-1184927695_1441484303-GB-M-007, best cost 0
Lattice M164219604-3770492_3770492-1184927695_1441484303-GB-M-008 read.
LOG (lattice-oracle[5.5.480~1-09abd]:main():lattice-oracle.cc:318) %WER 0 [ 0 / 4, 0 insertions, 0 deletions, 0 sub ]
LOG (lattice-oracle[5.5.480~1-09abd]:main():lattice-oracle.cc:332) For utterance M164219604-3770492_3770492-1184927695_1441484303-GB-M-008, best cost 0
Lattice M164219604-3770492_3770492-1184927695_1441484303-GB-M-010 read.
LOG (lattice-oracle[5.5.480~1-09abd]:main():lattice-oracle.cc:318) %WER 25 [ 1 / 4, 0 insertions, 1 deletions, 0 sub ]
LOG (lattice-oracle[5.5.480~1-09abd]:main():lattice-oracle.cc:332) For utterance M164219604-3770492_3770492-1184927695_1441484303-GB-M-010, best cost 1
Lattice M164219604-3770492_3770492-1184927695_1441484303-GB-M-012 read.
LOG (lattice-oracle[5.5.480~1-09abd]:main():lattice-oracle.cc:318) %WER 20 [ 2 / 10, 0 insertions, 2 deletions, 0 sub ]
LOG (lattice-oracle[5.5.480~1-09abd]:main():lattice-oracle.cc:332) For utterance M164219604-3770492_3770492-1184927695_1441484303-GB-M-012, best cost 2
Lattice M164219604-3770492_3770492-1184927695_1441484303-GB-M-013 read.
LOG (lattice-oracle[5.5.480~1-09abd]:main():lattice-oracle.cc:318) %WER 0 [ 0 / 2, 0 insertions, 0 deletions, 0 sub ]
LOG (lattice-oracle[5.5.480~1-09abd]:main():lattice-oracle.cc:332) For utterance M164219604-3770492_3770492-1184927695_1441484303-GB-M-013, best cost 0
Lattice M164219604-3770492_3770492-1184927695_1441484303-GB-M-014 read.
LOG (lattice-oracle[5.5.480~1-09abd]:main():lattice-oracle.cc:318) %WER 41.0256 [ 16 / 39, 1 insertions, 12 deletions, 3 sub ]
LOG (lattice-oracle[5.5.480~1-09abd]:main():lattice-oracle.cc:332) For utterance M164219604-3770492_3770492-1184927695_1441484303-GB-M-014, best cost 16
Lattice M164219604-3770492_3770492-1184927695_1441484303-GB-M-020 read.
LOG (lattice-oracle[5.5.480~1-09abd]:main():lattice-oracle.cc:318) %WER 0 [ 0 / 12, 0 insertions, 0 deletions, 0 sub ]
LOG (lattice-oracle[5.5.480~1-09abd]:main():lattice-oracle.cc:332) For utterance M164219604-3770492_3770492-1184927695_1441484303-GB-M-020, best cost 0
Lattice M164219604-3770492_3770492-1184927695_1441484303-GB-M-022 read.
LOG (lattice-oracle[5.5.480~1-09abd]:main():lattice-oracle.cc:318) %WER 40 [ 2 / 5, 2 insertions, 0 deletions, 0 sub ]
LOG (lattice-oracle[5.5.480~1-09abd]:main():lattice-oracle.cc:332) For utterance M164219604-3770492_3770492-1184927695_1441484303-GB-M-022, best cost 2
Lattice M164219604-3770492_3770492-1184927695_1441484303-GB-M-023 read.
LOG (lattice-oracle[5.5.480~1-09abd]:main():lattice-oracle.cc:318) %WER 0 [ 0 / 6, 0 insertions, 0 deletions, 0 sub ]
LOG (lattice-oracle[5.5.480~1-09abd]:main():lattice-oracle.cc:332) For utterance M164219604-3770492_3770492-1184927695_1441484303-GB-M-023, best cost 0
Lattice M164219604-3770492_3770492-1184927695_1441484303-GB-M-024 read.
LOG (lattice-oracle[5.5.480~1-09abd]:main():lattice-oracle.cc:318) %WER 19.5122 [ 8 / 41, 1 insertions, 2 deletions, 5 sub ]
LOG (lattice-oracle[5.5.480~1-09abd]:main():lattice-oracle.cc:332) For utterance M164219604-3770492_3770492-1184927695_1441484303-GB-M-024, best cost 8
Lattice M164219604-3770492_3770492-1184927695_1441484303-GB-M-030 read.
LOG (lattice-oracle[5.5.480~1-09abd]:main():lattice-oracle.cc:318) %WER 14.2857 [ 3 / 21, 0 insertions, 3 deletions, 0 sub ]
LOG (lattice-oracle[5.5.480~1-09abd]:main():lattice-oracle.cc:332) For utterance M164219604-3770492_3770492-1184927695_1441484303-GB-M-030, best cost 3
Lattice M164219604-3770492_3770492-1184927695_1441484303-GB-M-038 read.
LOG (lattice-oracle[5.5.480~1-09abd]:main():lattice-oracle.cc:318) %WER 47.0588 [ 8 / 17, 0 insertions, 8 deletions, 0 sub ]
LOG (lattice-oracle[5.5.480~1-09abd]:main():lattice-oracle.cc:332) For utterance M164219604-3770492_3770492-1184927695_1441484303-GB-M-038, best cost 8
Lattice M164219604-3770492_3770492-1184927695_1441484303-GB-M-040 read.
LOG (lattice-oracle[5.5.480~1-09abd]:main():lattice-oracle.cc:318) %WER 42.8571 [ 3 / 7, 3 insertions, 0 deletions, 0 sub ]
LOG (lattice-oracle[5.5.480~1-09abd]:main():lattice-oracle.cc:332) For utterance M164219604-3770492_3770492-1184927695_1441484303-GB-M-040, best cost 3
Lattice M164219604-3770492_3770492-1184927695_1441484303-GB-M-041 read.
LOG (lattice-oracle[5.5.480~1-09abd]:main():lattice-oracle.cc:318) %WER 0 [ 0 / 10, 0 insertions, 0 deletions, 0 sub ]
LOG (lattice-oracle[5.5.480~1-09abd]:main():lattice-oracle.cc:332) For utterance M164219604-3770492_3770492-1184927695_1441484303-GB-M-041, best cost 0
Lattice M164219604-3770492_3770492-1184927695_1441484303-GB-M-044 read.
LOG (lattice-oracle[5.5.480~1-09abd]:main():lattice-oracle.cc:318) %WER 0 [ 0 / 3, 0 insertions, 0 deletions, 0 sub ]
LOG (lattice-oracle[5.5.480~1-09abd]:main():lattice-oracle.cc:332) For utterance M164219604-3770492_3770492-1184927695_1441484303-GB-M-044, best cost 0
Lattice M164219604-3770492_3770492-1184927695_1441484303-GB-M-047 read.
LOG (lattice-oracle[5.5.480~1-09abd]:main():lattice-oracle.cc:318) %WER 0 [ 0 / 3, 0 insertions, 0 deletions, 0 sub ]
LOG (lattice-oracle[5.5.480~1-09abd]:main():lattice-oracle.cc:332) For utterance M164219604-3770492_3770492-1184927695_1441484303-GB-M-047, best cost 0
Lattice M164219604-3770492_3770492-1184927695_1441484303-GB-M-054 read.
LOG (lattice-oracle[5.5.480~1-09abd]:main():lattice-oracle.cc:318) %WER 0 [ 0 / 7, 0 insertions, 0 deletions, 0 sub ]
LOG (lattice-oracle[5.5.480~1-09abd]:main():lattice-oracle.cc:332) For utterance M164219604-3770492_3770492-1184927695_1441484303-GB-M-054, best cost 0
Lattice M164219604-3770492_3770492-1184927695_1441484303-GB-M-056 read.
LOG (lattice-oracle[5.5.480~1-09abd]:main():lattice-oracle.cc:318) %WER 0 [ 0 / 5, 0 insertions, 0 deletions, 0 sub ]
LOG (lattice-oracle[5.5.480~1-09abd]:main():lattice-oracle.cc:332) For utterance M164219604-3770492_3770492-1184927695_1441484303-GB-M-056, best cost 0
Lattice M164219604-3770492_3770492-1184927695_1441484303-GB-M-057 read.
LOG (lattice-oracle[5.5.480~1-09abd]:main():lattice-oracle.cc:318) %WER 50 [ 6 / 12, 0 insertions, 4 deletions, 2 sub ]
LOG (lattice-oracle[5.5.480~1-09abd]:main():lattice-oracle.cc:332) For utterance M164219604-3770492_3770492-1184927695_1441484303-GB-M-057, best cost 6
Lattice M164219604-3770492_3770492-1184927695_1441484303-GB-M-058 read.
LOG (lattice-oracle[5.5.480~1-09abd]:main():lattice-oracle.cc:318) %WER 0 [ 0 / 12, 0 insertions, 0 deletions, 0 sub ]
LOG (lattice-oracle[5.5.480~1-09abd]:main():lattice-oracle.cc:332) For utterance M164219604-3770492_3770492-1184927695_1441484303-GB-M-058, best cost 0
Lattice M164219604-3770492_3770492-1184927695_1441484303-GB-M-059 read.
LOG (lattice-oracle[5.5.480~1-09abd]:main():lattice-oracle.cc:318) %WER 0 [ 0 / 20, 0 insertions, 0 deletions, 0 sub ]
LOG (lattice-oracle[5.5.480~1-09abd]:main():lattice-oracle.cc:332) For utterance M164219604-3770492_3770492-1184927695_1441484303-GB-M-059, best cost 0
Lattice M164219604-3770492_3770492-1184927695_1441484303-GB-M-061 read.
LOG (lattice-oracle[5.5.480~1-09abd]:main():lattice-oracle.cc:318) %WER 30 [ 3 / 10, 3 insertions, 0 deletions, 0 sub ]
LOG (lattice-oracle[5.5.480~1-09abd]:main():lattice-oracle.cc:332) For utterance M164219604-3770492_3770492-1184927695_1441484303-GB-M-061, best cost 3
Lattice M164219604-3770492_3770492-1184927695_1441484303-GB-M-064 read.
LOG (lattice-oracle[5.5.480~1-09abd]:main():lattice-oracle.cc:318) %WER 0 [ 0 / 8, 0 insertions, 0 deletions, 0 sub ]
LOG (lattice-oracle[5.5.480~1-09abd]:main():lattice-oracle.cc:332) For utterance M164219604-3770492_3770492-1184927695_1441484303-GB-M-064, best cost 0
Lattice M164219604-3770492_3770492-1184927695_1441484303-GB-M-065 read.
LOG (lattice-oracle[5.5.480~1-09abd]:main():lattice-oracle.cc:318) %WER 0 [ 0 / 5, 0 insertions, 0 deletions, 0 sub ]
LOG (lattice-oracle[5.5.480~1-09abd]:main():lattice-oracle.cc:332) For utterance M164219604-3770492_3770492-1184927695_1441484303-GB-M-065, best cost 0
Lattice M168328590-366321445_130404-168330365_1666655313-GB-M-003 read.
LOG (lattice-oracle[5.5.480~1-09abd]:main():lattice-oracle.cc:318) %WER 0 [ 0 / 5, 0 insertions, 0 deletions, 0 sub ]
LOG (lattice-oracle[5.5.480~1-09abd]:main():lattice-oracle.cc:332) For utterance M168328590-366321445_130404-168330365_1666655313-GB-M-003, best cost 0
Lattice M168328590-366321445_130404-168330365_1666655313-GB-M-005 read.
LOG (lattice-oracle[5.5.480~1-09abd]:main():lattice-oracle.cc:318) %WER 0 [ 0 / 5, 0 insertions, 0 deletions, 0 sub ]
LOG (lattice-oracle[5.5.480~1-09abd]:main():lattice-oracle.cc:332) For utterance M168328590-366321445_130404-168330365_1666655313-GB-M-005, best cost 0
Lattice M168328590-366321445_130404-168330365_1666655313-GB-M-006 read.
LOG (lattice-oracle[5.5.480~1-09abd]:main():lattice-oracle.cc:318) %WER 0 [ 0 / 7, 0 insertions, 0 deletions, 0 sub ]
LOG (lattice-oracle[5.5.480~1-09abd]:main():lattice-oracle.cc:332) For utterance M168328590-366321445_130404-168330365_1666655313-GB-M-006, best cost 0
Lattice M168328590-366321445_130404-168330365_1666655313-GB-M-008 read.
LOG (lattice-oracle[5.5.480~1-09abd]:main():lattice-oracle.cc:318) %WER 0 [ 0 / 6, 0 insertions, 0 deletions, 0 sub ]
LOG (lattice-oracle[5.5.480~1-09abd]:main():lattice-oracle.cc:332) For utterance M168328590-366321445_130404-168330365_1666655313-GB-M-008, best cost 0
Lattice M168328590-366321445_130404-168330365_1666655313-GB-M-015 read.
LOG (lattice-oracle[5.5.480~1-09abd]:main():lattice-oracle.cc:318) %WER 0 [ 0 / 3, 0 insertions, 0 deletions, 0 sub ]
LOG (lattice-oracle[5.5.480~1-09abd]:main():lattice-oracle.cc:332) For utterance M168328590-366321445_130404-168330365_1666655313-GB-M-015, best cost 0
Lattice M168328590-366321445_130404-168330365_1666655313-GB-M-016 read.
LOG (lattice-oracle[5.5.480~1-09abd]:main():lattice-oracle.cc:318) %WER 0 [ 0 / 13, 0 insertions, 0 deletions, 0 sub ]
LOG (lattice-oracle[5.5.480~1-09abd]:main():lattice-oracle.cc:332) For utterance M168328590-366321445_130404-168330365_1666655313-GB-M-016, best cost 0
Lattice M168328590-366321445_130404-168330365_1666655313-GB-M-024 read.
LOG (lattice-oracle[5.5.480~1-09abd]:main():lattice-oracle.cc:318) %WER 0 [ 0 / 6, 0 insertions, 0 deletions, 0 sub ]
LOG (lattice-oracle[5.5.480~1-09abd]:main():lattice-oracle.cc:332) For utterance M168328590-366321445_130404-168330365_1666655313-GB-M-024, best cost 0
Lattice M168328590-366321445_130404-168330365_1666655313-GB-M-026 read.
LOG (lattice-oracle[5.5.480~1-09abd]:main():lattice-oracle.cc:318) %WER 0 [ 0 / 19, 0 insertions, 0 deletions, 0 sub ]
LOG (lattice-oracle[5.5.480~1-09abd]:main():lattice-oracle.cc:332) For utterance M168328590-366321445_130404-168330365_1666655313-GB-M-026, best cost 0
Lattice M168328590-366321445_130404-168330365_1666655313-GB-M-034 read.
LOG (lattice-oracle[5.5.480~1-09abd]:main():lattice-oracle.cc:318) %WER 0 [ 0 / 6, 0 insertions, 0 deletions, 0 sub ]
LOG (lattice-oracle[5.5.480~1-09abd]:main():lattice-oracle.cc:332) For utterance M168328590-366321445_130404-168330365_1666655313-GB-M-034, best cost 0
Lattice M168328590-366321445_130404-168330365_1666655313-GB-M-035 read.
LOG (lattice-oracle[5.5.480~1-09abd]:main():lattice-oracle.cc:318) %WER 0 [ 0 / 2, 0 insertions, 0 deletions, 0 sub ]
LOG (lattice-oracle[5.5.480~1-09abd]:main():lattice-oracle.cc:332) For utterance M168328590-366321445_130404-168330365_1666655313-GB-M-035, best cost 0
Lattice M168328590-366321445_130404-168330365_1666655313-GB-M-041 read.
LOG (lattice-oracle[5.5.480~1-09abd]:main():lattice-oracle.cc:318) %WER 0 [ 0 / 25, 0 insertions, 0 deletions, 0 sub ]
LOG (lattice-oracle[5.5.480~1-09abd]:main():lattice-oracle.cc:332) For utterance M168328590-366321445_130404-168330365_1666655313-GB-M-041, best cost 0
Lattice M168328590-366321445_130404-168330365_1666655313-GB-M-047 read.
LOG (lattice-oracle[5.5.480~1-09abd]:main():lattice-oracle.cc:318) %WER 0 [ 0 / 3, 0 insertions, 0 deletions, 0 sub ]
LOG (lattice-oracle[5.5.480~1-09abd]:main():lattice-oracle.cc:332) For utterance M168328590-366321445_130404-168330365_1666655313-GB-M-047, best cost 0
Lattice M168328590-366321445_130404-168330365_1666655313-GB-M-048 read.
LOG (lattice-oracle[5.5.480~1-09abd]:main():lattice-oracle.cc:318) %WER 0 [ 0 / 5, 0 insertions, 0 deletions, 0 sub ]
LOG (lattice-oracle[5.5.480~1-09abd]:main():lattice-oracle.cc:332) For utterance M168328590-366321445_130404-168330365_1666655313-GB-M-048, best cost 0
Lattice M168328590-366321445_130404-168330365_1666655313-GB-M-049 read.
LOG (lattice-oracle[5.5.480~1-09abd]:main():lattice-oracle.cc:318) %WER 0 [ 0 / 8, 0 insertions, 0 deletions, 0 sub ]
LOG (lattice-oracle[5.5.480~1-09abd]:main():lattice-oracle.cc:332) For utterance M168328590-366321445_130404-168330365_1666655313-GB-M-049, best cost 0
Lattice M168328590-366321445_130404-168330365_1666655313-GB-M-051 read.
LOG (lattice-oracle[5.5.480~1-09abd]:main():lattice-oracle.cc:318) %WER 0 [ 0 / 3, 0 insertions, 0 deletions, 0 sub ]
LOG (lattice-oracle[5.5.480~1-09abd]:main():lattice-oracle.cc:332) For utterance M168328590-366321445_130404-168330365_1666655313-GB-M-051, best cost 0
Lattice M168328590-366321445_130404-168330365_1666655313-GB-M-052 read.
LOG (lattice-oracle[5.5.480~1-09abd]:main():lattice-oracle.cc:318) %WER 40 [ 2 / 5, 0 insertions, 2 deletions, 0 sub ]
LOG (lattice-oracle[5.5.480~1-09abd]:main():lattice-oracle.cc:332) For utterance M168328590-366321445_130404-168330365_1666655313-GB-M-052, best cost 2
Lattice M168328590-366321445_130404-168330365_1666655313-GB-M-053 read.
LOG (lattice-oracle[5.5.480~1-09abd]:main():lattice-oracle.cc:318) %WER 66.6667 [ 2 / 3, 0 insertions, 1 deletions, 1 sub ]
LOG (lattice-oracle[5.5.480~1-09abd]:main():lattice-oracle.cc:332) For utterance M168328590-366321445_130404-168330365_1666655313-GB-M-053, best cost 2
Lattice M175408183-3699509_3699509-532602792_1558194176-GB-M-009 read.
LOG (lattice-oracle[5.5.480~1-09abd]:main():lattice-oracle.cc:318) %WER 9.09091 [ 1 / 11, 0 insertions, 1 deletions, 0 sub ]
LOG (lattice-oracle[5.5.480~1-09abd]:main():lattice-oracle.cc:332) For utterance M175408183-3699509_3699509-532602792_1558194176-GB-M-009, best cost 1
Lattice M175408183-3699509_3699509-532602792_1558194176-GB-M-011 read.
LOG (lattice-oracle[5.5.480~1-09abd]:main():lattice-oracle.cc:318) %WER 25 [ 1 / 4, 1 insertions, 0 deletions, 0 sub ]
LOG (lattice-oracle[5.5.480~1-09abd]:main():lattice-oracle.cc:332) For utterance M175408183-3699509_3699509-532602792_1558194176-GB-M-011, best cost 1
Lattice M175408183-3699509_3699509-532602792_1558194176-GB-M-012 read.
LOG (lattice-oracle[5.5.480~1-09abd]:main():lattice-oracle.cc:318) %WER 20 [ 1 / 5, 0 insertions, 1 deletions, 0 sub ]
LOG (lattice-oracle[5.5.480~1-09abd]:main():lattice-oracle.cc:332) For utterance M175408183-3699509_3699509-532602792_1558194176-GB-M-012, best cost 1
Lattice M175408183-3699509_3699509-532602792_1558194176-GB-M-013 read.
LOG (lattice-oracle[5.5.480~1-09abd]:main():lattice-oracle.cc:318) %WER 44.4444 [ 4 / 9, 0 insertions, 4 deletions, 0 sub ]
LOG (lattice-oracle[5.5.480~1-09abd]:main():lattice-oracle.cc:332) For utterance M175408183-3699509_3699509-532602792_1558194176-GB-M-013, best cost 4
Lattice M175408183-3699509_3699509-532602792_1558194176-GB-M-014 read.
LOG (lattice-oracle[5.5.480~1-09abd]:main():lattice-oracle.cc:318) %WER 0 [ 0 / 5, 0 insertions, 0 deletions, 0 sub ]
LOG (lattice-oracle[5.5.480~1-09abd]:main():lattice-oracle.cc:332) For utterance M175408183-3699509_3699509-532602792_1558194176-GB-M-014, best cost 0
Lattice M175408183-3699509_3699509-532602792_1558194176-GB-M-015 read.
LOG (lattice-oracle[5.5.480~1-09abd]:main():lattice-oracle.cc:318) %WER 72.7273 [ 8 / 11, 0 insertions, 6 deletions, 2 sub ]
LOG (lattice-oracle[5.5.480~1-09abd]:main():lattice-oracle.cc:332) For utterance M175408183-3699509_3699509-532602792_1558194176-GB-M-015, best cost 8
Lattice M175408183-3699509_3699509-532602792_1558194176-GB-M-017 read.
LOG (lattice-oracle[5.5.480~1-09abd]:main():lattice-oracle.cc:318) %WER 66.6667 [ 4 / 6, 3 insertions, 1 deletions, 0 sub ]
LOG (lattice-oracle[5.5.480~1-09abd]:main():lattice-oracle.cc:332) For utterance M175408183-3699509_3699509-532602792_1558194176-GB-M-017, best cost 4
Lattice M175408183-3699509_3699509-532602792_1558194176-GB-M-018 read.
LOG (lattice-oracle[5.5.480~1-09abd]:main():lattice-oracle.cc:318) %WER 16.6667 [ 1 / 6, 1 insertions, 0 deletions, 0 sub ]
LOG (lattice-oracle[5.5.480~1-09abd]:main():lattice-oracle.cc:332) For utterance M175408183-3699509_3699509-532602792_1558194176-GB-M-018, best cost 1
Lattice M175408183-3699509_3699509-532602792_1558194176-GB-M-019 read.
LOG (lattice-oracle[5.5.480~1-09abd]:main():lattice-oracle.cc:318) %WER 29.4118 [ 10 / 34, 1 insertions, 7 deletions, 2 sub ]
LOG (lattice-oracle[5.5.480~1-09abd]:main():lattice-oracle.cc:332) For utterance M175408183-3699509_3699509-532602792_1558194176-GB-M-019, best cost 10
Lattice M175408183-3699509_3699509-532602792_1558194176-GB-M-038 read.
LOG (lattice-oracle[5.5.480~1-09abd]:main():lattice-oracle.cc:318) %WER 0 [ 0 / 5, 0 insertions, 0 deletions, 0 sub ]
LOG (lattice-oracle[5.5.480~1-09abd]:main():lattice-oracle.cc:332) For utterance M175408183-3699509_3699509-532602792_1558194176-GB-M-038, best cost 0
Lattice M175408183-3699509_3699509-532602792_1558194176-GB-M-039 read.
LOG (lattice-oracle[5.5.480~1-09abd]:main():lattice-oracle.cc:318) %WER 8.33333 [ 5 / 60, 0 insertions, 4 deletions, 1 sub ]
LOG (lattice-oracle[5.5.480~1-09abd]:main():lattice-oracle.cc:332) For utterance M175408183-3699509_3699509-532602792_1558194176-GB-M-039, best cost 5
Lattice M175408183-3699509_3699509-532602792_1558194176-GB-M-051 read.
LOG (lattice-oracle[5.5.480~1-09abd]:main():lattice-oracle.cc:318) %WER 45.4545 [ 5 / 11, 0 insertions, 5 deletions, 0 sub ]
LOG (lattice-oracle[5.5.480~1-09abd]:main():lattice-oracle.cc:332) For utterance M175408183-3699509_3699509-532602792_1558194176-GB-M-051, best cost 5
Lattice M175408183-3699509_3699509-532602792_1558194176-GB-M-054 read.
LOG (lattice-oracle[5.5.480~1-09abd]:main():lattice-oracle.cc:318) %WER 0 [ 0 / 10, 0 insertions, 0 deletions, 0 sub ]
LOG (lattice-oracle[5.5.480~1-09abd]:main():lattice-oracle.cc:332) For utterance M175408183-3699509_3699509-532602792_1558194176-GB-M-054, best cost 0
Lattice M175408183-3699509_3699509-532602792_1558194176-GB-M-057 read.
LOG (lattice-oracle[5.5.480~1-09abd]:main():lattice-oracle.cc:318) %WER 0 [ 0 / 10, 0 insertions, 0 deletions, 0 sub ]
LOG (lattice-oracle[5.5.480~1-09abd]:main():lattice-oracle.cc:332) For utterance M175408183-3699509_3699509-532602792_1558194176-GB-M-057, best cost 0
Lattice M175408183-3699509_3699509-532602792_1558194176-GB-M-059 read.
LOG (lattice-oracle[5.5.480~1-09abd]:main():lattice-oracle.cc:318) %WER 0 [ 0 / 31, 0 insertions, 0 deletions, 0 sub ]
LOG (lattice-oracle[5.5.480~1-09abd]:main():lattice-oracle.cc:332) For utterance M175408183-3699509_3699509-532602792_1558194176-GB-M-059, best cost 0
Lattice M175408183-3699509_3699509-532602792_1558194176-GB-M-066 read.
LOG (lattice-oracle[5.5.480~1-09abd]:main():lattice-oracle.cc:318) %WER 0 [ 0 / 9, 0 insertions, 0 deletions, 0 sub ]
LOG (lattice-oracle[5.5.480~1-09abd]:main():lattice-oracle.cc:332) For utterance M175408183-3699509_3699509-532602792_1558194176-GB-M-066, best cost 0
Lattice M175408183-3699509_3699509-532602792_1558194176-GB-M-068 read.
LOG (lattice-oracle[5.5.480~1-09abd]:main():lattice-oracle.cc:318) %WER 9.09091 [ 1 / 11, 0 insertions, 1 deletions, 0 sub ]
LOG (lattice-oracle[5.5.480~1-09abd]:main():lattice-oracle.cc:332) For utterance M175408183-3699509_3699509-532602792_1558194176-GB-M-068, best cost 1
Lattice M175408183-3699509_3699509-532602792_1558194176-GB-M-070 read.
LOG (lattice-oracle[5.5.480~1-09abd]:main():lattice-oracle.cc:318) %WER 20 [ 1 / 5, 0 insertions, 1 deletions, 0 sub ]
LOG (lattice-oracle[5.5.480~1-09abd]:main():lattice-oracle.cc:332) For utterance M175408183-3699509_3699509-532602792_1558194176-GB-M-070, best cost 1
Lattice M175408183-3699509_3699509-532602792_1558194176-GB-M-073 read.
LOG (lattice-oracle[5.5.480~1-09abd]:main():lattice-oracle.cc:318) %WER 0 [ 0 / 25, 0 insertions, 0 deletions, 0 sub ]
LOG (lattice-oracle[5.5.480~1-09abd]:main():lattice-oracle.cc:332) For utterance M175408183-3699509_3699509-532602792_1558194176-GB-M-073, best cost 0
Lattice M175408183-3699509_3699509-532602792_1558194176-GB-M-077 read.
LOG (lattice-oracle[5.5.480~1-09abd]:main():lattice-oracle.cc:318) %WER 37.5 [ 3 / 8, 0 insertions, 1 deletions, 2 sub ]
LOG (lattice-oracle[5.5.480~1-09abd]:main():lattice-oracle.cc:332) For utterance M175408183-3699509_3699509-532602792_1558194176-GB-M-077, best cost 3
Lattice M175408183-3699509_3699509-532602792_1558194176-GB-M-112 read.
LOG (lattice-oracle[5.5.480~1-09abd]:main():lattice-oracle.cc:318) %WER 4.16667 [ 1 / 24, 1 insertions, 0 deletions, 0 sub ]
LOG (lattice-oracle[5.5.480~1-09abd]:main():lattice-oracle.cc:332) For utterance M175408183-3699509_3699509-532602792_1558194176-GB-M-112, best cost 1
Lattice M185782101-42870007_249340-216972851_1661851363-GB-M-002 read.
LOG (lattice-oracle[5.5.480~1-09abd]:main():lattice-oracle.cc:318) %WER 50 [ 3 / 6, 0 insertions, 3 deletions, 0 sub ]
LOG (lattice-oracle[5.5.480~1-09abd]:main():lattice-oracle.cc:332) For utterance M185782101-42870007_249340-216972851_1661851363-GB-M-002, best cost 3
Lattice M185782101-42870007_249340-216972851_1661851363-GB-M-009 read.
LOG (lattice-oracle[5.5.480~1-09abd]:main():lattice-oracle.cc:318) %WER 36.3636 [ 4 / 11, 0 insertions, 3 deletions, 1 sub ]
LOG (lattice-oracle[5.5.480~1-09abd]:main():lattice-oracle.cc:332) For utterance M185782101-42870007_249340-216972851_1661851363-GB-M-009, best cost 4
Lattice M185782101-42870007_249340-216972851_1661851363-GB-M-014 read.
LOG (lattice-oracle[5.5.480~1-09abd]:main():lattice-oracle.cc:318) %WER 53.8462 [ 7 / 13, 0 insertions, 6 deletions, 1 sub ]
LOG (lattice-oracle[5.5.480~1-09abd]:main():lattice-oracle.cc:332) For utterance M185782101-42870007_249340-216972851_1661851363-GB-M-014, best cost 7
Lattice M185782101-42870007_249340-216972851_1661851363-GB-M-016 read.
LOG (lattice-oracle[5.5.480~1-09abd]:main():lattice-oracle.cc:318) %WER 25 [ 2 / 8, 0 insertions, 2 deletions, 0 sub ]
LOG (lattice-oracle[5.5.480~1-09abd]:main():lattice-oracle.cc:332) For utterance M185782101-42870007_249340-216972851_1661851363-GB-M-016, best cost 2
Lattice M185782101-42870007_249340-216972851_1661851363-GB-M-018 read.
LOG (lattice-oracle[5.5.480~1-09abd]:main():lattice-oracle.cc:318) %WER 57.1429 [ 8 / 14, 0 insertions, 6 deletions, 2 sub ]
LOG (lattice-oracle[5.5.480~1-09abd]:main():lattice-oracle.cc:332) For utterance M185782101-42870007_249340-216972851_1661851363-GB-M-018, best cost 8
Lattice M185782101-42870007_249340-216972851_1661851363-GB-M-021 read.
LOG (lattice-oracle[5.5.480~1-09abd]:main():lattice-oracle.cc:318) %WER 8.33333 [ 1 / 12, 1 insertions, 0 deletions, 0 sub ]
LOG (lattice-oracle[5.5.480~1-09abd]:main():lattice-oracle.cc:332) For utterance M185782101-42870007_249340-216972851_1661851363-GB-M-021, best cost 1
Lattice M185782101-42870007_249340-216972851_1661851363-GB-M-023 read.
LOG (lattice-oracle[5.5.480~1-09abd]:main():lattice-oracle.cc:318) %WER 0 [ 0 / 10, 0 insertions, 0 deletions, 0 sub ]
LOG (lattice-oracle[5.5.480~1-09abd]:main():lattice-oracle.cc:332) For utterance M185782101-42870007_249340-216972851_1661851363-GB-M-023, best cost 0
Lattice M185782101-42870007_249340-216972851_1661851363-GB-M-025 read.
LOG (lattice-oracle[5.5.480~1-09abd]:main():lattice-oracle.cc:318) %WER 14.2857 [ 1 / 7, 1 insertions, 0 deletions, 0 sub ]
LOG (lattice-oracle[5.5.480~1-09abd]:main():lattice-oracle.cc:332) For utterance M185782101-42870007_249340-216972851_1661851363-GB-M-025, best cost 1
Lattice M185782101-42870007_249340-216972851_1661851363-GB-M-026 read.
LOG (lattice-oracle[5.5.480~1-09abd]:main():lattice-oracle.cc:318) %WER 0 [ 0 / 7, 0 insertions, 0 deletions, 0 sub ]
LOG (lattice-oracle[5.5.480~1-09abd]:main():lattice-oracle.cc:332) For utterance M185782101-42870007_249340-216972851_1661851363-GB-M-026, best cost 0
Lattice M185782101-42870007_249340-216972851_1661851363-GB-M-027 read.
LOG (lattice-oracle[5.5.480~1-09abd]:main():lattice-oracle.cc:318) %WER 0 [ 0 / 7, 0 insertions, 0 deletions, 0 sub ]
LOG (lattice-oracle[5.5.480~1-09abd]:main():lattice-oracle.cc:332) For utterance M185782101-42870007_249340-216972851_1661851363-GB-M-027, best cost 0
Lattice M185782101-42870007_249340-216972851_1661851363-GB-M-028 read.
LOG (lattice-oracle[5.5.480~1-09abd]:main():lattice-oracle.cc:318) %WER 0 [ 0 / 23, 0 insertions, 0 deletions, 0 sub ]
LOG (lattice-oracle[5.5.480~1-09abd]:main():lattice-oracle.cc:332) For utterance M185782101-42870007_249340-216972851_1661851363-GB-M-028, best cost 0
Lattice M185782101-42870007_249340-216972851_1661851363-GB-M-033 read.
LOG (lattice-oracle[5.5.480~1-09abd]:main():lattice-oracle.cc:318) %WER 0 [ 0 / 2, 0 insertions, 0 deletions, 0 sub ]
LOG (lattice-oracle[5.5.480~1-09abd]:main():lattice-oracle.cc:332) For utterance M185782101-42870007_249340-216972851_1661851363-GB-M-033, best cost 0
Lattice M185782101-42870007_249340-216972851_1661851363-GB-M-034 read.
LOG (lattice-oracle[5.5.480~1-09abd]:main():lattice-oracle.cc:318) %WER 42.8571 [ 6 / 14, 0 insertions, 6 deletions, 0 sub ]
LOG (lattice-oracle[5.5.480~1-09abd]:main():lattice-oracle.cc:332) For utterance M185782101-42870007_249340-216972851_1661851363-GB-M-034, best cost 6
Lattice M185782101-42870007_249340-216972851_1661851363-GB-M-036 read.
LOG (lattice-oracle[5.5.480~1-09abd]:main():lattice-oracle.cc:318) %WER 45.4545 [ 5 / 11, 0 insertions, 4 deletions, 1 sub ]
LOG (lattice-oracle[5.5.480~1-09abd]:main():lattice-oracle.cc:332) For utterance M185782101-42870007_249340-216972851_1661851363-GB-M-036, best cost 5
Lattice M185782101-42870007_249340-216972851_1661851363-GB-M-038 read.
LOG (lattice-oracle[5.5.480~1-09abd]:main():lattice-oracle.cc:318) %WER 72.7273 [ 8 / 11, 0 insertions, 8 deletions, 0 sub ]
LOG (lattice-oracle[5.5.480~1-09abd]:main():lattice-oracle.cc:332) For utterance M185782101-42870007_249340-216972851_1661851363-GB-M-038, best cost 8
Lattice M185782101-42870007_249340-216972851_1661851363-GB-M-040 read.
LOG (lattice-oracle[5.5.480~1-09abd]:main():lattice-oracle.cc:318) %WER 63.6364 [ 7 / 11, 3 insertions, 0 deletions, 4 sub ]
LOG (lattice-oracle[5.5.480~1-09abd]:main():lattice-oracle.cc:332) For utterance M185782101-42870007_249340-216972851_1661851363-GB-M-040, best cost 7
Lattice M185782101-42870007_249340-216972851_1661851363-GB-M-043 read.
LOG (lattice-oracle[5.5.480~1-09abd]:main():lattice-oracle.cc:318) %WER 0 [ 0 / 11, 0 insertions, 0 deletions, 0 sub ]
LOG (lattice-oracle[5.5.480~1-09abd]:main():lattice-oracle.cc:332) For utterance M185782101-42870007_249340-216972851_1661851363-GB-M-043, best cost 0
Lattice M185782101-42870007_249340-216972851_1661851363-GB-M-045 read.
LOG (lattice-oracle[5.5.480~1-09abd]:main():lattice-oracle.cc:318) %WER 0 [ 0 / 8, 0 insertions, 0 deletions, 0 sub ]
LOG (lattice-oracle[5.5.480~1-09abd]:main():lattice-oracle.cc:332) For utterance M185782101-42870007_249340-216972851_1661851363-GB-M-045, best cost 0
Lattice M185782101-42870007_249340-216972851_1661851363-GB-M-053 read.
LOG (lattice-oracle[5.5.480~1-09abd]:main():lattice-oracle.cc:318) %WER 9.09091 [ 1 / 11, 0 insertions, 1 deletions, 0 sub ]
LOG (lattice-oracle[5.5.480~1-09abd]:main():lattice-oracle.cc:332) For utterance M185782101-42870007_249340-216972851_1661851363-GB-M-053, best cost 1
Lattice M185782101-42870007_249340-216972851_1661851363-GB-M-055 read.
LOG (lattice-oracle[5.5.480~1-09abd]:main():lattice-oracle.cc:318) %WER 50 [ 4 / 8, 1 insertions, 3 deletions, 0 sub ]
LOG (lattice-oracle[5.5.480~1-09abd]:main():lattice-oracle.cc:332) For utterance M185782101-42870007_249340-216972851_1661851363-GB-M-055, best cost 4
Lattice M185782101-42870007_249340-216972851_1661851363-GB-M-059 read.
LOG (lattice-oracle[5.5.480~1-09abd]:main():lattice-oracle.cc:318) %WER 16.6667 [ 1 / 6, 0 insertions, 1 deletions, 0 sub ]
LOG (lattice-oracle[5.5.480~1-09abd]:main():lattice-oracle.cc:332) For utterance M185782101-42870007_249340-216972851_1661851363-GB-M-059, best cost 1
Lattice M185782101-42870007_249340-216972851_1661851363-GB-M-060 read.
LOG (lattice-oracle[5.5.480~1-09abd]:main():lattice-oracle.cc:318) %WER 25 [ 2 / 8, 0 insertions, 2 deletions, 0 sub ]
LOG (lattice-oracle[5.5.480~1-09abd]:main():lattice-oracle.cc:332) For utterance M185782101-42870007_249340-216972851_1661851363-GB-M-060, best cost 2
Lattice M185782101-42870007_249340-216972851_1661851363-GB-M-063 read.
LOG (lattice-oracle[5.5.480~1-09abd]:main():lattice-oracle.cc:318) %WER 0 [ 0 / 7, 0 insertions, 0 deletions, 0 sub ]
LOG (lattice-oracle[5.5.480~1-09abd]:main():lattice-oracle.cc:332) For utterance M185782101-42870007_249340-216972851_1661851363-GB-M-063, best cost 0
Lattice M185782101-42870007_249340-216972851_1661851363-GB-M-065 read.
LOG (lattice-oracle[5.5.480~1-09abd]:main():lattice-oracle.cc:318) %WER 72.7273 [ 8 / 11, 0 insertions, 6 deletions, 2 sub ]
LOG (lattice-oracle[5.5.480~1-09abd]:main():lattice-oracle.cc:332) For utterance M185782101-42870007_249340-216972851_1661851363-GB-M-065, best cost 8
Lattice M185782101-42870007_249340-216972851_1661851363-GB-M-067 read.
LOG (lattice-oracle[5.5.480~1-09abd]:main():lattice-oracle.cc:318) %WER 0 [ 0 / 7, 0 insertions, 0 deletions, 0 sub ]
LOG (lattice-oracle[5.5.480~1-09abd]:main():lattice-oracle.cc:332) For utterance M185782101-42870007_249340-216972851_1661851363-GB-M-067, best cost 0
Lattice M185782101-42870007_249340-216972851_1661851363-GB-M-068 read.
LOG (lattice-oracle[5.5.480~1-09abd]:main():lattice-oracle.cc:318) %WER 25 [ 1 / 4, 1 insertions, 0 deletions, 0 sub ]
LOG (lattice-oracle[5.5.480~1-09abd]:main():lattice-oracle.cc:332) For utterance M185782101-42870007_249340-216972851_1661851363-GB-M-068, best cost 1
LOG (lattice-oracle[5.5.480~1-09abd]:main():lattice-oracle.cc:383) Overall %WER 16.8712 [ 385 / 2282, 46 insertions, 267 deletions, 72 substitutions ]
LOG (lattice-oracle[5.5.480~1-09abd]:main():lattice-oracle.cc:387) Scored 176 lattices, 0 not present in ref.
# Accounting: time=2 threads=1
# Ended (code 0) at Tue Sep 10 15:04:55 BST 2019, elapsed time 2 seconds
