# lattice-oracle "--write-lattices=ark:|gzip -c > exp/tri3b_cleaned/lattice_oracle/lat.12.gz" "ark:gunzip -c exp/tri3b_cleaned/lats/lat.12.gz |" "ark:utils/sym2int.pl --map-oov 239 -f 2- data/lang/words.txt data/train1/split40/12/text|" ark,t:- | utils/int2sym.pl -f 2- data/lang/words.txt > exp/tri3b_cleaned/lattice_oracle/oracle_hyp.12.txt 
# Started at Tue Sep 10 15:04:39 BST 2019
#
lattice-oracle '--write-lattices=ark:|gzip -c > exp/tri3b_cleaned/lattice_oracle/lat.12.gz' 'ark:gunzip -c exp/tri3b_cleaned/lats/lat.12.gz |' 'ark:utils/sym2int.pl --map-oov 239 -f 2- data/lang/words.txt data/train1/split40/12/text|' ark,t:- 
Lattice F387269721-4048454_4048454-457890620_1640714093-GB-F-005 read.
sym2int.pl: replacing WOOOO with 239
sym2int.pl: replacing WOOOO with 239
sym2int.pl: replacing ABOOOUUUTTTT with 239
sym2int.pl: replacing OHHHHH with 239
sym2int.pl: replacing OHHHHH with 239
sym2int.pl: replacing DOCKED with 239
sym2int.pl: replacing NEWCOMERS with 239
sym2int.pl: replacing OVERTHREW with 239
LOG (lattice-oracle[5.5.480~1-09abd]:main():lattice-oracle.cc:318) %WER 0 [ 0 / 10, 0 insertions, 0 deletions, 0 sub ]
LOG (lattice-oracle[5.5.480~1-09abd]:main():lattice-oracle.cc:332) For utterance F387269721-4048454_4048454-457890620_1640714093-GB-F-005, best cost 0
sym2int.pl: replacing OUTDREW with 239
sym2int.pl: replacing OOOOOH with 239
sym2int.pl: replacing OOOOOH with 239
sym2int.pl: replacing OOOOOH with 239
sym2int.pl: replacing OOOOOH with 239
sym2int.pl: replacing OOOOOH with 239
sym2int.pl: replacing 'TINY with 239
sym2int.pl: replacing DANCER' with 239
sym2int.pl: replacing BACKFIELDS with 239
Lattice F387269721-4048454_4048454-457890620_1640714093-GB-F-007 read.
sym2int.pl: replacing 'TINY with 239
sym2int.pl: replacing DANCER' with 239
sym2int.pl: replacing OOOOOH with 239
sym2int.pl: not warning for OOVs any more times
** Replaced 22 instances of OOVs with 239
LOG (lattice-oracle[5.5.480~1-09abd]:main():lattice-oracle.cc:318) %WER 0 [ 0 / 8, 0 insertions, 0 deletions, 0 sub ]
LOG (lattice-oracle[5.5.480~1-09abd]:main():lattice-oracle.cc:332) For utterance F387269721-4048454_4048454-457890620_1640714093-GB-F-007, best cost 0
Lattice F387269721-4048454_4048454-457890620_1640714093-GB-F-009 read.
LOG (lattice-oracle[5.5.480~1-09abd]:main():lattice-oracle.cc:318) %WER 0 [ 0 / 32, 0 insertions, 0 deletions, 0 sub ]
LOG (lattice-oracle[5.5.480~1-09abd]:main():lattice-oracle.cc:332) For utterance F387269721-4048454_4048454-457890620_1640714093-GB-F-009, best cost 0
Lattice F387269721-4048454_4048454-457890620_1640714093-GB-F-016 read.
LOG (lattice-oracle[5.5.480~1-09abd]:main():lattice-oracle.cc:318) %WER 0 [ 0 / 8, 0 insertions, 0 deletions, 0 sub ]
LOG (lattice-oracle[5.5.480~1-09abd]:main():lattice-oracle.cc:332) For utterance F387269721-4048454_4048454-457890620_1640714093-GB-F-016, best cost 0
Lattice F387269721-4048454_4048454-457890620_1640714093-GB-F-018 read.
LOG (lattice-oracle[5.5.480~1-09abd]:main():lattice-oracle.cc:318) %WER 0 [ 0 / 3, 0 insertions, 0 deletions, 0 sub ]
LOG (lattice-oracle[5.5.480~1-09abd]:main():lattice-oracle.cc:332) For utterance F387269721-4048454_4048454-457890620_1640714093-GB-F-018, best cost 0
Lattice F387269721-4048454_4048454-457890620_1640714093-GB-F-019 read.
LOG (lattice-oracle[5.5.480~1-09abd]:main():lattice-oracle.cc:318) %WER 20 [ 1 / 5, 0 insertions, 1 deletions, 0 sub ]
LOG (lattice-oracle[5.5.480~1-09abd]:main():lattice-oracle.cc:332) For utterance F387269721-4048454_4048454-457890620_1640714093-GB-F-019, best cost 1
Lattice F387269721-4048454_4048454-457890620_1640714093-GB-F-020 read.
LOG (lattice-oracle[5.5.480~1-09abd]:main():lattice-oracle.cc:318) %WER 0 [ 0 / 4, 0 insertions, 0 deletions, 0 sub ]
LOG (lattice-oracle[5.5.480~1-09abd]:main():lattice-oracle.cc:332) For utterance F387269721-4048454_4048454-457890620_1640714093-GB-F-020, best cost 0
Lattice F387269721-4048454_4048454-457890620_1640714093-GB-F-021 read.
LOG (lattice-oracle[5.5.480~1-09abd]:main():lattice-oracle.cc:318) %WER 0 [ 0 / 6, 0 insertions, 0 deletions, 0 sub ]
LOG (lattice-oracle[5.5.480~1-09abd]:main():lattice-oracle.cc:332) For utterance F387269721-4048454_4048454-457890620_1640714093-GB-F-021, best cost 0
Lattice F387269721-4048454_4048454-457890620_1640714093-GB-F-024 read.
LOG (lattice-oracle[5.5.480~1-09abd]:main():lattice-oracle.cc:318) %WER 0 [ 0 / 19, 0 insertions, 0 deletions, 0 sub ]
LOG (lattice-oracle[5.5.480~1-09abd]:main():lattice-oracle.cc:332) For utterance F387269721-4048454_4048454-457890620_1640714093-GB-F-024, best cost 0
Lattice F387269721-4048454_4048454-457890620_1640714093-GB-F-027 read.
LOG (lattice-oracle[5.5.480~1-09abd]:main():lattice-oracle.cc:318) %WER 66.6667 [ 2 / 3, 1 insertions, 0 deletions, 1 sub ]
LOG (lattice-oracle[5.5.480~1-09abd]:main():lattice-oracle.cc:332) For utterance F387269721-4048454_4048454-457890620_1640714093-GB-F-027, best cost 2
Lattice F387269721-4048454_4048454-457890620_1640714093-GB-F-028 read.
LOG (lattice-oracle[5.5.480~1-09abd]:main():lattice-oracle.cc:318) %WER 0 [ 0 / 10, 0 insertions, 0 deletions, 0 sub ]
LOG (lattice-oracle[5.5.480~1-09abd]:main():lattice-oracle.cc:332) For utterance F387269721-4048454_4048454-457890620_1640714093-GB-F-028, best cost 0
Lattice F387269721-4048454_4048454-457890620_1640714093-GB-F-030 read.
LOG (lattice-oracle[5.5.480~1-09abd]:main():lattice-oracle.cc:318) %WER 0 [ 0 / 3, 0 insertions, 0 deletions, 0 sub ]
LOG (lattice-oracle[5.5.480~1-09abd]:main():lattice-oracle.cc:332) For utterance F387269721-4048454_4048454-457890620_1640714093-GB-F-030, best cost 0
Lattice F387269721-4048454_4048454-457890620_1640714093-GB-F-032 read.
LOG (lattice-oracle[5.5.480~1-09abd]:main():lattice-oracle.cc:318) %WER 300 [ 3 / 1, 2 insertions, 0 deletions, 1 sub ]
LOG (lattice-oracle[5.5.480~1-09abd]:main():lattice-oracle.cc:332) For utterance F387269721-4048454_4048454-457890620_1640714093-GB-F-032, best cost 3
Lattice F387269721-4048454_4048454-457890620_1640714093-GB-F-034 read.
LOG (lattice-oracle[5.5.480~1-09abd]:main():lattice-oracle.cc:318) %WER 16.6667 [ 1 / 6, 0 insertions, 1 deletions, 0 sub ]
LOG (lattice-oracle[5.5.480~1-09abd]:main():lattice-oracle.cc:332) For utterance F387269721-4048454_4048454-457890620_1640714093-GB-F-034, best cost 1
Lattice F387269721-4048454_4048454-457890620_1640714093-GB-F-035 read.
LOG (lattice-oracle[5.5.480~1-09abd]:main():lattice-oracle.cc:318) %WER 0 [ 0 / 5, 0 insertions, 0 deletions, 0 sub ]
LOG (lattice-oracle[5.5.480~1-09abd]:main():lattice-oracle.cc:332) For utterance F387269721-4048454_4048454-457890620_1640714093-GB-F-035, best cost 0
Lattice F387269721-4048454_4048454-457890620_1640714093-GB-F-036 read.
LOG (lattice-oracle[5.5.480~1-09abd]:main():lattice-oracle.cc:318) %WER 0 [ 0 / 11, 0 insertions, 0 deletions, 0 sub ]
LOG (lattice-oracle[5.5.480~1-09abd]:main():lattice-oracle.cc:332) For utterance F387269721-4048454_4048454-457890620_1640714093-GB-F-036, best cost 0
Lattice F387269721-4048454_4048454-457890620_1640714093-GB-F-040 read.
LOG (lattice-oracle[5.5.480~1-09abd]:main():lattice-oracle.cc:318) %WER 0 [ 0 / 3, 0 insertions, 0 deletions, 0 sub ]
LOG (lattice-oracle[5.5.480~1-09abd]:main():lattice-oracle.cc:332) For utterance F387269721-4048454_4048454-457890620_1640714093-GB-F-040, best cost 0
Lattice F387269721-4048454_4048454-457890620_1640714093-GB-F-041 read.
LOG (lattice-oracle[5.5.480~1-09abd]:main():lattice-oracle.cc:318) %WER 0 [ 0 / 9, 0 insertions, 0 deletions, 0 sub ]
LOG (lattice-oracle[5.5.480~1-09abd]:main():lattice-oracle.cc:332) For utterance F387269721-4048454_4048454-457890620_1640714093-GB-F-041, best cost 0
Lattice F387269721-4048454_4048454-457890620_1640714093-GB-F-043 read.
LOG (lattice-oracle[5.5.480~1-09abd]:main():lattice-oracle.cc:318) %WER 300 [ 3 / 1, 2 insertions, 0 deletions, 1 sub ]
LOG (lattice-oracle[5.5.480~1-09abd]:main():lattice-oracle.cc:332) For utterance F387269721-4048454_4048454-457890620_1640714093-GB-F-043, best cost 3
Lattice F387269721-4048454_4048454-457890620_1640714093-GB-F-045 read.
LOG (lattice-oracle[5.5.480~1-09abd]:main():lattice-oracle.cc:318) %WER 33.3333 [ 2 / 6, 0 insertions, 2 deletions, 0 sub ]
LOG (lattice-oracle[5.5.480~1-09abd]:main():lattice-oracle.cc:332) For utterance F387269721-4048454_4048454-457890620_1640714093-GB-F-045, best cost 2
Lattice F387269721-4048454_4048454-457890620_1640714093-GB-F-049 read.
LOG (lattice-oracle[5.5.480~1-09abd]:main():lattice-oracle.cc:318) %WER 200 [ 2 / 1, 2 insertions, 0 deletions, 0 sub ]
LOG (lattice-oracle[5.5.480~1-09abd]:main():lattice-oracle.cc:332) For utterance F387269721-4048454_4048454-457890620_1640714093-GB-F-049, best cost 2
Lattice F387269721-4048454_4048454-457890620_1640714093-GB-F-051 read.
LOG (lattice-oracle[5.5.480~1-09abd]:main():lattice-oracle.cc:318) %WER 0 [ 0 / 3, 0 insertions, 0 deletions, 0 sub ]
LOG (lattice-oracle[5.5.480~1-09abd]:main():lattice-oracle.cc:332) For utterance F387269721-4048454_4048454-457890620_1640714093-GB-F-051, best cost 0
Lattice F387269721-4048454_4048454-457890620_1640714093-GB-F-052 read.
LOG (lattice-oracle[5.5.480~1-09abd]:main():lattice-oracle.cc:318) %WER 0 [ 0 / 9, 0 insertions, 0 deletions, 0 sub ]
LOG (lattice-oracle[5.5.480~1-09abd]:main():lattice-oracle.cc:332) For utterance F387269721-4048454_4048454-457890620_1640714093-GB-F-052, best cost 0
Lattice F387269721-4048454_4048454-457890620_1640714093-GB-F-054 read.
LOG (lattice-oracle[5.5.480~1-09abd]:main():lattice-oracle.cc:318) %WER 0 [ 0 / 3, 0 insertions, 0 deletions, 0 sub ]
LOG (lattice-oracle[5.5.480~1-09abd]:main():lattice-oracle.cc:332) For utterance F387269721-4048454_4048454-457890620_1640714093-GB-F-054, best cost 0
Lattice F387269721-4048454_4048454-457890620_1640714093-GB-F-057 read.
LOG (lattice-oracle[5.5.480~1-09abd]:main():lattice-oracle.cc:318) %WER 0 [ 0 / 3, 0 insertions, 0 deletions, 0 sub ]
LOG (lattice-oracle[5.5.480~1-09abd]:main():lattice-oracle.cc:332) For utterance F387269721-4048454_4048454-457890620_1640714093-GB-F-057, best cost 0
Lattice F387269721-4048454_4048454-457890620_1640714093-GB-F-058 read.
LOG (lattice-oracle[5.5.480~1-09abd]:main():lattice-oracle.cc:318) %WER 0 [ 0 / 10, 0 insertions, 0 deletions, 0 sub ]
LOG (lattice-oracle[5.5.480~1-09abd]:main():lattice-oracle.cc:332) For utterance F387269721-4048454_4048454-457890620_1640714093-GB-F-058, best cost 0
Lattice F387269721-4048454_4048454-457890620_1640714093-GB-F-061 read.
LOG (lattice-oracle[5.5.480~1-09abd]:main():lattice-oracle.cc:318) %WER 0 [ 0 / 3, 0 insertions, 0 deletions, 0 sub ]
LOG (lattice-oracle[5.5.480~1-09abd]:main():lattice-oracle.cc:332) For utterance F387269721-4048454_4048454-457890620_1640714093-GB-F-061, best cost 0
Lattice F387269721-4048454_4048454-457890620_1640714093-GB-F-062 read.
LOG (lattice-oracle[5.5.480~1-09abd]:main():lattice-oracle.cc:318) %WER 0 [ 0 / 3, 0 insertions, 0 deletions, 0 sub ]
LOG (lattice-oracle[5.5.480~1-09abd]:main():lattice-oracle.cc:332) For utterance F387269721-4048454_4048454-457890620_1640714093-GB-F-062, best cost 0
Lattice F387269721-4048454_4048454-457890620_1640714093-GB-F-063 read.
LOG (lattice-oracle[5.5.480~1-09abd]:main():lattice-oracle.cc:318) %WER 20 [ 1 / 5, 0 insertions, 1 deletions, 0 sub ]
LOG (lattice-oracle[5.5.480~1-09abd]:main():lattice-oracle.cc:332) For utterance F387269721-4048454_4048454-457890620_1640714093-GB-F-063, best cost 1
Lattice F387269721-4048454_4048454-457890620_1640714093-GB-F-064 read.
LOG (lattice-oracle[5.5.480~1-09abd]:main():lattice-oracle.cc:318) %WER 0 [ 0 / 7, 0 insertions, 0 deletions, 0 sub ]
LOG (lattice-oracle[5.5.480~1-09abd]:main():lattice-oracle.cc:332) For utterance F387269721-4048454_4048454-457890620_1640714093-GB-F-064, best cost 0
Lattice F387269721-4048454_4048454-457890620_1640714093-GB-F-066 read.
LOG (lattice-oracle[5.5.480~1-09abd]:main():lattice-oracle.cc:318) %WER 0 [ 0 / 3, 0 insertions, 0 deletions, 0 sub ]
LOG (lattice-oracle[5.5.480~1-09abd]:main():lattice-oracle.cc:332) For utterance F387269721-4048454_4048454-457890620_1640714093-GB-F-066, best cost 0
Lattice F387269721-4048454_4048454-457890620_1640714093-GB-F-067 read.
LOG (lattice-oracle[5.5.480~1-09abd]:main():lattice-oracle.cc:318) %WER 0 [ 0 / 12, 0 insertions, 0 deletions, 0 sub ]
LOG (lattice-oracle[5.5.480~1-09abd]:main():lattice-oracle.cc:332) For utterance F387269721-4048454_4048454-457890620_1640714093-GB-F-067, best cost 0
Lattice F387269721-4048454_4048454-457890620_1640714093-GB-F-070 read.
LOG (lattice-oracle[5.5.480~1-09abd]:main():lattice-oracle.cc:318) %WER 14.2857 [ 2 / 14, 0 insertions, 2 deletions, 0 sub ]
LOG (lattice-oracle[5.5.480~1-09abd]:main():lattice-oracle.cc:332) For utterance F387269721-4048454_4048454-457890620_1640714093-GB-F-070, best cost 2
Lattice F387269721-4048454_4048454-457890620_1640714093-GB-F-074 read.
LOG (lattice-oracle[5.5.480~1-09abd]:main():lattice-oracle.cc:318) %WER 0 [ 0 / 3, 0 insertions, 0 deletions, 0 sub ]
LOG (lattice-oracle[5.5.480~1-09abd]:main():lattice-oracle.cc:332) For utterance F387269721-4048454_4048454-457890620_1640714093-GB-F-074, best cost 0
Lattice F387269721-4048454_4048454-457890620_1640714093-GB-F-076 read.
LOG (lattice-oracle[5.5.480~1-09abd]:main():lattice-oracle.cc:318) %WER 13.3333 [ 2 / 15, 0 insertions, 2 deletions, 0 sub ]
LOG (lattice-oracle[5.5.480~1-09abd]:main():lattice-oracle.cc:332) For utterance F387269721-4048454_4048454-457890620_1640714093-GB-F-076, best cost 2
Lattice F387269721-4048454_4048454-457890620_1640714093-GB-F-079 read.
LOG (lattice-oracle[5.5.480~1-09abd]:main():lattice-oracle.cc:318) %WER 0 [ 0 / 8, 0 insertions, 0 deletions, 0 sub ]
LOG (lattice-oracle[5.5.480~1-09abd]:main():lattice-oracle.cc:332) For utterance F387269721-4048454_4048454-457890620_1640714093-GB-F-079, best cost 0
Lattice F387269721-4048454_4048454-457890620_1640714093-GB-F-081 read.
LOG (lattice-oracle[5.5.480~1-09abd]:main():lattice-oracle.cc:318) %WER 300 [ 3 / 1, 2 insertions, 0 deletions, 1 sub ]
LOG (lattice-oracle[5.5.480~1-09abd]:main():lattice-oracle.cc:332) For utterance F387269721-4048454_4048454-457890620_1640714093-GB-F-081, best cost 3
Lattice F387269721-4048454_4048454-457890620_1640714093-GB-F-083 read.
LOG (lattice-oracle[5.5.480~1-09abd]:main():lattice-oracle.cc:318) %WER 11.1111 [ 1 / 9, 0 insertions, 1 deletions, 0 sub ]
LOG (lattice-oracle[5.5.480~1-09abd]:main():lattice-oracle.cc:332) For utterance F387269721-4048454_4048454-457890620_1640714093-GB-F-083, best cost 1
Lattice F387269721-4048454_4048454-457890620_1640714093-GB-F-085 read.
LOG (lattice-oracle[5.5.480~1-09abd]:main():lattice-oracle.cc:318) %WER 300 [ 3 / 1, 2 insertions, 0 deletions, 1 sub ]
LOG (lattice-oracle[5.5.480~1-09abd]:main():lattice-oracle.cc:332) For utterance F387269721-4048454_4048454-457890620_1640714093-GB-F-085, best cost 3
Lattice F387269721-4048454_4048454-457890620_1640714093-GB-F-089 read.
LOG (lattice-oracle[5.5.480~1-09abd]:main():lattice-oracle.cc:318) %WER 0 [ 0 / 6, 0 insertions, 0 deletions, 0 sub ]
LOG (lattice-oracle[5.5.480~1-09abd]:main():lattice-oracle.cc:332) For utterance F387269721-4048454_4048454-457890620_1640714093-GB-F-089, best cost 0
Lattice F387269721-4048454_4048454-457890620_1640714093-GB-F-093 read.
LOG (lattice-oracle[5.5.480~1-09abd]:main():lattice-oracle.cc:318) %WER 0 [ 0 / 6, 0 insertions, 0 deletions, 0 sub ]
LOG (lattice-oracle[5.5.480~1-09abd]:main():lattice-oracle.cc:332) For utterance F387269721-4048454_4048454-457890620_1640714093-GB-F-093, best cost 0
Lattice F387269721-4048454_4048454-457890620_1640714093-GB-F-096 read.
LOG (lattice-oracle[5.5.480~1-09abd]:main():lattice-oracle.cc:318) %WER 0 [ 0 / 3, 0 insertions, 0 deletions, 0 sub ]
LOG (lattice-oracle[5.5.480~1-09abd]:main():lattice-oracle.cc:332) For utterance F387269721-4048454_4048454-457890620_1640714093-GB-F-096, best cost 0
Lattice F396078094-272132352_826214-433777466_1614137194-GB-F-003 read.
LOG (lattice-oracle[5.5.480~1-09abd]:main():lattice-oracle.cc:318) %WER 0 [ 0 / 15, 0 insertions, 0 deletions, 0 sub ]
LOG (lattice-oracle[5.5.480~1-09abd]:main():lattice-oracle.cc:332) For utterance F396078094-272132352_826214-433777466_1614137194-GB-F-003, best cost 0
Lattice F396078094-272132352_826214-433777466_1614137194-GB-F-006 read.
LOG (lattice-oracle[5.5.480~1-09abd]:main():lattice-oracle.cc:318) %WER 0 [ 0 / 8, 0 insertions, 0 deletions, 0 sub ]
LOG (lattice-oracle[5.5.480~1-09abd]:main():lattice-oracle.cc:332) For utterance F396078094-272132352_826214-433777466_1614137194-GB-F-006, best cost 0
Lattice F396078094-272132352_826214-433777466_1614137194-GB-F-007 read.
LOG (lattice-oracle[5.5.480~1-09abd]:main():lattice-oracle.cc:318) %WER 0 [ 0 / 4, 0 insertions, 0 deletions, 0 sub ]
LOG (lattice-oracle[5.5.480~1-09abd]:main():lattice-oracle.cc:332) For utterance F396078094-272132352_826214-433777466_1614137194-GB-F-007, best cost 0
Lattice F396078094-272132352_826214-433777466_1614137194-GB-F-008 read.
LOG (lattice-oracle[5.5.480~1-09abd]:main():lattice-oracle.cc:318) %WER 25 [ 1 / 4, 0 insertions, 1 deletions, 0 sub ]
LOG (lattice-oracle[5.5.480~1-09abd]:main():lattice-oracle.cc:332) For utterance F396078094-272132352_826214-433777466_1614137194-GB-F-008, best cost 1
Lattice F396078094-272132352_826214-433777466_1614137194-GB-F-009 read.
LOG (lattice-oracle[5.5.480~1-09abd]:main():lattice-oracle.cc:318) %WER 1.81818 [ 1 / 55, 0 insertions, 1 deletions, 0 sub ]
LOG (lattice-oracle[5.5.480~1-09abd]:main():lattice-oracle.cc:332) For utterance F396078094-272132352_826214-433777466_1614137194-GB-F-009, best cost 1
Lattice F396078094-272132352_826214-433777466_1614137194-GB-F-021 read.
LOG (lattice-oracle[5.5.480~1-09abd]:main():lattice-oracle.cc:318) %WER 0 [ 0 / 4, 0 insertions, 0 deletions, 0 sub ]
LOG (lattice-oracle[5.5.480~1-09abd]:main():lattice-oracle.cc:332) For utterance F396078094-272132352_826214-433777466_1614137194-GB-F-021, best cost 0
Lattice F396078094-272132352_826214-433777466_1614137194-GB-F-022 read.
LOG (lattice-oracle[5.5.480~1-09abd]:main():lattice-oracle.cc:318) %WER 0 [ 0 / 28, 0 insertions, 0 deletions, 0 sub ]
LOG (lattice-oracle[5.5.480~1-09abd]:main():lattice-oracle.cc:332) For utterance F396078094-272132352_826214-433777466_1614137194-GB-F-022, best cost 0
Lattice F396078094-272132352_826214-433777466_1614137194-GB-F-028 read.
LOG (lattice-oracle[5.5.480~1-09abd]:main():lattice-oracle.cc:318) %WER 0 [ 0 / 5, 0 insertions, 0 deletions, 0 sub ]
LOG (lattice-oracle[5.5.480~1-09abd]:main():lattice-oracle.cc:332) For utterance F396078094-272132352_826214-433777466_1614137194-GB-F-028, best cost 0
Lattice F396078094-272132352_826214-433777466_1614137194-GB-F-030 read.
LOG (lattice-oracle[5.5.480~1-09abd]:main():lattice-oracle.cc:318) %WER 0 [ 0 / 3, 0 insertions, 0 deletions, 0 sub ]
LOG (lattice-oracle[5.5.480~1-09abd]:main():lattice-oracle.cc:332) For utterance F396078094-272132352_826214-433777466_1614137194-GB-F-030, best cost 0
Lattice F396078094-272132352_826214-433777466_1614137194-GB-F-031 read.
LOG (lattice-oracle[5.5.480~1-09abd]:main():lattice-oracle.cc:318) %WER 75 [ 3 / 4, 3 insertions, 0 deletions, 0 sub ]
LOG (lattice-oracle[5.5.480~1-09abd]:main():lattice-oracle.cc:332) For utterance F396078094-272132352_826214-433777466_1614137194-GB-F-031, best cost 3
Lattice F396078094-272132352_826214-433777466_1614137194-GB-F-033 read.
LOG (lattice-oracle[5.5.480~1-09abd]:main():lattice-oracle.cc:318) %WER 0 [ 0 / 9, 0 insertions, 0 deletions, 0 sub ]
LOG (lattice-oracle[5.5.480~1-09abd]:main():lattice-oracle.cc:332) For utterance F396078094-272132352_826214-433777466_1614137194-GB-F-033, best cost 0
Lattice F396078094-272132352_826214-433777466_1614137194-GB-F-034 read.
LOG (lattice-oracle[5.5.480~1-09abd]:main():lattice-oracle.cc:318) %WER 0 [ 0 / 6, 0 insertions, 0 deletions, 0 sub ]
LOG (lattice-oracle[5.5.480~1-09abd]:main():lattice-oracle.cc:332) For utterance F396078094-272132352_826214-433777466_1614137194-GB-F-034, best cost 0
Lattice F396078094-272132352_826214-433777466_1614137194-GB-F-036 read.
LOG (lattice-oracle[5.5.480~1-09abd]:main():lattice-oracle.cc:318) %WER 0 [ 0 / 89, 0 insertions, 0 deletions, 0 sub ]
LOG (lattice-oracle[5.5.480~1-09abd]:main():lattice-oracle.cc:332) For utterance F396078094-272132352_826214-433777466_1614137194-GB-F-036, best cost 0
Lattice F396078094-272132352_826214-433777466_1614137194-GB-F-054 read.
LOG (lattice-oracle[5.5.480~1-09abd]:main():lattice-oracle.cc:318) %WER 2.43902 [ 2 / 82, 1 insertions, 0 deletions, 1 sub ]
LOG (lattice-oracle[5.5.480~1-09abd]:main():lattice-oracle.cc:332) For utterance F396078094-272132352_826214-433777466_1614137194-GB-F-054, best cost 2
Lattice F397032667-3769415_3769415-1257699939_1616656735-GB-F-005 read.
LOG (lattice-oracle[5.5.480~1-09abd]:main():lattice-oracle.cc:318) %WER 0 [ 0 / 33, 0 insertions, 0 deletions, 0 sub ]
LOG (lattice-oracle[5.5.480~1-09abd]:main():lattice-oracle.cc:332) For utterance F397032667-3769415_3769415-1257699939_1616656735-GB-F-005, best cost 0
Lattice F397032667-3769415_3769415-1257699939_1616656735-GB-F-012 read.
LOG (lattice-oracle[5.5.480~1-09abd]:main():lattice-oracle.cc:318) %WER 0 [ 0 / 5, 0 insertions, 0 deletions, 0 sub ]
LOG (lattice-oracle[5.5.480~1-09abd]:main():lattice-oracle.cc:332) For utterance F397032667-3769415_3769415-1257699939_1616656735-GB-F-012, best cost 0
Lattice F397032667-3769415_3769415-1257699939_1616656735-GB-F-013 read.
LOG (lattice-oracle[5.5.480~1-09abd]:main():lattice-oracle.cc:318) %WER 0 [ 0 / 13, 0 insertions, 0 deletions, 0 sub ]
LOG (lattice-oracle[5.5.480~1-09abd]:main():lattice-oracle.cc:332) For utterance F397032667-3769415_3769415-1257699939_1616656735-GB-F-013, best cost 0
Lattice F397032667-3769415_3769415-1257699939_1616656735-GB-F-015 read.
LOG (lattice-oracle[5.5.480~1-09abd]:main():lattice-oracle.cc:318) %WER 40 [ 8 / 20, 1 insertions, 5 deletions, 2 sub ]
LOG (lattice-oracle[5.5.480~1-09abd]:main():lattice-oracle.cc:332) For utterance F397032667-3769415_3769415-1257699939_1616656735-GB-F-015, best cost 8
Lattice F397032667-3769415_3769415-1257699939_1616656735-GB-F-019 read.
LOG (lattice-oracle[5.5.480~1-09abd]:main():lattice-oracle.cc:318) %WER 0 [ 0 / 5, 0 insertions, 0 deletions, 0 sub ]
LOG (lattice-oracle[5.5.480~1-09abd]:main():lattice-oracle.cc:332) For utterance F397032667-3769415_3769415-1257699939_1616656735-GB-F-019, best cost 0
Lattice F397032667-3769415_3769415-1257699939_1616656735-GB-F-020 read.
LOG (lattice-oracle[5.5.480~1-09abd]:main():lattice-oracle.cc:318) %WER 12.5 [ 1 / 8, 0 insertions, 1 deletions, 0 sub ]
LOG (lattice-oracle[5.5.480~1-09abd]:main():lattice-oracle.cc:332) For utterance F397032667-3769415_3769415-1257699939_1616656735-GB-F-020, best cost 1
Lattice F397032667-3769415_3769415-1257699939_1616656735-GB-F-021 read.
LOG (lattice-oracle[5.5.480~1-09abd]:main():lattice-oracle.cc:318) %WER 28.5714 [ 2 / 7, 1 insertions, 0 deletions, 1 sub ]
LOG (lattice-oracle[5.5.480~1-09abd]:main():lattice-oracle.cc:332) For utterance F397032667-3769415_3769415-1257699939_1616656735-GB-F-021, best cost 2
Lattice F397032667-3769415_3769415-1257699939_1616656735-GB-F-022 read.
LOG (lattice-oracle[5.5.480~1-09abd]:main():lattice-oracle.cc:318) %WER 0 [ 0 / 15, 0 insertions, 0 deletions, 0 sub ]
LOG (lattice-oracle[5.5.480~1-09abd]:main():lattice-oracle.cc:332) For utterance F397032667-3769415_3769415-1257699939_1616656735-GB-F-022, best cost 0
Lattice F397032667-3769415_3769415-1257699939_1616656735-GB-F-028 read.
LOG (lattice-oracle[5.5.480~1-09abd]:main():lattice-oracle.cc:318) %WER 0 [ 0 / 17, 0 insertions, 0 deletions, 0 sub ]
LOG (lattice-oracle[5.5.480~1-09abd]:main():lattice-oracle.cc:332) For utterance F397032667-3769415_3769415-1257699939_1616656735-GB-F-028, best cost 0
Lattice F397032667-3769415_3769415-1257699939_1616656735-GB-F-030 read.
LOG (lattice-oracle[5.5.480~1-09abd]:main():lattice-oracle.cc:318) %WER 0 [ 0 / 5, 0 insertions, 0 deletions, 0 sub ]
LOG (lattice-oracle[5.5.480~1-09abd]:main():lattice-oracle.cc:332) For utterance F397032667-3769415_3769415-1257699939_1616656735-GB-F-030, best cost 0
Lattice F397032667-3769415_3769415-1257699939_1616656735-GB-F-031 read.
LOG (lattice-oracle[5.5.480~1-09abd]:main():lattice-oracle.cc:318) %WER 45.4545 [ 5 / 11, 0 insertions, 5 deletions, 0 sub ]
LOG (lattice-oracle[5.5.480~1-09abd]:main():lattice-oracle.cc:332) For utterance F397032667-3769415_3769415-1257699939_1616656735-GB-F-031, best cost 5
Lattice F397032667-3769415_3769415-1257699939_1616656735-GB-F-033 read.
LOG (lattice-oracle[5.5.480~1-09abd]:main():lattice-oracle.cc:318) %WER 0 [ 0 / 13, 0 insertions, 0 deletions, 0 sub ]
LOG (lattice-oracle[5.5.480~1-09abd]:main():lattice-oracle.cc:332) For utterance F397032667-3769415_3769415-1257699939_1616656735-GB-F-033, best cost 0
Lattice F397032667-3769415_3769415-1257699939_1616656735-GB-F-035 read.
LOG (lattice-oracle[5.5.480~1-09abd]:main():lattice-oracle.cc:318) %WER 0 [ 0 / 20, 0 insertions, 0 deletions, 0 sub ]
LOG (lattice-oracle[5.5.480~1-09abd]:main():lattice-oracle.cc:332) For utterance F397032667-3769415_3769415-1257699939_1616656735-GB-F-035, best cost 0
Lattice F397032667-3769415_3769415-1257699939_1616656735-GB-F-038 read.
LOG (lattice-oracle[5.5.480~1-09abd]:main():lattice-oracle.cc:318) %WER 0 [ 0 / 4, 0 insertions, 0 deletions, 0 sub ]
LOG (lattice-oracle[5.5.480~1-09abd]:main():lattice-oracle.cc:332) For utterance F397032667-3769415_3769415-1257699939_1616656735-GB-F-038, best cost 0
Lattice F397032667-3769415_3769415-1257699939_1616656735-GB-F-039 read.
LOG (lattice-oracle[5.5.480~1-09abd]:main():lattice-oracle.cc:318) %WER 60 [ 3 / 5, 0 insertions, 3 deletions, 0 sub ]
LOG (lattice-oracle[5.5.480~1-09abd]:main():lattice-oracle.cc:332) For utterance F397032667-3769415_3769415-1257699939_1616656735-GB-F-039, best cost 3
Lattice F397032667-3769415_3769415-1257699939_1616656735-GB-F-040 read.
LOG (lattice-oracle[5.5.480~1-09abd]:main():lattice-oracle.cc:318) %WER 13.3333 [ 2 / 15, 1 insertions, 1 deletions, 0 sub ]
LOG (lattice-oracle[5.5.480~1-09abd]:main():lattice-oracle.cc:332) For utterance F397032667-3769415_3769415-1257699939_1616656735-GB-F-040, best cost 2
Lattice F397032667-3769415_3769415-1257699939_1616656735-GB-F-042 read.
LOG (lattice-oracle[5.5.480~1-09abd]:main():lattice-oracle.cc:318) %WER 0 [ 0 / 15, 0 insertions, 0 deletions, 0 sub ]
LOG (lattice-oracle[5.5.480~1-09abd]:main():lattice-oracle.cc:332) For utterance F397032667-3769415_3769415-1257699939_1616656735-GB-F-042, best cost 0
Lattice F397032667-3769415_3769415-1257699939_1616656735-GB-F-044 read.
LOG (lattice-oracle[5.5.480~1-09abd]:main():lattice-oracle.cc:318) %WER 0 [ 0 / 14, 0 insertions, 0 deletions, 0 sub ]
LOG (lattice-oracle[5.5.480~1-09abd]:main():lattice-oracle.cc:332) For utterance F397032667-3769415_3769415-1257699939_1616656735-GB-F-044, best cost 0
Lattice F397032667-3769415_3769415-1257699939_1616656735-GB-F-046 read.
LOG (lattice-oracle[5.5.480~1-09abd]:main():lattice-oracle.cc:318) %WER 22.2222 [ 4 / 18, 0 insertions, 0 deletions, 4 sub ]
LOG (lattice-oracle[5.5.480~1-09abd]:main():lattice-oracle.cc:332) For utterance F397032667-3769415_3769415-1257699939_1616656735-GB-F-046, best cost 4
Lattice F397032667-3769415_3769415-1257699939_1616656735-GB-F-054 read.
LOG (lattice-oracle[5.5.480~1-09abd]:main():lattice-oracle.cc:318) %WER 0 [ 0 / 6, 0 insertions, 0 deletions, 0 sub ]
LOG (lattice-oracle[5.5.480~1-09abd]:main():lattice-oracle.cc:332) For utterance F397032667-3769415_3769415-1257699939_1616656735-GB-F-054, best cost 0
Lattice F397032667-3769415_3769415-1257699939_1616656735-GB-F-057 read.
LOG (lattice-oracle[5.5.480~1-09abd]:main():lattice-oracle.cc:318) %WER 0 [ 0 / 9, 0 insertions, 0 deletions, 0 sub ]
LOG (lattice-oracle[5.5.480~1-09abd]:main():lattice-oracle.cc:332) For utterance F397032667-3769415_3769415-1257699939_1616656735-GB-F-057, best cost 0
Lattice F397032667-3769415_3769415-1257699939_1616656735-GB-F-058 read.
LOG (lattice-oracle[5.5.480~1-09abd]:main():lattice-oracle.cc:318) %WER 0 [ 0 / 11, 0 insertions, 0 deletions, 0 sub ]
LOG (lattice-oracle[5.5.480~1-09abd]:main():lattice-oracle.cc:332) For utterance F397032667-3769415_3769415-1257699939_1616656735-GB-F-058, best cost 0
Lattice F397032667-3769415_3769415-1257699939_1616656735-GB-F-060 read.
LOG (lattice-oracle[5.5.480~1-09abd]:main():lattice-oracle.cc:318) %WER 0 [ 0 / 4, 0 insertions, 0 deletions, 0 sub ]
LOG (lattice-oracle[5.5.480~1-09abd]:main():lattice-oracle.cc:332) For utterance F397032667-3769415_3769415-1257699939_1616656735-GB-F-060, best cost 0
Lattice F397032667-3769415_3769415-1257699939_1616656735-GB-F-061 read.
LOG (lattice-oracle[5.5.480~1-09abd]:main():lattice-oracle.cc:318) %WER 0 [ 0 / 5, 0 insertions, 0 deletions, 0 sub ]
LOG (lattice-oracle[5.5.480~1-09abd]:main():lattice-oracle.cc:332) For utterance F397032667-3769415_3769415-1257699939_1616656735-GB-F-061, best cost 0
Lattice F397032667-3769415_3769415-1257699939_1616656735-GB-F-064 read.
LOG (lattice-oracle[5.5.480~1-09abd]:main():lattice-oracle.cc:318) %WER 0 [ 0 / 15, 0 insertions, 0 deletions, 0 sub ]
LOG (lattice-oracle[5.5.480~1-09abd]:main():lattice-oracle.cc:332) For utterance F397032667-3769415_3769415-1257699939_1616656735-GB-F-064, best cost 0
Lattice F40139354-789788546_2113106-1336915334_1546183030-GB-F-001 read.
LOG (lattice-oracle[5.5.480~1-09abd]:main():lattice-oracle.cc:318) %WER 87.5 [ 7 / 8, 7 insertions, 0 deletions, 0 sub ]
LOG (lattice-oracle[5.5.480~1-09abd]:main():lattice-oracle.cc:332) For utterance F40139354-789788546_2113106-1336915334_1546183030-GB-F-001, best cost 7
Lattice F40139354-789788546_2113106-1336915334_1546183030-GB-F-014 read.
LOG (lattice-oracle[5.5.480~1-09abd]:main():lattice-oracle.cc:318) %WER 0 [ 0 / 24, 0 insertions, 0 deletions, 0 sub ]
LOG (lattice-oracle[5.5.480~1-09abd]:main():lattice-oracle.cc:332) For utterance F40139354-789788546_2113106-1336915334_1546183030-GB-F-014, best cost 0
Lattice F40139354-789788546_2113106-1336915334_1546183030-GB-F-019 read.
LOG (lattice-oracle[5.5.480~1-09abd]:main():lattice-oracle.cc:318) %WER 74.8201 [ 104 / 139, 1 insertions, 87 deletions, 16 sub ]
LOG (lattice-oracle[5.5.480~1-09abd]:main():lattice-oracle.cc:332) For utterance F40139354-789788546_2113106-1336915334_1546183030-GB-F-019, best cost 104
Lattice F40139354-789788546_2113106-1336915334_1546183030-GB-F-052 read.
LOG (lattice-oracle[5.5.480~1-09abd]:main():lattice-oracle.cc:318) %WER 0 [ 0 / 7, 0 insertions, 0 deletions, 0 sub ]
LOG (lattice-oracle[5.5.480~1-09abd]:main():lattice-oracle.cc:332) For utterance F40139354-789788546_2113106-1336915334_1546183030-GB-F-052, best cost 0
Lattice F40139354-789788546_2113106-1336915334_1546183030-GB-F-053 read.
LOG (lattice-oracle[5.5.480~1-09abd]:main():lattice-oracle.cc:318) %WER 0 [ 0 / 6, 0 insertions, 0 deletions, 0 sub ]
LOG (lattice-oracle[5.5.480~1-09abd]:main():lattice-oracle.cc:332) For utterance F40139354-789788546_2113106-1336915334_1546183030-GB-F-053, best cost 0
Lattice F40139354-789788546_2113106-1336915334_1546183030-GB-F-055 read.
LOG (lattice-oracle[5.5.480~1-09abd]:main():lattice-oracle.cc:318) %WER 70.0787 [ 89 / 127, 1 insertions, 80 deletions, 8 sub ]
LOG (lattice-oracle[5.5.480~1-09abd]:main():lattice-oracle.cc:332) For utterance F40139354-789788546_2113106-1336915334_1546183030-GB-F-055, best cost 89
Lattice F402223075-3769836_3769836-402218539_1606582446-GB-F-001 read.
LOG (lattice-oracle[5.5.480~1-09abd]:main():lattice-oracle.cc:318) %WER 0 [ 0 / 7, 0 insertions, 0 deletions, 0 sub ]
LOG (lattice-oracle[5.5.480~1-09abd]:main():lattice-oracle.cc:332) For utterance F402223075-3769836_3769836-402218539_1606582446-GB-F-001, best cost 0
Lattice F402223075-3769836_3769836-402218539_1606582446-GB-F-002 read.
LOG (lattice-oracle[5.5.480~1-09abd]:main():lattice-oracle.cc:318) %WER 0 [ 0 / 8, 0 insertions, 0 deletions, 0 sub ]
LOG (lattice-oracle[5.5.480~1-09abd]:main():lattice-oracle.cc:332) For utterance F402223075-3769836_3769836-402218539_1606582446-GB-F-002, best cost 0
Lattice F402223075-3769836_3769836-402218539_1606582446-GB-F-003 read.
LOG (lattice-oracle[5.5.480~1-09abd]:main():lattice-oracle.cc:318) %WER 0 [ 0 / 9, 0 insertions, 0 deletions, 0 sub ]
LOG (lattice-oracle[5.5.480~1-09abd]:main():lattice-oracle.cc:332) For utterance F402223075-3769836_3769836-402218539_1606582446-GB-F-003, best cost 0
Lattice F402223075-3769836_3769836-402218539_1606582446-GB-F-004 read.
LOG (lattice-oracle[5.5.480~1-09abd]:main():lattice-oracle.cc:318) %WER 0 [ 0 / 14, 0 insertions, 0 deletions, 0 sub ]
LOG (lattice-oracle[5.5.480~1-09abd]:main():lattice-oracle.cc:332) For utterance F402223075-3769836_3769836-402218539_1606582446-GB-F-004, best cost 0
Lattice F402223075-3769836_3769836-402218539_1606582446-GB-F-006 read.
LOG (lattice-oracle[5.5.480~1-09abd]:main():lattice-oracle.cc:318) %WER 20 [ 1 / 5, 0 insertions, 1 deletions, 0 sub ]
LOG (lattice-oracle[5.5.480~1-09abd]:main():lattice-oracle.cc:332) For utterance F402223075-3769836_3769836-402218539_1606582446-GB-F-006, best cost 1
Lattice F402223075-3769836_3769836-402218539_1606582446-GB-F-007 read.
LOG (lattice-oracle[5.5.480~1-09abd]:main():lattice-oracle.cc:318) %WER 15.3846 [ 4 / 26, 3 insertions, 0 deletions, 1 sub ]
LOG (lattice-oracle[5.5.480~1-09abd]:main():lattice-oracle.cc:332) For utterance F402223075-3769836_3769836-402218539_1606582446-GB-F-007, best cost 4
Lattice F402223075-3769836_3769836-402218539_1606582446-GB-F-012 read.
LOG (lattice-oracle[5.5.480~1-09abd]:main():lattice-oracle.cc:318) %WER 6.66667 [ 1 / 15, 0 insertions, 1 deletions, 0 sub ]
LOG (lattice-oracle[5.5.480~1-09abd]:main():lattice-oracle.cc:332) For utterance F402223075-3769836_3769836-402218539_1606582446-GB-F-012, best cost 1
Lattice F402223075-3769836_3769836-402218539_1606582446-GB-F-014 read.
LOG (lattice-oracle[5.5.480~1-09abd]:main():lattice-oracle.cc:318) %WER 0 [ 0 / 8, 0 insertions, 0 deletions, 0 sub ]
LOG (lattice-oracle[5.5.480~1-09abd]:main():lattice-oracle.cc:332) For utterance F402223075-3769836_3769836-402218539_1606582446-GB-F-014, best cost 0
Lattice F402223075-3769836_3769836-402218539_1606582446-GB-F-015 read.
LOG (lattice-oracle[5.5.480~1-09abd]:main():lattice-oracle.cc:318) %WER 0 [ 0 / 2, 0 insertions, 0 deletions, 0 sub ]
LOG (lattice-oracle[5.5.480~1-09abd]:main():lattice-oracle.cc:332) For utterance F402223075-3769836_3769836-402218539_1606582446-GB-F-015, best cost 0
Lattice F402223075-3769836_3769836-402218539_1606582446-GB-F-016 read.
LOG (lattice-oracle[5.5.480~1-09abd]:main():lattice-oracle.cc:318) %WER 37.5 [ 3 / 8, 1 insertions, 0 deletions, 2 sub ]
LOG (lattice-oracle[5.5.480~1-09abd]:main():lattice-oracle.cc:332) For utterance F402223075-3769836_3769836-402218539_1606582446-GB-F-016, best cost 3
Lattice F402223075-3769836_3769836-402218539_1606582446-GB-F-018 read.
LOG (lattice-oracle[5.5.480~1-09abd]:main():lattice-oracle.cc:318) %WER 0 [ 0 / 31, 0 insertions, 0 deletions, 0 sub ]
LOG (lattice-oracle[5.5.480~1-09abd]:main():lattice-oracle.cc:332) For utterance F402223075-3769836_3769836-402218539_1606582446-GB-F-018, best cost 0
Lattice F402223075-3769836_3769836-402218539_1606582446-GB-F-022 read.
LOG (lattice-oracle[5.5.480~1-09abd]:main():lattice-oracle.cc:318) %WER 0 [ 0 / 8, 0 insertions, 0 deletions, 0 sub ]
LOG (lattice-oracle[5.5.480~1-09abd]:main():lattice-oracle.cc:332) For utterance F402223075-3769836_3769836-402218539_1606582446-GB-F-022, best cost 0
Lattice F402223075-3769836_3769836-402218539_1606582446-GB-F-023 read.
LOG (lattice-oracle[5.5.480~1-09abd]:main():lattice-oracle.cc:318) %WER 3.57143 [ 1 / 28, 1 insertions, 0 deletions, 0 sub ]
LOG (lattice-oracle[5.5.480~1-09abd]:main():lattice-oracle.cc:332) For utterance F402223075-3769836_3769836-402218539_1606582446-GB-F-023, best cost 1
Lattice F402223075-3769836_3769836-402218539_1606582446-GB-F-028 read.
LOG (lattice-oracle[5.5.480~1-09abd]:main():lattice-oracle.cc:318) %WER 0 [ 0 / 20, 0 insertions, 0 deletions, 0 sub ]
LOG (lattice-oracle[5.5.480~1-09abd]:main():lattice-oracle.cc:332) For utterance F402223075-3769836_3769836-402218539_1606582446-GB-F-028, best cost 0
Lattice F402223075-3769836_3769836-402218539_1606582446-GB-F-031 read.
LOG (lattice-oracle[5.5.480~1-09abd]:main():lattice-oracle.cc:318) %WER 0 [ 0 / 2, 0 insertions, 0 deletions, 0 sub ]
LOG (lattice-oracle[5.5.480~1-09abd]:main():lattice-oracle.cc:332) For utterance F402223075-3769836_3769836-402218539_1606582446-GB-F-031, best cost 0
Lattice F402223075-3769836_3769836-402218539_1606582446-GB-F-032 read.
LOG (lattice-oracle[5.5.480~1-09abd]:main():lattice-oracle.cc:318) %WER 42.8571 [ 3 / 7, 2 insertions, 0 deletions, 1 sub ]
LOG (lattice-oracle[5.5.480~1-09abd]:main():lattice-oracle.cc:332) For utterance F402223075-3769836_3769836-402218539_1606582446-GB-F-032, best cost 3
Lattice F402223075-3769836_3769836-402218539_1606582446-GB-F-034 read.
LOG (lattice-oracle[5.5.480~1-09abd]:main():lattice-oracle.cc:318) %WER 6.25 [ 1 / 16, 1 insertions, 0 deletions, 0 sub ]
LOG (lattice-oracle[5.5.480~1-09abd]:main():lattice-oracle.cc:332) For utterance F402223075-3769836_3769836-402218539_1606582446-GB-F-034, best cost 1
Lattice F402223075-3769836_3769836-402218539_1606582446-GB-F-036 read.
LOG (lattice-oracle[5.5.480~1-09abd]:main():lattice-oracle.cc:318) %WER 0 [ 0 / 17, 0 insertions, 0 deletions, 0 sub ]
LOG (lattice-oracle[5.5.480~1-09abd]:main():lattice-oracle.cc:332) For utterance F402223075-3769836_3769836-402218539_1606582446-GB-F-036, best cost 0
Lattice F402223075-3769836_3769836-402218539_1606582446-GB-F-038 read.
LOG (lattice-oracle[5.5.480~1-09abd]:main():lattice-oracle.cc:318) %WER 0 [ 0 / 8, 0 insertions, 0 deletions, 0 sub ]
LOG (lattice-oracle[5.5.480~1-09abd]:main():lattice-oracle.cc:332) For utterance F402223075-3769836_3769836-402218539_1606582446-GB-F-038, best cost 0
Lattice F402223075-3769836_3769836-402218539_1606582446-GB-F-039 read.
LOG (lattice-oracle[5.5.480~1-09abd]:main():lattice-oracle.cc:318) %WER 0 [ 0 / 2, 0 insertions, 0 deletions, 0 sub ]
LOG (lattice-oracle[5.5.480~1-09abd]:main():lattice-oracle.cc:332) For utterance F402223075-3769836_3769836-402218539_1606582446-GB-F-039, best cost 0
Lattice F402223075-3769836_3769836-402218539_1606582446-GB-F-040 read.
LOG (lattice-oracle[5.5.480~1-09abd]:main():lattice-oracle.cc:318) %WER 16.6667 [ 1 / 6, 1 insertions, 0 deletions, 0 sub ]
LOG (lattice-oracle[5.5.480~1-09abd]:main():lattice-oracle.cc:332) For utterance F402223075-3769836_3769836-402218539_1606582446-GB-F-040, best cost 1
Lattice F402223075-3772014_3772014-402218539_1678115240-GB-F-001 read.
LOG (lattice-oracle[5.5.480~1-09abd]:main():lattice-oracle.cc:318) %WER 0 [ 0 / 17, 0 insertions, 0 deletions, 0 sub ]
LOG (lattice-oracle[5.5.480~1-09abd]:main():lattice-oracle.cc:332) For utterance F402223075-3772014_3772014-402218539_1678115240-GB-F-001, best cost 0
Lattice F402223075-3772014_3772014-402218539_1678115240-GB-F-003 read.
LOG (lattice-oracle[5.5.480~1-09abd]:main():lattice-oracle.cc:318) %WER 0 [ 0 / 8, 0 insertions, 0 deletions, 0 sub ]
LOG (lattice-oracle[5.5.480~1-09abd]:main():lattice-oracle.cc:332) For utterance F402223075-3772014_3772014-402218539_1678115240-GB-F-003, best cost 0
Lattice F402223075-3772014_3772014-402218539_1678115240-GB-F-007 read.
LOG (lattice-oracle[5.5.480~1-09abd]:main():lattice-oracle.cc:318) %WER 0 [ 0 / 12, 0 insertions, 0 deletions, 0 sub ]
LOG (lattice-oracle[5.5.480~1-09abd]:main():lattice-oracle.cc:332) For utterance F402223075-3772014_3772014-402218539_1678115240-GB-F-007, best cost 0
Lattice F402223075-3772014_3772014-402218539_1678115240-GB-F-009 read.
LOG (lattice-oracle[5.5.480~1-09abd]:main():lattice-oracle.cc:318) %WER 50 [ 2 / 4, 1 insertions, 1 deletions, 0 sub ]
LOG (lattice-oracle[5.5.480~1-09abd]:main():lattice-oracle.cc:332) For utterance F402223075-3772014_3772014-402218539_1678115240-GB-F-009, best cost 2
Lattice F402223075-3772014_3772014-402218539_1678115240-GB-F-014 read.
LOG (lattice-oracle[5.5.480~1-09abd]:main():lattice-oracle.cc:318) %WER 0 [ 0 / 6, 0 insertions, 0 deletions, 0 sub ]
LOG (lattice-oracle[5.5.480~1-09abd]:main():lattice-oracle.cc:332) For utterance F402223075-3772014_3772014-402218539_1678115240-GB-F-014, best cost 0
Lattice F402223075-3772014_3772014-402218539_1678115240-GB-F-016 read.
LOG (lattice-oracle[5.5.480~1-09abd]:main():lattice-oracle.cc:318) %WER 5.12821 [ 2 / 39, 0 insertions, 1 deletions, 1 sub ]
LOG (lattice-oracle[5.5.480~1-09abd]:main():lattice-oracle.cc:332) For utterance F402223075-3772014_3772014-402218539_1678115240-GB-F-016, best cost 2
Lattice F402223075-3772014_3772014-402218539_1678115240-GB-F-024 read.
LOG (lattice-oracle[5.5.480~1-09abd]:main():lattice-oracle.cc:318) %WER 0 [ 0 / 19, 0 insertions, 0 deletions, 0 sub ]
LOG (lattice-oracle[5.5.480~1-09abd]:main():lattice-oracle.cc:332) For utterance F402223075-3772014_3772014-402218539_1678115240-GB-F-024, best cost 0
Lattice F402223075-3772014_3772014-402218539_1678115240-GB-F-026 read.
LOG (lattice-oracle[5.5.480~1-09abd]:main():lattice-oracle.cc:318) %WER 0 [ 0 / 4, 0 insertions, 0 deletions, 0 sub ]
LOG (lattice-oracle[5.5.480~1-09abd]:main():lattice-oracle.cc:332) For utterance F402223075-3772014_3772014-402218539_1678115240-GB-F-026, best cost 0
Lattice F402223075-3772014_3772014-402218539_1678115240-GB-F-029 read.
LOG (lattice-oracle[5.5.480~1-09abd]:main():lattice-oracle.cc:318) %WER 4.34783 [ 2 / 46, 0 insertions, 1 deletions, 1 sub ]
LOG (lattice-oracle[5.5.480~1-09abd]:main():lattice-oracle.cc:332) For utterance F402223075-3772014_3772014-402218539_1678115240-GB-F-029, best cost 2
Lattice F402223075-3772014_3772014-402218539_1678115240-GB-F-037 read.
LOG (lattice-oracle[5.5.480~1-09abd]:main():lattice-oracle.cc:318) %WER 0 [ 0 / 17, 0 insertions, 0 deletions, 0 sub ]
LOG (lattice-oracle[5.5.480~1-09abd]:main():lattice-oracle.cc:332) For utterance F402223075-3772014_3772014-402218539_1678115240-GB-F-037, best cost 0
Lattice F402223075-3772014_3772014-402218539_1678115240-GB-F-043 read.
LOG (lattice-oracle[5.5.480~1-09abd]:main():lattice-oracle.cc:318) %WER 0 [ 0 / 12, 0 insertions, 0 deletions, 0 sub ]
LOG (lattice-oracle[5.5.480~1-09abd]:main():lattice-oracle.cc:332) For utterance F402223075-3772014_3772014-402218539_1678115240-GB-F-043, best cost 0
Lattice F402223075-3772014_3772014-402218539_1678115240-GB-F-044 read.
LOG (lattice-oracle[5.5.480~1-09abd]:main():lattice-oracle.cc:318) %WER 7.69231 [ 1 / 13, 0 insertions, 0 deletions, 1 sub ]
LOG (lattice-oracle[5.5.480~1-09abd]:main():lattice-oracle.cc:332) For utterance F402223075-3772014_3772014-402218539_1678115240-GB-F-044, best cost 1
Lattice F402223075-3772014_3772014-402218539_1678115240-GB-F-048 read.
LOG (lattice-oracle[5.5.480~1-09abd]:main():lattice-oracle.cc:318) %WER 10.7143 [ 3 / 28, 0 insertions, 1 deletions, 2 sub ]
LOG (lattice-oracle[5.5.480~1-09abd]:main():lattice-oracle.cc:332) For utterance F402223075-3772014_3772014-402218539_1678115240-GB-F-048, best cost 3
Lattice F402223075-3772014_3772014-402218539_1678115240-GB-F-052 read.
LOG (lattice-oracle[5.5.480~1-09abd]:main():lattice-oracle.cc:318) %WER 0 [ 0 / 21, 0 insertions, 0 deletions, 0 sub ]
LOG (lattice-oracle[5.5.480~1-09abd]:main():lattice-oracle.cc:332) For utterance F402223075-3772014_3772014-402218539_1678115240-GB-F-052, best cost 0
Lattice F402223075-3772014_3772014-402218539_1678115240-GB-F-057 read.
LOG (lattice-oracle[5.5.480~1-09abd]:main():lattice-oracle.cc:318) %WER 0 [ 0 / 7, 0 insertions, 0 deletions, 0 sub ]
LOG (lattice-oracle[5.5.480~1-09abd]:main():lattice-oracle.cc:332) For utterance F402223075-3772014_3772014-402218539_1678115240-GB-F-057, best cost 0
Lattice F409714814-465807676_214722-775118825_1580685601-GB-F-007 read.
LOG (lattice-oracle[5.5.480~1-09abd]:main():lattice-oracle.cc:318) %WER 0 [ 0 / 4, 0 insertions, 0 deletions, 0 sub ]
LOG (lattice-oracle[5.5.480~1-09abd]:main():lattice-oracle.cc:332) For utterance F409714814-465807676_214722-775118825_1580685601-GB-F-007, best cost 0
Lattice F409714814-465807676_214722-775118825_1580685601-GB-F-008 read.
LOG (lattice-oracle[5.5.480~1-09abd]:main():lattice-oracle.cc:318) %WER 0 [ 0 / 4, 0 insertions, 0 deletions, 0 sub ]
LOG (lattice-oracle[5.5.480~1-09abd]:main():lattice-oracle.cc:332) For utterance F409714814-465807676_214722-775118825_1580685601-GB-F-008, best cost 0
Lattice F409714814-465807676_214722-775118825_1580685601-GB-F-010 read.
LOG (lattice-oracle[5.5.480~1-09abd]:main():lattice-oracle.cc:318) %WER 0 [ 0 / 4, 0 insertions, 0 deletions, 0 sub ]
LOG (lattice-oracle[5.5.480~1-09abd]:main():lattice-oracle.cc:332) For utterance F409714814-465807676_214722-775118825_1580685601-GB-F-010, best cost 0
Lattice F409714814-465807676_214722-775118825_1580685601-GB-F-013 read.
LOG (lattice-oracle[5.5.480~1-09abd]:main():lattice-oracle.cc:318) %WER 0 [ 0 / 4, 0 insertions, 0 deletions, 0 sub ]
LOG (lattice-oracle[5.5.480~1-09abd]:main():lattice-oracle.cc:332) For utterance F409714814-465807676_214722-775118825_1580685601-GB-F-013, best cost 0
Lattice F409714814-465807676_214722-775118825_1580685601-GB-F-018 read.
LOG (lattice-oracle[5.5.480~1-09abd]:main():lattice-oracle.cc:318) %WER 0 [ 0 / 12, 0 insertions, 0 deletions, 0 sub ]
LOG (lattice-oracle[5.5.480~1-09abd]:main():lattice-oracle.cc:332) For utterance F409714814-465807676_214722-775118825_1580685601-GB-F-018, best cost 0
Lattice F409714814-465807676_214722-775118825_1580685601-GB-F-020 read.
LOG (lattice-oracle[5.5.480~1-09abd]:main():lattice-oracle.cc:318) %WER 0 [ 0 / 7, 0 insertions, 0 deletions, 0 sub ]
LOG (lattice-oracle[5.5.480~1-09abd]:main():lattice-oracle.cc:332) For utterance F409714814-465807676_214722-775118825_1580685601-GB-F-020, best cost 0
Lattice F409714814-465807676_214722-775118825_1580685601-GB-F-021 read.
LOG (lattice-oracle[5.5.480~1-09abd]:main():lattice-oracle.cc:318) %WER 14.2857 [ 1 / 7, 0 insertions, 1 deletions, 0 sub ]
LOG (lattice-oracle[5.5.480~1-09abd]:main():lattice-oracle.cc:332) For utterance F409714814-465807676_214722-775118825_1580685601-GB-F-021, best cost 1
Lattice F409714814-465807676_214722-775118825_1580685601-GB-F-022 read.
LOG (lattice-oracle[5.5.480~1-09abd]:main():lattice-oracle.cc:318) %WER 12.5 [ 1 / 8, 0 insertions, 1 deletions, 0 sub ]
LOG (lattice-oracle[5.5.480~1-09abd]:main():lattice-oracle.cc:332) For utterance F409714814-465807676_214722-775118825_1580685601-GB-F-022, best cost 1
Lattice F409714814-465807676_214722-775118825_1580685601-GB-F-025 read.
LOG (lattice-oracle[5.5.480~1-09abd]:main():lattice-oracle.cc:318) %WER 0 [ 0 / 6, 0 insertions, 0 deletions, 0 sub ]
LOG (lattice-oracle[5.5.480~1-09abd]:main():lattice-oracle.cc:332) For utterance F409714814-465807676_214722-775118825_1580685601-GB-F-025, best cost 0
Lattice F409714814-465807676_214722-775118825_1580685601-GB-F-027 read.
LOG (lattice-oracle[5.5.480~1-09abd]:main():lattice-oracle.cc:318) %WER 0 [ 0 / 4, 0 insertions, 0 deletions, 0 sub ]
LOG (lattice-oracle[5.5.480~1-09abd]:main():lattice-oracle.cc:332) For utterance F409714814-465807676_214722-775118825_1580685601-GB-F-027, best cost 0
Lattice F409714814-465807676_214722-775118825_1580685601-GB-F-030 read.
LOG (lattice-oracle[5.5.480~1-09abd]:main():lattice-oracle.cc:318) %WER 0 [ 0 / 3, 0 insertions, 0 deletions, 0 sub ]
LOG (lattice-oracle[5.5.480~1-09abd]:main():lattice-oracle.cc:332) For utterance F409714814-465807676_214722-775118825_1580685601-GB-F-030, best cost 0
Lattice F409714814-465807676_214722-775118825_1580685601-GB-F-031 read.
LOG (lattice-oracle[5.5.480~1-09abd]:main():lattice-oracle.cc:318) %WER 16.6667 [ 1 / 6, 0 insertions, 0 deletions, 1 sub ]
LOG (lattice-oracle[5.5.480~1-09abd]:main():lattice-oracle.cc:332) For utterance F409714814-465807676_214722-775118825_1580685601-GB-F-031, best cost 1
Lattice F409714814-465807676_214722-775118825_1580685601-GB-F-032 read.
LOG (lattice-oracle[5.5.480~1-09abd]:main():lattice-oracle.cc:318) %WER 0 [ 0 / 4, 0 insertions, 0 deletions, 0 sub ]
LOG (lattice-oracle[5.5.480~1-09abd]:main():lattice-oracle.cc:332) For utterance F409714814-465807676_214722-775118825_1580685601-GB-F-032, best cost 0
Lattice F409714814-465807676_214722-775118825_1580685601-GB-F-033 read.
LOG (lattice-oracle[5.5.480~1-09abd]:main():lattice-oracle.cc:318) %WER 0 [ 0 / 4, 0 insertions, 0 deletions, 0 sub ]
LOG (lattice-oracle[5.5.480~1-09abd]:main():lattice-oracle.cc:332) For utterance F409714814-465807676_214722-775118825_1580685601-GB-F-033, best cost 0
Lattice F409714814-465807676_214722-775118825_1580685601-GB-F-034 read.
LOG (lattice-oracle[5.5.480~1-09abd]:main():lattice-oracle.cc:318) %WER 0 [ 0 / 4, 0 insertions, 0 deletions, 0 sub ]
LOG (lattice-oracle[5.5.480~1-09abd]:main():lattice-oracle.cc:332) For utterance F409714814-465807676_214722-775118825_1580685601-GB-F-034, best cost 0
Lattice F409714814-465807676_214722-775118825_1580685601-GB-F-036 read.
LOG (lattice-oracle[5.5.480~1-09abd]:main():lattice-oracle.cc:318) %WER 0 [ 0 / 4, 0 insertions, 0 deletions, 0 sub ]
LOG (lattice-oracle[5.5.480~1-09abd]:main():lattice-oracle.cc:332) For utterance F409714814-465807676_214722-775118825_1580685601-GB-F-036, best cost 0
Lattice F409714814-465807676_214722-775118825_1580685601-GB-F-038 read.
LOG (lattice-oracle[5.5.480~1-09abd]:main():lattice-oracle.cc:318) %WER 35 [ 7 / 20, 0 insertions, 6 deletions, 1 sub ]
LOG (lattice-oracle[5.5.480~1-09abd]:main():lattice-oracle.cc:332) For utterance F409714814-465807676_214722-775118825_1580685601-GB-F-038, best cost 7
Lattice F409714814-465807676_214722-775118825_1580685601-GB-F-042 read.
LOG (lattice-oracle[5.5.480~1-09abd]:main():lattice-oracle.cc:318) %WER 8 [ 2 / 25, 0 insertions, 2 deletions, 0 sub ]
LOG (lattice-oracle[5.5.480~1-09abd]:main():lattice-oracle.cc:332) For utterance F409714814-465807676_214722-775118825_1580685601-GB-F-042, best cost 2
Lattice F409714814-465807676_214722-775118825_1580685601-GB-F-047 read.
LOG (lattice-oracle[5.5.480~1-09abd]:main():lattice-oracle.cc:318) %WER 0 [ 0 / 7, 0 insertions, 0 deletions, 0 sub ]
LOG (lattice-oracle[5.5.480~1-09abd]:main():lattice-oracle.cc:332) For utterance F409714814-465807676_214722-775118825_1580685601-GB-F-047, best cost 0
Lattice F409714814-465807676_214722-775118825_1580685601-GB-F-048 read.
LOG (lattice-oracle[5.5.480~1-09abd]:main():lattice-oracle.cc:318) %WER 12.5 [ 1 / 8, 0 insertions, 1 deletions, 0 sub ]
LOG (lattice-oracle[5.5.480~1-09abd]:main():lattice-oracle.cc:332) For utterance F409714814-465807676_214722-775118825_1580685601-GB-F-048, best cost 1
Lattice F409714814-465807676_214722-775118825_1580685601-GB-F-051 read.
LOG (lattice-oracle[5.5.480~1-09abd]:main():lattice-oracle.cc:318) %WER 0 [ 0 / 6, 0 insertions, 0 deletions, 0 sub ]
LOG (lattice-oracle[5.5.480~1-09abd]:main():lattice-oracle.cc:332) For utterance F409714814-465807676_214722-775118825_1580685601-GB-F-051, best cost 0
Lattice F409714814-465807676_214722-775118825_1580685601-GB-F-053 read.
LOG (lattice-oracle[5.5.480~1-09abd]:main():lattice-oracle.cc:318) %WER 0 [ 0 / 4, 0 insertions, 0 deletions, 0 sub ]
LOG (lattice-oracle[5.5.480~1-09abd]:main():lattice-oracle.cc:332) For utterance F409714814-465807676_214722-775118825_1580685601-GB-F-053, best cost 0
Lattice F409714814-465807676_214722-775118825_1580685601-GB-F-054 read.
LOG (lattice-oracle[5.5.480~1-09abd]:main():lattice-oracle.cc:318) %WER 25 [ 1 / 4, 0 insertions, 0 deletions, 1 sub ]
LOG (lattice-oracle[5.5.480~1-09abd]:main():lattice-oracle.cc:332) For utterance F409714814-465807676_214722-775118825_1580685601-GB-F-054, best cost 1
Lattice F409714814-465807676_214722-775118825_1580685601-GB-F-055 read.
LOG (lattice-oracle[5.5.480~1-09abd]:main():lattice-oracle.cc:318) %WER 0 [ 0 / 3, 0 insertions, 0 deletions, 0 sub ]
LOG (lattice-oracle[5.5.480~1-09abd]:main():lattice-oracle.cc:332) For utterance F409714814-465807676_214722-775118825_1580685601-GB-F-055, best cost 0
Lattice F409714814-465807676_214722-775118825_1580685601-GB-F-056 read.
LOG (lattice-oracle[5.5.480~1-09abd]:main():lattice-oracle.cc:318) %WER 0 [ 0 / 8, 0 insertions, 0 deletions, 0 sub ]
LOG (lattice-oracle[5.5.480~1-09abd]:main():lattice-oracle.cc:332) For utterance F409714814-465807676_214722-775118825_1580685601-GB-F-056, best cost 0
Lattice F409714814-465807676_214722-775118825_1580685601-GB-F-058 read.
LOG (lattice-oracle[5.5.480~1-09abd]:main():lattice-oracle.cc:318) %WER 16.6667 [ 1 / 6, 0 insertions, 1 deletions, 0 sub ]
LOG (lattice-oracle[5.5.480~1-09abd]:main():lattice-oracle.cc:332) For utterance F409714814-465807676_214722-775118825_1580685601-GB-F-058, best cost 1
Lattice F409714814-465807676_214722-775118825_1580685601-GB-F-060 read.
LOG (lattice-oracle[5.5.480~1-09abd]:main():lattice-oracle.cc:318) %WER 0 [ 0 / 13, 0 insertions, 0 deletions, 0 sub ]
LOG (lattice-oracle[5.5.480~1-09abd]:main():lattice-oracle.cc:332) For utterance F409714814-465807676_214722-775118825_1580685601-GB-F-060, best cost 0
Lattice F409714814-465807676_214722-775118825_1580685601-GB-F-063 read.
LOG (lattice-oracle[5.5.480~1-09abd]:main():lattice-oracle.cc:318) %WER 0 [ 0 / 4, 0 insertions, 0 deletions, 0 sub ]
LOG (lattice-oracle[5.5.480~1-09abd]:main():lattice-oracle.cc:332) For utterance F409714814-465807676_214722-775118825_1580685601-GB-F-063, best cost 0
Lattice F409714814-465807676_214722-775118825_1580685601-GB-F-064 read.
LOG (lattice-oracle[5.5.480~1-09abd]:main():lattice-oracle.cc:318) %WER 0 [ 0 / 10, 0 insertions, 0 deletions, 0 sub ]
LOG (lattice-oracle[5.5.480~1-09abd]:main():lattice-oracle.cc:332) For utterance F409714814-465807676_214722-775118825_1580685601-GB-F-064, best cost 0
Lattice F409714814-465807676_214722-775118825_1580685601-GB-F-066 read.
LOG (lattice-oracle[5.5.480~1-09abd]:main():lattice-oracle.cc:318) %WER 0 [ 0 / 3, 0 insertions, 0 deletions, 0 sub ]
LOG (lattice-oracle[5.5.480~1-09abd]:main():lattice-oracle.cc:332) For utterance F409714814-465807676_214722-775118825_1580685601-GB-F-066, best cost 0
Lattice F409714814-465807676_214722-775118825_1580685601-GB-F-067 read.
LOG (lattice-oracle[5.5.480~1-09abd]:main():lattice-oracle.cc:318) %WER 40 [ 2 / 5, 0 insertions, 2 deletions, 0 sub ]
LOG (lattice-oracle[5.5.480~1-09abd]:main():lattice-oracle.cc:332) For utterance F409714814-465807676_214722-775118825_1580685601-GB-F-067, best cost 2
Lattice F409714814-465807676_214722-775118825_1580685601-GB-F-070 read.
LOG (lattice-oracle[5.5.480~1-09abd]:main():lattice-oracle.cc:318) %WER 14.2857 [ 1 / 7, 0 insertions, 0 deletions, 1 sub ]
LOG (lattice-oracle[5.5.480~1-09abd]:main():lattice-oracle.cc:332) For utterance F409714814-465807676_214722-775118825_1580685601-GB-F-070, best cost 1
Lattice F409714814-465807676_214722-775118825_1580685601-GB-F-073 read.
LOG (lattice-oracle[5.5.480~1-09abd]:main():lattice-oracle.cc:318) %WER 0 [ 0 / 9, 0 insertions, 0 deletions, 0 sub ]
LOG (lattice-oracle[5.5.480~1-09abd]:main():lattice-oracle.cc:332) For utterance F409714814-465807676_214722-775118825_1580685601-GB-F-073, best cost 0
Lattice F409714814-465807676_214722-775118825_1580685601-GB-F-074 read.
LOG (lattice-oracle[5.5.480~1-09abd]:main():lattice-oracle.cc:318) %WER 16.6667 [ 1 / 6, 0 insertions, 1 deletions, 0 sub ]
LOG (lattice-oracle[5.5.480~1-09abd]:main():lattice-oracle.cc:332) For utterance F409714814-465807676_214722-775118825_1580685601-GB-F-074, best cost 1
Lattice F409714814-465807676_214722-775118825_1580685601-GB-F-075 read.
LOG (lattice-oracle[5.5.480~1-09abd]:main():lattice-oracle.cc:318) %WER 0 [ 0 / 4, 0 insertions, 0 deletions, 0 sub ]
LOG (lattice-oracle[5.5.480~1-09abd]:main():lattice-oracle.cc:332) For utterance F409714814-465807676_214722-775118825_1580685601-GB-F-075, best cost 0
Lattice F409714814-465807676_214722-775118825_1580685601-GB-F-076 read.
LOG (lattice-oracle[5.5.480~1-09abd]:main():lattice-oracle.cc:318) %WER 0 [ 0 / 4, 0 insertions, 0 deletions, 0 sub ]
LOG (lattice-oracle[5.5.480~1-09abd]:main():lattice-oracle.cc:332) For utterance F409714814-465807676_214722-775118825_1580685601-GB-F-076, best cost 0
Lattice F409714814-465807676_214722-775118825_1580685601-GB-F-077 read.
LOG (lattice-oracle[5.5.480~1-09abd]:main():lattice-oracle.cc:318) %WER 33.3333 [ 1 / 3, 1 insertions, 0 deletions, 0 sub ]
LOG (lattice-oracle[5.5.480~1-09abd]:main():lattice-oracle.cc:332) For utterance F409714814-465807676_214722-775118825_1580685601-GB-F-077, best cost 1
Lattice F409714814-465807676_214722-775118825_1580685601-GB-F-078 read.
LOG (lattice-oracle[5.5.480~1-09abd]:main():lattice-oracle.cc:318) %WER 0 [ 0 / 11, 0 insertions, 0 deletions, 0 sub ]
LOG (lattice-oracle[5.5.480~1-09abd]:main():lattice-oracle.cc:332) For utterance F409714814-465807676_214722-775118825_1580685601-GB-F-078, best cost 0
Lattice F409714814-465807676_214722-775118825_1580685601-GB-F-080 read.
LOG (lattice-oracle[5.5.480~1-09abd]:main():lattice-oracle.cc:318) %WER 0 [ 0 / 4, 0 insertions, 0 deletions, 0 sub ]
LOG (lattice-oracle[5.5.480~1-09abd]:main():lattice-oracle.cc:332) For utterance F409714814-465807676_214722-775118825_1580685601-GB-F-080, best cost 0
Lattice F416050662-5636766_137803-614778753_1582853606-GB-F-001 read.
LOG (lattice-oracle[5.5.480~1-09abd]:main():lattice-oracle.cc:318) %WER 0 [ 0 / 11, 0 insertions, 0 deletions, 0 sub ]
LOG (lattice-oracle[5.5.480~1-09abd]:main():lattice-oracle.cc:332) For utterance F416050662-5636766_137803-614778753_1582853606-GB-F-001, best cost 0
Lattice F416050662-5636766_137803-614778753_1582853606-GB-F-003 read.
LOG (lattice-oracle[5.5.480~1-09abd]:main():lattice-oracle.cc:318) %WER 0 [ 0 / 7, 0 insertions, 0 deletions, 0 sub ]
LOG (lattice-oracle[5.5.480~1-09abd]:main():lattice-oracle.cc:332) For utterance F416050662-5636766_137803-614778753_1582853606-GB-F-003, best cost 0
Lattice F416050662-5636766_137803-614778753_1582853606-GB-F-005 read.
LOG (lattice-oracle[5.5.480~1-09abd]:main():lattice-oracle.cc:318) %WER 0 [ 0 / 18, 0 insertions, 0 deletions, 0 sub ]
LOG (lattice-oracle[5.5.480~1-09abd]:main():lattice-oracle.cc:332) For utterance F416050662-5636766_137803-614778753_1582853606-GB-F-005, best cost 0
Lattice F416050662-5636766_137803-614778753_1582853606-GB-F-008 read.
LOG (lattice-oracle[5.5.480~1-09abd]:main():lattice-oracle.cc:318) %WER 0 [ 0 / 6, 0 insertions, 0 deletions, 0 sub ]
LOG (lattice-oracle[5.5.480~1-09abd]:main():lattice-oracle.cc:332) For utterance F416050662-5636766_137803-614778753_1582853606-GB-F-008, best cost 0
Lattice F416050662-5636766_137803-614778753_1582853606-GB-F-009 read.
LOG (lattice-oracle[5.5.480~1-09abd]:main():lattice-oracle.cc:318) %WER 20.9302 [ 9 / 43, 5 insertions, 2 deletions, 2 sub ]
LOG (lattice-oracle[5.5.480~1-09abd]:main():lattice-oracle.cc:332) For utterance F416050662-5636766_137803-614778753_1582853606-GB-F-009, best cost 9
Lattice F416050662-5636766_137803-614778753_1582853606-GB-F-018 read.
LOG (lattice-oracle[5.5.480~1-09abd]:main():lattice-oracle.cc:318) %WER 0 [ 0 / 4, 0 insertions, 0 deletions, 0 sub ]
LOG (lattice-oracle[5.5.480~1-09abd]:main():lattice-oracle.cc:332) For utterance F416050662-5636766_137803-614778753_1582853606-GB-F-018, best cost 0
Lattice F422819641-107820351_1014003-1303267225_1497989330-GB-F-001 read.
LOG (lattice-oracle[5.5.480~1-09abd]:main():lattice-oracle.cc:318) %WER 0 [ 0 / 4, 0 insertions, 0 deletions, 0 sub ]
LOG (lattice-oracle[5.5.480~1-09abd]:main():lattice-oracle.cc:332) For utterance F422819641-107820351_1014003-1303267225_1497989330-GB-F-001, best cost 0
Lattice F422819641-107820351_1014003-1303267225_1497989330-GB-F-002 read.
LOG (lattice-oracle[5.5.480~1-09abd]:main():lattice-oracle.cc:318) %WER 0 [ 0 / 9, 0 insertions, 0 deletions, 0 sub ]
LOG (lattice-oracle[5.5.480~1-09abd]:main():lattice-oracle.cc:332) For utterance F422819641-107820351_1014003-1303267225_1497989330-GB-F-002, best cost 0
Lattice F422819641-107820351_1014003-1303267225_1497989330-GB-F-004 read.
LOG (lattice-oracle[5.5.480~1-09abd]:main():lattice-oracle.cc:318) %WER 0 [ 0 / 5, 0 insertions, 0 deletions, 0 sub ]
LOG (lattice-oracle[5.5.480~1-09abd]:main():lattice-oracle.cc:332) For utterance F422819641-107820351_1014003-1303267225_1497989330-GB-F-004, best cost 0
Lattice F422819641-107820351_1014003-1303267225_1497989330-GB-F-006 read.
LOG (lattice-oracle[5.5.480~1-09abd]:main():lattice-oracle.cc:318) %WER 25 [ 1 / 4, 0 insertions, 1 deletions, 0 sub ]
LOG (lattice-oracle[5.5.480~1-09abd]:main():lattice-oracle.cc:332) For utterance F422819641-107820351_1014003-1303267225_1497989330-GB-F-006, best cost 1
Lattice F422819641-107820351_1014003-1303267225_1497989330-GB-F-007 read.
LOG (lattice-oracle[5.5.480~1-09abd]:main():lattice-oracle.cc:318) %WER 20 [ 1 / 5, 1 insertions, 0 deletions, 0 sub ]
LOG (lattice-oracle[5.5.480~1-09abd]:main():lattice-oracle.cc:332) For utterance F422819641-107820351_1014003-1303267225_1497989330-GB-F-007, best cost 1
Lattice F422819641-107820351_1014003-1303267225_1497989330-GB-F-009 read.
LOG (lattice-oracle[5.5.480~1-09abd]:main():lattice-oracle.cc:318) %WER 0 [ 0 / 3, 0 insertions, 0 deletions, 0 sub ]
LOG (lattice-oracle[5.5.480~1-09abd]:main():lattice-oracle.cc:332) For utterance F422819641-107820351_1014003-1303267225_1497989330-GB-F-009, best cost 0
Lattice F422819641-107820351_1014003-1303267225_1497989330-GB-F-010 read.
LOG (lattice-oracle[5.5.480~1-09abd]:main():lattice-oracle.cc:318) %WER 0 [ 0 / 19, 0 insertions, 0 deletions, 0 sub ]
LOG (lattice-oracle[5.5.480~1-09abd]:main():lattice-oracle.cc:332) For utterance F422819641-107820351_1014003-1303267225_1497989330-GB-F-010, best cost 0
Lattice F422819641-107820351_1014003-1303267225_1497989330-GB-F-013 read.
LOG (lattice-oracle[5.5.480~1-09abd]:main():lattice-oracle.cc:318) %WER 0 [ 0 / 22, 0 insertions, 0 deletions, 0 sub ]
LOG (lattice-oracle[5.5.480~1-09abd]:main():lattice-oracle.cc:332) For utterance F422819641-107820351_1014003-1303267225_1497989330-GB-F-013, best cost 0
Lattice F422819641-107820351_1014003-1303267225_1497989330-GB-F-017 read.
LOG (lattice-oracle[5.5.480~1-09abd]:main():lattice-oracle.cc:318) %WER 0 [ 0 / 44, 0 insertions, 0 deletions, 0 sub ]
LOG (lattice-oracle[5.5.480~1-09abd]:main():lattice-oracle.cc:332) For utterance F422819641-107820351_1014003-1303267225_1497989330-GB-F-017, best cost 0
Lattice F422819641-107820351_1014003-1303267225_1497989330-GB-F-026 read.
LOG (lattice-oracle[5.5.480~1-09abd]:main():lattice-oracle.cc:318) %WER 66.6667 [ 2 / 3, 0 insertions, 0 deletions, 2 sub ]
LOG (lattice-oracle[5.5.480~1-09abd]:main():lattice-oracle.cc:332) For utterance F422819641-107820351_1014003-1303267225_1497989330-GB-F-026, best cost 2
Lattice F422819641-107820351_1014003-1303267225_1497989330-GB-F-027 read.
LOG (lattice-oracle[5.5.480~1-09abd]:main():lattice-oracle.cc:318) %WER 0 [ 0 / 3, 0 insertions, 0 deletions, 0 sub ]
LOG (lattice-oracle[5.5.480~1-09abd]:main():lattice-oracle.cc:332) For utterance F422819641-107820351_1014003-1303267225_1497989330-GB-F-027, best cost 0
Lattice F422819641-107820351_1014003-1303267225_1497989330-GB-F-028 read.
LOG (lattice-oracle[5.5.480~1-09abd]:main():lattice-oracle.cc:318) %WER 0 [ 0 / 15, 0 insertions, 0 deletions, 0 sub ]
LOG (lattice-oracle[5.5.480~1-09abd]:main():lattice-oracle.cc:332) For utterance F422819641-107820351_1014003-1303267225_1497989330-GB-F-028, best cost 0
Lattice F422819641-107820351_1014003-1303267225_1497989330-GB-F-033 read.
LOG (lattice-oracle[5.5.480~1-09abd]:main():lattice-oracle.cc:318) %WER 0 [ 0 / 4, 0 insertions, 0 deletions, 0 sub ]
LOG (lattice-oracle[5.5.480~1-09abd]:main():lattice-oracle.cc:332) For utterance F422819641-107820351_1014003-1303267225_1497989330-GB-F-033, best cost 0
Lattice F422819641-107820351_1014003-1303267225_1497989330-GB-F-035 read.
LOG (lattice-oracle[5.5.480~1-09abd]:main():lattice-oracle.cc:318) %WER 0 [ 0 / 4, 0 insertions, 0 deletions, 0 sub ]
LOG (lattice-oracle[5.5.480~1-09abd]:main():lattice-oracle.cc:332) For utterance F422819641-107820351_1014003-1303267225_1497989330-GB-F-035, best cost 0
Lattice F422819641-107820351_1014003-1303267225_1497989330-GB-F-036 read.
LOG (lattice-oracle[5.5.480~1-09abd]:main():lattice-oracle.cc:318) %WER 0 [ 0 / 41, 0 insertions, 0 deletions, 0 sub ]
LOG (lattice-oracle[5.5.480~1-09abd]:main():lattice-oracle.cc:332) For utterance F422819641-107820351_1014003-1303267225_1497989330-GB-F-036, best cost 0
Lattice F422819641-107820351_1014003-1303267225_1497989330-GB-F-043 read.
LOG (lattice-oracle[5.5.480~1-09abd]:main():lattice-oracle.cc:318) %WER 0 [ 0 / 22, 0 insertions, 0 deletions, 0 sub ]
LOG (lattice-oracle[5.5.480~1-09abd]:main():lattice-oracle.cc:332) For utterance F422819641-107820351_1014003-1303267225_1497989330-GB-F-043, best cost 0
Lattice F422819641-107820351_1014003-1303267225_1497989330-GB-F-047 read.
LOG (lattice-oracle[5.5.480~1-09abd]:main():lattice-oracle.cc:318) %WER 2.12766 [ 1 / 47, 0 insertions, 1 deletions, 0 sub ]
LOG (lattice-oracle[5.5.480~1-09abd]:main():lattice-oracle.cc:332) For utterance F422819641-107820351_1014003-1303267225_1497989330-GB-F-047, best cost 1
Lattice F422819641-107820351_1014003-1303267225_1497989330-GB-F-057 read.
LOG (lattice-oracle[5.5.480~1-09abd]:main():lattice-oracle.cc:318) %WER 4 [ 1 / 25, 0 insertions, 1 deletions, 0 sub ]
LOG (lattice-oracle[5.5.480~1-09abd]:main():lattice-oracle.cc:332) For utterance F422819641-107820351_1014003-1303267225_1497989330-GB-F-057, best cost 1
Lattice F423925286-124157882_966523-421272102_1619832892-GB-F-009 read.
LOG (lattice-oracle[5.5.480~1-09abd]:main():lattice-oracle.cc:318) %WER 100 [ 8 / 8, 0 insertions, 8 deletions, 0 sub ]
LOG (lattice-oracle[5.5.480~1-09abd]:main():lattice-oracle.cc:332) For utterance F423925286-124157882_966523-421272102_1619832892-GB-F-009, best cost 8
Lattice F423925286-124157882_966523-421272102_1619832892-GB-F-045 read.
LOG (lattice-oracle[5.5.480~1-09abd]:main():lattice-oracle.cc:318) %WER 92.3077 [ 12 / 13, 0 insertions, 12 deletions, 0 sub ]
LOG (lattice-oracle[5.5.480~1-09abd]:main():lattice-oracle.cc:332) For utterance F423925286-124157882_966523-421272102_1619832892-GB-F-045, best cost 12
Lattice F423925286-124157882_966523-421272102_1619832892-GB-F-068 read.
LOG (lattice-oracle[5.5.480~1-09abd]:main():lattice-oracle.cc:318) %WER 0 [ 0 / 6, 0 insertions, 0 deletions, 0 sub ]
LOG (lattice-oracle[5.5.480~1-09abd]:main():lattice-oracle.cc:332) For utterance F423925286-124157882_966523-421272102_1619832892-GB-F-068, best cost 0
Lattice F423925286-124157882_966523-421272102_1619832892-GB-F-071 read.
LOG (lattice-oracle[5.5.480~1-09abd]:main():lattice-oracle.cc:318) %WER 90 [ 9 / 10, 0 insertions, 8 deletions, 1 sub ]
LOG (lattice-oracle[5.5.480~1-09abd]:main():lattice-oracle.cc:332) For utterance F423925286-124157882_966523-421272102_1619832892-GB-F-071, best cost 9
Lattice F423925286-124157882_966523-421272102_1619832892-GB-F-074 read.
LOG (lattice-oracle[5.5.480~1-09abd]:main():lattice-oracle.cc:318) %WER 31.5789 [ 6 / 19, 1 insertions, 4 deletions, 1 sub ]
LOG (lattice-oracle[5.5.480~1-09abd]:main():lattice-oracle.cc:332) For utterance F423925286-124157882_966523-421272102_1619832892-GB-F-074, best cost 6
Lattice F425215637-3770560_3770560-688625330_1583818438-GB-F-001 read.
LOG (lattice-oracle[5.5.480~1-09abd]:main():lattice-oracle.cc:318) %WER 0 [ 0 / 10, 0 insertions, 0 deletions, 0 sub ]
LOG (lattice-oracle[5.5.480~1-09abd]:main():lattice-oracle.cc:332) For utterance F425215637-3770560_3770560-688625330_1583818438-GB-F-001, best cost 0
Lattice F425215637-3770560_3770560-688625330_1583818438-GB-F-002 read.
LOG (lattice-oracle[5.5.480~1-09abd]:main():lattice-oracle.cc:318) %WER 0 [ 0 / 9, 0 insertions, 0 deletions, 0 sub ]
LOG (lattice-oracle[5.5.480~1-09abd]:main():lattice-oracle.cc:332) For utterance F425215637-3770560_3770560-688625330_1583818438-GB-F-002, best cost 0
Lattice F425215637-3770560_3770560-688625330_1583818438-GB-F-003 read.
LOG (lattice-oracle[5.5.480~1-09abd]:main():lattice-oracle.cc:318) %WER 0 [ 0 / 12, 0 insertions, 0 deletions, 0 sub ]
LOG (lattice-oracle[5.5.480~1-09abd]:main():lattice-oracle.cc:332) For utterance F425215637-3770560_3770560-688625330_1583818438-GB-F-003, best cost 0
Lattice F425215637-3770560_3770560-688625330_1583818438-GB-F-004 read.
LOG (lattice-oracle[5.5.480~1-09abd]:main():lattice-oracle.cc:318) %WER 0 [ 0 / 4, 0 insertions, 0 deletions, 0 sub ]
LOG (lattice-oracle[5.5.480~1-09abd]:main():lattice-oracle.cc:332) For utterance F425215637-3770560_3770560-688625330_1583818438-GB-F-004, best cost 0
Lattice F425215637-3770560_3770560-688625330_1583818438-GB-F-005 read.
LOG (lattice-oracle[5.5.480~1-09abd]:main():lattice-oracle.cc:318) %WER 0 [ 0 / 5, 0 insertions, 0 deletions, 0 sub ]
LOG (lattice-oracle[5.5.480~1-09abd]:main():lattice-oracle.cc:332) For utterance F425215637-3770560_3770560-688625330_1583818438-GB-F-005, best cost 0
Lattice F425215637-3770560_3770560-688625330_1583818438-GB-F-006 read.
LOG (lattice-oracle[5.5.480~1-09abd]:main():lattice-oracle.cc:318) %WER 0 [ 0 / 16, 0 insertions, 0 deletions, 0 sub ]
LOG (lattice-oracle[5.5.480~1-09abd]:main():lattice-oracle.cc:332) For utterance F425215637-3770560_3770560-688625330_1583818438-GB-F-006, best cost 0
Lattice F425215637-3770560_3770560-688625330_1583818438-GB-F-008 read.
LOG (lattice-oracle[5.5.480~1-09abd]:main():lattice-oracle.cc:318) %WER 0 [ 0 / 14, 0 insertions, 0 deletions, 0 sub ]
LOG (lattice-oracle[5.5.480~1-09abd]:main():lattice-oracle.cc:332) For utterance F425215637-3770560_3770560-688625330_1583818438-GB-F-008, best cost 0
Lattice F425215637-3770560_3770560-688625330_1583818438-GB-F-010 read.
LOG (lattice-oracle[5.5.480~1-09abd]:main():lattice-oracle.cc:318) %WER 0 [ 0 / 7, 0 insertions, 0 deletions, 0 sub ]
LOG (lattice-oracle[5.5.480~1-09abd]:main():lattice-oracle.cc:332) For utterance F425215637-3770560_3770560-688625330_1583818438-GB-F-010, best cost 0
Lattice F425215637-3770560_3770560-688625330_1583818438-GB-F-011 read.
LOG (lattice-oracle[5.5.480~1-09abd]:main():lattice-oracle.cc:318) %WER 0 [ 0 / 4, 0 insertions, 0 deletions, 0 sub ]
LOG (lattice-oracle[5.5.480~1-09abd]:main():lattice-oracle.cc:332) For utterance F425215637-3770560_3770560-688625330_1583818438-GB-F-011, best cost 0
Lattice F425215637-3770560_3770560-688625330_1583818438-GB-F-012 read.
LOG (lattice-oracle[5.5.480~1-09abd]:main():lattice-oracle.cc:318) %WER 0 [ 0 / 7, 0 insertions, 0 deletions, 0 sub ]
LOG (lattice-oracle[5.5.480~1-09abd]:main():lattice-oracle.cc:332) For utterance F425215637-3770560_3770560-688625330_1583818438-GB-F-012, best cost 0
Lattice F425215637-3770560_3770560-688625330_1583818438-GB-F-013 read.
LOG (lattice-oracle[5.5.480~1-09abd]:main():lattice-oracle.cc:318) %WER 7.40741 [ 2 / 27, 1 insertions, 0 deletions, 1 sub ]
LOG (lattice-oracle[5.5.480~1-09abd]:main():lattice-oracle.cc:332) For utterance F425215637-3770560_3770560-688625330_1583818438-GB-F-013, best cost 2
Lattice F425215637-3770560_3770560-688625330_1583818438-GB-F-016 read.
LOG (lattice-oracle[5.5.480~1-09abd]:main():lattice-oracle.cc:318) %WER 0 [ 0 / 8, 0 insertions, 0 deletions, 0 sub ]
LOG (lattice-oracle[5.5.480~1-09abd]:main():lattice-oracle.cc:332) For utterance F425215637-3770560_3770560-688625330_1583818438-GB-F-016, best cost 0
Lattice F425215637-3770560_3770560-688625330_1583818438-GB-F-017 read.
LOG (lattice-oracle[5.5.480~1-09abd]:main():lattice-oracle.cc:318) %WER 15.3846 [ 2 / 13, 1 insertions, 0 deletions, 1 sub ]
LOG (lattice-oracle[5.5.480~1-09abd]:main():lattice-oracle.cc:332) For utterance F425215637-3770560_3770560-688625330_1583818438-GB-F-017, best cost 2
Lattice F425215637-3770560_3770560-688625330_1583818438-GB-F-018 read.
LOG (lattice-oracle[5.5.480~1-09abd]:main():lattice-oracle.cc:318) %WER 0 [ 0 / 8, 0 insertions, 0 deletions, 0 sub ]
LOG (lattice-oracle[5.5.480~1-09abd]:main():lattice-oracle.cc:332) For utterance F425215637-3770560_3770560-688625330_1583818438-GB-F-018, best cost 0
Lattice F425215637-3770560_3770560-688625330_1583818438-GB-F-019 read.
LOG (lattice-oracle[5.5.480~1-09abd]:main():lattice-oracle.cc:318) %WER 0 [ 0 / 8, 0 insertions, 0 deletions, 0 sub ]
LOG (lattice-oracle[5.5.480~1-09abd]:main():lattice-oracle.cc:332) For utterance F425215637-3770560_3770560-688625330_1583818438-GB-F-019, best cost 0
Lattice F425215637-3770560_3770560-688625330_1583818438-GB-F-020 read.
LOG (lattice-oracle[5.5.480~1-09abd]:main():lattice-oracle.cc:318) %WER 0 [ 0 / 4, 0 insertions, 0 deletions, 0 sub ]
LOG (lattice-oracle[5.5.480~1-09abd]:main():lattice-oracle.cc:332) For utterance F425215637-3770560_3770560-688625330_1583818438-GB-F-020, best cost 0
Lattice F425215637-3770560_3770560-688625330_1583818438-GB-F-021 read.
LOG (lattice-oracle[5.5.480~1-09abd]:main():lattice-oracle.cc:318) %WER 0 [ 0 / 9, 0 insertions, 0 deletions, 0 sub ]
LOG (lattice-oracle[5.5.480~1-09abd]:main():lattice-oracle.cc:332) For utterance F425215637-3770560_3770560-688625330_1583818438-GB-F-021, best cost 0
Lattice F425215637-3770560_3770560-688625330_1583818438-GB-F-022 read.
LOG (lattice-oracle[5.5.480~1-09abd]:main():lattice-oracle.cc:318) %WER 0 [ 0 / 12, 0 insertions, 0 deletions, 0 sub ]
LOG (lattice-oracle[5.5.480~1-09abd]:main():lattice-oracle.cc:332) For utterance F425215637-3770560_3770560-688625330_1583818438-GB-F-022, best cost 0
Lattice F425215637-3770560_3770560-688625330_1583818438-GB-F-023 read.
LOG (lattice-oracle[5.5.480~1-09abd]:main():lattice-oracle.cc:318) %WER 0 [ 0 / 15, 0 insertions, 0 deletions, 0 sub ]
LOG (lattice-oracle[5.5.480~1-09abd]:main():lattice-oracle.cc:332) For utterance F425215637-3770560_3770560-688625330_1583818438-GB-F-023, best cost 0
Lattice F425215637-3770560_3770560-688625330_1583818438-GB-F-025 read.
LOG (lattice-oracle[5.5.480~1-09abd]:main():lattice-oracle.cc:318) %WER 0 [ 0 / 6, 0 insertions, 0 deletions, 0 sub ]
LOG (lattice-oracle[5.5.480~1-09abd]:main():lattice-oracle.cc:332) For utterance F425215637-3770560_3770560-688625330_1583818438-GB-F-025, best cost 0
Lattice F425215637-3770560_3770560-688625330_1583818438-GB-F-026 read.
LOG (lattice-oracle[5.5.480~1-09abd]:main():lattice-oracle.cc:318) %WER 0 [ 0 / 4, 0 insertions, 0 deletions, 0 sub ]
LOG (lattice-oracle[5.5.480~1-09abd]:main():lattice-oracle.cc:332) For utterance F425215637-3770560_3770560-688625330_1583818438-GB-F-026, best cost 0
Lattice F425215637-3770560_3770560-688625330_1583818438-GB-F-027 read.
LOG (lattice-oracle[5.5.480~1-09abd]:main():lattice-oracle.cc:318) %WER 0 [ 0 / 7, 0 insertions, 0 deletions, 0 sub ]
LOG (lattice-oracle[5.5.480~1-09abd]:main():lattice-oracle.cc:332) For utterance F425215637-3770560_3770560-688625330_1583818438-GB-F-027, best cost 0
Lattice F425215637-3770560_3770560-688625330_1583818438-GB-F-028 read.
LOG (lattice-oracle[5.5.480~1-09abd]:main():lattice-oracle.cc:318) %WER 18.5185 [ 5 / 27, 2 insertions, 0 deletions, 3 sub ]
LOG (lattice-oracle[5.5.480~1-09abd]:main():lattice-oracle.cc:332) For utterance F425215637-3770560_3770560-688625330_1583818438-GB-F-028, best cost 5
Lattice F425215637-3770560_3770560-688625330_1583818438-GB-F-031 read.
LOG (lattice-oracle[5.5.480~1-09abd]:main():lattice-oracle.cc:318) %WER 0 [ 0 / 6, 0 insertions, 0 deletions, 0 sub ]
LOG (lattice-oracle[5.5.480~1-09abd]:main():lattice-oracle.cc:332) For utterance F425215637-3770560_3770560-688625330_1583818438-GB-F-031, best cost 0
Lattice F425215637-3770560_3770560-688625330_1583818438-GB-F-032 read.
LOG (lattice-oracle[5.5.480~1-09abd]:main():lattice-oracle.cc:318) %WER 0 [ 0 / 6, 0 insertions, 0 deletions, 0 sub ]
LOG (lattice-oracle[5.5.480~1-09abd]:main():lattice-oracle.cc:332) For utterance F425215637-3770560_3770560-688625330_1583818438-GB-F-032, best cost 0
Lattice F425215637-3770560_3770560-688625330_1583818438-GB-F-033 read.
LOG (lattice-oracle[5.5.480~1-09abd]:main():lattice-oracle.cc:318) %WER 0 [ 0 / 6, 0 insertions, 0 deletions, 0 sub ]
LOG (lattice-oracle[5.5.480~1-09abd]:main():lattice-oracle.cc:332) For utterance F425215637-3770560_3770560-688625330_1583818438-GB-F-033, best cost 0
Lattice F425215637-3770560_3770560-688625330_1583818438-GB-F-034 read.
LOG (lattice-oracle[5.5.480~1-09abd]:main():lattice-oracle.cc:318) %WER 0 [ 0 / 6, 0 insertions, 0 deletions, 0 sub ]
LOG (lattice-oracle[5.5.480~1-09abd]:main():lattice-oracle.cc:332) For utterance F425215637-3770560_3770560-688625330_1583818438-GB-F-034, best cost 0
Lattice F425215637-3770560_3770560-688625330_1583818438-GB-F-035 read.
LOG (lattice-oracle[5.5.480~1-09abd]:main():lattice-oracle.cc:318) %WER 0 [ 0 / 7, 0 insertions, 0 deletions, 0 sub ]
LOG (lattice-oracle[5.5.480~1-09abd]:main():lattice-oracle.cc:332) For utterance F425215637-3770560_3770560-688625330_1583818438-GB-F-035, best cost 0
Lattice F425215637-3770560_3770560-688625330_1583818438-GB-F-036 read.
LOG (lattice-oracle[5.5.480~1-09abd]:main():lattice-oracle.cc:318) %WER 0 [ 0 / 3, 0 insertions, 0 deletions, 0 sub ]
LOG (lattice-oracle[5.5.480~1-09abd]:main():lattice-oracle.cc:332) For utterance F425215637-3770560_3770560-688625330_1583818438-GB-F-036, best cost 0
Lattice F425215637-3770560_3770560-688625330_1583818438-GB-F-037 read.
LOG (lattice-oracle[5.5.480~1-09abd]:main():lattice-oracle.cc:318) %WER 0 [ 0 / 6, 0 insertions, 0 deletions, 0 sub ]
LOG (lattice-oracle[5.5.480~1-09abd]:main():lattice-oracle.cc:332) For utterance F425215637-3770560_3770560-688625330_1583818438-GB-F-037, best cost 0
Lattice F425215637-3770560_3770560-688625330_1583818438-GB-F-038 read.
LOG (lattice-oracle[5.5.480~1-09abd]:main():lattice-oracle.cc:318) %WER 0 [ 0 / 22, 0 insertions, 0 deletions, 0 sub ]
LOG (lattice-oracle[5.5.480~1-09abd]:main():lattice-oracle.cc:332) For utterance F425215637-3770560_3770560-688625330_1583818438-GB-F-038, best cost 0
Lattice F425215637-3770560_3770560-688625330_1583818438-GB-F-041 read.
LOG (lattice-oracle[5.5.480~1-09abd]:main():lattice-oracle.cc:318) %WER 0 [ 0 / 7, 0 insertions, 0 deletions, 0 sub ]
LOG (lattice-oracle[5.5.480~1-09abd]:main():lattice-oracle.cc:332) For utterance F425215637-3770560_3770560-688625330_1583818438-GB-F-041, best cost 0
Lattice F425215637-3770560_3770560-688625330_1583818438-GB-F-042 read.
LOG (lattice-oracle[5.5.480~1-09abd]:main():lattice-oracle.cc:318) %WER 0 [ 0 / 42, 0 insertions, 0 deletions, 0 sub ]
LOG (lattice-oracle[5.5.480~1-09abd]:main():lattice-oracle.cc:332) For utterance F425215637-3770560_3770560-688625330_1583818438-GB-F-042, best cost 0
Lattice F429817452-873755806_1864159-424855848_1665221775-GB-F-010 read.
LOG (lattice-oracle[5.5.480~1-09abd]:main():lattice-oracle.cc:318) %WER 16.6667 [ 1 / 6, 0 insertions, 1 deletions, 0 sub ]
LOG (lattice-oracle[5.5.480~1-09abd]:main():lattice-oracle.cc:332) For utterance F429817452-873755806_1864159-424855848_1665221775-GB-F-010, best cost 1
Lattice F429817452-873755806_1864159-424855848_1665221775-GB-F-012 read.
LOG (lattice-oracle[5.5.480~1-09abd]:main():lattice-oracle.cc:318) %WER 50 [ 5 / 10, 0 insertions, 4 deletions, 1 sub ]
LOG (lattice-oracle[5.5.480~1-09abd]:main():lattice-oracle.cc:332) For utterance F429817452-873755806_1864159-424855848_1665221775-GB-F-012, best cost 5
Lattice F429817452-873755806_1864159-424855848_1665221775-GB-F-017 read.
LOG (lattice-oracle[5.5.480~1-09abd]:main():lattice-oracle.cc:318) %WER 40 [ 10 / 25, 0 insertions, 8 deletions, 2 sub ]
LOG (lattice-oracle[5.5.480~1-09abd]:main():lattice-oracle.cc:332) For utterance F429817452-873755806_1864159-424855848_1665221775-GB-F-017, best cost 10
Lattice F429817452-873755806_1864159-424855848_1665221775-GB-F-023 read.
LOG (lattice-oracle[5.5.480~1-09abd]:main():lattice-oracle.cc:318) %WER 0 [ 0 / 11, 0 insertions, 0 deletions, 0 sub ]
LOG (lattice-oracle[5.5.480~1-09abd]:main():lattice-oracle.cc:332) For utterance F429817452-873755806_1864159-424855848_1665221775-GB-F-023, best cost 0
Lattice F429817452-873755806_1864159-424855848_1665221775-GB-F-027 read.
LOG (lattice-oracle[5.5.480~1-09abd]:main():lattice-oracle.cc:318) %WER 0 [ 0 / 4, 0 insertions, 0 deletions, 0 sub ]
LOG (lattice-oracle[5.5.480~1-09abd]:main():lattice-oracle.cc:332) For utterance F429817452-873755806_1864159-424855848_1665221775-GB-F-027, best cost 0
Lattice F429817452-873755806_1864159-424855848_1665221775-GB-F-028 read.
LOG (lattice-oracle[5.5.480~1-09abd]:main():lattice-oracle.cc:318) %WER 45.1613 [ 14 / 31, 0 insertions, 12 deletions, 2 sub ]
LOG (lattice-oracle[5.5.480~1-09abd]:main():lattice-oracle.cc:332) For utterance F429817452-873755806_1864159-424855848_1665221775-GB-F-028, best cost 14
Lattice F429817452-873755806_1864159-424855848_1665221775-GB-F-034 read.
LOG (lattice-oracle[5.5.480~1-09abd]:main():lattice-oracle.cc:318) %WER 50 [ 2 / 4, 1 insertions, 0 deletions, 1 sub ]
LOG (lattice-oracle[5.5.480~1-09abd]:main():lattice-oracle.cc:332) For utterance F429817452-873755806_1864159-424855848_1665221775-GB-F-034, best cost 2
Lattice F429817452-873755806_1864159-424855848_1665221775-GB-F-038 read.
LOG (lattice-oracle[5.5.480~1-09abd]:main():lattice-oracle.cc:318) %WER 22.2222 [ 2 / 9, 0 insertions, 2 deletions, 0 sub ]
LOG (lattice-oracle[5.5.480~1-09abd]:main():lattice-oracle.cc:332) For utterance F429817452-873755806_1864159-424855848_1665221775-GB-F-038, best cost 2
Lattice F429817452-873755806_1864159-424855848_1665221775-GB-F-040 read.
LOG (lattice-oracle[5.5.480~1-09abd]:main():lattice-oracle.cc:318) %WER 0 [ 0 / 6, 0 insertions, 0 deletions, 0 sub ]
LOG (lattice-oracle[5.5.480~1-09abd]:main():lattice-oracle.cc:332) For utterance F429817452-873755806_1864159-424855848_1665221775-GB-F-040, best cost 0
Lattice F429817452-873755806_1864159-424855848_1665221775-GB-F-042 read.
LOG (lattice-oracle[5.5.480~1-09abd]:main():lattice-oracle.cc:318) %WER 25 [ 4 / 16, 0 insertions, 4 deletions, 0 sub ]
LOG (lattice-oracle[5.5.480~1-09abd]:main():lattice-oracle.cc:332) For utterance F429817452-873755806_1864159-424855848_1665221775-GB-F-042, best cost 4
Lattice F429817452-873755806_1864159-424855848_1665221775-GB-F-046 read.
LOG (lattice-oracle[5.5.480~1-09abd]:main():lattice-oracle.cc:318) %WER 16.6667 [ 1 / 6, 0 insertions, 1 deletions, 0 sub ]
LOG (lattice-oracle[5.5.480~1-09abd]:main():lattice-oracle.cc:332) For utterance F429817452-873755806_1864159-424855848_1665221775-GB-F-046, best cost 1
Lattice F429817452-873755806_1864159-424855848_1665221775-GB-F-047 read.
LOG (lattice-oracle[5.5.480~1-09abd]:main():lattice-oracle.cc:318) %WER 61.1111 [ 11 / 18, 0 insertions, 7 deletions, 4 sub ]
LOG (lattice-oracle[5.5.480~1-09abd]:main():lattice-oracle.cc:332) For utterance F429817452-873755806_1864159-424855848_1665221775-GB-F-047, best cost 11
Lattice F429817452-873755806_1864159-424855848_1665221775-GB-F-052 read.
LOG (lattice-oracle[5.5.480~1-09abd]:main():lattice-oracle.cc:318) %WER 64.2857 [ 9 / 14, 2 insertions, 6 deletions, 1 sub ]
LOG (lattice-oracle[5.5.480~1-09abd]:main():lattice-oracle.cc:332) For utterance F429817452-873755806_1864159-424855848_1665221775-GB-F-052, best cost 9
Lattice F429817452-873755806_1864159-424855848_1665221775-GB-F-055 read.
LOG (lattice-oracle[5.5.480~1-09abd]:main():lattice-oracle.cc:318) %WER 33.3333 [ 2 / 6, 0 insertions, 0 deletions, 2 sub ]
LOG (lattice-oracle[5.5.480~1-09abd]:main():lattice-oracle.cc:332) For utterance F429817452-873755806_1864159-424855848_1665221775-GB-F-055, best cost 2
Lattice F429817452-873755806_1864159-424855848_1665221775-GB-F-058 read.
LOG (lattice-oracle[5.5.480~1-09abd]:main():lattice-oracle.cc:318) %WER 0 [ 0 / 7, 0 insertions, 0 deletions, 0 sub ]
LOG (lattice-oracle[5.5.480~1-09abd]:main():lattice-oracle.cc:332) For utterance F429817452-873755806_1864159-424855848_1665221775-GB-F-058, best cost 0
Lattice F429817452-873755806_1864159-424855848_1665221775-GB-F-060 read.
LOG (lattice-oracle[5.5.480~1-09abd]:main():lattice-oracle.cc:318) %WER 0 [ 0 / 1, 0 insertions, 0 deletions, 0 sub ]
LOG (lattice-oracle[5.5.480~1-09abd]:main():lattice-oracle.cc:332) For utterance F429817452-873755806_1864159-424855848_1665221775-GB-F-060, best cost 0
LOG (lattice-oracle[5.5.480~1-09abd]:main():lattice-oracle.cc:383) Overall %WER 14.5611 [ 423 / 2905, 52 insertions, 297 deletions, 74 substitutions ]
LOG (lattice-oracle[5.5.480~1-09abd]:main():lattice-oracle.cc:387) Scored 240 lattices, 0 not present in ref.
# Accounting: time=5 threads=1
# Ended (code 0) at Tue Sep 10 15:04:44 BST 2019, elapsed time 5 seconds
