# lattice-oracle "--write-lattices=ark:|gzip -c > exp/tri3b_cleaned/lattice_oracle/lat.32.gz" "ark:gunzip -c exp/tri3b_cleaned/lats/lat.32.gz |" "ark:utils/sym2int.pl --map-oov 239 -f 2- data/lang/words.txt data/train1/split40/32/text|" ark,t:- | utils/int2sym.pl -f 2- data/lang/words.txt > exp/tri3b_cleaned/lattice_oracle/oracle_hyp.32.txt 
# Started at Tue Sep 10 15:04:59 BST 2019
#
lattice-oracle '--write-lattices=ark:|gzip -c > exp/tri3b_cleaned/lattice_oracle/lat.32.gz' 'ark:gunzip -c exp/tri3b_cleaned/lats/lat.32.gz |' 'ark:utils/sym2int.pl --map-oov 239 -f 2- data/lang/words.txt data/train1/split40/32/text|' ark,t:- 
Lattice M448151779-397162491_2145545-888331738_1560191631-GB-M-002 read.
sym2int.pl: replacing HMMM with 239
sym2int.pl: replacing HMMM with 239
sym2int.pl: replacing MAUI with 239
sym2int.pl: replacing DEMIGOD with 239
sym2int.pl: replacing WADDLING with 239
sym2int.pl: replacing LASSO'D with 239
sym2int.pl: replacing MAUI with 239
sym2int.pl: replacing EEL with 239
sym2int.pl: replacing SPROUTED with 239
sym2int.pl: replacing COCONUTS with 239
sym2int.pl: replacing MAUI with 239
sym2int.pl: replacing MAUI with 239
sym2int.pl: replacing MAUI with 239
sym2int.pl: replacing F1 with 239
sym2int.pl: replacing 6 with 239
sym2int.pl: replacing 1D with 239
LOG (lattice-oracle[5.5.480~1-09abd]:main():lattice-oracle.cc:318) %WER 0 [ 0 / 13, 0 insertions, 0 deletions, 0 sub ]
LOG (lattice-oracle[5.5.480~1-09abd]:main():lattice-oracle.cc:332) For utterance M448151779-397162491_2145545-888331738_1560191631-GB-M-002, best cost 0
Lattice M448151779-397162491_2145545-888331738_1560191631-GB-M-004 read.
sym2int.pl: replacing AAA with 239
sym2int.pl: replacing HAAA with 239
sym2int.pl: replacing HOOO with 239
sym2int.pl: replacing WOOOAAAH with 239
sym2int.pl: not warning for OOVs any more times
** Replaced 20 instances of OOVs with 239
LOG (lattice-oracle[5.5.480~1-09abd]:main():lattice-oracle.cc:318) %WER 0 [ 0 / 17, 0 insertions, 0 deletions, 0 sub ]
LOG (lattice-oracle[5.5.480~1-09abd]:main():lattice-oracle.cc:332) For utterance M448151779-397162491_2145545-888331738_1560191631-GB-M-004, best cost 0
Lattice M448151779-397162491_2145545-888331738_1560191631-GB-M-009 read.
LOG (lattice-oracle[5.5.480~1-09abd]:main():lattice-oracle.cc:318) %WER 25 [ 1 / 4, 0 insertions, 1 deletions, 0 sub ]
LOG (lattice-oracle[5.5.480~1-09abd]:main():lattice-oracle.cc:332) For utterance M448151779-397162491_2145545-888331738_1560191631-GB-M-009, best cost 1
Lattice M448151779-397162491_2145545-888331738_1560191631-GB-M-010 read.
LOG (lattice-oracle[5.5.480~1-09abd]:main():lattice-oracle.cc:318) %WER 11.1111 [ 1 / 9, 0 insertions, 1 deletions, 0 sub ]
LOG (lattice-oracle[5.5.480~1-09abd]:main():lattice-oracle.cc:332) For utterance M448151779-397162491_2145545-888331738_1560191631-GB-M-010, best cost 1
Lattice M448151779-397162491_2145545-888331738_1560191631-GB-M-011 read.
LOG (lattice-oracle[5.5.480~1-09abd]:main():lattice-oracle.cc:318) %WER 25 [ 1 / 4, 0 insertions, 1 deletions, 0 sub ]
LOG (lattice-oracle[5.5.480~1-09abd]:main():lattice-oracle.cc:332) For utterance M448151779-397162491_2145545-888331738_1560191631-GB-M-011, best cost 1
Lattice M448151779-397162491_2145545-888331738_1560191631-GB-M-013 read.
LOG (lattice-oracle[5.5.480~1-09abd]:main():lattice-oracle.cc:318) %WER 1.42857 [ 1 / 70, 0 insertions, 0 deletions, 1 sub ]
LOG (lattice-oracle[5.5.480~1-09abd]:main():lattice-oracle.cc:332) For utterance M448151779-397162491_2145545-888331738_1560191631-GB-M-013, best cost 1
Lattice M448151779-397162491_2145545-888331738_1560191631-GB-M-026 read.
LOG (lattice-oracle[5.5.480~1-09abd]:main():lattice-oracle.cc:318) %WER 0 [ 0 / 8, 0 insertions, 0 deletions, 0 sub ]
LOG (lattice-oracle[5.5.480~1-09abd]:main():lattice-oracle.cc:332) For utterance M448151779-397162491_2145545-888331738_1560191631-GB-M-026, best cost 0
Lattice M448151779-397162491_2145545-888331738_1560191631-GB-M-027 read.
LOG (lattice-oracle[5.5.480~1-09abd]:main():lattice-oracle.cc:318) %WER 12.5 [ 1 / 8, 0 insertions, 1 deletions, 0 sub ]
LOG (lattice-oracle[5.5.480~1-09abd]:main():lattice-oracle.cc:332) For utterance M448151779-397162491_2145545-888331738_1560191631-GB-M-027, best cost 1
Lattice M448151779-397162491_2145545-888331738_1560191631-GB-M-028 read.
LOG (lattice-oracle[5.5.480~1-09abd]:main():lattice-oracle.cc:318) %WER 0 [ 0 / 6, 0 insertions, 0 deletions, 0 sub ]
LOG (lattice-oracle[5.5.480~1-09abd]:main():lattice-oracle.cc:332) For utterance M448151779-397162491_2145545-888331738_1560191631-GB-M-028, best cost 0
Lattice M448151779-397162491_2145545-888331738_1560191631-GB-M-029 read.
LOG (lattice-oracle[5.5.480~1-09abd]:main():lattice-oracle.cc:318) %WER 15 [ 3 / 20, 0 insertions, 3 deletions, 0 sub ]
LOG (lattice-oracle[5.5.480~1-09abd]:main():lattice-oracle.cc:332) For utterance M448151779-397162491_2145545-888331738_1560191631-GB-M-029, best cost 3
Lattice M448151779-397162491_2145545-888331738_1560191631-GB-M-032 read.
LOG (lattice-oracle[5.5.480~1-09abd]:main():lattice-oracle.cc:318) %WER 50 [ 3 / 6, 3 insertions, 0 deletions, 0 sub ]
LOG (lattice-oracle[5.5.480~1-09abd]:main():lattice-oracle.cc:332) For utterance M448151779-397162491_2145545-888331738_1560191631-GB-M-032, best cost 3
Lattice M448151779-397162491_2145545-888331738_1560191631-GB-M-034 read.
LOG (lattice-oracle[5.5.480~1-09abd]:main():lattice-oracle.cc:318) %WER 0 [ 0 / 6, 0 insertions, 0 deletions, 0 sub ]
LOG (lattice-oracle[5.5.480~1-09abd]:main():lattice-oracle.cc:332) For utterance M448151779-397162491_2145545-888331738_1560191631-GB-M-034, best cost 0
Lattice M448151779-397162491_2145545-888331738_1560191631-GB-M-035 read.
LOG (lattice-oracle[5.5.480~1-09abd]:main():lattice-oracle.cc:318) %WER 0 [ 0 / 8, 0 insertions, 0 deletions, 0 sub ]
LOG (lattice-oracle[5.5.480~1-09abd]:main():lattice-oracle.cc:332) For utterance M448151779-397162491_2145545-888331738_1560191631-GB-M-035, best cost 0
Lattice M448151779-397162491_2145545-888331738_1560191631-GB-M-036 read.
LOG (lattice-oracle[5.5.480~1-09abd]:main():lattice-oracle.cc:318) %WER 0 [ 0 / 14, 0 insertions, 0 deletions, 0 sub ]
LOG (lattice-oracle[5.5.480~1-09abd]:main():lattice-oracle.cc:332) For utterance M448151779-397162491_2145545-888331738_1560191631-GB-M-036, best cost 0
Lattice M448151779-397162491_2145545-888331738_1560191631-GB-M-038 read.
LOG (lattice-oracle[5.5.480~1-09abd]:main():lattice-oracle.cc:318) %WER 0 [ 0 / 6, 0 insertions, 0 deletions, 0 sub ]
LOG (lattice-oracle[5.5.480~1-09abd]:main():lattice-oracle.cc:332) For utterance M448151779-397162491_2145545-888331738_1560191631-GB-M-038, best cost 0
Lattice M448151779-397162491_2145545-888331738_1560191631-GB-M-039 read.
LOG (lattice-oracle[5.5.480~1-09abd]:main():lattice-oracle.cc:318) %WER 0 [ 0 / 8, 0 insertions, 0 deletions, 0 sub ]
LOG (lattice-oracle[5.5.480~1-09abd]:main():lattice-oracle.cc:332) For utterance M448151779-397162491_2145545-888331738_1560191631-GB-M-039, best cost 0
Lattice M448151779-397162491_2145545-888331738_1560191631-GB-M-041 read.
LOG (lattice-oracle[5.5.480~1-09abd]:main():lattice-oracle.cc:318) %WER 16.6667 [ 1 / 6, 1 insertions, 0 deletions, 0 sub ]
LOG (lattice-oracle[5.5.480~1-09abd]:main():lattice-oracle.cc:332) For utterance M448151779-397162491_2145545-888331738_1560191631-GB-M-041, best cost 1
Lattice M448151779-397162491_2145545-888331738_1560191631-GB-M-044 read.
LOG (lattice-oracle[5.5.480~1-09abd]:main():lattice-oracle.cc:318) %WER 25 [ 2 / 8, 0 insertions, 2 deletions, 0 sub ]
LOG (lattice-oracle[5.5.480~1-09abd]:main():lattice-oracle.cc:332) For utterance M448151779-397162491_2145545-888331738_1560191631-GB-M-044, best cost 2
Lattice M448151779-397162491_2145545-888331738_1560191631-GB-M-045 read.
LOG (lattice-oracle[5.5.480~1-09abd]:main():lattice-oracle.cc:318) %WER 0 [ 0 / 15, 0 insertions, 0 deletions, 0 sub ]
LOG (lattice-oracle[5.5.480~1-09abd]:main():lattice-oracle.cc:332) For utterance M448151779-397162491_2145545-888331738_1560191631-GB-M-045, best cost 0
Lattice M448151779-397162491_2145545-888331738_1560191631-GB-M-048 read.
LOG (lattice-oracle[5.5.480~1-09abd]:main():lattice-oracle.cc:318) %WER 18.75 [ 3 / 16, 0 insertions, 2 deletions, 1 sub ]
LOG (lattice-oracle[5.5.480~1-09abd]:main():lattice-oracle.cc:332) For utterance M448151779-397162491_2145545-888331738_1560191631-GB-M-048, best cost 3
Lattice M448151779-397162491_2145545-888331738_1560191631-GB-M-050 read.
LOG (lattice-oracle[5.5.480~1-09abd]:main():lattice-oracle.cc:318) %WER 100 [ 6 / 6, 3 insertions, 0 deletions, 3 sub ]
LOG (lattice-oracle[5.5.480~1-09abd]:main():lattice-oracle.cc:332) For utterance M448151779-397162491_2145545-888331738_1560191631-GB-M-050, best cost 6
Lattice M448151779-397162491_2145545-888331738_1560191631-GB-M-052 read.
LOG (lattice-oracle[5.5.480~1-09abd]:main():lattice-oracle.cc:318) %WER 42.8571 [ 3 / 7, 0 insertions, 3 deletions, 0 sub ]
LOG (lattice-oracle[5.5.480~1-09abd]:main():lattice-oracle.cc:332) For utterance M448151779-397162491_2145545-888331738_1560191631-GB-M-052, best cost 3
Lattice M448151779-397162491_2145545-888331738_1560191631-GB-M-053 read.
LOG (lattice-oracle[5.5.480~1-09abd]:main():lattice-oracle.cc:318) %WER 18.1818 [ 2 / 11, 0 insertions, 1 deletions, 1 sub ]
LOG (lattice-oracle[5.5.480~1-09abd]:main():lattice-oracle.cc:332) For utterance M448151779-397162491_2145545-888331738_1560191631-GB-M-053, best cost 2
Lattice M448151779-397162491_2145545-888331738_1560191631-GB-M-055 read.
LOG (lattice-oracle[5.5.480~1-09abd]:main():lattice-oracle.cc:318) %WER 18.1818 [ 2 / 11, 0 insertions, 2 deletions, 0 sub ]
LOG (lattice-oracle[5.5.480~1-09abd]:main():lattice-oracle.cc:332) For utterance M448151779-397162491_2145545-888331738_1560191631-GB-M-055, best cost 2
Lattice M448151779-397162491_2145545-888331738_1560191631-GB-M-058 read.
LOG (lattice-oracle[5.5.480~1-09abd]:main():lattice-oracle.cc:318) %WER 3.38983 [ 2 / 59, 2 insertions, 0 deletions, 0 sub ]
LOG (lattice-oracle[5.5.480~1-09abd]:main():lattice-oracle.cc:332) For utterance M448151779-397162491_2145545-888331738_1560191631-GB-M-058, best cost 2
Lattice M448151779-397162491_2145545-888331738_1560191631-GB-M-068 read.
LOG (lattice-oracle[5.5.480~1-09abd]:main():lattice-oracle.cc:318) %WER 0 [ 0 / 8, 0 insertions, 0 deletions, 0 sub ]
LOG (lattice-oracle[5.5.480~1-09abd]:main():lattice-oracle.cc:332) For utterance M448151779-397162491_2145545-888331738_1560191631-GB-M-068, best cost 0
Lattice M448151779-397162491_2145545-888331738_1560191631-GB-M-069 read.
LOG (lattice-oracle[5.5.480~1-09abd]:main():lattice-oracle.cc:318) %WER 12.5 [ 1 / 8, 0 insertions, 1 deletions, 0 sub ]
LOG (lattice-oracle[5.5.480~1-09abd]:main():lattice-oracle.cc:332) For utterance M448151779-397162491_2145545-888331738_1560191631-GB-M-069, best cost 1
Lattice M448151779-397162491_2145545-888331738_1560191631-GB-M-070 read.
LOG (lattice-oracle[5.5.480~1-09abd]:main():lattice-oracle.cc:318) %WER 0 [ 0 / 6, 0 insertions, 0 deletions, 0 sub ]
LOG (lattice-oracle[5.5.480~1-09abd]:main():lattice-oracle.cc:332) For utterance M448151779-397162491_2145545-888331738_1560191631-GB-M-070, best cost 0
Lattice M448151779-397162491_2145545-888331738_1560191631-GB-M-071 read.
LOG (lattice-oracle[5.5.480~1-09abd]:main():lattice-oracle.cc:318) %WER 0 [ 0 / 6, 0 insertions, 0 deletions, 0 sub ]
LOG (lattice-oracle[5.5.480~1-09abd]:main():lattice-oracle.cc:332) For utterance M448151779-397162491_2145545-888331738_1560191631-GB-M-071, best cost 0
Lattice M448151779-397162491_2145545-888331738_1560191631-GB-M-072 read.
LOG (lattice-oracle[5.5.480~1-09abd]:main():lattice-oracle.cc:318) %WER 0 [ 0 / 7, 0 insertions, 0 deletions, 0 sub ]
LOG (lattice-oracle[5.5.480~1-09abd]:main():lattice-oracle.cc:332) For utterance M448151779-397162491_2145545-888331738_1560191631-GB-M-072, best cost 0
Lattice M448151779-397162491_2145545-888331738_1560191631-GB-M-073 read.
LOG (lattice-oracle[5.5.480~1-09abd]:main():lattice-oracle.cc:318) %WER 0 [ 0 / 27, 0 insertions, 0 deletions, 0 sub ]
LOG (lattice-oracle[5.5.480~1-09abd]:main():lattice-oracle.cc:332) For utterance M448151779-397162491_2145545-888331738_1560191631-GB-M-073, best cost 0
Lattice M448151779-397162491_2145545-888331738_1560191631-GB-M-078 read.
LOG (lattice-oracle[5.5.480~1-09abd]:main():lattice-oracle.cc:318) %WER 0 [ 0 / 14, 0 insertions, 0 deletions, 0 sub ]
LOG (lattice-oracle[5.5.480~1-09abd]:main():lattice-oracle.cc:332) For utterance M448151779-397162491_2145545-888331738_1560191631-GB-M-078, best cost 0
Lattice M448151779-397162491_2145545-888331738_1560191631-GB-M-080 read.
LOG (lattice-oracle[5.5.480~1-09abd]:main():lattice-oracle.cc:318) %WER 0 [ 0 / 6, 0 insertions, 0 deletions, 0 sub ]
LOG (lattice-oracle[5.5.480~1-09abd]:main():lattice-oracle.cc:332) For utterance M448151779-397162491_2145545-888331738_1560191631-GB-M-080, best cost 0
Lattice M448151779-397162491_2145545-888331738_1560191631-GB-M-081 read.
LOG (lattice-oracle[5.5.480~1-09abd]:main():lattice-oracle.cc:318) %WER 0 [ 0 / 8, 0 insertions, 0 deletions, 0 sub ]
LOG (lattice-oracle[5.5.480~1-09abd]:main():lattice-oracle.cc:332) For utterance M448151779-397162491_2145545-888331738_1560191631-GB-M-081, best cost 0
Lattice M448151779-397162491_2145545-888331738_1560191631-GB-M-082 read.
LOG (lattice-oracle[5.5.480~1-09abd]:main():lattice-oracle.cc:318) %WER 7.40741 [ 2 / 27, 0 insertions, 2 deletions, 0 sub ]
LOG (lattice-oracle[5.5.480~1-09abd]:main():lattice-oracle.cc:332) For utterance M448151779-397162491_2145545-888331738_1560191631-GB-M-082, best cost 2
Lattice M448151779-397162491_2145545-888331738_1560191631-GB-M-088 read.
LOG (lattice-oracle[5.5.480~1-09abd]:main():lattice-oracle.cc:318) %WER 4.08163 [ 2 / 49, 2 insertions, 0 deletions, 0 sub ]
LOG (lattice-oracle[5.5.480~1-09abd]:main():lattice-oracle.cc:332) For utterance M448151779-397162491_2145545-888331738_1560191631-GB-M-088, best cost 2
Lattice M448151779-397162491_2145545-888331738_1560191631-GB-M-096 read.
LOG (lattice-oracle[5.5.480~1-09abd]:main():lattice-oracle.cc:318) %WER 0 [ 0 / 22, 0 insertions, 0 deletions, 0 sub ]
LOG (lattice-oracle[5.5.480~1-09abd]:main():lattice-oracle.cc:332) For utterance M448151779-397162491_2145545-888331738_1560191631-GB-M-096, best cost 0
Lattice M448151779-397162491_2145545-888331738_1560191631-GB-M-099 read.
LOG (lattice-oracle[5.5.480~1-09abd]:main():lattice-oracle.cc:318) %WER 0 [ 0 / 6, 0 insertions, 0 deletions, 0 sub ]
LOG (lattice-oracle[5.5.480~1-09abd]:main():lattice-oracle.cc:332) For utterance M448151779-397162491_2145545-888331738_1560191631-GB-M-099, best cost 0
Lattice M448151779-397162491_2145545-888331738_1560191631-GB-M-100 read.
LOG (lattice-oracle[5.5.480~1-09abd]:main():lattice-oracle.cc:318) %WER 5.88235 [ 1 / 17, 0 insertions, 1 deletions, 0 sub ]
LOG (lattice-oracle[5.5.480~1-09abd]:main():lattice-oracle.cc:332) For utterance M448151779-397162491_2145545-888331738_1560191631-GB-M-100, best cost 1
Lattice M448151779-397162491_2145545-888331738_1560191631-GB-M-103 read.
LOG (lattice-oracle[5.5.480~1-09abd]:main():lattice-oracle.cc:318) %WER 27.5862 [ 8 / 29, 1 insertions, 7 deletions, 0 sub ]
LOG (lattice-oracle[5.5.480~1-09abd]:main():lattice-oracle.cc:332) For utterance M448151779-397162491_2145545-888331738_1560191631-GB-M-103, best cost 8
Lattice M448151779-397162491_2145545-888331738_1560191631-GB-M-108 read.
LOG (lattice-oracle[5.5.480~1-09abd]:main():lattice-oracle.cc:318) %WER 50 [ 7 / 14, 0 insertions, 7 deletions, 0 sub ]
LOG (lattice-oracle[5.5.480~1-09abd]:main():lattice-oracle.cc:332) For utterance M448151779-397162491_2145545-888331738_1560191631-GB-M-108, best cost 7
Lattice M448151779-397162491_2145545-888331738_1560191631-GB-M-110 read.
LOG (lattice-oracle[5.5.480~1-09abd]:main():lattice-oracle.cc:318) %WER 0 [ 0 / 6, 0 insertions, 0 deletions, 0 sub ]
LOG (lattice-oracle[5.5.480~1-09abd]:main():lattice-oracle.cc:332) For utterance M448151779-397162491_2145545-888331738_1560191631-GB-M-110, best cost 0
Lattice M448151779-397162491_2145545-888331738_1560191631-GB-M-111 read.
LOG (lattice-oracle[5.5.480~1-09abd]:main():lattice-oracle.cc:318) %WER 23.0769 [ 6 / 26, 0 insertions, 6 deletions, 0 sub ]
LOG (lattice-oracle[5.5.480~1-09abd]:main():lattice-oracle.cc:332) For utterance M448151779-397162491_2145545-888331738_1560191631-GB-M-111, best cost 6
Lattice M448151779-397162491_2145545-888331738_1560191631-GB-M-116 read.
LOG (lattice-oracle[5.5.480~1-09abd]:main():lattice-oracle.cc:318) %WER 0 [ 0 / 8, 0 insertions, 0 deletions, 0 sub ]
LOG (lattice-oracle[5.5.480~1-09abd]:main():lattice-oracle.cc:332) For utterance M448151779-397162491_2145545-888331738_1560191631-GB-M-116, best cost 0
Lattice M448151779-583966275_1766981-888331738_1593439859-GB-M-001 read.
LOG (lattice-oracle[5.5.480~1-09abd]:main():lattice-oracle.cc:318) %WER 0 [ 0 / 3, 0 insertions, 0 deletions, 0 sub ]
LOG (lattice-oracle[5.5.480~1-09abd]:main():lattice-oracle.cc:332) For utterance M448151779-583966275_1766981-888331738_1593439859-GB-M-001, best cost 0
Lattice M448151779-583966275_1766981-888331738_1593439859-GB-M-002 read.
LOG (lattice-oracle[5.5.480~1-09abd]:main():lattice-oracle.cc:318) %WER 0 [ 0 / 5, 0 insertions, 0 deletions, 0 sub ]
LOG (lattice-oracle[5.5.480~1-09abd]:main():lattice-oracle.cc:332) For utterance M448151779-583966275_1766981-888331738_1593439859-GB-M-002, best cost 0
Lattice M448151779-583966275_1766981-888331738_1593439859-GB-M-004 read.
LOG (lattice-oracle[5.5.480~1-09abd]:main():lattice-oracle.cc:318) %WER 0 [ 0 / 13, 0 insertions, 0 deletions, 0 sub ]
LOG (lattice-oracle[5.5.480~1-09abd]:main():lattice-oracle.cc:332) For utterance M448151779-583966275_1766981-888331738_1593439859-GB-M-004, best cost 0
Lattice M448151779-583966275_1766981-888331738_1593439859-GB-M-009 read.
LOG (lattice-oracle[5.5.480~1-09abd]:main():lattice-oracle.cc:318) %WER 100 [ 4 / 4, 3 insertions, 1 deletions, 0 sub ]
LOG (lattice-oracle[5.5.480~1-09abd]:main():lattice-oracle.cc:332) For utterance M448151779-583966275_1766981-888331738_1593439859-GB-M-009, best cost 4
Lattice M448151779-583966275_1766981-888331738_1593439859-GB-M-010 read.
LOG (lattice-oracle[5.5.480~1-09abd]:main():lattice-oracle.cc:318) %WER 21.4286 [ 3 / 14, 2 insertions, 0 deletions, 1 sub ]
LOG (lattice-oracle[5.5.480~1-09abd]:main():lattice-oracle.cc:332) For utterance M448151779-583966275_1766981-888331738_1593439859-GB-M-010, best cost 3
Lattice M448151779-583966275_1766981-888331738_1593439859-GB-M-013 read.
LOG (lattice-oracle[5.5.480~1-09abd]:main():lattice-oracle.cc:318) %WER 0 [ 0 / 9, 0 insertions, 0 deletions, 0 sub ]
LOG (lattice-oracle[5.5.480~1-09abd]:main():lattice-oracle.cc:332) For utterance M448151779-583966275_1766981-888331738_1593439859-GB-M-013, best cost 0
Lattice M448151779-583966275_1766981-888331738_1593439859-GB-M-015 read.
LOG (lattice-oracle[5.5.480~1-09abd]:main():lattice-oracle.cc:318) %WER 7.40741 [ 2 / 27, 2 insertions, 0 deletions, 0 sub ]
LOG (lattice-oracle[5.5.480~1-09abd]:main():lattice-oracle.cc:332) For utterance M448151779-583966275_1766981-888331738_1593439859-GB-M-015, best cost 2
Lattice M448151779-583966275_1766981-888331738_1593439859-GB-M-021 read.
LOG (lattice-oracle[5.5.480~1-09abd]:main():lattice-oracle.cc:318) %WER 3.33333 [ 1 / 30, 0 insertions, 1 deletions, 0 sub ]
LOG (lattice-oracle[5.5.480~1-09abd]:main():lattice-oracle.cc:332) For utterance M448151779-583966275_1766981-888331738_1593439859-GB-M-021, best cost 1
Lattice M448151779-583966275_1766981-888331738_1593439859-GB-M-028 read.
LOG (lattice-oracle[5.5.480~1-09abd]:main():lattice-oracle.cc:318) %WER 9.09091 [ 1 / 11, 1 insertions, 0 deletions, 0 sub ]
LOG (lattice-oracle[5.5.480~1-09abd]:main():lattice-oracle.cc:332) For utterance M448151779-583966275_1766981-888331738_1593439859-GB-M-028, best cost 1
Lattice M448151779-583966275_1766981-888331738_1593439859-GB-M-031 read.
LOG (lattice-oracle[5.5.480~1-09abd]:main():lattice-oracle.cc:318) %WER 17.3913 [ 4 / 23, 1 insertions, 2 deletions, 1 sub ]
LOG (lattice-oracle[5.5.480~1-09abd]:main():lattice-oracle.cc:332) For utterance M448151779-583966275_1766981-888331738_1593439859-GB-M-031, best cost 4
Lattice M448151779-583966275_1766981-888331738_1593439859-GB-M-038 read.
LOG (lattice-oracle[5.5.480~1-09abd]:main():lattice-oracle.cc:318) %WER 6.38298 [ 3 / 47, 3 insertions, 0 deletions, 0 sub ]
LOG (lattice-oracle[5.5.480~1-09abd]:main():lattice-oracle.cc:332) For utterance M448151779-583966275_1766981-888331738_1593439859-GB-M-038, best cost 3
Lattice M448151779-583966275_1766981-888331738_1593439859-GB-M-046 read.
LOG (lattice-oracle[5.5.480~1-09abd]:main():lattice-oracle.cc:318) %WER 10 [ 2 / 20, 0 insertions, 2 deletions, 0 sub ]
LOG (lattice-oracle[5.5.480~1-09abd]:main():lattice-oracle.cc:332) For utterance M448151779-583966275_1766981-888331738_1593439859-GB-M-046, best cost 2
Lattice M448151779-583966275_1766981-888331738_1593439859-GB-M-049 read.
LOG (lattice-oracle[5.5.480~1-09abd]:main():lattice-oracle.cc:318) %WER 10.7143 [ 3 / 28, 1 insertions, 2 deletions, 0 sub ]
LOG (lattice-oracle[5.5.480~1-09abd]:main():lattice-oracle.cc:332) For utterance M448151779-583966275_1766981-888331738_1593439859-GB-M-049, best cost 3
Lattice M448151779-583966275_1766981-888331738_1593439859-GB-M-053 read.
LOG (lattice-oracle[5.5.480~1-09abd]:main():lattice-oracle.cc:318) %WER 6.38298 [ 3 / 47, 0 insertions, 3 deletions, 0 sub ]
LOG (lattice-oracle[5.5.480~1-09abd]:main():lattice-oracle.cc:332) For utterance M448151779-583966275_1766981-888331738_1593439859-GB-M-053, best cost 3
Lattice M448151779-583966275_1766981-888331738_1593439859-GB-M-064 read.
LOG (lattice-oracle[5.5.480~1-09abd]:main():lattice-oracle.cc:318) %WER 3.1746 [ 2 / 63, 1 insertions, 0 deletions, 1 sub ]
LOG (lattice-oracle[5.5.480~1-09abd]:main():lattice-oracle.cc:332) For utterance M448151779-583966275_1766981-888331738_1593439859-GB-M-064, best cost 2
Lattice M448151779-583966275_1766981-888331738_1593439859-GB-M-076 read.
LOG (lattice-oracle[5.5.480~1-09abd]:main():lattice-oracle.cc:318) %WER 0 [ 0 / 4, 0 insertions, 0 deletions, 0 sub ]
LOG (lattice-oracle[5.5.480~1-09abd]:main():lattice-oracle.cc:332) For utterance M448151779-583966275_1766981-888331738_1593439859-GB-M-076, best cost 0
Lattice M449054207-115018488_111752-451286255_1636218109-GB-M-004 read.
LOG (lattice-oracle[5.5.480~1-09abd]:main():lattice-oracle.cc:318) %WER 0 [ 0 / 5, 0 insertions, 0 deletions, 0 sub ]
LOG (lattice-oracle[5.5.480~1-09abd]:main():lattice-oracle.cc:332) For utterance M449054207-115018488_111752-451286255_1636218109-GB-M-004, best cost 0
Lattice M449054207-115018488_111752-451286255_1636218109-GB-M-005 read.
LOG (lattice-oracle[5.5.480~1-09abd]:main():lattice-oracle.cc:318) %WER 25 [ 2 / 8, 0 insertions, 2 deletions, 0 sub ]
LOG (lattice-oracle[5.5.480~1-09abd]:main():lattice-oracle.cc:332) For utterance M449054207-115018488_111752-451286255_1636218109-GB-M-005, best cost 2
Lattice M449054207-115018488_111752-451286255_1636218109-GB-M-006 read.
LOG (lattice-oracle[5.5.480~1-09abd]:main():lattice-oracle.cc:318) %WER 16.6667 [ 1 / 6, 0 insertions, 1 deletions, 0 sub ]
LOG (lattice-oracle[5.5.480~1-09abd]:main():lattice-oracle.cc:332) For utterance M449054207-115018488_111752-451286255_1636218109-GB-M-006, best cost 1
Lattice M449054207-115018488_111752-451286255_1636218109-GB-M-009 read.
LOG (lattice-oracle[5.5.480~1-09abd]:main():lattice-oracle.cc:318) %WER 0 [ 0 / 5, 0 insertions, 0 deletions, 0 sub ]
LOG (lattice-oracle[5.5.480~1-09abd]:main():lattice-oracle.cc:332) For utterance M449054207-115018488_111752-451286255_1636218109-GB-M-009, best cost 0
Lattice M449054207-115018488_111752-451286255_1636218109-GB-M-011 read.
LOG (lattice-oracle[5.5.480~1-09abd]:main():lattice-oracle.cc:318) %WER 0 [ 0 / 5, 0 insertions, 0 deletions, 0 sub ]
LOG (lattice-oracle[5.5.480~1-09abd]:main():lattice-oracle.cc:332) For utterance M449054207-115018488_111752-451286255_1636218109-GB-M-011, best cost 0
Lattice M449054207-115018488_111752-451286255_1636218109-GB-M-012 read.
LOG (lattice-oracle[5.5.480~1-09abd]:main():lattice-oracle.cc:318) %WER 11.1111 [ 1 / 9, 0 insertions, 0 deletions, 1 sub ]
LOG (lattice-oracle[5.5.480~1-09abd]:main():lattice-oracle.cc:332) For utterance M449054207-115018488_111752-451286255_1636218109-GB-M-012, best cost 1
Lattice M449054207-115018488_111752-451286255_1636218109-GB-M-014 read.
LOG (lattice-oracle[5.5.480~1-09abd]:main():lattice-oracle.cc:318) %WER 20 [ 1 / 5, 0 insertions, 1 deletions, 0 sub ]
LOG (lattice-oracle[5.5.480~1-09abd]:main():lattice-oracle.cc:332) For utterance M449054207-115018488_111752-451286255_1636218109-GB-M-014, best cost 1
Lattice M449054207-115018488_111752-451286255_1636218109-GB-M-015 read.
LOG (lattice-oracle[5.5.480~1-09abd]:main():lattice-oracle.cc:318) %WER 0 [ 0 / 8, 0 insertions, 0 deletions, 0 sub ]
LOG (lattice-oracle[5.5.480~1-09abd]:main():lattice-oracle.cc:332) For utterance M449054207-115018488_111752-451286255_1636218109-GB-M-015, best cost 0
Lattice M449054207-115018488_111752-451286255_1636218109-GB-M-016 read.
LOG (lattice-oracle[5.5.480~1-09abd]:main():lattice-oracle.cc:318) %WER 0 [ 0 / 5, 0 insertions, 0 deletions, 0 sub ]
LOG (lattice-oracle[5.5.480~1-09abd]:main():lattice-oracle.cc:332) For utterance M449054207-115018488_111752-451286255_1636218109-GB-M-016, best cost 0
Lattice M449054207-115018488_111752-451286255_1636218109-GB-M-018 read.
LOG (lattice-oracle[5.5.480~1-09abd]:main():lattice-oracle.cc:318) %WER 0 [ 0 / 6, 0 insertions, 0 deletions, 0 sub ]
LOG (lattice-oracle[5.5.480~1-09abd]:main():lattice-oracle.cc:332) For utterance M449054207-115018488_111752-451286255_1636218109-GB-M-018, best cost 0
Lattice M449054207-115018488_111752-451286255_1636218109-GB-M-020 read.
LOG (lattice-oracle[5.5.480~1-09abd]:main():lattice-oracle.cc:318) %WER 0 [ 0 / 5, 0 insertions, 0 deletions, 0 sub ]
LOG (lattice-oracle[5.5.480~1-09abd]:main():lattice-oracle.cc:332) For utterance M449054207-115018488_111752-451286255_1636218109-GB-M-020, best cost 0
Lattice M449054207-115018488_111752-451286255_1636218109-GB-M-021 read.
LOG (lattice-oracle[5.5.480~1-09abd]:main():lattice-oracle.cc:318) %WER 0 [ 0 / 5, 0 insertions, 0 deletions, 0 sub ]
LOG (lattice-oracle[5.5.480~1-09abd]:main():lattice-oracle.cc:332) For utterance M449054207-115018488_111752-451286255_1636218109-GB-M-021, best cost 0
Lattice M449054207-115018488_111752-451286255_1636218109-GB-M-022 read.
LOG (lattice-oracle[5.5.480~1-09abd]:main():lattice-oracle.cc:318) %WER 20 [ 1 / 5, 0 insertions, 1 deletions, 0 sub ]
LOG (lattice-oracle[5.5.480~1-09abd]:main():lattice-oracle.cc:332) For utterance M449054207-115018488_111752-451286255_1636218109-GB-M-022, best cost 1
Lattice M449054207-115018488_111752-451286255_1636218109-GB-M-023 read.
LOG (lattice-oracle[5.5.480~1-09abd]:main():lattice-oracle.cc:318) %WER 0 [ 0 / 7, 0 insertions, 0 deletions, 0 sub ]
LOG (lattice-oracle[5.5.480~1-09abd]:main():lattice-oracle.cc:332) For utterance M449054207-115018488_111752-451286255_1636218109-GB-M-023, best cost 0
Lattice M449054207-115018488_111752-451286255_1636218109-GB-M-027 read.
LOG (lattice-oracle[5.5.480~1-09abd]:main():lattice-oracle.cc:318) %WER 20 [ 1 / 5, 0 insertions, 1 deletions, 0 sub ]
LOG (lattice-oracle[5.5.480~1-09abd]:main():lattice-oracle.cc:332) For utterance M449054207-115018488_111752-451286255_1636218109-GB-M-027, best cost 1
Lattice M449054207-115018488_111752-451286255_1636218109-GB-M-028 read.
LOG (lattice-oracle[5.5.480~1-09abd]:main():lattice-oracle.cc:318) %WER 0 [ 0 / 4, 0 insertions, 0 deletions, 0 sub ]
LOG (lattice-oracle[5.5.480~1-09abd]:main():lattice-oracle.cc:332) For utterance M449054207-115018488_111752-451286255_1636218109-GB-M-028, best cost 0
Lattice M449054207-115018488_111752-451286255_1636218109-GB-M-032 read.
LOG (lattice-oracle[5.5.480~1-09abd]:main():lattice-oracle.cc:318) %WER 11.1111 [ 1 / 9, 0 insertions, 0 deletions, 1 sub ]
LOG (lattice-oracle[5.5.480~1-09abd]:main():lattice-oracle.cc:332) For utterance M449054207-115018488_111752-451286255_1636218109-GB-M-032, best cost 1
Lattice M449054207-115018488_111752-451286255_1636218109-GB-M-033 read.
LOG (lattice-oracle[5.5.480~1-09abd]:main():lattice-oracle.cc:318) %WER 0 [ 0 / 6, 0 insertions, 0 deletions, 0 sub ]
LOG (lattice-oracle[5.5.480~1-09abd]:main():lattice-oracle.cc:332) For utterance M449054207-115018488_111752-451286255_1636218109-GB-M-033, best cost 0
Lattice M449054207-115018488_111752-451286255_1636218109-GB-M-035 read.
LOG (lattice-oracle[5.5.480~1-09abd]:main():lattice-oracle.cc:318) %WER 0 [ 0 / 8, 0 insertions, 0 deletions, 0 sub ]
LOG (lattice-oracle[5.5.480~1-09abd]:main():lattice-oracle.cc:332) For utterance M449054207-115018488_111752-451286255_1636218109-GB-M-035, best cost 0
Lattice M449054207-115018488_111752-451286255_1636218109-GB-M-036 read.
LOG (lattice-oracle[5.5.480~1-09abd]:main():lattice-oracle.cc:318) %WER 0 [ 0 / 5, 0 insertions, 0 deletions, 0 sub ]
LOG (lattice-oracle[5.5.480~1-09abd]:main():lattice-oracle.cc:332) For utterance M449054207-115018488_111752-451286255_1636218109-GB-M-036, best cost 0
Lattice M449054207-115018488_111752-451286255_1636218109-GB-M-038 read.
LOG (lattice-oracle[5.5.480~1-09abd]:main():lattice-oracle.cc:318) %WER 0 [ 0 / 6, 0 insertions, 0 deletions, 0 sub ]
LOG (lattice-oracle[5.5.480~1-09abd]:main():lattice-oracle.cc:332) For utterance M449054207-115018488_111752-451286255_1636218109-GB-M-038, best cost 0
Lattice M449054207-115018488_111752-451286255_1636218109-GB-M-040 read.
LOG (lattice-oracle[5.5.480~1-09abd]:main():lattice-oracle.cc:318) %WER 0 [ 0 / 5, 0 insertions, 0 deletions, 0 sub ]
LOG (lattice-oracle[5.5.480~1-09abd]:main():lattice-oracle.cc:332) For utterance M449054207-115018488_111752-451286255_1636218109-GB-M-040, best cost 0
Lattice M449054207-115018488_111752-451286255_1636218109-GB-M-041 read.
LOG (lattice-oracle[5.5.480~1-09abd]:main():lattice-oracle.cc:318) %WER 0 [ 0 / 9, 0 insertions, 0 deletions, 0 sub ]
LOG (lattice-oracle[5.5.480~1-09abd]:main():lattice-oracle.cc:332) For utterance M449054207-115018488_111752-451286255_1636218109-GB-M-041, best cost 0
Lattice M449054207-115018488_111752-451286255_1636218109-GB-M-042 read.
LOG (lattice-oracle[5.5.480~1-09abd]:main():lattice-oracle.cc:318) %WER 0 [ 0 / 6, 0 insertions, 0 deletions, 0 sub ]
LOG (lattice-oracle[5.5.480~1-09abd]:main():lattice-oracle.cc:332) For utterance M449054207-115018488_111752-451286255_1636218109-GB-M-042, best cost 0
Lattice M449054207-115018488_111752-451286255_1636218109-GB-M-043 read.
LOG (lattice-oracle[5.5.480~1-09abd]:main():lattice-oracle.cc:318) %WER 20 [ 1 / 5, 0 insertions, 1 deletions, 0 sub ]
LOG (lattice-oracle[5.5.480~1-09abd]:main():lattice-oracle.cc:332) For utterance M449054207-115018488_111752-451286255_1636218109-GB-M-043, best cost 1
Lattice M449054207-115018488_111752-451286255_1636218109-GB-M-044 read.
LOG (lattice-oracle[5.5.480~1-09abd]:main():lattice-oracle.cc:318) %WER 0 [ 0 / 8, 0 insertions, 0 deletions, 0 sub ]
LOG (lattice-oracle[5.5.480~1-09abd]:main():lattice-oracle.cc:332) For utterance M449054207-115018488_111752-451286255_1636218109-GB-M-044, best cost 0
Lattice M449054207-115018488_111752-451286255_1636218109-GB-M-045 read.
LOG (lattice-oracle[5.5.480~1-09abd]:main():lattice-oracle.cc:318) %WER 0 [ 0 / 5, 0 insertions, 0 deletions, 0 sub ]
LOG (lattice-oracle[5.5.480~1-09abd]:main():lattice-oracle.cc:332) For utterance M449054207-115018488_111752-451286255_1636218109-GB-M-045, best cost 0
Lattice M449054207-115018488_111752-451286255_1636218109-GB-M-046 read.
LOG (lattice-oracle[5.5.480~1-09abd]:main():lattice-oracle.cc:318) %WER 0 [ 0 / 3, 0 insertions, 0 deletions, 0 sub ]
LOG (lattice-oracle[5.5.480~1-09abd]:main():lattice-oracle.cc:332) For utterance M449054207-115018488_111752-451286255_1636218109-GB-M-046, best cost 0
Lattice M449054207-115018488_111752-451286255_1636218109-GB-M-047 read.
LOG (lattice-oracle[5.5.480~1-09abd]:main():lattice-oracle.cc:318) %WER 0 [ 0 / 6, 0 insertions, 0 deletions, 0 sub ]
LOG (lattice-oracle[5.5.480~1-09abd]:main():lattice-oracle.cc:332) For utterance M449054207-115018488_111752-451286255_1636218109-GB-M-047, best cost 0
Lattice M449054207-115018488_111752-451286255_1636218109-GB-M-048 read.
LOG (lattice-oracle[5.5.480~1-09abd]:main():lattice-oracle.cc:318) %WER 0 [ 0 / 13, 0 insertions, 0 deletions, 0 sub ]
LOG (lattice-oracle[5.5.480~1-09abd]:main():lattice-oracle.cc:332) For utterance M449054207-115018488_111752-451286255_1636218109-GB-M-048, best cost 0
Lattice M449054207-3272128_3272128-451286255_1502655286-GB-M-005 read.
LOG (lattice-oracle[5.5.480~1-09abd]:main():lattice-oracle.cc:318) %WER 7.69231 [ 2 / 26, 0 insertions, 0 deletions, 2 sub ]
LOG (lattice-oracle[5.5.480~1-09abd]:main():lattice-oracle.cc:332) For utterance M449054207-3272128_3272128-451286255_1502655286-GB-M-005, best cost 2
Lattice M449054207-3272128_3272128-451286255_1502655286-GB-M-016 read.
LOG (lattice-oracle[5.5.480~1-09abd]:main():lattice-oracle.cc:318) %WER 66.6667 [ 6 / 9, 0 insertions, 5 deletions, 1 sub ]
LOG (lattice-oracle[5.5.480~1-09abd]:main():lattice-oracle.cc:332) For utterance M449054207-3272128_3272128-451286255_1502655286-GB-M-016, best cost 6
Lattice M449054207-3272128_3272128-451286255_1502655286-GB-M-018 read.
LOG (lattice-oracle[5.5.480~1-09abd]:main():lattice-oracle.cc:318) %WER 27.7778 [ 5 / 18, 0 insertions, 4 deletions, 1 sub ]
LOG (lattice-oracle[5.5.480~1-09abd]:main():lattice-oracle.cc:332) For utterance M449054207-3272128_3272128-451286255_1502655286-GB-M-018, best cost 5
Lattice M449054207-3272128_3272128-451286255_1502655286-GB-M-022 read.
LOG (lattice-oracle[5.5.480~1-09abd]:main():lattice-oracle.cc:318) %WER 50 [ 3 / 6, 0 insertions, 3 deletions, 0 sub ]
LOG (lattice-oracle[5.5.480~1-09abd]:main():lattice-oracle.cc:332) For utterance M449054207-3272128_3272128-451286255_1502655286-GB-M-022, best cost 3
Lattice M449054207-3272128_3272128-451286255_1502655286-GB-M-024 read.
LOG (lattice-oracle[5.5.480~1-09abd]:main():lattice-oracle.cc:318) %WER 33.3333 [ 3 / 9, 0 insertions, 3 deletions, 0 sub ]
LOG (lattice-oracle[5.5.480~1-09abd]:main():lattice-oracle.cc:332) For utterance M449054207-3272128_3272128-451286255_1502655286-GB-M-024, best cost 3
Lattice M449054207-3272128_3272128-451286255_1502655286-GB-M-026 read.
LOG (lattice-oracle[5.5.480~1-09abd]:main():lattice-oracle.cc:318) %WER 50 [ 3 / 6, 1 insertions, 2 deletions, 0 sub ]
LOG (lattice-oracle[5.5.480~1-09abd]:main():lattice-oracle.cc:332) For utterance M449054207-3272128_3272128-451286255_1502655286-GB-M-026, best cost 3
Lattice M449054207-3272128_3272128-451286255_1502655286-GB-M-028 read.
LOG (lattice-oracle[5.5.480~1-09abd]:main():lattice-oracle.cc:318) %WER 30 [ 3 / 10, 0 insertions, 3 deletions, 0 sub ]
LOG (lattice-oracle[5.5.480~1-09abd]:main():lattice-oracle.cc:332) For utterance M449054207-3272128_3272128-451286255_1502655286-GB-M-028, best cost 3
Lattice M449054207-3272128_3272128-451286255_1502655286-GB-M-032 read.
LOG (lattice-oracle[5.5.480~1-09abd]:main():lattice-oracle.cc:318) %WER 60 [ 3 / 5, 2 insertions, 0 deletions, 1 sub ]
LOG (lattice-oracle[5.5.480~1-09abd]:main():lattice-oracle.cc:332) For utterance M449054207-3272128_3272128-451286255_1502655286-GB-M-032, best cost 3
Lattice M449054207-3272128_3272128-451286255_1502655286-GB-M-034 read.
LOG (lattice-oracle[5.5.480~1-09abd]:main():lattice-oracle.cc:318) %WER 12.5 [ 1 / 8, 0 insertions, 1 deletions, 0 sub ]
LOG (lattice-oracle[5.5.480~1-09abd]:main():lattice-oracle.cc:332) For utterance M449054207-3272128_3272128-451286255_1502655286-GB-M-034, best cost 1
Lattice M449054207-3272128_3272128-451286255_1502655286-GB-M-037 read.
LOG (lattice-oracle[5.5.480~1-09abd]:main():lattice-oracle.cc:318) %WER 6 [ 3 / 50, 0 insertions, 3 deletions, 0 sub ]
LOG (lattice-oracle[5.5.480~1-09abd]:main():lattice-oracle.cc:332) For utterance M449054207-3272128_3272128-451286255_1502655286-GB-M-037, best cost 3
Lattice M449054207-3272128_3272128-451286255_1502655286-GB-M-046 read.
LOG (lattice-oracle[5.5.480~1-09abd]:main():lattice-oracle.cc:318) %WER 55 [ 11 / 20, 0 insertions, 10 deletions, 1 sub ]
LOG (lattice-oracle[5.5.480~1-09abd]:main():lattice-oracle.cc:332) For utterance M449054207-3272128_3272128-451286255_1502655286-GB-M-046, best cost 11
Lattice M449054207-3272128_3272128-451286255_1502655286-GB-M-053 read.
LOG (lattice-oracle[5.5.480~1-09abd]:main():lattice-oracle.cc:318) %WER 0 [ 0 / 13, 0 insertions, 0 deletions, 0 sub ]
LOG (lattice-oracle[5.5.480~1-09abd]:main():lattice-oracle.cc:332) For utterance M449054207-3272128_3272128-451286255_1502655286-GB-M-053, best cost 0
Lattice M449054207-3272128_3272128-451286255_1502655286-GB-M-055 read.
LOG (lattice-oracle[5.5.480~1-09abd]:main():lattice-oracle.cc:318) %WER 34.7826 [ 8 / 23, 0 insertions, 7 deletions, 1 sub ]
LOG (lattice-oracle[5.5.480~1-09abd]:main():lattice-oracle.cc:332) For utterance M449054207-3272128_3272128-451286255_1502655286-GB-M-055, best cost 8
Lattice M449054207-3272128_3272128-451286255_1502655286-GB-M-079 read.
LOG (lattice-oracle[5.5.480~1-09abd]:main():lattice-oracle.cc:318) %WER 0 [ 0 / 16, 0 insertions, 0 deletions, 0 sub ]
LOG (lattice-oracle[5.5.480~1-09abd]:main():lattice-oracle.cc:332) For utterance M449054207-3272128_3272128-451286255_1502655286-GB-M-079, best cost 0
Lattice M449054207-3272128_3272128-451286255_1502655286-GB-M-081 read.
LOG (lattice-oracle[5.5.480~1-09abd]:main():lattice-oracle.cc:318) %WER 2.94118 [ 1 / 34, 0 insertions, 1 deletions, 0 sub ]
LOG (lattice-oracle[5.5.480~1-09abd]:main():lattice-oracle.cc:332) For utterance M449054207-3272128_3272128-451286255_1502655286-GB-M-081, best cost 1
Lattice M449054207-3272128_3272128-451286255_1502655286-GB-M-088 read.
LOG (lattice-oracle[5.5.480~1-09abd]:main():lattice-oracle.cc:318) %WER 85.7143 [ 6 / 7, 0 insertions, 5 deletions, 1 sub ]
LOG (lattice-oracle[5.5.480~1-09abd]:main():lattice-oracle.cc:332) For utterance M449054207-3272128_3272128-451286255_1502655286-GB-M-088, best cost 6
Lattice M449054207-3272128_3272128-451286255_1502655286-GB-M-092 read.
LOG (lattice-oracle[5.5.480~1-09abd]:main():lattice-oracle.cc:318) %WER 0 [ 0 / 4, 0 insertions, 0 deletions, 0 sub ]
LOG (lattice-oracle[5.5.480~1-09abd]:main():lattice-oracle.cc:332) For utterance M449054207-3272128_3272128-451286255_1502655286-GB-M-092, best cost 0
Lattice M449054207-3272128_3272128-451286255_1502655286-GB-M-095 read.
LOG (lattice-oracle[5.5.480~1-09abd]:main():lattice-oracle.cc:318) %WER 0 [ 0 / 4, 0 insertions, 0 deletions, 0 sub ]
LOG (lattice-oracle[5.5.480~1-09abd]:main():lattice-oracle.cc:332) For utterance M449054207-3272128_3272128-451286255_1502655286-GB-M-095, best cost 0
Lattice M449054207-3272128_3272128-451286255_1502655286-GB-M-099 read.
LOG (lattice-oracle[5.5.480~1-09abd]:main():lattice-oracle.cc:318) %WER 0 [ 0 / 9, 0 insertions, 0 deletions, 0 sub ]
LOG (lattice-oracle[5.5.480~1-09abd]:main():lattice-oracle.cc:332) For utterance M449054207-3272128_3272128-451286255_1502655286-GB-M-099, best cost 0
Lattice M449054207-3272128_3272128-451286255_1502655286-GB-M-100 read.
LOG (lattice-oracle[5.5.480~1-09abd]:main():lattice-oracle.cc:318) %WER 0 [ 0 / 8, 0 insertions, 0 deletions, 0 sub ]
LOG (lattice-oracle[5.5.480~1-09abd]:main():lattice-oracle.cc:332) For utterance M449054207-3272128_3272128-451286255_1502655286-GB-M-100, best cost 0
Lattice M449054207-3272128_3272128-451286255_1502655286-GB-M-101 read.
LOG (lattice-oracle[5.5.480~1-09abd]:main():lattice-oracle.cc:318) %WER 14.2857 [ 1 / 7, 0 insertions, 0 deletions, 1 sub ]
LOG (lattice-oracle[5.5.480~1-09abd]:main():lattice-oracle.cc:332) For utterance M449054207-3272128_3272128-451286255_1502655286-GB-M-101, best cost 1
Lattice M449054207-3272128_3272128-451286255_1502655286-GB-M-108 read.
LOG (lattice-oracle[5.5.480~1-09abd]:main():lattice-oracle.cc:318) %WER 18.1818 [ 2 / 11, 0 insertions, 2 deletions, 0 sub ]
LOG (lattice-oracle[5.5.480~1-09abd]:main():lattice-oracle.cc:332) For utterance M449054207-3272128_3272128-451286255_1502655286-GB-M-108, best cost 2
Lattice M449054207-3272128_3272128-451286255_1502655286-GB-M-111 read.
LOG (lattice-oracle[5.5.480~1-09abd]:main():lattice-oracle.cc:318) %WER 0 [ 0 / 6, 0 insertions, 0 deletions, 0 sub ]
LOG (lattice-oracle[5.5.480~1-09abd]:main():lattice-oracle.cc:332) For utterance M449054207-3272128_3272128-451286255_1502655286-GB-M-111, best cost 0
Lattice M449054207-3272128_3272128-451286255_1502655286-GB-M-112 read.
LOG (lattice-oracle[5.5.480~1-09abd]:main():lattice-oracle.cc:318) %WER 34.6154 [ 9 / 26, 0 insertions, 9 deletions, 0 sub ]
LOG (lattice-oracle[5.5.480~1-09abd]:main():lattice-oracle.cc:332) For utterance M449054207-3272128_3272128-451286255_1502655286-GB-M-112, best cost 9
Lattice M449054207-3272128_3272128-451286255_1502655286-GB-M-115 read.
LOG (lattice-oracle[5.5.480~1-09abd]:main():lattice-oracle.cc:318) %WER 35.1351 [ 13 / 37, 0 insertions, 12 deletions, 1 sub ]
LOG (lattice-oracle[5.5.480~1-09abd]:main():lattice-oracle.cc:332) For utterance M449054207-3272128_3272128-451286255_1502655286-GB-M-115, best cost 13
Lattice M449054207-3272128_3272128-451286255_1502655286-GB-M-120 read.
LOG (lattice-oracle[5.5.480~1-09abd]:main():lattice-oracle.cc:318) %WER 0 [ 0 / 4, 0 insertions, 0 deletions, 0 sub ]
LOG (lattice-oracle[5.5.480~1-09abd]:main():lattice-oracle.cc:332) For utterance M449054207-3272128_3272128-451286255_1502655286-GB-M-120, best cost 0
Lattice M449054207-3272128_3272128-451286255_1502655286-GB-M-121 read.
LOG (lattice-oracle[5.5.480~1-09abd]:main():lattice-oracle.cc:318) %WER 0 [ 0 / 4, 0 insertions, 0 deletions, 0 sub ]
LOG (lattice-oracle[5.5.480~1-09abd]:main():lattice-oracle.cc:332) For utterance M449054207-3272128_3272128-451286255_1502655286-GB-M-121, best cost 0
Lattice M449054207-3272128_3272128-451286255_1502655286-GB-M-122 read.
LOG (lattice-oracle[5.5.480~1-09abd]:main():lattice-oracle.cc:318) %WER 60 [ 6 / 10, 0 insertions, 5 deletions, 1 sub ]
LOG (lattice-oracle[5.5.480~1-09abd]:main():lattice-oracle.cc:332) For utterance M449054207-3272128_3272128-451286255_1502655286-GB-M-122, best cost 6
Lattice M449054207-3272128_3272128-451286255_1502655286-GB-M-124 read.
LOG (lattice-oracle[5.5.480~1-09abd]:main():lattice-oracle.cc:318) %WER 25 [ 5 / 20, 0 insertions, 5 deletions, 0 sub ]
LOG (lattice-oracle[5.5.480~1-09abd]:main():lattice-oracle.cc:332) For utterance M449054207-3272128_3272128-451286255_1502655286-GB-M-124, best cost 5
Lattice M449054207-3272128_3272128-451286255_1502655286-GB-M-128 read.
LOG (lattice-oracle[5.5.480~1-09abd]:main():lattice-oracle.cc:318) %WER 23.0769 [ 3 / 13, 0 insertions, 3 deletions, 0 sub ]
LOG (lattice-oracle[5.5.480~1-09abd]:main():lattice-oracle.cc:332) For utterance M449054207-3272128_3272128-451286255_1502655286-GB-M-128, best cost 3
Lattice M449054207-3272128_3272128-451286255_1502655286-GB-M-131 read.
LOG (lattice-oracle[5.5.480~1-09abd]:main():lattice-oracle.cc:318) %WER 22.2222 [ 2 / 9, 1 insertions, 0 deletions, 1 sub ]
LOG (lattice-oracle[5.5.480~1-09abd]:main():lattice-oracle.cc:332) For utterance M449054207-3272128_3272128-451286255_1502655286-GB-M-131, best cost 2
Lattice M449054207-403519875_2941617-451286255_1620136264-GB-M-001 read.
LOG (lattice-oracle[5.5.480~1-09abd]:main():lattice-oracle.cc:318) %WER 0 [ 0 / 6, 0 insertions, 0 deletions, 0 sub ]
LOG (lattice-oracle[5.5.480~1-09abd]:main():lattice-oracle.cc:332) For utterance M449054207-403519875_2941617-451286255_1620136264-GB-M-001, best cost 0
Lattice M449054207-403519875_2941617-451286255_1620136264-GB-M-002 read.
LOG (lattice-oracle[5.5.480~1-09abd]:main():lattice-oracle.cc:318) %WER 0 [ 0 / 7, 0 insertions, 0 deletions, 0 sub ]
LOG (lattice-oracle[5.5.480~1-09abd]:main():lattice-oracle.cc:332) For utterance M449054207-403519875_2941617-451286255_1620136264-GB-M-002, best cost 0
Lattice M449054207-403519875_2941617-451286255_1620136264-GB-M-003 read.
LOG (lattice-oracle[5.5.480~1-09abd]:main():lattice-oracle.cc:318) %WER 0 [ 0 / 8, 0 insertions, 0 deletions, 0 sub ]
LOG (lattice-oracle[5.5.480~1-09abd]:main():lattice-oracle.cc:332) For utterance M449054207-403519875_2941617-451286255_1620136264-GB-M-003, best cost 0
Lattice M449054207-403519875_2941617-451286255_1620136264-GB-M-005 read.
LOG (lattice-oracle[5.5.480~1-09abd]:main():lattice-oracle.cc:318) %WER 4.34783 [ 1 / 23, 1 insertions, 0 deletions, 0 sub ]
LOG (lattice-oracle[5.5.480~1-09abd]:main():lattice-oracle.cc:332) For utterance M449054207-403519875_2941617-451286255_1620136264-GB-M-005, best cost 1
Lattice M449054207-403519875_2941617-451286255_1620136264-GB-M-009 read.
LOG (lattice-oracle[5.5.480~1-09abd]:main():lattice-oracle.cc:318) %WER 0 [ 0 / 25, 0 insertions, 0 deletions, 0 sub ]
LOG (lattice-oracle[5.5.480~1-09abd]:main():lattice-oracle.cc:332) For utterance M449054207-403519875_2941617-451286255_1620136264-GB-M-009, best cost 0
Lattice M449054207-403519875_2941617-451286255_1620136264-GB-M-013 read.
LOG (lattice-oracle[5.5.480~1-09abd]:main():lattice-oracle.cc:318) %WER 0 [ 0 / 16, 0 insertions, 0 deletions, 0 sub ]
LOG (lattice-oracle[5.5.480~1-09abd]:main():lattice-oracle.cc:332) For utterance M449054207-403519875_2941617-451286255_1620136264-GB-M-013, best cost 0
Lattice M449054207-403519875_2941617-451286255_1620136264-GB-M-015 read.
LOG (lattice-oracle[5.5.480~1-09abd]:main():lattice-oracle.cc:318) %WER 0 [ 0 / 5, 0 insertions, 0 deletions, 0 sub ]
LOG (lattice-oracle[5.5.480~1-09abd]:main():lattice-oracle.cc:332) For utterance M449054207-403519875_2941617-451286255_1620136264-GB-M-015, best cost 0
Lattice M449054207-403519875_2941617-451286255_1620136264-GB-M-016 read.
LOG (lattice-oracle[5.5.480~1-09abd]:main():lattice-oracle.cc:318) %WER 16.6667 [ 1 / 6, 1 insertions, 0 deletions, 0 sub ]
LOG (lattice-oracle[5.5.480~1-09abd]:main():lattice-oracle.cc:332) For utterance M449054207-403519875_2941617-451286255_1620136264-GB-M-016, best cost 1
Lattice M449054207-403519875_2941617-451286255_1620136264-GB-M-017 read.
LOG (lattice-oracle[5.5.480~1-09abd]:main():lattice-oracle.cc:318) %WER 0 [ 0 / 11, 0 insertions, 0 deletions, 0 sub ]
LOG (lattice-oracle[5.5.480~1-09abd]:main():lattice-oracle.cc:332) For utterance M449054207-403519875_2941617-451286255_1620136264-GB-M-017, best cost 0
Lattice M449054207-403519875_2941617-451286255_1620136264-GB-M-019 read.
LOG (lattice-oracle[5.5.480~1-09abd]:main():lattice-oracle.cc:318) %WER 0 [ 0 / 5, 0 insertions, 0 deletions, 0 sub ]
LOG (lattice-oracle[5.5.480~1-09abd]:main():lattice-oracle.cc:332) For utterance M449054207-403519875_2941617-451286255_1620136264-GB-M-019, best cost 0
Lattice M449054207-403519875_2941617-451286255_1620136264-GB-M-020 read.
LOG (lattice-oracle[5.5.480~1-09abd]:main():lattice-oracle.cc:318) %WER 0 [ 0 / 6, 0 insertions, 0 deletions, 0 sub ]
LOG (lattice-oracle[5.5.480~1-09abd]:main():lattice-oracle.cc:332) For utterance M449054207-403519875_2941617-451286255_1620136264-GB-M-020, best cost 0
Lattice M449054207-403519875_2941617-451286255_1620136264-GB-M-022 read.
LOG (lattice-oracle[5.5.480~1-09abd]:main():lattice-oracle.cc:318) %WER 0 [ 0 / 11, 0 insertions, 0 deletions, 0 sub ]
LOG (lattice-oracle[5.5.480~1-09abd]:main():lattice-oracle.cc:332) For utterance M449054207-403519875_2941617-451286255_1620136264-GB-M-022, best cost 0
Lattice M449054207-403519875_2941617-451286255_1620136264-GB-M-026 read.
LOG (lattice-oracle[5.5.480~1-09abd]:main():lattice-oracle.cc:318) %WER 33.3333 [ 6 / 18, 0 insertions, 6 deletions, 0 sub ]
LOG (lattice-oracle[5.5.480~1-09abd]:main():lattice-oracle.cc:332) For utterance M449054207-403519875_2941617-451286255_1620136264-GB-M-026, best cost 6
Lattice M449054207-403519875_2941617-451286255_1620136264-GB-M-030 read.
LOG (lattice-oracle[5.5.480~1-09abd]:main():lattice-oracle.cc:318) %WER 16.6667 [ 1 / 6, 1 insertions, 0 deletions, 0 sub ]
LOG (lattice-oracle[5.5.480~1-09abd]:main():lattice-oracle.cc:332) For utterance M449054207-403519875_2941617-451286255_1620136264-GB-M-030, best cost 1
Lattice M449054207-403519875_2941617-451286255_1620136264-GB-M-031 read.
LOG (lattice-oracle[5.5.480~1-09abd]:main():lattice-oracle.cc:318) %WER 0 [ 0 / 5, 0 insertions, 0 deletions, 0 sub ]
LOG (lattice-oracle[5.5.480~1-09abd]:main():lattice-oracle.cc:332) For utterance M449054207-403519875_2941617-451286255_1620136264-GB-M-031, best cost 0
Lattice M449054207-403519875_2941617-451286255_1620136264-GB-M-033 read.
LOG (lattice-oracle[5.5.480~1-09abd]:main():lattice-oracle.cc:318) %WER 0 [ 0 / 5, 0 insertions, 0 deletions, 0 sub ]
LOG (lattice-oracle[5.5.480~1-09abd]:main():lattice-oracle.cc:332) For utterance M449054207-403519875_2941617-451286255_1620136264-GB-M-033, best cost 0
Lattice M449054207-403519875_2941617-451286255_1620136264-GB-M-034 read.
LOG (lattice-oracle[5.5.480~1-09abd]:main():lattice-oracle.cc:318) %WER 0 [ 0 / 8, 0 insertions, 0 deletions, 0 sub ]
LOG (lattice-oracle[5.5.480~1-09abd]:main():lattice-oracle.cc:332) For utterance M449054207-403519875_2941617-451286255_1620136264-GB-M-034, best cost 0
Lattice M449054207-403519875_2941617-451286255_1620136264-GB-M-035 read.
LOG (lattice-oracle[5.5.480~1-09abd]:main():lattice-oracle.cc:318) %WER 0 [ 0 / 16, 0 insertions, 0 deletions, 0 sub ]
LOG (lattice-oracle[5.5.480~1-09abd]:main():lattice-oracle.cc:332) For utterance M449054207-403519875_2941617-451286255_1620136264-GB-M-035, best cost 0
Lattice M449054207-403519875_2941617-451286255_1620136264-GB-M-038 read.
LOG (lattice-oracle[5.5.480~1-09abd]:main():lattice-oracle.cc:318) %WER 0 [ 0 / 17, 0 insertions, 0 deletions, 0 sub ]
LOG (lattice-oracle[5.5.480~1-09abd]:main():lattice-oracle.cc:332) For utterance M449054207-403519875_2941617-451286255_1620136264-GB-M-038, best cost 0
Lattice M449054207-403519875_2941617-451286255_1620136264-GB-M-041 read.
LOG (lattice-oracle[5.5.480~1-09abd]:main():lattice-oracle.cc:318) %WER 0 [ 0 / 15, 0 insertions, 0 deletions, 0 sub ]
LOG (lattice-oracle[5.5.480~1-09abd]:main():lattice-oracle.cc:332) For utterance M449054207-403519875_2941617-451286255_1620136264-GB-M-041, best cost 0
Lattice M449054207-403519875_2941617-451286255_1620136264-GB-M-043 read.
LOG (lattice-oracle[5.5.480~1-09abd]:main():lattice-oracle.cc:318) %WER 9.09091 [ 1 / 11, 1 insertions, 0 deletions, 0 sub ]
LOG (lattice-oracle[5.5.480~1-09abd]:main():lattice-oracle.cc:332) For utterance M449054207-403519875_2941617-451286255_1620136264-GB-M-043, best cost 1
Lattice M449054207-403519875_2941617-451286255_1620136264-GB-M-045 read.
LOG (lattice-oracle[5.5.480~1-09abd]:main():lattice-oracle.cc:318) %WER 9.09091 [ 1 / 11, 0 insertions, 1 deletions, 0 sub ]
LOG (lattice-oracle[5.5.480~1-09abd]:main():lattice-oracle.cc:332) For utterance M449054207-403519875_2941617-451286255_1620136264-GB-M-045, best cost 1
Lattice M449054207-403519875_2941617-451286255_1620136264-GB-M-047 read.
LOG (lattice-oracle[5.5.480~1-09abd]:main():lattice-oracle.cc:318) %WER 0 [ 0 / 5, 0 insertions, 0 deletions, 0 sub ]
LOG (lattice-oracle[5.5.480~1-09abd]:main():lattice-oracle.cc:332) For utterance M449054207-403519875_2941617-451286255_1620136264-GB-M-047, best cost 0
Lattice M449054207-403519875_2941617-451286255_1620136264-GB-M-048 read.
LOG (lattice-oracle[5.5.480~1-09abd]:main():lattice-oracle.cc:318) %WER 0 [ 0 / 17, 0 insertions, 0 deletions, 0 sub ]
LOG (lattice-oracle[5.5.480~1-09abd]:main():lattice-oracle.cc:332) For utterance M449054207-403519875_2941617-451286255_1620136264-GB-M-048, best cost 0
Lattice M449054207-403519875_2941617-451286255_1620136264-GB-M-054 read.
LOG (lattice-oracle[5.5.480~1-09abd]:main():lattice-oracle.cc:318) %WER 41.6667 [ 5 / 12, 0 insertions, 5 deletions, 0 sub ]
LOG (lattice-oracle[5.5.480~1-09abd]:main():lattice-oracle.cc:332) For utterance M449054207-403519875_2941617-451286255_1620136264-GB-M-054, best cost 5
Lattice M449054207-403519875_2941617-451286255_1620136264-GB-M-057 read.
LOG (lattice-oracle[5.5.480~1-09abd]:main():lattice-oracle.cc:318) %WER 44.4444 [ 12 / 27, 0 insertions, 10 deletions, 2 sub ]
LOG (lattice-oracle[5.5.480~1-09abd]:main():lattice-oracle.cc:332) For utterance M449054207-403519875_2941617-451286255_1620136264-GB-M-057, best cost 12
Lattice M449054207-403519875_2941617-451286255_1620136264-GB-M-065 read.
LOG (lattice-oracle[5.5.480~1-09abd]:main():lattice-oracle.cc:318) %WER 0 [ 0 / 4, 0 insertions, 0 deletions, 0 sub ]
LOG (lattice-oracle[5.5.480~1-09abd]:main():lattice-oracle.cc:332) For utterance M449054207-403519875_2941617-451286255_1620136264-GB-M-065, best cost 0
Lattice M449054207-403519875_2941617-451286255_1620136264-GB-M-066 read.
LOG (lattice-oracle[5.5.480~1-09abd]:main():lattice-oracle.cc:318) %WER 0 [ 0 / 3, 0 insertions, 0 deletions, 0 sub ]
LOG (lattice-oracle[5.5.480~1-09abd]:main():lattice-oracle.cc:332) For utterance M449054207-403519875_2941617-451286255_1620136264-GB-M-066, best cost 0
Lattice M449054207-403519875_2941617-451286255_1620136264-GB-M-067 read.
LOG (lattice-oracle[5.5.480~1-09abd]:main():lattice-oracle.cc:318) %WER 0 [ 0 / 6, 0 insertions, 0 deletions, 0 sub ]
LOG (lattice-oracle[5.5.480~1-09abd]:main():lattice-oracle.cc:332) For utterance M449054207-403519875_2941617-451286255_1620136264-GB-M-067, best cost 0
Lattice M449054207-403519875_2941617-451286255_1620136264-GB-M-068 read.
LOG (lattice-oracle[5.5.480~1-09abd]:main():lattice-oracle.cc:318) %WER 38.8889 [ 7 / 18, 0 insertions, 7 deletions, 0 sub ]
LOG (lattice-oracle[5.5.480~1-09abd]:main():lattice-oracle.cc:332) For utterance M449054207-403519875_2941617-451286255_1620136264-GB-M-068, best cost 7
Lattice M449054207-403519875_2941617-451286255_1620136264-GB-M-072 read.
LOG (lattice-oracle[5.5.480~1-09abd]:main():lattice-oracle.cc:318) %WER 80 [ 4 / 5, 0 insertions, 2 deletions, 2 sub ]
LOG (lattice-oracle[5.5.480~1-09abd]:main():lattice-oracle.cc:332) For utterance M449054207-403519875_2941617-451286255_1620136264-GB-M-072, best cost 4
Lattice M449054207-403519875_2941617-451286255_1620136264-GB-M-073 read.
LOG (lattice-oracle[5.5.480~1-09abd]:main():lattice-oracle.cc:318) %WER 14.2857 [ 4 / 28, 0 insertions, 3 deletions, 1 sub ]
LOG (lattice-oracle[5.5.480~1-09abd]:main():lattice-oracle.cc:332) For utterance M449054207-403519875_2941617-451286255_1620136264-GB-M-073, best cost 4
Lattice M449054207-403519875_2941617-451286255_1620136264-GB-M-079 read.
LOG (lattice-oracle[5.5.480~1-09abd]:main():lattice-oracle.cc:318) %WER 18.1818 [ 2 / 11, 2 insertions, 0 deletions, 0 sub ]
LOG (lattice-oracle[5.5.480~1-09abd]:main():lattice-oracle.cc:332) For utterance M449054207-403519875_2941617-451286255_1620136264-GB-M-079, best cost 2
Lattice M454114-101935856_790417-453814662_1558734584-GB-M-001 read.
LOG (lattice-oracle[5.5.480~1-09abd]:main():lattice-oracle.cc:318) %WER 16.6667 [ 1 / 6, 0 insertions, 1 deletions, 0 sub ]
LOG (lattice-oracle[5.5.480~1-09abd]:main():lattice-oracle.cc:332) For utterance M454114-101935856_790417-453814662_1558734584-GB-M-001, best cost 1
Lattice M454114-101935856_790417-453814662_1558734584-GB-M-002 read.
LOG (lattice-oracle[5.5.480~1-09abd]:main():lattice-oracle.cc:318) %WER 0 [ 0 / 6, 0 insertions, 0 deletions, 0 sub ]
LOG (lattice-oracle[5.5.480~1-09abd]:main():lattice-oracle.cc:332) For utterance M454114-101935856_790417-453814662_1558734584-GB-M-002, best cost 0
Lattice M454114-101935856_790417-453814662_1558734584-GB-M-003 read.
LOG (lattice-oracle[5.5.480~1-09abd]:main():lattice-oracle.cc:318) %WER 0 [ 0 / 6, 0 insertions, 0 deletions, 0 sub ]
LOG (lattice-oracle[5.5.480~1-09abd]:main():lattice-oracle.cc:332) For utterance M454114-101935856_790417-453814662_1558734584-GB-M-003, best cost 0
Lattice M454114-101935856_790417-453814662_1558734584-GB-M-005 read.
LOG (lattice-oracle[5.5.480~1-09abd]:main():lattice-oracle.cc:318) %WER 0 [ 0 / 4, 0 insertions, 0 deletions, 0 sub ]
LOG (lattice-oracle[5.5.480~1-09abd]:main():lattice-oracle.cc:332) For utterance M454114-101935856_790417-453814662_1558734584-GB-M-005, best cost 0
Lattice M454114-101935856_790417-453814662_1558734584-GB-M-006 read.
LOG (lattice-oracle[5.5.480~1-09abd]:main():lattice-oracle.cc:318) %WER 0 [ 0 / 14, 0 insertions, 0 deletions, 0 sub ]
LOG (lattice-oracle[5.5.480~1-09abd]:main():lattice-oracle.cc:332) For utterance M454114-101935856_790417-453814662_1558734584-GB-M-006, best cost 0
Lattice M454114-101935856_790417-453814662_1558734584-GB-M-008 read.
LOG (lattice-oracle[5.5.480~1-09abd]:main():lattice-oracle.cc:318) %WER 42.8571 [ 3 / 7, 3 insertions, 0 deletions, 0 sub ]
LOG (lattice-oracle[5.5.480~1-09abd]:main():lattice-oracle.cc:332) For utterance M454114-101935856_790417-453814662_1558734584-GB-M-008, best cost 3
Lattice M454114-101935856_790417-453814662_1558734584-GB-M-010 read.
LOG (lattice-oracle[5.5.480~1-09abd]:main():lattice-oracle.cc:318) %WER 37.5 [ 3 / 8, 0 insertions, 2 deletions, 1 sub ]
LOG (lattice-oracle[5.5.480~1-09abd]:main():lattice-oracle.cc:332) For utterance M454114-101935856_790417-453814662_1558734584-GB-M-010, best cost 3
Lattice M454114-101935856_790417-453814662_1558734584-GB-M-011 read.
LOG (lattice-oracle[5.5.480~1-09abd]:main():lattice-oracle.cc:318) %WER 0 [ 0 / 64, 0 insertions, 0 deletions, 0 sub ]
LOG (lattice-oracle[5.5.480~1-09abd]:main():lattice-oracle.cc:332) For utterance M454114-101935856_790417-453814662_1558734584-GB-M-011, best cost 0
Lattice M454114-101935856_790417-453814662_1558734584-GB-M-023 read.
LOG (lattice-oracle[5.5.480~1-09abd]:main():lattice-oracle.cc:318) %WER 0 [ 0 / 4, 0 insertions, 0 deletions, 0 sub ]
LOG (lattice-oracle[5.5.480~1-09abd]:main():lattice-oracle.cc:332) For utterance M454114-101935856_790417-453814662_1558734584-GB-M-023, best cost 0
Lattice M454114-101935856_790417-453814662_1558734584-GB-M-024 read.
LOG (lattice-oracle[5.5.480~1-09abd]:main():lattice-oracle.cc:318) %WER 20 [ 1 / 5, 1 insertions, 0 deletions, 0 sub ]
LOG (lattice-oracle[5.5.480~1-09abd]:main():lattice-oracle.cc:332) For utterance M454114-101935856_790417-453814662_1558734584-GB-M-024, best cost 1
Lattice M454114-101935856_790417-453814662_1558734584-GB-M-025 read.
LOG (lattice-oracle[5.5.480~1-09abd]:main():lattice-oracle.cc:318) %WER 0 [ 0 / 7, 0 insertions, 0 deletions, 0 sub ]
LOG (lattice-oracle[5.5.480~1-09abd]:main():lattice-oracle.cc:332) For utterance M454114-101935856_790417-453814662_1558734584-GB-M-025, best cost 0
Lattice M454114-101935856_790417-453814662_1558734584-GB-M-027 read.
LOG (lattice-oracle[5.5.480~1-09abd]:main():lattice-oracle.cc:318) %WER 0 [ 0 / 5, 0 insertions, 0 deletions, 0 sub ]
LOG (lattice-oracle[5.5.480~1-09abd]:main():lattice-oracle.cc:332) For utterance M454114-101935856_790417-453814662_1558734584-GB-M-027, best cost 0
Lattice M454114-101935856_790417-453814662_1558734584-GB-M-028 read.
LOG (lattice-oracle[5.5.480~1-09abd]:main():lattice-oracle.cc:318) %WER 0 [ 0 / 14, 0 insertions, 0 deletions, 0 sub ]
LOG (lattice-oracle[5.5.480~1-09abd]:main():lattice-oracle.cc:332) For utterance M454114-101935856_790417-453814662_1558734584-GB-M-028, best cost 0
Lattice M454114-101935856_790417-453814662_1558734584-GB-M-030 read.
LOG (lattice-oracle[5.5.480~1-09abd]:main():lattice-oracle.cc:318) %WER 15.1899 [ 12 / 79, 2 insertions, 9 deletions, 1 sub ]
LOG (lattice-oracle[5.5.480~1-09abd]:main():lattice-oracle.cc:332) For utterance M454114-101935856_790417-453814662_1558734584-GB-M-030, best cost 12
Lattice M454114-101935856_790417-453814662_1558734584-GB-M-045 read.
LOG (lattice-oracle[5.5.480~1-09abd]:main():lattice-oracle.cc:318) %WER 0 [ 0 / 7, 0 insertions, 0 deletions, 0 sub ]
LOG (lattice-oracle[5.5.480~1-09abd]:main():lattice-oracle.cc:332) For utterance M454114-101935856_790417-453814662_1558734584-GB-M-045, best cost 0
Lattice M454114-101935856_790417-453814662_1558734584-GB-M-046 read.
LOG (lattice-oracle[5.5.480~1-09abd]:main():lattice-oracle.cc:318) %WER 0 [ 0 / 19, 0 insertions, 0 deletions, 0 sub ]
LOG (lattice-oracle[5.5.480~1-09abd]:main():lattice-oracle.cc:332) For utterance M454114-101935856_790417-453814662_1558734584-GB-M-046, best cost 0
Lattice M454114-101935856_790417-453814662_1558734584-GB-M-050 read.
LOG (lattice-oracle[5.5.480~1-09abd]:main():lattice-oracle.cc:318) %WER 18.1818 [ 12 / 66, 1 insertions, 9 deletions, 2 sub ]
LOG (lattice-oracle[5.5.480~1-09abd]:main():lattice-oracle.cc:332) For utterance M454114-101935856_790417-453814662_1558734584-GB-M-050, best cost 12
Lattice M461593341-143697177_169732-386636337_1539112883-GB-M-012 read.
LOG (lattice-oracle[5.5.480~1-09abd]:main():lattice-oracle.cc:318) %WER 0 [ 0 / 8, 0 insertions, 0 deletions, 0 sub ]
LOG (lattice-oracle[5.5.480~1-09abd]:main():lattice-oracle.cc:332) For utterance M461593341-143697177_169732-386636337_1539112883-GB-M-012, best cost 0
Lattice M461593341-143697177_169732-386636337_1539112883-GB-M-013 read.
LOG (lattice-oracle[5.5.480~1-09abd]:main():lattice-oracle.cc:318) %WER 0 [ 0 / 7, 0 insertions, 0 deletions, 0 sub ]
LOG (lattice-oracle[5.5.480~1-09abd]:main():lattice-oracle.cc:332) For utterance M461593341-143697177_169732-386636337_1539112883-GB-M-013, best cost 0
Lattice M461593341-143697177_169732-386636337_1539112883-GB-M-014 read.
LOG (lattice-oracle[5.5.480~1-09abd]:main():lattice-oracle.cc:318) %WER 0 [ 0 / 12, 0 insertions, 0 deletions, 0 sub ]
LOG (lattice-oracle[5.5.480~1-09abd]:main():lattice-oracle.cc:332) For utterance M461593341-143697177_169732-386636337_1539112883-GB-M-014, best cost 0
Lattice M461593341-143697177_169732-386636337_1539112883-GB-M-017 read.
LOG (lattice-oracle[5.5.480~1-09abd]:main():lattice-oracle.cc:318) %WER 0 [ 0 / 5, 0 insertions, 0 deletions, 0 sub ]
LOG (lattice-oracle[5.5.480~1-09abd]:main():lattice-oracle.cc:332) For utterance M461593341-143697177_169732-386636337_1539112883-GB-M-017, best cost 0
Lattice M461593341-143697177_169732-386636337_1539112883-GB-M-022 read.
LOG (lattice-oracle[5.5.480~1-09abd]:main():lattice-oracle.cc:318) %WER 0 [ 0 / 4, 0 insertions, 0 deletions, 0 sub ]
LOG (lattice-oracle[5.5.480~1-09abd]:main():lattice-oracle.cc:332) For utterance M461593341-143697177_169732-386636337_1539112883-GB-M-022, best cost 0
Lattice M461593341-143697177_169732-386636337_1539112883-GB-M-024 read.
LOG (lattice-oracle[5.5.480~1-09abd]:main():lattice-oracle.cc:318) %WER 0 [ 0 / 4, 0 insertions, 0 deletions, 0 sub ]
LOG (lattice-oracle[5.5.480~1-09abd]:main():lattice-oracle.cc:332) For utterance M461593341-143697177_169732-386636337_1539112883-GB-M-024, best cost 0
Lattice M461593341-143697177_169732-386636337_1539112883-GB-M-025 read.
LOG (lattice-oracle[5.5.480~1-09abd]:main():lattice-oracle.cc:318) %WER 0 [ 0 / 7, 0 insertions, 0 deletions, 0 sub ]
LOG (lattice-oracle[5.5.480~1-09abd]:main():lattice-oracle.cc:332) For utterance M461593341-143697177_169732-386636337_1539112883-GB-M-025, best cost 0
Lattice M461593341-143697177_169732-386636337_1539112883-GB-M-026 read.
LOG (lattice-oracle[5.5.480~1-09abd]:main():lattice-oracle.cc:318) %WER 0 [ 0 / 7, 0 insertions, 0 deletions, 0 sub ]
LOG (lattice-oracle[5.5.480~1-09abd]:main():lattice-oracle.cc:332) For utterance M461593341-143697177_169732-386636337_1539112883-GB-M-026, best cost 0
Lattice M461593341-143697177_169732-386636337_1539112883-GB-M-027 read.
LOG (lattice-oracle[5.5.480~1-09abd]:main():lattice-oracle.cc:318) %WER 0 [ 0 / 12, 0 insertions, 0 deletions, 0 sub ]
LOG (lattice-oracle[5.5.480~1-09abd]:main():lattice-oracle.cc:332) For utterance M461593341-143697177_169732-386636337_1539112883-GB-M-027, best cost 0
Lattice M461593341-143697177_169732-386636337_1539112883-GB-M-030 read.
LOG (lattice-oracle[5.5.480~1-09abd]:main():lattice-oracle.cc:318) %WER 20 [ 1 / 5, 0 insertions, 1 deletions, 0 sub ]
LOG (lattice-oracle[5.5.480~1-09abd]:main():lattice-oracle.cc:332) For utterance M461593341-143697177_169732-386636337_1539112883-GB-M-030, best cost 1
Lattice M461593341-143697177_169732-386636337_1539112883-GB-M-031 read.
LOG (lattice-oracle[5.5.480~1-09abd]:main():lattice-oracle.cc:318) %WER 0 [ 0 / 12, 0 insertions, 0 deletions, 0 sub ]
LOG (lattice-oracle[5.5.480~1-09abd]:main():lattice-oracle.cc:332) For utterance M461593341-143697177_169732-386636337_1539112883-GB-M-031, best cost 0
Lattice M461593341-143697177_169732-386636337_1539112883-GB-M-033 read.
LOG (lattice-oracle[5.5.480~1-09abd]:main():lattice-oracle.cc:318) %WER 0 [ 0 / 5, 0 insertions, 0 deletions, 0 sub ]
LOG (lattice-oracle[5.5.480~1-09abd]:main():lattice-oracle.cc:332) For utterance M461593341-143697177_169732-386636337_1539112883-GB-M-033, best cost 0
Lattice M461593341-143697177_169732-386636337_1539112883-GB-M-034 read.
LOG (lattice-oracle[5.5.480~1-09abd]:main():lattice-oracle.cc:318) %WER 62.5 [ 5 / 8, 0 insertions, 2 deletions, 3 sub ]
LOG (lattice-oracle[5.5.480~1-09abd]:main():lattice-oracle.cc:332) For utterance M461593341-143697177_169732-386636337_1539112883-GB-M-034, best cost 5
Lattice M461593341-143697177_169732-386636337_1539112883-GB-M-036 read.
LOG (lattice-oracle[5.5.480~1-09abd]:main():lattice-oracle.cc:318) %WER 0 [ 0 / 4, 0 insertions, 0 deletions, 0 sub ]
LOG (lattice-oracle[5.5.480~1-09abd]:main():lattice-oracle.cc:332) For utterance M461593341-143697177_169732-386636337_1539112883-GB-M-036, best cost 0
Lattice M465900495-354627402_108096-1170643095_1552396084-GB-M-001 read.
LOG (lattice-oracle[5.5.480~1-09abd]:main():lattice-oracle.cc:318) %WER 20 [ 1 / 5, 1 insertions, 0 deletions, 0 sub ]
LOG (lattice-oracle[5.5.480~1-09abd]:main():lattice-oracle.cc:332) For utterance M465900495-354627402_108096-1170643095_1552396084-GB-M-001, best cost 1
Lattice M465900495-354627402_108096-1170643095_1552396084-GB-M-003 read.
LOG (lattice-oracle[5.5.480~1-09abd]:main():lattice-oracle.cc:318) %WER 0 [ 0 / 3, 0 insertions, 0 deletions, 0 sub ]
LOG (lattice-oracle[5.5.480~1-09abd]:main():lattice-oracle.cc:332) For utterance M465900495-354627402_108096-1170643095_1552396084-GB-M-003, best cost 0
Lattice M465900495-354627402_108096-1170643095_1552396084-GB-M-008 read.
LOG (lattice-oracle[5.5.480~1-09abd]:main():lattice-oracle.cc:318) %WER 0 [ 0 / 6, 0 insertions, 0 deletions, 0 sub ]
LOG (lattice-oracle[5.5.480~1-09abd]:main():lattice-oracle.cc:332) For utterance M465900495-354627402_108096-1170643095_1552396084-GB-M-008, best cost 0
Lattice M465900495-354627402_108096-1170643095_1552396084-GB-M-012 read.
LOG (lattice-oracle[5.5.480~1-09abd]:main():lattice-oracle.cc:318) %WER 0 [ 0 / 4, 0 insertions, 0 deletions, 0 sub ]
LOG (lattice-oracle[5.5.480~1-09abd]:main():lattice-oracle.cc:332) For utterance M465900495-354627402_108096-1170643095_1552396084-GB-M-012, best cost 0
Lattice M465900495-354627402_108096-1170643095_1552396084-GB-M-015 read.
LOG (lattice-oracle[5.5.480~1-09abd]:main():lattice-oracle.cc:318) %WER 0 [ 0 / 2, 0 insertions, 0 deletions, 0 sub ]
LOG (lattice-oracle[5.5.480~1-09abd]:main():lattice-oracle.cc:332) For utterance M465900495-354627402_108096-1170643095_1552396084-GB-M-015, best cost 0
Lattice M465900495-354627402_108096-1170643095_1552396084-GB-M-016 read.
LOG (lattice-oracle[5.5.480~1-09abd]:main():lattice-oracle.cc:318) %WER 0 [ 0 / 4, 0 insertions, 0 deletions, 0 sub ]
LOG (lattice-oracle[5.5.480~1-09abd]:main():lattice-oracle.cc:332) For utterance M465900495-354627402_108096-1170643095_1552396084-GB-M-016, best cost 0
Lattice M465900495-354627402_108096-1170643095_1552396084-GB-M-017 read.
LOG (lattice-oracle[5.5.480~1-09abd]:main():lattice-oracle.cc:318) %WER 25 [ 2 / 8, 2 insertions, 0 deletions, 0 sub ]
LOG (lattice-oracle[5.5.480~1-09abd]:main():lattice-oracle.cc:332) For utterance M465900495-354627402_108096-1170643095_1552396084-GB-M-017, best cost 2
Lattice M465900495-354627402_108096-1170643095_1552396084-GB-M-020 read.
LOG (lattice-oracle[5.5.480~1-09abd]:main():lattice-oracle.cc:318) %WER 100 [ 2 / 2, 2 insertions, 0 deletions, 0 sub ]
LOG (lattice-oracle[5.5.480~1-09abd]:main():lattice-oracle.cc:332) For utterance M465900495-354627402_108096-1170643095_1552396084-GB-M-020, best cost 2
Lattice M465900495-354627402_108096-1170643095_1552396084-GB-M-021 read.
LOG (lattice-oracle[5.5.480~1-09abd]:main():lattice-oracle.cc:318) %WER 0 [ 0 / 3, 0 insertions, 0 deletions, 0 sub ]
LOG (lattice-oracle[5.5.480~1-09abd]:main():lattice-oracle.cc:332) For utterance M465900495-354627402_108096-1170643095_1552396084-GB-M-021, best cost 0
Lattice M465900495-354627402_108096-1170643095_1552396084-GB-M-022 read.
LOG (lattice-oracle[5.5.480~1-09abd]:main():lattice-oracle.cc:318) %WER 0 [ 0 / 6, 0 insertions, 0 deletions, 0 sub ]
LOG (lattice-oracle[5.5.480~1-09abd]:main():lattice-oracle.cc:332) For utterance M465900495-354627402_108096-1170643095_1552396084-GB-M-022, best cost 0
Lattice M465900495-354627402_108096-1170643095_1552396084-GB-M-023 read.
LOG (lattice-oracle[5.5.480~1-09abd]:main():lattice-oracle.cc:318) %WER 14.2857 [ 1 / 7, 1 insertions, 0 deletions, 0 sub ]
LOG (lattice-oracle[5.5.480~1-09abd]:main():lattice-oracle.cc:332) For utterance M465900495-354627402_108096-1170643095_1552396084-GB-M-023, best cost 1
Lattice M465900495-354627402_108096-1170643095_1552396084-GB-M-024 read.
LOG (lattice-oracle[5.5.480~1-09abd]:main():lattice-oracle.cc:318) %WER 0 [ 0 / 3, 0 insertions, 0 deletions, 0 sub ]
LOG (lattice-oracle[5.5.480~1-09abd]:main():lattice-oracle.cc:332) For utterance M465900495-354627402_108096-1170643095_1552396084-GB-M-024, best cost 0
Lattice M465900495-354627402_108096-1170643095_1552396084-GB-M-025 read.
LOG (lattice-oracle[5.5.480~1-09abd]:main():lattice-oracle.cc:318) %WER 0 [ 0 / 6, 0 insertions, 0 deletions, 0 sub ]
LOG (lattice-oracle[5.5.480~1-09abd]:main():lattice-oracle.cc:332) For utterance M465900495-354627402_108096-1170643095_1552396084-GB-M-025, best cost 0
Lattice M465900495-354627402_108096-1170643095_1552396084-GB-M-026 read.
LOG (lattice-oracle[5.5.480~1-09abd]:main():lattice-oracle.cc:318) %WER 6.66667 [ 1 / 15, 1 insertions, 0 deletions, 0 sub ]
LOG (lattice-oracle[5.5.480~1-09abd]:main():lattice-oracle.cc:332) For utterance M465900495-354627402_108096-1170643095_1552396084-GB-M-026, best cost 1
Lattice M465900495-354627402_108096-1170643095_1552396084-GB-M-032 read.
LOG (lattice-oracle[5.5.480~1-09abd]:main():lattice-oracle.cc:318) %WER 20 [ 1 / 5, 1 insertions, 0 deletions, 0 sub ]
LOG (lattice-oracle[5.5.480~1-09abd]:main():lattice-oracle.cc:332) For utterance M465900495-354627402_108096-1170643095_1552396084-GB-M-032, best cost 1
Lattice M465900495-354627402_108096-1170643095_1552396084-GB-M-035 read.
LOG (lattice-oracle[5.5.480~1-09abd]:main():lattice-oracle.cc:318) %WER 0 [ 0 / 2, 0 insertions, 0 deletions, 0 sub ]
LOG (lattice-oracle[5.5.480~1-09abd]:main():lattice-oracle.cc:332) For utterance M465900495-354627402_108096-1170643095_1552396084-GB-M-035, best cost 0
Lattice M465900495-354627402_108096-1170643095_1552396084-GB-M-036 read.
LOG (lattice-oracle[5.5.480~1-09abd]:main():lattice-oracle.cc:318) %WER 50 [ 2 / 4, 2 insertions, 0 deletions, 0 sub ]
LOG (lattice-oracle[5.5.480~1-09abd]:main():lattice-oracle.cc:332) For utterance M465900495-354627402_108096-1170643095_1552396084-GB-M-036, best cost 2
Lattice M465900495-354627402_108096-1170643095_1552396084-GB-M-037 read.
LOG (lattice-oracle[5.5.480~1-09abd]:main():lattice-oracle.cc:318) %WER 0 [ 0 / 2, 0 insertions, 0 deletions, 0 sub ]
LOG (lattice-oracle[5.5.480~1-09abd]:main():lattice-oracle.cc:332) For utterance M465900495-354627402_108096-1170643095_1552396084-GB-M-037, best cost 0
Lattice M465900495-354627402_108096-1170643095_1552396084-GB-M-038 read.
LOG (lattice-oracle[5.5.480~1-09abd]:main():lattice-oracle.cc:318) %WER 0 [ 0 / 4, 0 insertions, 0 deletions, 0 sub ]
LOG (lattice-oracle[5.5.480~1-09abd]:main():lattice-oracle.cc:332) For utterance M465900495-354627402_108096-1170643095_1552396084-GB-M-038, best cost 0
Lattice M465900495-354627402_108096-1170643095_1552396084-GB-M-039 read.
LOG (lattice-oracle[5.5.480~1-09abd]:main():lattice-oracle.cc:318) %WER 0 [ 0 / 2, 0 insertions, 0 deletions, 0 sub ]
LOG (lattice-oracle[5.5.480~1-09abd]:main():lattice-oracle.cc:332) For utterance M465900495-354627402_108096-1170643095_1552396084-GB-M-039, best cost 0
Lattice M465900495-354627402_108096-1170643095_1552396084-GB-M-040 read.
LOG (lattice-oracle[5.5.480~1-09abd]:main():lattice-oracle.cc:318) %WER 0 [ 0 / 2, 0 insertions, 0 deletions, 0 sub ]
LOG (lattice-oracle[5.5.480~1-09abd]:main():lattice-oracle.cc:332) For utterance M465900495-354627402_108096-1170643095_1552396084-GB-M-040, best cost 0
Lattice M465900495-354627402_108096-1170643095_1552396084-GB-M-042 read.
LOG (lattice-oracle[5.5.480~1-09abd]:main():lattice-oracle.cc:318) %WER 50 [ 1 / 2, 1 insertions, 0 deletions, 0 sub ]
LOG (lattice-oracle[5.5.480~1-09abd]:main():lattice-oracle.cc:332) For utterance M465900495-354627402_108096-1170643095_1552396084-GB-M-042, best cost 1
Lattice M465900495-354627402_108096-1170643095_1552396084-GB-M-043 read.
LOG (lattice-oracle[5.5.480~1-09abd]:main():lattice-oracle.cc:318) %WER 0 [ 0 / 4, 0 insertions, 0 deletions, 0 sub ]
LOG (lattice-oracle[5.5.480~1-09abd]:main():lattice-oracle.cc:332) For utterance M465900495-354627402_108096-1170643095_1552396084-GB-M-043, best cost 0
Lattice M465900495-354627402_108096-1170643095_1552396084-GB-M-044 read.
LOG (lattice-oracle[5.5.480~1-09abd]:main():lattice-oracle.cc:318) %WER 50 [ 2 / 4, 2 insertions, 0 deletions, 0 sub ]
LOG (lattice-oracle[5.5.480~1-09abd]:main():lattice-oracle.cc:332) For utterance M465900495-354627402_108096-1170643095_1552396084-GB-M-044, best cost 2
Lattice M465900495-354627402_108096-1170643095_1552396084-GB-M-045 read.
LOG (lattice-oracle[5.5.480~1-09abd]:main():lattice-oracle.cc:318) %WER 16.6667 [ 1 / 6, 1 insertions, 0 deletions, 0 sub ]
LOG (lattice-oracle[5.5.480~1-09abd]:main():lattice-oracle.cc:332) For utterance M465900495-354627402_108096-1170643095_1552396084-GB-M-045, best cost 1
Lattice M468212920-250601934_115210-468285317_1569924772-GB-M-001 read.
LOG (lattice-oracle[5.5.480~1-09abd]:main():lattice-oracle.cc:318) %WER 0 [ 0 / 4, 0 insertions, 0 deletions, 0 sub ]
LOG (lattice-oracle[5.5.480~1-09abd]:main():lattice-oracle.cc:332) For utterance M468212920-250601934_115210-468285317_1569924772-GB-M-001, best cost 0
Lattice M468212920-250601934_115210-468285317_1569924772-GB-M-002 read.
LOG (lattice-oracle[5.5.480~1-09abd]:main():lattice-oracle.cc:318) %WER 0 [ 0 / 5, 0 insertions, 0 deletions, 0 sub ]
LOG (lattice-oracle[5.5.480~1-09abd]:main():lattice-oracle.cc:332) For utterance M468212920-250601934_115210-468285317_1569924772-GB-M-002, best cost 0
Lattice M468212920-250601934_115210-468285317_1569924772-GB-M-003 read.
LOG (lattice-oracle[5.5.480~1-09abd]:main():lattice-oracle.cc:318) %WER 0 [ 0 / 4, 0 insertions, 0 deletions, 0 sub ]
LOG (lattice-oracle[5.5.480~1-09abd]:main():lattice-oracle.cc:332) For utterance M468212920-250601934_115210-468285317_1569924772-GB-M-003, best cost 0
Lattice M468212920-250601934_115210-468285317_1569924772-GB-M-004 read.
LOG (lattice-oracle[5.5.480~1-09abd]:main():lattice-oracle.cc:318) %WER 0 [ 0 / 4, 0 insertions, 0 deletions, 0 sub ]
LOG (lattice-oracle[5.5.480~1-09abd]:main():lattice-oracle.cc:332) For utterance M468212920-250601934_115210-468285317_1569924772-GB-M-004, best cost 0
Lattice M468212920-250601934_115210-468285317_1569924772-GB-M-005 read.
LOG (lattice-oracle[5.5.480~1-09abd]:main():lattice-oracle.cc:318) %WER 0 [ 0 / 4, 0 insertions, 0 deletions, 0 sub ]
LOG (lattice-oracle[5.5.480~1-09abd]:main():lattice-oracle.cc:332) For utterance M468212920-250601934_115210-468285317_1569924772-GB-M-005, best cost 0
Lattice M468212920-250601934_115210-468285317_1569924772-GB-M-007 read.
LOG (lattice-oracle[5.5.480~1-09abd]:main():lattice-oracle.cc:318) %WER 0 [ 0 / 5, 0 insertions, 0 deletions, 0 sub ]
LOG (lattice-oracle[5.5.480~1-09abd]:main():lattice-oracle.cc:332) For utterance M468212920-250601934_115210-468285317_1569924772-GB-M-007, best cost 0
Lattice M468212920-250601934_115210-468285317_1569924772-GB-M-015 read.
LOG (lattice-oracle[5.5.480~1-09abd]:main():lattice-oracle.cc:318) %WER 0 [ 0 / 6, 0 insertions, 0 deletions, 0 sub ]
LOG (lattice-oracle[5.5.480~1-09abd]:main():lattice-oracle.cc:332) For utterance M468212920-250601934_115210-468285317_1569924772-GB-M-015, best cost 0
Lattice M468212920-250601934_115210-468285317_1569924772-GB-M-016 read.
LOG (lattice-oracle[5.5.480~1-09abd]:main():lattice-oracle.cc:318) %WER 0 [ 0 / 6, 0 insertions, 0 deletions, 0 sub ]
LOG (lattice-oracle[5.5.480~1-09abd]:main():lattice-oracle.cc:332) For utterance M468212920-250601934_115210-468285317_1569924772-GB-M-016, best cost 0
Lattice M468212920-250601934_115210-468285317_1569924772-GB-M-017 read.
LOG (lattice-oracle[5.5.480~1-09abd]:main():lattice-oracle.cc:318) %WER 0 [ 0 / 6, 0 insertions, 0 deletions, 0 sub ]
LOG (lattice-oracle[5.5.480~1-09abd]:main():lattice-oracle.cc:332) For utterance M468212920-250601934_115210-468285317_1569924772-GB-M-017, best cost 0
Lattice M468212920-250601934_115210-468285317_1569924772-GB-M-019 read.
LOG (lattice-oracle[5.5.480~1-09abd]:main():lattice-oracle.cc:318) %WER 0 [ 0 / 7, 0 insertions, 0 deletions, 0 sub ]
LOG (lattice-oracle[5.5.480~1-09abd]:main():lattice-oracle.cc:332) For utterance M468212920-250601934_115210-468285317_1569924772-GB-M-019, best cost 0
Lattice M468212920-250601934_115210-468285317_1569924772-GB-M-020 read.
LOG (lattice-oracle[5.5.480~1-09abd]:main():lattice-oracle.cc:318) %WER 0 [ 0 / 3, 0 insertions, 0 deletions, 0 sub ]
LOG (lattice-oracle[5.5.480~1-09abd]:main():lattice-oracle.cc:332) For utterance M468212920-250601934_115210-468285317_1569924772-GB-M-020, best cost 0
Lattice M468212920-250601934_115210-468285317_1569924772-GB-M-021 read.
LOG (lattice-oracle[5.5.480~1-09abd]:main():lattice-oracle.cc:318) %WER 0 [ 0 / 5, 0 insertions, 0 deletions, 0 sub ]
LOG (lattice-oracle[5.5.480~1-09abd]:main():lattice-oracle.cc:332) For utterance M468212920-250601934_115210-468285317_1569924772-GB-M-021, best cost 0
Lattice M468212920-250601934_115210-468285317_1569924772-GB-M-024 read.
LOG (lattice-oracle[5.5.480~1-09abd]:main():lattice-oracle.cc:318) %WER 0 [ 0 / 4, 0 insertions, 0 deletions, 0 sub ]
LOG (lattice-oracle[5.5.480~1-09abd]:main():lattice-oracle.cc:332) For utterance M468212920-250601934_115210-468285317_1569924772-GB-M-024, best cost 0
Lattice M468212920-250601934_115210-468285317_1569924772-GB-M-026 read.
LOG (lattice-oracle[5.5.480~1-09abd]:main():lattice-oracle.cc:318) %WER 0 [ 0 / 6, 0 insertions, 0 deletions, 0 sub ]
LOG (lattice-oracle[5.5.480~1-09abd]:main():lattice-oracle.cc:332) For utterance M468212920-250601934_115210-468285317_1569924772-GB-M-026, best cost 0
Lattice M468212920-250601934_115210-468285317_1569924772-GB-M-027 read.
LOG (lattice-oracle[5.5.480~1-09abd]:main():lattice-oracle.cc:318) %WER 0 [ 0 / 6, 0 insertions, 0 deletions, 0 sub ]
LOG (lattice-oracle[5.5.480~1-09abd]:main():lattice-oracle.cc:332) For utterance M468212920-250601934_115210-468285317_1569924772-GB-M-027, best cost 0
Lattice M468212920-250601934_115210-468285317_1569924772-GB-M-028 read.
LOG (lattice-oracle[5.5.480~1-09abd]:main():lattice-oracle.cc:318) %WER 0 [ 0 / 6, 0 insertions, 0 deletions, 0 sub ]
LOG (lattice-oracle[5.5.480~1-09abd]:main():lattice-oracle.cc:332) For utterance M468212920-250601934_115210-468285317_1569924772-GB-M-028, best cost 0
Lattice M468212920-250601934_115210-468285317_1569924772-GB-M-029 read.
LOG (lattice-oracle[5.5.480~1-09abd]:main():lattice-oracle.cc:318) %WER 0 [ 0 / 6, 0 insertions, 0 deletions, 0 sub ]
LOG (lattice-oracle[5.5.480~1-09abd]:main():lattice-oracle.cc:332) For utterance M468212920-250601934_115210-468285317_1569924772-GB-M-029, best cost 0
Lattice M468212920-250601934_115210-468285317_1569924772-GB-M-030 read.
LOG (lattice-oracle[5.5.480~1-09abd]:main():lattice-oracle.cc:318) %WER 0 [ 0 / 7, 0 insertions, 0 deletions, 0 sub ]
LOG (lattice-oracle[5.5.480~1-09abd]:main():lattice-oracle.cc:332) For utterance M468212920-250601934_115210-468285317_1569924772-GB-M-030, best cost 0
Lattice M468212920-3771377_3771377-468285317_1638881780-GB-M-001 read.
LOG (lattice-oracle[5.5.480~1-09abd]:main():lattice-oracle.cc:318) %WER 0 [ 0 / 5, 0 insertions, 0 deletions, 0 sub ]
LOG (lattice-oracle[5.5.480~1-09abd]:main():lattice-oracle.cc:332) For utterance M468212920-3771377_3771377-468285317_1638881780-GB-M-001, best cost 0
Lattice M468212920-3771377_3771377-468285317_1638881780-GB-M-002 read.
LOG (lattice-oracle[5.5.480~1-09abd]:main():lattice-oracle.cc:318) %WER 0 [ 0 / 5, 0 insertions, 0 deletions, 0 sub ]
LOG (lattice-oracle[5.5.480~1-09abd]:main():lattice-oracle.cc:332) For utterance M468212920-3771377_3771377-468285317_1638881780-GB-M-002, best cost 0
Lattice M468212920-3771377_3771377-468285317_1638881780-GB-M-003 read.
LOG (lattice-oracle[5.5.480~1-09abd]:main():lattice-oracle.cc:318) %WER 0 [ 0 / 11, 0 insertions, 0 deletions, 0 sub ]
LOG (lattice-oracle[5.5.480~1-09abd]:main():lattice-oracle.cc:332) For utterance M468212920-3771377_3771377-468285317_1638881780-GB-M-003, best cost 0
Lattice M468212920-3771377_3771377-468285317_1638881780-GB-M-004 read.
LOG (lattice-oracle[5.5.480~1-09abd]:main():lattice-oracle.cc:318) %WER 0 [ 0 / 13, 0 insertions, 0 deletions, 0 sub ]
LOG (lattice-oracle[5.5.480~1-09abd]:main():lattice-oracle.cc:332) For utterance M468212920-3771377_3771377-468285317_1638881780-GB-M-004, best cost 0
Lattice M468212920-3771377_3771377-468285317_1638881780-GB-M-005 read.
LOG (lattice-oracle[5.5.480~1-09abd]:main():lattice-oracle.cc:318) %WER 0 [ 0 / 4, 0 insertions, 0 deletions, 0 sub ]
LOG (lattice-oracle[5.5.480~1-09abd]:main():lattice-oracle.cc:332) For utterance M468212920-3771377_3771377-468285317_1638881780-GB-M-005, best cost 0
Lattice M468212920-3771377_3771377-468285317_1638881780-GB-M-006 read.
LOG (lattice-oracle[5.5.480~1-09abd]:main():lattice-oracle.cc:318) %WER 0 [ 0 / 6, 0 insertions, 0 deletions, 0 sub ]
LOG (lattice-oracle[5.5.480~1-09abd]:main():lattice-oracle.cc:332) For utterance M468212920-3771377_3771377-468285317_1638881780-GB-M-006, best cost 0
Lattice M468212920-3771377_3771377-468285317_1638881780-GB-M-007 read.
LOG (lattice-oracle[5.5.480~1-09abd]:main():lattice-oracle.cc:318) %WER 0 [ 0 / 6, 0 insertions, 0 deletions, 0 sub ]
LOG (lattice-oracle[5.5.480~1-09abd]:main():lattice-oracle.cc:332) For utterance M468212920-3771377_3771377-468285317_1638881780-GB-M-007, best cost 0
Lattice M468212920-3771377_3771377-468285317_1638881780-GB-M-008 read.
LOG (lattice-oracle[5.5.480~1-09abd]:main():lattice-oracle.cc:318) %WER 0 [ 0 / 6, 0 insertions, 0 deletions, 0 sub ]
LOG (lattice-oracle[5.5.480~1-09abd]:main():lattice-oracle.cc:332) For utterance M468212920-3771377_3771377-468285317_1638881780-GB-M-008, best cost 0
Lattice M468212920-3771377_3771377-468285317_1638881780-GB-M-009 read.
LOG (lattice-oracle[5.5.480~1-09abd]:main():lattice-oracle.cc:318) %WER 2.94118 [ 1 / 34, 1 insertions, 0 deletions, 0 sub ]
LOG (lattice-oracle[5.5.480~1-09abd]:main():lattice-oracle.cc:332) For utterance M468212920-3771377_3771377-468285317_1638881780-GB-M-009, best cost 1
Lattice M468212920-3771377_3771377-468285317_1638881780-GB-M-014 read.
LOG (lattice-oracle[5.5.480~1-09abd]:main():lattice-oracle.cc:318) %WER 0 [ 0 / 3, 0 insertions, 0 deletions, 0 sub ]
LOG (lattice-oracle[5.5.480~1-09abd]:main():lattice-oracle.cc:332) For utterance M468212920-3771377_3771377-468285317_1638881780-GB-M-014, best cost 0
Lattice M468212920-3771377_3771377-468285317_1638881780-GB-M-028 read.
LOG (lattice-oracle[5.5.480~1-09abd]:main():lattice-oracle.cc:318) %WER 100 [ 1 / 1, 1 insertions, 0 deletions, 0 sub ]
LOG (lattice-oracle[5.5.480~1-09abd]:main():lattice-oracle.cc:332) For utterance M468212920-3771377_3771377-468285317_1638881780-GB-M-028, best cost 1
Lattice M468212920-3771377_3771377-468285317_1638881780-GB-M-031 read.
LOG (lattice-oracle[5.5.480~1-09abd]:main():lattice-oracle.cc:318) %WER 0 [ 0 / 6, 0 insertions, 0 deletions, 0 sub ]
LOG (lattice-oracle[5.5.480~1-09abd]:main():lattice-oracle.cc:332) For utterance M468212920-3771377_3771377-468285317_1638881780-GB-M-031, best cost 0
Lattice M468212920-3771377_3771377-468285317_1638881780-GB-M-032 read.
LOG (lattice-oracle[5.5.480~1-09abd]:main():lattice-oracle.cc:318) %WER 0 [ 0 / 6, 0 insertions, 0 deletions, 0 sub ]
LOG (lattice-oracle[5.5.480~1-09abd]:main():lattice-oracle.cc:332) For utterance M468212920-3771377_3771377-468285317_1638881780-GB-M-032, best cost 0
Lattice M468212920-3771377_3771377-468285317_1638881780-GB-M-033 read.
LOG (lattice-oracle[5.5.480~1-09abd]:main():lattice-oracle.cc:318) %WER 13.3333 [ 2 / 15, 2 insertions, 0 deletions, 0 sub ]
LOG (lattice-oracle[5.5.480~1-09abd]:main():lattice-oracle.cc:332) For utterance M468212920-3771377_3771377-468285317_1638881780-GB-M-033, best cost 2
Lattice M468212920-3771377_3771377-468285317_1638881780-GB-M-035 read.
LOG (lattice-oracle[5.5.480~1-09abd]:main():lattice-oracle.cc:318) %WER 0 [ 0 / 3, 0 insertions, 0 deletions, 0 sub ]
LOG (lattice-oracle[5.5.480~1-09abd]:main():lattice-oracle.cc:332) For utterance M468212920-3771377_3771377-468285317_1638881780-GB-M-035, best cost 0
Lattice M468212920-3771377_3771377-468285317_1638881780-GB-M-037 read.
LOG (lattice-oracle[5.5.480~1-09abd]:main():lattice-oracle.cc:318) %WER 0 [ 0 / 5, 0 insertions, 0 deletions, 0 sub ]
LOG (lattice-oracle[5.5.480~1-09abd]:main():lattice-oracle.cc:332) For utterance M468212920-3771377_3771377-468285317_1638881780-GB-M-037, best cost 0
Lattice M468212920-3771377_3771377-468285317_1638881780-GB-M-038 read.
LOG (lattice-oracle[5.5.480~1-09abd]:main():lattice-oracle.cc:318) %WER 75 [ 3 / 4, 2 insertions, 0 deletions, 1 sub ]
LOG (lattice-oracle[5.5.480~1-09abd]:main():lattice-oracle.cc:332) For utterance M468212920-3771377_3771377-468285317_1638881780-GB-M-038, best cost 3
Lattice M468212920-3771377_3771377-468285317_1638881780-GB-M-039 read.
LOG (lattice-oracle[5.5.480~1-09abd]:main():lattice-oracle.cc:318) %WER 0 [ 0 / 8, 0 insertions, 0 deletions, 0 sub ]
LOG (lattice-oracle[5.5.480~1-09abd]:main():lattice-oracle.cc:332) For utterance M468212920-3771377_3771377-468285317_1638881780-GB-M-039, best cost 0
Lattice M468212920-3771377_3771377-468285317_1638881780-GB-M-040 read.
LOG (lattice-oracle[5.5.480~1-09abd]:main():lattice-oracle.cc:318) %WER 0 [ 0 / 6, 0 insertions, 0 deletions, 0 sub ]
LOG (lattice-oracle[5.5.480~1-09abd]:main():lattice-oracle.cc:332) For utterance M468212920-3771377_3771377-468285317_1638881780-GB-M-040, best cost 0
Lattice M468212920-3771377_3771377-468285317_1638881780-GB-M-041 read.
LOG (lattice-oracle[5.5.480~1-09abd]:main():lattice-oracle.cc:318) %WER 0 [ 0 / 1, 0 insertions, 0 deletions, 0 sub ]
LOG (lattice-oracle[5.5.480~1-09abd]:main():lattice-oracle.cc:332) For utterance M468212920-3771377_3771377-468285317_1638881780-GB-M-041, best cost 0
LOG (lattice-oracle[5.5.480~1-09abd]:main():lattice-oracle.cc:383) Overall %WER 10.8412 [ 299 / 2758, 63 insertions, 200 deletions, 36 substitutions ]
LOG (lattice-oracle[5.5.480~1-09abd]:main():lattice-oracle.cc:387) Scored 248 lattices, 0 not present in ref.
# Accounting: time=1 threads=1
# Ended (code 0) at Tue Sep 10 15:05:00 BST 2019, elapsed time 1 seconds
