# lattice-oracle "--write-lattices=ark:|gzip -c > exp/tri3b_cleaned/lattice_oracle/lat.27.gz" "ark:gunzip -c exp/tri3b_cleaned/lats/lat.27.gz |" "ark:utils/sym2int.pl --map-oov 239 -f 2- data/lang/words.txt data/train1/split40/27/text|" ark,t:- | utils/int2sym.pl -f 2- data/lang/words.txt > exp/tri3b_cleaned/lattice_oracle/oracle_hyp.27.txt 
# Started at Tue Sep 10 15:04:55 BST 2019
#
lattice-oracle '--write-lattices=ark:|gzip -c > exp/tri3b_cleaned/lattice_oracle/lat.27.gz' 'ark:gunzip -c exp/tri3b_cleaned/lats/lat.27.gz |' 'ark:utils/sym2int.pl --map-oov 239 -f 2- data/lang/words.txt data/train1/split40/27/text|' ark,t:- 
Lattice M196219813-3769865_3769865-433972080_175130667-GB-M-001 read.
sym2int.pl: replacing OOOOOH with 239
sym2int.pl: replacing OHH with 239
sym2int.pl: replacing CONESSTUDIO with 239
sym2int.pl: replacing SIDEMEN with 239
sym2int.pl: replacing GOOK with 239
sym2int.pl: replacing SIDEMAN with 239
sym2int.pl: replacing SNIFFS with 239
sym2int.pl: replacing SKET with 239
sym2int.pl: replacing SUBS with 239
sym2int.pl: replacing CHRISMD with 239
sym2int.pl: replacing SKET with 239
sym2int.pl: replacing PEDO with 239
** Replaced 12 instances of OOVs with 239
LOG (lattice-oracle[5.5.480~1-09abd]:main():lattice-oracle.cc:318) %WER 88.2353 [ 15 / 17, 0 insertions, 14 deletions, 1 sub ]
LOG (lattice-oracle[5.5.480~1-09abd]:main():lattice-oracle.cc:332) For utterance M196219813-3769865_3769865-433972080_175130667-GB-M-001, best cost 15
Lattice M196219813-3769865_3769865-433972080_175130667-GB-M-003 read.
LOG (lattice-oracle[5.5.480~1-09abd]:main():lattice-oracle.cc:318) %WER 84.2105 [ 16 / 19, 0 insertions, 14 deletions, 2 sub ]
LOG (lattice-oracle[5.5.480~1-09abd]:main():lattice-oracle.cc:332) For utterance M196219813-3769865_3769865-433972080_175130667-GB-M-003, best cost 16
Lattice M196219813-3769865_3769865-433972080_175130667-GB-M-006 read.
LOG (lattice-oracle[5.5.480~1-09abd]:main():lattice-oracle.cc:318) %WER 72.7273 [ 8 / 11, 0 insertions, 5 deletions, 3 sub ]
LOG (lattice-oracle[5.5.480~1-09abd]:main():lattice-oracle.cc:332) For utterance M196219813-3769865_3769865-433972080_175130667-GB-M-006, best cost 8
Lattice M196219813-3769865_3769865-433972080_175130667-GB-M-007 read.
LOG (lattice-oracle[5.5.480~1-09abd]:main():lattice-oracle.cc:318) %WER 72.7273 [ 8 / 11, 0 insertions, 7 deletions, 1 sub ]
LOG (lattice-oracle[5.5.480~1-09abd]:main():lattice-oracle.cc:332) For utterance M196219813-3769865_3769865-433972080_175130667-GB-M-007, best cost 8
Lattice M196219813-3769865_3769865-433972080_175130667-GB-M-009 read.
LOG (lattice-oracle[5.5.480~1-09abd]:main():lattice-oracle.cc:318) %WER 0 [ 0 / 9, 0 insertions, 0 deletions, 0 sub ]
LOG (lattice-oracle[5.5.480~1-09abd]:main():lattice-oracle.cc:332) For utterance M196219813-3769865_3769865-433972080_175130667-GB-M-009, best cost 0
Lattice M196219813-3769865_3769865-433972080_175130667-GB-M-012 read.
LOG (lattice-oracle[5.5.480~1-09abd]:main():lattice-oracle.cc:318) %WER 75 [ 12 / 16, 0 insertions, 11 deletions, 1 sub ]
LOG (lattice-oracle[5.5.480~1-09abd]:main():lattice-oracle.cc:332) For utterance M196219813-3769865_3769865-433972080_175130667-GB-M-012, best cost 12
Lattice M196219813-3769865_3769865-433972080_175130667-GB-M-014 read.
LOG (lattice-oracle[5.5.480~1-09abd]:main():lattice-oracle.cc:318) %WER 75 [ 9 / 12, 0 insertions, 8 deletions, 1 sub ]
LOG (lattice-oracle[5.5.480~1-09abd]:main():lattice-oracle.cc:332) For utterance M196219813-3769865_3769865-433972080_175130667-GB-M-014, best cost 9
Lattice M196219813-3769865_3769865-433972080_175130667-GB-M-017 read.
LOG (lattice-oracle[5.5.480~1-09abd]:main():lattice-oracle.cc:318) %WER 25 [ 1 / 4, 0 insertions, 1 deletions, 0 sub ]
LOG (lattice-oracle[5.5.480~1-09abd]:main():lattice-oracle.cc:332) For utterance M196219813-3769865_3769865-433972080_175130667-GB-M-017, best cost 1
Lattice M196219813-3769865_3769865-433972080_175130667-GB-M-019 read.
LOG (lattice-oracle[5.5.480~1-09abd]:main():lattice-oracle.cc:318) %WER 12.5 [ 1 / 8, 0 insertions, 1 deletions, 0 sub ]
LOG (lattice-oracle[5.5.480~1-09abd]:main():lattice-oracle.cc:332) For utterance M196219813-3769865_3769865-433972080_175130667-GB-M-019, best cost 1
Lattice M196219813-3769865_3769865-433972080_175130667-GB-M-020 read.
LOG (lattice-oracle[5.5.480~1-09abd]:main():lattice-oracle.cc:318) %WER 48 [ 24 / 50, 0 insertions, 21 deletions, 3 sub ]
LOG (lattice-oracle[5.5.480~1-09abd]:main():lattice-oracle.cc:332) For utterance M196219813-3769865_3769865-433972080_175130667-GB-M-020, best cost 24
Lattice M196219813-3769865_3769865-433972080_175130667-GB-M-026 read.
LOG (lattice-oracle[5.5.480~1-09abd]:main():lattice-oracle.cc:318) %WER 68.75 [ 11 / 16, 0 insertions, 10 deletions, 1 sub ]
LOG (lattice-oracle[5.5.480~1-09abd]:main():lattice-oracle.cc:332) For utterance M196219813-3769865_3769865-433972080_175130667-GB-M-026, best cost 11
Lattice M196219813-3769865_3769865-433972080_175130667-GB-M-031 read.
LOG (lattice-oracle[5.5.480~1-09abd]:main():lattice-oracle.cc:318) %WER 0 [ 0 / 10, 0 insertions, 0 deletions, 0 sub ]
LOG (lattice-oracle[5.5.480~1-09abd]:main():lattice-oracle.cc:332) For utterance M196219813-3769865_3769865-433972080_175130667-GB-M-031, best cost 0
Lattice M196219813-3769865_3769865-433972080_175130667-GB-M-040 read.
LOG (lattice-oracle[5.5.480~1-09abd]:main():lattice-oracle.cc:318) %WER 33.3333 [ 1 / 3, 0 insertions, 1 deletions, 0 sub ]
LOG (lattice-oracle[5.5.480~1-09abd]:main():lattice-oracle.cc:332) For utterance M196219813-3769865_3769865-433972080_175130667-GB-M-040, best cost 1
Lattice M196219813-3769865_3769865-433972080_175130667-GB-M-042 read.
LOG (lattice-oracle[5.5.480~1-09abd]:main():lattice-oracle.cc:318) %WER 31.25 [ 5 / 16, 0 insertions, 5 deletions, 0 sub ]
LOG (lattice-oracle[5.5.480~1-09abd]:main():lattice-oracle.cc:332) For utterance M196219813-3769865_3769865-433972080_175130667-GB-M-042, best cost 5
Lattice M196219813-3769865_3769865-433972080_175130667-GB-M-047 read.
LOG (lattice-oracle[5.5.480~1-09abd]:main():lattice-oracle.cc:318) %WER 0 [ 0 / 3, 0 insertions, 0 deletions, 0 sub ]
LOG (lattice-oracle[5.5.480~1-09abd]:main():lattice-oracle.cc:332) For utterance M196219813-3769865_3769865-433972080_175130667-GB-M-047, best cost 0
Lattice M214082593-81321499_1762962-820367312_1561145624-GB-M-001 read.
LOG (lattice-oracle[5.5.480~1-09abd]:main():lattice-oracle.cc:318) %WER 0 [ 0 / 6, 0 insertions, 0 deletions, 0 sub ]
LOG (lattice-oracle[5.5.480~1-09abd]:main():lattice-oracle.cc:332) For utterance M214082593-81321499_1762962-820367312_1561145624-GB-M-001, best cost 0
Lattice M214082593-81321499_1762962-820367312_1561145624-GB-M-002 read.
LOG (lattice-oracle[5.5.480~1-09abd]:main():lattice-oracle.cc:318) %WER 0 [ 0 / 6, 0 insertions, 0 deletions, 0 sub ]
LOG (lattice-oracle[5.5.480~1-09abd]:main():lattice-oracle.cc:332) For utterance M214082593-81321499_1762962-820367312_1561145624-GB-M-002, best cost 0
Lattice M214082593-81321499_1762962-820367312_1561145624-GB-M-003 read.
LOG (lattice-oracle[5.5.480~1-09abd]:main():lattice-oracle.cc:318) %WER 0 [ 0 / 8, 0 insertions, 0 deletions, 0 sub ]
LOG (lattice-oracle[5.5.480~1-09abd]:main():lattice-oracle.cc:332) For utterance M214082593-81321499_1762962-820367312_1561145624-GB-M-003, best cost 0
Lattice M214082593-81321499_1762962-820367312_1561145624-GB-M-005 read.
LOG (lattice-oracle[5.5.480~1-09abd]:main():lattice-oracle.cc:318) %WER 0 [ 0 / 7, 0 insertions, 0 deletions, 0 sub ]
LOG (lattice-oracle[5.5.480~1-09abd]:main():lattice-oracle.cc:332) For utterance M214082593-81321499_1762962-820367312_1561145624-GB-M-005, best cost 0
Lattice M214082593-81321499_1762962-820367312_1561145624-GB-M-006 read.
LOG (lattice-oracle[5.5.480~1-09abd]:main():lattice-oracle.cc:318) %WER 37.5 [ 3 / 8, 0 insertions, 3 deletions, 0 sub ]
LOG (lattice-oracle[5.5.480~1-09abd]:main():lattice-oracle.cc:332) For utterance M214082593-81321499_1762962-820367312_1561145624-GB-M-006, best cost 3
Lattice M214082593-81321499_1762962-820367312_1561145624-GB-M-007 read.
LOG (lattice-oracle[5.5.480~1-09abd]:main():lattice-oracle.cc:318) %WER 12.5 [ 1 / 8, 1 insertions, 0 deletions, 0 sub ]
LOG (lattice-oracle[5.5.480~1-09abd]:main():lattice-oracle.cc:332) For utterance M214082593-81321499_1762962-820367312_1561145624-GB-M-007, best cost 1
Lattice M214082593-81321499_1762962-820367312_1561145624-GB-M-008 read.
LOG (lattice-oracle[5.5.480~1-09abd]:main():lattice-oracle.cc:318) %WER 0 [ 0 / 8, 0 insertions, 0 deletions, 0 sub ]
LOG (lattice-oracle[5.5.480~1-09abd]:main():lattice-oracle.cc:332) For utterance M214082593-81321499_1762962-820367312_1561145624-GB-M-008, best cost 0
Lattice M214082593-81321499_1762962-820367312_1561145624-GB-M-010 read.
LOG (lattice-oracle[5.5.480~1-09abd]:main():lattice-oracle.cc:318) %WER 0 [ 0 / 10, 0 insertions, 0 deletions, 0 sub ]
LOG (lattice-oracle[5.5.480~1-09abd]:main():lattice-oracle.cc:332) For utterance M214082593-81321499_1762962-820367312_1561145624-GB-M-010, best cost 0
Lattice M214082593-81321499_1762962-820367312_1561145624-GB-M-013 read.
LOG (lattice-oracle[5.5.480~1-09abd]:main():lattice-oracle.cc:318) %WER 25 [ 2 / 8, 0 insertions, 2 deletions, 0 sub ]
LOG (lattice-oracle[5.5.480~1-09abd]:main():lattice-oracle.cc:332) For utterance M214082593-81321499_1762962-820367312_1561145624-GB-M-013, best cost 2
Lattice M214082593-81321499_1762962-820367312_1561145624-GB-M-014 read.
LOG (lattice-oracle[5.5.480~1-09abd]:main():lattice-oracle.cc:318) %WER 11.1111 [ 1 / 9, 1 insertions, 0 deletions, 0 sub ]
LOG (lattice-oracle[5.5.480~1-09abd]:main():lattice-oracle.cc:332) For utterance M214082593-81321499_1762962-820367312_1561145624-GB-M-014, best cost 1
Lattice M214082593-81321499_1762962-820367312_1561145624-GB-M-015 read.
LOG (lattice-oracle[5.5.480~1-09abd]:main():lattice-oracle.cc:318) %WER 9.09091 [ 2 / 22, 0 insertions, 2 deletions, 0 sub ]
LOG (lattice-oracle[5.5.480~1-09abd]:main():lattice-oracle.cc:332) For utterance M214082593-81321499_1762962-820367312_1561145624-GB-M-015, best cost 2
Lattice M214082593-81321499_1762962-820367312_1561145624-GB-M-018 read.
LOG (lattice-oracle[5.5.480~1-09abd]:main():lattice-oracle.cc:318) %WER 7.14286 [ 1 / 14, 1 insertions, 0 deletions, 0 sub ]
LOG (lattice-oracle[5.5.480~1-09abd]:main():lattice-oracle.cc:332) For utterance M214082593-81321499_1762962-820367312_1561145624-GB-M-018, best cost 1
Lattice M214082593-81321499_1762962-820367312_1561145624-GB-M-021 read.
LOG (lattice-oracle[5.5.480~1-09abd]:main():lattice-oracle.cc:318) %WER 13.3333 [ 2 / 15, 0 insertions, 2 deletions, 0 sub ]
LOG (lattice-oracle[5.5.480~1-09abd]:main():lattice-oracle.cc:332) For utterance M214082593-81321499_1762962-820367312_1561145624-GB-M-021, best cost 2
Lattice M214082593-81321499_1762962-820367312_1561145624-GB-M-023 read.
LOG (lattice-oracle[5.5.480~1-09abd]:main():lattice-oracle.cc:318) %WER 6.25 [ 1 / 16, 1 insertions, 0 deletions, 0 sub ]
LOG (lattice-oracle[5.5.480~1-09abd]:main():lattice-oracle.cc:332) For utterance M214082593-81321499_1762962-820367312_1561145624-GB-M-023, best cost 1
Lattice M214082593-81321499_1762962-820367312_1561145624-GB-M-025 read.
LOG (lattice-oracle[5.5.480~1-09abd]:main():lattice-oracle.cc:318) %WER 14.2857 [ 1 / 7, 1 insertions, 0 deletions, 0 sub ]
LOG (lattice-oracle[5.5.480~1-09abd]:main():lattice-oracle.cc:332) For utterance M214082593-81321499_1762962-820367312_1561145624-GB-M-025, best cost 1
Lattice M214082593-81321499_1762962-820367312_1561145624-GB-M-026 read.
LOG (lattice-oracle[5.5.480~1-09abd]:main():lattice-oracle.cc:318) %WER 0 [ 0 / 29, 0 insertions, 0 deletions, 0 sub ]
LOG (lattice-oracle[5.5.480~1-09abd]:main():lattice-oracle.cc:332) For utterance M214082593-81321499_1762962-820367312_1561145624-GB-M-026, best cost 0
Lattice M214082593-81321499_1762962-820367312_1561145624-GB-M-031 read.
LOG (lattice-oracle[5.5.480~1-09abd]:main():lattice-oracle.cc:318) %WER 0 [ 0 / 6, 0 insertions, 0 deletions, 0 sub ]
LOG (lattice-oracle[5.5.480~1-09abd]:main():lattice-oracle.cc:332) For utterance M214082593-81321499_1762962-820367312_1561145624-GB-M-031, best cost 0
Lattice M214082593-81321499_1762962-820367312_1561145624-GB-M-032 read.
LOG (lattice-oracle[5.5.480~1-09abd]:main():lattice-oracle.cc:318) %WER 30 [ 3 / 10, 0 insertions, 3 deletions, 0 sub ]
LOG (lattice-oracle[5.5.480~1-09abd]:main():lattice-oracle.cc:332) For utterance M214082593-81321499_1762962-820367312_1561145624-GB-M-032, best cost 3
Lattice M214082593-81321499_1762962-820367312_1561145624-GB-M-034 read.
LOG (lattice-oracle[5.5.480~1-09abd]:main():lattice-oracle.cc:318) %WER 10 [ 1 / 10, 0 insertions, 0 deletions, 1 sub ]
LOG (lattice-oracle[5.5.480~1-09abd]:main():lattice-oracle.cc:332) For utterance M214082593-81321499_1762962-820367312_1561145624-GB-M-034, best cost 1
Lattice M214082593-81321499_1762962-820367312_1561145624-GB-M-037 read.
LOG (lattice-oracle[5.5.480~1-09abd]:main():lattice-oracle.cc:318) %WER 12.5 [ 1 / 8, 0 insertions, 1 deletions, 0 sub ]
LOG (lattice-oracle[5.5.480~1-09abd]:main():lattice-oracle.cc:332) For utterance M214082593-81321499_1762962-820367312_1561145624-GB-M-037, best cost 1
Lattice M214082593-81321499_1762962-820367312_1561145624-GB-M-038 read.
LOG (lattice-oracle[5.5.480~1-09abd]:main():lattice-oracle.cc:318) %WER 0 [ 0 / 24, 0 insertions, 0 deletions, 0 sub ]
LOG (lattice-oracle[5.5.480~1-09abd]:main():lattice-oracle.cc:332) For utterance M214082593-81321499_1762962-820367312_1561145624-GB-M-038, best cost 0
Lattice M214082593-81321499_1762962-820367312_1561145624-GB-M-042 read.
LOG (lattice-oracle[5.5.480~1-09abd]:main():lattice-oracle.cc:318) %WER 0 [ 0 / 3, 0 insertions, 0 deletions, 0 sub ]
LOG (lattice-oracle[5.5.480~1-09abd]:main():lattice-oracle.cc:332) For utterance M214082593-81321499_1762962-820367312_1561145624-GB-M-042, best cost 0
Lattice M214082593-81321499_1762962-820367312_1561145624-GB-M-043 read.
LOG (lattice-oracle[5.5.480~1-09abd]:main():lattice-oracle.cc:318) %WER 22.2222 [ 2 / 9, 0 insertions, 2 deletions, 0 sub ]
LOG (lattice-oracle[5.5.480~1-09abd]:main():lattice-oracle.cc:332) For utterance M214082593-81321499_1762962-820367312_1561145624-GB-M-043, best cost 2
Lattice M214082593-81321499_1762962-820367312_1561145624-GB-M-046 read.
LOG (lattice-oracle[5.5.480~1-09abd]:main():lattice-oracle.cc:318) %WER 0 [ 0 / 24, 0 insertions, 0 deletions, 0 sub ]
LOG (lattice-oracle[5.5.480~1-09abd]:main():lattice-oracle.cc:332) For utterance M214082593-81321499_1762962-820367312_1561145624-GB-M-046, best cost 0
Lattice M214082593-81321499_1762962-820367312_1561145624-GB-M-049 read.
LOG (lattice-oracle[5.5.480~1-09abd]:main():lattice-oracle.cc:318) %WER 0 [ 0 / 7, 0 insertions, 0 deletions, 0 sub ]
LOG (lattice-oracle[5.5.480~1-09abd]:main():lattice-oracle.cc:332) For utterance M214082593-81321499_1762962-820367312_1561145624-GB-M-049, best cost 0
Lattice M214082593-81321499_1762962-820367312_1561145624-GB-M-050 read.
LOG (lattice-oracle[5.5.480~1-09abd]:main():lattice-oracle.cc:318) %WER 0 [ 0 / 29, 0 insertions, 0 deletions, 0 sub ]
LOG (lattice-oracle[5.5.480~1-09abd]:main():lattice-oracle.cc:332) For utterance M214082593-81321499_1762962-820367312_1561145624-GB-M-050, best cost 0
Lattice M214082593-81321499_1762962-820367312_1561145624-GB-M-055 read.
LOG (lattice-oracle[5.5.480~1-09abd]:main():lattice-oracle.cc:318) %WER 0 [ 0 / 8, 0 insertions, 0 deletions, 0 sub ]
LOG (lattice-oracle[5.5.480~1-09abd]:main():lattice-oracle.cc:332) For utterance M214082593-81321499_1762962-820367312_1561145624-GB-M-055, best cost 0
Lattice M214082593-81321499_1762962-820367312_1561145624-GB-M-056 read.
LOG (lattice-oracle[5.5.480~1-09abd]:main():lattice-oracle.cc:318) %WER 0 [ 0 / 16, 0 insertions, 0 deletions, 0 sub ]
LOG (lattice-oracle[5.5.480~1-09abd]:main():lattice-oracle.cc:332) For utterance M214082593-81321499_1762962-820367312_1561145624-GB-M-056, best cost 0
Lattice M214082593-81321499_1762962-820367312_1561145624-GB-M-058 read.
LOG (lattice-oracle[5.5.480~1-09abd]:main():lattice-oracle.cc:318) %WER 0 [ 0 / 7, 0 insertions, 0 deletions, 0 sub ]
LOG (lattice-oracle[5.5.480~1-09abd]:main():lattice-oracle.cc:332) For utterance M214082593-81321499_1762962-820367312_1561145624-GB-M-058, best cost 0
Lattice M214082593-81321499_1762962-820367312_1561145624-GB-M-059 read.
LOG (lattice-oracle[5.5.480~1-09abd]:main():lattice-oracle.cc:318) %WER 25 [ 2 / 8, 0 insertions, 2 deletions, 0 sub ]
LOG (lattice-oracle[5.5.480~1-09abd]:main():lattice-oracle.cc:332) For utterance M214082593-81321499_1762962-820367312_1561145624-GB-M-059, best cost 2
Lattice M214082593-81321499_1762962-820367312_1561145624-GB-M-060 read.
LOG (lattice-oracle[5.5.480~1-09abd]:main():lattice-oracle.cc:318) %WER 7.14286 [ 1 / 14, 1 insertions, 0 deletions, 0 sub ]
LOG (lattice-oracle[5.5.480~1-09abd]:main():lattice-oracle.cc:332) For utterance M214082593-81321499_1762962-820367312_1561145624-GB-M-060, best cost 1
Lattice M214082593-81321499_1762962-820367312_1561145624-GB-M-063 read.
LOG (lattice-oracle[5.5.480~1-09abd]:main():lattice-oracle.cc:318) %WER 0 [ 0 / 7, 0 insertions, 0 deletions, 0 sub ]
LOG (lattice-oracle[5.5.480~1-09abd]:main():lattice-oracle.cc:332) For utterance M214082593-81321499_1762962-820367312_1561145624-GB-M-063, best cost 0
Lattice M214082593-81321499_1762962-820367312_1561145624-GB-M-064 read.
LOG (lattice-oracle[5.5.480~1-09abd]:main():lattice-oracle.cc:318) %WER 10 [ 1 / 10, 0 insertions, 1 deletions, 0 sub ]
LOG (lattice-oracle[5.5.480~1-09abd]:main():lattice-oracle.cc:332) For utterance M214082593-81321499_1762962-820367312_1561145624-GB-M-064, best cost 1
Lattice M214082593-81321499_1762962-820367312_1561145624-GB-M-066 read.
LOG (lattice-oracle[5.5.480~1-09abd]:main():lattice-oracle.cc:318) %WER 0 [ 0 / 9, 0 insertions, 0 deletions, 0 sub ]
LOG (lattice-oracle[5.5.480~1-09abd]:main():lattice-oracle.cc:332) For utterance M214082593-81321499_1762962-820367312_1561145624-GB-M-066, best cost 0
Lattice M214082593-81321499_1762962-820367312_1561145624-GB-M-068 read.
LOG (lattice-oracle[5.5.480~1-09abd]:main():lattice-oracle.cc:318) %WER 12.5 [ 1 / 8, 1 insertions, 0 deletions, 0 sub ]
LOG (lattice-oracle[5.5.480~1-09abd]:main():lattice-oracle.cc:332) For utterance M214082593-81321499_1762962-820367312_1561145624-GB-M-068, best cost 1
Lattice M214082593-81321499_1762962-820367312_1561145624-GB-M-071 read.
LOG (lattice-oracle[5.5.480~1-09abd]:main():lattice-oracle.cc:318) %WER 25 [ 1 / 4, 1 insertions, 0 deletions, 0 sub ]
LOG (lattice-oracle[5.5.480~1-09abd]:main():lattice-oracle.cc:332) For utterance M214082593-81321499_1762962-820367312_1561145624-GB-M-071, best cost 1
Lattice M214082593-81321499_1762962-820367312_1561145624-GB-M-072 read.
LOG (lattice-oracle[5.5.480~1-09abd]:main():lattice-oracle.cc:318) %WER 0 [ 0 / 24, 0 insertions, 0 deletions, 0 sub ]
LOG (lattice-oracle[5.5.480~1-09abd]:main():lattice-oracle.cc:332) For utterance M214082593-81321499_1762962-820367312_1561145624-GB-M-072, best cost 0
Lattice M214082593-81321499_1762962-820367312_1561145624-GB-M-075 read.
LOG (lattice-oracle[5.5.480~1-09abd]:main():lattice-oracle.cc:318) %WER 0 [ 0 / 7, 0 insertions, 0 deletions, 0 sub ]
LOG (lattice-oracle[5.5.480~1-09abd]:main():lattice-oracle.cc:332) For utterance M214082593-81321499_1762962-820367312_1561145624-GB-M-075, best cost 0
Lattice M214082593-81321499_1762962-820367312_1561145624-GB-M-076 read.
LOG (lattice-oracle[5.5.480~1-09abd]:main():lattice-oracle.cc:318) %WER 37.5 [ 3 / 8, 0 insertions, 2 deletions, 1 sub ]
LOG (lattice-oracle[5.5.480~1-09abd]:main():lattice-oracle.cc:332) For utterance M214082593-81321499_1762962-820367312_1561145624-GB-M-076, best cost 3
Lattice M214082593-81321499_1762962-820367312_1561145624-GB-M-077 read.
LOG (lattice-oracle[5.5.480~1-09abd]:main():lattice-oracle.cc:318) %WER 7.14286 [ 1 / 14, 1 insertions, 0 deletions, 0 sub ]
LOG (lattice-oracle[5.5.480~1-09abd]:main():lattice-oracle.cc:332) For utterance M214082593-81321499_1762962-820367312_1561145624-GB-M-077, best cost 1
Lattice M214082593-81321499_1762962-820367312_1561145624-GB-M-080 read.
LOG (lattice-oracle[5.5.480~1-09abd]:main():lattice-oracle.cc:318) %WER 0 [ 0 / 7, 0 insertions, 0 deletions, 0 sub ]
LOG (lattice-oracle[5.5.480~1-09abd]:main():lattice-oracle.cc:332) For utterance M214082593-81321499_1762962-820367312_1561145624-GB-M-080, best cost 0
Lattice M214082593-81321499_1762962-820367312_1561145624-GB-M-081 read.
LOG (lattice-oracle[5.5.480~1-09abd]:main():lattice-oracle.cc:318) %WER 0 [ 0 / 24, 0 insertions, 0 deletions, 0 sub ]
LOG (lattice-oracle[5.5.480~1-09abd]:main():lattice-oracle.cc:332) For utterance M214082593-81321499_1762962-820367312_1561145624-GB-M-081, best cost 0
Lattice M214082593-81321499_1762962-820367312_1561145624-GB-M-084 read.
LOG (lattice-oracle[5.5.480~1-09abd]:main():lattice-oracle.cc:318) %WER 0 [ 0 / 7, 0 insertions, 0 deletions, 0 sub ]
LOG (lattice-oracle[5.5.480~1-09abd]:main():lattice-oracle.cc:332) For utterance M214082593-81321499_1762962-820367312_1561145624-GB-M-084, best cost 0
Lattice M214082593-81321499_1762962-820367312_1561145624-GB-M-085 read.
LOG (lattice-oracle[5.5.480~1-09abd]:main():lattice-oracle.cc:318) %WER 0 [ 0 / 22, 0 insertions, 0 deletions, 0 sub ]
LOG (lattice-oracle[5.5.480~1-09abd]:main():lattice-oracle.cc:332) For utterance M214082593-81321499_1762962-820367312_1561145624-GB-M-085, best cost 0
Lattice M214082593-81321499_1762962-820367312_1561145624-GB-M-088 read.
LOG (lattice-oracle[5.5.480~1-09abd]:main():lattice-oracle.cc:318) %WER 0 [ 0 / 7, 0 insertions, 0 deletions, 0 sub ]
LOG (lattice-oracle[5.5.480~1-09abd]:main():lattice-oracle.cc:332) For utterance M214082593-81321499_1762962-820367312_1561145624-GB-M-088, best cost 0
Lattice M225144385-3769676_3769676-225142691_1657532814-GB-M-001 read.
LOG (lattice-oracle[5.5.480~1-09abd]:main():lattice-oracle.cc:318) %WER 0 [ 0 / 29, 0 insertions, 0 deletions, 0 sub ]
LOG (lattice-oracle[5.5.480~1-09abd]:main():lattice-oracle.cc:332) For utterance M225144385-3769676_3769676-225142691_1657532814-GB-M-001, best cost 0
Lattice M225144385-3769676_3769676-225142691_1657532814-GB-M-005 read.
LOG (lattice-oracle[5.5.480~1-09abd]:main():lattice-oracle.cc:318) %WER 0 [ 0 / 12, 0 insertions, 0 deletions, 0 sub ]
LOG (lattice-oracle[5.5.480~1-09abd]:main():lattice-oracle.cc:332) For utterance M225144385-3769676_3769676-225142691_1657532814-GB-M-005, best cost 0
Lattice M225144385-3769676_3769676-225142691_1657532814-GB-M-006 read.
LOG (lattice-oracle[5.5.480~1-09abd]:main():lattice-oracle.cc:318) %WER 0 [ 0 / 12, 0 insertions, 0 deletions, 0 sub ]
LOG (lattice-oracle[5.5.480~1-09abd]:main():lattice-oracle.cc:332) For utterance M225144385-3769676_3769676-225142691_1657532814-GB-M-006, best cost 0
Lattice M225144385-3769676_3769676-225142691_1657532814-GB-M-007 read.
LOG (lattice-oracle[5.5.480~1-09abd]:main():lattice-oracle.cc:318) %WER 0 [ 0 / 11, 0 insertions, 0 deletions, 0 sub ]
LOG (lattice-oracle[5.5.480~1-09abd]:main():lattice-oracle.cc:332) For utterance M225144385-3769676_3769676-225142691_1657532814-GB-M-007, best cost 0
Lattice M225144385-3769676_3769676-225142691_1657532814-GB-M-009 read.
LOG (lattice-oracle[5.5.480~1-09abd]:main():lattice-oracle.cc:318) %WER 0 [ 0 / 16, 0 insertions, 0 deletions, 0 sub ]
LOG (lattice-oracle[5.5.480~1-09abd]:main():lattice-oracle.cc:332) For utterance M225144385-3769676_3769676-225142691_1657532814-GB-M-009, best cost 0
Lattice M225144385-3769676_3769676-225142691_1657532814-GB-M-011 read.
LOG (lattice-oracle[5.5.480~1-09abd]:main():lattice-oracle.cc:318) %WER 0 [ 0 / 36, 0 insertions, 0 deletions, 0 sub ]
LOG (lattice-oracle[5.5.480~1-09abd]:main():lattice-oracle.cc:332) For utterance M225144385-3769676_3769676-225142691_1657532814-GB-M-011, best cost 0
Lattice M225144385-3769676_3769676-225142691_1657532814-GB-M-016 read.
LOG (lattice-oracle[5.5.480~1-09abd]:main():lattice-oracle.cc:318) %WER 0 [ 0 / 11, 0 insertions, 0 deletions, 0 sub ]
LOG (lattice-oracle[5.5.480~1-09abd]:main():lattice-oracle.cc:332) For utterance M225144385-3769676_3769676-225142691_1657532814-GB-M-016, best cost 0
Lattice M225144385-3769676_3769676-225142691_1657532814-GB-M-017 read.
LOG (lattice-oracle[5.5.480~1-09abd]:main():lattice-oracle.cc:318) %WER 0 [ 0 / 26, 0 insertions, 0 deletions, 0 sub ]
LOG (lattice-oracle[5.5.480~1-09abd]:main():lattice-oracle.cc:332) For utterance M225144385-3769676_3769676-225142691_1657532814-GB-M-017, best cost 0
Lattice M225144385-3769676_3769676-225142691_1657532814-GB-M-019 read.
LOG (lattice-oracle[5.5.480~1-09abd]:main():lattice-oracle.cc:318) %WER 0 [ 0 / 11, 0 insertions, 0 deletions, 0 sub ]
LOG (lattice-oracle[5.5.480~1-09abd]:main():lattice-oracle.cc:332) For utterance M225144385-3769676_3769676-225142691_1657532814-GB-M-019, best cost 0
Lattice M225144385-3769676_3769676-225142691_1657532814-GB-M-021 read.
LOG (lattice-oracle[5.5.480~1-09abd]:main():lattice-oracle.cc:318) %WER 0 [ 0 / 16, 0 insertions, 0 deletions, 0 sub ]
LOG (lattice-oracle[5.5.480~1-09abd]:main():lattice-oracle.cc:332) For utterance M225144385-3769676_3769676-225142691_1657532814-GB-M-021, best cost 0
Lattice M225144385-3769676_3769676-225142691_1657532814-GB-M-023 read.
LOG (lattice-oracle[5.5.480~1-09abd]:main():lattice-oracle.cc:318) %WER 0 [ 0 / 19, 0 insertions, 0 deletions, 0 sub ]
LOG (lattice-oracle[5.5.480~1-09abd]:main():lattice-oracle.cc:332) For utterance M225144385-3769676_3769676-225142691_1657532814-GB-M-023, best cost 0
Lattice M225144385-3769676_3769676-225142691_1657532814-GB-M-026 read.
LOG (lattice-oracle[5.5.480~1-09abd]:main():lattice-oracle.cc:318) %WER 0 [ 0 / 30, 0 insertions, 0 deletions, 0 sub ]
LOG (lattice-oracle[5.5.480~1-09abd]:main():lattice-oracle.cc:332) For utterance M225144385-3769676_3769676-225142691_1657532814-GB-M-026, best cost 0
Lattice M225144385-3769676_3769676-225142691_1657532814-GB-M-029 read.
LOG (lattice-oracle[5.5.480~1-09abd]:main():lattice-oracle.cc:318) %WER 0 [ 0 / 11, 0 insertions, 0 deletions, 0 sub ]
LOG (lattice-oracle[5.5.480~1-09abd]:main():lattice-oracle.cc:332) For utterance M225144385-3769676_3769676-225142691_1657532814-GB-M-029, best cost 0
Lattice M225144385-3769676_3769676-225142691_1657532814-GB-M-030 read.
LOG (lattice-oracle[5.5.480~1-09abd]:main():lattice-oracle.cc:318) %WER 0 [ 0 / 10, 0 insertions, 0 deletions, 0 sub ]
LOG (lattice-oracle[5.5.480~1-09abd]:main():lattice-oracle.cc:332) For utterance M225144385-3769676_3769676-225142691_1657532814-GB-M-030, best cost 0
Lattice M225144385-3769676_3769676-225142691_1657532814-GB-M-031 read.
LOG (lattice-oracle[5.5.480~1-09abd]:main():lattice-oracle.cc:318) %WER 0 [ 0 / 5, 0 insertions, 0 deletions, 0 sub ]
LOG (lattice-oracle[5.5.480~1-09abd]:main():lattice-oracle.cc:332) For utterance M225144385-3769676_3769676-225142691_1657532814-GB-M-031, best cost 0
Lattice M225144385-3769676_3769676-225142691_1657532814-GB-M-032 read.
LOG (lattice-oracle[5.5.480~1-09abd]:main():lattice-oracle.cc:318) %WER 0 [ 0 / 11, 0 insertions, 0 deletions, 0 sub ]
LOG (lattice-oracle[5.5.480~1-09abd]:main():lattice-oracle.cc:332) For utterance M225144385-3769676_3769676-225142691_1657532814-GB-M-032, best cost 0
Lattice M225144385-3769676_3769676-225142691_1657532814-GB-M-034 read.
LOG (lattice-oracle[5.5.480~1-09abd]:main():lattice-oracle.cc:318) %WER 0 [ 0 / 16, 0 insertions, 0 deletions, 0 sub ]
LOG (lattice-oracle[5.5.480~1-09abd]:main():lattice-oracle.cc:332) For utterance M225144385-3769676_3769676-225142691_1657532814-GB-M-034, best cost 0
Lattice M225144385-3769676_3769676-225142691_1657532814-GB-M-036 read.
LOG (lattice-oracle[5.5.480~1-09abd]:main():lattice-oracle.cc:318) %WER 0 [ 0 / 11, 0 insertions, 0 deletions, 0 sub ]
LOG (lattice-oracle[5.5.480~1-09abd]:main():lattice-oracle.cc:332) For utterance M225144385-3769676_3769676-225142691_1657532814-GB-M-036, best cost 0
Lattice M225144385-3769676_3769676-225142691_1657532814-GB-M-038 read.
LOG (lattice-oracle[5.5.480~1-09abd]:main():lattice-oracle.cc:318) %WER 0 [ 0 / 12, 0 insertions, 0 deletions, 0 sub ]
LOG (lattice-oracle[5.5.480~1-09abd]:main():lattice-oracle.cc:332) For utterance M225144385-3769676_3769676-225142691_1657532814-GB-M-038, best cost 0
Lattice M225144385-3769676_3769676-225142691_1657532814-GB-M-040 read.
LOG (lattice-oracle[5.5.480~1-09abd]:main():lattice-oracle.cc:318) %WER 0 [ 0 / 11, 0 insertions, 0 deletions, 0 sub ]
LOG (lattice-oracle[5.5.480~1-09abd]:main():lattice-oracle.cc:332) For utterance M225144385-3769676_3769676-225142691_1657532814-GB-M-040, best cost 0
Lattice M225144385-3769676_3769676-225142691_1657532814-GB-M-042 read.
LOG (lattice-oracle[5.5.480~1-09abd]:main():lattice-oracle.cc:318) %WER 0 [ 0 / 3, 0 insertions, 0 deletions, 0 sub ]
LOG (lattice-oracle[5.5.480~1-09abd]:main():lattice-oracle.cc:332) For utterance M225144385-3769676_3769676-225142691_1657532814-GB-M-042, best cost 0
Lattice M225144385-3769676_3769676-225142691_1657532814-GB-M-043 read.
LOG (lattice-oracle[5.5.480~1-09abd]:main():lattice-oracle.cc:318) %WER 0 [ 0 / 9, 0 insertions, 0 deletions, 0 sub ]
LOG (lattice-oracle[5.5.480~1-09abd]:main():lattice-oracle.cc:332) For utterance M225144385-3769676_3769676-225142691_1657532814-GB-M-043, best cost 0
Lattice M226914342-3772054_3772054-613687138_1056564183-GB-M-002 read.
LOG (lattice-oracle[5.5.480~1-09abd]:main():lattice-oracle.cc:318) %WER 0 [ 0 / 4, 0 insertions, 0 deletions, 0 sub ]
LOG (lattice-oracle[5.5.480~1-09abd]:main():lattice-oracle.cc:332) For utterance M226914342-3772054_3772054-613687138_1056564183-GB-M-002, best cost 0
Lattice M226914342-3772054_3772054-613687138_1056564183-GB-M-005 read.
LOG (lattice-oracle[5.5.480~1-09abd]:main():lattice-oracle.cc:318) %WER 0 [ 0 / 4, 0 insertions, 0 deletions, 0 sub ]
LOG (lattice-oracle[5.5.480~1-09abd]:main():lattice-oracle.cc:332) For utterance M226914342-3772054_3772054-613687138_1056564183-GB-M-005, best cost 0
Lattice M226914342-3772054_3772054-613687138_1056564183-GB-M-006 read.
LOG (lattice-oracle[5.5.480~1-09abd]:main():lattice-oracle.cc:318) %WER 0 [ 0 / 8, 0 insertions, 0 deletions, 0 sub ]
LOG (lattice-oracle[5.5.480~1-09abd]:main():lattice-oracle.cc:332) For utterance M226914342-3772054_3772054-613687138_1056564183-GB-M-006, best cost 0
Lattice M226914342-3772054_3772054-613687138_1056564183-GB-M-007 read.
LOG (lattice-oracle[5.5.480~1-09abd]:main():lattice-oracle.cc:318) %WER 0 [ 0 / 13, 0 insertions, 0 deletions, 0 sub ]
LOG (lattice-oracle[5.5.480~1-09abd]:main():lattice-oracle.cc:332) For utterance M226914342-3772054_3772054-613687138_1056564183-GB-M-007, best cost 0
Lattice M226914342-3772054_3772054-613687138_1056564183-GB-M-009 read.
LOG (lattice-oracle[5.5.480~1-09abd]:main():lattice-oracle.cc:318) %WER 0 [ 0 / 7, 0 insertions, 0 deletions, 0 sub ]
LOG (lattice-oracle[5.5.480~1-09abd]:main():lattice-oracle.cc:332) For utterance M226914342-3772054_3772054-613687138_1056564183-GB-M-009, best cost 0
Lattice M226914342-3772054_3772054-613687138_1056564183-GB-M-010 read.
LOG (lattice-oracle[5.5.480~1-09abd]:main():lattice-oracle.cc:318) %WER 0 [ 0 / 5, 0 insertions, 0 deletions, 0 sub ]
LOG (lattice-oracle[5.5.480~1-09abd]:main():lattice-oracle.cc:332) For utterance M226914342-3772054_3772054-613687138_1056564183-GB-M-010, best cost 0
Lattice M226914342-3772054_3772054-613687138_1056564183-GB-M-011 read.
LOG (lattice-oracle[5.5.480~1-09abd]:main():lattice-oracle.cc:318) %WER 0 [ 0 / 4, 0 insertions, 0 deletions, 0 sub ]
LOG (lattice-oracle[5.5.480~1-09abd]:main():lattice-oracle.cc:332) For utterance M226914342-3772054_3772054-613687138_1056564183-GB-M-011, best cost 0
Lattice M226914342-3772054_3772054-613687138_1056564183-GB-M-012 read.
LOG (lattice-oracle[5.5.480~1-09abd]:main():lattice-oracle.cc:318) %WER 0 [ 0 / 8, 0 insertions, 0 deletions, 0 sub ]
LOG (lattice-oracle[5.5.480~1-09abd]:main():lattice-oracle.cc:332) For utterance M226914342-3772054_3772054-613687138_1056564183-GB-M-012, best cost 0
Lattice M226914342-3772054_3772054-613687138_1056564183-GB-M-015 read.
LOG (lattice-oracle[5.5.480~1-09abd]:main():lattice-oracle.cc:318) %WER 0 [ 0 / 4, 0 insertions, 0 deletions, 0 sub ]
LOG (lattice-oracle[5.5.480~1-09abd]:main():lattice-oracle.cc:332) For utterance M226914342-3772054_3772054-613687138_1056564183-GB-M-015, best cost 0
Lattice M226914342-3772054_3772054-613687138_1056564183-GB-M-016 read.
LOG (lattice-oracle[5.5.480~1-09abd]:main():lattice-oracle.cc:318) %WER 0 [ 0 / 8, 0 insertions, 0 deletions, 0 sub ]
LOG (lattice-oracle[5.5.480~1-09abd]:main():lattice-oracle.cc:332) For utterance M226914342-3772054_3772054-613687138_1056564183-GB-M-016, best cost 0
Lattice M226914342-3772054_3772054-613687138_1056564183-GB-M-019 read.
LOG (lattice-oracle[5.5.480~1-09abd]:main():lattice-oracle.cc:318) %WER 0 [ 0 / 13, 0 insertions, 0 deletions, 0 sub ]
LOG (lattice-oracle[5.5.480~1-09abd]:main():lattice-oracle.cc:332) For utterance M226914342-3772054_3772054-613687138_1056564183-GB-M-019, best cost 0
Lattice M226914342-3772054_3772054-613687138_1056564183-GB-M-021 read.
LOG (lattice-oracle[5.5.480~1-09abd]:main():lattice-oracle.cc:318) %WER 0 [ 0 / 7, 0 insertions, 0 deletions, 0 sub ]
LOG (lattice-oracle[5.5.480~1-09abd]:main():lattice-oracle.cc:332) For utterance M226914342-3772054_3772054-613687138_1056564183-GB-M-021, best cost 0
Lattice M226914342-3772054_3772054-613687138_1056564183-GB-M-022 read.
LOG (lattice-oracle[5.5.480~1-09abd]:main():lattice-oracle.cc:318) %WER 50 [ 6 / 12, 0 insertions, 6 deletions, 0 sub ]
LOG (lattice-oracle[5.5.480~1-09abd]:main():lattice-oracle.cc:332) For utterance M226914342-3772054_3772054-613687138_1056564183-GB-M-022, best cost 6
Lattice M226914342-3772054_3772054-613687138_1056564183-GB-M-024 read.
LOG (lattice-oracle[5.5.480~1-09abd]:main():lattice-oracle.cc:318) %WER 46.1538 [ 6 / 13, 0 insertions, 6 deletions, 0 sub ]
LOG (lattice-oracle[5.5.480~1-09abd]:main():lattice-oracle.cc:332) For utterance M226914342-3772054_3772054-613687138_1056564183-GB-M-024, best cost 6
Lattice M226914342-3772054_3772054-613687138_1056564183-GB-M-026 read.
LOG (lattice-oracle[5.5.480~1-09abd]:main():lattice-oracle.cc:318) %WER 0 [ 0 / 6, 0 insertions, 0 deletions, 0 sub ]
LOG (lattice-oracle[5.5.480~1-09abd]:main():lattice-oracle.cc:332) For utterance M226914342-3772054_3772054-613687138_1056564183-GB-M-026, best cost 0
Lattice M226914342-3772054_3772054-613687138_1056564183-GB-M-027 read.
LOG (lattice-oracle[5.5.480~1-09abd]:main():lattice-oracle.cc:318) %WER 3.22581 [ 1 / 31, 0 insertions, 0 deletions, 1 sub ]
LOG (lattice-oracle[5.5.480~1-09abd]:main():lattice-oracle.cc:332) For utterance M226914342-3772054_3772054-613687138_1056564183-GB-M-027, best cost 1
Lattice M226914342-3772054_3772054-613687138_1056564183-GB-M-033 read.
LOG (lattice-oracle[5.5.480~1-09abd]:main():lattice-oracle.cc:318) %WER 0 [ 0 / 3, 0 insertions, 0 deletions, 0 sub ]
LOG (lattice-oracle[5.5.480~1-09abd]:main():lattice-oracle.cc:332) For utterance M226914342-3772054_3772054-613687138_1056564183-GB-M-033, best cost 0
Lattice M226914342-3772054_3772054-613687138_1056564183-GB-M-035 read.
LOG (lattice-oracle[5.5.480~1-09abd]:main():lattice-oracle.cc:318) %WER 22.2222 [ 2 / 9, 0 insertions, 2 deletions, 0 sub ]
LOG (lattice-oracle[5.5.480~1-09abd]:main():lattice-oracle.cc:332) For utterance M226914342-3772054_3772054-613687138_1056564183-GB-M-035, best cost 2
Lattice M226914342-3772054_3772054-613687138_1056564183-GB-M-037 read.
LOG (lattice-oracle[5.5.480~1-09abd]:main():lattice-oracle.cc:318) %WER 0 [ 0 / 1, 0 insertions, 0 deletions, 0 sub ]
LOG (lattice-oracle[5.5.480~1-09abd]:main():lattice-oracle.cc:332) For utterance M226914342-3772054_3772054-613687138_1056564183-GB-M-037, best cost 0
Lattice M226914342-3772054_3772054-613687138_1056564183-GB-M-039 read.
LOG (lattice-oracle[5.5.480~1-09abd]:main():lattice-oracle.cc:318) %WER 25 [ 1 / 4, 1 insertions, 0 deletions, 0 sub ]
LOG (lattice-oracle[5.5.480~1-09abd]:main():lattice-oracle.cc:332) For utterance M226914342-3772054_3772054-613687138_1056564183-GB-M-039, best cost 1
Lattice M23610024-409146418_113102-469893744_1596006722-GB-M-003 read.
LOG (lattice-oracle[5.5.480~1-09abd]:main():lattice-oracle.cc:318) %WER 0 [ 0 / 5, 0 insertions, 0 deletions, 0 sub ]
LOG (lattice-oracle[5.5.480~1-09abd]:main():lattice-oracle.cc:332) For utterance M23610024-409146418_113102-469893744_1596006722-GB-M-003, best cost 0
Lattice M23610024-409146418_113102-469893744_1596006722-GB-M-005 read.
LOG (lattice-oracle[5.5.480~1-09abd]:main():lattice-oracle.cc:318) %WER 0 [ 0 / 6, 0 insertions, 0 deletions, 0 sub ]
LOG (lattice-oracle[5.5.480~1-09abd]:main():lattice-oracle.cc:332) For utterance M23610024-409146418_113102-469893744_1596006722-GB-M-005, best cost 0
Lattice M23610024-409146418_113102-469893744_1596006722-GB-M-006 read.
LOG (lattice-oracle[5.5.480~1-09abd]:main():lattice-oracle.cc:318) %WER 6.66667 [ 1 / 15, 0 insertions, 1 deletions, 0 sub ]
LOG (lattice-oracle[5.5.480~1-09abd]:main():lattice-oracle.cc:332) For utterance M23610024-409146418_113102-469893744_1596006722-GB-M-006, best cost 1
Lattice M23610024-409146418_113102-469893744_1596006722-GB-M-010 read.
LOG (lattice-oracle[5.5.480~1-09abd]:main():lattice-oracle.cc:318) %WER 0 [ 0 / 7, 0 insertions, 0 deletions, 0 sub ]
LOG (lattice-oracle[5.5.480~1-09abd]:main():lattice-oracle.cc:332) For utterance M23610024-409146418_113102-469893744_1596006722-GB-M-010, best cost 0
Lattice M23610024-409146418_113102-469893744_1596006722-GB-M-011 read.
LOG (lattice-oracle[5.5.480~1-09abd]:main():lattice-oracle.cc:318) %WER 0 [ 0 / 14, 0 insertions, 0 deletions, 0 sub ]
LOG (lattice-oracle[5.5.480~1-09abd]:main():lattice-oracle.cc:332) For utterance M23610024-409146418_113102-469893744_1596006722-GB-M-011, best cost 0
Lattice M23610024-409146418_113102-469893744_1596006722-GB-M-014 read.
LOG (lattice-oracle[5.5.480~1-09abd]:main():lattice-oracle.cc:318) %WER 0 [ 0 / 7, 0 insertions, 0 deletions, 0 sub ]
LOG (lattice-oracle[5.5.480~1-09abd]:main():lattice-oracle.cc:332) For utterance M23610024-409146418_113102-469893744_1596006722-GB-M-014, best cost 0
Lattice M23610024-409146418_113102-469893744_1596006722-GB-M-015 read.
LOG (lattice-oracle[5.5.480~1-09abd]:main():lattice-oracle.cc:318) %WER 0 [ 0 / 7, 0 insertions, 0 deletions, 0 sub ]
LOG (lattice-oracle[5.5.480~1-09abd]:main():lattice-oracle.cc:332) For utterance M23610024-409146418_113102-469893744_1596006722-GB-M-015, best cost 0
Lattice M23610024-409146418_113102-469893744_1596006722-GB-M-016 read.
LOG (lattice-oracle[5.5.480~1-09abd]:main():lattice-oracle.cc:318) %WER 38.4615 [ 5 / 13, 0 insertions, 3 deletions, 2 sub ]
LOG (lattice-oracle[5.5.480~1-09abd]:main():lattice-oracle.cc:332) For utterance M23610024-409146418_113102-469893744_1596006722-GB-M-016, best cost 5
Lattice M23610024-409146418_113102-469893744_1596006722-GB-M-023 read.
LOG (lattice-oracle[5.5.480~1-09abd]:main():lattice-oracle.cc:318) %WER 0 [ 0 / 13, 0 insertions, 0 deletions, 0 sub ]
LOG (lattice-oracle[5.5.480~1-09abd]:main():lattice-oracle.cc:332) For utterance M23610024-409146418_113102-469893744_1596006722-GB-M-023, best cost 0
Lattice M23610024-409146418_113102-469893744_1596006722-GB-M-025 read.
LOG (lattice-oracle[5.5.480~1-09abd]:main():lattice-oracle.cc:318) %WER 71.4286 [ 15 / 21, 0 insertions, 12 deletions, 3 sub ]
LOG (lattice-oracle[5.5.480~1-09abd]:main():lattice-oracle.cc:332) For utterance M23610024-409146418_113102-469893744_1596006722-GB-M-025, best cost 15
Lattice M23610024-409146418_113102-469893744_1596006722-GB-M-029 read.
LOG (lattice-oracle[5.5.480~1-09abd]:main():lattice-oracle.cc:318) %WER 0 [ 0 / 4, 0 insertions, 0 deletions, 0 sub ]
LOG (lattice-oracle[5.5.480~1-09abd]:main():lattice-oracle.cc:332) For utterance M23610024-409146418_113102-469893744_1596006722-GB-M-029, best cost 0
Lattice M242124169-373556272_82060-825492545_1658910910-GB-M-001 read.
LOG (lattice-oracle[5.5.480~1-09abd]:main():lattice-oracle.cc:318) %WER 0 [ 0 / 20, 0 insertions, 0 deletions, 0 sub ]
LOG (lattice-oracle[5.5.480~1-09abd]:main():lattice-oracle.cc:332) For utterance M242124169-373556272_82060-825492545_1658910910-GB-M-001, best cost 0
Lattice M242124169-373556272_82060-825492545_1658910910-GB-M-006 read.
LOG (lattice-oracle[5.5.480~1-09abd]:main():lattice-oracle.cc:318) %WER 2.63158 [ 1 / 38, 0 insertions, 1 deletions, 0 sub ]
LOG (lattice-oracle[5.5.480~1-09abd]:main():lattice-oracle.cc:332) For utterance M242124169-373556272_82060-825492545_1658910910-GB-M-006, best cost 1
Lattice M242124169-373556272_82060-825492545_1658910910-GB-M-013 read.
LOG (lattice-oracle[5.5.480~1-09abd]:main():lattice-oracle.cc:318) %WER 0 [ 0 / 7, 0 insertions, 0 deletions, 0 sub ]
LOG (lattice-oracle[5.5.480~1-09abd]:main():lattice-oracle.cc:332) For utterance M242124169-373556272_82060-825492545_1658910910-GB-M-013, best cost 0
Lattice M242124169-373556272_82060-825492545_1658910910-GB-M-014 read.
LOG (lattice-oracle[5.5.480~1-09abd]:main():lattice-oracle.cc:318) %WER 0 [ 0 / 9, 0 insertions, 0 deletions, 0 sub ]
LOG (lattice-oracle[5.5.480~1-09abd]:main():lattice-oracle.cc:332) For utterance M242124169-373556272_82060-825492545_1658910910-GB-M-014, best cost 0
Lattice M242124169-373556272_82060-825492545_1658910910-GB-M-015 read.
LOG (lattice-oracle[5.5.480~1-09abd]:main():lattice-oracle.cc:318) %WER 25 [ 1 / 4, 0 insertions, 1 deletions, 0 sub ]
LOG (lattice-oracle[5.5.480~1-09abd]:main():lattice-oracle.cc:332) For utterance M242124169-373556272_82060-825492545_1658910910-GB-M-015, best cost 1
Lattice M242124169-373556272_82060-825492545_1658910910-GB-M-017 read.
LOG (lattice-oracle[5.5.480~1-09abd]:main():lattice-oracle.cc:318) %WER 0 [ 0 / 7, 0 insertions, 0 deletions, 0 sub ]
LOG (lattice-oracle[5.5.480~1-09abd]:main():lattice-oracle.cc:332) For utterance M242124169-373556272_82060-825492545_1658910910-GB-M-017, best cost 0
Lattice M242124169-373556272_82060-825492545_1658910910-GB-M-018 read.
LOG (lattice-oracle[5.5.480~1-09abd]:main():lattice-oracle.cc:318) %WER 0 [ 0 / 50, 0 insertions, 0 deletions, 0 sub ]
LOG (lattice-oracle[5.5.480~1-09abd]:main():lattice-oracle.cc:332) For utterance M242124169-373556272_82060-825492545_1658910910-GB-M-018, best cost 0
Lattice M242124169-373556272_82060-825492545_1658910910-GB-M-028 read.
LOG (lattice-oracle[5.5.480~1-09abd]:main():lattice-oracle.cc:318) %WER 0 [ 0 / 14, 0 insertions, 0 deletions, 0 sub ]
LOG (lattice-oracle[5.5.480~1-09abd]:main():lattice-oracle.cc:332) For utterance M242124169-373556272_82060-825492545_1658910910-GB-M-028, best cost 0
Lattice M242124169-373556272_82060-825492545_1658910910-GB-M-030 read.
LOG (lattice-oracle[5.5.480~1-09abd]:main():lattice-oracle.cc:318) %WER 0 [ 0 / 19, 0 insertions, 0 deletions, 0 sub ]
LOG (lattice-oracle[5.5.480~1-09abd]:main():lattice-oracle.cc:332) For utterance M242124169-373556272_82060-825492545_1658910910-GB-M-030, best cost 0
Lattice M242124169-373556272_82060-825492545_1658910910-GB-M-034 read.
LOG (lattice-oracle[5.5.480~1-09abd]:main():lattice-oracle.cc:318) %WER 0 [ 0 / 15, 0 insertions, 0 deletions, 0 sub ]
LOG (lattice-oracle[5.5.480~1-09abd]:main():lattice-oracle.cc:332) For utterance M242124169-373556272_82060-825492545_1658910910-GB-M-034, best cost 0
Lattice M242124169-373556272_82060-825492545_1658910910-GB-M-037 read.
LOG (lattice-oracle[5.5.480~1-09abd]:main():lattice-oracle.cc:318) %WER 10.3448 [ 3 / 29, 0 insertions, 3 deletions, 0 sub ]
LOG (lattice-oracle[5.5.480~1-09abd]:main():lattice-oracle.cc:332) For utterance M242124169-373556272_82060-825492545_1658910910-GB-M-037, best cost 3
Lattice M242124169-373556272_82060-825492545_1658910910-GB-M-043 read.
LOG (lattice-oracle[5.5.480~1-09abd]:main():lattice-oracle.cc:318) %WER 0 [ 0 / 9, 0 insertions, 0 deletions, 0 sub ]
LOG (lattice-oracle[5.5.480~1-09abd]:main():lattice-oracle.cc:332) For utterance M242124169-373556272_82060-825492545_1658910910-GB-M-043, best cost 0
Lattice M242124169-373556272_82060-825492545_1658910910-GB-M-044 read.
LOG (lattice-oracle[5.5.480~1-09abd]:main():lattice-oracle.cc:318) %WER 4 [ 1 / 25, 1 insertions, 0 deletions, 0 sub ]
LOG (lattice-oracle[5.5.480~1-09abd]:main():lattice-oracle.cc:332) For utterance M242124169-373556272_82060-825492545_1658910910-GB-M-044, best cost 1
Lattice M242124169-373556272_82060-825492545_1658910910-GB-M-049 read.
LOG (lattice-oracle[5.5.480~1-09abd]:main():lattice-oracle.cc:318) %WER 0 [ 0 / 46, 0 insertions, 0 deletions, 0 sub ]
LOG (lattice-oracle[5.5.480~1-09abd]:main():lattice-oracle.cc:332) For utterance M242124169-373556272_82060-825492545_1658910910-GB-M-049, best cost 0
Lattice M242124169-373556272_82060-825492545_1658910910-GB-M-058 read.
LOG (lattice-oracle[5.5.480~1-09abd]:main():lattice-oracle.cc:318) %WER 0 [ 0 / 6, 0 insertions, 0 deletions, 0 sub ]
LOG (lattice-oracle[5.5.480~1-09abd]:main():lattice-oracle.cc:332) For utterance M242124169-373556272_82060-825492545_1658910910-GB-M-058, best cost 0
Lattice M242124169-373556272_82060-825492545_1658910910-GB-M-059 read.
LOG (lattice-oracle[5.5.480~1-09abd]:main():lattice-oracle.cc:318) %WER 0 [ 0 / 18, 0 insertions, 0 deletions, 0 sub ]
LOG (lattice-oracle[5.5.480~1-09abd]:main():lattice-oracle.cc:332) For utterance M242124169-373556272_82060-825492545_1658910910-GB-M-059, best cost 0
Lattice M242124169-373556272_82060-825492545_1658910910-GB-M-063 read.
LOG (lattice-oracle[5.5.480~1-09abd]:main():lattice-oracle.cc:318) %WER 0 [ 0 / 8, 0 insertions, 0 deletions, 0 sub ]
LOG (lattice-oracle[5.5.480~1-09abd]:main():lattice-oracle.cc:332) For utterance M242124169-373556272_82060-825492545_1658910910-GB-M-063, best cost 0
Lattice M242124169-373556272_82060-825492545_1658910910-GB-M-064 read.
LOG (lattice-oracle[5.5.480~1-09abd]:main():lattice-oracle.cc:318) %WER 5.26316 [ 3 / 57, 0 insertions, 2 deletions, 1 sub ]
LOG (lattice-oracle[5.5.480~1-09abd]:main():lattice-oracle.cc:332) For utterance M242124169-373556272_82060-825492545_1658910910-GB-M-064, best cost 3
Lattice M242124169-373556272_82060-825492545_1658910910-GB-M-075 read.
LOG (lattice-oracle[5.5.480~1-09abd]:main():lattice-oracle.cc:318) %WER 0 [ 0 / 4, 0 insertions, 0 deletions, 0 sub ]
LOG (lattice-oracle[5.5.480~1-09abd]:main():lattice-oracle.cc:332) For utterance M242124169-373556272_82060-825492545_1658910910-GB-M-075, best cost 0
Lattice M242124169-373556272_82060-825492545_1658910910-GB-M-076 read.
LOG (lattice-oracle[5.5.480~1-09abd]:main():lattice-oracle.cc:318) %WER 0 [ 0 / 13, 0 insertions, 0 deletions, 0 sub ]
LOG (lattice-oracle[5.5.480~1-09abd]:main():lattice-oracle.cc:332) For utterance M242124169-373556272_82060-825492545_1658910910-GB-M-076, best cost 0
Lattice M244641265-3532868_3532868-442642167_1667856590-GB-M-001 read.
LOG (lattice-oracle[5.5.480~1-09abd]:main():lattice-oracle.cc:318) %WER 0 [ 0 / 4, 0 insertions, 0 deletions, 0 sub ]
LOG (lattice-oracle[5.5.480~1-09abd]:main():lattice-oracle.cc:332) For utterance M244641265-3532868_3532868-442642167_1667856590-GB-M-001, best cost 0
Lattice M244641265-3532868_3532868-442642167_1667856590-GB-M-002 read.
LOG (lattice-oracle[5.5.480~1-09abd]:main():lattice-oracle.cc:318) %WER 0 [ 0 / 2, 0 insertions, 0 deletions, 0 sub ]
LOG (lattice-oracle[5.5.480~1-09abd]:main():lattice-oracle.cc:332) For utterance M244641265-3532868_3532868-442642167_1667856590-GB-M-002, best cost 0
Lattice M244641265-3532868_3532868-442642167_1667856590-GB-M-003 read.
LOG (lattice-oracle[5.5.480~1-09abd]:main():lattice-oracle.cc:318) %WER 0 [ 0 / 16, 0 insertions, 0 deletions, 0 sub ]
LOG (lattice-oracle[5.5.480~1-09abd]:main():lattice-oracle.cc:332) For utterance M244641265-3532868_3532868-442642167_1667856590-GB-M-003, best cost 0
Lattice M244641265-3532868_3532868-442642167_1667856590-GB-M-007 read.
LOG (lattice-oracle[5.5.480~1-09abd]:main():lattice-oracle.cc:318) %WER 25 [ 2 / 8, 0 insertions, 2 deletions, 0 sub ]
LOG (lattice-oracle[5.5.480~1-09abd]:main():lattice-oracle.cc:332) For utterance M244641265-3532868_3532868-442642167_1667856590-GB-M-007, best cost 2
Lattice M244641265-3532868_3532868-442642167_1667856590-GB-M-009 read.
LOG (lattice-oracle[5.5.480~1-09abd]:main():lattice-oracle.cc:318) %WER 2.5 [ 2 / 80, 1 insertions, 1 deletions, 0 sub ]
LOG (lattice-oracle[5.5.480~1-09abd]:main():lattice-oracle.cc:332) For utterance M244641265-3532868_3532868-442642167_1667856590-GB-M-009, best cost 2
Lattice M244641265-3532868_3532868-442642167_1667856590-GB-M-028 read.
LOG (lattice-oracle[5.5.480~1-09abd]:main():lattice-oracle.cc:318) %WER 20 [ 1 / 5, 1 insertions, 0 deletions, 0 sub ]
LOG (lattice-oracle[5.5.480~1-09abd]:main():lattice-oracle.cc:332) For utterance M244641265-3532868_3532868-442642167_1667856590-GB-M-028, best cost 1
Lattice M244641265-3532868_3532868-442642167_1667856590-GB-M-029 read.
LOG (lattice-oracle[5.5.480~1-09abd]:main():lattice-oracle.cc:318) %WER 20 [ 1 / 5, 0 insertions, 1 deletions, 0 sub ]
LOG (lattice-oracle[5.5.480~1-09abd]:main():lattice-oracle.cc:332) For utterance M244641265-3532868_3532868-442642167_1667856590-GB-M-029, best cost 1
Lattice M244641265-3532868_3532868-442642167_1667856590-GB-M-030 read.
LOG (lattice-oracle[5.5.480~1-09abd]:main():lattice-oracle.cc:318) %WER 0 [ 0 / 21, 0 insertions, 0 deletions, 0 sub ]
LOG (lattice-oracle[5.5.480~1-09abd]:main():lattice-oracle.cc:332) For utterance M244641265-3532868_3532868-442642167_1667856590-GB-M-030, best cost 0
Lattice M244641265-3532868_3532868-442642167_1667856590-GB-M-035 read.
LOG (lattice-oracle[5.5.480~1-09abd]:main():lattice-oracle.cc:318) %WER 3.63636 [ 2 / 55, 2 insertions, 0 deletions, 0 sub ]
LOG (lattice-oracle[5.5.480~1-09abd]:main():lattice-oracle.cc:332) For utterance M244641265-3532868_3532868-442642167_1667856590-GB-M-035, best cost 2
Lattice M244641265-3532868_3532868-442642167_1667856590-GB-M-047 read.
LOG (lattice-oracle[5.5.480~1-09abd]:main():lattice-oracle.cc:318) %WER 0 [ 0 / 2, 0 insertions, 0 deletions, 0 sub ]
LOG (lattice-oracle[5.5.480~1-09abd]:main():lattice-oracle.cc:332) For utterance M244641265-3532868_3532868-442642167_1667856590-GB-M-047, best cost 0
Lattice M244641265-3532868_3532868-442642167_1667856590-GB-M-048 read.
LOG (lattice-oracle[5.5.480~1-09abd]:main():lattice-oracle.cc:318) %WER 0 [ 0 / 37, 0 insertions, 0 deletions, 0 sub ]
LOG (lattice-oracle[5.5.480~1-09abd]:main():lattice-oracle.cc:332) For utterance M244641265-3532868_3532868-442642167_1667856590-GB-M-048, best cost 0
Lattice M244641265-3532868_3532868-442642167_1667856590-GB-M-057 read.
LOG (lattice-oracle[5.5.480~1-09abd]:main():lattice-oracle.cc:318) %WER 0 [ 0 / 2, 0 insertions, 0 deletions, 0 sub ]
LOG (lattice-oracle[5.5.480~1-09abd]:main():lattice-oracle.cc:332) For utterance M244641265-3532868_3532868-442642167_1667856590-GB-M-057, best cost 0
Lattice M244641265-3532868_3532868-442642167_1667856590-GB-M-058 read.
LOG (lattice-oracle[5.5.480~1-09abd]:main():lattice-oracle.cc:318) %WER 0 [ 0 / 4, 0 insertions, 0 deletions, 0 sub ]
LOG (lattice-oracle[5.5.480~1-09abd]:main():lattice-oracle.cc:332) For utterance M244641265-3532868_3532868-442642167_1667856590-GB-M-058, best cost 0
Lattice M244641265-3532868_3532868-442642167_1667856590-GB-M-059 read.
LOG (lattice-oracle[5.5.480~1-09abd]:main():lattice-oracle.cc:318) %WER 5.71429 [ 2 / 35, 0 insertions, 0 deletions, 2 sub ]
LOG (lattice-oracle[5.5.480~1-09abd]:main():lattice-oracle.cc:332) For utterance M244641265-3532868_3532868-442642167_1667856590-GB-M-059, best cost 2
Lattice M244641265-3532868_3532868-442642167_1667856590-GB-M-065 read.
LOG (lattice-oracle[5.5.480~1-09abd]:main():lattice-oracle.cc:318) %WER 10 [ 1 / 10, 1 insertions, 0 deletions, 0 sub ]
LOG (lattice-oracle[5.5.480~1-09abd]:main():lattice-oracle.cc:332) For utterance M244641265-3532868_3532868-442642167_1667856590-GB-M-065, best cost 1
Lattice M250848004-3769524_3769524-250842820_1609785438-GB-M-001 read.
LOG (lattice-oracle[5.5.480~1-09abd]:main():lattice-oracle.cc:318) %WER 2.32558 [ 1 / 43, 0 insertions, 1 deletions, 0 sub ]
LOG (lattice-oracle[5.5.480~1-09abd]:main():lattice-oracle.cc:332) For utterance M250848004-3769524_3769524-250842820_1609785438-GB-M-001, best cost 1
Lattice M250848004-3769524_3769524-250842820_1609785438-GB-M-006 read.
LOG (lattice-oracle[5.5.480~1-09abd]:main():lattice-oracle.cc:318) %WER 0 [ 0 / 5, 0 insertions, 0 deletions, 0 sub ]
LOG (lattice-oracle[5.5.480~1-09abd]:main():lattice-oracle.cc:332) For utterance M250848004-3769524_3769524-250842820_1609785438-GB-M-006, best cost 0
Lattice M250848004-3769524_3769524-250842820_1609785438-GB-M-008 read.
LOG (lattice-oracle[5.5.480~1-09abd]:main():lattice-oracle.cc:318) %WER 0 [ 0 / 12, 0 insertions, 0 deletions, 0 sub ]
LOG (lattice-oracle[5.5.480~1-09abd]:main():lattice-oracle.cc:332) For utterance M250848004-3769524_3769524-250842820_1609785438-GB-M-008, best cost 0
Lattice M250848004-3769524_3769524-250842820_1609785438-GB-M-011 read.
LOG (lattice-oracle[5.5.480~1-09abd]:main():lattice-oracle.cc:318) %WER 0 [ 0 / 18, 0 insertions, 0 deletions, 0 sub ]
LOG (lattice-oracle[5.5.480~1-09abd]:main():lattice-oracle.cc:332) For utterance M250848004-3769524_3769524-250842820_1609785438-GB-M-011, best cost 0
Lattice M250848004-3769524_3769524-250842820_1609785438-GB-M-014 read.
LOG (lattice-oracle[5.5.480~1-09abd]:main():lattice-oracle.cc:318) %WER 0 [ 0 / 7, 0 insertions, 0 deletions, 0 sub ]
LOG (lattice-oracle[5.5.480~1-09abd]:main():lattice-oracle.cc:332) For utterance M250848004-3769524_3769524-250842820_1609785438-GB-M-014, best cost 0
Lattice M250848004-3769524_3769524-250842820_1609785438-GB-M-015 read.
LOG (lattice-oracle[5.5.480~1-09abd]:main():lattice-oracle.cc:318) %WER 23.0769 [ 3 / 13, 0 insertions, 3 deletions, 0 sub ]
LOG (lattice-oracle[5.5.480~1-09abd]:main():lattice-oracle.cc:332) For utterance M250848004-3769524_3769524-250842820_1609785438-GB-M-015, best cost 3
Lattice M250848004-3769524_3769524-250842820_1609785438-GB-M-017 read.
LOG (lattice-oracle[5.5.480~1-09abd]:main():lattice-oracle.cc:318) %WER 5.88235 [ 1 / 17, 1 insertions, 0 deletions, 0 sub ]
LOG (lattice-oracle[5.5.480~1-09abd]:main():lattice-oracle.cc:332) For utterance M250848004-3769524_3769524-250842820_1609785438-GB-M-017, best cost 1
Lattice M250848004-3769524_3769524-250842820_1609785438-GB-M-022 read.
LOG (lattice-oracle[5.5.480~1-09abd]:main():lattice-oracle.cc:318) %WER 22.2222 [ 2 / 9, 2 insertions, 0 deletions, 0 sub ]
LOG (lattice-oracle[5.5.480~1-09abd]:main():lattice-oracle.cc:332) For utterance M250848004-3769524_3769524-250842820_1609785438-GB-M-022, best cost 2
Lattice M250848004-3769524_3769524-250842820_1609785438-GB-M-027 read.
LOG (lattice-oracle[5.5.480~1-09abd]:main():lattice-oracle.cc:318) %WER 0 [ 0 / 3, 0 insertions, 0 deletions, 0 sub ]
LOG (lattice-oracle[5.5.480~1-09abd]:main():lattice-oracle.cc:332) For utterance M250848004-3769524_3769524-250842820_1609785438-GB-M-027, best cost 0
Lattice M250848004-3769524_3769524-250842820_1609785438-GB-M-028 read.
LOG (lattice-oracle[5.5.480~1-09abd]:main():lattice-oracle.cc:318) %WER 0 [ 0 / 5, 0 insertions, 0 deletions, 0 sub ]
LOG (lattice-oracle[5.5.480~1-09abd]:main():lattice-oracle.cc:332) For utterance M250848004-3769524_3769524-250842820_1609785438-GB-M-028, best cost 0
Lattice M250848004-3769524_3769524-250842820_1609785438-GB-M-030 read.
LOG (lattice-oracle[5.5.480~1-09abd]:main():lattice-oracle.cc:318) %WER 0 [ 0 / 10, 0 insertions, 0 deletions, 0 sub ]
LOG (lattice-oracle[5.5.480~1-09abd]:main():lattice-oracle.cc:332) For utterance M250848004-3769524_3769524-250842820_1609785438-GB-M-030, best cost 0
Lattice M250848004-3769524_3769524-250842820_1609785438-GB-M-032 read.
LOG (lattice-oracle[5.5.480~1-09abd]:main():lattice-oracle.cc:318) %WER 0 [ 0 / 25, 0 insertions, 0 deletions, 0 sub ]
LOG (lattice-oracle[5.5.480~1-09abd]:main():lattice-oracle.cc:332) For utterance M250848004-3769524_3769524-250842820_1609785438-GB-M-032, best cost 0
Lattice M250848004-3769524_3769524-250842820_1609785438-GB-M-039 read.
LOG (lattice-oracle[5.5.480~1-09abd]:main():lattice-oracle.cc:318) %WER 0 [ 0 / 3, 0 insertions, 0 deletions, 0 sub ]
LOG (lattice-oracle[5.5.480~1-09abd]:main():lattice-oracle.cc:332) For utterance M250848004-3769524_3769524-250842820_1609785438-GB-M-039, best cost 0
Lattice M251034790-4076299_4076299-252984518_1534173399-GB-M-003 read.
LOG (lattice-oracle[5.5.480~1-09abd]:main():lattice-oracle.cc:318) %WER 25 [ 1 / 4, 1 insertions, 0 deletions, 0 sub ]
LOG (lattice-oracle[5.5.480~1-09abd]:main():lattice-oracle.cc:332) For utterance M251034790-4076299_4076299-252984518_1534173399-GB-M-003, best cost 1
Lattice M251034790-4076299_4076299-252984518_1534173399-GB-M-005 read.
LOG (lattice-oracle[5.5.480~1-09abd]:main():lattice-oracle.cc:318) %WER 0 [ 0 / 6, 0 insertions, 0 deletions, 0 sub ]
LOG (lattice-oracle[5.5.480~1-09abd]:main():lattice-oracle.cc:332) For utterance M251034790-4076299_4076299-252984518_1534173399-GB-M-005, best cost 0
Lattice M251034790-4076299_4076299-252984518_1534173399-GB-M-009 read.
LOG (lattice-oracle[5.5.480~1-09abd]:main():lattice-oracle.cc:318) %WER 0 [ 0 / 5, 0 insertions, 0 deletions, 0 sub ]
LOG (lattice-oracle[5.5.480~1-09abd]:main():lattice-oracle.cc:332) For utterance M251034790-4076299_4076299-252984518_1534173399-GB-M-009, best cost 0
Lattice M251034790-4076299_4076299-252984518_1534173399-GB-M-010 read.
LOG (lattice-oracle[5.5.480~1-09abd]:main():lattice-oracle.cc:318) %WER 1.75439 [ 1 / 57, 0 insertions, 1 deletions, 0 sub ]
LOG (lattice-oracle[5.5.480~1-09abd]:main():lattice-oracle.cc:332) For utterance M251034790-4076299_4076299-252984518_1534173399-GB-M-010, best cost 1
Lattice M251034790-4076299_4076299-252984518_1534173399-GB-M-021 read.
LOG (lattice-oracle[5.5.480~1-09abd]:main():lattice-oracle.cc:318) %WER 12.1951 [ 5 / 41, 0 insertions, 2 deletions, 3 sub ]
LOG (lattice-oracle[5.5.480~1-09abd]:main():lattice-oracle.cc:332) For utterance M251034790-4076299_4076299-252984518_1534173399-GB-M-021, best cost 5
Lattice M251034790-4076299_4076299-252984518_1534173399-GB-M-030 read.
LOG (lattice-oracle[5.5.480~1-09abd]:main():lattice-oracle.cc:318) %WER 18.1818 [ 6 / 33, 0 insertions, 4 deletions, 2 sub ]
LOG (lattice-oracle[5.5.480~1-09abd]:main():lattice-oracle.cc:332) For utterance M251034790-4076299_4076299-252984518_1534173399-GB-M-030, best cost 6
Lattice M251034790-4076299_4076299-252984518_1534173399-GB-M-036 read.
LOG (lattice-oracle[5.5.480~1-09abd]:main():lattice-oracle.cc:318) %WER 16.6667 [ 1 / 6, 0 insertions, 1 deletions, 0 sub ]
LOG (lattice-oracle[5.5.480~1-09abd]:main():lattice-oracle.cc:332) For utterance M251034790-4076299_4076299-252984518_1534173399-GB-M-036, best cost 1
Lattice M251034790-4076299_4076299-252984518_1534173399-GB-M-039 read.
LOG (lattice-oracle[5.5.480~1-09abd]:main():lattice-oracle.cc:318) %WER 21.4286 [ 3 / 14, 0 insertions, 3 deletions, 0 sub ]
LOG (lattice-oracle[5.5.480~1-09abd]:main():lattice-oracle.cc:332) For utterance M251034790-4076299_4076299-252984518_1534173399-GB-M-039, best cost 3
Lattice M251034790-4076299_4076299-252984518_1534173399-GB-M-041 read.
LOG (lattice-oracle[5.5.480~1-09abd]:main():lattice-oracle.cc:318) %WER 2.12766 [ 1 / 47, 0 insertions, 1 deletions, 0 sub ]
LOG (lattice-oracle[5.5.480~1-09abd]:main():lattice-oracle.cc:332) For utterance M251034790-4076299_4076299-252984518_1534173399-GB-M-041, best cost 1
Lattice M251034790-4076299_4076299-252984518_1534173399-GB-M-047 read.
LOG (lattice-oracle[5.5.480~1-09abd]:main():lattice-oracle.cc:318) %WER 15.3846 [ 4 / 26, 2 insertions, 0 deletions, 2 sub ]
LOG (lattice-oracle[5.5.480~1-09abd]:main():lattice-oracle.cc:332) For utterance M251034790-4076299_4076299-252984518_1534173399-GB-M-047, best cost 4
Lattice M251034790-4076299_4076299-252984518_1534173399-GB-M-052 read.
LOG (lattice-oracle[5.5.480~1-09abd]:main():lattice-oracle.cc:318) %WER 14.2857 [ 1 / 7, 0 insertions, 1 deletions, 0 sub ]
LOG (lattice-oracle[5.5.480~1-09abd]:main():lattice-oracle.cc:332) For utterance M251034790-4076299_4076299-252984518_1534173399-GB-M-052, best cost 1
Lattice M251034790-4076299_4076299-252984518_1534173399-GB-M-054 read.
LOG (lattice-oracle[5.5.480~1-09abd]:main():lattice-oracle.cc:318) %WER 80 [ 4 / 5, 0 insertions, 1 deletions, 3 sub ]
LOG (lattice-oracle[5.5.480~1-09abd]:main():lattice-oracle.cc:332) For utterance M251034790-4076299_4076299-252984518_1534173399-GB-M-054, best cost 4
Lattice M251034790-4076299_4076299-252984518_1534173399-GB-M-055 read.
LOG (lattice-oracle[5.5.480~1-09abd]:main():lattice-oracle.cc:318) %WER 26.1905 [ 11 / 42, 0 insertions, 6 deletions, 5 sub ]
LOG (lattice-oracle[5.5.480~1-09abd]:main():lattice-oracle.cc:332) For utterance M251034790-4076299_4076299-252984518_1534173399-GB-M-055, best cost 11
Lattice M251034790-4076299_4076299-252984518_1534173399-GB-M-062 read.
LOG (lattice-oracle[5.5.480~1-09abd]:main():lattice-oracle.cc:318) %WER 33.3333 [ 2 / 6, 0 insertions, 0 deletions, 2 sub ]
LOG (lattice-oracle[5.5.480~1-09abd]:main():lattice-oracle.cc:332) For utterance M251034790-4076299_4076299-252984518_1534173399-GB-M-062, best cost 2
Lattice M251034790-4076299_4076299-252984518_1534173399-GB-M-063 read.
LOG (lattice-oracle[5.5.480~1-09abd]:main():lattice-oracle.cc:318) %WER 25 [ 3 / 12, 3 insertions, 0 deletions, 0 sub ]
LOG (lattice-oracle[5.5.480~1-09abd]:main():lattice-oracle.cc:332) For utterance M251034790-4076299_4076299-252984518_1534173399-GB-M-063, best cost 3
LOG (lattice-oracle[5.5.480~1-09abd]:main():lattice-oracle.cc:383) Overall %WER 9.97596 [ 249 / 2496, 25 insertions, 183 deletions, 41 substitutions ]
LOG (lattice-oracle[5.5.480~1-09abd]:main():lattice-oracle.cc:387) Scored 176 lattices, 0 not present in ref.
# Accounting: time=2 threads=1
# Ended (code 0) at Tue Sep 10 15:04:57 BST 2019, elapsed time 2 seconds
