# lattice-oracle "--write-lattices=ark:|gzip -c > exp/tri3b_cleaned/lattice_oracle/lat.21.gz" "ark:gunzip -c exp/tri3b_cleaned/lats/lat.21.gz |" "ark:utils/sym2int.pl --map-oov 239 -f 2- data/lang/words.txt data/train1/split40/21/text|" ark,t:- | utils/int2sym.pl -f 2- data/lang/words.txt > exp/tri3b_cleaned/lattice_oracle/oracle_hyp.21.txt 
# Started at Tue Sep 10 15:04:46 BST 2019
#
lattice-oracle '--write-lattices=ark:|gzip -c > exp/tri3b_cleaned/lattice_oracle/lat.21.gz' 'ark:gunzip -c exp/tri3b_cleaned/lats/lat.21.gz |' 'ark:utils/sym2int.pl --map-oov 239 -f 2- data/lang/words.txt data/train1/split40/21/text|' ark,t:- 
Lattice F92656507-3769917_3769917-92646162_1584617276-GB-F-006 read.
sym2int.pl: replacing TROVE with 239
LOG (lattice-oracle[5.5.480~1-09abd]:main():lattice-oracle.cc:318) %WER 0 [ 0 / 4, 0 insertions, 0 deletions, 0 sub ]
LOG (lattice-oracle[5.5.480~1-09abd]:main():lattice-oracle.cc:332) For utterance F92656507-3769917_3769917-92646162_1584617276-GB-F-006, best cost 0
Lattice F92656507-3769917_3769917-92646162_1584617276-GB-F-007 read.
sym2int.pl: replacing OHH with 239
LOG (lattice-oracle[5.5.480~1-09abd]:main():lattice-oracle.cc:318) %WER 0 [ 0 / 2, 0 insertions, 0 deletions, 0 sub ]
LOG (lattice-oracle[5.5.480~1-09abd]:main():lattice-oracle.cc:332) For utterance F92656507-3769917_3769917-92646162_1584617276-GB-F-007, best cost 0
Lattice F92656507-3769917_3769917-92646162_1584617276-GB-F-008 read.
sym2int.pl: replacing TILTED with 239
sym2int.pl: replacing UNDERLINED with 239
sym2int.pl: replacing UNDERLINED with 239
LOG (lattice-oracle[5.5.480~1-09abd]:main():lattice-oracle.cc:318) %WER 0 [ 0 / 7, 0 insertions, 0 deletions, 0 sub ]
LOG (lattice-oracle[5.5.480~1-09abd]:main():lattice-oracle.cc:332) For utterance F92656507-3769917_3769917-92646162_1584617276-GB-F-008, best cost 0
** Replaced 5 instances of OOVs with 239
Lattice F92656507-3769917_3769917-92646162_1584617276-GB-F-009 read.
LOG (lattice-oracle[5.5.480~1-09abd]:main():lattice-oracle.cc:318) %WER 20 [ 1 / 5, 1 insertions, 0 deletions, 0 sub ]
LOG (lattice-oracle[5.5.480~1-09abd]:main():lattice-oracle.cc:332) For utterance F92656507-3769917_3769917-92646162_1584617276-GB-F-009, best cost 1
Lattice M1000419465-271786368_316403-1254641451_1580735622-GB-M-001 read.
LOG (lattice-oracle[5.5.480~1-09abd]:main():lattice-oracle.cc:318) %WER 0 [ 0 / 3, 0 insertions, 0 deletions, 0 sub ]
LOG (lattice-oracle[5.5.480~1-09abd]:main():lattice-oracle.cc:332) For utterance M1000419465-271786368_316403-1254641451_1580735622-GB-M-001, best cost 0
Lattice M1000419465-271786368_316403-1254641451_1580735622-GB-M-002 read.
LOG (lattice-oracle[5.5.480~1-09abd]:main():lattice-oracle.cc:318) %WER 16.6667 [ 1 / 6, 0 insertions, 1 deletions, 0 sub ]
LOG (lattice-oracle[5.5.480~1-09abd]:main():lattice-oracle.cc:332) For utterance M1000419465-271786368_316403-1254641451_1580735622-GB-M-002, best cost 1
Lattice M1000419465-271786368_316403-1254641451_1580735622-GB-M-003 read.
LOG (lattice-oracle[5.5.480~1-09abd]:main():lattice-oracle.cc:318) %WER 0 [ 0 / 6, 0 insertions, 0 deletions, 0 sub ]
LOG (lattice-oracle[5.5.480~1-09abd]:main():lattice-oracle.cc:332) For utterance M1000419465-271786368_316403-1254641451_1580735622-GB-M-003, best cost 0
Lattice M1000419465-271786368_316403-1254641451_1580735622-GB-M-004 read.
LOG (lattice-oracle[5.5.480~1-09abd]:main():lattice-oracle.cc:318) %WER 0 [ 0 / 4, 0 insertions, 0 deletions, 0 sub ]
LOG (lattice-oracle[5.5.480~1-09abd]:main():lattice-oracle.cc:332) For utterance M1000419465-271786368_316403-1254641451_1580735622-GB-M-004, best cost 0
Lattice M1000419465-271786368_316403-1254641451_1580735622-GB-M-005 read.
LOG (lattice-oracle[5.5.480~1-09abd]:main():lattice-oracle.cc:318) %WER 0 [ 0 / 3, 0 insertions, 0 deletions, 0 sub ]
LOG (lattice-oracle[5.5.480~1-09abd]:main():lattice-oracle.cc:332) For utterance M1000419465-271786368_316403-1254641451_1580735622-GB-M-005, best cost 0
Lattice M1000419465-271786368_316403-1254641451_1580735622-GB-M-006 read.
LOG (lattice-oracle[5.5.480~1-09abd]:main():lattice-oracle.cc:318) %WER 16.6667 [ 1 / 6, 0 insertions, 1 deletions, 0 sub ]
LOG (lattice-oracle[5.5.480~1-09abd]:main():lattice-oracle.cc:332) For utterance M1000419465-271786368_316403-1254641451_1580735622-GB-M-006, best cost 1
Lattice M1000419465-271786368_316403-1254641451_1580735622-GB-M-007 read.
LOG (lattice-oracle[5.5.480~1-09abd]:main():lattice-oracle.cc:318) %WER 0 [ 0 / 6, 0 insertions, 0 deletions, 0 sub ]
LOG (lattice-oracle[5.5.480~1-09abd]:main():lattice-oracle.cc:332) For utterance M1000419465-271786368_316403-1254641451_1580735622-GB-M-007, best cost 0
Lattice M1000419465-271786368_316403-1254641451_1580735622-GB-M-009 read.
LOG (lattice-oracle[5.5.480~1-09abd]:main():lattice-oracle.cc:318) %WER 0 [ 0 / 3, 0 insertions, 0 deletions, 0 sub ]
LOG (lattice-oracle[5.5.480~1-09abd]:main():lattice-oracle.cc:332) For utterance M1000419465-271786368_316403-1254641451_1580735622-GB-M-009, best cost 0
Lattice M1000419465-271786368_316403-1254641451_1580735622-GB-M-010 read.
LOG (lattice-oracle[5.5.480~1-09abd]:main():lattice-oracle.cc:318) %WER 0 [ 0 / 6, 0 insertions, 0 deletions, 0 sub ]
LOG (lattice-oracle[5.5.480~1-09abd]:main():lattice-oracle.cc:332) For utterance M1000419465-271786368_316403-1254641451_1580735622-GB-M-010, best cost 0
Lattice M1000419465-271786368_316403-1254641451_1580735622-GB-M-011 read.
LOG (lattice-oracle[5.5.480~1-09abd]:main():lattice-oracle.cc:318) %WER 0 [ 0 / 6, 0 insertions, 0 deletions, 0 sub ]
LOG (lattice-oracle[5.5.480~1-09abd]:main():lattice-oracle.cc:332) For utterance M1000419465-271786368_316403-1254641451_1580735622-GB-M-011, best cost 0
Lattice M1000419465-271786368_316403-1254641451_1580735622-GB-M-012 read.
LOG (lattice-oracle[5.5.480~1-09abd]:main():lattice-oracle.cc:318) %WER 0 [ 0 / 6, 0 insertions, 0 deletions, 0 sub ]
LOG (lattice-oracle[5.5.480~1-09abd]:main():lattice-oracle.cc:332) For utterance M1000419465-271786368_316403-1254641451_1580735622-GB-M-012, best cost 0
Lattice M1000419465-271786368_316403-1254641451_1580735622-GB-M-013 read.
LOG (lattice-oracle[5.5.480~1-09abd]:main():lattice-oracle.cc:318) %WER 0 [ 0 / 6, 0 insertions, 0 deletions, 0 sub ]
LOG (lattice-oracle[5.5.480~1-09abd]:main():lattice-oracle.cc:332) For utterance M1000419465-271786368_316403-1254641451_1580735622-GB-M-013, best cost 0
Lattice M1000419465-271786368_316403-1254641451_1580735622-GB-M-014 read.
LOG (lattice-oracle[5.5.480~1-09abd]:main():lattice-oracle.cc:318) %WER 0 [ 0 / 8, 0 insertions, 0 deletions, 0 sub ]
LOG (lattice-oracle[5.5.480~1-09abd]:main():lattice-oracle.cc:332) For utterance M1000419465-271786368_316403-1254641451_1580735622-GB-M-014, best cost 0
Lattice M1000419465-271786368_316403-1254641451_1580735622-GB-M-015 read.
LOG (lattice-oracle[5.5.480~1-09abd]:main():lattice-oracle.cc:318) %WER 0 [ 0 / 6, 0 insertions, 0 deletions, 0 sub ]
LOG (lattice-oracle[5.5.480~1-09abd]:main():lattice-oracle.cc:332) For utterance M1000419465-271786368_316403-1254641451_1580735622-GB-M-015, best cost 0
Lattice M1000419465-271786368_316403-1254641451_1580735622-GB-M-016 read.
LOG (lattice-oracle[5.5.480~1-09abd]:main():lattice-oracle.cc:318) %WER 0 [ 0 / 6, 0 insertions, 0 deletions, 0 sub ]
LOG (lattice-oracle[5.5.480~1-09abd]:main():lattice-oracle.cc:332) For utterance M1000419465-271786368_316403-1254641451_1580735622-GB-M-016, best cost 0
Lattice M1000419465-271786368_316403-1254641451_1580735622-GB-M-018 read.
LOG (lattice-oracle[5.5.480~1-09abd]:main():lattice-oracle.cc:318) %WER 0 [ 0 / 6, 0 insertions, 0 deletions, 0 sub ]
LOG (lattice-oracle[5.5.480~1-09abd]:main():lattice-oracle.cc:332) For utterance M1000419465-271786368_316403-1254641451_1580735622-GB-M-018, best cost 0
Lattice M1000419465-271786368_316403-1254641451_1580735622-GB-M-019 read.
LOG (lattice-oracle[5.5.480~1-09abd]:main():lattice-oracle.cc:318) %WER 0 [ 0 / 4, 0 insertions, 0 deletions, 0 sub ]
LOG (lattice-oracle[5.5.480~1-09abd]:main():lattice-oracle.cc:332) For utterance M1000419465-271786368_316403-1254641451_1580735622-GB-M-019, best cost 0
Lattice M1000419465-271786368_316403-1254641451_1580735622-GB-M-020 read.
LOG (lattice-oracle[5.5.480~1-09abd]:main():lattice-oracle.cc:318) %WER 0 [ 0 / 6, 0 insertions, 0 deletions, 0 sub ]
LOG (lattice-oracle[5.5.480~1-09abd]:main():lattice-oracle.cc:332) For utterance M1000419465-271786368_316403-1254641451_1580735622-GB-M-020, best cost 0
Lattice M1000419465-271786368_316403-1254641451_1580735622-GB-M-021 read.
LOG (lattice-oracle[5.5.480~1-09abd]:main():lattice-oracle.cc:318) %WER 0 [ 0 / 10, 0 insertions, 0 deletions, 0 sub ]
LOG (lattice-oracle[5.5.480~1-09abd]:main():lattice-oracle.cc:332) For utterance M1000419465-271786368_316403-1254641451_1580735622-GB-M-021, best cost 0
Lattice M1000419465-271786368_316403-1254641451_1580735622-GB-M-023 read.
LOG (lattice-oracle[5.5.480~1-09abd]:main():lattice-oracle.cc:318) %WER 0 [ 0 / 4, 0 insertions, 0 deletions, 0 sub ]
LOG (lattice-oracle[5.5.480~1-09abd]:main():lattice-oracle.cc:332) For utterance M1000419465-271786368_316403-1254641451_1580735622-GB-M-023, best cost 0
Lattice M1000419465-271786368_316403-1254641451_1580735622-GB-M-024 read.
LOG (lattice-oracle[5.5.480~1-09abd]:main():lattice-oracle.cc:318) %WER 0 [ 0 / 5, 0 insertions, 0 deletions, 0 sub ]
LOG (lattice-oracle[5.5.480~1-09abd]:main():lattice-oracle.cc:332) For utterance M1000419465-271786368_316403-1254641451_1580735622-GB-M-024, best cost 0
Lattice M1000419465-271786368_316403-1254641451_1580735622-GB-M-025 read.
LOG (lattice-oracle[5.5.480~1-09abd]:main():lattice-oracle.cc:318) %WER 0 [ 0 / 5, 0 insertions, 0 deletions, 0 sub ]
LOG (lattice-oracle[5.5.480~1-09abd]:main():lattice-oracle.cc:332) For utterance M1000419465-271786368_316403-1254641451_1580735622-GB-M-025, best cost 0
Lattice M1000419465-271786368_316403-1254641451_1580735622-GB-M-027 read.
LOG (lattice-oracle[5.5.480~1-09abd]:main():lattice-oracle.cc:318) %WER 12.5 [ 1 / 8, 1 insertions, 0 deletions, 0 sub ]
LOG (lattice-oracle[5.5.480~1-09abd]:main():lattice-oracle.cc:332) For utterance M1000419465-271786368_316403-1254641451_1580735622-GB-M-027, best cost 1
Lattice M1000419465-271786368_316403-1254641451_1580735622-GB-M-029 read.
LOG (lattice-oracle[5.5.480~1-09abd]:main():lattice-oracle.cc:318) %WER 0 [ 0 / 6, 0 insertions, 0 deletions, 0 sub ]
LOG (lattice-oracle[5.5.480~1-09abd]:main():lattice-oracle.cc:332) For utterance M1000419465-271786368_316403-1254641451_1580735622-GB-M-029, best cost 0
Lattice M1000419465-271786368_316403-1254641451_1580735622-GB-M-030 read.
LOG (lattice-oracle[5.5.480~1-09abd]:main():lattice-oracle.cc:318) %WER 0 [ 0 / 6, 0 insertions, 0 deletions, 0 sub ]
LOG (lattice-oracle[5.5.480~1-09abd]:main():lattice-oracle.cc:332) For utterance M1000419465-271786368_316403-1254641451_1580735622-GB-M-030, best cost 0
Lattice M1000419465-271786368_316403-1254641451_1580735622-GB-M-031 read.
LOG (lattice-oracle[5.5.480~1-09abd]:main():lattice-oracle.cc:318) %WER 0 [ 0 / 6, 0 insertions, 0 deletions, 0 sub ]
LOG (lattice-oracle[5.5.480~1-09abd]:main():lattice-oracle.cc:332) For utterance M1000419465-271786368_316403-1254641451_1580735622-GB-M-031, best cost 0
Lattice M1000419465-271786368_316403-1254641451_1580735622-GB-M-032 read.
LOG (lattice-oracle[5.5.480~1-09abd]:main():lattice-oracle.cc:318) %WER 0 [ 0 / 8, 0 insertions, 0 deletions, 0 sub ]
LOG (lattice-oracle[5.5.480~1-09abd]:main():lattice-oracle.cc:332) For utterance M1000419465-271786368_316403-1254641451_1580735622-GB-M-032, best cost 0
Lattice M1000419465-271786368_316403-1254641451_1580735622-GB-M-033 read.
LOG (lattice-oracle[5.5.480~1-09abd]:main():lattice-oracle.cc:318) %WER 0 [ 0 / 6, 0 insertions, 0 deletions, 0 sub ]
LOG (lattice-oracle[5.5.480~1-09abd]:main():lattice-oracle.cc:332) For utterance M1000419465-271786368_316403-1254641451_1580735622-GB-M-033, best cost 0
Lattice M1000419465-271786368_316403-1254641451_1580735622-GB-M-034 read.
LOG (lattice-oracle[5.5.480~1-09abd]:main():lattice-oracle.cc:318) %WER 16.6667 [ 1 / 6, 0 insertions, 0 deletions, 1 sub ]
LOG (lattice-oracle[5.5.480~1-09abd]:main():lattice-oracle.cc:332) For utterance M1000419465-271786368_316403-1254641451_1580735622-GB-M-034, best cost 1
Lattice M1000419465-271786368_316403-1254641451_1580735622-GB-M-036 read.
LOG (lattice-oracle[5.5.480~1-09abd]:main():lattice-oracle.cc:318) %WER 0 [ 0 / 6, 0 insertions, 0 deletions, 0 sub ]
LOG (lattice-oracle[5.5.480~1-09abd]:main():lattice-oracle.cc:332) For utterance M1000419465-271786368_316403-1254641451_1580735622-GB-M-036, best cost 0
Lattice M1002045214-3769643_3769643-1395370834_1667532117-GB-M-001 read.
LOG (lattice-oracle[5.5.480~1-09abd]:main():lattice-oracle.cc:318) %WER 20 [ 2 / 10, 0 insertions, 2 deletions, 0 sub ]
LOG (lattice-oracle[5.5.480~1-09abd]:main():lattice-oracle.cc:332) For utterance M1002045214-3769643_3769643-1395370834_1667532117-GB-M-001, best cost 2
Lattice M1002045214-3769643_3769643-1395370834_1667532117-GB-M-002 read.
LOG (lattice-oracle[5.5.480~1-09abd]:main():lattice-oracle.cc:318) %WER 0 [ 0 / 6, 0 insertions, 0 deletions, 0 sub ]
LOG (lattice-oracle[5.5.480~1-09abd]:main():lattice-oracle.cc:332) For utterance M1002045214-3769643_3769643-1395370834_1667532117-GB-M-002, best cost 0
Lattice M1002045214-3769643_3769643-1395370834_1667532117-GB-M-003 read.
LOG (lattice-oracle[5.5.480~1-09abd]:main():lattice-oracle.cc:318) %WER 0 [ 0 / 9, 0 insertions, 0 deletions, 0 sub ]
LOG (lattice-oracle[5.5.480~1-09abd]:main():lattice-oracle.cc:332) For utterance M1002045214-3769643_3769643-1395370834_1667532117-GB-M-003, best cost 0
Lattice M1002045214-3769643_3769643-1395370834_1667532117-GB-M-004 read.
LOG (lattice-oracle[5.5.480~1-09abd]:main():lattice-oracle.cc:318) %WER 0 [ 0 / 8, 0 insertions, 0 deletions, 0 sub ]
LOG (lattice-oracle[5.5.480~1-09abd]:main():lattice-oracle.cc:332) For utterance M1002045214-3769643_3769643-1395370834_1667532117-GB-M-004, best cost 0
Lattice M1002045214-3769643_3769643-1395370834_1667532117-GB-M-005 read.
LOG (lattice-oracle[5.5.480~1-09abd]:main():lattice-oracle.cc:318) %WER 0 [ 0 / 25, 0 insertions, 0 deletions, 0 sub ]
LOG (lattice-oracle[5.5.480~1-09abd]:main():lattice-oracle.cc:332) For utterance M1002045214-3769643_3769643-1395370834_1667532117-GB-M-005, best cost 0
Lattice M1002045214-3769643_3769643-1395370834_1667532117-GB-M-010 read.
LOG (lattice-oracle[5.5.480~1-09abd]:main():lattice-oracle.cc:318) %WER 25 [ 1 / 4, 0 insertions, 1 deletions, 0 sub ]
LOG (lattice-oracle[5.5.480~1-09abd]:main():lattice-oracle.cc:332) For utterance M1002045214-3769643_3769643-1395370834_1667532117-GB-M-010, best cost 1
Lattice M1002045214-3769643_3769643-1395370834_1667532117-GB-M-011 read.
LOG (lattice-oracle[5.5.480~1-09abd]:main():lattice-oracle.cc:318) %WER 0 [ 0 / 11, 0 insertions, 0 deletions, 0 sub ]
LOG (lattice-oracle[5.5.480~1-09abd]:main():lattice-oracle.cc:332) For utterance M1002045214-3769643_3769643-1395370834_1667532117-GB-M-011, best cost 0
Lattice M1002045214-3769643_3769643-1395370834_1667532117-GB-M-012 read.
LOG (lattice-oracle[5.5.480~1-09abd]:main():lattice-oracle.cc:318) %WER 0 [ 0 / 12, 0 insertions, 0 deletions, 0 sub ]
LOG (lattice-oracle[5.5.480~1-09abd]:main():lattice-oracle.cc:332) For utterance M1002045214-3769643_3769643-1395370834_1667532117-GB-M-012, best cost 0
Lattice M1002045214-3769643_3769643-1395370834_1667532117-GB-M-014 read.
LOG (lattice-oracle[5.5.480~1-09abd]:main():lattice-oracle.cc:318) %WER 7.69231 [ 2 / 26, 0 insertions, 1 deletions, 1 sub ]
LOG (lattice-oracle[5.5.480~1-09abd]:main():lattice-oracle.cc:332) For utterance M1002045214-3769643_3769643-1395370834_1667532117-GB-M-014, best cost 2
Lattice M1002045214-3769643_3769643-1395370834_1667532117-GB-M-018 read.
LOG (lattice-oracle[5.5.480~1-09abd]:main():lattice-oracle.cc:318) %WER 0 [ 0 / 7, 0 insertions, 0 deletions, 0 sub ]
LOG (lattice-oracle[5.5.480~1-09abd]:main():lattice-oracle.cc:332) For utterance M1002045214-3769643_3769643-1395370834_1667532117-GB-M-018, best cost 0
Lattice M1002045214-3769643_3769643-1395370834_1667532117-GB-M-019 read.
LOG (lattice-oracle[5.5.480~1-09abd]:main():lattice-oracle.cc:318) %WER 0 [ 0 / 19, 0 insertions, 0 deletions, 0 sub ]
LOG (lattice-oracle[5.5.480~1-09abd]:main():lattice-oracle.cc:332) For utterance M1002045214-3769643_3769643-1395370834_1667532117-GB-M-019, best cost 0
Lattice M1002045214-3769643_3769643-1395370834_1667532117-GB-M-022 read.
LOG (lattice-oracle[5.5.480~1-09abd]:main():lattice-oracle.cc:318) %WER 0 [ 0 / 5, 0 insertions, 0 deletions, 0 sub ]
LOG (lattice-oracle[5.5.480~1-09abd]:main():lattice-oracle.cc:332) For utterance M1002045214-3769643_3769643-1395370834_1667532117-GB-M-022, best cost 0
Lattice M1002045214-3769643_3769643-1395370834_1667532117-GB-M-023 read.
LOG (lattice-oracle[5.5.480~1-09abd]:main():lattice-oracle.cc:318) %WER 0 [ 0 / 15, 0 insertions, 0 deletions, 0 sub ]
LOG (lattice-oracle[5.5.480~1-09abd]:main():lattice-oracle.cc:332) For utterance M1002045214-3769643_3769643-1395370834_1667532117-GB-M-023, best cost 0
Lattice M1002045214-3769643_3769643-1395370834_1667532117-GB-M-025 read.
LOG (lattice-oracle[5.5.480~1-09abd]:main():lattice-oracle.cc:318) %WER 0 [ 0 / 12, 0 insertions, 0 deletions, 0 sub ]
LOG (lattice-oracle[5.5.480~1-09abd]:main():lattice-oracle.cc:332) For utterance M1002045214-3769643_3769643-1395370834_1667532117-GB-M-025, best cost 0
Lattice M1002045214-3769643_3769643-1395370834_1667532117-GB-M-027 read.
LOG (lattice-oracle[5.5.480~1-09abd]:main():lattice-oracle.cc:318) %WER 100 [ 19 / 19, 0 insertions, 17 deletions, 2 sub ]
LOG (lattice-oracle[5.5.480~1-09abd]:main():lattice-oracle.cc:332) For utterance M1002045214-3769643_3769643-1395370834_1667532117-GB-M-027, best cost 19
Lattice M1002045214-3769643_3769643-1395370834_1667532117-GB-M-028 read.
LOG (lattice-oracle[5.5.480~1-09abd]:main():lattice-oracle.cc:318) %WER 7.14286 [ 2 / 28, 0 insertions, 1 deletions, 1 sub ]
LOG (lattice-oracle[5.5.480~1-09abd]:main():lattice-oracle.cc:332) For utterance M1002045214-3769643_3769643-1395370834_1667532117-GB-M-028, best cost 2
Lattice M1002045214-3769643_3769643-1395370834_1667532117-GB-M-031 read.
LOG (lattice-oracle[5.5.480~1-09abd]:main():lattice-oracle.cc:318) %WER 85.7143 [ 6 / 7, 0 insertions, 3 deletions, 3 sub ]
LOG (lattice-oracle[5.5.480~1-09abd]:main():lattice-oracle.cc:332) For utterance M1002045214-3769643_3769643-1395370834_1667532117-GB-M-031, best cost 6
Lattice M1002045214-3769643_3769643-1395370834_1667532117-GB-M-032 read.
LOG (lattice-oracle[5.5.480~1-09abd]:main():lattice-oracle.cc:318) %WER 33.3333 [ 3 / 9, 0 insertions, 3 deletions, 0 sub ]
LOG (lattice-oracle[5.5.480~1-09abd]:main():lattice-oracle.cc:332) For utterance M1002045214-3769643_3769643-1395370834_1667532117-GB-M-032, best cost 3
Lattice M1002045214-3769643_3769643-1395370834_1667532117-GB-M-034 read.
LOG (lattice-oracle[5.5.480~1-09abd]:main():lattice-oracle.cc:318) %WER 28.7879 [ 19 / 66, 6 insertions, 8 deletions, 5 sub ]
LOG (lattice-oracle[5.5.480~1-09abd]:main():lattice-oracle.cc:332) For utterance M1002045214-3769643_3769643-1395370834_1667532117-GB-M-034, best cost 19
Lattice M1002045214-3769643_3769643-1395370834_1667532117-GB-M-045 read.
LOG (lattice-oracle[5.5.480~1-09abd]:main():lattice-oracle.cc:318) %WER 16.6667 [ 1 / 6, 0 insertions, 1 deletions, 0 sub ]
LOG (lattice-oracle[5.5.480~1-09abd]:main():lattice-oracle.cc:332) For utterance M1002045214-3769643_3769643-1395370834_1667532117-GB-M-045, best cost 1
Lattice M1002045214-3769643_3769643-1395370834_1667532117-GB-M-046 read.
LOG (lattice-oracle[5.5.480~1-09abd]:main():lattice-oracle.cc:318) %WER 16.6667 [ 2 / 12, 0 insertions, 2 deletions, 0 sub ]
LOG (lattice-oracle[5.5.480~1-09abd]:main():lattice-oracle.cc:332) For utterance M1002045214-3769643_3769643-1395370834_1667532117-GB-M-046, best cost 2
Lattice M1030025839-832154795_3009185-1155202430_1539374990-GB-M-001 read.
LOG (lattice-oracle[5.5.480~1-09abd]:main():lattice-oracle.cc:318) %WER 0 [ 0 / 7, 0 insertions, 0 deletions, 0 sub ]
LOG (lattice-oracle[5.5.480~1-09abd]:main():lattice-oracle.cc:332) For utterance M1030025839-832154795_3009185-1155202430_1539374990-GB-M-001, best cost 0
Lattice M1030025839-832154795_3009185-1155202430_1539374990-GB-M-003 read.
LOG (lattice-oracle[5.5.480~1-09abd]:main():lattice-oracle.cc:318) %WER 0 [ 0 / 20, 0 insertions, 0 deletions, 0 sub ]
LOG (lattice-oracle[5.5.480~1-09abd]:main():lattice-oracle.cc:332) For utterance M1030025839-832154795_3009185-1155202430_1539374990-GB-M-003, best cost 0
Lattice M1030025839-832154795_3009185-1155202430_1539374990-GB-M-008 read.
LOG (lattice-oracle[5.5.480~1-09abd]:main():lattice-oracle.cc:318) %WER 0 [ 0 / 5, 0 insertions, 0 deletions, 0 sub ]
LOG (lattice-oracle[5.5.480~1-09abd]:main():lattice-oracle.cc:332) For utterance M1030025839-832154795_3009185-1155202430_1539374990-GB-M-008, best cost 0
Lattice M1030025839-832154795_3009185-1155202430_1539374990-GB-M-009 read.
LOG (lattice-oracle[5.5.480~1-09abd]:main():lattice-oracle.cc:318) %WER 0 [ 0 / 74, 0 insertions, 0 deletions, 0 sub ]
LOG (lattice-oracle[5.5.480~1-09abd]:main():lattice-oracle.cc:332) For utterance M1030025839-832154795_3009185-1155202430_1539374990-GB-M-009, best cost 0
Lattice M1030025839-832154795_3009185-1155202430_1539374990-GB-M-029 read.
LOG (lattice-oracle[5.5.480~1-09abd]:main():lattice-oracle.cc:318) %WER 0 [ 0 / 6, 0 insertions, 0 deletions, 0 sub ]
LOG (lattice-oracle[5.5.480~1-09abd]:main():lattice-oracle.cc:332) For utterance M1030025839-832154795_3009185-1155202430_1539374990-GB-M-029, best cost 0
Lattice M1030025839-832154795_3009185-1155202430_1539374990-GB-M-031 read.
LOG (lattice-oracle[5.5.480~1-09abd]:main():lattice-oracle.cc:318) %WER 28.9855 [ 60 / 207, 1 insertions, 56 deletions, 3 sub ]
LOG (lattice-oracle[5.5.480~1-09abd]:main():lattice-oracle.cc:332) For utterance M1030025839-832154795_3009185-1155202430_1539374990-GB-M-031, best cost 60
Lattice M107976794-3771841_3771841-107981194_1683279841-GB-M-001 read.
LOG (lattice-oracle[5.5.480~1-09abd]:main():lattice-oracle.cc:318) %WER 70 [ 7 / 10, 0 insertions, 5 deletions, 2 sub ]
LOG (lattice-oracle[5.5.480~1-09abd]:main():lattice-oracle.cc:332) For utterance M107976794-3771841_3771841-107981194_1683279841-GB-M-001, best cost 7
Lattice M107976794-3771841_3771841-107981194_1683279841-GB-M-003 read.
LOG (lattice-oracle[5.5.480~1-09abd]:main():lattice-oracle.cc:318) %WER 63.3333 [ 19 / 30, 0 insertions, 14 deletions, 5 sub ]
LOG (lattice-oracle[5.5.480~1-09abd]:main():lattice-oracle.cc:332) For utterance M107976794-3771841_3771841-107981194_1683279841-GB-M-003, best cost 19
Lattice M107976794-3771841_3771841-107981194_1683279841-GB-M-007 read.
LOG (lattice-oracle[5.5.480~1-09abd]:main():lattice-oracle.cc:318) %WER 52.6316 [ 10 / 19, 0 insertions, 6 deletions, 4 sub ]
LOG (lattice-oracle[5.5.480~1-09abd]:main():lattice-oracle.cc:332) For utterance M107976794-3771841_3771841-107981194_1683279841-GB-M-007, best cost 10
Lattice M107976794-3771841_3771841-107981194_1683279841-GB-M-009 read.
LOG (lattice-oracle[5.5.480~1-09abd]:main():lattice-oracle.cc:318) %WER 71.4286 [ 15 / 21, 0 insertions, 11 deletions, 4 sub ]
LOG (lattice-oracle[5.5.480~1-09abd]:main():lattice-oracle.cc:332) For utterance M107976794-3771841_3771841-107981194_1683279841-GB-M-009, best cost 15
Lattice M107976794-3771841_3771841-107981194_1683279841-GB-M-012 read.
LOG (lattice-oracle[5.5.480~1-09abd]:main():lattice-oracle.cc:318) %WER 50 [ 2 / 4, 0 insertions, 1 deletions, 1 sub ]
LOG (lattice-oracle[5.5.480~1-09abd]:main():lattice-oracle.cc:332) For utterance M107976794-3771841_3771841-107981194_1683279841-GB-M-012, best cost 2
Lattice M107976794-3771841_3771841-107981194_1683279841-GB-M-014 read.
LOG (lattice-oracle[5.5.480~1-09abd]:main():lattice-oracle.cc:318) %WER 50 [ 25 / 50, 1 insertions, 14 deletions, 10 sub ]
LOG (lattice-oracle[5.5.480~1-09abd]:main():lattice-oracle.cc:332) For utterance M107976794-3771841_3771841-107981194_1683279841-GB-M-014, best cost 25
Lattice M107976794-3771841_3771841-107981194_1683279841-GB-M-022 read.
LOG (lattice-oracle[5.5.480~1-09abd]:main():lattice-oracle.cc:318) %WER 40 [ 2 / 5, 2 insertions, 0 deletions, 0 sub ]
LOG (lattice-oracle[5.5.480~1-09abd]:main():lattice-oracle.cc:332) For utterance M107976794-3771841_3771841-107981194_1683279841-GB-M-022, best cost 2
Lattice M107976794-3771841_3771841-107981194_1683279841-GB-M-024 read.
LOG (lattice-oracle[5.5.480~1-09abd]:main():lattice-oracle.cc:318) %WER 7.31707 [ 3 / 41, 0 insertions, 2 deletions, 1 sub ]
LOG (lattice-oracle[5.5.480~1-09abd]:main():lattice-oracle.cc:332) For utterance M107976794-3771841_3771841-107981194_1683279841-GB-M-024, best cost 3
Lattice M107976794-3771841_3771841-107981194_1683279841-GB-M-030 read.
LOG (lattice-oracle[5.5.480~1-09abd]:main():lattice-oracle.cc:318) %WER 17.9487 [ 7 / 39, 0 insertions, 6 deletions, 1 sub ]
LOG (lattice-oracle[5.5.480~1-09abd]:main():lattice-oracle.cc:332) For utterance M107976794-3771841_3771841-107981194_1683279841-GB-M-030, best cost 7
Lattice M107976794-3771841_3771841-107981194_1683279841-GB-M-035 read.
LOG (lattice-oracle[5.5.480~1-09abd]:main():lattice-oracle.cc:318) %WER 0 [ 0 / 11, 0 insertions, 0 deletions, 0 sub ]
LOG (lattice-oracle[5.5.480~1-09abd]:main():lattice-oracle.cc:332) For utterance M107976794-3771841_3771841-107981194_1683279841-GB-M-035, best cost 0
Lattice M107976794-3771841_3771841-107981194_1683279841-GB-M-037 read.
LOG (lattice-oracle[5.5.480~1-09abd]:main():lattice-oracle.cc:318) %WER 36.8421 [ 21 / 57, 2 insertions, 11 deletions, 8 sub ]
LOG (lattice-oracle[5.5.480~1-09abd]:main():lattice-oracle.cc:332) For utterance M107976794-3771841_3771841-107981194_1683279841-GB-M-037, best cost 21
Lattice M111291956-341375048_66101-229731014_1542045842-GB-M-001 read.
LOG (lattice-oracle[5.5.480~1-09abd]:main():lattice-oracle.cc:318) %WER 6.25 [ 1 / 16, 0 insertions, 1 deletions, 0 sub ]
LOG (lattice-oracle[5.5.480~1-09abd]:main():lattice-oracle.cc:332) For utterance M111291956-341375048_66101-229731014_1542045842-GB-M-001, best cost 1
Lattice M111291956-341375048_66101-229731014_1542045842-GB-M-004 read.
LOG (lattice-oracle[5.5.480~1-09abd]:main():lattice-oracle.cc:318) %WER 0 [ 0 / 19, 0 insertions, 0 deletions, 0 sub ]
LOG (lattice-oracle[5.5.480~1-09abd]:main():lattice-oracle.cc:332) For utterance M111291956-341375048_66101-229731014_1542045842-GB-M-004, best cost 0
Lattice M111291956-341375048_66101-229731014_1542045842-GB-M-007 read.
LOG (lattice-oracle[5.5.480~1-09abd]:main():lattice-oracle.cc:318) %WER 0 [ 0 / 19, 0 insertions, 0 deletions, 0 sub ]
LOG (lattice-oracle[5.5.480~1-09abd]:main():lattice-oracle.cc:332) For utterance M111291956-341375048_66101-229731014_1542045842-GB-M-007, best cost 0
Lattice M111291956-341375048_66101-229731014_1542045842-GB-M-011 read.
LOG (lattice-oracle[5.5.480~1-09abd]:main():lattice-oracle.cc:318) %WER 0 [ 0 / 4, 0 insertions, 0 deletions, 0 sub ]
LOG (lattice-oracle[5.5.480~1-09abd]:main():lattice-oracle.cc:332) For utterance M111291956-341375048_66101-229731014_1542045842-GB-M-011, best cost 0
Lattice M111291956-341375048_66101-229731014_1542045842-GB-M-012 read.
LOG (lattice-oracle[5.5.480~1-09abd]:main():lattice-oracle.cc:318) %WER 0 [ 0 / 4, 0 insertions, 0 deletions, 0 sub ]
LOG (lattice-oracle[5.5.480~1-09abd]:main():lattice-oracle.cc:332) For utterance M111291956-341375048_66101-229731014_1542045842-GB-M-012, best cost 0
Lattice M111291956-341375048_66101-229731014_1542045842-GB-M-014 read.
LOG (lattice-oracle[5.5.480~1-09abd]:main():lattice-oracle.cc:318) %WER 0 [ 0 / 8, 0 insertions, 0 deletions, 0 sub ]
LOG (lattice-oracle[5.5.480~1-09abd]:main():lattice-oracle.cc:332) For utterance M111291956-341375048_66101-229731014_1542045842-GB-M-014, best cost 0
Lattice M111291956-341375048_66101-229731014_1542045842-GB-M-015 read.
LOG (lattice-oracle[5.5.480~1-09abd]:main():lattice-oracle.cc:318) %WER 0 [ 0 / 4, 0 insertions, 0 deletions, 0 sub ]
LOG (lattice-oracle[5.5.480~1-09abd]:main():lattice-oracle.cc:332) For utterance M111291956-341375048_66101-229731014_1542045842-GB-M-015, best cost 0
Lattice M111291956-341375048_66101-229731014_1542045842-GB-M-016 read.
LOG (lattice-oracle[5.5.480~1-09abd]:main():lattice-oracle.cc:318) %WER 0 [ 0 / 11, 0 insertions, 0 deletions, 0 sub ]
LOG (lattice-oracle[5.5.480~1-09abd]:main():lattice-oracle.cc:332) For utterance M111291956-341375048_66101-229731014_1542045842-GB-M-016, best cost 0
Lattice M111291956-341375048_66101-229731014_1542045842-GB-M-018 read.
LOG (lattice-oracle[5.5.480~1-09abd]:main():lattice-oracle.cc:318) %WER 0 [ 0 / 4, 0 insertions, 0 deletions, 0 sub ]
LOG (lattice-oracle[5.5.480~1-09abd]:main():lattice-oracle.cc:332) For utterance M111291956-341375048_66101-229731014_1542045842-GB-M-018, best cost 0
Lattice M111291956-341375048_66101-229731014_1542045842-GB-M-019 read.
LOG (lattice-oracle[5.5.480~1-09abd]:main():lattice-oracle.cc:318) %WER 5.88235 [ 1 / 17, 1 insertions, 0 deletions, 0 sub ]
LOG (lattice-oracle[5.5.480~1-09abd]:main():lattice-oracle.cc:332) For utterance M111291956-341375048_66101-229731014_1542045842-GB-M-019, best cost 1
Lattice M111291956-341375048_66101-229731014_1542045842-GB-M-022 read.
LOG (lattice-oracle[5.5.480~1-09abd]:main():lattice-oracle.cc:318) %WER 0 [ 0 / 6, 0 insertions, 0 deletions, 0 sub ]
LOG (lattice-oracle[5.5.480~1-09abd]:main():lattice-oracle.cc:332) For utterance M111291956-341375048_66101-229731014_1542045842-GB-M-022, best cost 0
Lattice M111291956-341375048_66101-229731014_1542045842-GB-M-023 read.
LOG (lattice-oracle[5.5.480~1-09abd]:main():lattice-oracle.cc:318) %WER 0 [ 0 / 7, 0 insertions, 0 deletions, 0 sub ]
LOG (lattice-oracle[5.5.480~1-09abd]:main():lattice-oracle.cc:332) For utterance M111291956-341375048_66101-229731014_1542045842-GB-M-023, best cost 0
Lattice M111291956-341375048_66101-229731014_1542045842-GB-M-024 read.
LOG (lattice-oracle[5.5.480~1-09abd]:main():lattice-oracle.cc:318) %WER 0 [ 0 / 7, 0 insertions, 0 deletions, 0 sub ]
LOG (lattice-oracle[5.5.480~1-09abd]:main():lattice-oracle.cc:332) For utterance M111291956-341375048_66101-229731014_1542045842-GB-M-024, best cost 0
Lattice M111291956-341375048_66101-229731014_1542045842-GB-M-026 read.
LOG (lattice-oracle[5.5.480~1-09abd]:main():lattice-oracle.cc:318) %WER 0 [ 0 / 1, 0 insertions, 0 deletions, 0 sub ]
LOG (lattice-oracle[5.5.480~1-09abd]:main():lattice-oracle.cc:332) For utterance M111291956-341375048_66101-229731014_1542045842-GB-M-026, best cost 0
Lattice M111291956-341375048_66101-229731014_1542045842-GB-M-027 read.
LOG (lattice-oracle[5.5.480~1-09abd]:main():lattice-oracle.cc:318) %WER 0 [ 0 / 16, 0 insertions, 0 deletions, 0 sub ]
LOG (lattice-oracle[5.5.480~1-09abd]:main():lattice-oracle.cc:332) For utterance M111291956-341375048_66101-229731014_1542045842-GB-M-027, best cost 0
Lattice M111291956-341375048_66101-229731014_1542045842-GB-M-030 read.
LOG (lattice-oracle[5.5.480~1-09abd]:main():lattice-oracle.cc:318) %WER 0 [ 0 / 11, 0 insertions, 0 deletions, 0 sub ]
LOG (lattice-oracle[5.5.480~1-09abd]:main():lattice-oracle.cc:332) For utterance M111291956-341375048_66101-229731014_1542045842-GB-M-030, best cost 0
Lattice M111291956-341375048_66101-229731014_1542045842-GB-M-032 read.
LOG (lattice-oracle[5.5.480~1-09abd]:main():lattice-oracle.cc:318) %WER 0 [ 0 / 13, 0 insertions, 0 deletions, 0 sub ]
LOG (lattice-oracle[5.5.480~1-09abd]:main():lattice-oracle.cc:332) For utterance M111291956-341375048_66101-229731014_1542045842-GB-M-032, best cost 0
Lattice M111291956-341375048_66101-229731014_1542045842-GB-M-035 read.
LOG (lattice-oracle[5.5.480~1-09abd]:main():lattice-oracle.cc:318) %WER 9.09091 [ 1 / 11, 1 insertions, 0 deletions, 0 sub ]
LOG (lattice-oracle[5.5.480~1-09abd]:main():lattice-oracle.cc:332) For utterance M111291956-341375048_66101-229731014_1542045842-GB-M-035, best cost 1
Lattice M111291956-341375048_66101-229731014_1542045842-GB-M-038 read.
LOG (lattice-oracle[5.5.480~1-09abd]:main():lattice-oracle.cc:318) %WER 0 [ 0 / 4, 0 insertions, 0 deletions, 0 sub ]
LOG (lattice-oracle[5.5.480~1-09abd]:main():lattice-oracle.cc:332) For utterance M111291956-341375048_66101-229731014_1542045842-GB-M-038, best cost 0
Lattice M111291956-341375048_66101-229731014_1542045842-GB-M-039 read.
LOG (lattice-oracle[5.5.480~1-09abd]:main():lattice-oracle.cc:318) %WER 0 [ 0 / 4, 0 insertions, 0 deletions, 0 sub ]
LOG (lattice-oracle[5.5.480~1-09abd]:main():lattice-oracle.cc:332) For utterance M111291956-341375048_66101-229731014_1542045842-GB-M-039, best cost 0
Lattice M111291956-341375048_66101-229731014_1542045842-GB-M-041 read.
LOG (lattice-oracle[5.5.480~1-09abd]:main():lattice-oracle.cc:318) %WER 0 [ 0 / 8, 0 insertions, 0 deletions, 0 sub ]
LOG (lattice-oracle[5.5.480~1-09abd]:main():lattice-oracle.cc:332) For utterance M111291956-341375048_66101-229731014_1542045842-GB-M-041, best cost 0
Lattice M111291956-341375048_66101-229731014_1542045842-GB-M-042 read.
LOG (lattice-oracle[5.5.480~1-09abd]:main():lattice-oracle.cc:318) %WER 0 [ 0 / 4, 0 insertions, 0 deletions, 0 sub ]
LOG (lattice-oracle[5.5.480~1-09abd]:main():lattice-oracle.cc:332) For utterance M111291956-341375048_66101-229731014_1542045842-GB-M-042, best cost 0
Lattice M111291956-341375048_66101-229731014_1542045842-GB-M-043 read.
LOG (lattice-oracle[5.5.480~1-09abd]:main():lattice-oracle.cc:318) %WER 0 [ 0 / 4, 0 insertions, 0 deletions, 0 sub ]
LOG (lattice-oracle[5.5.480~1-09abd]:main():lattice-oracle.cc:332) For utterance M111291956-341375048_66101-229731014_1542045842-GB-M-043, best cost 0
Lattice M111291956-341375048_66101-229731014_1542045842-GB-M-044 read.
LOG (lattice-oracle[5.5.480~1-09abd]:main():lattice-oracle.cc:318) %WER 0 [ 0 / 22, 0 insertions, 0 deletions, 0 sub ]
LOG (lattice-oracle[5.5.480~1-09abd]:main():lattice-oracle.cc:332) For utterance M111291956-341375048_66101-229731014_1542045842-GB-M-044, best cost 0
Lattice M111291956-341375048_66101-229731014_1542045842-GB-M-048 read.
LOG (lattice-oracle[5.5.480~1-09abd]:main():lattice-oracle.cc:318) %WER 0 [ 0 / 6, 0 insertions, 0 deletions, 0 sub ]
LOG (lattice-oracle[5.5.480~1-09abd]:main():lattice-oracle.cc:332) For utterance M111291956-341375048_66101-229731014_1542045842-GB-M-048, best cost 0
Lattice M111291956-341375048_66101-229731014_1542045842-GB-M-049 read.
LOG (lattice-oracle[5.5.480~1-09abd]:main():lattice-oracle.cc:318) %WER 0 [ 0 / 6, 0 insertions, 0 deletions, 0 sub ]
LOG (lattice-oracle[5.5.480~1-09abd]:main():lattice-oracle.cc:332) For utterance M111291956-341375048_66101-229731014_1542045842-GB-M-049, best cost 0
Lattice M111291956-341375048_66101-229731014_1542045842-GB-M-050 read.
LOG (lattice-oracle[5.5.480~1-09abd]:main():lattice-oracle.cc:318) %WER 0 [ 0 / 14, 0 insertions, 0 deletions, 0 sub ]
LOG (lattice-oracle[5.5.480~1-09abd]:main():lattice-oracle.cc:332) For utterance M111291956-341375048_66101-229731014_1542045842-GB-M-050, best cost 0
Lattice M111291956-341375048_66101-229731014_1542045842-GB-M-054 read.
LOG (lattice-oracle[5.5.480~1-09abd]:main():lattice-oracle.cc:318) %WER 0 [ 0 / 6, 0 insertions, 0 deletions, 0 sub ]
LOG (lattice-oracle[5.5.480~1-09abd]:main():lattice-oracle.cc:332) For utterance M111291956-341375048_66101-229731014_1542045842-GB-M-054, best cost 0
Lattice M111291956-341375048_66101-229731014_1542045842-GB-M-055 read.
LOG (lattice-oracle[5.5.480~1-09abd]:main():lattice-oracle.cc:318) %WER 0 [ 0 / 8, 0 insertions, 0 deletions, 0 sub ]
LOG (lattice-oracle[5.5.480~1-09abd]:main():lattice-oracle.cc:332) For utterance M111291956-341375048_66101-229731014_1542045842-GB-M-055, best cost 0
Lattice M111291956-341375048_66101-229731014_1542045842-GB-M-058 read.
LOG (lattice-oracle[5.5.480~1-09abd]:main():lattice-oracle.cc:318) %WER 0 [ 0 / 6, 0 insertions, 0 deletions, 0 sub ]
LOG (lattice-oracle[5.5.480~1-09abd]:main():lattice-oracle.cc:332) For utterance M111291956-341375048_66101-229731014_1542045842-GB-M-058, best cost 0
Lattice M111291956-341375048_66101-229731014_1542045842-GB-M-059 read.
LOG (lattice-oracle[5.5.480~1-09abd]:main():lattice-oracle.cc:318) %WER 0 [ 0 / 4, 0 insertions, 0 deletions, 0 sub ]
LOG (lattice-oracle[5.5.480~1-09abd]:main():lattice-oracle.cc:332) For utterance M111291956-341375048_66101-229731014_1542045842-GB-M-059, best cost 0
Lattice M111291956-341375048_66101-229731014_1542045842-GB-M-060 read.
LOG (lattice-oracle[5.5.480~1-09abd]:main():lattice-oracle.cc:318) %WER 0 [ 0 / 4, 0 insertions, 0 deletions, 0 sub ]
LOG (lattice-oracle[5.5.480~1-09abd]:main():lattice-oracle.cc:332) For utterance M111291956-341375048_66101-229731014_1542045842-GB-M-060, best cost 0
Lattice M111291956-341375048_66101-229731014_1542045842-GB-M-061 read.
LOG (lattice-oracle[5.5.480~1-09abd]:main():lattice-oracle.cc:318) %WER 0 [ 0 / 7, 0 insertions, 0 deletions, 0 sub ]
LOG (lattice-oracle[5.5.480~1-09abd]:main():lattice-oracle.cc:332) For utterance M111291956-341375048_66101-229731014_1542045842-GB-M-061, best cost 0
Lattice M111291956-341375048_66101-229731014_1542045842-GB-M-062 read.
LOG (lattice-oracle[5.5.480~1-09abd]:main():lattice-oracle.cc:318) %WER 0 [ 0 / 4, 0 insertions, 0 deletions, 0 sub ]
LOG (lattice-oracle[5.5.480~1-09abd]:main():lattice-oracle.cc:332) For utterance M111291956-341375048_66101-229731014_1542045842-GB-M-062, best cost 0
Lattice M111291956-341375048_66101-229731014_1542045842-GB-M-063 read.
LOG (lattice-oracle[5.5.480~1-09abd]:main():lattice-oracle.cc:318) %WER 0 [ 0 / 17, 0 insertions, 0 deletions, 0 sub ]
LOG (lattice-oracle[5.5.480~1-09abd]:main():lattice-oracle.cc:332) For utterance M111291956-341375048_66101-229731014_1542045842-GB-M-063, best cost 0
Lattice M111291956-341375048_66101-229731014_1542045842-GB-M-066 read.
LOG (lattice-oracle[5.5.480~1-09abd]:main():lattice-oracle.cc:318) %WER 0 [ 0 / 6, 0 insertions, 0 deletions, 0 sub ]
LOG (lattice-oracle[5.5.480~1-09abd]:main():lattice-oracle.cc:332) For utterance M111291956-341375048_66101-229731014_1542045842-GB-M-066, best cost 0
Lattice M111291956-341375048_66101-229731014_1542045842-GB-M-067 read.
LOG (lattice-oracle[5.5.480~1-09abd]:main():lattice-oracle.cc:318) %WER 0 [ 0 / 7, 0 insertions, 0 deletions, 0 sub ]
LOG (lattice-oracle[5.5.480~1-09abd]:main():lattice-oracle.cc:332) For utterance M111291956-341375048_66101-229731014_1542045842-GB-M-067, best cost 0
Lattice M111291956-341375048_66101-229731014_1542045842-GB-M-069 read.
LOG (lattice-oracle[5.5.480~1-09abd]:main():lattice-oracle.cc:318) %WER 0 [ 0 / 7, 0 insertions, 0 deletions, 0 sub ]
LOG (lattice-oracle[5.5.480~1-09abd]:main():lattice-oracle.cc:332) For utterance M111291956-341375048_66101-229731014_1542045842-GB-M-069, best cost 0
Lattice M111291956-341375048_66101-229731014_1542045842-GB-M-070 read.
LOG (lattice-oracle[5.5.480~1-09abd]:main():lattice-oracle.cc:318) %WER 0 [ 0 / 6, 0 insertions, 0 deletions, 0 sub ]
LOG (lattice-oracle[5.5.480~1-09abd]:main():lattice-oracle.cc:332) For utterance M111291956-341375048_66101-229731014_1542045842-GB-M-070, best cost 0
Lattice M111291956-341375048_66101-229731014_1542045842-GB-M-071 read.
LOG (lattice-oracle[5.5.480~1-09abd]:main():lattice-oracle.cc:318) %WER 37.5 [ 3 / 8, 0 insertions, 3 deletions, 0 sub ]
LOG (lattice-oracle[5.5.480~1-09abd]:main():lattice-oracle.cc:332) For utterance M111291956-341375048_66101-229731014_1542045842-GB-M-071, best cost 3
Lattice M112745086-465807676_214722-112744109_1623187658-GB-M-004 read.
LOG (lattice-oracle[5.5.480~1-09abd]:main():lattice-oracle.cc:318) %WER 0 [ 0 / 4, 0 insertions, 0 deletions, 0 sub ]
LOG (lattice-oracle[5.5.480~1-09abd]:main():lattice-oracle.cc:332) For utterance M112745086-465807676_214722-112744109_1623187658-GB-M-004, best cost 0
Lattice M112745086-465807676_214722-112744109_1623187658-GB-M-005 read.
LOG (lattice-oracle[5.5.480~1-09abd]:main():lattice-oracle.cc:318) %WER 0 [ 0 / 3, 0 insertions, 0 deletions, 0 sub ]
LOG (lattice-oracle[5.5.480~1-09abd]:main():lattice-oracle.cc:332) For utterance M112745086-465807676_214722-112744109_1623187658-GB-M-005, best cost 0
Lattice M112745086-465807676_214722-112744109_1623187658-GB-M-006 read.
LOG (lattice-oracle[5.5.480~1-09abd]:main():lattice-oracle.cc:318) %WER 0 [ 0 / 4, 0 insertions, 0 deletions, 0 sub ]
LOG (lattice-oracle[5.5.480~1-09abd]:main():lattice-oracle.cc:332) For utterance M112745086-465807676_214722-112744109_1623187658-GB-M-006, best cost 0
Lattice M112745086-465807676_214722-112744109_1623187658-GB-M-007 read.
LOG (lattice-oracle[5.5.480~1-09abd]:main():lattice-oracle.cc:318) %WER 0 [ 0 / 4, 0 insertions, 0 deletions, 0 sub ]
LOG (lattice-oracle[5.5.480~1-09abd]:main():lattice-oracle.cc:332) For utterance M112745086-465807676_214722-112744109_1623187658-GB-M-007, best cost 0
Lattice M112745086-465807676_214722-112744109_1623187658-GB-M-008 read.
LOG (lattice-oracle[5.5.480~1-09abd]:main():lattice-oracle.cc:318) %WER 0 [ 0 / 4, 0 insertions, 0 deletions, 0 sub ]
LOG (lattice-oracle[5.5.480~1-09abd]:main():lattice-oracle.cc:332) For utterance M112745086-465807676_214722-112744109_1623187658-GB-M-008, best cost 0
Lattice M112745086-465807676_214722-112744109_1623187658-GB-M-010 read.
LOG (lattice-oracle[5.5.480~1-09abd]:main():lattice-oracle.cc:318) %WER 0 [ 0 / 4, 0 insertions, 0 deletions, 0 sub ]
LOG (lattice-oracle[5.5.480~1-09abd]:main():lattice-oracle.cc:332) For utterance M112745086-465807676_214722-112744109_1623187658-GB-M-010, best cost 0
Lattice M112745086-465807676_214722-112744109_1623187658-GB-M-011 read.
LOG (lattice-oracle[5.5.480~1-09abd]:main():lattice-oracle.cc:318) %WER 0 [ 0 / 3, 0 insertions, 0 deletions, 0 sub ]
LOG (lattice-oracle[5.5.480~1-09abd]:main():lattice-oracle.cc:332) For utterance M112745086-465807676_214722-112744109_1623187658-GB-M-011, best cost 0
Lattice M112745086-465807676_214722-112744109_1623187658-GB-M-012 read.
LOG (lattice-oracle[5.5.480~1-09abd]:main():lattice-oracle.cc:318) %WER 0 [ 0 / 6, 0 insertions, 0 deletions, 0 sub ]
LOG (lattice-oracle[5.5.480~1-09abd]:main():lattice-oracle.cc:332) For utterance M112745086-465807676_214722-112744109_1623187658-GB-M-012, best cost 0
Lattice M112745086-465807676_214722-112744109_1623187658-GB-M-013 read.
LOG (lattice-oracle[5.5.480~1-09abd]:main():lattice-oracle.cc:318) %WER 25 [ 1 / 4, 0 insertions, 0 deletions, 1 sub ]
LOG (lattice-oracle[5.5.480~1-09abd]:main():lattice-oracle.cc:332) For utterance M112745086-465807676_214722-112744109_1623187658-GB-M-013, best cost 1
Lattice M112745086-465807676_214722-112744109_1623187658-GB-M-014 read.
LOG (lattice-oracle[5.5.480~1-09abd]:main():lattice-oracle.cc:318) %WER 0 [ 0 / 10, 0 insertions, 0 deletions, 0 sub ]
LOG (lattice-oracle[5.5.480~1-09abd]:main():lattice-oracle.cc:332) For utterance M112745086-465807676_214722-112744109_1623187658-GB-M-014, best cost 0
Lattice M112745086-465807676_214722-112744109_1623187658-GB-M-016 read.
LOG (lattice-oracle[5.5.480~1-09abd]:main():lattice-oracle.cc:318) %WER 0 [ 0 / 3, 0 insertions, 0 deletions, 0 sub ]
LOG (lattice-oracle[5.5.480~1-09abd]:main():lattice-oracle.cc:332) For utterance M112745086-465807676_214722-112744109_1623187658-GB-M-016, best cost 0
Lattice M112745086-465807676_214722-112744109_1623187658-GB-M-017 read.
LOG (lattice-oracle[5.5.480~1-09abd]:main():lattice-oracle.cc:318) %WER 0 [ 0 / 3, 0 insertions, 0 deletions, 0 sub ]
LOG (lattice-oracle[5.5.480~1-09abd]:main():lattice-oracle.cc:332) For utterance M112745086-465807676_214722-112744109_1623187658-GB-M-017, best cost 0
Lattice M112745086-465807676_214722-112744109_1623187658-GB-M-019 read.
LOG (lattice-oracle[5.5.480~1-09abd]:main():lattice-oracle.cc:318) %WER 0 [ 0 / 9, 0 insertions, 0 deletions, 0 sub ]
LOG (lattice-oracle[5.5.480~1-09abd]:main():lattice-oracle.cc:332) For utterance M112745086-465807676_214722-112744109_1623187658-GB-M-019, best cost 0
Lattice M112745086-465807676_214722-112744109_1623187658-GB-M-020 read.
LOG (lattice-oracle[5.5.480~1-09abd]:main():lattice-oracle.cc:318) %WER 0 [ 0 / 7, 0 insertions, 0 deletions, 0 sub ]
LOG (lattice-oracle[5.5.480~1-09abd]:main():lattice-oracle.cc:332) For utterance M112745086-465807676_214722-112744109_1623187658-GB-M-020, best cost 0
Lattice M112745086-465807676_214722-112744109_1623187658-GB-M-021 read.
LOG (lattice-oracle[5.5.480~1-09abd]:main():lattice-oracle.cc:318) %WER 14.2857 [ 1 / 7, 0 insertions, 1 deletions, 0 sub ]
LOG (lattice-oracle[5.5.480~1-09abd]:main():lattice-oracle.cc:332) For utterance M112745086-465807676_214722-112744109_1623187658-GB-M-021, best cost 1
Lattice M112745086-465807676_214722-112744109_1623187658-GB-M-022 read.
LOG (lattice-oracle[5.5.480~1-09abd]:main():lattice-oracle.cc:318) %WER 12.5 [ 1 / 8, 0 insertions, 1 deletions, 0 sub ]
LOG (lattice-oracle[5.5.480~1-09abd]:main():lattice-oracle.cc:332) For utterance M112745086-465807676_214722-112744109_1623187658-GB-M-022, best cost 1
Lattice M112745086-465807676_214722-112744109_1623187658-GB-M-023 read.
LOG (lattice-oracle[5.5.480~1-09abd]:main():lattice-oracle.cc:318) %WER 0 [ 0 / 9, 0 insertions, 0 deletions, 0 sub ]
LOG (lattice-oracle[5.5.480~1-09abd]:main():lattice-oracle.cc:332) For utterance M112745086-465807676_214722-112744109_1623187658-GB-M-023, best cost 0
Lattice M112745086-465807676_214722-112744109_1623187658-GB-M-025 read.
LOG (lattice-oracle[5.5.480~1-09abd]:main():lattice-oracle.cc:318) %WER 0 [ 0 / 6, 0 insertions, 0 deletions, 0 sub ]
LOG (lattice-oracle[5.5.480~1-09abd]:main():lattice-oracle.cc:332) For utterance M112745086-465807676_214722-112744109_1623187658-GB-M-025, best cost 0
Lattice M112745086-465807676_214722-112744109_1623187658-GB-M-026 read.
LOG (lattice-oracle[5.5.480~1-09abd]:main():lattice-oracle.cc:318) %WER 25 [ 1 / 4, 1 insertions, 0 deletions, 0 sub ]
LOG (lattice-oracle[5.5.480~1-09abd]:main():lattice-oracle.cc:332) For utterance M112745086-465807676_214722-112744109_1623187658-GB-M-026, best cost 1
Lattice M112745086-465807676_214722-112744109_1623187658-GB-M-027 read.
LOG (lattice-oracle[5.5.480~1-09abd]:main():lattice-oracle.cc:318) %WER 0 [ 0 / 4, 0 insertions, 0 deletions, 0 sub ]
LOG (lattice-oracle[5.5.480~1-09abd]:main():lattice-oracle.cc:332) For utterance M112745086-465807676_214722-112744109_1623187658-GB-M-027, best cost 0
Lattice M112745086-465807676_214722-112744109_1623187658-GB-M-029 read.
LOG (lattice-oracle[5.5.480~1-09abd]:main():lattice-oracle.cc:318) %WER 33.3333 [ 1 / 3, 1 insertions, 0 deletions, 0 sub ]
LOG (lattice-oracle[5.5.480~1-09abd]:main():lattice-oracle.cc:332) For utterance M112745086-465807676_214722-112744109_1623187658-GB-M-029, best cost 1
Lattice M112745086-465807676_214722-112744109_1623187658-GB-M-030 read.
LOG (lattice-oracle[5.5.480~1-09abd]:main():lattice-oracle.cc:318) %WER 0 [ 0 / 3, 0 insertions, 0 deletions, 0 sub ]
LOG (lattice-oracle[5.5.480~1-09abd]:main():lattice-oracle.cc:332) For utterance M112745086-465807676_214722-112744109_1623187658-GB-M-030, best cost 0
Lattice M112745086-465807676_214722-112744109_1623187658-GB-M-031 read.
LOG (lattice-oracle[5.5.480~1-09abd]:main():lattice-oracle.cc:318) %WER 16.6667 [ 1 / 6, 0 insertions, 0 deletions, 1 sub ]
LOG (lattice-oracle[5.5.480~1-09abd]:main():lattice-oracle.cc:332) For utterance M112745086-465807676_214722-112744109_1623187658-GB-M-031, best cost 1
Lattice M112745086-465807676_214722-112744109_1623187658-GB-M-032 read.
LOG (lattice-oracle[5.5.480~1-09abd]:main():lattice-oracle.cc:318) %WER 0 [ 0 / 4, 0 insertions, 0 deletions, 0 sub ]
LOG (lattice-oracle[5.5.480~1-09abd]:main():lattice-oracle.cc:332) For utterance M112745086-465807676_214722-112744109_1623187658-GB-M-032, best cost 0
Lattice M112745086-465807676_214722-112744109_1623187658-GB-M-033 read.
LOG (lattice-oracle[5.5.480~1-09abd]:main():lattice-oracle.cc:318) %WER 0 [ 0 / 4, 0 insertions, 0 deletions, 0 sub ]
LOG (lattice-oracle[5.5.480~1-09abd]:main():lattice-oracle.cc:332) For utterance M112745086-465807676_214722-112744109_1623187658-GB-M-033, best cost 0
Lattice M112745086-465807676_214722-112744109_1623187658-GB-M-034 read.
LOG (lattice-oracle[5.5.480~1-09abd]:main():lattice-oracle.cc:318) %WER 0 [ 0 / 8, 0 insertions, 0 deletions, 0 sub ]
LOG (lattice-oracle[5.5.480~1-09abd]:main():lattice-oracle.cc:332) For utterance M112745086-465807676_214722-112744109_1623187658-GB-M-034, best cost 0
Lattice M112745086-465807676_214722-112744109_1623187658-GB-M-037 read.
LOG (lattice-oracle[5.5.480~1-09abd]:main():lattice-oracle.cc:318) %WER 0 [ 0 / 3, 0 insertions, 0 deletions, 0 sub ]
LOG (lattice-oracle[5.5.480~1-09abd]:main():lattice-oracle.cc:332) For utterance M112745086-465807676_214722-112744109_1623187658-GB-M-037, best cost 0
Lattice M112745086-465807676_214722-112744109_1623187658-GB-M-038 read.
LOG (lattice-oracle[5.5.480~1-09abd]:main():lattice-oracle.cc:318) %WER 0 [ 0 / 6, 0 insertions, 0 deletions, 0 sub ]
LOG (lattice-oracle[5.5.480~1-09abd]:main():lattice-oracle.cc:332) For utterance M112745086-465807676_214722-112744109_1623187658-GB-M-038, best cost 0
Lattice M112745086-465807676_214722-112744109_1623187658-GB-M-039 read.
LOG (lattice-oracle[5.5.480~1-09abd]:main():lattice-oracle.cc:318) %WER 0 [ 0 / 4, 0 insertions, 0 deletions, 0 sub ]
LOG (lattice-oracle[5.5.480~1-09abd]:main():lattice-oracle.cc:332) For utterance M112745086-465807676_214722-112744109_1623187658-GB-M-039, best cost 0
Lattice M112745086-465807676_214722-112744109_1623187658-GB-M-040 read.
LOG (lattice-oracle[5.5.480~1-09abd]:main():lattice-oracle.cc:318) %WER 0 [ 0 / 10, 0 insertions, 0 deletions, 0 sub ]
LOG (lattice-oracle[5.5.480~1-09abd]:main():lattice-oracle.cc:332) For utterance M112745086-465807676_214722-112744109_1623187658-GB-M-040, best cost 0
Lattice M112745086-465807676_214722-112744109_1623187658-GB-M-042 read.
LOG (lattice-oracle[5.5.480~1-09abd]:main():lattice-oracle.cc:318) %WER 0 [ 0 / 3, 0 insertions, 0 deletions, 0 sub ]
LOG (lattice-oracle[5.5.480~1-09abd]:main():lattice-oracle.cc:332) For utterance M112745086-465807676_214722-112744109_1623187658-GB-M-042, best cost 0
Lattice M112745086-465807676_214722-112744109_1623187658-GB-M-043 read.
LOG (lattice-oracle[5.5.480~1-09abd]:main():lattice-oracle.cc:318) %WER 0 [ 0 / 3, 0 insertions, 0 deletions, 0 sub ]
LOG (lattice-oracle[5.5.480~1-09abd]:main():lattice-oracle.cc:332) For utterance M112745086-465807676_214722-112744109_1623187658-GB-M-043, best cost 0
Lattice M112745086-465807676_214722-112744109_1623187658-GB-M-044 read.
LOG (lattice-oracle[5.5.480~1-09abd]:main():lattice-oracle.cc:318) %WER 0 [ 0 / 3, 0 insertions, 0 deletions, 0 sub ]
LOG (lattice-oracle[5.5.480~1-09abd]:main():lattice-oracle.cc:332) For utterance M112745086-465807676_214722-112744109_1623187658-GB-M-044, best cost 0
Lattice M112745086-465807676_214722-112744109_1623187658-GB-M-045 read.
LOG (lattice-oracle[5.5.480~1-09abd]:main():lattice-oracle.cc:318) %WER 0 [ 0 / 16, 0 insertions, 0 deletions, 0 sub ]
LOG (lattice-oracle[5.5.480~1-09abd]:main():lattice-oracle.cc:332) For utterance M112745086-465807676_214722-112744109_1623187658-GB-M-045, best cost 0
Lattice M112745086-465807676_214722-112744109_1623187658-GB-M-047 read.
LOG (lattice-oracle[5.5.480~1-09abd]:main():lattice-oracle.cc:318) %WER 14.2857 [ 1 / 7, 0 insertions, 1 deletions, 0 sub ]
LOG (lattice-oracle[5.5.480~1-09abd]:main():lattice-oracle.cc:332) For utterance M112745086-465807676_214722-112744109_1623187658-GB-M-047, best cost 1
Lattice M112745086-465807676_214722-112744109_1623187658-GB-M-048 read.
LOG (lattice-oracle[5.5.480~1-09abd]:main():lattice-oracle.cc:318) %WER 12.5 [ 1 / 8, 0 insertions, 1 deletions, 0 sub ]
LOG (lattice-oracle[5.5.480~1-09abd]:main():lattice-oracle.cc:332) For utterance M112745086-465807676_214722-112744109_1623187658-GB-M-048, best cost 1
Lattice M112745086-465807676_214722-112744109_1623187658-GB-M-049 read.
LOG (lattice-oracle[5.5.480~1-09abd]:main():lattice-oracle.cc:318) %WER 0 [ 0 / 9, 0 insertions, 0 deletions, 0 sub ]
LOG (lattice-oracle[5.5.480~1-09abd]:main():lattice-oracle.cc:332) For utterance M112745086-465807676_214722-112744109_1623187658-GB-M-049, best cost 0
Lattice M112745086-465807676_214722-112744109_1623187658-GB-M-051 read.
LOG (lattice-oracle[5.5.480~1-09abd]:main():lattice-oracle.cc:318) %WER 0 [ 0 / 6, 0 insertions, 0 deletions, 0 sub ]
LOG (lattice-oracle[5.5.480~1-09abd]:main():lattice-oracle.cc:332) For utterance M112745086-465807676_214722-112744109_1623187658-GB-M-051, best cost 0
Lattice M112745086-465807676_214722-112744109_1623187658-GB-M-052 read.
LOG (lattice-oracle[5.5.480~1-09abd]:main():lattice-oracle.cc:318) %WER 0 [ 0 / 4, 0 insertions, 0 deletions, 0 sub ]
LOG (lattice-oracle[5.5.480~1-09abd]:main():lattice-oracle.cc:332) For utterance M112745086-465807676_214722-112744109_1623187658-GB-M-052, best cost 0
Lattice M112745086-465807676_214722-112744109_1623187658-GB-M-053 read.
LOG (lattice-oracle[5.5.480~1-09abd]:main():lattice-oracle.cc:318) %WER 0 [ 0 / 4, 0 insertions, 0 deletions, 0 sub ]
LOG (lattice-oracle[5.5.480~1-09abd]:main():lattice-oracle.cc:332) For utterance M112745086-465807676_214722-112744109_1623187658-GB-M-053, best cost 0
Lattice M112745086-465807676_214722-112744109_1623187658-GB-M-054 read.
LOG (lattice-oracle[5.5.480~1-09abd]:main():lattice-oracle.cc:318) %WER 0 [ 0 / 4, 0 insertions, 0 deletions, 0 sub ]
LOG (lattice-oracle[5.5.480~1-09abd]:main():lattice-oracle.cc:332) For utterance M112745086-465807676_214722-112744109_1623187658-GB-M-054, best cost 0
Lattice M112745086-465807676_214722-112744109_1623187658-GB-M-055 read.
LOG (lattice-oracle[5.5.480~1-09abd]:main():lattice-oracle.cc:318) %WER 0 [ 0 / 3, 0 insertions, 0 deletions, 0 sub ]
LOG (lattice-oracle[5.5.480~1-09abd]:main():lattice-oracle.cc:332) For utterance M112745086-465807676_214722-112744109_1623187658-GB-M-055, best cost 0
Lattice M112745086-465807676_214722-112744109_1623187658-GB-M-056 read.
LOG (lattice-oracle[5.5.480~1-09abd]:main():lattice-oracle.cc:318) %WER 0 [ 0 / 8, 0 insertions, 0 deletions, 0 sub ]
LOG (lattice-oracle[5.5.480~1-09abd]:main():lattice-oracle.cc:332) For utterance M112745086-465807676_214722-112744109_1623187658-GB-M-056, best cost 0
Lattice M112745086-465807676_214722-112744109_1623187658-GB-M-058 read.
LOG (lattice-oracle[5.5.480~1-09abd]:main():lattice-oracle.cc:318) %WER 0 [ 0 / 6, 0 insertions, 0 deletions, 0 sub ]
LOG (lattice-oracle[5.5.480~1-09abd]:main():lattice-oracle.cc:332) For utterance M112745086-465807676_214722-112744109_1623187658-GB-M-058, best cost 0
Lattice M112745086-465807676_214722-112744109_1623187658-GB-M-060 read.
LOG (lattice-oracle[5.5.480~1-09abd]:main():lattice-oracle.cc:318) %WER 0 [ 0 / 4, 0 insertions, 0 deletions, 0 sub ]
LOG (lattice-oracle[5.5.480~1-09abd]:main():lattice-oracle.cc:332) For utterance M112745086-465807676_214722-112744109_1623187658-GB-M-060, best cost 0
Lattice M112745086-465807676_214722-112744109_1623187658-GB-M-061 read.
LOG (lattice-oracle[5.5.480~1-09abd]:main():lattice-oracle.cc:318) %WER 0 [ 0 / 3, 0 insertions, 0 deletions, 0 sub ]
LOG (lattice-oracle[5.5.480~1-09abd]:main():lattice-oracle.cc:332) For utterance M112745086-465807676_214722-112744109_1623187658-GB-M-061, best cost 0
Lattice M112745086-465807676_214722-112744109_1623187658-GB-M-062 read.
LOG (lattice-oracle[5.5.480~1-09abd]:main():lattice-oracle.cc:318) %WER 0 [ 0 / 6, 0 insertions, 0 deletions, 0 sub ]
LOG (lattice-oracle[5.5.480~1-09abd]:main():lattice-oracle.cc:332) For utterance M112745086-465807676_214722-112744109_1623187658-GB-M-062, best cost 0
Lattice M112745086-465807676_214722-112744109_1623187658-GB-M-063 read.
LOG (lattice-oracle[5.5.480~1-09abd]:main():lattice-oracle.cc:318) %WER 25 [ 1 / 4, 0 insertions, 0 deletions, 1 sub ]
LOG (lattice-oracle[5.5.480~1-09abd]:main():lattice-oracle.cc:332) For utterance M112745086-465807676_214722-112744109_1623187658-GB-M-063, best cost 1
Lattice M112745086-465807676_214722-112744109_1623187658-GB-M-064 read.
LOG (lattice-oracle[5.5.480~1-09abd]:main():lattice-oracle.cc:318) %WER 0 [ 0 / 10, 0 insertions, 0 deletions, 0 sub ]
LOG (lattice-oracle[5.5.480~1-09abd]:main():lattice-oracle.cc:332) For utterance M112745086-465807676_214722-112744109_1623187658-GB-M-064, best cost 0
Lattice M112745086-465807676_214722-112744109_1623187658-GB-M-066 read.
LOG (lattice-oracle[5.5.480~1-09abd]:main():lattice-oracle.cc:318) %WER 0 [ 0 / 3, 0 insertions, 0 deletions, 0 sub ]
LOG (lattice-oracle[5.5.480~1-09abd]:main():lattice-oracle.cc:332) For utterance M112745086-465807676_214722-112744109_1623187658-GB-M-066, best cost 0
Lattice M112745086-465807676_214722-112744109_1623187658-GB-M-067 read.
LOG (lattice-oracle[5.5.480~1-09abd]:main():lattice-oracle.cc:318) %WER 0 [ 0 / 5, 0 insertions, 0 deletions, 0 sub ]
LOG (lattice-oracle[5.5.480~1-09abd]:main():lattice-oracle.cc:332) For utterance M112745086-465807676_214722-112744109_1623187658-GB-M-067, best cost 0
Lattice M112745086-465807676_214722-112744109_1623187658-GB-M-069 read.
LOG (lattice-oracle[5.5.480~1-09abd]:main():lattice-oracle.cc:318) %WER 0 [ 0 / 9, 0 insertions, 0 deletions, 0 sub ]
LOG (lattice-oracle[5.5.480~1-09abd]:main():lattice-oracle.cc:332) For utterance M112745086-465807676_214722-112744109_1623187658-GB-M-069, best cost 0
Lattice M112745086-465807676_214722-112744109_1623187658-GB-M-070 read.
LOG (lattice-oracle[5.5.480~1-09abd]:main():lattice-oracle.cc:318) %WER 0 [ 0 / 7, 0 insertions, 0 deletions, 0 sub ]
LOG (lattice-oracle[5.5.480~1-09abd]:main():lattice-oracle.cc:332) For utterance M112745086-465807676_214722-112744109_1623187658-GB-M-070, best cost 0
Lattice M112745086-465807676_214722-112744109_1623187658-GB-M-071 read.
LOG (lattice-oracle[5.5.480~1-09abd]:main():lattice-oracle.cc:318) %WER 0 [ 0 / 6, 0 insertions, 0 deletions, 0 sub ]
LOG (lattice-oracle[5.5.480~1-09abd]:main():lattice-oracle.cc:332) For utterance M112745086-465807676_214722-112744109_1623187658-GB-M-071, best cost 0
Lattice M112745086-465807676_214722-112744109_1623187658-GB-M-072 read.
LOG (lattice-oracle[5.5.480~1-09abd]:main():lattice-oracle.cc:318) %WER 0 [ 0 / 8, 0 insertions, 0 deletions, 0 sub ]
LOG (lattice-oracle[5.5.480~1-09abd]:main():lattice-oracle.cc:332) For utterance M112745086-465807676_214722-112744109_1623187658-GB-M-072, best cost 0
Lattice M112745086-465807676_214722-112744109_1623187658-GB-M-073 read.
LOG (lattice-oracle[5.5.480~1-09abd]:main():lattice-oracle.cc:318) %WER 11.1111 [ 1 / 9, 0 insertions, 0 deletions, 1 sub ]
LOG (lattice-oracle[5.5.480~1-09abd]:main():lattice-oracle.cc:332) For utterance M112745086-465807676_214722-112744109_1623187658-GB-M-073, best cost 1
Lattice M112745086-465807676_214722-112744109_1623187658-GB-M-074 read.
LOG (lattice-oracle[5.5.480~1-09abd]:main():lattice-oracle.cc:318) %WER 0 [ 0 / 6, 0 insertions, 0 deletions, 0 sub ]
LOG (lattice-oracle[5.5.480~1-09abd]:main():lattice-oracle.cc:332) For utterance M112745086-465807676_214722-112744109_1623187658-GB-M-074, best cost 0
Lattice M112745086-465807676_214722-112744109_1623187658-GB-M-075 read.
LOG (lattice-oracle[5.5.480~1-09abd]:main():lattice-oracle.cc:318) %WER 25 [ 1 / 4, 1 insertions, 0 deletions, 0 sub ]
LOG (lattice-oracle[5.5.480~1-09abd]:main():lattice-oracle.cc:332) For utterance M112745086-465807676_214722-112744109_1623187658-GB-M-075, best cost 1
Lattice M112745086-465807676_214722-112744109_1623187658-GB-M-076 read.
LOG (lattice-oracle[5.5.480~1-09abd]:main():lattice-oracle.cc:318) %WER 0 [ 0 / 4, 0 insertions, 0 deletions, 0 sub ]
LOG (lattice-oracle[5.5.480~1-09abd]:main():lattice-oracle.cc:332) For utterance M112745086-465807676_214722-112744109_1623187658-GB-M-076, best cost 0
Lattice M112745086-465807676_214722-112744109_1623187658-GB-M-077 read.
LOG (lattice-oracle[5.5.480~1-09abd]:main():lattice-oracle.cc:318) %WER 66.6667 [ 2 / 3, 2 insertions, 0 deletions, 0 sub ]
LOG (lattice-oracle[5.5.480~1-09abd]:main():lattice-oracle.cc:332) For utterance M112745086-465807676_214722-112744109_1623187658-GB-M-077, best cost 2
Lattice M112745086-465807676_214722-112744109_1623187658-GB-M-078 read.
LOG (lattice-oracle[5.5.480~1-09abd]:main():lattice-oracle.cc:318) %WER 66.6667 [ 2 / 3, 2 insertions, 0 deletions, 0 sub ]
LOG (lattice-oracle[5.5.480~1-09abd]:main():lattice-oracle.cc:332) For utterance M112745086-465807676_214722-112744109_1623187658-GB-M-078, best cost 2
Lattice M112745086-465807676_214722-112744109_1623187658-GB-M-079 read.
LOG (lattice-oracle[5.5.480~1-09abd]:main():lattice-oracle.cc:318) %WER 0 [ 0 / 8, 0 insertions, 0 deletions, 0 sub ]
LOG (lattice-oracle[5.5.480~1-09abd]:main():lattice-oracle.cc:332) For utterance M112745086-465807676_214722-112744109_1623187658-GB-M-079, best cost 0
Lattice M112745086-465807676_214722-112744109_1623187658-GB-M-080 read.
LOG (lattice-oracle[5.5.480~1-09abd]:main():lattice-oracle.cc:318) %WER 0 [ 0 / 4, 0 insertions, 0 deletions, 0 sub ]
LOG (lattice-oracle[5.5.480~1-09abd]:main():lattice-oracle.cc:332) For utterance M112745086-465807676_214722-112744109_1623187658-GB-M-080, best cost 0
Lattice M1128839096-366321445_100764-425744274_1612605584-GB-M-011 read.
LOG (lattice-oracle[5.5.480~1-09abd]:main():lattice-oracle.cc:318) %WER 0 [ 0 / 8, 0 insertions, 0 deletions, 0 sub ]
LOG (lattice-oracle[5.5.480~1-09abd]:main():lattice-oracle.cc:332) For utterance M1128839096-366321445_100764-425744274_1612605584-GB-M-011, best cost 0
Lattice M1128839096-366321445_100764-425744274_1612605584-GB-M-012 read.
LOG (lattice-oracle[5.5.480~1-09abd]:main():lattice-oracle.cc:318) %WER 4.7619 [ 1 / 21, 1 insertions, 0 deletions, 0 sub ]
LOG (lattice-oracle[5.5.480~1-09abd]:main():lattice-oracle.cc:332) For utterance M1128839096-366321445_100764-425744274_1612605584-GB-M-012, best cost 1
Lattice M1128839096-366321445_100764-425744274_1612605584-GB-M-017 read.
LOG (lattice-oracle[5.5.480~1-09abd]:main():lattice-oracle.cc:318) %WER 25 [ 5 / 20, 0 insertions, 5 deletions, 0 sub ]
LOG (lattice-oracle[5.5.480~1-09abd]:main():lattice-oracle.cc:332) For utterance M1128839096-366321445_100764-425744274_1612605584-GB-M-017, best cost 5
Lattice M1128839096-366321445_100764-425744274_1612605584-GB-M-024 read.
LOG (lattice-oracle[5.5.480~1-09abd]:main():lattice-oracle.cc:318) %WER 0 [ 0 / 13, 0 insertions, 0 deletions, 0 sub ]
LOG (lattice-oracle[5.5.480~1-09abd]:main():lattice-oracle.cc:332) For utterance M1128839096-366321445_100764-425744274_1612605584-GB-M-024, best cost 0
Lattice M1128839096-366321445_100764-425744274_1612605584-GB-M-029 read.
LOG (lattice-oracle[5.5.480~1-09abd]:main():lattice-oracle.cc:318) %WER 42.8571 [ 3 / 7, 0 insertions, 3 deletions, 0 sub ]
LOG (lattice-oracle[5.5.480~1-09abd]:main():lattice-oracle.cc:332) For utterance M1128839096-366321445_100764-425744274_1612605584-GB-M-029, best cost 3
Lattice M1128839096-366321445_100764-425744274_1612605584-GB-M-030 read.
LOG (lattice-oracle[5.5.480~1-09abd]:main():lattice-oracle.cc:318) %WER 6.66667 [ 2 / 30, 2 insertions, 0 deletions, 0 sub ]
LOG (lattice-oracle[5.5.480~1-09abd]:main():lattice-oracle.cc:332) For utterance M1128839096-366321445_100764-425744274_1612605584-GB-M-030, best cost 2
Lattice M1128839096-366321445_100764-425744274_1612605584-GB-M-037 read.
LOG (lattice-oracle[5.5.480~1-09abd]:main():lattice-oracle.cc:318) %WER 33.3333 [ 5 / 15, 0 insertions, 5 deletions, 0 sub ]
LOG (lattice-oracle[5.5.480~1-09abd]:main():lattice-oracle.cc:332) For utterance M1128839096-366321445_100764-425744274_1612605584-GB-M-037, best cost 5
Lattice M1128839096-366321445_100764-425744274_1612605584-GB-M-042 read.
LOG (lattice-oracle[5.5.480~1-09abd]:main():lattice-oracle.cc:318) %WER 0 [ 0 / 20, 0 insertions, 0 deletions, 0 sub ]
LOG (lattice-oracle[5.5.480~1-09abd]:main():lattice-oracle.cc:332) For utterance M1128839096-366321445_100764-425744274_1612605584-GB-M-042, best cost 0
Lattice M1128839096-366321445_100764-425744274_1612605584-GB-M-048 read.
LOG (lattice-oracle[5.5.480~1-09abd]:main():lattice-oracle.cc:318) %WER 25 [ 1 / 4, 0 insertions, 0 deletions, 1 sub ]
LOG (lattice-oracle[5.5.480~1-09abd]:main():lattice-oracle.cc:332) For utterance M1128839096-366321445_100764-425744274_1612605584-GB-M-048, best cost 1
Lattice M1128839096-366321445_100764-425744274_1612605584-GB-M-049 read.
LOG (lattice-oracle[5.5.480~1-09abd]:main():lattice-oracle.cc:318) %WER 20 [ 1 / 5, 1 insertions, 0 deletions, 0 sub ]
LOG (lattice-oracle[5.5.480~1-09abd]:main():lattice-oracle.cc:332) For utterance M1128839096-366321445_100764-425744274_1612605584-GB-M-049, best cost 1
Lattice M117155791-859070042_2654751-294105537_1587992395-GB-M-003 read.
LOG (lattice-oracle[5.5.480~1-09abd]:main():lattice-oracle.cc:318) %WER 33.3333 [ 2 / 6, 0 insertions, 2 deletions, 0 sub ]
LOG (lattice-oracle[5.5.480~1-09abd]:main():lattice-oracle.cc:332) For utterance M117155791-859070042_2654751-294105537_1587992395-GB-M-003, best cost 2
Lattice M117155791-859070042_2654751-294105537_1587992395-GB-M-004 read.
LOG (lattice-oracle[5.5.480~1-09abd]:main():lattice-oracle.cc:318) %WER 80 [ 4 / 5, 1 insertions, 1 deletions, 2 sub ]
LOG (lattice-oracle[5.5.480~1-09abd]:main():lattice-oracle.cc:332) For utterance M117155791-859070042_2654751-294105537_1587992395-GB-M-004, best cost 4
Lattice M117155791-859070042_2654751-294105537_1587992395-GB-M-005 read.
LOG (lattice-oracle[5.5.480~1-09abd]:main():lattice-oracle.cc:318) %WER 14.2857 [ 2 / 14, 0 insertions, 2 deletions, 0 sub ]
LOG (lattice-oracle[5.5.480~1-09abd]:main():lattice-oracle.cc:332) For utterance M117155791-859070042_2654751-294105537_1587992395-GB-M-005, best cost 2
Lattice M117155791-859070042_2654751-294105537_1587992395-GB-M-008 read.
LOG (lattice-oracle[5.5.480~1-09abd]:main():lattice-oracle.cc:318) %WER 0 [ 0 / 6, 0 insertions, 0 deletions, 0 sub ]
LOG (lattice-oracle[5.5.480~1-09abd]:main():lattice-oracle.cc:332) For utterance M117155791-859070042_2654751-294105537_1587992395-GB-M-008, best cost 0
Lattice M117155791-859070042_2654751-294105537_1587992395-GB-M-009 read.
LOG (lattice-oracle[5.5.480~1-09abd]:main():lattice-oracle.cc:318) %WER 0 [ 0 / 6, 0 insertions, 0 deletions, 0 sub ]
LOG (lattice-oracle[5.5.480~1-09abd]:main():lattice-oracle.cc:332) For utterance M117155791-859070042_2654751-294105537_1587992395-GB-M-009, best cost 0
Lattice M117155791-859070042_2654751-294105537_1587992395-GB-M-010 read.
LOG (lattice-oracle[5.5.480~1-09abd]:main():lattice-oracle.cc:318) %WER 0 [ 0 / 6, 0 insertions, 0 deletions, 0 sub ]
LOG (lattice-oracle[5.5.480~1-09abd]:main():lattice-oracle.cc:332) For utterance M117155791-859070042_2654751-294105537_1587992395-GB-M-010, best cost 0
Lattice M117155791-859070042_2654751-294105537_1587992395-GB-M-012 read.
LOG (lattice-oracle[5.5.480~1-09abd]:main():lattice-oracle.cc:318) %WER 0 [ 0 / 8, 0 insertions, 0 deletions, 0 sub ]
LOG (lattice-oracle[5.5.480~1-09abd]:main():lattice-oracle.cc:332) For utterance M117155791-859070042_2654751-294105537_1587992395-GB-M-012, best cost 0
Lattice M117155791-859070042_2654751-294105537_1587992395-GB-M-013 read.
LOG (lattice-oracle[5.5.480~1-09abd]:main():lattice-oracle.cc:318) %WER 0 [ 0 / 37, 0 insertions, 0 deletions, 0 sub ]
LOG (lattice-oracle[5.5.480~1-09abd]:main():lattice-oracle.cc:332) For utterance M117155791-859070042_2654751-294105537_1587992395-GB-M-013, best cost 0
Lattice M117155791-859070042_2654751-294105537_1587992395-GB-M-021 read.
LOG (lattice-oracle[5.5.480~1-09abd]:main():lattice-oracle.cc:318) %WER 50 [ 6 / 12, 0 insertions, 6 deletions, 0 sub ]
LOG (lattice-oracle[5.5.480~1-09abd]:main():lattice-oracle.cc:332) For utterance M117155791-859070042_2654751-294105537_1587992395-GB-M-021, best cost 6
Lattice M117155791-859070042_2654751-294105537_1587992395-GB-M-027 read.
LOG (lattice-oracle[5.5.480~1-09abd]:main():lattice-oracle.cc:318) %WER 0 [ 0 / 7, 0 insertions, 0 deletions, 0 sub ]
LOG (lattice-oracle[5.5.480~1-09abd]:main():lattice-oracle.cc:332) For utterance M117155791-859070042_2654751-294105537_1587992395-GB-M-027, best cost 0
Lattice M117155791-859070042_2654751-294105537_1587992395-GB-M-028 read.
LOG (lattice-oracle[5.5.480~1-09abd]:main():lattice-oracle.cc:318) %WER 0 [ 0 / 26, 0 insertions, 0 deletions, 0 sub ]
LOG (lattice-oracle[5.5.480~1-09abd]:main():lattice-oracle.cc:332) For utterance M117155791-859070042_2654751-294105537_1587992395-GB-M-028, best cost 0
Lattice M117155791-859070042_2654751-294105537_1587992395-GB-M-033 read.
LOG (lattice-oracle[5.5.480~1-09abd]:main():lattice-oracle.cc:318) %WER 20 [ 1 / 5, 0 insertions, 1 deletions, 0 sub ]
LOG (lattice-oracle[5.5.480~1-09abd]:main():lattice-oracle.cc:332) For utterance M117155791-859070042_2654751-294105537_1587992395-GB-M-033, best cost 1
Lattice M117155791-859070042_2654751-294105537_1587992395-GB-M-034 read.
LOG (lattice-oracle[5.5.480~1-09abd]:main():lattice-oracle.cc:318) %WER 18.75 [ 3 / 16, 0 insertions, 3 deletions, 0 sub ]
LOG (lattice-oracle[5.5.480~1-09abd]:main():lattice-oracle.cc:332) For utterance M117155791-859070042_2654751-294105537_1587992395-GB-M-034, best cost 3
Lattice M117155791-859070042_2654751-294105537_1587992395-GB-M-037 read.
LOG (lattice-oracle[5.5.480~1-09abd]:main():lattice-oracle.cc:318) %WER 12.5 [ 2 / 16, 0 insertions, 2 deletions, 0 sub ]
LOG (lattice-oracle[5.5.480~1-09abd]:main():lattice-oracle.cc:332) For utterance M117155791-859070042_2654751-294105537_1587992395-GB-M-037, best cost 2
Lattice M117155791-859070042_2654751-294105537_1587992395-GB-M-041 read.
LOG (lattice-oracle[5.5.480~1-09abd]:main():lattice-oracle.cc:318) %WER 50 [ 6 / 12, 1 insertions, 5 deletions, 0 sub ]
LOG (lattice-oracle[5.5.480~1-09abd]:main():lattice-oracle.cc:332) For utterance M117155791-859070042_2654751-294105537_1587992395-GB-M-041, best cost 6
Lattice M117155791-859070042_2654751-294105537_1587992395-GB-M-047 read.
LOG (lattice-oracle[5.5.480~1-09abd]:main():lattice-oracle.cc:318) %WER 0 [ 0 / 37, 0 insertions, 0 deletions, 0 sub ]
LOG (lattice-oracle[5.5.480~1-09abd]:main():lattice-oracle.cc:332) For utterance M117155791-859070042_2654751-294105537_1587992395-GB-M-047, best cost 0
Lattice M117155791-859070042_2654751-294105537_1587992395-GB-M-056 read.
LOG (lattice-oracle[5.5.480~1-09abd]:main():lattice-oracle.cc:318) %WER 0 [ 0 / 13, 0 insertions, 0 deletions, 0 sub ]
LOG (lattice-oracle[5.5.480~1-09abd]:main():lattice-oracle.cc:332) For utterance M117155791-859070042_2654751-294105537_1587992395-GB-M-056, best cost 0
Lattice M117155791-859070042_2654751-294105537_1587992395-GB-M-058 read.
LOG (lattice-oracle[5.5.480~1-09abd]:main():lattice-oracle.cc:318) %WER 30 [ 6 / 20, 0 insertions, 6 deletions, 0 sub ]
LOG (lattice-oracle[5.5.480~1-09abd]:main():lattice-oracle.cc:332) For utterance M117155791-859070042_2654751-294105537_1587992395-GB-M-058, best cost 6
Lattice M117155791-859070042_2654751-294105537_1587992395-GB-M-067 read.
LOG (lattice-oracle[5.5.480~1-09abd]:main():lattice-oracle.cc:318) %WER 7.69231 [ 1 / 13, 0 insertions, 1 deletions, 0 sub ]
LOG (lattice-oracle[5.5.480~1-09abd]:main():lattice-oracle.cc:332) For utterance M117155791-859070042_2654751-294105537_1587992395-GB-M-067, best cost 1
Lattice M117155791-859070042_2654751-294105537_1587992395-GB-M-073 read.
LOG (lattice-oracle[5.5.480~1-09abd]:main():lattice-oracle.cc:318) %WER 0 [ 0 / 17, 0 insertions, 0 deletions, 0 sub ]
LOG (lattice-oracle[5.5.480~1-09abd]:main():lattice-oracle.cc:332) For utterance M117155791-859070042_2654751-294105537_1587992395-GB-M-073, best cost 0
Lattice M117155791-859070042_2654751-294105537_1587992395-GB-M-078 read.
LOG (lattice-oracle[5.5.480~1-09abd]:main():lattice-oracle.cc:318) %WER 0 [ 0 / 4, 0 insertions, 0 deletions, 0 sub ]
LOG (lattice-oracle[5.5.480~1-09abd]:main():lattice-oracle.cc:332) For utterance M117155791-859070042_2654751-294105537_1587992395-GB-M-078, best cost 0
Lattice M117155791-859070042_2654751-294105537_1587992395-GB-M-080 read.
LOG (lattice-oracle[5.5.480~1-09abd]:main():lattice-oracle.cc:318) %WER 11.1111 [ 1 / 9, 0 insertions, 1 deletions, 0 sub ]
LOG (lattice-oracle[5.5.480~1-09abd]:main():lattice-oracle.cc:332) For utterance M117155791-859070042_2654751-294105537_1587992395-GB-M-080, best cost 1
Lattice M117155791-859070042_2654751-294105537_1587992395-GB-M-083 read.
LOG (lattice-oracle[5.5.480~1-09abd]:main():lattice-oracle.cc:318) %WER 0 [ 0 / 22, 0 insertions, 0 deletions, 0 sub ]
LOG (lattice-oracle[5.5.480~1-09abd]:main():lattice-oracle.cc:332) For utterance M117155791-859070042_2654751-294105537_1587992395-GB-M-083, best cost 0
Lattice M117155791-859070042_2654751-294105537_1587992395-GB-M-088 read.
LOG (lattice-oracle[5.5.480~1-09abd]:main():lattice-oracle.cc:318) %WER 5 [ 3 / 60, 1 insertions, 2 deletions, 0 sub ]
LOG (lattice-oracle[5.5.480~1-09abd]:main():lattice-oracle.cc:332) For utterance M117155791-859070042_2654751-294105537_1587992395-GB-M-088, best cost 3
Lattice M117155791-859070042_2654751-294105537_1587992395-GB-M-100 read.
LOG (lattice-oracle[5.5.480~1-09abd]:main():lattice-oracle.cc:318) %WER 53.8462 [ 7 / 13, 1 insertions, 4 deletions, 2 sub ]
LOG (lattice-oracle[5.5.480~1-09abd]:main():lattice-oracle.cc:332) For utterance M117155791-859070042_2654751-294105537_1587992395-GB-M-100, best cost 7
Lattice M117155791-859070042_2654751-294105537_1587992395-GB-M-106 read.
LOG (lattice-oracle[5.5.480~1-09abd]:main():lattice-oracle.cc:318) %WER 0 [ 0 / 7, 0 insertions, 0 deletions, 0 sub ]
LOG (lattice-oracle[5.5.480~1-09abd]:main():lattice-oracle.cc:332) For utterance M117155791-859070042_2654751-294105537_1587992395-GB-M-106, best cost 0
Lattice M117155791-859070042_2654751-294105537_1587992395-GB-M-107 read.
LOG (lattice-oracle[5.5.480~1-09abd]:main():lattice-oracle.cc:318) %WER 16.6667 [ 1 / 6, 0 insertions, 1 deletions, 0 sub ]
LOG (lattice-oracle[5.5.480~1-09abd]:main():lattice-oracle.cc:332) For utterance M117155791-859070042_2654751-294105537_1587992395-GB-M-107, best cost 1
Lattice M117155791-859070042_2654751-294105537_1587992395-GB-M-108 read.
LOG (lattice-oracle[5.5.480~1-09abd]:main():lattice-oracle.cc:318) %WER 5 [ 2 / 40, 0 insertions, 1 deletions, 1 sub ]
LOG (lattice-oracle[5.5.480~1-09abd]:main():lattice-oracle.cc:332) For utterance M117155791-859070042_2654751-294105537_1587992395-GB-M-108, best cost 2
LOG (lattice-oracle[5.5.480~1-09abd]:main():lattice-oracle.cc:383) Overall %WER 13.3697 [ 319 / 2386, 31 insertions, 226 deletions, 62 substitutions ]
LOG (lattice-oracle[5.5.480~1-09abd]:main():lattice-oracle.cc:387) Scored 213 lattices, 0 not present in ref.
# Accounting: time=2 threads=1
# Ended (code 0) at Tue Sep 10 15:04:48 BST 2019, elapsed time 2 seconds
