# lattice-oracle "--write-lattices=ark:|gzip -c > exp/tri3b_cleaned/lattice_oracle/lat.9.gz" "ark:gunzip -c exp/tri3b_cleaned/lats/lat.9.gz |" "ark:utils/sym2int.pl --map-oov 239 -f 2- data/lang/words.txt data/train1/split40/9/text|" ark,t:- | utils/int2sym.pl -f 2- data/lang/words.txt > exp/tri3b_cleaned/lattice_oracle/oracle_hyp.9.txt 
# Started at Tue Sep 10 15:04:37 BST 2019
#
lattice-oracle '--write-lattices=ark:|gzip -c > exp/tri3b_cleaned/lattice_oracle/lat.9.gz' 'ark:gunzip -c exp/tri3b_cleaned/lats/lat.9.gz |' 'ark:utils/sym2int.pl --map-oov 239 -f 2- data/lang/words.txt data/train1/split40/9/text|' ark,t:- 
Lattice F266142232-597316445_1262222-449332574_1591233261-GB-F-001 read.
sym2int.pl: replacing HALLEUJAH with 239
sym2int.pl: replacing OVERTHREW with 239
sym2int.pl: replacing HALLEUJAH with 239
sym2int.pl: replacing OVERTHREW with 239
sym2int.pl: replacing SEEPS with 239
sym2int.pl: replacing ENDLESSNESS with 239
LOG (lattice-oracle[5.5.480~1-09abd]:main():lattice-oracle.cc:318) %WER 0 [ 0 / 7, 0 insertions, 0 deletions, 0 sub ]
LOG (lattice-oracle[5.5.480~1-09abd]:main():lattice-oracle.cc:332) For utterance F266142232-597316445_1262222-449332574_1591233261-GB-F-001, best cost 0
sym2int.pl: replacing ENDLESSNESS with 239
sym2int.pl: replacing GUMMY with 239
Lattice F266142232-597316445_1262222-449332574_1591233261-GB-F-002 read.
sym2int.pl: replacing SLIDERS with 239
sym2int.pl: replacing BEEFS with 239
sym2int.pl: replacing AWW with 239
sym2int.pl: replacing SHOOTERS'LL with 239
sym2int.pl: replacing DUBSTEP with 239
sym2int.pl: replacing AWW with 239
sym2int.pl: replacing BIGGZ with 239
** Replaced 15 instances of OOVs with 239
LOG (lattice-oracle[5.5.480~1-09abd]:main():lattice-oracle.cc:318) %WER 0 [ 0 / 4, 0 insertions, 0 deletions, 0 sub ]
LOG (lattice-oracle[5.5.480~1-09abd]:main():lattice-oracle.cc:332) For utterance F266142232-597316445_1262222-449332574_1591233261-GB-F-002, best cost 0
Lattice F266142232-597316445_1262222-449332574_1591233261-GB-F-003 read.
LOG (lattice-oracle[5.5.480~1-09abd]:main():lattice-oracle.cc:318) %WER 0 [ 0 / 4, 0 insertions, 0 deletions, 0 sub ]
LOG (lattice-oracle[5.5.480~1-09abd]:main():lattice-oracle.cc:332) For utterance F266142232-597316445_1262222-449332574_1591233261-GB-F-003, best cost 0
Lattice F266142232-597316445_1262222-449332574_1591233261-GB-F-004 read.
LOG (lattice-oracle[5.5.480~1-09abd]:main():lattice-oracle.cc:318) %WER 11.1111 [ 1 / 9, 0 insertions, 1 deletions, 0 sub ]
LOG (lattice-oracle[5.5.480~1-09abd]:main():lattice-oracle.cc:332) For utterance F266142232-597316445_1262222-449332574_1591233261-GB-F-004, best cost 1
Lattice F266142232-597316445_1262222-449332574_1591233261-GB-F-007 read.
LOG (lattice-oracle[5.5.480~1-09abd]:main():lattice-oracle.cc:318) %WER 0 [ 0 / 5, 0 insertions, 0 deletions, 0 sub ]
LOG (lattice-oracle[5.5.480~1-09abd]:main():lattice-oracle.cc:332) For utterance F266142232-597316445_1262222-449332574_1591233261-GB-F-007, best cost 0
Lattice F266142232-597316445_1262222-449332574_1591233261-GB-F-008 read.
LOG (lattice-oracle[5.5.480~1-09abd]:main():lattice-oracle.cc:318) %WER 0 [ 0 / 11, 0 insertions, 0 deletions, 0 sub ]
LOG (lattice-oracle[5.5.480~1-09abd]:main():lattice-oracle.cc:332) For utterance F266142232-597316445_1262222-449332574_1591233261-GB-F-008, best cost 0
Lattice F266142232-597316445_1262222-449332574_1591233261-GB-F-010 read.
LOG (lattice-oracle[5.5.480~1-09abd]:main():lattice-oracle.cc:318) %WER 80 [ 4 / 5, 0 insertions, 4 deletions, 0 sub ]
LOG (lattice-oracle[5.5.480~1-09abd]:main():lattice-oracle.cc:332) For utterance F266142232-597316445_1262222-449332574_1591233261-GB-F-010, best cost 4
Lattice F266142232-597316445_1262222-449332574_1591233261-GB-F-011 read.
LOG (lattice-oracle[5.5.480~1-09abd]:main():lattice-oracle.cc:318) %WER 450 [ 9 / 2, 9 insertions, 0 deletions, 0 sub ]
LOG (lattice-oracle[5.5.480~1-09abd]:main():lattice-oracle.cc:332) For utterance F266142232-597316445_1262222-449332574_1591233261-GB-F-011, best cost 9
Lattice F266142232-597316445_1262222-449332574_1591233261-GB-F-012 read.
LOG (lattice-oracle[5.5.480~1-09abd]:main():lattice-oracle.cc:318) %WER 33.3333 [ 3 / 9, 0 insertions, 2 deletions, 1 sub ]
LOG (lattice-oracle[5.5.480~1-09abd]:main():lattice-oracle.cc:332) For utterance F266142232-597316445_1262222-449332574_1591233261-GB-F-012, best cost 3
Lattice F266142232-597316445_1262222-449332574_1591233261-GB-F-014 read.
LOG (lattice-oracle[5.5.480~1-09abd]:main():lattice-oracle.cc:318) %WER 14.2857 [ 1 / 7, 0 insertions, 1 deletions, 0 sub ]
LOG (lattice-oracle[5.5.480~1-09abd]:main():lattice-oracle.cc:332) For utterance F266142232-597316445_1262222-449332574_1591233261-GB-F-014, best cost 1
Lattice F266142232-597316445_1262222-449332574_1591233261-GB-F-015 read.
LOG (lattice-oracle[5.5.480~1-09abd]:main():lattice-oracle.cc:318) %WER 28.5714 [ 2 / 7, 1 insertions, 0 deletions, 1 sub ]
LOG (lattice-oracle[5.5.480~1-09abd]:main():lattice-oracle.cc:332) For utterance F266142232-597316445_1262222-449332574_1591233261-GB-F-015, best cost 2
Lattice F266142232-597316445_1262222-449332574_1591233261-GB-F-018 read.
LOG (lattice-oracle[5.5.480~1-09abd]:main():lattice-oracle.cc:318) %WER 0 [ 0 / 7, 0 insertions, 0 deletions, 0 sub ]
LOG (lattice-oracle[5.5.480~1-09abd]:main():lattice-oracle.cc:332) For utterance F266142232-597316445_1262222-449332574_1591233261-GB-F-018, best cost 0
Lattice F266142232-597316445_1262222-449332574_1591233261-GB-F-019 read.
LOG (lattice-oracle[5.5.480~1-09abd]:main():lattice-oracle.cc:318) %WER 0 [ 0 / 9, 0 insertions, 0 deletions, 0 sub ]
LOG (lattice-oracle[5.5.480~1-09abd]:main():lattice-oracle.cc:332) For utterance F266142232-597316445_1262222-449332574_1591233261-GB-F-019, best cost 0
Lattice F266142232-597316445_1262222-449332574_1591233261-GB-F-021 read.
LOG (lattice-oracle[5.5.480~1-09abd]:main():lattice-oracle.cc:318) %WER 62.5 [ 5 / 8, 0 insertions, 5 deletions, 0 sub ]
LOG (lattice-oracle[5.5.480~1-09abd]:main():lattice-oracle.cc:332) For utterance F266142232-597316445_1262222-449332574_1591233261-GB-F-021, best cost 5
Lattice F266142232-597316445_1262222-449332574_1591233261-GB-F-023 read.
LOG (lattice-oracle[5.5.480~1-09abd]:main():lattice-oracle.cc:318) %WER 250 [ 5 / 2, 5 insertions, 0 deletions, 0 sub ]
LOG (lattice-oracle[5.5.480~1-09abd]:main():lattice-oracle.cc:332) For utterance F266142232-597316445_1262222-449332574_1591233261-GB-F-023, best cost 5
Lattice F266142232-597316445_1262222-449332574_1591233261-GB-F-024 read.
LOG (lattice-oracle[5.5.480~1-09abd]:main():lattice-oracle.cc:318) %WER 0 [ 0 / 5, 0 insertions, 0 deletions, 0 sub ]
LOG (lattice-oracle[5.5.480~1-09abd]:main():lattice-oracle.cc:332) For utterance F266142232-597316445_1262222-449332574_1591233261-GB-F-024, best cost 0
Lattice F266142232-597316445_1262222-449332574_1591233261-GB-F-025 read.
LOG (lattice-oracle[5.5.480~1-09abd]:main():lattice-oracle.cc:318) %WER 5 [ 1 / 20, 0 insertions, 1 deletions, 0 sub ]
LOG (lattice-oracle[5.5.480~1-09abd]:main():lattice-oracle.cc:332) For utterance F266142232-597316445_1262222-449332574_1591233261-GB-F-025, best cost 1
Lattice F266142232-597316445_1262222-449332574_1591233261-GB-F-030 read.
LOG (lattice-oracle[5.5.480~1-09abd]:main():lattice-oracle.cc:318) %WER 55.5556 [ 5 / 9, 0 insertions, 0 deletions, 5 sub ]
LOG (lattice-oracle[5.5.480~1-09abd]:main():lattice-oracle.cc:332) For utterance F266142232-597316445_1262222-449332574_1591233261-GB-F-030, best cost 5
Lattice F266142232-597316445_1262222-449332574_1591233261-GB-F-032 read.
LOG (lattice-oracle[5.5.480~1-09abd]:main():lattice-oracle.cc:318) %WER 0 [ 0 / 7, 0 insertions, 0 deletions, 0 sub ]
LOG (lattice-oracle[5.5.480~1-09abd]:main():lattice-oracle.cc:332) For utterance F266142232-597316445_1262222-449332574_1591233261-GB-F-032, best cost 0
Lattice F266142232-597316445_1262222-449332574_1591233261-GB-F-033 read.
LOG (lattice-oracle[5.5.480~1-09abd]:main():lattice-oracle.cc:318) %WER 62.5 [ 5 / 8, 0 insertions, 5 deletions, 0 sub ]
LOG (lattice-oracle[5.5.480~1-09abd]:main():lattice-oracle.cc:332) For utterance F266142232-597316445_1262222-449332574_1591233261-GB-F-033, best cost 5
Lattice F266142232-597316445_1262222-449332574_1591233261-GB-F-034 read.
LOG (lattice-oracle[5.5.480~1-09abd]:main():lattice-oracle.cc:318) %WER 100 [ 2 / 2, 2 insertions, 0 deletions, 0 sub ]
LOG (lattice-oracle[5.5.480~1-09abd]:main():lattice-oracle.cc:332) For utterance F266142232-597316445_1262222-449332574_1591233261-GB-F-034, best cost 2
Lattice F269845660-130323105_211942-269847215_1581962974-GB-F-001 read.
LOG (lattice-oracle[5.5.480~1-09abd]:main():lattice-oracle.cc:318) %WER 25 [ 1 / 4, 0 insertions, 0 deletions, 1 sub ]
LOG (lattice-oracle[5.5.480~1-09abd]:main():lattice-oracle.cc:332) For utterance F269845660-130323105_211942-269847215_1581962974-GB-F-001, best cost 1
Lattice F269845660-130323105_211942-269847215_1581962974-GB-F-002 read.
LOG (lattice-oracle[5.5.480~1-09abd]:main():lattice-oracle.cc:318) %WER 0 [ 0 / 3, 0 insertions, 0 deletions, 0 sub ]
LOG (lattice-oracle[5.5.480~1-09abd]:main():lattice-oracle.cc:332) For utterance F269845660-130323105_211942-269847215_1581962974-GB-F-002, best cost 0
Lattice F269845660-130323105_211942-269847215_1581962974-GB-F-003 read.
LOG (lattice-oracle[5.5.480~1-09abd]:main():lattice-oracle.cc:318) %WER 0 [ 0 / 7, 0 insertions, 0 deletions, 0 sub ]
LOG (lattice-oracle[5.5.480~1-09abd]:main():lattice-oracle.cc:332) For utterance F269845660-130323105_211942-269847215_1581962974-GB-F-003, best cost 0
Lattice F269845660-130323105_211942-269847215_1581962974-GB-F-005 read.
LOG (lattice-oracle[5.5.480~1-09abd]:main():lattice-oracle.cc:318) %WER 0 [ 0 / 14, 0 insertions, 0 deletions, 0 sub ]
LOG (lattice-oracle[5.5.480~1-09abd]:main():lattice-oracle.cc:332) For utterance F269845660-130323105_211942-269847215_1581962974-GB-F-005, best cost 0
Lattice F269845660-130323105_211942-269847215_1581962974-GB-F-008 read.
LOG (lattice-oracle[5.5.480~1-09abd]:main():lattice-oracle.cc:318) %WER 0 [ 0 / 13, 0 insertions, 0 deletions, 0 sub ]
LOG (lattice-oracle[5.5.480~1-09abd]:main():lattice-oracle.cc:332) For utterance F269845660-130323105_211942-269847215_1581962974-GB-F-008, best cost 0
Lattice F269845660-130323105_211942-269847215_1581962974-GB-F-011 read.
LOG (lattice-oracle[5.5.480~1-09abd]:main():lattice-oracle.cc:318) %WER 0 [ 0 / 5, 0 insertions, 0 deletions, 0 sub ]
LOG (lattice-oracle[5.5.480~1-09abd]:main():lattice-oracle.cc:332) For utterance F269845660-130323105_211942-269847215_1581962974-GB-F-011, best cost 0
Lattice F269845660-130323105_211942-269847215_1581962974-GB-F-012 read.
LOG (lattice-oracle[5.5.480~1-09abd]:main():lattice-oracle.cc:318) %WER 0 [ 0 / 7, 0 insertions, 0 deletions, 0 sub ]
LOG (lattice-oracle[5.5.480~1-09abd]:main():lattice-oracle.cc:332) For utterance F269845660-130323105_211942-269847215_1581962974-GB-F-012, best cost 0
Lattice F269845660-130323105_211942-269847215_1581962974-GB-F-014 read.
LOG (lattice-oracle[5.5.480~1-09abd]:main():lattice-oracle.cc:318) %WER 0 [ 0 / 4, 0 insertions, 0 deletions, 0 sub ]
LOG (lattice-oracle[5.5.480~1-09abd]:main():lattice-oracle.cc:332) For utterance F269845660-130323105_211942-269847215_1581962974-GB-F-014, best cost 0
Lattice F269845660-130323105_211942-269847215_1581962974-GB-F-015 read.
LOG (lattice-oracle[5.5.480~1-09abd]:main():lattice-oracle.cc:318) %WER 0 [ 0 / 8, 0 insertions, 0 deletions, 0 sub ]
LOG (lattice-oracle[5.5.480~1-09abd]:main():lattice-oracle.cc:332) For utterance F269845660-130323105_211942-269847215_1581962974-GB-F-015, best cost 0
Lattice F269845660-130323105_211942-269847215_1581962974-GB-F-017 read.
LOG (lattice-oracle[5.5.480~1-09abd]:main():lattice-oracle.cc:318) %WER 0 [ 0 / 6, 0 insertions, 0 deletions, 0 sub ]
LOG (lattice-oracle[5.5.480~1-09abd]:main():lattice-oracle.cc:332) For utterance F269845660-130323105_211942-269847215_1581962974-GB-F-017, best cost 0
Lattice F269845660-130323105_211942-269847215_1581962974-GB-F-018 read.
LOG (lattice-oracle[5.5.480~1-09abd]:main():lattice-oracle.cc:318) %WER 0 [ 0 / 5, 0 insertions, 0 deletions, 0 sub ]
LOG (lattice-oracle[5.5.480~1-09abd]:main():lattice-oracle.cc:332) For utterance F269845660-130323105_211942-269847215_1581962974-GB-F-018, best cost 0
Lattice F269845660-130323105_211942-269847215_1581962974-GB-F-019 read.
LOG (lattice-oracle[5.5.480~1-09abd]:main():lattice-oracle.cc:318) %WER 4.7619 [ 1 / 21, 0 insertions, 1 deletions, 0 sub ]
LOG (lattice-oracle[5.5.480~1-09abd]:main():lattice-oracle.cc:332) For utterance F269845660-130323105_211942-269847215_1581962974-GB-F-019, best cost 1
Lattice F269845660-130323105_211942-269847215_1581962974-GB-F-023 read.
LOG (lattice-oracle[5.5.480~1-09abd]:main():lattice-oracle.cc:318) %WER 0 [ 0 / 4, 0 insertions, 0 deletions, 0 sub ]
LOG (lattice-oracle[5.5.480~1-09abd]:main():lattice-oracle.cc:332) For utterance F269845660-130323105_211942-269847215_1581962974-GB-F-023, best cost 0
Lattice F269845660-130323105_211942-269847215_1581962974-GB-F-025 read.
LOG (lattice-oracle[5.5.480~1-09abd]:main():lattice-oracle.cc:318) %WER 25 [ 1 / 4, 1 insertions, 0 deletions, 0 sub ]
LOG (lattice-oracle[5.5.480~1-09abd]:main():lattice-oracle.cc:332) For utterance F269845660-130323105_211942-269847215_1581962974-GB-F-025, best cost 1
Lattice F269845660-130323105_211942-269847215_1581962974-GB-F-026 read.
LOG (lattice-oracle[5.5.480~1-09abd]:main():lattice-oracle.cc:318) %WER 0 [ 0 / 4, 0 insertions, 0 deletions, 0 sub ]
LOG (lattice-oracle[5.5.480~1-09abd]:main():lattice-oracle.cc:332) For utterance F269845660-130323105_211942-269847215_1581962974-GB-F-026, best cost 0
Lattice F269845660-130323105_211942-269847215_1581962974-GB-F-027 read.
LOG (lattice-oracle[5.5.480~1-09abd]:main():lattice-oracle.cc:318) %WER 0 [ 0 / 9, 0 insertions, 0 deletions, 0 sub ]
LOG (lattice-oracle[5.5.480~1-09abd]:main():lattice-oracle.cc:332) For utterance F269845660-130323105_211942-269847215_1581962974-GB-F-027, best cost 0
Lattice F269845660-130323105_211942-269847215_1581962974-GB-F-029 read.
LOG (lattice-oracle[5.5.480~1-09abd]:main():lattice-oracle.cc:318) %WER 0 [ 0 / 3, 0 insertions, 0 deletions, 0 sub ]
LOG (lattice-oracle[5.5.480~1-09abd]:main():lattice-oracle.cc:332) For utterance F269845660-130323105_211942-269847215_1581962974-GB-F-029, best cost 0
Lattice F269845660-130323105_211942-269847215_1581962974-GB-F-030 read.
LOG (lattice-oracle[5.5.480~1-09abd]:main():lattice-oracle.cc:318) %WER 0 [ 0 / 5, 0 insertions, 0 deletions, 0 sub ]
LOG (lattice-oracle[5.5.480~1-09abd]:main():lattice-oracle.cc:332) For utterance F269845660-130323105_211942-269847215_1581962974-GB-F-030, best cost 0
Lattice F269845660-130323105_211942-269847215_1581962974-GB-F-031 read.
LOG (lattice-oracle[5.5.480~1-09abd]:main():lattice-oracle.cc:318) %WER 0 [ 0 / 4, 0 insertions, 0 deletions, 0 sub ]
LOG (lattice-oracle[5.5.480~1-09abd]:main():lattice-oracle.cc:332) For utterance F269845660-130323105_211942-269847215_1581962974-GB-F-031, best cost 0
Lattice F269845660-130323105_211942-269847215_1581962974-GB-F-032 read.
LOG (lattice-oracle[5.5.480~1-09abd]:main():lattice-oracle.cc:318) %WER 0 [ 0 / 11, 0 insertions, 0 deletions, 0 sub ]
LOG (lattice-oracle[5.5.480~1-09abd]:main():lattice-oracle.cc:332) For utterance F269845660-130323105_211942-269847215_1581962974-GB-F-032, best cost 0
Lattice F269845660-130323105_211942-269847215_1581962974-GB-F-034 read.
LOG (lattice-oracle[5.5.480~1-09abd]:main():lattice-oracle.cc:318) %WER 0 [ 0 / 5, 0 insertions, 0 deletions, 0 sub ]
LOG (lattice-oracle[5.5.480~1-09abd]:main():lattice-oracle.cc:332) For utterance F269845660-130323105_211942-269847215_1581962974-GB-F-034, best cost 0
Lattice F269845660-130323105_211942-269847215_1581962974-GB-F-036 read.
LOG (lattice-oracle[5.5.480~1-09abd]:main():lattice-oracle.cc:318) %WER 0 [ 0 / 39, 0 insertions, 0 deletions, 0 sub ]
LOG (lattice-oracle[5.5.480~1-09abd]:main():lattice-oracle.cc:332) For utterance F269845660-130323105_211942-269847215_1581962974-GB-F-036, best cost 0
Lattice F269845660-130323105_211942-269847215_1581962974-GB-F-044 read.
LOG (lattice-oracle[5.5.480~1-09abd]:main():lattice-oracle.cc:318) %WER 0 [ 0 / 9, 0 insertions, 0 deletions, 0 sub ]
LOG (lattice-oracle[5.5.480~1-09abd]:main():lattice-oracle.cc:332) For utterance F269845660-130323105_211942-269847215_1581962974-GB-F-044, best cost 0
Lattice F269845660-130323105_211942-269847215_1581962974-GB-F-046 read.
LOG (lattice-oracle[5.5.480~1-09abd]:main():lattice-oracle.cc:318) %WER 0 [ 0 / 4, 0 insertions, 0 deletions, 0 sub ]
LOG (lattice-oracle[5.5.480~1-09abd]:main():lattice-oracle.cc:332) For utterance F269845660-130323105_211942-269847215_1581962974-GB-F-046, best cost 0
Lattice F269845660-130323105_211942-269847215_1581962974-GB-F-049 read.
LOG (lattice-oracle[5.5.480~1-09abd]:main():lattice-oracle.cc:318) %WER 0 [ 0 / 14, 0 insertions, 0 deletions, 0 sub ]
LOG (lattice-oracle[5.5.480~1-09abd]:main():lattice-oracle.cc:332) For utterance F269845660-130323105_211942-269847215_1581962974-GB-F-049, best cost 0
Lattice F269845660-130323105_211942-269847215_1581962974-GB-F-052 read.
LOG (lattice-oracle[5.5.480~1-09abd]:main():lattice-oracle.cc:318) %WER 0 [ 0 / 5, 0 insertions, 0 deletions, 0 sub ]
LOG (lattice-oracle[5.5.480~1-09abd]:main():lattice-oracle.cc:332) For utterance F269845660-130323105_211942-269847215_1581962974-GB-F-052, best cost 0
Lattice F269845660-130323105_211942-269847215_1581962974-GB-F-053 read.
LOG (lattice-oracle[5.5.480~1-09abd]:main():lattice-oracle.cc:318) %WER 4.7619 [ 1 / 21, 0 insertions, 1 deletions, 0 sub ]
LOG (lattice-oracle[5.5.480~1-09abd]:main():lattice-oracle.cc:332) For utterance F269845660-130323105_211942-269847215_1581962974-GB-F-053, best cost 1
Lattice F269845660-130323105_211942-269847215_1581962974-GB-F-057 read.
LOG (lattice-oracle[5.5.480~1-09abd]:main():lattice-oracle.cc:318) %WER 0 [ 0 / 4, 0 insertions, 0 deletions, 0 sub ]
LOG (lattice-oracle[5.5.480~1-09abd]:main():lattice-oracle.cc:332) For utterance F269845660-130323105_211942-269847215_1581962974-GB-F-057, best cost 0
Lattice F269845660-130323105_211942-269847215_1581962974-GB-F-058 read.
LOG (lattice-oracle[5.5.480~1-09abd]:main():lattice-oracle.cc:318) %WER 0 [ 0 / 4, 0 insertions, 0 deletions, 0 sub ]
LOG (lattice-oracle[5.5.480~1-09abd]:main():lattice-oracle.cc:332) For utterance F269845660-130323105_211942-269847215_1581962974-GB-F-058, best cost 0
Lattice F270508625-463679425_198500-519257993_1561102874-GB-F-001 read.
LOG (lattice-oracle[5.5.480~1-09abd]:main():lattice-oracle.cc:318) %WER 0 [ 0 / 11, 0 insertions, 0 deletions, 0 sub ]
LOG (lattice-oracle[5.5.480~1-09abd]:main():lattice-oracle.cc:332) For utterance F270508625-463679425_198500-519257993_1561102874-GB-F-001, best cost 0
Lattice F270508625-463679425_198500-519257993_1561102874-GB-F-003 read.
LOG (lattice-oracle[5.5.480~1-09abd]:main():lattice-oracle.cc:318) %WER 0 [ 0 / 12, 0 insertions, 0 deletions, 0 sub ]
LOG (lattice-oracle[5.5.480~1-09abd]:main():lattice-oracle.cc:332) For utterance F270508625-463679425_198500-519257993_1561102874-GB-F-003, best cost 0
Lattice F270508625-463679425_198500-519257993_1561102874-GB-F-006 read.
LOG (lattice-oracle[5.5.480~1-09abd]:main():lattice-oracle.cc:318) %WER 0 [ 0 / 8, 0 insertions, 0 deletions, 0 sub ]
LOG (lattice-oracle[5.5.480~1-09abd]:main():lattice-oracle.cc:332) For utterance F270508625-463679425_198500-519257993_1561102874-GB-F-006, best cost 0
Lattice F270508625-463679425_198500-519257993_1561102874-GB-F-007 read.
LOG (lattice-oracle[5.5.480~1-09abd]:main():lattice-oracle.cc:318) %WER 0 [ 0 / 7, 0 insertions, 0 deletions, 0 sub ]
LOG (lattice-oracle[5.5.480~1-09abd]:main():lattice-oracle.cc:332) For utterance F270508625-463679425_198500-519257993_1561102874-GB-F-007, best cost 0
Lattice F270508625-463679425_198500-519257993_1561102874-GB-F-008 read.
LOG (lattice-oracle[5.5.480~1-09abd]:main():lattice-oracle.cc:318) %WER 0 [ 0 / 26, 0 insertions, 0 deletions, 0 sub ]
LOG (lattice-oracle[5.5.480~1-09abd]:main():lattice-oracle.cc:332) For utterance F270508625-463679425_198500-519257993_1561102874-GB-F-008, best cost 0
Lattice F270508625-463679425_198500-519257993_1561102874-GB-F-013 read.
LOG (lattice-oracle[5.5.480~1-09abd]:main():lattice-oracle.cc:318) %WER 0 [ 0 / 4, 0 insertions, 0 deletions, 0 sub ]
LOG (lattice-oracle[5.5.480~1-09abd]:main():lattice-oracle.cc:332) For utterance F270508625-463679425_198500-519257993_1561102874-GB-F-013, best cost 0
Lattice F270508625-463679425_198500-519257993_1561102874-GB-F-014 read.
LOG (lattice-oracle[5.5.480~1-09abd]:main():lattice-oracle.cc:318) %WER 0 [ 0 / 8, 0 insertions, 0 deletions, 0 sub ]
LOG (lattice-oracle[5.5.480~1-09abd]:main():lattice-oracle.cc:332) For utterance F270508625-463679425_198500-519257993_1561102874-GB-F-014, best cost 0
Lattice F270508625-463679425_198500-519257993_1561102874-GB-F-017 read.
LOG (lattice-oracle[5.5.480~1-09abd]:main():lattice-oracle.cc:318) %WER 0 [ 0 / 5, 0 insertions, 0 deletions, 0 sub ]
LOG (lattice-oracle[5.5.480~1-09abd]:main():lattice-oracle.cc:332) For utterance F270508625-463679425_198500-519257993_1561102874-GB-F-017, best cost 0
Lattice F270508625-463679425_198500-519257993_1561102874-GB-F-018 read.
LOG (lattice-oracle[5.5.480~1-09abd]:main():lattice-oracle.cc:318) %WER 0 [ 0 / 7, 0 insertions, 0 deletions, 0 sub ]
LOG (lattice-oracle[5.5.480~1-09abd]:main():lattice-oracle.cc:332) For utterance F270508625-463679425_198500-519257993_1561102874-GB-F-018, best cost 0
Lattice F270508625-463679425_198500-519257993_1561102874-GB-F-019 read.
LOG (lattice-oracle[5.5.480~1-09abd]:main():lattice-oracle.cc:318) %WER 0 [ 0 / 14, 0 insertions, 0 deletions, 0 sub ]
LOG (lattice-oracle[5.5.480~1-09abd]:main():lattice-oracle.cc:332) For utterance F270508625-463679425_198500-519257993_1561102874-GB-F-019, best cost 0
Lattice F270508625-463679425_198500-519257993_1561102874-GB-F-021 read.
LOG (lattice-oracle[5.5.480~1-09abd]:main():lattice-oracle.cc:318) %WER 0 [ 0 / 6, 0 insertions, 0 deletions, 0 sub ]
LOG (lattice-oracle[5.5.480~1-09abd]:main():lattice-oracle.cc:332) For utterance F270508625-463679425_198500-519257993_1561102874-GB-F-021, best cost 0
Lattice F270508625-463679425_198500-519257993_1561102874-GB-F-022 read.
LOG (lattice-oracle[5.5.480~1-09abd]:main():lattice-oracle.cc:318) %WER 0 [ 0 / 5, 0 insertions, 0 deletions, 0 sub ]
LOG (lattice-oracle[5.5.480~1-09abd]:main():lattice-oracle.cc:332) For utterance F270508625-463679425_198500-519257993_1561102874-GB-F-022, best cost 0
Lattice F270508625-463679425_198500-519257993_1561102874-GB-F-023 read.
LOG (lattice-oracle[5.5.480~1-09abd]:main():lattice-oracle.cc:318) %WER 0 [ 0 / 17, 0 insertions, 0 deletions, 0 sub ]
LOG (lattice-oracle[5.5.480~1-09abd]:main():lattice-oracle.cc:332) For utterance F270508625-463679425_198500-519257993_1561102874-GB-F-023, best cost 0
Lattice F270508625-463679425_198500-519257993_1561102874-GB-F-028 read.
LOG (lattice-oracle[5.5.480~1-09abd]:main():lattice-oracle.cc:318) %WER 0 [ 0 / 3, 0 insertions, 0 deletions, 0 sub ]
LOG (lattice-oracle[5.5.480~1-09abd]:main():lattice-oracle.cc:332) For utterance F270508625-463679425_198500-519257993_1561102874-GB-F-028, best cost 0
Lattice F270508625-463679425_198500-519257993_1561102874-GB-F-029 read.
LOG (lattice-oracle[5.5.480~1-09abd]:main():lattice-oracle.cc:318) %WER 0 [ 0 / 9, 0 insertions, 0 deletions, 0 sub ]
LOG (lattice-oracle[5.5.480~1-09abd]:main():lattice-oracle.cc:332) For utterance F270508625-463679425_198500-519257993_1561102874-GB-F-029, best cost 0
Lattice F270508625-463679425_198500-519257993_1561102874-GB-F-031 read.
LOG (lattice-oracle[5.5.480~1-09abd]:main():lattice-oracle.cc:318) %WER 0 [ 0 / 12, 0 insertions, 0 deletions, 0 sub ]
LOG (lattice-oracle[5.5.480~1-09abd]:main():lattice-oracle.cc:332) For utterance F270508625-463679425_198500-519257993_1561102874-GB-F-031, best cost 0
Lattice F270508625-463679425_198500-519257993_1561102874-GB-F-034 read.
LOG (lattice-oracle[5.5.480~1-09abd]:main():lattice-oracle.cc:318) %WER 0 [ 0 / 9, 0 insertions, 0 deletions, 0 sub ]
LOG (lattice-oracle[5.5.480~1-09abd]:main():lattice-oracle.cc:332) For utterance F270508625-463679425_198500-519257993_1561102874-GB-F-034, best cost 0
Lattice F270508625-463679425_198500-519257993_1561102874-GB-F-035 read.
LOG (lattice-oracle[5.5.480~1-09abd]:main():lattice-oracle.cc:318) %WER 0 [ 0 / 18, 0 insertions, 0 deletions, 0 sub ]
LOG (lattice-oracle[5.5.480~1-09abd]:main():lattice-oracle.cc:332) For utterance F270508625-463679425_198500-519257993_1561102874-GB-F-035, best cost 0
Lattice F270508625-463679425_198500-519257993_1561102874-GB-F-039 read.
LOG (lattice-oracle[5.5.480~1-09abd]:main():lattice-oracle.cc:318) %WER 0 [ 0 / 13, 0 insertions, 0 deletions, 0 sub ]
LOG (lattice-oracle[5.5.480~1-09abd]:main():lattice-oracle.cc:332) For utterance F270508625-463679425_198500-519257993_1561102874-GB-F-039, best cost 0
Lattice F270508625-463679425_198500-519257993_1561102874-GB-F-041 read.
LOG (lattice-oracle[5.5.480~1-09abd]:main():lattice-oracle.cc:318) %WER 0 [ 0 / 12, 0 insertions, 0 deletions, 0 sub ]
LOG (lattice-oracle[5.5.480~1-09abd]:main():lattice-oracle.cc:332) For utterance F270508625-463679425_198500-519257993_1561102874-GB-F-041, best cost 0
Lattice F270508625-463679425_198500-519257993_1561102874-GB-F-044 read.
LOG (lattice-oracle[5.5.480~1-09abd]:main():lattice-oracle.cc:318) %WER 0 [ 0 / 5, 0 insertions, 0 deletions, 0 sub ]
LOG (lattice-oracle[5.5.480~1-09abd]:main():lattice-oracle.cc:332) For utterance F270508625-463679425_198500-519257993_1561102874-GB-F-044, best cost 0
Lattice F270508625-463679425_198500-519257993_1561102874-GB-F-045 read.
LOG (lattice-oracle[5.5.480~1-09abd]:main():lattice-oracle.cc:318) %WER 0 [ 0 / 5, 0 insertions, 0 deletions, 0 sub ]
LOG (lattice-oracle[5.5.480~1-09abd]:main():lattice-oracle.cc:332) For utterance F270508625-463679425_198500-519257993_1561102874-GB-F-045, best cost 0
Lattice F270508625-463679425_198500-519257993_1561102874-GB-F-046 read.
LOG (lattice-oracle[5.5.480~1-09abd]:main():lattice-oracle.cc:318) %WER 0 [ 0 / 7, 0 insertions, 0 deletions, 0 sub ]
LOG (lattice-oracle[5.5.480~1-09abd]:main():lattice-oracle.cc:332) For utterance F270508625-463679425_198500-519257993_1561102874-GB-F-046, best cost 0
Lattice F270508625-463679425_198500-519257993_1561102874-GB-F-047 read.
LOG (lattice-oracle[5.5.480~1-09abd]:main():lattice-oracle.cc:318) %WER 0 [ 0 / 14, 0 insertions, 0 deletions, 0 sub ]
LOG (lattice-oracle[5.5.480~1-09abd]:main():lattice-oracle.cc:332) For utterance F270508625-463679425_198500-519257993_1561102874-GB-F-047, best cost 0
Lattice F270508625-463679425_198500-519257993_1561102874-GB-F-049 read.
LOG (lattice-oracle[5.5.480~1-09abd]:main():lattice-oracle.cc:318) %WER 0 [ 0 / 6, 0 insertions, 0 deletions, 0 sub ]
LOG (lattice-oracle[5.5.480~1-09abd]:main():lattice-oracle.cc:332) For utterance F270508625-463679425_198500-519257993_1561102874-GB-F-049, best cost 0
Lattice F270508625-463679425_198500-519257993_1561102874-GB-F-050 read.
LOG (lattice-oracle[5.5.480~1-09abd]:main():lattice-oracle.cc:318) %WER 0 [ 0 / 5, 0 insertions, 0 deletions, 0 sub ]
LOG (lattice-oracle[5.5.480~1-09abd]:main():lattice-oracle.cc:332) For utterance F270508625-463679425_198500-519257993_1561102874-GB-F-050, best cost 0
Lattice F270508625-463679425_198500-519257993_1561102874-GB-F-051 read.
LOG (lattice-oracle[5.5.480~1-09abd]:main():lattice-oracle.cc:318) %WER 6.45161 [ 2 / 31, 0 insertions, 0 deletions, 2 sub ]
LOG (lattice-oracle[5.5.480~1-09abd]:main():lattice-oracle.cc:332) For utterance F270508625-463679425_198500-519257993_1561102874-GB-F-051, best cost 2
Lattice F270508625-463679425_198500-519257993_1561102874-GB-F-058 read.
LOG (lattice-oracle[5.5.480~1-09abd]:main():lattice-oracle.cc:318) %WER 0 [ 0 / 8, 0 insertions, 0 deletions, 0 sub ]
LOG (lattice-oracle[5.5.480~1-09abd]:main():lattice-oracle.cc:332) For utterance F270508625-463679425_198500-519257993_1561102874-GB-F-058, best cost 0
Lattice F270508625-463679425_198500-519257993_1561102874-GB-F-060 read.
LOG (lattice-oracle[5.5.480~1-09abd]:main():lattice-oracle.cc:318) %WER 62.5 [ 5 / 8, 0 insertions, 5 deletions, 0 sub ]
LOG (lattice-oracle[5.5.480~1-09abd]:main():lattice-oracle.cc:332) For utterance F270508625-463679425_198500-519257993_1561102874-GB-F-060, best cost 5
Lattice F270508625-463679425_198500-519257993_1561102874-GB-F-061 read.
LOG (lattice-oracle[5.5.480~1-09abd]:main():lattice-oracle.cc:318) %WER 0 [ 0 / 6, 0 insertions, 0 deletions, 0 sub ]
LOG (lattice-oracle[5.5.480~1-09abd]:main():lattice-oracle.cc:332) For utterance F270508625-463679425_198500-519257993_1561102874-GB-F-061, best cost 0
Lattice F270508625-463679425_198500-519257993_1561102874-GB-F-062 read.
LOG (lattice-oracle[5.5.480~1-09abd]:main():lattice-oracle.cc:318) %WER 0 [ 0 / 21, 0 insertions, 0 deletions, 0 sub ]
LOG (lattice-oracle[5.5.480~1-09abd]:main():lattice-oracle.cc:332) For utterance F270508625-463679425_198500-519257993_1561102874-GB-F-062, best cost 0
Lattice F280738565-442355485_243761-1129842367_1633752249-GB-F-001 read.
LOG (lattice-oracle[5.5.480~1-09abd]:main():lattice-oracle.cc:318) %WER 0 [ 0 / 4, 0 insertions, 0 deletions, 0 sub ]
LOG (lattice-oracle[5.5.480~1-09abd]:main():lattice-oracle.cc:332) For utterance F280738565-442355485_243761-1129842367_1633752249-GB-F-001, best cost 0
Lattice F280738565-442355485_243761-1129842367_1633752249-GB-F-002 read.
LOG (lattice-oracle[5.5.480~1-09abd]:main():lattice-oracle.cc:318) %WER 0 [ 0 / 5, 0 insertions, 0 deletions, 0 sub ]
LOG (lattice-oracle[5.5.480~1-09abd]:main():lattice-oracle.cc:332) For utterance F280738565-442355485_243761-1129842367_1633752249-GB-F-002, best cost 0
Lattice F280738565-442355485_243761-1129842367_1633752249-GB-F-003 read.
LOG (lattice-oracle[5.5.480~1-09abd]:main():lattice-oracle.cc:318) %WER 0 [ 0 / 5, 0 insertions, 0 deletions, 0 sub ]
LOG (lattice-oracle[5.5.480~1-09abd]:main():lattice-oracle.cc:332) For utterance F280738565-442355485_243761-1129842367_1633752249-GB-F-003, best cost 0
Lattice F280738565-442355485_243761-1129842367_1633752249-GB-F-004 read.
LOG (lattice-oracle[5.5.480~1-09abd]:main():lattice-oracle.cc:318) %WER 0 [ 0 / 4, 0 insertions, 0 deletions, 0 sub ]
LOG (lattice-oracle[5.5.480~1-09abd]:main():lattice-oracle.cc:332) For utterance F280738565-442355485_243761-1129842367_1633752249-GB-F-004, best cost 0
Lattice F280738565-442355485_243761-1129842367_1633752249-GB-F-005 read.
LOG (lattice-oracle[5.5.480~1-09abd]:main():lattice-oracle.cc:318) %WER 0 [ 0 / 8, 0 insertions, 0 deletions, 0 sub ]
LOG (lattice-oracle[5.5.480~1-09abd]:main():lattice-oracle.cc:332) For utterance F280738565-442355485_243761-1129842367_1633752249-GB-F-005, best cost 0
Lattice F280738565-442355485_243761-1129842367_1633752249-GB-F-008 read.
LOG (lattice-oracle[5.5.480~1-09abd]:main():lattice-oracle.cc:318) %WER 0 [ 0 / 19, 0 insertions, 0 deletions, 0 sub ]
LOG (lattice-oracle[5.5.480~1-09abd]:main():lattice-oracle.cc:332) For utterance F280738565-442355485_243761-1129842367_1633752249-GB-F-008, best cost 0
Lattice F280738565-442355485_243761-1129842367_1633752249-GB-F-013 read.
LOG (lattice-oracle[5.5.480~1-09abd]:main():lattice-oracle.cc:318) %WER 4.34783 [ 1 / 23, 0 insertions, 1 deletions, 0 sub ]
LOG (lattice-oracle[5.5.480~1-09abd]:main():lattice-oracle.cc:332) For utterance F280738565-442355485_243761-1129842367_1633752249-GB-F-013, best cost 1
Lattice F280738565-442355485_243761-1129842367_1633752249-GB-F-017 read.
LOG (lattice-oracle[5.5.480~1-09abd]:main():lattice-oracle.cc:318) %WER 0 [ 0 / 22, 0 insertions, 0 deletions, 0 sub ]
LOG (lattice-oracle[5.5.480~1-09abd]:main():lattice-oracle.cc:332) For utterance F280738565-442355485_243761-1129842367_1633752249-GB-F-017, best cost 0
Lattice F280738565-442355485_243761-1129842367_1633752249-GB-F-022 read.
LOG (lattice-oracle[5.5.480~1-09abd]:main():lattice-oracle.cc:318) %WER 4.34783 [ 1 / 23, 0 insertions, 1 deletions, 0 sub ]
LOG (lattice-oracle[5.5.480~1-09abd]:main():lattice-oracle.cc:332) For utterance F280738565-442355485_243761-1129842367_1633752249-GB-F-022, best cost 1
Lattice F280738565-442355485_243761-1129842367_1633752249-GB-F-027 read.
LOG (lattice-oracle[5.5.480~1-09abd]:main():lattice-oracle.cc:318) %WER 62.5 [ 5 / 8, 0 insertions, 5 deletions, 0 sub ]
LOG (lattice-oracle[5.5.480~1-09abd]:main():lattice-oracle.cc:332) For utterance F280738565-442355485_243761-1129842367_1633752249-GB-F-027, best cost 5
Lattice F280738565-442355485_243761-1129842367_1633752249-GB-F-029 read.
LOG (lattice-oracle[5.5.480~1-09abd]:main():lattice-oracle.cc:318) %WER 0 [ 0 / 4, 0 insertions, 0 deletions, 0 sub ]
LOG (lattice-oracle[5.5.480~1-09abd]:main():lattice-oracle.cc:332) For utterance F280738565-442355485_243761-1129842367_1633752249-GB-F-029, best cost 0
Lattice F280738565-442355485_243761-1129842367_1633752249-GB-F-030 read.
LOG (lattice-oracle[5.5.480~1-09abd]:main():lattice-oracle.cc:318) %WER 0 [ 0 / 4, 0 insertions, 0 deletions, 0 sub ]
LOG (lattice-oracle[5.5.480~1-09abd]:main():lattice-oracle.cc:332) For utterance F280738565-442355485_243761-1129842367_1633752249-GB-F-030, best cost 0
Lattice F280738565-442355485_243761-1129842367_1633752249-GB-F-031 read.
LOG (lattice-oracle[5.5.480~1-09abd]:main():lattice-oracle.cc:318) %WER 0 [ 0 / 28, 0 insertions, 0 deletions, 0 sub ]
LOG (lattice-oracle[5.5.480~1-09abd]:main():lattice-oracle.cc:332) For utterance F280738565-442355485_243761-1129842367_1633752249-GB-F-031, best cost 0
Lattice F280738565-442355485_243761-1129842367_1633752249-GB-F-038 read.
LOG (lattice-oracle[5.5.480~1-09abd]:main():lattice-oracle.cc:318) %WER 0 [ 0 / 22, 0 insertions, 0 deletions, 0 sub ]
LOG (lattice-oracle[5.5.480~1-09abd]:main():lattice-oracle.cc:332) For utterance F280738565-442355485_243761-1129842367_1633752249-GB-F-038, best cost 0
Lattice F280738565-442355485_243761-1129842367_1633752249-GB-F-042 read.
LOG (lattice-oracle[5.5.480~1-09abd]:main():lattice-oracle.cc:318) %WER 25 [ 1 / 4, 0 insertions, 1 deletions, 0 sub ]
LOG (lattice-oracle[5.5.480~1-09abd]:main():lattice-oracle.cc:332) For utterance F280738565-442355485_243761-1129842367_1633752249-GB-F-042, best cost 1
Lattice F280738565-442355485_243761-1129842367_1633752249-GB-F-043 read.
LOG (lattice-oracle[5.5.480~1-09abd]:main():lattice-oracle.cc:318) %WER 0 [ 0 / 4, 0 insertions, 0 deletions, 0 sub ]
LOG (lattice-oracle[5.5.480~1-09abd]:main():lattice-oracle.cc:332) For utterance F280738565-442355485_243761-1129842367_1633752249-GB-F-043, best cost 0
Lattice F280738565-442355485_243761-1129842367_1633752249-GB-F-044 read.
LOG (lattice-oracle[5.5.480~1-09abd]:main():lattice-oracle.cc:318) %WER 0 [ 0 / 5, 0 insertions, 0 deletions, 0 sub ]
LOG (lattice-oracle[5.5.480~1-09abd]:main():lattice-oracle.cc:332) For utterance F280738565-442355485_243761-1129842367_1633752249-GB-F-044, best cost 0
Lattice F280738565-442355485_243761-1129842367_1633752249-GB-F-045 read.
LOG (lattice-oracle[5.5.480~1-09abd]:main():lattice-oracle.cc:318) %WER 0 [ 0 / 4, 0 insertions, 0 deletions, 0 sub ]
LOG (lattice-oracle[5.5.480~1-09abd]:main():lattice-oracle.cc:332) For utterance F280738565-442355485_243761-1129842367_1633752249-GB-F-045, best cost 0
Lattice F280738565-442355485_243761-1129842367_1633752249-GB-F-046 read.
LOG (lattice-oracle[5.5.480~1-09abd]:main():lattice-oracle.cc:318) %WER 0 [ 0 / 8, 0 insertions, 0 deletions, 0 sub ]
LOG (lattice-oracle[5.5.480~1-09abd]:main():lattice-oracle.cc:332) For utterance F280738565-442355485_243761-1129842367_1633752249-GB-F-046, best cost 0
Lattice F280738565-442355485_243761-1129842367_1633752249-GB-F-048 read.
LOG (lattice-oracle[5.5.480~1-09abd]:main():lattice-oracle.cc:318) %WER 0 [ 0 / 2, 0 insertions, 0 deletions, 0 sub ]
LOG (lattice-oracle[5.5.480~1-09abd]:main():lattice-oracle.cc:332) For utterance F280738565-442355485_243761-1129842367_1633752249-GB-F-048, best cost 0
Lattice F28580180-273712733_115362-34870461_1574756173-GB-F-001 read.
LOG (lattice-oracle[5.5.480~1-09abd]:main():lattice-oracle.cc:318) %WER 0 [ 0 / 7, 0 insertions, 0 deletions, 0 sub ]
LOG (lattice-oracle[5.5.480~1-09abd]:main():lattice-oracle.cc:332) For utterance F28580180-273712733_115362-34870461_1574756173-GB-F-001, best cost 0
Lattice F28580180-273712733_115362-34870461_1574756173-GB-F-002 read.
LOG (lattice-oracle[5.5.480~1-09abd]:main():lattice-oracle.cc:318) %WER 25 [ 1 / 4, 0 insertions, 1 deletions, 0 sub ]
LOG (lattice-oracle[5.5.480~1-09abd]:main():lattice-oracle.cc:332) For utterance F28580180-273712733_115362-34870461_1574756173-GB-F-002, best cost 1
Lattice F28580180-273712733_115362-34870461_1574756173-GB-F-003 read.
LOG (lattice-oracle[5.5.480~1-09abd]:main():lattice-oracle.cc:318) %WER 0 [ 0 / 4, 0 insertions, 0 deletions, 0 sub ]
LOG (lattice-oracle[5.5.480~1-09abd]:main():lattice-oracle.cc:332) For utterance F28580180-273712733_115362-34870461_1574756173-GB-F-003, best cost 0
Lattice F28580180-273712733_115362-34870461_1574756173-GB-F-004 read.
LOG (lattice-oracle[5.5.480~1-09abd]:main():lattice-oracle.cc:318) %WER 11.1111 [ 1 / 9, 0 insertions, 1 deletions, 0 sub ]
LOG (lattice-oracle[5.5.480~1-09abd]:main():lattice-oracle.cc:332) For utterance F28580180-273712733_115362-34870461_1574756173-GB-F-004, best cost 1
Lattice F28580180-273712733_115362-34870461_1574756173-GB-F-006 read.
LOG (lattice-oracle[5.5.480~1-09abd]:main():lattice-oracle.cc:318) %WER 0 [ 0 / 5, 0 insertions, 0 deletions, 0 sub ]
LOG (lattice-oracle[5.5.480~1-09abd]:main():lattice-oracle.cc:332) For utterance F28580180-273712733_115362-34870461_1574756173-GB-F-006, best cost 0
Lattice F28580180-273712733_115362-34870461_1574756173-GB-F-007 read.
LOG (lattice-oracle[5.5.480~1-09abd]:main():lattice-oracle.cc:318) %WER 0 [ 0 / 16, 0 insertions, 0 deletions, 0 sub ]
LOG (lattice-oracle[5.5.480~1-09abd]:main():lattice-oracle.cc:332) For utterance F28580180-273712733_115362-34870461_1574756173-GB-F-007, best cost 0
Lattice F28580180-273712733_115362-34870461_1574756173-GB-F-011 read.
LOG (lattice-oracle[5.5.480~1-09abd]:main():lattice-oracle.cc:318) %WER 0 [ 0 / 1, 0 insertions, 0 deletions, 0 sub ]
LOG (lattice-oracle[5.5.480~1-09abd]:main():lattice-oracle.cc:332) For utterance F28580180-273712733_115362-34870461_1574756173-GB-F-011, best cost 0
Lattice F28580180-273712733_115362-34870461_1574756173-GB-F-012 read.
LOG (lattice-oracle[5.5.480~1-09abd]:main():lattice-oracle.cc:318) %WER 0 [ 0 / 1, 0 insertions, 0 deletions, 0 sub ]
LOG (lattice-oracle[5.5.480~1-09abd]:main():lattice-oracle.cc:332) For utterance F28580180-273712733_115362-34870461_1574756173-GB-F-012, best cost 0
Lattice F28580180-273712733_115362-34870461_1574756173-GB-F-013 read.
LOG (lattice-oracle[5.5.480~1-09abd]:main():lattice-oracle.cc:318) %WER 0 [ 0 / 1, 0 insertions, 0 deletions, 0 sub ]
LOG (lattice-oracle[5.5.480~1-09abd]:main():lattice-oracle.cc:332) For utterance F28580180-273712733_115362-34870461_1574756173-GB-F-013, best cost 0
Lattice F28580180-273712733_115362-34870461_1574756173-GB-F-015 read.
LOG (lattice-oracle[5.5.480~1-09abd]:main():lattice-oracle.cc:318) %WER 0 [ 0 / 6, 0 insertions, 0 deletions, 0 sub ]
LOG (lattice-oracle[5.5.480~1-09abd]:main():lattice-oracle.cc:332) For utterance F28580180-273712733_115362-34870461_1574756173-GB-F-015, best cost 0
Lattice F28580180-273712733_115362-34870461_1574756173-GB-F-017 read.
LOG (lattice-oracle[5.5.480~1-09abd]:main():lattice-oracle.cc:318) %WER 9.09091 [ 1 / 11, 0 insertions, 1 deletions, 0 sub ]
LOG (lattice-oracle[5.5.480~1-09abd]:main():lattice-oracle.cc:332) For utterance F28580180-273712733_115362-34870461_1574756173-GB-F-017, best cost 1
Lattice F28580180-273712733_115362-34870461_1574756173-GB-F-019 read.
LOG (lattice-oracle[5.5.480~1-09abd]:main():lattice-oracle.cc:318) %WER 28.5714 [ 2 / 7, 1 insertions, 0 deletions, 1 sub ]
LOG (lattice-oracle[5.5.480~1-09abd]:main():lattice-oracle.cc:332) For utterance F28580180-273712733_115362-34870461_1574756173-GB-F-019, best cost 2
Lattice F28580180-273712733_115362-34870461_1574756173-GB-F-021 read.
LOG (lattice-oracle[5.5.480~1-09abd]:main():lattice-oracle.cc:318) %WER 0 [ 0 / 7, 0 insertions, 0 deletions, 0 sub ]
LOG (lattice-oracle[5.5.480~1-09abd]:main():lattice-oracle.cc:332) For utterance F28580180-273712733_115362-34870461_1574756173-GB-F-021, best cost 0
Lattice F28580180-273712733_115362-34870461_1574756173-GB-F-022 read.
LOG (lattice-oracle[5.5.480~1-09abd]:main():lattice-oracle.cc:318) %WER 0 [ 0 / 9, 0 insertions, 0 deletions, 0 sub ]
LOG (lattice-oracle[5.5.480~1-09abd]:main():lattice-oracle.cc:332) For utterance F28580180-273712733_115362-34870461_1574756173-GB-F-022, best cost 0
Lattice F28580180-273712733_115362-34870461_1574756173-GB-F-024 read.
LOG (lattice-oracle[5.5.480~1-09abd]:main():lattice-oracle.cc:318) %WER 0 [ 0 / 8, 0 insertions, 0 deletions, 0 sub ]
LOG (lattice-oracle[5.5.480~1-09abd]:main():lattice-oracle.cc:332) For utterance F28580180-273712733_115362-34870461_1574756173-GB-F-024, best cost 0
Lattice F28580180-273712733_115362-34870461_1574756173-GB-F-027 read.
LOG (lattice-oracle[5.5.480~1-09abd]:main():lattice-oracle.cc:318) %WER 0 [ 0 / 1, 0 insertions, 0 deletions, 0 sub ]
LOG (lattice-oracle[5.5.480~1-09abd]:main():lattice-oracle.cc:332) For utterance F28580180-273712733_115362-34870461_1574756173-GB-F-027, best cost 0
Lattice F28580180-273712733_115362-34870461_1574756173-GB-F-028 read.
LOG (lattice-oracle[5.5.480~1-09abd]:main():lattice-oracle.cc:318) %WER 0 [ 0 / 1, 0 insertions, 0 deletions, 0 sub ]
LOG (lattice-oracle[5.5.480~1-09abd]:main():lattice-oracle.cc:332) For utterance F28580180-273712733_115362-34870461_1574756173-GB-F-028, best cost 0
Lattice F28580180-273712733_115362-34870461_1574756173-GB-F-029 read.
LOG (lattice-oracle[5.5.480~1-09abd]:main():lattice-oracle.cc:318) %WER 0 [ 0 / 1, 0 insertions, 0 deletions, 0 sub ]
LOG (lattice-oracle[5.5.480~1-09abd]:main():lattice-oracle.cc:332) For utterance F28580180-273712733_115362-34870461_1574756173-GB-F-029, best cost 0
Lattice F28580180-273712733_115362-34870461_1574756173-GB-F-031 read.
LOG (lattice-oracle[5.5.480~1-09abd]:main():lattice-oracle.cc:318) %WER 57.1429 [ 4 / 7, 4 insertions, 0 deletions, 0 sub ]
LOG (lattice-oracle[5.5.480~1-09abd]:main():lattice-oracle.cc:332) For utterance F28580180-273712733_115362-34870461_1574756173-GB-F-031, best cost 4
Lattice F28580180-273712733_115362-34870461_1574756173-GB-F-033 read.
LOG (lattice-oracle[5.5.480~1-09abd]:main():lattice-oracle.cc:318) %WER 0 [ 0 / 7, 0 insertions, 0 deletions, 0 sub ]
LOG (lattice-oracle[5.5.480~1-09abd]:main():lattice-oracle.cc:332) For utterance F28580180-273712733_115362-34870461_1574756173-GB-F-033, best cost 0
Lattice F28580180-273712733_115362-34870461_1574756173-GB-F-034 read.
LOG (lattice-oracle[5.5.480~1-09abd]:main():lattice-oracle.cc:318) %WER 0 [ 0 / 9, 0 insertions, 0 deletions, 0 sub ]
LOG (lattice-oracle[5.5.480~1-09abd]:main():lattice-oracle.cc:332) For utterance F28580180-273712733_115362-34870461_1574756173-GB-F-034, best cost 0
Lattice F28580180-273712733_115362-34870461_1574756173-GB-F-036 read.
LOG (lattice-oracle[5.5.480~1-09abd]:main():lattice-oracle.cc:318) %WER 0 [ 0 / 9, 0 insertions, 0 deletions, 0 sub ]
LOG (lattice-oracle[5.5.480~1-09abd]:main():lattice-oracle.cc:332) For utterance F28580180-273712733_115362-34870461_1574756173-GB-F-036, best cost 0
Lattice F28580180-273712733_115362-34870461_1574756173-GB-F-037 read.
LOG (lattice-oracle[5.5.480~1-09abd]:main():lattice-oracle.cc:318) %WER 11.7647 [ 2 / 17, 0 insertions, 1 deletions, 1 sub ]
LOG (lattice-oracle[5.5.480~1-09abd]:main():lattice-oracle.cc:332) For utterance F28580180-273712733_115362-34870461_1574756173-GB-F-037, best cost 2
Lattice F28580180-273712733_115362-34870461_1574756173-GB-F-042 read.
LOG (lattice-oracle[5.5.480~1-09abd]:main():lattice-oracle.cc:318) %WER 0 [ 0 / 1, 0 insertions, 0 deletions, 0 sub ]
LOG (lattice-oracle[5.5.480~1-09abd]:main():lattice-oracle.cc:332) For utterance F28580180-273712733_115362-34870461_1574756173-GB-F-042, best cost 0
Lattice F28580180-273712733_115362-34870461_1574756173-GB-F-044 read.
LOG (lattice-oracle[5.5.480~1-09abd]:main():lattice-oracle.cc:318) %WER 100 [ 1 / 1, 1 insertions, 0 deletions, 0 sub ]
LOG (lattice-oracle[5.5.480~1-09abd]:main():lattice-oracle.cc:332) For utterance F28580180-273712733_115362-34870461_1574756173-GB-F-044, best cost 1
Lattice F28580180-273712733_115362-34870461_1574756173-GB-F-045 read.
LOG (lattice-oracle[5.5.480~1-09abd]:main():lattice-oracle.cc:318) %WER 0 [ 0 / 1, 0 insertions, 0 deletions, 0 sub ]
LOG (lattice-oracle[5.5.480~1-09abd]:main():lattice-oracle.cc:332) For utterance F28580180-273712733_115362-34870461_1574756173-GB-F-045, best cost 0
Lattice F28580180-273712733_115362-34870461_1574756173-GB-F-046 read.
LOG (lattice-oracle[5.5.480~1-09abd]:main():lattice-oracle.cc:318) %WER 0 [ 0 / 1, 0 insertions, 0 deletions, 0 sub ]
LOG (lattice-oracle[5.5.480~1-09abd]:main():lattice-oracle.cc:332) For utterance F28580180-273712733_115362-34870461_1574756173-GB-F-046, best cost 0
Lattice F28580180-273712733_115362-34870461_1574756173-GB-F-049 read.
LOG (lattice-oracle[5.5.480~1-09abd]:main():lattice-oracle.cc:318) %WER 100 [ 1 / 1, 1 insertions, 0 deletions, 0 sub ]
LOG (lattice-oracle[5.5.480~1-09abd]:main():lattice-oracle.cc:332) For utterance F28580180-273712733_115362-34870461_1574756173-GB-F-049, best cost 1
Lattice F290144460-804853875_1026743-290148081_1667788721-GB-F-001 read.
LOG (lattice-oracle[5.5.480~1-09abd]:main():lattice-oracle.cc:318) %WER 0 [ 0 / 5, 0 insertions, 0 deletions, 0 sub ]
LOG (lattice-oracle[5.5.480~1-09abd]:main():lattice-oracle.cc:332) For utterance F290144460-804853875_1026743-290148081_1667788721-GB-F-001, best cost 0
Lattice F290144460-804853875_1026743-290148081_1667788721-GB-F-002 read.
LOG (lattice-oracle[5.5.480~1-09abd]:main():lattice-oracle.cc:318) %WER 0 [ 0 / 4, 0 insertions, 0 deletions, 0 sub ]
LOG (lattice-oracle[5.5.480~1-09abd]:main():lattice-oracle.cc:332) For utterance F290144460-804853875_1026743-290148081_1667788721-GB-F-002, best cost 0
Lattice F290144460-804853875_1026743-290148081_1667788721-GB-F-003 read.
LOG (lattice-oracle[5.5.480~1-09abd]:main():lattice-oracle.cc:318) %WER 0 [ 0 / 8, 0 insertions, 0 deletions, 0 sub ]
LOG (lattice-oracle[5.5.480~1-09abd]:main():lattice-oracle.cc:332) For utterance F290144460-804853875_1026743-290148081_1667788721-GB-F-003, best cost 0
Lattice F290144460-804853875_1026743-290148081_1667788721-GB-F-004 read.
LOG (lattice-oracle[5.5.480~1-09abd]:main():lattice-oracle.cc:318) %WER 50 [ 2 / 4, 1 insertions, 0 deletions, 1 sub ]
LOG (lattice-oracle[5.5.480~1-09abd]:main():lattice-oracle.cc:332) For utterance F290144460-804853875_1026743-290148081_1667788721-GB-F-004, best cost 2
Lattice F290144460-804853875_1026743-290148081_1667788721-GB-F-005 read.
LOG (lattice-oracle[5.5.480~1-09abd]:main():lattice-oracle.cc:318) %WER 0 [ 0 / 5, 0 insertions, 0 deletions, 0 sub ]
LOG (lattice-oracle[5.5.480~1-09abd]:main():lattice-oracle.cc:332) For utterance F290144460-804853875_1026743-290148081_1667788721-GB-F-005, best cost 0
Lattice F290144460-804853875_1026743-290148081_1667788721-GB-F-007 read.
LOG (lattice-oracle[5.5.480~1-09abd]:main():lattice-oracle.cc:318) %WER 0 [ 0 / 13, 0 insertions, 0 deletions, 0 sub ]
LOG (lattice-oracle[5.5.480~1-09abd]:main():lattice-oracle.cc:332) For utterance F290144460-804853875_1026743-290148081_1667788721-GB-F-007, best cost 0
Lattice F290144460-804853875_1026743-290148081_1667788721-GB-F-009 read.
LOG (lattice-oracle[5.5.480~1-09abd]:main():lattice-oracle.cc:318) %WER 0 [ 0 / 3, 0 insertions, 0 deletions, 0 sub ]
LOG (lattice-oracle[5.5.480~1-09abd]:main():lattice-oracle.cc:332) For utterance F290144460-804853875_1026743-290148081_1667788721-GB-F-009, best cost 0
Lattice F290144460-804853875_1026743-290148081_1667788721-GB-F-010 read.
LOG (lattice-oracle[5.5.480~1-09abd]:main():lattice-oracle.cc:318) %WER 40 [ 2 / 5, 0 insertions, 0 deletions, 2 sub ]
LOG (lattice-oracle[5.5.480~1-09abd]:main():lattice-oracle.cc:332) For utterance F290144460-804853875_1026743-290148081_1667788721-GB-F-010, best cost 2
Lattice F290144460-804853875_1026743-290148081_1667788721-GB-F-011 read.
LOG (lattice-oracle[5.5.480~1-09abd]:main():lattice-oracle.cc:318) %WER 0 [ 0 / 4, 0 insertions, 0 deletions, 0 sub ]
LOG (lattice-oracle[5.5.480~1-09abd]:main():lattice-oracle.cc:332) For utterance F290144460-804853875_1026743-290148081_1667788721-GB-F-011, best cost 0
Lattice F290144460-804853875_1026743-290148081_1667788721-GB-F-012 read.
LOG (lattice-oracle[5.5.480~1-09abd]:main():lattice-oracle.cc:318) %WER 11.1111 [ 1 / 9, 0 insertions, 0 deletions, 1 sub ]
LOG (lattice-oracle[5.5.480~1-09abd]:main():lattice-oracle.cc:332) For utterance F290144460-804853875_1026743-290148081_1667788721-GB-F-012, best cost 1
Lattice F290144460-804853875_1026743-290148081_1667788721-GB-F-015 read.
LOG (lattice-oracle[5.5.480~1-09abd]:main():lattice-oracle.cc:318) %WER 0 [ 0 / 6, 0 insertions, 0 deletions, 0 sub ]
LOG (lattice-oracle[5.5.480~1-09abd]:main():lattice-oracle.cc:332) For utterance F290144460-804853875_1026743-290148081_1667788721-GB-F-015, best cost 0
Lattice F290144460-804853875_1026743-290148081_1667788721-GB-F-016 read.
LOG (lattice-oracle[5.5.480~1-09abd]:main():lattice-oracle.cc:318) %WER 0 [ 0 / 4, 0 insertions, 0 deletions, 0 sub ]
LOG (lattice-oracle[5.5.480~1-09abd]:main():lattice-oracle.cc:332) For utterance F290144460-804853875_1026743-290148081_1667788721-GB-F-016, best cost 0
Lattice F290144460-804853875_1026743-290148081_1667788721-GB-F-017 read.
LOG (lattice-oracle[5.5.480~1-09abd]:main():lattice-oracle.cc:318) %WER 0 [ 0 / 6, 0 insertions, 0 deletions, 0 sub ]
LOG (lattice-oracle[5.5.480~1-09abd]:main():lattice-oracle.cc:332) For utterance F290144460-804853875_1026743-290148081_1667788721-GB-F-017, best cost 0
Lattice F290144460-804853875_1026743-290148081_1667788721-GB-F-018 read.
LOG (lattice-oracle[5.5.480~1-09abd]:main():lattice-oracle.cc:318) %WER 100 [ 3 / 3, 3 insertions, 0 deletions, 0 sub ]
LOG (lattice-oracle[5.5.480~1-09abd]:main():lattice-oracle.cc:332) For utterance F290144460-804853875_1026743-290148081_1667788721-GB-F-018, best cost 3
Lattice F290144460-804853875_1026743-290148081_1667788721-GB-F-019 read.
LOG (lattice-oracle[5.5.480~1-09abd]:main():lattice-oracle.cc:318) %WER 0 [ 0 / 3, 0 insertions, 0 deletions, 0 sub ]
LOG (lattice-oracle[5.5.480~1-09abd]:main():lattice-oracle.cc:332) For utterance F290144460-804853875_1026743-290148081_1667788721-GB-F-019, best cost 0
Lattice F290144460-804853875_1026743-290148081_1667788721-GB-F-020 read.
LOG (lattice-oracle[5.5.480~1-09abd]:main():lattice-oracle.cc:318) %WER 0 [ 0 / 6, 0 insertions, 0 deletions, 0 sub ]
LOG (lattice-oracle[5.5.480~1-09abd]:main():lattice-oracle.cc:332) For utterance F290144460-804853875_1026743-290148081_1667788721-GB-F-020, best cost 0
Lattice F290144460-804853875_1026743-290148081_1667788721-GB-F-021 read.
LOG (lattice-oracle[5.5.480~1-09abd]:main():lattice-oracle.cc:318) %WER 0 [ 0 / 11, 0 insertions, 0 deletions, 0 sub ]
LOG (lattice-oracle[5.5.480~1-09abd]:main():lattice-oracle.cc:332) For utterance F290144460-804853875_1026743-290148081_1667788721-GB-F-021, best cost 0
Lattice F290144460-804853875_1026743-290148081_1667788721-GB-F-024 read.
LOG (lattice-oracle[5.5.480~1-09abd]:main():lattice-oracle.cc:318) %WER 0 [ 0 / 16, 0 insertions, 0 deletions, 0 sub ]
LOG (lattice-oracle[5.5.480~1-09abd]:main():lattice-oracle.cc:332) For utterance F290144460-804853875_1026743-290148081_1667788721-GB-F-024, best cost 0
Lattice F290144460-804853875_1026743-290148081_1667788721-GB-F-027 read.
LOG (lattice-oracle[5.5.480~1-09abd]:main():lattice-oracle.cc:318) %WER 14.2857 [ 1 / 7, 0 insertions, 1 deletions, 0 sub ]
LOG (lattice-oracle[5.5.480~1-09abd]:main():lattice-oracle.cc:332) For utterance F290144460-804853875_1026743-290148081_1667788721-GB-F-027, best cost 1
Lattice F290144460-804853875_1026743-290148081_1667788721-GB-F-029 read.
LOG (lattice-oracle[5.5.480~1-09abd]:main():lattice-oracle.cc:318) %WER 33.3333 [ 2 / 6, 0 insertions, 2 deletions, 0 sub ]
LOG (lattice-oracle[5.5.480~1-09abd]:main():lattice-oracle.cc:332) For utterance F290144460-804853875_1026743-290148081_1667788721-GB-F-029, best cost 2
Lattice F290144460-804853875_1026743-290148081_1667788721-GB-F-030 read.
LOG (lattice-oracle[5.5.480~1-09abd]:main():lattice-oracle.cc:318) %WER 0 [ 0 / 14, 0 insertions, 0 deletions, 0 sub ]
LOG (lattice-oracle[5.5.480~1-09abd]:main():lattice-oracle.cc:332) For utterance F290144460-804853875_1026743-290148081_1667788721-GB-F-030, best cost 0
Lattice F290144460-804853875_1026743-290148081_1667788721-GB-F-032 read.
LOG (lattice-oracle[5.5.480~1-09abd]:main():lattice-oracle.cc:318) %WER 11.1111 [ 1 / 9, 0 insertions, 1 deletions, 0 sub ]
LOG (lattice-oracle[5.5.480~1-09abd]:main():lattice-oracle.cc:332) For utterance F290144460-804853875_1026743-290148081_1667788721-GB-F-032, best cost 1
Lattice F290144460-804853875_1026743-290148081_1667788721-GB-F-034 read.
LOG (lattice-oracle[5.5.480~1-09abd]:main():lattice-oracle.cc:318) %WER 0 [ 0 / 4, 0 insertions, 0 deletions, 0 sub ]
LOG (lattice-oracle[5.5.480~1-09abd]:main():lattice-oracle.cc:332) For utterance F290144460-804853875_1026743-290148081_1667788721-GB-F-034, best cost 0
Lattice F290144460-804853875_1026743-290148081_1667788721-GB-F-035 read.
LOG (lattice-oracle[5.5.480~1-09abd]:main():lattice-oracle.cc:318) %WER 25 [ 1 / 4, 0 insertions, 1 deletions, 0 sub ]
LOG (lattice-oracle[5.5.480~1-09abd]:main():lattice-oracle.cc:332) For utterance F290144460-804853875_1026743-290148081_1667788721-GB-F-035, best cost 1
Lattice F290144460-804853875_1026743-290148081_1667788721-GB-F-036 read.
LOG (lattice-oracle[5.5.480~1-09abd]:main():lattice-oracle.cc:318) %WER 0 [ 0 / 4, 0 insertions, 0 deletions, 0 sub ]
LOG (lattice-oracle[5.5.480~1-09abd]:main():lattice-oracle.cc:332) For utterance F290144460-804853875_1026743-290148081_1667788721-GB-F-036, best cost 0
Lattice F290144460-804853875_1026743-290148081_1667788721-GB-F-038 read.
LOG (lattice-oracle[5.5.480~1-09abd]:main():lattice-oracle.cc:318) %WER 0 [ 0 / 12, 0 insertions, 0 deletions, 0 sub ]
LOG (lattice-oracle[5.5.480~1-09abd]:main():lattice-oracle.cc:332) For utterance F290144460-804853875_1026743-290148081_1667788721-GB-F-038, best cost 0
Lattice F290144460-804853875_1026743-290148081_1667788721-GB-F-040 read.
LOG (lattice-oracle[5.5.480~1-09abd]:main():lattice-oracle.cc:318) %WER 0 [ 0 / 10, 0 insertions, 0 deletions, 0 sub ]
LOG (lattice-oracle[5.5.480~1-09abd]:main():lattice-oracle.cc:332) For utterance F290144460-804853875_1026743-290148081_1667788721-GB-F-040, best cost 0
Lattice F290144460-804853875_1026743-290148081_1667788721-GB-F-042 read.
LOG (lattice-oracle[5.5.480~1-09abd]:main():lattice-oracle.cc:318) %WER 50 [ 3 / 6, 3 insertions, 0 deletions, 0 sub ]
LOG (lattice-oracle[5.5.480~1-09abd]:main():lattice-oracle.cc:332) For utterance F290144460-804853875_1026743-290148081_1667788721-GB-F-042, best cost 3
Lattice F290144460-804853875_1026743-290148081_1667788721-GB-F-043 read.
LOG (lattice-oracle[5.5.480~1-09abd]:main():lattice-oracle.cc:318) %WER 0 [ 0 / 6, 0 insertions, 0 deletions, 0 sub ]
LOG (lattice-oracle[5.5.480~1-09abd]:main():lattice-oracle.cc:332) For utterance F290144460-804853875_1026743-290148081_1667788721-GB-F-043, best cost 0
Lattice F290144460-804853875_1026743-290148081_1667788721-GB-F-044 read.
LOG (lattice-oracle[5.5.480~1-09abd]:main():lattice-oracle.cc:318) %WER 0 [ 0 / 11, 0 insertions, 0 deletions, 0 sub ]
LOG (lattice-oracle[5.5.480~1-09abd]:main():lattice-oracle.cc:332) For utterance F290144460-804853875_1026743-290148081_1667788721-GB-F-044, best cost 0
Lattice F290144460-804853875_1026743-290148081_1667788721-GB-F-046 read.
LOG (lattice-oracle[5.5.480~1-09abd]:main():lattice-oracle.cc:318) %WER 7.69231 [ 1 / 13, 0 insertions, 1 deletions, 0 sub ]
LOG (lattice-oracle[5.5.480~1-09abd]:main():lattice-oracle.cc:332) For utterance F290144460-804853875_1026743-290148081_1667788721-GB-F-046, best cost 1
Lattice F290144460-804853875_1026743-290148081_1667788721-GB-F-048 read.
LOG (lattice-oracle[5.5.480~1-09abd]:main():lattice-oracle.cc:318) %WER 16.6667 [ 1 / 6, 0 insertions, 1 deletions, 0 sub ]
LOG (lattice-oracle[5.5.480~1-09abd]:main():lattice-oracle.cc:332) For utterance F290144460-804853875_1026743-290148081_1667788721-GB-F-048, best cost 1
Lattice F299397483-3770715_3770715-299395668_1616054023-GB-F-001 read.
LOG (lattice-oracle[5.5.480~1-09abd]:main():lattice-oracle.cc:318) %WER 0 [ 0 / 23, 0 insertions, 0 deletions, 0 sub ]
LOG (lattice-oracle[5.5.480~1-09abd]:main():lattice-oracle.cc:332) For utterance F299397483-3770715_3770715-299395668_1616054023-GB-F-001, best cost 0
Lattice F299397483-3770715_3770715-299395668_1616054023-GB-F-004 read.
LOG (lattice-oracle[5.5.480~1-09abd]:main():lattice-oracle.cc:318) %WER 0 [ 0 / 10, 0 insertions, 0 deletions, 0 sub ]
LOG (lattice-oracle[5.5.480~1-09abd]:main():lattice-oracle.cc:332) For utterance F299397483-3770715_3770715-299395668_1616054023-GB-F-004, best cost 0
Lattice F299397483-3770715_3770715-299395668_1616054023-GB-F-005 read.
LOG (lattice-oracle[5.5.480~1-09abd]:main():lattice-oracle.cc:318) %WER 0 [ 0 / 7, 0 insertions, 0 deletions, 0 sub ]
LOG (lattice-oracle[5.5.480~1-09abd]:main():lattice-oracle.cc:332) For utterance F299397483-3770715_3770715-299395668_1616054023-GB-F-005, best cost 0
Lattice F299397483-3770715_3770715-299395668_1616054023-GB-F-006 read.
LOG (lattice-oracle[5.5.480~1-09abd]:main():lattice-oracle.cc:318) %WER 20 [ 1 / 5, 1 insertions, 0 deletions, 0 sub ]
LOG (lattice-oracle[5.5.480~1-09abd]:main():lattice-oracle.cc:332) For utterance F299397483-3770715_3770715-299395668_1616054023-GB-F-006, best cost 1
Lattice F299397483-3770715_3770715-299395668_1616054023-GB-F-007 read.
LOG (lattice-oracle[5.5.480~1-09abd]:main():lattice-oracle.cc:318) %WER 0 [ 0 / 4, 0 insertions, 0 deletions, 0 sub ]
LOG (lattice-oracle[5.5.480~1-09abd]:main():lattice-oracle.cc:332) For utterance F299397483-3770715_3770715-299395668_1616054023-GB-F-007, best cost 0
Lattice F299397483-3770715_3770715-299395668_1616054023-GB-F-008 read.
LOG (lattice-oracle[5.5.480~1-09abd]:main():lattice-oracle.cc:318) %WER 28.5714 [ 2 / 7, 0 insertions, 2 deletions, 0 sub ]
LOG (lattice-oracle[5.5.480~1-09abd]:main():lattice-oracle.cc:332) For utterance F299397483-3770715_3770715-299395668_1616054023-GB-F-008, best cost 2
Lattice F299397483-3770715_3770715-299395668_1616054023-GB-F-009 read.
LOG (lattice-oracle[5.5.480~1-09abd]:main():lattice-oracle.cc:318) %WER 0 [ 0 / 16, 0 insertions, 0 deletions, 0 sub ]
LOG (lattice-oracle[5.5.480~1-09abd]:main():lattice-oracle.cc:332) For utterance F299397483-3770715_3770715-299395668_1616054023-GB-F-009, best cost 0
Lattice F299397483-3770715_3770715-299395668_1616054023-GB-F-012 read.
LOG (lattice-oracle[5.5.480~1-09abd]:main():lattice-oracle.cc:318) %WER 0 [ 0 / 7, 0 insertions, 0 deletions, 0 sub ]
LOG (lattice-oracle[5.5.480~1-09abd]:main():lattice-oracle.cc:332) For utterance F299397483-3770715_3770715-299395668_1616054023-GB-F-012, best cost 0
Lattice F299397483-3770715_3770715-299395668_1616054023-GB-F-013 read.
LOG (lattice-oracle[5.5.480~1-09abd]:main():lattice-oracle.cc:318) %WER 7.69231 [ 1 / 13, 1 insertions, 0 deletions, 0 sub ]
LOG (lattice-oracle[5.5.480~1-09abd]:main():lattice-oracle.cc:332) For utterance F299397483-3770715_3770715-299395668_1616054023-GB-F-013, best cost 1
Lattice F299397483-3770715_3770715-299395668_1616054023-GB-F-016 read.
LOG (lattice-oracle[5.5.480~1-09abd]:main():lattice-oracle.cc:318) %WER 0 [ 0 / 7, 0 insertions, 0 deletions, 0 sub ]
LOG (lattice-oracle[5.5.480~1-09abd]:main():lattice-oracle.cc:332) For utterance F299397483-3770715_3770715-299395668_1616054023-GB-F-016, best cost 0
Lattice F299397483-3770715_3770715-299395668_1616054023-GB-F-017 read.
LOG (lattice-oracle[5.5.480~1-09abd]:main():lattice-oracle.cc:318) %WER 0 [ 0 / 4, 0 insertions, 0 deletions, 0 sub ]
LOG (lattice-oracle[5.5.480~1-09abd]:main():lattice-oracle.cc:332) For utterance F299397483-3770715_3770715-299395668_1616054023-GB-F-017, best cost 0
Lattice F299397483-3770715_3770715-299395668_1616054023-GB-F-023 read.
LOG (lattice-oracle[5.5.480~1-09abd]:main():lattice-oracle.cc:318) %WER 0 [ 0 / 7, 0 insertions, 0 deletions, 0 sub ]
LOG (lattice-oracle[5.5.480~1-09abd]:main():lattice-oracle.cc:332) For utterance F299397483-3770715_3770715-299395668_1616054023-GB-F-023, best cost 0
Lattice F299397483-3770715_3770715-299395668_1616054023-GB-F-024 read.
LOG (lattice-oracle[5.5.480~1-09abd]:main():lattice-oracle.cc:318) %WER 20 [ 1 / 5, 0 insertions, 0 deletions, 1 sub ]
LOG (lattice-oracle[5.5.480~1-09abd]:main():lattice-oracle.cc:332) For utterance F299397483-3770715_3770715-299395668_1616054023-GB-F-024, best cost 1
Lattice F299397483-3770715_3770715-299395668_1616054023-GB-F-025 read.
LOG (lattice-oracle[5.5.480~1-09abd]:main():lattice-oracle.cc:318) %WER 0 [ 0 / 4, 0 insertions, 0 deletions, 0 sub ]
LOG (lattice-oracle[5.5.480~1-09abd]:main():lattice-oracle.cc:332) For utterance F299397483-3770715_3770715-299395668_1616054023-GB-F-025, best cost 0
Lattice F299397483-3770715_3770715-299395668_1616054023-GB-F-026 read.
LOG (lattice-oracle[5.5.480~1-09abd]:main():lattice-oracle.cc:318) %WER 28.5714 [ 2 / 7, 0 insertions, 2 deletions, 0 sub ]
LOG (lattice-oracle[5.5.480~1-09abd]:main():lattice-oracle.cc:332) For utterance F299397483-3770715_3770715-299395668_1616054023-GB-F-026, best cost 2
Lattice F299397483-3770715_3770715-299395668_1616054023-GB-F-027 read.
LOG (lattice-oracle[5.5.480~1-09abd]:main():lattice-oracle.cc:318) %WER 0 [ 0 / 43, 0 insertions, 0 deletions, 0 sub ]
LOG (lattice-oracle[5.5.480~1-09abd]:main():lattice-oracle.cc:332) For utterance F299397483-3770715_3770715-299395668_1616054023-GB-F-027, best cost 0
Lattice F299397483-3770715_3770715-299395668_1616054023-GB-F-035 read.
LOG (lattice-oracle[5.5.480~1-09abd]:main():lattice-oracle.cc:318) %WER 0 [ 0 / 4, 0 insertions, 0 deletions, 0 sub ]
LOG (lattice-oracle[5.5.480~1-09abd]:main():lattice-oracle.cc:332) For utterance F299397483-3770715_3770715-299395668_1616054023-GB-F-035, best cost 0
Lattice F299397483-3770715_3770715-299395668_1616054023-GB-F-051 read.
LOG (lattice-oracle[5.5.480~1-09abd]:main():lattice-oracle.cc:318) %WER 25 [ 2 / 8, 0 insertions, 2 deletions, 0 sub ]
LOG (lattice-oracle[5.5.480~1-09abd]:main():lattice-oracle.cc:332) For utterance F299397483-3770715_3770715-299395668_1616054023-GB-F-051, best cost 2
Lattice F299397483-3770715_3770715-299395668_1616054023-GB-F-052 read.
LOG (lattice-oracle[5.5.480~1-09abd]:main():lattice-oracle.cc:318) %WER 0 [ 0 / 6, 0 insertions, 0 deletions, 0 sub ]
LOG (lattice-oracle[5.5.480~1-09abd]:main():lattice-oracle.cc:332) For utterance F299397483-3770715_3770715-299395668_1616054023-GB-F-052, best cost 0
Lattice F299397483-3770715_3770715-299395668_1616054023-GB-F-053 read.
LOG (lattice-oracle[5.5.480~1-09abd]:main():lattice-oracle.cc:318) %WER 0 [ 0 / 7, 0 insertions, 0 deletions, 0 sub ]
LOG (lattice-oracle[5.5.480~1-09abd]:main():lattice-oracle.cc:332) For utterance F299397483-3770715_3770715-299395668_1616054023-GB-F-053, best cost 0
Lattice F299397483-3770715_3770715-299395668_1616054023-GB-F-054 read.
LOG (lattice-oracle[5.5.480~1-09abd]:main():lattice-oracle.cc:318) %WER 0 [ 0 / 20, 0 insertions, 0 deletions, 0 sub ]
LOG (lattice-oracle[5.5.480~1-09abd]:main():lattice-oracle.cc:332) For utterance F299397483-3770715_3770715-299395668_1616054023-GB-F-054, best cost 0
Lattice F299397483-3770715_3770715-299395668_1616054023-GB-F-058 read.
LOG (lattice-oracle[5.5.480~1-09abd]:main():lattice-oracle.cc:318) %WER 27.2727 [ 3 / 11, 0 insertions, 3 deletions, 0 sub ]
LOG (lattice-oracle[5.5.480~1-09abd]:main():lattice-oracle.cc:332) For utterance F299397483-3770715_3770715-299395668_1616054023-GB-F-058, best cost 3
Lattice F299397483-3770715_3770715-299395668_1616054023-GB-F-060 read.
LOG (lattice-oracle[5.5.480~1-09abd]:main():lattice-oracle.cc:318) %WER 0 [ 0 / 4, 0 insertions, 0 deletions, 0 sub ]
LOG (lattice-oracle[5.5.480~1-09abd]:main():lattice-oracle.cc:332) For utterance F299397483-3770715_3770715-299395668_1616054023-GB-F-060, best cost 0
Lattice F299397483-3770715_3770715-299395668_1616054023-GB-F-061 read.
LOG (lattice-oracle[5.5.480~1-09abd]:main():lattice-oracle.cc:318) %WER 28.5714 [ 2 / 7, 0 insertions, 1 deletions, 1 sub ]
LOG (lattice-oracle[5.5.480~1-09abd]:main():lattice-oracle.cc:332) For utterance F299397483-3770715_3770715-299395668_1616054023-GB-F-061, best cost 2
Lattice F299397483-3770715_3770715-299395668_1616054023-GB-F-062 read.
LOG (lattice-oracle[5.5.480~1-09abd]:main():lattice-oracle.cc:318) %WER 0 [ 0 / 4, 0 insertions, 0 deletions, 0 sub ]
LOG (lattice-oracle[5.5.480~1-09abd]:main():lattice-oracle.cc:332) For utterance F299397483-3770715_3770715-299395668_1616054023-GB-F-062, best cost 0
Lattice F299685340-3641342_3641342-1313740541_1512002327-GB-F-001 read.
LOG (lattice-oracle[5.5.480~1-09abd]:main():lattice-oracle.cc:318) %WER 0 [ 0 / 4, 0 insertions, 0 deletions, 0 sub ]
LOG (lattice-oracle[5.5.480~1-09abd]:main():lattice-oracle.cc:332) For utterance F299685340-3641342_3641342-1313740541_1512002327-GB-F-001, best cost 0
Lattice F299685340-3641342_3641342-1313740541_1512002327-GB-F-008 read.
LOG (lattice-oracle[5.5.480~1-09abd]:main():lattice-oracle.cc:318) %WER 0 [ 0 / 3, 0 insertions, 0 deletions, 0 sub ]
LOG (lattice-oracle[5.5.480~1-09abd]:main():lattice-oracle.cc:332) For utterance F299685340-3641342_3641342-1313740541_1512002327-GB-F-008, best cost 0
Lattice F299685340-3641342_3641342-1313740541_1512002327-GB-F-011 read.
LOG (lattice-oracle[5.5.480~1-09abd]:main():lattice-oracle.cc:318) %WER 0 [ 0 / 4, 0 insertions, 0 deletions, 0 sub ]
LOG (lattice-oracle[5.5.480~1-09abd]:main():lattice-oracle.cc:332) For utterance F299685340-3641342_3641342-1313740541_1512002327-GB-F-011, best cost 0
Lattice F299685340-3641342_3641342-1313740541_1512002327-GB-F-012 read.
LOG (lattice-oracle[5.5.480~1-09abd]:main():lattice-oracle.cc:318) %WER 0 [ 0 / 3, 0 insertions, 0 deletions, 0 sub ]
LOG (lattice-oracle[5.5.480~1-09abd]:main():lattice-oracle.cc:332) For utterance F299685340-3641342_3641342-1313740541_1512002327-GB-F-012, best cost 0
Lattice F299685340-3641342_3641342-1313740541_1512002327-GB-F-024 read.
LOG (lattice-oracle[5.5.480~1-09abd]:main():lattice-oracle.cc:318) %WER 50 [ 3 / 6, 0 insertions, 3 deletions, 0 sub ]
LOG (lattice-oracle[5.5.480~1-09abd]:main():lattice-oracle.cc:332) For utterance F299685340-3641342_3641342-1313740541_1512002327-GB-F-024, best cost 3
Lattice F299685340-3641342_3641342-1313740541_1512002327-GB-F-028 read.
LOG (lattice-oracle[5.5.480~1-09abd]:main():lattice-oracle.cc:318) %WER 66.6667 [ 4 / 6, 0 insertions, 3 deletions, 1 sub ]
LOG (lattice-oracle[5.5.480~1-09abd]:main():lattice-oracle.cc:332) For utterance F299685340-3641342_3641342-1313740541_1512002327-GB-F-028, best cost 4
Lattice F299685340-3641342_3641342-1313740541_1512002327-GB-F-035 read.
LOG (lattice-oracle[5.5.480~1-09abd]:main():lattice-oracle.cc:318) %WER 0 [ 0 / 10, 0 insertions, 0 deletions, 0 sub ]
LOG (lattice-oracle[5.5.480~1-09abd]:main():lattice-oracle.cc:332) For utterance F299685340-3641342_3641342-1313740541_1512002327-GB-F-035, best cost 0
Lattice F299685340-3641342_3641342-1313740541_1512002327-GB-F-039 read.
LOG (lattice-oracle[5.5.480~1-09abd]:main():lattice-oracle.cc:318) %WER 0 [ 0 / 7, 0 insertions, 0 deletions, 0 sub ]
LOG (lattice-oracle[5.5.480~1-09abd]:main():lattice-oracle.cc:332) For utterance F299685340-3641342_3641342-1313740541_1512002327-GB-F-039, best cost 0
Lattice F299685340-3641342_3641342-1313740541_1512002327-GB-F-040 read.
LOG (lattice-oracle[5.5.480~1-09abd]:main():lattice-oracle.cc:318) %WER 42.8571 [ 3 / 7, 0 insertions, 3 deletions, 0 sub ]
LOG (lattice-oracle[5.5.480~1-09abd]:main():lattice-oracle.cc:332) For utterance F299685340-3641342_3641342-1313740541_1512002327-GB-F-040, best cost 3
Lattice F299685340-3641342_3641342-1313740541_1512002327-GB-F-042 read.
LOG (lattice-oracle[5.5.480~1-09abd]:main():lattice-oracle.cc:318) %WER 9.09091 [ 1 / 11, 0 insertions, 1 deletions, 0 sub ]
LOG (lattice-oracle[5.5.480~1-09abd]:main():lattice-oracle.cc:332) For utterance F299685340-3641342_3641342-1313740541_1512002327-GB-F-042, best cost 1
Lattice F299685340-3641342_3641342-1313740541_1512002327-GB-F-048 read.
LOG (lattice-oracle[5.5.480~1-09abd]:main():lattice-oracle.cc:318) %WER 0 [ 0 / 4, 0 insertions, 0 deletions, 0 sub ]
LOG (lattice-oracle[5.5.480~1-09abd]:main():lattice-oracle.cc:332) For utterance F299685340-3641342_3641342-1313740541_1512002327-GB-F-048, best cost 0
Lattice F299685340-3641342_3641342-1313740541_1512002327-GB-F-049 read.
LOG (lattice-oracle[5.5.480~1-09abd]:main():lattice-oracle.cc:318) %WER 48.7179 [ 19 / 39, 0 insertions, 15 deletions, 4 sub ]
LOG (lattice-oracle[5.5.480~1-09abd]:main():lattice-oracle.cc:332) For utterance F299685340-3641342_3641342-1313740541_1512002327-GB-F-049, best cost 19
Lattice F299685340-3641342_3641342-1313740541_1512002327-GB-F-063 read.
LOG (lattice-oracle[5.5.480~1-09abd]:main():lattice-oracle.cc:318) %WER 57.1429 [ 4 / 7, 0 insertions, 4 deletions, 0 sub ]
LOG (lattice-oracle[5.5.480~1-09abd]:main():lattice-oracle.cc:332) For utterance F299685340-3641342_3641342-1313740541_1512002327-GB-F-063, best cost 4
Lattice F299685340-3641342_3641342-1313740541_1512002327-GB-F-065 read.
LOG (lattice-oracle[5.5.480~1-09abd]:main():lattice-oracle.cc:318) %WER 55.5556 [ 5 / 9, 0 insertions, 5 deletions, 0 sub ]
LOG (lattice-oracle[5.5.480~1-09abd]:main():lattice-oracle.cc:332) For utterance F299685340-3641342_3641342-1313740541_1512002327-GB-F-065, best cost 5
Lattice F299685340-3641342_3641342-1313740541_1512002327-GB-F-069 read.
LOG (lattice-oracle[5.5.480~1-09abd]:main():lattice-oracle.cc:318) %WER 0 [ 0 / 4, 0 insertions, 0 deletions, 0 sub ]
LOG (lattice-oracle[5.5.480~1-09abd]:main():lattice-oracle.cc:332) For utterance F299685340-3641342_3641342-1313740541_1512002327-GB-F-069, best cost 0
Lattice F299685340-3641342_3641342-1313740541_1512002327-GB-F-074 read.
LOG (lattice-oracle[5.5.480~1-09abd]:main():lattice-oracle.cc:318) %WER 0 [ 0 / 10, 0 insertions, 0 deletions, 0 sub ]
LOG (lattice-oracle[5.5.480~1-09abd]:main():lattice-oracle.cc:332) For utterance F299685340-3641342_3641342-1313740541_1512002327-GB-F-074, best cost 0
Lattice F299685340-3641342_3641342-1313740541_1512002327-GB-F-076 read.
LOG (lattice-oracle[5.5.480~1-09abd]:main():lattice-oracle.cc:318) %WER 11.1111 [ 3 / 27, 3 insertions, 0 deletions, 0 sub ]
LOG (lattice-oracle[5.5.480~1-09abd]:main():lattice-oracle.cc:332) For utterance F299685340-3641342_3641342-1313740541_1512002327-GB-F-076, best cost 3
Lattice F299685340-3641342_3641342-1313740541_1512002327-GB-F-082 read.
LOG (lattice-oracle[5.5.480~1-09abd]:main():lattice-oracle.cc:318) %WER 22.2222 [ 2 / 9, 0 insertions, 2 deletions, 0 sub ]
LOG (lattice-oracle[5.5.480~1-09abd]:main():lattice-oracle.cc:332) For utterance F299685340-3641342_3641342-1313740541_1512002327-GB-F-082, best cost 2
Lattice F299685340-3641342_3641342-1313740541_1512002327-GB-F-085 read.
LOG (lattice-oracle[5.5.480~1-09abd]:main():lattice-oracle.cc:318) %WER 0 [ 0 / 7, 0 insertions, 0 deletions, 0 sub ]
LOG (lattice-oracle[5.5.480~1-09abd]:main():lattice-oracle.cc:332) For utterance F299685340-3641342_3641342-1313740541_1512002327-GB-F-085, best cost 0
Lattice F299685340-3641342_3641342-1313740541_1512002327-GB-F-086 read.
LOG (lattice-oracle[5.5.480~1-09abd]:main():lattice-oracle.cc:318) %WER 0 [ 0 / 8, 0 insertions, 0 deletions, 0 sub ]
LOG (lattice-oracle[5.5.480~1-09abd]:main():lattice-oracle.cc:332) For utterance F299685340-3641342_3641342-1313740541_1512002327-GB-F-086, best cost 0
Lattice F299685340-3641342_3641342-1313740541_1512002327-GB-F-088 read.
LOG (lattice-oracle[5.5.480~1-09abd]:main():lattice-oracle.cc:318) %WER 35.7143 [ 5 / 14, 0 insertions, 5 deletions, 0 sub ]
LOG (lattice-oracle[5.5.480~1-09abd]:main():lattice-oracle.cc:332) For utterance F299685340-3641342_3641342-1313740541_1512002327-GB-F-088, best cost 5
Lattice F299685340-3641342_3641342-1313740541_1512002327-GB-F-092 read.
LOG (lattice-oracle[5.5.480~1-09abd]:main():lattice-oracle.cc:318) %WER 70 [ 7 / 10, 0 insertions, 6 deletions, 1 sub ]
LOG (lattice-oracle[5.5.480~1-09abd]:main():lattice-oracle.cc:332) For utterance F299685340-3641342_3641342-1313740541_1512002327-GB-F-092, best cost 7
Lattice F299685340-3641342_3641342-1313740541_1512002327-GB-F-094 read.
LOG (lattice-oracle[5.5.480~1-09abd]:main():lattice-oracle.cc:318) %WER 0 [ 0 / 12, 0 insertions, 0 deletions, 0 sub ]
LOG (lattice-oracle[5.5.480~1-09abd]:main():lattice-oracle.cc:332) For utterance F299685340-3641342_3641342-1313740541_1512002327-GB-F-094, best cost 0
Lattice F299685340-3641342_3641342-1313740541_1512002327-GB-F-098 read.
LOG (lattice-oracle[5.5.480~1-09abd]:main():lattice-oracle.cc:318) %WER 0 [ 0 / 2, 0 insertions, 0 deletions, 0 sub ]
LOG (lattice-oracle[5.5.480~1-09abd]:main():lattice-oracle.cc:332) For utterance F299685340-3641342_3641342-1313740541_1512002327-GB-F-098, best cost 0
Lattice F299685340-3641342_3641342-1313740541_1512002327-GB-F-099 read.
LOG (lattice-oracle[5.5.480~1-09abd]:main():lattice-oracle.cc:318) %WER 0 [ 0 / 18, 0 insertions, 0 deletions, 0 sub ]
LOG (lattice-oracle[5.5.480~1-09abd]:main():lattice-oracle.cc:332) For utterance F299685340-3641342_3641342-1313740541_1512002327-GB-F-099, best cost 0
Lattice F299685340-3641342_3641342-1313740541_1512002327-GB-F-103 read.
LOG (lattice-oracle[5.5.480~1-09abd]:main():lattice-oracle.cc:318) %WER 0 [ 0 / 9, 0 insertions, 0 deletions, 0 sub ]
LOG (lattice-oracle[5.5.480~1-09abd]:main():lattice-oracle.cc:332) For utterance F299685340-3641342_3641342-1313740541_1512002327-GB-F-103, best cost 0
Lattice F299685340-3641342_3641342-1313740541_1512002327-GB-F-105 read.
LOG (lattice-oracle[5.5.480~1-09abd]:main():lattice-oracle.cc:318) %WER 0 [ 0 / 7, 0 insertions, 0 deletions, 0 sub ]
LOG (lattice-oracle[5.5.480~1-09abd]:main():lattice-oracle.cc:332) For utterance F299685340-3641342_3641342-1313740541_1512002327-GB-F-105, best cost 0
Lattice F304787586-3217450_3217450-304792464_1652077570-GB-F-044 read.
LOG (lattice-oracle[5.5.480~1-09abd]:main():lattice-oracle.cc:318) %WER 0 [ 0 / 1, 0 insertions, 0 deletions, 0 sub ]
LOG (lattice-oracle[5.5.480~1-09abd]:main():lattice-oracle.cc:332) For utterance F304787586-3217450_3217450-304792464_1652077570-GB-F-044, best cost 0
Lattice F304787586-3217450_3217450-304792464_1652077570-GB-F-046 read.
LOG (lattice-oracle[5.5.480~1-09abd]:main():lattice-oracle.cc:318) %WER 0 [ 0 / 5, 0 insertions, 0 deletions, 0 sub ]
LOG (lattice-oracle[5.5.480~1-09abd]:main():lattice-oracle.cc:332) For utterance F304787586-3217450_3217450-304792464_1652077570-GB-F-046, best cost 0
Lattice F304787586-3217450_3217450-304792464_1652077570-GB-F-047 read.
LOG (lattice-oracle[5.5.480~1-09abd]:main():lattice-oracle.cc:318) %WER 4.34783 [ 2 / 46, 0 insertions, 0 deletions, 2 sub ]
LOG (lattice-oracle[5.5.480~1-09abd]:main():lattice-oracle.cc:332) For utterance F304787586-3217450_3217450-304792464_1652077570-GB-F-047, best cost 2
Lattice F304787586-3217450_3217450-304792464_1652077570-GB-F-054 read.
LOG (lattice-oracle[5.5.480~1-09abd]:main():lattice-oracle.cc:318) %WER 0 [ 0 / 8, 0 insertions, 0 deletions, 0 sub ]
LOG (lattice-oracle[5.5.480~1-09abd]:main():lattice-oracle.cc:332) For utterance F304787586-3217450_3217450-304792464_1652077570-GB-F-054, best cost 0
Lattice F304787586-3217450_3217450-304792464_1652077570-GB-F-055 read.
LOG (lattice-oracle[5.5.480~1-09abd]:main():lattice-oracle.cc:318) %WER 0 [ 0 / 5, 0 insertions, 0 deletions, 0 sub ]
LOG (lattice-oracle[5.5.480~1-09abd]:main():lattice-oracle.cc:332) For utterance F304787586-3217450_3217450-304792464_1652077570-GB-F-055, best cost 0
Lattice F304787586-3217450_3217450-304792464_1652077570-GB-F-056 read.
LOG (lattice-oracle[5.5.480~1-09abd]:main():lattice-oracle.cc:318) %WER 0 [ 0 / 4, 0 insertions, 0 deletions, 0 sub ]
LOG (lattice-oracle[5.5.480~1-09abd]:main():lattice-oracle.cc:332) For utterance F304787586-3217450_3217450-304792464_1652077570-GB-F-056, best cost 0
Lattice F304787586-3217450_3217450-304792464_1652077570-GB-F-057 read.
LOG (lattice-oracle[5.5.480~1-09abd]:main():lattice-oracle.cc:318) %WER 14.2857 [ 1 / 7, 0 insertions, 1 deletions, 0 sub ]
LOG (lattice-oracle[5.5.480~1-09abd]:main():lattice-oracle.cc:332) For utterance F304787586-3217450_3217450-304792464_1652077570-GB-F-057, best cost 1
Lattice F304787586-3217450_3217450-304792464_1652077570-GB-F-058 read.
LOG (lattice-oracle[5.5.480~1-09abd]:main():lattice-oracle.cc:318) %WER 20 [ 3 / 15, 0 insertions, 3 deletions, 0 sub ]
LOG (lattice-oracle[5.5.480~1-09abd]:main():lattice-oracle.cc:332) For utterance F304787586-3217450_3217450-304792464_1652077570-GB-F-058, best cost 3
Lattice F304787586-3217450_3217450-304792464_1652077570-GB-F-061 read.
LOG (lattice-oracle[5.5.480~1-09abd]:main():lattice-oracle.cc:318) %WER 0 [ 0 / 13, 0 insertions, 0 deletions, 0 sub ]
LOG (lattice-oracle[5.5.480~1-09abd]:main():lattice-oracle.cc:332) For utterance F304787586-3217450_3217450-304792464_1652077570-GB-F-061, best cost 0
Lattice F304787586-3217450_3217450-304792464_1652077570-GB-F-063 read.
LOG (lattice-oracle[5.5.480~1-09abd]:main():lattice-oracle.cc:318) %WER 14.2857 [ 1 / 7, 0 insertions, 0 deletions, 1 sub ]
LOG (lattice-oracle[5.5.480~1-09abd]:main():lattice-oracle.cc:332) For utterance F304787586-3217450_3217450-304792464_1652077570-GB-F-063, best cost 1
Lattice F304787586-3217450_3217450-304792464_1652077570-GB-F-064 read.
LOG (lattice-oracle[5.5.480~1-09abd]:main():lattice-oracle.cc:318) %WER 20 [ 3 / 15, 0 insertions, 3 deletions, 0 sub ]
LOG (lattice-oracle[5.5.480~1-09abd]:main():lattice-oracle.cc:332) For utterance F304787586-3217450_3217450-304792464_1652077570-GB-F-064, best cost 3
Lattice F304787586-3217450_3217450-304792464_1652077570-GB-F-067 read.
LOG (lattice-oracle[5.5.480~1-09abd]:main():lattice-oracle.cc:318) %WER 0 [ 0 / 34, 0 insertions, 0 deletions, 0 sub ]
LOG (lattice-oracle[5.5.480~1-09abd]:main():lattice-oracle.cc:332) For utterance F304787586-3217450_3217450-304792464_1652077570-GB-F-067, best cost 0
LOG (lattice-oracle[5.5.480~1-09abd]:main():lattice-oracle.cc:383) Overall %WER 8.83555 [ 173 / 1958, 37 insertions, 109 deletions, 27 substitutions ]
LOG (lattice-oracle[5.5.480~1-09abd]:main():lattice-oracle.cc:387) Scored 225 lattices, 0 not present in ref.
# Accounting: time=4 threads=1
# Ended (code 0) at Tue Sep 10 15:04:41 BST 2019, elapsed time 4 seconds
