# lattice-oracle "--write-lattices=ark:|gzip -c > exp/tri3b_cleaned/lattice_oracle/lat.24.gz" "ark:gunzip -c exp/tri3b_cleaned/lats/lat.24.gz |" "ark:utils/sym2int.pl --map-oov 239 -f 2- data/lang/words.txt data/train1/split40/24/text|" ark,t:- | utils/int2sym.pl -f 2- data/lang/words.txt > exp/tri3b_cleaned/lattice_oracle/oracle_hyp.24.txt 
# Started at Tue Sep 10 15:04:49 BST 2019
#
lattice-oracle '--write-lattices=ark:|gzip -c > exp/tri3b_cleaned/lattice_oracle/lat.24.gz' 'ark:gunzip -c exp/tri3b_cleaned/lats/lat.24.gz |' 'ark:utils/sym2int.pl --map-oov 239 -f 2- data/lang/words.txt data/train1/split40/24/text|' ark,t:- 
Lattice M1335982530-291698356_161360-693808190_1687423045-GB-M-008 read.
sym2int.pl: replacing DIRK with 239
sym2int.pl: replacing AMELIA with 239
LOG (lattice-oracle[5.5.480~1-09abd]:main():lattice-oracle.cc:318) %WER 20 [ 1 / 5, 0 insertions, 1 deletions, 0 sub ]
LOG (lattice-oracle[5.5.480~1-09abd]:main():lattice-oracle.cc:332) For utterance M1335982530-291698356_161360-693808190_1687423045-GB-M-008, best cost 1
Lattice M1335982530-291698356_161360-693808190_1687423045-GB-M-009 read.
LOG (lattice-oracle[5.5.480~1-09abd]:main():lattice-oracle.cc:318) %WER 0 [ 0 / 2, 0 insertions, 0 deletions, 0 sub ]
LOG (lattice-oracle[5.5.480~1-09abd]:main():lattice-oracle.cc:332) For utterance M1335982530-291698356_161360-693808190_1687423045-GB-M-009, best cost 0
sym2int.pl: replacing WOAAH with 239
sym2int.pl: replacing OHH with 239
Lattice M1335982530-291698356_161360-693808190_1687423045-GB-M-010 read.
** Replaced 4 instances of OOVs with 239
LOG (lattice-oracle[5.5.480~1-09abd]:main():lattice-oracle.cc:318) %WER 0 [ 0 / 4, 0 insertions, 0 deletions, 0 sub ]
LOG (lattice-oracle[5.5.480~1-09abd]:main():lattice-oracle.cc:332) For utterance M1335982530-291698356_161360-693808190_1687423045-GB-M-010, best cost 0
Lattice M1335982530-291698356_161360-693808190_1687423045-GB-M-011 read.
LOG (lattice-oracle[5.5.480~1-09abd]:main():lattice-oracle.cc:318) %WER 50 [ 1 / 2, 1 insertions, 0 deletions, 0 sub ]
LOG (lattice-oracle[5.5.480~1-09abd]:main():lattice-oracle.cc:332) For utterance M1335982530-291698356_161360-693808190_1687423045-GB-M-011, best cost 1
Lattice M1335982530-291698356_161360-693808190_1687423045-GB-M-012 read.
LOG (lattice-oracle[5.5.480~1-09abd]:main():lattice-oracle.cc:318) %WER 0 [ 0 / 4, 0 insertions, 0 deletions, 0 sub ]
LOG (lattice-oracle[5.5.480~1-09abd]:main():lattice-oracle.cc:332) For utterance M1335982530-291698356_161360-693808190_1687423045-GB-M-012, best cost 0
Lattice M1335982530-291698356_161360-693808190_1687423045-GB-M-013 read.
LOG (lattice-oracle[5.5.480~1-09abd]:main():lattice-oracle.cc:318) %WER 0 [ 0 / 5, 0 insertions, 0 deletions, 0 sub ]
LOG (lattice-oracle[5.5.480~1-09abd]:main():lattice-oracle.cc:332) For utterance M1335982530-291698356_161360-693808190_1687423045-GB-M-013, best cost 0
Lattice M1335982530-291698356_161360-693808190_1687423045-GB-M-014 read.
LOG (lattice-oracle[5.5.480~1-09abd]:main():lattice-oracle.cc:318) %WER 0 [ 0 / 4, 0 insertions, 0 deletions, 0 sub ]
LOG (lattice-oracle[5.5.480~1-09abd]:main():lattice-oracle.cc:332) For utterance M1335982530-291698356_161360-693808190_1687423045-GB-M-014, best cost 0
Lattice M1335982530-291698356_161360-693808190_1687423045-GB-M-016 read.
LOG (lattice-oracle[5.5.480~1-09abd]:main():lattice-oracle.cc:318) %WER 0 [ 0 / 4, 0 insertions, 0 deletions, 0 sub ]
LOG (lattice-oracle[5.5.480~1-09abd]:main():lattice-oracle.cc:332) For utterance M1335982530-291698356_161360-693808190_1687423045-GB-M-016, best cost 0
Lattice M1335982530-291698356_161360-693808190_1687423045-GB-M-017 read.
LOG (lattice-oracle[5.5.480~1-09abd]:main():lattice-oracle.cc:318) %WER 36.3636 [ 4 / 11, 0 insertions, 4 deletions, 0 sub ]
LOG (lattice-oracle[5.5.480~1-09abd]:main():lattice-oracle.cc:332) For utterance M1335982530-291698356_161360-693808190_1687423045-GB-M-017, best cost 4
Lattice M1335982530-291698356_161360-693808190_1687423045-GB-M-025 read.
LOG (lattice-oracle[5.5.480~1-09abd]:main():lattice-oracle.cc:318) %WER 0 [ 0 / 5, 0 insertions, 0 deletions, 0 sub ]
LOG (lattice-oracle[5.5.480~1-09abd]:main():lattice-oracle.cc:332) For utterance M1335982530-291698356_161360-693808190_1687423045-GB-M-025, best cost 0
Lattice M1335982530-291698356_161360-693808190_1687423045-GB-M-026 read.
LOG (lattice-oracle[5.5.480~1-09abd]:main():lattice-oracle.cc:318) %WER 28 [ 7 / 25, 0 insertions, 7 deletions, 0 sub ]
LOG (lattice-oracle[5.5.480~1-09abd]:main():lattice-oracle.cc:332) For utterance M1335982530-291698356_161360-693808190_1687423045-GB-M-026, best cost 7
Lattice M1335982530-291698356_161360-693808190_1687423045-GB-M-032 read.
LOG (lattice-oracle[5.5.480~1-09abd]:main():lattice-oracle.cc:318) %WER 0 [ 0 / 8, 0 insertions, 0 deletions, 0 sub ]
LOG (lattice-oracle[5.5.480~1-09abd]:main():lattice-oracle.cc:332) For utterance M1335982530-291698356_161360-693808190_1687423045-GB-M-032, best cost 0
Lattice M1335982530-291698356_161360-693808190_1687423045-GB-M-039 read.
LOG (lattice-oracle[5.5.480~1-09abd]:main():lattice-oracle.cc:318) %WER 0 [ 0 / 6, 0 insertions, 0 deletions, 0 sub ]
LOG (lattice-oracle[5.5.480~1-09abd]:main():lattice-oracle.cc:332) For utterance M1335982530-291698356_161360-693808190_1687423045-GB-M-039, best cost 0
Lattice M1335982530-291698356_161360-693808190_1687423045-GB-M-041 read.
LOG (lattice-oracle[5.5.480~1-09abd]:main():lattice-oracle.cc:318) %WER 5.88235 [ 1 / 17, 0 insertions, 0 deletions, 1 sub ]
LOG (lattice-oracle[5.5.480~1-09abd]:main():lattice-oracle.cc:332) For utterance M1335982530-291698356_161360-693808190_1687423045-GB-M-041, best cost 1
Lattice M1335982530-291698356_161360-693808190_1687423045-GB-M-048 read.
LOG (lattice-oracle[5.5.480~1-09abd]:main():lattice-oracle.cc:318) %WER 0 [ 0 / 7, 0 insertions, 0 deletions, 0 sub ]
LOG (lattice-oracle[5.5.480~1-09abd]:main():lattice-oracle.cc:332) For utterance M1335982530-291698356_161360-693808190_1687423045-GB-M-048, best cost 0
Lattice M1335982530-291698356_161360-693808190_1687423045-GB-M-060 read.
LOG (lattice-oracle[5.5.480~1-09abd]:main():lattice-oracle.cc:318) %WER 0 [ 0 / 8, 0 insertions, 0 deletions, 0 sub ]
LOG (lattice-oracle[5.5.480~1-09abd]:main():lattice-oracle.cc:332) For utterance M1335982530-291698356_161360-693808190_1687423045-GB-M-060, best cost 0
Lattice M1335982530-291698356_161360-693808190_1687423045-GB-M-062 read.
LOG (lattice-oracle[5.5.480~1-09abd]:main():lattice-oracle.cc:318) %WER 83.3333 [ 5 / 6, 0 insertions, 4 deletions, 1 sub ]
LOG (lattice-oracle[5.5.480~1-09abd]:main():lattice-oracle.cc:332) For utterance M1335982530-291698356_161360-693808190_1687423045-GB-M-062, best cost 5
Lattice M1335982530-291698356_161360-693808190_1687423045-GB-M-063 read.
LOG (lattice-oracle[5.5.480~1-09abd]:main():lattice-oracle.cc:318) %WER 25 [ 2 / 8, 0 insertions, 1 deletions, 1 sub ]
LOG (lattice-oracle[5.5.480~1-09abd]:main():lattice-oracle.cc:332) For utterance M1335982530-291698356_161360-693808190_1687423045-GB-M-063, best cost 2
Lattice M1335982530-291698356_161360-693808190_1687423045-GB-M-064 read.
LOG (lattice-oracle[5.5.480~1-09abd]:main():lattice-oracle.cc:318) %WER 14.2857 [ 1 / 7, 0 insertions, 1 deletions, 0 sub ]
LOG (lattice-oracle[5.5.480~1-09abd]:main():lattice-oracle.cc:332) For utterance M1335982530-291698356_161360-693808190_1687423045-GB-M-064, best cost 1
Lattice M1335982530-291698356_161360-693808190_1687423045-GB-M-065 read.
LOG (lattice-oracle[5.5.480~1-09abd]:main():lattice-oracle.cc:318) %WER 0 [ 0 / 4, 0 insertions, 0 deletions, 0 sub ]
LOG (lattice-oracle[5.5.480~1-09abd]:main():lattice-oracle.cc:332) For utterance M1335982530-291698356_161360-693808190_1687423045-GB-M-065, best cost 0
Lattice M1335982530-291698356_161360-693808190_1687423045-GB-M-070 read.
LOG (lattice-oracle[5.5.480~1-09abd]:main():lattice-oracle.cc:318) %WER 0 [ 0 / 7, 0 insertions, 0 deletions, 0 sub ]
LOG (lattice-oracle[5.5.480~1-09abd]:main():lattice-oracle.cc:332) For utterance M1335982530-291698356_161360-693808190_1687423045-GB-M-070, best cost 0
Lattice M1335982530-291698356_161360-693808190_1687423045-GB-M-072 read.
LOG (lattice-oracle[5.5.480~1-09abd]:main():lattice-oracle.cc:318) %WER 64.7059 [ 11 / 17, 2 insertions, 1 deletions, 8 sub ]
LOG (lattice-oracle[5.5.480~1-09abd]:main():lattice-oracle.cc:332) For utterance M1335982530-291698356_161360-693808190_1687423045-GB-M-072, best cost 11
Lattice M1335982530-370582646_496045-1335601944_1572727349-GB-M-001 read.
LOG (lattice-oracle[5.5.480~1-09abd]:main():lattice-oracle.cc:318) %WER 0 [ 0 / 4, 0 insertions, 0 deletions, 0 sub ]
LOG (lattice-oracle[5.5.480~1-09abd]:main():lattice-oracle.cc:332) For utterance M1335982530-370582646_496045-1335601944_1572727349-GB-M-001, best cost 0
Lattice M1335982530-370582646_496045-1335601944_1572727349-GB-M-002 read.
LOG (lattice-oracle[5.5.480~1-09abd]:main():lattice-oracle.cc:318) %WER 0 [ 0 / 4, 0 insertions, 0 deletions, 0 sub ]
LOG (lattice-oracle[5.5.480~1-09abd]:main():lattice-oracle.cc:332) For utterance M1335982530-370582646_496045-1335601944_1572727349-GB-M-002, best cost 0
Lattice M1335982530-370582646_496045-1335601944_1572727349-GB-M-003 read.
LOG (lattice-oracle[5.5.480~1-09abd]:main():lattice-oracle.cc:318) %WER 0 [ 0 / 4, 0 insertions, 0 deletions, 0 sub ]
LOG (lattice-oracle[5.5.480~1-09abd]:main():lattice-oracle.cc:332) For utterance M1335982530-370582646_496045-1335601944_1572727349-GB-M-003, best cost 0
Lattice M1335982530-370582646_496045-1335601944_1572727349-GB-M-004 read.
LOG (lattice-oracle[5.5.480~1-09abd]:main():lattice-oracle.cc:318) %WER 0 [ 0 / 4, 0 insertions, 0 deletions, 0 sub ]
LOG (lattice-oracle[5.5.480~1-09abd]:main():lattice-oracle.cc:332) For utterance M1335982530-370582646_496045-1335601944_1572727349-GB-M-004, best cost 0
Lattice M1335982530-370582646_496045-1335601944_1572727349-GB-M-005 read.
LOG (lattice-oracle[5.5.480~1-09abd]:main():lattice-oracle.cc:318) %WER 0 [ 0 / 3, 0 insertions, 0 deletions, 0 sub ]
LOG (lattice-oracle[5.5.480~1-09abd]:main():lattice-oracle.cc:332) For utterance M1335982530-370582646_496045-1335601944_1572727349-GB-M-005, best cost 0
Lattice M1335982530-370582646_496045-1335601944_1572727349-GB-M-006 read.
LOG (lattice-oracle[5.5.480~1-09abd]:main():lattice-oracle.cc:318) %WER 0 [ 0 / 3, 0 insertions, 0 deletions, 0 sub ]
LOG (lattice-oracle[5.5.480~1-09abd]:main():lattice-oracle.cc:332) For utterance M1335982530-370582646_496045-1335601944_1572727349-GB-M-006, best cost 0
Lattice M1335982530-370582646_496045-1335601944_1572727349-GB-M-007 read.
LOG (lattice-oracle[5.5.480~1-09abd]:main():lattice-oracle.cc:318) %WER 0 [ 0 / 3, 0 insertions, 0 deletions, 0 sub ]
LOG (lattice-oracle[5.5.480~1-09abd]:main():lattice-oracle.cc:332) For utterance M1335982530-370582646_496045-1335601944_1572727349-GB-M-007, best cost 0
Lattice M1335982530-370582646_496045-1335601944_1572727349-GB-M-009 read.
LOG (lattice-oracle[5.5.480~1-09abd]:main():lattice-oracle.cc:318) %WER 0 [ 0 / 3, 0 insertions, 0 deletions, 0 sub ]
LOG (lattice-oracle[5.5.480~1-09abd]:main():lattice-oracle.cc:332) For utterance M1335982530-370582646_496045-1335601944_1572727349-GB-M-009, best cost 0
Lattice M1335982530-370582646_496045-1335601944_1572727349-GB-M-010 read.
LOG (lattice-oracle[5.5.480~1-09abd]:main():lattice-oracle.cc:318) %WER 0 [ 0 / 4, 0 insertions, 0 deletions, 0 sub ]
LOG (lattice-oracle[5.5.480~1-09abd]:main():lattice-oracle.cc:332) For utterance M1335982530-370582646_496045-1335601944_1572727349-GB-M-010, best cost 0
Lattice M1335982530-370582646_496045-1335601944_1572727349-GB-M-011 read.
LOG (lattice-oracle[5.5.480~1-09abd]:main():lattice-oracle.cc:318) %WER 0 [ 0 / 3, 0 insertions, 0 deletions, 0 sub ]
LOG (lattice-oracle[5.5.480~1-09abd]:main():lattice-oracle.cc:332) For utterance M1335982530-370582646_496045-1335601944_1572727349-GB-M-011, best cost 0
Lattice M1335982530-370582646_496045-1335601944_1572727349-GB-M-012 read.
LOG (lattice-oracle[5.5.480~1-09abd]:main():lattice-oracle.cc:318) %WER 0 [ 0 / 4, 0 insertions, 0 deletions, 0 sub ]
LOG (lattice-oracle[5.5.480~1-09abd]:main():lattice-oracle.cc:332) For utterance M1335982530-370582646_496045-1335601944_1572727349-GB-M-012, best cost 0
Lattice M1335982530-370582646_496045-1335601944_1572727349-GB-M-013 read.
LOG (lattice-oracle[5.5.480~1-09abd]:main():lattice-oracle.cc:318) %WER 0 [ 0 / 4, 0 insertions, 0 deletions, 0 sub ]
LOG (lattice-oracle[5.5.480~1-09abd]:main():lattice-oracle.cc:332) For utterance M1335982530-370582646_496045-1335601944_1572727349-GB-M-013, best cost 0
Lattice M1335982530-370582646_496045-1335601944_1572727349-GB-M-014 read.
LOG (lattice-oracle[5.5.480~1-09abd]:main():lattice-oracle.cc:318) %WER 0 [ 0 / 4, 0 insertions, 0 deletions, 0 sub ]
LOG (lattice-oracle[5.5.480~1-09abd]:main():lattice-oracle.cc:332) For utterance M1335982530-370582646_496045-1335601944_1572727349-GB-M-014, best cost 0
Lattice M1335982530-370582646_496045-1335601944_1572727349-GB-M-015 read.
LOG (lattice-oracle[5.5.480~1-09abd]:main():lattice-oracle.cc:318) %WER 0 [ 0 / 4, 0 insertions, 0 deletions, 0 sub ]
LOG (lattice-oracle[5.5.480~1-09abd]:main():lattice-oracle.cc:332) For utterance M1335982530-370582646_496045-1335601944_1572727349-GB-M-015, best cost 0
Lattice M1335982530-370582646_496045-1335601944_1572727349-GB-M-017 read.
LOG (lattice-oracle[5.5.480~1-09abd]:main():lattice-oracle.cc:318) %WER 0 [ 0 / 3, 0 insertions, 0 deletions, 0 sub ]
LOG (lattice-oracle[5.5.480~1-09abd]:main():lattice-oracle.cc:332) For utterance M1335982530-370582646_496045-1335601944_1572727349-GB-M-017, best cost 0
Lattice M1335982530-370582646_496045-1335601944_1572727349-GB-M-018 read.
LOG (lattice-oracle[5.5.480~1-09abd]:main():lattice-oracle.cc:318) %WER 0 [ 0 / 6, 0 insertions, 0 deletions, 0 sub ]
LOG (lattice-oracle[5.5.480~1-09abd]:main():lattice-oracle.cc:332) For utterance M1335982530-370582646_496045-1335601944_1572727349-GB-M-018, best cost 0
Lattice M1335982530-370582646_496045-1335601944_1572727349-GB-M-019 read.
LOG (lattice-oracle[5.5.480~1-09abd]:main():lattice-oracle.cc:318) %WER 0 [ 0 / 9, 0 insertions, 0 deletions, 0 sub ]
LOG (lattice-oracle[5.5.480~1-09abd]:main():lattice-oracle.cc:332) For utterance M1335982530-370582646_496045-1335601944_1572727349-GB-M-019, best cost 0
Lattice M1335982530-370582646_496045-1335601944_1572727349-GB-M-020 read.
LOG (lattice-oracle[5.5.480~1-09abd]:main():lattice-oracle.cc:318) %WER 0 [ 0 / 9, 0 insertions, 0 deletions, 0 sub ]
LOG (lattice-oracle[5.5.480~1-09abd]:main():lattice-oracle.cc:332) For utterance M1335982530-370582646_496045-1335601944_1572727349-GB-M-020, best cost 0
Lattice M1335982530-370582646_496045-1335601944_1572727349-GB-M-022 read.
LOG (lattice-oracle[5.5.480~1-09abd]:main():lattice-oracle.cc:318) %WER 0 [ 0 / 8, 0 insertions, 0 deletions, 0 sub ]
LOG (lattice-oracle[5.5.480~1-09abd]:main():lattice-oracle.cc:332) For utterance M1335982530-370582646_496045-1335601944_1572727349-GB-M-022, best cost 0
Lattice M1335982530-370582646_496045-1335601944_1572727349-GB-M-023 read.
LOG (lattice-oracle[5.5.480~1-09abd]:main():lattice-oracle.cc:318) %WER 0 [ 0 / 6, 0 insertions, 0 deletions, 0 sub ]
LOG (lattice-oracle[5.5.480~1-09abd]:main():lattice-oracle.cc:332) For utterance M1335982530-370582646_496045-1335601944_1572727349-GB-M-023, best cost 0
Lattice M1335982530-370582646_496045-1335601944_1572727349-GB-M-024 read.
LOG (lattice-oracle[5.5.480~1-09abd]:main():lattice-oracle.cc:318) %WER 0 [ 0 / 5, 0 insertions, 0 deletions, 0 sub ]
LOG (lattice-oracle[5.5.480~1-09abd]:main():lattice-oracle.cc:332) For utterance M1335982530-370582646_496045-1335601944_1572727349-GB-M-024, best cost 0
Lattice M1335982530-370582646_496045-1335601944_1572727349-GB-M-025 read.
LOG (lattice-oracle[5.5.480~1-09abd]:main():lattice-oracle.cc:318) %WER 42.8571 [ 3 / 7, 3 insertions, 0 deletions, 0 sub ]
LOG (lattice-oracle[5.5.480~1-09abd]:main():lattice-oracle.cc:332) For utterance M1335982530-370582646_496045-1335601944_1572727349-GB-M-025, best cost 3
Lattice M1335982530-370582646_496045-1335601944_1572727349-GB-M-026 read.
LOG (lattice-oracle[5.5.480~1-09abd]:main():lattice-oracle.cc:318) %WER 14.2857 [ 1 / 7, 1 insertions, 0 deletions, 0 sub ]
LOG (lattice-oracle[5.5.480~1-09abd]:main():lattice-oracle.cc:332) For utterance M1335982530-370582646_496045-1335601944_1572727349-GB-M-026, best cost 1
Lattice M1335982530-370582646_496045-1335601944_1572727349-GB-M-031 read.
LOG (lattice-oracle[5.5.480~1-09abd]:main():lattice-oracle.cc:318) %WER 0 [ 0 / 4, 0 insertions, 0 deletions, 0 sub ]
LOG (lattice-oracle[5.5.480~1-09abd]:main():lattice-oracle.cc:332) For utterance M1335982530-370582646_496045-1335601944_1572727349-GB-M-031, best cost 0
Lattice M1335982530-370582646_496045-1335601944_1572727349-GB-M-032 read.
LOG (lattice-oracle[5.5.480~1-09abd]:main():lattice-oracle.cc:318) %WER 0 [ 0 / 4, 0 insertions, 0 deletions, 0 sub ]
LOG (lattice-oracle[5.5.480~1-09abd]:main():lattice-oracle.cc:332) For utterance M1335982530-370582646_496045-1335601944_1572727349-GB-M-032, best cost 0
Lattice M1335982530-370582646_496045-1335601944_1572727349-GB-M-033 read.
LOG (lattice-oracle[5.5.480~1-09abd]:main():lattice-oracle.cc:318) %WER 0 [ 0 / 4, 0 insertions, 0 deletions, 0 sub ]
LOG (lattice-oracle[5.5.480~1-09abd]:main():lattice-oracle.cc:332) For utterance M1335982530-370582646_496045-1335601944_1572727349-GB-M-033, best cost 0
Lattice M1335982530-370582646_496045-1335601944_1572727349-GB-M-034 read.
LOG (lattice-oracle[5.5.480~1-09abd]:main():lattice-oracle.cc:318) %WER 0 [ 0 / 4, 0 insertions, 0 deletions, 0 sub ]
LOG (lattice-oracle[5.5.480~1-09abd]:main():lattice-oracle.cc:332) For utterance M1335982530-370582646_496045-1335601944_1572727349-GB-M-034, best cost 0
Lattice M1335982530-370582646_496045-1335601944_1572727349-GB-M-036 read.
LOG (lattice-oracle[5.5.480~1-09abd]:main():lattice-oracle.cc:318) %WER 0 [ 0 / 4, 0 insertions, 0 deletions, 0 sub ]
LOG (lattice-oracle[5.5.480~1-09abd]:main():lattice-oracle.cc:332) For utterance M1335982530-370582646_496045-1335601944_1572727349-GB-M-036, best cost 0
Lattice M1335982530-370582646_496045-1335601944_1572727349-GB-M-037 read.
LOG (lattice-oracle[5.5.480~1-09abd]:main():lattice-oracle.cc:318) %WER 0 [ 0 / 6, 0 insertions, 0 deletions, 0 sub ]
LOG (lattice-oracle[5.5.480~1-09abd]:main():lattice-oracle.cc:332) For utterance M1335982530-370582646_496045-1335601944_1572727349-GB-M-037, best cost 0
Lattice M1335982530-370582646_496045-1335601944_1572727349-GB-M-038 read.
LOG (lattice-oracle[5.5.480~1-09abd]:main():lattice-oracle.cc:318) %WER 0 [ 0 / 9, 0 insertions, 0 deletions, 0 sub ]
LOG (lattice-oracle[5.5.480~1-09abd]:main():lattice-oracle.cc:332) For utterance M1335982530-370582646_496045-1335601944_1572727349-GB-M-038, best cost 0
Lattice M1335982530-370582646_496045-1335601944_1572727349-GB-M-039 read.
LOG (lattice-oracle[5.5.480~1-09abd]:main():lattice-oracle.cc:318) %WER 0 [ 0 / 9, 0 insertions, 0 deletions, 0 sub ]
LOG (lattice-oracle[5.5.480~1-09abd]:main():lattice-oracle.cc:332) For utterance M1335982530-370582646_496045-1335601944_1572727349-GB-M-039, best cost 0
Lattice M1335982530-370582646_496045-1335601944_1572727349-GB-M-041 read.
LOG (lattice-oracle[5.5.480~1-09abd]:main():lattice-oracle.cc:318) %WER 21.4286 [ 3 / 14, 0 insertions, 3 deletions, 0 sub ]
LOG (lattice-oracle[5.5.480~1-09abd]:main():lattice-oracle.cc:332) For utterance M1335982530-370582646_496045-1335601944_1572727349-GB-M-041, best cost 3
Lattice M1335982530-370582646_496045-1335601944_1572727349-GB-M-043 read.
LOG (lattice-oracle[5.5.480~1-09abd]:main():lattice-oracle.cc:318) %WER 80 [ 4 / 5, 0 insertions, 3 deletions, 1 sub ]
LOG (lattice-oracle[5.5.480~1-09abd]:main():lattice-oracle.cc:332) For utterance M1335982530-370582646_496045-1335601944_1572727349-GB-M-043, best cost 4
Lattice M1335982530-370582646_496045-1335601944_1572727349-GB-M-044 read.
LOG (lattice-oracle[5.5.480~1-09abd]:main():lattice-oracle.cc:318) %WER 57.1429 [ 4 / 7, 2 insertions, 2 deletions, 0 sub ]
LOG (lattice-oracle[5.5.480~1-09abd]:main():lattice-oracle.cc:332) For utterance M1335982530-370582646_496045-1335601944_1572727349-GB-M-044, best cost 4
Lattice M1335982530-370582646_496045-1335601944_1572727349-GB-M-045 read.
LOG (lattice-oracle[5.5.480~1-09abd]:main():lattice-oracle.cc:318) %WER 30.7692 [ 4 / 13, 1 insertions, 1 deletions, 2 sub ]
LOG (lattice-oracle[5.5.480~1-09abd]:main():lattice-oracle.cc:332) For utterance M1335982530-370582646_496045-1335601944_1572727349-GB-M-045, best cost 4
Lattice M1335982530-370582646_496045-1335601944_1572727349-GB-M-049 read.
LOG (lattice-oracle[5.5.480~1-09abd]:main():lattice-oracle.cc:318) %WER 0 [ 0 / 11, 0 insertions, 0 deletions, 0 sub ]
LOG (lattice-oracle[5.5.480~1-09abd]:main():lattice-oracle.cc:332) For utterance M1335982530-370582646_496045-1335601944_1572727349-GB-M-049, best cost 0
Lattice M1335982530-370582646_496045-1335601944_1572727349-GB-M-052 read.
LOG (lattice-oracle[5.5.480~1-09abd]:main():lattice-oracle.cc:318) %WER 16.6667 [ 1 / 6, 1 insertions, 0 deletions, 0 sub ]
LOG (lattice-oracle[5.5.480~1-09abd]:main():lattice-oracle.cc:332) For utterance M1335982530-370582646_496045-1335601944_1572727349-GB-M-052, best cost 1
Lattice M1335982530-370582646_496045-1335601944_1572727349-GB-M-053 read.
LOG (lattice-oracle[5.5.480~1-09abd]:main():lattice-oracle.cc:318) %WER 0 [ 0 / 18, 0 insertions, 0 deletions, 0 sub ]
LOG (lattice-oracle[5.5.480~1-09abd]:main():lattice-oracle.cc:332) For utterance M1335982530-370582646_496045-1335601944_1572727349-GB-M-053, best cost 0
Lattice M1335982530-370582646_496045-1335601944_1572727349-GB-M-056 read.
LOG (lattice-oracle[5.5.480~1-09abd]:main():lattice-oracle.cc:318) %WER 6.89655 [ 2 / 29, 0 insertions, 2 deletions, 0 sub ]
LOG (lattice-oracle[5.5.480~1-09abd]:main():lattice-oracle.cc:332) For utterance M1335982530-370582646_496045-1335601944_1572727349-GB-M-056, best cost 2
Lattice M1335982530-370582646_496045-1335601944_1572727349-GB-M-061 read.
LOG (lattice-oracle[5.5.480~1-09abd]:main():lattice-oracle.cc:318) %WER 7.14286 [ 1 / 14, 1 insertions, 0 deletions, 0 sub ]
LOG (lattice-oracle[5.5.480~1-09abd]:main():lattice-oracle.cc:332) For utterance M1335982530-370582646_496045-1335601944_1572727349-GB-M-061, best cost 1
Lattice M1336419918-135807188_126618-335207714_1646423477-GB-M-002 read.
LOG (lattice-oracle[5.5.480~1-09abd]:main():lattice-oracle.cc:318) %WER 35.4167 [ 17 / 48, 6 insertions, 5 deletions, 6 sub ]
LOG (lattice-oracle[5.5.480~1-09abd]:main():lattice-oracle.cc:332) For utterance M1336419918-135807188_126618-335207714_1646423477-GB-M-002, best cost 17
Lattice M1336419918-135807188_126618-335207714_1646423477-GB-M-017 read.
LOG (lattice-oracle[5.5.480~1-09abd]:main():lattice-oracle.cc:318) %WER 0 [ 0 / 10, 0 insertions, 0 deletions, 0 sub ]
LOG (lattice-oracle[5.5.480~1-09abd]:main():lattice-oracle.cc:332) For utterance M1336419918-135807188_126618-335207714_1646423477-GB-M-017, best cost 0
Lattice M1336419918-135807188_126618-335207714_1646423477-GB-M-019 read.
LOG (lattice-oracle[5.5.480~1-09abd]:main():lattice-oracle.cc:318) %WER 0 [ 0 / 7, 0 insertions, 0 deletions, 0 sub ]
LOG (lattice-oracle[5.5.480~1-09abd]:main():lattice-oracle.cc:332) For utterance M1336419918-135807188_126618-335207714_1646423477-GB-M-019, best cost 0
Lattice M1336419918-135807188_126618-335207714_1646423477-GB-M-021 read.
LOG (lattice-oracle[5.5.480~1-09abd]:main():lattice-oracle.cc:318) %WER 0 [ 0 / 6, 0 insertions, 0 deletions, 0 sub ]
LOG (lattice-oracle[5.5.480~1-09abd]:main():lattice-oracle.cc:332) For utterance M1336419918-135807188_126618-335207714_1646423477-GB-M-021, best cost 0
Lattice M1336419918-135807188_126618-335207714_1646423477-GB-M-027 read.
LOG (lattice-oracle[5.5.480~1-09abd]:main():lattice-oracle.cc:318) %WER 0 [ 0 / 10, 0 insertions, 0 deletions, 0 sub ]
LOG (lattice-oracle[5.5.480~1-09abd]:main():lattice-oracle.cc:332) For utterance M1336419918-135807188_126618-335207714_1646423477-GB-M-027, best cost 0
Lattice M1336419918-135807188_126618-335207714_1646423477-GB-M-029 read.
LOG (lattice-oracle[5.5.480~1-09abd]:main():lattice-oracle.cc:318) %WER 0 [ 0 / 7, 0 insertions, 0 deletions, 0 sub ]
LOG (lattice-oracle[5.5.480~1-09abd]:main():lattice-oracle.cc:332) For utterance M1336419918-135807188_126618-335207714_1646423477-GB-M-029, best cost 0
Lattice M1336419918-135807188_126618-335207714_1646423477-GB-M-030 read.
LOG (lattice-oracle[5.5.480~1-09abd]:main():lattice-oracle.cc:318) %WER 0 [ 0 / 7, 0 insertions, 0 deletions, 0 sub ]
LOG (lattice-oracle[5.5.480~1-09abd]:main():lattice-oracle.cc:332) For utterance M1336419918-135807188_126618-335207714_1646423477-GB-M-030, best cost 0
Lattice M1336419918-135807188_126618-335207714_1646423477-GB-M-031 read.
LOG (lattice-oracle[5.5.480~1-09abd]:main():lattice-oracle.cc:318) %WER 0 [ 0 / 2, 0 insertions, 0 deletions, 0 sub ]
LOG (lattice-oracle[5.5.480~1-09abd]:main():lattice-oracle.cc:332) For utterance M1336419918-135807188_126618-335207714_1646423477-GB-M-031, best cost 0
Lattice M1336419918-135807188_126618-335207714_1646423477-GB-M-032 read.
LOG (lattice-oracle[5.5.480~1-09abd]:main():lattice-oracle.cc:318) %WER 36.8421 [ 7 / 19, 1 insertions, 5 deletions, 1 sub ]
LOG (lattice-oracle[5.5.480~1-09abd]:main():lattice-oracle.cc:332) For utterance M1336419918-135807188_126618-335207714_1646423477-GB-M-032, best cost 7
Lattice M1336419918-135807188_126618-335207714_1646423477-GB-M-039 read.
LOG (lattice-oracle[5.5.480~1-09abd]:main():lattice-oracle.cc:318) %WER 0 [ 0 / 13, 0 insertions, 0 deletions, 0 sub ]
LOG (lattice-oracle[5.5.480~1-09abd]:main():lattice-oracle.cc:332) For utterance M1336419918-135807188_126618-335207714_1646423477-GB-M-039, best cost 0
Lattice M1336419918-135807188_126618-335207714_1646423477-GB-M-045 read.
LOG (lattice-oracle[5.5.480~1-09abd]:main():lattice-oracle.cc:318) %WER 0 [ 0 / 4, 0 insertions, 0 deletions, 0 sub ]
LOG (lattice-oracle[5.5.480~1-09abd]:main():lattice-oracle.cc:332) For utterance M1336419918-135807188_126618-335207714_1646423477-GB-M-045, best cost 0
Lattice M1336419918-135807188_126618-335207714_1646423477-GB-M-047 read.
LOG (lattice-oracle[5.5.480~1-09abd]:main():lattice-oracle.cc:318) %WER 37.5 [ 3 / 8, 3 insertions, 0 deletions, 0 sub ]
LOG (lattice-oracle[5.5.480~1-09abd]:main():lattice-oracle.cc:332) For utterance M1336419918-135807188_126618-335207714_1646423477-GB-M-047, best cost 3
Lattice M1336419918-135807188_126618-335207714_1646423477-GB-M-048 read.
LOG (lattice-oracle[5.5.480~1-09abd]:main():lattice-oracle.cc:318) %WER 0 [ 0 / 7, 0 insertions, 0 deletions, 0 sub ]
LOG (lattice-oracle[5.5.480~1-09abd]:main():lattice-oracle.cc:332) For utterance M1336419918-135807188_126618-335207714_1646423477-GB-M-048, best cost 0
Lattice M1336419918-135807188_126618-335207714_1646423477-GB-M-049 read.
LOG (lattice-oracle[5.5.480~1-09abd]:main():lattice-oracle.cc:318) %WER 25 [ 2 / 8, 1 insertions, 0 deletions, 1 sub ]
LOG (lattice-oracle[5.5.480~1-09abd]:main():lattice-oracle.cc:332) For utterance M1336419918-135807188_126618-335207714_1646423477-GB-M-049, best cost 2
Lattice M1336419918-351876099_71991-1336419771_1626409374-GB-M-001 read.
LOG (lattice-oracle[5.5.480~1-09abd]:main():lattice-oracle.cc:318) %WER 10 [ 1 / 10, 0 insertions, 1 deletions, 0 sub ]
LOG (lattice-oracle[5.5.480~1-09abd]:main():lattice-oracle.cc:332) For utterance M1336419918-351876099_71991-1336419771_1626409374-GB-M-001, best cost 1
Lattice M1336419918-351876099_71991-1336419771_1626409374-GB-M-003 read.
LOG (lattice-oracle[5.5.480~1-09abd]:main():lattice-oracle.cc:318) %WER 0 [ 0 / 12, 0 insertions, 0 deletions, 0 sub ]
LOG (lattice-oracle[5.5.480~1-09abd]:main():lattice-oracle.cc:332) For utterance M1336419918-351876099_71991-1336419771_1626409374-GB-M-003, best cost 0
Lattice M1336419918-351876099_71991-1336419771_1626409374-GB-M-006 read.
LOG (lattice-oracle[5.5.480~1-09abd]:main():lattice-oracle.cc:318) %WER 16.6667 [ 1 / 6, 0 insertions, 0 deletions, 1 sub ]
LOG (lattice-oracle[5.5.480~1-09abd]:main():lattice-oracle.cc:332) For utterance M1336419918-351876099_71991-1336419771_1626409374-GB-M-006, best cost 1
Lattice M1336419918-351876099_71991-1336419771_1626409374-GB-M-007 read.
LOG (lattice-oracle[5.5.480~1-09abd]:main():lattice-oracle.cc:318) %WER 0 [ 0 / 39, 0 insertions, 0 deletions, 0 sub ]
LOG (lattice-oracle[5.5.480~1-09abd]:main():lattice-oracle.cc:332) For utterance M1336419918-351876099_71991-1336419771_1626409374-GB-M-007, best cost 0
Lattice M1336419918-351876099_71991-1336419771_1626409374-GB-M-021 read.
LOG (lattice-oracle[5.5.480~1-09abd]:main():lattice-oracle.cc:318) %WER 125 [ 5 / 4, 3 insertions, 0 deletions, 2 sub ]
LOG (lattice-oracle[5.5.480~1-09abd]:main():lattice-oracle.cc:332) For utterance M1336419918-351876099_71991-1336419771_1626409374-GB-M-021, best cost 5
Lattice M1336419918-351876099_71991-1336419771_1626409374-GB-M-029 read.
LOG (lattice-oracle[5.5.480~1-09abd]:main():lattice-oracle.cc:318) %WER 64.7059 [ 11 / 17, 0 insertions, 11 deletions, 0 sub ]
LOG (lattice-oracle[5.5.480~1-09abd]:main():lattice-oracle.cc:332) For utterance M1336419918-351876099_71991-1336419771_1626409374-GB-M-029, best cost 11
Lattice M1336419918-351876099_71991-1336419771_1626409374-GB-M-033 read.
LOG (lattice-oracle[5.5.480~1-09abd]:main():lattice-oracle.cc:318) %WER 50 [ 2 / 4, 0 insertions, 1 deletions, 1 sub ]
LOG (lattice-oracle[5.5.480~1-09abd]:main():lattice-oracle.cc:332) For utterance M1336419918-351876099_71991-1336419771_1626409374-GB-M-033, best cost 2
Lattice M1336419918-351876099_71991-1336419771_1626409374-GB-M-036 read.
LOG (lattice-oracle[5.5.480~1-09abd]:main():lattice-oracle.cc:318) %WER 63.6364 [ 7 / 11, 0 insertions, 5 deletions, 2 sub ]
LOG (lattice-oracle[5.5.480~1-09abd]:main():lattice-oracle.cc:332) For utterance M1336419918-351876099_71991-1336419771_1626409374-GB-M-036, best cost 7
Lattice M1336419918-351876099_71991-1336419771_1626409374-GB-M-042 read.
LOG (lattice-oracle[5.5.480~1-09abd]:main():lattice-oracle.cc:318) %WER 55.3191 [ 26 / 47, 0 insertions, 18 deletions, 8 sub ]
LOG (lattice-oracle[5.5.480~1-09abd]:main():lattice-oracle.cc:332) For utterance M1336419918-351876099_71991-1336419771_1626409374-GB-M-042, best cost 26
Lattice M1336419918-351876099_71991-1336419771_1626409374-GB-M-054 read.
LOG (lattice-oracle[5.5.480~1-09abd]:main():lattice-oracle.cc:318) %WER 20 [ 1 / 5, 0 insertions, 0 deletions, 1 sub ]
LOG (lattice-oracle[5.5.480~1-09abd]:main():lattice-oracle.cc:332) For utterance M1336419918-351876099_71991-1336419771_1626409374-GB-M-054, best cost 1
Lattice M1336419918-351876099_71991-1336419771_1626409374-GB-M-055 read.
LOG (lattice-oracle[5.5.480~1-09abd]:main():lattice-oracle.cc:318) %WER 50 [ 3 / 6, 0 insertions, 1 deletions, 2 sub ]
LOG (lattice-oracle[5.5.480~1-09abd]:main():lattice-oracle.cc:332) For utterance M1336419918-351876099_71991-1336419771_1626409374-GB-M-055, best cost 3
Lattice M1336419918-351876099_71991-1336419771_1626409374-GB-M-057 read.
LOG (lattice-oracle[5.5.480~1-09abd]:main():lattice-oracle.cc:318) %WER 66.6667 [ 4 / 6, 0 insertions, 3 deletions, 1 sub ]
LOG (lattice-oracle[5.5.480~1-09abd]:main():lattice-oracle.cc:332) For utterance M1336419918-351876099_71991-1336419771_1626409374-GB-M-057, best cost 4
Lattice M1336419918-351876099_71991-1336419771_1626409374-GB-M-058 read.
LOG (lattice-oracle[5.5.480~1-09abd]:main():lattice-oracle.cc:318) %WER 25 [ 1 / 4, 0 insertions, 1 deletions, 0 sub ]
LOG (lattice-oracle[5.5.480~1-09abd]:main():lattice-oracle.cc:332) For utterance M1336419918-351876099_71991-1336419771_1626409374-GB-M-058, best cost 1
Lattice M1336419918-351876099_71991-1336419771_1626409374-GB-M-059 read.
LOG (lattice-oracle[5.5.480~1-09abd]:main():lattice-oracle.cc:318) %WER 100 [ 5 / 5, 0 insertions, 3 deletions, 2 sub ]
LOG (lattice-oracle[5.5.480~1-09abd]:main():lattice-oracle.cc:332) For utterance M1336419918-351876099_71991-1336419771_1626409374-GB-M-059, best cost 5
Lattice M1336419918-351876099_71991-1336419771_1626409374-GB-M-060 read.
LOG (lattice-oracle[5.5.480~1-09abd]:main():lattice-oracle.cc:318) %WER 0 [ 0 / 5, 0 insertions, 0 deletions, 0 sub ]
LOG (lattice-oracle[5.5.480~1-09abd]:main():lattice-oracle.cc:332) For utterance M1336419918-351876099_71991-1336419771_1626409374-GB-M-060, best cost 0
Lattice M1338611540-469163023_808147-1330375374_1550721590-GB-M-001 read.
LOG (lattice-oracle[5.5.480~1-09abd]:main():lattice-oracle.cc:318) %WER 75 [ 6 / 8, 0 insertions, 6 deletions, 0 sub ]
LOG (lattice-oracle[5.5.480~1-09abd]:main():lattice-oracle.cc:332) For utterance M1338611540-469163023_808147-1330375374_1550721590-GB-M-001, best cost 6
Lattice M1338611540-469163023_808147-1330375374_1550721590-GB-M-006 read.
LOG (lattice-oracle[5.5.480~1-09abd]:main():lattice-oracle.cc:318) %WER 80 [ 4 / 5, 0 insertions, 3 deletions, 1 sub ]
LOG (lattice-oracle[5.5.480~1-09abd]:main():lattice-oracle.cc:332) For utterance M1338611540-469163023_808147-1330375374_1550721590-GB-M-006, best cost 4
Lattice M1338611540-469163023_808147-1330375374_1550721590-GB-M-009 read.
LOG (lattice-oracle[5.5.480~1-09abd]:main():lattice-oracle.cc:318) %WER 33.3333 [ 2 / 6, 0 insertions, 1 deletions, 1 sub ]
LOG (lattice-oracle[5.5.480~1-09abd]:main():lattice-oracle.cc:332) For utterance M1338611540-469163023_808147-1330375374_1550721590-GB-M-009, best cost 2
Lattice M1338611540-469163023_808147-1330375374_1550721590-GB-M-012 read.
LOG (lattice-oracle[5.5.480~1-09abd]:main():lattice-oracle.cc:318) %WER 57.1429 [ 4 / 7, 0 insertions, 4 deletions, 0 sub ]
LOG (lattice-oracle[5.5.480~1-09abd]:main():lattice-oracle.cc:332) For utterance M1338611540-469163023_808147-1330375374_1550721590-GB-M-012, best cost 4
Lattice M1338611540-469163023_808147-1330375374_1550721590-GB-M-014 read.
LOG (lattice-oracle[5.5.480~1-09abd]:main():lattice-oracle.cc:318) %WER 0 [ 0 / 5, 0 insertions, 0 deletions, 0 sub ]
LOG (lattice-oracle[5.5.480~1-09abd]:main():lattice-oracle.cc:332) For utterance M1338611540-469163023_808147-1330375374_1550721590-GB-M-014, best cost 0
Lattice M1338611540-469163023_808147-1330375374_1550721590-GB-M-015 read.
LOG (lattice-oracle[5.5.480~1-09abd]:main():lattice-oracle.cc:318) %WER 0 [ 0 / 6, 0 insertions, 0 deletions, 0 sub ]
LOG (lattice-oracle[5.5.480~1-09abd]:main():lattice-oracle.cc:332) For utterance M1338611540-469163023_808147-1330375374_1550721590-GB-M-015, best cost 0
Lattice M1338611540-469163023_808147-1330375374_1550721590-GB-M-016 read.
LOG (lattice-oracle[5.5.480~1-09abd]:main():lattice-oracle.cc:318) %WER 0 [ 0 / 3, 0 insertions, 0 deletions, 0 sub ]
LOG (lattice-oracle[5.5.480~1-09abd]:main():lattice-oracle.cc:332) For utterance M1338611540-469163023_808147-1330375374_1550721590-GB-M-016, best cost 0
Lattice M1338611540-469163023_808147-1330375374_1550721590-GB-M-017 read.
LOG (lattice-oracle[5.5.480~1-09abd]:main():lattice-oracle.cc:318) %WER 93.3333 [ 14 / 15, 0 insertions, 14 deletions, 0 sub ]
LOG (lattice-oracle[5.5.480~1-09abd]:main():lattice-oracle.cc:332) For utterance M1338611540-469163023_808147-1330375374_1550721590-GB-M-017, best cost 14
Lattice M1338611540-469163023_808147-1330375374_1550721590-GB-M-022 read.
LOG (lattice-oracle[5.5.480~1-09abd]:main():lattice-oracle.cc:318) %WER 0 [ 0 / 3, 0 insertions, 0 deletions, 0 sub ]
LOG (lattice-oracle[5.5.480~1-09abd]:main():lattice-oracle.cc:332) For utterance M1338611540-469163023_808147-1330375374_1550721590-GB-M-022, best cost 0
Lattice M1338611540-469163023_808147-1330375374_1550721590-GB-M-023 read.
LOG (lattice-oracle[5.5.480~1-09abd]:main():lattice-oracle.cc:318) %WER 0 [ 0 / 4, 0 insertions, 0 deletions, 0 sub ]
LOG (lattice-oracle[5.5.480~1-09abd]:main():lattice-oracle.cc:332) For utterance M1338611540-469163023_808147-1330375374_1550721590-GB-M-023, best cost 0
Lattice M1338990790-454392311_625249-954667350_1550328857-GB-M-002 read.
LOG (lattice-oracle[5.5.480~1-09abd]:main():lattice-oracle.cc:318) %WER 10.7143 [ 3 / 28, 0 insertions, 3 deletions, 0 sub ]
LOG (lattice-oracle[5.5.480~1-09abd]:main():lattice-oracle.cc:332) For utterance M1338990790-454392311_625249-954667350_1550328857-GB-M-002, best cost 3
Lattice M1338990790-454392311_625249-954667350_1550328857-GB-M-007 read.
LOG (lattice-oracle[5.5.480~1-09abd]:main():lattice-oracle.cc:318) %WER 0 [ 0 / 11, 0 insertions, 0 deletions, 0 sub ]
LOG (lattice-oracle[5.5.480~1-09abd]:main():lattice-oracle.cc:332) For utterance M1338990790-454392311_625249-954667350_1550328857-GB-M-007, best cost 0
Lattice M1338990790-454392311_625249-954667350_1550328857-GB-M-010 read.
LOG (lattice-oracle[5.5.480~1-09abd]:main():lattice-oracle.cc:318) %WER 0 [ 0 / 9, 0 insertions, 0 deletions, 0 sub ]
LOG (lattice-oracle[5.5.480~1-09abd]:main():lattice-oracle.cc:332) For utterance M1338990790-454392311_625249-954667350_1550328857-GB-M-010, best cost 0
Lattice M1338990790-454392311_625249-954667350_1550328857-GB-M-011 read.
LOG (lattice-oracle[5.5.480~1-09abd]:main():lattice-oracle.cc:318) %WER 25 [ 3 / 12, 0 insertions, 1 deletions, 2 sub ]
LOG (lattice-oracle[5.5.480~1-09abd]:main():lattice-oracle.cc:332) For utterance M1338990790-454392311_625249-954667350_1550328857-GB-M-011, best cost 3
Lattice M1338990790-454392311_625249-954667350_1550328857-GB-M-013 read.
LOG (lattice-oracle[5.5.480~1-09abd]:main():lattice-oracle.cc:318) %WER 0 [ 0 / 9, 0 insertions, 0 deletions, 0 sub ]
LOG (lattice-oracle[5.5.480~1-09abd]:main():lattice-oracle.cc:332) For utterance M1338990790-454392311_625249-954667350_1550328857-GB-M-013, best cost 0
Lattice M1338990790-454392311_625249-954667350_1550328857-GB-M-016 read.
LOG (lattice-oracle[5.5.480~1-09abd]:main():lattice-oracle.cc:318) %WER 14.2857 [ 1 / 7, 0 insertions, 0 deletions, 1 sub ]
LOG (lattice-oracle[5.5.480~1-09abd]:main():lattice-oracle.cc:332) For utterance M1338990790-454392311_625249-954667350_1550328857-GB-M-016, best cost 1
Lattice M1338990790-454392311_625249-954667350_1550328857-GB-M-017 read.
LOG (lattice-oracle[5.5.480~1-09abd]:main():lattice-oracle.cc:318) %WER 17.6471 [ 3 / 17, 0 insertions, 3 deletions, 0 sub ]
LOG (lattice-oracle[5.5.480~1-09abd]:main():lattice-oracle.cc:332) For utterance M1338990790-454392311_625249-954667350_1550328857-GB-M-017, best cost 3
Lattice M1338990790-454392311_625249-954667350_1550328857-GB-M-020 read.
LOG (lattice-oracle[5.5.480~1-09abd]:main():lattice-oracle.cc:318) %WER 26.3158 [ 5 / 19, 0 insertions, 4 deletions, 1 sub ]
LOG (lattice-oracle[5.5.480~1-09abd]:main():lattice-oracle.cc:332) For utterance M1338990790-454392311_625249-954667350_1550328857-GB-M-020, best cost 5
Lattice M1338990790-454392311_625249-954667350_1550328857-GB-M-023 read.
LOG (lattice-oracle[5.5.480~1-09abd]:main():lattice-oracle.cc:318) %WER 29.1667 [ 7 / 24, 0 insertions, 7 deletions, 0 sub ]
LOG (lattice-oracle[5.5.480~1-09abd]:main():lattice-oracle.cc:332) For utterance M1338990790-454392311_625249-954667350_1550328857-GB-M-023, best cost 7
Lattice M1338990790-454392311_625249-954667350_1550328857-GB-M-028 read.
LOG (lattice-oracle[5.5.480~1-09abd]:main():lattice-oracle.cc:318) %WER 0 [ 0 / 23, 0 insertions, 0 deletions, 0 sub ]
LOG (lattice-oracle[5.5.480~1-09abd]:main():lattice-oracle.cc:332) For utterance M1338990790-454392311_625249-954667350_1550328857-GB-M-028, best cost 0
Lattice M1338990790-454392311_625249-954667350_1550328857-GB-M-032 read.
LOG (lattice-oracle[5.5.480~1-09abd]:main():lattice-oracle.cc:318) %WER 0 [ 0 / 8, 0 insertions, 0 deletions, 0 sub ]
LOG (lattice-oracle[5.5.480~1-09abd]:main():lattice-oracle.cc:332) For utterance M1338990790-454392311_625249-954667350_1550328857-GB-M-032, best cost 0
Lattice M1338990790-454392311_625249-954667350_1550328857-GB-M-034 read.
LOG (lattice-oracle[5.5.480~1-09abd]:main():lattice-oracle.cc:318) %WER 42.8571 [ 3 / 7, 0 insertions, 1 deletions, 2 sub ]
LOG (lattice-oracle[5.5.480~1-09abd]:main():lattice-oracle.cc:332) For utterance M1338990790-454392311_625249-954667350_1550328857-GB-M-034, best cost 3
Lattice M1338990790-454392311_625249-954667350_1550328857-GB-M-036 read.
LOG (lattice-oracle[5.5.480~1-09abd]:main():lattice-oracle.cc:318) %WER 11.5385 [ 3 / 26, 0 insertions, 1 deletions, 2 sub ]
LOG (lattice-oracle[5.5.480~1-09abd]:main():lattice-oracle.cc:332) For utterance M1338990790-454392311_625249-954667350_1550328857-GB-M-036, best cost 3
Lattice M1338990790-454392311_625249-954667350_1550328857-GB-M-040 read.
LOG (lattice-oracle[5.5.480~1-09abd]:main():lattice-oracle.cc:318) %WER 11.1111 [ 1 / 9, 0 insertions, 1 deletions, 0 sub ]
LOG (lattice-oracle[5.5.480~1-09abd]:main():lattice-oracle.cc:332) For utterance M1338990790-454392311_625249-954667350_1550328857-GB-M-040, best cost 1
Lattice M1338990790-454392311_625249-954667350_1550328857-GB-M-041 read.
LOG (lattice-oracle[5.5.480~1-09abd]:main():lattice-oracle.cc:318) %WER 0 [ 0 / 4, 0 insertions, 0 deletions, 0 sub ]
LOG (lattice-oracle[5.5.480~1-09abd]:main():lattice-oracle.cc:332) For utterance M1338990790-454392311_625249-954667350_1550328857-GB-M-041, best cost 0
Lattice M1338990790-454392311_625249-954667350_1550328857-GB-M-043 read.
LOG (lattice-oracle[5.5.480~1-09abd]:main():lattice-oracle.cc:318) %WER 12.5 [ 1 / 8, 0 insertions, 0 deletions, 1 sub ]
LOG (lattice-oracle[5.5.480~1-09abd]:main():lattice-oracle.cc:332) For utterance M1338990790-454392311_625249-954667350_1550328857-GB-M-043, best cost 1
Lattice M1338990790-454392311_625249-954667350_1550328857-GB-M-044 read.
LOG (lattice-oracle[5.5.480~1-09abd]:main():lattice-oracle.cc:318) %WER 0 [ 0 / 4, 0 insertions, 0 deletions, 0 sub ]
LOG (lattice-oracle[5.5.480~1-09abd]:main():lattice-oracle.cc:332) For utterance M1338990790-454392311_625249-954667350_1550328857-GB-M-044, best cost 0
Lattice M1338990790-454392311_625249-954667350_1550328857-GB-M-045 read.
LOG (lattice-oracle[5.5.480~1-09abd]:main():lattice-oracle.cc:318) %WER 7.69231 [ 1 / 13, 0 insertions, 1 deletions, 0 sub ]
LOG (lattice-oracle[5.5.480~1-09abd]:main():lattice-oracle.cc:332) For utterance M1338990790-454392311_625249-954667350_1550328857-GB-M-045, best cost 1
Lattice M1338990790-454392311_625249-954667350_1550328857-GB-M-047 read.
LOG (lattice-oracle[5.5.480~1-09abd]:main():lattice-oracle.cc:318) %WER 46.6667 [ 14 / 30, 0 insertions, 11 deletions, 3 sub ]
LOG (lattice-oracle[5.5.480~1-09abd]:main():lattice-oracle.cc:332) For utterance M1338990790-454392311_625249-954667350_1550328857-GB-M-047, best cost 14
Lattice M1338990790-454392311_625249-954667350_1550328857-GB-M-052 read.
LOG (lattice-oracle[5.5.480~1-09abd]:main():lattice-oracle.cc:318) %WER 18.75 [ 3 / 16, 0 insertions, 3 deletions, 0 sub ]
LOG (lattice-oracle[5.5.480~1-09abd]:main():lattice-oracle.cc:332) For utterance M1338990790-454392311_625249-954667350_1550328857-GB-M-052, best cost 3
Lattice M1338990790-454392311_625249-954667350_1550328857-GB-M-056 read.
LOG (lattice-oracle[5.5.480~1-09abd]:main():lattice-oracle.cc:318) %WER 16.6667 [ 2 / 12, 0 insertions, 2 deletions, 0 sub ]
LOG (lattice-oracle[5.5.480~1-09abd]:main():lattice-oracle.cc:332) For utterance M1338990790-454392311_625249-954667350_1550328857-GB-M-056, best cost 2
Lattice M1338990790-454392311_625249-954667350_1550328857-GB-M-058 read.
LOG (lattice-oracle[5.5.480~1-09abd]:main():lattice-oracle.cc:318) %WER 0 [ 0 / 14, 0 insertions, 0 deletions, 0 sub ]
LOG (lattice-oracle[5.5.480~1-09abd]:main():lattice-oracle.cc:332) For utterance M1338990790-454392311_625249-954667350_1550328857-GB-M-058, best cost 0
Lattice M1338990790-454392311_625249-954667350_1550328857-GB-M-061 read.
LOG (lattice-oracle[5.5.480~1-09abd]:main():lattice-oracle.cc:318) %WER 14.2857 [ 1 / 7, 0 insertions, 1 deletions, 0 sub ]
LOG (lattice-oracle[5.5.480~1-09abd]:main():lattice-oracle.cc:332) For utterance M1338990790-454392311_625249-954667350_1550328857-GB-M-061, best cost 1
Lattice M1338990790-454392311_625249-954667350_1550328857-GB-M-062 read.
LOG (lattice-oracle[5.5.480~1-09abd]:main():lattice-oracle.cc:318) %WER 0 [ 0 / 1, 0 insertions, 0 deletions, 0 sub ]
LOG (lattice-oracle[5.5.480~1-09abd]:main():lattice-oracle.cc:332) For utterance M1338990790-454392311_625249-954667350_1550328857-GB-M-062, best cost 0
Lattice M1338990790-454392311_625249-954667350_1550328857-GB-M-064 read.
LOG (lattice-oracle[5.5.480~1-09abd]:main():lattice-oracle.cc:318) %WER 46.6667 [ 21 / 45, 0 insertions, 17 deletions, 4 sub ]
LOG (lattice-oracle[5.5.480~1-09abd]:main():lattice-oracle.cc:332) For utterance M1338990790-454392311_625249-954667350_1550328857-GB-M-064, best cost 21
Lattice M1338990790-454392311_625249-954667350_1550328857-GB-M-071 read.
LOG (lattice-oracle[5.5.480~1-09abd]:main():lattice-oracle.cc:318) %WER 100 [ 8 / 8, 0 insertions, 8 deletions, 0 sub ]
LOG (lattice-oracle[5.5.480~1-09abd]:main():lattice-oracle.cc:332) For utterance M1338990790-454392311_625249-954667350_1550328857-GB-M-071, best cost 8
Lattice M1338990790-454392311_625249-954667350_1550328857-GB-M-072 read.
LOG (lattice-oracle[5.5.480~1-09abd]:main():lattice-oracle.cc:318) %WER 100 [ 3 / 3, 0 insertions, 3 deletions, 0 sub ]
LOG (lattice-oracle[5.5.480~1-09abd]:main():lattice-oracle.cc:332) For utterance M1338990790-454392311_625249-954667350_1550328857-GB-M-072, best cost 3
Lattice M1338990790-454392311_625249-954667350_1550328857-GB-M-073 read.
LOG (lattice-oracle[5.5.480~1-09abd]:main():lattice-oracle.cc:318) %WER 57.1429 [ 8 / 14, 0 insertions, 7 deletions, 1 sub ]
LOG (lattice-oracle[5.5.480~1-09abd]:main():lattice-oracle.cc:332) For utterance M1338990790-454392311_625249-954667350_1550328857-GB-M-073, best cost 8
Lattice M1338990790-454392311_625249-954667350_1550328857-GB-M-077 read.
LOG (lattice-oracle[5.5.480~1-09abd]:main():lattice-oracle.cc:318) %WER 0 [ 0 / 10, 0 insertions, 0 deletions, 0 sub ]
LOG (lattice-oracle[5.5.480~1-09abd]:main():lattice-oracle.cc:332) For utterance M1338990790-454392311_625249-954667350_1550328857-GB-M-077, best cost 0
Lattice M1341707813-390895328_86819-956940853_1562820345-GB-M-001 read.
LOG (lattice-oracle[5.5.480~1-09abd]:main():lattice-oracle.cc:318) %WER 0 [ 0 / 24, 0 insertions, 0 deletions, 0 sub ]
LOG (lattice-oracle[5.5.480~1-09abd]:main():lattice-oracle.cc:332) For utterance M1341707813-390895328_86819-956940853_1562820345-GB-M-001, best cost 0
Lattice M1341707813-390895328_86819-956940853_1562820345-GB-M-010 read.
LOG (lattice-oracle[5.5.480~1-09abd]:main():lattice-oracle.cc:318) %WER 0 [ 0 / 5, 0 insertions, 0 deletions, 0 sub ]
LOG (lattice-oracle[5.5.480~1-09abd]:main():lattice-oracle.cc:332) For utterance M1341707813-390895328_86819-956940853_1562820345-GB-M-010, best cost 0
Lattice M1341707813-390895328_86819-956940853_1562820345-GB-M-011 read.
LOG (lattice-oracle[5.5.480~1-09abd]:main():lattice-oracle.cc:318) %WER 0 [ 0 / 4, 0 insertions, 0 deletions, 0 sub ]
LOG (lattice-oracle[5.5.480~1-09abd]:main():lattice-oracle.cc:332) For utterance M1341707813-390895328_86819-956940853_1562820345-GB-M-011, best cost 0
Lattice M1341707813-390895328_86819-956940853_1562820345-GB-M-013 read.
LOG (lattice-oracle[5.5.480~1-09abd]:main():lattice-oracle.cc:318) %WER 60 [ 6 / 10, 0 insertions, 5 deletions, 1 sub ]
LOG (lattice-oracle[5.5.480~1-09abd]:main():lattice-oracle.cc:332) For utterance M1341707813-390895328_86819-956940853_1562820345-GB-M-013, best cost 6
Lattice M1341707813-390895328_86819-956940853_1562820345-GB-M-017 read.
LOG (lattice-oracle[5.5.480~1-09abd]:main():lattice-oracle.cc:318) %WER 4.16667 [ 1 / 24, 0 insertions, 0 deletions, 1 sub ]
LOG (lattice-oracle[5.5.480~1-09abd]:main():lattice-oracle.cc:332) For utterance M1341707813-390895328_86819-956940853_1562820345-GB-M-017, best cost 1
Lattice M1341707813-390895328_86819-956940853_1562820345-GB-M-021 read.
LOG (lattice-oracle[5.5.480~1-09abd]:main():lattice-oracle.cc:318) %WER 0 [ 0 / 19, 0 insertions, 0 deletions, 0 sub ]
LOG (lattice-oracle[5.5.480~1-09abd]:main():lattice-oracle.cc:332) For utterance M1341707813-390895328_86819-956940853_1562820345-GB-M-021, best cost 0
Lattice M1341707813-390895328_86819-956940853_1562820345-GB-M-024 read.
LOG (lattice-oracle[5.5.480~1-09abd]:main():lattice-oracle.cc:318) %WER 0 [ 0 / 9, 0 insertions, 0 deletions, 0 sub ]
LOG (lattice-oracle[5.5.480~1-09abd]:main():lattice-oracle.cc:332) For utterance M1341707813-390895328_86819-956940853_1562820345-GB-M-024, best cost 0
Lattice M1341707813-390895328_86819-956940853_1562820345-GB-M-028 read.
LOG (lattice-oracle[5.5.480~1-09abd]:main():lattice-oracle.cc:318) %WER 0 [ 0 / 2, 0 insertions, 0 deletions, 0 sub ]
LOG (lattice-oracle[5.5.480~1-09abd]:main():lattice-oracle.cc:332) For utterance M1341707813-390895328_86819-956940853_1562820345-GB-M-028, best cost 0
Lattice M1341707813-390895328_86819-956940853_1562820345-GB-M-036 read.
LOG (lattice-oracle[5.5.480~1-09abd]:main():lattice-oracle.cc:318) %WER 0 [ 0 / 15, 0 insertions, 0 deletions, 0 sub ]
LOG (lattice-oracle[5.5.480~1-09abd]:main():lattice-oracle.cc:332) For utterance M1341707813-390895328_86819-956940853_1562820345-GB-M-036, best cost 0
Lattice M1341707813-390895328_86819-956940853_1562820345-GB-M-039 read.
LOG (lattice-oracle[5.5.480~1-09abd]:main():lattice-oracle.cc:318) %WER 7.69231 [ 1 / 13, 0 insertions, 1 deletions, 0 sub ]
LOG (lattice-oracle[5.5.480~1-09abd]:main():lattice-oracle.cc:332) For utterance M1341707813-390895328_86819-956940853_1562820345-GB-M-039, best cost 1
Lattice M1341707813-390895328_86819-956940853_1562820345-GB-M-044 read.
LOG (lattice-oracle[5.5.480~1-09abd]:main():lattice-oracle.cc:318) %WER 0 [ 0 / 11, 0 insertions, 0 deletions, 0 sub ]
LOG (lattice-oracle[5.5.480~1-09abd]:main():lattice-oracle.cc:332) For utterance M1341707813-390895328_86819-956940853_1562820345-GB-M-044, best cost 0
Lattice M1341707813-390895328_86819-956940853_1562820345-GB-M-047 read.
LOG (lattice-oracle[5.5.480~1-09abd]:main():lattice-oracle.cc:318) %WER 0 [ 0 / 19, 0 insertions, 0 deletions, 0 sub ]
LOG (lattice-oracle[5.5.480~1-09abd]:main():lattice-oracle.cc:332) For utterance M1341707813-390895328_86819-956940853_1562820345-GB-M-047, best cost 0
Lattice M1341707813-390895328_86819-956940853_1562820345-GB-M-050 read.
LOG (lattice-oracle[5.5.480~1-09abd]:main():lattice-oracle.cc:318) %WER 9.52381 [ 4 / 42, 0 insertions, 4 deletions, 0 sub ]
LOG (lattice-oracle[5.5.480~1-09abd]:main():lattice-oracle.cc:332) For utterance M1341707813-390895328_86819-956940853_1562820345-GB-M-050, best cost 4
Lattice M1341707813-390895328_86819-956940853_1562820345-GB-M-062 read.
LOG (lattice-oracle[5.5.480~1-09abd]:main():lattice-oracle.cc:318) %WER 0 [ 0 / 7, 0 insertions, 0 deletions, 0 sub ]
LOG (lattice-oracle[5.5.480~1-09abd]:main():lattice-oracle.cc:332) For utterance M1341707813-390895328_86819-956940853_1562820345-GB-M-062, best cost 0
Lattice M1341707813-390895328_86819-956940853_1562820345-GB-M-067 read.
LOG (lattice-oracle[5.5.480~1-09abd]:main():lattice-oracle.cc:318) %WER 8.33333 [ 2 / 24, 0 insertions, 1 deletions, 1 sub ]
LOG (lattice-oracle[5.5.480~1-09abd]:main():lattice-oracle.cc:332) For utterance M1341707813-390895328_86819-956940853_1562820345-GB-M-067, best cost 2
Lattice M1341707813-390895328_86819-956940853_1562820345-GB-M-073 read.
LOG (lattice-oracle[5.5.480~1-09abd]:main():lattice-oracle.cc:318) %WER 50 [ 2 / 4, 2 insertions, 0 deletions, 0 sub ]
LOG (lattice-oracle[5.5.480~1-09abd]:main():lattice-oracle.cc:332) For utterance M1341707813-390895328_86819-956940853_1562820345-GB-M-073, best cost 2
Lattice M1341707813-390895328_86819-956940853_1562820345-GB-M-080 read.
LOG (lattice-oracle[5.5.480~1-09abd]:main():lattice-oracle.cc:318) %WER 0 [ 0 / 24, 0 insertions, 0 deletions, 0 sub ]
LOG (lattice-oracle[5.5.480~1-09abd]:main():lattice-oracle.cc:332) For utterance M1341707813-390895328_86819-956940853_1562820345-GB-M-080, best cost 0
Lattice M1341707813-390895328_86819-956940853_1562820345-GB-M-084 read.
LOG (lattice-oracle[5.5.480~1-09abd]:main():lattice-oracle.cc:318) %WER 0 [ 0 / 4, 0 insertions, 0 deletions, 0 sub ]
LOG (lattice-oracle[5.5.480~1-09abd]:main():lattice-oracle.cc:332) For utterance M1341707813-390895328_86819-956940853_1562820345-GB-M-084, best cost 0
Lattice M1341707813-390895328_86819-956940853_1562820345-GB-M-085 read.
LOG (lattice-oracle[5.5.480~1-09abd]:main():lattice-oracle.cc:318) %WER 6.66667 [ 1 / 15, 0 insertions, 1 deletions, 0 sub ]
LOG (lattice-oracle[5.5.480~1-09abd]:main():lattice-oracle.cc:332) For utterance M1341707813-390895328_86819-956940853_1562820345-GB-M-085, best cost 1
Lattice M1341707813-390895328_86819-956940853_1562820345-GB-M-087 read.
LOG (lattice-oracle[5.5.480~1-09abd]:main():lattice-oracle.cc:318) %WER 8.33333 [ 1 / 12, 1 insertions, 0 deletions, 0 sub ]
LOG (lattice-oracle[5.5.480~1-09abd]:main():lattice-oracle.cc:332) For utterance M1341707813-390895328_86819-956940853_1562820345-GB-M-087, best cost 1
Lattice M1343340906-213113482_384537-1259256213_1540309032-GB-M-018 read.
LOG (lattice-oracle[5.5.480~1-09abd]:main():lattice-oracle.cc:318) %WER 100 [ 5 / 5, 0 insertions, 5 deletions, 0 sub ]
LOG (lattice-oracle[5.5.480~1-09abd]:main():lattice-oracle.cc:332) For utterance M1343340906-213113482_384537-1259256213_1540309032-GB-M-018, best cost 5
Lattice M1343340906-213113482_384537-1259256213_1540309032-GB-M-022 read.
LOG (lattice-oracle[5.5.480~1-09abd]:main():lattice-oracle.cc:318) %WER 0 [ 0 / 4, 0 insertions, 0 deletions, 0 sub ]
LOG (lattice-oracle[5.5.480~1-09abd]:main():lattice-oracle.cc:332) For utterance M1343340906-213113482_384537-1259256213_1540309032-GB-M-022, best cost 0
Lattice M1343340906-213113482_384537-1259256213_1540309032-GB-M-023 read.
LOG (lattice-oracle[5.5.480~1-09abd]:main():lattice-oracle.cc:318) %WER 0 [ 0 / 11, 0 insertions, 0 deletions, 0 sub ]
LOG (lattice-oracle[5.5.480~1-09abd]:main():lattice-oracle.cc:332) For utterance M1343340906-213113482_384537-1259256213_1540309032-GB-M-023, best cost 0
Lattice M1343340906-213113482_384537-1259256213_1540309032-GB-M-026 read.
LOG (lattice-oracle[5.5.480~1-09abd]:main():lattice-oracle.cc:318) %WER 0 [ 0 / 8, 0 insertions, 0 deletions, 0 sub ]
LOG (lattice-oracle[5.5.480~1-09abd]:main():lattice-oracle.cc:332) For utterance M1343340906-213113482_384537-1259256213_1540309032-GB-M-026, best cost 0
Lattice M1343340906-213113482_384537-1259256213_1540309032-GB-M-027 read.
LOG (lattice-oracle[5.5.480~1-09abd]:main():lattice-oracle.cc:318) %WER 0 [ 0 / 2, 0 insertions, 0 deletions, 0 sub ]
LOG (lattice-oracle[5.5.480~1-09abd]:main():lattice-oracle.cc:332) For utterance M1343340906-213113482_384537-1259256213_1540309032-GB-M-027, best cost 0
Lattice M1343340906-213113482_384537-1259256213_1540309032-GB-M-028 read.
LOG (lattice-oracle[5.5.480~1-09abd]:main():lattice-oracle.cc:318) %WER 0 [ 0 / 8, 0 insertions, 0 deletions, 0 sub ]
LOG (lattice-oracle[5.5.480~1-09abd]:main():lattice-oracle.cc:332) For utterance M1343340906-213113482_384537-1259256213_1540309032-GB-M-028, best cost 0
Lattice M1343340906-213113482_384537-1259256213_1540309032-GB-M-030 read.
LOG (lattice-oracle[5.5.480~1-09abd]:main():lattice-oracle.cc:318) %WER 0 [ 0 / 6, 0 insertions, 0 deletions, 0 sub ]
LOG (lattice-oracle[5.5.480~1-09abd]:main():lattice-oracle.cc:332) For utterance M1343340906-213113482_384537-1259256213_1540309032-GB-M-030, best cost 0
Lattice M1343340906-213113482_384537-1259256213_1540309032-GB-M-031 read.
LOG (lattice-oracle[5.5.480~1-09abd]:main():lattice-oracle.cc:318) %WER 0 [ 0 / 4, 0 insertions, 0 deletions, 0 sub ]
LOG (lattice-oracle[5.5.480~1-09abd]:main():lattice-oracle.cc:332) For utterance M1343340906-213113482_384537-1259256213_1540309032-GB-M-031, best cost 0
Lattice M1343340906-213113482_384537-1259256213_1540309032-GB-M-032 read.
LOG (lattice-oracle[5.5.480~1-09abd]:main():lattice-oracle.cc:318) %WER 50 [ 2 / 4, 2 insertions, 0 deletions, 0 sub ]
LOG (lattice-oracle[5.5.480~1-09abd]:main():lattice-oracle.cc:332) For utterance M1343340906-213113482_384537-1259256213_1540309032-GB-M-032, best cost 2
Lattice M1343340906-213113482_384537-1259256213_1540309032-GB-M-034 read.
LOG (lattice-oracle[5.5.480~1-09abd]:main():lattice-oracle.cc:318) %WER 50 [ 2 / 4, 2 insertions, 0 deletions, 0 sub ]
LOG (lattice-oracle[5.5.480~1-09abd]:main():lattice-oracle.cc:332) For utterance M1343340906-213113482_384537-1259256213_1540309032-GB-M-034, best cost 2
Lattice M1343340906-213113482_384537-1259256213_1540309032-GB-M-035 read.
LOG (lattice-oracle[5.5.480~1-09abd]:main():lattice-oracle.cc:318) %WER 42.8571 [ 3 / 7, 0 insertions, 2 deletions, 1 sub ]
LOG (lattice-oracle[5.5.480~1-09abd]:main():lattice-oracle.cc:332) For utterance M1343340906-213113482_384537-1259256213_1540309032-GB-M-035, best cost 3
Lattice M1343340906-213113482_384537-1259256213_1540309032-GB-M-036 read.
LOG (lattice-oracle[5.5.480~1-09abd]:main():lattice-oracle.cc:318) %WER 50 [ 2 / 4, 0 insertions, 2 deletions, 0 sub ]
LOG (lattice-oracle[5.5.480~1-09abd]:main():lattice-oracle.cc:332) For utterance M1343340906-213113482_384537-1259256213_1540309032-GB-M-036, best cost 2
Lattice M1343340906-213113482_384537-1259256213_1540309032-GB-M-037 read.
LOG (lattice-oracle[5.5.480~1-09abd]:main():lattice-oracle.cc:318) %WER 11.1111 [ 1 / 9, 0 insertions, 1 deletions, 0 sub ]
LOG (lattice-oracle[5.5.480~1-09abd]:main():lattice-oracle.cc:332) For utterance M1343340906-213113482_384537-1259256213_1540309032-GB-M-037, best cost 1
Lattice M1343340906-213113482_384537-1259256213_1540309032-GB-M-040 read.
LOG (lattice-oracle[5.5.480~1-09abd]:main():lattice-oracle.cc:318) %WER 0 [ 0 / 12, 0 insertions, 0 deletions, 0 sub ]
LOG (lattice-oracle[5.5.480~1-09abd]:main():lattice-oracle.cc:332) For utterance M1343340906-213113482_384537-1259256213_1540309032-GB-M-040, best cost 0
Lattice M1343340906-213113482_384537-1259256213_1540309032-GB-M-043 read.
LOG (lattice-oracle[5.5.480~1-09abd]:main():lattice-oracle.cc:318) %WER 0 [ 0 / 4, 0 insertions, 0 deletions, 0 sub ]
LOG (lattice-oracle[5.5.480~1-09abd]:main():lattice-oracle.cc:332) For utterance M1343340906-213113482_384537-1259256213_1540309032-GB-M-043, best cost 0
Lattice M1343340906-213113482_384537-1259256213_1540309032-GB-M-044 read.
LOG (lattice-oracle[5.5.480~1-09abd]:main():lattice-oracle.cc:318) %WER 0 [ 0 / 9, 0 insertions, 0 deletions, 0 sub ]
LOG (lattice-oracle[5.5.480~1-09abd]:main():lattice-oracle.cc:332) For utterance M1343340906-213113482_384537-1259256213_1540309032-GB-M-044, best cost 0
Lattice M1343340906-213113482_384537-1259256213_1540309032-GB-M-046 read.
LOG (lattice-oracle[5.5.480~1-09abd]:main():lattice-oracle.cc:318) %WER 0 [ 0 / 2, 0 insertions, 0 deletions, 0 sub ]
LOG (lattice-oracle[5.5.480~1-09abd]:main():lattice-oracle.cc:332) For utterance M1343340906-213113482_384537-1259256213_1540309032-GB-M-046, best cost 0
Lattice M1343340906-213113482_384537-1259256213_1540309032-GB-M-047 read.
LOG (lattice-oracle[5.5.480~1-09abd]:main():lattice-oracle.cc:318) %WER 0 [ 0 / 8, 0 insertions, 0 deletions, 0 sub ]
LOG (lattice-oracle[5.5.480~1-09abd]:main():lattice-oracle.cc:332) For utterance M1343340906-213113482_384537-1259256213_1540309032-GB-M-047, best cost 0
Lattice M1343340906-213113482_384537-1259256213_1540309032-GB-M-048 read.
LOG (lattice-oracle[5.5.480~1-09abd]:main():lattice-oracle.cc:318) %WER 0 [ 0 / 2, 0 insertions, 0 deletions, 0 sub ]
LOG (lattice-oracle[5.5.480~1-09abd]:main():lattice-oracle.cc:332) For utterance M1343340906-213113482_384537-1259256213_1540309032-GB-M-048, best cost 0
Lattice M1343340906-213113482_384537-1259256213_1540309032-GB-M-049 read.
LOG (lattice-oracle[5.5.480~1-09abd]:main():lattice-oracle.cc:318) %WER 0 [ 0 / 14, 0 insertions, 0 deletions, 0 sub ]
LOG (lattice-oracle[5.5.480~1-09abd]:main():lattice-oracle.cc:332) For utterance M1343340906-213113482_384537-1259256213_1540309032-GB-M-049, best cost 0
LOG (lattice-oracle[5.5.480~1-09abd]:main():lattice-oracle.cc:383) Overall %WER 18.5567 [ 306 / 1649, 33 insertions, 208 deletions, 65 substitutions ]
LOG (lattice-oracle[5.5.480~1-09abd]:main():lattice-oracle.cc:387) Scored 170 lattices, 0 not present in ref.
# Accounting: time=3 threads=1
# Ended (code 0) at Tue Sep 10 15:04:52 BST 2019, elapsed time 3 seconds
