# lattice-oracle "--write-lattices=ark:|gzip -c > exp/tri3b_cleaned/lattice_oracle/lat.39.gz" "ark:gunzip -c exp/tri3b_cleaned/lats/lat.39.gz |" "ark:utils/sym2int.pl --map-oov 239 -f 2- data/lang/words.txt data/train1/split40/39/text|" ark,t:- | utils/int2sym.pl -f 2- data/lang/words.txt > exp/tri3b_cleaned/lattice_oracle/oracle_hyp.39.txt 
# Started at Tue Sep 10 15:05:06 BST 2019
#
lattice-oracle '--write-lattices=ark:|gzip -c > exp/tri3b_cleaned/lattice_oracle/lat.39.gz' 'ark:gunzip -c exp/tri3b_cleaned/lats/lat.39.gz |' 'ark:utils/sym2int.pl --map-oov 239 -f 2- data/lang/words.txt data/train1/split40/39/text|' ark,t:- 
Lattice M84390793-234595993_172406-263056267_1573799922-GB-M-001 read.
sym2int.pl: replacing OVERZEALOUS with 239
sym2int.pl: replacing SHELLFISH with 239
sym2int.pl: replacing OUTCHO with 239
sym2int.pl: replacing COUPON with 239
sym2int.pl: replacing OUTCHO with 239
sym2int.pl: replacing SLIDERS with 239
sym2int.pl: replacing BEEFS with 239
sym2int.pl: replacing AWW with 239
sym2int.pl: replacing SHOOTERS'LL with 239
sym2int.pl: replacing DUBSTEP with 239
sym2int.pl: replacing AWW with 239
sym2int.pl: replacing BIGGZ with 239
sym2int.pl: replacing HMMMM with 239
** Replaced 13 instances of OOVs with 239
LOG (lattice-oracle[5.5.480~1-09abd]:main():lattice-oracle.cc:318) %WER 0 [ 0 / 46, 0 insertions, 0 deletions, 0 sub ]
LOG (lattice-oracle[5.5.480~1-09abd]:main():lattice-oracle.cc:332) For utterance M84390793-234595993_172406-263056267_1573799922-GB-M-001, best cost 0
Lattice M84390793-234595993_172406-263056267_1573799922-GB-M-009 read.
LOG (lattice-oracle[5.5.480~1-09abd]:main():lattice-oracle.cc:318) %WER 1.1236 [ 1 / 89, 0 insertions, 0 deletions, 1 sub ]
LOG (lattice-oracle[5.5.480~1-09abd]:main():lattice-oracle.cc:332) For utterance M84390793-234595993_172406-263056267_1573799922-GB-M-009, best cost 1
Lattice M84390793-234595993_172406-263056267_1573799922-GB-M-026 read.
LOG (lattice-oracle[5.5.480~1-09abd]:main():lattice-oracle.cc:318) %WER 2.17391 [ 1 / 46, 1 insertions, 0 deletions, 0 sub ]
LOG (lattice-oracle[5.5.480~1-09abd]:main():lattice-oracle.cc:332) For utterance M84390793-234595993_172406-263056267_1573799922-GB-M-026, best cost 1
Lattice M84390793-234595993_172406-263056267_1573799922-GB-M-037 read.
LOG (lattice-oracle[5.5.480~1-09abd]:main():lattice-oracle.cc:318) %WER 8.33333 [ 1 / 12, 1 insertions, 0 deletions, 0 sub ]
LOG (lattice-oracle[5.5.480~1-09abd]:main():lattice-oracle.cc:332) For utterance M84390793-234595993_172406-263056267_1573799922-GB-M-037, best cost 1
Lattice M84390793-234595993_172406-263056267_1573799922-GB-M-040 read.
LOG (lattice-oracle[5.5.480~1-09abd]:main():lattice-oracle.cc:318) %WER 3.94737 [ 3 / 76, 1 insertions, 0 deletions, 2 sub ]
LOG (lattice-oracle[5.5.480~1-09abd]:main():lattice-oracle.cc:332) For utterance M84390793-234595993_172406-263056267_1573799922-GB-M-040, best cost 3
Lattice M84390793-234595993_172406-263056267_1573799922-GB-M-056 read.
LOG (lattice-oracle[5.5.480~1-09abd]:main():lattice-oracle.cc:318) %WER 0 [ 0 / 4, 0 insertions, 0 deletions, 0 sub ]
LOG (lattice-oracle[5.5.480~1-09abd]:main():lattice-oracle.cc:332) For utterance M84390793-234595993_172406-263056267_1573799922-GB-M-056, best cost 0
Lattice M84390793-234595993_172406-263056267_1573799922-GB-M-057 read.
LOG (lattice-oracle[5.5.480~1-09abd]:main():lattice-oracle.cc:318) %WER 50 [ 2 / 4, 2 insertions, 0 deletions, 0 sub ]
LOG (lattice-oracle[5.5.480~1-09abd]:main():lattice-oracle.cc:332) For utterance M84390793-234595993_172406-263056267_1573799922-GB-M-057, best cost 2
Lattice M84390793-234595993_172406-263056267_1573799922-GB-M-058 read.
LOG (lattice-oracle[5.5.480~1-09abd]:main():lattice-oracle.cc:318) %WER 42.8571 [ 3 / 7, 2 insertions, 1 deletions, 0 sub ]
LOG (lattice-oracle[5.5.480~1-09abd]:main():lattice-oracle.cc:332) For utterance M84390793-234595993_172406-263056267_1573799922-GB-M-058, best cost 3
Lattice M84390793-234595993_172406-263056267_1573799922-GB-M-059 read.
LOG (lattice-oracle[5.5.480~1-09abd]:main():lattice-oracle.cc:318) %WER 14.2857 [ 8 / 56, 5 insertions, 2 deletions, 1 sub ]
LOG (lattice-oracle[5.5.480~1-09abd]:main():lattice-oracle.cc:332) For utterance M84390793-234595993_172406-263056267_1573799922-GB-M-059, best cost 8
Lattice M84390793-420548821_147255-263056267_1573945989-GB-M-001 read.
LOG (lattice-oracle[5.5.480~1-09abd]:main():lattice-oracle.cc:318) %WER 0 [ 0 / 9, 0 insertions, 0 deletions, 0 sub ]
LOG (lattice-oracle[5.5.480~1-09abd]:main():lattice-oracle.cc:332) For utterance M84390793-420548821_147255-263056267_1573945989-GB-M-001, best cost 0
Lattice M84390793-420548821_147255-263056267_1573945989-GB-M-002 read.
LOG (lattice-oracle[5.5.480~1-09abd]:main():lattice-oracle.cc:318) %WER 0 [ 0 / 7, 0 insertions, 0 deletions, 0 sub ]
LOG (lattice-oracle[5.5.480~1-09abd]:main():lattice-oracle.cc:332) For utterance M84390793-420548821_147255-263056267_1573945989-GB-M-002, best cost 0
Lattice M84390793-420548821_147255-263056267_1573945989-GB-M-003 read.
LOG (lattice-oracle[5.5.480~1-09abd]:main():lattice-oracle.cc:318) %WER 25 [ 2 / 8, 0 insertions, 0 deletions, 2 sub ]
LOG (lattice-oracle[5.5.480~1-09abd]:main():lattice-oracle.cc:332) For utterance M84390793-420548821_147255-263056267_1573945989-GB-M-003, best cost 2
Lattice M84390793-420548821_147255-263056267_1573945989-GB-M-005 read.
LOG (lattice-oracle[5.5.480~1-09abd]:main():lattice-oracle.cc:318) %WER 0 [ 0 / 6, 0 insertions, 0 deletions, 0 sub ]
LOG (lattice-oracle[5.5.480~1-09abd]:main():lattice-oracle.cc:332) For utterance M84390793-420548821_147255-263056267_1573945989-GB-M-005, best cost 0
Lattice M84390793-420548821_147255-263056267_1573945989-GB-M-006 read.
LOG (lattice-oracle[5.5.480~1-09abd]:main():lattice-oracle.cc:318) %WER 0 [ 0 / 4, 0 insertions, 0 deletions, 0 sub ]
LOG (lattice-oracle[5.5.480~1-09abd]:main():lattice-oracle.cc:332) For utterance M84390793-420548821_147255-263056267_1573945989-GB-M-006, best cost 0
Lattice M84390793-420548821_147255-263056267_1573945989-GB-M-007 read.
LOG (lattice-oracle[5.5.480~1-09abd]:main():lattice-oracle.cc:318) %WER 25 [ 1 / 4, 1 insertions, 0 deletions, 0 sub ]
LOG (lattice-oracle[5.5.480~1-09abd]:main():lattice-oracle.cc:332) For utterance M84390793-420548821_147255-263056267_1573945989-GB-M-007, best cost 1
Lattice M84390793-420548821_147255-263056267_1573945989-GB-M-008 read.
LOG (lattice-oracle[5.5.480~1-09abd]:main():lattice-oracle.cc:318) %WER 0 [ 0 / 4, 0 insertions, 0 deletions, 0 sub ]
LOG (lattice-oracle[5.5.480~1-09abd]:main():lattice-oracle.cc:332) For utterance M84390793-420548821_147255-263056267_1573945989-GB-M-008, best cost 0
Lattice M84390793-420548821_147255-263056267_1573945989-GB-M-009 read.
LOG (lattice-oracle[5.5.480~1-09abd]:main():lattice-oracle.cc:318) %WER 25 [ 1 / 4, 1 insertions, 0 deletions, 0 sub ]
LOG (lattice-oracle[5.5.480~1-09abd]:main():lattice-oracle.cc:332) For utterance M84390793-420548821_147255-263056267_1573945989-GB-M-009, best cost 1
Lattice M84390793-420548821_147255-263056267_1573945989-GB-M-010 read.
LOG (lattice-oracle[5.5.480~1-09abd]:main():lattice-oracle.cc:318) %WER 11.1111 [ 1 / 9, 1 insertions, 0 deletions, 0 sub ]
LOG (lattice-oracle[5.5.480~1-09abd]:main():lattice-oracle.cc:332) For utterance M84390793-420548821_147255-263056267_1573945989-GB-M-010, best cost 1
Lattice M84390793-420548821_147255-263056267_1573945989-GB-M-012 read.
LOG (lattice-oracle[5.5.480~1-09abd]:main():lattice-oracle.cc:318) %WER 0 [ 0 / 6, 0 insertions, 0 deletions, 0 sub ]
LOG (lattice-oracle[5.5.480~1-09abd]:main():lattice-oracle.cc:332) For utterance M84390793-420548821_147255-263056267_1573945989-GB-M-012, best cost 0
Lattice M84390793-420548821_147255-263056267_1573945989-GB-M-013 read.
LOG (lattice-oracle[5.5.480~1-09abd]:main():lattice-oracle.cc:318) %WER 0 [ 0 / 6, 0 insertions, 0 deletions, 0 sub ]
LOG (lattice-oracle[5.5.480~1-09abd]:main():lattice-oracle.cc:332) For utterance M84390793-420548821_147255-263056267_1573945989-GB-M-013, best cost 0
Lattice M84390793-420548821_147255-263056267_1573945989-GB-M-014 read.
LOG (lattice-oracle[5.5.480~1-09abd]:main():lattice-oracle.cc:318) %WER 0 [ 0 / 6, 0 insertions, 0 deletions, 0 sub ]
LOG (lattice-oracle[5.5.480~1-09abd]:main():lattice-oracle.cc:332) For utterance M84390793-420548821_147255-263056267_1573945989-GB-M-014, best cost 0
Lattice M84390793-420548821_147255-263056267_1573945989-GB-M-015 read.
LOG (lattice-oracle[5.5.480~1-09abd]:main():lattice-oracle.cc:318) %WER 0 [ 0 / 6, 0 insertions, 0 deletions, 0 sub ]
LOG (lattice-oracle[5.5.480~1-09abd]:main():lattice-oracle.cc:332) For utterance M84390793-420548821_147255-263056267_1573945989-GB-M-015, best cost 0
Lattice M84390793-420548821_147255-263056267_1573945989-GB-M-017 read.
LOG (lattice-oracle[5.5.480~1-09abd]:main():lattice-oracle.cc:318) %WER 0 [ 0 / 6, 0 insertions, 0 deletions, 0 sub ]
LOG (lattice-oracle[5.5.480~1-09abd]:main():lattice-oracle.cc:332) For utterance M84390793-420548821_147255-263056267_1573945989-GB-M-017, best cost 0
Lattice M84390793-420548821_147255-263056267_1573945989-GB-M-018 read.
LOG (lattice-oracle[5.5.480~1-09abd]:main():lattice-oracle.cc:318) %WER 0 [ 0 / 3, 0 insertions, 0 deletions, 0 sub ]
LOG (lattice-oracle[5.5.480~1-09abd]:main():lattice-oracle.cc:332) For utterance M84390793-420548821_147255-263056267_1573945989-GB-M-018, best cost 0
Lattice M84390793-420548821_147255-263056267_1573945989-GB-M-019 read.
LOG (lattice-oracle[5.5.480~1-09abd]:main():lattice-oracle.cc:318) %WER 0 [ 0 / 5, 0 insertions, 0 deletions, 0 sub ]
LOG (lattice-oracle[5.5.480~1-09abd]:main():lattice-oracle.cc:332) For utterance M84390793-420548821_147255-263056267_1573945989-GB-M-019, best cost 0
Lattice M84390793-420548821_147255-263056267_1573945989-GB-M-020 read.
LOG (lattice-oracle[5.5.480~1-09abd]:main():lattice-oracle.cc:318) %WER 0 [ 0 / 18, 0 insertions, 0 deletions, 0 sub ]
LOG (lattice-oracle[5.5.480~1-09abd]:main():lattice-oracle.cc:332) For utterance M84390793-420548821_147255-263056267_1573945989-GB-M-020, best cost 0
Lattice M84390793-420548821_147255-263056267_1573945989-GB-M-023 read.
LOG (lattice-oracle[5.5.480~1-09abd]:main():lattice-oracle.cc:318) %WER 0 [ 0 / 6, 0 insertions, 0 deletions, 0 sub ]
LOG (lattice-oracle[5.5.480~1-09abd]:main():lattice-oracle.cc:332) For utterance M84390793-420548821_147255-263056267_1573945989-GB-M-023, best cost 0
Lattice M84390793-420548821_147255-263056267_1573945989-GB-M-024 read.
LOG (lattice-oracle[5.5.480~1-09abd]:main():lattice-oracle.cc:318) %WER 0 [ 0 / 6, 0 insertions, 0 deletions, 0 sub ]
LOG (lattice-oracle[5.5.480~1-09abd]:main():lattice-oracle.cc:332) For utterance M84390793-420548821_147255-263056267_1573945989-GB-M-024, best cost 0
Lattice M84390793-420548821_147255-263056267_1573945989-GB-M-025 read.
LOG (lattice-oracle[5.5.480~1-09abd]:main():lattice-oracle.cc:318) %WER 0 [ 0 / 6, 0 insertions, 0 deletions, 0 sub ]
LOG (lattice-oracle[5.5.480~1-09abd]:main():lattice-oracle.cc:332) For utterance M84390793-420548821_147255-263056267_1573945989-GB-M-025, best cost 0
Lattice M84390793-420548821_147255-263056267_1573945989-GB-M-026 read.
LOG (lattice-oracle[5.5.480~1-09abd]:main():lattice-oracle.cc:318) %WER 0 [ 0 / 6, 0 insertions, 0 deletions, 0 sub ]
LOG (lattice-oracle[5.5.480~1-09abd]:main():lattice-oracle.cc:332) For utterance M84390793-420548821_147255-263056267_1573945989-GB-M-026, best cost 0
Lattice M84390793-420548821_147255-263056267_1573945989-GB-M-028 read.
LOG (lattice-oracle[5.5.480~1-09abd]:main():lattice-oracle.cc:318) %WER 0 [ 0 / 6, 0 insertions, 0 deletions, 0 sub ]
LOG (lattice-oracle[5.5.480~1-09abd]:main():lattice-oracle.cc:332) For utterance M84390793-420548821_147255-263056267_1573945989-GB-M-028, best cost 0
Lattice M84390793-420548821_147255-263056267_1573945989-GB-M-029 read.
LOG (lattice-oracle[5.5.480~1-09abd]:main():lattice-oracle.cc:318) %WER 0 [ 0 / 7, 0 insertions, 0 deletions, 0 sub ]
LOG (lattice-oracle[5.5.480~1-09abd]:main():lattice-oracle.cc:332) For utterance M84390793-420548821_147255-263056267_1573945989-GB-M-029, best cost 0
Lattice M84390793-420548821_147255-263056267_1573945989-GB-M-031 read.
LOG (lattice-oracle[5.5.480~1-09abd]:main():lattice-oracle.cc:318) %WER 0 [ 0 / 18, 0 insertions, 0 deletions, 0 sub ]
LOG (lattice-oracle[5.5.480~1-09abd]:main():lattice-oracle.cc:332) For utterance M84390793-420548821_147255-263056267_1573945989-GB-M-031, best cost 0
Lattice M84390793-420548821_147255-263056267_1573945989-GB-M-034 read.
LOG (lattice-oracle[5.5.480~1-09abd]:main():lattice-oracle.cc:318) %WER 14.2857 [ 1 / 7, 0 insertions, 1 deletions, 0 sub ]
LOG (lattice-oracle[5.5.480~1-09abd]:main():lattice-oracle.cc:332) For utterance M84390793-420548821_147255-263056267_1573945989-GB-M-034, best cost 1
Lattice M84390793-420548821_147255-263056267_1573945989-GB-M-035 read.
LOG (lattice-oracle[5.5.480~1-09abd]:main():lattice-oracle.cc:318) %WER 0 [ 0 / 6, 0 insertions, 0 deletions, 0 sub ]
LOG (lattice-oracle[5.5.480~1-09abd]:main():lattice-oracle.cc:332) For utterance M84390793-420548821_147255-263056267_1573945989-GB-M-035, best cost 0
Lattice M84390793-420548821_147255-263056267_1573945989-GB-M-036 read.
LOG (lattice-oracle[5.5.480~1-09abd]:main():lattice-oracle.cc:318) %WER 0 [ 0 / 14, 0 insertions, 0 deletions, 0 sub ]
LOG (lattice-oracle[5.5.480~1-09abd]:main():lattice-oracle.cc:332) For utterance M84390793-420548821_147255-263056267_1573945989-GB-M-036, best cost 0
Lattice M84390793-420548821_147255-263056267_1573945989-GB-M-039 read.
LOG (lattice-oracle[5.5.480~1-09abd]:main():lattice-oracle.cc:318) %WER 0 [ 0 / 6, 0 insertions, 0 deletions, 0 sub ]
LOG (lattice-oracle[5.5.480~1-09abd]:main():lattice-oracle.cc:332) For utterance M84390793-420548821_147255-263056267_1573945989-GB-M-039, best cost 0
Lattice M84390793-420548821_147255-263056267_1573945989-GB-M-040 read.
LOG (lattice-oracle[5.5.480~1-09abd]:main():lattice-oracle.cc:318) %WER 0 [ 0 / 5, 0 insertions, 0 deletions, 0 sub ]
LOG (lattice-oracle[5.5.480~1-09abd]:main():lattice-oracle.cc:332) For utterance M84390793-420548821_147255-263056267_1573945989-GB-M-040, best cost 0
Lattice M84390793-420548821_147255-263056267_1573945989-GB-M-041 read.
LOG (lattice-oracle[5.5.480~1-09abd]:main():lattice-oracle.cc:318) %WER 0 [ 0 / 6, 0 insertions, 0 deletions, 0 sub ]
LOG (lattice-oracle[5.5.480~1-09abd]:main():lattice-oracle.cc:332) For utterance M84390793-420548821_147255-263056267_1573945989-GB-M-041, best cost 0
Lattice M84390793-420548821_147255-263056267_1573945989-GB-M-042 read.
LOG (lattice-oracle[5.5.480~1-09abd]:main():lattice-oracle.cc:318) %WER 0 [ 0 / 7, 0 insertions, 0 deletions, 0 sub ]
LOG (lattice-oracle[5.5.480~1-09abd]:main():lattice-oracle.cc:332) For utterance M84390793-420548821_147255-263056267_1573945989-GB-M-042, best cost 0
Lattice M84390793-420548821_147255-263056267_1573945989-GB-M-043 read.
LOG (lattice-oracle[5.5.480~1-09abd]:main():lattice-oracle.cc:318) %WER 0 [ 0 / 12, 0 insertions, 0 deletions, 0 sub ]
LOG (lattice-oracle[5.5.480~1-09abd]:main():lattice-oracle.cc:332) For utterance M84390793-420548821_147255-263056267_1573945989-GB-M-043, best cost 0
Lattice M84390793-420548821_147255-263056267_1573945989-GB-M-046 read.
LOG (lattice-oracle[5.5.480~1-09abd]:main():lattice-oracle.cc:318) %WER 0 [ 0 / 5, 0 insertions, 0 deletions, 0 sub ]
LOG (lattice-oracle[5.5.480~1-09abd]:main():lattice-oracle.cc:332) For utterance M84390793-420548821_147255-263056267_1573945989-GB-M-046, best cost 0
Lattice M849066217-392395576_171891-849072057_1543411612-GB-M-001 read.
LOG (lattice-oracle[5.5.480~1-09abd]:main():lattice-oracle.cc:318) %WER 0 [ 0 / 6, 0 insertions, 0 deletions, 0 sub ]
LOG (lattice-oracle[5.5.480~1-09abd]:main():lattice-oracle.cc:332) For utterance M849066217-392395576_171891-849072057_1543411612-GB-M-001, best cost 0
Lattice M849066217-392395576_171891-849072057_1543411612-GB-M-002 read.
LOG (lattice-oracle[5.5.480~1-09abd]:main():lattice-oracle.cc:318) %WER 11.7647 [ 2 / 17, 2 insertions, 0 deletions, 0 sub ]
LOG (lattice-oracle[5.5.480~1-09abd]:main():lattice-oracle.cc:332) For utterance M849066217-392395576_171891-849072057_1543411612-GB-M-002, best cost 2
Lattice M849066217-392395576_171891-849072057_1543411612-GB-M-006 read.
LOG (lattice-oracle[5.5.480~1-09abd]:main():lattice-oracle.cc:318) %WER 0 [ 0 / 9, 0 insertions, 0 deletions, 0 sub ]
LOG (lattice-oracle[5.5.480~1-09abd]:main():lattice-oracle.cc:332) For utterance M849066217-392395576_171891-849072057_1543411612-GB-M-006, best cost 0
Lattice M849066217-392395576_171891-849072057_1543411612-GB-M-007 read.
LOG (lattice-oracle[5.5.480~1-09abd]:main():lattice-oracle.cc:318) %WER 0 [ 0 / 7, 0 insertions, 0 deletions, 0 sub ]
LOG (lattice-oracle[5.5.480~1-09abd]:main():lattice-oracle.cc:332) For utterance M849066217-392395576_171891-849072057_1543411612-GB-M-007, best cost 0
Lattice M849066217-392395576_171891-849072057_1543411612-GB-M-008 read.
LOG (lattice-oracle[5.5.480~1-09abd]:main():lattice-oracle.cc:318) %WER 0 [ 0 / 10, 0 insertions, 0 deletions, 0 sub ]
LOG (lattice-oracle[5.5.480~1-09abd]:main():lattice-oracle.cc:332) For utterance M849066217-392395576_171891-849072057_1543411612-GB-M-008, best cost 0
Lattice M849066217-392395576_171891-849072057_1543411612-GB-M-011 read.
LOG (lattice-oracle[5.5.480~1-09abd]:main():lattice-oracle.cc:318) %WER 16.6667 [ 1 / 6, 1 insertions, 0 deletions, 0 sub ]
LOG (lattice-oracle[5.5.480~1-09abd]:main():lattice-oracle.cc:332) For utterance M849066217-392395576_171891-849072057_1543411612-GB-M-011, best cost 1
Lattice M849066217-392395576_171891-849072057_1543411612-GB-M-012 read.
LOG (lattice-oracle[5.5.480~1-09abd]:main():lattice-oracle.cc:318) %WER 0 [ 0 / 9, 0 insertions, 0 deletions, 0 sub ]
LOG (lattice-oracle[5.5.480~1-09abd]:main():lattice-oracle.cc:332) For utterance M849066217-392395576_171891-849072057_1543411612-GB-M-012, best cost 0
Lattice M849066217-392395576_171891-849072057_1543411612-GB-M-013 read.
LOG (lattice-oracle[5.5.480~1-09abd]:main():lattice-oracle.cc:318) %WER 0 [ 0 / 8, 0 insertions, 0 deletions, 0 sub ]
LOG (lattice-oracle[5.5.480~1-09abd]:main():lattice-oracle.cc:332) For utterance M849066217-392395576_171891-849072057_1543411612-GB-M-013, best cost 0
Lattice M849066217-392395576_171891-849072057_1543411612-GB-M-014 read.
LOG (lattice-oracle[5.5.480~1-09abd]:main():lattice-oracle.cc:318) %WER 0 [ 0 / 9, 0 insertions, 0 deletions, 0 sub ]
LOG (lattice-oracle[5.5.480~1-09abd]:main():lattice-oracle.cc:332) For utterance M849066217-392395576_171891-849072057_1543411612-GB-M-014, best cost 0
Lattice M849066217-392395576_171891-849072057_1543411612-GB-M-017 read.
LOG (lattice-oracle[5.5.480~1-09abd]:main():lattice-oracle.cc:318) %WER 0 [ 0 / 7, 0 insertions, 0 deletions, 0 sub ]
LOG (lattice-oracle[5.5.480~1-09abd]:main():lattice-oracle.cc:332) For utterance M849066217-392395576_171891-849072057_1543411612-GB-M-017, best cost 0
Lattice M849066217-392395576_171891-849072057_1543411612-GB-M-018 read.
LOG (lattice-oracle[5.5.480~1-09abd]:main():lattice-oracle.cc:318) %WER 0 [ 0 / 10, 0 insertions, 0 deletions, 0 sub ]
LOG (lattice-oracle[5.5.480~1-09abd]:main():lattice-oracle.cc:332) For utterance M849066217-392395576_171891-849072057_1543411612-GB-M-018, best cost 0
Lattice M849066217-392395576_171891-849072057_1543411612-GB-M-021 read.
LOG (lattice-oracle[5.5.480~1-09abd]:main():lattice-oracle.cc:318) %WER 0 [ 0 / 10, 0 insertions, 0 deletions, 0 sub ]
LOG (lattice-oracle[5.5.480~1-09abd]:main():lattice-oracle.cc:332) For utterance M849066217-392395576_171891-849072057_1543411612-GB-M-021, best cost 0
Lattice M849066217-392395576_171891-849072057_1543411612-GB-M-022 read.
LOG (lattice-oracle[5.5.480~1-09abd]:main():lattice-oracle.cc:318) %WER 0 [ 0 / 7, 0 insertions, 0 deletions, 0 sub ]
LOG (lattice-oracle[5.5.480~1-09abd]:main():lattice-oracle.cc:332) For utterance M849066217-392395576_171891-849072057_1543411612-GB-M-022, best cost 0
Lattice M849066217-392395576_171891-849072057_1543411612-GB-M-023 read.
LOG (lattice-oracle[5.5.480~1-09abd]:main():lattice-oracle.cc:318) %WER 0 [ 0 / 7, 0 insertions, 0 deletions, 0 sub ]
LOG (lattice-oracle[5.5.480~1-09abd]:main():lattice-oracle.cc:332) For utterance M849066217-392395576_171891-849072057_1543411612-GB-M-023, best cost 0
Lattice M849066217-392395576_171891-849072057_1543411612-GB-M-024 read.
LOG (lattice-oracle[5.5.480~1-09abd]:main():lattice-oracle.cc:318) %WER 0 [ 0 / 13, 0 insertions, 0 deletions, 0 sub ]
LOG (lattice-oracle[5.5.480~1-09abd]:main():lattice-oracle.cc:332) For utterance M849066217-392395576_171891-849072057_1543411612-GB-M-024, best cost 0
Lattice M849066217-392395576_171891-849072057_1543411612-GB-M-028 read.
LOG (lattice-oracle[5.5.480~1-09abd]:main():lattice-oracle.cc:318) %WER 0 [ 0 / 7, 0 insertions, 0 deletions, 0 sub ]
LOG (lattice-oracle[5.5.480~1-09abd]:main():lattice-oracle.cc:332) For utterance M849066217-392395576_171891-849072057_1543411612-GB-M-028, best cost 0
Lattice M849066217-392395576_171891-849072057_1543411612-GB-M-029 read.
LOG (lattice-oracle[5.5.480~1-09abd]:main():lattice-oracle.cc:318) %WER 0 [ 0 / 19, 0 insertions, 0 deletions, 0 sub ]
LOG (lattice-oracle[5.5.480~1-09abd]:main():lattice-oracle.cc:332) For utterance M849066217-392395576_171891-849072057_1543411612-GB-M-029, best cost 0
Lattice M849066217-392395576_171891-849072057_1543411612-GB-M-032 read.
LOG (lattice-oracle[5.5.480~1-09abd]:main():lattice-oracle.cc:318) %WER 0 [ 0 / 19, 0 insertions, 0 deletions, 0 sub ]
LOG (lattice-oracle[5.5.480~1-09abd]:main():lattice-oracle.cc:332) For utterance M849066217-392395576_171891-849072057_1543411612-GB-M-032, best cost 0
Lattice M849066217-392395576_171891-849072057_1543411612-GB-M-036 read.
LOG (lattice-oracle[5.5.480~1-09abd]:main():lattice-oracle.cc:318) %WER 7.14286 [ 1 / 14, 1 insertions, 0 deletions, 0 sub ]
LOG (lattice-oracle[5.5.480~1-09abd]:main():lattice-oracle.cc:332) For utterance M849066217-392395576_171891-849072057_1543411612-GB-M-036, best cost 1
Lattice M849066217-392395576_171891-849072057_1543411612-GB-M-038 read.
LOG (lattice-oracle[5.5.480~1-09abd]:main():lattice-oracle.cc:318) %WER 0 [ 0 / 13, 0 insertions, 0 deletions, 0 sub ]
LOG (lattice-oracle[5.5.480~1-09abd]:main():lattice-oracle.cc:332) For utterance M849066217-392395576_171891-849072057_1543411612-GB-M-038, best cost 0
Lattice M849148130-18756106_2809394-849142245_1624403010-GB-M-001 read.
LOG (lattice-oracle[5.5.480~1-09abd]:main():lattice-oracle.cc:318) %WER 25 [ 1 / 4, 1 insertions, 0 deletions, 0 sub ]
LOG (lattice-oracle[5.5.480~1-09abd]:main():lattice-oracle.cc:332) For utterance M849148130-18756106_2809394-849142245_1624403010-GB-M-001, best cost 1
Lattice M849148130-18756106_2809394-849142245_1624403010-GB-M-003 read.
LOG (lattice-oracle[5.5.480~1-09abd]:main():lattice-oracle.cc:318) %WER 0 [ 0 / 7, 0 insertions, 0 deletions, 0 sub ]
LOG (lattice-oracle[5.5.480~1-09abd]:main():lattice-oracle.cc:332) For utterance M849148130-18756106_2809394-849142245_1624403010-GB-M-003, best cost 0
Lattice M849148130-18756106_2809394-849142245_1624403010-GB-M-004 read.
LOG (lattice-oracle[5.5.480~1-09abd]:main():lattice-oracle.cc:318) %WER 0 [ 0 / 7, 0 insertions, 0 deletions, 0 sub ]
LOG (lattice-oracle[5.5.480~1-09abd]:main():lattice-oracle.cc:332) For utterance M849148130-18756106_2809394-849142245_1624403010-GB-M-004, best cost 0
Lattice M849148130-18756106_2809394-849142245_1624403010-GB-M-006 read.
LOG (lattice-oracle[5.5.480~1-09abd]:main():lattice-oracle.cc:318) %WER 0 [ 0 / 3, 0 insertions, 0 deletions, 0 sub ]
LOG (lattice-oracle[5.5.480~1-09abd]:main():lattice-oracle.cc:332) For utterance M849148130-18756106_2809394-849142245_1624403010-GB-M-006, best cost 0
Lattice M849148130-18756106_2809394-849142245_1624403010-GB-M-007 read.
LOG (lattice-oracle[5.5.480~1-09abd]:main():lattice-oracle.cc:318) %WER 0 [ 0 / 7, 0 insertions, 0 deletions, 0 sub ]
LOG (lattice-oracle[5.5.480~1-09abd]:main():lattice-oracle.cc:332) For utterance M849148130-18756106_2809394-849142245_1624403010-GB-M-007, best cost 0
Lattice M849148130-18756106_2809394-849142245_1624403010-GB-M-009 read.
LOG (lattice-oracle[5.5.480~1-09abd]:main():lattice-oracle.cc:318) %WER 0 [ 0 / 11, 0 insertions, 0 deletions, 0 sub ]
LOG (lattice-oracle[5.5.480~1-09abd]:main():lattice-oracle.cc:332) For utterance M849148130-18756106_2809394-849142245_1624403010-GB-M-009, best cost 0
Lattice M849148130-18756106_2809394-849142245_1624403010-GB-M-011 read.
LOG (lattice-oracle[5.5.480~1-09abd]:main():lattice-oracle.cc:318) %WER 0 [ 0 / 2, 0 insertions, 0 deletions, 0 sub ]
LOG (lattice-oracle[5.5.480~1-09abd]:main():lattice-oracle.cc:332) For utterance M849148130-18756106_2809394-849142245_1624403010-GB-M-011, best cost 0
Lattice M849148130-18756106_2809394-849142245_1624403010-GB-M-012 read.
LOG (lattice-oracle[5.5.480~1-09abd]:main():lattice-oracle.cc:318) %WER 0 [ 0 / 10, 0 insertions, 0 deletions, 0 sub ]
LOG (lattice-oracle[5.5.480~1-09abd]:main():lattice-oracle.cc:332) For utterance M849148130-18756106_2809394-849142245_1624403010-GB-M-012, best cost 0
Lattice M849148130-18756106_2809394-849142245_1624403010-GB-M-014 read.
LOG (lattice-oracle[5.5.480~1-09abd]:main():lattice-oracle.cc:318) %WER 0 [ 0 / 3, 0 insertions, 0 deletions, 0 sub ]
LOG (lattice-oracle[5.5.480~1-09abd]:main():lattice-oracle.cc:332) For utterance M849148130-18756106_2809394-849142245_1624403010-GB-M-014, best cost 0
Lattice M849148130-18756106_2809394-849142245_1624403010-GB-M-015 read.
LOG (lattice-oracle[5.5.480~1-09abd]:main():lattice-oracle.cc:318) %WER 0 [ 0 / 2, 0 insertions, 0 deletions, 0 sub ]
LOG (lattice-oracle[5.5.480~1-09abd]:main():lattice-oracle.cc:332) For utterance M849148130-18756106_2809394-849142245_1624403010-GB-M-015, best cost 0
Lattice M849148130-18756106_2809394-849142245_1624403010-GB-M-016 read.
LOG (lattice-oracle[5.5.480~1-09abd]:main():lattice-oracle.cc:318) %WER 0 [ 0 / 10, 0 insertions, 0 deletions, 0 sub ]
LOG (lattice-oracle[5.5.480~1-09abd]:main():lattice-oracle.cc:332) For utterance M849148130-18756106_2809394-849142245_1624403010-GB-M-016, best cost 0
Lattice M849148130-18756106_2809394-849142245_1624403010-GB-M-019 read.
LOG (lattice-oracle[5.5.480~1-09abd]:main():lattice-oracle.cc:318) %WER 0 [ 0 / 4, 0 insertions, 0 deletions, 0 sub ]
LOG (lattice-oracle[5.5.480~1-09abd]:main():lattice-oracle.cc:332) For utterance M849148130-18756106_2809394-849142245_1624403010-GB-M-019, best cost 0
Lattice M849148130-18756106_2809394-849142245_1624403010-GB-M-020 read.
LOG (lattice-oracle[5.5.480~1-09abd]:main():lattice-oracle.cc:318) %WER 0 [ 0 / 5, 0 insertions, 0 deletions, 0 sub ]
LOG (lattice-oracle[5.5.480~1-09abd]:main():lattice-oracle.cc:332) For utterance M849148130-18756106_2809394-849142245_1624403010-GB-M-020, best cost 0
Lattice M849148130-18756106_2809394-849142245_1624403010-GB-M-021 read.
LOG (lattice-oracle[5.5.480~1-09abd]:main():lattice-oracle.cc:318) %WER 50 [ 3 / 6, 3 insertions, 0 deletions, 0 sub ]
LOG (lattice-oracle[5.5.480~1-09abd]:main():lattice-oracle.cc:332) For utterance M849148130-18756106_2809394-849142245_1624403010-GB-M-021, best cost 3
Lattice M849148130-18756106_2809394-849142245_1624403010-GB-M-023 read.
LOG (lattice-oracle[5.5.480~1-09abd]:main():lattice-oracle.cc:318) %WER 0 [ 0 / 4, 0 insertions, 0 deletions, 0 sub ]
LOG (lattice-oracle[5.5.480~1-09abd]:main():lattice-oracle.cc:332) For utterance M849148130-18756106_2809394-849142245_1624403010-GB-M-023, best cost 0
Lattice M849148130-18756106_2809394-849142245_1624403010-GB-M-024 read.
LOG (lattice-oracle[5.5.480~1-09abd]:main():lattice-oracle.cc:318) %WER 6.25 [ 1 / 16, 0 insertions, 0 deletions, 1 sub ]
LOG (lattice-oracle[5.5.480~1-09abd]:main():lattice-oracle.cc:332) For utterance M849148130-18756106_2809394-849142245_1624403010-GB-M-024, best cost 1
Lattice M849148130-18756106_2809394-849142245_1624403010-GB-M-027 read.
LOG (lattice-oracle[5.5.480~1-09abd]:main():lattice-oracle.cc:318) %WER 0 [ 0 / 4, 0 insertions, 0 deletions, 0 sub ]
LOG (lattice-oracle[5.5.480~1-09abd]:main():lattice-oracle.cc:332) For utterance M849148130-18756106_2809394-849142245_1624403010-GB-M-027, best cost 0
Lattice M849148130-18756106_2809394-849142245_1624403010-GB-M-029 read.
LOG (lattice-oracle[5.5.480~1-09abd]:main():lattice-oracle.cc:318) %WER 0 [ 0 / 10, 0 insertions, 0 deletions, 0 sub ]
LOG (lattice-oracle[5.5.480~1-09abd]:main():lattice-oracle.cc:332) For utterance M849148130-18756106_2809394-849142245_1624403010-GB-M-029, best cost 0
Lattice M849148130-18756106_2809394-849142245_1624403010-GB-M-030 read.
LOG (lattice-oracle[5.5.480~1-09abd]:main():lattice-oracle.cc:318) %WER 20 [ 1 / 5, 0 insertions, 1 deletions, 0 sub ]
LOG (lattice-oracle[5.5.480~1-09abd]:main():lattice-oracle.cc:332) For utterance M849148130-18756106_2809394-849142245_1624403010-GB-M-030, best cost 1
Lattice M849148130-18756106_2809394-849142245_1624403010-GB-M-031 read.
LOG (lattice-oracle[5.5.480~1-09abd]:main():lattice-oracle.cc:318) %WER 0 [ 0 / 7, 0 insertions, 0 deletions, 0 sub ]
LOG (lattice-oracle[5.5.480~1-09abd]:main():lattice-oracle.cc:332) For utterance M849148130-18756106_2809394-849142245_1624403010-GB-M-031, best cost 0
Lattice M849148130-18756106_2809394-849142245_1624403010-GB-M-032 read.
LOG (lattice-oracle[5.5.480~1-09abd]:main():lattice-oracle.cc:318) %WER 0 [ 0 / 9, 0 insertions, 0 deletions, 0 sub ]
LOG (lattice-oracle[5.5.480~1-09abd]:main():lattice-oracle.cc:332) For utterance M849148130-18756106_2809394-849142245_1624403010-GB-M-032, best cost 0
Lattice M849148130-18756106_2809394-849142245_1624403010-GB-M-034 read.
LOG (lattice-oracle[5.5.480~1-09abd]:main():lattice-oracle.cc:318) %WER 0 [ 0 / 3, 0 insertions, 0 deletions, 0 sub ]
LOG (lattice-oracle[5.5.480~1-09abd]:main():lattice-oracle.cc:332) For utterance M849148130-18756106_2809394-849142245_1624403010-GB-M-034, best cost 0
Lattice M849148130-18756106_2809394-849142245_1624403010-GB-M-035 read.
LOG (lattice-oracle[5.5.480~1-09abd]:main():lattice-oracle.cc:318) %WER 0 [ 0 / 6, 0 insertions, 0 deletions, 0 sub ]
LOG (lattice-oracle[5.5.480~1-09abd]:main():lattice-oracle.cc:332) For utterance M849148130-18756106_2809394-849142245_1624403010-GB-M-035, best cost 0
Lattice M849148130-18756106_2809394-849142245_1624403010-GB-M-037 read.
LOG (lattice-oracle[5.5.480~1-09abd]:main():lattice-oracle.cc:318) %WER 0 [ 0 / 7, 0 insertions, 0 deletions, 0 sub ]
LOG (lattice-oracle[5.5.480~1-09abd]:main():lattice-oracle.cc:332) For utterance M849148130-18756106_2809394-849142245_1624403010-GB-M-037, best cost 0
Lattice M849148130-18756106_2809394-849142245_1624403010-GB-M-038 read.
LOG (lattice-oracle[5.5.480~1-09abd]:main():lattice-oracle.cc:318) %WER 0 [ 0 / 3, 0 insertions, 0 deletions, 0 sub ]
LOG (lattice-oracle[5.5.480~1-09abd]:main():lattice-oracle.cc:332) For utterance M849148130-18756106_2809394-849142245_1624403010-GB-M-038, best cost 0
Lattice M849148130-18756106_2809394-849142245_1624403010-GB-M-039 read.
LOG (lattice-oracle[5.5.480~1-09abd]:main():lattice-oracle.cc:318) %WER 0 [ 0 / 2, 0 insertions, 0 deletions, 0 sub ]
LOG (lattice-oracle[5.5.480~1-09abd]:main():lattice-oracle.cc:332) For utterance M849148130-18756106_2809394-849142245_1624403010-GB-M-039, best cost 0
Lattice M849148130-18756106_2809394-849142245_1624403010-GB-M-040 read.
LOG (lattice-oracle[5.5.480~1-09abd]:main():lattice-oracle.cc:318) %WER 0 [ 0 / 10, 0 insertions, 0 deletions, 0 sub ]
LOG (lattice-oracle[5.5.480~1-09abd]:main():lattice-oracle.cc:332) For utterance M849148130-18756106_2809394-849142245_1624403010-GB-M-040, best cost 0
Lattice M849148130-18756106_2809394-849142245_1624403010-GB-M-042 read.
LOG (lattice-oracle[5.5.480~1-09abd]:main():lattice-oracle.cc:318) %WER 0 [ 0 / 3, 0 insertions, 0 deletions, 0 sub ]
LOG (lattice-oracle[5.5.480~1-09abd]:main():lattice-oracle.cc:332) For utterance M849148130-18756106_2809394-849142245_1624403010-GB-M-042, best cost 0
Lattice M849148130-18756106_2809394-849142245_1624403010-GB-M-043 read.
LOG (lattice-oracle[5.5.480~1-09abd]:main():lattice-oracle.cc:318) %WER 0 [ 0 / 2, 0 insertions, 0 deletions, 0 sub ]
LOG (lattice-oracle[5.5.480~1-09abd]:main():lattice-oracle.cc:332) For utterance M849148130-18756106_2809394-849142245_1624403010-GB-M-043, best cost 0
Lattice M849148130-18756106_2809394-849142245_1624403010-GB-M-044 read.
LOG (lattice-oracle[5.5.480~1-09abd]:main():lattice-oracle.cc:318) %WER 0 [ 0 / 10, 0 insertions, 0 deletions, 0 sub ]
LOG (lattice-oracle[5.5.480~1-09abd]:main():lattice-oracle.cc:332) For utterance M849148130-18756106_2809394-849142245_1624403010-GB-M-044, best cost 0
Lattice M849148130-18756106_2809394-849142245_1624403010-GB-M-047 read.
LOG (lattice-oracle[5.5.480~1-09abd]:main():lattice-oracle.cc:318) %WER 0 [ 0 / 4, 0 insertions, 0 deletions, 0 sub ]
LOG (lattice-oracle[5.5.480~1-09abd]:main():lattice-oracle.cc:332) For utterance M849148130-18756106_2809394-849142245_1624403010-GB-M-047, best cost 0
Lattice M849148130-18756106_2809394-849142245_1624403010-GB-M-048 read.
LOG (lattice-oracle[5.5.480~1-09abd]:main():lattice-oracle.cc:318) %WER 20 [ 1 / 5, 0 insertions, 1 deletions, 0 sub ]
LOG (lattice-oracle[5.5.480~1-09abd]:main():lattice-oracle.cc:332) For utterance M849148130-18756106_2809394-849142245_1624403010-GB-M-048, best cost 1
Lattice M849148130-18756106_2809394-849142245_1624403010-GB-M-049 read.
LOG (lattice-oracle[5.5.480~1-09abd]:main():lattice-oracle.cc:318) %WER 50 [ 3 / 6, 3 insertions, 0 deletions, 0 sub ]
LOG (lattice-oracle[5.5.480~1-09abd]:main():lattice-oracle.cc:332) For utterance M849148130-18756106_2809394-849142245_1624403010-GB-M-049, best cost 3
Lattice M849148130-18756106_2809394-849142245_1624403010-GB-M-051 read.
LOG (lattice-oracle[5.5.480~1-09abd]:main():lattice-oracle.cc:318) %WER 0 [ 0 / 4, 0 insertions, 0 deletions, 0 sub ]
LOG (lattice-oracle[5.5.480~1-09abd]:main():lattice-oracle.cc:332) For utterance M849148130-18756106_2809394-849142245_1624403010-GB-M-051, best cost 0
Lattice M849148130-18756106_2809394-849142245_1624403010-GB-M-052 read.
LOG (lattice-oracle[5.5.480~1-09abd]:main():lattice-oracle.cc:318) %WER 0 [ 0 / 4, 0 insertions, 0 deletions, 0 sub ]
LOG (lattice-oracle[5.5.480~1-09abd]:main():lattice-oracle.cc:332) For utterance M849148130-18756106_2809394-849142245_1624403010-GB-M-052, best cost 0
Lattice M849148130-18756106_2809394-849142245_1624403010-GB-M-053 read.
LOG (lattice-oracle[5.5.480~1-09abd]:main():lattice-oracle.cc:318) %WER 28.5714 [ 2 / 7, 2 insertions, 0 deletions, 0 sub ]
LOG (lattice-oracle[5.5.480~1-09abd]:main():lattice-oracle.cc:332) For utterance M849148130-18756106_2809394-849142245_1624403010-GB-M-053, best cost 2
Lattice M849148130-18756106_2809394-849142245_1624403010-GB-M-055 read.
LOG (lattice-oracle[5.5.480~1-09abd]:main():lattice-oracle.cc:318) %WER 0 [ 0 / 4, 0 insertions, 0 deletions, 0 sub ]
LOG (lattice-oracle[5.5.480~1-09abd]:main():lattice-oracle.cc:332) For utterance M849148130-18756106_2809394-849142245_1624403010-GB-M-055, best cost 0
Lattice M849148130-18756106_2809394-849142245_1624403010-GB-M-057 read.
LOG (lattice-oracle[5.5.480~1-09abd]:main():lattice-oracle.cc:318) %WER 10 [ 1 / 10, 0 insertions, 1 deletions, 0 sub ]
LOG (lattice-oracle[5.5.480~1-09abd]:main():lattice-oracle.cc:332) For utterance M849148130-18756106_2809394-849142245_1624403010-GB-M-057, best cost 1
Lattice M849148130-18756106_2809394-849142245_1624403010-GB-M-058 read.
LOG (lattice-oracle[5.5.480~1-09abd]:main():lattice-oracle.cc:318) %WER 0 [ 0 / 3, 0 insertions, 0 deletions, 0 sub ]
LOG (lattice-oracle[5.5.480~1-09abd]:main():lattice-oracle.cc:332) For utterance M849148130-18756106_2809394-849142245_1624403010-GB-M-058, best cost 0
Lattice M849148130-18756106_2809394-849142245_1624403010-GB-M-059 read.
LOG (lattice-oracle[5.5.480~1-09abd]:main():lattice-oracle.cc:318) %WER 11.7647 [ 2 / 17, 0 insertions, 2 deletions, 0 sub ]
LOG (lattice-oracle[5.5.480~1-09abd]:main():lattice-oracle.cc:332) For utterance M849148130-18756106_2809394-849142245_1624403010-GB-M-059, best cost 2
Lattice M849148130-18756106_2809394-849142245_1624403010-GB-M-063 read.
LOG (lattice-oracle[5.5.480~1-09abd]:main():lattice-oracle.cc:318) %WER 0 [ 0 / 13, 0 insertions, 0 deletions, 0 sub ]
LOG (lattice-oracle[5.5.480~1-09abd]:main():lattice-oracle.cc:332) For utterance M849148130-18756106_2809394-849142245_1624403010-GB-M-063, best cost 0
Lattice M849148130-18756106_2809394-849142245_1624403010-GB-M-066 read.
LOG (lattice-oracle[5.5.480~1-09abd]:main():lattice-oracle.cc:318) %WER 0 [ 0 / 16, 0 insertions, 0 deletions, 0 sub ]
LOG (lattice-oracle[5.5.480~1-09abd]:main():lattice-oracle.cc:332) For utterance M849148130-18756106_2809394-849142245_1624403010-GB-M-066, best cost 0
Lattice M849148130-18756106_2809394-849142245_1624403010-GB-M-069 read.
LOG (lattice-oracle[5.5.480~1-09abd]:main():lattice-oracle.cc:318) %WER 0 [ 0 / 4, 0 insertions, 0 deletions, 0 sub ]
LOG (lattice-oracle[5.5.480~1-09abd]:main():lattice-oracle.cc:332) For utterance M849148130-18756106_2809394-849142245_1624403010-GB-M-069, best cost 0
Lattice M849148130-18756106_2809394-849142245_1624403010-GB-M-070 read.
LOG (lattice-oracle[5.5.480~1-09abd]:main():lattice-oracle.cc:318) %WER 0 [ 0 / 12, 0 insertions, 0 deletions, 0 sub ]
LOG (lattice-oracle[5.5.480~1-09abd]:main():lattice-oracle.cc:332) For utterance M849148130-18756106_2809394-849142245_1624403010-GB-M-070, best cost 0
Lattice M849148130-18756106_2809394-849142245_1624403010-GB-M-072 read.
LOG (lattice-oracle[5.5.480~1-09abd]:main():lattice-oracle.cc:318) %WER 0 [ 0 / 4, 0 insertions, 0 deletions, 0 sub ]
LOG (lattice-oracle[5.5.480~1-09abd]:main():lattice-oracle.cc:332) For utterance M849148130-18756106_2809394-849142245_1624403010-GB-M-072, best cost 0
Lattice M849148130-18756106_2809394-849142245_1624403010-GB-M-073 read.
LOG (lattice-oracle[5.5.480~1-09abd]:main():lattice-oracle.cc:318) %WER 25 [ 4 / 16, 1 insertions, 2 deletions, 1 sub ]
LOG (lattice-oracle[5.5.480~1-09abd]:main():lattice-oracle.cc:332) For utterance M849148130-18756106_2809394-849142245_1624403010-GB-M-073, best cost 4
Lattice M849148130-18756106_2809394-849142245_1624403010-GB-M-076 read.
LOG (lattice-oracle[5.5.480~1-09abd]:main():lattice-oracle.cc:318) %WER 0 [ 0 / 4, 0 insertions, 0 deletions, 0 sub ]
LOG (lattice-oracle[5.5.480~1-09abd]:main():lattice-oracle.cc:332) For utterance M849148130-18756106_2809394-849142245_1624403010-GB-M-076, best cost 0
Lattice M849148130-18756106_2809394-849142245_1624403010-GB-M-078 read.
LOG (lattice-oracle[5.5.480~1-09abd]:main():lattice-oracle.cc:318) %WER 40 [ 4 / 10, 3 insertions, 0 deletions, 1 sub ]
LOG (lattice-oracle[5.5.480~1-09abd]:main():lattice-oracle.cc:332) For utterance M849148130-18756106_2809394-849142245_1624403010-GB-M-078, best cost 4
Lattice M849148130-18756106_2809394-849142245_1624403010-GB-M-080 read.
LOG (lattice-oracle[5.5.480~1-09abd]:main():lattice-oracle.cc:318) %WER 0 [ 0 / 4, 0 insertions, 0 deletions, 0 sub ]
LOG (lattice-oracle[5.5.480~1-09abd]:main():lattice-oracle.cc:332) For utterance M849148130-18756106_2809394-849142245_1624403010-GB-M-080, best cost 0
Lattice M849148130-18756106_2809394-849142245_1624403010-GB-M-082 read.
LOG (lattice-oracle[5.5.480~1-09abd]:main():lattice-oracle.cc:318) %WER 0 [ 0 / 10, 0 insertions, 0 deletions, 0 sub ]
LOG (lattice-oracle[5.5.480~1-09abd]:main():lattice-oracle.cc:332) For utterance M849148130-18756106_2809394-849142245_1624403010-GB-M-082, best cost 0
Lattice M849148130-261407304_80807-849142245_1630952124-GB-M-002 read.
LOG (lattice-oracle[5.5.480~1-09abd]:main():lattice-oracle.cc:318) %WER 0 [ 0 / 3, 0 insertions, 0 deletions, 0 sub ]
LOG (lattice-oracle[5.5.480~1-09abd]:main():lattice-oracle.cc:332) For utterance M849148130-261407304_80807-849142245_1630952124-GB-M-002, best cost 0
Lattice M849148130-261407304_80807-849142245_1630952124-GB-M-003 read.
LOG (lattice-oracle[5.5.480~1-09abd]:main():lattice-oracle.cc:318) %WER 14.2857 [ 2 / 14, 0 insertions, 1 deletions, 1 sub ]
LOG (lattice-oracle[5.5.480~1-09abd]:main():lattice-oracle.cc:332) For utterance M849148130-261407304_80807-849142245_1630952124-GB-M-003, best cost 2
Lattice M849148130-261407304_80807-849142245_1630952124-GB-M-005 read.
LOG (lattice-oracle[5.5.480~1-09abd]:main():lattice-oracle.cc:318) %WER 0 [ 0 / 39, 0 insertions, 0 deletions, 0 sub ]
LOG (lattice-oracle[5.5.480~1-09abd]:main():lattice-oracle.cc:332) For utterance M849148130-261407304_80807-849142245_1630952124-GB-M-005, best cost 0
Lattice M849148130-261407304_80807-849142245_1630952124-GB-M-015 read.
LOG (lattice-oracle[5.5.480~1-09abd]:main():lattice-oracle.cc:318) %WER 5.88235 [ 2 / 34, 0 insertions, 2 deletions, 0 sub ]
LOG (lattice-oracle[5.5.480~1-09abd]:main():lattice-oracle.cc:332) For utterance M849148130-261407304_80807-849142245_1630952124-GB-M-015, best cost 2
Lattice M849148130-261407304_80807-849142245_1630952124-GB-M-024 read.
LOG (lattice-oracle[5.5.480~1-09abd]:main():lattice-oracle.cc:318) %WER 0 [ 0 / 3, 0 insertions, 0 deletions, 0 sub ]
LOG (lattice-oracle[5.5.480~1-09abd]:main():lattice-oracle.cc:332) For utterance M849148130-261407304_80807-849142245_1630952124-GB-M-024, best cost 0
Lattice M849148130-261407304_80807-849142245_1630952124-GB-M-025 read.
LOG (lattice-oracle[5.5.480~1-09abd]:main():lattice-oracle.cc:318) %WER 0 [ 0 / 13, 0 insertions, 0 deletions, 0 sub ]
LOG (lattice-oracle[5.5.480~1-09abd]:main():lattice-oracle.cc:332) For utterance M849148130-261407304_80807-849142245_1630952124-GB-M-025, best cost 0
Lattice M849148130-261407304_80807-849142245_1630952124-GB-M-027 read.
LOG (lattice-oracle[5.5.480~1-09abd]:main():lattice-oracle.cc:318) %WER 5.55556 [ 1 / 18, 0 insertions, 1 deletions, 0 sub ]
LOG (lattice-oracle[5.5.480~1-09abd]:main():lattice-oracle.cc:332) For utterance M849148130-261407304_80807-849142245_1630952124-GB-M-027, best cost 1
Lattice M849148130-261407304_80807-849142245_1630952124-GB-M-031 read.
LOG (lattice-oracle[5.5.480~1-09abd]:main():lattice-oracle.cc:318) %WER 0 [ 0 / 4, 0 insertions, 0 deletions, 0 sub ]
LOG (lattice-oracle[5.5.480~1-09abd]:main():lattice-oracle.cc:332) For utterance M849148130-261407304_80807-849142245_1630952124-GB-M-031, best cost 0
Lattice M849148130-261407304_80807-849142245_1630952124-GB-M-032 read.
LOG (lattice-oracle[5.5.480~1-09abd]:main():lattice-oracle.cc:318) %WER 0 [ 0 / 20, 0 insertions, 0 deletions, 0 sub ]
LOG (lattice-oracle[5.5.480~1-09abd]:main():lattice-oracle.cc:332) For utterance M849148130-261407304_80807-849142245_1630952124-GB-M-032, best cost 0
Lattice M849148130-261407304_80807-849142245_1630952124-GB-M-038 read.
LOG (lattice-oracle[5.5.480~1-09abd]:main():lattice-oracle.cc:318) %WER 1.53846 [ 1 / 65, 0 insertions, 0 deletions, 1 sub ]
LOG (lattice-oracle[5.5.480~1-09abd]:main():lattice-oracle.cc:332) For utterance M849148130-261407304_80807-849142245_1630952124-GB-M-038, best cost 1
Lattice M849148130-261407304_80807-849142245_1630952124-GB-M-054 read.
LOG (lattice-oracle[5.5.480~1-09abd]:main():lattice-oracle.cc:318) %WER 6.66667 [ 2 / 30, 0 insertions, 1 deletions, 1 sub ]
LOG (lattice-oracle[5.5.480~1-09abd]:main():lattice-oracle.cc:332) For utterance M849148130-261407304_80807-849142245_1630952124-GB-M-054, best cost 2
Lattice M849148130-261407304_80807-849142245_1630952124-GB-M-060 read.
LOG (lattice-oracle[5.5.480~1-09abd]:main():lattice-oracle.cc:318) %WER 0 [ 0 / 65, 0 insertions, 0 deletions, 0 sub ]
LOG (lattice-oracle[5.5.480~1-09abd]:main():lattice-oracle.cc:332) For utterance M849148130-261407304_80807-849142245_1630952124-GB-M-060, best cost 0
Lattice M849148130-261407304_80807-849142245_1630952124-GB-M-075 read.
LOG (lattice-oracle[5.5.480~1-09abd]:main():lattice-oracle.cc:318) %WER 0 [ 0 / 17, 0 insertions, 0 deletions, 0 sub ]
LOG (lattice-oracle[5.5.480~1-09abd]:main():lattice-oracle.cc:332) For utterance M849148130-261407304_80807-849142245_1630952124-GB-M-075, best cost 0
Lattice M849148130-261407304_80807-849142245_1630952124-GB-M-078 read.
LOG (lattice-oracle[5.5.480~1-09abd]:main():lattice-oracle.cc:318) %WER 0 [ 0 / 6, 0 insertions, 0 deletions, 0 sub ]
LOG (lattice-oracle[5.5.480~1-09abd]:main():lattice-oracle.cc:332) For utterance M849148130-261407304_80807-849142245_1630952124-GB-M-078, best cost 0
Lattice M849148130-261407304_80807-849142245_1630952124-GB-M-079 read.
LOG (lattice-oracle[5.5.480~1-09abd]:main():lattice-oracle.cc:318) %WER 0 [ 0 / 7, 0 insertions, 0 deletions, 0 sub ]
LOG (lattice-oracle[5.5.480~1-09abd]:main():lattice-oracle.cc:332) For utterance M849148130-261407304_80807-849142245_1630952124-GB-M-079, best cost 0
Lattice M849148130-261407304_80807-849142245_1630952124-GB-M-080 read.
LOG (lattice-oracle[5.5.480~1-09abd]:main():lattice-oracle.cc:318) %WER 0 [ 0 / 18, 0 insertions, 0 deletions, 0 sub ]
LOG (lattice-oracle[5.5.480~1-09abd]:main():lattice-oracle.cc:332) For utterance M849148130-261407304_80807-849142245_1630952124-GB-M-080, best cost 0
Lattice M849148130-261407304_80807-849142245_1630952124-GB-M-085 read.
LOG (lattice-oracle[5.5.480~1-09abd]:main():lattice-oracle.cc:318) %WER 0 [ 0 / 4, 0 insertions, 0 deletions, 0 sub ]
LOG (lattice-oracle[5.5.480~1-09abd]:main():lattice-oracle.cc:332) For utterance M849148130-261407304_80807-849142245_1630952124-GB-M-085, best cost 0
Lattice M849148130-261407304_80807-849142245_1630952124-GB-M-086 read.
LOG (lattice-oracle[5.5.480~1-09abd]:main():lattice-oracle.cc:318) %WER 0 [ 0 / 4, 0 insertions, 0 deletions, 0 sub ]
LOG (lattice-oracle[5.5.480~1-09abd]:main():lattice-oracle.cc:332) For utterance M849148130-261407304_80807-849142245_1630952124-GB-M-086, best cost 0
Lattice M849148130-261407304_80807-849142245_1630952124-GB-M-087 read.
LOG (lattice-oracle[5.5.480~1-09abd]:main():lattice-oracle.cc:318) %WER 0 [ 0 / 12, 0 insertions, 0 deletions, 0 sub ]
LOG (lattice-oracle[5.5.480~1-09abd]:main():lattice-oracle.cc:332) For utterance M849148130-261407304_80807-849142245_1630952124-GB-M-087, best cost 0
Lattice M849148130-261407304_80807-849142245_1630952124-GB-M-090 read.
LOG (lattice-oracle[5.5.480~1-09abd]:main():lattice-oracle.cc:318) %WER 0 [ 0 / 4, 0 insertions, 0 deletions, 0 sub ]
LOG (lattice-oracle[5.5.480~1-09abd]:main():lattice-oracle.cc:332) For utterance M849148130-261407304_80807-849142245_1630952124-GB-M-090, best cost 0
Lattice M849148130-306402820_110634-849142245_1518902228-GB-M-001 read.
LOG (lattice-oracle[5.5.480~1-09abd]:main():lattice-oracle.cc:318) %WER 0 [ 0 / 11, 0 insertions, 0 deletions, 0 sub ]
LOG (lattice-oracle[5.5.480~1-09abd]:main():lattice-oracle.cc:332) For utterance M849148130-306402820_110634-849142245_1518902228-GB-M-001, best cost 0
Lattice M849148130-306402820_110634-849142245_1518902228-GB-M-003 read.
LOG (lattice-oracle[5.5.480~1-09abd]:main():lattice-oracle.cc:318) %WER 0 [ 0 / 9, 0 insertions, 0 deletions, 0 sub ]
LOG (lattice-oracle[5.5.480~1-09abd]:main():lattice-oracle.cc:332) For utterance M849148130-306402820_110634-849142245_1518902228-GB-M-003, best cost 0
Lattice M849148130-306402820_110634-849142245_1518902228-GB-M-004 read.
LOG (lattice-oracle[5.5.480~1-09abd]:main():lattice-oracle.cc:318) %WER 7.69231 [ 1 / 13, 0 insertions, 1 deletions, 0 sub ]
LOG (lattice-oracle[5.5.480~1-09abd]:main():lattice-oracle.cc:332) For utterance M849148130-306402820_110634-849142245_1518902228-GB-M-004, best cost 1
Lattice M849148130-306402820_110634-849142245_1518902228-GB-M-007 read.
LOG (lattice-oracle[5.5.480~1-09abd]:main():lattice-oracle.cc:318) %WER 0 [ 0 / 19, 0 insertions, 0 deletions, 0 sub ]
LOG (lattice-oracle[5.5.480~1-09abd]:main():lattice-oracle.cc:332) For utterance M849148130-306402820_110634-849142245_1518902228-GB-M-007, best cost 0
Lattice M849148130-306402820_110634-849142245_1518902228-GB-M-010 read.
LOG (lattice-oracle[5.5.480~1-09abd]:main():lattice-oracle.cc:318) %WER 3.84615 [ 1 / 26, 0 insertions, 1 deletions, 0 sub ]
LOG (lattice-oracle[5.5.480~1-09abd]:main():lattice-oracle.cc:332) For utterance M849148130-306402820_110634-849142245_1518902228-GB-M-010, best cost 1
Lattice M849148130-306402820_110634-849142245_1518902228-GB-M-015 read.
LOG (lattice-oracle[5.5.480~1-09abd]:main():lattice-oracle.cc:318) %WER 0 [ 0 / 16, 0 insertions, 0 deletions, 0 sub ]
LOG (lattice-oracle[5.5.480~1-09abd]:main():lattice-oracle.cc:332) For utterance M849148130-306402820_110634-849142245_1518902228-GB-M-015, best cost 0
Lattice M849148130-306402820_110634-849142245_1518902228-GB-M-018 read.
LOG (lattice-oracle[5.5.480~1-09abd]:main():lattice-oracle.cc:318) %WER 57.1429 [ 4 / 7, 4 insertions, 0 deletions, 0 sub ]
LOG (lattice-oracle[5.5.480~1-09abd]:main():lattice-oracle.cc:332) For utterance M849148130-306402820_110634-849142245_1518902228-GB-M-018, best cost 4
Lattice M849148130-306402820_110634-849142245_1518902228-GB-M-019 read.
LOG (lattice-oracle[5.5.480~1-09abd]:main():lattice-oracle.cc:318) %WER 16.6667 [ 4 / 24, 0 insertions, 4 deletions, 0 sub ]
LOG (lattice-oracle[5.5.480~1-09abd]:main():lattice-oracle.cc:332) For utterance M849148130-306402820_110634-849142245_1518902228-GB-M-019, best cost 4
Lattice M849148130-306402820_110634-849142245_1518902228-GB-M-022 read.
LOG (lattice-oracle[5.5.480~1-09abd]:main():lattice-oracle.cc:318) %WER 14.2857 [ 1 / 7, 0 insertions, 1 deletions, 0 sub ]
LOG (lattice-oracle[5.5.480~1-09abd]:main():lattice-oracle.cc:332) For utterance M849148130-306402820_110634-849142245_1518902228-GB-M-022, best cost 1
Lattice M849148130-306402820_110634-849142245_1518902228-GB-M-024 read.
LOG (lattice-oracle[5.5.480~1-09abd]:main():lattice-oracle.cc:318) %WER 0 [ 0 / 1, 0 insertions, 0 deletions, 0 sub ]
LOG (lattice-oracle[5.5.480~1-09abd]:main():lattice-oracle.cc:332) For utterance M849148130-306402820_110634-849142245_1518902228-GB-M-024, best cost 0
Lattice M849148130-306402820_110634-849142245_1518902228-GB-M-025 read.
LOG (lattice-oracle[5.5.480~1-09abd]:main():lattice-oracle.cc:318) %WER 0 [ 0 / 10, 0 insertions, 0 deletions, 0 sub ]
LOG (lattice-oracle[5.5.480~1-09abd]:main():lattice-oracle.cc:332) For utterance M849148130-306402820_110634-849142245_1518902228-GB-M-025, best cost 0
Lattice M849148130-306402820_110634-849142245_1518902228-GB-M-027 read.
LOG (lattice-oracle[5.5.480~1-09abd]:main():lattice-oracle.cc:318) %WER 0 [ 0 / 14, 0 insertions, 0 deletions, 0 sub ]
LOG (lattice-oracle[5.5.480~1-09abd]:main():lattice-oracle.cc:332) For utterance M849148130-306402820_110634-849142245_1518902228-GB-M-027, best cost 0
Lattice M849148130-306402820_110634-849142245_1518902228-GB-M-029 read.
LOG (lattice-oracle[5.5.480~1-09abd]:main():lattice-oracle.cc:318) %WER 0 [ 0 / 7, 0 insertions, 0 deletions, 0 sub ]
LOG (lattice-oracle[5.5.480~1-09abd]:main():lattice-oracle.cc:332) For utterance M849148130-306402820_110634-849142245_1518902228-GB-M-029, best cost 0
Lattice M849148130-306402820_110634-849142245_1518902228-GB-M-030 read.
LOG (lattice-oracle[5.5.480~1-09abd]:main():lattice-oracle.cc:318) %WER 0 [ 0 / 11, 0 insertions, 0 deletions, 0 sub ]
LOG (lattice-oracle[5.5.480~1-09abd]:main():lattice-oracle.cc:332) For utterance M849148130-306402820_110634-849142245_1518902228-GB-M-030, best cost 0
Lattice M849148130-306402820_110634-849142245_1518902228-GB-M-033 read.
LOG (lattice-oracle[5.5.480~1-09abd]:main():lattice-oracle.cc:318) %WER 0 [ 0 / 29, 0 insertions, 0 deletions, 0 sub ]
LOG (lattice-oracle[5.5.480~1-09abd]:main():lattice-oracle.cc:332) For utterance M849148130-306402820_110634-849142245_1518902228-GB-M-033, best cost 0
Lattice M849148130-306402820_110634-849142245_1518902228-GB-M-038 read.
LOG (lattice-oracle[5.5.480~1-09abd]:main():lattice-oracle.cc:318) %WER 0 [ 0 / 7, 0 insertions, 0 deletions, 0 sub ]
LOG (lattice-oracle[5.5.480~1-09abd]:main():lattice-oracle.cc:332) For utterance M849148130-306402820_110634-849142245_1518902228-GB-M-038, best cost 0
Lattice M849148130-306402820_110634-849142245_1518902228-GB-M-039 read.
LOG (lattice-oracle[5.5.480~1-09abd]:main():lattice-oracle.cc:318) %WER 0 [ 0 / 35, 0 insertions, 0 deletions, 0 sub ]
LOG (lattice-oracle[5.5.480~1-09abd]:main():lattice-oracle.cc:332) For utterance M849148130-306402820_110634-849142245_1518902228-GB-M-039, best cost 0
Lattice M849148130-306402820_110634-849142245_1518902228-GB-M-045 read.
LOG (lattice-oracle[5.5.480~1-09abd]:main():lattice-oracle.cc:318) %WER 0 [ 0 / 6, 0 insertions, 0 deletions, 0 sub ]
LOG (lattice-oracle[5.5.480~1-09abd]:main():lattice-oracle.cc:332) For utterance M849148130-306402820_110634-849142245_1518902228-GB-M-045, best cost 0
Lattice M849148130-306402820_110634-849142245_1518902228-GB-M-047 read.
LOG (lattice-oracle[5.5.480~1-09abd]:main():lattice-oracle.cc:318) %WER 0 [ 0 / 22, 0 insertions, 0 deletions, 0 sub ]
LOG (lattice-oracle[5.5.480~1-09abd]:main():lattice-oracle.cc:332) For utterance M849148130-306402820_110634-849142245_1518902228-GB-M-047, best cost 0
Lattice M849148130-306402820_110634-849142245_1518902228-GB-M-051 read.
LOG (lattice-oracle[5.5.480~1-09abd]:main():lattice-oracle.cc:318) %WER 11.4286 [ 4 / 35, 0 insertions, 2 deletions, 2 sub ]
LOG (lattice-oracle[5.5.480~1-09abd]:main():lattice-oracle.cc:332) For utterance M849148130-306402820_110634-849142245_1518902228-GB-M-051, best cost 4
Lattice M849148130-306402820_110634-849142245_1518902228-GB-M-058 read.
LOG (lattice-oracle[5.5.480~1-09abd]:main():lattice-oracle.cc:318) %WER 3.1746 [ 2 / 63, 2 insertions, 0 deletions, 0 sub ]
LOG (lattice-oracle[5.5.480~1-09abd]:main():lattice-oracle.cc:332) For utterance M849148130-306402820_110634-849142245_1518902228-GB-M-058, best cost 2
Lattice M849148130-306402820_110634-849142245_1518902228-GB-M-068 read.
LOG (lattice-oracle[5.5.480~1-09abd]:main():lattice-oracle.cc:318) %WER 14.2857 [ 1 / 7, 0 insertions, 1 deletions, 0 sub ]
LOG (lattice-oracle[5.5.480~1-09abd]:main():lattice-oracle.cc:332) For utterance M849148130-306402820_110634-849142245_1518902228-GB-M-068, best cost 1
Lattice M849148130-3217450_3217450-849142245_1640902486-GB-M-002 read.
LOG (lattice-oracle[5.5.480~1-09abd]:main():lattice-oracle.cc:318) %WER 0 [ 0 / 4, 0 insertions, 0 deletions, 0 sub ]
LOG (lattice-oracle[5.5.480~1-09abd]:main():lattice-oracle.cc:332) For utterance M849148130-3217450_3217450-849142245_1640902486-GB-M-002, best cost 0
Lattice M849148130-3217450_3217450-849142245_1640902486-GB-M-003 read.
LOG (lattice-oracle[5.5.480~1-09abd]:main():lattice-oracle.cc:318) %WER 0 [ 0 / 3, 0 insertions, 0 deletions, 0 sub ]
LOG (lattice-oracle[5.5.480~1-09abd]:main():lattice-oracle.cc:332) For utterance M849148130-3217450_3217450-849142245_1640902486-GB-M-003, best cost 0
Lattice M849148130-3217450_3217450-849142245_1640902486-GB-M-004 read.
LOG (lattice-oracle[5.5.480~1-09abd]:main():lattice-oracle.cc:318) %WER 50 [ 3 / 6, 2 insertions, 0 deletions, 1 sub ]
LOG (lattice-oracle[5.5.480~1-09abd]:main():lattice-oracle.cc:332) For utterance M849148130-3217450_3217450-849142245_1640902486-GB-M-004, best cost 3
Lattice M849148130-3217450_3217450-849142245_1640902486-GB-M-005 read.
LOG (lattice-oracle[5.5.480~1-09abd]:main():lattice-oracle.cc:318) %WER 0 [ 0 / 5, 0 insertions, 0 deletions, 0 sub ]
LOG (lattice-oracle[5.5.480~1-09abd]:main():lattice-oracle.cc:332) For utterance M849148130-3217450_3217450-849142245_1640902486-GB-M-005, best cost 0
Lattice M849148130-3217450_3217450-849142245_1640902486-GB-M-006 read.
LOG (lattice-oracle[5.5.480~1-09abd]:main():lattice-oracle.cc:318) %WER 0 [ 0 / 3, 0 insertions, 0 deletions, 0 sub ]
LOG (lattice-oracle[5.5.480~1-09abd]:main():lattice-oracle.cc:332) For utterance M849148130-3217450_3217450-849142245_1640902486-GB-M-006, best cost 0
Lattice M849148130-3217450_3217450-849142245_1640902486-GB-M-007 read.
LOG (lattice-oracle[5.5.480~1-09abd]:main():lattice-oracle.cc:318) %WER 0 [ 0 / 2, 0 insertions, 0 deletions, 0 sub ]
LOG (lattice-oracle[5.5.480~1-09abd]:main():lattice-oracle.cc:332) For utterance M849148130-3217450_3217450-849142245_1640902486-GB-M-007, best cost 0
Lattice M849148130-3217450_3217450-849142245_1640902486-GB-M-008 read.
LOG (lattice-oracle[5.5.480~1-09abd]:main():lattice-oracle.cc:318) %WER 0 [ 0 / 4, 0 insertions, 0 deletions, 0 sub ]
LOG (lattice-oracle[5.5.480~1-09abd]:main():lattice-oracle.cc:332) For utterance M849148130-3217450_3217450-849142245_1640902486-GB-M-008, best cost 0
Lattice M849148130-3217450_3217450-849142245_1640902486-GB-M-009 read.
LOG (lattice-oracle[5.5.480~1-09abd]:main():lattice-oracle.cc:318) %WER 0 [ 0 / 4, 0 insertions, 0 deletions, 0 sub ]
LOG (lattice-oracle[5.5.480~1-09abd]:main():lattice-oracle.cc:332) For utterance M849148130-3217450_3217450-849142245_1640902486-GB-M-009, best cost 0
Lattice M849148130-3217450_3217450-849142245_1640902486-GB-M-010 read.
LOG (lattice-oracle[5.5.480~1-09abd]:main():lattice-oracle.cc:318) %WER 16.6667 [ 1 / 6, 1 insertions, 0 deletions, 0 sub ]
LOG (lattice-oracle[5.5.480~1-09abd]:main():lattice-oracle.cc:332) For utterance M849148130-3217450_3217450-849142245_1640902486-GB-M-010, best cost 1
Lattice M849148130-3217450_3217450-849142245_1640902486-GB-M-011 read.
LOG (lattice-oracle[5.5.480~1-09abd]:main():lattice-oracle.cc:318) %WER 0 [ 0 / 6, 0 insertions, 0 deletions, 0 sub ]
LOG (lattice-oracle[5.5.480~1-09abd]:main():lattice-oracle.cc:332) For utterance M849148130-3217450_3217450-849142245_1640902486-GB-M-011, best cost 0
Lattice M849148130-3217450_3217450-849142245_1640902486-GB-M-012 read.
LOG (lattice-oracle[5.5.480~1-09abd]:main():lattice-oracle.cc:318) %WER 20 [ 2 / 10, 0 insertions, 2 deletions, 0 sub ]
LOG (lattice-oracle[5.5.480~1-09abd]:main():lattice-oracle.cc:332) For utterance M849148130-3217450_3217450-849142245_1640902486-GB-M-012, best cost 2
Lattice M849148130-3217450_3217450-849142245_1640902486-GB-M-014 read.
LOG (lattice-oracle[5.5.480~1-09abd]:main():lattice-oracle.cc:318) %WER 0 [ 0 / 9, 0 insertions, 0 deletions, 0 sub ]
LOG (lattice-oracle[5.5.480~1-09abd]:main():lattice-oracle.cc:332) For utterance M849148130-3217450_3217450-849142245_1640902486-GB-M-014, best cost 0
Lattice M849148130-3217450_3217450-849142245_1640902486-GB-M-015 read.
LOG (lattice-oracle[5.5.480~1-09abd]:main():lattice-oracle.cc:318) %WER 0 [ 0 / 7, 0 insertions, 0 deletions, 0 sub ]
LOG (lattice-oracle[5.5.480~1-09abd]:main():lattice-oracle.cc:332) For utterance M849148130-3217450_3217450-849142245_1640902486-GB-M-015, best cost 0
Lattice M849148130-3217450_3217450-849142245_1640902486-GB-M-016 read.
LOG (lattice-oracle[5.5.480~1-09abd]:main():lattice-oracle.cc:318) %WER 0 [ 0 / 8, 0 insertions, 0 deletions, 0 sub ]
LOG (lattice-oracle[5.5.480~1-09abd]:main():lattice-oracle.cc:332) For utterance M849148130-3217450_3217450-849142245_1640902486-GB-M-016, best cost 0
Lattice M849148130-3217450_3217450-849142245_1640902486-GB-M-018 read.
LOG (lattice-oracle[5.5.480~1-09abd]:main():lattice-oracle.cc:318) %WER 0 [ 0 / 3, 0 insertions, 0 deletions, 0 sub ]
LOG (lattice-oracle[5.5.480~1-09abd]:main():lattice-oracle.cc:332) For utterance M849148130-3217450_3217450-849142245_1640902486-GB-M-018, best cost 0
Lattice M849148130-3217450_3217450-849142245_1640902486-GB-M-019 read.
LOG (lattice-oracle[5.5.480~1-09abd]:main():lattice-oracle.cc:318) %WER 0 [ 0 / 5, 0 insertions, 0 deletions, 0 sub ]
LOG (lattice-oracle[5.5.480~1-09abd]:main():lattice-oracle.cc:332) For utterance M849148130-3217450_3217450-849142245_1640902486-GB-M-019, best cost 0
Lattice M849148130-3217450_3217450-849142245_1640902486-GB-M-020 read.
LOG (lattice-oracle[5.5.480~1-09abd]:main():lattice-oracle.cc:318) %WER 0 [ 0 / 8, 0 insertions, 0 deletions, 0 sub ]
LOG (lattice-oracle[5.5.480~1-09abd]:main():lattice-oracle.cc:332) For utterance M849148130-3217450_3217450-849142245_1640902486-GB-M-020, best cost 0
Lattice M849148130-3217450_3217450-849142245_1640902486-GB-M-022 read.
LOG (lattice-oracle[5.5.480~1-09abd]:main():lattice-oracle.cc:318) %WER 0 [ 0 / 4, 0 insertions, 0 deletions, 0 sub ]
LOG (lattice-oracle[5.5.480~1-09abd]:main():lattice-oracle.cc:332) For utterance M849148130-3217450_3217450-849142245_1640902486-GB-M-022, best cost 0
Lattice M849148130-3217450_3217450-849142245_1640902486-GB-M-023 read.
LOG (lattice-oracle[5.5.480~1-09abd]:main():lattice-oracle.cc:318) %WER 0 [ 0 / 3, 0 insertions, 0 deletions, 0 sub ]
LOG (lattice-oracle[5.5.480~1-09abd]:main():lattice-oracle.cc:332) For utterance M849148130-3217450_3217450-849142245_1640902486-GB-M-023, best cost 0
Lattice M849148130-3217450_3217450-849142245_1640902486-GB-M-024 read.
LOG (lattice-oracle[5.5.480~1-09abd]:main():lattice-oracle.cc:318) %WER 3.0303 [ 1 / 33, 1 insertions, 0 deletions, 0 sub ]
LOG (lattice-oracle[5.5.480~1-09abd]:main():lattice-oracle.cc:332) For utterance M849148130-3217450_3217450-849142245_1640902486-GB-M-024, best cost 1
Lattice M849148130-3217450_3217450-849142245_1640902486-GB-M-030 read.
LOG (lattice-oracle[5.5.480~1-09abd]:main():lattice-oracle.cc:318) %WER 0 [ 0 / 7, 0 insertions, 0 deletions, 0 sub ]
LOG (lattice-oracle[5.5.480~1-09abd]:main():lattice-oracle.cc:332) For utterance M849148130-3217450_3217450-849142245_1640902486-GB-M-030, best cost 0
Lattice M849148130-3217450_3217450-849142245_1640902486-GB-M-031 read.
LOG (lattice-oracle[5.5.480~1-09abd]:main():lattice-oracle.cc:318) %WER 50 [ 2 / 4, 2 insertions, 0 deletions, 0 sub ]
LOG (lattice-oracle[5.5.480~1-09abd]:main():lattice-oracle.cc:332) For utterance M849148130-3217450_3217450-849142245_1640902486-GB-M-031, best cost 2
Lattice M849148130-3217450_3217450-849142245_1640902486-GB-M-033 read.
LOG (lattice-oracle[5.5.480~1-09abd]:main():lattice-oracle.cc:318) %WER 0 [ 0 / 3, 0 insertions, 0 deletions, 0 sub ]
LOG (lattice-oracle[5.5.480~1-09abd]:main():lattice-oracle.cc:332) For utterance M849148130-3217450_3217450-849142245_1640902486-GB-M-033, best cost 0
Lattice M849148130-3217450_3217450-849142245_1640902486-GB-M-034 read.
LOG (lattice-oracle[5.5.480~1-09abd]:main():lattice-oracle.cc:318) %WER 0 [ 0 / 5, 0 insertions, 0 deletions, 0 sub ]
LOG (lattice-oracle[5.5.480~1-09abd]:main():lattice-oracle.cc:332) For utterance M849148130-3217450_3217450-849142245_1640902486-GB-M-034, best cost 0
Lattice M849148130-3217450_3217450-849142245_1640902486-GB-M-035 read.
LOG (lattice-oracle[5.5.480~1-09abd]:main():lattice-oracle.cc:318) %WER 0 [ 0 / 3, 0 insertions, 0 deletions, 0 sub ]
LOG (lattice-oracle[5.5.480~1-09abd]:main():lattice-oracle.cc:332) For utterance M849148130-3217450_3217450-849142245_1640902486-GB-M-035, best cost 0
Lattice M849148130-3217450_3217450-849142245_1640902486-GB-M-036 read.
LOG (lattice-oracle[5.5.480~1-09abd]:main():lattice-oracle.cc:318) %WER 0 [ 0 / 5, 0 insertions, 0 deletions, 0 sub ]
LOG (lattice-oracle[5.5.480~1-09abd]:main():lattice-oracle.cc:332) For utterance M849148130-3217450_3217450-849142245_1640902486-GB-M-036, best cost 0
Lattice M849148130-3217450_3217450-849142245_1640902486-GB-M-037 read.
LOG (lattice-oracle[5.5.480~1-09abd]:main():lattice-oracle.cc:318) %WER 0 [ 0 / 3, 0 insertions, 0 deletions, 0 sub ]
LOG (lattice-oracle[5.5.480~1-09abd]:main():lattice-oracle.cc:332) For utterance M849148130-3217450_3217450-849142245_1640902486-GB-M-037, best cost 0
Lattice M849148130-3217450_3217450-849142245_1640902486-GB-M-038 read.
LOG (lattice-oracle[5.5.480~1-09abd]:main():lattice-oracle.cc:318) %WER 0 [ 0 / 5, 0 insertions, 0 deletions, 0 sub ]
LOG (lattice-oracle[5.5.480~1-09abd]:main():lattice-oracle.cc:332) For utterance M849148130-3217450_3217450-849142245_1640902486-GB-M-038, best cost 0
Lattice M849148130-3217450_3217450-849142245_1640902486-GB-M-039 read.
LOG (lattice-oracle[5.5.480~1-09abd]:main():lattice-oracle.cc:318) %WER 0 [ 0 / 3, 0 insertions, 0 deletions, 0 sub ]
LOG (lattice-oracle[5.5.480~1-09abd]:main():lattice-oracle.cc:332) For utterance M849148130-3217450_3217450-849142245_1640902486-GB-M-039, best cost 0
Lattice M849148130-3217450_3217450-849142245_1640902486-GB-M-040 read.
LOG (lattice-oracle[5.5.480~1-09abd]:main():lattice-oracle.cc:318) %WER 20 [ 1 / 5, 1 insertions, 0 deletions, 0 sub ]
LOG (lattice-oracle[5.5.480~1-09abd]:main():lattice-oracle.cc:332) For utterance M849148130-3217450_3217450-849142245_1640902486-GB-M-040, best cost 1
Lattice M849148130-3217450_3217450-849142245_1640902486-GB-M-046 read.
LOG (lattice-oracle[5.5.480~1-09abd]:main():lattice-oracle.cc:318) %WER 3.92157 [ 2 / 51, 0 insertions, 0 deletions, 2 sub ]
LOG (lattice-oracle[5.5.480~1-09abd]:main():lattice-oracle.cc:332) For utterance M849148130-3217450_3217450-849142245_1640902486-GB-M-046, best cost 2
Lattice M849148130-3217450_3217450-849142245_1640902486-GB-M-054 read.
LOG (lattice-oracle[5.5.480~1-09abd]:main():lattice-oracle.cc:318) %WER 25 [ 2 / 8, 0 insertions, 0 deletions, 2 sub ]
LOG (lattice-oracle[5.5.480~1-09abd]:main():lattice-oracle.cc:332) For utterance M849148130-3217450_3217450-849142245_1640902486-GB-M-054, best cost 2
Lattice M849148130-3217450_3217450-849142245_1640902486-GB-M-055 read.
LOG (lattice-oracle[5.5.480~1-09abd]:main():lattice-oracle.cc:318) %WER 0 [ 0 / 9, 0 insertions, 0 deletions, 0 sub ]
LOG (lattice-oracle[5.5.480~1-09abd]:main():lattice-oracle.cc:332) For utterance M849148130-3217450_3217450-849142245_1640902486-GB-M-055, best cost 0
Lattice M849148130-3217450_3217450-849142245_1640902486-GB-M-057 read.
LOG (lattice-oracle[5.5.480~1-09abd]:main():lattice-oracle.cc:318) %WER 0 [ 0 / 13, 0 insertions, 0 deletions, 0 sub ]
LOG (lattice-oracle[5.5.480~1-09abd]:main():lattice-oracle.cc:332) For utterance M849148130-3217450_3217450-849142245_1640902486-GB-M-057, best cost 0
Lattice M849148130-3217450_3217450-849142245_1640902486-GB-M-059 read.
LOG (lattice-oracle[5.5.480~1-09abd]:main():lattice-oracle.cc:318) %WER 0 [ 0 / 22, 0 insertions, 0 deletions, 0 sub ]
LOG (lattice-oracle[5.5.480~1-09abd]:main():lattice-oracle.cc:332) For utterance M849148130-3217450_3217450-849142245_1640902486-GB-M-059, best cost 0
Lattice M849148130-3217450_3217450-849142245_1640902486-GB-M-063 read.
LOG (lattice-oracle[5.5.480~1-09abd]:main():lattice-oracle.cc:318) %WER 0 [ 0 / 13, 0 insertions, 0 deletions, 0 sub ]
LOG (lattice-oracle[5.5.480~1-09abd]:main():lattice-oracle.cc:332) For utterance M849148130-3217450_3217450-849142245_1640902486-GB-M-063, best cost 0
Lattice M849148130-3217450_3217450-849142245_1640902486-GB-M-065 read.
LOG (lattice-oracle[5.5.480~1-09abd]:main():lattice-oracle.cc:318) %WER 0 [ 0 / 9, 0 insertions, 0 deletions, 0 sub ]
LOG (lattice-oracle[5.5.480~1-09abd]:main():lattice-oracle.cc:332) For utterance M849148130-3217450_3217450-849142245_1640902486-GB-M-065, best cost 0
Lattice M849148130-3217450_3217450-849142245_1640902486-GB-M-067 read.
LOG (lattice-oracle[5.5.480~1-09abd]:main():lattice-oracle.cc:318) %WER 0 [ 0 / 42, 0 insertions, 0 deletions, 0 sub ]
LOG (lattice-oracle[5.5.480~1-09abd]:main():lattice-oracle.cc:332) For utterance M849148130-3217450_3217450-849142245_1640902486-GB-M-067, best cost 0
Lattice M849148130-3217450_3217450-849142245_1640902486-GB-M-074 read.
LOG (lattice-oracle[5.5.480~1-09abd]:main():lattice-oracle.cc:318) %WER 0 [ 0 / 8, 0 insertions, 0 deletions, 0 sub ]
LOG (lattice-oracle[5.5.480~1-09abd]:main():lattice-oracle.cc:332) For utterance M849148130-3217450_3217450-849142245_1640902486-GB-M-074, best cost 0
Lattice M849148130-3217450_3217450-849142245_1640902486-GB-M-076 read.
LOG (lattice-oracle[5.5.480~1-09abd]:main():lattice-oracle.cc:318) %WER 0 [ 0 / 5, 0 insertions, 0 deletions, 0 sub ]
LOG (lattice-oracle[5.5.480~1-09abd]:main():lattice-oracle.cc:332) For utterance M849148130-3217450_3217450-849142245_1640902486-GB-M-076, best cost 0
Lattice M849148130-3217450_3217450-849142245_1640902486-GB-M-077 read.
LOG (lattice-oracle[5.5.480~1-09abd]:main():lattice-oracle.cc:318) %WER 66.6667 [ 2 / 3, 2 insertions, 0 deletions, 0 sub ]
LOG (lattice-oracle[5.5.480~1-09abd]:main():lattice-oracle.cc:332) For utterance M849148130-3217450_3217450-849142245_1640902486-GB-M-077, best cost 2
Lattice M849148130-3217450_3217450-849142245_1640902486-GB-M-078 read.
LOG (lattice-oracle[5.5.480~1-09abd]:main():lattice-oracle.cc:318) %WER 35.7143 [ 5 / 14, 5 insertions, 0 deletions, 0 sub ]
LOG (lattice-oracle[5.5.480~1-09abd]:main():lattice-oracle.cc:332) For utterance M849148130-3217450_3217450-849142245_1640902486-GB-M-078, best cost 5
Lattice M849148130-3217450_3217450-849142245_1640902486-GB-M-080 read.
LOG (lattice-oracle[5.5.480~1-09abd]:main():lattice-oracle.cc:318) %WER 0 [ 0 / 3, 0 insertions, 0 deletions, 0 sub ]
LOG (lattice-oracle[5.5.480~1-09abd]:main():lattice-oracle.cc:332) For utterance M849148130-3217450_3217450-849142245_1640902486-GB-M-080, best cost 0
Lattice M849148130-3217450_3217450-849142245_1640902486-GB-M-081 read.
LOG (lattice-oracle[5.5.480~1-09abd]:main():lattice-oracle.cc:318) %WER 50 [ 1 / 2, 1 insertions, 0 deletions, 0 sub ]
LOG (lattice-oracle[5.5.480~1-09abd]:main():lattice-oracle.cc:332) For utterance M849148130-3217450_3217450-849142245_1640902486-GB-M-081, best cost 1
Lattice M849148130-3770042_3770042-849142245_1558792242-GB-M-001 read.
LOG (lattice-oracle[5.5.480~1-09abd]:main():lattice-oracle.cc:318) %WER 0 [ 0 / 11, 0 insertions, 0 deletions, 0 sub ]
LOG (lattice-oracle[5.5.480~1-09abd]:main():lattice-oracle.cc:332) For utterance M849148130-3770042_3770042-849142245_1558792242-GB-M-001, best cost 0
Lattice M849148130-3770042_3770042-849142245_1558792242-GB-M-003 read.
LOG (lattice-oracle[5.5.480~1-09abd]:main():lattice-oracle.cc:318) %WER 0 [ 0 / 10, 0 insertions, 0 deletions, 0 sub ]
LOG (lattice-oracle[5.5.480~1-09abd]:main():lattice-oracle.cc:332) For utterance M849148130-3770042_3770042-849142245_1558792242-GB-M-003, best cost 0
Lattice M849148130-3770042_3770042-849142245_1558792242-GB-M-004 read.
LOG (lattice-oracle[5.5.480~1-09abd]:main():lattice-oracle.cc:318) %WER 6.45161 [ 2 / 31, 2 insertions, 0 deletions, 0 sub ]
LOG (lattice-oracle[5.5.480~1-09abd]:main():lattice-oracle.cc:332) For utterance M849148130-3770042_3770042-849142245_1558792242-GB-M-004, best cost 2
Lattice M849148130-3770042_3770042-849142245_1558792242-GB-M-007 read.
LOG (lattice-oracle[5.5.480~1-09abd]:main():lattice-oracle.cc:318) %WER 0 [ 0 / 32, 0 insertions, 0 deletions, 0 sub ]
LOG (lattice-oracle[5.5.480~1-09abd]:main():lattice-oracle.cc:332) For utterance M849148130-3770042_3770042-849142245_1558792242-GB-M-007, best cost 0
Lattice M849148130-3770042_3770042-849142245_1558792242-GB-M-011 read.
LOG (lattice-oracle[5.5.480~1-09abd]:main():lattice-oracle.cc:318) %WER 21.4286 [ 9 / 42, 4 insertions, 0 deletions, 5 sub ]
LOG (lattice-oracle[5.5.480~1-09abd]:main():lattice-oracle.cc:332) For utterance M849148130-3770042_3770042-849142245_1558792242-GB-M-011, best cost 9
Lattice M849148130-3770042_3770042-849142245_1558792242-GB-M-016 read.
LOG (lattice-oracle[5.5.480~1-09abd]:main():lattice-oracle.cc:318) %WER 0 [ 0 / 12, 0 insertions, 0 deletions, 0 sub ]
LOG (lattice-oracle[5.5.480~1-09abd]:main():lattice-oracle.cc:332) For utterance M849148130-3770042_3770042-849142245_1558792242-GB-M-016, best cost 0
Lattice M849148130-3770042_3770042-849142245_1558792242-GB-M-017 read.
LOG (lattice-oracle[5.5.480~1-09abd]:main():lattice-oracle.cc:318) %WER 0 [ 0 / 32, 0 insertions, 0 deletions, 0 sub ]
LOG (lattice-oracle[5.5.480~1-09abd]:main():lattice-oracle.cc:332) For utterance M849148130-3770042_3770042-849142245_1558792242-GB-M-017, best cost 0
Lattice M849148130-3770042_3770042-849142245_1558792242-GB-M-021 read.
LOG (lattice-oracle[5.5.480~1-09abd]:main():lattice-oracle.cc:318) %WER 0 [ 0 / 15, 0 insertions, 0 deletions, 0 sub ]
LOG (lattice-oracle[5.5.480~1-09abd]:main():lattice-oracle.cc:332) For utterance M849148130-3770042_3770042-849142245_1558792242-GB-M-021, best cost 0
Lattice M849148130-3770042_3770042-849142245_1558792242-GB-M-024 read.
LOG (lattice-oracle[5.5.480~1-09abd]:main():lattice-oracle.cc:318) %WER 0 [ 0 / 7, 0 insertions, 0 deletions, 0 sub ]
LOG (lattice-oracle[5.5.480~1-09abd]:main():lattice-oracle.cc:332) For utterance M849148130-3770042_3770042-849142245_1558792242-GB-M-024, best cost 0
Lattice M849148130-3770042_3770042-849142245_1558792242-GB-M-025 read.
LOG (lattice-oracle[5.5.480~1-09abd]:main():lattice-oracle.cc:318) %WER 0 [ 0 / 14, 0 insertions, 0 deletions, 0 sub ]
LOG (lattice-oracle[5.5.480~1-09abd]:main():lattice-oracle.cc:332) For utterance M849148130-3770042_3770042-849142245_1558792242-GB-M-025, best cost 0
Lattice M849148130-3770042_3770042-849142245_1558792242-GB-M-027 read.
LOG (lattice-oracle[5.5.480~1-09abd]:main():lattice-oracle.cc:318) %WER 1.75439 [ 1 / 57, 0 insertions, 1 deletions, 0 sub ]
LOG (lattice-oracle[5.5.480~1-09abd]:main():lattice-oracle.cc:332) For utterance M849148130-3770042_3770042-849142245_1558792242-GB-M-027, best cost 1
Lattice M849148130-3770042_3770042-849142245_1558792242-GB-M-035 read.
LOG (lattice-oracle[5.5.480~1-09abd]:main():lattice-oracle.cc:318) %WER 0 [ 0 / 1, 0 insertions, 0 deletions, 0 sub ]
LOG (lattice-oracle[5.5.480~1-09abd]:main():lattice-oracle.cc:332) For utterance M849148130-3770042_3770042-849142245_1558792242-GB-M-035, best cost 0
Lattice M849148130-3770042_3770042-849142245_1558792242-GB-M-036 read.
LOG (lattice-oracle[5.5.480~1-09abd]:main():lattice-oracle.cc:318) %WER 33.3333 [ 2 / 6, 0 insertions, 2 deletions, 0 sub ]
LOG (lattice-oracle[5.5.480~1-09abd]:main():lattice-oracle.cc:332) For utterance M849148130-3770042_3770042-849142245_1558792242-GB-M-036, best cost 2
Lattice M849148130-3770160_3770160-849142245_1624384884-GB-M-001 read.
LOG (lattice-oracle[5.5.480~1-09abd]:main():lattice-oracle.cc:318) %WER 2.63158 [ 2 / 76, 2 insertions, 0 deletions, 0 sub ]
LOG (lattice-oracle[5.5.480~1-09abd]:main():lattice-oracle.cc:332) For utterance M849148130-3770160_3770160-849142245_1624384884-GB-M-001, best cost 2
Lattice M849148130-3770481_3770481-849142245_1563951925-GB-M-001 read.
LOG (lattice-oracle[5.5.480~1-09abd]:main():lattice-oracle.cc:318) %WER 0 [ 0 / 13, 0 insertions, 0 deletions, 0 sub ]
LOG (lattice-oracle[5.5.480~1-09abd]:main():lattice-oracle.cc:332) For utterance M849148130-3770481_3770481-849142245_1563951925-GB-M-001, best cost 0
Lattice M849148130-3770481_3770481-849142245_1563951925-GB-M-003 read.
LOG (lattice-oracle[5.5.480~1-09abd]:main():lattice-oracle.cc:318) %WER 2.32558 [ 1 / 43, 0 insertions, 1 deletions, 0 sub ]
LOG (lattice-oracle[5.5.480~1-09abd]:main():lattice-oracle.cc:332) For utterance M849148130-3770481_3770481-849142245_1563951925-GB-M-003, best cost 1
Lattice M849148130-3770481_3770481-849142245_1563951925-GB-M-007 read.
LOG (lattice-oracle[5.5.480~1-09abd]:main():lattice-oracle.cc:318) %WER 0 [ 0 / 37, 0 insertions, 0 deletions, 0 sub ]
LOG (lattice-oracle[5.5.480~1-09abd]:main():lattice-oracle.cc:332) For utterance M849148130-3770481_3770481-849142245_1563951925-GB-M-007, best cost 0
Lattice M849148130-3770481_3770481-849142245_1563951925-GB-M-011 read.
LOG (lattice-oracle[5.5.480~1-09abd]:main():lattice-oracle.cc:318) %WER 0 [ 0 / 11, 0 insertions, 0 deletions, 0 sub ]
LOG (lattice-oracle[5.5.480~1-09abd]:main():lattice-oracle.cc:332) For utterance M849148130-3770481_3770481-849142245_1563951925-GB-M-011, best cost 0
Lattice M849148130-3770481_3770481-849142245_1563951925-GB-M-013 read.
LOG (lattice-oracle[5.5.480~1-09abd]:main():lattice-oracle.cc:318) %WER 0 [ 0 / 5, 0 insertions, 0 deletions, 0 sub ]
LOG (lattice-oracle[5.5.480~1-09abd]:main():lattice-oracle.cc:332) For utterance M849148130-3770481_3770481-849142245_1563951925-GB-M-013, best cost 0
Lattice M849148130-3770481_3770481-849142245_1563951925-GB-M-014 read.
LOG (lattice-oracle[5.5.480~1-09abd]:main():lattice-oracle.cc:318) %WER 0 [ 0 / 25, 0 insertions, 0 deletions, 0 sub ]
LOG (lattice-oracle[5.5.480~1-09abd]:main():lattice-oracle.cc:332) For utterance M849148130-3770481_3770481-849142245_1563951925-GB-M-014, best cost 0
Lattice M849148130-3770481_3770481-849142245_1563951925-GB-M-017 read.
LOG (lattice-oracle[5.5.480~1-09abd]:main():lattice-oracle.cc:318) %WER 0 [ 0 / 56, 0 insertions, 0 deletions, 0 sub ]
LOG (lattice-oracle[5.5.480~1-09abd]:main():lattice-oracle.cc:332) For utterance M849148130-3770481_3770481-849142245_1563951925-GB-M-017, best cost 0
Lattice M849148130-3770481_3770481-849142245_1563951925-GB-M-023 read.
LOG (lattice-oracle[5.5.480~1-09abd]:main():lattice-oracle.cc:318) %WER 18.1818 [ 2 / 11, 2 insertions, 0 deletions, 0 sub ]
LOG (lattice-oracle[5.5.480~1-09abd]:main():lattice-oracle.cc:332) For utterance M849148130-3770481_3770481-849142245_1563951925-GB-M-023, best cost 2
Lattice M849148130-3770481_3770481-849142245_1563951925-GB-M-025 read.
LOG (lattice-oracle[5.5.480~1-09abd]:main():lattice-oracle.cc:318) %WER 125 [ 5 / 4, 5 insertions, 0 deletions, 0 sub ]
LOG (lattice-oracle[5.5.480~1-09abd]:main():lattice-oracle.cc:332) For utterance M849148130-3770481_3770481-849142245_1563951925-GB-M-025, best cost 5
Lattice M849148130-3770481_3770481-849142245_1563951925-GB-M-026 read.
LOG (lattice-oracle[5.5.480~1-09abd]:main():lattice-oracle.cc:318) %WER 0 [ 0 / 51, 0 insertions, 0 deletions, 0 sub ]
LOG (lattice-oracle[5.5.480~1-09abd]:main():lattice-oracle.cc:332) For utterance M849148130-3770481_3770481-849142245_1563951925-GB-M-026, best cost 0
Lattice M849148130-3770481_3770481-849142245_1563951925-GB-M-032 read.
LOG (lattice-oracle[5.5.480~1-09abd]:main():lattice-oracle.cc:318) %WER 0 [ 0 / 19, 0 insertions, 0 deletions, 0 sub ]
LOG (lattice-oracle[5.5.480~1-09abd]:main():lattice-oracle.cc:332) For utterance M849148130-3770481_3770481-849142245_1563951925-GB-M-032, best cost 0
Lattice M849148130-3770481_3770481-849142245_1563951925-GB-M-034 read.
LOG (lattice-oracle[5.5.480~1-09abd]:main():lattice-oracle.cc:318) %WER 0 [ 0 / 7, 0 insertions, 0 deletions, 0 sub ]
LOG (lattice-oracle[5.5.480~1-09abd]:main():lattice-oracle.cc:332) For utterance M849148130-3770481_3770481-849142245_1563951925-GB-M-034, best cost 0
Lattice M849148130-3770481_3770481-849142245_1563951925-GB-M-035 read.
LOG (lattice-oracle[5.5.480~1-09abd]:main():lattice-oracle.cc:318) %WER 0 [ 0 / 5, 0 insertions, 0 deletions, 0 sub ]
LOG (lattice-oracle[5.5.480~1-09abd]:main():lattice-oracle.cc:332) For utterance M849148130-3770481_3770481-849142245_1563951925-GB-M-035, best cost 0
Lattice M849148130-3770481_3770481-849142245_1563951925-GB-M-036 read.
LOG (lattice-oracle[5.5.480~1-09abd]:main():lattice-oracle.cc:318) %WER 100 [ 4 / 4, 4 insertions, 0 deletions, 0 sub ]
LOG (lattice-oracle[5.5.480~1-09abd]:main():lattice-oracle.cc:332) For utterance M849148130-3770481_3770481-849142245_1563951925-GB-M-036, best cost 4
Lattice M849148130-3770481_3770481-849142245_1563951925-GB-M-037 read.
LOG (lattice-oracle[5.5.480~1-09abd]:main():lattice-oracle.cc:318) %WER 125 [ 5 / 4, 5 insertions, 0 deletions, 0 sub ]
LOG (lattice-oracle[5.5.480~1-09abd]:main():lattice-oracle.cc:332) For utterance M849148130-3770481_3770481-849142245_1563951925-GB-M-037, best cost 5
Lattice M849148130-3770715_3770715-849142245_1630930006-GB-M-001 read.
LOG (lattice-oracle[5.5.480~1-09abd]:main():lattice-oracle.cc:318) %WER 0 [ 0 / 33, 0 insertions, 0 deletions, 0 sub ]
LOG (lattice-oracle[5.5.480~1-09abd]:main():lattice-oracle.cc:332) For utterance M849148130-3770715_3770715-849142245_1630930006-GB-M-001, best cost 0
Lattice M849148130-3770715_3770715-849142245_1630930006-GB-M-005 read.
LOG (lattice-oracle[5.5.480~1-09abd]:main():lattice-oracle.cc:318) %WER 0 [ 0 / 7, 0 insertions, 0 deletions, 0 sub ]
LOG (lattice-oracle[5.5.480~1-09abd]:main():lattice-oracle.cc:332) For utterance M849148130-3770715_3770715-849142245_1630930006-GB-M-005, best cost 0
Lattice M849148130-3770715_3770715-849142245_1630930006-GB-M-006 read.
LOG (lattice-oracle[5.5.480~1-09abd]:main():lattice-oracle.cc:318) %WER 20 [ 1 / 5, 0 insertions, 0 deletions, 1 sub ]
LOG (lattice-oracle[5.5.480~1-09abd]:main():lattice-oracle.cc:332) For utterance M849148130-3770715_3770715-849142245_1630930006-GB-M-006, best cost 1
Lattice M849148130-3770715_3770715-849142245_1630930006-GB-M-007 read.
LOG (lattice-oracle[5.5.480~1-09abd]:main():lattice-oracle.cc:318) %WER 0 [ 0 / 4, 0 insertions, 0 deletions, 0 sub ]
LOG (lattice-oracle[5.5.480~1-09abd]:main():lattice-oracle.cc:332) For utterance M849148130-3770715_3770715-849142245_1630930006-GB-M-007, best cost 0
Lattice M849148130-3770715_3770715-849142245_1630930006-GB-M-008 read.
LOG (lattice-oracle[5.5.480~1-09abd]:main():lattice-oracle.cc:318) %WER 0 [ 0 / 9, 0 insertions, 0 deletions, 0 sub ]
LOG (lattice-oracle[5.5.480~1-09abd]:main():lattice-oracle.cc:332) For utterance M849148130-3770715_3770715-849142245_1630930006-GB-M-008, best cost 0
Lattice M849148130-3770715_3770715-849142245_1630930006-GB-M-010 read.
LOG (lattice-oracle[5.5.480~1-09abd]:main():lattice-oracle.cc:318) %WER 0 [ 0 / 21, 0 insertions, 0 deletions, 0 sub ]
LOG (lattice-oracle[5.5.480~1-09abd]:main():lattice-oracle.cc:332) For utterance M849148130-3770715_3770715-849142245_1630930006-GB-M-010, best cost 0
Lattice M849148130-3770715_3770715-849142245_1630930006-GB-M-013 read.
LOG (lattice-oracle[5.5.480~1-09abd]:main():lattice-oracle.cc:318) %WER 0 [ 0 / 13, 0 insertions, 0 deletions, 0 sub ]
LOG (lattice-oracle[5.5.480~1-09abd]:main():lattice-oracle.cc:332) For utterance M849148130-3770715_3770715-849142245_1630930006-GB-M-013, best cost 0
Lattice M849148130-3770715_3770715-849142245_1630930006-GB-M-016 read.
LOG (lattice-oracle[5.5.480~1-09abd]:main():lattice-oracle.cc:318) %WER 0 [ 0 / 7, 0 insertions, 0 deletions, 0 sub ]
LOG (lattice-oracle[5.5.480~1-09abd]:main():lattice-oracle.cc:332) For utterance M849148130-3770715_3770715-849142245_1630930006-GB-M-016, best cost 0
Lattice M849148130-3770715_3770715-849142245_1630930006-GB-M-017 read.
LOG (lattice-oracle[5.5.480~1-09abd]:main():lattice-oracle.cc:318) %WER 0 [ 0 / 50, 0 insertions, 0 deletions, 0 sub ]
LOG (lattice-oracle[5.5.480~1-09abd]:main():lattice-oracle.cc:332) For utterance M849148130-3770715_3770715-849142245_1630930006-GB-M-017, best cost 0
Lattice M849148130-3770715_3770715-849142245_1630930006-GB-M-024 read.
LOG (lattice-oracle[5.5.480~1-09abd]:main():lattice-oracle.cc:318) %WER 20 [ 1 / 5, 1 insertions, 0 deletions, 0 sub ]
LOG (lattice-oracle[5.5.480~1-09abd]:main():lattice-oracle.cc:332) For utterance M849148130-3770715_3770715-849142245_1630930006-GB-M-024, best cost 1
Lattice M849148130-3770715_3770715-849142245_1630930006-GB-M-025 read.
LOG (lattice-oracle[5.5.480~1-09abd]:main():lattice-oracle.cc:318) %WER 0 [ 0 / 41, 0 insertions, 0 deletions, 0 sub ]
LOG (lattice-oracle[5.5.480~1-09abd]:main():lattice-oracle.cc:332) For utterance M849148130-3770715_3770715-849142245_1630930006-GB-M-025, best cost 0
Lattice M849148130-3770715_3770715-849142245_1630930006-GB-M-033 read.
LOG (lattice-oracle[5.5.480~1-09abd]:main():lattice-oracle.cc:318) %WER 19.0476 [ 4 / 21, 4 insertions, 0 deletions, 0 sub ]
LOG (lattice-oracle[5.5.480~1-09abd]:main():lattice-oracle.cc:332) For utterance M849148130-3770715_3770715-849142245_1630930006-GB-M-033, best cost 4
Lattice M849148130-3770715_3770715-849142245_1630930006-GB-M-037 read.
LOG (lattice-oracle[5.5.480~1-09abd]:main():lattice-oracle.cc:318) %WER 6.59341 [ 6 / 91, 2 insertions, 0 deletions, 4 sub ]
LOG (lattice-oracle[5.5.480~1-09abd]:main():lattice-oracle.cc:332) For utterance M849148130-3770715_3770715-849142245_1630930006-GB-M-037, best cost 6
Lattice M849148130-3770715_3770715-849142245_1630930006-GB-M-054 read.
LOG (lattice-oracle[5.5.480~1-09abd]:main():lattice-oracle.cc:318) %WER 0 [ 0 / 4, 0 insertions, 0 deletions, 0 sub ]
LOG (lattice-oracle[5.5.480~1-09abd]:main():lattice-oracle.cc:332) For utterance M849148130-3770715_3770715-849142245_1630930006-GB-M-054, best cost 0
Lattice M849148130-3770715_3770715-849142245_1630930006-GB-M-055 read.
LOG (lattice-oracle[5.5.480~1-09abd]:main():lattice-oracle.cc:318) %WER 0 [ 0 / 3, 0 insertions, 0 deletions, 0 sub ]
LOG (lattice-oracle[5.5.480~1-09abd]:main():lattice-oracle.cc:332) For utterance M849148130-3770715_3770715-849142245_1630930006-GB-M-055, best cost 0
Lattice M849148130-3770715_3770715-849142245_1630930006-GB-M-056 read.
LOG (lattice-oracle[5.5.480~1-09abd]:main():lattice-oracle.cc:318) %WER 0 [ 0 / 13, 0 insertions, 0 deletions, 0 sub ]
LOG (lattice-oracle[5.5.480~1-09abd]:main():lattice-oracle.cc:332) For utterance M849148130-3770715_3770715-849142245_1630930006-GB-M-056, best cost 0
Lattice M849148130-3770715_3770715-849142245_1630930006-GB-M-058 read.
LOG (lattice-oracle[5.5.480~1-09abd]:main():lattice-oracle.cc:318) %WER 26.6667 [ 4 / 15, 0 insertions, 4 deletions, 0 sub ]
LOG (lattice-oracle[5.5.480~1-09abd]:main():lattice-oracle.cc:332) For utterance M849148130-3770715_3770715-849142245_1630930006-GB-M-058, best cost 4
Lattice M849148130-3770715_3770715-849142245_1630930006-GB-M-061 read.
LOG (lattice-oracle[5.5.480~1-09abd]:main():lattice-oracle.cc:318) %WER 27.2727 [ 3 / 11, 0 insertions, 1 deletions, 2 sub ]
LOG (lattice-oracle[5.5.480~1-09abd]:main():lattice-oracle.cc:332) For utterance M849148130-3770715_3770715-849142245_1630930006-GB-M-061, best cost 3
Lattice M849148130-3771901_3771901-849142245_1624419763-GB-M-001 read.
LOG (lattice-oracle[5.5.480~1-09abd]:main():lattice-oracle.cc:318) %WER 0 [ 0 / 37, 0 insertions, 0 deletions, 0 sub ]
LOG (lattice-oracle[5.5.480~1-09abd]:main():lattice-oracle.cc:332) For utterance M849148130-3771901_3771901-849142245_1624419763-GB-M-001, best cost 0
Lattice M849148130-3771901_3771901-849142245_1624419763-GB-M-007 read.
LOG (lattice-oracle[5.5.480~1-09abd]:main():lattice-oracle.cc:318) %WER 0 [ 0 / 54, 0 insertions, 0 deletions, 0 sub ]
LOG (lattice-oracle[5.5.480~1-09abd]:main():lattice-oracle.cc:332) For utterance M849148130-3771901_3771901-849142245_1624419763-GB-M-007, best cost 0
Lattice M849148130-3771901_3771901-849142245_1624419763-GB-M-016 read.
LOG (lattice-oracle[5.5.480~1-09abd]:main():lattice-oracle.cc:318) %WER 0 [ 0 / 6, 0 insertions, 0 deletions, 0 sub ]
LOG (lattice-oracle[5.5.480~1-09abd]:main():lattice-oracle.cc:332) For utterance M849148130-3771901_3771901-849142245_1624419763-GB-M-016, best cost 0
Lattice M849148130-3771901_3771901-849142245_1624419763-GB-M-017 read.
LOG (lattice-oracle[5.5.480~1-09abd]:main():lattice-oracle.cc:318) %WER 0 [ 0 / 6, 0 insertions, 0 deletions, 0 sub ]
LOG (lattice-oracle[5.5.480~1-09abd]:main():lattice-oracle.cc:332) For utterance M849148130-3771901_3771901-849142245_1624419763-GB-M-017, best cost 0
Lattice M849148130-3771901_3771901-849142245_1624419763-GB-M-018 read.
LOG (lattice-oracle[5.5.480~1-09abd]:main():lattice-oracle.cc:318) %WER 0 [ 0 / 79, 0 insertions, 0 deletions, 0 sub ]
LOG (lattice-oracle[5.5.480~1-09abd]:main():lattice-oracle.cc:332) For utterance M849148130-3771901_3771901-849142245_1624419763-GB-M-018, best cost 0
Lattice M849148130-3771901_3771901-849142245_1624419763-GB-M-030 read.
LOG (lattice-oracle[5.5.480~1-09abd]:main():lattice-oracle.cc:318) %WER 0 [ 0 / 9, 0 insertions, 0 deletions, 0 sub ]
LOG (lattice-oracle[5.5.480~1-09abd]:main():lattice-oracle.cc:332) For utterance M849148130-3771901_3771901-849142245_1624419763-GB-M-030, best cost 0
Lattice M849148130-3771901_3771901-849142245_1624419763-GB-M-031 read.
LOG (lattice-oracle[5.5.480~1-09abd]:main():lattice-oracle.cc:318) %WER 6.66667 [ 2 / 30, 0 insertions, 2 deletions, 0 sub ]
LOG (lattice-oracle[5.5.480~1-09abd]:main():lattice-oracle.cc:332) For utterance M849148130-3771901_3771901-849142245_1624419763-GB-M-031, best cost 2
Lattice M849148130-3771901_3771901-849142245_1624419763-GB-M-037 read.
LOG (lattice-oracle[5.5.480~1-09abd]:main():lattice-oracle.cc:318) %WER 0 [ 0 / 12, 0 insertions, 0 deletions, 0 sub ]
LOG (lattice-oracle[5.5.480~1-09abd]:main():lattice-oracle.cc:332) For utterance M849148130-3771901_3771901-849142245_1624419763-GB-M-037, best cost 0
Lattice M849148130-3771901_3771901-849142245_1624419763-GB-M-039 read.
LOG (lattice-oracle[5.5.480~1-09abd]:main():lattice-oracle.cc:318) %WER 0 [ 0 / 10, 0 insertions, 0 deletions, 0 sub ]
LOG (lattice-oracle[5.5.480~1-09abd]:main():lattice-oracle.cc:332) For utterance M849148130-3771901_3771901-849142245_1624419763-GB-M-039, best cost 0
Lattice M849148130-3772088_3772088-849142245_1598769662-GB-M-001 read.
LOG (lattice-oracle[5.5.480~1-09abd]:main():lattice-oracle.cc:318) %WER 0 [ 0 / 97, 0 insertions, 0 deletions, 0 sub ]
LOG (lattice-oracle[5.5.480~1-09abd]:main():lattice-oracle.cc:332) For utterance M849148130-3772088_3772088-849142245_1598769662-GB-M-001, best cost 0
Lattice M849148130-3772088_3772088-849142245_1598769662-GB-M-017 read.
LOG (lattice-oracle[5.5.480~1-09abd]:main():lattice-oracle.cc:318) %WER 0 [ 0 / 21, 0 insertions, 0 deletions, 0 sub ]
LOG (lattice-oracle[5.5.480~1-09abd]:main():lattice-oracle.cc:332) For utterance M849148130-3772088_3772088-849142245_1598769662-GB-M-017, best cost 0
Lattice M849148130-3772088_3772088-849142245_1598769662-GB-M-020 read.
LOG (lattice-oracle[5.5.480~1-09abd]:main():lattice-oracle.cc:318) %WER 3.7037 [ 1 / 27, 1 insertions, 0 deletions, 0 sub ]
LOG (lattice-oracle[5.5.480~1-09abd]:main():lattice-oracle.cc:332) For utterance M849148130-3772088_3772088-849142245_1598769662-GB-M-020, best cost 1
Lattice M849148130-3772088_3772088-849142245_1598769662-GB-M-025 read.
LOG (lattice-oracle[5.5.480~1-09abd]:main():lattice-oracle.cc:318) %WER 0 [ 0 / 4, 0 insertions, 0 deletions, 0 sub ]
LOG (lattice-oracle[5.5.480~1-09abd]:main():lattice-oracle.cc:332) For utterance M849148130-3772088_3772088-849142245_1598769662-GB-M-025, best cost 0
Lattice M849148130-3772088_3772088-849142245_1598769662-GB-M-026 read.
LOG (lattice-oracle[5.5.480~1-09abd]:main():lattice-oracle.cc:318) %WER 0 [ 0 / 63, 0 insertions, 0 deletions, 0 sub ]
LOG (lattice-oracle[5.5.480~1-09abd]:main():lattice-oracle.cc:332) For utterance M849148130-3772088_3772088-849142245_1598769662-GB-M-026, best cost 0
Lattice M849148130-3772088_3772088-849142245_1598769662-GB-M-037 read.
LOG (lattice-oracle[5.5.480~1-09abd]:main():lattice-oracle.cc:318) %WER 0 [ 0 / 30, 0 insertions, 0 deletions, 0 sub ]
LOG (lattice-oracle[5.5.480~1-09abd]:main():lattice-oracle.cc:332) For utterance M849148130-3772088_3772088-849142245_1598769662-GB-M-037, best cost 0
Lattice M849148130-3772088_3772088-849142245_1598769662-GB-M-041 read.
LOG (lattice-oracle[5.5.480~1-09abd]:main():lattice-oracle.cc:318) %WER 1.21951 [ 1 / 82, 0 insertions, 1 deletions, 0 sub ]
LOG (lattice-oracle[5.5.480~1-09abd]:main():lattice-oracle.cc:332) For utterance M849148130-3772088_3772088-849142245_1598769662-GB-M-041, best cost 1
LOG (lattice-oracle[5.5.480~1-09abd]:main():lattice-oracle.cc:383) Overall %WER 4.08591 [ 156 / 3818, 85 insertions, 40 deletions, 31 substitutions ]
LOG (lattice-oracle[5.5.480~1-09abd]:main():lattice-oracle.cc:387) Scored 261 lattices, 0 not present in ref.
# Accounting: time=3 threads=1
# Ended (code 0) at Tue Sep 10 15:05:09 BST 2019, elapsed time 3 seconds
