# lattice-oracle "--write-lattices=ark:|gzip -c > exp/tri3b_cleaned/lattice_oracle/lat.8.gz" "ark:gunzip -c exp/tri3b_cleaned/lats/lat.8.gz |" "ark:utils/sym2int.pl --map-oov 239 -f 2- data/lang/words.txt data/train1/split40/8/text|" ark,t:- | utils/int2sym.pl -f 2- data/lang/words.txt > exp/tri3b_cleaned/lattice_oracle/oracle_hyp.8.txt 
# Started at Tue Sep 10 15:04:37 BST 2019
#
lattice-oracle '--write-lattices=ark:|gzip -c > exp/tri3b_cleaned/lattice_oracle/lat.8.gz' 'ark:gunzip -c exp/tri3b_cleaned/lats/lat.8.gz |' 'ark:utils/sym2int.pl --map-oov 239 -f 2- data/lang/words.txt data/train1/split40/8/text|' ark,t:- 
Lattice F236490140-832154795_3009185-91047384_1587186106-GB-F-003 read.
sym2int.pl: replacing OHHHHH with 239
sym2int.pl: replacing UNINSPIRING with 239
sym2int.pl: replacing SIMBA'S with 239
sym2int.pl: replacing HUNGRIER with 239
LOG (lattice-oracle[5.5.480~1-09abd]:main():lattice-oracle.cc:318) %WER 0 [ 0 / 8, 0 insertions, 0 deletions, 0 sub ]
LOG (lattice-oracle[5.5.480~1-09abd]:main():lattice-oracle.cc:332) For utterance F236490140-832154795_3009185-91047384_1587186106-GB-F-003, best cost 0
sym2int.pl: replacing HUNGRIER with 239
sym2int.pl: replacing UUUUMA with 239
sym2int.pl: replacing UUUUMA with 239
sym2int.pl: replacing UUUMA with 239
sym2int.pl: replacing UUUMA with 239
sym2int.pl: replacing UUUUMA with 239
sym2int.pl: replacing UUUUMA with 239
sym2int.pl: replacing UUUMA with 239
sym2int.pl: replacing UUUUMA with 239
sym2int.pl: replacing UUUMA with 239
sym2int.pl: replacing UUUUMA with 239
sym2int.pl: replacing UUUMA with 239
sym2int.pl: replacing UUUUMA with 239
Lattice F236490140-832154795_3009185-91047384_1587186106-GB-F-008 read.
** Replaced 17 instances of OOVs with 239
LOG (lattice-oracle[5.5.480~1-09abd]:main():lattice-oracle.cc:318) %WER 0 [ 0 / 5, 0 insertions, 0 deletions, 0 sub ]
LOG (lattice-oracle[5.5.480~1-09abd]:main():lattice-oracle.cc:332) For utterance F236490140-832154795_3009185-91047384_1587186106-GB-F-008, best cost 0
Lattice F236490140-832154795_3009185-91047384_1587186106-GB-F-009 read.
LOG (lattice-oracle[5.5.480~1-09abd]:main():lattice-oracle.cc:318) %WER 25 [ 1 / 4, 1 insertions, 0 deletions, 0 sub ]
LOG (lattice-oracle[5.5.480~1-09abd]:main():lattice-oracle.cc:332) For utterance F236490140-832154795_3009185-91047384_1587186106-GB-F-009, best cost 1
Lattice F236490140-832154795_3009185-91047384_1587186106-GB-F-010 read.
LOG (lattice-oracle[5.5.480~1-09abd]:main():lattice-oracle.cc:318) %WER 40 [ 2 / 5, 0 insertions, 2 deletions, 0 sub ]
LOG (lattice-oracle[5.5.480~1-09abd]:main():lattice-oracle.cc:332) For utterance F236490140-832154795_3009185-91047384_1587186106-GB-F-010, best cost 2
Lattice F236490140-832154795_3009185-91047384_1587186106-GB-F-011 read.
LOG (lattice-oracle[5.5.480~1-09abd]:main():lattice-oracle.cc:318) %WER 25 [ 2 / 8, 0 insertions, 2 deletions, 0 sub ]
LOG (lattice-oracle[5.5.480~1-09abd]:main():lattice-oracle.cc:332) For utterance F236490140-832154795_3009185-91047384_1587186106-GB-F-011, best cost 2
Lattice F236490140-832154795_3009185-91047384_1587186106-GB-F-016 read.
LOG (lattice-oracle[5.5.480~1-09abd]:main():lattice-oracle.cc:318) %WER 14.2857 [ 1 / 7, 0 insertions, 1 deletions, 0 sub ]
LOG (lattice-oracle[5.5.480~1-09abd]:main():lattice-oracle.cc:332) For utterance F236490140-832154795_3009185-91047384_1587186106-GB-F-016, best cost 1
Lattice F236490140-832154795_3009185-91047384_1587186106-GB-F-017 read.
LOG (lattice-oracle[5.5.480~1-09abd]:main():lattice-oracle.cc:318) %WER 15 [ 3 / 20, 2 insertions, 1 deletions, 0 sub ]
LOG (lattice-oracle[5.5.480~1-09abd]:main():lattice-oracle.cc:332) For utterance F236490140-832154795_3009185-91047384_1587186106-GB-F-017, best cost 3
Lattice F236490140-832154795_3009185-91047384_1587186106-GB-F-021 read.
LOG (lattice-oracle[5.5.480~1-09abd]:main():lattice-oracle.cc:318) %WER 100 [ 3 / 3, 2 insertions, 1 deletions, 0 sub ]
LOG (lattice-oracle[5.5.480~1-09abd]:main():lattice-oracle.cc:332) For utterance F236490140-832154795_3009185-91047384_1587186106-GB-F-021, best cost 3
Lattice F236490140-832154795_3009185-91047384_1587186106-GB-F-022 read.
LOG (lattice-oracle[5.5.480~1-09abd]:main():lattice-oracle.cc:318) %WER 33.3333 [ 2 / 6, 2 insertions, 0 deletions, 0 sub ]
LOG (lattice-oracle[5.5.480~1-09abd]:main():lattice-oracle.cc:332) For utterance F236490140-832154795_3009185-91047384_1587186106-GB-F-022, best cost 2
Lattice F236490140-832154795_3009185-91047384_1587186106-GB-F-023 read.
LOG (lattice-oracle[5.5.480~1-09abd]:main():lattice-oracle.cc:318) %WER 0 [ 0 / 5, 0 insertions, 0 deletions, 0 sub ]
LOG (lattice-oracle[5.5.480~1-09abd]:main():lattice-oracle.cc:332) For utterance F236490140-832154795_3009185-91047384_1587186106-GB-F-023, best cost 0
Lattice F236490140-832154795_3009185-91047384_1587186106-GB-F-025 read.
LOG (lattice-oracle[5.5.480~1-09abd]:main():lattice-oracle.cc:318) %WER 0 [ 0 / 12, 0 insertions, 0 deletions, 0 sub ]
LOG (lattice-oracle[5.5.480~1-09abd]:main():lattice-oracle.cc:332) For utterance F236490140-832154795_3009185-91047384_1587186106-GB-F-025, best cost 0
Lattice F236490140-832154795_3009185-91047384_1587186106-GB-F-028 read.
LOG (lattice-oracle[5.5.480~1-09abd]:main():lattice-oracle.cc:318) %WER 0 [ 0 / 4, 0 insertions, 0 deletions, 0 sub ]
LOG (lattice-oracle[5.5.480~1-09abd]:main():lattice-oracle.cc:332) For utterance F236490140-832154795_3009185-91047384_1587186106-GB-F-028, best cost 0
Lattice F236490140-832154795_3009185-91047384_1587186106-GB-F-029 read.
LOG (lattice-oracle[5.5.480~1-09abd]:main():lattice-oracle.cc:318) %WER 0 [ 0 / 6, 0 insertions, 0 deletions, 0 sub ]
LOG (lattice-oracle[5.5.480~1-09abd]:main():lattice-oracle.cc:332) For utterance F236490140-832154795_3009185-91047384_1587186106-GB-F-029, best cost 0
Lattice F236490140-832154795_3009185-91047384_1587186106-GB-F-031 read.
LOG (lattice-oracle[5.5.480~1-09abd]:main():lattice-oracle.cc:318) %WER 0 [ 0 / 12, 0 insertions, 0 deletions, 0 sub ]
LOG (lattice-oracle[5.5.480~1-09abd]:main():lattice-oracle.cc:332) For utterance F236490140-832154795_3009185-91047384_1587186106-GB-F-031, best cost 0
Lattice F236490140-832154795_3009185-91047384_1587186106-GB-F-034 read.
LOG (lattice-oracle[5.5.480~1-09abd]:main():lattice-oracle.cc:318) %WER 11.1111 [ 1 / 9, 0 insertions, 1 deletions, 0 sub ]
LOG (lattice-oracle[5.5.480~1-09abd]:main():lattice-oracle.cc:332) For utterance F236490140-832154795_3009185-91047384_1587186106-GB-F-034, best cost 1
Lattice F236490140-832154795_3009185-91047384_1587186106-GB-F-040 read.
LOG (lattice-oracle[5.5.480~1-09abd]:main():lattice-oracle.cc:318) %WER 57.1429 [ 4 / 7, 2 insertions, 2 deletions, 0 sub ]
LOG (lattice-oracle[5.5.480~1-09abd]:main():lattice-oracle.cc:332) For utterance F236490140-832154795_3009185-91047384_1587186106-GB-F-040, best cost 4
Lattice F236490140-832154795_3009185-91047384_1587186106-GB-F-041 read.
LOG (lattice-oracle[5.5.480~1-09abd]:main():lattice-oracle.cc:318) %WER 8.69565 [ 2 / 23, 1 insertions, 1 deletions, 0 sub ]
LOG (lattice-oracle[5.5.480~1-09abd]:main():lattice-oracle.cc:332) For utterance F236490140-832154795_3009185-91047384_1587186106-GB-F-041, best cost 2
Lattice F236490140-832154795_3009185-91047384_1587186106-GB-F-046 read.
LOG (lattice-oracle[5.5.480~1-09abd]:main():lattice-oracle.cc:318) %WER 16.6667 [ 1 / 6, 1 insertions, 0 deletions, 0 sub ]
LOG (lattice-oracle[5.5.480~1-09abd]:main():lattice-oracle.cc:332) For utterance F236490140-832154795_3009185-91047384_1587186106-GB-F-046, best cost 1
Lattice F236490140-832154795_3009185-91047384_1587186106-GB-F-047 read.
LOG (lattice-oracle[5.5.480~1-09abd]:main():lattice-oracle.cc:318) %WER 0 [ 0 / 5, 0 insertions, 0 deletions, 0 sub ]
LOG (lattice-oracle[5.5.480~1-09abd]:main():lattice-oracle.cc:332) For utterance F236490140-832154795_3009185-91047384_1587186106-GB-F-047, best cost 0
Lattice F236490140-832154795_3009185-91047384_1587186106-GB-F-049 read.
LOG (lattice-oracle[5.5.480~1-09abd]:main():lattice-oracle.cc:318) %WER 0 [ 0 / 5, 0 insertions, 0 deletions, 0 sub ]
LOG (lattice-oracle[5.5.480~1-09abd]:main():lattice-oracle.cc:332) For utterance F236490140-832154795_3009185-91047384_1587186106-GB-F-049, best cost 0
Lattice F236490140-832154795_3009185-91047384_1587186106-GB-F-052 read.
LOG (lattice-oracle[5.5.480~1-09abd]:main():lattice-oracle.cc:318) %WER 0 [ 0 / 12, 0 insertions, 0 deletions, 0 sub ]
LOG (lattice-oracle[5.5.480~1-09abd]:main():lattice-oracle.cc:332) For utterance F236490140-832154795_3009185-91047384_1587186106-GB-F-052, best cost 0
Lattice F236490140-832154795_3009185-91047384_1587186106-GB-F-054 read.
LOG (lattice-oracle[5.5.480~1-09abd]:main():lattice-oracle.cc:318) %WER 22.2222 [ 4 / 18, 0 insertions, 4 deletions, 0 sub ]
LOG (lattice-oracle[5.5.480~1-09abd]:main():lattice-oracle.cc:332) For utterance F236490140-832154795_3009185-91047384_1587186106-GB-F-054, best cost 4
Lattice F236490140-832154795_3009185-91047384_1587186106-GB-F-057 read.
LOG (lattice-oracle[5.5.480~1-09abd]:main():lattice-oracle.cc:318) %WER 21.7391 [ 5 / 23, 0 insertions, 5 deletions, 0 sub ]
LOG (lattice-oracle[5.5.480~1-09abd]:main():lattice-oracle.cc:332) For utterance F236490140-832154795_3009185-91047384_1587186106-GB-F-057, best cost 5
Lattice F236490140-832154795_3009185-91047384_1587186106-GB-F-061 read.
LOG (lattice-oracle[5.5.480~1-09abd]:main():lattice-oracle.cc:318) %WER 21.875 [ 7 / 32, 0 insertions, 7 deletions, 0 sub ]
LOG (lattice-oracle[5.5.480~1-09abd]:main():lattice-oracle.cc:332) For utterance F236490140-832154795_3009185-91047384_1587186106-GB-F-061, best cost 7
Lattice F236490140-832154795_3009185-91047384_1587186106-GB-F-069 read.
LOG (lattice-oracle[5.5.480~1-09abd]:main():lattice-oracle.cc:318) %WER 0 [ 0 / 40, 0 insertions, 0 deletions, 0 sub ]
LOG (lattice-oracle[5.5.480~1-09abd]:main():lattice-oracle.cc:332) For utterance F236490140-832154795_3009185-91047384_1587186106-GB-F-069, best cost 0
Lattice F236490140-832154795_3009185-91047384_1587186106-GB-F-077 read.
LOG (lattice-oracle[5.5.480~1-09abd]:main():lattice-oracle.cc:318) %WER 60 [ 3 / 5, 3 insertions, 0 deletions, 0 sub ]
LOG (lattice-oracle[5.5.480~1-09abd]:main():lattice-oracle.cc:332) For utterance F236490140-832154795_3009185-91047384_1587186106-GB-F-077, best cost 3
Lattice F240858801-271786368_316403-1195632937_1601320367-GB-F-005 read.
LOG (lattice-oracle[5.5.480~1-09abd]:main():lattice-oracle.cc:318) %WER 0 [ 0 / 3, 0 insertions, 0 deletions, 0 sub ]
LOG (lattice-oracle[5.5.480~1-09abd]:main():lattice-oracle.cc:332) For utterance F240858801-271786368_316403-1195632937_1601320367-GB-F-005, best cost 0
Lattice F240858801-271786368_316403-1195632937_1601320367-GB-F-006 read.
LOG (lattice-oracle[5.5.480~1-09abd]:main():lattice-oracle.cc:318) %WER 0 [ 0 / 6, 0 insertions, 0 deletions, 0 sub ]
LOG (lattice-oracle[5.5.480~1-09abd]:main():lattice-oracle.cc:332) For utterance F240858801-271786368_316403-1195632937_1601320367-GB-F-006, best cost 0
Lattice F240858801-271786368_316403-1195632937_1601320367-GB-F-007 read.
LOG (lattice-oracle[5.5.480~1-09abd]:main():lattice-oracle.cc:318) %WER 0 [ 0 / 9, 0 insertions, 0 deletions, 0 sub ]
LOG (lattice-oracle[5.5.480~1-09abd]:main():lattice-oracle.cc:332) For utterance F240858801-271786368_316403-1195632937_1601320367-GB-F-007, best cost 0
Lattice F240858801-271786368_316403-1195632937_1601320367-GB-F-010 read.
LOG (lattice-oracle[5.5.480~1-09abd]:main():lattice-oracle.cc:318) %WER 0 [ 0 / 6, 0 insertions, 0 deletions, 0 sub ]
LOG (lattice-oracle[5.5.480~1-09abd]:main():lattice-oracle.cc:332) For utterance F240858801-271786368_316403-1195632937_1601320367-GB-F-010, best cost 0
Lattice F240858801-271786368_316403-1195632937_1601320367-GB-F-011 read.
LOG (lattice-oracle[5.5.480~1-09abd]:main():lattice-oracle.cc:318) %WER 0 [ 0 / 6, 0 insertions, 0 deletions, 0 sub ]
LOG (lattice-oracle[5.5.480~1-09abd]:main():lattice-oracle.cc:332) For utterance F240858801-271786368_316403-1195632937_1601320367-GB-F-011, best cost 0
Lattice F240858801-271786368_316403-1195632937_1601320367-GB-F-012 read.
LOG (lattice-oracle[5.5.480~1-09abd]:main():lattice-oracle.cc:318) %WER 0 [ 0 / 6, 0 insertions, 0 deletions, 0 sub ]
LOG (lattice-oracle[5.5.480~1-09abd]:main():lattice-oracle.cc:332) For utterance F240858801-271786368_316403-1195632937_1601320367-GB-F-012, best cost 0
Lattice F240858801-271786368_316403-1195632937_1601320367-GB-F-013 read.
LOG (lattice-oracle[5.5.480~1-09abd]:main():lattice-oracle.cc:318) %WER 0 [ 0 / 6, 0 insertions, 0 deletions, 0 sub ]
LOG (lattice-oracle[5.5.480~1-09abd]:main():lattice-oracle.cc:332) For utterance F240858801-271786368_316403-1195632937_1601320367-GB-F-013, best cost 0
Lattice F240858801-271786368_316403-1195632937_1601320367-GB-F-014 read.
LOG (lattice-oracle[5.5.480~1-09abd]:main():lattice-oracle.cc:318) %WER 0 [ 0 / 8, 0 insertions, 0 deletions, 0 sub ]
LOG (lattice-oracle[5.5.480~1-09abd]:main():lattice-oracle.cc:332) For utterance F240858801-271786368_316403-1195632937_1601320367-GB-F-014, best cost 0
Lattice F240858801-271786368_316403-1195632937_1601320367-GB-F-015 read.
LOG (lattice-oracle[5.5.480~1-09abd]:main():lattice-oracle.cc:318) %WER 0 [ 0 / 6, 0 insertions, 0 deletions, 0 sub ]
LOG (lattice-oracle[5.5.480~1-09abd]:main():lattice-oracle.cc:332) For utterance F240858801-271786368_316403-1195632937_1601320367-GB-F-015, best cost 0
Lattice F240858801-271786368_316403-1195632937_1601320367-GB-F-016 read.
LOG (lattice-oracle[5.5.480~1-09abd]:main():lattice-oracle.cc:318) %WER 0 [ 0 / 6, 0 insertions, 0 deletions, 0 sub ]
LOG (lattice-oracle[5.5.480~1-09abd]:main():lattice-oracle.cc:332) For utterance F240858801-271786368_316403-1195632937_1601320367-GB-F-016, best cost 0
Lattice F240858801-271786368_316403-1195632937_1601320367-GB-F-018 read.
LOG (lattice-oracle[5.5.480~1-09abd]:main():lattice-oracle.cc:318) %WER 0 [ 0 / 6, 0 insertions, 0 deletions, 0 sub ]
LOG (lattice-oracle[5.5.480~1-09abd]:main():lattice-oracle.cc:332) For utterance F240858801-271786368_316403-1195632937_1601320367-GB-F-018, best cost 0
Lattice F240858801-271786368_316403-1195632937_1601320367-GB-F-023 read.
LOG (lattice-oracle[5.5.480~1-09abd]:main():lattice-oracle.cc:318) %WER 0 [ 0 / 4, 0 insertions, 0 deletions, 0 sub ]
LOG (lattice-oracle[5.5.480~1-09abd]:main():lattice-oracle.cc:332) For utterance F240858801-271786368_316403-1195632937_1601320367-GB-F-023, best cost 0
Lattice F240858801-271786368_316403-1195632937_1601320367-GB-F-024 read.
LOG (lattice-oracle[5.5.480~1-09abd]:main():lattice-oracle.cc:318) %WER 0 [ 0 / 5, 0 insertions, 0 deletions, 0 sub ]
LOG (lattice-oracle[5.5.480~1-09abd]:main():lattice-oracle.cc:332) For utterance F240858801-271786368_316403-1195632937_1601320367-GB-F-024, best cost 0
Lattice F240858801-271786368_316403-1195632937_1601320367-GB-F-025 read.
LOG (lattice-oracle[5.5.480~1-09abd]:main():lattice-oracle.cc:318) %WER 0 [ 0 / 7, 0 insertions, 0 deletions, 0 sub ]
LOG (lattice-oracle[5.5.480~1-09abd]:main():lattice-oracle.cc:332) For utterance F240858801-271786368_316403-1195632937_1601320367-GB-F-025, best cost 0
Lattice F240858801-271786368_316403-1195632937_1601320367-GB-F-028 read.
LOG (lattice-oracle[5.5.480~1-09abd]:main():lattice-oracle.cc:318) %WER 0 [ 0 / 6, 0 insertions, 0 deletions, 0 sub ]
LOG (lattice-oracle[5.5.480~1-09abd]:main():lattice-oracle.cc:332) For utterance F240858801-271786368_316403-1195632937_1601320367-GB-F-028, best cost 0
Lattice F240858801-271786368_316403-1195632937_1601320367-GB-F-029 read.
LOG (lattice-oracle[5.5.480~1-09abd]:main():lattice-oracle.cc:318) %WER 0 [ 0 / 6, 0 insertions, 0 deletions, 0 sub ]
LOG (lattice-oracle[5.5.480~1-09abd]:main():lattice-oracle.cc:332) For utterance F240858801-271786368_316403-1195632937_1601320367-GB-F-029, best cost 0
Lattice F240858801-271786368_316403-1195632937_1601320367-GB-F-030 read.
LOG (lattice-oracle[5.5.480~1-09abd]:main():lattice-oracle.cc:318) %WER 0 [ 0 / 6, 0 insertions, 0 deletions, 0 sub ]
LOG (lattice-oracle[5.5.480~1-09abd]:main():lattice-oracle.cc:332) For utterance F240858801-271786368_316403-1195632937_1601320367-GB-F-030, best cost 0
Lattice F240858801-271786368_316403-1195632937_1601320367-GB-F-031 read.
LOG (lattice-oracle[5.5.480~1-09abd]:main():lattice-oracle.cc:318) %WER 0 [ 0 / 6, 0 insertions, 0 deletions, 0 sub ]
LOG (lattice-oracle[5.5.480~1-09abd]:main():lattice-oracle.cc:332) For utterance F240858801-271786368_316403-1195632937_1601320367-GB-F-031, best cost 0
Lattice F240858801-271786368_316403-1195632937_1601320367-GB-F-032 read.
LOG (lattice-oracle[5.5.480~1-09abd]:main():lattice-oracle.cc:318) %WER 0 [ 0 / 8, 0 insertions, 0 deletions, 0 sub ]
LOG (lattice-oracle[5.5.480~1-09abd]:main():lattice-oracle.cc:332) For utterance F240858801-271786368_316403-1195632937_1601320367-GB-F-032, best cost 0
Lattice F240858801-271786368_316403-1195632937_1601320367-GB-F-033 read.
LOG (lattice-oracle[5.5.480~1-09abd]:main():lattice-oracle.cc:318) %WER 0 [ 0 / 6, 0 insertions, 0 deletions, 0 sub ]
LOG (lattice-oracle[5.5.480~1-09abd]:main():lattice-oracle.cc:332) For utterance F240858801-271786368_316403-1195632937_1601320367-GB-F-033, best cost 0
Lattice F240858801-271786368_316403-1195632937_1601320367-GB-F-034 read.
LOG (lattice-oracle[5.5.480~1-09abd]:main():lattice-oracle.cc:318) %WER 0 [ 0 / 6, 0 insertions, 0 deletions, 0 sub ]
LOG (lattice-oracle[5.5.480~1-09abd]:main():lattice-oracle.cc:332) For utterance F240858801-271786368_316403-1195632937_1601320367-GB-F-034, best cost 0
Lattice F240858801-271786368_316403-1195632937_1601320367-GB-F-036 read.
LOG (lattice-oracle[5.5.480~1-09abd]:main():lattice-oracle.cc:318) %WER 0 [ 0 / 6, 0 insertions, 0 deletions, 0 sub ]
LOG (lattice-oracle[5.5.480~1-09abd]:main():lattice-oracle.cc:332) For utterance F240858801-271786368_316403-1195632937_1601320367-GB-F-036, best cost 0
Lattice F240858801-271786368_316403-1195632937_1601320367-GB-F-038 read.
LOG (lattice-oracle[5.5.480~1-09abd]:main():lattice-oracle.cc:318) %WER 0 [ 0 / 5, 0 insertions, 0 deletions, 0 sub ]
LOG (lattice-oracle[5.5.480~1-09abd]:main():lattice-oracle.cc:332) For utterance F240858801-271786368_316403-1195632937_1601320367-GB-F-038, best cost 0
Lattice F240858801-271786368_316403-1195632937_1601320367-GB-F-039 read.
LOG (lattice-oracle[5.5.480~1-09abd]:main():lattice-oracle.cc:318) %WER 0 [ 0 / 4, 0 insertions, 0 deletions, 0 sub ]
LOG (lattice-oracle[5.5.480~1-09abd]:main():lattice-oracle.cc:332) For utterance F240858801-271786368_316403-1195632937_1601320367-GB-F-039, best cost 0
Lattice F240858801-271786368_316403-1195632937_1601320367-GB-F-040 read.
LOG (lattice-oracle[5.5.480~1-09abd]:main():lattice-oracle.cc:318) %WER 0 [ 0 / 3, 0 insertions, 0 deletions, 0 sub ]
LOG (lattice-oracle[5.5.480~1-09abd]:main():lattice-oracle.cc:332) For utterance F240858801-271786368_316403-1195632937_1601320367-GB-F-040, best cost 0
Lattice F240858801-271786368_316403-1195632937_1601320367-GB-F-041 read.
LOG (lattice-oracle[5.5.480~1-09abd]:main():lattice-oracle.cc:318) %WER 0 [ 0 / 6, 0 insertions, 0 deletions, 0 sub ]
LOG (lattice-oracle[5.5.480~1-09abd]:main():lattice-oracle.cc:332) For utterance F240858801-271786368_316403-1195632937_1601320367-GB-F-041, best cost 0
Lattice F240858801-271786368_316403-1195632937_1601320367-GB-F-043 read.
LOG (lattice-oracle[5.5.480~1-09abd]:main():lattice-oracle.cc:318) %WER 0 [ 0 / 2, 0 insertions, 0 deletions, 0 sub ]
LOG (lattice-oracle[5.5.480~1-09abd]:main():lattice-oracle.cc:332) For utterance F240858801-271786368_316403-1195632937_1601320367-GB-F-043, best cost 0
Lattice F240858801-271786368_316403-1195632937_1601320367-GB-F-045 read.
LOG (lattice-oracle[5.5.480~1-09abd]:main():lattice-oracle.cc:318) %WER 0 [ 0 / 10, 0 insertions, 0 deletions, 0 sub ]
LOG (lattice-oracle[5.5.480~1-09abd]:main():lattice-oracle.cc:332) For utterance F240858801-271786368_316403-1195632937_1601320367-GB-F-045, best cost 0
Lattice F240858801-271786368_316403-1195632937_1601320367-GB-F-047 read.
LOG (lattice-oracle[5.5.480~1-09abd]:main():lattice-oracle.cc:318) %WER 0 [ 0 / 6, 0 insertions, 0 deletions, 0 sub ]
LOG (lattice-oracle[5.5.480~1-09abd]:main():lattice-oracle.cc:332) For utterance F240858801-271786368_316403-1195632937_1601320367-GB-F-047, best cost 0
Lattice F240858801-271786368_316403-1195632937_1601320367-GB-F-048 read.
LOG (lattice-oracle[5.5.480~1-09abd]:main():lattice-oracle.cc:318) %WER 0 [ 0 / 6, 0 insertions, 0 deletions, 0 sub ]
LOG (lattice-oracle[5.5.480~1-09abd]:main():lattice-oracle.cc:332) For utterance F240858801-271786368_316403-1195632937_1601320367-GB-F-048, best cost 0
Lattice F240858801-271786368_316403-1195632937_1601320367-GB-F-049 read.
LOG (lattice-oracle[5.5.480~1-09abd]:main():lattice-oracle.cc:318) %WER 0 [ 0 / 6, 0 insertions, 0 deletions, 0 sub ]
LOG (lattice-oracle[5.5.480~1-09abd]:main():lattice-oracle.cc:332) For utterance F240858801-271786368_316403-1195632937_1601320367-GB-F-049, best cost 0
Lattice F240858801-271786368_316403-1195632937_1601320367-GB-F-050 read.
LOG (lattice-oracle[5.5.480~1-09abd]:main():lattice-oracle.cc:318) %WER 0 [ 0 / 20, 0 insertions, 0 deletions, 0 sub ]
LOG (lattice-oracle[5.5.480~1-09abd]:main():lattice-oracle.cc:332) For utterance F240858801-271786368_316403-1195632937_1601320367-GB-F-050, best cost 0
Lattice F240858801-271786368_316403-1195632937_1601320367-GB-F-053 read.
LOG (lattice-oracle[5.5.480~1-09abd]:main():lattice-oracle.cc:318) %WER 0 [ 0 / 6, 0 insertions, 0 deletions, 0 sub ]
LOG (lattice-oracle[5.5.480~1-09abd]:main():lattice-oracle.cc:332) For utterance F240858801-271786368_316403-1195632937_1601320367-GB-F-053, best cost 0
Lattice F240858801-271786368_316403-1195632937_1601320367-GB-F-054 read.
LOG (lattice-oracle[5.5.480~1-09abd]:main():lattice-oracle.cc:318) %WER 8.33333 [ 1 / 12, 1 insertions, 0 deletions, 0 sub ]
LOG (lattice-oracle[5.5.480~1-09abd]:main():lattice-oracle.cc:332) For utterance F240858801-271786368_316403-1195632937_1601320367-GB-F-054, best cost 1
Lattice F240858801-47071132_1389194-119088027_1593792512-GB-F-001 read.
LOG (lattice-oracle[5.5.480~1-09abd]:main():lattice-oracle.cc:318) %WER 16.6667 [ 1 / 6, 0 insertions, 1 deletions, 0 sub ]
LOG (lattice-oracle[5.5.480~1-09abd]:main():lattice-oracle.cc:332) For utterance F240858801-47071132_1389194-119088027_1593792512-GB-F-001, best cost 1
Lattice F240858801-47071132_1389194-119088027_1593792512-GB-F-002 read.
LOG (lattice-oracle[5.5.480~1-09abd]:main():lattice-oracle.cc:318) %WER 0 [ 0 / 4, 0 insertions, 0 deletions, 0 sub ]
LOG (lattice-oracle[5.5.480~1-09abd]:main():lattice-oracle.cc:332) For utterance F240858801-47071132_1389194-119088027_1593792512-GB-F-002, best cost 0
Lattice F240858801-47071132_1389194-119088027_1593792512-GB-F-003 read.
LOG (lattice-oracle[5.5.480~1-09abd]:main():lattice-oracle.cc:318) %WER 0 [ 0 / 6, 0 insertions, 0 deletions, 0 sub ]
LOG (lattice-oracle[5.5.480~1-09abd]:main():lattice-oracle.cc:332) For utterance F240858801-47071132_1389194-119088027_1593792512-GB-F-003, best cost 0
Lattice F240858801-47071132_1389194-119088027_1593792512-GB-F-004 read.
LOG (lattice-oracle[5.5.480~1-09abd]:main():lattice-oracle.cc:318) %WER 0 [ 0 / 3, 0 insertions, 0 deletions, 0 sub ]
LOG (lattice-oracle[5.5.480~1-09abd]:main():lattice-oracle.cc:332) For utterance F240858801-47071132_1389194-119088027_1593792512-GB-F-004, best cost 0
Lattice F240858801-47071132_1389194-119088027_1593792512-GB-F-010 read.
LOG (lattice-oracle[5.5.480~1-09abd]:main():lattice-oracle.cc:318) %WER 0 [ 0 / 14, 0 insertions, 0 deletions, 0 sub ]
LOG (lattice-oracle[5.5.480~1-09abd]:main():lattice-oracle.cc:332) For utterance F240858801-47071132_1389194-119088027_1593792512-GB-F-010, best cost 0
Lattice F240858801-47071132_1389194-119088027_1593792512-GB-F-012 read.
LOG (lattice-oracle[5.5.480~1-09abd]:main():lattice-oracle.cc:318) %WER 0 [ 0 / 7, 0 insertions, 0 deletions, 0 sub ]
LOG (lattice-oracle[5.5.480~1-09abd]:main():lattice-oracle.cc:332) For utterance F240858801-47071132_1389194-119088027_1593792512-GB-F-012, best cost 0
Lattice F240858801-47071132_1389194-119088027_1593792512-GB-F-013 read.
LOG (lattice-oracle[5.5.480~1-09abd]:main():lattice-oracle.cc:318) %WER 0 [ 0 / 13, 0 insertions, 0 deletions, 0 sub ]
LOG (lattice-oracle[5.5.480~1-09abd]:main():lattice-oracle.cc:332) For utterance F240858801-47071132_1389194-119088027_1593792512-GB-F-013, best cost 0
Lattice F240858801-47071132_1389194-119088027_1593792512-GB-F-016 read.
LOG (lattice-oracle[5.5.480~1-09abd]:main():lattice-oracle.cc:318) %WER 0 [ 0 / 8, 0 insertions, 0 deletions, 0 sub ]
LOG (lattice-oracle[5.5.480~1-09abd]:main():lattice-oracle.cc:332) For utterance F240858801-47071132_1389194-119088027_1593792512-GB-F-016, best cost 0
Lattice F240858801-47071132_1389194-119088027_1593792512-GB-F-017 read.
LOG (lattice-oracle[5.5.480~1-09abd]:main():lattice-oracle.cc:318) %WER 25 [ 4 / 16, 0 insertions, 4 deletions, 0 sub ]
LOG (lattice-oracle[5.5.480~1-09abd]:main():lattice-oracle.cc:332) For utterance F240858801-47071132_1389194-119088027_1593792512-GB-F-017, best cost 4
Lattice F240858801-47071132_1389194-119088027_1593792512-GB-F-020 read.
LOG (lattice-oracle[5.5.480~1-09abd]:main():lattice-oracle.cc:318) %WER 27.2727 [ 3 / 11, 0 insertions, 1 deletions, 2 sub ]
LOG (lattice-oracle[5.5.480~1-09abd]:main():lattice-oracle.cc:332) For utterance F240858801-47071132_1389194-119088027_1593792512-GB-F-020, best cost 3
Lattice F240858801-47071132_1389194-119088027_1593792512-GB-F-022 read.
LOG (lattice-oracle[5.5.480~1-09abd]:main():lattice-oracle.cc:318) %WER 50 [ 5 / 10, 0 insertions, 4 deletions, 1 sub ]
LOG (lattice-oracle[5.5.480~1-09abd]:main():lattice-oracle.cc:332) For utterance F240858801-47071132_1389194-119088027_1593792512-GB-F-022, best cost 5
Lattice F240858801-47071132_1389194-119088027_1593792512-GB-F-024 read.
LOG (lattice-oracle[5.5.480~1-09abd]:main():lattice-oracle.cc:318) %WER 0 [ 0 / 5, 0 insertions, 0 deletions, 0 sub ]
LOG (lattice-oracle[5.5.480~1-09abd]:main():lattice-oracle.cc:332) For utterance F240858801-47071132_1389194-119088027_1593792512-GB-F-024, best cost 0
Lattice F240858801-47071132_1389194-119088027_1593792512-GB-F-025 read.
LOG (lattice-oracle[5.5.480~1-09abd]:main():lattice-oracle.cc:318) %WER 0 [ 0 / 6, 0 insertions, 0 deletions, 0 sub ]
LOG (lattice-oracle[5.5.480~1-09abd]:main():lattice-oracle.cc:332) For utterance F240858801-47071132_1389194-119088027_1593792512-GB-F-025, best cost 0
Lattice F240858801-47071132_1389194-119088027_1593792512-GB-F-031 read.
LOG (lattice-oracle[5.5.480~1-09abd]:main():lattice-oracle.cc:318) %WER 0 [ 0 / 7, 0 insertions, 0 deletions, 0 sub ]
LOG (lattice-oracle[5.5.480~1-09abd]:main():lattice-oracle.cc:332) For utterance F240858801-47071132_1389194-119088027_1593792512-GB-F-031, best cost 0
Lattice F240858801-47071132_1389194-119088027_1593792512-GB-F-032 read.
LOG (lattice-oracle[5.5.480~1-09abd]:main():lattice-oracle.cc:318) %WER 0 [ 0 / 3, 0 insertions, 0 deletions, 0 sub ]
LOG (lattice-oracle[5.5.480~1-09abd]:main():lattice-oracle.cc:332) For utterance F240858801-47071132_1389194-119088027_1593792512-GB-F-032, best cost 0
Lattice F240858801-47071132_1389194-119088027_1593792512-GB-F-033 read.
LOG (lattice-oracle[5.5.480~1-09abd]:main():lattice-oracle.cc:318) %WER 0 [ 0 / 5, 0 insertions, 0 deletions, 0 sub ]
LOG (lattice-oracle[5.5.480~1-09abd]:main():lattice-oracle.cc:332) For utterance F240858801-47071132_1389194-119088027_1593792512-GB-F-033, best cost 0
Lattice F240858801-47071132_1389194-119088027_1593792512-GB-F-035 read.
LOG (lattice-oracle[5.5.480~1-09abd]:main():lattice-oracle.cc:318) %WER 0 [ 0 / 4, 0 insertions, 0 deletions, 0 sub ]
LOG (lattice-oracle[5.5.480~1-09abd]:main():lattice-oracle.cc:332) For utterance F240858801-47071132_1389194-119088027_1593792512-GB-F-035, best cost 0
Lattice F240858801-47071132_1389194-119088027_1593792512-GB-F-036 read.
LOG (lattice-oracle[5.5.480~1-09abd]:main():lattice-oracle.cc:318) %WER 0 [ 0 / 14, 0 insertions, 0 deletions, 0 sub ]
LOG (lattice-oracle[5.5.480~1-09abd]:main():lattice-oracle.cc:332) For utterance F240858801-47071132_1389194-119088027_1593792512-GB-F-036, best cost 0
Lattice F240858801-47071132_1389194-119088027_1593792512-GB-F-038 read.
LOG (lattice-oracle[5.5.480~1-09abd]:main():lattice-oracle.cc:318) %WER 0 [ 0 / 8, 0 insertions, 0 deletions, 0 sub ]
LOG (lattice-oracle[5.5.480~1-09abd]:main():lattice-oracle.cc:332) For utterance F240858801-47071132_1389194-119088027_1593792512-GB-F-038, best cost 0
Lattice F240858801-47071132_1389194-119088027_1593792512-GB-F-039 read.
LOG (lattice-oracle[5.5.480~1-09abd]:main():lattice-oracle.cc:318) %WER 0 [ 0 / 7, 0 insertions, 0 deletions, 0 sub ]
LOG (lattice-oracle[5.5.480~1-09abd]:main():lattice-oracle.cc:332) For utterance F240858801-47071132_1389194-119088027_1593792512-GB-F-039, best cost 0
Lattice F240858801-47071132_1389194-119088027_1593792512-GB-F-041 read.
LOG (lattice-oracle[5.5.480~1-09abd]:main():lattice-oracle.cc:318) %WER 20 [ 2 / 10, 1 insertions, 0 deletions, 1 sub ]
LOG (lattice-oracle[5.5.480~1-09abd]:main():lattice-oracle.cc:332) For utterance F240858801-47071132_1389194-119088027_1593792512-GB-F-041, best cost 2
Lattice F240858801-47071132_1389194-119088027_1593792512-GB-F-044 read.
LOG (lattice-oracle[5.5.480~1-09abd]:main():lattice-oracle.cc:318) %WER 0 [ 0 / 6, 0 insertions, 0 deletions, 0 sub ]
LOG (lattice-oracle[5.5.480~1-09abd]:main():lattice-oracle.cc:332) For utterance F240858801-47071132_1389194-119088027_1593792512-GB-F-044, best cost 0
Lattice F240858801-47071132_1389194-119088027_1593792512-GB-F-045 read.
LOG (lattice-oracle[5.5.480~1-09abd]:main():lattice-oracle.cc:318) %WER 0 [ 0 / 5, 0 insertions, 0 deletions, 0 sub ]
LOG (lattice-oracle[5.5.480~1-09abd]:main():lattice-oracle.cc:332) For utterance F240858801-47071132_1389194-119088027_1593792512-GB-F-045, best cost 0
Lattice F240858801-47071132_1389194-119088027_1593792512-GB-F-046 read.
LOG (lattice-oracle[5.5.480~1-09abd]:main():lattice-oracle.cc:318) %WER 0 [ 0 / 11, 0 insertions, 0 deletions, 0 sub ]
LOG (lattice-oracle[5.5.480~1-09abd]:main():lattice-oracle.cc:332) For utterance F240858801-47071132_1389194-119088027_1593792512-GB-F-046, best cost 0
Lattice F240858801-47071132_1389194-119088027_1593792512-GB-F-048 read.
LOG (lattice-oracle[5.5.480~1-09abd]:main():lattice-oracle.cc:318) %WER 0 [ 0 / 10, 0 insertions, 0 deletions, 0 sub ]
LOG (lattice-oracle[5.5.480~1-09abd]:main():lattice-oracle.cc:332) For utterance F240858801-47071132_1389194-119088027_1593792512-GB-F-048, best cost 0
Lattice F240858801-47071132_1389194-119088027_1593792512-GB-F-050 read.
LOG (lattice-oracle[5.5.480~1-09abd]:main():lattice-oracle.cc:318) %WER 0 [ 0 / 11, 0 insertions, 0 deletions, 0 sub ]
LOG (lattice-oracle[5.5.480~1-09abd]:main():lattice-oracle.cc:332) For utterance F240858801-47071132_1389194-119088027_1593792512-GB-F-050, best cost 0
Lattice F240858801-47071132_1389194-119088027_1593792512-GB-F-052 read.
LOG (lattice-oracle[5.5.480~1-09abd]:main():lattice-oracle.cc:318) %WER 0 [ 0 / 6, 0 insertions, 0 deletions, 0 sub ]
LOG (lattice-oracle[5.5.480~1-09abd]:main():lattice-oracle.cc:332) For utterance F240858801-47071132_1389194-119088027_1593792512-GB-F-052, best cost 0
Lattice F240858801-47071132_1389194-119088027_1593792512-GB-F-055 read.
LOG (lattice-oracle[5.5.480~1-09abd]:main():lattice-oracle.cc:318) %WER 0 [ 0 / 9, 0 insertions, 0 deletions, 0 sub ]
LOG (lattice-oracle[5.5.480~1-09abd]:main():lattice-oracle.cc:332) For utterance F240858801-47071132_1389194-119088027_1593792512-GB-F-055, best cost 0
Lattice F240858801-47071132_1389194-119088027_1593792512-GB-F-057 read.
LOG (lattice-oracle[5.5.480~1-09abd]:main():lattice-oracle.cc:318) %WER 0 [ 0 / 12, 0 insertions, 0 deletions, 0 sub ]
LOG (lattice-oracle[5.5.480~1-09abd]:main():lattice-oracle.cc:332) For utterance F240858801-47071132_1389194-119088027_1593792512-GB-F-057, best cost 0
Lattice F240858801-47071132_1389194-119088027_1593792512-GB-F-060 read.
LOG (lattice-oracle[5.5.480~1-09abd]:main():lattice-oracle.cc:318) %WER 0 [ 0 / 9, 0 insertions, 0 deletions, 0 sub ]
LOG (lattice-oracle[5.5.480~1-09abd]:main():lattice-oracle.cc:332) For utterance F240858801-47071132_1389194-119088027_1593792512-GB-F-060, best cost 0
Lattice F240858801-47071132_1389194-119088027_1593792512-GB-F-062 read.
LOG (lattice-oracle[5.5.480~1-09abd]:main():lattice-oracle.cc:318) %WER 0 [ 0 / 10, 0 insertions, 0 deletions, 0 sub ]
LOG (lattice-oracle[5.5.480~1-09abd]:main():lattice-oracle.cc:332) For utterance F240858801-47071132_1389194-119088027_1593792512-GB-F-062, best cost 0
Lattice F240858801-47071132_1389194-119088027_1593792512-GB-F-067 read.
LOG (lattice-oracle[5.5.480~1-09abd]:main():lattice-oracle.cc:318) %WER 0 [ 0 / 5, 0 insertions, 0 deletions, 0 sub ]
LOG (lattice-oracle[5.5.480~1-09abd]:main():lattice-oracle.cc:332) For utterance F240858801-47071132_1389194-119088027_1593792512-GB-F-067, best cost 0
Lattice F240858801-47071132_1389194-119088027_1593792512-GB-F-068 read.
LOG (lattice-oracle[5.5.480~1-09abd]:main():lattice-oracle.cc:318) %WER 0 [ 0 / 12, 0 insertions, 0 deletions, 0 sub ]
LOG (lattice-oracle[5.5.480~1-09abd]:main():lattice-oracle.cc:332) For utterance F240858801-47071132_1389194-119088027_1593792512-GB-F-068, best cost 0
Lattice F249015260-575748924_385354-981857510_897181513-GB-F-002 read.
LOG (lattice-oracle[5.5.480~1-09abd]:main():lattice-oracle.cc:318) %WER 25 [ 1 / 4, 0 insertions, 1 deletions, 0 sub ]
LOG (lattice-oracle[5.5.480~1-09abd]:main():lattice-oracle.cc:332) For utterance F249015260-575748924_385354-981857510_897181513-GB-F-002, best cost 1
Lattice F249015260-575748924_385354-981857510_897181513-GB-F-004 read.
LOG (lattice-oracle[5.5.480~1-09abd]:main():lattice-oracle.cc:318) %WER 0 [ 0 / 6, 0 insertions, 0 deletions, 0 sub ]
LOG (lattice-oracle[5.5.480~1-09abd]:main():lattice-oracle.cc:332) For utterance F249015260-575748924_385354-981857510_897181513-GB-F-004, best cost 0
Lattice F249015260-575748924_385354-981857510_897181513-GB-F-005 read.
LOG (lattice-oracle[5.5.480~1-09abd]:main():lattice-oracle.cc:318) %WER 4.34783 [ 1 / 23, 0 insertions, 1 deletions, 0 sub ]
LOG (lattice-oracle[5.5.480~1-09abd]:main():lattice-oracle.cc:332) For utterance F249015260-575748924_385354-981857510_897181513-GB-F-005, best cost 1
Lattice F249015260-575748924_385354-981857510_897181513-GB-F-009 read.
LOG (lattice-oracle[5.5.480~1-09abd]:main():lattice-oracle.cc:318) %WER 0 [ 0 / 3, 0 insertions, 0 deletions, 0 sub ]
LOG (lattice-oracle[5.5.480~1-09abd]:main():lattice-oracle.cc:332) For utterance F249015260-575748924_385354-981857510_897181513-GB-F-009, best cost 0
Lattice F249015260-575748924_385354-981857510_897181513-GB-F-010 read.
LOG (lattice-oracle[5.5.480~1-09abd]:main():lattice-oracle.cc:318) %WER 40 [ 2 / 5, 0 insertions, 0 deletions, 2 sub ]
LOG (lattice-oracle[5.5.480~1-09abd]:main():lattice-oracle.cc:332) For utterance F249015260-575748924_385354-981857510_897181513-GB-F-010, best cost 2
Lattice F249015260-575748924_385354-981857510_897181513-GB-F-011 read.
LOG (lattice-oracle[5.5.480~1-09abd]:main():lattice-oracle.cc:318) %WER 0 [ 0 / 3, 0 insertions, 0 deletions, 0 sub ]
LOG (lattice-oracle[5.5.480~1-09abd]:main():lattice-oracle.cc:332) For utterance F249015260-575748924_385354-981857510_897181513-GB-F-011, best cost 0
Lattice F249015260-575748924_385354-981857510_897181513-GB-F-012 read.
LOG (lattice-oracle[5.5.480~1-09abd]:main():lattice-oracle.cc:318) %WER 0 [ 0 / 5, 0 insertions, 0 deletions, 0 sub ]
LOG (lattice-oracle[5.5.480~1-09abd]:main():lattice-oracle.cc:332) For utterance F249015260-575748924_385354-981857510_897181513-GB-F-012, best cost 0
Lattice F249015260-575748924_385354-981857510_897181513-GB-F-013 read.
LOG (lattice-oracle[5.5.480~1-09abd]:main():lattice-oracle.cc:318) %WER 0 [ 0 / 3, 0 insertions, 0 deletions, 0 sub ]
LOG (lattice-oracle[5.5.480~1-09abd]:main():lattice-oracle.cc:332) For utterance F249015260-575748924_385354-981857510_897181513-GB-F-013, best cost 0
Lattice F249015260-575748924_385354-981857510_897181513-GB-F-014 read.
LOG (lattice-oracle[5.5.480~1-09abd]:main():lattice-oracle.cc:318) %WER 0 [ 0 / 6, 0 insertions, 0 deletions, 0 sub ]
LOG (lattice-oracle[5.5.480~1-09abd]:main():lattice-oracle.cc:332) For utterance F249015260-575748924_385354-981857510_897181513-GB-F-014, best cost 0
Lattice F249015260-575748924_385354-981857510_897181513-GB-F-015 read.
LOG (lattice-oracle[5.5.480~1-09abd]:main():lattice-oracle.cc:318) %WER 0 [ 0 / 14, 0 insertions, 0 deletions, 0 sub ]
LOG (lattice-oracle[5.5.480~1-09abd]:main():lattice-oracle.cc:332) For utterance F249015260-575748924_385354-981857510_897181513-GB-F-015, best cost 0
Lattice F249015260-575748924_385354-981857510_897181513-GB-F-018 read.
LOG (lattice-oracle[5.5.480~1-09abd]:main():lattice-oracle.cc:318) %WER 0 [ 0 / 5, 0 insertions, 0 deletions, 0 sub ]
LOG (lattice-oracle[5.5.480~1-09abd]:main():lattice-oracle.cc:332) For utterance F249015260-575748924_385354-981857510_897181513-GB-F-018, best cost 0
Lattice F249015260-575748924_385354-981857510_897181513-GB-F-019 read.
LOG (lattice-oracle[5.5.480~1-09abd]:main():lattice-oracle.cc:318) %WER 0 [ 0 / 5, 0 insertions, 0 deletions, 0 sub ]
LOG (lattice-oracle[5.5.480~1-09abd]:main():lattice-oracle.cc:332) For utterance F249015260-575748924_385354-981857510_897181513-GB-F-019, best cost 0
Lattice F249015260-575748924_385354-981857510_897181513-GB-F-020 read.
LOG (lattice-oracle[5.5.480~1-09abd]:main():lattice-oracle.cc:318) %WER 0 [ 0 / 4, 0 insertions, 0 deletions, 0 sub ]
LOG (lattice-oracle[5.5.480~1-09abd]:main():lattice-oracle.cc:332) For utterance F249015260-575748924_385354-981857510_897181513-GB-F-020, best cost 0
Lattice F249015260-575748924_385354-981857510_897181513-GB-F-021 read.
LOG (lattice-oracle[5.5.480~1-09abd]:main():lattice-oracle.cc:318) %WER 50 [ 1 / 2, 1 insertions, 0 deletions, 0 sub ]
LOG (lattice-oracle[5.5.480~1-09abd]:main():lattice-oracle.cc:332) For utterance F249015260-575748924_385354-981857510_897181513-GB-F-021, best cost 1
Lattice F249015260-575748924_385354-981857510_897181513-GB-F-022 read.
LOG (lattice-oracle[5.5.480~1-09abd]:main():lattice-oracle.cc:318) %WER 0 [ 0 / 6, 0 insertions, 0 deletions, 0 sub ]
LOG (lattice-oracle[5.5.480~1-09abd]:main():lattice-oracle.cc:332) For utterance F249015260-575748924_385354-981857510_897181513-GB-F-022, best cost 0
Lattice F249015260-575748924_385354-981857510_897181513-GB-F-023 read.
LOG (lattice-oracle[5.5.480~1-09abd]:main():lattice-oracle.cc:318) %WER 0 [ 0 / 8, 0 insertions, 0 deletions, 0 sub ]
LOG (lattice-oracle[5.5.480~1-09abd]:main():lattice-oracle.cc:332) For utterance F249015260-575748924_385354-981857510_897181513-GB-F-023, best cost 0
Lattice F249015260-575748924_385354-981857510_897181513-GB-F-026 read.
LOG (lattice-oracle[5.5.480~1-09abd]:main():lattice-oracle.cc:318) %WER 16.6667 [ 1 / 6, 1 insertions, 0 deletions, 0 sub ]
LOG (lattice-oracle[5.5.480~1-09abd]:main():lattice-oracle.cc:332) For utterance F249015260-575748924_385354-981857510_897181513-GB-F-026, best cost 1
Lattice F249015260-575748924_385354-981857510_897181513-GB-F-027 read.
LOG (lattice-oracle[5.5.480~1-09abd]:main():lattice-oracle.cc:318) %WER 33.3333 [ 1 / 3, 0 insertions, 1 deletions, 0 sub ]
LOG (lattice-oracle[5.5.480~1-09abd]:main():lattice-oracle.cc:332) For utterance F249015260-575748924_385354-981857510_897181513-GB-F-027, best cost 1
Lattice F249015260-575748924_385354-981857510_897181513-GB-F-028 read.
LOG (lattice-oracle[5.5.480~1-09abd]:main():lattice-oracle.cc:318) %WER 20 [ 1 / 5, 1 insertions, 0 deletions, 0 sub ]
LOG (lattice-oracle[5.5.480~1-09abd]:main():lattice-oracle.cc:332) For utterance F249015260-575748924_385354-981857510_897181513-GB-F-028, best cost 1
Lattice F249015260-575748924_385354-981857510_897181513-GB-F-029 read.
LOG (lattice-oracle[5.5.480~1-09abd]:main():lattice-oracle.cc:318) %WER 0 [ 0 / 7, 0 insertions, 0 deletions, 0 sub ]
LOG (lattice-oracle[5.5.480~1-09abd]:main():lattice-oracle.cc:332) For utterance F249015260-575748924_385354-981857510_897181513-GB-F-029, best cost 0
Lattice F249015260-575748924_385354-981857510_897181513-GB-F-030 read.
LOG (lattice-oracle[5.5.480~1-09abd]:main():lattice-oracle.cc:318) %WER 3.7037 [ 1 / 27, 0 insertions, 1 deletions, 0 sub ]
LOG (lattice-oracle[5.5.480~1-09abd]:main():lattice-oracle.cc:332) For utterance F249015260-575748924_385354-981857510_897181513-GB-F-030, best cost 1
Lattice F249015260-575748924_385354-981857510_897181513-GB-F-036 read.
LOG (lattice-oracle[5.5.480~1-09abd]:main():lattice-oracle.cc:318) %WER 0 [ 0 / 14, 0 insertions, 0 deletions, 0 sub ]
LOG (lattice-oracle[5.5.480~1-09abd]:main():lattice-oracle.cc:332) For utterance F249015260-575748924_385354-981857510_897181513-GB-F-036, best cost 0
Lattice F249015260-575748924_385354-981857510_897181513-GB-F-038 read.
LOG (lattice-oracle[5.5.480~1-09abd]:main():lattice-oracle.cc:318) %WER 0 [ 0 / 5, 0 insertions, 0 deletions, 0 sub ]
LOG (lattice-oracle[5.5.480~1-09abd]:main():lattice-oracle.cc:332) For utterance F249015260-575748924_385354-981857510_897181513-GB-F-038, best cost 0
Lattice F249015260-575748924_385354-981857510_897181513-GB-F-039 read.
LOG (lattice-oracle[5.5.480~1-09abd]:main():lattice-oracle.cc:318) %WER 0 [ 0 / 3, 0 insertions, 0 deletions, 0 sub ]
LOG (lattice-oracle[5.5.480~1-09abd]:main():lattice-oracle.cc:332) For utterance F249015260-575748924_385354-981857510_897181513-GB-F-039, best cost 0
Lattice F249015260-575748924_385354-981857510_897181513-GB-F-040 read.
LOG (lattice-oracle[5.5.480~1-09abd]:main():lattice-oracle.cc:318) %WER 0 [ 0 / 3, 0 insertions, 0 deletions, 0 sub ]
LOG (lattice-oracle[5.5.480~1-09abd]:main():lattice-oracle.cc:332) For utterance F249015260-575748924_385354-981857510_897181513-GB-F-040, best cost 0
Lattice F249015260-575748924_385354-981857510_897181513-GB-F-042 read.
LOG (lattice-oracle[5.5.480~1-09abd]:main():lattice-oracle.cc:318) %WER 20 [ 1 / 5, 1 insertions, 0 deletions, 0 sub ]
LOG (lattice-oracle[5.5.480~1-09abd]:main():lattice-oracle.cc:332) For utterance F249015260-575748924_385354-981857510_897181513-GB-F-042, best cost 1
Lattice F250903799-393063900_92265-1064282872_1598672057-GB-F-001 read.
LOG (lattice-oracle[5.5.480~1-09abd]:main():lattice-oracle.cc:318) %WER 0 [ 0 / 7, 0 insertions, 0 deletions, 0 sub ]
LOG (lattice-oracle[5.5.480~1-09abd]:main():lattice-oracle.cc:332) For utterance F250903799-393063900_92265-1064282872_1598672057-GB-F-001, best cost 0
Lattice F250903799-393063900_92265-1064282872_1598672057-GB-F-002 read.
LOG (lattice-oracle[5.5.480~1-09abd]:main():lattice-oracle.cc:318) %WER 0 [ 0 / 6, 0 insertions, 0 deletions, 0 sub ]
LOG (lattice-oracle[5.5.480~1-09abd]:main():lattice-oracle.cc:332) For utterance F250903799-393063900_92265-1064282872_1598672057-GB-F-002, best cost 0
Lattice F250903799-393063900_92265-1064282872_1598672057-GB-F-003 read.
LOG (lattice-oracle[5.5.480~1-09abd]:main():lattice-oracle.cc:318) %WER 0 [ 0 / 6, 0 insertions, 0 deletions, 0 sub ]
LOG (lattice-oracle[5.5.480~1-09abd]:main():lattice-oracle.cc:332) For utterance F250903799-393063900_92265-1064282872_1598672057-GB-F-003, best cost 0
Lattice F250903799-393063900_92265-1064282872_1598672057-GB-F-004 read.
LOG (lattice-oracle[5.5.480~1-09abd]:main():lattice-oracle.cc:318) %WER 0 [ 0 / 7, 0 insertions, 0 deletions, 0 sub ]
LOG (lattice-oracle[5.5.480~1-09abd]:main():lattice-oracle.cc:332) For utterance F250903799-393063900_92265-1064282872_1598672057-GB-F-004, best cost 0
Lattice F250903799-393063900_92265-1064282872_1598672057-GB-F-010 read.
LOG (lattice-oracle[5.5.480~1-09abd]:main():lattice-oracle.cc:318) %WER 85.7143 [ 6 / 7, 0 insertions, 4 deletions, 2 sub ]
LOG (lattice-oracle[5.5.480~1-09abd]:main():lattice-oracle.cc:332) For utterance F250903799-393063900_92265-1064282872_1598672057-GB-F-010, best cost 6
Lattice F250903799-393063900_92265-1064282872_1598672057-GB-F-014 read.
LOG (lattice-oracle[5.5.480~1-09abd]:main():lattice-oracle.cc:318) %WER 14.2857 [ 2 / 14, 0 insertions, 2 deletions, 0 sub ]
LOG (lattice-oracle[5.5.480~1-09abd]:main():lattice-oracle.cc:332) For utterance F250903799-393063900_92265-1064282872_1598672057-GB-F-014, best cost 2
Lattice F250903799-393063900_92265-1064282872_1598672057-GB-F-021 read.
LOG (lattice-oracle[5.5.480~1-09abd]:main():lattice-oracle.cc:318) %WER 0 [ 0 / 3, 0 insertions, 0 deletions, 0 sub ]
LOG (lattice-oracle[5.5.480~1-09abd]:main():lattice-oracle.cc:332) For utterance F250903799-393063900_92265-1064282872_1598672057-GB-F-021, best cost 0
Lattice F250903799-393063900_92265-1064282872_1598672057-GB-F-023 read.
LOG (lattice-oracle[5.5.480~1-09abd]:main():lattice-oracle.cc:318) %WER 0 [ 0 / 6, 0 insertions, 0 deletions, 0 sub ]
LOG (lattice-oracle[5.5.480~1-09abd]:main():lattice-oracle.cc:332) For utterance F250903799-393063900_92265-1064282872_1598672057-GB-F-023, best cost 0
Lattice F250903799-393063900_92265-1064282872_1598672057-GB-F-024 read.
LOG (lattice-oracle[5.5.480~1-09abd]:main():lattice-oracle.cc:318) %WER 0 [ 0 / 5, 0 insertions, 0 deletions, 0 sub ]
LOG (lattice-oracle[5.5.480~1-09abd]:main():lattice-oracle.cc:332) For utterance F250903799-393063900_92265-1064282872_1598672057-GB-F-024, best cost 0
Lattice F250903799-393063900_92265-1064282872_1598672057-GB-F-025 read.
LOG (lattice-oracle[5.5.480~1-09abd]:main():lattice-oracle.cc:318) %WER 0 [ 0 / 3, 0 insertions, 0 deletions, 0 sub ]
LOG (lattice-oracle[5.5.480~1-09abd]:main():lattice-oracle.cc:332) For utterance F250903799-393063900_92265-1064282872_1598672057-GB-F-025, best cost 0
Lattice F250903799-393063900_92265-1064282872_1598672057-GB-F-026 read.
LOG (lattice-oracle[5.5.480~1-09abd]:main():lattice-oracle.cc:318) %WER 0 [ 0 / 8, 0 insertions, 0 deletions, 0 sub ]
LOG (lattice-oracle[5.5.480~1-09abd]:main():lattice-oracle.cc:332) For utterance F250903799-393063900_92265-1064282872_1598672057-GB-F-026, best cost 0
Lattice F250903799-393063900_92265-1064282872_1598672057-GB-F-027 read.
LOG (lattice-oracle[5.5.480~1-09abd]:main():lattice-oracle.cc:318) %WER 0 [ 0 / 8, 0 insertions, 0 deletions, 0 sub ]
LOG (lattice-oracle[5.5.480~1-09abd]:main():lattice-oracle.cc:332) For utterance F250903799-393063900_92265-1064282872_1598672057-GB-F-027, best cost 0
Lattice F250903799-393063900_92265-1064282872_1598672057-GB-F-028 read.
LOG (lattice-oracle[5.5.480~1-09abd]:main():lattice-oracle.cc:318) %WER 0 [ 0 / 9, 0 insertions, 0 deletions, 0 sub ]
LOG (lattice-oracle[5.5.480~1-09abd]:main():lattice-oracle.cc:332) For utterance F250903799-393063900_92265-1064282872_1598672057-GB-F-028, best cost 0
Lattice F250903799-393063900_92265-1064282872_1598672057-GB-F-035 read.
LOG (lattice-oracle[5.5.480~1-09abd]:main():lattice-oracle.cc:318) %WER 96 [ 24 / 25, 0 insertions, 24 deletions, 0 sub ]
LOG (lattice-oracle[5.5.480~1-09abd]:main():lattice-oracle.cc:332) For utterance F250903799-393063900_92265-1064282872_1598672057-GB-F-035, best cost 24
Lattice F250903799-393063900_92265-1064282872_1598672057-GB-F-040 read.
LOG (lattice-oracle[5.5.480~1-09abd]:main():lattice-oracle.cc:318) %WER 33.3333 [ 5 / 15, 0 insertions, 4 deletions, 1 sub ]
LOG (lattice-oracle[5.5.480~1-09abd]:main():lattice-oracle.cc:332) For utterance F250903799-393063900_92265-1064282872_1598672057-GB-F-040, best cost 5
Lattice F250903799-393063900_92265-1064282872_1598672057-GB-F-046 read.
LOG (lattice-oracle[5.5.480~1-09abd]:main():lattice-oracle.cc:318) %WER 50 [ 2 / 4, 0 insertions, 1 deletions, 1 sub ]
LOG (lattice-oracle[5.5.480~1-09abd]:main():lattice-oracle.cc:332) For utterance F250903799-393063900_92265-1064282872_1598672057-GB-F-046, best cost 2
Lattice F250903799-393063900_92265-1064282872_1598672057-GB-F-048 read.
LOG (lattice-oracle[5.5.480~1-09abd]:main():lattice-oracle.cc:318) %WER 57.5758 [ 19 / 33, 1 insertions, 16 deletions, 2 sub ]
LOG (lattice-oracle[5.5.480~1-09abd]:main():lattice-oracle.cc:332) For utterance F250903799-393063900_92265-1064282872_1598672057-GB-F-048, best cost 19
Lattice F250903799-393063900_92265-1064282872_1598672057-GB-F-059 read.
LOG (lattice-oracle[5.5.480~1-09abd]:main():lattice-oracle.cc:318) %WER 57.1429 [ 8 / 14, 0 insertions, 8 deletions, 0 sub ]
LOG (lattice-oracle[5.5.480~1-09abd]:main():lattice-oracle.cc:332) For utterance F250903799-393063900_92265-1064282872_1598672057-GB-F-059, best cost 8
Lattice F250903799-393063900_92265-1064282872_1598672057-GB-F-063 read.
LOG (lattice-oracle[5.5.480~1-09abd]:main():lattice-oracle.cc:318) %WER 8.33333 [ 1 / 12, 0 insertions, 1 deletions, 0 sub ]
LOG (lattice-oracle[5.5.480~1-09abd]:main():lattice-oracle.cc:332) For utterance F250903799-393063900_92265-1064282872_1598672057-GB-F-063, best cost 1
Lattice F250903799-85074914_171321-250904521_1553228874-GB-F-003 read.
LOG (lattice-oracle[5.5.480~1-09abd]:main():lattice-oracle.cc:318) %WER 36.8421 [ 7 / 19, 0 insertions, 6 deletions, 1 sub ]
LOG (lattice-oracle[5.5.480~1-09abd]:main():lattice-oracle.cc:332) For utterance F250903799-85074914_171321-250904521_1553228874-GB-F-003, best cost 7
Lattice F250903799-85074914_171321-250904521_1553228874-GB-F-011 read.
LOG (lattice-oracle[5.5.480~1-09abd]:main():lattice-oracle.cc:318) %WER 7.14286 [ 1 / 14, 0 insertions, 1 deletions, 0 sub ]
LOG (lattice-oracle[5.5.480~1-09abd]:main():lattice-oracle.cc:332) For utterance F250903799-85074914_171321-250904521_1553228874-GB-F-011, best cost 1
Lattice F250903799-85074914_171321-250904521_1553228874-GB-F-013 read.
LOG (lattice-oracle[5.5.480~1-09abd]:main():lattice-oracle.cc:318) %WER 28.5714 [ 2 / 7, 2 insertions, 0 deletions, 0 sub ]
LOG (lattice-oracle[5.5.480~1-09abd]:main():lattice-oracle.cc:332) For utterance F250903799-85074914_171321-250904521_1553228874-GB-F-013, best cost 2
Lattice F250903799-85074914_171321-250904521_1553228874-GB-F-020 read.
LOG (lattice-oracle[5.5.480~1-09abd]:main():lattice-oracle.cc:318) %WER 0 [ 0 / 4, 0 insertions, 0 deletions, 0 sub ]
LOG (lattice-oracle[5.5.480~1-09abd]:main():lattice-oracle.cc:332) For utterance F250903799-85074914_171321-250904521_1553228874-GB-F-020, best cost 0
Lattice F250903799-85074914_171321-250904521_1553228874-GB-F-022 read.
LOG (lattice-oracle[5.5.480~1-09abd]:main():lattice-oracle.cc:318) %WER 40 [ 4 / 10, 0 insertions, 4 deletions, 0 sub ]
LOG (lattice-oracle[5.5.480~1-09abd]:main():lattice-oracle.cc:332) For utterance F250903799-85074914_171321-250904521_1553228874-GB-F-022, best cost 4
Lattice F250903799-85074914_171321-250904521_1553228874-GB-F-025 read.
LOG (lattice-oracle[5.5.480~1-09abd]:main():lattice-oracle.cc:318) %WER 0 [ 0 / 3, 0 insertions, 0 deletions, 0 sub ]
LOG (lattice-oracle[5.5.480~1-09abd]:main():lattice-oracle.cc:332) For utterance F250903799-85074914_171321-250904521_1553228874-GB-F-025, best cost 0
Lattice F250903799-85074914_171321-250904521_1553228874-GB-F-027 read.
LOG (lattice-oracle[5.5.480~1-09abd]:main():lattice-oracle.cc:318) %WER 72.7273 [ 8 / 11, 0 insertions, 7 deletions, 1 sub ]
LOG (lattice-oracle[5.5.480~1-09abd]:main():lattice-oracle.cc:332) For utterance F250903799-85074914_171321-250904521_1553228874-GB-F-027, best cost 8
Lattice F250903799-85074914_171321-250904521_1553228874-GB-F-030 read.
LOG (lattice-oracle[5.5.480~1-09abd]:main():lattice-oracle.cc:318) %WER 12.5 [ 1 / 8, 0 insertions, 1 deletions, 0 sub ]
LOG (lattice-oracle[5.5.480~1-09abd]:main():lattice-oracle.cc:332) For utterance F250903799-85074914_171321-250904521_1553228874-GB-F-030, best cost 1
Lattice F250903799-85074914_171321-250904521_1553228874-GB-F-031 read.
LOG (lattice-oracle[5.5.480~1-09abd]:main():lattice-oracle.cc:318) %WER 66.6667 [ 6 / 9, 2 insertions, 4 deletions, 0 sub ]
LOG (lattice-oracle[5.5.480~1-09abd]:main():lattice-oracle.cc:332) For utterance F250903799-85074914_171321-250904521_1553228874-GB-F-031, best cost 6
Lattice F250903799-85074914_171321-250904521_1553228874-GB-F-035 read.
LOG (lattice-oracle[5.5.480~1-09abd]:main():lattice-oracle.cc:318) %WER 0 [ 0 / 8, 0 insertions, 0 deletions, 0 sub ]
LOG (lattice-oracle[5.5.480~1-09abd]:main():lattice-oracle.cc:332) For utterance F250903799-85074914_171321-250904521_1553228874-GB-F-035, best cost 0
Lattice F250903799-85074914_171321-250904521_1553228874-GB-F-037 read.
LOG (lattice-oracle[5.5.480~1-09abd]:main():lattice-oracle.cc:318) %WER 0 [ 0 / 10, 0 insertions, 0 deletions, 0 sub ]
LOG (lattice-oracle[5.5.480~1-09abd]:main():lattice-oracle.cc:332) For utterance F250903799-85074914_171321-250904521_1553228874-GB-F-037, best cost 0
Lattice F250903799-85074914_171321-250904521_1553228874-GB-F-040 read.
LOG (lattice-oracle[5.5.480~1-09abd]:main():lattice-oracle.cc:318) %WER 50 [ 8 / 16, 0 insertions, 6 deletions, 2 sub ]
LOG (lattice-oracle[5.5.480~1-09abd]:main():lattice-oracle.cc:332) For utterance F250903799-85074914_171321-250904521_1553228874-GB-F-040, best cost 8
Lattice F250903799-85074914_171321-250904521_1553228874-GB-F-050 read.
LOG (lattice-oracle[5.5.480~1-09abd]:main():lattice-oracle.cc:318) %WER 0 [ 0 / 5, 0 insertions, 0 deletions, 0 sub ]
LOG (lattice-oracle[5.5.480~1-09abd]:main():lattice-oracle.cc:332) For utterance F250903799-85074914_171321-250904521_1553228874-GB-F-050, best cost 0
Lattice F250903799-85074914_171321-250904521_1553228874-GB-F-051 read.
LOG (lattice-oracle[5.5.480~1-09abd]:main():lattice-oracle.cc:318) %WER 0 [ 0 / 5, 0 insertions, 0 deletions, 0 sub ]
LOG (lattice-oracle[5.5.480~1-09abd]:main():lattice-oracle.cc:332) For utterance F250903799-85074914_171321-250904521_1553228874-GB-F-051, best cost 0
Lattice F250903799-85074914_171321-250904521_1553228874-GB-F-053 read.
LOG (lattice-oracle[5.5.480~1-09abd]:main():lattice-oracle.cc:318) %WER 53.3333 [ 8 / 15, 0 insertions, 8 deletions, 0 sub ]
LOG (lattice-oracle[5.5.480~1-09abd]:main():lattice-oracle.cc:332) For utterance F250903799-85074914_171321-250904521_1553228874-GB-F-053, best cost 8
Lattice F25573971-3308507_3308507-157915688_1570130342-GB-F-001 read.
LOG (lattice-oracle[5.5.480~1-09abd]:main():lattice-oracle.cc:318) %WER 100 [ 4 / 4, 1 insertions, 0 deletions, 3 sub ]
LOG (lattice-oracle[5.5.480~1-09abd]:main():lattice-oracle.cc:332) For utterance F25573971-3308507_3308507-157915688_1570130342-GB-F-001, best cost 4
Lattice F25573971-3308507_3308507-157915688_1570130342-GB-F-002 read.
LOG (lattice-oracle[5.5.480~1-09abd]:main():lattice-oracle.cc:318) %WER 25.9259 [ 7 / 27, 2 insertions, 5 deletions, 0 sub ]
LOG (lattice-oracle[5.5.480~1-09abd]:main():lattice-oracle.cc:332) For utterance F25573971-3308507_3308507-157915688_1570130342-GB-F-002, best cost 7
Lattice F25573971-3308507_3308507-157915688_1570130342-GB-F-007 read.
LOG (lattice-oracle[5.5.480~1-09abd]:main():lattice-oracle.cc:318) %WER 83.3333 [ 5 / 6, 2 insertions, 2 deletions, 1 sub ]
LOG (lattice-oracle[5.5.480~1-09abd]:main():lattice-oracle.cc:332) For utterance F25573971-3308507_3308507-157915688_1570130342-GB-F-007, best cost 5
Lattice F25573971-3308507_3308507-157915688_1570130342-GB-F-013 read.
LOG (lattice-oracle[5.5.480~1-09abd]:main():lattice-oracle.cc:318) %WER 133.333 [ 4 / 3, 1 insertions, 0 deletions, 3 sub ]
LOG (lattice-oracle[5.5.480~1-09abd]:main():lattice-oracle.cc:332) For utterance F25573971-3308507_3308507-157915688_1570130342-GB-F-013, best cost 4
Lattice F25573971-3308507_3308507-157915688_1570130342-GB-F-015 read.
LOG (lattice-oracle[5.5.480~1-09abd]:main():lattice-oracle.cc:318) %WER 56.25 [ 9 / 16, 6 insertions, 3 deletions, 0 sub ]
LOG (lattice-oracle[5.5.480~1-09abd]:main():lattice-oracle.cc:332) For utterance F25573971-3308507_3308507-157915688_1570130342-GB-F-015, best cost 9
Lattice F25573971-3308507_3308507-157915688_1570130342-GB-F-019 read.
LOG (lattice-oracle[5.5.480~1-09abd]:main():lattice-oracle.cc:318) %WER 27.2727 [ 6 / 22, 1 insertions, 4 deletions, 1 sub ]
LOG (lattice-oracle[5.5.480~1-09abd]:main():lattice-oracle.cc:332) For utterance F25573971-3308507_3308507-157915688_1570130342-GB-F-019, best cost 6
Lattice F25573971-3308507_3308507-157915688_1570130342-GB-F-031 read.
LOG (lattice-oracle[5.5.480~1-09abd]:main():lattice-oracle.cc:318) %WER 71.4286 [ 5 / 7, 0 insertions, 0 deletions, 5 sub ]
LOG (lattice-oracle[5.5.480~1-09abd]:main():lattice-oracle.cc:332) For utterance F25573971-3308507_3308507-157915688_1570130342-GB-F-031, best cost 5
Lattice F25573971-3308507_3308507-157915688_1570130342-GB-F-032 read.
LOG (lattice-oracle[5.5.480~1-09abd]:main():lattice-oracle.cc:318) %WER 52.381 [ 11 / 21, 4 insertions, 7 deletions, 0 sub ]
LOG (lattice-oracle[5.5.480~1-09abd]:main():lattice-oracle.cc:332) For utterance F25573971-3308507_3308507-157915688_1570130342-GB-F-032, best cost 11
Lattice F25573971-3308507_3308507-157915688_1570130342-GB-F-035 read.
LOG (lattice-oracle[5.5.480~1-09abd]:main():lattice-oracle.cc:318) %WER 66.6667 [ 10 / 15, 1 insertions, 3 deletions, 6 sub ]
LOG (lattice-oracle[5.5.480~1-09abd]:main():lattice-oracle.cc:332) For utterance F25573971-3308507_3308507-157915688_1570130342-GB-F-035, best cost 10
Lattice F25573971-3308507_3308507-157915688_1570130342-GB-F-042 read.
LOG (lattice-oracle[5.5.480~1-09abd]:main():lattice-oracle.cc:318) %WER 66.6667 [ 2 / 3, 0 insertions, 0 deletions, 2 sub ]
LOG (lattice-oracle[5.5.480~1-09abd]:main():lattice-oracle.cc:332) For utterance F25573971-3308507_3308507-157915688_1570130342-GB-F-042, best cost 2
Lattice F25573971-3308507_3308507-157915688_1570130342-GB-F-044 read.
LOG (lattice-oracle[5.5.480~1-09abd]:main():lattice-oracle.cc:318) %WER 13.6364 [ 3 / 22, 0 insertions, 3 deletions, 0 sub ]
LOG (lattice-oracle[5.5.480~1-09abd]:main():lattice-oracle.cc:332) For utterance F25573971-3308507_3308507-157915688_1570130342-GB-F-044, best cost 3
Lattice F25573971-3308507_3308507-157915688_1570130342-GB-F-048 read.
LOG (lattice-oracle[5.5.480~1-09abd]:main():lattice-oracle.cc:318) %WER 13.6364 [ 3 / 22, 0 insertions, 3 deletions, 0 sub ]
LOG (lattice-oracle[5.5.480~1-09abd]:main():lattice-oracle.cc:332) For utterance F25573971-3308507_3308507-157915688_1570130342-GB-F-048, best cost 3
Lattice F25573971-3308507_3308507-157915688_1570130342-GB-F-052 read.
LOG (lattice-oracle[5.5.480~1-09abd]:main():lattice-oracle.cc:318) %WER 81.8182 [ 9 / 11, 5 insertions, 4 deletions, 0 sub ]
LOG (lattice-oracle[5.5.480~1-09abd]:main():lattice-oracle.cc:332) For utterance F25573971-3308507_3308507-157915688_1570130342-GB-F-052, best cost 9
Lattice F25573971-3308507_3308507-157915688_1570130342-GB-F-054 read.
LOG (lattice-oracle[5.5.480~1-09abd]:main():lattice-oracle.cc:318) %WER 35.7143 [ 5 / 14, 0 insertions, 5 deletions, 0 sub ]
LOG (lattice-oracle[5.5.480~1-09abd]:main():lattice-oracle.cc:332) For utterance F25573971-3308507_3308507-157915688_1570130342-GB-F-054, best cost 5
Lattice F25573971-3308507_3308507-157915688_1570130342-GB-F-056 read.
LOG (lattice-oracle[5.5.480~1-09abd]:main():lattice-oracle.cc:318) %WER 21.7391 [ 5 / 23, 0 insertions, 5 deletions, 0 sub ]
LOG (lattice-oracle[5.5.480~1-09abd]:main():lattice-oracle.cc:332) For utterance F25573971-3308507_3308507-157915688_1570130342-GB-F-056, best cost 5
Lattice F260754758-239069738_49358-882405617_1601644615-GB-F-001 read.
LOG (lattice-oracle[5.5.480~1-09abd]:main():lattice-oracle.cc:318) %WER 16.129 [ 5 / 31, 0 insertions, 5 deletions, 0 sub ]
LOG (lattice-oracle[5.5.480~1-09abd]:main():lattice-oracle.cc:332) For utterance F260754758-239069738_49358-882405617_1601644615-GB-F-001, best cost 5
Lattice F260754758-239069738_49358-882405617_1601644615-GB-F-008 read.
LOG (lattice-oracle[5.5.480~1-09abd]:main():lattice-oracle.cc:318) %WER 6.45161 [ 2 / 31, 0 insertions, 2 deletions, 0 sub ]
LOG (lattice-oracle[5.5.480~1-09abd]:main():lattice-oracle.cc:332) For utterance F260754758-239069738_49358-882405617_1601644615-GB-F-008, best cost 2
Lattice F260754758-239069738_49358-882405617_1601644615-GB-F-016 read.
LOG (lattice-oracle[5.5.480~1-09abd]:main():lattice-oracle.cc:318) %WER 40 [ 2 / 5, 2 insertions, 0 deletions, 0 sub ]
LOG (lattice-oracle[5.5.480~1-09abd]:main():lattice-oracle.cc:332) For utterance F260754758-239069738_49358-882405617_1601644615-GB-F-016, best cost 2
Lattice F260754758-239069738_49358-882405617_1601644615-GB-F-019 read.
LOG (lattice-oracle[5.5.480~1-09abd]:main():lattice-oracle.cc:318) %WER 83.3333 [ 5 / 6, 0 insertions, 2 deletions, 3 sub ]
LOG (lattice-oracle[5.5.480~1-09abd]:main():lattice-oracle.cc:332) For utterance F260754758-239069738_49358-882405617_1601644615-GB-F-019, best cost 5
Lattice F260754758-239069738_49358-882405617_1601644615-GB-F-020 read.
LOG (lattice-oracle[5.5.480~1-09abd]:main():lattice-oracle.cc:318) %WER 7.14286 [ 1 / 14, 1 insertions, 0 deletions, 0 sub ]
LOG (lattice-oracle[5.5.480~1-09abd]:main():lattice-oracle.cc:332) For utterance F260754758-239069738_49358-882405617_1601644615-GB-F-020, best cost 1
Lattice F260754758-239069738_49358-882405617_1601644615-GB-F-024 read.
LOG (lattice-oracle[5.5.480~1-09abd]:main():lattice-oracle.cc:318) %WER 0 [ 0 / 4, 0 insertions, 0 deletions, 0 sub ]
LOG (lattice-oracle[5.5.480~1-09abd]:main():lattice-oracle.cc:332) For utterance F260754758-239069738_49358-882405617_1601644615-GB-F-024, best cost 0
Lattice F260754758-239069738_49358-882405617_1601644615-GB-F-025 read.
LOG (lattice-oracle[5.5.480~1-09abd]:main():lattice-oracle.cc:318) %WER 8 [ 2 / 25, 0 insertions, 2 deletions, 0 sub ]
LOG (lattice-oracle[5.5.480~1-09abd]:main():lattice-oracle.cc:332) For utterance F260754758-239069738_49358-882405617_1601644615-GB-F-025, best cost 2
Lattice F260754758-239069738_49358-882405617_1601644615-GB-F-031 read.
LOG (lattice-oracle[5.5.480~1-09abd]:main():lattice-oracle.cc:318) %WER 7.69231 [ 3 / 39, 1 insertions, 2 deletions, 0 sub ]
LOG (lattice-oracle[5.5.480~1-09abd]:main():lattice-oracle.cc:332) For utterance F260754758-239069738_49358-882405617_1601644615-GB-F-031, best cost 3
Lattice F260754758-239069738_49358-882405617_1601644615-GB-F-040 read.
LOG (lattice-oracle[5.5.480~1-09abd]:main():lattice-oracle.cc:318) %WER 0 [ 0 / 3, 0 insertions, 0 deletions, 0 sub ]
LOG (lattice-oracle[5.5.480~1-09abd]:main():lattice-oracle.cc:332) For utterance F260754758-239069738_49358-882405617_1601644615-GB-F-040, best cost 0
Lattice F260754758-239069738_49358-882405617_1601644615-GB-F-041 read.
LOG (lattice-oracle[5.5.480~1-09abd]:main():lattice-oracle.cc:318) %WER 2.94118 [ 1 / 34, 1 insertions, 0 deletions, 0 sub ]
LOG (lattice-oracle[5.5.480~1-09abd]:main():lattice-oracle.cc:332) For utterance F260754758-239069738_49358-882405617_1601644615-GB-F-041, best cost 1
Lattice F260754758-239069738_49358-882405617_1601644615-GB-F-049 read.
LOG (lattice-oracle[5.5.480~1-09abd]:main():lattice-oracle.cc:318) %WER 10 [ 1 / 10, 1 insertions, 0 deletions, 0 sub ]
LOG (lattice-oracle[5.5.480~1-09abd]:main():lattice-oracle.cc:332) For utterance F260754758-239069738_49358-882405617_1601644615-GB-F-049, best cost 1
Lattice F260754758-239069738_49358-882405617_1601644615-GB-F-052 read.
LOG (lattice-oracle[5.5.480~1-09abd]:main():lattice-oracle.cc:318) %WER 16.6667 [ 1 / 6, 1 insertions, 0 deletions, 0 sub ]
LOG (lattice-oracle[5.5.480~1-09abd]:main():lattice-oracle.cc:332) For utterance F260754758-239069738_49358-882405617_1601644615-GB-F-052, best cost 1
Lattice F260754758-239069738_49358-882405617_1601644615-GB-F-053 read.
LOG (lattice-oracle[5.5.480~1-09abd]:main():lattice-oracle.cc:318) %WER 0 [ 0 / 2, 0 insertions, 0 deletions, 0 sub ]
LOG (lattice-oracle[5.5.480~1-09abd]:main():lattice-oracle.cc:332) For utterance F260754758-239069738_49358-882405617_1601644615-GB-F-053, best cost 0
Lattice F260754758-239069738_49358-882405617_1601644615-GB-F-055 read.
LOG (lattice-oracle[5.5.480~1-09abd]:main():lattice-oracle.cc:318) %WER 0 [ 0 / 2, 0 insertions, 0 deletions, 0 sub ]
LOG (lattice-oracle[5.5.480~1-09abd]:main():lattice-oracle.cc:332) For utterance F260754758-239069738_49358-882405617_1601644615-GB-F-055, best cost 0
Lattice F260754758-239069738_49358-882405617_1601644615-GB-F-057 read.
LOG (lattice-oracle[5.5.480~1-09abd]:main():lattice-oracle.cc:318) %WER 0 [ 0 / 9, 0 insertions, 0 deletions, 0 sub ]
LOG (lattice-oracle[5.5.480~1-09abd]:main():lattice-oracle.cc:332) For utterance F260754758-239069738_49358-882405617_1601644615-GB-F-057, best cost 0
Lattice F260754758-239069738_49358-882405617_1601644615-GB-F-059 read.
LOG (lattice-oracle[5.5.480~1-09abd]:main():lattice-oracle.cc:318) %WER 0 [ 0 / 2, 0 insertions, 0 deletions, 0 sub ]
LOG (lattice-oracle[5.5.480~1-09abd]:main():lattice-oracle.cc:332) For utterance F260754758-239069738_49358-882405617_1601644615-GB-F-059, best cost 0
Lattice F260754758-239069738_49358-882405617_1601644615-GB-F-061 read.
LOG (lattice-oracle[5.5.480~1-09abd]:main():lattice-oracle.cc:318) %WER 0 [ 0 / 18, 0 insertions, 0 deletions, 0 sub ]
LOG (lattice-oracle[5.5.480~1-09abd]:main():lattice-oracle.cc:332) For utterance F260754758-239069738_49358-882405617_1601644615-GB-F-061, best cost 0
Lattice F260754758-239069738_49358-882405617_1601644615-GB-F-064 read.
LOG (lattice-oracle[5.5.480~1-09abd]:main():lattice-oracle.cc:318) %WER 16.6667 [ 1 / 6, 1 insertions, 0 deletions, 0 sub ]
LOG (lattice-oracle[5.5.480~1-09abd]:main():lattice-oracle.cc:332) For utterance F260754758-239069738_49358-882405617_1601644615-GB-F-064, best cost 1
Lattice F260754758-239069738_49358-882405617_1601644615-GB-F-065 read.
LOG (lattice-oracle[5.5.480~1-09abd]:main():lattice-oracle.cc:318) %WER 0 [ 0 / 11, 0 insertions, 0 deletions, 0 sub ]
LOG (lattice-oracle[5.5.480~1-09abd]:main():lattice-oracle.cc:332) For utterance F260754758-239069738_49358-882405617_1601644615-GB-F-065, best cost 0
Lattice F260754758-239069738_49358-882405617_1601644615-GB-F-068 read.
LOG (lattice-oracle[5.5.480~1-09abd]:main():lattice-oracle.cc:318) %WER 7.69231 [ 1 / 13, 0 insertions, 1 deletions, 0 sub ]
LOG (lattice-oracle[5.5.480~1-09abd]:main():lattice-oracle.cc:332) For utterance F260754758-239069738_49358-882405617_1601644615-GB-F-068, best cost 1
Lattice F260754758-3769524_3769524-99879293_69281959-GB-F-003 read.
LOG (lattice-oracle[5.5.480~1-09abd]:main():lattice-oracle.cc:318) %WER 0 [ 0 / 22, 0 insertions, 0 deletions, 0 sub ]
LOG (lattice-oracle[5.5.480~1-09abd]:main():lattice-oracle.cc:332) For utterance F260754758-3769524_3769524-99879293_69281959-GB-F-003, best cost 0
Lattice F260754758-3769524_3769524-99879293_69281959-GB-F-006 read.
LOG (lattice-oracle[5.5.480~1-09abd]:main():lattice-oracle.cc:318) %WER 0 [ 0 / 3, 0 insertions, 0 deletions, 0 sub ]
LOG (lattice-oracle[5.5.480~1-09abd]:main():lattice-oracle.cc:332) For utterance F260754758-3769524_3769524-99879293_69281959-GB-F-006, best cost 0
Lattice F260754758-3769524_3769524-99879293_69281959-GB-F-008 read.
LOG (lattice-oracle[5.5.480~1-09abd]:main():lattice-oracle.cc:318) %WER 0 [ 0 / 12, 0 insertions, 0 deletions, 0 sub ]
LOG (lattice-oracle[5.5.480~1-09abd]:main():lattice-oracle.cc:332) For utterance F260754758-3769524_3769524-99879293_69281959-GB-F-008, best cost 0
Lattice F260754758-3769524_3769524-99879293_69281959-GB-F-011 read.
LOG (lattice-oracle[5.5.480~1-09abd]:main():lattice-oracle.cc:318) %WER 0 [ 0 / 3, 0 insertions, 0 deletions, 0 sub ]
LOG (lattice-oracle[5.5.480~1-09abd]:main():lattice-oracle.cc:332) For utterance F260754758-3769524_3769524-99879293_69281959-GB-F-011, best cost 0
Lattice F260754758-3769524_3769524-99879293_69281959-GB-F-012 read.
LOG (lattice-oracle[5.5.480~1-09abd]:main():lattice-oracle.cc:318) %WER 13.3333 [ 2 / 15, 1 insertions, 1 deletions, 0 sub ]
LOG (lattice-oracle[5.5.480~1-09abd]:main():lattice-oracle.cc:332) For utterance F260754758-3769524_3769524-99879293_69281959-GB-F-012, best cost 2
Lattice F260754758-3769524_3769524-99879293_69281959-GB-F-017 read.
LOG (lattice-oracle[5.5.480~1-09abd]:main():lattice-oracle.cc:318) %WER 20 [ 1 / 5, 1 insertions, 0 deletions, 0 sub ]
LOG (lattice-oracle[5.5.480~1-09abd]:main():lattice-oracle.cc:332) For utterance F260754758-3769524_3769524-99879293_69281959-GB-F-017, best cost 1
Lattice F260754758-3769524_3769524-99879293_69281959-GB-F-019 read.
LOG (lattice-oracle[5.5.480~1-09abd]:main():lattice-oracle.cc:318) %WER 0 [ 0 / 3, 0 insertions, 0 deletions, 0 sub ]
LOG (lattice-oracle[5.5.480~1-09abd]:main():lattice-oracle.cc:332) For utterance F260754758-3769524_3769524-99879293_69281959-GB-F-019, best cost 0
Lattice F260754758-3769524_3769524-99879293_69281959-GB-F-020 read.
LOG (lattice-oracle[5.5.480~1-09abd]:main():lattice-oracle.cc:318) %WER 0 [ 0 / 7, 0 insertions, 0 deletions, 0 sub ]
LOG (lattice-oracle[5.5.480~1-09abd]:main():lattice-oracle.cc:332) For utterance F260754758-3769524_3769524-99879293_69281959-GB-F-020, best cost 0
Lattice F260754758-3769524_3769524-99879293_69281959-GB-F-021 read.
LOG (lattice-oracle[5.5.480~1-09abd]:main():lattice-oracle.cc:318) %WER 0 [ 0 / 2, 0 insertions, 0 deletions, 0 sub ]
LOG (lattice-oracle[5.5.480~1-09abd]:main():lattice-oracle.cc:332) For utterance F260754758-3769524_3769524-99879293_69281959-GB-F-021, best cost 0
Lattice F260754758-3769524_3769524-99879293_69281959-GB-F-022 read.
LOG (lattice-oracle[5.5.480~1-09abd]:main():lattice-oracle.cc:318) %WER 0 [ 0 / 3, 0 insertions, 0 deletions, 0 sub ]
LOG (lattice-oracle[5.5.480~1-09abd]:main():lattice-oracle.cc:332) For utterance F260754758-3769524_3769524-99879293_69281959-GB-F-022, best cost 0
Lattice F260754758-3769524_3769524-99879293_69281959-GB-F-023 read.
LOG (lattice-oracle[5.5.480~1-09abd]:main():lattice-oracle.cc:318) %WER 0 [ 0 / 1, 0 insertions, 0 deletions, 0 sub ]
LOG (lattice-oracle[5.5.480~1-09abd]:main():lattice-oracle.cc:332) For utterance F260754758-3769524_3769524-99879293_69281959-GB-F-023, best cost 0
Lattice F260754758-3769524_3769524-99879293_69281959-GB-F-026 read.
LOG (lattice-oracle[5.5.480~1-09abd]:main():lattice-oracle.cc:318) %WER 33.3333 [ 1 / 3, 0 insertions, 1 deletions, 0 sub ]
LOG (lattice-oracle[5.5.480~1-09abd]:main():lattice-oracle.cc:332) For utterance F260754758-3769524_3769524-99879293_69281959-GB-F-026, best cost 1
Lattice F260754758-3769524_3769524-99879293_69281959-GB-F-031 read.
LOG (lattice-oracle[5.5.480~1-09abd]:main():lattice-oracle.cc:318) %WER 20 [ 3 / 15, 0 insertions, 3 deletions, 0 sub ]
LOG (lattice-oracle[5.5.480~1-09abd]:main():lattice-oracle.cc:332) For utterance F260754758-3769524_3769524-99879293_69281959-GB-F-031, best cost 3
Lattice F260754758-3769524_3769524-99879293_69281959-GB-F-034 read.
LOG (lattice-oracle[5.5.480~1-09abd]:main():lattice-oracle.cc:318) %WER 0 [ 0 / 3, 0 insertions, 0 deletions, 0 sub ]
LOG (lattice-oracle[5.5.480~1-09abd]:main():lattice-oracle.cc:332) For utterance F260754758-3769524_3769524-99879293_69281959-GB-F-034, best cost 0
Lattice F260754758-3769524_3769524-99879293_69281959-GB-F-035 read.
LOG (lattice-oracle[5.5.480~1-09abd]:main():lattice-oracle.cc:318) %WER 0 [ 0 / 12, 0 insertions, 0 deletions, 0 sub ]
LOG (lattice-oracle[5.5.480~1-09abd]:main():lattice-oracle.cc:332) For utterance F260754758-3769524_3769524-99879293_69281959-GB-F-035, best cost 0
Lattice F260754758-3769524_3769524-99879293_69281959-GB-F-038 read.
LOG (lattice-oracle[5.5.480~1-09abd]:main():lattice-oracle.cc:318) %WER 0 [ 0 / 5, 0 insertions, 0 deletions, 0 sub ]
LOG (lattice-oracle[5.5.480~1-09abd]:main():lattice-oracle.cc:332) For utterance F260754758-3769524_3769524-99879293_69281959-GB-F-038, best cost 0
Lattice F261554405-3522302_3522302-318474899_1512780228-GB-F-030 read.
LOG (lattice-oracle[5.5.480~1-09abd]:main():lattice-oracle.cc:318) %WER 100 [ 3 / 3, 0 insertions, 0 deletions, 3 sub ]
LOG (lattice-oracle[5.5.480~1-09abd]:main():lattice-oracle.cc:332) For utterance F261554405-3522302_3522302-318474899_1512780228-GB-F-030, best cost 3
Lattice F261554405-3522302_3522302-318474899_1512780228-GB-F-032 read.
LOG (lattice-oracle[5.5.480~1-09abd]:main():lattice-oracle.cc:318) %WER 40 [ 2 / 5, 0 insertions, 2 deletions, 0 sub ]
LOG (lattice-oracle[5.5.480~1-09abd]:main():lattice-oracle.cc:332) For utterance F261554405-3522302_3522302-318474899_1512780228-GB-F-032, best cost 2
Lattice F261554405-3522302_3522302-318474899_1512780228-GB-F-034 read.
LOG (lattice-oracle[5.5.480~1-09abd]:main():lattice-oracle.cc:318) %WER 75 [ 3 / 4, 0 insertions, 2 deletions, 1 sub ]
LOG (lattice-oracle[5.5.480~1-09abd]:main():lattice-oracle.cc:332) For utterance F261554405-3522302_3522302-318474899_1512780228-GB-F-034, best cost 3
Lattice F261554405-3522302_3522302-318474899_1512780228-GB-F-036 read.
LOG (lattice-oracle[5.5.480~1-09abd]:main():lattice-oracle.cc:318) %WER 83.3333 [ 10 / 12, 0 insertions, 6 deletions, 4 sub ]
LOG (lattice-oracle[5.5.480~1-09abd]:main():lattice-oracle.cc:332) For utterance F261554405-3522302_3522302-318474899_1512780228-GB-F-036, best cost 10
Lattice F261554405-3522302_3522302-318474899_1512780228-GB-F-041 read.
LOG (lattice-oracle[5.5.480~1-09abd]:main():lattice-oracle.cc:318) %WER 0 [ 0 / 5, 0 insertions, 0 deletions, 0 sub ]
LOG (lattice-oracle[5.5.480~1-09abd]:main():lattice-oracle.cc:332) For utterance F261554405-3522302_3522302-318474899_1512780228-GB-F-041, best cost 0
Lattice F261554405-3522302_3522302-318474899_1512780228-GB-F-042 read.
LOG (lattice-oracle[5.5.480~1-09abd]:main():lattice-oracle.cc:318) %WER 0 [ 0 / 5, 0 insertions, 0 deletions, 0 sub ]
LOG (lattice-oracle[5.5.480~1-09abd]:main():lattice-oracle.cc:332) For utterance F261554405-3522302_3522302-318474899_1512780228-GB-F-042, best cost 0
Lattice F261554405-3522302_3522302-318474899_1512780228-GB-F-043 read.
LOG (lattice-oracle[5.5.480~1-09abd]:main():lattice-oracle.cc:318) %WER 0 [ 0 / 5, 0 insertions, 0 deletions, 0 sub ]
LOG (lattice-oracle[5.5.480~1-09abd]:main():lattice-oracle.cc:332) For utterance F261554405-3522302_3522302-318474899_1512780228-GB-F-043, best cost 0
Lattice F261554405-3522302_3522302-318474899_1512780228-GB-F-044 read.
LOG (lattice-oracle[5.5.480~1-09abd]:main():lattice-oracle.cc:318) %WER 0 [ 0 / 5, 0 insertions, 0 deletions, 0 sub ]
LOG (lattice-oracle[5.5.480~1-09abd]:main():lattice-oracle.cc:332) For utterance F261554405-3522302_3522302-318474899_1512780228-GB-F-044, best cost 0
Lattice F261554405-3522302_3522302-318474899_1512780228-GB-F-062 read.
LOG (lattice-oracle[5.5.480~1-09abd]:main():lattice-oracle.cc:318) %WER 20 [ 1 / 5, 0 insertions, 1 deletions, 0 sub ]
LOG (lattice-oracle[5.5.480~1-09abd]:main():lattice-oracle.cc:332) For utterance F261554405-3522302_3522302-318474899_1512780228-GB-F-062, best cost 1
Lattice F261554405-3522302_3522302-318474899_1512780228-GB-F-081 read.
LOG (lattice-oracle[5.5.480~1-09abd]:main():lattice-oracle.cc:318) %WER 0 [ 0 / 18, 0 insertions, 0 deletions, 0 sub ]
LOG (lattice-oracle[5.5.480~1-09abd]:main():lattice-oracle.cc:332) For utterance F261554405-3522302_3522302-318474899_1512780228-GB-F-081, best cost 0
Lattice F261554405-3522302_3522302-318474899_1512780228-GB-F-087 read.
LOG (lattice-oracle[5.5.480~1-09abd]:main():lattice-oracle.cc:318) %WER 14.2857 [ 1 / 7, 0 insertions, 0 deletions, 1 sub ]
LOG (lattice-oracle[5.5.480~1-09abd]:main():lattice-oracle.cc:332) For utterance F261554405-3522302_3522302-318474899_1512780228-GB-F-087, best cost 1
Lattice F261554405-3522302_3522302-318474899_1512780228-GB-F-090 read.
LOG (lattice-oracle[5.5.480~1-09abd]:main():lattice-oracle.cc:318) %WER 0 [ 0 / 9, 0 insertions, 0 deletions, 0 sub ]
LOG (lattice-oracle[5.5.480~1-09abd]:main():lattice-oracle.cc:332) For utterance F261554405-3522302_3522302-318474899_1512780228-GB-F-090, best cost 0
Lattice F261554405-3522302_3522302-318474899_1512780228-GB-F-103 read.
LOG (lattice-oracle[5.5.480~1-09abd]:main():lattice-oracle.cc:318) %WER 0 [ 0 / 5, 0 insertions, 0 deletions, 0 sub ]
LOG (lattice-oracle[5.5.480~1-09abd]:main():lattice-oracle.cc:332) For utterance F261554405-3522302_3522302-318474899_1512780228-GB-F-103, best cost 0
Lattice F261554405-3522302_3522302-318474899_1512780228-GB-F-118 read.
LOG (lattice-oracle[5.5.480~1-09abd]:main():lattice-oracle.cc:318) %WER 0 [ 0 / 3, 0 insertions, 0 deletions, 0 sub ]
LOG (lattice-oracle[5.5.480~1-09abd]:main():lattice-oracle.cc:332) For utterance F261554405-3522302_3522302-318474899_1512780228-GB-F-118, best cost 0
Lattice F261554405-3522302_3522302-318474899_1512780228-GB-F-120 read.
LOG (lattice-oracle[5.5.480~1-09abd]:main():lattice-oracle.cc:318) %WER 0 [ 0 / 9, 0 insertions, 0 deletions, 0 sub ]
LOG (lattice-oracle[5.5.480~1-09abd]:main():lattice-oracle.cc:332) For utterance F261554405-3522302_3522302-318474899_1512780228-GB-F-120, best cost 0
Lattice F261554405-3522302_3522302-318474899_1512780228-GB-F-123 read.
LOG (lattice-oracle[5.5.480~1-09abd]:main():lattice-oracle.cc:318) %WER 25 [ 1 / 4, 1 insertions, 0 deletions, 0 sub ]
LOG (lattice-oracle[5.5.480~1-09abd]:main():lattice-oracle.cc:332) For utterance F261554405-3522302_3522302-318474899_1512780228-GB-F-123, best cost 1
Lattice F261554405-3522302_3522302-318474899_1512780228-GB-F-125 read.
LOG (lattice-oracle[5.5.480~1-09abd]:main():lattice-oracle.cc:318) %WER 40 [ 2 / 5, 0 insertions, 2 deletions, 0 sub ]
LOG (lattice-oracle[5.5.480~1-09abd]:main():lattice-oracle.cc:332) For utterance F261554405-3522302_3522302-318474899_1512780228-GB-F-125, best cost 2
Lattice F261554405-3522302_3522302-318474899_1512780228-GB-F-127 read.
LOG (lattice-oracle[5.5.480~1-09abd]:main():lattice-oracle.cc:318) %WER 50 [ 2 / 4, 0 insertions, 2 deletions, 0 sub ]
LOG (lattice-oracle[5.5.480~1-09abd]:main():lattice-oracle.cc:332) For utterance F261554405-3522302_3522302-318474899_1512780228-GB-F-127, best cost 2
Lattice F261554405-3522302_3522302-318474899_1512780228-GB-F-130 read.
LOG (lattice-oracle[5.5.480~1-09abd]:main():lattice-oracle.cc:318) %WER 73.3333 [ 11 / 15, 0 insertions, 8 deletions, 3 sub ]
LOG (lattice-oracle[5.5.480~1-09abd]:main():lattice-oracle.cc:332) For utterance F261554405-3522302_3522302-318474899_1512780228-GB-F-130, best cost 11
Lattice F261554405-3522302_3522302-318474899_1512780228-GB-F-137 read.
LOG (lattice-oracle[5.5.480~1-09abd]:main():lattice-oracle.cc:318) %WER 12.5 [ 1 / 8, 1 insertions, 0 deletions, 0 sub ]
LOG (lattice-oracle[5.5.480~1-09abd]:main():lattice-oracle.cc:332) For utterance F261554405-3522302_3522302-318474899_1512780228-GB-F-137, best cost 1
Lattice F261554405-3522302_3522302-318474899_1512780228-GB-F-146 read.
LOG (lattice-oracle[5.5.480~1-09abd]:main():lattice-oracle.cc:318) %WER 0 [ 0 / 5, 0 insertions, 0 deletions, 0 sub ]
LOG (lattice-oracle[5.5.480~1-09abd]:main():lattice-oracle.cc:332) For utterance F261554405-3522302_3522302-318474899_1512780228-GB-F-146, best cost 0
Lattice F261554405-3522302_3522302-318474899_1512780228-GB-F-147 read.
LOG (lattice-oracle[5.5.480~1-09abd]:main():lattice-oracle.cc:318) %WER 20 [ 1 / 5, 0 insertions, 1 deletions, 0 sub ]
LOG (lattice-oracle[5.5.480~1-09abd]:main():lattice-oracle.cc:332) For utterance F261554405-3522302_3522302-318474899_1512780228-GB-F-147, best cost 1
Lattice F261554405-3522302_3522302-318474899_1512780228-GB-F-148 read.
LOG (lattice-oracle[5.5.480~1-09abd]:main():lattice-oracle.cc:318) %WER 0 [ 0 / 5, 0 insertions, 0 deletions, 0 sub ]
LOG (lattice-oracle[5.5.480~1-09abd]:main():lattice-oracle.cc:332) For utterance F261554405-3522302_3522302-318474899_1512780228-GB-F-148, best cost 0
Lattice F261554405-3522302_3522302-318474899_1512780228-GB-F-149 read.
LOG (lattice-oracle[5.5.480~1-09abd]:main():lattice-oracle.cc:318) %WER 10 [ 1 / 10, 0 insertions, 1 deletions, 0 sub ]
LOG (lattice-oracle[5.5.480~1-09abd]:main():lattice-oracle.cc:332) For utterance F261554405-3522302_3522302-318474899_1512780228-GB-F-149, best cost 1
LOG (lattice-oracle[5.5.480~1-09abd]:main():lattice-oracle.cc:383) Overall %WER 16.3998 [ 338 / 2061, 60 insertions, 226 deletions, 52 substitutions ]
LOG (lattice-oracle[5.5.480~1-09abd]:main():lattice-oracle.cc:387) Scored 228 lattices, 0 not present in ref.
# Accounting: time=0 threads=1
# Ended (code 0) at Tue Sep 10 15:04:37 BST 2019, elapsed time 0 seconds
