# lattice-oracle "--write-lattices=ark:|gzip -c > exp/tri3b_cleaned/lattice_oracle/lat.23.gz" "ark:gunzip -c exp/tri3b_cleaned/lats/lat.23.gz |" "ark:utils/sym2int.pl --map-oov 239 -f 2- data/lang/words.txt data/train1/split40/23/text|" ark,t:- | utils/int2sym.pl -f 2- data/lang/words.txt > exp/tri3b_cleaned/lattice_oracle/oracle_hyp.23.txt 
# Started at Tue Sep 10 15:04:49 BST 2019
#
lattice-oracle '--write-lattices=ark:|gzip -c > exp/tri3b_cleaned/lattice_oracle/lat.23.gz' 'ark:gunzip -c exp/tri3b_cleaned/lats/lat.23.gz |' 'ark:utils/sym2int.pl --map-oov 239 -f 2- data/lang/words.txt data/train1/split40/23/text|' ark,t:- 
Lattice M1294100621-3771372_3771372-769467295_1601890146-GB-M-003 read.
sym2int.pl: replacing ORDER'S with 239
sym2int.pl: replacing BRASSIERES with 239
sym2int.pl: replacing BADWORDSREPLACED with 239
sym2int.pl: replacing OOOOOH with 239
sym2int.pl: replacing OHH with 239
sym2int.pl: replacing OHHH with 239
sym2int.pl: replacing OHHHH with 239
sym2int.pl: replacing OHHH with 239
sym2int.pl: replacing OHH with 239
sym2int.pl: replacing OHHH with 239
sym2int.pl: replacing OHH with 239
sym2int.pl: replacing KIKIWAKA with 239
sym2int.pl: replacing SOMONE with 239
sym2int.pl: replacing KIKIWAKA with 239
sym2int.pl: replacing S'MORE with 239
sym2int.pl: replacing MISQUITOS with 239
sym2int.pl: replacing SHOWER'S with 239
sym2int.pl: replacing KIKIWAKA with 239
sym2int.pl: replacing KIKIWAKA with 239
sym2int.pl: replacing KIKIWAKA with 239
sym2int.pl: not warning for OOVs any more times
** Replaced 35 instances of OOVs with 239
LOG (lattice-oracle[5.5.480~1-09abd]:main():lattice-oracle.cc:318) %WER 0 [ 0 / 21, 0 insertions, 0 deletions, 0 sub ]
LOG (lattice-oracle[5.5.480~1-09abd]:main():lattice-oracle.cc:332) For utterance M1294100621-3771372_3771372-769467295_1601890146-GB-M-003, best cost 0
Lattice M1294100621-3771372_3771372-769467295_1601890146-GB-M-009 read.
LOG (lattice-oracle[5.5.480~1-09abd]:main():lattice-oracle.cc:318) %WER 66.6667 [ 2 / 3, 2 insertions, 0 deletions, 0 sub ]
LOG (lattice-oracle[5.5.480~1-09abd]:main():lattice-oracle.cc:332) For utterance M1294100621-3771372_3771372-769467295_1601890146-GB-M-009, best cost 2
Lattice M1294100621-3771372_3771372-769467295_1601890146-GB-M-010 read.
LOG (lattice-oracle[5.5.480~1-09abd]:main():lattice-oracle.cc:318) %WER 11.1111 [ 1 / 9, 0 insertions, 1 deletions, 0 sub ]
LOG (lattice-oracle[5.5.480~1-09abd]:main():lattice-oracle.cc:332) For utterance M1294100621-3771372_3771372-769467295_1601890146-GB-M-010, best cost 1
Lattice M1294100621-3771372_3771372-769467295_1601890146-GB-M-011 read.
LOG (lattice-oracle[5.5.480~1-09abd]:main():lattice-oracle.cc:318) %WER 0 [ 0 / 8, 0 insertions, 0 deletions, 0 sub ]
LOG (lattice-oracle[5.5.480~1-09abd]:main():lattice-oracle.cc:332) For utterance M1294100621-3771372_3771372-769467295_1601890146-GB-M-011, best cost 0
Lattice M1294100621-3771372_3771372-769467295_1601890146-GB-M-012 read.
LOG (lattice-oracle[5.5.480~1-09abd]:main():lattice-oracle.cc:318) %WER 0 [ 0 / 8, 0 insertions, 0 deletions, 0 sub ]
LOG (lattice-oracle[5.5.480~1-09abd]:main():lattice-oracle.cc:332) For utterance M1294100621-3771372_3771372-769467295_1601890146-GB-M-012, best cost 0
Lattice M1294100621-3771372_3771372-769467295_1601890146-GB-M-016 read.
LOG (lattice-oracle[5.5.480~1-09abd]:main():lattice-oracle.cc:318) %WER 100 [ 3 / 3, 0 insertions, 0 deletions, 3 sub ]
LOG (lattice-oracle[5.5.480~1-09abd]:main():lattice-oracle.cc:332) For utterance M1294100621-3771372_3771372-769467295_1601890146-GB-M-016, best cost 3
Lattice M1294100621-3771372_3771372-769467295_1601890146-GB-M-017 read.
LOG (lattice-oracle[5.5.480~1-09abd]:main():lattice-oracle.cc:318) %WER 66.6667 [ 2 / 3, 0 insertions, 2 deletions, 0 sub ]
LOG (lattice-oracle[5.5.480~1-09abd]:main():lattice-oracle.cc:332) For utterance M1294100621-3771372_3771372-769467295_1601890146-GB-M-017, best cost 2
Lattice M1294100621-3771372_3771372-769467295_1601890146-GB-M-019 read.
LOG (lattice-oracle[5.5.480~1-09abd]:main():lattice-oracle.cc:318) %WER 0 [ 0 / 13, 0 insertions, 0 deletions, 0 sub ]
LOG (lattice-oracle[5.5.480~1-09abd]:main():lattice-oracle.cc:332) For utterance M1294100621-3771372_3771372-769467295_1601890146-GB-M-019, best cost 0
Lattice M1294100621-3771372_3771372-769467295_1601890146-GB-M-024 read.
LOG (lattice-oracle[5.5.480~1-09abd]:main():lattice-oracle.cc:318) %WER 0 [ 0 / 19, 0 insertions, 0 deletions, 0 sub ]
LOG (lattice-oracle[5.5.480~1-09abd]:main():lattice-oracle.cc:332) For utterance M1294100621-3771372_3771372-769467295_1601890146-GB-M-024, best cost 0
Lattice M1294100621-3771372_3771372-769467295_1601890146-GB-M-028 read.
LOG (lattice-oracle[5.5.480~1-09abd]:main():lattice-oracle.cc:318) %WER 32.6923 [ 17 / 52, 0 insertions, 16 deletions, 1 sub ]
LOG (lattice-oracle[5.5.480~1-09abd]:main():lattice-oracle.cc:332) For utterance M1294100621-3771372_3771372-769467295_1601890146-GB-M-028, best cost 17
Lattice M1294100621-3771372_3771372-769467295_1601890146-GB-M-034 read.
LOG (lattice-oracle[5.5.480~1-09abd]:main():lattice-oracle.cc:318) %WER 2.5641 [ 1 / 39, 0 insertions, 0 deletions, 1 sub ]
LOG (lattice-oracle[5.5.480~1-09abd]:main():lattice-oracle.cc:332) For utterance M1294100621-3771372_3771372-769467295_1601890146-GB-M-034, best cost 1
Lattice M1294100621-3771372_3771372-769467295_1601890146-GB-M-042 read.
LOG (lattice-oracle[5.5.480~1-09abd]:main():lattice-oracle.cc:318) %WER 0 [ 0 / 15, 0 insertions, 0 deletions, 0 sub ]
LOG (lattice-oracle[5.5.480~1-09abd]:main():lattice-oracle.cc:332) For utterance M1294100621-3771372_3771372-769467295_1601890146-GB-M-042, best cost 0
Lattice M1294100621-3771372_3771372-769467295_1601890146-GB-M-047 read.
LOG (lattice-oracle[5.5.480~1-09abd]:main():lattice-oracle.cc:318) %WER 46.1538 [ 6 / 13, 0 insertions, 5 deletions, 1 sub ]
LOG (lattice-oracle[5.5.480~1-09abd]:main():lattice-oracle.cc:332) For utterance M1294100621-3771372_3771372-769467295_1601890146-GB-M-047, best cost 6
Lattice M1294100621-3771372_3771372-769467295_1601890146-GB-M-050 read.
LOG (lattice-oracle[5.5.480~1-09abd]:main():lattice-oracle.cc:318) %WER 65.2174 [ 15 / 23, 0 insertions, 9 deletions, 6 sub ]
LOG (lattice-oracle[5.5.480~1-09abd]:main():lattice-oracle.cc:332) For utterance M1294100621-3771372_3771372-769467295_1601890146-GB-M-050, best cost 15
Lattice M1297703429-9172859_166150-484175619_1548038746-GB-M-006 read.
LOG (lattice-oracle[5.5.480~1-09abd]:main():lattice-oracle.cc:318) %WER 125 [ 5 / 4, 1 insertions, 0 deletions, 4 sub ]
LOG (lattice-oracle[5.5.480~1-09abd]:main():lattice-oracle.cc:332) For utterance M1297703429-9172859_166150-484175619_1548038746-GB-M-006, best cost 5
Lattice M1297703429-9172859_166150-484175619_1548038746-GB-M-007 read.
LOG (lattice-oracle[5.5.480~1-09abd]:main():lattice-oracle.cc:318) %WER 42.8571 [ 3 / 7, 0 insertions, 3 deletions, 0 sub ]
LOG (lattice-oracle[5.5.480~1-09abd]:main():lattice-oracle.cc:332) For utterance M1297703429-9172859_166150-484175619_1548038746-GB-M-007, best cost 3
Lattice M1297703429-9172859_166150-484175619_1548038746-GB-M-008 read.
LOG (lattice-oracle[5.5.480~1-09abd]:main():lattice-oracle.cc:318) %WER 0 [ 0 / 9, 0 insertions, 0 deletions, 0 sub ]
LOG (lattice-oracle[5.5.480~1-09abd]:main():lattice-oracle.cc:332) For utterance M1297703429-9172859_166150-484175619_1548038746-GB-M-008, best cost 0
Lattice M1297703429-9172859_166150-484175619_1548038746-GB-M-009 read.
LOG (lattice-oracle[5.5.480~1-09abd]:main():lattice-oracle.cc:318) %WER 9.25926 [ 5 / 54, 0 insertions, 3 deletions, 2 sub ]
LOG (lattice-oracle[5.5.480~1-09abd]:main():lattice-oracle.cc:332) For utterance M1297703429-9172859_166150-484175619_1548038746-GB-M-009, best cost 5
Lattice M1297703429-9172859_166150-484175619_1548038746-GB-M-017 read.
LOG (lattice-oracle[5.5.480~1-09abd]:main():lattice-oracle.cc:318) %WER 0 [ 0 / 7, 0 insertions, 0 deletions, 0 sub ]
LOG (lattice-oracle[5.5.480~1-09abd]:main():lattice-oracle.cc:332) For utterance M1297703429-9172859_166150-484175619_1548038746-GB-M-017, best cost 0
Lattice M1297703429-9172859_166150-484175619_1548038746-GB-M-018 read.
LOG (lattice-oracle[5.5.480~1-09abd]:main():lattice-oracle.cc:318) %WER 42.8571 [ 3 / 7, 0 insertions, 3 deletions, 0 sub ]
LOG (lattice-oracle[5.5.480~1-09abd]:main():lattice-oracle.cc:332) For utterance M1297703429-9172859_166150-484175619_1548038746-GB-M-018, best cost 3
Lattice M1297703429-9172859_166150-484175619_1548038746-GB-M-020 read.
LOG (lattice-oracle[5.5.480~1-09abd]:main():lattice-oracle.cc:318) %WER 57.1429 [ 4 / 7, 1 insertions, 3 deletions, 0 sub ]
LOG (lattice-oracle[5.5.480~1-09abd]:main():lattice-oracle.cc:332) For utterance M1297703429-9172859_166150-484175619_1548038746-GB-M-020, best cost 4
Lattice M1297703429-9172859_166150-484175619_1548038746-GB-M-022 read.
LOG (lattice-oracle[5.5.480~1-09abd]:main():lattice-oracle.cc:318) %WER 85.7143 [ 6 / 7, 0 insertions, 2 deletions, 4 sub ]
LOG (lattice-oracle[5.5.480~1-09abd]:main():lattice-oracle.cc:332) For utterance M1297703429-9172859_166150-484175619_1548038746-GB-M-022, best cost 6
Lattice M1297703429-9172859_166150-484175619_1548038746-GB-M-023 read.
LOG (lattice-oracle[5.5.480~1-09abd]:main():lattice-oracle.cc:318) %WER 26.6667 [ 4 / 15, 0 insertions, 4 deletions, 0 sub ]
LOG (lattice-oracle[5.5.480~1-09abd]:main():lattice-oracle.cc:332) For utterance M1297703429-9172859_166150-484175619_1548038746-GB-M-023, best cost 4
Lattice M1297703429-9172859_166150-484175619_1548038746-GB-M-026 read.
LOG (lattice-oracle[5.5.480~1-09abd]:main():lattice-oracle.cc:318) %WER 1.63934 [ 1 / 61, 1 insertions, 0 deletions, 0 sub ]
LOG (lattice-oracle[5.5.480~1-09abd]:main():lattice-oracle.cc:332) For utterance M1297703429-9172859_166150-484175619_1548038746-GB-M-026, best cost 1
Lattice M1297703429-9172859_166150-484175619_1548038746-GB-M-036 read.
LOG (lattice-oracle[5.5.480~1-09abd]:main():lattice-oracle.cc:318) %WER 0 [ 0 / 4, 0 insertions, 0 deletions, 0 sub ]
LOG (lattice-oracle[5.5.480~1-09abd]:main():lattice-oracle.cc:332) For utterance M1297703429-9172859_166150-484175619_1548038746-GB-M-036, best cost 0
Lattice M1297703429-9172859_166150-484175619_1548038746-GB-M-037 read.
LOG (lattice-oracle[5.5.480~1-09abd]:main():lattice-oracle.cc:318) %WER 0 [ 0 / 3, 0 insertions, 0 deletions, 0 sub ]
LOG (lattice-oracle[5.5.480~1-09abd]:main():lattice-oracle.cc:332) For utterance M1297703429-9172859_166150-484175619_1548038746-GB-M-037, best cost 0
Lattice M1297703429-9172859_166150-484175619_1548038746-GB-M-039 read.
LOG (lattice-oracle[5.5.480~1-09abd]:main():lattice-oracle.cc:318) %WER 83.3333 [ 5 / 6, 5 insertions, 0 deletions, 0 sub ]
LOG (lattice-oracle[5.5.480~1-09abd]:main():lattice-oracle.cc:332) For utterance M1297703429-9172859_166150-484175619_1548038746-GB-M-039, best cost 5
Lattice M1302184198-3451990_3451990-1163337302_1548226169-GB-M-001 read.
LOG (lattice-oracle[5.5.480~1-09abd]:main():lattice-oracle.cc:318) %WER 100 [ 1 / 1, 0 insertions, 0 deletions, 1 sub ]
LOG (lattice-oracle[5.5.480~1-09abd]:main():lattice-oracle.cc:332) For utterance M1302184198-3451990_3451990-1163337302_1548226169-GB-M-001, best cost 1
Lattice M132398937-873755806_1864159-132408394_1590950094-GB-M-001 read.
LOG (lattice-oracle[5.5.480~1-09abd]:main():lattice-oracle.cc:318) %WER 0 [ 0 / 5, 0 insertions, 0 deletions, 0 sub ]
LOG (lattice-oracle[5.5.480~1-09abd]:main():lattice-oracle.cc:332) For utterance M132398937-873755806_1864159-132408394_1590950094-GB-M-001, best cost 0
Lattice M132398937-873755806_1864159-132408394_1590950094-GB-M-002 read.
LOG (lattice-oracle[5.5.480~1-09abd]:main():lattice-oracle.cc:318) %WER 0 [ 0 / 6, 0 insertions, 0 deletions, 0 sub ]
LOG (lattice-oracle[5.5.480~1-09abd]:main():lattice-oracle.cc:332) For utterance M132398937-873755806_1864159-132408394_1590950094-GB-M-002, best cost 0
Lattice M132398937-873755806_1864159-132408394_1590950094-GB-M-003 read.
LOG (lattice-oracle[5.5.480~1-09abd]:main():lattice-oracle.cc:318) %WER 0 [ 0 / 5, 0 insertions, 0 deletions, 0 sub ]
LOG (lattice-oracle[5.5.480~1-09abd]:main():lattice-oracle.cc:332) For utterance M132398937-873755806_1864159-132408394_1590950094-GB-M-003, best cost 0
Lattice M132398937-873755806_1864159-132408394_1590950094-GB-M-004 read.
LOG (lattice-oracle[5.5.480~1-09abd]:main():lattice-oracle.cc:318) %WER 0 [ 0 / 6, 0 insertions, 0 deletions, 0 sub ]
LOG (lattice-oracle[5.5.480~1-09abd]:main():lattice-oracle.cc:332) For utterance M132398937-873755806_1864159-132408394_1590950094-GB-M-004, best cost 0
Lattice M132398937-873755806_1864159-132408394_1590950094-GB-M-005 read.
LOG (lattice-oracle[5.5.480~1-09abd]:main():lattice-oracle.cc:318) %WER 0 [ 0 / 11, 0 insertions, 0 deletions, 0 sub ]
LOG (lattice-oracle[5.5.480~1-09abd]:main():lattice-oracle.cc:332) For utterance M132398937-873755806_1864159-132408394_1590950094-GB-M-005, best cost 0
Lattice M132398937-873755806_1864159-132408394_1590950094-GB-M-008 read.
LOG (lattice-oracle[5.5.480~1-09abd]:main():lattice-oracle.cc:318) %WER 0 [ 0 / 6, 0 insertions, 0 deletions, 0 sub ]
LOG (lattice-oracle[5.5.480~1-09abd]:main():lattice-oracle.cc:332) For utterance M132398937-873755806_1864159-132408394_1590950094-GB-M-008, best cost 0
Lattice M132398937-873755806_1864159-132408394_1590950094-GB-M-009 read.
LOG (lattice-oracle[5.5.480~1-09abd]:main():lattice-oracle.cc:318) %WER 0 [ 0 / 5, 0 insertions, 0 deletions, 0 sub ]
LOG (lattice-oracle[5.5.480~1-09abd]:main():lattice-oracle.cc:332) For utterance M132398937-873755806_1864159-132408394_1590950094-GB-M-009, best cost 0
Lattice M132398937-873755806_1864159-132408394_1590950094-GB-M-010 read.
LOG (lattice-oracle[5.5.480~1-09abd]:main():lattice-oracle.cc:318) %WER 0 [ 0 / 6, 0 insertions, 0 deletions, 0 sub ]
LOG (lattice-oracle[5.5.480~1-09abd]:main():lattice-oracle.cc:332) For utterance M132398937-873755806_1864159-132408394_1590950094-GB-M-010, best cost 0
Lattice M132398937-873755806_1864159-132408394_1590950094-GB-M-012 read.
LOG (lattice-oracle[5.5.480~1-09abd]:main():lattice-oracle.cc:318) %WER 0 [ 0 / 5, 0 insertions, 0 deletions, 0 sub ]
LOG (lattice-oracle[5.5.480~1-09abd]:main():lattice-oracle.cc:332) For utterance M132398937-873755806_1864159-132408394_1590950094-GB-M-012, best cost 0
Lattice M132398937-873755806_1864159-132408394_1590950094-GB-M-013 read.
LOG (lattice-oracle[5.5.480~1-09abd]:main():lattice-oracle.cc:318) %WER 0 [ 0 / 5, 0 insertions, 0 deletions, 0 sub ]
LOG (lattice-oracle[5.5.480~1-09abd]:main():lattice-oracle.cc:332) For utterance M132398937-873755806_1864159-132408394_1590950094-GB-M-013, best cost 0
Lattice M132398937-873755806_1864159-132408394_1590950094-GB-M-014 read.
LOG (lattice-oracle[5.5.480~1-09abd]:main():lattice-oracle.cc:318) %WER 0 [ 0 / 8, 0 insertions, 0 deletions, 0 sub ]
LOG (lattice-oracle[5.5.480~1-09abd]:main():lattice-oracle.cc:332) For utterance M132398937-873755806_1864159-132408394_1590950094-GB-M-014, best cost 0
Lattice M132398937-873755806_1864159-132408394_1590950094-GB-M-017 read.
LOG (lattice-oracle[5.5.480~1-09abd]:main():lattice-oracle.cc:318) %WER 0 [ 0 / 6, 0 insertions, 0 deletions, 0 sub ]
LOG (lattice-oracle[5.5.480~1-09abd]:main():lattice-oracle.cc:332) For utterance M132398937-873755806_1864159-132408394_1590950094-GB-M-017, best cost 0
Lattice M132398937-873755806_1864159-132408394_1590950094-GB-M-018 read.
LOG (lattice-oracle[5.5.480~1-09abd]:main():lattice-oracle.cc:318) %WER 0 [ 0 / 8, 0 insertions, 0 deletions, 0 sub ]
LOG (lattice-oracle[5.5.480~1-09abd]:main():lattice-oracle.cc:332) For utterance M132398937-873755806_1864159-132408394_1590950094-GB-M-018, best cost 0
Lattice M132398937-873755806_1864159-132408394_1590950094-GB-M-020 read.
LOG (lattice-oracle[5.5.480~1-09abd]:main():lattice-oracle.cc:318) %WER 0 [ 0 / 5, 0 insertions, 0 deletions, 0 sub ]
LOG (lattice-oracle[5.5.480~1-09abd]:main():lattice-oracle.cc:332) For utterance M132398937-873755806_1864159-132408394_1590950094-GB-M-020, best cost 0
Lattice M132398937-873755806_1864159-132408394_1590950094-GB-M-022 read.
LOG (lattice-oracle[5.5.480~1-09abd]:main():lattice-oracle.cc:318) %WER 0 [ 0 / 6, 0 insertions, 0 deletions, 0 sub ]
LOG (lattice-oracle[5.5.480~1-09abd]:main():lattice-oracle.cc:332) For utterance M132398937-873755806_1864159-132408394_1590950094-GB-M-022, best cost 0
Lattice M132398937-873755806_1864159-132408394_1590950094-GB-M-024 read.
LOG (lattice-oracle[5.5.480~1-09abd]:main():lattice-oracle.cc:318) %WER 0 [ 0 / 7, 0 insertions, 0 deletions, 0 sub ]
LOG (lattice-oracle[5.5.480~1-09abd]:main():lattice-oracle.cc:332) For utterance M132398937-873755806_1864159-132408394_1590950094-GB-M-024, best cost 0
Lattice M132398937-873755806_1864159-132408394_1590950094-GB-M-027 read.
LOG (lattice-oracle[5.5.480~1-09abd]:main():lattice-oracle.cc:318) %WER 0 [ 0 / 4, 0 insertions, 0 deletions, 0 sub ]
LOG (lattice-oracle[5.5.480~1-09abd]:main():lattice-oracle.cc:332) For utterance M132398937-873755806_1864159-132408394_1590950094-GB-M-027, best cost 0
Lattice M132398937-873755806_1864159-132408394_1590950094-GB-M-028 read.
LOG (lattice-oracle[5.5.480~1-09abd]:main():lattice-oracle.cc:318) %WER 0 [ 0 / 9, 0 insertions, 0 deletions, 0 sub ]
LOG (lattice-oracle[5.5.480~1-09abd]:main():lattice-oracle.cc:332) For utterance M132398937-873755806_1864159-132408394_1590950094-GB-M-028, best cost 0
Lattice M132398937-873755806_1864159-132408394_1590950094-GB-M-030 read.
LOG (lattice-oracle[5.5.480~1-09abd]:main():lattice-oracle.cc:318) %WER 0 [ 0 / 5, 0 insertions, 0 deletions, 0 sub ]
LOG (lattice-oracle[5.5.480~1-09abd]:main():lattice-oracle.cc:332) For utterance M132398937-873755806_1864159-132408394_1590950094-GB-M-030, best cost 0
Lattice M132398937-873755806_1864159-132408394_1590950094-GB-M-031 read.
LOG (lattice-oracle[5.5.480~1-09abd]:main():lattice-oracle.cc:318) %WER 0 [ 0 / 6, 0 insertions, 0 deletions, 0 sub ]
LOG (lattice-oracle[5.5.480~1-09abd]:main():lattice-oracle.cc:332) For utterance M132398937-873755806_1864159-132408394_1590950094-GB-M-031, best cost 0
Lattice M132398937-873755806_1864159-132408394_1590950094-GB-M-032 read.
LOG (lattice-oracle[5.5.480~1-09abd]:main():lattice-oracle.cc:318) %WER 0 [ 0 / 8, 0 insertions, 0 deletions, 0 sub ]
LOG (lattice-oracle[5.5.480~1-09abd]:main():lattice-oracle.cc:332) For utterance M132398937-873755806_1864159-132408394_1590950094-GB-M-032, best cost 0
Lattice M132398937-873755806_1864159-132408394_1590950094-GB-M-033 read.
LOG (lattice-oracle[5.5.480~1-09abd]:main():lattice-oracle.cc:318) %WER 0 [ 0 / 3, 0 insertions, 0 deletions, 0 sub ]
LOG (lattice-oracle[5.5.480~1-09abd]:main():lattice-oracle.cc:332) For utterance M132398937-873755806_1864159-132408394_1590950094-GB-M-033, best cost 0
Lattice M132398937-873755806_1864159-132408394_1590950094-GB-M-035 read.
LOG (lattice-oracle[5.5.480~1-09abd]:main():lattice-oracle.cc:318) %WER 0 [ 0 / 2, 0 insertions, 0 deletions, 0 sub ]
LOG (lattice-oracle[5.5.480~1-09abd]:main():lattice-oracle.cc:332) For utterance M132398937-873755806_1864159-132408394_1590950094-GB-M-035, best cost 0
Lattice M132398937-873755806_1864159-132408394_1590950094-GB-M-036 read.
LOG (lattice-oracle[5.5.480~1-09abd]:main():lattice-oracle.cc:318) %WER 0 [ 0 / 3, 0 insertions, 0 deletions, 0 sub ]
LOG (lattice-oracle[5.5.480~1-09abd]:main():lattice-oracle.cc:332) For utterance M132398937-873755806_1864159-132408394_1590950094-GB-M-036, best cost 0
Lattice M132398937-873755806_1864159-132408394_1590950094-GB-M-039 read.
LOG (lattice-oracle[5.5.480~1-09abd]:main():lattice-oracle.cc:318) %WER 0 [ 0 / 3, 0 insertions, 0 deletions, 0 sub ]
LOG (lattice-oracle[5.5.480~1-09abd]:main():lattice-oracle.cc:332) For utterance M132398937-873755806_1864159-132408394_1590950094-GB-M-039, best cost 0
Lattice M132398937-873755806_1864159-132408394_1590950094-GB-M-040 read.
LOG (lattice-oracle[5.5.480~1-09abd]:main():lattice-oracle.cc:318) %WER 0 [ 0 / 5, 0 insertions, 0 deletions, 0 sub ]
LOG (lattice-oracle[5.5.480~1-09abd]:main():lattice-oracle.cc:332) For utterance M132398937-873755806_1864159-132408394_1590950094-GB-M-040, best cost 0
Lattice M132398937-873755806_1864159-132408394_1590950094-GB-M-041 read.
LOG (lattice-oracle[5.5.480~1-09abd]:main():lattice-oracle.cc:318) %WER 200 [ 2 / 1, 1 insertions, 0 deletions, 1 sub ]
LOG (lattice-oracle[5.5.480~1-09abd]:main():lattice-oracle.cc:332) For utterance M132398937-873755806_1864159-132408394_1590950094-GB-M-041, best cost 2
Lattice M132398937-873755806_1864159-132408394_1590950094-GB-M-042 read.
LOG (lattice-oracle[5.5.480~1-09abd]:main():lattice-oracle.cc:318) %WER 0 [ 0 / 5, 0 insertions, 0 deletions, 0 sub ]
LOG (lattice-oracle[5.5.480~1-09abd]:main():lattice-oracle.cc:332) For utterance M132398937-873755806_1864159-132408394_1590950094-GB-M-042, best cost 0
Lattice M132398937-873755806_1864159-132408394_1590950094-GB-M-043 read.
LOG (lattice-oracle[5.5.480~1-09abd]:main():lattice-oracle.cc:318) %WER 0 [ 0 / 7, 0 insertions, 0 deletions, 0 sub ]
LOG (lattice-oracle[5.5.480~1-09abd]:main():lattice-oracle.cc:332) For utterance M132398937-873755806_1864159-132408394_1590950094-GB-M-043, best cost 0
Lattice M132398937-873755806_1864159-132408394_1590950094-GB-M-044 read.
LOG (lattice-oracle[5.5.480~1-09abd]:main():lattice-oracle.cc:318) %WER 0 [ 0 / 4, 0 insertions, 0 deletions, 0 sub ]
LOG (lattice-oracle[5.5.480~1-09abd]:main():lattice-oracle.cc:332) For utterance M132398937-873755806_1864159-132408394_1590950094-GB-M-044, best cost 0
Lattice M132398937-873755806_1864159-132408394_1590950094-GB-M-046 read.
LOG (lattice-oracle[5.5.480~1-09abd]:main():lattice-oracle.cc:318) %WER 21.4286 [ 3 / 14, 0 insertions, 2 deletions, 1 sub ]
LOG (lattice-oracle[5.5.480~1-09abd]:main():lattice-oracle.cc:332) For utterance M132398937-873755806_1864159-132408394_1590950094-GB-M-046, best cost 3
Lattice M132398937-873755806_1864159-132408394_1590950094-GB-M-049 read.
LOG (lattice-oracle[5.5.480~1-09abd]:main():lattice-oracle.cc:318) %WER 0 [ 0 / 3, 0 insertions, 0 deletions, 0 sub ]
LOG (lattice-oracle[5.5.480~1-09abd]:main():lattice-oracle.cc:332) For utterance M132398937-873755806_1864159-132408394_1590950094-GB-M-049, best cost 0
Lattice M132398937-873755806_1864159-132408394_1590950094-GB-M-051 read.
LOG (lattice-oracle[5.5.480~1-09abd]:main():lattice-oracle.cc:318) %WER 21.4286 [ 3 / 14, 0 insertions, 3 deletions, 0 sub ]
LOG (lattice-oracle[5.5.480~1-09abd]:main():lattice-oracle.cc:332) For utterance M132398937-873755806_1864159-132408394_1590950094-GB-M-051, best cost 3
Lattice M132398937-873755806_1864159-132408394_1590950094-GB-M-053 read.
LOG (lattice-oracle[5.5.480~1-09abd]:main():lattice-oracle.cc:318) %WER 0 [ 0 / 4, 0 insertions, 0 deletions, 0 sub ]
LOG (lattice-oracle[5.5.480~1-09abd]:main():lattice-oracle.cc:332) For utterance M132398937-873755806_1864159-132408394_1590950094-GB-M-053, best cost 0
Lattice M132398937-873755806_1864159-132408394_1590950094-GB-M-054 read.
LOG (lattice-oracle[5.5.480~1-09abd]:main():lattice-oracle.cc:318) %WER 0 [ 0 / 3, 0 insertions, 0 deletions, 0 sub ]
LOG (lattice-oracle[5.5.480~1-09abd]:main():lattice-oracle.cc:332) For utterance M132398937-873755806_1864159-132408394_1590950094-GB-M-054, best cost 0
Lattice M132398937-873755806_1864159-132408394_1590950094-GB-M-055 read.
LOG (lattice-oracle[5.5.480~1-09abd]:main():lattice-oracle.cc:318) %WER 16.6667 [ 1 / 6, 0 insertions, 0 deletions, 1 sub ]
LOG (lattice-oracle[5.5.480~1-09abd]:main():lattice-oracle.cc:332) For utterance M132398937-873755806_1864159-132408394_1590950094-GB-M-055, best cost 1
Lattice M132398937-873755806_1864159-132408394_1590950094-GB-M-058 read.
LOG (lattice-oracle[5.5.480~1-09abd]:main():lattice-oracle.cc:318) %WER 0 [ 0 / 4, 0 insertions, 0 deletions, 0 sub ]
LOG (lattice-oracle[5.5.480~1-09abd]:main():lattice-oracle.cc:332) For utterance M132398937-873755806_1864159-132408394_1590950094-GB-M-058, best cost 0
Lattice M132398937-873755806_1864159-132408394_1590950094-GB-M-059 read.
LOG (lattice-oracle[5.5.480~1-09abd]:main():lattice-oracle.cc:318) %WER 25 [ 1 / 4, 1 insertions, 0 deletions, 0 sub ]
LOG (lattice-oracle[5.5.480~1-09abd]:main():lattice-oracle.cc:332) For utterance M132398937-873755806_1864159-132408394_1590950094-GB-M-059, best cost 1
Lattice M1324093404-4923265_233579-413715102_1638050571-GB-M-001 read.
LOG (lattice-oracle[5.5.480~1-09abd]:main():lattice-oracle.cc:318) %WER 20 [ 1 / 5, 0 insertions, 1 deletions, 0 sub ]
LOG (lattice-oracle[5.5.480~1-09abd]:main():lattice-oracle.cc:332) For utterance M1324093404-4923265_233579-413715102_1638050571-GB-M-001, best cost 1
Lattice M1324093404-4923265_233579-413715102_1638050571-GB-M-002 read.
LOG (lattice-oracle[5.5.480~1-09abd]:main():lattice-oracle.cc:318) %WER 0 [ 0 / 14, 0 insertions, 0 deletions, 0 sub ]
LOG (lattice-oracle[5.5.480~1-09abd]:main():lattice-oracle.cc:332) For utterance M1324093404-4923265_233579-413715102_1638050571-GB-M-002, best cost 0
Lattice M1324093404-4923265_233579-413715102_1638050571-GB-M-004 read.
LOG (lattice-oracle[5.5.480~1-09abd]:main():lattice-oracle.cc:318) %WER 0 [ 0 / 12, 0 insertions, 0 deletions, 0 sub ]
LOG (lattice-oracle[5.5.480~1-09abd]:main():lattice-oracle.cc:332) For utterance M1324093404-4923265_233579-413715102_1638050571-GB-M-004, best cost 0
Lattice M1324093404-4923265_233579-413715102_1638050571-GB-M-006 read.
LOG (lattice-oracle[5.5.480~1-09abd]:main():lattice-oracle.cc:318) %WER 33.3333 [ 1 / 3, 1 insertions, 0 deletions, 0 sub ]
LOG (lattice-oracle[5.5.480~1-09abd]:main():lattice-oracle.cc:332) For utterance M1324093404-4923265_233579-413715102_1638050571-GB-M-006, best cost 1
Lattice M1324093404-4923265_233579-413715102_1638050571-GB-M-009 read.
LOG (lattice-oracle[5.5.480~1-09abd]:main():lattice-oracle.cc:318) %WER 66.6667 [ 2 / 3, 1 insertions, 0 deletions, 1 sub ]
LOG (lattice-oracle[5.5.480~1-09abd]:main():lattice-oracle.cc:332) For utterance M1324093404-4923265_233579-413715102_1638050571-GB-M-009, best cost 2
Lattice M1324093404-4923265_233579-413715102_1638050571-GB-M-016 read.
LOG (lattice-oracle[5.5.480~1-09abd]:main():lattice-oracle.cc:318) %WER 0 [ 0 / 4, 0 insertions, 0 deletions, 0 sub ]
LOG (lattice-oracle[5.5.480~1-09abd]:main():lattice-oracle.cc:332) For utterance M1324093404-4923265_233579-413715102_1638050571-GB-M-016, best cost 0
Lattice M1324093404-4923265_233579-413715102_1638050571-GB-M-017 read.
LOG (lattice-oracle[5.5.480~1-09abd]:main():lattice-oracle.cc:318) %WER 0 [ 0 / 7, 0 insertions, 0 deletions, 0 sub ]
LOG (lattice-oracle[5.5.480~1-09abd]:main():lattice-oracle.cc:332) For utterance M1324093404-4923265_233579-413715102_1638050571-GB-M-017, best cost 0
Lattice M1324093404-4923265_233579-413715102_1638050571-GB-M-019 read.
LOG (lattice-oracle[5.5.480~1-09abd]:main():lattice-oracle.cc:318) %WER 0 [ 0 / 8, 0 insertions, 0 deletions, 0 sub ]
LOG (lattice-oracle[5.5.480~1-09abd]:main():lattice-oracle.cc:332) For utterance M1324093404-4923265_233579-413715102_1638050571-GB-M-019, best cost 0
Lattice M1324093404-4923265_233579-413715102_1638050571-GB-M-021 read.
LOG (lattice-oracle[5.5.480~1-09abd]:main():lattice-oracle.cc:318) %WER 0 [ 0 / 8, 0 insertions, 0 deletions, 0 sub ]
LOG (lattice-oracle[5.5.480~1-09abd]:main():lattice-oracle.cc:332) For utterance M1324093404-4923265_233579-413715102_1638050571-GB-M-021, best cost 0
Lattice M1324093404-4923265_233579-413715102_1638050571-GB-M-023 read.
LOG (lattice-oracle[5.5.480~1-09abd]:main():lattice-oracle.cc:318) %WER 0 [ 0 / 2, 0 insertions, 0 deletions, 0 sub ]
LOG (lattice-oracle[5.5.480~1-09abd]:main():lattice-oracle.cc:332) For utterance M1324093404-4923265_233579-413715102_1638050571-GB-M-023, best cost 0
Lattice M1324093404-4923265_233579-413715102_1638050571-GB-M-033 read.
LOG (lattice-oracle[5.5.480~1-09abd]:main():lattice-oracle.cc:318) %WER 0 [ 0 / 4, 0 insertions, 0 deletions, 0 sub ]
LOG (lattice-oracle[5.5.480~1-09abd]:main():lattice-oracle.cc:332) For utterance M1324093404-4923265_233579-413715102_1638050571-GB-M-033, best cost 0
Lattice M1324093404-4923265_233579-413715102_1638050571-GB-M-034 read.
LOG (lattice-oracle[5.5.480~1-09abd]:main():lattice-oracle.cc:318) %WER 18.1818 [ 2 / 11, 1 insertions, 0 deletions, 1 sub ]
LOG (lattice-oracle[5.5.480~1-09abd]:main():lattice-oracle.cc:332) For utterance M1324093404-4923265_233579-413715102_1638050571-GB-M-034, best cost 2
Lattice M1324093404-4923265_233579-413715102_1638050571-GB-M-037 read.
LOG (lattice-oracle[5.5.480~1-09abd]:main():lattice-oracle.cc:318) %WER 0 [ 0 / 3, 0 insertions, 0 deletions, 0 sub ]
LOG (lattice-oracle[5.5.480~1-09abd]:main():lattice-oracle.cc:332) For utterance M1324093404-4923265_233579-413715102_1638050571-GB-M-037, best cost 0
Lattice M1324093404-4923265_233579-413715102_1638050571-GB-M-038 read.
LOG (lattice-oracle[5.5.480~1-09abd]:main():lattice-oracle.cc:318) %WER 0 [ 0 / 8, 0 insertions, 0 deletions, 0 sub ]
LOG (lattice-oracle[5.5.480~1-09abd]:main():lattice-oracle.cc:332) For utterance M1324093404-4923265_233579-413715102_1638050571-GB-M-038, best cost 0
Lattice M1324093404-4923265_233579-413715102_1638050571-GB-M-040 read.
LOG (lattice-oracle[5.5.480~1-09abd]:main():lattice-oracle.cc:318) %WER 0 [ 0 / 2, 0 insertions, 0 deletions, 0 sub ]
LOG (lattice-oracle[5.5.480~1-09abd]:main():lattice-oracle.cc:332) For utterance M1324093404-4923265_233579-413715102_1638050571-GB-M-040, best cost 0
Lattice M1324093404-4923265_233579-413715102_1638050571-GB-M-041 read.
LOG (lattice-oracle[5.5.480~1-09abd]:main():lattice-oracle.cc:318) %WER 0 [ 0 / 8, 0 insertions, 0 deletions, 0 sub ]
LOG (lattice-oracle[5.5.480~1-09abd]:main():lattice-oracle.cc:332) For utterance M1324093404-4923265_233579-413715102_1638050571-GB-M-041, best cost 0
Lattice M1324093404-4923265_233579-413715102_1638050571-GB-M-042 read.
LOG (lattice-oracle[5.5.480~1-09abd]:main():lattice-oracle.cc:318) %WER 0 [ 0 / 7, 0 insertions, 0 deletions, 0 sub ]
LOG (lattice-oracle[5.5.480~1-09abd]:main():lattice-oracle.cc:332) For utterance M1324093404-4923265_233579-413715102_1638050571-GB-M-042, best cost 0
Lattice M1324093404-4923265_233579-413715102_1638050571-GB-M-044 read.
LOG (lattice-oracle[5.5.480~1-09abd]:main():lattice-oracle.cc:318) %WER 0 [ 0 / 3, 0 insertions, 0 deletions, 0 sub ]
LOG (lattice-oracle[5.5.480~1-09abd]:main():lattice-oracle.cc:332) For utterance M1324093404-4923265_233579-413715102_1638050571-GB-M-044, best cost 0
Lattice M1324093404-4923265_233579-413715102_1638050571-GB-M-046 read.
LOG (lattice-oracle[5.5.480~1-09abd]:main():lattice-oracle.cc:318) %WER 25 [ 1 / 4, 0 insertions, 0 deletions, 1 sub ]
LOG (lattice-oracle[5.5.480~1-09abd]:main():lattice-oracle.cc:332) For utterance M1324093404-4923265_233579-413715102_1638050571-GB-M-046, best cost 1
Lattice M1324093404-4923265_233579-413715102_1638050571-GB-M-048 read.
LOG (lattice-oracle[5.5.480~1-09abd]:main():lattice-oracle.cc:318) %WER 100 [ 2 / 2, 1 insertions, 0 deletions, 1 sub ]
LOG (lattice-oracle[5.5.480~1-09abd]:main():lattice-oracle.cc:332) For utterance M1324093404-4923265_233579-413715102_1638050571-GB-M-048, best cost 2
Lattice M1324093404-4923265_233579-413715102_1638050571-GB-M-051 read.
LOG (lattice-oracle[5.5.480~1-09abd]:main():lattice-oracle.cc:318) %WER 0 [ 0 / 3, 0 insertions, 0 deletions, 0 sub ]
LOG (lattice-oracle[5.5.480~1-09abd]:main():lattice-oracle.cc:332) For utterance M1324093404-4923265_233579-413715102_1638050571-GB-M-051, best cost 0
Lattice M1324093404-4923265_233579-413715102_1638050571-GB-M-053 read.
LOG (lattice-oracle[5.5.480~1-09abd]:main():lattice-oracle.cc:318) %WER 9.09091 [ 1 / 11, 0 insertions, 0 deletions, 1 sub ]
LOG (lattice-oracle[5.5.480~1-09abd]:main():lattice-oracle.cc:332) For utterance M1324093404-4923265_233579-413715102_1638050571-GB-M-053, best cost 1
Lattice M1324093404-4923265_233579-413715102_1638050571-GB-M-055 read.
LOG (lattice-oracle[5.5.480~1-09abd]:main():lattice-oracle.cc:318) %WER 0 [ 0 / 7, 0 insertions, 0 deletions, 0 sub ]
LOG (lattice-oracle[5.5.480~1-09abd]:main():lattice-oracle.cc:332) For utterance M1324093404-4923265_233579-413715102_1638050571-GB-M-055, best cost 0
Lattice M1324093404-4923265_233579-413715102_1638050571-GB-M-057 read.
LOG (lattice-oracle[5.5.480~1-09abd]:main():lattice-oracle.cc:318) %WER 0 [ 0 / 16, 0 insertions, 0 deletions, 0 sub ]
LOG (lattice-oracle[5.5.480~1-09abd]:main():lattice-oracle.cc:332) For utterance M1324093404-4923265_233579-413715102_1638050571-GB-M-057, best cost 0
Lattice M1324093404-4923265_233579-413715102_1638050571-GB-M-060 read.
LOG (lattice-oracle[5.5.480~1-09abd]:main():lattice-oracle.cc:318) %WER 12.5 [ 1 / 8, 0 insertions, 0 deletions, 1 sub ]
LOG (lattice-oracle[5.5.480~1-09abd]:main():lattice-oracle.cc:332) For utterance M1324093404-4923265_233579-413715102_1638050571-GB-M-060, best cost 1
Lattice M1330235219-306416782_501168-1299360954_1480944093-GB-M-001 read.
LOG (lattice-oracle[5.5.480~1-09abd]:main():lattice-oracle.cc:318) %WER 50 [ 8 / 16, 2 insertions, 6 deletions, 0 sub ]
LOG (lattice-oracle[5.5.480~1-09abd]:main():lattice-oracle.cc:332) For utterance M1330235219-306416782_501168-1299360954_1480944093-GB-M-001, best cost 8
Lattice M1330235219-306416782_501168-1299360954_1480944093-GB-M-004 read.
LOG (lattice-oracle[5.5.480~1-09abd]:main():lattice-oracle.cc:318) %WER 17.6471 [ 3 / 17, 0 insertions, 3 deletions, 0 sub ]
LOG (lattice-oracle[5.5.480~1-09abd]:main():lattice-oracle.cc:332) For utterance M1330235219-306416782_501168-1299360954_1480944093-GB-M-004, best cost 3
Lattice M1330235219-306416782_501168-1299360954_1480944093-GB-M-009 read.
LOG (lattice-oracle[5.5.480~1-09abd]:main():lattice-oracle.cc:318) %WER 0 [ 0 / 3, 0 insertions, 0 deletions, 0 sub ]
LOG (lattice-oracle[5.5.480~1-09abd]:main():lattice-oracle.cc:332) For utterance M1330235219-306416782_501168-1299360954_1480944093-GB-M-009, best cost 0
Lattice M1330235219-306416782_501168-1299360954_1480944093-GB-M-012 read.
LOG (lattice-oracle[5.5.480~1-09abd]:main():lattice-oracle.cc:318) %WER 0 [ 0 / 1, 0 insertions, 0 deletions, 0 sub ]
LOG (lattice-oracle[5.5.480~1-09abd]:main():lattice-oracle.cc:332) For utterance M1330235219-306416782_501168-1299360954_1480944093-GB-M-012, best cost 0
Lattice M1330235219-306416782_501168-1299360954_1480944093-GB-M-013 read.
LOG (lattice-oracle[5.5.480~1-09abd]:main():lattice-oracle.cc:318) %WER 0 [ 0 / 13, 0 insertions, 0 deletions, 0 sub ]
LOG (lattice-oracle[5.5.480~1-09abd]:main():lattice-oracle.cc:332) For utterance M1330235219-306416782_501168-1299360954_1480944093-GB-M-013, best cost 0
Lattice M1330235219-306416782_501168-1299360954_1480944093-GB-M-019 read.
LOG (lattice-oracle[5.5.480~1-09abd]:main():lattice-oracle.cc:318) %WER 66.6667 [ 4 / 6, 0 insertions, 4 deletions, 0 sub ]
LOG (lattice-oracle[5.5.480~1-09abd]:main():lattice-oracle.cc:332) For utterance M1330235219-306416782_501168-1299360954_1480944093-GB-M-019, best cost 4
Lattice M1330235219-306416782_501168-1299360954_1480944093-GB-M-020 read.
LOG (lattice-oracle[5.5.480~1-09abd]:main():lattice-oracle.cc:318) %WER 36.3636 [ 4 / 11, 0 insertions, 4 deletions, 0 sub ]
LOG (lattice-oracle[5.5.480~1-09abd]:main():lattice-oracle.cc:332) For utterance M1330235219-306416782_501168-1299360954_1480944093-GB-M-020, best cost 4
Lattice M1330235219-306416782_501168-1299360954_1480944093-GB-M-025 read.
LOG (lattice-oracle[5.5.480~1-09abd]:main():lattice-oracle.cc:318) %WER 20 [ 2 / 10, 0 insertions, 1 deletions, 1 sub ]
LOG (lattice-oracle[5.5.480~1-09abd]:main():lattice-oracle.cc:332) For utterance M1330235219-306416782_501168-1299360954_1480944093-GB-M-025, best cost 2
Lattice M1330235219-306416782_501168-1299360954_1480944093-GB-M-030 read.
LOG (lattice-oracle[5.5.480~1-09abd]:main():lattice-oracle.cc:318) %WER 200 [ 4 / 2, 4 insertions, 0 deletions, 0 sub ]
LOG (lattice-oracle[5.5.480~1-09abd]:main():lattice-oracle.cc:332) For utterance M1330235219-306416782_501168-1299360954_1480944093-GB-M-030, best cost 4
Lattice M1330336739-373879738_79821-444743096_1542192853-GB-M-009 read.
LOG (lattice-oracle[5.5.480~1-09abd]:main():lattice-oracle.cc:318) %WER 0 [ 0 / 31, 0 insertions, 0 deletions, 0 sub ]
LOG (lattice-oracle[5.5.480~1-09abd]:main():lattice-oracle.cc:332) For utterance M1330336739-373879738_79821-444743096_1542192853-GB-M-009, best cost 0
Lattice M1330336739-373879738_79821-444743096_1542192853-GB-M-016 read.
LOG (lattice-oracle[5.5.480~1-09abd]:main():lattice-oracle.cc:318) %WER 0 [ 0 / 3, 0 insertions, 0 deletions, 0 sub ]
LOG (lattice-oracle[5.5.480~1-09abd]:main():lattice-oracle.cc:332) For utterance M1330336739-373879738_79821-444743096_1542192853-GB-M-016, best cost 0
Lattice M1330336739-373879738_79821-444743096_1542192853-GB-M-022 read.
LOG (lattice-oracle[5.5.480~1-09abd]:main():lattice-oracle.cc:318) %WER 0 [ 0 / 4, 0 insertions, 0 deletions, 0 sub ]
LOG (lattice-oracle[5.5.480~1-09abd]:main():lattice-oracle.cc:332) For utterance M1330336739-373879738_79821-444743096_1542192853-GB-M-022, best cost 0
Lattice M1330336739-373879738_79821-444743096_1542192853-GB-M-023 read.
LOG (lattice-oracle[5.5.480~1-09abd]:main():lattice-oracle.cc:318) %WER 34.4828 [ 10 / 29, 0 insertions, 5 deletions, 5 sub ]
LOG (lattice-oracle[5.5.480~1-09abd]:main():lattice-oracle.cc:332) For utterance M1330336739-373879738_79821-444743096_1542192853-GB-M-023, best cost 10
Lattice M1330336739-373879738_79821-444743096_1542192853-GB-M-031 read.
LOG (lattice-oracle[5.5.480~1-09abd]:main():lattice-oracle.cc:318) %WER 33.3333 [ 1 / 3, 1 insertions, 0 deletions, 0 sub ]
LOG (lattice-oracle[5.5.480~1-09abd]:main():lattice-oracle.cc:332) For utterance M1330336739-373879738_79821-444743096_1542192853-GB-M-031, best cost 1
Lattice M1330336739-373879738_79821-444743096_1542192853-GB-M-032 read.
LOG (lattice-oracle[5.5.480~1-09abd]:main():lattice-oracle.cc:318) %WER 200 [ 2 / 1, 2 insertions, 0 deletions, 0 sub ]
LOG (lattice-oracle[5.5.480~1-09abd]:main():lattice-oracle.cc:332) For utterance M1330336739-373879738_79821-444743096_1542192853-GB-M-032, best cost 2
Lattice M1330336739-373879738_79821-444743096_1542192853-GB-M-033 read.
LOG (lattice-oracle[5.5.480~1-09abd]:main():lattice-oracle.cc:318) %WER 0 [ 0 / 1, 0 insertions, 0 deletions, 0 sub ]
LOG (lattice-oracle[5.5.480~1-09abd]:main():lattice-oracle.cc:332) For utterance M1330336739-373879738_79821-444743096_1542192853-GB-M-033, best cost 0
Lattice M1330336739-373879738_79821-444743096_1542192853-GB-M-035 read.
LOG (lattice-oracle[5.5.480~1-09abd]:main():lattice-oracle.cc:318) %WER 300 [ 3 / 1, 3 insertions, 0 deletions, 0 sub ]
LOG (lattice-oracle[5.5.480~1-09abd]:main():lattice-oracle.cc:332) For utterance M1330336739-373879738_79821-444743096_1542192853-GB-M-035, best cost 3
Lattice M1333381954-3502227_3502227-1137061991_1544468864-GB-M-001 read.
LOG (lattice-oracle[5.5.480~1-09abd]:main():lattice-oracle.cc:318) %WER 42.8571 [ 3 / 7, 0 insertions, 0 deletions, 3 sub ]
LOG (lattice-oracle[5.5.480~1-09abd]:main():lattice-oracle.cc:332) For utterance M1333381954-3502227_3502227-1137061991_1544468864-GB-M-001, best cost 3
Lattice M1333381954-3502227_3502227-1137061991_1544468864-GB-M-002 read.
LOG (lattice-oracle[5.5.480~1-09abd]:main():lattice-oracle.cc:318) %WER 13.3333 [ 6 / 45, 2 insertions, 4 deletions, 0 sub ]
LOG (lattice-oracle[5.5.480~1-09abd]:main():lattice-oracle.cc:332) For utterance M1333381954-3502227_3502227-1137061991_1544468864-GB-M-002, best cost 6
Lattice M1333381954-3502227_3502227-1137061991_1544468864-GB-M-010 read.
LOG (lattice-oracle[5.5.480~1-09abd]:main():lattice-oracle.cc:318) %WER 88.8889 [ 8 / 9, 4 insertions, 4 deletions, 0 sub ]
LOG (lattice-oracle[5.5.480~1-09abd]:main():lattice-oracle.cc:332) For utterance M1333381954-3502227_3502227-1137061991_1544468864-GB-M-010, best cost 8
Lattice M1333381954-3502227_3502227-1137061991_1544468864-GB-M-012 read.
LOG (lattice-oracle[5.5.480~1-09abd]:main():lattice-oracle.cc:318) %WER 36.8421 [ 7 / 19, 0 insertions, 1 deletions, 6 sub ]
LOG (lattice-oracle[5.5.480~1-09abd]:main():lattice-oracle.cc:332) For utterance M1333381954-3502227_3502227-1137061991_1544468864-GB-M-012, best cost 7
Lattice M1333381954-3502227_3502227-1137061991_1544468864-GB-M-017 read.
LOG (lattice-oracle[5.5.480~1-09abd]:main():lattice-oracle.cc:318) %WER 166.667 [ 10 / 6, 5 insertions, 0 deletions, 5 sub ]
LOG (lattice-oracle[5.5.480~1-09abd]:main():lattice-oracle.cc:332) For utterance M1333381954-3502227_3502227-1137061991_1544468864-GB-M-017, best cost 10
Lattice M1333381954-3502227_3502227-1137061991_1544468864-GB-M-019 read.
LOG (lattice-oracle[5.5.480~1-09abd]:main():lattice-oracle.cc:318) %WER 52 [ 13 / 25, 4 insertions, 7 deletions, 2 sub ]
LOG (lattice-oracle[5.5.480~1-09abd]:main():lattice-oracle.cc:332) For utterance M1333381954-3502227_3502227-1137061991_1544468864-GB-M-019, best cost 13
Lattice M1333381954-3502227_3502227-1137061991_1544468864-GB-M-024 read.
LOG (lattice-oracle[5.5.480~1-09abd]:main():lattice-oracle.cc:318) %WER 53.3333 [ 8 / 15, 2 insertions, 1 deletions, 5 sub ]
LOG (lattice-oracle[5.5.480~1-09abd]:main():lattice-oracle.cc:332) For utterance M1333381954-3502227_3502227-1137061991_1544468864-GB-M-024, best cost 8
Lattice M1333381954-3502227_3502227-1137061991_1544468864-GB-M-027 read.
LOG (lattice-oracle[5.5.480~1-09abd]:main():lattice-oracle.cc:318) %WER 26.3158 [ 5 / 19, 1 insertions, 4 deletions, 0 sub ]
LOG (lattice-oracle[5.5.480~1-09abd]:main():lattice-oracle.cc:332) For utterance M1333381954-3502227_3502227-1137061991_1544468864-GB-M-027, best cost 5
Lattice M1333381954-3502227_3502227-1137061991_1544468864-GB-M-031 read.
LOG (lattice-oracle[5.5.480~1-09abd]:main():lattice-oracle.cc:318) %WER 20 [ 1 / 5, 0 insertions, 0 deletions, 1 sub ]
LOG (lattice-oracle[5.5.480~1-09abd]:main():lattice-oracle.cc:332) For utterance M1333381954-3502227_3502227-1137061991_1544468864-GB-M-031, best cost 1
Lattice M1333381954-3502227_3502227-1137061991_1544468864-GB-M-032 read.
LOG (lattice-oracle[5.5.480~1-09abd]:main():lattice-oracle.cc:318) %WER 100 [ 4 / 4, 0 insertions, 0 deletions, 4 sub ]
LOG (lattice-oracle[5.5.480~1-09abd]:main():lattice-oracle.cc:332) For utterance M1333381954-3502227_3502227-1137061991_1544468864-GB-M-032, best cost 4
Lattice M1333381954-3502227_3502227-1137061991_1544468864-GB-M-033 read.
LOG (lattice-oracle[5.5.480~1-09abd]:main():lattice-oracle.cc:318) %WER 23.8095 [ 10 / 42, 6 insertions, 3 deletions, 1 sub ]
LOG (lattice-oracle[5.5.480~1-09abd]:main():lattice-oracle.cc:332) For utterance M1333381954-3502227_3502227-1137061991_1544468864-GB-M-033, best cost 10
Lattice M1333381954-3502227_3502227-1137061991_1544468864-GB-M-041 read.
LOG (lattice-oracle[5.5.480~1-09abd]:main():lattice-oracle.cc:318) %WER 328.571 [ 23 / 7, 22 insertions, 0 deletions, 1 sub ]
LOG (lattice-oracle[5.5.480~1-09abd]:main():lattice-oracle.cc:332) For utterance M1333381954-3502227_3502227-1137061991_1544468864-GB-M-041, best cost 23
Lattice M1333381954-3502227_3502227-1137061991_1544468864-GB-M-047 read.
LOG (lattice-oracle[5.5.480~1-09abd]:main():lattice-oracle.cc:318) %WER 0 [ 0 / 6, 0 insertions, 0 deletions, 0 sub ]
LOG (lattice-oracle[5.5.480~1-09abd]:main():lattice-oracle.cc:332) For utterance M1333381954-3502227_3502227-1137061991_1544468864-GB-M-047, best cost 0
Lattice M1333381954-3502227_3502227-1137061991_1544468864-GB-M-048 read.
LOG (lattice-oracle[5.5.480~1-09abd]:main():lattice-oracle.cc:318) %WER 0 [ 0 / 7, 0 insertions, 0 deletions, 0 sub ]
LOG (lattice-oracle[5.5.480~1-09abd]:main():lattice-oracle.cc:332) For utterance M1333381954-3502227_3502227-1137061991_1544468864-GB-M-048, best cost 0
Lattice M1333381954-3502227_3502227-1137061991_1544468864-GB-M-049 read.
LOG (lattice-oracle[5.5.480~1-09abd]:main():lattice-oracle.cc:318) %WER 0 [ 0 / 5, 0 insertions, 0 deletions, 0 sub ]
LOG (lattice-oracle[5.5.480~1-09abd]:main():lattice-oracle.cc:332) For utterance M1333381954-3502227_3502227-1137061991_1544468864-GB-M-049, best cost 0
Lattice M1333381954-3502227_3502227-1137061991_1544468864-GB-M-050 read.
LOG (lattice-oracle[5.5.480~1-09abd]:main():lattice-oracle.cc:318) %WER 0 [ 0 / 6, 0 insertions, 0 deletions, 0 sub ]
LOG (lattice-oracle[5.5.480~1-09abd]:main():lattice-oracle.cc:332) For utterance M1333381954-3502227_3502227-1137061991_1544468864-GB-M-050, best cost 0
Lattice M1333381954-3502227_3502227-1137061991_1544468864-GB-M-051 read.
LOG (lattice-oracle[5.5.480~1-09abd]:main():lattice-oracle.cc:318) %WER 0 [ 0 / 5, 0 insertions, 0 deletions, 0 sub ]
LOG (lattice-oracle[5.5.480~1-09abd]:main():lattice-oracle.cc:332) For utterance M1333381954-3502227_3502227-1137061991_1544468864-GB-M-051, best cost 0
Lattice M1334708601-3308507_3308507-240422795_1546327760-GB-M-001 read.
LOG (lattice-oracle[5.5.480~1-09abd]:main():lattice-oracle.cc:318) %WER 0 [ 0 / 4, 0 insertions, 0 deletions, 0 sub ]
LOG (lattice-oracle[5.5.480~1-09abd]:main():lattice-oracle.cc:332) For utterance M1334708601-3308507_3308507-240422795_1546327760-GB-M-001, best cost 0
Lattice M1334708601-3308507_3308507-240422795_1546327760-GB-M-002 read.
LOG (lattice-oracle[5.5.480~1-09abd]:main():lattice-oracle.cc:318) %WER 66.6667 [ 4 / 6, 0 insertions, 3 deletions, 1 sub ]
LOG (lattice-oracle[5.5.480~1-09abd]:main():lattice-oracle.cc:332) For utterance M1334708601-3308507_3308507-240422795_1546327760-GB-M-002, best cost 4
Lattice M1334708601-3308507_3308507-240422795_1546327760-GB-M-003 read.
LOG (lattice-oracle[5.5.480~1-09abd]:main():lattice-oracle.cc:318) %WER 85.7143 [ 18 / 21, 0 insertions, 18 deletions, 0 sub ]
LOG (lattice-oracle[5.5.480~1-09abd]:main():lattice-oracle.cc:332) For utterance M1334708601-3308507_3308507-240422795_1546327760-GB-M-003, best cost 18
Lattice M1334708601-3308507_3308507-240422795_1546327760-GB-M-007 read.
LOG (lattice-oracle[5.5.480~1-09abd]:main():lattice-oracle.cc:318) %WER 16.6667 [ 1 / 6, 0 insertions, 1 deletions, 0 sub ]
LOG (lattice-oracle[5.5.480~1-09abd]:main():lattice-oracle.cc:332) For utterance M1334708601-3308507_3308507-240422795_1546327760-GB-M-007, best cost 1
Lattice M1334708601-3308507_3308507-240422795_1546327760-GB-M-009 read.
LOG (lattice-oracle[5.5.480~1-09abd]:main():lattice-oracle.cc:318) %WER 60 [ 6 / 10, 4 insertions, 2 deletions, 0 sub ]
LOG (lattice-oracle[5.5.480~1-09abd]:main():lattice-oracle.cc:332) For utterance M1334708601-3308507_3308507-240422795_1546327760-GB-M-009, best cost 6
Lattice M1334708601-3308507_3308507-240422795_1546327760-GB-M-011 read.
LOG (lattice-oracle[5.5.480~1-09abd]:main():lattice-oracle.cc:318) %WER 0 [ 0 / 7, 0 insertions, 0 deletions, 0 sub ]
LOG (lattice-oracle[5.5.480~1-09abd]:main():lattice-oracle.cc:332) For utterance M1334708601-3308507_3308507-240422795_1546327760-GB-M-011, best cost 0
Lattice M1334708601-3308507_3308507-240422795_1546327760-GB-M-012 read.
LOG (lattice-oracle[5.5.480~1-09abd]:main():lattice-oracle.cc:318) %WER 45.1613 [ 14 / 31, 0 insertions, 13 deletions, 1 sub ]
LOG (lattice-oracle[5.5.480~1-09abd]:main():lattice-oracle.cc:332) For utterance M1334708601-3308507_3308507-240422795_1546327760-GB-M-012, best cost 14
Lattice M1334708601-3308507_3308507-240422795_1546327760-GB-M-019 read.
LOG (lattice-oracle[5.5.480~1-09abd]:main():lattice-oracle.cc:318) %WER 66.6667 [ 6 / 9, 0 insertions, 6 deletions, 0 sub ]
LOG (lattice-oracle[5.5.480~1-09abd]:main():lattice-oracle.cc:332) For utterance M1334708601-3308507_3308507-240422795_1546327760-GB-M-019, best cost 6
Lattice M1334708601-3308507_3308507-240422795_1546327760-GB-M-021 read.
LOG (lattice-oracle[5.5.480~1-09abd]:main():lattice-oracle.cc:318) %WER 33.3333 [ 2 / 6, 0 insertions, 2 deletions, 0 sub ]
LOG (lattice-oracle[5.5.480~1-09abd]:main():lattice-oracle.cc:332) For utterance M1334708601-3308507_3308507-240422795_1546327760-GB-M-021, best cost 2
Lattice M1334708601-3308507_3308507-240422795_1546327760-GB-M-022 read.
LOG (lattice-oracle[5.5.480~1-09abd]:main():lattice-oracle.cc:318) %WER 42.8571 [ 3 / 7, 0 insertions, 3 deletions, 0 sub ]
LOG (lattice-oracle[5.5.480~1-09abd]:main():lattice-oracle.cc:332) For utterance M1334708601-3308507_3308507-240422795_1546327760-GB-M-022, best cost 3
Lattice M1334708601-3308507_3308507-240422795_1546327760-GB-M-023 read.
LOG (lattice-oracle[5.5.480~1-09abd]:main():lattice-oracle.cc:318) %WER 24 [ 6 / 25, 0 insertions, 3 deletions, 3 sub ]
LOG (lattice-oracle[5.5.480~1-09abd]:main():lattice-oracle.cc:332) For utterance M1334708601-3308507_3308507-240422795_1546327760-GB-M-023, best cost 6
Lattice M1334708601-3308507_3308507-240422795_1546327760-GB-M-027 read.
LOG (lattice-oracle[5.5.480~1-09abd]:main():lattice-oracle.cc:318) %WER 21.7391 [ 5 / 23, 1 insertions, 4 deletions, 0 sub ]
LOG (lattice-oracle[5.5.480~1-09abd]:main():lattice-oracle.cc:332) For utterance M1334708601-3308507_3308507-240422795_1546327760-GB-M-027, best cost 5
Lattice M1334708601-3308507_3308507-240422795_1546327760-GB-M-032 read.
LOG (lattice-oracle[5.5.480~1-09abd]:main():lattice-oracle.cc:318) %WER 28.5714 [ 2 / 7, 0 insertions, 2 deletions, 0 sub ]
LOG (lattice-oracle[5.5.480~1-09abd]:main():lattice-oracle.cc:332) For utterance M1334708601-3308507_3308507-240422795_1546327760-GB-M-032, best cost 2
Lattice M1334708601-3308507_3308507-240422795_1546327760-GB-M-034 read.
LOG (lattice-oracle[5.5.480~1-09abd]:main():lattice-oracle.cc:318) %WER 71.4286 [ 5 / 7, 0 insertions, 4 deletions, 1 sub ]
LOG (lattice-oracle[5.5.480~1-09abd]:main():lattice-oracle.cc:332) For utterance M1334708601-3308507_3308507-240422795_1546327760-GB-M-034, best cost 5
Lattice M1334708601-3308507_3308507-240422795_1546327760-GB-M-035 read.
LOG (lattice-oracle[5.5.480~1-09abd]:main():lattice-oracle.cc:318) %WER 76.1905 [ 16 / 21, 1 insertions, 14 deletions, 1 sub ]
LOG (lattice-oracle[5.5.480~1-09abd]:main():lattice-oracle.cc:332) For utterance M1334708601-3308507_3308507-240422795_1546327760-GB-M-035, best cost 16
Lattice M1334708601-3308507_3308507-240422795_1546327760-GB-M-039 read.
LOG (lattice-oracle[5.5.480~1-09abd]:main():lattice-oracle.cc:318) %WER 30.7692 [ 4 / 13, 0 insertions, 3 deletions, 1 sub ]
LOG (lattice-oracle[5.5.480~1-09abd]:main():lattice-oracle.cc:332) For utterance M1334708601-3308507_3308507-240422795_1546327760-GB-M-039, best cost 4
Lattice M1334708601-3308507_3308507-240422795_1546327760-GB-M-041 read.
LOG (lattice-oracle[5.5.480~1-09abd]:main():lattice-oracle.cc:318) %WER 77.7778 [ 7 / 9, 0 insertions, 0 deletions, 7 sub ]
LOG (lattice-oracle[5.5.480~1-09abd]:main():lattice-oracle.cc:332) For utterance M1334708601-3308507_3308507-240422795_1546327760-GB-M-041, best cost 7
Lattice M1334708601-3308507_3308507-240422795_1546327760-GB-M-044 read.
LOG (lattice-oracle[5.5.480~1-09abd]:main():lattice-oracle.cc:318) %WER 18.1818 [ 4 / 22, 0 insertions, 4 deletions, 0 sub ]
LOG (lattice-oracle[5.5.480~1-09abd]:main():lattice-oracle.cc:332) For utterance M1334708601-3308507_3308507-240422795_1546327760-GB-M-044, best cost 4
Lattice M1334708601-3308507_3308507-240422795_1546327760-GB-M-048 read.
LOG (lattice-oracle[5.5.480~1-09abd]:main():lattice-oracle.cc:318) %WER 125 [ 5 / 4, 2 insertions, 0 deletions, 3 sub ]
LOG (lattice-oracle[5.5.480~1-09abd]:main():lattice-oracle.cc:332) For utterance M1334708601-3308507_3308507-240422795_1546327760-GB-M-048, best cost 5
Lattice M1334708601-3308507_3308507-240422795_1546327760-GB-M-050 read.
LOG (lattice-oracle[5.5.480~1-09abd]:main():lattice-oracle.cc:318) %WER 33.3333 [ 2 / 6, 0 insertions, 0 deletions, 2 sub ]
LOG (lattice-oracle[5.5.480~1-09abd]:main():lattice-oracle.cc:332) For utterance M1334708601-3308507_3308507-240422795_1546327760-GB-M-050, best cost 2
Lattice M1334708601-3308507_3308507-240422795_1546327760-GB-M-052 read.
LOG (lattice-oracle[5.5.480~1-09abd]:main():lattice-oracle.cc:318) %WER 50 [ 2 / 4, 2 insertions, 0 deletions, 0 sub ]
LOG (lattice-oracle[5.5.480~1-09abd]:main():lattice-oracle.cc:332) For utterance M1334708601-3308507_3308507-240422795_1546327760-GB-M-052, best cost 2
Lattice M1334708601-3308507_3308507-240422795_1546327760-GB-M-053 read.
LOG (lattice-oracle[5.5.480~1-09abd]:main():lattice-oracle.cc:318) %WER 0 [ 0 / 7, 0 insertions, 0 deletions, 0 sub ]
LOG (lattice-oracle[5.5.480~1-09abd]:main():lattice-oracle.cc:332) For utterance M1334708601-3308507_3308507-240422795_1546327760-GB-M-053, best cost 0
Lattice M1334708601-3308507_3308507-240422795_1546327760-GB-M-056 read.
LOG (lattice-oracle[5.5.480~1-09abd]:main():lattice-oracle.cc:318) %WER 80 [ 76 / 95, 0 insertions, 69 deletions, 7 sub ]
LOG (lattice-oracle[5.5.480~1-09abd]:main():lattice-oracle.cc:332) For utterance M1334708601-3308507_3308507-240422795_1546327760-GB-M-056, best cost 76
Lattice M1334708601-3308507_3308507-240422795_1546327760-GB-M-072 read.
LOG (lattice-oracle[5.5.480~1-09abd]:main():lattice-oracle.cc:318) %WER 88.8889 [ 8 / 9, 0 insertions, 8 deletions, 0 sub ]
LOG (lattice-oracle[5.5.480~1-09abd]:main():lattice-oracle.cc:332) For utterance M1334708601-3308507_3308507-240422795_1546327760-GB-M-072, best cost 8
Lattice M1334708601-3308507_3308507-240422795_1546327760-GB-M-073 read.
LOG (lattice-oracle[5.5.480~1-09abd]:main():lattice-oracle.cc:318) %WER 14.2857 [ 1 / 7, 0 insertions, 1 deletions, 0 sub ]
LOG (lattice-oracle[5.5.480~1-09abd]:main():lattice-oracle.cc:332) For utterance M1334708601-3308507_3308507-240422795_1546327760-GB-M-073, best cost 1
Lattice M1334708601-3308507_3308507-240422795_1546327760-GB-M-074 read.
LOG (lattice-oracle[5.5.480~1-09abd]:main():lattice-oracle.cc:318) %WER 50 [ 6 / 12, 0 insertions, 6 deletions, 0 sub ]
LOG (lattice-oracle[5.5.480~1-09abd]:main():lattice-oracle.cc:332) For utterance M1334708601-3308507_3308507-240422795_1546327760-GB-M-074, best cost 6
Lattice M1334708601-3505448_3505448-240422795_1536634417-GB-M-001 read.
LOG (lattice-oracle[5.5.480~1-09abd]:main():lattice-oracle.cc:318) %WER 6.45161 [ 2 / 31, 0 insertions, 2 deletions, 0 sub ]
LOG (lattice-oracle[5.5.480~1-09abd]:main():lattice-oracle.cc:332) For utterance M1334708601-3505448_3505448-240422795_1536634417-GB-M-001, best cost 2
Lattice M1334708601-3505448_3505448-240422795_1536634417-GB-M-007 read.
LOG (lattice-oracle[5.5.480~1-09abd]:main():lattice-oracle.cc:318) %WER 0 [ 0 / 16, 0 insertions, 0 deletions, 0 sub ]
LOG (lattice-oracle[5.5.480~1-09abd]:main():lattice-oracle.cc:332) For utterance M1334708601-3505448_3505448-240422795_1536634417-GB-M-007, best cost 0
Lattice M1334708601-3505448_3505448-240422795_1536634417-GB-M-011 read.
LOG (lattice-oracle[5.5.480~1-09abd]:main():lattice-oracle.cc:318) %WER 25 [ 4 / 16, 0 insertions, 1 deletions, 3 sub ]
LOG (lattice-oracle[5.5.480~1-09abd]:main():lattice-oracle.cc:332) For utterance M1334708601-3505448_3505448-240422795_1536634417-GB-M-011, best cost 4
Lattice M1334708601-3505448_3505448-240422795_1536634417-GB-M-015 read.
LOG (lattice-oracle[5.5.480~1-09abd]:main():lattice-oracle.cc:318) %WER 25 [ 1 / 4, 1 insertions, 0 deletions, 0 sub ]
LOG (lattice-oracle[5.5.480~1-09abd]:main():lattice-oracle.cc:332) For utterance M1334708601-3505448_3505448-240422795_1536634417-GB-M-015, best cost 1
Lattice M1334708601-3505448_3505448-240422795_1536634417-GB-M-016 read.
LOG (lattice-oracle[5.5.480~1-09abd]:main():lattice-oracle.cc:318) %WER 0 [ 0 / 6, 0 insertions, 0 deletions, 0 sub ]
LOG (lattice-oracle[5.5.480~1-09abd]:main():lattice-oracle.cc:332) For utterance M1334708601-3505448_3505448-240422795_1536634417-GB-M-016, best cost 0
Lattice M1334708601-3505448_3505448-240422795_1536634417-GB-M-017 read.
LOG (lattice-oracle[5.5.480~1-09abd]:main():lattice-oracle.cc:318) %WER 58.3333 [ 7 / 12, 0 insertions, 6 deletions, 1 sub ]
LOG (lattice-oracle[5.5.480~1-09abd]:main():lattice-oracle.cc:332) For utterance M1334708601-3505448_3505448-240422795_1536634417-GB-M-017, best cost 7
Lattice M1334708601-3505448_3505448-240422795_1536634417-GB-M-019 read.
LOG (lattice-oracle[5.5.480~1-09abd]:main():lattice-oracle.cc:318) %WER 18.1818 [ 4 / 22, 0 insertions, 4 deletions, 0 sub ]
LOG (lattice-oracle[5.5.480~1-09abd]:main():lattice-oracle.cc:332) For utterance M1334708601-3505448_3505448-240422795_1536634417-GB-M-019, best cost 4
Lattice M1334708601-3505448_3505448-240422795_1536634417-GB-M-023 read.
LOG (lattice-oracle[5.5.480~1-09abd]:main():lattice-oracle.cc:318) %WER 20.6897 [ 6 / 29, 2 insertions, 4 deletions, 0 sub ]
LOG (lattice-oracle[5.5.480~1-09abd]:main():lattice-oracle.cc:332) For utterance M1334708601-3505448_3505448-240422795_1536634417-GB-M-023, best cost 6
Lattice M1334708601-3505448_3505448-240422795_1536634417-GB-M-028 read.
LOG (lattice-oracle[5.5.480~1-09abd]:main():lattice-oracle.cc:318) %WER 7.69231 [ 2 / 26, 0 insertions, 2 deletions, 0 sub ]
LOG (lattice-oracle[5.5.480~1-09abd]:main():lattice-oracle.cc:332) For utterance M1334708601-3505448_3505448-240422795_1536634417-GB-M-028, best cost 2
Lattice M1334708601-3505448_3505448-240422795_1536634417-GB-M-033 read.
LOG (lattice-oracle[5.5.480~1-09abd]:main():lattice-oracle.cc:318) %WER 14.2857 [ 1 / 7, 0 insertions, 1 deletions, 0 sub ]
LOG (lattice-oracle[5.5.480~1-09abd]:main():lattice-oracle.cc:332) For utterance M1334708601-3505448_3505448-240422795_1536634417-GB-M-033, best cost 1
Lattice M1334708601-3505448_3505448-240422795_1536634417-GB-M-034 read.
LOG (lattice-oracle[5.5.480~1-09abd]:main():lattice-oracle.cc:318) %WER 28.5714 [ 2 / 7, 0 insertions, 2 deletions, 0 sub ]
LOG (lattice-oracle[5.5.480~1-09abd]:main():lattice-oracle.cc:332) For utterance M1334708601-3505448_3505448-240422795_1536634417-GB-M-034, best cost 2
Lattice M1334708601-3505448_3505448-240422795_1536634417-GB-M-035 read.
LOG (lattice-oracle[5.5.480~1-09abd]:main():lattice-oracle.cc:318) %WER 25 [ 2 / 8, 0 insertions, 0 deletions, 2 sub ]
LOG (lattice-oracle[5.5.480~1-09abd]:main():lattice-oracle.cc:332) For utterance M1334708601-3505448_3505448-240422795_1536634417-GB-M-035, best cost 2
Lattice M1334708601-3505448_3505448-240422795_1536634417-GB-M-036 read.
LOG (lattice-oracle[5.5.480~1-09abd]:main():lattice-oracle.cc:318) %WER 3.84615 [ 1 / 26, 0 insertions, 0 deletions, 1 sub ]
LOG (lattice-oracle[5.5.480~1-09abd]:main():lattice-oracle.cc:332) For utterance M1334708601-3505448_3505448-240422795_1536634417-GB-M-036, best cost 1
Lattice M1334708601-3505448_3505448-240422795_1536634417-GB-M-041 read.
LOG (lattice-oracle[5.5.480~1-09abd]:main():lattice-oracle.cc:318) %WER 0 [ 0 / 6, 0 insertions, 0 deletions, 0 sub ]
LOG (lattice-oracle[5.5.480~1-09abd]:main():lattice-oracle.cc:332) For utterance M1334708601-3505448_3505448-240422795_1536634417-GB-M-041, best cost 0
Lattice M1334708601-3505448_3505448-240422795_1536634417-GB-M-044 read.
LOG (lattice-oracle[5.5.480~1-09abd]:main():lattice-oracle.cc:318) %WER 11.5385 [ 3 / 26, 1 insertions, 2 deletions, 0 sub ]
LOG (lattice-oracle[5.5.480~1-09abd]:main():lattice-oracle.cc:332) For utterance M1334708601-3505448_3505448-240422795_1536634417-GB-M-044, best cost 3
Lattice M1334708601-3505448_3505448-240422795_1536634417-GB-M-049 read.
LOG (lattice-oracle[5.5.480~1-09abd]:main():lattice-oracle.cc:318) %WER 0 [ 0 / 5, 0 insertions, 0 deletions, 0 sub ]
LOG (lattice-oracle[5.5.480~1-09abd]:main():lattice-oracle.cc:332) For utterance M1334708601-3505448_3505448-240422795_1536634417-GB-M-049, best cost 0
Lattice M1334708601-3505448_3505448-240422795_1536634417-GB-M-050 read.
LOG (lattice-oracle[5.5.480~1-09abd]:main():lattice-oracle.cc:318) %WER 23.5294 [ 4 / 17, 0 insertions, 3 deletions, 1 sub ]
LOG (lattice-oracle[5.5.480~1-09abd]:main():lattice-oracle.cc:332) For utterance M1334708601-3505448_3505448-240422795_1536634417-GB-M-050, best cost 4
Lattice M1334708601-3505448_3505448-240422795_1536634417-GB-M-053 read.
LOG (lattice-oracle[5.5.480~1-09abd]:main():lattice-oracle.cc:318) %WER 0 [ 0 / 7, 0 insertions, 0 deletions, 0 sub ]
LOG (lattice-oracle[5.5.480~1-09abd]:main():lattice-oracle.cc:332) For utterance M1334708601-3505448_3505448-240422795_1536634417-GB-M-053, best cost 0
Lattice M1334708601-3505448_3505448-240422795_1536634417-GB-M-054 read.
LOG (lattice-oracle[5.5.480~1-09abd]:main():lattice-oracle.cc:318) %WER 61.1111 [ 11 / 18, 0 insertions, 8 deletions, 3 sub ]
LOG (lattice-oracle[5.5.480~1-09abd]:main():lattice-oracle.cc:332) For utterance M1334708601-3505448_3505448-240422795_1536634417-GB-M-054, best cost 11
Lattice M1334708601-3505448_3505448-240422795_1536634417-GB-M-057 read.
LOG (lattice-oracle[5.5.480~1-09abd]:main():lattice-oracle.cc:318) %WER 0 [ 0 / 19, 0 insertions, 0 deletions, 0 sub ]
LOG (lattice-oracle[5.5.480~1-09abd]:main():lattice-oracle.cc:332) For utterance M1334708601-3505448_3505448-240422795_1536634417-GB-M-057, best cost 0
Lattice M1334708601-3505448_3505448-240422795_1536634417-GB-M-062 read.
LOG (lattice-oracle[5.5.480~1-09abd]:main():lattice-oracle.cc:318) %WER 50 [ 2 / 4, 0 insertions, 1 deletions, 1 sub ]
LOG (lattice-oracle[5.5.480~1-09abd]:main():lattice-oracle.cc:332) For utterance M1334708601-3505448_3505448-240422795_1536634417-GB-M-062, best cost 2
Lattice M1334708601-3505448_3505448-240422795_1536634417-GB-M-063 read.
LOG (lattice-oracle[5.5.480~1-09abd]:main():lattice-oracle.cc:318) %WER 0 [ 0 / 5, 0 insertions, 0 deletions, 0 sub ]
LOG (lattice-oracle[5.5.480~1-09abd]:main():lattice-oracle.cc:332) For utterance M1334708601-3505448_3505448-240422795_1536634417-GB-M-063, best cost 0
Lattice M1334708601-3505448_3505448-240422795_1536634417-GB-M-065 read.
LOG (lattice-oracle[5.5.480~1-09abd]:main():lattice-oracle.cc:318) %WER 60 [ 9 / 15, 0 insertions, 9 deletions, 0 sub ]
LOG (lattice-oracle[5.5.480~1-09abd]:main():lattice-oracle.cc:332) For utterance M1334708601-3505448_3505448-240422795_1536634417-GB-M-065, best cost 9
Lattice M1334708601-3505448_3505448-240422795_1536634417-GB-M-069 read.
LOG (lattice-oracle[5.5.480~1-09abd]:main():lattice-oracle.cc:318) %WER 16.6667 [ 1 / 6, 0 insertions, 1 deletions, 0 sub ]
LOG (lattice-oracle[5.5.480~1-09abd]:main():lattice-oracle.cc:332) For utterance M1334708601-3505448_3505448-240422795_1536634417-GB-M-069, best cost 1
Lattice M1334708601-3505448_3505448-240422795_1536634417-GB-M-073 read.
LOG (lattice-oracle[5.5.480~1-09abd]:main():lattice-oracle.cc:318) %WER 25 [ 4 / 16, 0 insertions, 4 deletions, 0 sub ]
LOG (lattice-oracle[5.5.480~1-09abd]:main():lattice-oracle.cc:332) For utterance M1334708601-3505448_3505448-240422795_1536634417-GB-M-073, best cost 4
Lattice M1334708601-3505448_3505448-240422795_1536634417-GB-M-075 read.
LOG (lattice-oracle[5.5.480~1-09abd]:main():lattice-oracle.cc:318) %WER 0 [ 0 / 8, 0 insertions, 0 deletions, 0 sub ]
LOG (lattice-oracle[5.5.480~1-09abd]:main():lattice-oracle.cc:332) For utterance M1334708601-3505448_3505448-240422795_1536634417-GB-M-075, best cost 0
Lattice M1334708601-3505448_3505448-240422795_1536634417-GB-M-076 read.
LOG (lattice-oracle[5.5.480~1-09abd]:main():lattice-oracle.cc:318) %WER 50 [ 2 / 4, 2 insertions, 0 deletions, 0 sub ]
LOG (lattice-oracle[5.5.480~1-09abd]:main():lattice-oracle.cc:332) For utterance M1334708601-3505448_3505448-240422795_1536634417-GB-M-076, best cost 2
LOG (lattice-oracle[5.5.480~1-09abd]:main():lattice-oracle.cc:383) Overall %WER 26.6978 [ 515 / 1929, 90 insertions, 320 deletions, 105 substitutions ]
LOG (lattice-oracle[5.5.480~1-09abd]:main():lattice-oracle.cc:387) Scored 178 lattices, 0 not present in ref.
# Accounting: time=4 threads=1
# Ended (code 0) at Tue Sep 10 15:04:53 BST 2019, elapsed time 4 seconds
