# lattice-oracle "--write-lattices=ark:|gzip -c > exp/tri3b_cleaned/lattice_oracle/lat.33.gz" "ark:gunzip -c exp/tri3b_cleaned/lats/lat.33.gz |" "ark:utils/sym2int.pl --map-oov 239 -f 2- data/lang/words.txt data/train1/split40/33/text|" ark,t:- | utils/int2sym.pl -f 2- data/lang/words.txt > exp/tri3b_cleaned/lattice_oracle/oracle_hyp.33.txt 
# Started at Tue Sep 10 15:05:00 BST 2019
#
lattice-oracle '--write-lattices=ark:|gzip -c > exp/tri3b_cleaned/lattice_oracle/lat.33.gz' 'ark:gunzip -c exp/tri3b_cleaned/lats/lat.33.gz |' 'ark:utils/sym2int.pl --map-oov 239 -f 2- data/lang/words.txt data/train1/split40/33/text|' ark,t:- 
Lattice M470721603-3771758_3771758-483606661_1683216548-GB-M-001 read.
sym2int.pl: replacing 16 with 239
sym2int.pl: replacing LAMPPOST with 239
sym2int.pl: replacing UUUH with 239
sym2int.pl: replacing UUUH with 239
sym2int.pl: replacing UUUH with 239
LOG (lattice-oracle[5.5.480~1-09abd]:main():lattice-oracle.cc:318) %WER 100 [ 1 / 1, 1 insertions, 0 deletions, 0 sub ]
LOG (lattice-oracle[5.5.480~1-09abd]:main():lattice-oracle.cc:332) For utterance M470721603-3771758_3771758-483606661_1683216548-GB-M-001, best cost 1
sym2int.pl: replacing OVERTHREW with 239
sym2int.pl: replacing SYNCHRONIZATION with 239
sym2int.pl: replacing OOOOOH with 239
sym2int.pl: replacing OOOOOH with 239
sym2int.pl: replacing BACKLESS with 239
sym2int.pl: replacing OOOOOH with 239
sym2int.pl: replacing OOOOOH with 239
sym2int.pl: replacing OOOOOH with 239
sym2int.pl: replacing OOOOOH with 239
sym2int.pl: replacing OOOOOH with 239
** Replaced 15 instances of OOVs with 239
Lattice M470721603-3771758_3771758-483606661_1683216548-GB-M-003 read.
LOG (lattice-oracle[5.5.480~1-09abd]:main():lattice-oracle.cc:318) %WER 0 [ 0 / 1, 0 insertions, 0 deletions, 0 sub ]
LOG (lattice-oracle[5.5.480~1-09abd]:main():lattice-oracle.cc:332) For utterance M470721603-3771758_3771758-483606661_1683216548-GB-M-003, best cost 0
Lattice M470721603-3771758_3771758-483606661_1683216548-GB-M-005 read.
LOG (lattice-oracle[5.5.480~1-09abd]:main():lattice-oracle.cc:318) %WER 0 [ 0 / 14, 0 insertions, 0 deletions, 0 sub ]
LOG (lattice-oracle[5.5.480~1-09abd]:main():lattice-oracle.cc:332) For utterance M470721603-3771758_3771758-483606661_1683216548-GB-M-005, best cost 0
Lattice M470721603-3771758_3771758-483606661_1683216548-GB-M-007 read.
LOG (lattice-oracle[5.5.480~1-09abd]:main():lattice-oracle.cc:318) %WER 16.2162 [ 6 / 37, 0 insertions, 5 deletions, 1 sub ]
LOG (lattice-oracle[5.5.480~1-09abd]:main():lattice-oracle.cc:332) For utterance M470721603-3771758_3771758-483606661_1683216548-GB-M-007, best cost 6
Lattice M470721603-3771758_3771758-483606661_1683216548-GB-M-010 read.
LOG (lattice-oracle[5.5.480~1-09abd]:main():lattice-oracle.cc:318) %WER 0 [ 0 / 4, 0 insertions, 0 deletions, 0 sub ]
LOG (lattice-oracle[5.5.480~1-09abd]:main():lattice-oracle.cc:332) For utterance M470721603-3771758_3771758-483606661_1683216548-GB-M-010, best cost 0
Lattice M470721603-3771758_3771758-483606661_1683216548-GB-M-011 read.
LOG (lattice-oracle[5.5.480~1-09abd]:main():lattice-oracle.cc:318) %WER 0 [ 0 / 20, 0 insertions, 0 deletions, 0 sub ]
LOG (lattice-oracle[5.5.480~1-09abd]:main():lattice-oracle.cc:332) For utterance M470721603-3771758_3771758-483606661_1683216548-GB-M-011, best cost 0
Lattice M470721603-3771758_3771758-483606661_1683216548-GB-M-013 read.
LOG (lattice-oracle[5.5.480~1-09abd]:main():lattice-oracle.cc:318) %WER 93.75 [ 15 / 16, 0 insertions, 13 deletions, 2 sub ]
LOG (lattice-oracle[5.5.480~1-09abd]:main():lattice-oracle.cc:332) For utterance M470721603-3771758_3771758-483606661_1683216548-GB-M-013, best cost 15
Lattice M470721603-3771758_3771758-483606661_1683216548-GB-M-014 read.
LOG (lattice-oracle[5.5.480~1-09abd]:main():lattice-oracle.cc:318) %WER 55.5556 [ 15 / 27, 0 insertions, 15 deletions, 0 sub ]
LOG (lattice-oracle[5.5.480~1-09abd]:main():lattice-oracle.cc:332) For utterance M470721603-3771758_3771758-483606661_1683216548-GB-M-014, best cost 15
Lattice M470721603-3771758_3771758-483606661_1683216548-GB-M-017 read.
LOG (lattice-oracle[5.5.480~1-09abd]:main():lattice-oracle.cc:318) %WER 21.4286 [ 6 / 28, 0 insertions, 5 deletions, 1 sub ]
LOG (lattice-oracle[5.5.480~1-09abd]:main():lattice-oracle.cc:332) For utterance M470721603-3771758_3771758-483606661_1683216548-GB-M-017, best cost 6
Lattice M470721603-3771758_3771758-483606661_1683216548-GB-M-019 read.
LOG (lattice-oracle[5.5.480~1-09abd]:main():lattice-oracle.cc:318) %WER 30.2326 [ 13 / 43, 0 insertions, 10 deletions, 3 sub ]
LOG (lattice-oracle[5.5.480~1-09abd]:main():lattice-oracle.cc:332) For utterance M470721603-3771758_3771758-483606661_1683216548-GB-M-019, best cost 13
Lattice M470721603-3771758_3771758-483606661_1683216548-GB-M-023 read.
LOG (lattice-oracle[5.5.480~1-09abd]:main():lattice-oracle.cc:318) %WER 23.0769 [ 3 / 13, 0 insertions, 3 deletions, 0 sub ]
LOG (lattice-oracle[5.5.480~1-09abd]:main():lattice-oracle.cc:332) For utterance M470721603-3771758_3771758-483606661_1683216548-GB-M-023, best cost 3
Lattice M470721603-3771758_3771758-483606661_1683216548-GB-M-026 read.
LOG (lattice-oracle[5.5.480~1-09abd]:main():lattice-oracle.cc:318) %WER 0 [ 0 / 8, 0 insertions, 0 deletions, 0 sub ]
LOG (lattice-oracle[5.5.480~1-09abd]:main():lattice-oracle.cc:332) For utterance M470721603-3771758_3771758-483606661_1683216548-GB-M-026, best cost 0
Lattice M470721603-3771758_3771758-483606661_1683216548-GB-M-028 read.
LOG (lattice-oracle[5.5.480~1-09abd]:main():lattice-oracle.cc:318) %WER 12.5 [ 1 / 8, 1 insertions, 0 deletions, 0 sub ]
LOG (lattice-oracle[5.5.480~1-09abd]:main():lattice-oracle.cc:332) For utterance M470721603-3771758_3771758-483606661_1683216548-GB-M-028, best cost 1
Lattice M470802185-1091998906_2689985-335695255_1540896076-GB-M-002 read.
LOG (lattice-oracle[5.5.480~1-09abd]:main():lattice-oracle.cc:318) %WER 0 [ 0 / 5, 0 insertions, 0 deletions, 0 sub ]
LOG (lattice-oracle[5.5.480~1-09abd]:main():lattice-oracle.cc:332) For utterance M470802185-1091998906_2689985-335695255_1540896076-GB-M-002, best cost 0
Lattice M470802185-1091998906_2689985-335695255_1540896076-GB-M-004 read.
LOG (lattice-oracle[5.5.480~1-09abd]:main():lattice-oracle.cc:318) %WER 0 [ 0 / 4, 0 insertions, 0 deletions, 0 sub ]
LOG (lattice-oracle[5.5.480~1-09abd]:main():lattice-oracle.cc:332) For utterance M470802185-1091998906_2689985-335695255_1540896076-GB-M-004, best cost 0
Lattice M470802185-1091998906_2689985-335695255_1540896076-GB-M-005 read.
LOG (lattice-oracle[5.5.480~1-09abd]:main():lattice-oracle.cc:318) %WER 0 [ 0 / 5, 0 insertions, 0 deletions, 0 sub ]
LOG (lattice-oracle[5.5.480~1-09abd]:main():lattice-oracle.cc:332) For utterance M470802185-1091998906_2689985-335695255_1540896076-GB-M-005, best cost 0
Lattice M470802185-1091998906_2689985-335695255_1540896076-GB-M-006 read.
LOG (lattice-oracle[5.5.480~1-09abd]:main():lattice-oracle.cc:318) %WER 0 [ 0 / 3, 0 insertions, 0 deletions, 0 sub ]
LOG (lattice-oracle[5.5.480~1-09abd]:main():lattice-oracle.cc:332) For utterance M470802185-1091998906_2689985-335695255_1540896076-GB-M-006, best cost 0
Lattice M470802185-1091998906_2689985-335695255_1540896076-GB-M-007 read.
LOG (lattice-oracle[5.5.480~1-09abd]:main():lattice-oracle.cc:318) %WER 0 [ 0 / 6, 0 insertions, 0 deletions, 0 sub ]
LOG (lattice-oracle[5.5.480~1-09abd]:main():lattice-oracle.cc:332) For utterance M470802185-1091998906_2689985-335695255_1540896076-GB-M-007, best cost 0
Lattice M470802185-1091998906_2689985-335695255_1540896076-GB-M-009 read.
LOG (lattice-oracle[5.5.480~1-09abd]:main():lattice-oracle.cc:318) %WER 50 [ 5 / 10, 0 insertions, 4 deletions, 1 sub ]
LOG (lattice-oracle[5.5.480~1-09abd]:main():lattice-oracle.cc:332) For utterance M470802185-1091998906_2689985-335695255_1540896076-GB-M-009, best cost 5
Lattice M470802185-1091998906_2689985-335695255_1540896076-GB-M-015 read.
LOG (lattice-oracle[5.5.480~1-09abd]:main():lattice-oracle.cc:318) %WER 0 [ 0 / 19, 0 insertions, 0 deletions, 0 sub ]
LOG (lattice-oracle[5.5.480~1-09abd]:main():lattice-oracle.cc:332) For utterance M470802185-1091998906_2689985-335695255_1540896076-GB-M-015, best cost 0
Lattice M470802185-1091998906_2689985-335695255_1540896076-GB-M-019 read.
LOG (lattice-oracle[5.5.480~1-09abd]:main():lattice-oracle.cc:318) %WER 63.6364 [ 7 / 11, 0 insertions, 6 deletions, 1 sub ]
LOG (lattice-oracle[5.5.480~1-09abd]:main():lattice-oracle.cc:332) For utterance M470802185-1091998906_2689985-335695255_1540896076-GB-M-019, best cost 7
Lattice M470802185-1091998906_2689985-335695255_1540896076-GB-M-022 read.
LOG (lattice-oracle[5.5.480~1-09abd]:main():lattice-oracle.cc:318) %WER 0 [ 0 / 4, 0 insertions, 0 deletions, 0 sub ]
LOG (lattice-oracle[5.5.480~1-09abd]:main():lattice-oracle.cc:332) For utterance M470802185-1091998906_2689985-335695255_1540896076-GB-M-022, best cost 0
Lattice M470802185-1091998906_2689985-335695255_1540896076-GB-M-024 read.
LOG (lattice-oracle[5.5.480~1-09abd]:main():lattice-oracle.cc:318) %WER 17.6471 [ 3 / 17, 0 insertions, 3 deletions, 0 sub ]
LOG (lattice-oracle[5.5.480~1-09abd]:main():lattice-oracle.cc:332) For utterance M470802185-1091998906_2689985-335695255_1540896076-GB-M-024, best cost 3
Lattice M470802185-1091998906_2689985-335695255_1540896076-GB-M-027 read.
LOG (lattice-oracle[5.5.480~1-09abd]:main():lattice-oracle.cc:318) %WER 20 [ 1 / 5, 0 insertions, 1 deletions, 0 sub ]
LOG (lattice-oracle[5.5.480~1-09abd]:main():lattice-oracle.cc:332) For utterance M470802185-1091998906_2689985-335695255_1540896076-GB-M-027, best cost 1
Lattice M470802185-1091998906_2689985-335695255_1540896076-GB-M-029 read.
LOG (lattice-oracle[5.5.480~1-09abd]:main():lattice-oracle.cc:318) %WER 0 [ 0 / 4, 0 insertions, 0 deletions, 0 sub ]
LOG (lattice-oracle[5.5.480~1-09abd]:main():lattice-oracle.cc:332) For utterance M470802185-1091998906_2689985-335695255_1540896076-GB-M-029, best cost 0
Lattice M470802185-1091998906_2689985-335695255_1540896076-GB-M-034 read.
LOG (lattice-oracle[5.5.480~1-09abd]:main():lattice-oracle.cc:318) %WER 0 [ 0 / 8, 0 insertions, 0 deletions, 0 sub ]
LOG (lattice-oracle[5.5.480~1-09abd]:main():lattice-oracle.cc:332) For utterance M470802185-1091998906_2689985-335695255_1540896076-GB-M-034, best cost 0
Lattice M470802185-1091998906_2689985-335695255_1540896076-GB-M-035 read.
LOG (lattice-oracle[5.5.480~1-09abd]:main():lattice-oracle.cc:318) %WER 0 [ 0 / 4, 0 insertions, 0 deletions, 0 sub ]
LOG (lattice-oracle[5.5.480~1-09abd]:main():lattice-oracle.cc:332) For utterance M470802185-1091998906_2689985-335695255_1540896076-GB-M-035, best cost 0
Lattice M470802185-1091998906_2689985-335695255_1540896076-GB-M-036 read.
LOG (lattice-oracle[5.5.480~1-09abd]:main():lattice-oracle.cc:318) %WER 0 [ 0 / 7, 0 insertions, 0 deletions, 0 sub ]
LOG (lattice-oracle[5.5.480~1-09abd]:main():lattice-oracle.cc:332) For utterance M470802185-1091998906_2689985-335695255_1540896076-GB-M-036, best cost 0
Lattice M470802185-1091998906_2689985-335695255_1540896076-GB-M-037 read.
LOG (lattice-oracle[5.5.480~1-09abd]:main():lattice-oracle.cc:318) %WER 11.1111 [ 1 / 9, 1 insertions, 0 deletions, 0 sub ]
LOG (lattice-oracle[5.5.480~1-09abd]:main():lattice-oracle.cc:332) For utterance M470802185-1091998906_2689985-335695255_1540896076-GB-M-037, best cost 1
Lattice M470802185-1091998906_2689985-335695255_1540896076-GB-M-043 read.
LOG (lattice-oracle[5.5.480~1-09abd]:main():lattice-oracle.cc:318) %WER 8.33333 [ 1 / 12, 1 insertions, 0 deletions, 0 sub ]
LOG (lattice-oracle[5.5.480~1-09abd]:main():lattice-oracle.cc:332) For utterance M470802185-1091998906_2689985-335695255_1540896076-GB-M-043, best cost 1
Lattice M470802185-1091998906_2689985-335695255_1540896076-GB-M-045 read.
LOG (lattice-oracle[5.5.480~1-09abd]:main():lattice-oracle.cc:318) %WER 0 [ 0 / 7, 0 insertions, 0 deletions, 0 sub ]
LOG (lattice-oracle[5.5.480~1-09abd]:main():lattice-oracle.cc:332) For utterance M470802185-1091998906_2689985-335695255_1540896076-GB-M-045, best cost 0
Lattice M470802185-1091998906_2689985-335695255_1540896076-GB-M-047 read.
LOG (lattice-oracle[5.5.480~1-09abd]:main():lattice-oracle.cc:318) %WER 15.3846 [ 2 / 13, 0 insertions, 2 deletions, 0 sub ]
LOG (lattice-oracle[5.5.480~1-09abd]:main():lattice-oracle.cc:332) For utterance M470802185-1091998906_2689985-335695255_1540896076-GB-M-047, best cost 2
Lattice M470802185-1091998906_2689985-335695255_1540896076-GB-M-051 read.
LOG (lattice-oracle[5.5.480~1-09abd]:main():lattice-oracle.cc:318) %WER 0 [ 0 / 4, 0 insertions, 0 deletions, 0 sub ]
LOG (lattice-oracle[5.5.480~1-09abd]:main():lattice-oracle.cc:332) For utterance M470802185-1091998906_2689985-335695255_1540896076-GB-M-051, best cost 0
Lattice M470802185-1091998906_2689985-335695255_1540896076-GB-M-053 read.
LOG (lattice-oracle[5.5.480~1-09abd]:main():lattice-oracle.cc:318) %WER 16.6667 [ 4 / 24, 0 insertions, 4 deletions, 0 sub ]
LOG (lattice-oracle[5.5.480~1-09abd]:main():lattice-oracle.cc:332) For utterance M470802185-1091998906_2689985-335695255_1540896076-GB-M-053, best cost 4
Lattice M470802185-1091998906_2689985-335695255_1540896076-GB-M-061 read.
LOG (lattice-oracle[5.5.480~1-09abd]:main():lattice-oracle.cc:318) %WER 0 [ 0 / 6, 0 insertions, 0 deletions, 0 sub ]
LOG (lattice-oracle[5.5.480~1-09abd]:main():lattice-oracle.cc:332) For utterance M470802185-1091998906_2689985-335695255_1540896076-GB-M-061, best cost 0
Lattice M470802185-1091998906_2689985-335695255_1540896076-GB-M-064 read.
LOG (lattice-oracle[5.5.480~1-09abd]:main():lattice-oracle.cc:318) %WER 0 [ 0 / 4, 0 insertions, 0 deletions, 0 sub ]
LOG (lattice-oracle[5.5.480~1-09abd]:main():lattice-oracle.cc:332) For utterance M470802185-1091998906_2689985-335695255_1540896076-GB-M-064, best cost 0
Lattice M470802185-1091998906_2689985-335695255_1540896076-GB-M-066 read.
LOG (lattice-oracle[5.5.480~1-09abd]:main():lattice-oracle.cc:318) %WER 0 [ 0 / 12, 0 insertions, 0 deletions, 0 sub ]
LOG (lattice-oracle[5.5.480~1-09abd]:main():lattice-oracle.cc:332) For utterance M470802185-1091998906_2689985-335695255_1540896076-GB-M-066, best cost 0
Lattice M470802185-1091998906_2689985-335695255_1540896076-GB-M-068 read.
LOG (lattice-oracle[5.5.480~1-09abd]:main():lattice-oracle.cc:318) %WER 0 [ 0 / 10, 0 insertions, 0 deletions, 0 sub ]
LOG (lattice-oracle[5.5.480~1-09abd]:main():lattice-oracle.cc:332) For utterance M470802185-1091998906_2689985-335695255_1540896076-GB-M-068, best cost 0
Lattice M470802185-1091998906_2689985-335695255_1540896076-GB-M-069 read.
LOG (lattice-oracle[5.5.480~1-09abd]:main():lattice-oracle.cc:318) %WER 0 [ 0 / 4, 0 insertions, 0 deletions, 0 sub ]
LOG (lattice-oracle[5.5.480~1-09abd]:main():lattice-oracle.cc:332) For utterance M470802185-1091998906_2689985-335695255_1540896076-GB-M-069, best cost 0
Lattice M470802185-1091998906_2689985-335695255_1540896076-GB-M-071 read.
LOG (lattice-oracle[5.5.480~1-09abd]:main():lattice-oracle.cc:318) %WER 0 [ 0 / 4, 0 insertions, 0 deletions, 0 sub ]
LOG (lattice-oracle[5.5.480~1-09abd]:main():lattice-oracle.cc:332) For utterance M470802185-1091998906_2689985-335695255_1540896076-GB-M-071, best cost 0
Lattice M470802185-119790220_259686-946326113_1607397752-GB-M-004 read.
LOG (lattice-oracle[5.5.480~1-09abd]:main():lattice-oracle.cc:318) %WER 0 [ 0 / 5, 0 insertions, 0 deletions, 0 sub ]
LOG (lattice-oracle[5.5.480~1-09abd]:main():lattice-oracle.cc:332) For utterance M470802185-119790220_259686-946326113_1607397752-GB-M-004, best cost 0
Lattice M470802185-119790220_259686-946326113_1607397752-GB-M-005 read.
LOG (lattice-oracle[5.5.480~1-09abd]:main():lattice-oracle.cc:318) %WER 0 [ 0 / 5, 0 insertions, 0 deletions, 0 sub ]
LOG (lattice-oracle[5.5.480~1-09abd]:main():lattice-oracle.cc:332) For utterance M470802185-119790220_259686-946326113_1607397752-GB-M-005, best cost 0
Lattice M470802185-119790220_259686-946326113_1607397752-GB-M-021 read.
LOG (lattice-oracle[5.5.480~1-09abd]:main():lattice-oracle.cc:318) %WER 85.7143 [ 6 / 7, 0 insertions, 6 deletions, 0 sub ]
LOG (lattice-oracle[5.5.480~1-09abd]:main():lattice-oracle.cc:332) For utterance M470802185-119790220_259686-946326113_1607397752-GB-M-021, best cost 6
Lattice M470802185-119790220_259686-946326113_1607397752-GB-M-022 read.
LOG (lattice-oracle[5.5.480~1-09abd]:main():lattice-oracle.cc:318) %WER 35.2941 [ 6 / 17, 0 insertions, 6 deletions, 0 sub ]
LOG (lattice-oracle[5.5.480~1-09abd]:main():lattice-oracle.cc:332) For utterance M470802185-119790220_259686-946326113_1607397752-GB-M-022, best cost 6
Lattice M470802185-119790220_259686-946326113_1607397752-GB-M-038 read.
LOG (lattice-oracle[5.5.480~1-09abd]:main():lattice-oracle.cc:318) %WER 0 [ 0 / 5, 0 insertions, 0 deletions, 0 sub ]
LOG (lattice-oracle[5.5.480~1-09abd]:main():lattice-oracle.cc:332) For utterance M470802185-119790220_259686-946326113_1607397752-GB-M-038, best cost 0
Lattice M470802185-119790220_259686-946326113_1607397752-GB-M-040 read.
LOG (lattice-oracle[5.5.480~1-09abd]:main():lattice-oracle.cc:318) %WER 58.3333 [ 7 / 12, 0 insertions, 5 deletions, 2 sub ]
LOG (lattice-oracle[5.5.480~1-09abd]:main():lattice-oracle.cc:332) For utterance M470802185-119790220_259686-946326113_1607397752-GB-M-040, best cost 7
Lattice M470802185-119790220_259686-946326113_1607397752-GB-M-043 read.
LOG (lattice-oracle[5.5.480~1-09abd]:main():lattice-oracle.cc:318) %WER 14.2857 [ 3 / 21, 1 insertions, 2 deletions, 0 sub ]
LOG (lattice-oracle[5.5.480~1-09abd]:main():lattice-oracle.cc:332) For utterance M470802185-119790220_259686-946326113_1607397752-GB-M-043, best cost 3
Lattice M470802185-119790220_259686-946326113_1607397752-GB-M-050 read.
LOG (lattice-oracle[5.5.480~1-09abd]:main():lattice-oracle.cc:318) %WER 75 [ 3 / 4, 0 insertions, 3 deletions, 0 sub ]
LOG (lattice-oracle[5.5.480~1-09abd]:main():lattice-oracle.cc:332) For utterance M470802185-119790220_259686-946326113_1607397752-GB-M-050, best cost 3
Lattice M470802185-119790220_259686-946326113_1607397752-GB-M-063 read.
LOG (lattice-oracle[5.5.480~1-09abd]:main():lattice-oracle.cc:318) %WER 50 [ 5 / 10, 0 insertions, 5 deletions, 0 sub ]
LOG (lattice-oracle[5.5.480~1-09abd]:main():lattice-oracle.cc:332) For utterance M470802185-119790220_259686-946326113_1607397752-GB-M-063, best cost 5
Lattice M470802185-119790220_259686-946326113_1607397752-GB-M-066 read.
LOG (lattice-oracle[5.5.480~1-09abd]:main():lattice-oracle.cc:318) %WER 0 [ 0 / 5, 0 insertions, 0 deletions, 0 sub ]
LOG (lattice-oracle[5.5.480~1-09abd]:main():lattice-oracle.cc:332) For utterance M470802185-119790220_259686-946326113_1607397752-GB-M-066, best cost 0
Lattice M470802185-119790220_259686-946326113_1607397752-GB-M-076 read.
LOG (lattice-oracle[5.5.480~1-09abd]:main():lattice-oracle.cc:318) %WER 9.52381 [ 2 / 21, 1 insertions, 0 deletions, 1 sub ]
LOG (lattice-oracle[5.5.480~1-09abd]:main():lattice-oracle.cc:332) For utterance M470802185-119790220_259686-946326113_1607397752-GB-M-076, best cost 2
Lattice M470802185-119790220_259686-946326113_1607397752-GB-M-080 read.
LOG (lattice-oracle[5.5.480~1-09abd]:main():lattice-oracle.cc:318) %WER 41.1765 [ 7 / 17, 0 insertions, 7 deletions, 0 sub ]
LOG (lattice-oracle[5.5.480~1-09abd]:main():lattice-oracle.cc:332) For utterance M470802185-119790220_259686-946326113_1607397752-GB-M-080, best cost 7
Lattice M470802185-177980987_120356-427862601_1675755596-GB-M-003 read.
LOG (lattice-oracle[5.5.480~1-09abd]:main():lattice-oracle.cc:318) %WER 100 [ 8 / 8, 0 insertions, 8 deletions, 0 sub ]
LOG (lattice-oracle[5.5.480~1-09abd]:main():lattice-oracle.cc:332) For utterance M470802185-177980987_120356-427862601_1675755596-GB-M-003, best cost 8
Lattice M470802185-177980987_120356-427862601_1675755596-GB-M-013 read.
LOG (lattice-oracle[5.5.480~1-09abd]:main():lattice-oracle.cc:318) %WER 100 [ 5 / 5, 0 insertions, 5 deletions, 0 sub ]
LOG (lattice-oracle[5.5.480~1-09abd]:main():lattice-oracle.cc:332) For utterance M470802185-177980987_120356-427862601_1675755596-GB-M-013, best cost 5
Lattice M470802185-177980987_120356-427862601_1675755596-GB-M-017 read.
LOG (lattice-oracle[5.5.480~1-09abd]:main():lattice-oracle.cc:318) %WER 100 [ 9 / 9, 0 insertions, 9 deletions, 0 sub ]
LOG (lattice-oracle[5.5.480~1-09abd]:main():lattice-oracle.cc:332) For utterance M470802185-177980987_120356-427862601_1675755596-GB-M-017, best cost 9
Lattice M470802185-177980987_120356-427862601_1675755596-GB-M-019 read.
LOG (lattice-oracle[5.5.480~1-09abd]:main():lattice-oracle.cc:318) %WER 100 [ 23 / 23, 0 insertions, 23 deletions, 0 sub ]
LOG (lattice-oracle[5.5.480~1-09abd]:main():lattice-oracle.cc:332) For utterance M470802185-177980987_120356-427862601_1675755596-GB-M-019, best cost 23
Lattice M470802185-177980987_120356-427862601_1675755596-GB-M-027 read.
LOG (lattice-oracle[5.5.480~1-09abd]:main():lattice-oracle.cc:318) %WER 100 [ 6 / 6, 0 insertions, 6 deletions, 0 sub ]
LOG (lattice-oracle[5.5.480~1-09abd]:main():lattice-oracle.cc:332) For utterance M470802185-177980987_120356-427862601_1675755596-GB-M-027, best cost 6
Lattice M470802185-177980987_120356-427862601_1675755596-GB-M-037 read.
LOG (lattice-oracle[5.5.480~1-09abd]:main():lattice-oracle.cc:318) %WER 100 [ 4 / 4, 0 insertions, 4 deletions, 0 sub ]
LOG (lattice-oracle[5.5.480~1-09abd]:main():lattice-oracle.cc:332) For utterance M470802185-177980987_120356-427862601_1675755596-GB-M-037, best cost 4
Lattice M470802185-177980987_120356-427862601_1675755596-GB-M-038 read.
LOG (lattice-oracle[5.5.480~1-09abd]:main():lattice-oracle.cc:318) %WER 100 [ 5 / 5, 0 insertions, 5 deletions, 0 sub ]
LOG (lattice-oracle[5.5.480~1-09abd]:main():lattice-oracle.cc:332) For utterance M470802185-177980987_120356-427862601_1675755596-GB-M-038, best cost 5
Lattice M470802185-177980987_120356-427862601_1675755596-GB-M-039 read.
LOG (lattice-oracle[5.5.480~1-09abd]:main():lattice-oracle.cc:318) %WER 100 [ 5 / 5, 0 insertions, 5 deletions, 0 sub ]
LOG (lattice-oracle[5.5.480~1-09abd]:main():lattice-oracle.cc:332) For utterance M470802185-177980987_120356-427862601_1675755596-GB-M-039, best cost 5
Lattice M470802185-177980987_120356-427862601_1675755596-GB-M-040 read.
LOG (lattice-oracle[5.5.480~1-09abd]:main():lattice-oracle.cc:318) %WER 100 [ 20 / 20, 0 insertions, 20 deletions, 0 sub ]
LOG (lattice-oracle[5.5.480~1-09abd]:main():lattice-oracle.cc:332) For utterance M470802185-177980987_120356-427862601_1675755596-GB-M-040, best cost 20
Lattice M470802185-177980987_120356-427862601_1675755596-GB-M-046 read.
LOG (lattice-oracle[5.5.480~1-09abd]:main():lattice-oracle.cc:318) %WER 100 [ 6 / 6, 0 insertions, 6 deletions, 0 sub ]
LOG (lattice-oracle[5.5.480~1-09abd]:main():lattice-oracle.cc:332) For utterance M470802185-177980987_120356-427862601_1675755596-GB-M-046, best cost 6
Lattice M470802185-177980987_120356-427862601_1675755596-GB-M-047 read.
LOG (lattice-oracle[5.5.480~1-09abd]:main():lattice-oracle.cc:318) %WER 100 [ 14 / 14, 0 insertions, 14 deletions, 0 sub ]
LOG (lattice-oracle[5.5.480~1-09abd]:main():lattice-oracle.cc:332) For utterance M470802185-177980987_120356-427862601_1675755596-GB-M-047, best cost 14
Lattice M470802185-177980987_120356-427862601_1675755596-GB-M-051 read.
LOG (lattice-oracle[5.5.480~1-09abd]:main():lattice-oracle.cc:318) %WER 93.3333 [ 14 / 15, 0 insertions, 14 deletions, 0 sub ]
LOG (lattice-oracle[5.5.480~1-09abd]:main():lattice-oracle.cc:332) For utterance M470802185-177980987_120356-427862601_1675755596-GB-M-051, best cost 14
Lattice M470802185-177980987_120356-427862601_1675755596-GB-M-054 read.
LOG (lattice-oracle[5.5.480~1-09abd]:main():lattice-oracle.cc:318) %WER 100 [ 7 / 7, 0 insertions, 7 deletions, 0 sub ]
LOG (lattice-oracle[5.5.480~1-09abd]:main():lattice-oracle.cc:332) For utterance M470802185-177980987_120356-427862601_1675755596-GB-M-054, best cost 7
Lattice M470802185-177980987_120356-427862601_1675755596-GB-M-056 read.
LOG (lattice-oracle[5.5.480~1-09abd]:main():lattice-oracle.cc:318) %WER 100 [ 7 / 7, 0 insertions, 7 deletions, 0 sub ]
LOG (lattice-oracle[5.5.480~1-09abd]:main():lattice-oracle.cc:332) For utterance M470802185-177980987_120356-427862601_1675755596-GB-M-056, best cost 7
Lattice M470802185-177980987_120356-427862601_1675755596-GB-M-057 read.
LOG (lattice-oracle[5.5.480~1-09abd]:main():lattice-oracle.cc:318) %WER 100 [ 13 / 13, 0 insertions, 13 deletions, 0 sub ]
LOG (lattice-oracle[5.5.480~1-09abd]:main():lattice-oracle.cc:332) For utterance M470802185-177980987_120356-427862601_1675755596-GB-M-057, best cost 13
Lattice M470802185-177980987_120356-427862601_1675755596-GB-M-062 read.
LOG (lattice-oracle[5.5.480~1-09abd]:main():lattice-oracle.cc:318) %WER 66.6667 [ 8 / 12, 0 insertions, 8 deletions, 0 sub ]
LOG (lattice-oracle[5.5.480~1-09abd]:main():lattice-oracle.cc:332) For utterance M470802185-177980987_120356-427862601_1675755596-GB-M-062, best cost 8
Lattice M470802185-3770615_3770615-401669803_1634955090-GB-M-003 read.
LOG (lattice-oracle[5.5.480~1-09abd]:main():lattice-oracle.cc:318) %WER 0 [ 0 / 8, 0 insertions, 0 deletions, 0 sub ]
LOG (lattice-oracle[5.5.480~1-09abd]:main():lattice-oracle.cc:332) For utterance M470802185-3770615_3770615-401669803_1634955090-GB-M-003, best cost 0
Lattice M470802185-3770615_3770615-401669803_1634955090-GB-M-004 read.
LOG (lattice-oracle[5.5.480~1-09abd]:main():lattice-oracle.cc:318) %WER 0 [ 0 / 10, 0 insertions, 0 deletions, 0 sub ]
LOG (lattice-oracle[5.5.480~1-09abd]:main():lattice-oracle.cc:332) For utterance M470802185-3770615_3770615-401669803_1634955090-GB-M-004, best cost 0
Lattice M470802185-3770615_3770615-401669803_1634955090-GB-M-008 read.
LOG (lattice-oracle[5.5.480~1-09abd]:main():lattice-oracle.cc:318) %WER 0 [ 0 / 6, 0 insertions, 0 deletions, 0 sub ]
LOG (lattice-oracle[5.5.480~1-09abd]:main():lattice-oracle.cc:332) For utterance M470802185-3770615_3770615-401669803_1634955090-GB-M-008, best cost 0
Lattice M470802185-3770615_3770615-401669803_1634955090-GB-M-009 read.
LOG (lattice-oracle[5.5.480~1-09abd]:main():lattice-oracle.cc:318) %WER 0 [ 0 / 7, 0 insertions, 0 deletions, 0 sub ]
LOG (lattice-oracle[5.5.480~1-09abd]:main():lattice-oracle.cc:332) For utterance M470802185-3770615_3770615-401669803_1634955090-GB-M-009, best cost 0
Lattice M470802185-3770615_3770615-401669803_1634955090-GB-M-010 read.
LOG (lattice-oracle[5.5.480~1-09abd]:main():lattice-oracle.cc:318) %WER 90 [ 9 / 10, 0 insertions, 7 deletions, 2 sub ]
LOG (lattice-oracle[5.5.480~1-09abd]:main():lattice-oracle.cc:332) For utterance M470802185-3770615_3770615-401669803_1634955090-GB-M-010, best cost 9
Lattice M470802185-3770615_3770615-401669803_1634955090-GB-M-012 read.
LOG (lattice-oracle[5.5.480~1-09abd]:main():lattice-oracle.cc:318) %WER 0 [ 0 / 3, 0 insertions, 0 deletions, 0 sub ]
LOG (lattice-oracle[5.5.480~1-09abd]:main():lattice-oracle.cc:332) For utterance M470802185-3770615_3770615-401669803_1634955090-GB-M-012, best cost 0
Lattice M470802185-3770615_3770615-401669803_1634955090-GB-M-013 read.
LOG (lattice-oracle[5.5.480~1-09abd]:main():lattice-oracle.cc:318) %WER 0 [ 0 / 8, 0 insertions, 0 deletions, 0 sub ]
LOG (lattice-oracle[5.5.480~1-09abd]:main():lattice-oracle.cc:332) For utterance M470802185-3770615_3770615-401669803_1634955090-GB-M-013, best cost 0
Lattice M470802185-3770615_3770615-401669803_1634955090-GB-M-014 read.
LOG (lattice-oracle[5.5.480~1-09abd]:main():lattice-oracle.cc:318) %WER 0 [ 0 / 14, 0 insertions, 0 deletions, 0 sub ]
LOG (lattice-oracle[5.5.480~1-09abd]:main():lattice-oracle.cc:332) For utterance M470802185-3770615_3770615-401669803_1634955090-GB-M-014, best cost 0
Lattice M470802185-3770615_3770615-401669803_1634955090-GB-M-016 read.
LOG (lattice-oracle[5.5.480~1-09abd]:main():lattice-oracle.cc:318) %WER 0 [ 0 / 8, 0 insertions, 0 deletions, 0 sub ]
LOG (lattice-oracle[5.5.480~1-09abd]:main():lattice-oracle.cc:332) For utterance M470802185-3770615_3770615-401669803_1634955090-GB-M-016, best cost 0
Lattice M470802185-3770615_3770615-401669803_1634955090-GB-M-017 read.
LOG (lattice-oracle[5.5.480~1-09abd]:main():lattice-oracle.cc:318) %WER 0 [ 0 / 55, 0 insertions, 0 deletions, 0 sub ]
LOG (lattice-oracle[5.5.480~1-09abd]:main():lattice-oracle.cc:332) For utterance M470802185-3770615_3770615-401669803_1634955090-GB-M-017, best cost 0
Lattice M470802185-3770615_3770615-401669803_1634955090-GB-M-026 read.
LOG (lattice-oracle[5.5.480~1-09abd]:main():lattice-oracle.cc:318) %WER 0 [ 0 / 7, 0 insertions, 0 deletions, 0 sub ]
LOG (lattice-oracle[5.5.480~1-09abd]:main():lattice-oracle.cc:332) For utterance M470802185-3770615_3770615-401669803_1634955090-GB-M-026, best cost 0
Lattice M470802185-3770615_3770615-401669803_1634955090-GB-M-027 read.
LOG (lattice-oracle[5.5.480~1-09abd]:main():lattice-oracle.cc:318) %WER 0 [ 0 / 7, 0 insertions, 0 deletions, 0 sub ]
LOG (lattice-oracle[5.5.480~1-09abd]:main():lattice-oracle.cc:332) For utterance M470802185-3770615_3770615-401669803_1634955090-GB-M-027, best cost 0
Lattice M470802185-3770615_3770615-401669803_1634955090-GB-M-029 read.
LOG (lattice-oracle[5.5.480~1-09abd]:main():lattice-oracle.cc:318) %WER 0 [ 0 / 16, 0 insertions, 0 deletions, 0 sub ]
LOG (lattice-oracle[5.5.480~1-09abd]:main():lattice-oracle.cc:332) For utterance M470802185-3770615_3770615-401669803_1634955090-GB-M-029, best cost 0
Lattice M470802185-3770615_3770615-401669803_1634955090-GB-M-032 read.
LOG (lattice-oracle[5.5.480~1-09abd]:main():lattice-oracle.cc:318) %WER 0 [ 0 / 8, 0 insertions, 0 deletions, 0 sub ]
LOG (lattice-oracle[5.5.480~1-09abd]:main():lattice-oracle.cc:332) For utterance M470802185-3770615_3770615-401669803_1634955090-GB-M-032, best cost 0
Lattice M470802185-3770615_3770615-401669803_1634955090-GB-M-035 read.
LOG (lattice-oracle[5.5.480~1-09abd]:main():lattice-oracle.cc:318) %WER 0 [ 0 / 17, 0 insertions, 0 deletions, 0 sub ]
LOG (lattice-oracle[5.5.480~1-09abd]:main():lattice-oracle.cc:332) For utterance M470802185-3770615_3770615-401669803_1634955090-GB-M-035, best cost 0
Lattice M470802185-3770615_3770615-401669803_1634955090-GB-M-038 read.
LOG (lattice-oracle[5.5.480~1-09abd]:main():lattice-oracle.cc:318) %WER 2.17391 [ 1 / 46, 0 insertions, 1 deletions, 0 sub ]
LOG (lattice-oracle[5.5.480~1-09abd]:main():lattice-oracle.cc:332) For utterance M470802185-3770615_3770615-401669803_1634955090-GB-M-038, best cost 1
Lattice M470802185-3770615_3770615-401669803_1634955090-GB-M-045 read.
LOG (lattice-oracle[5.5.480~1-09abd]:main():lattice-oracle.cc:318) %WER 0 [ 0 / 18, 0 insertions, 0 deletions, 0 sub ]
LOG (lattice-oracle[5.5.480~1-09abd]:main():lattice-oracle.cc:332) For utterance M470802185-3770615_3770615-401669803_1634955090-GB-M-045, best cost 0
Lattice M470802185-3770615_3770615-401669803_1634955090-GB-M-048 read.
LOG (lattice-oracle[5.5.480~1-09abd]:main():lattice-oracle.cc:318) %WER 5.26316 [ 1 / 19, 1 insertions, 0 deletions, 0 sub ]
LOG (lattice-oracle[5.5.480~1-09abd]:main():lattice-oracle.cc:332) For utterance M470802185-3770615_3770615-401669803_1634955090-GB-M-048, best cost 1
Lattice M4718877-64332077_389103-447671675_1524921209-GB-M-006 read.
LOG (lattice-oracle[5.5.480~1-09abd]:main():lattice-oracle.cc:318) %WER 0 [ 0 / 5, 0 insertions, 0 deletions, 0 sub ]
LOG (lattice-oracle[5.5.480~1-09abd]:main():lattice-oracle.cc:332) For utterance M4718877-64332077_389103-447671675_1524921209-GB-M-006, best cost 0
Lattice M4718877-64332077_389103-447671675_1524921209-GB-M-008 read.
LOG (lattice-oracle[5.5.480~1-09abd]:main():lattice-oracle.cc:318) %WER 22.2222 [ 2 / 9, 0 insertions, 2 deletions, 0 sub ]
LOG (lattice-oracle[5.5.480~1-09abd]:main():lattice-oracle.cc:332) For utterance M4718877-64332077_389103-447671675_1524921209-GB-M-008, best cost 2
Lattice M4718877-64332077_389103-447671675_1524921209-GB-M-009 read.
LOG (lattice-oracle[5.5.480~1-09abd]:main():lattice-oracle.cc:318) %WER 20 [ 1 / 5, 0 insertions, 1 deletions, 0 sub ]
LOG (lattice-oracle[5.5.480~1-09abd]:main():lattice-oracle.cc:332) For utterance M4718877-64332077_389103-447671675_1524921209-GB-M-009, best cost 1
Lattice M4718877-64332077_389103-447671675_1524921209-GB-M-010 read.
LOG (lattice-oracle[5.5.480~1-09abd]:main():lattice-oracle.cc:318) %WER 0 [ 0 / 3, 0 insertions, 0 deletions, 0 sub ]
LOG (lattice-oracle[5.5.480~1-09abd]:main():lattice-oracle.cc:332) For utterance M4718877-64332077_389103-447671675_1524921209-GB-M-010, best cost 0
Lattice M4718877-64332077_389103-447671675_1524921209-GB-M-011 read.
LOG (lattice-oracle[5.5.480~1-09abd]:main():lattice-oracle.cc:318) %WER 0 [ 0 / 1, 0 insertions, 0 deletions, 0 sub ]
LOG (lattice-oracle[5.5.480~1-09abd]:main():lattice-oracle.cc:332) For utterance M4718877-64332077_389103-447671675_1524921209-GB-M-011, best cost 0
Lattice M4718877-64332077_389103-447671675_1524921209-GB-M-012 read.
LOG (lattice-oracle[5.5.480~1-09abd]:main():lattice-oracle.cc:318) %WER 0 [ 0 / 5, 0 insertions, 0 deletions, 0 sub ]
LOG (lattice-oracle[5.5.480~1-09abd]:main():lattice-oracle.cc:332) For utterance M4718877-64332077_389103-447671675_1524921209-GB-M-012, best cost 0
Lattice M4718877-64332077_389103-447671675_1524921209-GB-M-013 read.
LOG (lattice-oracle[5.5.480~1-09abd]:main():lattice-oracle.cc:318) %WER 0 [ 0 / 5, 0 insertions, 0 deletions, 0 sub ]
LOG (lattice-oracle[5.5.480~1-09abd]:main():lattice-oracle.cc:332) For utterance M4718877-64332077_389103-447671675_1524921209-GB-M-013, best cost 0
Lattice M4718877-64332077_389103-447671675_1524921209-GB-M-015 read.
LOG (lattice-oracle[5.5.480~1-09abd]:main():lattice-oracle.cc:318) %WER 0 [ 0 / 13, 0 insertions, 0 deletions, 0 sub ]
LOG (lattice-oracle[5.5.480~1-09abd]:main():lattice-oracle.cc:332) For utterance M4718877-64332077_389103-447671675_1524921209-GB-M-015, best cost 0
Lattice M4718877-64332077_389103-447671675_1524921209-GB-M-018 read.
LOG (lattice-oracle[5.5.480~1-09abd]:main():lattice-oracle.cc:318) %WER 50 [ 6 / 12, 0 insertions, 5 deletions, 1 sub ]
LOG (lattice-oracle[5.5.480~1-09abd]:main():lattice-oracle.cc:332) For utterance M4718877-64332077_389103-447671675_1524921209-GB-M-018, best cost 6
Lattice M4718877-64332077_389103-447671675_1524921209-GB-M-021 read.
LOG (lattice-oracle[5.5.480~1-09abd]:main():lattice-oracle.cc:318) %WER 0 [ 0 / 6, 0 insertions, 0 deletions, 0 sub ]
LOG (lattice-oracle[5.5.480~1-09abd]:main():lattice-oracle.cc:332) For utterance M4718877-64332077_389103-447671675_1524921209-GB-M-021, best cost 0
Lattice M4718877-64332077_389103-447671675_1524921209-GB-M-022 read.
LOG (lattice-oracle[5.5.480~1-09abd]:main():lattice-oracle.cc:318) %WER 0 [ 0 / 9, 0 insertions, 0 deletions, 0 sub ]
LOG (lattice-oracle[5.5.480~1-09abd]:main():lattice-oracle.cc:332) For utterance M4718877-64332077_389103-447671675_1524921209-GB-M-022, best cost 0
Lattice M4718877-64332077_389103-447671675_1524921209-GB-M-026 read.
LOG (lattice-oracle[5.5.480~1-09abd]:main():lattice-oracle.cc:318) %WER 11.1111 [ 1 / 9, 0 insertions, 0 deletions, 1 sub ]
LOG (lattice-oracle[5.5.480~1-09abd]:main():lattice-oracle.cc:332) For utterance M4718877-64332077_389103-447671675_1524921209-GB-M-026, best cost 1
Lattice M4718877-64332077_389103-447671675_1524921209-GB-M-028 read.
LOG (lattice-oracle[5.5.480~1-09abd]:main():lattice-oracle.cc:318) %WER 0 [ 0 / 5, 0 insertions, 0 deletions, 0 sub ]
LOG (lattice-oracle[5.5.480~1-09abd]:main():lattice-oracle.cc:332) For utterance M4718877-64332077_389103-447671675_1524921209-GB-M-028, best cost 0
Lattice M4718877-64332077_389103-447671675_1524921209-GB-M-029 read.
LOG (lattice-oracle[5.5.480~1-09abd]:main():lattice-oracle.cc:318) %WER 0 [ 0 / 5, 0 insertions, 0 deletions, 0 sub ]
LOG (lattice-oracle[5.5.480~1-09abd]:main():lattice-oracle.cc:332) For utterance M4718877-64332077_389103-447671675_1524921209-GB-M-029, best cost 0
Lattice M4718877-64332077_389103-447671675_1524921209-GB-M-031 read.
LOG (lattice-oracle[5.5.480~1-09abd]:main():lattice-oracle.cc:318) %WER 83.3333 [ 10 / 12, 5 insertions, 0 deletions, 5 sub ]
LOG (lattice-oracle[5.5.480~1-09abd]:main():lattice-oracle.cc:332) For utterance M4718877-64332077_389103-447671675_1524921209-GB-M-031, best cost 10
Lattice M4718877-64332077_389103-447671675_1524921209-GB-M-034 read.
LOG (lattice-oracle[5.5.480~1-09abd]:main():lattice-oracle.cc:318) %WER 0 [ 0 / 14, 0 insertions, 0 deletions, 0 sub ]
LOG (lattice-oracle[5.5.480~1-09abd]:main():lattice-oracle.cc:332) For utterance M4718877-64332077_389103-447671675_1524921209-GB-M-034, best cost 0
Lattice M4718877-64332077_389103-447671675_1524921209-GB-M-038 read.
LOG (lattice-oracle[5.5.480~1-09abd]:main():lattice-oracle.cc:318) %WER 0 [ 0 / 6, 0 insertions, 0 deletions, 0 sub ]
LOG (lattice-oracle[5.5.480~1-09abd]:main():lattice-oracle.cc:332) For utterance M4718877-64332077_389103-447671675_1524921209-GB-M-038, best cost 0
Lattice M4718877-64332077_389103-447671675_1524921209-GB-M-040 read.
LOG (lattice-oracle[5.5.480~1-09abd]:main():lattice-oracle.cc:318) %WER 33.3333 [ 4 / 12, 0 insertions, 2 deletions, 2 sub ]
LOG (lattice-oracle[5.5.480~1-09abd]:main():lattice-oracle.cc:332) For utterance M4718877-64332077_389103-447671675_1524921209-GB-M-040, best cost 4
Lattice M4718877-64332077_389103-447671675_1524921209-GB-M-042 read.
LOG (lattice-oracle[5.5.480~1-09abd]:main():lattice-oracle.cc:318) %WER 16.6667 [ 2 / 12, 0 insertions, 2 deletions, 0 sub ]
LOG (lattice-oracle[5.5.480~1-09abd]:main():lattice-oracle.cc:332) For utterance M4718877-64332077_389103-447671675_1524921209-GB-M-042, best cost 2
Lattice M4718877-64332077_389103-447671675_1524921209-GB-M-045 read.
LOG (lattice-oracle[5.5.480~1-09abd]:main():lattice-oracle.cc:318) %WER 27.2727 [ 3 / 11, 2 insertions, 1 deletions, 0 sub ]
LOG (lattice-oracle[5.5.480~1-09abd]:main():lattice-oracle.cc:332) For utterance M4718877-64332077_389103-447671675_1524921209-GB-M-045, best cost 3
Lattice M4718877-64332077_389103-447671675_1524921209-GB-M-047 read.
LOG (lattice-oracle[5.5.480~1-09abd]:main():lattice-oracle.cc:318) %WER 0 [ 0 / 9, 0 insertions, 0 deletions, 0 sub ]
LOG (lattice-oracle[5.5.480~1-09abd]:main():lattice-oracle.cc:332) For utterance M4718877-64332077_389103-447671675_1524921209-GB-M-047, best cost 0
Lattice M4718877-64332077_389103-447671675_1524921209-GB-M-049 read.
LOG (lattice-oracle[5.5.480~1-09abd]:main():lattice-oracle.cc:318) %WER 120 [ 6 / 5, 1 insertions, 0 deletions, 5 sub ]
LOG (lattice-oracle[5.5.480~1-09abd]:main():lattice-oracle.cc:332) For utterance M4718877-64332077_389103-447671675_1524921209-GB-M-049, best cost 6
Lattice M4718877-64332077_389103-447671675_1524921209-GB-M-050 read.
LOG (lattice-oracle[5.5.480~1-09abd]:main():lattice-oracle.cc:318) %WER 31.25 [ 10 / 32, 2 insertions, 7 deletions, 1 sub ]
LOG (lattice-oracle[5.5.480~1-09abd]:main():lattice-oracle.cc:332) For utterance M4718877-64332077_389103-447671675_1524921209-GB-M-050, best cost 10
Lattice M472508547-273712733_115362-472505879_1604476186-GB-M-001 read.
LOG (lattice-oracle[5.5.480~1-09abd]:main():lattice-oracle.cc:318) %WER 0 [ 0 / 7, 0 insertions, 0 deletions, 0 sub ]
LOG (lattice-oracle[5.5.480~1-09abd]:main():lattice-oracle.cc:332) For utterance M472508547-273712733_115362-472505879_1604476186-GB-M-001, best cost 0
Lattice M472508547-273712733_115362-472505879_1604476186-GB-M-002 read.
LOG (lattice-oracle[5.5.480~1-09abd]:main():lattice-oracle.cc:318) %WER 0 [ 0 / 8, 0 insertions, 0 deletions, 0 sub ]
LOG (lattice-oracle[5.5.480~1-09abd]:main():lattice-oracle.cc:332) For utterance M472508547-273712733_115362-472505879_1604476186-GB-M-002, best cost 0
Lattice M472508547-273712733_115362-472505879_1604476186-GB-M-004 read.
LOG (lattice-oracle[5.5.480~1-09abd]:main():lattice-oracle.cc:318) %WER 7.14286 [ 1 / 14, 0 insertions, 1 deletions, 0 sub ]
LOG (lattice-oracle[5.5.480~1-09abd]:main():lattice-oracle.cc:332) For utterance M472508547-273712733_115362-472505879_1604476186-GB-M-004, best cost 1
Lattice M472508547-273712733_115362-472505879_1604476186-GB-M-007 read.
LOG (lattice-oracle[5.5.480~1-09abd]:main():lattice-oracle.cc:318) %WER 0 [ 0 / 4, 0 insertions, 0 deletions, 0 sub ]
LOG (lattice-oracle[5.5.480~1-09abd]:main():lattice-oracle.cc:332) For utterance M472508547-273712733_115362-472505879_1604476186-GB-M-007, best cost 0
Lattice M472508547-273712733_115362-472505879_1604476186-GB-M-008 read.
LOG (lattice-oracle[5.5.480~1-09abd]:main():lattice-oracle.cc:318) %WER 0 [ 0 / 7, 0 insertions, 0 deletions, 0 sub ]
LOG (lattice-oracle[5.5.480~1-09abd]:main():lattice-oracle.cc:332) For utterance M472508547-273712733_115362-472505879_1604476186-GB-M-008, best cost 0
Lattice M472508547-273712733_115362-472505879_1604476186-GB-M-010 read.
LOG (lattice-oracle[5.5.480~1-09abd]:main():lattice-oracle.cc:318) %WER 80 [ 4 / 5, 2 insertions, 0 deletions, 2 sub ]
LOG (lattice-oracle[5.5.480~1-09abd]:main():lattice-oracle.cc:332) For utterance M472508547-273712733_115362-472505879_1604476186-GB-M-010, best cost 4
Lattice M472508547-273712733_115362-472505879_1604476186-GB-M-011 read.
LOG (lattice-oracle[5.5.480~1-09abd]:main():lattice-oracle.cc:318) %WER 0 [ 0 / 1, 0 insertions, 0 deletions, 0 sub ]
LOG (lattice-oracle[5.5.480~1-09abd]:main():lattice-oracle.cc:332) For utterance M472508547-273712733_115362-472505879_1604476186-GB-M-011, best cost 0
Lattice M472508547-273712733_115362-472505879_1604476186-GB-M-012 read.
LOG (lattice-oracle[5.5.480~1-09abd]:main():lattice-oracle.cc:318) %WER 0 [ 0 / 1, 0 insertions, 0 deletions, 0 sub ]
LOG (lattice-oracle[5.5.480~1-09abd]:main():lattice-oracle.cc:332) For utterance M472508547-273712733_115362-472505879_1604476186-GB-M-012, best cost 0
Lattice M472508547-273712733_115362-472505879_1604476186-GB-M-013 read.
LOG (lattice-oracle[5.5.480~1-09abd]:main():lattice-oracle.cc:318) %WER 0 [ 0 / 1, 0 insertions, 0 deletions, 0 sub ]
LOG (lattice-oracle[5.5.480~1-09abd]:main():lattice-oracle.cc:332) For utterance M472508547-273712733_115362-472505879_1604476186-GB-M-013, best cost 0
Lattice M472508547-273712733_115362-472505879_1604476186-GB-M-015 read.
LOG (lattice-oracle[5.5.480~1-09abd]:main():lattice-oracle.cc:318) %WER 0 [ 0 / 10, 0 insertions, 0 deletions, 0 sub ]
LOG (lattice-oracle[5.5.480~1-09abd]:main():lattice-oracle.cc:332) For utterance M472508547-273712733_115362-472505879_1604476186-GB-M-015, best cost 0
Lattice M472508547-273712733_115362-472505879_1604476186-GB-M-018 read.
LOG (lattice-oracle[5.5.480~1-09abd]:main():lattice-oracle.cc:318) %WER 0 [ 0 / 7, 0 insertions, 0 deletions, 0 sub ]
LOG (lattice-oracle[5.5.480~1-09abd]:main():lattice-oracle.cc:332) For utterance M472508547-273712733_115362-472505879_1604476186-GB-M-018, best cost 0
Lattice M472508547-273712733_115362-472505879_1604476186-GB-M-019 read.
LOG (lattice-oracle[5.5.480~1-09abd]:main():lattice-oracle.cc:318) %WER 0 [ 0 / 23, 0 insertions, 0 deletions, 0 sub ]
LOG (lattice-oracle[5.5.480~1-09abd]:main():lattice-oracle.cc:332) For utterance M472508547-273712733_115362-472505879_1604476186-GB-M-019, best cost 0
Lattice M472508547-273712733_115362-472505879_1604476186-GB-M-024 read.
LOG (lattice-oracle[5.5.480~1-09abd]:main():lattice-oracle.cc:318) %WER 0 [ 0 / 8, 0 insertions, 0 deletions, 0 sub ]
LOG (lattice-oracle[5.5.480~1-09abd]:main():lattice-oracle.cc:332) For utterance M472508547-273712733_115362-472505879_1604476186-GB-M-024, best cost 0
Lattice M472508547-273712733_115362-472505879_1604476186-GB-M-027 read.
LOG (lattice-oracle[5.5.480~1-09abd]:main():lattice-oracle.cc:318) %WER 0 [ 0 / 1, 0 insertions, 0 deletions, 0 sub ]
LOG (lattice-oracle[5.5.480~1-09abd]:main():lattice-oracle.cc:332) For utterance M472508547-273712733_115362-472505879_1604476186-GB-M-027, best cost 0
Lattice M472508547-273712733_115362-472505879_1604476186-GB-M-028 read.
LOG (lattice-oracle[5.5.480~1-09abd]:main():lattice-oracle.cc:318) %WER 0 [ 0 / 1, 0 insertions, 0 deletions, 0 sub ]
LOG (lattice-oracle[5.5.480~1-09abd]:main():lattice-oracle.cc:332) For utterance M472508547-273712733_115362-472505879_1604476186-GB-M-028, best cost 0
Lattice M472508547-273712733_115362-472505879_1604476186-GB-M-029 read.
LOG (lattice-oracle[5.5.480~1-09abd]:main():lattice-oracle.cc:318) %WER 0 [ 0 / 1, 0 insertions, 0 deletions, 0 sub ]
LOG (lattice-oracle[5.5.480~1-09abd]:main():lattice-oracle.cc:332) For utterance M472508547-273712733_115362-472505879_1604476186-GB-M-029, best cost 0
Lattice M472508547-273712733_115362-472505879_1604476186-GB-M-031 read.
LOG (lattice-oracle[5.5.480~1-09abd]:main():lattice-oracle.cc:318) %WER 28.5714 [ 2 / 7, 1 insertions, 0 deletions, 1 sub ]
LOG (lattice-oracle[5.5.480~1-09abd]:main():lattice-oracle.cc:332) For utterance M472508547-273712733_115362-472505879_1604476186-GB-M-031, best cost 2
Lattice M472508547-273712733_115362-472505879_1604476186-GB-M-033 read.
LOG (lattice-oracle[5.5.480~1-09abd]:main():lattice-oracle.cc:318) %WER 0 [ 0 / 12, 0 insertions, 0 deletions, 0 sub ]
LOG (lattice-oracle[5.5.480~1-09abd]:main():lattice-oracle.cc:332) For utterance M472508547-273712733_115362-472505879_1604476186-GB-M-033, best cost 0
Lattice M472508547-273712733_115362-472505879_1604476186-GB-M-035 read.
LOG (lattice-oracle[5.5.480~1-09abd]:main():lattice-oracle.cc:318) %WER 0 [ 0 / 4, 0 insertions, 0 deletions, 0 sub ]
LOG (lattice-oracle[5.5.480~1-09abd]:main():lattice-oracle.cc:332) For utterance M472508547-273712733_115362-472505879_1604476186-GB-M-035, best cost 0
Lattice M472508547-273712733_115362-472505879_1604476186-GB-M-036 read.
LOG (lattice-oracle[5.5.480~1-09abd]:main():lattice-oracle.cc:318) %WER 0 [ 0 / 16, 0 insertions, 0 deletions, 0 sub ]
LOG (lattice-oracle[5.5.480~1-09abd]:main():lattice-oracle.cc:332) For utterance M472508547-273712733_115362-472505879_1604476186-GB-M-036, best cost 0
Lattice M472508547-273712733_115362-472505879_1604476186-GB-M-039 read.
LOG (lattice-oracle[5.5.480~1-09abd]:main():lattice-oracle.cc:318) %WER 0 [ 0 / 10, 0 insertions, 0 deletions, 0 sub ]
LOG (lattice-oracle[5.5.480~1-09abd]:main():lattice-oracle.cc:332) For utterance M472508547-273712733_115362-472505879_1604476186-GB-M-039, best cost 0
Lattice M472508547-273712733_115362-472505879_1604476186-GB-M-042 read.
LOG (lattice-oracle[5.5.480~1-09abd]:main():lattice-oracle.cc:318) %WER 0 [ 0 / 1, 0 insertions, 0 deletions, 0 sub ]
LOG (lattice-oracle[5.5.480~1-09abd]:main():lattice-oracle.cc:332) For utterance M472508547-273712733_115362-472505879_1604476186-GB-M-042, best cost 0
Lattice M472508547-273712733_115362-472505879_1604476186-GB-M-044 read.
LOG (lattice-oracle[5.5.480~1-09abd]:main():lattice-oracle.cc:318) %WER 0 [ 0 / 1, 0 insertions, 0 deletions, 0 sub ]
LOG (lattice-oracle[5.5.480~1-09abd]:main():lattice-oracle.cc:332) For utterance M472508547-273712733_115362-472505879_1604476186-GB-M-044, best cost 0
Lattice M473076066-3771167_3771167-424111784_1649409973-GB-M-001 read.
LOG (lattice-oracle[5.5.480~1-09abd]:main():lattice-oracle.cc:318) %WER 14.2857 [ 1 / 7, 0 insertions, 1 deletions, 0 sub ]
LOG (lattice-oracle[5.5.480~1-09abd]:main():lattice-oracle.cc:332) For utterance M473076066-3771167_3771167-424111784_1649409973-GB-M-001, best cost 1
Lattice M473076066-3771167_3771167-424111784_1649409973-GB-M-003 read.
LOG (lattice-oracle[5.5.480~1-09abd]:main():lattice-oracle.cc:318) %WER 0 [ 0 / 12, 0 insertions, 0 deletions, 0 sub ]
LOG (lattice-oracle[5.5.480~1-09abd]:main():lattice-oracle.cc:332) For utterance M473076066-3771167_3771167-424111784_1649409973-GB-M-003, best cost 0
Lattice M473076066-3771167_3771167-424111784_1649409973-GB-M-004 read.
LOG (lattice-oracle[5.5.480~1-09abd]:main():lattice-oracle.cc:318) %WER 0 [ 0 / 7, 0 insertions, 0 deletions, 0 sub ]
LOG (lattice-oracle[5.5.480~1-09abd]:main():lattice-oracle.cc:332) For utterance M473076066-3771167_3771167-424111784_1649409973-GB-M-004, best cost 0
Lattice M473076066-3771167_3771167-424111784_1649409973-GB-M-010 read.
LOG (lattice-oracle[5.5.480~1-09abd]:main():lattice-oracle.cc:318) %WER 70 [ 7 / 10, 0 insertions, 7 deletions, 0 sub ]
LOG (lattice-oracle[5.5.480~1-09abd]:main():lattice-oracle.cc:332) For utterance M473076066-3771167_3771167-424111784_1649409973-GB-M-010, best cost 7
Lattice M473076066-3771167_3771167-424111784_1649409973-GB-M-012 read.
LOG (lattice-oracle[5.5.480~1-09abd]:main():lattice-oracle.cc:318) %WER 0 [ 0 / 3, 0 insertions, 0 deletions, 0 sub ]
LOG (lattice-oracle[5.5.480~1-09abd]:main():lattice-oracle.cc:332) For utterance M473076066-3771167_3771167-424111784_1649409973-GB-M-012, best cost 0
Lattice M473076066-3771167_3771167-424111784_1649409973-GB-M-013 read.
LOG (lattice-oracle[5.5.480~1-09abd]:main():lattice-oracle.cc:318) %WER 12.9032 [ 4 / 31, 0 insertions, 4 deletions, 0 sub ]
LOG (lattice-oracle[5.5.480~1-09abd]:main():lattice-oracle.cc:332) For utterance M473076066-3771167_3771167-424111784_1649409973-GB-M-013, best cost 4
Lattice M473076066-3771167_3771167-424111784_1649409973-GB-M-020 read.
LOG (lattice-oracle[5.5.480~1-09abd]:main():lattice-oracle.cc:318) %WER 0 [ 0 / 5, 0 insertions, 0 deletions, 0 sub ]
LOG (lattice-oracle[5.5.480~1-09abd]:main():lattice-oracle.cc:332) For utterance M473076066-3771167_3771167-424111784_1649409973-GB-M-020, best cost 0
Lattice M473076066-3771167_3771167-424111784_1649409973-GB-M-026 read.
LOG (lattice-oracle[5.5.480~1-09abd]:main():lattice-oracle.cc:318) %WER 0 [ 0 / 4, 0 insertions, 0 deletions, 0 sub ]
LOG (lattice-oracle[5.5.480~1-09abd]:main():lattice-oracle.cc:332) For utterance M473076066-3771167_3771167-424111784_1649409973-GB-M-026, best cost 0
Lattice M473076066-3771167_3771167-424111784_1649409973-GB-M-027 read.
LOG (lattice-oracle[5.5.480~1-09abd]:main():lattice-oracle.cc:318) %WER 0 [ 0 / 6, 0 insertions, 0 deletions, 0 sub ]
LOG (lattice-oracle[5.5.480~1-09abd]:main():lattice-oracle.cc:332) For utterance M473076066-3771167_3771167-424111784_1649409973-GB-M-027, best cost 0
Lattice M473076066-3771167_3771167-424111784_1649409973-GB-M-030 read.
LOG (lattice-oracle[5.5.480~1-09abd]:main():lattice-oracle.cc:318) %WER 0 [ 0 / 3, 0 insertions, 0 deletions, 0 sub ]
LOG (lattice-oracle[5.5.480~1-09abd]:main():lattice-oracle.cc:332) For utterance M473076066-3771167_3771167-424111784_1649409973-GB-M-030, best cost 0
Lattice M473076066-3771167_3771167-424111784_1649409973-GB-M-031 read.
LOG (lattice-oracle[5.5.480~1-09abd]:main():lattice-oracle.cc:318) %WER 0 [ 0 / 5, 0 insertions, 0 deletions, 0 sub ]
LOG (lattice-oracle[5.5.480~1-09abd]:main():lattice-oracle.cc:332) For utterance M473076066-3771167_3771167-424111784_1649409973-GB-M-031, best cost 0
Lattice M473076066-3771167_3771167-424111784_1649409973-GB-M-036 read.
LOG (lattice-oracle[5.5.480~1-09abd]:main():lattice-oracle.cc:318) %WER 0 [ 0 / 7, 0 insertions, 0 deletions, 0 sub ]
LOG (lattice-oracle[5.5.480~1-09abd]:main():lattice-oracle.cc:332) For utterance M473076066-3771167_3771167-424111784_1649409973-GB-M-036, best cost 0
Lattice M473076066-3771167_3771167-424111784_1649409973-GB-M-039 read.
LOG (lattice-oracle[5.5.480~1-09abd]:main():lattice-oracle.cc:318) %WER 0 [ 0 / 6, 0 insertions, 0 deletions, 0 sub ]
LOG (lattice-oracle[5.5.480~1-09abd]:main():lattice-oracle.cc:332) For utterance M473076066-3771167_3771167-424111784_1649409973-GB-M-039, best cost 0
Lattice M473076066-3771167_3771167-424111784_1649409973-GB-M-040 read.
LOG (lattice-oracle[5.5.480~1-09abd]:main():lattice-oracle.cc:318) %WER 0 [ 0 / 12, 0 insertions, 0 deletions, 0 sub ]
LOG (lattice-oracle[5.5.480~1-09abd]:main():lattice-oracle.cc:332) For utterance M473076066-3771167_3771167-424111784_1649409973-GB-M-040, best cost 0
Lattice M473076066-3771167_3771167-424111784_1649409973-GB-M-042 read.
LOG (lattice-oracle[5.5.480~1-09abd]:main():lattice-oracle.cc:318) %WER 20 [ 1 / 5, 0 insertions, 1 deletions, 0 sub ]
LOG (lattice-oracle[5.5.480~1-09abd]:main():lattice-oracle.cc:332) For utterance M473076066-3771167_3771167-424111784_1649409973-GB-M-042, best cost 1
Lattice M473076066-3771167_3771167-424111784_1649409973-GB-M-043 read.
LOG (lattice-oracle[5.5.480~1-09abd]:main():lattice-oracle.cc:318) %WER 0 [ 0 / 6, 0 insertions, 0 deletions, 0 sub ]
LOG (lattice-oracle[5.5.480~1-09abd]:main():lattice-oracle.cc:332) For utterance M473076066-3771167_3771167-424111784_1649409973-GB-M-043, best cost 0
Lattice M473076066-3771167_3771167-424111784_1649409973-GB-M-048 read.
LOG (lattice-oracle[5.5.480~1-09abd]:main():lattice-oracle.cc:318) %WER 20 [ 1 / 5, 0 insertions, 1 deletions, 0 sub ]
LOG (lattice-oracle[5.5.480~1-09abd]:main():lattice-oracle.cc:332) For utterance M473076066-3771167_3771167-424111784_1649409973-GB-M-048, best cost 1
Lattice M473076066-3771167_3771167-424111784_1649409973-GB-M-051 read.
LOG (lattice-oracle[5.5.480~1-09abd]:main():lattice-oracle.cc:318) %WER 0 [ 0 / 6, 0 insertions, 0 deletions, 0 sub ]
LOG (lattice-oracle[5.5.480~1-09abd]:main():lattice-oracle.cc:332) For utterance M473076066-3771167_3771167-424111784_1649409973-GB-M-051, best cost 0
Lattice M473434195-3772014_3772014-473430636_1590953261-GB-M-004 read.
LOG (lattice-oracle[5.5.480~1-09abd]:main():lattice-oracle.cc:318) %WER 0 [ 0 / 6, 0 insertions, 0 deletions, 0 sub ]
LOG (lattice-oracle[5.5.480~1-09abd]:main():lattice-oracle.cc:332) For utterance M473434195-3772014_3772014-473430636_1590953261-GB-M-004, best cost 0
Lattice M473434195-3772014_3772014-473430636_1590953261-GB-M-005 read.
LOG (lattice-oracle[5.5.480~1-09abd]:main():lattice-oracle.cc:318) %WER 0 [ 0 / 5, 0 insertions, 0 deletions, 0 sub ]
LOG (lattice-oracle[5.5.480~1-09abd]:main():lattice-oracle.cc:332) For utterance M473434195-3772014_3772014-473430636_1590953261-GB-M-005, best cost 0
Lattice M473434195-3772014_3772014-473430636_1590953261-GB-M-006 read.
LOG (lattice-oracle[5.5.480~1-09abd]:main():lattice-oracle.cc:318) %WER 0 [ 0 / 9, 0 insertions, 0 deletions, 0 sub ]
LOG (lattice-oracle[5.5.480~1-09abd]:main():lattice-oracle.cc:332) For utterance M473434195-3772014_3772014-473430636_1590953261-GB-M-006, best cost 0
Lattice M473434195-3772014_3772014-473430636_1590953261-GB-M-010 read.
LOG (lattice-oracle[5.5.480~1-09abd]:main():lattice-oracle.cc:318) %WER 0 [ 0 / 7, 0 insertions, 0 deletions, 0 sub ]
LOG (lattice-oracle[5.5.480~1-09abd]:main():lattice-oracle.cc:332) For utterance M473434195-3772014_3772014-473430636_1590953261-GB-M-010, best cost 0
Lattice M473434195-3772014_3772014-473430636_1590953261-GB-M-011 read.
LOG (lattice-oracle[5.5.480~1-09abd]:main():lattice-oracle.cc:318) %WER 0 [ 0 / 11, 0 insertions, 0 deletions, 0 sub ]
LOG (lattice-oracle[5.5.480~1-09abd]:main():lattice-oracle.cc:332) For utterance M473434195-3772014_3772014-473430636_1590953261-GB-M-011, best cost 0
Lattice M473434195-3772014_3772014-473430636_1590953261-GB-M-015 read.
LOG (lattice-oracle[5.5.480~1-09abd]:main():lattice-oracle.cc:318) %WER 14.2857 [ 1 / 7, 0 insertions, 1 deletions, 0 sub ]
LOG (lattice-oracle[5.5.480~1-09abd]:main():lattice-oracle.cc:332) For utterance M473434195-3772014_3772014-473430636_1590953261-GB-M-015, best cost 1
Lattice M473434195-3772014_3772014-473430636_1590953261-GB-M-016 read.
LOG (lattice-oracle[5.5.480~1-09abd]:main():lattice-oracle.cc:318) %WER 0 [ 0 / 17, 0 insertions, 0 deletions, 0 sub ]
LOG (lattice-oracle[5.5.480~1-09abd]:main():lattice-oracle.cc:332) For utterance M473434195-3772014_3772014-473430636_1590953261-GB-M-016, best cost 0
Lattice M473434195-3772014_3772014-473430636_1590953261-GB-M-018 read.
LOG (lattice-oracle[5.5.480~1-09abd]:main():lattice-oracle.cc:318) %WER 12.5 [ 1 / 8, 0 insertions, 1 deletions, 0 sub ]
LOG (lattice-oracle[5.5.480~1-09abd]:main():lattice-oracle.cc:332) For utterance M473434195-3772014_3772014-473430636_1590953261-GB-M-018, best cost 1
Lattice M473434195-3772014_3772014-473430636_1590953261-GB-M-019 read.
LOG (lattice-oracle[5.5.480~1-09abd]:main():lattice-oracle.cc:318) %WER 0 [ 0 / 5, 0 insertions, 0 deletions, 0 sub ]
LOG (lattice-oracle[5.5.480~1-09abd]:main():lattice-oracle.cc:332) For utterance M473434195-3772014_3772014-473430636_1590953261-GB-M-019, best cost 0
Lattice M473434195-3772014_3772014-473430636_1590953261-GB-M-020 read.
LOG (lattice-oracle[5.5.480~1-09abd]:main():lattice-oracle.cc:318) %WER 9.09091 [ 2 / 22, 0 insertions, 0 deletions, 2 sub ]
LOG (lattice-oracle[5.5.480~1-09abd]:main():lattice-oracle.cc:332) For utterance M473434195-3772014_3772014-473430636_1590953261-GB-M-020, best cost 2
Lattice M473434195-3772014_3772014-473430636_1590953261-GB-M-027 read.
LOG (lattice-oracle[5.5.480~1-09abd]:main():lattice-oracle.cc:318) %WER 17.6471 [ 6 / 34, 0 insertions, 6 deletions, 0 sub ]
LOG (lattice-oracle[5.5.480~1-09abd]:main():lattice-oracle.cc:332) For utterance M473434195-3772014_3772014-473430636_1590953261-GB-M-027, best cost 6
Lattice M473434195-3772014_3772014-473430636_1590953261-GB-M-032 read.
LOG (lattice-oracle[5.5.480~1-09abd]:main():lattice-oracle.cc:318) %WER 7.69231 [ 1 / 13, 0 insertions, 1 deletions, 0 sub ]
LOG (lattice-oracle[5.5.480~1-09abd]:main():lattice-oracle.cc:332) For utterance M473434195-3772014_3772014-473430636_1590953261-GB-M-032, best cost 1
Lattice M473434195-3772014_3772014-473430636_1590953261-GB-M-034 read.
LOG (lattice-oracle[5.5.480~1-09abd]:main():lattice-oracle.cc:318) %WER 0 [ 0 / 9, 0 insertions, 0 deletions, 0 sub ]
LOG (lattice-oracle[5.5.480~1-09abd]:main():lattice-oracle.cc:332) For utterance M473434195-3772014_3772014-473430636_1590953261-GB-M-034, best cost 0
Lattice M473434195-3772014_3772014-473430636_1590953261-GB-M-040 read.
LOG (lattice-oracle[5.5.480~1-09abd]:main():lattice-oracle.cc:318) %WER 0 [ 0 / 10, 0 insertions, 0 deletions, 0 sub ]
LOG (lattice-oracle[5.5.480~1-09abd]:main():lattice-oracle.cc:332) For utterance M473434195-3772014_3772014-473430636_1590953261-GB-M-040, best cost 0
Lattice M473434195-3772014_3772014-473430636_1590953261-GB-M-042 read.
LOG (lattice-oracle[5.5.480~1-09abd]:main():lattice-oracle.cc:318) %WER 0 [ 0 / 7, 0 insertions, 0 deletions, 0 sub ]
LOG (lattice-oracle[5.5.480~1-09abd]:main():lattice-oracle.cc:332) For utterance M473434195-3772014_3772014-473430636_1590953261-GB-M-042, best cost 0
Lattice M473434195-3772014_3772014-473430636_1590953261-GB-M-046 read.
LOG (lattice-oracle[5.5.480~1-09abd]:main():lattice-oracle.cc:318) %WER 0 [ 0 / 5, 0 insertions, 0 deletions, 0 sub ]
LOG (lattice-oracle[5.5.480~1-09abd]:main():lattice-oracle.cc:332) For utterance M473434195-3772014_3772014-473430636_1590953261-GB-M-046, best cost 0
Lattice M473434195-3772014_3772014-473430636_1590953261-GB-M-047 read.
LOG (lattice-oracle[5.5.480~1-09abd]:main():lattice-oracle.cc:318) %WER 0 [ 0 / 23, 0 insertions, 0 deletions, 0 sub ]
LOG (lattice-oracle[5.5.480~1-09abd]:main():lattice-oracle.cc:332) For utterance M473434195-3772014_3772014-473430636_1590953261-GB-M-047, best cost 0
Lattice M473434195-3772014_3772014-473430636_1590953261-GB-M-051 read.
LOG (lattice-oracle[5.5.480~1-09abd]:main():lattice-oracle.cc:318) %WER 7.69231 [ 1 / 13, 0 insertions, 1 deletions, 0 sub ]
LOG (lattice-oracle[5.5.480~1-09abd]:main():lattice-oracle.cc:332) For utterance M473434195-3772014_3772014-473430636_1590953261-GB-M-051, best cost 1
Lattice M473434195-3772014_3772014-473430636_1590953261-GB-M-053 read.
LOG (lattice-oracle[5.5.480~1-09abd]:main():lattice-oracle.cc:318) %WER 0 [ 0 / 16, 0 insertions, 0 deletions, 0 sub ]
LOG (lattice-oracle[5.5.480~1-09abd]:main():lattice-oracle.cc:332) For utterance M473434195-3772014_3772014-473430636_1590953261-GB-M-053, best cost 0
Lattice M473434195-3772014_3772014-473430636_1590953261-GB-M-057 read.
LOG (lattice-oracle[5.5.480~1-09abd]:main():lattice-oracle.cc:318) %WER 0 [ 0 / 1, 0 insertions, 0 deletions, 0 sub ]
LOG (lattice-oracle[5.5.480~1-09abd]:main():lattice-oracle.cc:332) For utterance M473434195-3772014_3772014-473430636_1590953261-GB-M-057, best cost 0
Lattice M473434195-3772014_3772014-473430636_1590953261-GB-M-058 read.
LOG (lattice-oracle[5.5.480~1-09abd]:main():lattice-oracle.cc:318) %WER 0 [ 0 / 6, 0 insertions, 0 deletions, 0 sub ]
LOG (lattice-oracle[5.5.480~1-09abd]:main():lattice-oracle.cc:332) For utterance M473434195-3772014_3772014-473430636_1590953261-GB-M-058, best cost 0
Lattice M473434195-586511969_1381576-187814083_1588719137-GB-M-001 read.
LOG (lattice-oracle[5.5.480~1-09abd]:main():lattice-oracle.cc:318) %WER 0 [ 0 / 5, 0 insertions, 0 deletions, 0 sub ]
LOG (lattice-oracle[5.5.480~1-09abd]:main():lattice-oracle.cc:332) For utterance M473434195-586511969_1381576-187814083_1588719137-GB-M-001, best cost 0
Lattice M473434195-586511969_1381576-187814083_1588719137-GB-M-002 read.
LOG (lattice-oracle[5.5.480~1-09abd]:main():lattice-oracle.cc:318) %WER 0 [ 0 / 8, 0 insertions, 0 deletions, 0 sub ]
LOG (lattice-oracle[5.5.480~1-09abd]:main():lattice-oracle.cc:332) For utterance M473434195-586511969_1381576-187814083_1588719137-GB-M-002, best cost 0
Lattice M473434195-586511969_1381576-187814083_1588719137-GB-M-006 read.
LOG (lattice-oracle[5.5.480~1-09abd]:main():lattice-oracle.cc:318) %WER 0 [ 0 / 4, 0 insertions, 0 deletions, 0 sub ]
LOG (lattice-oracle[5.5.480~1-09abd]:main():lattice-oracle.cc:332) For utterance M473434195-586511969_1381576-187814083_1588719137-GB-M-006, best cost 0
Lattice M473434195-586511969_1381576-187814083_1588719137-GB-M-007 read.
LOG (lattice-oracle[5.5.480~1-09abd]:main():lattice-oracle.cc:318) %WER 0 [ 0 / 3, 0 insertions, 0 deletions, 0 sub ]
LOG (lattice-oracle[5.5.480~1-09abd]:main():lattice-oracle.cc:332) For utterance M473434195-586511969_1381576-187814083_1588719137-GB-M-007, best cost 0
Lattice M473434195-586511969_1381576-187814083_1588719137-GB-M-008 read.
LOG (lattice-oracle[5.5.480~1-09abd]:main():lattice-oracle.cc:318) %WER 0 [ 0 / 3, 0 insertions, 0 deletions, 0 sub ]
LOG (lattice-oracle[5.5.480~1-09abd]:main():lattice-oracle.cc:332) For utterance M473434195-586511969_1381576-187814083_1588719137-GB-M-008, best cost 0
Lattice M473434195-586511969_1381576-187814083_1588719137-GB-M-010 read.
LOG (lattice-oracle[5.5.480~1-09abd]:main():lattice-oracle.cc:318) %WER 0 [ 0 / 1, 0 insertions, 0 deletions, 0 sub ]
LOG (lattice-oracle[5.5.480~1-09abd]:main():lattice-oracle.cc:332) For utterance M473434195-586511969_1381576-187814083_1588719137-GB-M-010, best cost 0
Lattice M473434195-586511969_1381576-187814083_1588719137-GB-M-013 read.
LOG (lattice-oracle[5.5.480~1-09abd]:main():lattice-oracle.cc:318) %WER 0 [ 0 / 6, 0 insertions, 0 deletions, 0 sub ]
LOG (lattice-oracle[5.5.480~1-09abd]:main():lattice-oracle.cc:332) For utterance M473434195-586511969_1381576-187814083_1588719137-GB-M-013, best cost 0
Lattice M473434195-586511969_1381576-187814083_1588719137-GB-M-015 read.
LOG (lattice-oracle[5.5.480~1-09abd]:main():lattice-oracle.cc:318) %WER 0 [ 0 / 6, 0 insertions, 0 deletions, 0 sub ]
LOG (lattice-oracle[5.5.480~1-09abd]:main():lattice-oracle.cc:332) For utterance M473434195-586511969_1381576-187814083_1588719137-GB-M-015, best cost 0
Lattice M473434195-586511969_1381576-187814083_1588719137-GB-M-017 read.
LOG (lattice-oracle[5.5.480~1-09abd]:main():lattice-oracle.cc:318) %WER 0 [ 0 / 7, 0 insertions, 0 deletions, 0 sub ]
LOG (lattice-oracle[5.5.480~1-09abd]:main():lattice-oracle.cc:332) For utterance M473434195-586511969_1381576-187814083_1588719137-GB-M-017, best cost 0
Lattice M473434195-586511969_1381576-187814083_1588719137-GB-M-018 read.
LOG (lattice-oracle[5.5.480~1-09abd]:main():lattice-oracle.cc:318) %WER 0 [ 0 / 6, 0 insertions, 0 deletions, 0 sub ]
LOG (lattice-oracle[5.5.480~1-09abd]:main():lattice-oracle.cc:332) For utterance M473434195-586511969_1381576-187814083_1588719137-GB-M-018, best cost 0
Lattice M473434195-586511969_1381576-187814083_1588719137-GB-M-020 read.
LOG (lattice-oracle[5.5.480~1-09abd]:main():lattice-oracle.cc:318) %WER 0 [ 0 / 3, 0 insertions, 0 deletions, 0 sub ]
LOG (lattice-oracle[5.5.480~1-09abd]:main():lattice-oracle.cc:332) For utterance M473434195-586511969_1381576-187814083_1588719137-GB-M-020, best cost 0
Lattice M473434195-586511969_1381576-187814083_1588719137-GB-M-021 read.
LOG (lattice-oracle[5.5.480~1-09abd]:main():lattice-oracle.cc:318) %WER 0 [ 0 / 5, 0 insertions, 0 deletions, 0 sub ]
LOG (lattice-oracle[5.5.480~1-09abd]:main():lattice-oracle.cc:332) For utterance M473434195-586511969_1381576-187814083_1588719137-GB-M-021, best cost 0
Lattice M473434195-586511969_1381576-187814083_1588719137-GB-M-022 read.
LOG (lattice-oracle[5.5.480~1-09abd]:main():lattice-oracle.cc:318) %WER 0 [ 0 / 2, 0 insertions, 0 deletions, 0 sub ]
LOG (lattice-oracle[5.5.480~1-09abd]:main():lattice-oracle.cc:332) For utterance M473434195-586511969_1381576-187814083_1588719137-GB-M-022, best cost 0
Lattice M473434195-586511969_1381576-187814083_1588719137-GB-M-024 read.
LOG (lattice-oracle[5.5.480~1-09abd]:main():lattice-oracle.cc:318) %WER 0 [ 0 / 1, 0 insertions, 0 deletions, 0 sub ]
LOG (lattice-oracle[5.5.480~1-09abd]:main():lattice-oracle.cc:332) For utterance M473434195-586511969_1381576-187814083_1588719137-GB-M-024, best cost 0
Lattice M473434195-586511969_1381576-187814083_1588719137-GB-M-025 read.
LOG (lattice-oracle[5.5.480~1-09abd]:main():lattice-oracle.cc:318) %WER 0 [ 0 / 1, 0 insertions, 0 deletions, 0 sub ]
LOG (lattice-oracle[5.5.480~1-09abd]:main():lattice-oracle.cc:332) For utterance M473434195-586511969_1381576-187814083_1588719137-GB-M-025, best cost 0
Lattice M479231683-533191685_1459844-479231663_1623196529-GB-M-002 read.
LOG (lattice-oracle[5.5.480~1-09abd]:main():lattice-oracle.cc:318) %WER 60 [ 3 / 5, 1 insertions, 2 deletions, 0 sub ]
LOG (lattice-oracle[5.5.480~1-09abd]:main():lattice-oracle.cc:332) For utterance M479231683-533191685_1459844-479231663_1623196529-GB-M-002, best cost 3
Lattice M479231683-533191685_1459844-479231663_1623196529-GB-M-003 read.
LOG (lattice-oracle[5.5.480~1-09abd]:main():lattice-oracle.cc:318) %WER 0 [ 0 / 26, 0 insertions, 0 deletions, 0 sub ]
LOG (lattice-oracle[5.5.480~1-09abd]:main():lattice-oracle.cc:332) For utterance M479231683-533191685_1459844-479231663_1623196529-GB-M-003, best cost 0
Lattice M479231683-533191685_1459844-479231663_1623196529-GB-M-007 read.
LOG (lattice-oracle[5.5.480~1-09abd]:main():lattice-oracle.cc:318) %WER 20 [ 3 / 15, 0 insertions, 2 deletions, 1 sub ]
LOG (lattice-oracle[5.5.480~1-09abd]:main():lattice-oracle.cc:332) For utterance M479231683-533191685_1459844-479231663_1623196529-GB-M-007, best cost 3
Lattice M479231683-533191685_1459844-479231663_1623196529-GB-M-012 read.
LOG (lattice-oracle[5.5.480~1-09abd]:main():lattice-oracle.cc:318) %WER 0 [ 0 / 8, 0 insertions, 0 deletions, 0 sub ]
LOG (lattice-oracle[5.5.480~1-09abd]:main():lattice-oracle.cc:332) For utterance M479231683-533191685_1459844-479231663_1623196529-GB-M-012, best cost 0
Lattice M479231683-533191685_1459844-479231663_1623196529-GB-M-014 read.
LOG (lattice-oracle[5.5.480~1-09abd]:main():lattice-oracle.cc:318) %WER 0 [ 0 / 6, 0 insertions, 0 deletions, 0 sub ]
LOG (lattice-oracle[5.5.480~1-09abd]:main():lattice-oracle.cc:332) For utterance M479231683-533191685_1459844-479231663_1623196529-GB-M-014, best cost 0
Lattice M479231683-533191685_1459844-479231663_1623196529-GB-M-016 read.
LOG (lattice-oracle[5.5.480~1-09abd]:main():lattice-oracle.cc:318) %WER 0 [ 0 / 8, 0 insertions, 0 deletions, 0 sub ]
LOG (lattice-oracle[5.5.480~1-09abd]:main():lattice-oracle.cc:332) For utterance M479231683-533191685_1459844-479231663_1623196529-GB-M-016, best cost 0
Lattice M479231683-533191685_1459844-479231663_1623196529-GB-M-017 read.
LOG (lattice-oracle[5.5.480~1-09abd]:main():lattice-oracle.cc:318) %WER 0 [ 0 / 4, 0 insertions, 0 deletions, 0 sub ]
LOG (lattice-oracle[5.5.480~1-09abd]:main():lattice-oracle.cc:332) For utterance M479231683-533191685_1459844-479231663_1623196529-GB-M-017, best cost 0
Lattice M479231683-533191685_1459844-479231663_1623196529-GB-M-018 read.
LOG (lattice-oracle[5.5.480~1-09abd]:main():lattice-oracle.cc:318) %WER 4.34783 [ 1 / 23, 1 insertions, 0 deletions, 0 sub ]
LOG (lattice-oracle[5.5.480~1-09abd]:main():lattice-oracle.cc:332) For utterance M479231683-533191685_1459844-479231663_1623196529-GB-M-018, best cost 1
Lattice M479231683-533191685_1459844-479231663_1623196529-GB-M-024 read.
LOG (lattice-oracle[5.5.480~1-09abd]:main():lattice-oracle.cc:318) %WER 200 [ 4 / 2, 4 insertions, 0 deletions, 0 sub ]
LOG (lattice-oracle[5.5.480~1-09abd]:main():lattice-oracle.cc:332) For utterance M479231683-533191685_1459844-479231663_1623196529-GB-M-024, best cost 4
Lattice M479231683-533191685_1459844-479231663_1623196529-GB-M-025 read.
LOG (lattice-oracle[5.5.480~1-09abd]:main():lattice-oracle.cc:318) %WER 30 [ 3 / 10, 0 insertions, 3 deletions, 0 sub ]
LOG (lattice-oracle[5.5.480~1-09abd]:main():lattice-oracle.cc:332) For utterance M479231683-533191685_1459844-479231663_1623196529-GB-M-025, best cost 3
Lattice M479231683-533191685_1459844-479231663_1623196529-GB-M-027 read.
LOG (lattice-oracle[5.5.480~1-09abd]:main():lattice-oracle.cc:318) %WER 25 [ 1 / 4, 1 insertions, 0 deletions, 0 sub ]
LOG (lattice-oracle[5.5.480~1-09abd]:main():lattice-oracle.cc:332) For utterance M479231683-533191685_1459844-479231663_1623196529-GB-M-027, best cost 1
Lattice M479231683-533191685_1459844-479231663_1623196529-GB-M-028 read.
LOG (lattice-oracle[5.5.480~1-09abd]:main():lattice-oracle.cc:318) %WER 5.88235 [ 1 / 17, 0 insertions, 1 deletions, 0 sub ]
LOG (lattice-oracle[5.5.480~1-09abd]:main():lattice-oracle.cc:332) For utterance M479231683-533191685_1459844-479231663_1623196529-GB-M-028, best cost 1
Lattice M479231683-533191685_1459844-479231663_1623196529-GB-M-031 read.
LOG (lattice-oracle[5.5.480~1-09abd]:main():lattice-oracle.cc:318) %WER 37.5 [ 3 / 8, 0 insertions, 3 deletions, 0 sub ]
LOG (lattice-oracle[5.5.480~1-09abd]:main():lattice-oracle.cc:332) For utterance M479231683-533191685_1459844-479231663_1623196529-GB-M-031, best cost 3
Lattice M479231683-533191685_1459844-479231663_1623196529-GB-M-033 read.
LOG (lattice-oracle[5.5.480~1-09abd]:main():lattice-oracle.cc:318) %WER 0 [ 0 / 3, 0 insertions, 0 deletions, 0 sub ]
LOG (lattice-oracle[5.5.480~1-09abd]:main():lattice-oracle.cc:332) For utterance M479231683-533191685_1459844-479231663_1623196529-GB-M-033, best cost 0
Lattice M479231683-533191685_1459844-479231663_1623196529-GB-M-034 read.
LOG (lattice-oracle[5.5.480~1-09abd]:main():lattice-oracle.cc:318) %WER 0 [ 0 / 12, 0 insertions, 0 deletions, 0 sub ]
LOG (lattice-oracle[5.5.480~1-09abd]:main():lattice-oracle.cc:332) For utterance M479231683-533191685_1459844-479231663_1623196529-GB-M-034, best cost 0
Lattice M479231683-533191685_1459844-479231663_1623196529-GB-M-037 read.
LOG (lattice-oracle[5.5.480~1-09abd]:main():lattice-oracle.cc:318) %WER 0 [ 0 / 14, 0 insertions, 0 deletions, 0 sub ]
LOG (lattice-oracle[5.5.480~1-09abd]:main():lattice-oracle.cc:332) For utterance M479231683-533191685_1459844-479231663_1623196529-GB-M-037, best cost 0
Lattice M479231683-533191685_1459844-479231663_1623196529-GB-M-041 read.
LOG (lattice-oracle[5.5.480~1-09abd]:main():lattice-oracle.cc:318) %WER 450 [ 9 / 2, 9 insertions, 0 deletions, 0 sub ]
LOG (lattice-oracle[5.5.480~1-09abd]:main():lattice-oracle.cc:332) For utterance M479231683-533191685_1459844-479231663_1623196529-GB-M-041, best cost 9
Lattice M479231683-533191685_1459844-479231663_1623196529-GB-M-042 read.
LOG (lattice-oracle[5.5.480~1-09abd]:main():lattice-oracle.cc:318) %WER 0 [ 0 / 22, 0 insertions, 0 deletions, 0 sub ]
LOG (lattice-oracle[5.5.480~1-09abd]:main():lattice-oracle.cc:332) For utterance M479231683-533191685_1459844-479231663_1623196529-GB-M-042, best cost 0
Lattice M479231683-533191685_1459844-479231663_1623196529-GB-M-045 read.
LOG (lattice-oracle[5.5.480~1-09abd]:main():lattice-oracle.cc:318) %WER 33.3333 [ 4 / 12, 1 insertions, 0 deletions, 3 sub ]
LOG (lattice-oracle[5.5.480~1-09abd]:main():lattice-oracle.cc:332) For utterance M479231683-533191685_1459844-479231663_1623196529-GB-M-045, best cost 4
Lattice M479231683-533191685_1459844-479231663_1623196529-GB-M-050 read.
LOG (lattice-oracle[5.5.480~1-09abd]:main():lattice-oracle.cc:318) %WER 0 [ 0 / 3, 0 insertions, 0 deletions, 0 sub ]
LOG (lattice-oracle[5.5.480~1-09abd]:main():lattice-oracle.cc:332) For utterance M479231683-533191685_1459844-479231663_1623196529-GB-M-050, best cost 0
Lattice M479231683-533191685_1459844-479231663_1623196529-GB-M-051 read.
LOG (lattice-oracle[5.5.480~1-09abd]:main():lattice-oracle.cc:318) %WER 0 [ 0 / 19, 0 insertions, 0 deletions, 0 sub ]
LOG (lattice-oracle[5.5.480~1-09abd]:main():lattice-oracle.cc:332) For utterance M479231683-533191685_1459844-479231663_1623196529-GB-M-051, best cost 0
Lattice M479231683-533191685_1459844-479231663_1623196529-GB-M-055 read.
LOG (lattice-oracle[5.5.480~1-09abd]:main():lattice-oracle.cc:318) %WER 25 [ 1 / 4, 0 insertions, 1 deletions, 0 sub ]
LOG (lattice-oracle[5.5.480~1-09abd]:main():lattice-oracle.cc:332) For utterance M479231683-533191685_1459844-479231663_1623196529-GB-M-055, best cost 1
Lattice M479231683-533191685_1459844-479231663_1623196529-GB-M-056 read.
LOG (lattice-oracle[5.5.480~1-09abd]:main():lattice-oracle.cc:318) %WER 28.5714 [ 2 / 7, 0 insertions, 0 deletions, 2 sub ]
LOG (lattice-oracle[5.5.480~1-09abd]:main():lattice-oracle.cc:332) For utterance M479231683-533191685_1459844-479231663_1623196529-GB-M-056, best cost 2
Lattice M479231683-533191685_1459844-479231663_1623196529-GB-M-058 read.
LOG (lattice-oracle[5.5.480~1-09abd]:main():lattice-oracle.cc:318) %WER 0 [ 0 / 16, 0 insertions, 0 deletions, 0 sub ]
LOG (lattice-oracle[5.5.480~1-09abd]:main():lattice-oracle.cc:332) For utterance M479231683-533191685_1459844-479231663_1623196529-GB-M-058, best cost 0
Lattice M479231683-533191685_1459844-479231663_1623196529-GB-M-061 read.
LOG (lattice-oracle[5.5.480~1-09abd]:main():lattice-oracle.cc:318) %WER 50 [ 4 / 8, 0 insertions, 0 deletions, 4 sub ]
LOG (lattice-oracle[5.5.480~1-09abd]:main():lattice-oracle.cc:332) For utterance M479231683-533191685_1459844-479231663_1623196529-GB-M-061, best cost 4
Lattice M481595491-47071132_1389194-481592521_922391906-GB-M-003 read.
LOG (lattice-oracle[5.5.480~1-09abd]:main():lattice-oracle.cc:318) %WER 0 [ 0 / 9, 0 insertions, 0 deletions, 0 sub ]
LOG (lattice-oracle[5.5.480~1-09abd]:main():lattice-oracle.cc:332) For utterance M481595491-47071132_1389194-481592521_922391906-GB-M-003, best cost 0
Lattice M481595491-47071132_1389194-481592521_922391906-GB-M-005 read.
LOG (lattice-oracle[5.5.480~1-09abd]:main():lattice-oracle.cc:318) %WER 0 [ 0 / 5, 0 insertions, 0 deletions, 0 sub ]
LOG (lattice-oracle[5.5.480~1-09abd]:main():lattice-oracle.cc:332) For utterance M481595491-47071132_1389194-481592521_922391906-GB-M-005, best cost 0
Lattice M481595491-47071132_1389194-481592521_922391906-GB-M-006 read.
LOG (lattice-oracle[5.5.480~1-09abd]:main():lattice-oracle.cc:318) %WER 0 [ 0 / 4, 0 insertions, 0 deletions, 0 sub ]
LOG (lattice-oracle[5.5.480~1-09abd]:main():lattice-oracle.cc:332) For utterance M481595491-47071132_1389194-481592521_922391906-GB-M-006, best cost 0
Lattice M481595491-47071132_1389194-481592521_922391906-GB-M-007 read.
LOG (lattice-oracle[5.5.480~1-09abd]:main():lattice-oracle.cc:318) %WER 0 [ 0 / 6, 0 insertions, 0 deletions, 0 sub ]
LOG (lattice-oracle[5.5.480~1-09abd]:main():lattice-oracle.cc:332) For utterance M481595491-47071132_1389194-481592521_922391906-GB-M-007, best cost 0
Lattice M481595491-47071132_1389194-481592521_922391906-GB-M-009 read.
LOG (lattice-oracle[5.5.480~1-09abd]:main():lattice-oracle.cc:318) %WER 0 [ 0 / 4, 0 insertions, 0 deletions, 0 sub ]
LOG (lattice-oracle[5.5.480~1-09abd]:main():lattice-oracle.cc:332) For utterance M481595491-47071132_1389194-481592521_922391906-GB-M-009, best cost 0
Lattice M481595491-47071132_1389194-481592521_922391906-GB-M-012 read.
LOG (lattice-oracle[5.5.480~1-09abd]:main():lattice-oracle.cc:318) %WER 0 [ 0 / 7, 0 insertions, 0 deletions, 0 sub ]
LOG (lattice-oracle[5.5.480~1-09abd]:main():lattice-oracle.cc:332) For utterance M481595491-47071132_1389194-481592521_922391906-GB-M-012, best cost 0
Lattice M481595491-47071132_1389194-481592521_922391906-GB-M-013 read.
LOG (lattice-oracle[5.5.480~1-09abd]:main():lattice-oracle.cc:318) %WER 0 [ 0 / 13, 0 insertions, 0 deletions, 0 sub ]
LOG (lattice-oracle[5.5.480~1-09abd]:main():lattice-oracle.cc:332) For utterance M481595491-47071132_1389194-481592521_922391906-GB-M-013, best cost 0
Lattice M481595491-47071132_1389194-481592521_922391906-GB-M-016 read.
LOG (lattice-oracle[5.5.480~1-09abd]:main():lattice-oracle.cc:318) %WER 0 [ 0 / 8, 0 insertions, 0 deletions, 0 sub ]
LOG (lattice-oracle[5.5.480~1-09abd]:main():lattice-oracle.cc:332) For utterance M481595491-47071132_1389194-481592521_922391906-GB-M-016, best cost 0
Lattice M481595491-47071132_1389194-481592521_922391906-GB-M-017 read.
LOG (lattice-oracle[5.5.480~1-09abd]:main():lattice-oracle.cc:318) %WER 0 [ 0 / 6, 0 insertions, 0 deletions, 0 sub ]
LOG (lattice-oracle[5.5.480~1-09abd]:main():lattice-oracle.cc:332) For utterance M481595491-47071132_1389194-481592521_922391906-GB-M-017, best cost 0
Lattice M481595491-47071132_1389194-481592521_922391906-GB-M-018 read.
LOG (lattice-oracle[5.5.480~1-09abd]:main():lattice-oracle.cc:318) %WER 25 [ 1 / 4, 0 insertions, 1 deletions, 0 sub ]
LOG (lattice-oracle[5.5.480~1-09abd]:main():lattice-oracle.cc:332) For utterance M481595491-47071132_1389194-481592521_922391906-GB-M-018, best cost 1
Lattice M481595491-47071132_1389194-481592521_922391906-GB-M-019 read.
LOG (lattice-oracle[5.5.480~1-09abd]:main():lattice-oracle.cc:318) %WER 0 [ 0 / 12, 0 insertions, 0 deletions, 0 sub ]
LOG (lattice-oracle[5.5.480~1-09abd]:main():lattice-oracle.cc:332) For utterance M481595491-47071132_1389194-481592521_922391906-GB-M-019, best cost 0
Lattice M481595491-47071132_1389194-481592521_922391906-GB-M-021 read.
LOG (lattice-oracle[5.5.480~1-09abd]:main():lattice-oracle.cc:318) %WER 0 [ 0 / 5, 0 insertions, 0 deletions, 0 sub ]
LOG (lattice-oracle[5.5.480~1-09abd]:main():lattice-oracle.cc:332) For utterance M481595491-47071132_1389194-481592521_922391906-GB-M-021, best cost 0
Lattice M481595491-47071132_1389194-481592521_922391906-GB-M-022 read.
LOG (lattice-oracle[5.5.480~1-09abd]:main():lattice-oracle.cc:318) %WER 0 [ 0 / 4, 0 insertions, 0 deletions, 0 sub ]
LOG (lattice-oracle[5.5.480~1-09abd]:main():lattice-oracle.cc:332) For utterance M481595491-47071132_1389194-481592521_922391906-GB-M-022, best cost 0
Lattice M481595491-47071132_1389194-481592521_922391906-GB-M-023 read.
LOG (lattice-oracle[5.5.480~1-09abd]:main():lattice-oracle.cc:318) %WER 35.2941 [ 6 / 17, 0 insertions, 5 deletions, 1 sub ]
LOG (lattice-oracle[5.5.480~1-09abd]:main():lattice-oracle.cc:332) For utterance M481595491-47071132_1389194-481592521_922391906-GB-M-023, best cost 6
Lattice M481595491-47071132_1389194-481592521_922391906-GB-M-027 read.
LOG (lattice-oracle[5.5.480~1-09abd]:main():lattice-oracle.cc:318) %WER 16.6667 [ 1 / 6, 0 insertions, 1 deletions, 0 sub ]
LOG (lattice-oracle[5.5.480~1-09abd]:main():lattice-oracle.cc:332) For utterance M481595491-47071132_1389194-481592521_922391906-GB-M-027, best cost 1
Lattice M481595491-47071132_1389194-481592521_922391906-GB-M-028 read.
LOG (lattice-oracle[5.5.480~1-09abd]:main():lattice-oracle.cc:318) %WER 0 [ 0 / 9, 0 insertions, 0 deletions, 0 sub ]
LOG (lattice-oracle[5.5.480~1-09abd]:main():lattice-oracle.cc:332) For utterance M481595491-47071132_1389194-481592521_922391906-GB-M-028, best cost 0
Lattice M481595491-47071132_1389194-481592521_922391906-GB-M-029 read.
LOG (lattice-oracle[5.5.480~1-09abd]:main():lattice-oracle.cc:318) %WER 0 [ 0 / 4, 0 insertions, 0 deletions, 0 sub ]
LOG (lattice-oracle[5.5.480~1-09abd]:main():lattice-oracle.cc:332) For utterance M481595491-47071132_1389194-481592521_922391906-GB-M-029, best cost 0
Lattice M481595491-47071132_1389194-481592521_922391906-GB-M-030 read.
LOG (lattice-oracle[5.5.480~1-09abd]:main():lattice-oracle.cc:318) %WER 0 [ 0 / 6, 0 insertions, 0 deletions, 0 sub ]
LOG (lattice-oracle[5.5.480~1-09abd]:main():lattice-oracle.cc:332) For utterance M481595491-47071132_1389194-481592521_922391906-GB-M-030, best cost 0
Lattice M481595491-47071132_1389194-481592521_922391906-GB-M-031 read.
LOG (lattice-oracle[5.5.480~1-09abd]:main():lattice-oracle.cc:318) %WER 0 [ 0 / 7, 0 insertions, 0 deletions, 0 sub ]
LOG (lattice-oracle[5.5.480~1-09abd]:main():lattice-oracle.cc:332) For utterance M481595491-47071132_1389194-481592521_922391906-GB-M-031, best cost 0
Lattice M481595491-47071132_1389194-481592521_922391906-GB-M-032 read.
LOG (lattice-oracle[5.5.480~1-09abd]:main():lattice-oracle.cc:318) %WER 0 [ 0 / 3, 0 insertions, 0 deletions, 0 sub ]
LOG (lattice-oracle[5.5.480~1-09abd]:main():lattice-oracle.cc:332) For utterance M481595491-47071132_1389194-481592521_922391906-GB-M-032, best cost 0
Lattice M481595491-47071132_1389194-481592521_922391906-GB-M-033 read.
LOG (lattice-oracle[5.5.480~1-09abd]:main():lattice-oracle.cc:318) %WER 0 [ 0 / 5, 0 insertions, 0 deletions, 0 sub ]
LOG (lattice-oracle[5.5.480~1-09abd]:main():lattice-oracle.cc:332) For utterance M481595491-47071132_1389194-481592521_922391906-GB-M-033, best cost 0
Lattice M481595491-47071132_1389194-481592521_922391906-GB-M-035 read.
LOG (lattice-oracle[5.5.480~1-09abd]:main():lattice-oracle.cc:318) %WER 0 [ 0 / 4, 0 insertions, 0 deletions, 0 sub ]
LOG (lattice-oracle[5.5.480~1-09abd]:main():lattice-oracle.cc:332) For utterance M481595491-47071132_1389194-481592521_922391906-GB-M-035, best cost 0
Lattice M481595491-47071132_1389194-481592521_922391906-GB-M-038 read.
LOG (lattice-oracle[5.5.480~1-09abd]:main():lattice-oracle.cc:318) %WER 0 [ 0 / 8, 0 insertions, 0 deletions, 0 sub ]
LOG (lattice-oracle[5.5.480~1-09abd]:main():lattice-oracle.cc:332) For utterance M481595491-47071132_1389194-481592521_922391906-GB-M-038, best cost 0
Lattice M481595491-47071132_1389194-481592521_922391906-GB-M-043 read.
LOG (lattice-oracle[5.5.480~1-09abd]:main():lattice-oracle.cc:318) %WER 0 [ 0 / 7, 0 insertions, 0 deletions, 0 sub ]
LOG (lattice-oracle[5.5.480~1-09abd]:main():lattice-oracle.cc:332) For utterance M481595491-47071132_1389194-481592521_922391906-GB-M-043, best cost 0
Lattice M481595491-47071132_1389194-481592521_922391906-GB-M-044 read.
LOG (lattice-oracle[5.5.480~1-09abd]:main():lattice-oracle.cc:318) %WER 0 [ 0 / 6, 0 insertions, 0 deletions, 0 sub ]
LOG (lattice-oracle[5.5.480~1-09abd]:main():lattice-oracle.cc:332) For utterance M481595491-47071132_1389194-481592521_922391906-GB-M-044, best cost 0
Lattice M481595491-47071132_1389194-481592521_922391906-GB-M-045 read.
LOG (lattice-oracle[5.5.480~1-09abd]:main():lattice-oracle.cc:318) %WER 0 [ 0 / 5, 0 insertions, 0 deletions, 0 sub ]
LOG (lattice-oracle[5.5.480~1-09abd]:main():lattice-oracle.cc:332) For utterance M481595491-47071132_1389194-481592521_922391906-GB-M-045, best cost 0
Lattice M481595491-47071132_1389194-481592521_922391906-GB-M-046 read.
LOG (lattice-oracle[5.5.480~1-09abd]:main():lattice-oracle.cc:318) %WER 0 [ 0 / 11, 0 insertions, 0 deletions, 0 sub ]
LOG (lattice-oracle[5.5.480~1-09abd]:main():lattice-oracle.cc:332) For utterance M481595491-47071132_1389194-481592521_922391906-GB-M-046, best cost 0
Lattice M481595491-47071132_1389194-481592521_922391906-GB-M-048 read.
LOG (lattice-oracle[5.5.480~1-09abd]:main():lattice-oracle.cc:318) %WER 0 [ 0 / 6, 0 insertions, 0 deletions, 0 sub ]
LOG (lattice-oracle[5.5.480~1-09abd]:main():lattice-oracle.cc:332) For utterance M481595491-47071132_1389194-481592521_922391906-GB-M-048, best cost 0
Lattice M481595491-47071132_1389194-481592521_922391906-GB-M-049 read.
LOG (lattice-oracle[5.5.480~1-09abd]:main():lattice-oracle.cc:318) %WER 0 [ 0 / 4, 0 insertions, 0 deletions, 0 sub ]
LOG (lattice-oracle[5.5.480~1-09abd]:main():lattice-oracle.cc:332) For utterance M481595491-47071132_1389194-481592521_922391906-GB-M-049, best cost 0
Lattice M481595491-47071132_1389194-481592521_922391906-GB-M-050 read.
LOG (lattice-oracle[5.5.480~1-09abd]:main():lattice-oracle.cc:318) %WER 9.09091 [ 1 / 11, 0 insertions, 1 deletions, 0 sub ]
LOG (lattice-oracle[5.5.480~1-09abd]:main():lattice-oracle.cc:332) For utterance M481595491-47071132_1389194-481592521_922391906-GB-M-050, best cost 1
Lattice M481595491-47071132_1389194-481592521_922391906-GB-M-054 read.
LOG (lattice-oracle[5.5.480~1-09abd]:main():lattice-oracle.cc:318) %WER 0 [ 0 / 6, 0 insertions, 0 deletions, 0 sub ]
LOG (lattice-oracle[5.5.480~1-09abd]:main():lattice-oracle.cc:332) For utterance M481595491-47071132_1389194-481592521_922391906-GB-M-054, best cost 0
Lattice M481595491-47071132_1389194-481592521_922391906-GB-M-056 read.
LOG (lattice-oracle[5.5.480~1-09abd]:main():lattice-oracle.cc:318) %WER 0 [ 0 / 4, 0 insertions, 0 deletions, 0 sub ]
LOG (lattice-oracle[5.5.480~1-09abd]:main():lattice-oracle.cc:332) For utterance M481595491-47071132_1389194-481592521_922391906-GB-M-056, best cost 0
Lattice M481595491-47071132_1389194-481592521_922391906-GB-M-057 read.
LOG (lattice-oracle[5.5.480~1-09abd]:main():lattice-oracle.cc:318) %WER 0 [ 0 / 12, 0 insertions, 0 deletions, 0 sub ]
LOG (lattice-oracle[5.5.480~1-09abd]:main():lattice-oracle.cc:332) For utterance M481595491-47071132_1389194-481592521_922391906-GB-M-057, best cost 0
Lattice M481595491-47071132_1389194-481592521_922391906-GB-M-060 read.
LOG (lattice-oracle[5.5.480~1-09abd]:main():lattice-oracle.cc:318) %WER 0 [ 0 / 5, 0 insertions, 0 deletions, 0 sub ]
LOG (lattice-oracle[5.5.480~1-09abd]:main():lattice-oracle.cc:332) For utterance M481595491-47071132_1389194-481592521_922391906-GB-M-060, best cost 0
Lattice M481595491-47071132_1389194-481592521_922391906-GB-M-061 read.
LOG (lattice-oracle[5.5.480~1-09abd]:main():lattice-oracle.cc:318) %WER 0 [ 0 / 4, 0 insertions, 0 deletions, 0 sub ]
LOG (lattice-oracle[5.5.480~1-09abd]:main():lattice-oracle.cc:332) For utterance M481595491-47071132_1389194-481592521_922391906-GB-M-061, best cost 0
Lattice M481595491-47071132_1389194-481592521_922391906-GB-M-062 read.
LOG (lattice-oracle[5.5.480~1-09abd]:main():lattice-oracle.cc:318) %WER 10 [ 1 / 10, 0 insertions, 1 deletions, 0 sub ]
LOG (lattice-oracle[5.5.480~1-09abd]:main():lattice-oracle.cc:332) For utterance M481595491-47071132_1389194-481592521_922391906-GB-M-062, best cost 1
Lattice M481595491-47071132_1389194-481592521_922391906-GB-M-064 read.
LOG (lattice-oracle[5.5.480~1-09abd]:main():lattice-oracle.cc:318) %WER 0 [ 0 / 16, 0 insertions, 0 deletions, 0 sub ]
LOG (lattice-oracle[5.5.480~1-09abd]:main():lattice-oracle.cc:332) For utterance M481595491-47071132_1389194-481592521_922391906-GB-M-064, best cost 0
Lattice M481595491-47071132_1389194-481592521_922391906-GB-M-067 read.
LOG (lattice-oracle[5.5.480~1-09abd]:main():lattice-oracle.cc:318) %WER 0 [ 0 / 5, 0 insertions, 0 deletions, 0 sub ]
LOG (lattice-oracle[5.5.480~1-09abd]:main():lattice-oracle.cc:332) For utterance M481595491-47071132_1389194-481592521_922391906-GB-M-067, best cost 0
Lattice M481595491-47071132_1389194-481592521_922391906-GB-M-068 read.
LOG (lattice-oracle[5.5.480~1-09abd]:main():lattice-oracle.cc:318) %WER 25 [ 3 / 12, 0 insertions, 3 deletions, 0 sub ]
LOG (lattice-oracle[5.5.480~1-09abd]:main():lattice-oracle.cc:332) For utterance M481595491-47071132_1389194-481592521_922391906-GB-M-068, best cost 3
LOG (lattice-oracle[5.5.480~1-09abd]:main():lattice-oracle.cc:383) Overall %WER 17.9862 [ 418 / 2324, 37 insertions, 336 deletions, 45 substitutions ]
LOG (lattice-oracle[5.5.480~1-09abd]:main():lattice-oracle.cc:387) Scored 250 lattices, 0 not present in ref.
# Accounting: time=1 threads=1
# Ended (code 0) at Tue Sep 10 15:05:01 BST 2019, elapsed time 1 seconds
