# lattice-oracle "--write-lattices=ark:|gzip -c > exp/tri3b_cleaned/lattice_oracle/lat.38.gz" "ark:gunzip -c exp/tri3b_cleaned/lats/lat.38.gz |" "ark:utils/sym2int.pl --map-oov 239 -f 2- data/lang/words.txt data/train1/split40/38/text|" ark,t:- | utils/int2sym.pl -f 2- data/lang/words.txt > exp/tri3b_cleaned/lattice_oracle/oracle_hyp.38.txt 
# Started at Tue Sep 10 15:05:05 BST 2019
#
lattice-oracle '--write-lattices=ark:|gzip -c > exp/tri3b_cleaned/lattice_oracle/lat.38.gz' 'ark:gunzip -c exp/tri3b_cleaned/lats/lat.38.gz |' 'ark:utils/sym2int.pl --map-oov 239 -f 2- data/lang/words.txt data/train1/split40/38/text|' ark,t:- 
Lattice M756830524-3882144_3882144-756840361_1601689569-GB-M-023 read.
sym2int.pl: replacing VK'S with 239
sym2int.pl: replacing HUMILIATE with 239
sym2int.pl: replacing DEBILITATE with 239
sym2int.pl: replacing GUIADZALI with 239
sym2int.pl: replacing 13ON6 with 239
sym2int.pl: replacing OOOOOOOOO with 239
sym2int.pl: replacing OOOOOOOOO with 239
sym2int.pl: replacing OOOOOOOOO with 239
sym2int.pl: replacing TWIDDLING with 239
sym2int.pl: replacing SKIDLEDEEE with 239
sym2int.pl: replacing DEEE with 239
sym2int.pl: replacing SKIDLEDEEE with 239
sym2int.pl: replacing DEEE with 239
sym2int.pl: replacing TWIDDLING with 239
sym2int.pl: replacing TWIDDLING with 239
sym2int.pl: replacing SKIDLEDEEE with 239
sym2int.pl: replacing DEEE with 239
sym2int.pl: replacing TWIDDLING with 239
sym2int.pl: replacing SKIDLEDEEE with 239
sym2int.pl: replacing DEEE with 239
sym2int.pl: not warning for OOVs any more times
LOG (lattice-oracle[5.5.480~1-09abd]:main():lattice-oracle.cc:318) %WER 12.5 [ 1 / 8, 0 insertions, 1 deletions, 0 sub ]
LOG (lattice-oracle[5.5.480~1-09abd]:main():lattice-oracle.cc:332) For utterance M756830524-3882144_3882144-756840361_1601689569-GB-M-023, best cost 1
** Replaced 59 instances of OOVs with 239
Lattice M756830524-3882144_3882144-756840361_1601689569-GB-M-026 read.
LOG (lattice-oracle[5.5.480~1-09abd]:main():lattice-oracle.cc:318) %WER 35 [ 7 / 20, 2 insertions, 4 deletions, 1 sub ]
LOG (lattice-oracle[5.5.480~1-09abd]:main():lattice-oracle.cc:332) For utterance M756830524-3882144_3882144-756840361_1601689569-GB-M-026, best cost 7
Lattice M756830524-3882144_3882144-756840361_1601689569-GB-M-035 read.
LOG (lattice-oracle[5.5.480~1-09abd]:main():lattice-oracle.cc:318) %WER 21.4286 [ 3 / 14, 0 insertions, 2 deletions, 1 sub ]
LOG (lattice-oracle[5.5.480~1-09abd]:main():lattice-oracle.cc:332) For utterance M756830524-3882144_3882144-756840361_1601689569-GB-M-035, best cost 3
Lattice M756830524-3882144_3882144-756840361_1601689569-GB-M-044 read.
LOG (lattice-oracle[5.5.480~1-09abd]:main():lattice-oracle.cc:318) %WER 16.6667 [ 2 / 12, 0 insertions, 2 deletions, 0 sub ]
LOG (lattice-oracle[5.5.480~1-09abd]:main():lattice-oracle.cc:332) For utterance M756830524-3882144_3882144-756840361_1601689569-GB-M-044, best cost 2
Lattice M756830524-3882144_3882144-756840361_1601689569-GB-M-047 read.
LOG (lattice-oracle[5.5.480~1-09abd]:main():lattice-oracle.cc:318) %WER 85.7143 [ 6 / 7, 0 insertions, 2 deletions, 4 sub ]
LOG (lattice-oracle[5.5.480~1-09abd]:main():lattice-oracle.cc:332) For utterance M756830524-3882144_3882144-756840361_1601689569-GB-M-047, best cost 6
Lattice M756830524-3882144_3882144-756840361_1601689569-GB-M-049 read.
LOG (lattice-oracle[5.5.480~1-09abd]:main():lattice-oracle.cc:318) %WER 50 [ 3 / 6, 0 insertions, 0 deletions, 3 sub ]
LOG (lattice-oracle[5.5.480~1-09abd]:main():lattice-oracle.cc:332) For utterance M756830524-3882144_3882144-756840361_1601689569-GB-M-049, best cost 3
Lattice M756830524-3882144_3882144-756840361_1601689569-GB-M-055 read.
LOG (lattice-oracle[5.5.480~1-09abd]:main():lattice-oracle.cc:318) %WER 20 [ 1 / 5, 0 insertions, 1 deletions, 0 sub ]
LOG (lattice-oracle[5.5.480~1-09abd]:main():lattice-oracle.cc:332) For utterance M756830524-3882144_3882144-756840361_1601689569-GB-M-055, best cost 1
Lattice M756830524-3882144_3882144-756840361_1601689569-GB-M-058 read.
LOG (lattice-oracle[5.5.480~1-09abd]:main():lattice-oracle.cc:318) %WER 26.087 [ 6 / 23, 0 insertions, 2 deletions, 4 sub ]
LOG (lattice-oracle[5.5.480~1-09abd]:main():lattice-oracle.cc:332) For utterance M756830524-3882144_3882144-756840361_1601689569-GB-M-058, best cost 6
Lattice M756830524-3882144_3882144-756840361_1601689569-GB-M-065 read.
LOG (lattice-oracle[5.5.480~1-09abd]:main():lattice-oracle.cc:318) %WER 20 [ 2 / 10, 0 insertions, 2 deletions, 0 sub ]
LOG (lattice-oracle[5.5.480~1-09abd]:main():lattice-oracle.cc:332) For utterance M756830524-3882144_3882144-756840361_1601689569-GB-M-065, best cost 2
Lattice M756830524-3882144_3882144-756840361_1601689569-GB-M-067 read.
LOG (lattice-oracle[5.5.480~1-09abd]:main():lattice-oracle.cc:318) %WER 22.2222 [ 2 / 9, 0 insertions, 2 deletions, 0 sub ]
LOG (lattice-oracle[5.5.480~1-09abd]:main():lattice-oracle.cc:332) For utterance M756830524-3882144_3882144-756840361_1601689569-GB-M-067, best cost 2
Lattice M756830524-3882144_3882144-756840361_1601689569-GB-M-069 read.
LOG (lattice-oracle[5.5.480~1-09abd]:main():lattice-oracle.cc:318) %WER 10 [ 1 / 10, 0 insertions, 1 deletions, 0 sub ]
LOG (lattice-oracle[5.5.480~1-09abd]:main():lattice-oracle.cc:332) For utterance M756830524-3882144_3882144-756840361_1601689569-GB-M-069, best cost 1
Lattice M756830524-3882144_3882144-756840361_1601689569-GB-M-075 read.
LOG (lattice-oracle[5.5.480~1-09abd]:main():lattice-oracle.cc:318) %WER 31.5789 [ 6 / 19, 0 insertions, 3 deletions, 3 sub ]
LOG (lattice-oracle[5.5.480~1-09abd]:main():lattice-oracle.cc:332) For utterance M756830524-3882144_3882144-756840361_1601689569-GB-M-075, best cost 6
Lattice M756830524-3882144_3882144-756840361_1601689569-GB-M-079 read.
LOG (lattice-oracle[5.5.480~1-09abd]:main():lattice-oracle.cc:318) %WER 0 [ 0 / 21, 0 insertions, 0 deletions, 0 sub ]
LOG (lattice-oracle[5.5.480~1-09abd]:main():lattice-oracle.cc:332) For utterance M756830524-3882144_3882144-756840361_1601689569-GB-M-079, best cost 0
Lattice M756830524-3882144_3882144-756840361_1601689569-GB-M-083 read.
LOG (lattice-oracle[5.5.480~1-09abd]:main():lattice-oracle.cc:318) %WER 0 [ 0 / 23, 0 insertions, 0 deletions, 0 sub ]
LOG (lattice-oracle[5.5.480~1-09abd]:main():lattice-oracle.cc:332) For utterance M756830524-3882144_3882144-756840361_1601689569-GB-M-083, best cost 0
Lattice M756830524-3882144_3882144-756840361_1601689569-GB-M-097 read.
LOG (lattice-oracle[5.5.480~1-09abd]:main():lattice-oracle.cc:318) %WER 0 [ 0 / 10, 0 insertions, 0 deletions, 0 sub ]
LOG (lattice-oracle[5.5.480~1-09abd]:main():lattice-oracle.cc:332) For utterance M756830524-3882144_3882144-756840361_1601689569-GB-M-097, best cost 0
Lattice M756830524-3882144_3882144-756840361_1601689569-GB-M-099 read.
LOG (lattice-oracle[5.5.480~1-09abd]:main():lattice-oracle.cc:318) %WER 18.75 [ 6 / 32, 1 insertions, 2 deletions, 3 sub ]
LOG (lattice-oracle[5.5.480~1-09abd]:main():lattice-oracle.cc:332) For utterance M756830524-3882144_3882144-756840361_1601689569-GB-M-099, best cost 6
Lattice M756830524-3882144_3882144-756840361_1601689569-GB-M-121 read.
LOG (lattice-oracle[5.5.480~1-09abd]:main():lattice-oracle.cc:318) %WER 12.5 [ 3 / 24, 0 insertions, 3 deletions, 0 sub ]
LOG (lattice-oracle[5.5.480~1-09abd]:main():lattice-oracle.cc:332) For utterance M756830524-3882144_3882144-756840361_1601689569-GB-M-121, best cost 3
Lattice M756830524-3882144_3882144-756840361_1601689569-GB-M-130 read.
LOG (lattice-oracle[5.5.480~1-09abd]:main():lattice-oracle.cc:318) %WER 20 [ 1 / 5, 0 insertions, 1 deletions, 0 sub ]
LOG (lattice-oracle[5.5.480~1-09abd]:main():lattice-oracle.cc:332) For utterance M756830524-3882144_3882144-756840361_1601689569-GB-M-130, best cost 1
Lattice M756830524-3882144_3882144-756840361_1601689569-GB-M-133 read.
LOG (lattice-oracle[5.5.480~1-09abd]:main():lattice-oracle.cc:318) %WER 0 [ 0 / 15, 0 insertions, 0 deletions, 0 sub ]
LOG (lattice-oracle[5.5.480~1-09abd]:main():lattice-oracle.cc:332) For utterance M756830524-3882144_3882144-756840361_1601689569-GB-M-133, best cost 0
Lattice M756830524-3882144_3882144-756840361_1601689569-GB-M-139 read.
LOG (lattice-oracle[5.5.480~1-09abd]:main():lattice-oracle.cc:318) %WER 0 [ 0 / 5, 0 insertions, 0 deletions, 0 sub ]
LOG (lattice-oracle[5.5.480~1-09abd]:main():lattice-oracle.cc:332) For utterance M756830524-3882144_3882144-756840361_1601689569-GB-M-139, best cost 0
Lattice M756830524-3882144_3882144-756840361_1601689569-GB-M-140 read.
LOG (lattice-oracle[5.5.480~1-09abd]:main():lattice-oracle.cc:318) %WER 0 [ 0 / 7, 0 insertions, 0 deletions, 0 sub ]
LOG (lattice-oracle[5.5.480~1-09abd]:main():lattice-oracle.cc:332) For utterance M756830524-3882144_3882144-756840361_1601689569-GB-M-140, best cost 0
Lattice M756830524-3882144_3882144-756840361_1601689569-GB-M-142 read.
LOG (lattice-oracle[5.5.480~1-09abd]:main():lattice-oracle.cc:318) %WER 100 [ 3 / 3, 3 insertions, 0 deletions, 0 sub ]
LOG (lattice-oracle[5.5.480~1-09abd]:main():lattice-oracle.cc:332) For utterance M756830524-3882144_3882144-756840361_1601689569-GB-M-142, best cost 3
Lattice M756830524-3882144_3882144-756840361_1601689569-GB-M-144 read.
LOG (lattice-oracle[5.5.480~1-09abd]:main():lattice-oracle.cc:318) %WER 0 [ 0 / 7, 0 insertions, 0 deletions, 0 sub ]
LOG (lattice-oracle[5.5.480~1-09abd]:main():lattice-oracle.cc:332) For utterance M756830524-3882144_3882144-756840361_1601689569-GB-M-144, best cost 0
Lattice M756830524-3882144_3882144-756840361_1601689569-GB-M-146 read.
LOG (lattice-oracle[5.5.480~1-09abd]:main():lattice-oracle.cc:318) %WER 0 [ 0 / 13, 0 insertions, 0 deletions, 0 sub ]
LOG (lattice-oracle[5.5.480~1-09abd]:main():lattice-oracle.cc:332) For utterance M756830524-3882144_3882144-756840361_1601689569-GB-M-146, best cost 0
Lattice M756830524-3882144_3882144-756840361_1601689569-GB-M-155 read.
LOG (lattice-oracle[5.5.480~1-09abd]:main():lattice-oracle.cc:318) %WER 33.3333 [ 3 / 9, 0 insertions, 2 deletions, 1 sub ]
LOG (lattice-oracle[5.5.480~1-09abd]:main():lattice-oracle.cc:332) For utterance M756830524-3882144_3882144-756840361_1601689569-GB-M-155, best cost 3
Lattice M756830524-3882144_3882144-756840361_1601689569-GB-M-157 read.
LOG (lattice-oracle[5.5.480~1-09abd]:main():lattice-oracle.cc:318) %WER 47.3684 [ 9 / 19, 0 insertions, 7 deletions, 2 sub ]
LOG (lattice-oracle[5.5.480~1-09abd]:main():lattice-oracle.cc:332) For utterance M756830524-3882144_3882144-756840361_1601689569-GB-M-157, best cost 9
Lattice M756830524-3882144_3882144-756840361_1601689569-GB-M-162 read.
LOG (lattice-oracle[5.5.480~1-09abd]:main():lattice-oracle.cc:318) %WER 10 [ 1 / 10, 0 insertions, 1 deletions, 0 sub ]
LOG (lattice-oracle[5.5.480~1-09abd]:main():lattice-oracle.cc:332) For utterance M756830524-3882144_3882144-756840361_1601689569-GB-M-162, best cost 1
Lattice M76656935-206642969_198432-562774776_1604086068-GB-M-004 read.
LOG (lattice-oracle[5.5.480~1-09abd]:main():lattice-oracle.cc:318) %WER 20 [ 1 / 5, 0 insertions, 1 deletions, 0 sub ]
LOG (lattice-oracle[5.5.480~1-09abd]:main():lattice-oracle.cc:332) For utterance M76656935-206642969_198432-562774776_1604086068-GB-M-004, best cost 1
Lattice M76656935-206642969_198432-562774776_1604086068-GB-M-005 read.
LOG (lattice-oracle[5.5.480~1-09abd]:main():lattice-oracle.cc:318) %WER 25 [ 1 / 4, 0 insertions, 0 deletions, 1 sub ]
LOG (lattice-oracle[5.5.480~1-09abd]:main():lattice-oracle.cc:332) For utterance M76656935-206642969_198432-562774776_1604086068-GB-M-005, best cost 1
Lattice M76656935-206642969_198432-562774776_1604086068-GB-M-006 read.
LOG (lattice-oracle[5.5.480~1-09abd]:main():lattice-oracle.cc:318) %WER 0 [ 0 / 11, 0 insertions, 0 deletions, 0 sub ]
LOG (lattice-oracle[5.5.480~1-09abd]:main():lattice-oracle.cc:332) For utterance M76656935-206642969_198432-562774776_1604086068-GB-M-006, best cost 0
Lattice M76656935-206642969_198432-562774776_1604086068-GB-M-008 read.
LOG (lattice-oracle[5.5.480~1-09abd]:main():lattice-oracle.cc:318) %WER 0 [ 0 / 9, 0 insertions, 0 deletions, 0 sub ]
LOG (lattice-oracle[5.5.480~1-09abd]:main():lattice-oracle.cc:332) For utterance M76656935-206642969_198432-562774776_1604086068-GB-M-008, best cost 0
Lattice M76656935-206642969_198432-562774776_1604086068-GB-M-010 read.
LOG (lattice-oracle[5.5.480~1-09abd]:main():lattice-oracle.cc:318) %WER 0 [ 0 / 3, 0 insertions, 0 deletions, 0 sub ]
LOG (lattice-oracle[5.5.480~1-09abd]:main():lattice-oracle.cc:332) For utterance M76656935-206642969_198432-562774776_1604086068-GB-M-010, best cost 0
Lattice M76656935-206642969_198432-562774776_1604086068-GB-M-011 read.
LOG (lattice-oracle[5.5.480~1-09abd]:main():lattice-oracle.cc:318) %WER 0 [ 0 / 8, 0 insertions, 0 deletions, 0 sub ]
LOG (lattice-oracle[5.5.480~1-09abd]:main():lattice-oracle.cc:332) For utterance M76656935-206642969_198432-562774776_1604086068-GB-M-011, best cost 0
Lattice M76656935-206642969_198432-562774776_1604086068-GB-M-013 read.
LOG (lattice-oracle[5.5.480~1-09abd]:main():lattice-oracle.cc:318) %WER 14.2857 [ 1 / 7, 1 insertions, 0 deletions, 0 sub ]
LOG (lattice-oracle[5.5.480~1-09abd]:main():lattice-oracle.cc:332) For utterance M76656935-206642969_198432-562774776_1604086068-GB-M-013, best cost 1
Lattice M76656935-206642969_198432-562774776_1604086068-GB-M-015 read.
LOG (lattice-oracle[5.5.480~1-09abd]:main():lattice-oracle.cc:318) %WER 0 [ 0 / 9, 0 insertions, 0 deletions, 0 sub ]
LOG (lattice-oracle[5.5.480~1-09abd]:main():lattice-oracle.cc:332) For utterance M76656935-206642969_198432-562774776_1604086068-GB-M-015, best cost 0
Lattice M76656935-206642969_198432-562774776_1604086068-GB-M-018 read.
LOG (lattice-oracle[5.5.480~1-09abd]:main():lattice-oracle.cc:318) %WER 0 [ 0 / 4, 0 insertions, 0 deletions, 0 sub ]
LOG (lattice-oracle[5.5.480~1-09abd]:main():lattice-oracle.cc:332) For utterance M76656935-206642969_198432-562774776_1604086068-GB-M-018, best cost 0
Lattice M76656935-206642969_198432-562774776_1604086068-GB-M-019 read.
LOG (lattice-oracle[5.5.480~1-09abd]:main():lattice-oracle.cc:318) %WER 0 [ 0 / 5, 0 insertions, 0 deletions, 0 sub ]
LOG (lattice-oracle[5.5.480~1-09abd]:main():lattice-oracle.cc:332) For utterance M76656935-206642969_198432-562774776_1604086068-GB-M-019, best cost 0
Lattice M76656935-206642969_198432-562774776_1604086068-GB-M-020 read.
LOG (lattice-oracle[5.5.480~1-09abd]:main():lattice-oracle.cc:318) %WER 0 [ 0 / 4, 0 insertions, 0 deletions, 0 sub ]
LOG (lattice-oracle[5.5.480~1-09abd]:main():lattice-oracle.cc:332) For utterance M76656935-206642969_198432-562774776_1604086068-GB-M-020, best cost 0
Lattice M76656935-206642969_198432-562774776_1604086068-GB-M-022 read.
LOG (lattice-oracle[5.5.480~1-09abd]:main():lattice-oracle.cc:318) %WER 0 [ 0 / 7, 0 insertions, 0 deletions, 0 sub ]
LOG (lattice-oracle[5.5.480~1-09abd]:main():lattice-oracle.cc:332) For utterance M76656935-206642969_198432-562774776_1604086068-GB-M-022, best cost 0
Lattice M76656935-206642969_198432-562774776_1604086068-GB-M-023 read.
LOG (lattice-oracle[5.5.480~1-09abd]:main():lattice-oracle.cc:318) %WER 0 [ 0 / 7, 0 insertions, 0 deletions, 0 sub ]
LOG (lattice-oracle[5.5.480~1-09abd]:main():lattice-oracle.cc:332) For utterance M76656935-206642969_198432-562774776_1604086068-GB-M-023, best cost 0
Lattice M76656935-206642969_198432-562774776_1604086068-GB-M-024 read.
LOG (lattice-oracle[5.5.480~1-09abd]:main():lattice-oracle.cc:318) %WER 0 [ 0 / 9, 0 insertions, 0 deletions, 0 sub ]
LOG (lattice-oracle[5.5.480~1-09abd]:main():lattice-oracle.cc:332) For utterance M76656935-206642969_198432-562774776_1604086068-GB-M-024, best cost 0
Lattice M76656935-206642969_198432-562774776_1604086068-GB-M-025 read.
LOG (lattice-oracle[5.5.480~1-09abd]:main():lattice-oracle.cc:318) %WER 0 [ 0 / 8, 0 insertions, 0 deletions, 0 sub ]
LOG (lattice-oracle[5.5.480~1-09abd]:main():lattice-oracle.cc:332) For utterance M76656935-206642969_198432-562774776_1604086068-GB-M-025, best cost 0
Lattice M76656935-206642969_198432-562774776_1604086068-GB-M-027 read.
LOG (lattice-oracle[5.5.480~1-09abd]:main():lattice-oracle.cc:318) %WER 0 [ 0 / 4, 0 insertions, 0 deletions, 0 sub ]
LOG (lattice-oracle[5.5.480~1-09abd]:main():lattice-oracle.cc:332) For utterance M76656935-206642969_198432-562774776_1604086068-GB-M-027, best cost 0
Lattice M76656935-206642969_198432-562774776_1604086068-GB-M-028 read.
LOG (lattice-oracle[5.5.480~1-09abd]:main():lattice-oracle.cc:318) %WER 0 [ 0 / 5, 0 insertions, 0 deletions, 0 sub ]
LOG (lattice-oracle[5.5.480~1-09abd]:main():lattice-oracle.cc:332) For utterance M76656935-206642969_198432-562774776_1604086068-GB-M-028, best cost 0
Lattice M76656935-206642969_198432-562774776_1604086068-GB-M-029 read.
LOG (lattice-oracle[5.5.480~1-09abd]:main():lattice-oracle.cc:318) %WER 0 [ 0 / 4, 0 insertions, 0 deletions, 0 sub ]
LOG (lattice-oracle[5.5.480~1-09abd]:main():lattice-oracle.cc:332) For utterance M76656935-206642969_198432-562774776_1604086068-GB-M-029, best cost 0
Lattice M76656935-206642969_198432-562774776_1604086068-GB-M-031 read.
LOG (lattice-oracle[5.5.480~1-09abd]:main():lattice-oracle.cc:318) %WER 14.2857 [ 1 / 7, 0 insertions, 1 deletions, 0 sub ]
LOG (lattice-oracle[5.5.480~1-09abd]:main():lattice-oracle.cc:332) For utterance M76656935-206642969_198432-562774776_1604086068-GB-M-031, best cost 1
Lattice M76794689-4006504_4006504-111455070_1615279350-GB-M-075 read.
LOG (lattice-oracle[5.5.480~1-09abd]:main():lattice-oracle.cc:318) %WER 45.4545 [ 5 / 11, 0 insertions, 5 deletions, 0 sub ]
LOG (lattice-oracle[5.5.480~1-09abd]:main():lattice-oracle.cc:332) For utterance M76794689-4006504_4006504-111455070_1615279350-GB-M-075, best cost 5
Lattice M76794689-4006504_4006504-111455070_1615279350-GB-M-094 read.
LOG (lattice-oracle[5.5.480~1-09abd]:main():lattice-oracle.cc:318) %WER 14.2857 [ 3 / 21, 1 insertions, 0 deletions, 2 sub ]
LOG (lattice-oracle[5.5.480~1-09abd]:main():lattice-oracle.cc:332) For utterance M76794689-4006504_4006504-111455070_1615279350-GB-M-094, best cost 3
Lattice M76794689-4006504_4006504-111455070_1615279350-GB-M-101 read.
LOG (lattice-oracle[5.5.480~1-09abd]:main():lattice-oracle.cc:318) %WER 0 [ 0 / 4, 0 insertions, 0 deletions, 0 sub ]
LOG (lattice-oracle[5.5.480~1-09abd]:main():lattice-oracle.cc:332) For utterance M76794689-4006504_4006504-111455070_1615279350-GB-M-101, best cost 0
Lattice M784199980-3769810_3769810-1076542828_1566986798-GB-M-001 read.
LOG (lattice-oracle[5.5.480~1-09abd]:main():lattice-oracle.cc:318) %WER 25 [ 1 / 4, 0 insertions, 1 deletions, 0 sub ]
LOG (lattice-oracle[5.5.480~1-09abd]:main():lattice-oracle.cc:332) For utterance M784199980-3769810_3769810-1076542828_1566986798-GB-M-001, best cost 1
Lattice M784199980-3769810_3769810-1076542828_1566986798-GB-M-003 read.
LOG (lattice-oracle[5.5.480~1-09abd]:main():lattice-oracle.cc:318) %WER 0 [ 0 / 38, 0 insertions, 0 deletions, 0 sub ]
LOG (lattice-oracle[5.5.480~1-09abd]:main():lattice-oracle.cc:332) For utterance M784199980-3769810_3769810-1076542828_1566986798-GB-M-003, best cost 0
Lattice M784199980-3769810_3769810-1076542828_1566986798-GB-M-011 read.
LOG (lattice-oracle[5.5.480~1-09abd]:main():lattice-oracle.cc:318) %WER 20 [ 2 / 10, 1 insertions, 1 deletions, 0 sub ]
LOG (lattice-oracle[5.5.480~1-09abd]:main():lattice-oracle.cc:332) For utterance M784199980-3769810_3769810-1076542828_1566986798-GB-M-011, best cost 2
Lattice M789152069-280516901_335575-1013358714_1590992024-GB-M-002 read.
LOG (lattice-oracle[5.5.480~1-09abd]:main():lattice-oracle.cc:318) %WER 83.3333 [ 5 / 6, 0 insertions, 5 deletions, 0 sub ]
LOG (lattice-oracle[5.5.480~1-09abd]:main():lattice-oracle.cc:332) For utterance M789152069-280516901_335575-1013358714_1590992024-GB-M-002, best cost 5
Lattice M789152069-280516901_335575-1013358714_1590992024-GB-M-005 read.
LOG (lattice-oracle[5.5.480~1-09abd]:main():lattice-oracle.cc:318) %WER 14.2857 [ 1 / 7, 0 insertions, 0 deletions, 1 sub ]
LOG (lattice-oracle[5.5.480~1-09abd]:main():lattice-oracle.cc:332) For utterance M789152069-280516901_335575-1013358714_1590992024-GB-M-005, best cost 1
Lattice M789152069-280516901_335575-1013358714_1590992024-GB-M-006 read.
LOG (lattice-oracle[5.5.480~1-09abd]:main():lattice-oracle.cc:318) %WER 0 [ 0 / 7, 0 insertions, 0 deletions, 0 sub ]
LOG (lattice-oracle[5.5.480~1-09abd]:main():lattice-oracle.cc:332) For utterance M789152069-280516901_335575-1013358714_1590992024-GB-M-006, best cost 0
Lattice M789152069-280516901_335575-1013358714_1590992024-GB-M-008 read.
LOG (lattice-oracle[5.5.480~1-09abd]:main():lattice-oracle.cc:318) %WER 0 [ 0 / 4, 0 insertions, 0 deletions, 0 sub ]
LOG (lattice-oracle[5.5.480~1-09abd]:main():lattice-oracle.cc:332) For utterance M789152069-280516901_335575-1013358714_1590992024-GB-M-008, best cost 0
Lattice M789152069-280516901_335575-1013358714_1590992024-GB-M-009 read.
LOG (lattice-oracle[5.5.480~1-09abd]:main():lattice-oracle.cc:318) %WER 0 [ 0 / 7, 0 insertions, 0 deletions, 0 sub ]
LOG (lattice-oracle[5.5.480~1-09abd]:main():lattice-oracle.cc:332) For utterance M789152069-280516901_335575-1013358714_1590992024-GB-M-009, best cost 0
Lattice M789152069-280516901_335575-1013358714_1590992024-GB-M-010 read.
LOG (lattice-oracle[5.5.480~1-09abd]:main():lattice-oracle.cc:318) %WER 0 [ 0 / 9, 0 insertions, 0 deletions, 0 sub ]
LOG (lattice-oracle[5.5.480~1-09abd]:main():lattice-oracle.cc:332) For utterance M789152069-280516901_335575-1013358714_1590992024-GB-M-010, best cost 0
Lattice M789152069-280516901_335575-1013358714_1590992024-GB-M-012 read.
LOG (lattice-oracle[5.5.480~1-09abd]:main():lattice-oracle.cc:318) %WER 20 [ 1 / 5, 1 insertions, 0 deletions, 0 sub ]
LOG (lattice-oracle[5.5.480~1-09abd]:main():lattice-oracle.cc:332) For utterance M789152069-280516901_335575-1013358714_1590992024-GB-M-012, best cost 1
Lattice M789152069-280516901_335575-1013358714_1590992024-GB-M-013 read.
LOG (lattice-oracle[5.5.480~1-09abd]:main():lattice-oracle.cc:318) %WER 0 [ 0 / 4, 0 insertions, 0 deletions, 0 sub ]
LOG (lattice-oracle[5.5.480~1-09abd]:main():lattice-oracle.cc:332) For utterance M789152069-280516901_335575-1013358714_1590992024-GB-M-013, best cost 0
Lattice M789152069-280516901_335575-1013358714_1590992024-GB-M-015 read.
LOG (lattice-oracle[5.5.480~1-09abd]:main():lattice-oracle.cc:318) %WER 0 [ 0 / 4, 0 insertions, 0 deletions, 0 sub ]
LOG (lattice-oracle[5.5.480~1-09abd]:main():lattice-oracle.cc:332) For utterance M789152069-280516901_335575-1013358714_1590992024-GB-M-015, best cost 0
Lattice M789152069-280516901_335575-1013358714_1590992024-GB-M-025 read.
LOG (lattice-oracle[5.5.480~1-09abd]:main():lattice-oracle.cc:318) %WER 0 [ 0 / 5, 0 insertions, 0 deletions, 0 sub ]
LOG (lattice-oracle[5.5.480~1-09abd]:main():lattice-oracle.cc:332) For utterance M789152069-280516901_335575-1013358714_1590992024-GB-M-025, best cost 0
Lattice M789152069-280516901_335575-1013358714_1590992024-GB-M-026 read.
LOG (lattice-oracle[5.5.480~1-09abd]:main():lattice-oracle.cc:318) %WER 20 [ 1 / 5, 1 insertions, 0 deletions, 0 sub ]
LOG (lattice-oracle[5.5.480~1-09abd]:main():lattice-oracle.cc:332) For utterance M789152069-280516901_335575-1013358714_1590992024-GB-M-026, best cost 1
Lattice M789152069-280516901_335575-1013358714_1590992024-GB-M-027 read.
LOG (lattice-oracle[5.5.480~1-09abd]:main():lattice-oracle.cc:318) %WER 0 [ 0 / 3, 0 insertions, 0 deletions, 0 sub ]
LOG (lattice-oracle[5.5.480~1-09abd]:main():lattice-oracle.cc:332) For utterance M789152069-280516901_335575-1013358714_1590992024-GB-M-027, best cost 0
Lattice M789152069-280516901_335575-1013358714_1590992024-GB-M-028 read.
LOG (lattice-oracle[5.5.480~1-09abd]:main():lattice-oracle.cc:318) %WER 0 [ 0 / 3, 0 insertions, 0 deletions, 0 sub ]
LOG (lattice-oracle[5.5.480~1-09abd]:main():lattice-oracle.cc:332) For utterance M789152069-280516901_335575-1013358714_1590992024-GB-M-028, best cost 0
Lattice M789152069-280516901_335575-1013358714_1590992024-GB-M-030 read.
LOG (lattice-oracle[5.5.480~1-09abd]:main():lattice-oracle.cc:318) %WER 0 [ 0 / 5, 0 insertions, 0 deletions, 0 sub ]
LOG (lattice-oracle[5.5.480~1-09abd]:main():lattice-oracle.cc:332) For utterance M789152069-280516901_335575-1013358714_1590992024-GB-M-030, best cost 0
Lattice M789152069-280516901_335575-1013358714_1590992024-GB-M-036 read.
LOG (lattice-oracle[5.5.480~1-09abd]:main():lattice-oracle.cc:318) %WER 0 [ 0 / 5, 0 insertions, 0 deletions, 0 sub ]
LOG (lattice-oracle[5.5.480~1-09abd]:main():lattice-oracle.cc:332) For utterance M789152069-280516901_335575-1013358714_1590992024-GB-M-036, best cost 0
Lattice M789152069-280516901_335575-1013358714_1590992024-GB-M-037 read.
LOG (lattice-oracle[5.5.480~1-09abd]:main():lattice-oracle.cc:318) %WER 0 [ 0 / 5, 0 insertions, 0 deletions, 0 sub ]
LOG (lattice-oracle[5.5.480~1-09abd]:main():lattice-oracle.cc:332) For utterance M789152069-280516901_335575-1013358714_1590992024-GB-M-037, best cost 0
Lattice M789152069-280516901_335575-1013358714_1590992024-GB-M-038 read.
LOG (lattice-oracle[5.5.480~1-09abd]:main():lattice-oracle.cc:318) %WER 0 [ 0 / 3, 0 insertions, 0 deletions, 0 sub ]
LOG (lattice-oracle[5.5.480~1-09abd]:main():lattice-oracle.cc:332) For utterance M789152069-280516901_335575-1013358714_1590992024-GB-M-038, best cost 0
Lattice M789152069-280516901_335575-1013358714_1590992024-GB-M-039 read.
LOG (lattice-oracle[5.5.480~1-09abd]:main():lattice-oracle.cc:318) %WER 0 [ 0 / 3, 0 insertions, 0 deletions, 0 sub ]
LOG (lattice-oracle[5.5.480~1-09abd]:main():lattice-oracle.cc:332) For utterance M789152069-280516901_335575-1013358714_1590992024-GB-M-039, best cost 0
Lattice M789152069-280516901_335575-1013358714_1590992024-GB-M-041 read.
LOG (lattice-oracle[5.5.480~1-09abd]:main():lattice-oracle.cc:318) %WER 0 [ 0 / 9, 0 insertions, 0 deletions, 0 sub ]
LOG (lattice-oracle[5.5.480~1-09abd]:main():lattice-oracle.cc:332) For utterance M789152069-280516901_335575-1013358714_1590992024-GB-M-041, best cost 0
Lattice M789152069-280516901_335575-1013358714_1590992024-GB-M-043 read.
LOG (lattice-oracle[5.5.480~1-09abd]:main():lattice-oracle.cc:318) %WER 0 [ 0 / 4, 0 insertions, 0 deletions, 0 sub ]
LOG (lattice-oracle[5.5.480~1-09abd]:main():lattice-oracle.cc:332) For utterance M789152069-280516901_335575-1013358714_1590992024-GB-M-043, best cost 0
Lattice M789152069-280516901_335575-1013358714_1590992024-GB-M-044 read.
LOG (lattice-oracle[5.5.480~1-09abd]:main():lattice-oracle.cc:318) %WER 0 [ 0 / 3, 0 insertions, 0 deletions, 0 sub ]
LOG (lattice-oracle[5.5.480~1-09abd]:main():lattice-oracle.cc:332) For utterance M789152069-280516901_335575-1013358714_1590992024-GB-M-044, best cost 0
Lattice M789152069-280516901_335575-1013358714_1590992024-GB-M-046 read.
LOG (lattice-oracle[5.5.480~1-09abd]:main():lattice-oracle.cc:318) %WER 0 [ 0 / 4, 0 insertions, 0 deletions, 0 sub ]
LOG (lattice-oracle[5.5.480~1-09abd]:main():lattice-oracle.cc:332) For utterance M789152069-280516901_335575-1013358714_1590992024-GB-M-046, best cost 0
Lattice M789152069-280516901_335575-1013358714_1590992024-GB-M-047 read.
LOG (lattice-oracle[5.5.480~1-09abd]:main():lattice-oracle.cc:318) %WER 0 [ 0 / 1, 0 insertions, 0 deletions, 0 sub ]
LOG (lattice-oracle[5.5.480~1-09abd]:main():lattice-oracle.cc:332) For utterance M789152069-280516901_335575-1013358714_1590992024-GB-M-047, best cost 0
Lattice M789152069-280516901_335575-1013358714_1590992024-GB-M-048 read.
LOG (lattice-oracle[5.5.480~1-09abd]:main():lattice-oracle.cc:318) %WER 0 [ 0 / 1, 0 insertions, 0 deletions, 0 sub ]
LOG (lattice-oracle[5.5.480~1-09abd]:main():lattice-oracle.cc:332) For utterance M789152069-280516901_335575-1013358714_1590992024-GB-M-048, best cost 0
Lattice M789152069-280516901_335575-1013358714_1590992024-GB-M-050 read.
LOG (lattice-oracle[5.5.480~1-09abd]:main():lattice-oracle.cc:318) %WER 0 [ 0 / 1, 0 insertions, 0 deletions, 0 sub ]
LOG (lattice-oracle[5.5.480~1-09abd]:main():lattice-oracle.cc:332) For utterance M789152069-280516901_335575-1013358714_1590992024-GB-M-050, best cost 0
Lattice M789152069-366321445_93137-630456361_1549977002-GB-M-013 read.
LOG (lattice-oracle[5.5.480~1-09abd]:main():lattice-oracle.cc:318) %WER 0 [ 0 / 16, 0 insertions, 0 deletions, 0 sub ]
LOG (lattice-oracle[5.5.480~1-09abd]:main():lattice-oracle.cc:332) For utterance M789152069-366321445_93137-630456361_1549977002-GB-M-013, best cost 0
Lattice M789152069-366321445_93137-630456361_1549977002-GB-M-015 read.
LOG (lattice-oracle[5.5.480~1-09abd]:main():lattice-oracle.cc:318) %WER 0 [ 0 / 14, 0 insertions, 0 deletions, 0 sub ]
LOG (lattice-oracle[5.5.480~1-09abd]:main():lattice-oracle.cc:332) For utterance M789152069-366321445_93137-630456361_1549977002-GB-M-015, best cost 0
Lattice M789152069-366321445_93137-630456361_1549977002-GB-M-017 read.
LOG (lattice-oracle[5.5.480~1-09abd]:main():lattice-oracle.cc:318) %WER 20 [ 1 / 5, 0 insertions, 1 deletions, 0 sub ]
LOG (lattice-oracle[5.5.480~1-09abd]:main():lattice-oracle.cc:332) For utterance M789152069-366321445_93137-630456361_1549977002-GB-M-017, best cost 1
Lattice M789152069-366321445_93137-630456361_1549977002-GB-M-019 read.
LOG (lattice-oracle[5.5.480~1-09abd]:main():lattice-oracle.cc:318) %WER 12.5 [ 1 / 8, 1 insertions, 0 deletions, 0 sub ]
LOG (lattice-oracle[5.5.480~1-09abd]:main():lattice-oracle.cc:332) For utterance M789152069-366321445_93137-630456361_1549977002-GB-M-019, best cost 1
Lattice M789152069-366321445_93137-630456361_1549977002-GB-M-028 read.
LOG (lattice-oracle[5.5.480~1-09abd]:main():lattice-oracle.cc:318) %WER 25 [ 1 / 4, 0 insertions, 1 deletions, 0 sub ]
LOG (lattice-oracle[5.5.480~1-09abd]:main():lattice-oracle.cc:332) For utterance M789152069-366321445_93137-630456361_1549977002-GB-M-028, best cost 1
Lattice M789152069-366321445_93137-630456361_1549977002-GB-M-029 read.
LOG (lattice-oracle[5.5.480~1-09abd]:main():lattice-oracle.cc:318) %WER 50 [ 3 / 6, 1 insertions, 2 deletions, 0 sub ]
LOG (lattice-oracle[5.5.480~1-09abd]:main():lattice-oracle.cc:332) For utterance M789152069-366321445_93137-630456361_1549977002-GB-M-029, best cost 3
Lattice M789152069-366321445_93137-630456361_1549977002-GB-M-031 read.
LOG (lattice-oracle[5.5.480~1-09abd]:main():lattice-oracle.cc:318) %WER 83.3333 [ 5 / 6, 5 insertions, 0 deletions, 0 sub ]
LOG (lattice-oracle[5.5.480~1-09abd]:main():lattice-oracle.cc:332) For utterance M789152069-366321445_93137-630456361_1549977002-GB-M-031, best cost 5
Lattice M789152069-366321445_93137-630456361_1549977002-GB-M-039 read.
LOG (lattice-oracle[5.5.480~1-09abd]:main():lattice-oracle.cc:318) %WER 0 [ 0 / 10, 0 insertions, 0 deletions, 0 sub ]
LOG (lattice-oracle[5.5.480~1-09abd]:main():lattice-oracle.cc:332) For utterance M789152069-366321445_93137-630456361_1549977002-GB-M-039, best cost 0
Lattice M789152069-366321445_93137-630456361_1549977002-GB-M-041 read.
LOG (lattice-oracle[5.5.480~1-09abd]:main():lattice-oracle.cc:318) %WER 0 [ 0 / 10, 0 insertions, 0 deletions, 0 sub ]
LOG (lattice-oracle[5.5.480~1-09abd]:main():lattice-oracle.cc:332) For utterance M789152069-366321445_93137-630456361_1549977002-GB-M-041, best cost 0
Lattice M789152069-366321445_93137-630456361_1549977002-GB-M-043 read.
LOG (lattice-oracle[5.5.480~1-09abd]:main():lattice-oracle.cc:318) %WER 0 [ 0 / 17, 0 insertions, 0 deletions, 0 sub ]
LOG (lattice-oracle[5.5.480~1-09abd]:main():lattice-oracle.cc:332) For utterance M789152069-366321445_93137-630456361_1549977002-GB-M-043, best cost 0
Lattice M789152069-366321445_93137-630456361_1549977002-GB-M-051 read.
LOG (lattice-oracle[5.5.480~1-09abd]:main():lattice-oracle.cc:318) %WER 0 [ 0 / 11, 0 insertions, 0 deletions, 0 sub ]
LOG (lattice-oracle[5.5.480~1-09abd]:main():lattice-oracle.cc:332) For utterance M789152069-366321445_93137-630456361_1549977002-GB-M-051, best cost 0
Lattice M789152069-366321445_93137-630456361_1549977002-GB-M-054 read.
LOG (lattice-oracle[5.5.480~1-09abd]:main():lattice-oracle.cc:318) %WER 0 [ 0 / 6, 0 insertions, 0 deletions, 0 sub ]
LOG (lattice-oracle[5.5.480~1-09abd]:main():lattice-oracle.cc:332) For utterance M789152069-366321445_93137-630456361_1549977002-GB-M-054, best cost 0
Lattice M789152069-366321445_93137-630456361_1549977002-GB-M-055 read.
LOG (lattice-oracle[5.5.480~1-09abd]:main():lattice-oracle.cc:318) %WER 0 [ 0 / 11, 0 insertions, 0 deletions, 0 sub ]
LOG (lattice-oracle[5.5.480~1-09abd]:main():lattice-oracle.cc:332) For utterance M789152069-366321445_93137-630456361_1549977002-GB-M-055, best cost 0
Lattice M789152069-366321445_93137-630456361_1549977002-GB-M-057 read.
LOG (lattice-oracle[5.5.480~1-09abd]:main():lattice-oracle.cc:318) %WER 0 [ 0 / 8, 0 insertions, 0 deletions, 0 sub ]
LOG (lattice-oracle[5.5.480~1-09abd]:main():lattice-oracle.cc:332) For utterance M789152069-366321445_93137-630456361_1549977002-GB-M-057, best cost 0
Lattice M789152069-366321445_93137-630456361_1549977002-GB-M-059 read.
LOG (lattice-oracle[5.5.480~1-09abd]:main():lattice-oracle.cc:318) %WER 0 [ 0 / 8, 0 insertions, 0 deletions, 0 sub ]
LOG (lattice-oracle[5.5.480~1-09abd]:main():lattice-oracle.cc:332) For utterance M789152069-366321445_93137-630456361_1549977002-GB-M-059, best cost 0
Lattice M789152069-3770532_3770532-907228130_1584383503-GB-M-003 read.
LOG (lattice-oracle[5.5.480~1-09abd]:main():lattice-oracle.cc:318) %WER 57.1429 [ 4 / 7, 3 insertions, 0 deletions, 1 sub ]
LOG (lattice-oracle[5.5.480~1-09abd]:main():lattice-oracle.cc:332) For utterance M789152069-3770532_3770532-907228130_1584383503-GB-M-003, best cost 4
Lattice M790937062-3771284_3771284-1119534047_1167991900-GB-M-001 read.
LOG (lattice-oracle[5.5.480~1-09abd]:main():lattice-oracle.cc:318) %WER 50 [ 4 / 8, 2 insertions, 2 deletions, 0 sub ]
LOG (lattice-oracle[5.5.480~1-09abd]:main():lattice-oracle.cc:332) For utterance M790937062-3771284_3771284-1119534047_1167991900-GB-M-001, best cost 4
Lattice M790937062-3771284_3771284-1119534047_1167991900-GB-M-002 read.
LOG (lattice-oracle[5.5.480~1-09abd]:main():lattice-oracle.cc:318) %WER 38.4615 [ 5 / 13, 0 insertions, 5 deletions, 0 sub ]
LOG (lattice-oracle[5.5.480~1-09abd]:main():lattice-oracle.cc:332) For utterance M790937062-3771284_3771284-1119534047_1167991900-GB-M-002, best cost 5
Lattice M790937062-3771284_3771284-1119534047_1167991900-GB-M-005 read.
LOG (lattice-oracle[5.5.480~1-09abd]:main():lattice-oracle.cc:318) %WER 28 [ 7 / 25, 0 insertions, 7 deletions, 0 sub ]
LOG (lattice-oracle[5.5.480~1-09abd]:main():lattice-oracle.cc:332) For utterance M790937062-3771284_3771284-1119534047_1167991900-GB-M-005, best cost 7
Lattice M790937062-3771284_3771284-1119534047_1167991900-GB-M-009 read.
LOG (lattice-oracle[5.5.480~1-09abd]:main():lattice-oracle.cc:318) %WER 20 [ 2 / 10, 1 insertions, 1 deletions, 0 sub ]
LOG (lattice-oracle[5.5.480~1-09abd]:main():lattice-oracle.cc:332) For utterance M790937062-3771284_3771284-1119534047_1167991900-GB-M-009, best cost 2
Lattice M790937062-3771284_3771284-1119534047_1167991900-GB-M-013 read.
LOG (lattice-oracle[5.5.480~1-09abd]:main():lattice-oracle.cc:318) %WER 0 [ 0 / 12, 0 insertions, 0 deletions, 0 sub ]
LOG (lattice-oracle[5.5.480~1-09abd]:main():lattice-oracle.cc:332) For utterance M790937062-3771284_3771284-1119534047_1167991900-GB-M-013, best cost 0
Lattice M790937062-3771284_3771284-1119534047_1167991900-GB-M-016 read.
LOG (lattice-oracle[5.5.480~1-09abd]:main():lattice-oracle.cc:318) %WER 100 [ 5 / 5, 0 insertions, 1 deletions, 4 sub ]
LOG (lattice-oracle[5.5.480~1-09abd]:main():lattice-oracle.cc:332) For utterance M790937062-3771284_3771284-1119534047_1167991900-GB-M-016, best cost 5
Lattice M790937062-3771284_3771284-1119534047_1167991900-GB-M-017 read.
LOG (lattice-oracle[5.5.480~1-09abd]:main():lattice-oracle.cc:318) %WER 100 [ 8 / 8, 0 insertions, 0 deletions, 8 sub ]
LOG (lattice-oracle[5.5.480~1-09abd]:main():lattice-oracle.cc:332) For utterance M790937062-3771284_3771284-1119534047_1167991900-GB-M-017, best cost 8
Lattice M790937062-3771284_3771284-1119534047_1167991900-GB-M-019 read.
LOG (lattice-oracle[5.5.480~1-09abd]:main():lattice-oracle.cc:318) %WER 0 [ 0 / 12, 0 insertions, 0 deletions, 0 sub ]
LOG (lattice-oracle[5.5.480~1-09abd]:main():lattice-oracle.cc:332) For utterance M790937062-3771284_3771284-1119534047_1167991900-GB-M-019, best cost 0
Lattice M790937062-3771284_3771284-1119534047_1167991900-GB-M-023 read.
LOG (lattice-oracle[5.5.480~1-09abd]:main():lattice-oracle.cc:318) %WER 0 [ 0 / 24, 0 insertions, 0 deletions, 0 sub ]
LOG (lattice-oracle[5.5.480~1-09abd]:main():lattice-oracle.cc:332) For utterance M790937062-3771284_3771284-1119534047_1167991900-GB-M-023, best cost 0
Lattice M790937062-3771284_3771284-1119534047_1167991900-GB-M-027 read.
LOG (lattice-oracle[5.5.480~1-09abd]:main():lattice-oracle.cc:318) %WER 3.84615 [ 1 / 26, 0 insertions, 1 deletions, 0 sub ]
LOG (lattice-oracle[5.5.480~1-09abd]:main():lattice-oracle.cc:332) For utterance M790937062-3771284_3771284-1119534047_1167991900-GB-M-027, best cost 1
Lattice M790937062-3771284_3771284-1119534047_1167991900-GB-M-031 read.
LOG (lattice-oracle[5.5.480~1-09abd]:main():lattice-oracle.cc:318) %WER 0 [ 0 / 12, 0 insertions, 0 deletions, 0 sub ]
LOG (lattice-oracle[5.5.480~1-09abd]:main():lattice-oracle.cc:332) For utterance M790937062-3771284_3771284-1119534047_1167991900-GB-M-031, best cost 0
Lattice M790937062-3771284_3771284-1119534047_1167991900-GB-M-033 read.
LOG (lattice-oracle[5.5.480~1-09abd]:main():lattice-oracle.cc:318) %WER 8.33333 [ 1 / 12, 1 insertions, 0 deletions, 0 sub ]
LOG (lattice-oracle[5.5.480~1-09abd]:main():lattice-oracle.cc:332) For utterance M790937062-3771284_3771284-1119534047_1167991900-GB-M-033, best cost 1
Lattice M790937062-3771284_3771284-1119534047_1167991900-GB-M-035 read.
LOG (lattice-oracle[5.5.480~1-09abd]:main():lattice-oracle.cc:318) %WER 57.1429 [ 4 / 7, 4 insertions, 0 deletions, 0 sub ]
LOG (lattice-oracle[5.5.480~1-09abd]:main():lattice-oracle.cc:332) For utterance M790937062-3771284_3771284-1119534047_1167991900-GB-M-035, best cost 4
Lattice M790937062-3771284_3771284-1119534047_1167991900-GB-M-036 read.
LOG (lattice-oracle[5.5.480~1-09abd]:main():lattice-oracle.cc:318) %WER 100 [ 5 / 5, 0 insertions, 0 deletions, 5 sub ]
LOG (lattice-oracle[5.5.480~1-09abd]:main():lattice-oracle.cc:332) For utterance M790937062-3771284_3771284-1119534047_1167991900-GB-M-036, best cost 5
Lattice M790937062-3771284_3771284-1119534047_1167991900-GB-M-038 read.
LOG (lattice-oracle[5.5.480~1-09abd]:main():lattice-oracle.cc:318) %WER 33.3333 [ 3 / 9, 0 insertions, 0 deletions, 3 sub ]
LOG (lattice-oracle[5.5.480~1-09abd]:main():lattice-oracle.cc:332) For utterance M790937062-3771284_3771284-1119534047_1167991900-GB-M-038, best cost 3
Lattice M790937062-3771284_3771284-1119534047_1167991900-GB-M-041 read.
LOG (lattice-oracle[5.5.480~1-09abd]:main():lattice-oracle.cc:318) %WER 14.8148 [ 12 / 81, 3 insertions, 3 deletions, 6 sub ]
LOG (lattice-oracle[5.5.480~1-09abd]:main():lattice-oracle.cc:332) For utterance M790937062-3771284_3771284-1119534047_1167991900-GB-M-041, best cost 12
Lattice M816941465-388639153_112523-816951156_1580353448-GB-M-001 read.
LOG (lattice-oracle[5.5.480~1-09abd]:main():lattice-oracle.cc:318) %WER 0 [ 0 / 8, 0 insertions, 0 deletions, 0 sub ]
LOG (lattice-oracle[5.5.480~1-09abd]:main():lattice-oracle.cc:332) For utterance M816941465-388639153_112523-816951156_1580353448-GB-M-001, best cost 0
Lattice M816941465-388639153_112523-816951156_1580353448-GB-M-002 read.
LOG (lattice-oracle[5.5.480~1-09abd]:main():lattice-oracle.cc:318) %WER 0 [ 0 / 8, 0 insertions, 0 deletions, 0 sub ]
LOG (lattice-oracle[5.5.480~1-09abd]:main():lattice-oracle.cc:332) For utterance M816941465-388639153_112523-816951156_1580353448-GB-M-002, best cost 0
Lattice M816941465-388639153_112523-816951156_1580353448-GB-M-003 read.
LOG (lattice-oracle[5.5.480~1-09abd]:main():lattice-oracle.cc:318) %WER 0 [ 0 / 7, 0 insertions, 0 deletions, 0 sub ]
LOG (lattice-oracle[5.5.480~1-09abd]:main():lattice-oracle.cc:332) For utterance M816941465-388639153_112523-816951156_1580353448-GB-M-003, best cost 0
Lattice M816941465-388639153_112523-816951156_1580353448-GB-M-005 read.
LOG (lattice-oracle[5.5.480~1-09abd]:main():lattice-oracle.cc:318) %WER 0 [ 0 / 6, 0 insertions, 0 deletions, 0 sub ]
LOG (lattice-oracle[5.5.480~1-09abd]:main():lattice-oracle.cc:332) For utterance M816941465-388639153_112523-816951156_1580353448-GB-M-005, best cost 0
Lattice M816941465-388639153_112523-816951156_1580353448-GB-M-012 read.
LOG (lattice-oracle[5.5.480~1-09abd]:main():lattice-oracle.cc:318) %WER 66.6667 [ 4 / 6, 0 insertions, 3 deletions, 1 sub ]
LOG (lattice-oracle[5.5.480~1-09abd]:main():lattice-oracle.cc:332) For utterance M816941465-388639153_112523-816951156_1580353448-GB-M-012, best cost 4
Lattice M816941465-388639153_112523-816951156_1580353448-GB-M-014 read.
LOG (lattice-oracle[5.5.480~1-09abd]:main():lattice-oracle.cc:318) %WER 80 [ 4 / 5, 0 insertions, 4 deletions, 0 sub ]
LOG (lattice-oracle[5.5.480~1-09abd]:main():lattice-oracle.cc:332) For utterance M816941465-388639153_112523-816951156_1580353448-GB-M-014, best cost 4
Lattice M816941465-388639153_112523-816951156_1580353448-GB-M-015 read.
LOG (lattice-oracle[5.5.480~1-09abd]:main():lattice-oracle.cc:318) %WER 0 [ 0 / 7, 0 insertions, 0 deletions, 0 sub ]
LOG (lattice-oracle[5.5.480~1-09abd]:main():lattice-oracle.cc:332) For utterance M816941465-388639153_112523-816951156_1580353448-GB-M-015, best cost 0
Lattice M816941465-388639153_112523-816951156_1580353448-GB-M-016 read.
LOG (lattice-oracle[5.5.480~1-09abd]:main():lattice-oracle.cc:318) %WER 44.4444 [ 4 / 9, 0 insertions, 3 deletions, 1 sub ]
LOG (lattice-oracle[5.5.480~1-09abd]:main():lattice-oracle.cc:332) For utterance M816941465-388639153_112523-816951156_1580353448-GB-M-016, best cost 4
Lattice M816941465-388639153_112523-816951156_1580353448-GB-M-019 read.
LOG (lattice-oracle[5.5.480~1-09abd]:main():lattice-oracle.cc:318) %WER 0 [ 0 / 8, 0 insertions, 0 deletions, 0 sub ]
LOG (lattice-oracle[5.5.480~1-09abd]:main():lattice-oracle.cc:332) For utterance M816941465-388639153_112523-816951156_1580353448-GB-M-019, best cost 0
Lattice M816941465-388639153_112523-816951156_1580353448-GB-M-020 read.
LOG (lattice-oracle[5.5.480~1-09abd]:main():lattice-oracle.cc:318) %WER 0 [ 0 / 8, 0 insertions, 0 deletions, 0 sub ]
LOG (lattice-oracle[5.5.480~1-09abd]:main():lattice-oracle.cc:332) For utterance M816941465-388639153_112523-816951156_1580353448-GB-M-020, best cost 0
Lattice M816941465-388639153_112523-816951156_1580353448-GB-M-021 read.
LOG (lattice-oracle[5.5.480~1-09abd]:main():lattice-oracle.cc:318) %WER 0 [ 0 / 7, 0 insertions, 0 deletions, 0 sub ]
LOG (lattice-oracle[5.5.480~1-09abd]:main():lattice-oracle.cc:332) For utterance M816941465-388639153_112523-816951156_1580353448-GB-M-021, best cost 0
Lattice M816941465-388639153_112523-816951156_1580353448-GB-M-024 read.
LOG (lattice-oracle[5.5.480~1-09abd]:main():lattice-oracle.cc:318) %WER 0 [ 0 / 14, 0 insertions, 0 deletions, 0 sub ]
LOG (lattice-oracle[5.5.480~1-09abd]:main():lattice-oracle.cc:332) For utterance M816941465-388639153_112523-816951156_1580353448-GB-M-024, best cost 0
Lattice M816941465-388639153_112523-816951156_1580353448-GB-M-026 read.
LOG (lattice-oracle[5.5.480~1-09abd]:main():lattice-oracle.cc:318) %WER 0 [ 0 / 6, 0 insertions, 0 deletions, 0 sub ]
LOG (lattice-oracle[5.5.480~1-09abd]:main():lattice-oracle.cc:332) For utterance M816941465-388639153_112523-816951156_1580353448-GB-M-026, best cost 0
Lattice M816941465-388639153_112523-816951156_1580353448-GB-M-031 read.
LOG (lattice-oracle[5.5.480~1-09abd]:main():lattice-oracle.cc:318) %WER 20 [ 1 / 5, 1 insertions, 0 deletions, 0 sub ]
LOG (lattice-oracle[5.5.480~1-09abd]:main():lattice-oracle.cc:332) For utterance M816941465-388639153_112523-816951156_1580353448-GB-M-031, best cost 1
Lattice M816941465-388639153_112523-816951156_1580353448-GB-M-032 read.
LOG (lattice-oracle[5.5.480~1-09abd]:main():lattice-oracle.cc:318) %WER 40 [ 4 / 10, 0 insertions, 4 deletions, 0 sub ]
LOG (lattice-oracle[5.5.480~1-09abd]:main():lattice-oracle.cc:332) For utterance M816941465-388639153_112523-816951156_1580353448-GB-M-032, best cost 4
Lattice M816941465-388639153_112523-816951156_1580353448-GB-M-034 read.
LOG (lattice-oracle[5.5.480~1-09abd]:main():lattice-oracle.cc:318) %WER 88.8889 [ 8 / 9, 0 insertions, 8 deletions, 0 sub ]
LOG (lattice-oracle[5.5.480~1-09abd]:main():lattice-oracle.cc:332) For utterance M816941465-388639153_112523-816951156_1580353448-GB-M-034, best cost 8
Lattice M816941465-388639153_112523-816951156_1580353448-GB-M-035 read.
LOG (lattice-oracle[5.5.480~1-09abd]:main():lattice-oracle.cc:318) %WER 66.6667 [ 4 / 6, 0 insertions, 4 deletions, 0 sub ]
LOG (lattice-oracle[5.5.480~1-09abd]:main():lattice-oracle.cc:332) For utterance M816941465-388639153_112523-816951156_1580353448-GB-M-035, best cost 4
Lattice M816941465-388639153_112523-816951156_1580353448-GB-M-036 read.
LOG (lattice-oracle[5.5.480~1-09abd]:main():lattice-oracle.cc:318) %WER 0 [ 0 / 6, 0 insertions, 0 deletions, 0 sub ]
LOG (lattice-oracle[5.5.480~1-09abd]:main():lattice-oracle.cc:332) For utterance M816941465-388639153_112523-816951156_1580353448-GB-M-036, best cost 0
Lattice M820560974-272904904_103680-493221743_1516469186-GB-M-006 read.
LOG (lattice-oracle[5.5.480~1-09abd]:main():lattice-oracle.cc:318) %WER 0 [ 0 / 6, 0 insertions, 0 deletions, 0 sub ]
LOG (lattice-oracle[5.5.480~1-09abd]:main():lattice-oracle.cc:332) For utterance M820560974-272904904_103680-493221743_1516469186-GB-M-006, best cost 0
Lattice M820560974-272904904_103680-493221743_1516469186-GB-M-007 read.
LOG (lattice-oracle[5.5.480~1-09abd]:main():lattice-oracle.cc:318) %WER 0 [ 0 / 5, 0 insertions, 0 deletions, 0 sub ]
LOG (lattice-oracle[5.5.480~1-09abd]:main():lattice-oracle.cc:332) For utterance M820560974-272904904_103680-493221743_1516469186-GB-M-007, best cost 0
Lattice M820560974-272904904_103680-493221743_1516469186-GB-M-008 read.
LOG (lattice-oracle[5.5.480~1-09abd]:main():lattice-oracle.cc:318) %WER 0 [ 0 / 16, 0 insertions, 0 deletions, 0 sub ]
LOG (lattice-oracle[5.5.480~1-09abd]:main():lattice-oracle.cc:332) For utterance M820560974-272904904_103680-493221743_1516469186-GB-M-008, best cost 0
Lattice M820560974-272904904_103680-493221743_1516469186-GB-M-018 read.
LOG (lattice-oracle[5.5.480~1-09abd]:main():lattice-oracle.cc:318) %WER 0 [ 0 / 6, 0 insertions, 0 deletions, 0 sub ]
LOG (lattice-oracle[5.5.480~1-09abd]:main():lattice-oracle.cc:332) For utterance M820560974-272904904_103680-493221743_1516469186-GB-M-018, best cost 0
Lattice M820560974-272904904_103680-493221743_1516469186-GB-M-019 read.
LOG (lattice-oracle[5.5.480~1-09abd]:main():lattice-oracle.cc:318) %WER 0 [ 0 / 6, 0 insertions, 0 deletions, 0 sub ]
LOG (lattice-oracle[5.5.480~1-09abd]:main():lattice-oracle.cc:332) For utterance M820560974-272904904_103680-493221743_1516469186-GB-M-019, best cost 0
Lattice M820560974-272904904_103680-493221743_1516469186-GB-M-020 read.
LOG (lattice-oracle[5.5.480~1-09abd]:main():lattice-oracle.cc:318) %WER 14.8148 [ 4 / 27, 0 insertions, 3 deletions, 1 sub ]
LOG (lattice-oracle[5.5.480~1-09abd]:main():lattice-oracle.cc:332) For utterance M820560974-272904904_103680-493221743_1516469186-GB-M-020, best cost 4
Lattice M820560974-272904904_103680-493221743_1516469186-GB-M-032 read.
LOG (lattice-oracle[5.5.480~1-09abd]:main():lattice-oracle.cc:318) %WER 0 [ 0 / 1, 0 insertions, 0 deletions, 0 sub ]
LOG (lattice-oracle[5.5.480~1-09abd]:main():lattice-oracle.cc:332) For utterance M820560974-272904904_103680-493221743_1516469186-GB-M-032, best cost 0
Lattice M820560974-272904904_103680-493221743_1516469186-GB-M-033 read.
LOG (lattice-oracle[5.5.480~1-09abd]:main():lattice-oracle.cc:318) %WER 0 [ 0 / 7, 0 insertions, 0 deletions, 0 sub ]
LOG (lattice-oracle[5.5.480~1-09abd]:main():lattice-oracle.cc:332) For utterance M820560974-272904904_103680-493221743_1516469186-GB-M-033, best cost 0
Lattice M820560974-272904904_103680-493221743_1516469186-GB-M-034 read.
LOG (lattice-oracle[5.5.480~1-09abd]:main():lattice-oracle.cc:318) %WER 0 [ 0 / 19, 0 insertions, 0 deletions, 0 sub ]
LOG (lattice-oracle[5.5.480~1-09abd]:main():lattice-oracle.cc:332) For utterance M820560974-272904904_103680-493221743_1516469186-GB-M-034, best cost 0
Lattice M820560974-272904904_103680-493221743_1516469186-GB-M-038 read.
LOG (lattice-oracle[5.5.480~1-09abd]:main():lattice-oracle.cc:318) %WER 60 [ 6 / 10, 0 insertions, 5 deletions, 1 sub ]
LOG (lattice-oracle[5.5.480~1-09abd]:main():lattice-oracle.cc:332) For utterance M820560974-272904904_103680-493221743_1516469186-GB-M-038, best cost 6
Lattice M820560974-272904904_103680-493221743_1516469186-GB-M-049 read.
LOG (lattice-oracle[5.5.480~1-09abd]:main():lattice-oracle.cc:318) %WER 12.5 [ 1 / 8, 0 insertions, 1 deletions, 0 sub ]
LOG (lattice-oracle[5.5.480~1-09abd]:main():lattice-oracle.cc:332) For utterance M820560974-272904904_103680-493221743_1516469186-GB-M-049, best cost 1
Lattice M820560974-272904904_103680-493221743_1516469186-GB-M-051 read.
LOG (lattice-oracle[5.5.480~1-09abd]:main():lattice-oracle.cc:318) %WER 8.51064 [ 4 / 47, 0 insertions, 3 deletions, 1 sub ]
LOG (lattice-oracle[5.5.480~1-09abd]:main():lattice-oracle.cc:332) For utterance M820560974-272904904_103680-493221743_1516469186-GB-M-051, best cost 4
Lattice M820560974-401068372_160901-86402179_1294785688-GB-M-004 read.
LOG (lattice-oracle[5.5.480~1-09abd]:main():lattice-oracle.cc:318) %WER 0 [ 0 / 6, 0 insertions, 0 deletions, 0 sub ]
LOG (lattice-oracle[5.5.480~1-09abd]:main():lattice-oracle.cc:332) For utterance M820560974-401068372_160901-86402179_1294785688-GB-M-004, best cost 0
Lattice M820560974-401068372_160901-86402179_1294785688-GB-M-006 read.
LOG (lattice-oracle[5.5.480~1-09abd]:main():lattice-oracle.cc:318) %WER 11.1111 [ 1 / 9, 1 insertions, 0 deletions, 0 sub ]
LOG (lattice-oracle[5.5.480~1-09abd]:main():lattice-oracle.cc:332) For utterance M820560974-401068372_160901-86402179_1294785688-GB-M-006, best cost 1
Lattice M820560974-401068372_160901-86402179_1294785688-GB-M-009 read.
LOG (lattice-oracle[5.5.480~1-09abd]:main():lattice-oracle.cc:318) %WER 75 [ 3 / 4, 0 insertions, 3 deletions, 0 sub ]
LOG (lattice-oracle[5.5.480~1-09abd]:main():lattice-oracle.cc:332) For utterance M820560974-401068372_160901-86402179_1294785688-GB-M-009, best cost 3
Lattice M820560974-401068372_160901-86402179_1294785688-GB-M-012 read.
LOG (lattice-oracle[5.5.480~1-09abd]:main():lattice-oracle.cc:318) %WER 0 [ 0 / 6, 0 insertions, 0 deletions, 0 sub ]
LOG (lattice-oracle[5.5.480~1-09abd]:main():lattice-oracle.cc:332) For utterance M820560974-401068372_160901-86402179_1294785688-GB-M-012, best cost 0
Lattice M820560974-401068372_160901-86402179_1294785688-GB-M-013 read.
LOG (lattice-oracle[5.5.480~1-09abd]:main():lattice-oracle.cc:318) %WER 26.6667 [ 4 / 15, 0 insertions, 4 deletions, 0 sub ]
LOG (lattice-oracle[5.5.480~1-09abd]:main():lattice-oracle.cc:332) For utterance M820560974-401068372_160901-86402179_1294785688-GB-M-013, best cost 4
Lattice M820560974-401068372_160901-86402179_1294785688-GB-M-018 read.
LOG (lattice-oracle[5.5.480~1-09abd]:main():lattice-oracle.cc:318) %WER 28.5714 [ 2 / 7, 0 insertions, 1 deletions, 1 sub ]
LOG (lattice-oracle[5.5.480~1-09abd]:main():lattice-oracle.cc:332) For utterance M820560974-401068372_160901-86402179_1294785688-GB-M-018, best cost 2
Lattice M820560974-401068372_160901-86402179_1294785688-GB-M-019 read.
LOG (lattice-oracle[5.5.480~1-09abd]:main():lattice-oracle.cc:318) %WER 16.6667 [ 2 / 12, 1 insertions, 0 deletions, 1 sub ]
LOG (lattice-oracle[5.5.480~1-09abd]:main():lattice-oracle.cc:332) For utterance M820560974-401068372_160901-86402179_1294785688-GB-M-019, best cost 2
Lattice M820560974-401068372_160901-86402179_1294785688-GB-M-026 read.
LOG (lattice-oracle[5.5.480~1-09abd]:main():lattice-oracle.cc:318) %WER 0 [ 0 / 13, 0 insertions, 0 deletions, 0 sub ]
LOG (lattice-oracle[5.5.480~1-09abd]:main():lattice-oracle.cc:332) For utterance M820560974-401068372_160901-86402179_1294785688-GB-M-026, best cost 0
Lattice M820560974-401068372_160901-86402179_1294785688-GB-M-030 read.
LOG (lattice-oracle[5.5.480~1-09abd]:main():lattice-oracle.cc:318) %WER 0 [ 0 / 7, 0 insertions, 0 deletions, 0 sub ]
LOG (lattice-oracle[5.5.480~1-09abd]:main():lattice-oracle.cc:332) For utterance M820560974-401068372_160901-86402179_1294785688-GB-M-030, best cost 0
Lattice M820560974-401068372_160901-86402179_1294785688-GB-M-033 read.
LOG (lattice-oracle[5.5.480~1-09abd]:main():lattice-oracle.cc:318) %WER 0 [ 0 / 4, 0 insertions, 0 deletions, 0 sub ]
LOG (lattice-oracle[5.5.480~1-09abd]:main():lattice-oracle.cc:332) For utterance M820560974-401068372_160901-86402179_1294785688-GB-M-033, best cost 0
Lattice M820560974-401068372_160901-86402179_1294785688-GB-M-035 read.
LOG (lattice-oracle[5.5.480~1-09abd]:main():lattice-oracle.cc:318) %WER 77.7778 [ 7 / 9, 0 insertions, 7 deletions, 0 sub ]
LOG (lattice-oracle[5.5.480~1-09abd]:main():lattice-oracle.cc:332) For utterance M820560974-401068372_160901-86402179_1294785688-GB-M-035, best cost 7
Lattice M820560974-401068372_160901-86402179_1294785688-GB-M-040 read.
LOG (lattice-oracle[5.5.480~1-09abd]:main():lattice-oracle.cc:318) %WER 0 [ 0 / 6, 0 insertions, 0 deletions, 0 sub ]
LOG (lattice-oracle[5.5.480~1-09abd]:main():lattice-oracle.cc:332) For utterance M820560974-401068372_160901-86402179_1294785688-GB-M-040, best cost 0
Lattice M820560974-401068372_160901-86402179_1294785688-GB-M-043 read.
LOG (lattice-oracle[5.5.480~1-09abd]:main():lattice-oracle.cc:318) %WER 0 [ 0 / 7, 0 insertions, 0 deletions, 0 sub ]
LOG (lattice-oracle[5.5.480~1-09abd]:main():lattice-oracle.cc:332) For utterance M820560974-401068372_160901-86402179_1294785688-GB-M-043, best cost 0
Lattice M820560974-401068372_160901-86402179_1294785688-GB-M-044 read.
LOG (lattice-oracle[5.5.480~1-09abd]:main():lattice-oracle.cc:318) %WER 3.125 [ 1 / 32, 1 insertions, 0 deletions, 0 sub ]
LOG (lattice-oracle[5.5.480~1-09abd]:main():lattice-oracle.cc:332) For utterance M820560974-401068372_160901-86402179_1294785688-GB-M-044, best cost 1
Lattice M820560974-401068372_160901-86402179_1294785688-GB-M-049 read.
LOG (lattice-oracle[5.5.480~1-09abd]:main():lattice-oracle.cc:318) %WER 16.6667 [ 1 / 6, 1 insertions, 0 deletions, 0 sub ]
LOG (lattice-oracle[5.5.480~1-09abd]:main():lattice-oracle.cc:332) For utterance M820560974-401068372_160901-86402179_1294785688-GB-M-049, best cost 1
Lattice M820560974-401068372_160901-86402179_1294785688-GB-M-050 read.
LOG (lattice-oracle[5.5.480~1-09abd]:main():lattice-oracle.cc:318) %WER 83.3333 [ 5 / 6, 0 insertions, 2 deletions, 3 sub ]
LOG (lattice-oracle[5.5.480~1-09abd]:main():lattice-oracle.cc:332) For utterance M820560974-401068372_160901-86402179_1294785688-GB-M-050, best cost 5
Lattice M820560974-401068372_160901-86402179_1294785688-GB-M-053 read.
LOG (lattice-oracle[5.5.480~1-09abd]:main():lattice-oracle.cc:318) %WER 0 [ 0 / 21, 0 insertions, 0 deletions, 0 sub ]
LOG (lattice-oracle[5.5.480~1-09abd]:main():lattice-oracle.cc:332) For utterance M820560974-401068372_160901-86402179_1294785688-GB-M-053, best cost 0
Lattice M820560974-401068372_160901-86402179_1294785688-GB-M-058 read.
LOG (lattice-oracle[5.5.480~1-09abd]:main():lattice-oracle.cc:318) %WER 0 [ 0 / 16, 0 insertions, 0 deletions, 0 sub ]
LOG (lattice-oracle[5.5.480~1-09abd]:main():lattice-oracle.cc:332) For utterance M820560974-401068372_160901-86402179_1294785688-GB-M-058, best cost 0
Lattice M820560974-401068372_160901-86402179_1294785688-GB-M-061 read.
LOG (lattice-oracle[5.5.480~1-09abd]:main():lattice-oracle.cc:318) %WER 0 [ 0 / 7, 0 insertions, 0 deletions, 0 sub ]
LOG (lattice-oracle[5.5.480~1-09abd]:main():lattice-oracle.cc:332) For utterance M820560974-401068372_160901-86402179_1294785688-GB-M-061, best cost 0
Lattice M820560974-401068372_160901-86402179_1294785688-GB-M-068 read.
LOG (lattice-oracle[5.5.480~1-09abd]:main():lattice-oracle.cc:318) %WER 0 [ 0 / 6, 0 insertions, 0 deletions, 0 sub ]
LOG (lattice-oracle[5.5.480~1-09abd]:main():lattice-oracle.cc:332) For utterance M820560974-401068372_160901-86402179_1294785688-GB-M-068, best cost 0
Lattice M820560974-401068372_160901-86402179_1294785688-GB-M-072 read.
LOG (lattice-oracle[5.5.480~1-09abd]:main():lattice-oracle.cc:318) %WER 0 [ 0 / 4, 0 insertions, 0 deletions, 0 sub ]
LOG (lattice-oracle[5.5.480~1-09abd]:main():lattice-oracle.cc:332) For utterance M820560974-401068372_160901-86402179_1294785688-GB-M-072, best cost 0
Lattice M820560974-401068372_160901-86402179_1294785688-GB-M-073 read.
LOG (lattice-oracle[5.5.480~1-09abd]:main():lattice-oracle.cc:318) %WER 0 [ 0 / 15, 0 insertions, 0 deletions, 0 sub ]
LOG (lattice-oracle[5.5.480~1-09abd]:main():lattice-oracle.cc:332) For utterance M820560974-401068372_160901-86402179_1294785688-GB-M-073, best cost 0
Lattice M820560974-401068372_160901-86402179_1294785688-GB-M-078 read.
LOG (lattice-oracle[5.5.480~1-09abd]:main():lattice-oracle.cc:318) %WER 50 [ 3 / 6, 0 insertions, 3 deletions, 0 sub ]
LOG (lattice-oracle[5.5.480~1-09abd]:main():lattice-oracle.cc:332) For utterance M820560974-401068372_160901-86402179_1294785688-GB-M-078, best cost 3
Lattice M820560974-401068372_160901-86402179_1294785688-GB-M-079 read.
LOG (lattice-oracle[5.5.480~1-09abd]:main():lattice-oracle.cc:318) %WER 0 [ 0 / 6, 0 insertions, 0 deletions, 0 sub ]
LOG (lattice-oracle[5.5.480~1-09abd]:main():lattice-oracle.cc:332) For utterance M820560974-401068372_160901-86402179_1294785688-GB-M-079, best cost 0
Lattice M820560974-401068372_160901-86402179_1294785688-GB-M-080 read.
LOG (lattice-oracle[5.5.480~1-09abd]:main():lattice-oracle.cc:318) %WER 18.1818 [ 2 / 11, 1 insertions, 0 deletions, 1 sub ]
LOG (lattice-oracle[5.5.480~1-09abd]:main():lattice-oracle.cc:332) For utterance M820560974-401068372_160901-86402179_1294785688-GB-M-080, best cost 2
Lattice M820560974-401068372_160901-86402179_1294785688-GB-M-085 read.
LOG (lattice-oracle[5.5.480~1-09abd]:main():lattice-oracle.cc:318) %WER 25 [ 1 / 4, 0 insertions, 0 deletions, 1 sub ]
LOG (lattice-oracle[5.5.480~1-09abd]:main():lattice-oracle.cc:332) For utterance M820560974-401068372_160901-86402179_1294785688-GB-M-085, best cost 1
Lattice M820560974-401068372_160901-86402179_1294785688-GB-M-086 read.
LOG (lattice-oracle[5.5.480~1-09abd]:main():lattice-oracle.cc:318) %WER 0 [ 0 / 2, 0 insertions, 0 deletions, 0 sub ]
LOG (lattice-oracle[5.5.480~1-09abd]:main():lattice-oracle.cc:332) For utterance M820560974-401068372_160901-86402179_1294785688-GB-M-086, best cost 0
Lattice M828694054-357900895_114932-663213142_1692239029-GB-M-005 read.
LOG (lattice-oracle[5.5.480~1-09abd]:main():lattice-oracle.cc:318) %WER 25 [ 2 / 8, 0 insertions, 2 deletions, 0 sub ]
LOG (lattice-oracle[5.5.480~1-09abd]:main():lattice-oracle.cc:332) For utterance M828694054-357900895_114932-663213142_1692239029-GB-M-005, best cost 2
Lattice M828694054-357900895_114932-663213142_1692239029-GB-M-006 read.
LOG (lattice-oracle[5.5.480~1-09abd]:main():lattice-oracle.cc:318) %WER 50 [ 4 / 8, 1 insertions, 1 deletions, 2 sub ]
LOG (lattice-oracle[5.5.480~1-09abd]:main():lattice-oracle.cc:332) For utterance M828694054-357900895_114932-663213142_1692239029-GB-M-006, best cost 4
Lattice M828694054-357900895_114932-663213142_1692239029-GB-M-007 read.
LOG (lattice-oracle[5.5.480~1-09abd]:main():lattice-oracle.cc:318) %WER 26.3158 [ 5 / 19, 0 insertions, 0 deletions, 5 sub ]
LOG (lattice-oracle[5.5.480~1-09abd]:main():lattice-oracle.cc:332) For utterance M828694054-357900895_114932-663213142_1692239029-GB-M-007, best cost 5
Lattice M828694054-357900895_114932-663213142_1692239029-GB-M-016 read.
LOG (lattice-oracle[5.5.480~1-09abd]:main():lattice-oracle.cc:318) %WER 57.1429 [ 4 / 7, 3 insertions, 0 deletions, 1 sub ]
LOG (lattice-oracle[5.5.480~1-09abd]:main():lattice-oracle.cc:332) For utterance M828694054-357900895_114932-663213142_1692239029-GB-M-016, best cost 4
Lattice M828694054-357900895_114932-663213142_1692239029-GB-M-018 read.
LOG (lattice-oracle[5.5.480~1-09abd]:main():lattice-oracle.cc:318) %WER 25 [ 5 / 20, 0 insertions, 0 deletions, 5 sub ]
LOG (lattice-oracle[5.5.480~1-09abd]:main():lattice-oracle.cc:332) For utterance M828694054-357900895_114932-663213142_1692239029-GB-M-018, best cost 5
Lattice M828694054-357900895_114932-663213142_1692239029-GB-M-027 read.
LOG (lattice-oracle[5.5.480~1-09abd]:main():lattice-oracle.cc:318) %WER 0 [ 0 / 7, 0 insertions, 0 deletions, 0 sub ]
LOG (lattice-oracle[5.5.480~1-09abd]:main():lattice-oracle.cc:332) For utterance M828694054-357900895_114932-663213142_1692239029-GB-M-027, best cost 0
Lattice M828694054-357900895_114932-663213142_1692239029-GB-M-031 read.
LOG (lattice-oracle[5.5.480~1-09abd]:main():lattice-oracle.cc:318) %WER 28.5714 [ 2 / 7, 0 insertions, 1 deletions, 1 sub ]
LOG (lattice-oracle[5.5.480~1-09abd]:main():lattice-oracle.cc:332) For utterance M828694054-357900895_114932-663213142_1692239029-GB-M-031, best cost 2
Lattice M828694054-357900895_114932-663213142_1692239029-GB-M-033 read.
LOG (lattice-oracle[5.5.480~1-09abd]:main():lattice-oracle.cc:318) %WER 7.14286 [ 1 / 14, 0 insertions, 1 deletions, 0 sub ]
LOG (lattice-oracle[5.5.480~1-09abd]:main():lattice-oracle.cc:332) For utterance M828694054-357900895_114932-663213142_1692239029-GB-M-033, best cost 1
Lattice M828694054-357900895_114932-663213142_1692239029-GB-M-040 read.
LOG (lattice-oracle[5.5.480~1-09abd]:main():lattice-oracle.cc:318) %WER 0 [ 0 / 8, 0 insertions, 0 deletions, 0 sub ]
LOG (lattice-oracle[5.5.480~1-09abd]:main():lattice-oracle.cc:332) For utterance M828694054-357900895_114932-663213142_1692239029-GB-M-040, best cost 0
Lattice M828694054-357900895_114932-663213142_1692239029-GB-M-045 read.
LOG (lattice-oracle[5.5.480~1-09abd]:main():lattice-oracle.cc:318) %WER 0 [ 0 / 7, 0 insertions, 0 deletions, 0 sub ]
LOG (lattice-oracle[5.5.480~1-09abd]:main():lattice-oracle.cc:332) For utterance M828694054-357900895_114932-663213142_1692239029-GB-M-045, best cost 0
Lattice M828694054-357900895_114932-663213142_1692239029-GB-M-046 read.
LOG (lattice-oracle[5.5.480~1-09abd]:main():lattice-oracle.cc:318) %WER 15 [ 3 / 20, 0 insertions, 3 deletions, 0 sub ]
LOG (lattice-oracle[5.5.480~1-09abd]:main():lattice-oracle.cc:332) For utterance M828694054-357900895_114932-663213142_1692239029-GB-M-046, best cost 3
Lattice M833109745-651564756_583853-722053381_1525254218-GB-M-006 read.
LOG (lattice-oracle[5.5.480~1-09abd]:main():lattice-oracle.cc:318) %WER 0 [ 0 / 5, 0 insertions, 0 deletions, 0 sub ]
LOG (lattice-oracle[5.5.480~1-09abd]:main():lattice-oracle.cc:332) For utterance M833109745-651564756_583853-722053381_1525254218-GB-M-006, best cost 0
Lattice M833109745-651564756_583853-722053381_1525254218-GB-M-007 read.
LOG (lattice-oracle[5.5.480~1-09abd]:main():lattice-oracle.cc:318) %WER 0 [ 0 / 4, 0 insertions, 0 deletions, 0 sub ]
LOG (lattice-oracle[5.5.480~1-09abd]:main():lattice-oracle.cc:332) For utterance M833109745-651564756_583853-722053381_1525254218-GB-M-007, best cost 0
Lattice M833109745-651564756_583853-722053381_1525254218-GB-M-008 read.
LOG (lattice-oracle[5.5.480~1-09abd]:main():lattice-oracle.cc:318) %WER 0 [ 0 / 7, 0 insertions, 0 deletions, 0 sub ]
LOG (lattice-oracle[5.5.480~1-09abd]:main():lattice-oracle.cc:332) For utterance M833109745-651564756_583853-722053381_1525254218-GB-M-008, best cost 0
Lattice M833109745-651564756_583853-722053381_1525254218-GB-M-010 read.
LOG (lattice-oracle[5.5.480~1-09abd]:main():lattice-oracle.cc:318) %WER 0 [ 0 / 5, 0 insertions, 0 deletions, 0 sub ]
LOG (lattice-oracle[5.5.480~1-09abd]:main():lattice-oracle.cc:332) For utterance M833109745-651564756_583853-722053381_1525254218-GB-M-010, best cost 0
Lattice M833109745-651564756_583853-722053381_1525254218-GB-M-012 read.
LOG (lattice-oracle[5.5.480~1-09abd]:main():lattice-oracle.cc:318) %WER 0 [ 0 / 1, 0 insertions, 0 deletions, 0 sub ]
LOG (lattice-oracle[5.5.480~1-09abd]:main():lattice-oracle.cc:332) For utterance M833109745-651564756_583853-722053381_1525254218-GB-M-012, best cost 0
Lattice M833109745-651564756_583853-722053381_1525254218-GB-M-015 read.
LOG (lattice-oracle[5.5.480~1-09abd]:main():lattice-oracle.cc:318) %WER 200 [ 2 / 1, 2 insertions, 0 deletions, 0 sub ]
LOG (lattice-oracle[5.5.480~1-09abd]:main():lattice-oracle.cc:332) For utterance M833109745-651564756_583853-722053381_1525254218-GB-M-015, best cost 2
Lattice M833109745-651564756_583853-722053381_1525254218-GB-M-021 read.
LOG (lattice-oracle[5.5.480~1-09abd]:main():lattice-oracle.cc:318) %WER 0 [ 0 / 7, 0 insertions, 0 deletions, 0 sub ]
LOG (lattice-oracle[5.5.480~1-09abd]:main():lattice-oracle.cc:332) For utterance M833109745-651564756_583853-722053381_1525254218-GB-M-021, best cost 0
Lattice M833109745-651564756_583853-722053381_1525254218-GB-M-022 read.
LOG (lattice-oracle[5.5.480~1-09abd]:main():lattice-oracle.cc:318) %WER 0 [ 0 / 9, 0 insertions, 0 deletions, 0 sub ]
LOG (lattice-oracle[5.5.480~1-09abd]:main():lattice-oracle.cc:332) For utterance M833109745-651564756_583853-722053381_1525254218-GB-M-022, best cost 0
Lattice M833109745-651564756_583853-722053381_1525254218-GB-M-024 read.
LOG (lattice-oracle[5.5.480~1-09abd]:main():lattice-oracle.cc:318) %WER 0 [ 0 / 8, 0 insertions, 0 deletions, 0 sub ]
LOG (lattice-oracle[5.5.480~1-09abd]:main():lattice-oracle.cc:332) For utterance M833109745-651564756_583853-722053381_1525254218-GB-M-024, best cost 0
Lattice M833109745-651564756_583853-722053381_1525254218-GB-M-028 read.
LOG (lattice-oracle[5.5.480~1-09abd]:main():lattice-oracle.cc:318) %WER 0 [ 0 / 1, 0 insertions, 0 deletions, 0 sub ]
LOG (lattice-oracle[5.5.480~1-09abd]:main():lattice-oracle.cc:332) For utterance M833109745-651564756_583853-722053381_1525254218-GB-M-028, best cost 0
Lattice M833109745-651564756_583853-722053381_1525254218-GB-M-031 read.
LOG (lattice-oracle[5.5.480~1-09abd]:main():lattice-oracle.cc:318) %WER 0 [ 0 / 1, 0 insertions, 0 deletions, 0 sub ]
LOG (lattice-oracle[5.5.480~1-09abd]:main():lattice-oracle.cc:332) For utterance M833109745-651564756_583853-722053381_1525254218-GB-M-031, best cost 0
Lattice M833109745-651564756_583853-722053381_1525254218-GB-M-035 read.
LOG (lattice-oracle[5.5.480~1-09abd]:main():lattice-oracle.cc:318) %WER 0 [ 0 / 18, 0 insertions, 0 deletions, 0 sub ]
LOG (lattice-oracle[5.5.480~1-09abd]:main():lattice-oracle.cc:332) For utterance M833109745-651564756_583853-722053381_1525254218-GB-M-035, best cost 0
Lattice M833109745-651564756_583853-722053381_1525254218-GB-M-038 read.
LOG (lattice-oracle[5.5.480~1-09abd]:main():lattice-oracle.cc:318) %WER 0 [ 0 / 8, 0 insertions, 0 deletions, 0 sub ]
LOG (lattice-oracle[5.5.480~1-09abd]:main():lattice-oracle.cc:332) For utterance M833109745-651564756_583853-722053381_1525254218-GB-M-038, best cost 0
Lattice M833109745-651564756_583853-722053381_1525254218-GB-M-042 read.
LOG (lattice-oracle[5.5.480~1-09abd]:main():lattice-oracle.cc:318) %WER 0 [ 0 / 1, 0 insertions, 0 deletions, 0 sub ]
LOG (lattice-oracle[5.5.480~1-09abd]:main():lattice-oracle.cc:332) For utterance M833109745-651564756_583853-722053381_1525254218-GB-M-042, best cost 0
Lattice M833109745-651564756_583853-722053381_1525254218-GB-M-043 read.
LOG (lattice-oracle[5.5.480~1-09abd]:main():lattice-oracle.cc:318) %WER 0 [ 0 / 1, 0 insertions, 0 deletions, 0 sub ]
LOG (lattice-oracle[5.5.480~1-09abd]:main():lattice-oracle.cc:332) For utterance M833109745-651564756_583853-722053381_1525254218-GB-M-043, best cost 0
Lattice M833109745-651564756_583853-722053381_1525254218-GB-M-044 read.
LOG (lattice-oracle[5.5.480~1-09abd]:main():lattice-oracle.cc:318) %WER 0 [ 0 / 2, 0 insertions, 0 deletions, 0 sub ]
LOG (lattice-oracle[5.5.480~1-09abd]:main():lattice-oracle.cc:332) For utterance M833109745-651564756_583853-722053381_1525254218-GB-M-044, best cost 0
Lattice M833915065-3565668_3565668-45093846_1555131496-GB-M-014 read.
LOG (lattice-oracle[5.5.480~1-09abd]:main():lattice-oracle.cc:318) %WER 0 [ 0 / 3, 0 insertions, 0 deletions, 0 sub ]
LOG (lattice-oracle[5.5.480~1-09abd]:main():lattice-oracle.cc:332) For utterance M833915065-3565668_3565668-45093846_1555131496-GB-M-014, best cost 0
Lattice M833915065-3565668_3565668-45093846_1555131496-GB-M-015 read.
LOG (lattice-oracle[5.5.480~1-09abd]:main():lattice-oracle.cc:318) %WER 0 [ 0 / 4, 0 insertions, 0 deletions, 0 sub ]
LOG (lattice-oracle[5.5.480~1-09abd]:main():lattice-oracle.cc:332) For utterance M833915065-3565668_3565668-45093846_1555131496-GB-M-015, best cost 0
Lattice M833915065-3565668_3565668-45093846_1555131496-GB-M-016 read.
LOG (lattice-oracle[5.5.480~1-09abd]:main():lattice-oracle.cc:318) %WER 0 [ 0 / 3, 0 insertions, 0 deletions, 0 sub ]
LOG (lattice-oracle[5.5.480~1-09abd]:main():lattice-oracle.cc:332) For utterance M833915065-3565668_3565668-45093846_1555131496-GB-M-016, best cost 0
Lattice M833915065-3565668_3565668-45093846_1555131496-GB-M-017 read.
LOG (lattice-oracle[5.5.480~1-09abd]:main():lattice-oracle.cc:318) %WER 40 [ 2 / 5, 2 insertions, 0 deletions, 0 sub ]
LOG (lattice-oracle[5.5.480~1-09abd]:main():lattice-oracle.cc:332) For utterance M833915065-3565668_3565668-45093846_1555131496-GB-M-017, best cost 2
Lattice M833915065-3565668_3565668-45093846_1555131496-GB-M-019 read.
LOG (lattice-oracle[5.5.480~1-09abd]:main():lattice-oracle.cc:318) %WER 0 [ 0 / 3, 0 insertions, 0 deletions, 0 sub ]
LOG (lattice-oracle[5.5.480~1-09abd]:main():lattice-oracle.cc:332) For utterance M833915065-3565668_3565668-45093846_1555131496-GB-M-019, best cost 0
Lattice M833915065-3565668_3565668-45093846_1555131496-GB-M-020 read.
LOG (lattice-oracle[5.5.480~1-09abd]:main():lattice-oracle.cc:318) %WER 40 [ 2 / 5, 2 insertions, 0 deletions, 0 sub ]
LOG (lattice-oracle[5.5.480~1-09abd]:main():lattice-oracle.cc:332) For utterance M833915065-3565668_3565668-45093846_1555131496-GB-M-020, best cost 2
Lattice M833915065-3565668_3565668-45093846_1555131496-GB-M-048 read.
LOG (lattice-oracle[5.5.480~1-09abd]:main():lattice-oracle.cc:318) %WER 0 [ 0 / 8, 0 insertions, 0 deletions, 0 sub ]
LOG (lattice-oracle[5.5.480~1-09abd]:main():lattice-oracle.cc:332) For utterance M833915065-3565668_3565668-45093846_1555131496-GB-M-048, best cost 0
Lattice M833915065-3565668_3565668-45093846_1555131496-GB-M-049 read.
LOG (lattice-oracle[5.5.480~1-09abd]:main():lattice-oracle.cc:318) %WER 40 [ 2 / 5, 2 insertions, 0 deletions, 0 sub ]
LOG (lattice-oracle[5.5.480~1-09abd]:main():lattice-oracle.cc:332) For utterance M833915065-3565668_3565668-45093846_1555131496-GB-M-049, best cost 2
Lattice M833915065-3565668_3565668-45093846_1555131496-GB-M-051 read.
LOG (lattice-oracle[5.5.480~1-09abd]:main():lattice-oracle.cc:318) %WER 6.66667 [ 1 / 15, 1 insertions, 0 deletions, 0 sub ]
LOG (lattice-oracle[5.5.480~1-09abd]:main():lattice-oracle.cc:332) For utterance M833915065-3565668_3565668-45093846_1555131496-GB-M-051, best cost 1
Lattice M833915065-3565668_3565668-45093846_1555131496-GB-M-054 read.
LOG (lattice-oracle[5.5.480~1-09abd]:main():lattice-oracle.cc:318) %WER 0 [ 0 / 6, 0 insertions, 0 deletions, 0 sub ]
LOG (lattice-oracle[5.5.480~1-09abd]:main():lattice-oracle.cc:332) For utterance M833915065-3565668_3565668-45093846_1555131496-GB-M-054, best cost 0
Lattice M833915065-3565668_3565668-45093846_1555131496-GB-M-055 read.
LOG (lattice-oracle[5.5.480~1-09abd]:main():lattice-oracle.cc:318) %WER 0 [ 0 / 5, 0 insertions, 0 deletions, 0 sub ]
LOG (lattice-oracle[5.5.480~1-09abd]:main():lattice-oracle.cc:332) For utterance M833915065-3565668_3565668-45093846_1555131496-GB-M-055, best cost 0
Lattice M833915065-3565668_3565668-45093846_1555131496-GB-M-056 read.
LOG (lattice-oracle[5.5.480~1-09abd]:main():lattice-oracle.cc:318) %WER 0 [ 0 / 16, 0 insertions, 0 deletions, 0 sub ]
LOG (lattice-oracle[5.5.480~1-09abd]:main():lattice-oracle.cc:332) For utterance M833915065-3565668_3565668-45093846_1555131496-GB-M-056, best cost 0
Lattice M833915065-3565668_3565668-45093846_1555131496-GB-M-058 read.
LOG (lattice-oracle[5.5.480~1-09abd]:main():lattice-oracle.cc:318) %WER 0 [ 0 / 14, 0 insertions, 0 deletions, 0 sub ]
LOG (lattice-oracle[5.5.480~1-09abd]:main():lattice-oracle.cc:332) For utterance M833915065-3565668_3565668-45093846_1555131496-GB-M-058, best cost 0
Lattice M833915065-3565668_3565668-45093846_1555131496-GB-M-062 read.
LOG (lattice-oracle[5.5.480~1-09abd]:main():lattice-oracle.cc:318) %WER 5 [ 2 / 40, 0 insertions, 1 deletions, 1 sub ]
LOG (lattice-oracle[5.5.480~1-09abd]:main():lattice-oracle.cc:332) For utterance M833915065-3565668_3565668-45093846_1555131496-GB-M-062, best cost 2
Lattice M833915065-3565668_3565668-45093846_1555131496-GB-M-069 read.
LOG (lattice-oracle[5.5.480~1-09abd]:main():lattice-oracle.cc:318) %WER 0 [ 0 / 6, 0 insertions, 0 deletions, 0 sub ]
LOG (lattice-oracle[5.5.480~1-09abd]:main():lattice-oracle.cc:332) For utterance M833915065-3565668_3565668-45093846_1555131496-GB-M-069, best cost 0
Lattice M833915065-3565668_3565668-45093846_1555131496-GB-M-070 read.
LOG (lattice-oracle[5.5.480~1-09abd]:main():lattice-oracle.cc:318) %WER 0 [ 0 / 6, 0 insertions, 0 deletions, 0 sub ]
LOG (lattice-oracle[5.5.480~1-09abd]:main():lattice-oracle.cc:332) For utterance M833915065-3565668_3565668-45093846_1555131496-GB-M-070, best cost 0
Lattice M833915065-3565668_3565668-45093846_1555131496-GB-M-071 read.
LOG (lattice-oracle[5.5.480~1-09abd]:main():lattice-oracle.cc:318) %WER 16.6667 [ 1 / 6, 0 insertions, 1 deletions, 0 sub ]
LOG (lattice-oracle[5.5.480~1-09abd]:main():lattice-oracle.cc:332) For utterance M833915065-3565668_3565668-45093846_1555131496-GB-M-071, best cost 1
Lattice M833915065-3565668_3565668-45093846_1555131496-GB-M-074 read.
LOG (lattice-oracle[5.5.480~1-09abd]:main():lattice-oracle.cc:318) %WER 14.2857 [ 1 / 7, 0 insertions, 1 deletions, 0 sub ]
LOG (lattice-oracle[5.5.480~1-09abd]:main():lattice-oracle.cc:332) For utterance M833915065-3565668_3565668-45093846_1555131496-GB-M-074, best cost 1
Lattice M833915065-3565668_3565668-45093846_1555131496-GB-M-075 read.
LOG (lattice-oracle[5.5.480~1-09abd]:main():lattice-oracle.cc:318) %WER 80 [ 4 / 5, 3 insertions, 0 deletions, 1 sub ]
LOG (lattice-oracle[5.5.480~1-09abd]:main():lattice-oracle.cc:332) For utterance M833915065-3565668_3565668-45093846_1555131496-GB-M-075, best cost 4
Lattice M833915065-3565668_3565668-45093846_1555131496-GB-M-083 read.
LOG (lattice-oracle[5.5.480~1-09abd]:main():lattice-oracle.cc:318) %WER 0 [ 0 / 3, 0 insertions, 0 deletions, 0 sub ]
LOG (lattice-oracle[5.5.480~1-09abd]:main():lattice-oracle.cc:332) For utterance M833915065-3565668_3565668-45093846_1555131496-GB-M-083, best cost 0
Lattice M833915065-3565668_3565668-45093846_1555131496-GB-M-084 read.
LOG (lattice-oracle[5.5.480~1-09abd]:main():lattice-oracle.cc:318) %WER 40 [ 2 / 5, 1 insertions, 0 deletions, 1 sub ]
LOG (lattice-oracle[5.5.480~1-09abd]:main():lattice-oracle.cc:332) For utterance M833915065-3565668_3565668-45093846_1555131496-GB-M-084, best cost 2
Lattice M833915065-3565668_3565668-45093846_1555131496-GB-M-086 read.
LOG (lattice-oracle[5.5.480~1-09abd]:main():lattice-oracle.cc:318) %WER 100 [ 5 / 5, 0 insertions, 0 deletions, 5 sub ]
LOG (lattice-oracle[5.5.480~1-09abd]:main():lattice-oracle.cc:332) For utterance M833915065-3565668_3565668-45093846_1555131496-GB-M-086, best cost 5
Lattice M833915065-3565668_3565668-45093846_1555131496-GB-M-089 read.
LOG (lattice-oracle[5.5.480~1-09abd]:main():lattice-oracle.cc:318) %WER 0 [ 0 / 10, 0 insertions, 0 deletions, 0 sub ]
LOG (lattice-oracle[5.5.480~1-09abd]:main():lattice-oracle.cc:332) For utterance M833915065-3565668_3565668-45093846_1555131496-GB-M-089, best cost 0
Lattice M835227631-3881180_3881180-893049681_1647188187-GB-M-001 read.
LOG (lattice-oracle[5.5.480~1-09abd]:main():lattice-oracle.cc:318) %WER 0 [ 0 / 6, 0 insertions, 0 deletions, 0 sub ]
LOG (lattice-oracle[5.5.480~1-09abd]:main():lattice-oracle.cc:332) For utterance M835227631-3881180_3881180-893049681_1647188187-GB-M-001, best cost 0
Lattice M835227631-3881180_3881180-893049681_1647188187-GB-M-002 read.
LOG (lattice-oracle[5.5.480~1-09abd]:main():lattice-oracle.cc:318) %WER 40 [ 2 / 5, 2 insertions, 0 deletions, 0 sub ]
LOG (lattice-oracle[5.5.480~1-09abd]:main():lattice-oracle.cc:332) For utterance M835227631-3881180_3881180-893049681_1647188187-GB-M-002, best cost 2
Lattice M835227631-3881180_3881180-893049681_1647188187-GB-M-006 read.
LOG (lattice-oracle[5.5.480~1-09abd]:main():lattice-oracle.cc:318) %WER 37.1212 [ 98 / 264, 0 insertions, 90 deletions, 8 sub ]
LOG (lattice-oracle[5.5.480~1-09abd]:main():lattice-oracle.cc:332) For utterance M835227631-3881180_3881180-893049681_1647188187-GB-M-006, best cost 98
Lattice M835227631-3881180_3881180-893049681_1647188187-GB-M-054 read.
LOG (lattice-oracle[5.5.480~1-09abd]:main():lattice-oracle.cc:318) %WER 0 [ 0 / 154, 0 insertions, 0 deletions, 0 sub ]
LOG (lattice-oracle[5.5.480~1-09abd]:main():lattice-oracle.cc:332) For utterance M835227631-3881180_3881180-893049681_1647188187-GB-M-054, best cost 0
Lattice M835227631-3881180_3881180-893049681_1647188187-GB-M-086 read.
LOG (lattice-oracle[5.5.480~1-09abd]:main():lattice-oracle.cc:318) %WER 39.3443 [ 72 / 183, 0 insertions, 57 deletions, 15 sub ]
LOG (lattice-oracle[5.5.480~1-09abd]:main():lattice-oracle.cc:332) For utterance M835227631-3881180_3881180-893049681_1647188187-GB-M-086, best cost 72
Lattice M837810330-105824063_111593-837793654_1619468342-GB-M-001 read.
LOG (lattice-oracle[5.5.480~1-09abd]:main():lattice-oracle.cc:318) %WER 0 [ 0 / 6, 0 insertions, 0 deletions, 0 sub ]
LOG (lattice-oracle[5.5.480~1-09abd]:main():lattice-oracle.cc:332) For utterance M837810330-105824063_111593-837793654_1619468342-GB-M-001, best cost 0
Lattice M837810330-105824063_111593-837793654_1619468342-GB-M-002 read.
LOG (lattice-oracle[5.5.480~1-09abd]:main():lattice-oracle.cc:318) %WER 0 [ 0 / 6, 0 insertions, 0 deletions, 0 sub ]
LOG (lattice-oracle[5.5.480~1-09abd]:main():lattice-oracle.cc:332) For utterance M837810330-105824063_111593-837793654_1619468342-GB-M-002, best cost 0
Lattice M837810330-105824063_111593-837793654_1619468342-GB-M-004 read.
LOG (lattice-oracle[5.5.480~1-09abd]:main():lattice-oracle.cc:318) %WER 33.3333 [ 2 / 6, 0 insertions, 2 deletions, 0 sub ]
LOG (lattice-oracle[5.5.480~1-09abd]:main():lattice-oracle.cc:332) For utterance M837810330-105824063_111593-837793654_1619468342-GB-M-004, best cost 2
Lattice M837810330-105824063_111593-837793654_1619468342-GB-M-005 read.
LOG (lattice-oracle[5.5.480~1-09abd]:main():lattice-oracle.cc:318) %WER 0 [ 0 / 7, 0 insertions, 0 deletions, 0 sub ]
LOG (lattice-oracle[5.5.480~1-09abd]:main():lattice-oracle.cc:332) For utterance M837810330-105824063_111593-837793654_1619468342-GB-M-005, best cost 0
Lattice M837810330-105824063_111593-837793654_1619468342-GB-M-006 read.
LOG (lattice-oracle[5.5.480~1-09abd]:main():lattice-oracle.cc:318) %WER 22.2222 [ 4 / 18, 0 insertions, 4 deletions, 0 sub ]
LOG (lattice-oracle[5.5.480~1-09abd]:main():lattice-oracle.cc:332) For utterance M837810330-105824063_111593-837793654_1619468342-GB-M-006, best cost 4
Lattice M837810330-105824063_111593-837793654_1619468342-GB-M-010 read.
LOG (lattice-oracle[5.5.480~1-09abd]:main():lattice-oracle.cc:318) %WER 33.3333 [ 2 / 6, 0 insertions, 2 deletions, 0 sub ]
LOG (lattice-oracle[5.5.480~1-09abd]:main():lattice-oracle.cc:332) For utterance M837810330-105824063_111593-837793654_1619468342-GB-M-010, best cost 2
Lattice M837810330-105824063_111593-837793654_1619468342-GB-M-011 read.
LOG (lattice-oracle[5.5.480~1-09abd]:main():lattice-oracle.cc:318) %WER 0 [ 0 / 42, 0 insertions, 0 deletions, 0 sub ]
LOG (lattice-oracle[5.5.480~1-09abd]:main():lattice-oracle.cc:332) For utterance M837810330-105824063_111593-837793654_1619468342-GB-M-011, best cost 0
Lattice M837810330-105824063_111593-837793654_1619468342-GB-M-022 read.
LOG (lattice-oracle[5.5.480~1-09abd]:main():lattice-oracle.cc:318) %WER 66.6667 [ 2 / 3, 2 insertions, 0 deletions, 0 sub ]
LOG (lattice-oracle[5.5.480~1-09abd]:main():lattice-oracle.cc:332) For utterance M837810330-105824063_111593-837793654_1619468342-GB-M-022, best cost 2
Lattice M837810330-105824063_111593-837793654_1619468342-GB-M-023 read.
LOG (lattice-oracle[5.5.480~1-09abd]:main():lattice-oracle.cc:318) %WER 0 [ 0 / 5, 0 insertions, 0 deletions, 0 sub ]
LOG (lattice-oracle[5.5.480~1-09abd]:main():lattice-oracle.cc:332) For utterance M837810330-105824063_111593-837793654_1619468342-GB-M-023, best cost 0
Lattice M837810330-105824063_111593-837793654_1619468342-GB-M-024 read.
LOG (lattice-oracle[5.5.480~1-09abd]:main():lattice-oracle.cc:318) %WER 0 [ 0 / 4, 0 insertions, 0 deletions, 0 sub ]
LOG (lattice-oracle[5.5.480~1-09abd]:main():lattice-oracle.cc:332) For utterance M837810330-105824063_111593-837793654_1619468342-GB-M-024, best cost 0
Lattice M837810330-105824063_111593-837793654_1619468342-GB-M-026 read.
LOG (lattice-oracle[5.5.480~1-09abd]:main():lattice-oracle.cc:318) %WER 40 [ 2 / 5, 0 insertions, 2 deletions, 0 sub ]
LOG (lattice-oracle[5.5.480~1-09abd]:main():lattice-oracle.cc:332) For utterance M837810330-105824063_111593-837793654_1619468342-GB-M-026, best cost 2
Lattice M837810330-105824063_111593-837793654_1619468342-GB-M-027 read.
LOG (lattice-oracle[5.5.480~1-09abd]:main():lattice-oracle.cc:318) %WER 25 [ 2 / 8, 0 insertions, 2 deletions, 0 sub ]
LOG (lattice-oracle[5.5.480~1-09abd]:main():lattice-oracle.cc:332) For utterance M837810330-105824063_111593-837793654_1619468342-GB-M-027, best cost 2
Lattice M837810330-105824063_111593-837793654_1619468342-GB-M-029 read.
LOG (lattice-oracle[5.5.480~1-09abd]:main():lattice-oracle.cc:318) %WER 0 [ 0 / 5, 0 insertions, 0 deletions, 0 sub ]
LOG (lattice-oracle[5.5.480~1-09abd]:main():lattice-oracle.cc:332) For utterance M837810330-105824063_111593-837793654_1619468342-GB-M-029, best cost 0
Lattice M837810330-105824063_111593-837793654_1619468342-GB-M-031 read.
LOG (lattice-oracle[5.5.480~1-09abd]:main():lattice-oracle.cc:318) %WER 0 [ 0 / 59, 0 insertions, 0 deletions, 0 sub ]
LOG (lattice-oracle[5.5.480~1-09abd]:main():lattice-oracle.cc:332) For utterance M837810330-105824063_111593-837793654_1619468342-GB-M-031, best cost 0
Lattice M837810330-105824063_111593-837793654_1619468342-GB-M-046 read.
LOG (lattice-oracle[5.5.480~1-09abd]:main():lattice-oracle.cc:318) %WER 50 [ 3 / 6, 3 insertions, 0 deletions, 0 sub ]
LOG (lattice-oracle[5.5.480~1-09abd]:main():lattice-oracle.cc:332) For utterance M837810330-105824063_111593-837793654_1619468342-GB-M-046, best cost 3
Lattice M837810330-105824063_111593-837793654_1619468342-GB-M-048 read.
LOG (lattice-oracle[5.5.480~1-09abd]:main():lattice-oracle.cc:318) %WER 2.22222 [ 1 / 45, 1 insertions, 0 deletions, 0 sub ]
LOG (lattice-oracle[5.5.480~1-09abd]:main():lattice-oracle.cc:332) For utterance M837810330-105824063_111593-837793654_1619468342-GB-M-048, best cost 1
Lattice M837810330-105824063_111593-837793654_1619468342-GB-M-059 read.
LOG (lattice-oracle[5.5.480~1-09abd]:main():lattice-oracle.cc:318) %WER 0 [ 0 / 3, 0 insertions, 0 deletions, 0 sub ]
LOG (lattice-oracle[5.5.480~1-09abd]:main():lattice-oracle.cc:332) For utterance M837810330-105824063_111593-837793654_1619468342-GB-M-059, best cost 0
Lattice M837810330-105824063_111593-837793654_1619468342-GB-M-060 read.
LOG (lattice-oracle[5.5.480~1-09abd]:main():lattice-oracle.cc:318) %WER 16.6667 [ 1 / 6, 0 insertions, 1 deletions, 0 sub ]
LOG (lattice-oracle[5.5.480~1-09abd]:main():lattice-oracle.cc:332) For utterance M837810330-105824063_111593-837793654_1619468342-GB-M-060, best cost 1
Lattice M837810330-105824063_111593-837793654_1619468342-GB-M-062 read.
LOG (lattice-oracle[5.5.480~1-09abd]:main():lattice-oracle.cc:318) %WER 100 [ 1 / 1, 0 insertions, 0 deletions, 1 sub ]
LOG (lattice-oracle[5.5.480~1-09abd]:main():lattice-oracle.cc:332) For utterance M837810330-105824063_111593-837793654_1619468342-GB-M-062, best cost 1
Lattice M837810330-105824063_111593-837793654_1619468342-GB-M-063 read.
LOG (lattice-oracle[5.5.480~1-09abd]:main():lattice-oracle.cc:318) %WER 0 [ 0 / 1, 0 insertions, 0 deletions, 0 sub ]
LOG (lattice-oracle[5.5.480~1-09abd]:main():lattice-oracle.cc:332) For utterance M837810330-105824063_111593-837793654_1619468342-GB-M-063, best cost 0
LOG (lattice-oracle[5.5.480~1-09abd]:main():lattice-oracle.cc:383) Overall %WER 16.7132 [ 479 / 2866, 63 insertions, 305 deletions, 111 substitutions ]
LOG (lattice-oracle[5.5.480~1-09abd]:main():lattice-oracle.cc:387) Scored 241 lattices, 0 not present in ref.
# Accounting: time=6 threads=1
# Ended (code 0) at Tue Sep 10 15:05:11 BST 2019, elapsed time 6 seconds
