# lattice-oracle "--write-lattices=ark:|gzip -c > exp/tri3b_cleaned/lattice_oracle/lat.18.gz" "ark:gunzip -c exp/tri3b_cleaned/lats/lat.18.gz |" "ark:utils/sym2int.pl --map-oov 239 -f 2- data/lang/words.txt data/train1/split40/18/text|" ark,t:- | utils/int2sym.pl -f 2- data/lang/words.txt > exp/tri3b_cleaned/lattice_oracle/oracle_hyp.18.txt 
# Started at Tue Sep 10 15:04:44 BST 2019
#
lattice-oracle '--write-lattices=ark:|gzip -c > exp/tri3b_cleaned/lattice_oracle/lat.18.gz' 'ark:gunzip -c exp/tri3b_cleaned/lats/lat.18.gz |' 'ark:utils/sym2int.pl --map-oov 239 -f 2- data/lang/words.txt data/train1/split40/18/text|' ark,t:- 
Lattice F647568384-413929848_343398-647571369_1640878322-GB-F-001 read.
sym2int.pl: replacing WHOAH with 239
sym2int.pl: replacing WHOAH with 239
sym2int.pl: replacing WHOAH with 239
sym2int.pl: replacing CAPTIVATE with 239
sym2int.pl: replacing RESONATING with 239
sym2int.pl: replacing OOOOOH with 239
sym2int.pl: replacing OOOOOH with 239
sym2int.pl: replacing OHH with 239
sym2int.pl: replacing OHH with 239
sym2int.pl: replacing OHH with 239
sym2int.pl: replacing TILTED with 239
sym2int.pl: replacing UNDERLINED with 239
sym2int.pl: replacing UNDERLINED with 239
** Replaced 13 instances of OOVs with 239
LOG (lattice-oracle[5.5.480~1-09abd]:main():lattice-oracle.cc:318) %WER 0 [ 0 / 19, 0 insertions, 0 deletions, 0 sub ]
LOG (lattice-oracle[5.5.480~1-09abd]:main():lattice-oracle.cc:332) For utterance F647568384-413929848_343398-647571369_1640878322-GB-F-001, best cost 0
Lattice F647568384-413929848_343398-647571369_1640878322-GB-F-005 read.
LOG (lattice-oracle[5.5.480~1-09abd]:main():lattice-oracle.cc:318) %WER 0 [ 0 / 4, 0 insertions, 0 deletions, 0 sub ]
LOG (lattice-oracle[5.5.480~1-09abd]:main():lattice-oracle.cc:332) For utterance F647568384-413929848_343398-647571369_1640878322-GB-F-005, best cost 0
Lattice F647568384-413929848_343398-647571369_1640878322-GB-F-006 read.
LOG (lattice-oracle[5.5.480~1-09abd]:main():lattice-oracle.cc:318) %WER 0 [ 0 / 26, 0 insertions, 0 deletions, 0 sub ]
LOG (lattice-oracle[5.5.480~1-09abd]:main():lattice-oracle.cc:332) For utterance F647568384-413929848_343398-647571369_1640878322-GB-F-006, best cost 0
Lattice F647568384-413929848_343398-647571369_1640878322-GB-F-012 read.
LOG (lattice-oracle[5.5.480~1-09abd]:main():lattice-oracle.cc:318) %WER 0 [ 0 / 4, 0 insertions, 0 deletions, 0 sub ]
LOG (lattice-oracle[5.5.480~1-09abd]:main():lattice-oracle.cc:332) For utterance F647568384-413929848_343398-647571369_1640878322-GB-F-012, best cost 0
Lattice F647568384-413929848_343398-647571369_1640878322-GB-F-014 read.
LOG (lattice-oracle[5.5.480~1-09abd]:main():lattice-oracle.cc:318) %WER 7.14286 [ 1 / 14, 0 insertions, 1 deletions, 0 sub ]
LOG (lattice-oracle[5.5.480~1-09abd]:main():lattice-oracle.cc:332) For utterance F647568384-413929848_343398-647571369_1640878322-GB-F-014, best cost 1
Lattice F647568384-413929848_343398-647571369_1640878322-GB-F-016 read.
LOG (lattice-oracle[5.5.480~1-09abd]:main():lattice-oracle.cc:318) %WER 7.14286 [ 1 / 14, 0 insertions, 0 deletions, 1 sub ]
LOG (lattice-oracle[5.5.480~1-09abd]:main():lattice-oracle.cc:332) For utterance F647568384-413929848_343398-647571369_1640878322-GB-F-016, best cost 1
Lattice F647568384-413929848_343398-647571369_1640878322-GB-F-019 read.
LOG (lattice-oracle[5.5.480~1-09abd]:main():lattice-oracle.cc:318) %WER 12.5 [ 1 / 8, 0 insertions, 1 deletions, 0 sub ]
LOG (lattice-oracle[5.5.480~1-09abd]:main():lattice-oracle.cc:332) For utterance F647568384-413929848_343398-647571369_1640878322-GB-F-019, best cost 1
Lattice F647568384-413929848_343398-647571369_1640878322-GB-F-020 read.
LOG (lattice-oracle[5.5.480~1-09abd]:main():lattice-oracle.cc:318) %WER 0 [ 0 / 19, 0 insertions, 0 deletions, 0 sub ]
LOG (lattice-oracle[5.5.480~1-09abd]:main():lattice-oracle.cc:332) For utterance F647568384-413929848_343398-647571369_1640878322-GB-F-020, best cost 0
Lattice F647568384-413929848_343398-647571369_1640878322-GB-F-031 read.
LOG (lattice-oracle[5.5.480~1-09abd]:main():lattice-oracle.cc:318) %WER 0 [ 0 / 8, 0 insertions, 0 deletions, 0 sub ]
LOG (lattice-oracle[5.5.480~1-09abd]:main():lattice-oracle.cc:332) For utterance F647568384-413929848_343398-647571369_1640878322-GB-F-031, best cost 0
Lattice F647568384-413929848_343398-647571369_1640878322-GB-F-032 read.
LOG (lattice-oracle[5.5.480~1-09abd]:main():lattice-oracle.cc:318) %WER 0 [ 0 / 8, 0 insertions, 0 deletions, 0 sub ]
LOG (lattice-oracle[5.5.480~1-09abd]:main():lattice-oracle.cc:332) For utterance F647568384-413929848_343398-647571369_1640878322-GB-F-032, best cost 0
Lattice F647568384-413929848_343398-647571369_1640878322-GB-F-034 read.
LOG (lattice-oracle[5.5.480~1-09abd]:main():lattice-oracle.cc:318) %WER 0 [ 0 / 4, 0 insertions, 0 deletions, 0 sub ]
LOG (lattice-oracle[5.5.480~1-09abd]:main():lattice-oracle.cc:332) For utterance F647568384-413929848_343398-647571369_1640878322-GB-F-034, best cost 0
Lattice F647568384-413929848_343398-647571369_1640878322-GB-F-036 read.
LOG (lattice-oracle[5.5.480~1-09abd]:main():lattice-oracle.cc:318) %WER 50 [ 7 / 14, 0 insertions, 7 deletions, 0 sub ]
LOG (lattice-oracle[5.5.480~1-09abd]:main():lattice-oracle.cc:332) For utterance F647568384-413929848_343398-647571369_1640878322-GB-F-036, best cost 7
Lattice F647568384-413929848_343398-647571369_1640878322-GB-F-042 read.
LOG (lattice-oracle[5.5.480~1-09abd]:main():lattice-oracle.cc:318) %WER 0 [ 0 / 11, 0 insertions, 0 deletions, 0 sub ]
LOG (lattice-oracle[5.5.480~1-09abd]:main():lattice-oracle.cc:332) For utterance F647568384-413929848_343398-647571369_1640878322-GB-F-042, best cost 0
Lattice F647568384-413929848_343398-647571369_1640878322-GB-F-044 read.
LOG (lattice-oracle[5.5.480~1-09abd]:main():lattice-oracle.cc:318) %WER 27.7778 [ 5 / 18, 0 insertions, 4 deletions, 1 sub ]
LOG (lattice-oracle[5.5.480~1-09abd]:main():lattice-oracle.cc:332) For utterance F647568384-413929848_343398-647571369_1640878322-GB-F-044, best cost 5
Lattice F647568384-413929848_343398-647571369_1640878322-GB-F-056 read.
LOG (lattice-oracle[5.5.480~1-09abd]:main():lattice-oracle.cc:318) %WER 18.1818 [ 2 / 11, 0 insertions, 2 deletions, 0 sub ]
LOG (lattice-oracle[5.5.480~1-09abd]:main():lattice-oracle.cc:332) For utterance F647568384-413929848_343398-647571369_1640878322-GB-F-056, best cost 2
Lattice F647568384-413929848_343398-647571369_1640878322-GB-F-058 read.
LOG (lattice-oracle[5.5.480~1-09abd]:main():lattice-oracle.cc:318) %WER 0 [ 0 / 9, 0 insertions, 0 deletions, 0 sub ]
LOG (lattice-oracle[5.5.480~1-09abd]:main():lattice-oracle.cc:332) For utterance F647568384-413929848_343398-647571369_1640878322-GB-F-058, best cost 0
Lattice F647568384-413929848_343398-647571369_1640878322-GB-F-062 read.
LOG (lattice-oracle[5.5.480~1-09abd]:main():lattice-oracle.cc:318) %WER 13.3333 [ 4 / 30, 0 insertions, 4 deletions, 0 sub ]
LOG (lattice-oracle[5.5.480~1-09abd]:main():lattice-oracle.cc:332) For utterance F647568384-413929848_343398-647571369_1640878322-GB-F-062, best cost 4
Lattice F647568384-413929848_343398-647571369_1640878322-GB-F-066 read.
LOG (lattice-oracle[5.5.480~1-09abd]:main():lattice-oracle.cc:318) %WER 11.1111 [ 4 / 36, 1 insertions, 3 deletions, 0 sub ]
LOG (lattice-oracle[5.5.480~1-09abd]:main():lattice-oracle.cc:332) For utterance F647568384-413929848_343398-647571369_1640878322-GB-F-066, best cost 4
Lattice F647568384-413929848_343398-647571369_1640878322-GB-F-074 read.
LOG (lattice-oracle[5.5.480~1-09abd]:main():lattice-oracle.cc:318) %WER 0 [ 0 / 3, 0 insertions, 0 deletions, 0 sub ]
LOG (lattice-oracle[5.5.480~1-09abd]:main():lattice-oracle.cc:332) For utterance F647568384-413929848_343398-647571369_1640878322-GB-F-074, best cost 0
Lattice F647568384-413929848_343398-647571369_1640878322-GB-F-075 read.
LOG (lattice-oracle[5.5.480~1-09abd]:main():lattice-oracle.cc:318) %WER 0 [ 0 / 19, 0 insertions, 0 deletions, 0 sub ]
LOG (lattice-oracle[5.5.480~1-09abd]:main():lattice-oracle.cc:332) For utterance F647568384-413929848_343398-647571369_1640878322-GB-F-075, best cost 0
Lattice F668434028-3770042_3770042-613776819_1641569502-GB-F-003 read.
LOG (lattice-oracle[5.5.480~1-09abd]:main():lattice-oracle.cc:318) %WER 90 [ 9 / 10, 0 insertions, 6 deletions, 3 sub ]
LOG (lattice-oracle[5.5.480~1-09abd]:main():lattice-oracle.cc:332) For utterance F668434028-3770042_3770042-613776819_1641569502-GB-F-003, best cost 9
Lattice F668434028-3770042_3770042-613776819_1641569502-GB-F-004 read.
LOG (lattice-oracle[5.5.480~1-09abd]:main():lattice-oracle.cc:318) %WER 5.26316 [ 1 / 19, 0 insertions, 0 deletions, 1 sub ]
LOG (lattice-oracle[5.5.480~1-09abd]:main():lattice-oracle.cc:332) For utterance F668434028-3770042_3770042-613776819_1641569502-GB-F-004, best cost 1
Lattice F668434028-3770042_3770042-613776819_1641569502-GB-F-007 read.
LOG (lattice-oracle[5.5.480~1-09abd]:main():lattice-oracle.cc:318) %WER 58.3333 [ 7 / 12, 0 insertions, 4 deletions, 3 sub ]
LOG (lattice-oracle[5.5.480~1-09abd]:main():lattice-oracle.cc:332) For utterance F668434028-3770042_3770042-613776819_1641569502-GB-F-007, best cost 7
Lattice F668434028-3770042_3770042-613776819_1641569502-GB-F-008 read.
LOG (lattice-oracle[5.5.480~1-09abd]:main():lattice-oracle.cc:318) %WER 0 [ 0 / 8, 0 insertions, 0 deletions, 0 sub ]
LOG (lattice-oracle[5.5.480~1-09abd]:main():lattice-oracle.cc:332) For utterance F668434028-3770042_3770042-613776819_1641569502-GB-F-008, best cost 0
Lattice F668434028-3770042_3770042-613776819_1641569502-GB-F-010 read.
LOG (lattice-oracle[5.5.480~1-09abd]:main():lattice-oracle.cc:318) %WER 66.6667 [ 4 / 6, 0 insertions, 0 deletions, 4 sub ]
LOG (lattice-oracle[5.5.480~1-09abd]:main():lattice-oracle.cc:332) For utterance F668434028-3770042_3770042-613776819_1641569502-GB-F-010, best cost 4
Lattice F668434028-3770042_3770042-613776819_1641569502-GB-F-011 read.
LOG (lattice-oracle[5.5.480~1-09abd]:main():lattice-oracle.cc:318) %WER 50 [ 3 / 6, 0 insertions, 3 deletions, 0 sub ]
LOG (lattice-oracle[5.5.480~1-09abd]:main():lattice-oracle.cc:332) For utterance F668434028-3770042_3770042-613776819_1641569502-GB-F-011, best cost 3
Lattice F668434028-3770042_3770042-613776819_1641569502-GB-F-012 read.
LOG (lattice-oracle[5.5.480~1-09abd]:main():lattice-oracle.cc:318) %WER 0 [ 0 / 20, 0 insertions, 0 deletions, 0 sub ]
LOG (lattice-oracle[5.5.480~1-09abd]:main():lattice-oracle.cc:332) For utterance F668434028-3770042_3770042-613776819_1641569502-GB-F-012, best cost 0
Lattice F668434028-3770042_3770042-613776819_1641569502-GB-F-016 read.
LOG (lattice-oracle[5.5.480~1-09abd]:main():lattice-oracle.cc:318) %WER 0 [ 0 / 24, 0 insertions, 0 deletions, 0 sub ]
LOG (lattice-oracle[5.5.480~1-09abd]:main():lattice-oracle.cc:332) For utterance F668434028-3770042_3770042-613776819_1641569502-GB-F-016, best cost 0
Lattice F668434028-3770042_3770042-613776819_1641569502-GB-F-019 read.
LOG (lattice-oracle[5.5.480~1-09abd]:main():lattice-oracle.cc:318) %WER 16.6667 [ 1 / 6, 0 insertions, 1 deletions, 0 sub ]
LOG (lattice-oracle[5.5.480~1-09abd]:main():lattice-oracle.cc:332) For utterance F668434028-3770042_3770042-613776819_1641569502-GB-F-019, best cost 1
Lattice F668434028-3770042_3770042-613776819_1641569502-GB-F-020 read.
LOG (lattice-oracle[5.5.480~1-09abd]:main():lattice-oracle.cc:318) %WER 83.3333 [ 5 / 6, 0 insertions, 1 deletions, 4 sub ]
LOG (lattice-oracle[5.5.480~1-09abd]:main():lattice-oracle.cc:332) For utterance F668434028-3770042_3770042-613776819_1641569502-GB-F-020, best cost 5
Lattice F668434028-3770042_3770042-613776819_1641569502-GB-F-021 read.
LOG (lattice-oracle[5.5.480~1-09abd]:main():lattice-oracle.cc:318) %WER 50 [ 3 / 6, 0 insertions, 3 deletions, 0 sub ]
LOG (lattice-oracle[5.5.480~1-09abd]:main():lattice-oracle.cc:332) For utterance F668434028-3770042_3770042-613776819_1641569502-GB-F-021, best cost 3
Lattice F668434028-3770042_3770042-613776819_1641569502-GB-F-022 read.
LOG (lattice-oracle[5.5.480~1-09abd]:main():lattice-oracle.cc:318) %WER 0 [ 0 / 2, 0 insertions, 0 deletions, 0 sub ]
LOG (lattice-oracle[5.5.480~1-09abd]:main():lattice-oracle.cc:332) For utterance F668434028-3770042_3770042-613776819_1641569502-GB-F-022, best cost 0
Lattice F668434028-3770042_3770042-613776819_1641569502-GB-F-025 read.
LOG (lattice-oracle[5.5.480~1-09abd]:main():lattice-oracle.cc:318) %WER 7.69231 [ 2 / 26, 0 insertions, 2 deletions, 0 sub ]
LOG (lattice-oracle[5.5.480~1-09abd]:main():lattice-oracle.cc:332) For utterance F668434028-3770042_3770042-613776819_1641569502-GB-F-025, best cost 2
Lattice F668434028-3770042_3770042-613776819_1641569502-GB-F-028 read.
LOG (lattice-oracle[5.5.480~1-09abd]:main():lattice-oracle.cc:318) %WER 15.3846 [ 2 / 13, 0 insertions, 1 deletions, 1 sub ]
LOG (lattice-oracle[5.5.480~1-09abd]:main():lattice-oracle.cc:332) For utterance F668434028-3770042_3770042-613776819_1641569502-GB-F-028, best cost 2
Lattice F668434028-3770042_3770042-613776819_1641569502-GB-F-029 read.
LOG (lattice-oracle[5.5.480~1-09abd]:main():lattice-oracle.cc:318) %WER 0 [ 0 / 8, 0 insertions, 0 deletions, 0 sub ]
LOG (lattice-oracle[5.5.480~1-09abd]:main():lattice-oracle.cc:332) For utterance F668434028-3770042_3770042-613776819_1641569502-GB-F-029, best cost 0
Lattice F668434028-3770042_3770042-613776819_1641569502-GB-F-031 read.
LOG (lattice-oracle[5.5.480~1-09abd]:main():lattice-oracle.cc:318) %WER 11.7647 [ 2 / 17, 1 insertions, 1 deletions, 0 sub ]
LOG (lattice-oracle[5.5.480~1-09abd]:main():lattice-oracle.cc:332) For utterance F668434028-3770042_3770042-613776819_1641569502-GB-F-031, best cost 2
Lattice F668434028-3770042_3770042-613776819_1641569502-GB-F-034 read.
LOG (lattice-oracle[5.5.480~1-09abd]:main():lattice-oracle.cc:318) %WER 0 [ 0 / 1, 0 insertions, 0 deletions, 0 sub ]
LOG (lattice-oracle[5.5.480~1-09abd]:main():lattice-oracle.cc:332) For utterance F668434028-3770042_3770042-613776819_1641569502-GB-F-034, best cost 0
Lattice F668434028-3770042_3770042-613776819_1641569502-GB-F-036 read.
LOG (lattice-oracle[5.5.480~1-09abd]:main():lattice-oracle.cc:318) %WER 83.3333 [ 5 / 6, 0 insertions, 5 deletions, 0 sub ]
LOG (lattice-oracle[5.5.480~1-09abd]:main():lattice-oracle.cc:332) For utterance F668434028-3770042_3770042-613776819_1641569502-GB-F-036, best cost 5
Lattice F678795855-3532868_3532868-462770529_1654045058-GB-F-001 read.
LOG (lattice-oracle[5.5.480~1-09abd]:main():lattice-oracle.cc:318) %WER 0 [ 0 / 4, 0 insertions, 0 deletions, 0 sub ]
LOG (lattice-oracle[5.5.480~1-09abd]:main():lattice-oracle.cc:332) For utterance F678795855-3532868_3532868-462770529_1654045058-GB-F-001, best cost 0
Lattice F678795855-3532868_3532868-462770529_1654045058-GB-F-002 read.
LOG (lattice-oracle[5.5.480~1-09abd]:main():lattice-oracle.cc:318) %WER 0 [ 0 / 2, 0 insertions, 0 deletions, 0 sub ]
LOG (lattice-oracle[5.5.480~1-09abd]:main():lattice-oracle.cc:332) For utterance F678795855-3532868_3532868-462770529_1654045058-GB-F-002, best cost 0
Lattice F678795855-3532868_3532868-462770529_1654045058-GB-F-003 read.
LOG (lattice-oracle[5.5.480~1-09abd]:main():lattice-oracle.cc:318) %WER 0 [ 0 / 5, 0 insertions, 0 deletions, 0 sub ]
LOG (lattice-oracle[5.5.480~1-09abd]:main():lattice-oracle.cc:332) For utterance F678795855-3532868_3532868-462770529_1654045058-GB-F-003, best cost 0
Lattice F678795855-3532868_3532868-462770529_1654045058-GB-F-004 read.
LOG (lattice-oracle[5.5.480~1-09abd]:main():lattice-oracle.cc:318) %WER 0 [ 0 / 4, 0 insertions, 0 deletions, 0 sub ]
LOG (lattice-oracle[5.5.480~1-09abd]:main():lattice-oracle.cc:332) For utterance F678795855-3532868_3532868-462770529_1654045058-GB-F-004, best cost 0
Lattice F678795855-3532868_3532868-462770529_1654045058-GB-F-005 read.
LOG (lattice-oracle[5.5.480~1-09abd]:main():lattice-oracle.cc:318) %WER 0 [ 0 / 4, 0 insertions, 0 deletions, 0 sub ]
LOG (lattice-oracle[5.5.480~1-09abd]:main():lattice-oracle.cc:332) For utterance F678795855-3532868_3532868-462770529_1654045058-GB-F-005, best cost 0
Lattice F678795855-3532868_3532868-462770529_1654045058-GB-F-006 read.
LOG (lattice-oracle[5.5.480~1-09abd]:main():lattice-oracle.cc:318) %WER 0 [ 0 / 3, 0 insertions, 0 deletions, 0 sub ]
LOG (lattice-oracle[5.5.480~1-09abd]:main():lattice-oracle.cc:332) For utterance F678795855-3532868_3532868-462770529_1654045058-GB-F-006, best cost 0
Lattice F678795855-3532868_3532868-462770529_1654045058-GB-F-007 read.
LOG (lattice-oracle[5.5.480~1-09abd]:main():lattice-oracle.cc:318) %WER 0 [ 0 / 16, 0 insertions, 0 deletions, 0 sub ]
LOG (lattice-oracle[5.5.480~1-09abd]:main():lattice-oracle.cc:332) For utterance F678795855-3532868_3532868-462770529_1654045058-GB-F-007, best cost 0
Lattice F678795855-3532868_3532868-462770529_1654045058-GB-F-011 read.
LOG (lattice-oracle[5.5.480~1-09abd]:main():lattice-oracle.cc:318) %WER 0 [ 0 / 36, 0 insertions, 0 deletions, 0 sub ]
LOG (lattice-oracle[5.5.480~1-09abd]:main():lattice-oracle.cc:332) For utterance F678795855-3532868_3532868-462770529_1654045058-GB-F-011, best cost 0
Lattice F678795855-3532868_3532868-462770529_1654045058-GB-F-019 read.
LOG (lattice-oracle[5.5.480~1-09abd]:main():lattice-oracle.cc:318) %WER 0 [ 0 / 2, 0 insertions, 0 deletions, 0 sub ]
LOG (lattice-oracle[5.5.480~1-09abd]:main():lattice-oracle.cc:332) For utterance F678795855-3532868_3532868-462770529_1654045058-GB-F-019, best cost 0
Lattice F678795855-3532868_3532868-462770529_1654045058-GB-F-020 read.
LOG (lattice-oracle[5.5.480~1-09abd]:main():lattice-oracle.cc:318) %WER 0 [ 0 / 9, 0 insertions, 0 deletions, 0 sub ]
LOG (lattice-oracle[5.5.480~1-09abd]:main():lattice-oracle.cc:332) For utterance F678795855-3532868_3532868-462770529_1654045058-GB-F-020, best cost 0
Lattice F678795855-3532868_3532868-462770529_1654045058-GB-F-022 read.
LOG (lattice-oracle[5.5.480~1-09abd]:main():lattice-oracle.cc:318) %WER 0 [ 0 / 4, 0 insertions, 0 deletions, 0 sub ]
LOG (lattice-oracle[5.5.480~1-09abd]:main():lattice-oracle.cc:332) For utterance F678795855-3532868_3532868-462770529_1654045058-GB-F-022, best cost 0
Lattice F678795855-3532868_3532868-462770529_1654045058-GB-F-023 read.
LOG (lattice-oracle[5.5.480~1-09abd]:main():lattice-oracle.cc:318) %WER 0 [ 0 / 5, 0 insertions, 0 deletions, 0 sub ]
LOG (lattice-oracle[5.5.480~1-09abd]:main():lattice-oracle.cc:332) For utterance F678795855-3532868_3532868-462770529_1654045058-GB-F-023, best cost 0
Lattice F678795855-3532868_3532868-462770529_1654045058-GB-F-024 read.
LOG (lattice-oracle[5.5.480~1-09abd]:main():lattice-oracle.cc:318) %WER 0 [ 0 / 21, 0 insertions, 0 deletions, 0 sub ]
LOG (lattice-oracle[5.5.480~1-09abd]:main():lattice-oracle.cc:332) For utterance F678795855-3532868_3532868-462770529_1654045058-GB-F-024, best cost 0
Lattice F678795855-3532868_3532868-462770529_1654045058-GB-F-029 read.
LOG (lattice-oracle[5.5.480~1-09abd]:main():lattice-oracle.cc:318) %WER 0 [ 0 / 5, 0 insertions, 0 deletions, 0 sub ]
LOG (lattice-oracle[5.5.480~1-09abd]:main():lattice-oracle.cc:332) For utterance F678795855-3532868_3532868-462770529_1654045058-GB-F-029, best cost 0
Lattice F678795855-3532868_3532868-462770529_1654045058-GB-F-030 read.
LOG (lattice-oracle[5.5.480~1-09abd]:main():lattice-oracle.cc:318) %WER 0 [ 0 / 5, 0 insertions, 0 deletions, 0 sub ]
LOG (lattice-oracle[5.5.480~1-09abd]:main():lattice-oracle.cc:332) For utterance F678795855-3532868_3532868-462770529_1654045058-GB-F-030, best cost 0
Lattice F678795855-3532868_3532868-462770529_1654045058-GB-F-031 read.
LOG (lattice-oracle[5.5.480~1-09abd]:main():lattice-oracle.cc:318) %WER 50 [ 2 / 4, 2 insertions, 0 deletions, 0 sub ]
LOG (lattice-oracle[5.5.480~1-09abd]:main():lattice-oracle.cc:332) For utterance F678795855-3532868_3532868-462770529_1654045058-GB-F-031, best cost 2
Lattice F678795855-3532868_3532868-462770529_1654045058-GB-F-032 read.
LOG (lattice-oracle[5.5.480~1-09abd]:main():lattice-oracle.cc:318) %WER 16.6667 [ 2 / 12, 0 insertions, 2 deletions, 0 sub ]
LOG (lattice-oracle[5.5.480~1-09abd]:main():lattice-oracle.cc:332) For utterance F678795855-3532868_3532868-462770529_1654045058-GB-F-032, best cost 2
Lattice F678795855-3532868_3532868-462770529_1654045058-GB-F-035 read.
LOG (lattice-oracle[5.5.480~1-09abd]:main():lattice-oracle.cc:318) %WER 0 [ 0 / 13, 0 insertions, 0 deletions, 0 sub ]
LOG (lattice-oracle[5.5.480~1-09abd]:main():lattice-oracle.cc:332) For utterance F678795855-3532868_3532868-462770529_1654045058-GB-F-035, best cost 0
Lattice F678795855-3532868_3532868-462770529_1654045058-GB-F-038 read.
LOG (lattice-oracle[5.5.480~1-09abd]:main():lattice-oracle.cc:318) %WER 0 [ 0 / 3, 0 insertions, 0 deletions, 0 sub ]
LOG (lattice-oracle[5.5.480~1-09abd]:main():lattice-oracle.cc:332) For utterance F678795855-3532868_3532868-462770529_1654045058-GB-F-038, best cost 0
Lattice F678795855-3532868_3532868-462770529_1654045058-GB-F-039 read.
LOG (lattice-oracle[5.5.480~1-09abd]:main():lattice-oracle.cc:318) %WER 0 [ 0 / 32, 0 insertions, 0 deletions, 0 sub ]
LOG (lattice-oracle[5.5.480~1-09abd]:main():lattice-oracle.cc:332) For utterance F678795855-3532868_3532868-462770529_1654045058-GB-F-039, best cost 0
Lattice F678795855-3532868_3532868-462770529_1654045058-GB-F-046 read.
LOG (lattice-oracle[5.5.480~1-09abd]:main():lattice-oracle.cc:318) %WER 0 [ 0 / 7, 0 insertions, 0 deletions, 0 sub ]
LOG (lattice-oracle[5.5.480~1-09abd]:main():lattice-oracle.cc:332) For utterance F678795855-3532868_3532868-462770529_1654045058-GB-F-046, best cost 0
Lattice F678795855-3532868_3532868-462770529_1654045058-GB-F-047 read.
LOG (lattice-oracle[5.5.480~1-09abd]:main():lattice-oracle.cc:318) %WER 0 [ 0 / 2, 0 insertions, 0 deletions, 0 sub ]
LOG (lattice-oracle[5.5.480~1-09abd]:main():lattice-oracle.cc:332) For utterance F678795855-3532868_3532868-462770529_1654045058-GB-F-047, best cost 0
Lattice F678795855-3532868_3532868-462770529_1654045058-GB-F-048 read.
LOG (lattice-oracle[5.5.480~1-09abd]:main():lattice-oracle.cc:318) %WER 0 [ 0 / 9, 0 insertions, 0 deletions, 0 sub ]
LOG (lattice-oracle[5.5.480~1-09abd]:main():lattice-oracle.cc:332) For utterance F678795855-3532868_3532868-462770529_1654045058-GB-F-048, best cost 0
Lattice F678795855-3532868_3532868-462770529_1654045058-GB-F-050 read.
LOG (lattice-oracle[5.5.480~1-09abd]:main():lattice-oracle.cc:318) %WER 0 [ 0 / 16, 0 insertions, 0 deletions, 0 sub ]
LOG (lattice-oracle[5.5.480~1-09abd]:main():lattice-oracle.cc:332) For utterance F678795855-3532868_3532868-462770529_1654045058-GB-F-050, best cost 0
Lattice F678795855-3532868_3532868-462770529_1654045058-GB-F-053 read.
LOG (lattice-oracle[5.5.480~1-09abd]:main():lattice-oracle.cc:318) %WER 41.6667 [ 5 / 12, 5 insertions, 0 deletions, 0 sub ]
LOG (lattice-oracle[5.5.480~1-09abd]:main():lattice-oracle.cc:332) For utterance F678795855-3532868_3532868-462770529_1654045058-GB-F-053, best cost 5
Lattice F678795855-3532868_3532868-462770529_1654045058-GB-F-057 read.
LOG (lattice-oracle[5.5.480~1-09abd]:main():lattice-oracle.cc:318) %WER 0 [ 0 / 2, 0 insertions, 0 deletions, 0 sub ]
LOG (lattice-oracle[5.5.480~1-09abd]:main():lattice-oracle.cc:332) For utterance F678795855-3532868_3532868-462770529_1654045058-GB-F-057, best cost 0
Lattice F678795855-3532868_3532868-462770529_1654045058-GB-F-058 read.
LOG (lattice-oracle[5.5.480~1-09abd]:main():lattice-oracle.cc:318) %WER 0 [ 0 / 4, 0 insertions, 0 deletions, 0 sub ]
LOG (lattice-oracle[5.5.480~1-09abd]:main():lattice-oracle.cc:332) For utterance F678795855-3532868_3532868-462770529_1654045058-GB-F-058, best cost 0
Lattice F678795855-3532868_3532868-462770529_1654045058-GB-F-059 read.
LOG (lattice-oracle[5.5.480~1-09abd]:main():lattice-oracle.cc:318) %WER 0 [ 0 / 9, 0 insertions, 0 deletions, 0 sub ]
LOG (lattice-oracle[5.5.480~1-09abd]:main():lattice-oracle.cc:332) For utterance F678795855-3532868_3532868-462770529_1654045058-GB-F-059, best cost 0
Lattice F678795855-3532868_3532868-462770529_1654045058-GB-F-061 read.
LOG (lattice-oracle[5.5.480~1-09abd]:main():lattice-oracle.cc:318) %WER 0 [ 0 / 12, 0 insertions, 0 deletions, 0 sub ]
LOG (lattice-oracle[5.5.480~1-09abd]:main():lattice-oracle.cc:332) For utterance F678795855-3532868_3532868-462770529_1654045058-GB-F-061, best cost 0
Lattice F678795855-3532868_3532868-462770529_1654045058-GB-F-063 read.
LOG (lattice-oracle[5.5.480~1-09abd]:main():lattice-oracle.cc:318) %WER 0 [ 0 / 18, 0 insertions, 0 deletions, 0 sub ]
LOG (lattice-oracle[5.5.480~1-09abd]:main():lattice-oracle.cc:332) For utterance F678795855-3532868_3532868-462770529_1654045058-GB-F-063, best cost 0
Lattice F678795855-3532868_3532868-462770529_1654045058-GB-F-066 read.
LOG (lattice-oracle[5.5.480~1-09abd]:main():lattice-oracle.cc:318) %WER 0 [ 0 / 4, 0 insertions, 0 deletions, 0 sub ]
LOG (lattice-oracle[5.5.480~1-09abd]:main():lattice-oracle.cc:332) For utterance F678795855-3532868_3532868-462770529_1654045058-GB-F-066, best cost 0
Lattice F688611635-105824063_111593-1240874969_1641968896-GB-F-009 read.
LOG (lattice-oracle[5.5.480~1-09abd]:main():lattice-oracle.cc:318) %WER 0 [ 0 / 6, 0 insertions, 0 deletions, 0 sub ]
LOG (lattice-oracle[5.5.480~1-09abd]:main():lattice-oracle.cc:332) For utterance F688611635-105824063_111593-1240874969_1641968896-GB-F-009, best cost 0
Lattice F688611635-105824063_111593-1240874969_1641968896-GB-F-010 read.
LOG (lattice-oracle[5.5.480~1-09abd]:main():lattice-oracle.cc:318) %WER 0 [ 0 / 34, 0 insertions, 0 deletions, 0 sub ]
LOG (lattice-oracle[5.5.480~1-09abd]:main():lattice-oracle.cc:332) For utterance F688611635-105824063_111593-1240874969_1641968896-GB-F-010, best cost 0
Lattice F688611635-105824063_111593-1240874969_1641968896-GB-F-018 read.
LOG (lattice-oracle[5.5.480~1-09abd]:main():lattice-oracle.cc:318) %WER 7.14286 [ 1 / 14, 1 insertions, 0 deletions, 0 sub ]
LOG (lattice-oracle[5.5.480~1-09abd]:main():lattice-oracle.cc:332) For utterance F688611635-105824063_111593-1240874969_1641968896-GB-F-018, best cost 1
Lattice F688611635-105824063_111593-1240874969_1641968896-GB-F-023 read.
LOG (lattice-oracle[5.5.480~1-09abd]:main():lattice-oracle.cc:318) %WER 0 [ 0 / 18, 0 insertions, 0 deletions, 0 sub ]
LOG (lattice-oracle[5.5.480~1-09abd]:main():lattice-oracle.cc:332) For utterance F688611635-105824063_111593-1240874969_1641968896-GB-F-023, best cost 0
Lattice F688611635-105824063_111593-1240874969_1641968896-GB-F-027 read.
LOG (lattice-oracle[5.5.480~1-09abd]:main():lattice-oracle.cc:318) %WER 0 [ 0 / 4, 0 insertions, 0 deletions, 0 sub ]
LOG (lattice-oracle[5.5.480~1-09abd]:main():lattice-oracle.cc:332) For utterance F688611635-105824063_111593-1240874969_1641968896-GB-F-027, best cost 0
Lattice F688611635-105824063_111593-1240874969_1641968896-GB-F-028 read.
LOG (lattice-oracle[5.5.480~1-09abd]:main():lattice-oracle.cc:318) %WER 0 [ 0 / 4, 0 insertions, 0 deletions, 0 sub ]
LOG (lattice-oracle[5.5.480~1-09abd]:main():lattice-oracle.cc:332) For utterance F688611635-105824063_111593-1240874969_1641968896-GB-F-028, best cost 0
Lattice F688611635-105824063_111593-1240874969_1641968896-GB-F-029 read.
LOG (lattice-oracle[5.5.480~1-09abd]:main():lattice-oracle.cc:318) %WER 25 [ 4 / 16, 0 insertions, 3 deletions, 1 sub ]
LOG (lattice-oracle[5.5.480~1-09abd]:main():lattice-oracle.cc:332) For utterance F688611635-105824063_111593-1240874969_1641968896-GB-F-029, best cost 4
Lattice F688611635-105824063_111593-1240874969_1641968896-GB-F-037 read.
LOG (lattice-oracle[5.5.480~1-09abd]:main():lattice-oracle.cc:318) %WER 0 [ 0 / 4, 0 insertions, 0 deletions, 0 sub ]
LOG (lattice-oracle[5.5.480~1-09abd]:main():lattice-oracle.cc:332) For utterance F688611635-105824063_111593-1240874969_1641968896-GB-F-037, best cost 0
Lattice F688611635-105824063_111593-1240874969_1641968896-GB-F-038 read.
LOG (lattice-oracle[5.5.480~1-09abd]:main():lattice-oracle.cc:318) %WER 33.3333 [ 2 / 6, 0 insertions, 2 deletions, 0 sub ]
LOG (lattice-oracle[5.5.480~1-09abd]:main():lattice-oracle.cc:332) For utterance F688611635-105824063_111593-1240874969_1641968896-GB-F-038, best cost 2
Lattice F688611635-105824063_111593-1240874969_1641968896-GB-F-039 read.
LOG (lattice-oracle[5.5.480~1-09abd]:main():lattice-oracle.cc:318) %WER 0 [ 0 / 24, 0 insertions, 0 deletions, 0 sub ]
LOG (lattice-oracle[5.5.480~1-09abd]:main():lattice-oracle.cc:332) For utterance F688611635-105824063_111593-1240874969_1641968896-GB-F-039, best cost 0
Lattice F688611635-105824063_111593-1240874969_1641968896-GB-F-045 read.
LOG (lattice-oracle[5.5.480~1-09abd]:main():lattice-oracle.cc:318) %WER 0 [ 0 / 3, 0 insertions, 0 deletions, 0 sub ]
LOG (lattice-oracle[5.5.480~1-09abd]:main():lattice-oracle.cc:332) For utterance F688611635-105824063_111593-1240874969_1641968896-GB-F-045, best cost 0
Lattice F688611635-105824063_111593-1240874969_1641968896-GB-F-048 read.
LOG (lattice-oracle[5.5.480~1-09abd]:main():lattice-oracle.cc:318) %WER 9.09091 [ 1 / 11, 1 insertions, 0 deletions, 0 sub ]
LOG (lattice-oracle[5.5.480~1-09abd]:main():lattice-oracle.cc:332) For utterance F688611635-105824063_111593-1240874969_1641968896-GB-F-048, best cost 1
Lattice F688611635-105824063_111593-1240874969_1641968896-GB-F-051 read.
LOG (lattice-oracle[5.5.480~1-09abd]:main():lattice-oracle.cc:318) %WER 0 [ 0 / 34, 0 insertions, 0 deletions, 0 sub ]
LOG (lattice-oracle[5.5.480~1-09abd]:main():lattice-oracle.cc:332) For utterance F688611635-105824063_111593-1240874969_1641968896-GB-F-051, best cost 0
Lattice F688611635-105824063_111593-1240874969_1641968896-GB-F-059 read.
LOG (lattice-oracle[5.5.480~1-09abd]:main():lattice-oracle.cc:318) %WER 0 [ 0 / 3, 0 insertions, 0 deletions, 0 sub ]
LOG (lattice-oracle[5.5.480~1-09abd]:main():lattice-oracle.cc:332) For utterance F688611635-105824063_111593-1240874969_1641968896-GB-F-059, best cost 0
Lattice F688611635-105824063_111593-1240874969_1641968896-GB-F-061 read.
LOG (lattice-oracle[5.5.480~1-09abd]:main():lattice-oracle.cc:318) %WER 0 [ 0 / 3, 0 insertions, 0 deletions, 0 sub ]
LOG (lattice-oracle[5.5.480~1-09abd]:main():lattice-oracle.cc:332) For utterance F688611635-105824063_111593-1240874969_1641968896-GB-F-061, best cost 0
Lattice F688611635-105824063_111593-1240874969_1641968896-GB-F-063 read.
LOG (lattice-oracle[5.5.480~1-09abd]:main():lattice-oracle.cc:318) %WER 0 [ 0 / 1, 0 insertions, 0 deletions, 0 sub ]
LOG (lattice-oracle[5.5.480~1-09abd]:main():lattice-oracle.cc:332) For utterance F688611635-105824063_111593-1240874969_1641968896-GB-F-063, best cost 0
Lattice F700047990-261407304_80807-371492933_1528847807-GB-F-003 read.
LOG (lattice-oracle[5.5.480~1-09abd]:main():lattice-oracle.cc:318) %WER 14.2857 [ 2 / 14, 0 insertions, 2 deletions, 0 sub ]
LOG (lattice-oracle[5.5.480~1-09abd]:main():lattice-oracle.cc:332) For utterance F700047990-261407304_80807-371492933_1528847807-GB-F-003, best cost 2
Lattice F700047990-261407304_80807-371492933_1528847807-GB-F-005 read.
LOG (lattice-oracle[5.5.480~1-09abd]:main():lattice-oracle.cc:318) %WER 18.75 [ 3 / 16, 0 insertions, 3 deletions, 0 sub ]
LOG (lattice-oracle[5.5.480~1-09abd]:main():lattice-oracle.cc:332) For utterance F700047990-261407304_80807-371492933_1528847807-GB-F-005, best cost 3
Lattice F700047990-261407304_80807-371492933_1528847807-GB-F-010 read.
LOG (lattice-oracle[5.5.480~1-09abd]:main():lattice-oracle.cc:318) %WER 0 [ 0 / 17, 0 insertions, 0 deletions, 0 sub ]
LOG (lattice-oracle[5.5.480~1-09abd]:main():lattice-oracle.cc:332) For utterance F700047990-261407304_80807-371492933_1528847807-GB-F-010, best cost 0
Lattice F700047990-261407304_80807-371492933_1528847807-GB-F-013 read.
LOG (lattice-oracle[5.5.480~1-09abd]:main():lattice-oracle.cc:318) %WER 50 [ 7 / 14, 0 insertions, 7 deletions, 0 sub ]
LOG (lattice-oracle[5.5.480~1-09abd]:main():lattice-oracle.cc:332) For utterance F700047990-261407304_80807-371492933_1528847807-GB-F-013, best cost 7
Lattice F700047990-261407304_80807-371492933_1528847807-GB-F-018 read.
LOG (lattice-oracle[5.5.480~1-09abd]:main():lattice-oracle.cc:318) %WER 6.89655 [ 2 / 29, 0 insertions, 2 deletions, 0 sub ]
LOG (lattice-oracle[5.5.480~1-09abd]:main():lattice-oracle.cc:332) For utterance F700047990-261407304_80807-371492933_1528847807-GB-F-018, best cost 2
Lattice F700047990-261407304_80807-371492933_1528847807-GB-F-025 read.
LOG (lattice-oracle[5.5.480~1-09abd]:main():lattice-oracle.cc:318) %WER 0 [ 0 / 13, 0 insertions, 0 deletions, 0 sub ]
LOG (lattice-oracle[5.5.480~1-09abd]:main():lattice-oracle.cc:332) For utterance F700047990-261407304_80807-371492933_1528847807-GB-F-025, best cost 0
Lattice F700047990-261407304_80807-371492933_1528847807-GB-F-027 read.
LOG (lattice-oracle[5.5.480~1-09abd]:main():lattice-oracle.cc:318) %WER 11.1111 [ 2 / 18, 0 insertions, 2 deletions, 0 sub ]
LOG (lattice-oracle[5.5.480~1-09abd]:main():lattice-oracle.cc:332) For utterance F700047990-261407304_80807-371492933_1528847807-GB-F-027, best cost 2
Lattice F700047990-261407304_80807-371492933_1528847807-GB-F-039 read.
LOG (lattice-oracle[5.5.480~1-09abd]:main():lattice-oracle.cc:318) %WER 6 [ 3 / 50, 0 insertions, 3 deletions, 0 sub ]
LOG (lattice-oracle[5.5.480~1-09abd]:main():lattice-oracle.cc:332) For utterance F700047990-261407304_80807-371492933_1528847807-GB-F-039, best cost 3
Lattice F700047990-261407304_80807-371492933_1528847807-GB-F-054 read.
LOG (lattice-oracle[5.5.480~1-09abd]:main():lattice-oracle.cc:318) %WER 14.2857 [ 1 / 7, 0 insertions, 1 deletions, 0 sub ]
LOG (lattice-oracle[5.5.480~1-09abd]:main():lattice-oracle.cc:332) For utterance F700047990-261407304_80807-371492933_1528847807-GB-F-054, best cost 1
Lattice F700047990-261407304_80807-371492933_1528847807-GB-F-055 read.
LOG (lattice-oracle[5.5.480~1-09abd]:main():lattice-oracle.cc:318) %WER 15.3846 [ 2 / 13, 1 insertions, 1 deletions, 0 sub ]
LOG (lattice-oracle[5.5.480~1-09abd]:main():lattice-oracle.cc:332) For utterance F700047990-261407304_80807-371492933_1528847807-GB-F-055, best cost 2
Lattice F700047990-261407304_80807-371492933_1528847807-GB-F-057 read.
LOG (lattice-oracle[5.5.480~1-09abd]:main():lattice-oracle.cc:318) %WER 10 [ 1 / 10, 0 insertions, 1 deletions, 0 sub ]
LOG (lattice-oracle[5.5.480~1-09abd]:main():lattice-oracle.cc:332) For utterance F700047990-261407304_80807-371492933_1528847807-GB-F-057, best cost 1
Lattice F700047990-261407304_80807-371492933_1528847807-GB-F-060 read.
LOG (lattice-oracle[5.5.480~1-09abd]:main():lattice-oracle.cc:318) %WER 15 [ 3 / 20, 0 insertions, 2 deletions, 1 sub ]
LOG (lattice-oracle[5.5.480~1-09abd]:main():lattice-oracle.cc:332) For utterance F700047990-261407304_80807-371492933_1528847807-GB-F-060, best cost 3
Lattice F700047990-261407304_80807-371492933_1528847807-GB-F-064 read.
LOG (lattice-oracle[5.5.480~1-09abd]:main():lattice-oracle.cc:318) %WER 9.09091 [ 1 / 11, 1 insertions, 0 deletions, 0 sub ]
LOG (lattice-oracle[5.5.480~1-09abd]:main():lattice-oracle.cc:332) For utterance F700047990-261407304_80807-371492933_1528847807-GB-F-064, best cost 1
Lattice F700047990-261407304_80807-371492933_1528847807-GB-F-066 read.
LOG (lattice-oracle[5.5.480~1-09abd]:main():lattice-oracle.cc:318) %WER 0 [ 0 / 16, 0 insertions, 0 deletions, 0 sub ]
LOG (lattice-oracle[5.5.480~1-09abd]:main():lattice-oracle.cc:332) For utterance F700047990-261407304_80807-371492933_1528847807-GB-F-066, best cost 0
Lattice F700047990-261407304_80807-371492933_1528847807-GB-F-070 read.
LOG (lattice-oracle[5.5.480~1-09abd]:main():lattice-oracle.cc:318) %WER 8.33333 [ 1 / 12, 1 insertions, 0 deletions, 0 sub ]
LOG (lattice-oracle[5.5.480~1-09abd]:main():lattice-oracle.cc:332) For utterance F700047990-261407304_80807-371492933_1528847807-GB-F-070, best cost 1
Lattice F700047990-261407304_80807-371492933_1528847807-GB-F-074 read.
LOG (lattice-oracle[5.5.480~1-09abd]:main():lattice-oracle.cc:318) %WER 0 [ 0 / 6, 0 insertions, 0 deletions, 0 sub ]
LOG (lattice-oracle[5.5.480~1-09abd]:main():lattice-oracle.cc:332) For utterance F700047990-261407304_80807-371492933_1528847807-GB-F-074, best cost 0
Lattice F700047990-261407304_80807-371492933_1528847807-GB-F-075 read.
LOG (lattice-oracle[5.5.480~1-09abd]:main():lattice-oracle.cc:318) %WER 0 [ 0 / 10, 0 insertions, 0 deletions, 0 sub ]
LOG (lattice-oracle[5.5.480~1-09abd]:main():lattice-oracle.cc:332) For utterance F700047990-261407304_80807-371492933_1528847807-GB-F-075, best cost 0
Lattice F700047990-261407304_80807-371492933_1528847807-GB-F-077 read.
LOG (lattice-oracle[5.5.480~1-09abd]:main():lattice-oracle.cc:318) %WER 0 [ 0 / 7, 0 insertions, 0 deletions, 0 sub ]
LOG (lattice-oracle[5.5.480~1-09abd]:main():lattice-oracle.cc:332) For utterance F700047990-261407304_80807-371492933_1528847807-GB-F-077, best cost 0
Lattice F700047990-261407304_80807-371492933_1528847807-GB-F-078 read.
LOG (lattice-oracle[5.5.480~1-09abd]:main():lattice-oracle.cc:318) %WER 16.6667 [ 1 / 6, 1 insertions, 0 deletions, 0 sub ]
LOG (lattice-oracle[5.5.480~1-09abd]:main():lattice-oracle.cc:332) For utterance F700047990-261407304_80807-371492933_1528847807-GB-F-078, best cost 1
Lattice F700047990-261407304_80807-371492933_1528847807-GB-F-079 read.
LOG (lattice-oracle[5.5.480~1-09abd]:main():lattice-oracle.cc:318) %WER 0 [ 0 / 7, 0 insertions, 0 deletions, 0 sub ]
LOG (lattice-oracle[5.5.480~1-09abd]:main():lattice-oracle.cc:332) For utterance F700047990-261407304_80807-371492933_1528847807-GB-F-079, best cost 0
Lattice F700047990-261407304_80807-371492933_1528847807-GB-F-080 read.
LOG (lattice-oracle[5.5.480~1-09abd]:main():lattice-oracle.cc:318) %WER 0 [ 0 / 10, 0 insertions, 0 deletions, 0 sub ]
LOG (lattice-oracle[5.5.480~1-09abd]:main():lattice-oracle.cc:332) For utterance F700047990-261407304_80807-371492933_1528847807-GB-F-080, best cost 0
Lattice F700047990-261407304_80807-371492933_1528847807-GB-F-083 read.
LOG (lattice-oracle[5.5.480~1-09abd]:main():lattice-oracle.cc:318) %WER 0 [ 0 / 8, 0 insertions, 0 deletions, 0 sub ]
LOG (lattice-oracle[5.5.480~1-09abd]:main():lattice-oracle.cc:332) For utterance F700047990-261407304_80807-371492933_1528847807-GB-F-083, best cost 0
Lattice F700047990-261407304_80807-371492933_1528847807-GB-F-085 read.
LOG (lattice-oracle[5.5.480~1-09abd]:main():lattice-oracle.cc:318) %WER 0 [ 0 / 12, 0 insertions, 0 deletions, 0 sub ]
LOG (lattice-oracle[5.5.480~1-09abd]:main():lattice-oracle.cc:332) For utterance F700047990-261407304_80807-371492933_1528847807-GB-F-085, best cost 0
Lattice F700047990-261407304_80807-371492933_1528847807-GB-F-088 read.
LOG (lattice-oracle[5.5.480~1-09abd]:main():lattice-oracle.cc:318) %WER 0 [ 0 / 4, 0 insertions, 0 deletions, 0 sub ]
LOG (lattice-oracle[5.5.480~1-09abd]:main():lattice-oracle.cc:332) For utterance F700047990-261407304_80807-371492933_1528847807-GB-F-088, best cost 0
Lattice F700047990-261407304_80807-371492933_1528847807-GB-F-089 read.
LOG (lattice-oracle[5.5.480~1-09abd]:main():lattice-oracle.cc:318) %WER 0 [ 0 / 4, 0 insertions, 0 deletions, 0 sub ]
LOG (lattice-oracle[5.5.480~1-09abd]:main():lattice-oracle.cc:332) For utterance F700047990-261407304_80807-371492933_1528847807-GB-F-089, best cost 0
Lattice F700047990-261407304_80807-371492933_1528847807-GB-F-090 read.
LOG (lattice-oracle[5.5.480~1-09abd]:main():lattice-oracle.cc:318) %WER 0 [ 0 / 4, 0 insertions, 0 deletions, 0 sub ]
LOG (lattice-oracle[5.5.480~1-09abd]:main():lattice-oracle.cc:332) For utterance F700047990-261407304_80807-371492933_1528847807-GB-F-090, best cost 0
Lattice F715584554-3769646_3769646-1221818620_1633519756-GB-F-001 read.
LOG (lattice-oracle[5.5.480~1-09abd]:main():lattice-oracle.cc:318) %WER 0 [ 0 / 11, 0 insertions, 0 deletions, 0 sub ]
LOG (lattice-oracle[5.5.480~1-09abd]:main():lattice-oracle.cc:332) For utterance F715584554-3769646_3769646-1221818620_1633519756-GB-F-001, best cost 0
Lattice F715584554-3769646_3769646-1221818620_1633519756-GB-F-002 read.
LOG (lattice-oracle[5.5.480~1-09abd]:main():lattice-oracle.cc:318) %WER 9.09091 [ 1 / 11, 1 insertions, 0 deletions, 0 sub ]
LOG (lattice-oracle[5.5.480~1-09abd]:main():lattice-oracle.cc:332) For utterance F715584554-3769646_3769646-1221818620_1633519756-GB-F-002, best cost 1
Lattice F715584554-3769646_3769646-1221818620_1633519756-GB-F-003 read.
LOG (lattice-oracle[5.5.480~1-09abd]:main():lattice-oracle.cc:318) %WER 0 [ 0 / 14, 0 insertions, 0 deletions, 0 sub ]
LOG (lattice-oracle[5.5.480~1-09abd]:main():lattice-oracle.cc:332) For utterance F715584554-3769646_3769646-1221818620_1633519756-GB-F-003, best cost 0
Lattice F715584554-3769646_3769646-1221818620_1633519756-GB-F-004 read.
LOG (lattice-oracle[5.5.480~1-09abd]:main():lattice-oracle.cc:318) %WER 0 [ 0 / 11, 0 insertions, 0 deletions, 0 sub ]
LOG (lattice-oracle[5.5.480~1-09abd]:main():lattice-oracle.cc:332) For utterance F715584554-3769646_3769646-1221818620_1633519756-GB-F-004, best cost 0
Lattice F715584554-3769646_3769646-1221818620_1633519756-GB-F-005 read.
LOG (lattice-oracle[5.5.480~1-09abd]:main():lattice-oracle.cc:318) %WER 0 [ 0 / 6, 0 insertions, 0 deletions, 0 sub ]
LOG (lattice-oracle[5.5.480~1-09abd]:main():lattice-oracle.cc:332) For utterance F715584554-3769646_3769646-1221818620_1633519756-GB-F-005, best cost 0
Lattice F715584554-3769646_3769646-1221818620_1633519756-GB-F-006 read.
LOG (lattice-oracle[5.5.480~1-09abd]:main():lattice-oracle.cc:318) %WER 0 [ 0 / 7, 0 insertions, 0 deletions, 0 sub ]
LOG (lattice-oracle[5.5.480~1-09abd]:main():lattice-oracle.cc:332) For utterance F715584554-3769646_3769646-1221818620_1633519756-GB-F-006, best cost 0
Lattice F715584554-3769646_3769646-1221818620_1633519756-GB-F-007 read.
LOG (lattice-oracle[5.5.480~1-09abd]:main():lattice-oracle.cc:318) %WER 0 [ 0 / 11, 0 insertions, 0 deletions, 0 sub ]
LOG (lattice-oracle[5.5.480~1-09abd]:main():lattice-oracle.cc:332) For utterance F715584554-3769646_3769646-1221818620_1633519756-GB-F-007, best cost 0
Lattice F715584554-3769646_3769646-1221818620_1633519756-GB-F-008 read.
LOG (lattice-oracle[5.5.480~1-09abd]:main():lattice-oracle.cc:318) %WER 0 [ 0 / 12, 0 insertions, 0 deletions, 0 sub ]
LOG (lattice-oracle[5.5.480~1-09abd]:main():lattice-oracle.cc:332) For utterance F715584554-3769646_3769646-1221818620_1633519756-GB-F-008, best cost 0
Lattice F715584554-3769646_3769646-1221818620_1633519756-GB-F-009 read.
LOG (lattice-oracle[5.5.480~1-09abd]:main():lattice-oracle.cc:318) %WER 0 [ 0 / 13, 0 insertions, 0 deletions, 0 sub ]
LOG (lattice-oracle[5.5.480~1-09abd]:main():lattice-oracle.cc:332) For utterance F715584554-3769646_3769646-1221818620_1633519756-GB-F-009, best cost 0
Lattice F715584554-3769646_3769646-1221818620_1633519756-GB-F-010 read.
LOG (lattice-oracle[5.5.480~1-09abd]:main():lattice-oracle.cc:318) %WER 0 [ 0 / 10, 0 insertions, 0 deletions, 0 sub ]
LOG (lattice-oracle[5.5.480~1-09abd]:main():lattice-oracle.cc:332) For utterance F715584554-3769646_3769646-1221818620_1633519756-GB-F-010, best cost 0
Lattice F715584554-3769646_3769646-1221818620_1633519756-GB-F-011 read.
LOG (lattice-oracle[5.5.480~1-09abd]:main():lattice-oracle.cc:318) %WER 0 [ 0 / 10, 0 insertions, 0 deletions, 0 sub ]
LOG (lattice-oracle[5.5.480~1-09abd]:main():lattice-oracle.cc:332) For utterance F715584554-3769646_3769646-1221818620_1633519756-GB-F-011, best cost 0
Lattice F715584554-3769646_3769646-1221818620_1633519756-GB-F-012 read.
LOG (lattice-oracle[5.5.480~1-09abd]:main():lattice-oracle.cc:318) %WER 16.6667 [ 2 / 12, 0 insertions, 2 deletions, 0 sub ]
LOG (lattice-oracle[5.5.480~1-09abd]:main():lattice-oracle.cc:332) For utterance F715584554-3769646_3769646-1221818620_1633519756-GB-F-012, best cost 2
Lattice F715584554-3769646_3769646-1221818620_1633519756-GB-F-013 read.
LOG (lattice-oracle[5.5.480~1-09abd]:main():lattice-oracle.cc:318) %WER 0 [ 0 / 13, 0 insertions, 0 deletions, 0 sub ]
LOG (lattice-oracle[5.5.480~1-09abd]:main():lattice-oracle.cc:332) For utterance F715584554-3769646_3769646-1221818620_1633519756-GB-F-013, best cost 0
Lattice F715584554-3769646_3769646-1221818620_1633519756-GB-F-014 read.
LOG (lattice-oracle[5.5.480~1-09abd]:main():lattice-oracle.cc:318) %WER 0 [ 0 / 16, 0 insertions, 0 deletions, 0 sub ]
LOG (lattice-oracle[5.5.480~1-09abd]:main():lattice-oracle.cc:332) For utterance F715584554-3769646_3769646-1221818620_1633519756-GB-F-014, best cost 0
Lattice F715584554-3769646_3769646-1221818620_1633519756-GB-F-016 read.
LOG (lattice-oracle[5.5.480~1-09abd]:main():lattice-oracle.cc:318) %WER 0 [ 0 / 18, 0 insertions, 0 deletions, 0 sub ]
LOG (lattice-oracle[5.5.480~1-09abd]:main():lattice-oracle.cc:332) For utterance F715584554-3769646_3769646-1221818620_1633519756-GB-F-016, best cost 0
Lattice F715584554-3769646_3769646-1221818620_1633519756-GB-F-018 read.
LOG (lattice-oracle[5.5.480~1-09abd]:main():lattice-oracle.cc:318) %WER 0 [ 0 / 12, 0 insertions, 0 deletions, 0 sub ]
LOG (lattice-oracle[5.5.480~1-09abd]:main():lattice-oracle.cc:332) For utterance F715584554-3769646_3769646-1221818620_1633519756-GB-F-018, best cost 0
Lattice F715584554-3769646_3769646-1221818620_1633519756-GB-F-019 read.
LOG (lattice-oracle[5.5.480~1-09abd]:main():lattice-oracle.cc:318) %WER 0 [ 0 / 13, 0 insertions, 0 deletions, 0 sub ]
LOG (lattice-oracle[5.5.480~1-09abd]:main():lattice-oracle.cc:332) For utterance F715584554-3769646_3769646-1221818620_1633519756-GB-F-019, best cost 0
Lattice F715584554-3769646_3769646-1221818620_1633519756-GB-F-020 read.
LOG (lattice-oracle[5.5.480~1-09abd]:main():lattice-oracle.cc:318) %WER 0 [ 0 / 10, 0 insertions, 0 deletions, 0 sub ]
LOG (lattice-oracle[5.5.480~1-09abd]:main():lattice-oracle.cc:332) For utterance F715584554-3769646_3769646-1221818620_1633519756-GB-F-020, best cost 0
Lattice F715584554-3769646_3769646-1221818620_1633519756-GB-F-021 read.
LOG (lattice-oracle[5.5.480~1-09abd]:main():lattice-oracle.cc:318) %WER 15.3846 [ 2 / 13, 2 insertions, 0 deletions, 0 sub ]
LOG (lattice-oracle[5.5.480~1-09abd]:main():lattice-oracle.cc:332) For utterance F715584554-3769646_3769646-1221818620_1633519756-GB-F-021, best cost 2
Lattice F715584554-3769646_3769646-1221818620_1633519756-GB-F-022 read.
LOG (lattice-oracle[5.5.480~1-09abd]:main():lattice-oracle.cc:318) %WER 0 [ 0 / 22, 0 insertions, 0 deletions, 0 sub ]
LOG (lattice-oracle[5.5.480~1-09abd]:main():lattice-oracle.cc:332) For utterance F715584554-3769646_3769646-1221818620_1633519756-GB-F-022, best cost 0
Lattice F715584554-3769646_3769646-1221818620_1633519756-GB-F-024 read.
LOG (lattice-oracle[5.5.480~1-09abd]:main():lattice-oracle.cc:318) %WER 0 [ 0 / 6, 0 insertions, 0 deletions, 0 sub ]
LOG (lattice-oracle[5.5.480~1-09abd]:main():lattice-oracle.cc:332) For utterance F715584554-3769646_3769646-1221818620_1633519756-GB-F-024, best cost 0
Lattice F715584554-3769646_3769646-1221818620_1633519756-GB-F-025 read.
LOG (lattice-oracle[5.5.480~1-09abd]:main():lattice-oracle.cc:318) %WER 0 [ 0 / 6, 0 insertions, 0 deletions, 0 sub ]
LOG (lattice-oracle[5.5.480~1-09abd]:main():lattice-oracle.cc:332) For utterance F715584554-3769646_3769646-1221818620_1633519756-GB-F-025, best cost 0
Lattice F715584554-3769646_3769646-1221818620_1633519756-GB-F-026 read.
LOG (lattice-oracle[5.5.480~1-09abd]:main():lattice-oracle.cc:318) %WER 0 [ 0 / 10, 0 insertions, 0 deletions, 0 sub ]
LOG (lattice-oracle[5.5.480~1-09abd]:main():lattice-oracle.cc:332) For utterance F715584554-3769646_3769646-1221818620_1633519756-GB-F-026, best cost 0
Lattice F715584554-3769646_3769646-1221818620_1633519756-GB-F-028 read.
LOG (lattice-oracle[5.5.480~1-09abd]:main():lattice-oracle.cc:318) %WER 0 [ 0 / 14, 0 insertions, 0 deletions, 0 sub ]
LOG (lattice-oracle[5.5.480~1-09abd]:main():lattice-oracle.cc:332) For utterance F715584554-3769646_3769646-1221818620_1633519756-GB-F-028, best cost 0
Lattice F715584554-3769646_3769646-1221818620_1633519756-GB-F-029 read.
LOG (lattice-oracle[5.5.480~1-09abd]:main():lattice-oracle.cc:318) %WER 0 [ 0 / 26, 0 insertions, 0 deletions, 0 sub ]
LOG (lattice-oracle[5.5.480~1-09abd]:main():lattice-oracle.cc:332) For utterance F715584554-3769646_3769646-1221818620_1633519756-GB-F-029, best cost 0
Lattice F715584554-3772054_3772054-1221818620_1584850815-GB-F-001 read.
LOG (lattice-oracle[5.5.480~1-09abd]:main():lattice-oracle.cc:318) %WER 0 [ 0 / 4, 0 insertions, 0 deletions, 0 sub ]
LOG (lattice-oracle[5.5.480~1-09abd]:main():lattice-oracle.cc:332) For utterance F715584554-3772054_3772054-1221818620_1584850815-GB-F-001, best cost 0
Lattice F715584554-3772054_3772054-1221818620_1584850815-GB-F-002 read.
LOG (lattice-oracle[5.5.480~1-09abd]:main():lattice-oracle.cc:318) %WER 0 [ 0 / 4, 0 insertions, 0 deletions, 0 sub ]
LOG (lattice-oracle[5.5.480~1-09abd]:main():lattice-oracle.cc:332) For utterance F715584554-3772054_3772054-1221818620_1584850815-GB-F-002, best cost 0
Lattice F715584554-3772054_3772054-1221818620_1584850815-GB-F-003 read.
LOG (lattice-oracle[5.5.480~1-09abd]:main():lattice-oracle.cc:318) %WER 0 [ 0 / 4, 0 insertions, 0 deletions, 0 sub ]
LOG (lattice-oracle[5.5.480~1-09abd]:main():lattice-oracle.cc:332) For utterance F715584554-3772054_3772054-1221818620_1584850815-GB-F-003, best cost 0
Lattice F715584554-3772054_3772054-1221818620_1584850815-GB-F-004 read.
LOG (lattice-oracle[5.5.480~1-09abd]:main():lattice-oracle.cc:318) %WER 0 [ 0 / 8, 0 insertions, 0 deletions, 0 sub ]
LOG (lattice-oracle[5.5.480~1-09abd]:main():lattice-oracle.cc:332) For utterance F715584554-3772054_3772054-1221818620_1584850815-GB-F-004, best cost 0
Lattice F715584554-3772054_3772054-1221818620_1584850815-GB-F-005 read.
LOG (lattice-oracle[5.5.480~1-09abd]:main():lattice-oracle.cc:318) %WER 0 [ 0 / 4, 0 insertions, 0 deletions, 0 sub ]
LOG (lattice-oracle[5.5.480~1-09abd]:main():lattice-oracle.cc:332) For utterance F715584554-3772054_3772054-1221818620_1584850815-GB-F-005, best cost 0
Lattice F715584554-3772054_3772054-1221818620_1584850815-GB-F-006 read.
LOG (lattice-oracle[5.5.480~1-09abd]:main():lattice-oracle.cc:318) %WER 0 [ 0 / 8, 0 insertions, 0 deletions, 0 sub ]
LOG (lattice-oracle[5.5.480~1-09abd]:main():lattice-oracle.cc:332) For utterance F715584554-3772054_3772054-1221818620_1584850815-GB-F-006, best cost 0
Lattice F715584554-3772054_3772054-1221818620_1584850815-GB-F-007 read.
LOG (lattice-oracle[5.5.480~1-09abd]:main():lattice-oracle.cc:318) %WER 7.69231 [ 1 / 13, 1 insertions, 0 deletions, 0 sub ]
LOG (lattice-oracle[5.5.480~1-09abd]:main():lattice-oracle.cc:332) For utterance F715584554-3772054_3772054-1221818620_1584850815-GB-F-007, best cost 1
Lattice F715584554-3772054_3772054-1221818620_1584850815-GB-F-009 read.
LOG (lattice-oracle[5.5.480~1-09abd]:main():lattice-oracle.cc:318) %WER 0 [ 0 / 7, 0 insertions, 0 deletions, 0 sub ]
LOG (lattice-oracle[5.5.480~1-09abd]:main():lattice-oracle.cc:332) For utterance F715584554-3772054_3772054-1221818620_1584850815-GB-F-009, best cost 0
Lattice F715584554-3772054_3772054-1221818620_1584850815-GB-F-010 read.
LOG (lattice-oracle[5.5.480~1-09abd]:main():lattice-oracle.cc:318) %WER 0 [ 0 / 5, 0 insertions, 0 deletions, 0 sub ]
LOG (lattice-oracle[5.5.480~1-09abd]:main():lattice-oracle.cc:332) For utterance F715584554-3772054_3772054-1221818620_1584850815-GB-F-010, best cost 0
Lattice F715584554-3772054_3772054-1221818620_1584850815-GB-F-011 read.
LOG (lattice-oracle[5.5.480~1-09abd]:main():lattice-oracle.cc:318) %WER 0 [ 0 / 4, 0 insertions, 0 deletions, 0 sub ]
LOG (lattice-oracle[5.5.480~1-09abd]:main():lattice-oracle.cc:332) For utterance F715584554-3772054_3772054-1221818620_1584850815-GB-F-011, best cost 0
Lattice F715584554-3772054_3772054-1221818620_1584850815-GB-F-012 read.
LOG (lattice-oracle[5.5.480~1-09abd]:main():lattice-oracle.cc:318) %WER 0 [ 0 / 8, 0 insertions, 0 deletions, 0 sub ]
LOG (lattice-oracle[5.5.480~1-09abd]:main():lattice-oracle.cc:332) For utterance F715584554-3772054_3772054-1221818620_1584850815-GB-F-012, best cost 0
Lattice F715584554-3772054_3772054-1221818620_1584850815-GB-F-013 read.
LOG (lattice-oracle[5.5.480~1-09abd]:main():lattice-oracle.cc:318) %WER 0 [ 0 / 4, 0 insertions, 0 deletions, 0 sub ]
LOG (lattice-oracle[5.5.480~1-09abd]:main():lattice-oracle.cc:332) For utterance F715584554-3772054_3772054-1221818620_1584850815-GB-F-013, best cost 0
Lattice F715584554-3772054_3772054-1221818620_1584850815-GB-F-014 read.
LOG (lattice-oracle[5.5.480~1-09abd]:main():lattice-oracle.cc:318) %WER 0 [ 0 / 8, 0 insertions, 0 deletions, 0 sub ]
LOG (lattice-oracle[5.5.480~1-09abd]:main():lattice-oracle.cc:332) For utterance F715584554-3772054_3772054-1221818620_1584850815-GB-F-014, best cost 0
Lattice F715584554-3772054_3772054-1221818620_1584850815-GB-F-015 read.
LOG (lattice-oracle[5.5.480~1-09abd]:main():lattice-oracle.cc:318) %WER 0 [ 0 / 4, 0 insertions, 0 deletions, 0 sub ]
LOG (lattice-oracle[5.5.480~1-09abd]:main():lattice-oracle.cc:332) For utterance F715584554-3772054_3772054-1221818620_1584850815-GB-F-015, best cost 0
Lattice F715584554-3772054_3772054-1221818620_1584850815-GB-F-016 read.
LOG (lattice-oracle[5.5.480~1-09abd]:main():lattice-oracle.cc:318) %WER 0 [ 0 / 8, 0 insertions, 0 deletions, 0 sub ]
LOG (lattice-oracle[5.5.480~1-09abd]:main():lattice-oracle.cc:332) For utterance F715584554-3772054_3772054-1221818620_1584850815-GB-F-016, best cost 0
Lattice F715584554-3772054_3772054-1221818620_1584850815-GB-F-017 read.
LOG (lattice-oracle[5.5.480~1-09abd]:main():lattice-oracle.cc:318) %WER 0 [ 0 / 4, 0 insertions, 0 deletions, 0 sub ]
LOG (lattice-oracle[5.5.480~1-09abd]:main():lattice-oracle.cc:332) For utterance F715584554-3772054_3772054-1221818620_1584850815-GB-F-017, best cost 0
Lattice F715584554-3772054_3772054-1221818620_1584850815-GB-F-018 read.
LOG (lattice-oracle[5.5.480~1-09abd]:main():lattice-oracle.cc:318) %WER 0 [ 0 / 8, 0 insertions, 0 deletions, 0 sub ]
LOG (lattice-oracle[5.5.480~1-09abd]:main():lattice-oracle.cc:332) For utterance F715584554-3772054_3772054-1221818620_1584850815-GB-F-018, best cost 0
Lattice F715584554-3772054_3772054-1221818620_1584850815-GB-F-019 read.
LOG (lattice-oracle[5.5.480~1-09abd]:main():lattice-oracle.cc:318) %WER 0 [ 0 / 13, 0 insertions, 0 deletions, 0 sub ]
LOG (lattice-oracle[5.5.480~1-09abd]:main():lattice-oracle.cc:332) For utterance F715584554-3772054_3772054-1221818620_1584850815-GB-F-019, best cost 0
Lattice F715584554-3772054_3772054-1221818620_1584850815-GB-F-021 read.
LOG (lattice-oracle[5.5.480~1-09abd]:main():lattice-oracle.cc:318) %WER 0 [ 0 / 7, 0 insertions, 0 deletions, 0 sub ]
LOG (lattice-oracle[5.5.480~1-09abd]:main():lattice-oracle.cc:332) For utterance F715584554-3772054_3772054-1221818620_1584850815-GB-F-021, best cost 0
Lattice F715584554-3772054_3772054-1221818620_1584850815-GB-F-022 read.
LOG (lattice-oracle[5.5.480~1-09abd]:main():lattice-oracle.cc:318) %WER 0 [ 0 / 5, 0 insertions, 0 deletions, 0 sub ]
LOG (lattice-oracle[5.5.480~1-09abd]:main():lattice-oracle.cc:332) For utterance F715584554-3772054_3772054-1221818620_1584850815-GB-F-022, best cost 0
Lattice F715584554-3772054_3772054-1221818620_1584850815-GB-F-023 read.
LOG (lattice-oracle[5.5.480~1-09abd]:main():lattice-oracle.cc:318) %WER 0 [ 0 / 7, 0 insertions, 0 deletions, 0 sub ]
LOG (lattice-oracle[5.5.480~1-09abd]:main():lattice-oracle.cc:332) For utterance F715584554-3772054_3772054-1221818620_1584850815-GB-F-023, best cost 0
Lattice F715584554-3772054_3772054-1221818620_1584850815-GB-F-024 read.
LOG (lattice-oracle[5.5.480~1-09abd]:main():lattice-oracle.cc:318) %WER 0 [ 0 / 7, 0 insertions, 0 deletions, 0 sub ]
LOG (lattice-oracle[5.5.480~1-09abd]:main():lattice-oracle.cc:332) For utterance F715584554-3772054_3772054-1221818620_1584850815-GB-F-024, best cost 0
Lattice F715584554-3772054_3772054-1221818620_1584850815-GB-F-025 read.
LOG (lattice-oracle[5.5.480~1-09abd]:main():lattice-oracle.cc:318) %WER 0 [ 0 / 6, 0 insertions, 0 deletions, 0 sub ]
LOG (lattice-oracle[5.5.480~1-09abd]:main():lattice-oracle.cc:332) For utterance F715584554-3772054_3772054-1221818620_1584850815-GB-F-025, best cost 0
Lattice F715584554-3772054_3772054-1221818620_1584850815-GB-F-026 read.
LOG (lattice-oracle[5.5.480~1-09abd]:main():lattice-oracle.cc:318) %WER 0 [ 0 / 6, 0 insertions, 0 deletions, 0 sub ]
LOG (lattice-oracle[5.5.480~1-09abd]:main():lattice-oracle.cc:332) For utterance F715584554-3772054_3772054-1221818620_1584850815-GB-F-026, best cost 0
Lattice F715584554-3772054_3772054-1221818620_1584850815-GB-F-027 read.
LOG (lattice-oracle[5.5.480~1-09abd]:main():lattice-oracle.cc:318) %WER 9.67742 [ 3 / 31, 0 insertions, 1 deletions, 2 sub ]
LOG (lattice-oracle[5.5.480~1-09abd]:main():lattice-oracle.cc:332) For utterance F715584554-3772054_3772054-1221818620_1584850815-GB-F-027, best cost 3
Lattice F715584554-3772054_3772054-1221818620_1584850815-GB-F-032 read.
LOG (lattice-oracle[5.5.480~1-09abd]:main():lattice-oracle.cc:318) %WER 0 [ 0 / 2, 0 insertions, 0 deletions, 0 sub ]
LOG (lattice-oracle[5.5.480~1-09abd]:main():lattice-oracle.cc:332) For utterance F715584554-3772054_3772054-1221818620_1584850815-GB-F-032, best cost 0
Lattice F715584554-3772054_3772054-1221818620_1584850815-GB-F-033 read.
LOG (lattice-oracle[5.5.480~1-09abd]:main():lattice-oracle.cc:318) %WER 0 [ 0 / 3, 0 insertions, 0 deletions, 0 sub ]
LOG (lattice-oracle[5.5.480~1-09abd]:main():lattice-oracle.cc:332) For utterance F715584554-3772054_3772054-1221818620_1584850815-GB-F-033, best cost 0
Lattice F715584554-3772054_3772054-1221818620_1584850815-GB-F-034 read.
LOG (lattice-oracle[5.5.480~1-09abd]:main():lattice-oracle.cc:318) %WER 0 [ 0 / 4, 0 insertions, 0 deletions, 0 sub ]
LOG (lattice-oracle[5.5.480~1-09abd]:main():lattice-oracle.cc:332) For utterance F715584554-3772054_3772054-1221818620_1584850815-GB-F-034, best cost 0
Lattice F74261709-408330101_160902-477601984_1547508439-GB-F-001 read.
LOG (lattice-oracle[5.5.480~1-09abd]:main():lattice-oracle.cc:318) %WER 0 [ 0 / 6, 0 insertions, 0 deletions, 0 sub ]
LOG (lattice-oracle[5.5.480~1-09abd]:main():lattice-oracle.cc:332) For utterance F74261709-408330101_160902-477601984_1547508439-GB-F-001, best cost 0
Lattice F74261709-408330101_160902-477601984_1547508439-GB-F-002 read.
LOG (lattice-oracle[5.5.480~1-09abd]:main():lattice-oracle.cc:318) %WER 0 [ 0 / 6, 0 insertions, 0 deletions, 0 sub ]
LOG (lattice-oracle[5.5.480~1-09abd]:main():lattice-oracle.cc:332) For utterance F74261709-408330101_160902-477601984_1547508439-GB-F-002, best cost 0
Lattice F74261709-408330101_160902-477601984_1547508439-GB-F-003 read.
LOG (lattice-oracle[5.5.480~1-09abd]:main():lattice-oracle.cc:318) %WER 0 [ 0 / 7, 0 insertions, 0 deletions, 0 sub ]
LOG (lattice-oracle[5.5.480~1-09abd]:main():lattice-oracle.cc:332) For utterance F74261709-408330101_160902-477601984_1547508439-GB-F-003, best cost 0
Lattice F74261709-408330101_160902-477601984_1547508439-GB-F-004 read.
LOG (lattice-oracle[5.5.480~1-09abd]:main():lattice-oracle.cc:318) %WER 0 [ 0 / 4, 0 insertions, 0 deletions, 0 sub ]
LOG (lattice-oracle[5.5.480~1-09abd]:main():lattice-oracle.cc:332) For utterance F74261709-408330101_160902-477601984_1547508439-GB-F-004, best cost 0
Lattice F74261709-408330101_160902-477601984_1547508439-GB-F-005 read.
LOG (lattice-oracle[5.5.480~1-09abd]:main():lattice-oracle.cc:318) %WER 11.1111 [ 1 / 9, 0 insertions, 1 deletions, 0 sub ]
LOG (lattice-oracle[5.5.480~1-09abd]:main():lattice-oracle.cc:332) For utterance F74261709-408330101_160902-477601984_1547508439-GB-F-005, best cost 1
Lattice F74261709-408330101_160902-477601984_1547508439-GB-F-008 read.
LOG (lattice-oracle[5.5.480~1-09abd]:main():lattice-oracle.cc:318) %WER 0 [ 0 / 4, 0 insertions, 0 deletions, 0 sub ]
LOG (lattice-oracle[5.5.480~1-09abd]:main():lattice-oracle.cc:332) For utterance F74261709-408330101_160902-477601984_1547508439-GB-F-008, best cost 0
Lattice F74261709-408330101_160902-477601984_1547508439-GB-F-009 read.
LOG (lattice-oracle[5.5.480~1-09abd]:main():lattice-oracle.cc:318) %WER 40 [ 2 / 5, 0 insertions, 2 deletions, 0 sub ]
LOG (lattice-oracle[5.5.480~1-09abd]:main():lattice-oracle.cc:332) For utterance F74261709-408330101_160902-477601984_1547508439-GB-F-009, best cost 2
Lattice F74261709-408330101_160902-477601984_1547508439-GB-F-010 read.
LOG (lattice-oracle[5.5.480~1-09abd]:main():lattice-oracle.cc:318) %WER 0 [ 0 / 13, 0 insertions, 0 deletions, 0 sub ]
LOG (lattice-oracle[5.5.480~1-09abd]:main():lattice-oracle.cc:332) For utterance F74261709-408330101_160902-477601984_1547508439-GB-F-010, best cost 0
Lattice F74261709-408330101_160902-477601984_1547508439-GB-F-013 read.
LOG (lattice-oracle[5.5.480~1-09abd]:main():lattice-oracle.cc:318) %WER 0 [ 0 / 14, 0 insertions, 0 deletions, 0 sub ]
LOG (lattice-oracle[5.5.480~1-09abd]:main():lattice-oracle.cc:332) For utterance F74261709-408330101_160902-477601984_1547508439-GB-F-013, best cost 0
Lattice F74261709-408330101_160902-477601984_1547508439-GB-F-015 read.
LOG (lattice-oracle[5.5.480~1-09abd]:main():lattice-oracle.cc:318) %WER 0 [ 0 / 20, 0 insertions, 0 deletions, 0 sub ]
LOG (lattice-oracle[5.5.480~1-09abd]:main():lattice-oracle.cc:332) For utterance F74261709-408330101_160902-477601984_1547508439-GB-F-015, best cost 0
Lattice F74261709-408330101_160902-477601984_1547508439-GB-F-020 read.
LOG (lattice-oracle[5.5.480~1-09abd]:main():lattice-oracle.cc:318) %WER 12.5 [ 1 / 8, 0 insertions, 1 deletions, 0 sub ]
LOG (lattice-oracle[5.5.480~1-09abd]:main():lattice-oracle.cc:332) For utterance F74261709-408330101_160902-477601984_1547508439-GB-F-020, best cost 1
Lattice F74261709-408330101_160902-477601984_1547508439-GB-F-021 read.
LOG (lattice-oracle[5.5.480~1-09abd]:main():lattice-oracle.cc:318) %WER 0 [ 0 / 8, 0 insertions, 0 deletions, 0 sub ]
LOG (lattice-oracle[5.5.480~1-09abd]:main():lattice-oracle.cc:332) For utterance F74261709-408330101_160902-477601984_1547508439-GB-F-021, best cost 0
Lattice F74261709-408330101_160902-477601984_1547508439-GB-F-024 read.
LOG (lattice-oracle[5.5.480~1-09abd]:main():lattice-oracle.cc:318) %WER 0 [ 0 / 4, 0 insertions, 0 deletions, 0 sub ]
LOG (lattice-oracle[5.5.480~1-09abd]:main():lattice-oracle.cc:332) For utterance F74261709-408330101_160902-477601984_1547508439-GB-F-024, best cost 0
Lattice F74261709-408330101_160902-477601984_1547508439-GB-F-025 read.
LOG (lattice-oracle[5.5.480~1-09abd]:main():lattice-oracle.cc:318) %WER 40 [ 2 / 5, 0 insertions, 2 deletions, 0 sub ]
LOG (lattice-oracle[5.5.480~1-09abd]:main():lattice-oracle.cc:332) For utterance F74261709-408330101_160902-477601984_1547508439-GB-F-025, best cost 2
Lattice F74261709-408330101_160902-477601984_1547508439-GB-F-026 read.
LOG (lattice-oracle[5.5.480~1-09abd]:main():lattice-oracle.cc:318) %WER 14.2857 [ 1 / 7, 0 insertions, 1 deletions, 0 sub ]
LOG (lattice-oracle[5.5.480~1-09abd]:main():lattice-oracle.cc:332) For utterance F74261709-408330101_160902-477601984_1547508439-GB-F-026, best cost 1
Lattice F74261709-408330101_160902-477601984_1547508439-GB-F-028 read.
LOG (lattice-oracle[5.5.480~1-09abd]:main():lattice-oracle.cc:318) %WER 33.3333 [ 2 / 6, 2 insertions, 0 deletions, 0 sub ]
LOG (lattice-oracle[5.5.480~1-09abd]:main():lattice-oracle.cc:332) For utterance F74261709-408330101_160902-477601984_1547508439-GB-F-028, best cost 2
Lattice F74261709-408330101_160902-477601984_1547508439-GB-F-029 read.
LOG (lattice-oracle[5.5.480~1-09abd]:main():lattice-oracle.cc:318) %WER 0 [ 0 / 14, 0 insertions, 0 deletions, 0 sub ]
LOG (lattice-oracle[5.5.480~1-09abd]:main():lattice-oracle.cc:332) For utterance F74261709-408330101_160902-477601984_1547508439-GB-F-029, best cost 0
Lattice F74261709-408330101_160902-477601984_1547508439-GB-F-031 read.
LOG (lattice-oracle[5.5.480~1-09abd]:main():lattice-oracle.cc:318) %WER 4.7619 [ 1 / 21, 0 insertions, 1 deletions, 0 sub ]
LOG (lattice-oracle[5.5.480~1-09abd]:main():lattice-oracle.cc:332) For utterance F74261709-408330101_160902-477601984_1547508439-GB-F-031, best cost 1
Lattice F74261709-408330101_160902-477601984_1547508439-GB-F-036 read.
LOG (lattice-oracle[5.5.480~1-09abd]:main():lattice-oracle.cc:318) %WER 0 [ 0 / 8, 0 insertions, 0 deletions, 0 sub ]
LOG (lattice-oracle[5.5.480~1-09abd]:main():lattice-oracle.cc:332) For utterance F74261709-408330101_160902-477601984_1547508439-GB-F-036, best cost 0
Lattice F74261709-408330101_160902-477601984_1547508439-GB-F-037 read.
LOG (lattice-oracle[5.5.480~1-09abd]:main():lattice-oracle.cc:318) %WER 0 [ 0 / 9, 0 insertions, 0 deletions, 0 sub ]
LOG (lattice-oracle[5.5.480~1-09abd]:main():lattice-oracle.cc:332) For utterance F74261709-408330101_160902-477601984_1547508439-GB-F-037, best cost 0
Lattice F74261709-408330101_160902-477601984_1547508439-GB-F-039 read.
LOG (lattice-oracle[5.5.480~1-09abd]:main():lattice-oracle.cc:318) %WER 100 [ 6 / 6, 6 insertions, 0 deletions, 0 sub ]
LOG (lattice-oracle[5.5.480~1-09abd]:main():lattice-oracle.cc:332) For utterance F74261709-408330101_160902-477601984_1547508439-GB-F-039, best cost 6
Lattice F74261709-408330101_160902-477601984_1547508439-GB-F-040 read.
LOG (lattice-oracle[5.5.480~1-09abd]:main():lattice-oracle.cc:318) %WER 71.4286 [ 5 / 7, 0 insertions, 4 deletions, 1 sub ]
LOG (lattice-oracle[5.5.480~1-09abd]:main():lattice-oracle.cc:332) For utterance F74261709-408330101_160902-477601984_1547508439-GB-F-040, best cost 5
Lattice F74261709-408330101_160902-477601984_1547508439-GB-F-041 read.
LOG (lattice-oracle[5.5.480~1-09abd]:main():lattice-oracle.cc:318) %WER 0 [ 0 / 8, 0 insertions, 0 deletions, 0 sub ]
LOG (lattice-oracle[5.5.480~1-09abd]:main():lattice-oracle.cc:332) For utterance F74261709-408330101_160902-477601984_1547508439-GB-F-041, best cost 0
Lattice F74261709-408330101_160902-477601984_1547508439-GB-F-043 read.
LOG (lattice-oracle[5.5.480~1-09abd]:main():lattice-oracle.cc:318) %WER 0 [ 0 / 9, 0 insertions, 0 deletions, 0 sub ]
LOG (lattice-oracle[5.5.480~1-09abd]:main():lattice-oracle.cc:332) For utterance F74261709-408330101_160902-477601984_1547508439-GB-F-043, best cost 0
Lattice F74261709-408330101_160902-477601984_1547508439-GB-F-044 read.
LOG (lattice-oracle[5.5.480~1-09abd]:main():lattice-oracle.cc:318) %WER 0 [ 0 / 14, 0 insertions, 0 deletions, 0 sub ]
LOG (lattice-oracle[5.5.480~1-09abd]:main():lattice-oracle.cc:332) For utterance F74261709-408330101_160902-477601984_1547508439-GB-F-044, best cost 0
Lattice F74261709-408330101_160902-477601984_1547508439-GB-F-046 read.
LOG (lattice-oracle[5.5.480~1-09abd]:main():lattice-oracle.cc:318) %WER 4.7619 [ 1 / 21, 1 insertions, 0 deletions, 0 sub ]
LOG (lattice-oracle[5.5.480~1-09abd]:main():lattice-oracle.cc:332) For utterance F74261709-408330101_160902-477601984_1547508439-GB-F-046, best cost 1
Lattice F74261709-408330101_160902-477601984_1547508439-GB-F-050 read.
LOG (lattice-oracle[5.5.480~1-09abd]:main():lattice-oracle.cc:318) %WER 0 [ 0 / 1, 0 insertions, 0 deletions, 0 sub ]
LOG (lattice-oracle[5.5.480~1-09abd]:main():lattice-oracle.cc:332) For utterance F74261709-408330101_160902-477601984_1547508439-GB-F-050, best cost 0
Lattice F74261709-408330101_160902-477601984_1547508439-GB-F-051 read.
LOG (lattice-oracle[5.5.480~1-09abd]:main():lattice-oracle.cc:318) %WER 0 [ 0 / 5, 0 insertions, 0 deletions, 0 sub ]
LOG (lattice-oracle[5.5.480~1-09abd]:main():lattice-oracle.cc:332) For utterance F74261709-408330101_160902-477601984_1547508439-GB-F-051, best cost 0
Lattice F74261709-408330101_160902-477601984_1547508439-GB-F-052 read.
LOG (lattice-oracle[5.5.480~1-09abd]:main():lattice-oracle.cc:318) %WER 0 [ 0 / 1, 0 insertions, 0 deletions, 0 sub ]
LOG (lattice-oracle[5.5.480~1-09abd]:main():lattice-oracle.cc:332) For utterance F74261709-408330101_160902-477601984_1547508439-GB-F-052, best cost 0
Lattice F742970476-403519875_2804378-466533759_1644470005-GB-F-001 read.
LOG (lattice-oracle[5.5.480~1-09abd]:main():lattice-oracle.cc:318) %WER 16.6667 [ 1 / 6, 0 insertions, 1 deletions, 0 sub ]
LOG (lattice-oracle[5.5.480~1-09abd]:main():lattice-oracle.cc:332) For utterance F742970476-403519875_2804378-466533759_1644470005-GB-F-001, best cost 1
Lattice F742970476-403519875_2804378-466533759_1644470005-GB-F-002 read.
LOG (lattice-oracle[5.5.480~1-09abd]:main():lattice-oracle.cc:318) %WER 27.2727 [ 3 / 11, 2 insertions, 1 deletions, 0 sub ]
LOG (lattice-oracle[5.5.480~1-09abd]:main():lattice-oracle.cc:332) For utterance F742970476-403519875_2804378-466533759_1644470005-GB-F-002, best cost 3
Lattice F742970476-403519875_2804378-466533759_1644470005-GB-F-005 read.
LOG (lattice-oracle[5.5.480~1-09abd]:main():lattice-oracle.cc:318) %WER 5 [ 1 / 20, 0 insertions, 0 deletions, 1 sub ]
LOG (lattice-oracle[5.5.480~1-09abd]:main():lattice-oracle.cc:332) For utterance F742970476-403519875_2804378-466533759_1644470005-GB-F-005, best cost 1
Lattice F742970476-403519875_2804378-466533759_1644470005-GB-F-008 read.
LOG (lattice-oracle[5.5.480~1-09abd]:main():lattice-oracle.cc:318) %WER 33.3333 [ 2 / 6, 1 insertions, 1 deletions, 0 sub ]
LOG (lattice-oracle[5.5.480~1-09abd]:main():lattice-oracle.cc:332) For utterance F742970476-403519875_2804378-466533759_1644470005-GB-F-008, best cost 2
Lattice F742970476-403519875_2804378-466533759_1644470005-GB-F-010 read.
LOG (lattice-oracle[5.5.480~1-09abd]:main():lattice-oracle.cc:318) %WER 28.5714 [ 4 / 14, 0 insertions, 3 deletions, 1 sub ]
LOG (lattice-oracle[5.5.480~1-09abd]:main():lattice-oracle.cc:332) For utterance F742970476-403519875_2804378-466533759_1644470005-GB-F-010, best cost 4
Lattice F742970476-403519875_2804378-466533759_1644470005-GB-F-012 read.
LOG (lattice-oracle[5.5.480~1-09abd]:main():lattice-oracle.cc:318) %WER 66.6667 [ 4 / 6, 0 insertions, 0 deletions, 4 sub ]
LOG (lattice-oracle[5.5.480~1-09abd]:main():lattice-oracle.cc:332) For utterance F742970476-403519875_2804378-466533759_1644470005-GB-F-012, best cost 4
Lattice F742970476-403519875_2804378-466533759_1644470005-GB-F-013 read.
LOG (lattice-oracle[5.5.480~1-09abd]:main():lattice-oracle.cc:318) %WER 17.1429 [ 6 / 35, 3 insertions, 2 deletions, 1 sub ]
LOG (lattice-oracle[5.5.480~1-09abd]:main():lattice-oracle.cc:332) For utterance F742970476-403519875_2804378-466533759_1644470005-GB-F-013, best cost 6
Lattice F742970476-403519875_2804378-466533759_1644470005-GB-F-020 read.
LOG (lattice-oracle[5.5.480~1-09abd]:main():lattice-oracle.cc:318) %WER 15.3846 [ 2 / 13, 2 insertions, 0 deletions, 0 sub ]
LOG (lattice-oracle[5.5.480~1-09abd]:main():lattice-oracle.cc:332) For utterance F742970476-403519875_2804378-466533759_1644470005-GB-F-020, best cost 2
Lattice F742970476-403519875_2804378-466533759_1644470005-GB-F-022 read.
LOG (lattice-oracle[5.5.480~1-09abd]:main():lattice-oracle.cc:318) %WER 5.61798 [ 5 / 89, 2 insertions, 3 deletions, 0 sub ]
LOG (lattice-oracle[5.5.480~1-09abd]:main():lattice-oracle.cc:332) For utterance F742970476-403519875_2804378-466533759_1644470005-GB-F-022, best cost 5
Lattice F742970476-403519875_2804378-466533759_1644470005-GB-F-040 read.
LOG (lattice-oracle[5.5.480~1-09abd]:main():lattice-oracle.cc:318) %WER 9.09091 [ 1 / 11, 1 insertions, 0 deletions, 0 sub ]
LOG (lattice-oracle[5.5.480~1-09abd]:main():lattice-oracle.cc:332) For utterance F742970476-403519875_2804378-466533759_1644470005-GB-F-040, best cost 1
Lattice F742970476-403519875_2804378-466533759_1644470005-GB-F-042 read.
LOG (lattice-oracle[5.5.480~1-09abd]:main():lattice-oracle.cc:318) %WER 20 [ 3 / 15, 0 insertions, 3 deletions, 0 sub ]
LOG (lattice-oracle[5.5.480~1-09abd]:main():lattice-oracle.cc:332) For utterance F742970476-403519875_2804378-466533759_1644470005-GB-F-042, best cost 3
Lattice F742970476-403519875_2804378-466533759_1644470005-GB-F-046 read.
LOG (lattice-oracle[5.5.480~1-09abd]:main():lattice-oracle.cc:318) %WER 15.7895 [ 3 / 19, 3 insertions, 0 deletions, 0 sub ]
LOG (lattice-oracle[5.5.480~1-09abd]:main():lattice-oracle.cc:332) For utterance F742970476-403519875_2804378-466533759_1644470005-GB-F-046, best cost 3
Lattice F742970476-403519875_2804378-466533759_1644470005-GB-F-049 read.
LOG (lattice-oracle[5.5.480~1-09abd]:main():lattice-oracle.cc:318) %WER 6.25 [ 3 / 48, 1 insertions, 0 deletions, 2 sub ]
LOG (lattice-oracle[5.5.480~1-09abd]:main():lattice-oracle.cc:332) For utterance F742970476-403519875_2804378-466533759_1644470005-GB-F-049, best cost 3
Lattice F742970476-403519875_2804378-466533759_1644470005-GB-F-059 read.
LOG (lattice-oracle[5.5.480~1-09abd]:main():lattice-oracle.cc:318) %WER 7.69231 [ 1 / 13, 1 insertions, 0 deletions, 0 sub ]
LOG (lattice-oracle[5.5.480~1-09abd]:main():lattice-oracle.cc:332) For utterance F742970476-403519875_2804378-466533759_1644470005-GB-F-059, best cost 1
Lattice F742970476-403519875_2804378-466533759_1644470005-GB-F-061 read.
LOG (lattice-oracle[5.5.480~1-09abd]:main():lattice-oracle.cc:318) %WER 10.2564 [ 4 / 39, 2 insertions, 2 deletions, 0 sub ]
LOG (lattice-oracle[5.5.480~1-09abd]:main():lattice-oracle.cc:332) For utterance F742970476-403519875_2804378-466533759_1644470005-GB-F-061, best cost 4
Lattice F742970476-403519875_2804378-466533759_1644470005-GB-F-071 read.
LOG (lattice-oracle[5.5.480~1-09abd]:main():lattice-oracle.cc:318) %WER 2.32558 [ 1 / 43, 1 insertions, 0 deletions, 0 sub ]
LOG (lattice-oracle[5.5.480~1-09abd]:main():lattice-oracle.cc:332) For utterance F742970476-403519875_2804378-466533759_1644470005-GB-F-071, best cost 1
Lattice F742970476-403519875_2804378-466533759_1644470005-GB-F-084 read.
LOG (lattice-oracle[5.5.480~1-09abd]:main():lattice-oracle.cc:318) %WER 20 [ 4 / 20, 0 insertions, 4 deletions, 0 sub ]
LOG (lattice-oracle[5.5.480~1-09abd]:main():lattice-oracle.cc:332) For utterance F742970476-403519875_2804378-466533759_1644470005-GB-F-084, best cost 4
Lattice F742970476-403519875_2804378-466533759_1644470005-GB-F-089 read.
LOG (lattice-oracle[5.5.480~1-09abd]:main():lattice-oracle.cc:318) %WER 42.8571 [ 3 / 7, 2 insertions, 1 deletions, 0 sub ]
LOG (lattice-oracle[5.5.480~1-09abd]:main():lattice-oracle.cc:332) For utterance F742970476-403519875_2804378-466533759_1644470005-GB-F-089, best cost 3
Lattice F742970476-403519875_2804378-466533759_1644470005-GB-F-090 read.
LOG (lattice-oracle[5.5.480~1-09abd]:main():lattice-oracle.cc:318) %WER 2.73973 [ 2 / 73, 1 insertions, 1 deletions, 0 sub ]
LOG (lattice-oracle[5.5.480~1-09abd]:main():lattice-oracle.cc:332) For utterance F742970476-403519875_2804378-466533759_1644470005-GB-F-090, best cost 2
Lattice F742970476-87218382_2445496-825492545_1614950333-GB-F-001 read.
LOG (lattice-oracle[5.5.480~1-09abd]:main():lattice-oracle.cc:318) %WER 0 [ 0 / 4, 0 insertions, 0 deletions, 0 sub ]
LOG (lattice-oracle[5.5.480~1-09abd]:main():lattice-oracle.cc:332) For utterance F742970476-87218382_2445496-825492545_1614950333-GB-F-001, best cost 0
Lattice F742970476-87218382_2445496-825492545_1614950333-GB-F-002 read.
LOG (lattice-oracle[5.5.480~1-09abd]:main():lattice-oracle.cc:318) %WER 0 [ 0 / 6, 0 insertions, 0 deletions, 0 sub ]
LOG (lattice-oracle[5.5.480~1-09abd]:main():lattice-oracle.cc:332) For utterance F742970476-87218382_2445496-825492545_1614950333-GB-F-002, best cost 0
Lattice F742970476-87218382_2445496-825492545_1614950333-GB-F-003 read.
LOG (lattice-oracle[5.5.480~1-09abd]:main():lattice-oracle.cc:318) %WER 0 [ 0 / 6, 0 insertions, 0 deletions, 0 sub ]
LOG (lattice-oracle[5.5.480~1-09abd]:main():lattice-oracle.cc:332) For utterance F742970476-87218382_2445496-825492545_1614950333-GB-F-003, best cost 0
Lattice F742970476-87218382_2445496-825492545_1614950333-GB-F-004 read.
LOG (lattice-oracle[5.5.480~1-09abd]:main():lattice-oracle.cc:318) %WER 0 [ 0 / 10, 0 insertions, 0 deletions, 0 sub ]
LOG (lattice-oracle[5.5.480~1-09abd]:main():lattice-oracle.cc:332) For utterance F742970476-87218382_2445496-825492545_1614950333-GB-F-004, best cost 0
Lattice F742970476-87218382_2445496-825492545_1614950333-GB-F-006 read.
LOG (lattice-oracle[5.5.480~1-09abd]:main():lattice-oracle.cc:318) %WER 12.5 [ 1 / 8, 0 insertions, 0 deletions, 1 sub ]
LOG (lattice-oracle[5.5.480~1-09abd]:main():lattice-oracle.cc:332) For utterance F742970476-87218382_2445496-825492545_1614950333-GB-F-006, best cost 1
Lattice F742970476-87218382_2445496-825492545_1614950333-GB-F-007 read.
LOG (lattice-oracle[5.5.480~1-09abd]:main():lattice-oracle.cc:318) %WER 0 [ 0 / 21, 0 insertions, 0 deletions, 0 sub ]
LOG (lattice-oracle[5.5.480~1-09abd]:main():lattice-oracle.cc:332) For utterance F742970476-87218382_2445496-825492545_1614950333-GB-F-007, best cost 0
Lattice F742970476-87218382_2445496-825492545_1614950333-GB-F-011 read.
LOG (lattice-oracle[5.5.480~1-09abd]:main():lattice-oracle.cc:318) %WER 5 [ 1 / 20, 1 insertions, 0 deletions, 0 sub ]
LOG (lattice-oracle[5.5.480~1-09abd]:main():lattice-oracle.cc:332) For utterance F742970476-87218382_2445496-825492545_1614950333-GB-F-011, best cost 1
Lattice F742970476-87218382_2445496-825492545_1614950333-GB-F-015 read.
LOG (lattice-oracle[5.5.480~1-09abd]:main():lattice-oracle.cc:318) %WER 25 [ 2 / 8, 0 insertions, 2 deletions, 0 sub ]
LOG (lattice-oracle[5.5.480~1-09abd]:main():lattice-oracle.cc:332) For utterance F742970476-87218382_2445496-825492545_1614950333-GB-F-015, best cost 2
Lattice F742970476-87218382_2445496-825492545_1614950333-GB-F-016 read.
LOG (lattice-oracle[5.5.480~1-09abd]:main():lattice-oracle.cc:318) %WER 0 [ 0 / 9, 0 insertions, 0 deletions, 0 sub ]
LOG (lattice-oracle[5.5.480~1-09abd]:main():lattice-oracle.cc:332) For utterance F742970476-87218382_2445496-825492545_1614950333-GB-F-016, best cost 0
Lattice F742970476-87218382_2445496-825492545_1614950333-GB-F-017 read.
LOG (lattice-oracle[5.5.480~1-09abd]:main():lattice-oracle.cc:318) %WER 0 [ 0 / 1, 0 insertions, 0 deletions, 0 sub ]
LOG (lattice-oracle[5.5.480~1-09abd]:main():lattice-oracle.cc:332) For utterance F742970476-87218382_2445496-825492545_1614950333-GB-F-017, best cost 0
Lattice F742970476-87218382_2445496-825492545_1614950333-GB-F-018 read.
LOG (lattice-oracle[5.5.480~1-09abd]:main():lattice-oracle.cc:318) %WER 28.5714 [ 2 / 7, 1 insertions, 1 deletions, 0 sub ]
LOG (lattice-oracle[5.5.480~1-09abd]:main():lattice-oracle.cc:332) For utterance F742970476-87218382_2445496-825492545_1614950333-GB-F-018, best cost 2
Lattice F742970476-87218382_2445496-825492545_1614950333-GB-F-020 read.
LOG (lattice-oracle[5.5.480~1-09abd]:main():lattice-oracle.cc:318) %WER 11.1111 [ 1 / 9, 0 insertions, 1 deletions, 0 sub ]
LOG (lattice-oracle[5.5.480~1-09abd]:main():lattice-oracle.cc:332) For utterance F742970476-87218382_2445496-825492545_1614950333-GB-F-020, best cost 1
Lattice F742970476-87218382_2445496-825492545_1614950333-GB-F-021 read.
LOG (lattice-oracle[5.5.480~1-09abd]:main():lattice-oracle.cc:318) %WER 0 [ 0 / 7, 0 insertions, 0 deletions, 0 sub ]
LOG (lattice-oracle[5.5.480~1-09abd]:main():lattice-oracle.cc:332) For utterance F742970476-87218382_2445496-825492545_1614950333-GB-F-021, best cost 0
Lattice F742970476-87218382_2445496-825492545_1614950333-GB-F-022 read.
LOG (lattice-oracle[5.5.480~1-09abd]:main():lattice-oracle.cc:318) %WER 0 [ 0 / 6, 0 insertions, 0 deletions, 0 sub ]
LOG (lattice-oracle[5.5.480~1-09abd]:main():lattice-oracle.cc:332) For utterance F742970476-87218382_2445496-825492545_1614950333-GB-F-022, best cost 0
Lattice F742970476-87218382_2445496-825492545_1614950333-GB-F-023 read.
LOG (lattice-oracle[5.5.480~1-09abd]:main():lattice-oracle.cc:318) %WER 0 [ 0 / 7, 0 insertions, 0 deletions, 0 sub ]
LOG (lattice-oracle[5.5.480~1-09abd]:main():lattice-oracle.cc:332) For utterance F742970476-87218382_2445496-825492545_1614950333-GB-F-023, best cost 0
Lattice F742970476-87218382_2445496-825492545_1614950333-GB-F-024 read.
LOG (lattice-oracle[5.5.480~1-09abd]:main():lattice-oracle.cc:318) %WER 0 [ 0 / 7, 0 insertions, 0 deletions, 0 sub ]
LOG (lattice-oracle[5.5.480~1-09abd]:main():lattice-oracle.cc:332) For utterance F742970476-87218382_2445496-825492545_1614950333-GB-F-024, best cost 0
Lattice F742970476-87218382_2445496-825492545_1614950333-GB-F-025 read.
LOG (lattice-oracle[5.5.480~1-09abd]:main():lattice-oracle.cc:318) %WER 20 [ 1 / 5, 1 insertions, 0 deletions, 0 sub ]
LOG (lattice-oracle[5.5.480~1-09abd]:main():lattice-oracle.cc:332) For utterance F742970476-87218382_2445496-825492545_1614950333-GB-F-025, best cost 1
Lattice F742970476-87218382_2445496-825492545_1614950333-GB-F-026 read.
LOG (lattice-oracle[5.5.480~1-09abd]:main():lattice-oracle.cc:318) %WER 0 [ 0 / 6, 0 insertions, 0 deletions, 0 sub ]
LOG (lattice-oracle[5.5.480~1-09abd]:main():lattice-oracle.cc:332) For utterance F742970476-87218382_2445496-825492545_1614950333-GB-F-026, best cost 0
Lattice F742970476-87218382_2445496-825492545_1614950333-GB-F-027 read.
LOG (lattice-oracle[5.5.480~1-09abd]:main():lattice-oracle.cc:318) %WER 41.6667 [ 5 / 12, 0 insertions, 4 deletions, 1 sub ]
LOG (lattice-oracle[5.5.480~1-09abd]:main():lattice-oracle.cc:332) For utterance F742970476-87218382_2445496-825492545_1614950333-GB-F-027, best cost 5
Lattice F742970476-87218382_2445496-825492545_1614950333-GB-F-030 read.
LOG (lattice-oracle[5.5.480~1-09abd]:main():lattice-oracle.cc:318) %WER 0 [ 0 / 5, 0 insertions, 0 deletions, 0 sub ]
LOG (lattice-oracle[5.5.480~1-09abd]:main():lattice-oracle.cc:332) For utterance F742970476-87218382_2445496-825492545_1614950333-GB-F-030, best cost 0
Lattice F742970476-87218382_2445496-825492545_1614950333-GB-F-031 read.
LOG (lattice-oracle[5.5.480~1-09abd]:main():lattice-oracle.cc:318) %WER 0 [ 0 / 14, 0 insertions, 0 deletions, 0 sub ]
LOG (lattice-oracle[5.5.480~1-09abd]:main():lattice-oracle.cc:332) For utterance F742970476-87218382_2445496-825492545_1614950333-GB-F-031, best cost 0
Lattice F742970476-87218382_2445496-825492545_1614950333-GB-F-033 read.
LOG (lattice-oracle[5.5.480~1-09abd]:main():lattice-oracle.cc:318) %WER 0 [ 0 / 13, 0 insertions, 0 deletions, 0 sub ]
LOG (lattice-oracle[5.5.480~1-09abd]:main():lattice-oracle.cc:332) For utterance F742970476-87218382_2445496-825492545_1614950333-GB-F-033, best cost 0
Lattice F742970476-87218382_2445496-825492545_1614950333-GB-F-036 read.
LOG (lattice-oracle[5.5.480~1-09abd]:main():lattice-oracle.cc:318) %WER 25 [ 2 / 8, 0 insertions, 2 deletions, 0 sub ]
LOG (lattice-oracle[5.5.480~1-09abd]:main():lattice-oracle.cc:332) For utterance F742970476-87218382_2445496-825492545_1614950333-GB-F-036, best cost 2
Lattice F742970476-87218382_2445496-825492545_1614950333-GB-F-037 read.
LOG (lattice-oracle[5.5.480~1-09abd]:main():lattice-oracle.cc:318) %WER 0 [ 0 / 9, 0 insertions, 0 deletions, 0 sub ]
LOG (lattice-oracle[5.5.480~1-09abd]:main():lattice-oracle.cc:332) For utterance F742970476-87218382_2445496-825492545_1614950333-GB-F-037, best cost 0
Lattice F742970476-87218382_2445496-825492545_1614950333-GB-F-038 read.
LOG (lattice-oracle[5.5.480~1-09abd]:main():lattice-oracle.cc:318) %WER 0 [ 0 / 1, 0 insertions, 0 deletions, 0 sub ]
LOG (lattice-oracle[5.5.480~1-09abd]:main():lattice-oracle.cc:332) For utterance F742970476-87218382_2445496-825492545_1614950333-GB-F-038, best cost 0
Lattice F742970476-87218382_2445496-825492545_1614950333-GB-F-039 read.
LOG (lattice-oracle[5.5.480~1-09abd]:main():lattice-oracle.cc:318) %WER 14.2857 [ 1 / 7, 0 insertions, 1 deletions, 0 sub ]
LOG (lattice-oracle[5.5.480~1-09abd]:main():lattice-oracle.cc:332) For utterance F742970476-87218382_2445496-825492545_1614950333-GB-F-039, best cost 1
Lattice F742970476-87218382_2445496-825492545_1614950333-GB-F-041 read.
LOG (lattice-oracle[5.5.480~1-09abd]:main():lattice-oracle.cc:318) %WER 0 [ 0 / 9, 0 insertions, 0 deletions, 0 sub ]
LOG (lattice-oracle[5.5.480~1-09abd]:main():lattice-oracle.cc:332) For utterance F742970476-87218382_2445496-825492545_1614950333-GB-F-041, best cost 0
Lattice F742970476-87218382_2445496-825492545_1614950333-GB-F-047 read.
LOG (lattice-oracle[5.5.480~1-09abd]:main():lattice-oracle.cc:318) %WER 0 [ 0 / 14, 0 insertions, 0 deletions, 0 sub ]
LOG (lattice-oracle[5.5.480~1-09abd]:main():lattice-oracle.cc:332) For utterance F742970476-87218382_2445496-825492545_1614950333-GB-F-047, best cost 0
Lattice F742970476-87218382_2445496-825492545_1614950333-GB-F-049 read.
LOG (lattice-oracle[5.5.480~1-09abd]:main():lattice-oracle.cc:318) %WER 16.6667 [ 4 / 24, 0 insertions, 3 deletions, 1 sub ]
LOG (lattice-oracle[5.5.480~1-09abd]:main():lattice-oracle.cc:332) For utterance F742970476-87218382_2445496-825492545_1614950333-GB-F-049, best cost 4
Lattice F742970476-87218382_2445496-825492545_1614950333-GB-F-055 read.
LOG (lattice-oracle[5.5.480~1-09abd]:main():lattice-oracle.cc:318) %WER 0 [ 0 / 10, 0 insertions, 0 deletions, 0 sub ]
LOG (lattice-oracle[5.5.480~1-09abd]:main():lattice-oracle.cc:332) For utterance F742970476-87218382_2445496-825492545_1614950333-GB-F-055, best cost 0
Lattice F742970476-87218382_2445496-825492545_1614950333-GB-F-057 read.
LOG (lattice-oracle[5.5.480~1-09abd]:main():lattice-oracle.cc:318) %WER 14.2857 [ 1 / 7, 1 insertions, 0 deletions, 0 sub ]
LOG (lattice-oracle[5.5.480~1-09abd]:main():lattice-oracle.cc:332) For utterance F742970476-87218382_2445496-825492545_1614950333-GB-F-057, best cost 1
Lattice F742970476-87218382_2445496-825492545_1614950333-GB-F-058 read.
LOG (lattice-oracle[5.5.480~1-09abd]:main():lattice-oracle.cc:318) %WER 0 [ 0 / 1, 0 insertions, 0 deletions, 0 sub ]
LOG (lattice-oracle[5.5.480~1-09abd]:main():lattice-oracle.cc:332) For utterance F742970476-87218382_2445496-825492545_1614950333-GB-F-058, best cost 0
Lattice F742970476-87218382_2445496-825492545_1614950333-GB-F-059 read.
LOG (lattice-oracle[5.5.480~1-09abd]:main():lattice-oracle.cc:318) %WER 0 [ 0 / 9, 0 insertions, 0 deletions, 0 sub ]
LOG (lattice-oracle[5.5.480~1-09abd]:main():lattice-oracle.cc:332) For utterance F742970476-87218382_2445496-825492545_1614950333-GB-F-059, best cost 0
Lattice F742970476-87218382_2445496-825492545_1614950333-GB-F-060 read.
LOG (lattice-oracle[5.5.480~1-09abd]:main():lattice-oracle.cc:318) %WER 0 [ 0 / 1, 0 insertions, 0 deletions, 0 sub ]
LOG (lattice-oracle[5.5.480~1-09abd]:main():lattice-oracle.cc:332) For utterance F742970476-87218382_2445496-825492545_1614950333-GB-F-060, best cost 0
Lattice F742970476-87218382_2445496-825492545_1614950333-GB-F-061 read.
LOG (lattice-oracle[5.5.480~1-09abd]:main():lattice-oracle.cc:318) %WER 57.1429 [ 4 / 7, 0 insertions, 1 deletions, 3 sub ]
LOG (lattice-oracle[5.5.480~1-09abd]:main():lattice-oracle.cc:332) For utterance F742970476-87218382_2445496-825492545_1614950333-GB-F-061, best cost 4
LOG (lattice-oracle[5.5.480~1-09abd]:main():lattice-oracle.cc:383) Overall %WER 7.94045 [ 224 / 2821, 54 insertions, 132 deletions, 38 substitutions ]
LOG (lattice-oracle[5.5.480~1-09abd]:main():lattice-oracle.cc:387) Scored 247 lattices, 0 not present in ref.
# Accounting: time=2 threads=1
# Ended (code 0) at Tue Sep 10 15:04:46 BST 2019, elapsed time 2 seconds
