# lattice-oracle "--write-lattices=ark:|gzip -c > exp/tri3b_cleaned/lattice_oracle/lat.35.gz" "ark:gunzip -c exp/tri3b_cleaned/lats/lat.35.gz |" "ark:utils/sym2int.pl --map-oov 239 -f 2- data/lang/words.txt data/train1/split40/35/text|" ark,t:- | utils/int2sym.pl -f 2- data/lang/words.txt > exp/tri3b_cleaned/lattice_oracle/oracle_hyp.35.txt 
# Started at Tue Sep 10 15:05:02 BST 2019
#
lattice-oracle '--write-lattices=ark:|gzip -c > exp/tri3b_cleaned/lattice_oracle/lat.35.gz' 'ark:gunzip -c exp/tri3b_cleaned/lats/lat.35.gz |' 'ark:utils/sym2int.pl --map-oov 239 -f 2- data/lang/words.txt data/train1/split40/35/text|' ark,t:- 
Lattice M541557958-497586775_2581520-825590077_1688711878-GB-M-007 read.
sym2int.pl: replacing GRAFTON with 239
sym2int.pl: replacing GAELIC with 239
sym2int.pl: replacing CARRICKFERGUS with 239
sym2int.pl: replacing OVERTHREW with 239
sym2int.pl: replacing TILTED with 239
sym2int.pl: replacing UNDERLINED with 239
sym2int.pl: replacing AHHHHH with 239
sym2int.pl: replacing PERSUATION with 239
sym2int.pl: replacing ACTIVATED with 239
sym2int.pl: replacing DIVED with 239
** Replaced 10 instances of OOVs with 239
LOG (lattice-oracle[5.5.480~1-09abd]:main():lattice-oracle.cc:318) %WER 8.69565 [ 2 / 23, 0 insertions, 1 deletions, 1 sub ]
LOG (lattice-oracle[5.5.480~1-09abd]:main():lattice-oracle.cc:332) For utterance M541557958-497586775_2581520-825590077_1688711878-GB-M-007, best cost 2
Lattice M541557958-497586775_2581520-825590077_1688711878-GB-M-011 read.
LOG (lattice-oracle[5.5.480~1-09abd]:main():lattice-oracle.cc:318) %WER 25 [ 8 / 32, 1 insertions, 6 deletions, 1 sub ]
LOG (lattice-oracle[5.5.480~1-09abd]:main():lattice-oracle.cc:332) For utterance M541557958-497586775_2581520-825590077_1688711878-GB-M-011, best cost 8
Lattice M541557958-497586775_2581520-825590077_1688711878-GB-M-025 read.
LOG (lattice-oracle[5.5.480~1-09abd]:main():lattice-oracle.cc:318) %WER 21.7391 [ 5 / 23, 0 insertions, 5 deletions, 0 sub ]
LOG (lattice-oracle[5.5.480~1-09abd]:main():lattice-oracle.cc:332) For utterance M541557958-497586775_2581520-825590077_1688711878-GB-M-025, best cost 5
Lattice M541557958-497586775_2581520-825590077_1688711878-GB-M-031 read.
LOG (lattice-oracle[5.5.480~1-09abd]:main():lattice-oracle.cc:318) %WER 16.6667 [ 1 / 6, 0 insertions, 0 deletions, 1 sub ]
LOG (lattice-oracle[5.5.480~1-09abd]:main():lattice-oracle.cc:332) For utterance M541557958-497586775_2581520-825590077_1688711878-GB-M-031, best cost 1
Lattice M541557958-497586775_2581520-825590077_1688711878-GB-M-033 read.
LOG (lattice-oracle[5.5.480~1-09abd]:main():lattice-oracle.cc:318) %WER 0 [ 0 / 6, 0 insertions, 0 deletions, 0 sub ]
LOG (lattice-oracle[5.5.480~1-09abd]:main():lattice-oracle.cc:332) For utterance M541557958-497586775_2581520-825590077_1688711878-GB-M-033, best cost 0
Lattice M541557958-497586775_2581520-825590077_1688711878-GB-M-034 read.
LOG (lattice-oracle[5.5.480~1-09abd]:main():lattice-oracle.cc:318) %WER 18.1818 [ 6 / 33, 0 insertions, 6 deletions, 0 sub ]
LOG (lattice-oracle[5.5.480~1-09abd]:main():lattice-oracle.cc:332) For utterance M541557958-497586775_2581520-825590077_1688711878-GB-M-034, best cost 6
Lattice M541557958-497586775_2581520-825590077_1688711878-GB-M-042 read.
LOG (lattice-oracle[5.5.480~1-09abd]:main():lattice-oracle.cc:318) %WER 16 [ 8 / 50, 0 insertions, 8 deletions, 0 sub ]
LOG (lattice-oracle[5.5.480~1-09abd]:main():lattice-oracle.cc:332) For utterance M541557958-497586775_2581520-825590077_1688711878-GB-M-042, best cost 8
Lattice M541557958-497586775_2581520-825590077_1688711878-GB-M-053 read.
LOG (lattice-oracle[5.5.480~1-09abd]:main():lattice-oracle.cc:318) %WER 20 [ 5 / 25, 0 insertions, 5 deletions, 0 sub ]
LOG (lattice-oracle[5.5.480~1-09abd]:main():lattice-oracle.cc:332) For utterance M541557958-497586775_2581520-825590077_1688711878-GB-M-053, best cost 5
Lattice M541557958-497586775_2581520-825590077_1688711878-GB-M-058 read.
LOG (lattice-oracle[5.5.480~1-09abd]:main():lattice-oracle.cc:318) %WER 0 [ 0 / 9, 0 insertions, 0 deletions, 0 sub ]
LOG (lattice-oracle[5.5.480~1-09abd]:main():lattice-oracle.cc:332) For utterance M541557958-497586775_2581520-825590077_1688711878-GB-M-058, best cost 0
Lattice M541557958-497586775_2581520-825590077_1688711878-GB-M-061 read.
LOG (lattice-oracle[5.5.480~1-09abd]:main():lattice-oracle.cc:318) %WER 0 [ 0 / 9, 0 insertions, 0 deletions, 0 sub ]
LOG (lattice-oracle[5.5.480~1-09abd]:main():lattice-oracle.cc:332) For utterance M541557958-497586775_2581520-825590077_1688711878-GB-M-061, best cost 0
Lattice M541557958-497586775_2581520-825590077_1688711878-GB-M-067 read.
LOG (lattice-oracle[5.5.480~1-09abd]:main():lattice-oracle.cc:318) %WER 27.2727 [ 3 / 11, 0 insertions, 3 deletions, 0 sub ]
LOG (lattice-oracle[5.5.480~1-09abd]:main():lattice-oracle.cc:332) For utterance M541557958-497586775_2581520-825590077_1688711878-GB-M-067, best cost 3
Lattice M541557958-497586775_2581520-825590077_1688711878-GB-M-070 read.
LOG (lattice-oracle[5.5.480~1-09abd]:main():lattice-oracle.cc:318) %WER 27.2727 [ 3 / 11, 0 insertions, 3 deletions, 0 sub ]
LOG (lattice-oracle[5.5.480~1-09abd]:main():lattice-oracle.cc:332) For utterance M541557958-497586775_2581520-825590077_1688711878-GB-M-070, best cost 3
Lattice M541557958-497586775_2581520-825590077_1688711878-GB-M-075 read.
LOG (lattice-oracle[5.5.480~1-09abd]:main():lattice-oracle.cc:318) %WER 0 [ 0 / 63, 0 insertions, 0 deletions, 0 sub ]
LOG (lattice-oracle[5.5.480~1-09abd]:main():lattice-oracle.cc:332) For utterance M541557958-497586775_2581520-825590077_1688711878-GB-M-075, best cost 0
Lattice M541557958-497586775_2581520-825590077_1688711878-GB-M-086 read.
LOG (lattice-oracle[5.5.480~1-09abd]:main():lattice-oracle.cc:318) %WER 0 [ 0 / 9, 0 insertions, 0 deletions, 0 sub ]
LOG (lattice-oracle[5.5.480~1-09abd]:main():lattice-oracle.cc:332) For utterance M541557958-497586775_2581520-825590077_1688711878-GB-M-086, best cost 0
Lattice M541557958-497586775_2581520-825590077_1688711878-GB-M-087 read.
LOG (lattice-oracle[5.5.480~1-09abd]:main():lattice-oracle.cc:318) %WER 0 [ 0 / 9, 0 insertions, 0 deletions, 0 sub ]
LOG (lattice-oracle[5.5.480~1-09abd]:main():lattice-oracle.cc:332) For utterance M541557958-497586775_2581520-825590077_1688711878-GB-M-087, best cost 0
Lattice M541557958-497586775_2581520-825590077_1688711878-GB-M-088 read.
LOG (lattice-oracle[5.5.480~1-09abd]:main():lattice-oracle.cc:318) %WER 0 [ 0 / 9, 0 insertions, 0 deletions, 0 sub ]
LOG (lattice-oracle[5.5.480~1-09abd]:main():lattice-oracle.cc:332) For utterance M541557958-497586775_2581520-825590077_1688711878-GB-M-088, best cost 0
Lattice M551469773-3769836_3769836-551473419_1620362555-GB-M-001 read.
LOG (lattice-oracle[5.5.480~1-09abd]:main():lattice-oracle.cc:318) %WER 0 [ 0 / 7, 0 insertions, 0 deletions, 0 sub ]
LOG (lattice-oracle[5.5.480~1-09abd]:main():lattice-oracle.cc:332) For utterance M551469773-3769836_3769836-551473419_1620362555-GB-M-001, best cost 0
Lattice M551469773-3769836_3769836-551473419_1620362555-GB-M-002 read.
LOG (lattice-oracle[5.5.480~1-09abd]:main():lattice-oracle.cc:318) %WER 12.5 [ 1 / 8, 0 insertions, 1 deletions, 0 sub ]
LOG (lattice-oracle[5.5.480~1-09abd]:main():lattice-oracle.cc:332) For utterance M551469773-3769836_3769836-551473419_1620362555-GB-M-002, best cost 1
Lattice M551469773-3769836_3769836-551473419_1620362555-GB-M-003 read.
LOG (lattice-oracle[5.5.480~1-09abd]:main():lattice-oracle.cc:318) %WER 66.6667 [ 6 / 9, 0 insertions, 6 deletions, 0 sub ]
LOG (lattice-oracle[5.5.480~1-09abd]:main():lattice-oracle.cc:332) For utterance M551469773-3769836_3769836-551473419_1620362555-GB-M-003, best cost 6
Lattice M551469773-3769836_3769836-551473419_1620362555-GB-M-004 read.
LOG (lattice-oracle[5.5.480~1-09abd]:main():lattice-oracle.cc:318) %WER 0 [ 0 / 8, 0 insertions, 0 deletions, 0 sub ]
LOG (lattice-oracle[5.5.480~1-09abd]:main():lattice-oracle.cc:332) For utterance M551469773-3769836_3769836-551473419_1620362555-GB-M-004, best cost 0
Lattice M551469773-3769836_3769836-551473419_1620362555-GB-M-005 read.
LOG (lattice-oracle[5.5.480~1-09abd]:main():lattice-oracle.cc:318) %WER 66.6667 [ 4 / 6, 0 insertions, 4 deletions, 0 sub ]
LOG (lattice-oracle[5.5.480~1-09abd]:main():lattice-oracle.cc:332) For utterance M551469773-3769836_3769836-551473419_1620362555-GB-M-005, best cost 4
Lattice M551469773-3769836_3769836-551473419_1620362555-GB-M-006 read.
LOG (lattice-oracle[5.5.480~1-09abd]:main():lattice-oracle.cc:318) %WER 80 [ 4 / 5, 0 insertions, 4 deletions, 0 sub ]
LOG (lattice-oracle[5.5.480~1-09abd]:main():lattice-oracle.cc:332) For utterance M551469773-3769836_3769836-551473419_1620362555-GB-M-006, best cost 4
Lattice M551469773-3769836_3769836-551473419_1620362555-GB-M-007 read.
LOG (lattice-oracle[5.5.480~1-09abd]:main():lattice-oracle.cc:318) %WER 0 [ 0 / 2, 0 insertions, 0 deletions, 0 sub ]
LOG (lattice-oracle[5.5.480~1-09abd]:main():lattice-oracle.cc:332) For utterance M551469773-3769836_3769836-551473419_1620362555-GB-M-007, best cost 0
Lattice M551469773-3769836_3769836-551473419_1620362555-GB-M-008 read.
LOG (lattice-oracle[5.5.480~1-09abd]:main():lattice-oracle.cc:318) %WER 0 [ 0 / 2, 0 insertions, 0 deletions, 0 sub ]
LOG (lattice-oracle[5.5.480~1-09abd]:main():lattice-oracle.cc:332) For utterance M551469773-3769836_3769836-551473419_1620362555-GB-M-008, best cost 0
Lattice M551469773-3769836_3769836-551473419_1620362555-GB-M-009 read.
LOG (lattice-oracle[5.5.480~1-09abd]:main():lattice-oracle.cc:318) %WER 0 [ 0 / 8, 0 insertions, 0 deletions, 0 sub ]
LOG (lattice-oracle[5.5.480~1-09abd]:main():lattice-oracle.cc:332) For utterance M551469773-3769836_3769836-551473419_1620362555-GB-M-009, best cost 0
Lattice M551469773-3769836_3769836-551473419_1620362555-GB-M-010 read.
LOG (lattice-oracle[5.5.480~1-09abd]:main():lattice-oracle.cc:318) %WER 0 [ 0 / 7, 0 insertions, 0 deletions, 0 sub ]
LOG (lattice-oracle[5.5.480~1-09abd]:main():lattice-oracle.cc:332) For utterance M551469773-3769836_3769836-551473419_1620362555-GB-M-010, best cost 0
Lattice M551469773-3769836_3769836-551473419_1620362555-GB-M-011 read.
LOG (lattice-oracle[5.5.480~1-09abd]:main():lattice-oracle.cc:318) %WER 0 [ 0 / 14, 0 insertions, 0 deletions, 0 sub ]
LOG (lattice-oracle[5.5.480~1-09abd]:main():lattice-oracle.cc:332) For utterance M551469773-3769836_3769836-551473419_1620362555-GB-M-011, best cost 0
Lattice M551469773-3769836_3769836-551473419_1620362555-GB-M-013 read.
LOG (lattice-oracle[5.5.480~1-09abd]:main():lattice-oracle.cc:318) %WER 87.5 [ 7 / 8, 0 insertions, 7 deletions, 0 sub ]
LOG (lattice-oracle[5.5.480~1-09abd]:main():lattice-oracle.cc:332) For utterance M551469773-3769836_3769836-551473419_1620362555-GB-M-013, best cost 7
Lattice M551469773-3769836_3769836-551473419_1620362555-GB-M-014 read.
LOG (lattice-oracle[5.5.480~1-09abd]:main():lattice-oracle.cc:318) %WER 87.5 [ 7 / 8, 0 insertions, 6 deletions, 1 sub ]
LOG (lattice-oracle[5.5.480~1-09abd]:main():lattice-oracle.cc:332) For utterance M551469773-3769836_3769836-551473419_1620362555-GB-M-014, best cost 7
Lattice M551469773-3769836_3769836-551473419_1620362555-GB-M-015 read.
LOG (lattice-oracle[5.5.480~1-09abd]:main():lattice-oracle.cc:318) %WER 0 [ 0 / 2, 0 insertions, 0 deletions, 0 sub ]
LOG (lattice-oracle[5.5.480~1-09abd]:main():lattice-oracle.cc:332) For utterance M551469773-3769836_3769836-551473419_1620362555-GB-M-015, best cost 0
Lattice M551469773-3769836_3769836-551473419_1620362555-GB-M-016 read.
LOG (lattice-oracle[5.5.480~1-09abd]:main():lattice-oracle.cc:318) %WER 0 [ 0 / 2, 0 insertions, 0 deletions, 0 sub ]
LOG (lattice-oracle[5.5.480~1-09abd]:main():lattice-oracle.cc:332) For utterance M551469773-3769836_3769836-551473419_1620362555-GB-M-016, best cost 0
Lattice M551469773-3769836_3769836-551473419_1620362555-GB-M-023 read.
LOG (lattice-oracle[5.5.480~1-09abd]:main():lattice-oracle.cc:318) %WER 0 [ 0 / 2, 0 insertions, 0 deletions, 0 sub ]
LOG (lattice-oracle[5.5.480~1-09abd]:main():lattice-oracle.cc:332) For utterance M551469773-3769836_3769836-551473419_1620362555-GB-M-023, best cost 0
Lattice M551469773-3769836_3769836-551473419_1620362555-GB-M-024 read.
LOG (lattice-oracle[5.5.480~1-09abd]:main():lattice-oracle.cc:318) %WER 0 [ 0 / 2, 0 insertions, 0 deletions, 0 sub ]
LOG (lattice-oracle[5.5.480~1-09abd]:main():lattice-oracle.cc:332) For utterance M551469773-3769836_3769836-551473419_1620362555-GB-M-024, best cost 0
Lattice M551469773-3769836_3769836-551473419_1620362555-GB-M-025 read.
LOG (lattice-oracle[5.5.480~1-09abd]:main():lattice-oracle.cc:318) %WER 11.1111 [ 1 / 9, 0 insertions, 1 deletions, 0 sub ]
LOG (lattice-oracle[5.5.480~1-09abd]:main():lattice-oracle.cc:332) For utterance M551469773-3769836_3769836-551473419_1620362555-GB-M-025, best cost 1
Lattice M551469773-3769836_3769836-551473419_1620362555-GB-M-026 read.
LOG (lattice-oracle[5.5.480~1-09abd]:main():lattice-oracle.cc:318) %WER 20 [ 1 / 5, 0 insertions, 1 deletions, 0 sub ]
LOG (lattice-oracle[5.5.480~1-09abd]:main():lattice-oracle.cc:332) For utterance M551469773-3769836_3769836-551473419_1620362555-GB-M-026, best cost 1
Lattice M551469773-3769836_3769836-551473419_1620362555-GB-M-027 read.
LOG (lattice-oracle[5.5.480~1-09abd]:main():lattice-oracle.cc:318) %WER 0 [ 0 / 10, 0 insertions, 0 deletions, 0 sub ]
LOG (lattice-oracle[5.5.480~1-09abd]:main():lattice-oracle.cc:332) For utterance M551469773-3769836_3769836-551473419_1620362555-GB-M-027, best cost 0
Lattice M551469773-3769836_3769836-551473419_1620362555-GB-M-028 read.
LOG (lattice-oracle[5.5.480~1-09abd]:main():lattice-oracle.cc:318) %WER 0 [ 0 / 7, 0 insertions, 0 deletions, 0 sub ]
LOG (lattice-oracle[5.5.480~1-09abd]:main():lattice-oracle.cc:332) For utterance M551469773-3769836_3769836-551473419_1620362555-GB-M-028, best cost 0
Lattice M551469773-3769836_3769836-551473419_1620362555-GB-M-029 read.
LOG (lattice-oracle[5.5.480~1-09abd]:main():lattice-oracle.cc:318) %WER 83.3333 [ 5 / 6, 0 insertions, 5 deletions, 0 sub ]
LOG (lattice-oracle[5.5.480~1-09abd]:main():lattice-oracle.cc:332) For utterance M551469773-3769836_3769836-551473419_1620362555-GB-M-029, best cost 5
Lattice M551469773-3769836_3769836-551473419_1620362555-GB-M-030 read.
LOG (lattice-oracle[5.5.480~1-09abd]:main():lattice-oracle.cc:318) %WER 100 [ 7 / 7, 0 insertions, 7 deletions, 0 sub ]
LOG (lattice-oracle[5.5.480~1-09abd]:main():lattice-oracle.cc:332) For utterance M551469773-3769836_3769836-551473419_1620362555-GB-M-030, best cost 7
Lattice M551469773-3769836_3769836-551473419_1620362555-GB-M-031 read.
LOG (lattice-oracle[5.5.480~1-09abd]:main():lattice-oracle.cc:318) %WER 0 [ 0 / 4, 0 insertions, 0 deletions, 0 sub ]
LOG (lattice-oracle[5.5.480~1-09abd]:main():lattice-oracle.cc:332) For utterance M551469773-3769836_3769836-551473419_1620362555-GB-M-031, best cost 0
Lattice M551469773-3769836_3769836-551473419_1620362555-GB-M-036 read.
LOG (lattice-oracle[5.5.480~1-09abd]:main():lattice-oracle.cc:318) %WER 58.8235 [ 10 / 17, 0 insertions, 10 deletions, 0 sub ]
LOG (lattice-oracle[5.5.480~1-09abd]:main():lattice-oracle.cc:332) For utterance M551469773-3769836_3769836-551473419_1620362555-GB-M-036, best cost 10
Lattice M551469773-3769836_3769836-551473419_1620362555-GB-M-038 read.
LOG (lattice-oracle[5.5.480~1-09abd]:main():lattice-oracle.cc:318) %WER 87.5 [ 7 / 8, 0 insertions, 7 deletions, 0 sub ]
LOG (lattice-oracle[5.5.480~1-09abd]:main():lattice-oracle.cc:332) For utterance M551469773-3769836_3769836-551473419_1620362555-GB-M-038, best cost 7
Lattice M551469773-3769836_3769836-551473419_1620362555-GB-M-039 read.
LOG (lattice-oracle[5.5.480~1-09abd]:main():lattice-oracle.cc:318) %WER 0 [ 0 / 6, 0 insertions, 0 deletions, 0 sub ]
LOG (lattice-oracle[5.5.480~1-09abd]:main():lattice-oracle.cc:332) For utterance M551469773-3769836_3769836-551473419_1620362555-GB-M-039, best cost 0
Lattice M551469773-3769836_3769836-551473419_1620362555-GB-M-042 read.
LOG (lattice-oracle[5.5.480~1-09abd]:main():lattice-oracle.cc:318) %WER 0 [ 0 / 2, 0 insertions, 0 deletions, 0 sub ]
LOG (lattice-oracle[5.5.480~1-09abd]:main():lattice-oracle.cc:332) For utterance M551469773-3769836_3769836-551473419_1620362555-GB-M-042, best cost 0
Lattice M551762699-3769864_3769864-1218008544_1503170206-GB-M-003 read.
LOG (lattice-oracle[5.5.480~1-09abd]:main():lattice-oracle.cc:318) %WER 30 [ 3 / 10, 0 insertions, 3 deletions, 0 sub ]
LOG (lattice-oracle[5.5.480~1-09abd]:main():lattice-oracle.cc:332) For utterance M551762699-3769864_3769864-1218008544_1503170206-GB-M-003, best cost 3
Lattice M551762699-3769864_3769864-1218008544_1503170206-GB-M-005 read.
LOG (lattice-oracle[5.5.480~1-09abd]:main():lattice-oracle.cc:318) %WER 0 [ 0 / 25, 0 insertions, 0 deletions, 0 sub ]
LOG (lattice-oracle[5.5.480~1-09abd]:main():lattice-oracle.cc:332) For utterance M551762699-3769864_3769864-1218008544_1503170206-GB-M-005, best cost 0
Lattice M551762699-3769864_3769864-1218008544_1503170206-GB-M-008 read.
LOG (lattice-oracle[5.5.480~1-09abd]:main():lattice-oracle.cc:318) %WER 0 [ 0 / 6, 0 insertions, 0 deletions, 0 sub ]
LOG (lattice-oracle[5.5.480~1-09abd]:main():lattice-oracle.cc:332) For utterance M551762699-3769864_3769864-1218008544_1503170206-GB-M-008, best cost 0
Lattice M551762699-3769864_3769864-1218008544_1503170206-GB-M-010 read.
LOG (lattice-oracle[5.5.480~1-09abd]:main():lattice-oracle.cc:318) %WER 0 [ 0 / 10, 0 insertions, 0 deletions, 0 sub ]
LOG (lattice-oracle[5.5.480~1-09abd]:main():lattice-oracle.cc:332) For utterance M551762699-3769864_3769864-1218008544_1503170206-GB-M-010, best cost 0
Lattice M551762699-3769864_3769864-1218008544_1503170206-GB-M-011 read.
LOG (lattice-oracle[5.5.480~1-09abd]:main():lattice-oracle.cc:318) %WER 9.09091 [ 1 / 11, 0 insertions, 0 deletions, 1 sub ]
LOG (lattice-oracle[5.5.480~1-09abd]:main():lattice-oracle.cc:332) For utterance M551762699-3769864_3769864-1218008544_1503170206-GB-M-011, best cost 1
Lattice M551762699-3769864_3769864-1218008544_1503170206-GB-M-012 read.
LOG (lattice-oracle[5.5.480~1-09abd]:main():lattice-oracle.cc:318) %WER 7.14286 [ 1 / 14, 0 insertions, 1 deletions, 0 sub ]
LOG (lattice-oracle[5.5.480~1-09abd]:main():lattice-oracle.cc:332) For utterance M551762699-3769864_3769864-1218008544_1503170206-GB-M-012, best cost 1
Lattice M551762699-3769864_3769864-1218008544_1503170206-GB-M-014 read.
LOG (lattice-oracle[5.5.480~1-09abd]:main():lattice-oracle.cc:318) %WER 0 [ 0 / 21, 0 insertions, 0 deletions, 0 sub ]
LOG (lattice-oracle[5.5.480~1-09abd]:main():lattice-oracle.cc:332) For utterance M551762699-3769864_3769864-1218008544_1503170206-GB-M-014, best cost 0
Lattice M551762699-3769864_3769864-1218008544_1503170206-GB-M-018 read.
LOG (lattice-oracle[5.5.480~1-09abd]:main():lattice-oracle.cc:318) %WER 0 [ 0 / 19, 0 insertions, 0 deletions, 0 sub ]
LOG (lattice-oracle[5.5.480~1-09abd]:main():lattice-oracle.cc:332) For utterance M551762699-3769864_3769864-1218008544_1503170206-GB-M-018, best cost 0
Lattice M551762699-3769864_3769864-1218008544_1503170206-GB-M-021 read.
LOG (lattice-oracle[5.5.480~1-09abd]:main():lattice-oracle.cc:318) %WER 0 [ 0 / 6, 0 insertions, 0 deletions, 0 sub ]
LOG (lattice-oracle[5.5.480~1-09abd]:main():lattice-oracle.cc:332) For utterance M551762699-3769864_3769864-1218008544_1503170206-GB-M-021, best cost 0
Lattice M551762699-3769864_3769864-1218008544_1503170206-GB-M-023 read.
LOG (lattice-oracle[5.5.480~1-09abd]:main():lattice-oracle.cc:318) %WER 5.55556 [ 1 / 18, 0 insertions, 1 deletions, 0 sub ]
LOG (lattice-oracle[5.5.480~1-09abd]:main():lattice-oracle.cc:332) For utterance M551762699-3769864_3769864-1218008544_1503170206-GB-M-023, best cost 1
Lattice M551762699-3769864_3769864-1218008544_1503170206-GB-M-026 read.
LOG (lattice-oracle[5.5.480~1-09abd]:main():lattice-oracle.cc:318) %WER 0 [ 0 / 6, 0 insertions, 0 deletions, 0 sub ]
LOG (lattice-oracle[5.5.480~1-09abd]:main():lattice-oracle.cc:332) For utterance M551762699-3769864_3769864-1218008544_1503170206-GB-M-026, best cost 0
Lattice M551762699-3769864_3769864-1218008544_1503170206-GB-M-028 read.
LOG (lattice-oracle[5.5.480~1-09abd]:main():lattice-oracle.cc:318) %WER 0 [ 0 / 21, 0 insertions, 0 deletions, 0 sub ]
LOG (lattice-oracle[5.5.480~1-09abd]:main():lattice-oracle.cc:332) For utterance M551762699-3769864_3769864-1218008544_1503170206-GB-M-028, best cost 0
Lattice M551762699-3769864_3769864-1218008544_1503170206-GB-M-030 read.
LOG (lattice-oracle[5.5.480~1-09abd]:main():lattice-oracle.cc:318) %WER 14.2857 [ 2 / 14, 0 insertions, 2 deletions, 0 sub ]
LOG (lattice-oracle[5.5.480~1-09abd]:main():lattice-oracle.cc:332) For utterance M551762699-3769864_3769864-1218008544_1503170206-GB-M-030, best cost 2
Lattice M551762699-3769864_3769864-1218008544_1503170206-GB-M-032 read.
LOG (lattice-oracle[5.5.480~1-09abd]:main():lattice-oracle.cc:318) %WER 0 [ 0 / 11, 0 insertions, 0 deletions, 0 sub ]
LOG (lattice-oracle[5.5.480~1-09abd]:main():lattice-oracle.cc:332) For utterance M551762699-3769864_3769864-1218008544_1503170206-GB-M-032, best cost 0
Lattice M551762699-3769864_3769864-1218008544_1503170206-GB-M-034 read.
LOG (lattice-oracle[5.5.480~1-09abd]:main():lattice-oracle.cc:318) %WER 0 [ 0 / 5, 0 insertions, 0 deletions, 0 sub ]
LOG (lattice-oracle[5.5.480~1-09abd]:main():lattice-oracle.cc:332) For utterance M551762699-3769864_3769864-1218008544_1503170206-GB-M-034, best cost 0
Lattice M551762699-3769864_3769864-1218008544_1503170206-GB-M-036 read.
LOG (lattice-oracle[5.5.480~1-09abd]:main():lattice-oracle.cc:318) %WER 39.2857 [ 11 / 28, 0 insertions, 11 deletions, 0 sub ]
LOG (lattice-oracle[5.5.480~1-09abd]:main():lattice-oracle.cc:332) For utterance M551762699-3769864_3769864-1218008544_1503170206-GB-M-036, best cost 11
Lattice M551762699-3769864_3769864-1218008544_1503170206-GB-M-040 read.
LOG (lattice-oracle[5.5.480~1-09abd]:main():lattice-oracle.cc:318) %WER 0 [ 0 / 5, 0 insertions, 0 deletions, 0 sub ]
LOG (lattice-oracle[5.5.480~1-09abd]:main():lattice-oracle.cc:332) For utterance M551762699-3769864_3769864-1218008544_1503170206-GB-M-040, best cost 0
Lattice M551762699-3769864_3769864-1218008544_1503170206-GB-M-041 read.
LOG (lattice-oracle[5.5.480~1-09abd]:main():lattice-oracle.cc:318) %WER 7.14286 [ 2 / 28, 0 insertions, 2 deletions, 0 sub ]
LOG (lattice-oracle[5.5.480~1-09abd]:main():lattice-oracle.cc:332) For utterance M551762699-3769864_3769864-1218008544_1503170206-GB-M-041, best cost 2
Lattice M551762699-3769864_3769864-1218008544_1503170206-GB-M-043 read.
LOG (lattice-oracle[5.5.480~1-09abd]:main():lattice-oracle.cc:318) %WER 0 [ 0 / 11, 0 insertions, 0 deletions, 0 sub ]
LOG (lattice-oracle[5.5.480~1-09abd]:main():lattice-oracle.cc:332) For utterance M551762699-3769864_3769864-1218008544_1503170206-GB-M-043, best cost 0
Lattice M551762699-3769864_3769864-1218008544_1503170206-GB-M-044 read.
LOG (lattice-oracle[5.5.480~1-09abd]:main():lattice-oracle.cc:318) %WER 14.2857 [ 2 / 14, 0 insertions, 2 deletions, 0 sub ]
LOG (lattice-oracle[5.5.480~1-09abd]:main():lattice-oracle.cc:332) For utterance M551762699-3769864_3769864-1218008544_1503170206-GB-M-044, best cost 2
Lattice M551762699-3769864_3769864-1218008544_1503170206-GB-M-046 read.
LOG (lattice-oracle[5.5.480~1-09abd]:main():lattice-oracle.cc:318) %WER 0 [ 0 / 6, 0 insertions, 0 deletions, 0 sub ]
LOG (lattice-oracle[5.5.480~1-09abd]:main():lattice-oracle.cc:332) For utterance M551762699-3769864_3769864-1218008544_1503170206-GB-M-046, best cost 0
Lattice M551762699-3769864_3769864-1218008544_1503170206-GB-M-047 read.
LOG (lattice-oracle[5.5.480~1-09abd]:main():lattice-oracle.cc:318) %WER 0 [ 0 / 10, 0 insertions, 0 deletions, 0 sub ]
LOG (lattice-oracle[5.5.480~1-09abd]:main():lattice-oracle.cc:332) For utterance M551762699-3769864_3769864-1218008544_1503170206-GB-M-047, best cost 0
Lattice M554745681-3703714_232358-825492545_1527537699-GB-M-005 read.
LOG (lattice-oracle[5.5.480~1-09abd]:main():lattice-oracle.cc:318) %WER 95.2381 [ 20 / 21, 0 insertions, 19 deletions, 1 sub ]
LOG (lattice-oracle[5.5.480~1-09abd]:main():lattice-oracle.cc:332) For utterance M554745681-3703714_232358-825492545_1527537699-GB-M-005, best cost 20
Lattice M554745681-3703714_232358-825492545_1527537699-GB-M-012 read.
LOG (lattice-oracle[5.5.480~1-09abd]:main():lattice-oracle.cc:318) %WER 55.5556 [ 5 / 9, 0 insertions, 5 deletions, 0 sub ]
LOG (lattice-oracle[5.5.480~1-09abd]:main():lattice-oracle.cc:332) For utterance M554745681-3703714_232358-825492545_1527537699-GB-M-012, best cost 5
Lattice M555404170-4212785_4212785-1083723563_1664781629-GB-M-001 read.
LOG (lattice-oracle[5.5.480~1-09abd]:main():lattice-oracle.cc:318) %WER 0 [ 0 / 6, 0 insertions, 0 deletions, 0 sub ]
LOG (lattice-oracle[5.5.480~1-09abd]:main():lattice-oracle.cc:332) For utterance M555404170-4212785_4212785-1083723563_1664781629-GB-M-001, best cost 0
Lattice M555404170-4212785_4212785-1083723563_1664781629-GB-M-002 read.
LOG (lattice-oracle[5.5.480~1-09abd]:main():lattice-oracle.cc:318) %WER 40 [ 2 / 5, 1 insertions, 0 deletions, 1 sub ]
LOG (lattice-oracle[5.5.480~1-09abd]:main():lattice-oracle.cc:332) For utterance M555404170-4212785_4212785-1083723563_1664781629-GB-M-002, best cost 2
Lattice M555404170-4212785_4212785-1083723563_1664781629-GB-M-003 read.
LOG (lattice-oracle[5.5.480~1-09abd]:main():lattice-oracle.cc:318) %WER 0 [ 0 / 6, 0 insertions, 0 deletions, 0 sub ]
LOG (lattice-oracle[5.5.480~1-09abd]:main():lattice-oracle.cc:332) For utterance M555404170-4212785_4212785-1083723563_1664781629-GB-M-003, best cost 0
Lattice M555404170-4212785_4212785-1083723563_1664781629-GB-M-004 read.
LOG (lattice-oracle[5.5.480~1-09abd]:main():lattice-oracle.cc:318) %WER 25 [ 2 / 8, 0 insertions, 2 deletions, 0 sub ]
LOG (lattice-oracle[5.5.480~1-09abd]:main():lattice-oracle.cc:332) For utterance M555404170-4212785_4212785-1083723563_1664781629-GB-M-004, best cost 2
Lattice M555404170-4212785_4212785-1083723563_1664781629-GB-M-010 read.
LOG (lattice-oracle[5.5.480~1-09abd]:main():lattice-oracle.cc:318) %WER 41.6667 [ 5 / 12, 0 insertions, 5 deletions, 0 sub ]
LOG (lattice-oracle[5.5.480~1-09abd]:main():lattice-oracle.cc:332) For utterance M555404170-4212785_4212785-1083723563_1664781629-GB-M-010, best cost 5
Lattice M555404170-4212785_4212785-1083723563_1664781629-GB-M-013 read.
LOG (lattice-oracle[5.5.480~1-09abd]:main():lattice-oracle.cc:318) %WER 71.4286 [ 5 / 7, 0 insertions, 5 deletions, 0 sub ]
LOG (lattice-oracle[5.5.480~1-09abd]:main():lattice-oracle.cc:332) For utterance M555404170-4212785_4212785-1083723563_1664781629-GB-M-013, best cost 5
Lattice M555404170-4212785_4212785-1083723563_1664781629-GB-M-019 read.
LOG (lattice-oracle[5.5.480~1-09abd]:main():lattice-oracle.cc:318) %WER 0 [ 0 / 7, 0 insertions, 0 deletions, 0 sub ]
LOG (lattice-oracle[5.5.480~1-09abd]:main():lattice-oracle.cc:332) For utterance M555404170-4212785_4212785-1083723563_1664781629-GB-M-019, best cost 0
Lattice M555404170-4212785_4212785-1083723563_1664781629-GB-M-025 read.
LOG (lattice-oracle[5.5.480~1-09abd]:main():lattice-oracle.cc:318) %WER 45 [ 9 / 20, 0 insertions, 9 deletions, 0 sub ]
LOG (lattice-oracle[5.5.480~1-09abd]:main():lattice-oracle.cc:332) For utterance M555404170-4212785_4212785-1083723563_1664781629-GB-M-025, best cost 9
Lattice M555404170-4212785_4212785-1083723563_1664781629-GB-M-032 read.
LOG (lattice-oracle[5.5.480~1-09abd]:main():lattice-oracle.cc:318) %WER 20 [ 1 / 5, 0 insertions, 0 deletions, 1 sub ]
LOG (lattice-oracle[5.5.480~1-09abd]:main():lattice-oracle.cc:332) For utterance M555404170-4212785_4212785-1083723563_1664781629-GB-M-032, best cost 1
Lattice M555404170-4212785_4212785-1083723563_1664781629-GB-M-034 read.
LOG (lattice-oracle[5.5.480~1-09abd]:main():lattice-oracle.cc:318) %WER 36.8421 [ 7 / 19, 0 insertions, 6 deletions, 1 sub ]
LOG (lattice-oracle[5.5.480~1-09abd]:main():lattice-oracle.cc:332) For utterance M555404170-4212785_4212785-1083723563_1664781629-GB-M-034, best cost 7
Lattice M555404170-4212785_4212785-1083723563_1664781629-GB-M-038 read.
LOG (lattice-oracle[5.5.480~1-09abd]:main():lattice-oracle.cc:318) %WER 0 [ 0 / 5, 0 insertions, 0 deletions, 0 sub ]
LOG (lattice-oracle[5.5.480~1-09abd]:main():lattice-oracle.cc:332) For utterance M555404170-4212785_4212785-1083723563_1664781629-GB-M-038, best cost 0
Lattice M555404170-4212785_4212785-1083723563_1664781629-GB-M-040 read.
LOG (lattice-oracle[5.5.480~1-09abd]:main():lattice-oracle.cc:318) %WER 0 [ 0 / 4, 0 insertions, 0 deletions, 0 sub ]
LOG (lattice-oracle[5.5.480~1-09abd]:main():lattice-oracle.cc:332) For utterance M555404170-4212785_4212785-1083723563_1664781629-GB-M-040, best cost 0
Lattice M555404170-4212785_4212785-1083723563_1664781629-GB-M-042 read.
LOG (lattice-oracle[5.5.480~1-09abd]:main():lattice-oracle.cc:318) %WER 83.3333 [ 5 / 6, 0 insertions, 4 deletions, 1 sub ]
LOG (lattice-oracle[5.5.480~1-09abd]:main():lattice-oracle.cc:332) For utterance M555404170-4212785_4212785-1083723563_1664781629-GB-M-042, best cost 5
Lattice M555404170-4212785_4212785-1083723563_1664781629-GB-M-043 read.
LOG (lattice-oracle[5.5.480~1-09abd]:main():lattice-oracle.cc:318) %WER 84.6154 [ 11 / 13, 0 insertions, 10 deletions, 1 sub ]
LOG (lattice-oracle[5.5.480~1-09abd]:main():lattice-oracle.cc:332) For utterance M555404170-4212785_4212785-1083723563_1664781629-GB-M-043, best cost 11
Lattice M555404170-4212785_4212785-1083723563_1664781629-GB-M-046 read.
LOG (lattice-oracle[5.5.480~1-09abd]:main():lattice-oracle.cc:318) %WER 0 [ 0 / 5, 0 insertions, 0 deletions, 0 sub ]
LOG (lattice-oracle[5.5.480~1-09abd]:main():lattice-oracle.cc:332) For utterance M555404170-4212785_4212785-1083723563_1664781629-GB-M-046, best cost 0
Lattice M555404170-4212785_4212785-1083723563_1664781629-GB-M-049 read.
LOG (lattice-oracle[5.5.480~1-09abd]:main():lattice-oracle.cc:318) %WER 58.3333 [ 7 / 12, 0 insertions, 7 deletions, 0 sub ]
LOG (lattice-oracle[5.5.480~1-09abd]:main():lattice-oracle.cc:332) For utterance M555404170-4212785_4212785-1083723563_1664781629-GB-M-049, best cost 7
Lattice M555404170-4212785_4212785-1083723563_1664781629-GB-M-052 read.
LOG (lattice-oracle[5.5.480~1-09abd]:main():lattice-oracle.cc:318) %WER 10 [ 2 / 20, 0 insertions, 2 deletions, 0 sub ]
LOG (lattice-oracle[5.5.480~1-09abd]:main():lattice-oracle.cc:332) For utterance M555404170-4212785_4212785-1083723563_1664781629-GB-M-052, best cost 2
Lattice M555404170-4212785_4212785-1083723563_1664781629-GB-M-055 read.
LOG (lattice-oracle[5.5.480~1-09abd]:main():lattice-oracle.cc:318) %WER 69.2308 [ 9 / 13, 0 insertions, 9 deletions, 0 sub ]
LOG (lattice-oracle[5.5.480~1-09abd]:main():lattice-oracle.cc:332) For utterance M555404170-4212785_4212785-1083723563_1664781629-GB-M-055, best cost 9
Lattice M555404170-4212785_4212785-1083723563_1664781629-GB-M-059 read.
LOG (lattice-oracle[5.5.480~1-09abd]:main():lattice-oracle.cc:318) %WER 0 [ 0 / 8, 0 insertions, 0 deletions, 0 sub ]
LOG (lattice-oracle[5.5.480~1-09abd]:main():lattice-oracle.cc:332) For utterance M555404170-4212785_4212785-1083723563_1664781629-GB-M-059, best cost 0
Lattice M555404170-4212785_4212785-1083723563_1664781629-GB-M-061 read.
LOG (lattice-oracle[5.5.480~1-09abd]:main():lattice-oracle.cc:318) %WER 0 [ 0 / 4, 0 insertions, 0 deletions, 0 sub ]
LOG (lattice-oracle[5.5.480~1-09abd]:main():lattice-oracle.cc:332) For utterance M555404170-4212785_4212785-1083723563_1664781629-GB-M-061, best cost 0
Lattice M555404170-4212785_4212785-1083723563_1664781629-GB-M-062 read.
LOG (lattice-oracle[5.5.480~1-09abd]:main():lattice-oracle.cc:318) %WER 33.3333 [ 3 / 9, 0 insertions, 3 deletions, 0 sub ]
LOG (lattice-oracle[5.5.480~1-09abd]:main():lattice-oracle.cc:332) For utterance M555404170-4212785_4212785-1083723563_1664781629-GB-M-062, best cost 3
Lattice M555404170-4212785_4212785-1083723563_1664781629-GB-M-068 read.
LOG (lattice-oracle[5.5.480~1-09abd]:main():lattice-oracle.cc:318) %WER 25 [ 1 / 4, 0 insertions, 0 deletions, 1 sub ]
LOG (lattice-oracle[5.5.480~1-09abd]:main():lattice-oracle.cc:332) For utterance M555404170-4212785_4212785-1083723563_1664781629-GB-M-068, best cost 1
Lattice M555404170-4212785_4212785-1083723563_1664781629-GB-M-070 read.
LOG (lattice-oracle[5.5.480~1-09abd]:main():lattice-oracle.cc:318) %WER 33.3333 [ 3 / 9, 0 insertions, 3 deletions, 0 sub ]
LOG (lattice-oracle[5.5.480~1-09abd]:main():lattice-oracle.cc:332) For utterance M555404170-4212785_4212785-1083723563_1664781629-GB-M-070, best cost 3
Lattice M555404170-4212785_4212785-1083723563_1664781629-GB-M-076 read.
LOG (lattice-oracle[5.5.480~1-09abd]:main():lattice-oracle.cc:318) %WER 0 [ 0 / 7, 0 insertions, 0 deletions, 0 sub ]
LOG (lattice-oracle[5.5.480~1-09abd]:main():lattice-oracle.cc:332) For utterance M555404170-4212785_4212785-1083723563_1664781629-GB-M-076, best cost 0
Lattice M555404170-4212785_4212785-1083723563_1664781629-GB-M-077 read.
LOG (lattice-oracle[5.5.480~1-09abd]:main():lattice-oracle.cc:318) %WER 66.6667 [ 4 / 6, 2 insertions, 2 deletions, 0 sub ]
LOG (lattice-oracle[5.5.480~1-09abd]:main():lattice-oracle.cc:332) For utterance M555404170-4212785_4212785-1083723563_1664781629-GB-M-077, best cost 4
Lattice M555404170-4212785_4212785-1083723563_1664781629-GB-M-078 read.
LOG (lattice-oracle[5.5.480~1-09abd]:main():lattice-oracle.cc:318) %WER 75 [ 9 / 12, 0 insertions, 5 deletions, 4 sub ]
LOG (lattice-oracle[5.5.480~1-09abd]:main():lattice-oracle.cc:332) For utterance M555404170-4212785_4212785-1083723563_1664781629-GB-M-078, best cost 9
Lattice M555404170-4212785_4212785-1083723563_1664781629-GB-M-083 read.
LOG (lattice-oracle[5.5.480~1-09abd]:main():lattice-oracle.cc:318) %WER 0 [ 0 / 7, 0 insertions, 0 deletions, 0 sub ]
LOG (lattice-oracle[5.5.480~1-09abd]:main():lattice-oracle.cc:332) For utterance M555404170-4212785_4212785-1083723563_1664781629-GB-M-083, best cost 0
Lattice M555404170-4212785_4212785-1083723563_1664781629-GB-M-084 read.
LOG (lattice-oracle[5.5.480~1-09abd]:main():lattice-oracle.cc:318) %WER 15.7895 [ 3 / 19, 1 insertions, 2 deletions, 0 sub ]
LOG (lattice-oracle[5.5.480~1-09abd]:main():lattice-oracle.cc:332) For utterance M555404170-4212785_4212785-1083723563_1664781629-GB-M-084, best cost 3
Lattice M555404170-4212785_4212785-1083723563_1664781629-GB-M-093 read.
LOG (lattice-oracle[5.5.480~1-09abd]:main():lattice-oracle.cc:318) %WER 16.6667 [ 1 / 6, 0 insertions, 1 deletions, 0 sub ]
LOG (lattice-oracle[5.5.480~1-09abd]:main():lattice-oracle.cc:332) For utterance M555404170-4212785_4212785-1083723563_1664781629-GB-M-093, best cost 1
Lattice M555404170-4212785_4212785-1083723563_1664781629-GB-M-094 read.
LOG (lattice-oracle[5.5.480~1-09abd]:main():lattice-oracle.cc:318) %WER 38.4615 [ 5 / 13, 0 insertions, 5 deletions, 0 sub ]
LOG (lattice-oracle[5.5.480~1-09abd]:main():lattice-oracle.cc:332) For utterance M555404170-4212785_4212785-1083723563_1664781629-GB-M-094, best cost 5
Lattice M555404170-4212785_4212785-1083723563_1664781629-GB-M-096 read.
LOG (lattice-oracle[5.5.480~1-09abd]:main():lattice-oracle.cc:318) %WER 57.1429 [ 4 / 7, 2 insertions, 1 deletions, 1 sub ]
LOG (lattice-oracle[5.5.480~1-09abd]:main():lattice-oracle.cc:332) For utterance M555404170-4212785_4212785-1083723563_1664781629-GB-M-096, best cost 4
Lattice M556909673-230065669_2149373-556914004_1604500758-GB-M-001 read.
LOG (lattice-oracle[5.5.480~1-09abd]:main():lattice-oracle.cc:318) %WER 0 [ 0 / 6, 0 insertions, 0 deletions, 0 sub ]
LOG (lattice-oracle[5.5.480~1-09abd]:main():lattice-oracle.cc:332) For utterance M556909673-230065669_2149373-556914004_1604500758-GB-M-001, best cost 0
Lattice M556909673-230065669_2149373-556914004_1604500758-GB-M-002 read.
LOG (lattice-oracle[5.5.480~1-09abd]:main():lattice-oracle.cc:318) %WER 0 [ 0 / 5, 0 insertions, 0 deletions, 0 sub ]
LOG (lattice-oracle[5.5.480~1-09abd]:main():lattice-oracle.cc:332) For utterance M556909673-230065669_2149373-556914004_1604500758-GB-M-002, best cost 0
Lattice M556909673-230065669_2149373-556914004_1604500758-GB-M-003 read.
LOG (lattice-oracle[5.5.480~1-09abd]:main():lattice-oracle.cc:318) %WER 0 [ 0 / 8, 0 insertions, 0 deletions, 0 sub ]
LOG (lattice-oracle[5.5.480~1-09abd]:main():lattice-oracle.cc:332) For utterance M556909673-230065669_2149373-556914004_1604500758-GB-M-003, best cost 0
Lattice M556909673-230065669_2149373-556914004_1604500758-GB-M-005 read.
LOG (lattice-oracle[5.5.480~1-09abd]:main():lattice-oracle.cc:318) %WER 0 [ 0 / 7, 0 insertions, 0 deletions, 0 sub ]
LOG (lattice-oracle[5.5.480~1-09abd]:main():lattice-oracle.cc:332) For utterance M556909673-230065669_2149373-556914004_1604500758-GB-M-005, best cost 0
Lattice M556909673-230065669_2149373-556914004_1604500758-GB-M-006 read.
LOG (lattice-oracle[5.5.480~1-09abd]:main():lattice-oracle.cc:318) %WER 37.5 [ 3 / 8, 0 insertions, 3 deletions, 0 sub ]
LOG (lattice-oracle[5.5.480~1-09abd]:main():lattice-oracle.cc:332) For utterance M556909673-230065669_2149373-556914004_1604500758-GB-M-006, best cost 3
Lattice M556909673-230065669_2149373-556914004_1604500758-GB-M-007 read.
LOG (lattice-oracle[5.5.480~1-09abd]:main():lattice-oracle.cc:318) %WER 0 [ 0 / 8, 0 insertions, 0 deletions, 0 sub ]
LOG (lattice-oracle[5.5.480~1-09abd]:main():lattice-oracle.cc:332) For utterance M556909673-230065669_2149373-556914004_1604500758-GB-M-007, best cost 0
Lattice M556909673-230065669_2149373-556914004_1604500758-GB-M-008 read.
LOG (lattice-oracle[5.5.480~1-09abd]:main():lattice-oracle.cc:318) %WER 0 [ 0 / 4, 0 insertions, 0 deletions, 0 sub ]
LOG (lattice-oracle[5.5.480~1-09abd]:main():lattice-oracle.cc:332) For utterance M556909673-230065669_2149373-556914004_1604500758-GB-M-008, best cost 0
Lattice M556909673-230065669_2149373-556914004_1604500758-GB-M-009 read.
LOG (lattice-oracle[5.5.480~1-09abd]:main():lattice-oracle.cc:318) %WER 0 [ 0 / 4, 0 insertions, 0 deletions, 0 sub ]
LOG (lattice-oracle[5.5.480~1-09abd]:main():lattice-oracle.cc:332) For utterance M556909673-230065669_2149373-556914004_1604500758-GB-M-009, best cost 0
Lattice M556909673-230065669_2149373-556914004_1604500758-GB-M-010 read.
LOG (lattice-oracle[5.5.480~1-09abd]:main():lattice-oracle.cc:318) %WER 33.3333 [ 1 / 3, 0 insertions, 0 deletions, 1 sub ]
LOG (lattice-oracle[5.5.480~1-09abd]:main():lattice-oracle.cc:332) For utterance M556909673-230065669_2149373-556914004_1604500758-GB-M-010, best cost 1
Lattice M556909673-230065669_2149373-556914004_1604500758-GB-M-012 read.
LOG (lattice-oracle[5.5.480~1-09abd]:main():lattice-oracle.cc:318) %WER 28.5714 [ 2 / 7, 2 insertions, 0 deletions, 0 sub ]
LOG (lattice-oracle[5.5.480~1-09abd]:main():lattice-oracle.cc:332) For utterance M556909673-230065669_2149373-556914004_1604500758-GB-M-012, best cost 2
Lattice M556909673-230065669_2149373-556914004_1604500758-GB-M-013 read.
LOG (lattice-oracle[5.5.480~1-09abd]:main():lattice-oracle.cc:318) %WER 0 [ 0 / 24, 0 insertions, 0 deletions, 0 sub ]
LOG (lattice-oracle[5.5.480~1-09abd]:main():lattice-oracle.cc:332) For utterance M556909673-230065669_2149373-556914004_1604500758-GB-M-013, best cost 0
Lattice M556909673-230065669_2149373-556914004_1604500758-GB-M-016 read.
LOG (lattice-oracle[5.5.480~1-09abd]:main():lattice-oracle.cc:318) %WER 6.66667 [ 1 / 15, 0 insertions, 1 deletions, 0 sub ]
LOG (lattice-oracle[5.5.480~1-09abd]:main():lattice-oracle.cc:332) For utterance M556909673-230065669_2149373-556914004_1604500758-GB-M-016, best cost 1
Lattice M556909673-230065669_2149373-556914004_1604500758-GB-M-018 read.
LOG (lattice-oracle[5.5.480~1-09abd]:main():lattice-oracle.cc:318) %WER 0 [ 0 / 45, 0 insertions, 0 deletions, 0 sub ]
LOG (lattice-oracle[5.5.480~1-09abd]:main():lattice-oracle.cc:332) For utterance M556909673-230065669_2149373-556914004_1604500758-GB-M-018, best cost 0
Lattice M556909673-230065669_2149373-556914004_1604500758-GB-M-025 read.
LOG (lattice-oracle[5.5.480~1-09abd]:main():lattice-oracle.cc:318) %WER 0 [ 0 / 7, 0 insertions, 0 deletions, 0 sub ]
LOG (lattice-oracle[5.5.480~1-09abd]:main():lattice-oracle.cc:332) For utterance M556909673-230065669_2149373-556914004_1604500758-GB-M-025, best cost 0
Lattice M556909673-230065669_2149373-556914004_1604500758-GB-M-026 read.
LOG (lattice-oracle[5.5.480~1-09abd]:main():lattice-oracle.cc:318) %WER 3.33333 [ 1 / 30, 0 insertions, 1 deletions, 0 sub ]
LOG (lattice-oracle[5.5.480~1-09abd]:main():lattice-oracle.cc:332) For utterance M556909673-230065669_2149373-556914004_1604500758-GB-M-026, best cost 1
Lattice M556909673-230065669_2149373-556914004_1604500758-GB-M-031 read.
LOG (lattice-oracle[5.5.480~1-09abd]:main():lattice-oracle.cc:318) %WER 0 [ 0 / 6, 0 insertions, 0 deletions, 0 sub ]
LOG (lattice-oracle[5.5.480~1-09abd]:main():lattice-oracle.cc:332) For utterance M556909673-230065669_2149373-556914004_1604500758-GB-M-031, best cost 0
Lattice M556909673-230065669_2149373-556914004_1604500758-GB-M-032 read.
LOG (lattice-oracle[5.5.480~1-09abd]:main():lattice-oracle.cc:318) %WER 0 [ 0 / 5, 0 insertions, 0 deletions, 0 sub ]
LOG (lattice-oracle[5.5.480~1-09abd]:main():lattice-oracle.cc:332) For utterance M556909673-230065669_2149373-556914004_1604500758-GB-M-032, best cost 0
Lattice M556909673-230065669_2149373-556914004_1604500758-GB-M-033 read.
LOG (lattice-oracle[5.5.480~1-09abd]:main():lattice-oracle.cc:318) %WER 0 [ 0 / 2, 0 insertions, 0 deletions, 0 sub ]
LOG (lattice-oracle[5.5.480~1-09abd]:main():lattice-oracle.cc:332) For utterance M556909673-230065669_2149373-556914004_1604500758-GB-M-033, best cost 0
Lattice M556909673-230065669_2149373-556914004_1604500758-GB-M-036 read.
LOG (lattice-oracle[5.5.480~1-09abd]:main():lattice-oracle.cc:318) %WER 0 [ 0 / 12, 0 insertions, 0 deletions, 0 sub ]
LOG (lattice-oracle[5.5.480~1-09abd]:main():lattice-oracle.cc:332) For utterance M556909673-230065669_2149373-556914004_1604500758-GB-M-036, best cost 0
Lattice M556909673-230065669_2149373-556914004_1604500758-GB-M-039 read.
LOG (lattice-oracle[5.5.480~1-09abd]:main():lattice-oracle.cc:318) %WER 37.5 [ 3 / 8, 0 insertions, 3 deletions, 0 sub ]
LOG (lattice-oracle[5.5.480~1-09abd]:main():lattice-oracle.cc:332) For utterance M556909673-230065669_2149373-556914004_1604500758-GB-M-039, best cost 3
Lattice M556909673-230065669_2149373-556914004_1604500758-GB-M-040 read.
LOG (lattice-oracle[5.5.480~1-09abd]:main():lattice-oracle.cc:318) %WER 0 [ 0 / 19, 0 insertions, 0 deletions, 0 sub ]
LOG (lattice-oracle[5.5.480~1-09abd]:main():lattice-oracle.cc:332) For utterance M556909673-230065669_2149373-556914004_1604500758-GB-M-040, best cost 0
Lattice M556909673-230065669_2149373-556914004_1604500758-GB-M-044 read.
LOG (lattice-oracle[5.5.480~1-09abd]:main():lattice-oracle.cc:318) %WER 16.5563 [ 25 / 151, 0 insertions, 21 deletions, 4 sub ]
LOG (lattice-oracle[5.5.480~1-09abd]:main():lattice-oracle.cc:332) For utterance M556909673-230065669_2149373-556914004_1604500758-GB-M-044, best cost 25
Lattice M556909673-230065669_2149373-556914004_1604500758-GB-M-069 read.
LOG (lattice-oracle[5.5.480~1-09abd]:main():lattice-oracle.cc:318) %WER 0 [ 0 / 21, 0 insertions, 0 deletions, 0 sub ]
LOG (lattice-oracle[5.5.480~1-09abd]:main():lattice-oracle.cc:332) For utterance M556909673-230065669_2149373-556914004_1604500758-GB-M-069, best cost 0
Lattice M556909673-230065669_2149373-556914004_1604500758-GB-M-074 read.
LOG (lattice-oracle[5.5.480~1-09abd]:main():lattice-oracle.cc:318) %WER 0 [ 0 / 4, 0 insertions, 0 deletions, 0 sub ]
LOG (lattice-oracle[5.5.480~1-09abd]:main():lattice-oracle.cc:332) For utterance M556909673-230065669_2149373-556914004_1604500758-GB-M-074, best cost 0
Lattice M556909673-230065669_2149373-556914004_1604500758-GB-M-075 read.
LOG (lattice-oracle[5.5.480~1-09abd]:main():lattice-oracle.cc:318) %WER 0 [ 0 / 6, 0 insertions, 0 deletions, 0 sub ]
LOG (lattice-oracle[5.5.480~1-09abd]:main():lattice-oracle.cc:332) For utterance M556909673-230065669_2149373-556914004_1604500758-GB-M-075, best cost 0
Lattice M556909673-230065669_2149373-556914004_1604500758-GB-M-076 read.
LOG (lattice-oracle[5.5.480~1-09abd]:main():lattice-oracle.cc:318) %WER 0 [ 0 / 4, 0 insertions, 0 deletions, 0 sub ]
LOG (lattice-oracle[5.5.480~1-09abd]:main():lattice-oracle.cc:332) For utterance M556909673-230065669_2149373-556914004_1604500758-GB-M-076, best cost 0
Lattice M556909673-230065669_2149373-556914004_1604500758-GB-M-079 read.
LOG (lattice-oracle[5.5.480~1-09abd]:main():lattice-oracle.cc:318) %WER 25 [ 2 / 8, 0 insertions, 2 deletions, 0 sub ]
LOG (lattice-oracle[5.5.480~1-09abd]:main():lattice-oracle.cc:332) For utterance M556909673-230065669_2149373-556914004_1604500758-GB-M-079, best cost 2
Lattice M556909673-230065669_2149373-556914004_1604500758-GB-M-080 read.
LOG (lattice-oracle[5.5.480~1-09abd]:main():lattice-oracle.cc:318) %WER 11.5385 [ 3 / 26, 0 insertions, 3 deletions, 0 sub ]
LOG (lattice-oracle[5.5.480~1-09abd]:main():lattice-oracle.cc:332) For utterance M556909673-230065669_2149373-556914004_1604500758-GB-M-080, best cost 3
Lattice M556909673-230065669_2149373-556914004_1604500758-GB-M-085 read.
LOG (lattice-oracle[5.5.480~1-09abd]:main():lattice-oracle.cc:318) %WER 23.4375 [ 15 / 64, 0 insertions, 15 deletions, 0 sub ]
LOG (lattice-oracle[5.5.480~1-09abd]:main():lattice-oracle.cc:332) For utterance M556909673-230065669_2149373-556914004_1604500758-GB-M-085, best cost 15
Lattice M556909673-230065669_2149373-556914004_1604500758-GB-M-097 read.
LOG (lattice-oracle[5.5.480~1-09abd]:main():lattice-oracle.cc:318) %WER 4.54545 [ 2 / 44, 0 insertions, 2 deletions, 0 sub ]
LOG (lattice-oracle[5.5.480~1-09abd]:main():lattice-oracle.cc:332) For utterance M556909673-230065669_2149373-556914004_1604500758-GB-M-097, best cost 2
Lattice M556909673-81321499_1559312-556914004_1604525840-GB-M-001 read.
LOG (lattice-oracle[5.5.480~1-09abd]:main():lattice-oracle.cc:318) %WER 0 [ 0 / 8, 0 insertions, 0 deletions, 0 sub ]
LOG (lattice-oracle[5.5.480~1-09abd]:main():lattice-oracle.cc:332) For utterance M556909673-81321499_1559312-556914004_1604525840-GB-M-001, best cost 0
Lattice M556909673-81321499_1559312-556914004_1604525840-GB-M-002 read.
LOG (lattice-oracle[5.5.480~1-09abd]:main():lattice-oracle.cc:318) %WER 12.5 [ 1 / 8, 0 insertions, 1 deletions, 0 sub ]
LOG (lattice-oracle[5.5.480~1-09abd]:main():lattice-oracle.cc:332) For utterance M556909673-81321499_1559312-556914004_1604525840-GB-M-002, best cost 1
Lattice M556909673-81321499_1559312-556914004_1604525840-GB-M-003 read.
LOG (lattice-oracle[5.5.480~1-09abd]:main():lattice-oracle.cc:318) %WER 0 [ 0 / 7, 0 insertions, 0 deletions, 0 sub ]
LOG (lattice-oracle[5.5.480~1-09abd]:main():lattice-oracle.cc:332) For utterance M556909673-81321499_1559312-556914004_1604525840-GB-M-003, best cost 0
Lattice M556909673-81321499_1559312-556914004_1604525840-GB-M-004 read.
LOG (lattice-oracle[5.5.480~1-09abd]:main():lattice-oracle.cc:318) %WER 0 [ 0 / 6, 0 insertions, 0 deletions, 0 sub ]
LOG (lattice-oracle[5.5.480~1-09abd]:main():lattice-oracle.cc:332) For utterance M556909673-81321499_1559312-556914004_1604525840-GB-M-004, best cost 0
Lattice M556909673-81321499_1559312-556914004_1604525840-GB-M-005 read.
LOG (lattice-oracle[5.5.480~1-09abd]:main():lattice-oracle.cc:318) %WER 0 [ 0 / 6, 0 insertions, 0 deletions, 0 sub ]
LOG (lattice-oracle[5.5.480~1-09abd]:main():lattice-oracle.cc:332) For utterance M556909673-81321499_1559312-556914004_1604525840-GB-M-005, best cost 0
Lattice M556909673-81321499_1559312-556914004_1604525840-GB-M-007 read.
LOG (lattice-oracle[5.5.480~1-09abd]:main():lattice-oracle.cc:318) %WER 0 [ 0 / 5, 0 insertions, 0 deletions, 0 sub ]
LOG (lattice-oracle[5.5.480~1-09abd]:main():lattice-oracle.cc:332) For utterance M556909673-81321499_1559312-556914004_1604525840-GB-M-007, best cost 0
Lattice M556909673-81321499_1559312-556914004_1604525840-GB-M-008 read.
LOG (lattice-oracle[5.5.480~1-09abd]:main():lattice-oracle.cc:318) %WER 0 [ 0 / 8, 0 insertions, 0 deletions, 0 sub ]
LOG (lattice-oracle[5.5.480~1-09abd]:main():lattice-oracle.cc:332) For utterance M556909673-81321499_1559312-556914004_1604525840-GB-M-008, best cost 0
Lattice M556909673-81321499_1559312-556914004_1604525840-GB-M-010 read.
LOG (lattice-oracle[5.5.480~1-09abd]:main():lattice-oracle.cc:318) %WER 0 [ 0 / 6, 0 insertions, 0 deletions, 0 sub ]
LOG (lattice-oracle[5.5.480~1-09abd]:main():lattice-oracle.cc:332) For utterance M556909673-81321499_1559312-556914004_1604525840-GB-M-010, best cost 0
Lattice M556909673-81321499_1559312-556914004_1604525840-GB-M-011 read.
LOG (lattice-oracle[5.5.480~1-09abd]:main():lattice-oracle.cc:318) %WER 0 [ 0 / 20, 0 insertions, 0 deletions, 0 sub ]
LOG (lattice-oracle[5.5.480~1-09abd]:main():lattice-oracle.cc:332) For utterance M556909673-81321499_1559312-556914004_1604525840-GB-M-011, best cost 0
Lattice M556909673-81321499_1559312-556914004_1604525840-GB-M-014 read.
LOG (lattice-oracle[5.5.480~1-09abd]:main():lattice-oracle.cc:318) %WER 23.8095 [ 5 / 21, 0 insertions, 2 deletions, 3 sub ]
LOG (lattice-oracle[5.5.480~1-09abd]:main():lattice-oracle.cc:332) For utterance M556909673-81321499_1559312-556914004_1604525840-GB-M-014, best cost 5
Lattice M556909673-81321499_1559312-556914004_1604525840-GB-M-019 read.
LOG (lattice-oracle[5.5.480~1-09abd]:main():lattice-oracle.cc:318) %WER 0 [ 0 / 5, 0 insertions, 0 deletions, 0 sub ]
LOG (lattice-oracle[5.5.480~1-09abd]:main():lattice-oracle.cc:332) For utterance M556909673-81321499_1559312-556914004_1604525840-GB-M-019, best cost 0
Lattice M556909673-81321499_1559312-556914004_1604525840-GB-M-020 read.
LOG (lattice-oracle[5.5.480~1-09abd]:main():lattice-oracle.cc:318) %WER 0 [ 0 / 16, 0 insertions, 0 deletions, 0 sub ]
LOG (lattice-oracle[5.5.480~1-09abd]:main():lattice-oracle.cc:332) For utterance M556909673-81321499_1559312-556914004_1604525840-GB-M-020, best cost 0
Lattice M556909673-81321499_1559312-556914004_1604525840-GB-M-023 read.
LOG (lattice-oracle[5.5.480~1-09abd]:main():lattice-oracle.cc:318) %WER 0 [ 0 / 5, 0 insertions, 0 deletions, 0 sub ]
LOG (lattice-oracle[5.5.480~1-09abd]:main():lattice-oracle.cc:332) For utterance M556909673-81321499_1559312-556914004_1604525840-GB-M-023, best cost 0
Lattice M556909673-81321499_1559312-556914004_1604525840-GB-M-024 read.
LOG (lattice-oracle[5.5.480~1-09abd]:main():lattice-oracle.cc:318) %WER 0 [ 0 / 14, 0 insertions, 0 deletions, 0 sub ]
LOG (lattice-oracle[5.5.480~1-09abd]:main():lattice-oracle.cc:332) For utterance M556909673-81321499_1559312-556914004_1604525840-GB-M-024, best cost 0
Lattice M556909673-81321499_1559312-556914004_1604525840-GB-M-026 read.
LOG (lattice-oracle[5.5.480~1-09abd]:main():lattice-oracle.cc:318) %WER 0 [ 0 / 5, 0 insertions, 0 deletions, 0 sub ]
LOG (lattice-oracle[5.5.480~1-09abd]:main():lattice-oracle.cc:332) For utterance M556909673-81321499_1559312-556914004_1604525840-GB-M-026, best cost 0
Lattice M556909673-81321499_1559312-556914004_1604525840-GB-M-027 read.
LOG (lattice-oracle[5.5.480~1-09abd]:main():lattice-oracle.cc:318) %WER 0 [ 0 / 5, 0 insertions, 0 deletions, 0 sub ]
LOG (lattice-oracle[5.5.480~1-09abd]:main():lattice-oracle.cc:332) For utterance M556909673-81321499_1559312-556914004_1604525840-GB-M-027, best cost 0
Lattice M556909673-81321499_1559312-556914004_1604525840-GB-M-028 read.
LOG (lattice-oracle[5.5.480~1-09abd]:main():lattice-oracle.cc:318) %WER 0 [ 0 / 5, 0 insertions, 0 deletions, 0 sub ]
LOG (lattice-oracle[5.5.480~1-09abd]:main():lattice-oracle.cc:332) For utterance M556909673-81321499_1559312-556914004_1604525840-GB-M-028, best cost 0
Lattice M556909673-81321499_1559312-556914004_1604525840-GB-M-029 read.
LOG (lattice-oracle[5.5.480~1-09abd]:main():lattice-oracle.cc:318) %WER 0 [ 0 / 7, 0 insertions, 0 deletions, 0 sub ]
LOG (lattice-oracle[5.5.480~1-09abd]:main():lattice-oracle.cc:332) For utterance M556909673-81321499_1559312-556914004_1604525840-GB-M-029, best cost 0
Lattice M556909673-81321499_1559312-556914004_1604525840-GB-M-030 read.
LOG (lattice-oracle[5.5.480~1-09abd]:main():lattice-oracle.cc:318) %WER 0 [ 0 / 4, 0 insertions, 0 deletions, 0 sub ]
LOG (lattice-oracle[5.5.480~1-09abd]:main():lattice-oracle.cc:332) For utterance M556909673-81321499_1559312-556914004_1604525840-GB-M-030, best cost 0
Lattice M556909673-81321499_1559312-556914004_1604525840-GB-M-031 read.
LOG (lattice-oracle[5.5.480~1-09abd]:main():lattice-oracle.cc:318) %WER 0 [ 0 / 21, 0 insertions, 0 deletions, 0 sub ]
LOG (lattice-oracle[5.5.480~1-09abd]:main():lattice-oracle.cc:332) For utterance M556909673-81321499_1559312-556914004_1604525840-GB-M-031, best cost 0
Lattice M556909673-81321499_1559312-556914004_1604525840-GB-M-036 read.
LOG (lattice-oracle[5.5.480~1-09abd]:main():lattice-oracle.cc:318) %WER 0 [ 0 / 6, 0 insertions, 0 deletions, 0 sub ]
LOG (lattice-oracle[5.5.480~1-09abd]:main():lattice-oracle.cc:332) For utterance M556909673-81321499_1559312-556914004_1604525840-GB-M-036, best cost 0
Lattice M556909673-81321499_1559312-556914004_1604525840-GB-M-037 read.
LOG (lattice-oracle[5.5.480~1-09abd]:main():lattice-oracle.cc:318) %WER 0 [ 0 / 7, 0 insertions, 0 deletions, 0 sub ]
LOG (lattice-oracle[5.5.480~1-09abd]:main():lattice-oracle.cc:332) For utterance M556909673-81321499_1559312-556914004_1604525840-GB-M-037, best cost 0
Lattice M556909673-81321499_1559312-556914004_1604525840-GB-M-038 read.
LOG (lattice-oracle[5.5.480~1-09abd]:main():lattice-oracle.cc:318) %WER 0 [ 0 / 8, 0 insertions, 0 deletions, 0 sub ]
LOG (lattice-oracle[5.5.480~1-09abd]:main():lattice-oracle.cc:332) For utterance M556909673-81321499_1559312-556914004_1604525840-GB-M-038, best cost 0
Lattice M556909673-81321499_1559312-556914004_1604525840-GB-M-039 read.
LOG (lattice-oracle[5.5.480~1-09abd]:main():lattice-oracle.cc:318) %WER 0 [ 0 / 8, 0 insertions, 0 deletions, 0 sub ]
LOG (lattice-oracle[5.5.480~1-09abd]:main():lattice-oracle.cc:332) For utterance M556909673-81321499_1559312-556914004_1604525840-GB-M-039, best cost 0
Lattice M556909673-81321499_1559312-556914004_1604525840-GB-M-040 read.
LOG (lattice-oracle[5.5.480~1-09abd]:main():lattice-oracle.cc:318) %WER 0 [ 0 / 6, 0 insertions, 0 deletions, 0 sub ]
LOG (lattice-oracle[5.5.480~1-09abd]:main():lattice-oracle.cc:332) For utterance M556909673-81321499_1559312-556914004_1604525840-GB-M-040, best cost 0
Lattice M556909673-81321499_1559312-556914004_1604525840-GB-M-042 read.
LOG (lattice-oracle[5.5.480~1-09abd]:main():lattice-oracle.cc:318) %WER 0 [ 0 / 5, 0 insertions, 0 deletions, 0 sub ]
LOG (lattice-oracle[5.5.480~1-09abd]:main():lattice-oracle.cc:332) For utterance M556909673-81321499_1559312-556914004_1604525840-GB-M-042, best cost 0
Lattice M556909673-81321499_1559312-556914004_1604525840-GB-M-044 read.
LOG (lattice-oracle[5.5.480~1-09abd]:main():lattice-oracle.cc:318) %WER 0 [ 0 / 5, 0 insertions, 0 deletions, 0 sub ]
LOG (lattice-oracle[5.5.480~1-09abd]:main():lattice-oracle.cc:332) For utterance M556909673-81321499_1559312-556914004_1604525840-GB-M-044, best cost 0
Lattice M556909673-81321499_1559312-556914004_1604525840-GB-M-047 read.
LOG (lattice-oracle[5.5.480~1-09abd]:main():lattice-oracle.cc:318) %WER 0 [ 0 / 26, 0 insertions, 0 deletions, 0 sub ]
LOG (lattice-oracle[5.5.480~1-09abd]:main():lattice-oracle.cc:332) For utterance M556909673-81321499_1559312-556914004_1604525840-GB-M-047, best cost 0
Lattice M556909673-81321499_1559312-556914004_1604525840-GB-M-051 read.
LOG (lattice-oracle[5.5.480~1-09abd]:main():lattice-oracle.cc:318) %WER 0 [ 0 / 6, 0 insertions, 0 deletions, 0 sub ]
LOG (lattice-oracle[5.5.480~1-09abd]:main():lattice-oracle.cc:332) For utterance M556909673-81321499_1559312-556914004_1604525840-GB-M-051, best cost 0
Lattice M556909673-81321499_1559312-556914004_1604525840-GB-M-052 read.
LOG (lattice-oracle[5.5.480~1-09abd]:main():lattice-oracle.cc:318) %WER 0 [ 0 / 5, 0 insertions, 0 deletions, 0 sub ]
LOG (lattice-oracle[5.5.480~1-09abd]:main():lattice-oracle.cc:332) For utterance M556909673-81321499_1559312-556914004_1604525840-GB-M-052, best cost 0
Lattice M556909673-81321499_1559312-556914004_1604525840-GB-M-054 read.
LOG (lattice-oracle[5.5.480~1-09abd]:main():lattice-oracle.cc:318) %WER 20 [ 2 / 10, 0 insertions, 2 deletions, 0 sub ]
LOG (lattice-oracle[5.5.480~1-09abd]:main():lattice-oracle.cc:332) For utterance M556909673-81321499_1559312-556914004_1604525840-GB-M-054, best cost 2
Lattice M556909673-81321499_1559312-556914004_1604525840-GB-M-056 read.
LOG (lattice-oracle[5.5.480~1-09abd]:main():lattice-oracle.cc:318) %WER 0 [ 0 / 5, 0 insertions, 0 deletions, 0 sub ]
LOG (lattice-oracle[5.5.480~1-09abd]:main():lattice-oracle.cc:332) For utterance M556909673-81321499_1559312-556914004_1604525840-GB-M-056, best cost 0
Lattice M556909673-81321499_1559312-556914004_1604525840-GB-M-058 read.
LOG (lattice-oracle[5.5.480~1-09abd]:main():lattice-oracle.cc:318) %WER 0 [ 0 / 7, 0 insertions, 0 deletions, 0 sub ]
LOG (lattice-oracle[5.5.480~1-09abd]:main():lattice-oracle.cc:332) For utterance M556909673-81321499_1559312-556914004_1604525840-GB-M-058, best cost 0
Lattice M556909673-81321499_1559312-556914004_1604525840-GB-M-059 read.
LOG (lattice-oracle[5.5.480~1-09abd]:main():lattice-oracle.cc:318) %WER 0 [ 0 / 4, 0 insertions, 0 deletions, 0 sub ]
LOG (lattice-oracle[5.5.480~1-09abd]:main():lattice-oracle.cc:332) For utterance M556909673-81321499_1559312-556914004_1604525840-GB-M-059, best cost 0
Lattice M556909673-81321499_1559312-556914004_1604525840-GB-M-060 read.
LOG (lattice-oracle[5.5.480~1-09abd]:main():lattice-oracle.cc:318) %WER 0 [ 0 / 5, 0 insertions, 0 deletions, 0 sub ]
LOG (lattice-oracle[5.5.480~1-09abd]:main():lattice-oracle.cc:332) For utterance M556909673-81321499_1559312-556914004_1604525840-GB-M-060, best cost 0
Lattice M556909673-81321499_1559312-556914004_1604525840-GB-M-061 read.
LOG (lattice-oracle[5.5.480~1-09abd]:main():lattice-oracle.cc:318) %WER 14.2857 [ 1 / 7, 0 insertions, 1 deletions, 0 sub ]
LOG (lattice-oracle[5.5.480~1-09abd]:main():lattice-oracle.cc:332) For utterance M556909673-81321499_1559312-556914004_1604525840-GB-M-061, best cost 1
Lattice M556909673-81321499_1559312-556914004_1604525840-GB-M-062 read.
LOG (lattice-oracle[5.5.480~1-09abd]:main():lattice-oracle.cc:318) %WER 0 [ 0 / 12, 0 insertions, 0 deletions, 0 sub ]
LOG (lattice-oracle[5.5.480~1-09abd]:main():lattice-oracle.cc:332) For utterance M556909673-81321499_1559312-556914004_1604525840-GB-M-062, best cost 0
Lattice M556909673-81321499_1559312-556914004_1604525840-GB-M-064 read.
LOG (lattice-oracle[5.5.480~1-09abd]:main():lattice-oracle.cc:318) %WER 0 [ 0 / 5, 0 insertions, 0 deletions, 0 sub ]
LOG (lattice-oracle[5.5.480~1-09abd]:main():lattice-oracle.cc:332) For utterance M556909673-81321499_1559312-556914004_1604525840-GB-M-064, best cost 0
Lattice M556909673-81321499_1559312-556914004_1604525840-GB-M-065 read.
LOG (lattice-oracle[5.5.480~1-09abd]:main():lattice-oracle.cc:318) %WER 100 [ 5 / 5, 5 insertions, 0 deletions, 0 sub ]
LOG (lattice-oracle[5.5.480~1-09abd]:main():lattice-oracle.cc:332) For utterance M556909673-81321499_1559312-556914004_1604525840-GB-M-065, best cost 5
Lattice M556909673-81321499_1559312-556914004_1604525840-GB-M-067 read.
LOG (lattice-oracle[5.5.480~1-09abd]:main():lattice-oracle.cc:318) %WER 0 [ 0 / 4, 0 insertions, 0 deletions, 0 sub ]
LOG (lattice-oracle[5.5.480~1-09abd]:main():lattice-oracle.cc:332) For utterance M556909673-81321499_1559312-556914004_1604525840-GB-M-067, best cost 0
Lattice M556909673-81321499_1559312-556914004_1604525840-GB-M-068 read.
LOG (lattice-oracle[5.5.480~1-09abd]:main():lattice-oracle.cc:318) %WER 0 [ 0 / 16, 0 insertions, 0 deletions, 0 sub ]
LOG (lattice-oracle[5.5.480~1-09abd]:main():lattice-oracle.cc:332) For utterance M556909673-81321499_1559312-556914004_1604525840-GB-M-068, best cost 0
Lattice M556909673-81321499_1559312-556914004_1604525840-GB-M-071 read.
LOG (lattice-oracle[5.5.480~1-09abd]:main():lattice-oracle.cc:318) %WER 80 [ 4 / 5, 4 insertions, 0 deletions, 0 sub ]
LOG (lattice-oracle[5.5.480~1-09abd]:main():lattice-oracle.cc:332) For utterance M556909673-81321499_1559312-556914004_1604525840-GB-M-071, best cost 4
Lattice M556909673-81321499_1559312-556914004_1604525840-GB-M-073 read.
LOG (lattice-oracle[5.5.480~1-09abd]:main():lattice-oracle.cc:318) %WER 0 [ 0 / 5, 0 insertions, 0 deletions, 0 sub ]
LOG (lattice-oracle[5.5.480~1-09abd]:main():lattice-oracle.cc:332) For utterance M556909673-81321499_1559312-556914004_1604525840-GB-M-073, best cost 0
Lattice M556909673-81321499_1559312-556914004_1604525840-GB-M-074 read.
LOG (lattice-oracle[5.5.480~1-09abd]:main():lattice-oracle.cc:318) %WER 0 [ 0 / 5, 0 insertions, 0 deletions, 0 sub ]
LOG (lattice-oracle[5.5.480~1-09abd]:main():lattice-oracle.cc:332) For utterance M556909673-81321499_1559312-556914004_1604525840-GB-M-074, best cost 0
Lattice M556909673-81321499_1559312-556914004_1604525840-GB-M-075 read.
LOG (lattice-oracle[5.5.480~1-09abd]:main():lattice-oracle.cc:318) %WER 0 [ 0 / 5, 0 insertions, 0 deletions, 0 sub ]
LOG (lattice-oracle[5.5.480~1-09abd]:main():lattice-oracle.cc:332) For utterance M556909673-81321499_1559312-556914004_1604525840-GB-M-075, best cost 0
Lattice M556909673-81321499_1559312-556914004_1604525840-GB-M-076 read.
LOG (lattice-oracle[5.5.480~1-09abd]:main():lattice-oracle.cc:318) %WER 0 [ 0 / 5, 0 insertions, 0 deletions, 0 sub ]
LOG (lattice-oracle[5.5.480~1-09abd]:main():lattice-oracle.cc:332) For utterance M556909673-81321499_1559312-556914004_1604525840-GB-M-076, best cost 0
Lattice M556909673-81321499_1559312-556914004_1604525840-GB-M-077 read.
LOG (lattice-oracle[5.5.480~1-09abd]:main():lattice-oracle.cc:318) %WER 0 [ 0 / 7, 0 insertions, 0 deletions, 0 sub ]
LOG (lattice-oracle[5.5.480~1-09abd]:main():lattice-oracle.cc:332) For utterance M556909673-81321499_1559312-556914004_1604525840-GB-M-077, best cost 0
Lattice M556909673-81321499_1559312-556914004_1604525840-GB-M-078 read.
LOG (lattice-oracle[5.5.480~1-09abd]:main():lattice-oracle.cc:318) %WER 0 [ 0 / 4, 0 insertions, 0 deletions, 0 sub ]
LOG (lattice-oracle[5.5.480~1-09abd]:main():lattice-oracle.cc:332) For utterance M556909673-81321499_1559312-556914004_1604525840-GB-M-078, best cost 0
Lattice M556909673-81321499_1559312-556914004_1604525840-GB-M-079 read.
LOG (lattice-oracle[5.5.480~1-09abd]:main():lattice-oracle.cc:318) %WER 0 [ 0 / 5, 0 insertions, 0 deletions, 0 sub ]
LOG (lattice-oracle[5.5.480~1-09abd]:main():lattice-oracle.cc:332) For utterance M556909673-81321499_1559312-556914004_1604525840-GB-M-079, best cost 0
Lattice M556909673-81321499_1559312-556914004_1604525840-GB-M-080 read.
LOG (lattice-oracle[5.5.480~1-09abd]:main():lattice-oracle.cc:318) %WER 16.6667 [ 1 / 6, 0 insertions, 1 deletions, 0 sub ]
LOG (lattice-oracle[5.5.480~1-09abd]:main():lattice-oracle.cc:332) For utterance M556909673-81321499_1559312-556914004_1604525840-GB-M-080, best cost 1
Lattice M556909673-81321499_1559312-556914004_1604525840-GB-M-081 read.
LOG (lattice-oracle[5.5.480~1-09abd]:main():lattice-oracle.cc:318) %WER 25 [ 1 / 4, 0 insertions, 1 deletions, 0 sub ]
LOG (lattice-oracle[5.5.480~1-09abd]:main():lattice-oracle.cc:332) For utterance M556909673-81321499_1559312-556914004_1604525840-GB-M-081, best cost 1
Lattice M556909673-81321499_1559312-556914004_1604525840-GB-M-082 read.
LOG (lattice-oracle[5.5.480~1-09abd]:main():lattice-oracle.cc:318) %WER 0 [ 0 / 4, 0 insertions, 0 deletions, 0 sub ]
LOG (lattice-oracle[5.5.480~1-09abd]:main():lattice-oracle.cc:332) For utterance M556909673-81321499_1559312-556914004_1604525840-GB-M-082, best cost 0
Lattice M556909673-81321499_1559312-556914004_1604525840-GB-M-087 read.
LOG (lattice-oracle[5.5.480~1-09abd]:main():lattice-oracle.cc:318) %WER 20 [ 1 / 5, 0 insertions, 1 deletions, 0 sub ]
LOG (lattice-oracle[5.5.480~1-09abd]:main():lattice-oracle.cc:332) For utterance M556909673-81321499_1559312-556914004_1604525840-GB-M-087, best cost 1
Lattice M556909673-81321499_1559312-556914004_1604525840-GB-M-088 read.
LOG (lattice-oracle[5.5.480~1-09abd]:main():lattice-oracle.cc:318) %WER 0 [ 0 / 7, 0 insertions, 0 deletions, 0 sub ]
LOG (lattice-oracle[5.5.480~1-09abd]:main():lattice-oracle.cc:332) For utterance M556909673-81321499_1559312-556914004_1604525840-GB-M-088, best cost 0
Lattice M556909673-81321499_1559312-556914004_1604525840-GB-M-089 read.
LOG (lattice-oracle[5.5.480~1-09abd]:main():lattice-oracle.cc:318) %WER 0 [ 0 / 33, 0 insertions, 0 deletions, 0 sub ]
LOG (lattice-oracle[5.5.480~1-09abd]:main():lattice-oracle.cc:332) For utterance M556909673-81321499_1559312-556914004_1604525840-GB-M-089, best cost 0
Lattice M556909673-81321499_1559312-556914004_1604525840-GB-M-096 read.
LOG (lattice-oracle[5.5.480~1-09abd]:main():lattice-oracle.cc:318) %WER 0 [ 0 / 7, 0 insertions, 0 deletions, 0 sub ]
LOG (lattice-oracle[5.5.480~1-09abd]:main():lattice-oracle.cc:332) For utterance M556909673-81321499_1559312-556914004_1604525840-GB-M-096, best cost 0
Lattice M556909673-81321499_1559312-556914004_1604525840-GB-M-097 read.
LOG (lattice-oracle[5.5.480~1-09abd]:main():lattice-oracle.cc:318) %WER 14.2857 [ 4 / 28, 2 insertions, 2 deletions, 0 sub ]
LOG (lattice-oracle[5.5.480~1-09abd]:main():lattice-oracle.cc:332) For utterance M556909673-81321499_1559312-556914004_1604525840-GB-M-097, best cost 4
Lattice M556909673-81321499_1559312-556914004_1604525840-GB-M-103 read.
LOG (lattice-oracle[5.5.480~1-09abd]:main():lattice-oracle.cc:318) %WER 100 [ 5 / 5, 1 insertions, 0 deletions, 4 sub ]
LOG (lattice-oracle[5.5.480~1-09abd]:main():lattice-oracle.cc:332) For utterance M556909673-81321499_1559312-556914004_1604525840-GB-M-103, best cost 5
Lattice M556909673-81321499_1559312-556914004_1604525840-GB-M-105 read.
LOG (lattice-oracle[5.5.480~1-09abd]:main():lattice-oracle.cc:318) %WER 100 [ 5 / 5, 5 insertions, 0 deletions, 0 sub ]
LOG (lattice-oracle[5.5.480~1-09abd]:main():lattice-oracle.cc:332) For utterance M556909673-81321499_1559312-556914004_1604525840-GB-M-105, best cost 5
Lattice M558179175-388154009_2957095-667189366_1542346580-GB-M-001 read.
LOG (lattice-oracle[5.5.480~1-09abd]:main():lattice-oracle.cc:318) %WER 400 [ 4 / 1, 3 insertions, 0 deletions, 1 sub ]
LOG (lattice-oracle[5.5.480~1-09abd]:main():lattice-oracle.cc:332) For utterance M558179175-388154009_2957095-667189366_1542346580-GB-M-001, best cost 4
Lattice M558179175-388154009_2957095-667189366_1542346580-GB-M-003 read.
LOG (lattice-oracle[5.5.480~1-09abd]:main():lattice-oracle.cc:318) %WER 83.3333 [ 5 / 6, 1 insertions, 4 deletions, 0 sub ]
LOG (lattice-oracle[5.5.480~1-09abd]:main():lattice-oracle.cc:332) For utterance M558179175-388154009_2957095-667189366_1542346580-GB-M-003, best cost 5
Lattice M558179175-388154009_2957095-667189366_1542346580-GB-M-004 read.
LOG (lattice-oracle[5.5.480~1-09abd]:main():lattice-oracle.cc:318) %WER 28.5714 [ 2 / 7, 0 insertions, 2 deletions, 0 sub ]
LOG (lattice-oracle[5.5.480~1-09abd]:main():lattice-oracle.cc:332) For utterance M558179175-388154009_2957095-667189366_1542346580-GB-M-004, best cost 2
Lattice M558179175-388154009_2957095-667189366_1542346580-GB-M-005 read.
LOG (lattice-oracle[5.5.480~1-09abd]:main():lattice-oracle.cc:318) %WER 37.5 [ 6 / 16, 1 insertions, 5 deletions, 0 sub ]
LOG (lattice-oracle[5.5.480~1-09abd]:main():lattice-oracle.cc:332) For utterance M558179175-388154009_2957095-667189366_1542346580-GB-M-005, best cost 6
Lattice M558179175-388154009_2957095-667189366_1542346580-GB-M-008 read.
LOG (lattice-oracle[5.5.480~1-09abd]:main():lattice-oracle.cc:318) %WER 0 [ 0 / 8, 0 insertions, 0 deletions, 0 sub ]
LOG (lattice-oracle[5.5.480~1-09abd]:main():lattice-oracle.cc:332) For utterance M558179175-388154009_2957095-667189366_1542346580-GB-M-008, best cost 0
Lattice M558179175-388154009_2957095-667189366_1542346580-GB-M-009 read.
LOG (lattice-oracle[5.5.480~1-09abd]:main():lattice-oracle.cc:318) %WER 0 [ 0 / 20, 0 insertions, 0 deletions, 0 sub ]
LOG (lattice-oracle[5.5.480~1-09abd]:main():lattice-oracle.cc:332) For utterance M558179175-388154009_2957095-667189366_1542346580-GB-M-009, best cost 0
Lattice M558179175-388154009_2957095-667189366_1542346580-GB-M-022 read.
LOG (lattice-oracle[5.5.480~1-09abd]:main():lattice-oracle.cc:318) %WER 33.3333 [ 3 / 9, 2 insertions, 1 deletions, 0 sub ]
LOG (lattice-oracle[5.5.480~1-09abd]:main():lattice-oracle.cc:332) For utterance M558179175-388154009_2957095-667189366_1542346580-GB-M-022, best cost 3
Lattice M558179175-388154009_2957095-667189366_1542346580-GB-M-024 read.
LOG (lattice-oracle[5.5.480~1-09abd]:main():lattice-oracle.cc:318) %WER 83.3333 [ 5 / 6, 3 insertions, 0 deletions, 2 sub ]
LOG (lattice-oracle[5.5.480~1-09abd]:main():lattice-oracle.cc:332) For utterance M558179175-388154009_2957095-667189366_1542346580-GB-M-024, best cost 5
Lattice M558179175-388154009_2957095-667189366_1542346580-GB-M-026 read.
LOG (lattice-oracle[5.5.480~1-09abd]:main():lattice-oracle.cc:318) %WER 25 [ 1 / 4, 0 insertions, 1 deletions, 0 sub ]
LOG (lattice-oracle[5.5.480~1-09abd]:main():lattice-oracle.cc:332) For utterance M558179175-388154009_2957095-667189366_1542346580-GB-M-026, best cost 1
Lattice M558179175-388154009_2957095-667189366_1542346580-GB-M-028 read.
LOG (lattice-oracle[5.5.480~1-09abd]:main():lattice-oracle.cc:318) %WER 7.14286 [ 1 / 14, 1 insertions, 0 deletions, 0 sub ]
LOG (lattice-oracle[5.5.480~1-09abd]:main():lattice-oracle.cc:332) For utterance M558179175-388154009_2957095-667189366_1542346580-GB-M-028, best cost 1
Lattice M558179175-388154009_2957095-667189366_1542346580-GB-M-036 read.
LOG (lattice-oracle[5.5.480~1-09abd]:main():lattice-oracle.cc:318) %WER 60 [ 3 / 5, 1 insertions, 2 deletions, 0 sub ]
LOG (lattice-oracle[5.5.480~1-09abd]:main():lattice-oracle.cc:332) For utterance M558179175-388154009_2957095-667189366_1542346580-GB-M-036, best cost 3
Lattice M558179175-388154009_2957095-667189366_1542346580-GB-M-040 read.
LOG (lattice-oracle[5.5.480~1-09abd]:main():lattice-oracle.cc:318) %WER 66.6667 [ 2 / 3, 0 insertions, 0 deletions, 2 sub ]
LOG (lattice-oracle[5.5.480~1-09abd]:main():lattice-oracle.cc:332) For utterance M558179175-388154009_2957095-667189366_1542346580-GB-M-040, best cost 2
Lattice M558179175-388154009_2957095-667189366_1542346580-GB-M-041 read.
LOG (lattice-oracle[5.5.480~1-09abd]:main():lattice-oracle.cc:318) %WER 31.25 [ 5 / 16, 0 insertions, 4 deletions, 1 sub ]
LOG (lattice-oracle[5.5.480~1-09abd]:main():lattice-oracle.cc:332) For utterance M558179175-388154009_2957095-667189366_1542346580-GB-M-041, best cost 5
Lattice M558179175-388154009_2957095-667189366_1542346580-GB-M-046 read.
LOG (lattice-oracle[5.5.480~1-09abd]:main():lattice-oracle.cc:318) %WER 16.6667 [ 1 / 6, 0 insertions, 1 deletions, 0 sub ]
LOG (lattice-oracle[5.5.480~1-09abd]:main():lattice-oracle.cc:332) For utterance M558179175-388154009_2957095-667189366_1542346580-GB-M-046, best cost 1
Lattice M558179175-388154009_2957095-667189366_1542346580-GB-M-048 read.
LOG (lattice-oracle[5.5.480~1-09abd]:main():lattice-oracle.cc:318) %WER 66.6667 [ 6 / 9, 1 insertions, 5 deletions, 0 sub ]
LOG (lattice-oracle[5.5.480~1-09abd]:main():lattice-oracle.cc:332) For utterance M558179175-388154009_2957095-667189366_1542346580-GB-M-048, best cost 6
Lattice M558179175-388154009_2957095-667189366_1542346580-GB-M-052 read.
LOG (lattice-oracle[5.5.480~1-09abd]:main():lattice-oracle.cc:318) %WER 100 [ 2 / 2, 2 insertions, 0 deletions, 0 sub ]
LOG (lattice-oracle[5.5.480~1-09abd]:main():lattice-oracle.cc:332) For utterance M558179175-388154009_2957095-667189366_1542346580-GB-M-052, best cost 2
Lattice M558179175-388154009_2957095-667189366_1542346580-GB-M-054 read.
LOG (lattice-oracle[5.5.480~1-09abd]:main():lattice-oracle.cc:318) %WER 20 [ 3 / 15, 0 insertions, 3 deletions, 0 sub ]
LOG (lattice-oracle[5.5.480~1-09abd]:main():lattice-oracle.cc:332) For utterance M558179175-388154009_2957095-667189366_1542346580-GB-M-054, best cost 3
Lattice M558179175-388154009_2957095-667189366_1542346580-GB-M-057 read.
LOG (lattice-oracle[5.5.480~1-09abd]:main():lattice-oracle.cc:318) %WER 77.7778 [ 7 / 9, 4 insertions, 1 deletions, 2 sub ]
LOG (lattice-oracle[5.5.480~1-09abd]:main():lattice-oracle.cc:332) For utterance M558179175-388154009_2957095-667189366_1542346580-GB-M-057, best cost 7
Lattice M558179175-388154009_2957095-667189366_1542346580-GB-M-064 read.
LOG (lattice-oracle[5.5.480~1-09abd]:main():lattice-oracle.cc:318) %WER 0 [ 0 / 4, 0 insertions, 0 deletions, 0 sub ]
LOG (lattice-oracle[5.5.480~1-09abd]:main():lattice-oracle.cc:332) For utterance M558179175-388154009_2957095-667189366_1542346580-GB-M-064, best cost 0
Lattice M558179175-388154009_2957095-667189366_1542346580-GB-M-067 read.
LOG (lattice-oracle[5.5.480~1-09abd]:main():lattice-oracle.cc:318) %WER 33.3333 [ 2 / 6, 2 insertions, 0 deletions, 0 sub ]
LOG (lattice-oracle[5.5.480~1-09abd]:main():lattice-oracle.cc:332) For utterance M558179175-388154009_2957095-667189366_1542346580-GB-M-067, best cost 2
Lattice M558179175-388154009_2957095-667189366_1542346580-GB-M-069 read.
LOG (lattice-oracle[5.5.480~1-09abd]:main():lattice-oracle.cc:318) %WER 14.2857 [ 1 / 7, 0 insertions, 1 deletions, 0 sub ]
LOG (lattice-oracle[5.5.480~1-09abd]:main():lattice-oracle.cc:332) For utterance M558179175-388154009_2957095-667189366_1542346580-GB-M-069, best cost 1
Lattice M558179175-388154009_2957095-667189366_1542346580-GB-M-070 read.
LOG (lattice-oracle[5.5.480~1-09abd]:main():lattice-oracle.cc:318) %WER 0 [ 0 / 4, 0 insertions, 0 deletions, 0 sub ]
LOG (lattice-oracle[5.5.480~1-09abd]:main():lattice-oracle.cc:332) For utterance M558179175-388154009_2957095-667189366_1542346580-GB-M-070, best cost 0
Lattice M558179175-388154009_2957095-667189366_1542346580-GB-M-071 read.
LOG (lattice-oracle[5.5.480~1-09abd]:main():lattice-oracle.cc:318) %WER 33.3333 [ 2 / 6, 2 insertions, 0 deletions, 0 sub ]
LOG (lattice-oracle[5.5.480~1-09abd]:main():lattice-oracle.cc:332) For utterance M558179175-388154009_2957095-667189366_1542346580-GB-M-071, best cost 2
Lattice M558179175-388154009_2957095-667189366_1542346580-GB-M-075 read.
LOG (lattice-oracle[5.5.480~1-09abd]:main():lattice-oracle.cc:318) %WER 40 [ 2 / 5, 1 insertions, 1 deletions, 0 sub ]
LOG (lattice-oracle[5.5.480~1-09abd]:main():lattice-oracle.cc:332) For utterance M558179175-388154009_2957095-667189366_1542346580-GB-M-075, best cost 2
Lattice M558179175-388154009_2957095-667189366_1542346580-GB-M-076 read.
LOG (lattice-oracle[5.5.480~1-09abd]:main():lattice-oracle.cc:318) %WER 37.5 [ 3 / 8, 2 insertions, 1 deletions, 0 sub ]
LOG (lattice-oracle[5.5.480~1-09abd]:main():lattice-oracle.cc:332) For utterance M558179175-388154009_2957095-667189366_1542346580-GB-M-076, best cost 3
Lattice M558179175-388154009_2957095-667189366_1542346580-GB-M-079 read.
LOG (lattice-oracle[5.5.480~1-09abd]:main():lattice-oracle.cc:318) %WER 20 [ 3 / 15, 1 insertions, 2 deletions, 0 sub ]
LOG (lattice-oracle[5.5.480~1-09abd]:main():lattice-oracle.cc:332) For utterance M558179175-388154009_2957095-667189366_1542346580-GB-M-079, best cost 3
Lattice M558179175-388154009_2957095-667189366_1542346580-GB-M-086 read.
LOG (lattice-oracle[5.5.480~1-09abd]:main():lattice-oracle.cc:318) %WER 8.33333 [ 2 / 24, 2 insertions, 0 deletions, 0 sub ]
LOG (lattice-oracle[5.5.480~1-09abd]:main():lattice-oracle.cc:332) For utterance M558179175-388154009_2957095-667189366_1542346580-GB-M-086, best cost 2
Lattice M558179175-388154009_2957095-667189366_1542346580-GB-M-093 read.
LOG (lattice-oracle[5.5.480~1-09abd]:main():lattice-oracle.cc:318) %WER 46.1538 [ 6 / 13, 1 insertions, 4 deletions, 1 sub ]
LOG (lattice-oracle[5.5.480~1-09abd]:main():lattice-oracle.cc:332) For utterance M558179175-388154009_2957095-667189366_1542346580-GB-M-093, best cost 6
Lattice M558179175-388154009_2957095-667189366_1542346580-GB-M-096 read.
LOG (lattice-oracle[5.5.480~1-09abd]:main():lattice-oracle.cc:318) %WER 0 [ 0 / 32, 0 insertions, 0 deletions, 0 sub ]
LOG (lattice-oracle[5.5.480~1-09abd]:main():lattice-oracle.cc:332) For utterance M558179175-388154009_2957095-667189366_1542346580-GB-M-096, best cost 0
Lattice M558355066-3772066_3772066-559276620_258333291-GB-M-001 read.
LOG (lattice-oracle[5.5.480~1-09abd]:main():lattice-oracle.cc:318) %WER 0 [ 0 / 29, 0 insertions, 0 deletions, 0 sub ]
LOG (lattice-oracle[5.5.480~1-09abd]:main():lattice-oracle.cc:332) For utterance M558355066-3772066_3772066-559276620_258333291-GB-M-001, best cost 0
Lattice M558355066-3772066_3772066-559276620_258333291-GB-M-004 read.
LOG (lattice-oracle[5.5.480~1-09abd]:main():lattice-oracle.cc:318) %WER 0 [ 0 / 17, 0 insertions, 0 deletions, 0 sub ]
LOG (lattice-oracle[5.5.480~1-09abd]:main():lattice-oracle.cc:332) For utterance M558355066-3772066_3772066-559276620_258333291-GB-M-004, best cost 0
Lattice M558355066-3772066_3772066-559276620_258333291-GB-M-006 read.
LOG (lattice-oracle[5.5.480~1-09abd]:main():lattice-oracle.cc:318) %WER 0 [ 0 / 15, 0 insertions, 0 deletions, 0 sub ]
LOG (lattice-oracle[5.5.480~1-09abd]:main():lattice-oracle.cc:332) For utterance M558355066-3772066_3772066-559276620_258333291-GB-M-006, best cost 0
Lattice M558355066-3772066_3772066-559276620_258333291-GB-M-008 read.
LOG (lattice-oracle[5.5.480~1-09abd]:main():lattice-oracle.cc:318) %WER 0 [ 0 / 43, 0 insertions, 0 deletions, 0 sub ]
LOG (lattice-oracle[5.5.480~1-09abd]:main():lattice-oracle.cc:332) For utterance M558355066-3772066_3772066-559276620_258333291-GB-M-008, best cost 0
Lattice M558355066-3772066_3772066-559276620_258333291-GB-M-014 read.
LOG (lattice-oracle[5.5.480~1-09abd]:main():lattice-oracle.cc:318) %WER 3.44828 [ 1 / 29, 0 insertions, 1 deletions, 0 sub ]
LOG (lattice-oracle[5.5.480~1-09abd]:main():lattice-oracle.cc:332) For utterance M558355066-3772066_3772066-559276620_258333291-GB-M-014, best cost 1
Lattice M558355066-3772066_3772066-559276620_258333291-GB-M-017 read.
LOG (lattice-oracle[5.5.480~1-09abd]:main():lattice-oracle.cc:318) %WER 9.7561 [ 4 / 41, 0 insertions, 2 deletions, 2 sub ]
LOG (lattice-oracle[5.5.480~1-09abd]:main():lattice-oracle.cc:332) For utterance M558355066-3772066_3772066-559276620_258333291-GB-M-017, best cost 4
Lattice M558355066-3772066_3772066-559276620_258333291-GB-M-022 read.
LOG (lattice-oracle[5.5.480~1-09abd]:main():lattice-oracle.cc:318) %WER 11.1111 [ 1 / 9, 0 insertions, 1 deletions, 0 sub ]
LOG (lattice-oracle[5.5.480~1-09abd]:main():lattice-oracle.cc:332) For utterance M558355066-3772066_3772066-559276620_258333291-GB-M-022, best cost 1
Lattice M558355066-3772066_3772066-559276620_258333291-GB-M-023 read.
LOG (lattice-oracle[5.5.480~1-09abd]:main():lattice-oracle.cc:318) %WER 0 [ 0 / 8, 0 insertions, 0 deletions, 0 sub ]
LOG (lattice-oracle[5.5.480~1-09abd]:main():lattice-oracle.cc:332) For utterance M558355066-3772066_3772066-559276620_258333291-GB-M-023, best cost 0
Lattice M558355066-3772066_3772066-559276620_258333291-GB-M-024 read.
LOG (lattice-oracle[5.5.480~1-09abd]:main():lattice-oracle.cc:318) %WER 0 [ 0 / 8, 0 insertions, 0 deletions, 0 sub ]
LOG (lattice-oracle[5.5.480~1-09abd]:main():lattice-oracle.cc:332) For utterance M558355066-3772066_3772066-559276620_258333291-GB-M-024, best cost 0
Lattice M558355066-3772066_3772066-559276620_258333291-GB-M-025 read.
LOG (lattice-oracle[5.5.480~1-09abd]:main():lattice-oracle.cc:318) %WER 1.7094 [ 2 / 117, 0 insertions, 1 deletions, 1 sub ]
LOG (lattice-oracle[5.5.480~1-09abd]:main():lattice-oracle.cc:332) For utterance M558355066-3772066_3772066-559276620_258333291-GB-M-025, best cost 2
Lattice M558355066-3772066_3772066-559276620_258333291-GB-M-038 read.
LOG (lattice-oracle[5.5.480~1-09abd]:main():lattice-oracle.cc:318) %WER 0 [ 0 / 56, 0 insertions, 0 deletions, 0 sub ]
LOG (lattice-oracle[5.5.480~1-09abd]:main():lattice-oracle.cc:332) For utterance M558355066-3772066_3772066-559276620_258333291-GB-M-038, best cost 0
Lattice M558355066-3772066_3772066-559276620_258333291-GB-M-044 read.
LOG (lattice-oracle[5.5.480~1-09abd]:main():lattice-oracle.cc:318) %WER 0 [ 0 / 32, 0 insertions, 0 deletions, 0 sub ]
LOG (lattice-oracle[5.5.480~1-09abd]:main():lattice-oracle.cc:332) For utterance M558355066-3772066_3772066-559276620_258333291-GB-M-044, best cost 0
LOG (lattice-oracle[5.5.480~1-09abd]:main():lattice-oracle.cc:383) Overall %WER 14.881 [ 425 / 2856, 56 insertions, 328 deletions, 41 substitutions ]
LOG (lattice-oracle[5.5.480~1-09abd]:main():lattice-oracle.cc:387) Scored 229 lattices, 0 not present in ref.
# Accounting: time=1 threads=1
# Ended (code 0) at Tue Sep 10 15:05:03 BST 2019, elapsed time 1 seconds
