# lattice-oracle "--write-lattices=ark:|gzip -c > exp/tri3b_cleaned/lattice_oracle/lat.7.gz" "ark:gunzip -c exp/tri3b_cleaned/lats/lat.7.gz |" "ark:utils/sym2int.pl --map-oov 239 -f 2- data/lang/words.txt data/train1/split40/7/text|" ark,t:- | utils/int2sym.pl -f 2- data/lang/words.txt > exp/tri3b_cleaned/lattice_oracle/oracle_hyp.7.txt 
# Started at Tue Sep 10 15:04:36 BST 2019
#
lattice-oracle '--write-lattices=ark:|gzip -c > exp/tri3b_cleaned/lattice_oracle/lat.7.gz' 'ark:gunzip -c exp/tri3b_cleaned/lats/lat.7.gz |' 'ark:utils/sym2int.pl --map-oov 239 -f 2- data/lang/words.txt data/train1/split40/7/text|' ark,t:- 
Lattice F16394698-3451990_3451990-168949637_1553210856-GB-F-005 read.
sym2int.pl: replacing 5 with 239
sym2int.pl: replacing 6 with 239
sym2int.pl: replacing PASS'D with 239
sym2int.pl: replacing PEWDIEPIE with 239
sym2int.pl: replacing 10 with 239
sym2int.pl: replacing 4 with 239
sym2int.pl: replacing 52 with 239
sym2int.pl: replacing RECORDINGS with 239
sym2int.pl: replacing MERCH with 239
sym2int.pl: replacing PAULERS with 239
sym2int.pl: replacing CROMPTON with 239
sym2int.pl: replacing 10 with 239
sym2int.pl: replacing BEEFS with 239
sym2int.pl: replacing JAKEY with 239
sym2int.pl: replacing 1 with 239
sym2int.pl: replacing 4 with 239
sym2int.pl: replacing TRIO with 239
sym2int.pl: replacing 10 with 239
sym2int.pl: replacing TRABAJANDO with 239
sym2int.pl: replacing ENVIANDO with 239
sym2int.pl: not warning for OOVs any more times
LOG (lattice-oracle[5.5.480~1-09abd]:main():lattice-oracle.cc:318) %WER 50 [ 2 / 4, 0 insertions, 1 deletions, 1 sub ]
LOG (lattice-oracle[5.5.480~1-09abd]:main():lattice-oracle.cc:332) For utterance F16394698-3451990_3451990-168949637_1553210856-GB-F-005, best cost 2
** Replaced 40 instances of OOVs with 239
Lattice F16394698-3451990_3451990-168949637_1553210856-GB-F-008 read.
LOG (lattice-oracle[5.5.480~1-09abd]:main():lattice-oracle.cc:318) %WER 11.1111 [ 3 / 27, 1 insertions, 0 deletions, 2 sub ]
LOG (lattice-oracle[5.5.480~1-09abd]:main():lattice-oracle.cc:332) For utterance F16394698-3451990_3451990-168949637_1553210856-GB-F-008, best cost 3
Lattice F16394698-3451990_3451990-168949637_1553210856-GB-F-014 read.
LOG (lattice-oracle[5.5.480~1-09abd]:main():lattice-oracle.cc:318) %WER 14.2857 [ 4 / 28, 0 insertions, 3 deletions, 1 sub ]
LOG (lattice-oracle[5.5.480~1-09abd]:main():lattice-oracle.cc:332) For utterance F16394698-3451990_3451990-168949637_1553210856-GB-F-014, best cost 4
Lattice F16394698-3451990_3451990-168949637_1553210856-GB-F-019 read.
LOG (lattice-oracle[5.5.480~1-09abd]:main():lattice-oracle.cc:318) %WER 5.40541 [ 2 / 37, 0 insertions, 2 deletions, 0 sub ]
LOG (lattice-oracle[5.5.480~1-09abd]:main():lattice-oracle.cc:332) For utterance F16394698-3451990_3451990-168949637_1553210856-GB-F-019, best cost 2
Lattice F16394698-3451990_3451990-168949637_1553210856-GB-F-025 read.
LOG (lattice-oracle[5.5.480~1-09abd]:main():lattice-oracle.cc:318) %WER 18.4211 [ 7 / 38, 5 insertions, 0 deletions, 2 sub ]
LOG (lattice-oracle[5.5.480~1-09abd]:main():lattice-oracle.cc:332) For utterance F16394698-3451990_3451990-168949637_1553210856-GB-F-025, best cost 7
Lattice F16394698-3451990_3451990-168949637_1553210856-GB-F-030 read.
LOG (lattice-oracle[5.5.480~1-09abd]:main():lattice-oracle.cc:318) %WER 38.4615 [ 5 / 13, 0 insertions, 5 deletions, 0 sub ]
LOG (lattice-oracle[5.5.480~1-09abd]:main():lattice-oracle.cc:332) For utterance F16394698-3451990_3451990-168949637_1553210856-GB-F-030, best cost 5
Lattice F16394698-3451990_3451990-168949637_1553210856-GB-F-032 read.
LOG (lattice-oracle[5.5.480~1-09abd]:main():lattice-oracle.cc:318) %WER 54.5455 [ 6 / 11, 3 insertions, 3 deletions, 0 sub ]
LOG (lattice-oracle[5.5.480~1-09abd]:main():lattice-oracle.cc:332) For utterance F16394698-3451990_3451990-168949637_1553210856-GB-F-032, best cost 6
Lattice F16394698-3451990_3451990-168949637_1553210856-GB-F-034 read.
LOG (lattice-oracle[5.5.480~1-09abd]:main():lattice-oracle.cc:318) %WER 18.75 [ 6 / 32, 2 insertions, 3 deletions, 1 sub ]
LOG (lattice-oracle[5.5.480~1-09abd]:main():lattice-oracle.cc:332) For utterance F16394698-3451990_3451990-168949637_1553210856-GB-F-034, best cost 6
Lattice F16394698-3451990_3451990-168949637_1553210856-GB-F-044 read.
LOG (lattice-oracle[5.5.480~1-09abd]:main():lattice-oracle.cc:318) %WER 50 [ 3 / 6, 0 insertions, 3 deletions, 0 sub ]
LOG (lattice-oracle[5.5.480~1-09abd]:main():lattice-oracle.cc:332) For utterance F16394698-3451990_3451990-168949637_1553210856-GB-F-044, best cost 3
Lattice F16394698-3451990_3451990-168949637_1553210856-GB-F-045 read.
LOG (lattice-oracle[5.5.480~1-09abd]:main():lattice-oracle.cc:318) %WER 0 [ 0 / 5, 0 insertions, 0 deletions, 0 sub ]
LOG (lattice-oracle[5.5.480~1-09abd]:main():lattice-oracle.cc:332) For utterance F16394698-3451990_3451990-168949637_1553210856-GB-F-045, best cost 0
Lattice F16394698-3451990_3451990-168949637_1553210856-GB-F-046 read.
LOG (lattice-oracle[5.5.480~1-09abd]:main():lattice-oracle.cc:318) %WER 17.1429 [ 6 / 35, 0 insertions, 4 deletions, 2 sub ]
LOG (lattice-oracle[5.5.480~1-09abd]:main():lattice-oracle.cc:332) For utterance F16394698-3451990_3451990-168949637_1553210856-GB-F-046, best cost 6
Lattice F16394698-3451990_3451990-168949637_1553210856-GB-F-052 read.
LOG (lattice-oracle[5.5.480~1-09abd]:main():lattice-oracle.cc:318) %WER 25 [ 5 / 20, 3 insertions, 2 deletions, 0 sub ]
LOG (lattice-oracle[5.5.480~1-09abd]:main():lattice-oracle.cc:332) For utterance F16394698-3451990_3451990-168949637_1553210856-GB-F-052, best cost 5
Lattice F16394698-3451990_3451990-168949637_1553210856-GB-F-059 read.
LOG (lattice-oracle[5.5.480~1-09abd]:main():lattice-oracle.cc:318) %WER 23.5294 [ 4 / 17, 2 insertions, 2 deletions, 0 sub ]
LOG (lattice-oracle[5.5.480~1-09abd]:main():lattice-oracle.cc:332) For utterance F16394698-3451990_3451990-168949637_1553210856-GB-F-059, best cost 4
Lattice F16394698-3451990_3451990-168949637_1553210856-GB-F-064 read.
LOG (lattice-oracle[5.5.480~1-09abd]:main():lattice-oracle.cc:318) %WER 22.5 [ 9 / 40, 3 insertions, 4 deletions, 2 sub ]
LOG (lattice-oracle[5.5.480~1-09abd]:main():lattice-oracle.cc:332) For utterance F16394698-3451990_3451990-168949637_1553210856-GB-F-064, best cost 9
Lattice F16394698-3451990_3451990-168949637_1553210856-GB-F-071 read.
LOG (lattice-oracle[5.5.480~1-09abd]:main():lattice-oracle.cc:318) %WER 38.8889 [ 7 / 18, 2 insertions, 3 deletions, 2 sub ]
LOG (lattice-oracle[5.5.480~1-09abd]:main():lattice-oracle.cc:332) For utterance F16394698-3451990_3451990-168949637_1553210856-GB-F-071, best cost 7
Lattice F16394698-3451990_3451990-168949637_1553210856-GB-F-074 read.
LOG (lattice-oracle[5.5.480~1-09abd]:main():lattice-oracle.cc:318) %WER 33.3333 [ 6 / 18, 2 insertions, 4 deletions, 0 sub ]
LOG (lattice-oracle[5.5.480~1-09abd]:main():lattice-oracle.cc:332) For utterance F16394698-3451990_3451990-168949637_1553210856-GB-F-074, best cost 6
Lattice F16394698-3451990_3451990-168949637_1553210856-GB-F-078 read.
LOG (lattice-oracle[5.5.480~1-09abd]:main():lattice-oracle.cc:318) %WER 125 [ 5 / 4, 1 insertions, 0 deletions, 4 sub ]
LOG (lattice-oracle[5.5.480~1-09abd]:main():lattice-oracle.cc:332) For utterance F16394698-3451990_3451990-168949637_1553210856-GB-F-078, best cost 5
Lattice F16394698-3451990_3451990-168949637_1553210856-GB-F-081 read.
LOG (lattice-oracle[5.5.480~1-09abd]:main():lattice-oracle.cc:318) %WER 41.6667 [ 5 / 12, 0 insertions, 5 deletions, 0 sub ]
LOG (lattice-oracle[5.5.480~1-09abd]:main():lattice-oracle.cc:332) For utterance F16394698-3451990_3451990-168949637_1553210856-GB-F-081, best cost 5
Lattice F16394698-3451990_3451990-168949637_1553210856-GB-F-083 read.
LOG (lattice-oracle[5.5.480~1-09abd]:main():lattice-oracle.cc:318) %WER 21.7391 [ 5 / 23, 0 insertions, 4 deletions, 1 sub ]
LOG (lattice-oracle[5.5.480~1-09abd]:main():lattice-oracle.cc:332) For utterance F16394698-3451990_3451990-168949637_1553210856-GB-F-083, best cost 5
Lattice F16394698-3451990_3451990-168949637_1553210856-GB-F-090 read.
LOG (lattice-oracle[5.5.480~1-09abd]:main():lattice-oracle.cc:318) %WER 59.375 [ 19 / 32, 0 insertions, 3 deletions, 16 sub ]
LOG (lattice-oracle[5.5.480~1-09abd]:main():lattice-oracle.cc:332) For utterance F16394698-3451990_3451990-168949637_1553210856-GB-F-090, best cost 19
Lattice F16394698-3451990_3451990-168949637_1553210856-GB-F-095 read.
LOG (lattice-oracle[5.5.480~1-09abd]:main():lattice-oracle.cc:318) %WER 35.7143 [ 5 / 14, 1 insertions, 0 deletions, 4 sub ]
LOG (lattice-oracle[5.5.480~1-09abd]:main():lattice-oracle.cc:332) For utterance F16394698-3451990_3451990-168949637_1553210856-GB-F-095, best cost 5
Lattice F16394698-3451990_3451990-168949637_1553210856-GB-F-097 read.
LOG (lattice-oracle[5.5.480~1-09abd]:main():lattice-oracle.cc:318) %WER 35.7143 [ 5 / 14, 0 insertions, 2 deletions, 3 sub ]
LOG (lattice-oracle[5.5.480~1-09abd]:main():lattice-oracle.cc:332) For utterance F16394698-3451990_3451990-168949637_1553210856-GB-F-097, best cost 5
Lattice F16394698-3451990_3451990-168949637_1553210856-GB-F-101 read.
LOG (lattice-oracle[5.5.480~1-09abd]:main():lattice-oracle.cc:318) %WER 16 [ 4 / 25, 0 insertions, 3 deletions, 1 sub ]
LOG (lattice-oracle[5.5.480~1-09abd]:main():lattice-oracle.cc:332) For utterance F16394698-3451990_3451990-168949637_1553210856-GB-F-101, best cost 4
Lattice F16394698-3451990_3451990-168949637_1553210856-GB-F-108 read.
LOG (lattice-oracle[5.5.480~1-09abd]:main():lattice-oracle.cc:318) %WER 22.5806 [ 7 / 31, 4 insertions, 2 deletions, 1 sub ]
LOG (lattice-oracle[5.5.480~1-09abd]:main():lattice-oracle.cc:332) For utterance F16394698-3451990_3451990-168949637_1553210856-GB-F-108, best cost 7
Lattice F16394698-3451990_3451990-168949637_1553210856-GB-F-115 read.
LOG (lattice-oracle[5.5.480~1-09abd]:main():lattice-oracle.cc:318) %WER 20.8333 [ 5 / 24, 1 insertions, 4 deletions, 0 sub ]
LOG (lattice-oracle[5.5.480~1-09abd]:main():lattice-oracle.cc:332) For utterance F16394698-3451990_3451990-168949637_1553210856-GB-F-115, best cost 5
Lattice F16394698-3451990_3451990-168949637_1553210856-GB-F-122 read.
LOG (lattice-oracle[5.5.480~1-09abd]:main():lattice-oracle.cc:318) %WER 200 [ 4 / 2, 2 insertions, 0 deletions, 2 sub ]
LOG (lattice-oracle[5.5.480~1-09abd]:main():lattice-oracle.cc:332) For utterance F16394698-3451990_3451990-168949637_1553210856-GB-F-122, best cost 4
Lattice F16394698-3451990_3451990-168949637_1553210856-GB-F-124 read.
LOG (lattice-oracle[5.5.480~1-09abd]:main():lattice-oracle.cc:318) %WER 40.9091 [ 9 / 22, 4 insertions, 3 deletions, 2 sub ]
LOG (lattice-oracle[5.5.480~1-09abd]:main():lattice-oracle.cc:332) For utterance F16394698-3451990_3451990-168949637_1553210856-GB-F-124, best cost 9
Lattice F16394698-3451990_3451990-168949637_1553210856-GB-F-128 read.
LOG (lattice-oracle[5.5.480~1-09abd]:main():lattice-oracle.cc:318) %WER 85.7143 [ 6 / 7, 0 insertions, 2 deletions, 4 sub ]
LOG (lattice-oracle[5.5.480~1-09abd]:main():lattice-oracle.cc:332) For utterance F16394698-3451990_3451990-168949637_1553210856-GB-F-128, best cost 6
Lattice F16394698-3451990_3451990-168949637_1553210856-GB-F-129 read.
LOG (lattice-oracle[5.5.480~1-09abd]:main():lattice-oracle.cc:318) %WER 31.25 [ 5 / 16, 2 insertions, 1 deletions, 2 sub ]
LOG (lattice-oracle[5.5.480~1-09abd]:main():lattice-oracle.cc:332) For utterance F16394698-3451990_3451990-168949637_1553210856-GB-F-129, best cost 5
Lattice F169657933-4006504_4006504-169657899_1673949336-GB-F-011 read.
LOG (lattice-oracle[5.5.480~1-09abd]:main():lattice-oracle.cc:318) %WER 11.1111 [ 1 / 9, 0 insertions, 1 deletions, 0 sub ]
LOG (lattice-oracle[5.5.480~1-09abd]:main():lattice-oracle.cc:332) For utterance F169657933-4006504_4006504-169657899_1673949336-GB-F-011, best cost 1
Lattice F169657933-4006504_4006504-169657899_1673949336-GB-F-021 read.
LOG (lattice-oracle[5.5.480~1-09abd]:main():lattice-oracle.cc:318) %WER 33.3333 [ 1 / 3, 0 insertions, 1 deletions, 0 sub ]
LOG (lattice-oracle[5.5.480~1-09abd]:main():lattice-oracle.cc:332) For utterance F169657933-4006504_4006504-169657899_1673949336-GB-F-021, best cost 1
Lattice F169657933-4006504_4006504-169657899_1673949336-GB-F-029 read.
LOG (lattice-oracle[5.5.480~1-09abd]:main():lattice-oracle.cc:318) %WER 0 [ 0 / 15, 0 insertions, 0 deletions, 0 sub ]
LOG (lattice-oracle[5.5.480~1-09abd]:main():lattice-oracle.cc:332) For utterance F169657933-4006504_4006504-169657899_1673949336-GB-F-029, best cost 0
Lattice F169657933-4006504_4006504-169657899_1673949336-GB-F-034 read.
LOG (lattice-oracle[5.5.480~1-09abd]:main():lattice-oracle.cc:318) %WER 55.5556 [ 10 / 18, 0 insertions, 10 deletions, 0 sub ]
LOG (lattice-oracle[5.5.480~1-09abd]:main():lattice-oracle.cc:332) For utterance F169657933-4006504_4006504-169657899_1673949336-GB-F-034, best cost 10
Lattice F169657933-4006504_4006504-169657899_1673949336-GB-F-037 read.
LOG (lattice-oracle[5.5.480~1-09abd]:main():lattice-oracle.cc:318) %WER 0 [ 0 / 4, 0 insertions, 0 deletions, 0 sub ]
LOG (lattice-oracle[5.5.480~1-09abd]:main():lattice-oracle.cc:332) For utterance F169657933-4006504_4006504-169657899_1673949336-GB-F-037, best cost 0
Lattice F169657933-4006504_4006504-169657899_1673949336-GB-F-038 read.
LOG (lattice-oracle[5.5.480~1-09abd]:main():lattice-oracle.cc:318) %WER 66.6667 [ 4 / 6, 4 insertions, 0 deletions, 0 sub ]
LOG (lattice-oracle[5.5.480~1-09abd]:main():lattice-oracle.cc:332) For utterance F169657933-4006504_4006504-169657899_1673949336-GB-F-038, best cost 4
Lattice F169657933-4006504_4006504-169657899_1673949336-GB-F-040 read.
LOG (lattice-oracle[5.5.480~1-09abd]:main():lattice-oracle.cc:318) %WER 0 [ 0 / 10, 0 insertions, 0 deletions, 0 sub ]
LOG (lattice-oracle[5.5.480~1-09abd]:main():lattice-oracle.cc:332) For utterance F169657933-4006504_4006504-169657899_1673949336-GB-F-040, best cost 0
Lattice F169657933-4006504_4006504-169657899_1673949336-GB-F-042 read.
LOG (lattice-oracle[5.5.480~1-09abd]:main():lattice-oracle.cc:318) %WER 0 [ 0 / 7, 0 insertions, 0 deletions, 0 sub ]
LOG (lattice-oracle[5.5.480~1-09abd]:main():lattice-oracle.cc:332) For utterance F169657933-4006504_4006504-169657899_1673949336-GB-F-042, best cost 0
Lattice F169657933-4006504_4006504-169657899_1673949336-GB-F-043 read.
LOG (lattice-oracle[5.5.480~1-09abd]:main():lattice-oracle.cc:318) %WER 0 [ 0 / 5, 0 insertions, 0 deletions, 0 sub ]
LOG (lattice-oracle[5.5.480~1-09abd]:main():lattice-oracle.cc:332) For utterance F169657933-4006504_4006504-169657899_1673949336-GB-F-043, best cost 0
Lattice F169657933-4006504_4006504-169657899_1673949336-GB-F-045 read.
LOG (lattice-oracle[5.5.480~1-09abd]:main():lattice-oracle.cc:318) %WER 0 [ 0 / 4, 0 insertions, 0 deletions, 0 sub ]
LOG (lattice-oracle[5.5.480~1-09abd]:main():lattice-oracle.cc:332) For utterance F169657933-4006504_4006504-169657899_1673949336-GB-F-045, best cost 0
Lattice F169657933-4006504_4006504-169657899_1673949336-GB-F-052 read.
LOG (lattice-oracle[5.5.480~1-09abd]:main():lattice-oracle.cc:318) %WER 100 [ 4 / 4, 0 insertions, 0 deletions, 4 sub ]
LOG (lattice-oracle[5.5.480~1-09abd]:main():lattice-oracle.cc:332) For utterance F169657933-4006504_4006504-169657899_1673949336-GB-F-052, best cost 4
Lattice F169657933-4006504_4006504-169657899_1673949336-GB-F-057 read.
LOG (lattice-oracle[5.5.480~1-09abd]:main():lattice-oracle.cc:318) %WER 83.3333 [ 5 / 6, 0 insertions, 3 deletions, 2 sub ]
LOG (lattice-oracle[5.5.480~1-09abd]:main():lattice-oracle.cc:332) For utterance F169657933-4006504_4006504-169657899_1673949336-GB-F-057, best cost 5
Lattice F169657933-4006504_4006504-169657899_1673949336-GB-F-068 read.
LOG (lattice-oracle[5.5.480~1-09abd]:main():lattice-oracle.cc:318) %WER 0 [ 0 / 10, 0 insertions, 0 deletions, 0 sub ]
LOG (lattice-oracle[5.5.480~1-09abd]:main():lattice-oracle.cc:332) For utterance F169657933-4006504_4006504-169657899_1673949336-GB-F-068, best cost 0
Lattice F169657933-4006504_4006504-169657899_1673949336-GB-F-071 read.
LOG (lattice-oracle[5.5.480~1-09abd]:main():lattice-oracle.cc:318) %WER 33.3333 [ 2 / 6, 0 insertions, 2 deletions, 0 sub ]
LOG (lattice-oracle[5.5.480~1-09abd]:main():lattice-oracle.cc:332) For utterance F169657933-4006504_4006504-169657899_1673949336-GB-F-071, best cost 2
Lattice F169657933-4006504_4006504-169657899_1673949336-GB-F-075 read.
LOG (lattice-oracle[5.5.480~1-09abd]:main():lattice-oracle.cc:318) %WER 25 [ 1 / 4, 1 insertions, 0 deletions, 0 sub ]
LOG (lattice-oracle[5.5.480~1-09abd]:main():lattice-oracle.cc:332) For utterance F169657933-4006504_4006504-169657899_1673949336-GB-F-075, best cost 1
Lattice F169657933-4006504_4006504-169657899_1673949336-GB-F-077 read.
LOG (lattice-oracle[5.5.480~1-09abd]:main():lattice-oracle.cc:318) %WER 38.4615 [ 5 / 13, 0 insertions, 4 deletions, 1 sub ]
LOG (lattice-oracle[5.5.480~1-09abd]:main():lattice-oracle.cc:332) For utterance F169657933-4006504_4006504-169657899_1673949336-GB-F-077, best cost 5
Lattice F169657933-4006504_4006504-169657899_1673949336-GB-F-080 read.
LOG (lattice-oracle[5.5.480~1-09abd]:main():lattice-oracle.cc:318) %WER 0 [ 0 / 7, 0 insertions, 0 deletions, 0 sub ]
LOG (lattice-oracle[5.5.480~1-09abd]:main():lattice-oracle.cc:332) For utterance F169657933-4006504_4006504-169657899_1673949336-GB-F-080, best cost 0
Lattice F169657933-4006504_4006504-169657899_1673949336-GB-F-088 read.
LOG (lattice-oracle[5.5.480~1-09abd]:main():lattice-oracle.cc:318) %WER 0 [ 0 / 14, 0 insertions, 0 deletions, 0 sub ]
LOG (lattice-oracle[5.5.480~1-09abd]:main():lattice-oracle.cc:332) For utterance F169657933-4006504_4006504-169657899_1673949336-GB-F-088, best cost 0
Lattice F169657933-4006504_4006504-169657899_1673949336-GB-F-091 read.
LOG (lattice-oracle[5.5.480~1-09abd]:main():lattice-oracle.cc:318) %WER 10 [ 1 / 10, 0 insertions, 0 deletions, 1 sub ]
LOG (lattice-oracle[5.5.480~1-09abd]:main():lattice-oracle.cc:332) For utterance F169657933-4006504_4006504-169657899_1673949336-GB-F-091, best cost 1
Lattice F169657933-4006504_4006504-169657899_1673949336-GB-F-093 read.
LOG (lattice-oracle[5.5.480~1-09abd]:main():lattice-oracle.cc:318) %WER 0 [ 0 / 7, 0 insertions, 0 deletions, 0 sub ]
LOG (lattice-oracle[5.5.480~1-09abd]:main():lattice-oracle.cc:332) For utterance F169657933-4006504_4006504-169657899_1673949336-GB-F-093, best cost 0
Lattice F169657933-4006504_4006504-169657899_1673949336-GB-F-094 read.
LOG (lattice-oracle[5.5.480~1-09abd]:main():lattice-oracle.cc:318) %WER 18.1818 [ 2 / 11, 0 insertions, 2 deletions, 0 sub ]
LOG (lattice-oracle[5.5.480~1-09abd]:main():lattice-oracle.cc:332) For utterance F169657933-4006504_4006504-169657899_1673949336-GB-F-094, best cost 2
Lattice F169657933-4006504_4006504-169657899_1673949336-GB-F-101 read.
LOG (lattice-oracle[5.5.480~1-09abd]:main():lattice-oracle.cc:318) %WER 0 [ 0 / 4, 0 insertions, 0 deletions, 0 sub ]
LOG (lattice-oracle[5.5.480~1-09abd]:main():lattice-oracle.cc:332) For utterance F169657933-4006504_4006504-169657899_1673949336-GB-F-101, best cost 0
Lattice F181762618-119790220_111409-706401130_1575312339-GB-F-005 read.
LOG (lattice-oracle[5.5.480~1-09abd]:main():lattice-oracle.cc:318) %WER 0 [ 0 / 22, 0 insertions, 0 deletions, 0 sub ]
LOG (lattice-oracle[5.5.480~1-09abd]:main():lattice-oracle.cc:332) For utterance F181762618-119790220_111409-706401130_1575312339-GB-F-005, best cost 0
Lattice F181762618-119790220_111409-706401130_1575312339-GB-F-013 read.
LOG (lattice-oracle[5.5.480~1-09abd]:main():lattice-oracle.cc:318) %WER 0 [ 0 / 9, 0 insertions, 0 deletions, 0 sub ]
LOG (lattice-oracle[5.5.480~1-09abd]:main():lattice-oracle.cc:332) For utterance F181762618-119790220_111409-706401130_1575312339-GB-F-013, best cost 0
Lattice F181762618-119790220_111409-706401130_1575312339-GB-F-016 read.
LOG (lattice-oracle[5.5.480~1-09abd]:main():lattice-oracle.cc:318) %WER 0 [ 0 / 7, 0 insertions, 0 deletions, 0 sub ]
LOG (lattice-oracle[5.5.480~1-09abd]:main():lattice-oracle.cc:332) For utterance F181762618-119790220_111409-706401130_1575312339-GB-F-016, best cost 0
Lattice F181762618-119790220_111409-706401130_1575312339-GB-F-017 read.
LOG (lattice-oracle[5.5.480~1-09abd]:main():lattice-oracle.cc:318) %WER 0 [ 0 / 25, 0 insertions, 0 deletions, 0 sub ]
LOG (lattice-oracle[5.5.480~1-09abd]:main():lattice-oracle.cc:332) For utterance F181762618-119790220_111409-706401130_1575312339-GB-F-017, best cost 0
Lattice F181762618-119790220_111409-706401130_1575312339-GB-F-023 read.
LOG (lattice-oracle[5.5.480~1-09abd]:main():lattice-oracle.cc:318) %WER 18.1818 [ 2 / 11, 0 insertions, 2 deletions, 0 sub ]
LOG (lattice-oracle[5.5.480~1-09abd]:main():lattice-oracle.cc:332) For utterance F181762618-119790220_111409-706401130_1575312339-GB-F-023, best cost 2
Lattice F181762618-119790220_111409-706401130_1575312339-GB-F-026 read.
LOG (lattice-oracle[5.5.480~1-09abd]:main():lattice-oracle.cc:318) %WER 0 [ 0 / 19, 0 insertions, 0 deletions, 0 sub ]
LOG (lattice-oracle[5.5.480~1-09abd]:main():lattice-oracle.cc:332) For utterance F181762618-119790220_111409-706401130_1575312339-GB-F-026, best cost 0
Lattice F181762618-119790220_111409-706401130_1575312339-GB-F-031 read.
LOG (lattice-oracle[5.5.480~1-09abd]:main():lattice-oracle.cc:318) %WER 14.8148 [ 4 / 27, 0 insertions, 4 deletions, 0 sub ]
LOG (lattice-oracle[5.5.480~1-09abd]:main():lattice-oracle.cc:332) For utterance F181762618-119790220_111409-706401130_1575312339-GB-F-031, best cost 4
Lattice F181762618-119790220_111409-706401130_1575312339-GB-F-040 read.
LOG (lattice-oracle[5.5.480~1-09abd]:main():lattice-oracle.cc:318) %WER 0 [ 0 / 21, 0 insertions, 0 deletions, 0 sub ]
LOG (lattice-oracle[5.5.480~1-09abd]:main():lattice-oracle.cc:332) For utterance F181762618-119790220_111409-706401130_1575312339-GB-F-040, best cost 0
Lattice F181762618-119790220_111409-706401130_1575312339-GB-F-047 read.
LOG (lattice-oracle[5.5.480~1-09abd]:main():lattice-oracle.cc:318) %WER 6.66667 [ 2 / 30, 0 insertions, 1 deletions, 1 sub ]
LOG (lattice-oracle[5.5.480~1-09abd]:main():lattice-oracle.cc:332) For utterance F181762618-119790220_111409-706401130_1575312339-GB-F-047, best cost 2
Lattice F181762618-119790220_111409-706401130_1575312339-GB-F-054 read.
LOG (lattice-oracle[5.5.480~1-09abd]:main():lattice-oracle.cc:318) %WER 10 [ 3 / 30, 2 insertions, 0 deletions, 1 sub ]
LOG (lattice-oracle[5.5.480~1-09abd]:main():lattice-oracle.cc:332) For utterance F181762618-119790220_111409-706401130_1575312339-GB-F-054, best cost 3
Lattice F181762618-119790220_111409-706401130_1575312339-GB-F-063 read.
LOG (lattice-oracle[5.5.480~1-09abd]:main():lattice-oracle.cc:318) %WER 0 [ 0 / 14, 0 insertions, 0 deletions, 0 sub ]
LOG (lattice-oracle[5.5.480~1-09abd]:main():lattice-oracle.cc:332) For utterance F181762618-119790220_111409-706401130_1575312339-GB-F-063, best cost 0
Lattice F181762618-119790220_111409-706401130_1575312339-GB-F-066 read.
LOG (lattice-oracle[5.5.480~1-09abd]:main():lattice-oracle.cc:318) %WER 0 [ 0 / 8, 0 insertions, 0 deletions, 0 sub ]
LOG (lattice-oracle[5.5.480~1-09abd]:main():lattice-oracle.cc:332) For utterance F181762618-119790220_111409-706401130_1575312339-GB-F-066, best cost 0
Lattice F181762618-119790220_111409-706401130_1575312339-GB-F-067 read.
LOG (lattice-oracle[5.5.480~1-09abd]:main():lattice-oracle.cc:318) %WER 10 [ 5 / 50, 0 insertions, 4 deletions, 1 sub ]
LOG (lattice-oracle[5.5.480~1-09abd]:main():lattice-oracle.cc:332) For utterance F181762618-119790220_111409-706401130_1575312339-GB-F-067, best cost 5
Lattice F181762618-119790220_111409-706401130_1575312339-GB-F-078 read.
LOG (lattice-oracle[5.5.480~1-09abd]:main():lattice-oracle.cc:318) %WER 0 [ 0 / 23, 0 insertions, 0 deletions, 0 sub ]
LOG (lattice-oracle[5.5.480~1-09abd]:main():lattice-oracle.cc:332) For utterance F181762618-119790220_111409-706401130_1575312339-GB-F-078, best cost 0
Lattice F189894946-9172859_166150-187911303_1619554048-GB-F-001 read.
LOG (lattice-oracle[5.5.480~1-09abd]:main():lattice-oracle.cc:318) %WER 3.125 [ 1 / 32, 0 insertions, 1 deletions, 0 sub ]
LOG (lattice-oracle[5.5.480~1-09abd]:main():lattice-oracle.cc:332) For utterance F189894946-9172859_166150-187911303_1619554048-GB-F-001, best cost 1
Lattice F189894946-9172859_166150-187911303_1619554048-GB-F-006 read.
LOG (lattice-oracle[5.5.480~1-09abd]:main():lattice-oracle.cc:318) %WER 10.5263 [ 4 / 38, 3 insertions, 1 deletions, 0 sub ]
LOG (lattice-oracle[5.5.480~1-09abd]:main():lattice-oracle.cc:332) For utterance F189894946-9172859_166150-187911303_1619554048-GB-F-006, best cost 4
Lattice F189894946-9172859_166150-187911303_1619554048-GB-F-012 read.
LOG (lattice-oracle[5.5.480~1-09abd]:main():lattice-oracle.cc:318) %WER 5.26316 [ 3 / 57, 0 insertions, 2 deletions, 1 sub ]
LOG (lattice-oracle[5.5.480~1-09abd]:main():lattice-oracle.cc:332) For utterance F189894946-9172859_166150-187911303_1619554048-GB-F-012, best cost 3
Lattice F189894946-9172859_166150-187911303_1619554048-GB-F-021 read.
LOG (lattice-oracle[5.5.480~1-09abd]:main():lattice-oracle.cc:318) %WER 4.44444 [ 4 / 90, 0 insertions, 2 deletions, 2 sub ]
LOG (lattice-oracle[5.5.480~1-09abd]:main():lattice-oracle.cc:332) For utterance F189894946-9172859_166150-187911303_1619554048-GB-F-021, best cost 4
Lattice F189894946-9172859_166150-187911303_1619554048-GB-F-036 read.
LOG (lattice-oracle[5.5.480~1-09abd]:main():lattice-oracle.cc:318) %WER 0 [ 0 / 4, 0 insertions, 0 deletions, 0 sub ]
LOG (lattice-oracle[5.5.480~1-09abd]:main():lattice-oracle.cc:332) For utterance F189894946-9172859_166150-187911303_1619554048-GB-F-036, best cost 0
Lattice F189894946-9172859_166150-187911303_1619554048-GB-F-037 read.
LOG (lattice-oracle[5.5.480~1-09abd]:main():lattice-oracle.cc:318) %WER 3.22581 [ 1 / 31, 0 insertions, 0 deletions, 1 sub ]
LOG (lattice-oracle[5.5.480~1-09abd]:main():lattice-oracle.cc:332) For utterance F189894946-9172859_166150-187911303_1619554048-GB-F-037, best cost 1
Lattice F189989252-414803040_3049065-189986442_1646323102-GB-F-001 read.
LOG (lattice-oracle[5.5.480~1-09abd]:main():lattice-oracle.cc:318) %WER 0 [ 0 / 13, 0 insertions, 0 deletions, 0 sub ]
LOG (lattice-oracle[5.5.480~1-09abd]:main():lattice-oracle.cc:332) For utterance F189989252-414803040_3049065-189986442_1646323102-GB-F-001, best cost 0
Lattice F189989252-414803040_3049065-189986442_1646323102-GB-F-003 read.
LOG (lattice-oracle[5.5.480~1-09abd]:main():lattice-oracle.cc:318) %WER 0 [ 0 / 8, 0 insertions, 0 deletions, 0 sub ]
LOG (lattice-oracle[5.5.480~1-09abd]:main():lattice-oracle.cc:332) For utterance F189989252-414803040_3049065-189986442_1646323102-GB-F-003, best cost 0
Lattice F189989252-414803040_3049065-189986442_1646323102-GB-F-005 read.
LOG (lattice-oracle[5.5.480~1-09abd]:main():lattice-oracle.cc:318) %WER 0 [ 0 / 7, 0 insertions, 0 deletions, 0 sub ]
LOG (lattice-oracle[5.5.480~1-09abd]:main():lattice-oracle.cc:332) For utterance F189989252-414803040_3049065-189986442_1646323102-GB-F-005, best cost 0
Lattice F189989252-414803040_3049065-189986442_1646323102-GB-F-013 read.
LOG (lattice-oracle[5.5.480~1-09abd]:main():lattice-oracle.cc:318) %WER 0 [ 0 / 6, 0 insertions, 0 deletions, 0 sub ]
LOG (lattice-oracle[5.5.480~1-09abd]:main():lattice-oracle.cc:332) For utterance F189989252-414803040_3049065-189986442_1646323102-GB-F-013, best cost 0
Lattice F189989252-414803040_3049065-189986442_1646323102-GB-F-014 read.
LOG (lattice-oracle[5.5.480~1-09abd]:main():lattice-oracle.cc:318) %WER 0 [ 0 / 11, 0 insertions, 0 deletions, 0 sub ]
LOG (lattice-oracle[5.5.480~1-09abd]:main():lattice-oracle.cc:332) For utterance F189989252-414803040_3049065-189986442_1646323102-GB-F-014, best cost 0
Lattice F189989252-414803040_3049065-189986442_1646323102-GB-F-016 read.
LOG (lattice-oracle[5.5.480~1-09abd]:main():lattice-oracle.cc:318) %WER 0 [ 0 / 22, 0 insertions, 0 deletions, 0 sub ]
LOG (lattice-oracle[5.5.480~1-09abd]:main():lattice-oracle.cc:332) For utterance F189989252-414803040_3049065-189986442_1646323102-GB-F-016, best cost 0
Lattice F189989252-414803040_3049065-189986442_1646323102-GB-F-021 read.
LOG (lattice-oracle[5.5.480~1-09abd]:main():lattice-oracle.cc:318) %WER 0 [ 0 / 29, 0 insertions, 0 deletions, 0 sub ]
LOG (lattice-oracle[5.5.480~1-09abd]:main():lattice-oracle.cc:332) For utterance F189989252-414803040_3049065-189986442_1646323102-GB-F-021, best cost 0
Lattice F189989252-414803040_3049065-189986442_1646323102-GB-F-039 read.
LOG (lattice-oracle[5.5.480~1-09abd]:main():lattice-oracle.cc:318) %WER 0 [ 0 / 6, 0 insertions, 0 deletions, 0 sub ]
LOG (lattice-oracle[5.5.480~1-09abd]:main():lattice-oracle.cc:332) For utterance F189989252-414803040_3049065-189986442_1646323102-GB-F-039, best cost 0
Lattice F189989252-414803040_3049065-189986442_1646323102-GB-F-040 read.
LOG (lattice-oracle[5.5.480~1-09abd]:main():lattice-oracle.cc:318) %WER 0 [ 0 / 5, 0 insertions, 0 deletions, 0 sub ]
LOG (lattice-oracle[5.5.480~1-09abd]:main():lattice-oracle.cc:332) For utterance F189989252-414803040_3049065-189986442_1646323102-GB-F-040, best cost 0
Lattice F189989252-414803040_3049065-189986442_1646323102-GB-F-041 read.
LOG (lattice-oracle[5.5.480~1-09abd]:main():lattice-oracle.cc:318) %WER 0 [ 0 / 6, 0 insertions, 0 deletions, 0 sub ]
LOG (lattice-oracle[5.5.480~1-09abd]:main():lattice-oracle.cc:332) For utterance F189989252-414803040_3049065-189986442_1646323102-GB-F-041, best cost 0
Lattice F189989252-414803040_3049065-189986442_1646323102-GB-F-042 read.
LOG (lattice-oracle[5.5.480~1-09abd]:main():lattice-oracle.cc:318) %WER 0 [ 0 / 16, 0 insertions, 0 deletions, 0 sub ]
LOG (lattice-oracle[5.5.480~1-09abd]:main():lattice-oracle.cc:332) For utterance F189989252-414803040_3049065-189986442_1646323102-GB-F-042, best cost 0
Lattice F189989252-414803040_3049065-189986442_1646323102-GB-F-045 read.
LOG (lattice-oracle[5.5.480~1-09abd]:main():lattice-oracle.cc:318) %WER 0 [ 0 / 6, 0 insertions, 0 deletions, 0 sub ]
LOG (lattice-oracle[5.5.480~1-09abd]:main():lattice-oracle.cc:332) For utterance F189989252-414803040_3049065-189986442_1646323102-GB-F-045, best cost 0
Lattice F189989252-414803040_3049065-189986442_1646323102-GB-F-047 read.
LOG (lattice-oracle[5.5.480~1-09abd]:main():lattice-oracle.cc:318) %WER 0 [ 0 / 5, 0 insertions, 0 deletions, 0 sub ]
LOG (lattice-oracle[5.5.480~1-09abd]:main():lattice-oracle.cc:332) For utterance F189989252-414803040_3049065-189986442_1646323102-GB-F-047, best cost 0
Lattice F189989252-414803040_3049065-189986442_1646323102-GB-F-048 read.
LOG (lattice-oracle[5.5.480~1-09abd]:main():lattice-oracle.cc:318) %WER 25 [ 3 / 12, 0 insertions, 3 deletions, 0 sub ]
LOG (lattice-oracle[5.5.480~1-09abd]:main():lattice-oracle.cc:332) For utterance F189989252-414803040_3049065-189986442_1646323102-GB-F-048, best cost 3
Lattice F189989252-414803040_3049065-189986442_1646323102-GB-F-050 read.
LOG (lattice-oracle[5.5.480~1-09abd]:main():lattice-oracle.cc:318) %WER 46.1538 [ 12 / 26, 0 insertions, 8 deletions, 4 sub ]
LOG (lattice-oracle[5.5.480~1-09abd]:main():lattice-oracle.cc:332) For utterance F189989252-414803040_3049065-189986442_1646323102-GB-F-050, best cost 12
Lattice F189989252-414803040_3049065-189986442_1646323102-GB-F-054 read.
LOG (lattice-oracle[5.5.480~1-09abd]:main():lattice-oracle.cc:318) %WER 10.5263 [ 2 / 19, 0 insertions, 2 deletions, 0 sub ]
LOG (lattice-oracle[5.5.480~1-09abd]:main():lattice-oracle.cc:332) For utterance F189989252-414803040_3049065-189986442_1646323102-GB-F-054, best cost 2
Lattice F189989252-414803040_3049065-189986442_1646323102-GB-F-059 read.
LOG (lattice-oracle[5.5.480~1-09abd]:main():lattice-oracle.cc:318) %WER 0 [ 0 / 1, 0 insertions, 0 deletions, 0 sub ]
LOG (lattice-oracle[5.5.480~1-09abd]:main():lattice-oracle.cc:332) For utterance F189989252-414803040_3049065-189986442_1646323102-GB-F-059, best cost 0
Lattice F189989252-414803040_3049065-189986442_1646323102-GB-F-065 read.
LOG (lattice-oracle[5.5.480~1-09abd]:main():lattice-oracle.cc:318) %WER 0 [ 0 / 5, 0 insertions, 0 deletions, 0 sub ]
LOG (lattice-oracle[5.5.480~1-09abd]:main():lattice-oracle.cc:332) For utterance F189989252-414803040_3049065-189986442_1646323102-GB-F-065, best cost 0
Lattice F189989252-414803040_3049065-189986442_1646323102-GB-F-066 read.
LOG (lattice-oracle[5.5.480~1-09abd]:main():lattice-oracle.cc:318) %WER 64.7059 [ 11 / 17, 0 insertions, 10 deletions, 1 sub ]
LOG (lattice-oracle[5.5.480~1-09abd]:main():lattice-oracle.cc:332) For utterance F189989252-414803040_3049065-189986442_1646323102-GB-F-066, best cost 11
Lattice F189989252-414803040_3049065-189986442_1646323102-GB-F-069 read.
LOG (lattice-oracle[5.5.480~1-09abd]:main():lattice-oracle.cc:318) %WER 0 [ 0 / 11, 0 insertions, 0 deletions, 0 sub ]
LOG (lattice-oracle[5.5.480~1-09abd]:main():lattice-oracle.cc:332) For utterance F189989252-414803040_3049065-189986442_1646323102-GB-F-069, best cost 0
Lattice F190275293-4212785_4212785-355986454_1670416390-GB-F-005 read.
LOG (lattice-oracle[5.5.480~1-09abd]:main():lattice-oracle.cc:318) %WER 0 [ 0 / 26, 0 insertions, 0 deletions, 0 sub ]
LOG (lattice-oracle[5.5.480~1-09abd]:main():lattice-oracle.cc:332) For utterance F190275293-4212785_4212785-355986454_1670416390-GB-F-005, best cost 0
Lattice F190275293-4212785_4212785-355986454_1670416390-GB-F-014 read.
LOG (lattice-oracle[5.5.480~1-09abd]:main():lattice-oracle.cc:318) %WER 16.6667 [ 2 / 12, 1 insertions, 0 deletions, 1 sub ]
LOG (lattice-oracle[5.5.480~1-09abd]:main():lattice-oracle.cc:332) For utterance F190275293-4212785_4212785-355986454_1670416390-GB-F-014, best cost 2
Lattice F190275293-4212785_4212785-355986454_1670416390-GB-F-018 read.
LOG (lattice-oracle[5.5.480~1-09abd]:main():lattice-oracle.cc:318) %WER 50 [ 6 / 12, 0 insertions, 6 deletions, 0 sub ]
LOG (lattice-oracle[5.5.480~1-09abd]:main():lattice-oracle.cc:332) For utterance F190275293-4212785_4212785-355986454_1670416390-GB-F-018, best cost 6
Lattice F190275293-4212785_4212785-355986454_1670416390-GB-F-021 read.
LOG (lattice-oracle[5.5.480~1-09abd]:main():lattice-oracle.cc:318) %WER 0 [ 0 / 20, 0 insertions, 0 deletions, 0 sub ]
LOG (lattice-oracle[5.5.480~1-09abd]:main():lattice-oracle.cc:332) For utterance F190275293-4212785_4212785-355986454_1670416390-GB-F-021, best cost 0
Lattice F190275293-4212785_4212785-355986454_1670416390-GB-F-024 read.
LOG (lattice-oracle[5.5.480~1-09abd]:main():lattice-oracle.cc:318) %WER 53.8462 [ 7 / 13, 0 insertions, 6 deletions, 1 sub ]
LOG (lattice-oracle[5.5.480~1-09abd]:main():lattice-oracle.cc:332) For utterance F190275293-4212785_4212785-355986454_1670416390-GB-F-024, best cost 7
Lattice F190275293-4212785_4212785-355986454_1670416390-GB-F-028 read.
LOG (lattice-oracle[5.5.480~1-09abd]:main():lattice-oracle.cc:318) %WER 0 [ 0 / 6, 0 insertions, 0 deletions, 0 sub ]
LOG (lattice-oracle[5.5.480~1-09abd]:main():lattice-oracle.cc:332) For utterance F190275293-4212785_4212785-355986454_1670416390-GB-F-028, best cost 0
Lattice F190275293-4212785_4212785-355986454_1670416390-GB-F-029 read.
LOG (lattice-oracle[5.5.480~1-09abd]:main():lattice-oracle.cc:318) %WER 0 [ 0 / 5, 0 insertions, 0 deletions, 0 sub ]
LOG (lattice-oracle[5.5.480~1-09abd]:main():lattice-oracle.cc:332) For utterance F190275293-4212785_4212785-355986454_1670416390-GB-F-029, best cost 0
Lattice F190275293-4212785_4212785-355986454_1670416390-GB-F-030 read.
LOG (lattice-oracle[5.5.480~1-09abd]:main():lattice-oracle.cc:318) %WER 0 [ 0 / 16, 0 insertions, 0 deletions, 0 sub ]
LOG (lattice-oracle[5.5.480~1-09abd]:main():lattice-oracle.cc:332) For utterance F190275293-4212785_4212785-355986454_1670416390-GB-F-030, best cost 0
Lattice F190275293-4212785_4212785-355986454_1670416390-GB-F-036 read.
LOG (lattice-oracle[5.5.480~1-09abd]:main():lattice-oracle.cc:318) %WER 33.3333 [ 2 / 6, 2 insertions, 0 deletions, 0 sub ]
LOG (lattice-oracle[5.5.480~1-09abd]:main():lattice-oracle.cc:332) For utterance F190275293-4212785_4212785-355986454_1670416390-GB-F-036, best cost 2
Lattice F190275293-4212785_4212785-355986454_1670416390-GB-F-041 read.
LOG (lattice-oracle[5.5.480~1-09abd]:main():lattice-oracle.cc:318) %WER 25 [ 8 / 32, 0 insertions, 8 deletions, 0 sub ]
LOG (lattice-oracle[5.5.480~1-09abd]:main():lattice-oracle.cc:332) For utterance F190275293-4212785_4212785-355986454_1670416390-GB-F-041, best cost 8
Lattice F190275293-4212785_4212785-355986454_1670416390-GB-F-050 read.
LOG (lattice-oracle[5.5.480~1-09abd]:main():lattice-oracle.cc:318) %WER 14.2857 [ 1 / 7, 0 insertions, 1 deletions, 0 sub ]
LOG (lattice-oracle[5.5.480~1-09abd]:main():lattice-oracle.cc:332) For utterance F190275293-4212785_4212785-355986454_1670416390-GB-F-050, best cost 1
Lattice F190275293-4212785_4212785-355986454_1670416390-GB-F-051 read.
LOG (lattice-oracle[5.5.480~1-09abd]:main():lattice-oracle.cc:318) %WER 0 [ 0 / 6, 0 insertions, 0 deletions, 0 sub ]
LOG (lattice-oracle[5.5.480~1-09abd]:main():lattice-oracle.cc:332) For utterance F190275293-4212785_4212785-355986454_1670416390-GB-F-051, best cost 0
Lattice F190275293-4212785_4212785-355986454_1670416390-GB-F-056 read.
LOG (lattice-oracle[5.5.480~1-09abd]:main():lattice-oracle.cc:318) %WER 22.2222 [ 4 / 18, 0 insertions, 4 deletions, 0 sub ]
LOG (lattice-oracle[5.5.480~1-09abd]:main():lattice-oracle.cc:332) For utterance F190275293-4212785_4212785-355986454_1670416390-GB-F-056, best cost 4
Lattice F190275293-4212785_4212785-355986454_1670416390-GB-F-063 read.
LOG (lattice-oracle[5.5.480~1-09abd]:main():lattice-oracle.cc:318) %WER 0 [ 0 / 8, 0 insertions, 0 deletions, 0 sub ]
LOG (lattice-oracle[5.5.480~1-09abd]:main():lattice-oracle.cc:332) For utterance F190275293-4212785_4212785-355986454_1670416390-GB-F-063, best cost 0
Lattice F190275293-4212785_4212785-355986454_1670416390-GB-F-065 read.
LOG (lattice-oracle[5.5.480~1-09abd]:main():lattice-oracle.cc:318) %WER 11.1111 [ 1 / 9, 0 insertions, 1 deletions, 0 sub ]
LOG (lattice-oracle[5.5.480~1-09abd]:main():lattice-oracle.cc:332) For utterance F190275293-4212785_4212785-355986454_1670416390-GB-F-065, best cost 1
Lattice F190275293-4212785_4212785-355986454_1670416390-GB-F-071 read.
LOG (lattice-oracle[5.5.480~1-09abd]:main():lattice-oracle.cc:318) %WER 0 [ 0 / 8, 0 insertions, 0 deletions, 0 sub ]
LOG (lattice-oracle[5.5.480~1-09abd]:main():lattice-oracle.cc:332) For utterance F190275293-4212785_4212785-355986454_1670416390-GB-F-071, best cost 0
Lattice F190275293-4212785_4212785-355986454_1670416390-GB-F-075 read.
LOG (lattice-oracle[5.5.480~1-09abd]:main():lattice-oracle.cc:318) %WER 75 [ 9 / 12, 0 insertions, 9 deletions, 0 sub ]
LOG (lattice-oracle[5.5.480~1-09abd]:main():lattice-oracle.cc:332) For utterance F190275293-4212785_4212785-355986454_1670416390-GB-F-075, best cost 9
Lattice F190275293-4212785_4212785-355986454_1670416390-GB-F-078 read.
LOG (lattice-oracle[5.5.480~1-09abd]:main():lattice-oracle.cc:318) %WER 0 [ 0 / 18, 0 insertions, 0 deletions, 0 sub ]
LOG (lattice-oracle[5.5.480~1-09abd]:main():lattice-oracle.cc:332) For utterance F190275293-4212785_4212785-355986454_1670416390-GB-F-078, best cost 0
Lattice F190275293-4212785_4212785-355986454_1670416390-GB-F-087 read.
LOG (lattice-oracle[5.5.480~1-09abd]:main():lattice-oracle.cc:318) %WER 20.5882 [ 7 / 34, 0 insertions, 7 deletions, 0 sub ]
LOG (lattice-oracle[5.5.480~1-09abd]:main():lattice-oracle.cc:332) For utterance F190275293-4212785_4212785-355986454_1670416390-GB-F-087, best cost 7
Lattice F190275293-4212785_4212785-355986454_1670416390-GB-F-096 read.
LOG (lattice-oracle[5.5.480~1-09abd]:main():lattice-oracle.cc:318) %WER 0 [ 0 / 13, 0 insertions, 0 deletions, 0 sub ]
LOG (lattice-oracle[5.5.480~1-09abd]:main():lattice-oracle.cc:332) For utterance F190275293-4212785_4212785-355986454_1670416390-GB-F-096, best cost 0
Lattice F190275293-4212785_4212785-355986454_1670416390-GB-F-098 read.
LOG (lattice-oracle[5.5.480~1-09abd]:main():lattice-oracle.cc:318) %WER 0 [ 0 / 14, 0 insertions, 0 deletions, 0 sub ]
LOG (lattice-oracle[5.5.480~1-09abd]:main():lattice-oracle.cc:332) For utterance F190275293-4212785_4212785-355986454_1670416390-GB-F-098, best cost 0
Lattice F195019358-119790220_263436-839932445_1672590224-GB-F-001 read.
LOG (lattice-oracle[5.5.480~1-09abd]:main():lattice-oracle.cc:318) %WER 0 [ 0 / 8, 0 insertions, 0 deletions, 0 sub ]
LOG (lattice-oracle[5.5.480~1-09abd]:main():lattice-oracle.cc:332) For utterance F195019358-119790220_263436-839932445_1672590224-GB-F-001, best cost 0
Lattice F195019358-119790220_263436-839932445_1672590224-GB-F-002 read.
LOG (lattice-oracle[5.5.480~1-09abd]:main():lattice-oracle.cc:318) %WER 0 [ 0 / 5, 0 insertions, 0 deletions, 0 sub ]
LOG (lattice-oracle[5.5.480~1-09abd]:main():lattice-oracle.cc:332) For utterance F195019358-119790220_263436-839932445_1672590224-GB-F-002, best cost 0
Lattice F195019358-119790220_263436-839932445_1672590224-GB-F-003 read.
LOG (lattice-oracle[5.5.480~1-09abd]:main():lattice-oracle.cc:318) %WER 7.69231 [ 4 / 52, 4 insertions, 0 deletions, 0 sub ]
LOG (lattice-oracle[5.5.480~1-09abd]:main():lattice-oracle.cc:332) For utterance F195019358-119790220_263436-839932445_1672590224-GB-F-003, best cost 4
Lattice F195019358-119790220_263436-839932445_1672590224-GB-F-015 read.
LOG (lattice-oracle[5.5.480~1-09abd]:main():lattice-oracle.cc:318) %WER 6.25 [ 1 / 16, 0 insertions, 0 deletions, 1 sub ]
LOG (lattice-oracle[5.5.480~1-09abd]:main():lattice-oracle.cc:332) For utterance F195019358-119790220_263436-839932445_1672590224-GB-F-015, best cost 1
Lattice F195019358-119790220_263436-839932445_1672590224-GB-F-017 read.
LOG (lattice-oracle[5.5.480~1-09abd]:main():lattice-oracle.cc:318) %WER 0 [ 0 / 16, 0 insertions, 0 deletions, 0 sub ]
LOG (lattice-oracle[5.5.480~1-09abd]:main():lattice-oracle.cc:332) For utterance F195019358-119790220_263436-839932445_1672590224-GB-F-017, best cost 0
Lattice F195019358-119790220_263436-839932445_1672590224-GB-F-021 read.
LOG (lattice-oracle[5.5.480~1-09abd]:main():lattice-oracle.cc:318) %WER 0 [ 0 / 7, 0 insertions, 0 deletions, 0 sub ]
LOG (lattice-oracle[5.5.480~1-09abd]:main():lattice-oracle.cc:332) For utterance F195019358-119790220_263436-839932445_1672590224-GB-F-021, best cost 0
Lattice F195019358-119790220_263436-839932445_1672590224-GB-F-022 read.
LOG (lattice-oracle[5.5.480~1-09abd]:main():lattice-oracle.cc:318) %WER 0 [ 0 / 10, 0 insertions, 0 deletions, 0 sub ]
LOG (lattice-oracle[5.5.480~1-09abd]:main():lattice-oracle.cc:332) For utterance F195019358-119790220_263436-839932445_1672590224-GB-F-022, best cost 0
Lattice F195019358-119790220_263436-839932445_1672590224-GB-F-024 read.
LOG (lattice-oracle[5.5.480~1-09abd]:main():lattice-oracle.cc:318) %WER 15.7143 [ 11 / 70, 6 insertions, 2 deletions, 3 sub ]
LOG (lattice-oracle[5.5.480~1-09abd]:main():lattice-oracle.cc:332) For utterance F195019358-119790220_263436-839932445_1672590224-GB-F-024, best cost 11
Lattice F195019358-119790220_263436-839932445_1672590224-GB-F-038 read.
LOG (lattice-oracle[5.5.480~1-09abd]:main():lattice-oracle.cc:318) %WER 0 [ 0 / 16, 0 insertions, 0 deletions, 0 sub ]
LOG (lattice-oracle[5.5.480~1-09abd]:main():lattice-oracle.cc:332) For utterance F195019358-119790220_263436-839932445_1672590224-GB-F-038, best cost 0
Lattice F195019358-119790220_263436-839932445_1672590224-GB-F-042 read.
LOG (lattice-oracle[5.5.480~1-09abd]:main():lattice-oracle.cc:318) %WER 3.44828 [ 1 / 29, 1 insertions, 0 deletions, 0 sub ]
LOG (lattice-oracle[5.5.480~1-09abd]:main():lattice-oracle.cc:332) For utterance F195019358-119790220_263436-839932445_1672590224-GB-F-042, best cost 1
Lattice F195019358-119790220_263436-839932445_1672590224-GB-F-047 read.
LOG (lattice-oracle[5.5.480~1-09abd]:main():lattice-oracle.cc:318) %WER 16.6667 [ 1 / 6, 0 insertions, 1 deletions, 0 sub ]
LOG (lattice-oracle[5.5.480~1-09abd]:main():lattice-oracle.cc:332) For utterance F195019358-119790220_263436-839932445_1672590224-GB-F-047, best cost 1
Lattice F195019358-119790220_263436-839932445_1672590224-GB-F-048 read.
LOG (lattice-oracle[5.5.480~1-09abd]:main():lattice-oracle.cc:318) %WER 0 [ 0 / 12, 0 insertions, 0 deletions, 0 sub ]
LOG (lattice-oracle[5.5.480~1-09abd]:main():lattice-oracle.cc:332) For utterance F195019358-119790220_263436-839932445_1672590224-GB-F-048, best cost 0
Lattice F195019358-119790220_263436-839932445_1672590224-GB-F-050 read.
LOG (lattice-oracle[5.5.480~1-09abd]:main():lattice-oracle.cc:318) %WER 6.25 [ 1 / 16, 0 insertions, 0 deletions, 1 sub ]
LOG (lattice-oracle[5.5.480~1-09abd]:main():lattice-oracle.cc:332) For utterance F195019358-119790220_263436-839932445_1672590224-GB-F-050, best cost 1
Lattice F195019358-119790220_263436-839932445_1672590224-GB-F-052 read.
LOG (lattice-oracle[5.5.480~1-09abd]:main():lattice-oracle.cc:318) %WER 6.25 [ 1 / 16, 1 insertions, 0 deletions, 0 sub ]
LOG (lattice-oracle[5.5.480~1-09abd]:main():lattice-oracle.cc:332) For utterance F195019358-119790220_263436-839932445_1672590224-GB-F-052, best cost 1
Lattice F195019358-119790220_263436-839932445_1672590224-GB-F-055 read.
LOG (lattice-oracle[5.5.480~1-09abd]:main():lattice-oracle.cc:318) %WER 0 [ 0 / 7, 0 insertions, 0 deletions, 0 sub ]
LOG (lattice-oracle[5.5.480~1-09abd]:main():lattice-oracle.cc:332) For utterance F195019358-119790220_263436-839932445_1672590224-GB-F-055, best cost 0
Lattice F196863556-586511969_1381576-196863545_1561657911-GB-F-001 read.
LOG (lattice-oracle[5.5.480~1-09abd]:main():lattice-oracle.cc:318) %WER 0 [ 0 / 5, 0 insertions, 0 deletions, 0 sub ]
LOG (lattice-oracle[5.5.480~1-09abd]:main():lattice-oracle.cc:332) For utterance F196863556-586511969_1381576-196863545_1561657911-GB-F-001, best cost 0
Lattice F196863556-586511969_1381576-196863545_1561657911-GB-F-002 read.
LOG (lattice-oracle[5.5.480~1-09abd]:main():lattice-oracle.cc:318) %WER 0 [ 0 / 8, 0 insertions, 0 deletions, 0 sub ]
LOG (lattice-oracle[5.5.480~1-09abd]:main():lattice-oracle.cc:332) For utterance F196863556-586511969_1381576-196863545_1561657911-GB-F-002, best cost 0
Lattice F196863556-586511969_1381576-196863545_1561657911-GB-F-003 read.
LOG (lattice-oracle[5.5.480~1-09abd]:main():lattice-oracle.cc:318) %WER 0 [ 0 / 6, 0 insertions, 0 deletions, 0 sub ]
LOG (lattice-oracle[5.5.480~1-09abd]:main():lattice-oracle.cc:332) For utterance F196863556-586511969_1381576-196863545_1561657911-GB-F-003, best cost 0
Lattice F196863556-586511969_1381576-196863545_1561657911-GB-F-005 read.
LOG (lattice-oracle[5.5.480~1-09abd]:main():lattice-oracle.cc:318) %WER 0 [ 0 / 6, 0 insertions, 0 deletions, 0 sub ]
LOG (lattice-oracle[5.5.480~1-09abd]:main():lattice-oracle.cc:332) For utterance F196863556-586511969_1381576-196863545_1561657911-GB-F-005, best cost 0
Lattice F196863556-586511969_1381576-196863545_1561657911-GB-F-006 read.
LOG (lattice-oracle[5.5.480~1-09abd]:main():lattice-oracle.cc:318) %WER 0 [ 0 / 4, 0 insertions, 0 deletions, 0 sub ]
LOG (lattice-oracle[5.5.480~1-09abd]:main():lattice-oracle.cc:332) For utterance F196863556-586511969_1381576-196863545_1561657911-GB-F-006, best cost 0
Lattice F196863556-586511969_1381576-196863545_1561657911-GB-F-007 read.
LOG (lattice-oracle[5.5.480~1-09abd]:main():lattice-oracle.cc:318) %WER 0 [ 0 / 3, 0 insertions, 0 deletions, 0 sub ]
LOG (lattice-oracle[5.5.480~1-09abd]:main():lattice-oracle.cc:332) For utterance F196863556-586511969_1381576-196863545_1561657911-GB-F-007, best cost 0
Lattice F196863556-586511969_1381576-196863545_1561657911-GB-F-008 read.
LOG (lattice-oracle[5.5.480~1-09abd]:main():lattice-oracle.cc:318) %WER 0 [ 0 / 3, 0 insertions, 0 deletions, 0 sub ]
LOG (lattice-oracle[5.5.480~1-09abd]:main():lattice-oracle.cc:332) For utterance F196863556-586511969_1381576-196863545_1561657911-GB-F-008, best cost 0
Lattice F196863556-586511969_1381576-196863545_1561657911-GB-F-010 read.
LOG (lattice-oracle[5.5.480~1-09abd]:main():lattice-oracle.cc:318) %WER 0 [ 0 / 1, 0 insertions, 0 deletions, 0 sub ]
LOG (lattice-oracle[5.5.480~1-09abd]:main():lattice-oracle.cc:332) For utterance F196863556-586511969_1381576-196863545_1561657911-GB-F-010, best cost 0
Lattice F196863556-586511969_1381576-196863545_1561657911-GB-F-011 read.
LOG (lattice-oracle[5.5.480~1-09abd]:main():lattice-oracle.cc:318) %WER 0 [ 0 / 4, 0 insertions, 0 deletions, 0 sub ]
LOG (lattice-oracle[5.5.480~1-09abd]:main():lattice-oracle.cc:332) For utterance F196863556-586511969_1381576-196863545_1561657911-GB-F-011, best cost 0
Lattice F196863556-586511969_1381576-196863545_1561657911-GB-F-012 read.
LOG (lattice-oracle[5.5.480~1-09abd]:main():lattice-oracle.cc:318) %WER 8.33333 [ 1 / 12, 0 insertions, 1 deletions, 0 sub ]
LOG (lattice-oracle[5.5.480~1-09abd]:main():lattice-oracle.cc:332) For utterance F196863556-586511969_1381576-196863545_1561657911-GB-F-012, best cost 1
Lattice F196863556-586511969_1381576-196863545_1561657911-GB-F-014 read.
LOG (lattice-oracle[5.5.480~1-09abd]:main():lattice-oracle.cc:318) %WER 0 [ 0 / 2, 0 insertions, 0 deletions, 0 sub ]
LOG (lattice-oracle[5.5.480~1-09abd]:main():lattice-oracle.cc:332) For utterance F196863556-586511969_1381576-196863545_1561657911-GB-F-014, best cost 0
Lattice F196863556-586511969_1381576-196863545_1561657911-GB-F-015 read.
LOG (lattice-oracle[5.5.480~1-09abd]:main():lattice-oracle.cc:318) %WER 0 [ 0 / 6, 0 insertions, 0 deletions, 0 sub ]
LOG (lattice-oracle[5.5.480~1-09abd]:main():lattice-oracle.cc:332) For utterance F196863556-586511969_1381576-196863545_1561657911-GB-F-015, best cost 0
Lattice F196863556-586511969_1381576-196863545_1561657911-GB-F-016 read.
LOG (lattice-oracle[5.5.480~1-09abd]:main():lattice-oracle.cc:318) %WER 0 [ 0 / 2, 0 insertions, 0 deletions, 0 sub ]
LOG (lattice-oracle[5.5.480~1-09abd]:main():lattice-oracle.cc:332) For utterance F196863556-586511969_1381576-196863545_1561657911-GB-F-016, best cost 0
Lattice F196863556-586511969_1381576-196863545_1561657911-GB-F-017 read.
LOG (lattice-oracle[5.5.480~1-09abd]:main():lattice-oracle.cc:318) %WER 0 [ 0 / 7, 0 insertions, 0 deletions, 0 sub ]
LOG (lattice-oracle[5.5.480~1-09abd]:main():lattice-oracle.cc:332) For utterance F196863556-586511969_1381576-196863545_1561657911-GB-F-017, best cost 0
Lattice F196863556-586511969_1381576-196863545_1561657911-GB-F-018 read.
LOG (lattice-oracle[5.5.480~1-09abd]:main():lattice-oracle.cc:318) %WER 14.2857 [ 1 / 7, 0 insertions, 1 deletions, 0 sub ]
LOG (lattice-oracle[5.5.480~1-09abd]:main():lattice-oracle.cc:332) For utterance F196863556-586511969_1381576-196863545_1561657911-GB-F-018, best cost 1
Lattice F196863556-586511969_1381576-196863545_1561657911-GB-F-020 read.
LOG (lattice-oracle[5.5.480~1-09abd]:main():lattice-oracle.cc:318) %WER 0 [ 0 / 3, 0 insertions, 0 deletions, 0 sub ]
LOG (lattice-oracle[5.5.480~1-09abd]:main():lattice-oracle.cc:332) For utterance F196863556-586511969_1381576-196863545_1561657911-GB-F-020, best cost 0
Lattice F196863556-586511969_1381576-196863545_1561657911-GB-F-021 read.
LOG (lattice-oracle[5.5.480~1-09abd]:main():lattice-oracle.cc:318) %WER 0 [ 0 / 5, 0 insertions, 0 deletions, 0 sub ]
LOG (lattice-oracle[5.5.480~1-09abd]:main():lattice-oracle.cc:332) For utterance F196863556-586511969_1381576-196863545_1561657911-GB-F-021, best cost 0
Lattice F196863556-586511969_1381576-196863545_1561657911-GB-F-022 read.
LOG (lattice-oracle[5.5.480~1-09abd]:main():lattice-oracle.cc:318) %WER 0 [ 0 / 2, 0 insertions, 0 deletions, 0 sub ]
LOG (lattice-oracle[5.5.480~1-09abd]:main():lattice-oracle.cc:332) For utterance F196863556-586511969_1381576-196863545_1561657911-GB-F-022, best cost 0
Lattice F196863556-586511969_1381576-196863545_1561657911-GB-F-024 read.
LOG (lattice-oracle[5.5.480~1-09abd]:main():lattice-oracle.cc:318) %WER 0 [ 0 / 1, 0 insertions, 0 deletions, 0 sub ]
LOG (lattice-oracle[5.5.480~1-09abd]:main():lattice-oracle.cc:332) For utterance F196863556-586511969_1381576-196863545_1561657911-GB-F-024, best cost 0
Lattice F196863556-586511969_1381576-196863545_1561657911-GB-F-025 read.
LOG (lattice-oracle[5.5.480~1-09abd]:main():lattice-oracle.cc:318) %WER 0 [ 0 / 1, 0 insertions, 0 deletions, 0 sub ]
LOG (lattice-oracle[5.5.480~1-09abd]:main():lattice-oracle.cc:332) For utterance F196863556-586511969_1381576-196863545_1561657911-GB-F-025, best cost 0
Lattice F199649581-53709742_99250-572739724_1369417291-GB-F-001 read.
LOG (lattice-oracle[5.5.480~1-09abd]:main():lattice-oracle.cc:318) %WER 0 [ 0 / 8, 0 insertions, 0 deletions, 0 sub ]
LOG (lattice-oracle[5.5.480~1-09abd]:main():lattice-oracle.cc:332) For utterance F199649581-53709742_99250-572739724_1369417291-GB-F-001, best cost 0
Lattice F199649581-53709742_99250-572739724_1369417291-GB-F-002 read.
LOG (lattice-oracle[5.5.480~1-09abd]:main():lattice-oracle.cc:318) %WER 0 [ 0 / 19, 0 insertions, 0 deletions, 0 sub ]
LOG (lattice-oracle[5.5.480~1-09abd]:main():lattice-oracle.cc:332) For utterance F199649581-53709742_99250-572739724_1369417291-GB-F-002, best cost 0
Lattice F199649581-53709742_99250-572739724_1369417291-GB-F-004 read.
LOG (lattice-oracle[5.5.480~1-09abd]:main():lattice-oracle.cc:318) %WER 0 [ 0 / 5, 0 insertions, 0 deletions, 0 sub ]
LOG (lattice-oracle[5.5.480~1-09abd]:main():lattice-oracle.cc:332) For utterance F199649581-53709742_99250-572739724_1369417291-GB-F-004, best cost 0
Lattice F199649581-53709742_99250-572739724_1369417291-GB-F-006 read.
LOG (lattice-oracle[5.5.480~1-09abd]:main():lattice-oracle.cc:318) %WER 0 [ 0 / 4, 0 insertions, 0 deletions, 0 sub ]
LOG (lattice-oracle[5.5.480~1-09abd]:main():lattice-oracle.cc:332) For utterance F199649581-53709742_99250-572739724_1369417291-GB-F-006, best cost 0
Lattice F199649581-53709742_99250-572739724_1369417291-GB-F-007 read.
LOG (lattice-oracle[5.5.480~1-09abd]:main():lattice-oracle.cc:318) %WER 7.40741 [ 2 / 27, 0 insertions, 1 deletions, 1 sub ]
LOG (lattice-oracle[5.5.480~1-09abd]:main():lattice-oracle.cc:332) For utterance F199649581-53709742_99250-572739724_1369417291-GB-F-007, best cost 2
Lattice F199649581-53709742_99250-572739724_1369417291-GB-F-011 read.
LOG (lattice-oracle[5.5.480~1-09abd]:main():lattice-oracle.cc:318) %WER 28.5714 [ 2 / 7, 1 insertions, 0 deletions, 1 sub ]
LOG (lattice-oracle[5.5.480~1-09abd]:main():lattice-oracle.cc:332) For utterance F199649581-53709742_99250-572739724_1369417291-GB-F-011, best cost 2
Lattice F199649581-53709742_99250-572739724_1369417291-GB-F-012 read.
LOG (lattice-oracle[5.5.480~1-09abd]:main():lattice-oracle.cc:318) %WER 0 [ 0 / 14, 0 insertions, 0 deletions, 0 sub ]
LOG (lattice-oracle[5.5.480~1-09abd]:main():lattice-oracle.cc:332) For utterance F199649581-53709742_99250-572739724_1369417291-GB-F-012, best cost 0
Lattice F199649581-53709742_99250-572739724_1369417291-GB-F-014 read.
LOG (lattice-oracle[5.5.480~1-09abd]:main():lattice-oracle.cc:318) %WER 0 [ 0 / 7, 0 insertions, 0 deletions, 0 sub ]
LOG (lattice-oracle[5.5.480~1-09abd]:main():lattice-oracle.cc:332) For utterance F199649581-53709742_99250-572739724_1369417291-GB-F-014, best cost 0
Lattice F199649581-53709742_99250-572739724_1369417291-GB-F-015 read.
LOG (lattice-oracle[5.5.480~1-09abd]:main():lattice-oracle.cc:318) %WER 0 [ 0 / 7, 0 insertions, 0 deletions, 0 sub ]
LOG (lattice-oracle[5.5.480~1-09abd]:main():lattice-oracle.cc:332) For utterance F199649581-53709742_99250-572739724_1369417291-GB-F-015, best cost 0
Lattice F199649581-53709742_99250-572739724_1369417291-GB-F-016 read.
LOG (lattice-oracle[5.5.480~1-09abd]:main():lattice-oracle.cc:318) %WER 0 [ 0 / 8, 0 insertions, 0 deletions, 0 sub ]
LOG (lattice-oracle[5.5.480~1-09abd]:main():lattice-oracle.cc:332) For utterance F199649581-53709742_99250-572739724_1369417291-GB-F-016, best cost 0
Lattice F199649581-53709742_99250-572739724_1369417291-GB-F-017 read.
LOG (lattice-oracle[5.5.480~1-09abd]:main():lattice-oracle.cc:318) %WER 0 [ 0 / 14, 0 insertions, 0 deletions, 0 sub ]
LOG (lattice-oracle[5.5.480~1-09abd]:main():lattice-oracle.cc:332) For utterance F199649581-53709742_99250-572739724_1369417291-GB-F-017, best cost 0
Lattice F199649581-53709742_99250-572739724_1369417291-GB-F-020 read.
LOG (lattice-oracle[5.5.480~1-09abd]:main():lattice-oracle.cc:318) %WER 9.52381 [ 2 / 21, 0 insertions, 2 deletions, 0 sub ]
LOG (lattice-oracle[5.5.480~1-09abd]:main():lattice-oracle.cc:332) For utterance F199649581-53709742_99250-572739724_1369417291-GB-F-020, best cost 2
Lattice F199649581-53709742_99250-572739724_1369417291-GB-F-023 read.
LOG (lattice-oracle[5.5.480~1-09abd]:main():lattice-oracle.cc:318) %WER 0 [ 0 / 20, 0 insertions, 0 deletions, 0 sub ]
LOG (lattice-oracle[5.5.480~1-09abd]:main():lattice-oracle.cc:332) For utterance F199649581-53709742_99250-572739724_1369417291-GB-F-023, best cost 0
Lattice F199649581-53709742_99250-572739724_1369417291-GB-F-027 read.
LOG (lattice-oracle[5.5.480~1-09abd]:main():lattice-oracle.cc:318) %WER 0 [ 0 / 21, 0 insertions, 0 deletions, 0 sub ]
LOG (lattice-oracle[5.5.480~1-09abd]:main():lattice-oracle.cc:332) For utterance F199649581-53709742_99250-572739724_1369417291-GB-F-027, best cost 0
Lattice F199649581-53709742_99250-572739724_1369417291-GB-F-030 read.
LOG (lattice-oracle[5.5.480~1-09abd]:main():lattice-oracle.cc:318) %WER 0 [ 0 / 7, 0 insertions, 0 deletions, 0 sub ]
LOG (lattice-oracle[5.5.480~1-09abd]:main():lattice-oracle.cc:332) For utterance F199649581-53709742_99250-572739724_1369417291-GB-F-030, best cost 0
Lattice F199649581-53709742_99250-572739724_1369417291-GB-F-031 read.
LOG (lattice-oracle[5.5.480~1-09abd]:main():lattice-oracle.cc:318) %WER 0 [ 0 / 13, 0 insertions, 0 deletions, 0 sub ]
LOG (lattice-oracle[5.5.480~1-09abd]:main():lattice-oracle.cc:332) For utterance F199649581-53709742_99250-572739724_1369417291-GB-F-031, best cost 0
Lattice F199649581-53709742_99250-572739724_1369417291-GB-F-033 read.
LOG (lattice-oracle[5.5.480~1-09abd]:main():lattice-oracle.cc:318) %WER 0 [ 0 / 7, 0 insertions, 0 deletions, 0 sub ]
LOG (lattice-oracle[5.5.480~1-09abd]:main():lattice-oracle.cc:332) For utterance F199649581-53709742_99250-572739724_1369417291-GB-F-033, best cost 0
Lattice F199649581-53709742_99250-572739724_1369417291-GB-F-035 read.
LOG (lattice-oracle[5.5.480~1-09abd]:main():lattice-oracle.cc:318) %WER 0 [ 0 / 8, 0 insertions, 0 deletions, 0 sub ]
LOG (lattice-oracle[5.5.480~1-09abd]:main():lattice-oracle.cc:332) For utterance F199649581-53709742_99250-572739724_1369417291-GB-F-035, best cost 0
Lattice F199649581-53709742_99250-572739724_1369417291-GB-F-036 read.
LOG (lattice-oracle[5.5.480~1-09abd]:main():lattice-oracle.cc:318) %WER 0 [ 0 / 7, 0 insertions, 0 deletions, 0 sub ]
LOG (lattice-oracle[5.5.480~1-09abd]:main():lattice-oracle.cc:332) For utterance F199649581-53709742_99250-572739724_1369417291-GB-F-036, best cost 0
Lattice F199649581-53709742_99250-572739724_1369417291-GB-F-039 read.
LOG (lattice-oracle[5.5.480~1-09abd]:main():lattice-oracle.cc:318) %WER 0 [ 0 / 10, 0 insertions, 0 deletions, 0 sub ]
LOG (lattice-oracle[5.5.480~1-09abd]:main():lattice-oracle.cc:332) For utterance F199649581-53709742_99250-572739724_1369417291-GB-F-039, best cost 0
Lattice F199649581-53709742_99250-572739724_1369417291-GB-F-041 read.
LOG (lattice-oracle[5.5.480~1-09abd]:main():lattice-oracle.cc:318) %WER 145.455 [ 16 / 11, 16 insertions, 0 deletions, 0 sub ]
LOG (lattice-oracle[5.5.480~1-09abd]:main():lattice-oracle.cc:332) For utterance F199649581-53709742_99250-572739724_1369417291-GB-F-041, best cost 16
Lattice F2029497-3771841_3771841-168437665_1598724075-GB-F-004 read.
LOG (lattice-oracle[5.5.480~1-09abd]:main():lattice-oracle.cc:318) %WER 10 [ 1 / 10, 0 insertions, 1 deletions, 0 sub ]
LOG (lattice-oracle[5.5.480~1-09abd]:main():lattice-oracle.cc:332) For utterance F2029497-3771841_3771841-168437665_1598724075-GB-F-004, best cost 1
Lattice F2029497-3771841_3771841-168437665_1598724075-GB-F-006 read.
LOG (lattice-oracle[5.5.480~1-09abd]:main():lattice-oracle.cc:318) %WER 0 [ 0 / 10, 0 insertions, 0 deletions, 0 sub ]
LOG (lattice-oracle[5.5.480~1-09abd]:main():lattice-oracle.cc:332) For utterance F2029497-3771841_3771841-168437665_1598724075-GB-F-006, best cost 0
Lattice F2029497-3771841_3771841-168437665_1598724075-GB-F-008 read.
LOG (lattice-oracle[5.5.480~1-09abd]:main():lattice-oracle.cc:318) %WER 90 [ 9 / 10, 0 insertions, 7 deletions, 2 sub ]
LOG (lattice-oracle[5.5.480~1-09abd]:main():lattice-oracle.cc:332) For utterance F2029497-3771841_3771841-168437665_1598724075-GB-F-008, best cost 9
Lattice F2029497-3771841_3771841-168437665_1598724075-GB-F-009 read.
LOG (lattice-oracle[5.5.480~1-09abd]:main():lattice-oracle.cc:318) %WER 10 [ 3 / 30, 0 insertions, 3 deletions, 0 sub ]
LOG (lattice-oracle[5.5.480~1-09abd]:main():lattice-oracle.cc:332) For utterance F2029497-3771841_3771841-168437665_1598724075-GB-F-009, best cost 3
Lattice F2029497-3771841_3771841-168437665_1598724075-GB-F-013 read.
LOG (lattice-oracle[5.5.480~1-09abd]:main():lattice-oracle.cc:318) %WER 5.88235 [ 1 / 17, 0 insertions, 1 deletions, 0 sub ]
LOG (lattice-oracle[5.5.480~1-09abd]:main():lattice-oracle.cc:332) For utterance F2029497-3771841_3771841-168437665_1598724075-GB-F-013, best cost 1
Lattice F2029497-3771841_3771841-168437665_1598724075-GB-F-016 read.
LOG (lattice-oracle[5.5.480~1-09abd]:main():lattice-oracle.cc:318) %WER 41.1765 [ 7 / 17, 0 insertions, 7 deletions, 0 sub ]
LOG (lattice-oracle[5.5.480~1-09abd]:main():lattice-oracle.cc:332) For utterance F2029497-3771841_3771841-168437665_1598724075-GB-F-016, best cost 7
Lattice F2029497-3771841_3771841-168437665_1598724075-GB-F-020 read.
LOG (lattice-oracle[5.5.480~1-09abd]:main():lattice-oracle.cc:318) %WER 12.5 [ 1 / 8, 0 insertions, 1 deletions, 0 sub ]
LOG (lattice-oracle[5.5.480~1-09abd]:main():lattice-oracle.cc:332) For utterance F2029497-3771841_3771841-168437665_1598724075-GB-F-020, best cost 1
Lattice F2029497-3771841_3771841-168437665_1598724075-GB-F-021 read.
LOG (lattice-oracle[5.5.480~1-09abd]:main():lattice-oracle.cc:318) %WER 0 [ 0 / 9, 0 insertions, 0 deletions, 0 sub ]
LOG (lattice-oracle[5.5.480~1-09abd]:main():lattice-oracle.cc:332) For utterance F2029497-3771841_3771841-168437665_1598724075-GB-F-021, best cost 0
Lattice F2029497-3771841_3771841-168437665_1598724075-GB-F-024 read.
LOG (lattice-oracle[5.5.480~1-09abd]:main():lattice-oracle.cc:318) %WER 27.2727 [ 3 / 11, 0 insertions, 3 deletions, 0 sub ]
LOG (lattice-oracle[5.5.480~1-09abd]:main():lattice-oracle.cc:332) For utterance F2029497-3771841_3771841-168437665_1598724075-GB-F-024, best cost 3
Lattice F2029497-3771841_3771841-168437665_1598724075-GB-F-026 read.
LOG (lattice-oracle[5.5.480~1-09abd]:main():lattice-oracle.cc:318) %WER 0 [ 0 / 30, 0 insertions, 0 deletions, 0 sub ]
LOG (lattice-oracle[5.5.480~1-09abd]:main():lattice-oracle.cc:332) For utterance F2029497-3771841_3771841-168437665_1598724075-GB-F-026, best cost 0
Lattice F2029497-3771841_3771841-168437665_1598724075-GB-F-030 read.
LOG (lattice-oracle[5.5.480~1-09abd]:main():lattice-oracle.cc:318) %WER 7.14286 [ 1 / 14, 0 insertions, 1 deletions, 0 sub ]
LOG (lattice-oracle[5.5.480~1-09abd]:main():lattice-oracle.cc:332) For utterance F2029497-3771841_3771841-168437665_1598724075-GB-F-030, best cost 1
Lattice F2029497-3771841_3771841-168437665_1598724075-GB-F-032 read.
LOG (lattice-oracle[5.5.480~1-09abd]:main():lattice-oracle.cc:318) %WER 0 [ 0 / 3, 0 insertions, 0 deletions, 0 sub ]
LOG (lattice-oracle[5.5.480~1-09abd]:main():lattice-oracle.cc:332) For utterance F2029497-3771841_3771841-168437665_1598724075-GB-F-032, best cost 0
Lattice F2029497-3771841_3771841-168437665_1598724075-GB-F-033 read.
LOG (lattice-oracle[5.5.480~1-09abd]:main():lattice-oracle.cc:318) %WER 59.0909 [ 13 / 22, 0 insertions, 13 deletions, 0 sub ]
LOG (lattice-oracle[5.5.480~1-09abd]:main():lattice-oracle.cc:332) For utterance F2029497-3771841_3771841-168437665_1598724075-GB-F-033, best cost 13
Lattice F2029497-3771841_3771841-168437665_1598724075-GB-F-037 read.
LOG (lattice-oracle[5.5.480~1-09abd]:main():lattice-oracle.cc:318) %WER 6.25 [ 1 / 16, 0 insertions, 1 deletions, 0 sub ]
LOG (lattice-oracle[5.5.480~1-09abd]:main():lattice-oracle.cc:332) For utterance F2029497-3771841_3771841-168437665_1598724075-GB-F-037, best cost 1
Lattice F2029497-3771841_3771841-168437665_1598724075-GB-F-039 read.
LOG (lattice-oracle[5.5.480~1-09abd]:main():lattice-oracle.cc:318) %WER 0 [ 0 / 5, 0 insertions, 0 deletions, 0 sub ]
LOG (lattice-oracle[5.5.480~1-09abd]:main():lattice-oracle.cc:332) For utterance F2029497-3771841_3771841-168437665_1598724075-GB-F-039, best cost 0
Lattice F2029497-3771841_3771841-168437665_1598724075-GB-F-040 read.
LOG (lattice-oracle[5.5.480~1-09abd]:main():lattice-oracle.cc:318) %WER 0 [ 0 / 5, 0 insertions, 0 deletions, 0 sub ]
LOG (lattice-oracle[5.5.480~1-09abd]:main():lattice-oracle.cc:332) For utterance F2029497-3771841_3771841-168437665_1598724075-GB-F-040, best cost 0
Lattice F2029497-3771841_3771841-168437665_1598724075-GB-F-041 read.
LOG (lattice-oracle[5.5.480~1-09abd]:main():lattice-oracle.cc:318) %WER 0 [ 0 / 21, 0 insertions, 0 deletions, 0 sub ]
LOG (lattice-oracle[5.5.480~1-09abd]:main():lattice-oracle.cc:332) For utterance F2029497-3771841_3771841-168437665_1598724075-GB-F-041, best cost 0
Lattice F2029497-3771841_3771841-168437665_1598724075-GB-F-045 read.
LOG (lattice-oracle[5.5.480~1-09abd]:main():lattice-oracle.cc:318) %WER 0 [ 0 / 10, 0 insertions, 0 deletions, 0 sub ]
LOG (lattice-oracle[5.5.480~1-09abd]:main():lattice-oracle.cc:332) For utterance F2029497-3771841_3771841-168437665_1598724075-GB-F-045, best cost 0
Lattice F218845330-403162303_101560-218843528_1562820201-GB-F-001 read.
LOG (lattice-oracle[5.5.480~1-09abd]:main():lattice-oracle.cc:318) %WER 0 [ 0 / 7, 0 insertions, 0 deletions, 0 sub ]
LOG (lattice-oracle[5.5.480~1-09abd]:main():lattice-oracle.cc:332) For utterance F218845330-403162303_101560-218843528_1562820201-GB-F-001, best cost 0
Lattice F218845330-403162303_101560-218843528_1562820201-GB-F-002 read.
LOG (lattice-oracle[5.5.480~1-09abd]:main():lattice-oracle.cc:318) %WER 40 [ 2 / 5, 0 insertions, 2 deletions, 0 sub ]
LOG (lattice-oracle[5.5.480~1-09abd]:main():lattice-oracle.cc:332) For utterance F218845330-403162303_101560-218843528_1562820201-GB-F-002, best cost 2
Lattice F218845330-403162303_101560-218843528_1562820201-GB-F-003 read.
LOG (lattice-oracle[5.5.480~1-09abd]:main():lattice-oracle.cc:318) %WER 0 [ 0 / 6, 0 insertions, 0 deletions, 0 sub ]
LOG (lattice-oracle[5.5.480~1-09abd]:main():lattice-oracle.cc:332) For utterance F218845330-403162303_101560-218843528_1562820201-GB-F-003, best cost 0
Lattice F218845330-403162303_101560-218843528_1562820201-GB-F-004 read.
LOG (lattice-oracle[5.5.480~1-09abd]:main():lattice-oracle.cc:318) %WER 0 [ 0 / 19, 0 insertions, 0 deletions, 0 sub ]
LOG (lattice-oracle[5.5.480~1-09abd]:main():lattice-oracle.cc:332) For utterance F218845330-403162303_101560-218843528_1562820201-GB-F-004, best cost 0
Lattice F218845330-403162303_101560-218843528_1562820201-GB-F-016 read.
LOG (lattice-oracle[5.5.480~1-09abd]:main():lattice-oracle.cc:318) %WER 7.69231 [ 1 / 13, 0 insertions, 1 deletions, 0 sub ]
LOG (lattice-oracle[5.5.480~1-09abd]:main():lattice-oracle.cc:332) For utterance F218845330-403162303_101560-218843528_1562820201-GB-F-016, best cost 1
Lattice F218845330-403162303_101560-218843528_1562820201-GB-F-019 read.
LOG (lattice-oracle[5.5.480~1-09abd]:main():lattice-oracle.cc:318) %WER 0 [ 0 / 6, 0 insertions, 0 deletions, 0 sub ]
LOG (lattice-oracle[5.5.480~1-09abd]:main():lattice-oracle.cc:332) For utterance F218845330-403162303_101560-218843528_1562820201-GB-F-019, best cost 0
Lattice F218845330-403162303_101560-218843528_1562820201-GB-F-024 read.
LOG (lattice-oracle[5.5.480~1-09abd]:main():lattice-oracle.cc:318) %WER 0 [ 0 / 6, 0 insertions, 0 deletions, 0 sub ]
LOG (lattice-oracle[5.5.480~1-09abd]:main():lattice-oracle.cc:332) For utterance F218845330-403162303_101560-218843528_1562820201-GB-F-024, best cost 0
Lattice F218845330-403162303_101560-218843528_1562820201-GB-F-025 read.
LOG (lattice-oracle[5.5.480~1-09abd]:main():lattice-oracle.cc:318) %WER 0 [ 0 / 4, 0 insertions, 0 deletions, 0 sub ]
LOG (lattice-oracle[5.5.480~1-09abd]:main():lattice-oracle.cc:332) For utterance F218845330-403162303_101560-218843528_1562820201-GB-F-025, best cost 0
Lattice F218845330-403162303_101560-218843528_1562820201-GB-F-026 read.
LOG (lattice-oracle[5.5.480~1-09abd]:main():lattice-oracle.cc:318) %WER 25 [ 2 / 8, 0 insertions, 2 deletions, 0 sub ]
LOG (lattice-oracle[5.5.480~1-09abd]:main():lattice-oracle.cc:332) For utterance F218845330-403162303_101560-218843528_1562820201-GB-F-026, best cost 2
Lattice F218845330-403162303_101560-218843528_1562820201-GB-F-028 read.
LOG (lattice-oracle[5.5.480~1-09abd]:main():lattice-oracle.cc:318) %WER 0 [ 0 / 7, 0 insertions, 0 deletions, 0 sub ]
LOG (lattice-oracle[5.5.480~1-09abd]:main():lattice-oracle.cc:332) For utterance F218845330-403162303_101560-218843528_1562820201-GB-F-028, best cost 0
Lattice F218845330-403162303_101560-218843528_1562820201-GB-F-041 read.
LOG (lattice-oracle[5.5.480~1-09abd]:main():lattice-oracle.cc:318) %WER 31.5789 [ 6 / 19, 0 insertions, 5 deletions, 1 sub ]
LOG (lattice-oracle[5.5.480~1-09abd]:main():lattice-oracle.cc:332) For utterance F218845330-403162303_101560-218843528_1562820201-GB-F-041, best cost 6
Lattice F218845330-403162303_101560-218843528_1562820201-GB-F-050 read.
LOG (lattice-oracle[5.5.480~1-09abd]:main():lattice-oracle.cc:318) %WER 0 [ 0 / 5, 0 insertions, 0 deletions, 0 sub ]
LOG (lattice-oracle[5.5.480~1-09abd]:main():lattice-oracle.cc:332) For utterance F218845330-403162303_101560-218843528_1562820201-GB-F-050, best cost 0
Lattice F218845330-403162303_101560-218843528_1562820201-GB-F-051 read.
LOG (lattice-oracle[5.5.480~1-09abd]:main():lattice-oracle.cc:318) %WER 0 [ 0 / 4, 0 insertions, 0 deletions, 0 sub ]
LOG (lattice-oracle[5.5.480~1-09abd]:main():lattice-oracle.cc:332) For utterance F218845330-403162303_101560-218843528_1562820201-GB-F-051, best cost 0
Lattice F218845330-403162303_101560-218843528_1562820201-GB-F-052 read.
LOG (lattice-oracle[5.5.480~1-09abd]:main():lattice-oracle.cc:318) %WER 25 [ 2 / 8, 0 insertions, 2 deletions, 0 sub ]
LOG (lattice-oracle[5.5.480~1-09abd]:main():lattice-oracle.cc:332) For utterance F218845330-403162303_101560-218843528_1562820201-GB-F-052, best cost 2
Lattice F218845330-403162303_101560-218843528_1562820201-GB-F-054 read.
LOG (lattice-oracle[5.5.480~1-09abd]:main():lattice-oracle.cc:318) %WER 0 [ 0 / 7, 0 insertions, 0 deletions, 0 sub ]
LOG (lattice-oracle[5.5.480~1-09abd]:main():lattice-oracle.cc:332) For utterance F218845330-403162303_101560-218843528_1562820201-GB-F-054, best cost 0
Lattice F218845330-403162303_101560-218843528_1562820201-GB-F-059 read.
LOG (lattice-oracle[5.5.480~1-09abd]:main():lattice-oracle.cc:318) %WER 0 [ 0 / 6, 0 insertions, 0 deletions, 0 sub ]
LOG (lattice-oracle[5.5.480~1-09abd]:main():lattice-oracle.cc:332) For utterance F218845330-403162303_101560-218843528_1562820201-GB-F-059, best cost 0
Lattice F218845330-403162303_101560-218843528_1562820201-GB-F-060 read.
LOG (lattice-oracle[5.5.480~1-09abd]:main():lattice-oracle.cc:318) %WER 8.33333 [ 1 / 12, 0 insertions, 1 deletions, 0 sub ]
LOG (lattice-oracle[5.5.480~1-09abd]:main():lattice-oracle.cc:332) For utterance F218845330-403162303_101560-218843528_1562820201-GB-F-060, best cost 1
Lattice F218845330-403162303_101560-218843528_1562820201-GB-F-066 read.
LOG (lattice-oracle[5.5.480~1-09abd]:main():lattice-oracle.cc:318) %WER 0 [ 0 / 6, 0 insertions, 0 deletions, 0 sub ]
LOG (lattice-oracle[5.5.480~1-09abd]:main():lattice-oracle.cc:332) For utterance F218845330-403162303_101560-218843528_1562820201-GB-F-066, best cost 0
Lattice F218845330-403162303_101560-218843528_1562820201-GB-F-068 read.
LOG (lattice-oracle[5.5.480~1-09abd]:main():lattice-oracle.cc:318) %WER 0 [ 0 / 12, 0 insertions, 0 deletions, 0 sub ]
LOG (lattice-oracle[5.5.480~1-09abd]:main():lattice-oracle.cc:332) For utterance F218845330-403162303_101560-218843528_1562820201-GB-F-068, best cost 0
Lattice F218845330-403162303_101560-218843528_1562820201-GB-F-070 read.
LOG (lattice-oracle[5.5.480~1-09abd]:main():lattice-oracle.cc:318) %WER 0 [ 0 / 4, 0 insertions, 0 deletions, 0 sub ]
LOG (lattice-oracle[5.5.480~1-09abd]:main():lattice-oracle.cc:332) For utterance F218845330-403162303_101560-218843528_1562820201-GB-F-070, best cost 0
Lattice F218845330-403162303_101560-218843528_1562820201-GB-F-071 read.
LOG (lattice-oracle[5.5.480~1-09abd]:main():lattice-oracle.cc:318) %WER 0 [ 0 / 8, 0 insertions, 0 deletions, 0 sub ]
LOG (lattice-oracle[5.5.480~1-09abd]:main():lattice-oracle.cc:332) For utterance F218845330-403162303_101560-218843528_1562820201-GB-F-071, best cost 0
Lattice F218845330-403162303_101560-218843528_1562820201-GB-F-073 read.
LOG (lattice-oracle[5.5.480~1-09abd]:main():lattice-oracle.cc:318) %WER 38.4615 [ 5 / 13, 0 insertions, 5 deletions, 0 sub ]
LOG (lattice-oracle[5.5.480~1-09abd]:main():lattice-oracle.cc:332) For utterance F218845330-403162303_101560-218843528_1562820201-GB-F-073, best cost 5
Lattice F218845330-403162303_101560-218843528_1562820201-GB-F-080 read.
LOG (lattice-oracle[5.5.480~1-09abd]:main():lattice-oracle.cc:318) %WER 50 [ 3 / 6, 0 insertions, 3 deletions, 0 sub ]
LOG (lattice-oracle[5.5.480~1-09abd]:main():lattice-oracle.cc:332) For utterance F218845330-403162303_101560-218843528_1562820201-GB-F-080, best cost 3
Lattice F218845330-403162303_101560-218843528_1562820201-GB-F-083 read.
LOG (lattice-oracle[5.5.480~1-09abd]:main():lattice-oracle.cc:318) %WER 0 [ 0 / 6, 0 insertions, 0 deletions, 0 sub ]
LOG (lattice-oracle[5.5.480~1-09abd]:main():lattice-oracle.cc:332) For utterance F218845330-403162303_101560-218843528_1562820201-GB-F-083, best cost 0
Lattice F228185323-354627402_108096-448677997_1601598438-GB-F-008 read.
LOG (lattice-oracle[5.5.480~1-09abd]:main():lattice-oracle.cc:318) %WER 0 [ 0 / 4, 0 insertions, 0 deletions, 0 sub ]
LOG (lattice-oracle[5.5.480~1-09abd]:main():lattice-oracle.cc:332) For utterance F228185323-354627402_108096-448677997_1601598438-GB-F-008, best cost 0
Lattice F228185323-354627402_108096-448677997_1601598438-GB-F-010 read.
LOG (lattice-oracle[5.5.480~1-09abd]:main():lattice-oracle.cc:318) %WER 0 [ 0 / 2, 0 insertions, 0 deletions, 0 sub ]
LOG (lattice-oracle[5.5.480~1-09abd]:main():lattice-oracle.cc:332) For utterance F228185323-354627402_108096-448677997_1601598438-GB-F-010, best cost 0
Lattice F228185323-354627402_108096-448677997_1601598438-GB-F-012 read.
LOG (lattice-oracle[5.5.480~1-09abd]:main():lattice-oracle.cc:318) %WER 0 [ 0 / 4, 0 insertions, 0 deletions, 0 sub ]
LOG (lattice-oracle[5.5.480~1-09abd]:main():lattice-oracle.cc:332) For utterance F228185323-354627402_108096-448677997_1601598438-GB-F-012, best cost 0
Lattice F228185323-354627402_108096-448677997_1601598438-GB-F-013 read.
LOG (lattice-oracle[5.5.480~1-09abd]:main():lattice-oracle.cc:318) %WER 50 [ 1 / 2, 0 insertions, 0 deletions, 1 sub ]
LOG (lattice-oracle[5.5.480~1-09abd]:main():lattice-oracle.cc:332) For utterance F228185323-354627402_108096-448677997_1601598438-GB-F-013, best cost 1
Lattice F228185323-354627402_108096-448677997_1601598438-GB-F-015 read.
LOG (lattice-oracle[5.5.480~1-09abd]:main():lattice-oracle.cc:318) %WER 0 [ 0 / 2, 0 insertions, 0 deletions, 0 sub ]
LOG (lattice-oracle[5.5.480~1-09abd]:main():lattice-oracle.cc:332) For utterance F228185323-354627402_108096-448677997_1601598438-GB-F-015, best cost 0
Lattice F228185323-354627402_108096-448677997_1601598438-GB-F-021 read.
LOG (lattice-oracle[5.5.480~1-09abd]:main():lattice-oracle.cc:318) %WER 0 [ 0 / 19, 0 insertions, 0 deletions, 0 sub ]
LOG (lattice-oracle[5.5.480~1-09abd]:main():lattice-oracle.cc:332) For utterance F228185323-354627402_108096-448677997_1601598438-GB-F-021, best cost 0
Lattice F228185323-354627402_108096-448677997_1601598438-GB-F-029 read.
LOG (lattice-oracle[5.5.480~1-09abd]:main():lattice-oracle.cc:318) %WER 0 [ 0 / 3, 0 insertions, 0 deletions, 0 sub ]
LOG (lattice-oracle[5.5.480~1-09abd]:main():lattice-oracle.cc:332) For utterance F228185323-354627402_108096-448677997_1601598438-GB-F-029, best cost 0
Lattice F228185323-354627402_108096-448677997_1601598438-GB-F-030 read.
LOG (lattice-oracle[5.5.480~1-09abd]:main():lattice-oracle.cc:318) %WER 0 [ 0 / 10, 0 insertions, 0 deletions, 0 sub ]
LOG (lattice-oracle[5.5.480~1-09abd]:main():lattice-oracle.cc:332) For utterance F228185323-354627402_108096-448677997_1601598438-GB-F-030, best cost 0
Lattice F228185323-354627402_108096-448677997_1601598438-GB-F-035 read.
LOG (lattice-oracle[5.5.480~1-09abd]:main():lattice-oracle.cc:318) %WER 0 [ 0 / 2, 0 insertions, 0 deletions, 0 sub ]
LOG (lattice-oracle[5.5.480~1-09abd]:main():lattice-oracle.cc:332) For utterance F228185323-354627402_108096-448677997_1601598438-GB-F-035, best cost 0
Lattice F228185323-354627402_108096-448677997_1601598438-GB-F-043 read.
LOG (lattice-oracle[5.5.480~1-09abd]:main():lattice-oracle.cc:318) %WER 0 [ 0 / 4, 0 insertions, 0 deletions, 0 sub ]
LOG (lattice-oracle[5.5.480~1-09abd]:main():lattice-oracle.cc:332) For utterance F228185323-354627402_108096-448677997_1601598438-GB-F-043, best cost 0
Lattice F228185323-354627402_108096-448677997_1601598438-GB-F-044 read.
LOG (lattice-oracle[5.5.480~1-09abd]:main():lattice-oracle.cc:318) %WER 0 [ 0 / 4, 0 insertions, 0 deletions, 0 sub ]
LOG (lattice-oracle[5.5.480~1-09abd]:main():lattice-oracle.cc:332) For utterance F228185323-354627402_108096-448677997_1601598438-GB-F-044, best cost 0
Lattice F228185323-354627402_108096-448677997_1601598438-GB-F-045 read.
LOG (lattice-oracle[5.5.480~1-09abd]:main():lattice-oracle.cc:318) %WER 0 [ 0 / 4, 0 insertions, 0 deletions, 0 sub ]
LOG (lattice-oracle[5.5.480~1-09abd]:main():lattice-oracle.cc:332) For utterance F228185323-354627402_108096-448677997_1601598438-GB-F-045, best cost 0
Lattice F228185323-354627402_108096-448677997_1601598438-GB-F-046 read.
LOG (lattice-oracle[5.5.480~1-09abd]:main():lattice-oracle.cc:318) %WER 0 [ 0 / 2, 0 insertions, 0 deletions, 0 sub ]
LOG (lattice-oracle[5.5.480~1-09abd]:main():lattice-oracle.cc:332) For utterance F228185323-354627402_108096-448677997_1601598438-GB-F-046, best cost 0
LOG (lattice-oracle[5.5.480~1-09abd]:main():lattice-oracle.cc:383) Overall %WER 13.7534 [ 406 / 2952, 80 insertions, 240 deletions, 86 substitutions ]
LOG (lattice-oracle[5.5.480~1-09abd]:main():lattice-oracle.cc:387) Scored 223 lattices, 0 not present in ref.
# Accounting: time=2 threads=1
# Ended (code 0) at Tue Sep 10 15:04:38 BST 2019, elapsed time 2 seconds
