# lattice-oracle "--write-lattices=ark:|gzip -c > exp/tri3b_cleaned/lattice_oracle/lat.25.gz" "ark:gunzip -c exp/tri3b_cleaned/lats/lat.25.gz |" "ark:utils/sym2int.pl --map-oov 239 -f 2- data/lang/words.txt data/train1/split40/25/text|" ark,t:- | utils/int2sym.pl -f 2- data/lang/words.txt > exp/tri3b_cleaned/lattice_oracle/oracle_hyp.25.txt 
# Started at Tue Sep 10 15:04:52 BST 2019
#
lattice-oracle '--write-lattices=ark:|gzip -c > exp/tri3b_cleaned/lattice_oracle/lat.25.gz' 'ark:gunzip -c exp/tri3b_cleaned/lats/lat.25.gz |' 'ark:utils/sym2int.pl --map-oov 239 -f 2- data/lang/words.txt data/train1/split40/25/text|' ark,t:- 
Lattice M1344894347-463679425_198500-1344889774_1561898620-GB-M-003 read.
sym2int.pl: replacing HALLEUJAH with 239
sym2int.pl: replacing OVERTHREW with 239
sym2int.pl: replacing HALLEUJAH with 239
sym2int.pl: replacing HALLEUJAH with 239
sym2int.pl: replacing HAPPEN' with 239
sym2int.pl: replacing 10 with 239
sym2int.pl: replacing 5 with 239
sym2int.pl: replacing 6 with 239
sym2int.pl: replacing PEWDIEPIE with 239
sym2int.pl: replacing 10 with 239
sym2int.pl: replacing TCH with 239
sym2int.pl: replacing 4 with 239
sym2int.pl: replacing 52 with 239
sym2int.pl: replacing RECORDINGS with 239
sym2int.pl: replacing MERCH with 239
sym2int.pl: replacing CHEW'EM with 239
sym2int.pl: replacing PAULERS with 239
sym2int.pl: replacing CROMPTON with 239
sym2int.pl: replacing 10 with 239
sym2int.pl: replacing TTY with 239
sym2int.pl: not warning for OOVs any more times
** Replaced 45 instances of OOVs with 239
LOG (lattice-oracle[5.5.480~1-09abd]:main():lattice-oracle.cc:318) %WER 10 [ 2 / 20, 2 insertions, 0 deletions, 0 sub ]
LOG (lattice-oracle[5.5.480~1-09abd]:main():lattice-oracle.cc:332) For utterance M1344894347-463679425_198500-1344889774_1561898620-GB-M-003, best cost 2
Lattice M1344894347-463679425_198500-1344889774_1561898620-GB-M-007 read.
LOG (lattice-oracle[5.5.480~1-09abd]:main():lattice-oracle.cc:318) %WER 4.54545 [ 3 / 66, 2 insertions, 0 deletions, 1 sub ]
LOG (lattice-oracle[5.5.480~1-09abd]:main():lattice-oracle.cc:332) For utterance M1344894347-463679425_198500-1344889774_1561898620-GB-M-007, best cost 3
Lattice M1344894347-463679425_198500-1344889774_1561898620-GB-M-020 read.
LOG (lattice-oracle[5.5.480~1-09abd]:main():lattice-oracle.cc:318) %WER 20 [ 10 / 50, 7 insertions, 3 deletions, 0 sub ]
LOG (lattice-oracle[5.5.480~1-09abd]:main():lattice-oracle.cc:332) For utterance M1344894347-463679425_198500-1344889774_1561898620-GB-M-020, best cost 10
Lattice M1344894347-463679425_198500-1344889774_1561898620-GB-M-033 read.
LOG (lattice-oracle[5.5.480~1-09abd]:main():lattice-oracle.cc:318) %WER 1085.71 [ 76 / 7, 76 insertions, 0 deletions, 0 sub ]
LOG (lattice-oracle[5.5.480~1-09abd]:main():lattice-oracle.cc:332) For utterance M1344894347-463679425_198500-1344889774_1561898620-GB-M-033, best cost 76
Lattice M1344894347-463679425_198500-1344889774_1561898620-GB-M-061 read.
LOG (lattice-oracle[5.5.480~1-09abd]:main():lattice-oracle.cc:318) %WER 0 [ 0 / 6, 0 insertions, 0 deletions, 0 sub ]
LOG (lattice-oracle[5.5.480~1-09abd]:main():lattice-oracle.cc:332) For utterance M1344894347-463679425_198500-1344889774_1561898620-GB-M-061, best cost 0
Lattice M1344894347-463679425_198500-1344889774_1561898620-GB-M-062 read.
LOG (lattice-oracle[5.5.480~1-09abd]:main():lattice-oracle.cc:318) %WER 7.69231 [ 5 / 65, 0 insertions, 0 deletions, 5 sub ]
LOG (lattice-oracle[5.5.480~1-09abd]:main():lattice-oracle.cc:332) For utterance M1344894347-463679425_198500-1344889774_1561898620-GB-M-062, best cost 5
Lattice M1344894347-463679425_198500-1344889774_1561898620-GB-M-075 read.
LOG (lattice-oracle[5.5.480~1-09abd]:main():lattice-oracle.cc:318) %WER 0 [ 0 / 15, 0 insertions, 0 deletions, 0 sub ]
LOG (lattice-oracle[5.5.480~1-09abd]:main():lattice-oracle.cc:332) For utterance M1344894347-463679425_198500-1344889774_1561898620-GB-M-075, best cost 0
Lattice M1348262615-101935856_1430128-271233807_1582889160-GB-M-001 read.
LOG (lattice-oracle[5.5.480~1-09abd]:main():lattice-oracle.cc:318) %WER 0 [ 0 / 6, 0 insertions, 0 deletions, 0 sub ]
LOG (lattice-oracle[5.5.480~1-09abd]:main():lattice-oracle.cc:332) For utterance M1348262615-101935856_1430128-271233807_1582889160-GB-M-001, best cost 0
Lattice M1348262615-101935856_1430128-271233807_1582889160-GB-M-002 read.
LOG (lattice-oracle[5.5.480~1-09abd]:main():lattice-oracle.cc:318) %WER 0 [ 0 / 15, 0 insertions, 0 deletions, 0 sub ]
LOG (lattice-oracle[5.5.480~1-09abd]:main():lattice-oracle.cc:332) For utterance M1348262615-101935856_1430128-271233807_1582889160-GB-M-002, best cost 0
Lattice M1348262615-101935856_1430128-271233807_1582889160-GB-M-010 read.
LOG (lattice-oracle[5.5.480~1-09abd]:main():lattice-oracle.cc:318) %WER 0 [ 0 / 6, 0 insertions, 0 deletions, 0 sub ]
LOG (lattice-oracle[5.5.480~1-09abd]:main():lattice-oracle.cc:332) For utterance M1348262615-101935856_1430128-271233807_1582889160-GB-M-010, best cost 0
Lattice M1348262615-101935856_1430128-271233807_1582889160-GB-M-011 read.
LOG (lattice-oracle[5.5.480~1-09abd]:main():lattice-oracle.cc:318) %WER 0 [ 0 / 5, 0 insertions, 0 deletions, 0 sub ]
LOG (lattice-oracle[5.5.480~1-09abd]:main():lattice-oracle.cc:332) For utterance M1348262615-101935856_1430128-271233807_1582889160-GB-M-011, best cost 0
Lattice M1348262615-101935856_1430128-271233807_1582889160-GB-M-012 read.
LOG (lattice-oracle[5.5.480~1-09abd]:main():lattice-oracle.cc:318) %WER 0 [ 0 / 12, 0 insertions, 0 deletions, 0 sub ]
LOG (lattice-oracle[5.5.480~1-09abd]:main():lattice-oracle.cc:332) For utterance M1348262615-101935856_1430128-271233807_1582889160-GB-M-012, best cost 0
Lattice M1348262615-101935856_1430128-271233807_1582889160-GB-M-014 read.
LOG (lattice-oracle[5.5.480~1-09abd]:main():lattice-oracle.cc:318) %WER 0 [ 0 / 12, 0 insertions, 0 deletions, 0 sub ]
LOG (lattice-oracle[5.5.480~1-09abd]:main():lattice-oracle.cc:332) For utterance M1348262615-101935856_1430128-271233807_1582889160-GB-M-014, best cost 0
Lattice M1348262615-101935856_1430128-271233807_1582889160-GB-M-016 read.
LOG (lattice-oracle[5.5.480~1-09abd]:main():lattice-oracle.cc:318) %WER 0 [ 0 / 6, 0 insertions, 0 deletions, 0 sub ]
LOG (lattice-oracle[5.5.480~1-09abd]:main():lattice-oracle.cc:332) For utterance M1348262615-101935856_1430128-271233807_1582889160-GB-M-016, best cost 0
Lattice M1348262615-101935856_1430128-271233807_1582889160-GB-M-018 read.
LOG (lattice-oracle[5.5.480~1-09abd]:main():lattice-oracle.cc:318) %WER 0 [ 0 / 17, 0 insertions, 0 deletions, 0 sub ]
LOG (lattice-oracle[5.5.480~1-09abd]:main():lattice-oracle.cc:332) For utterance M1348262615-101935856_1430128-271233807_1582889160-GB-M-018, best cost 0
Lattice M1348262615-101935856_1430128-271233807_1582889160-GB-M-024 read.
LOG (lattice-oracle[5.5.480~1-09abd]:main():lattice-oracle.cc:318) %WER 50 [ 3 / 6, 0 insertions, 2 deletions, 1 sub ]
LOG (lattice-oracle[5.5.480~1-09abd]:main():lattice-oracle.cc:332) For utterance M1348262615-101935856_1430128-271233807_1582889160-GB-M-024, best cost 3
Lattice M1348262615-101935856_1430128-271233807_1582889160-GB-M-025 read.
LOG (lattice-oracle[5.5.480~1-09abd]:main():lattice-oracle.cc:318) %WER 30 [ 6 / 20, 1 insertions, 4 deletions, 1 sub ]
LOG (lattice-oracle[5.5.480~1-09abd]:main():lattice-oracle.cc:332) For utterance M1348262615-101935856_1430128-271233807_1582889160-GB-M-025, best cost 6
Lattice M1348262615-101935856_1430128-271233807_1582889160-GB-M-033 read.
LOG (lattice-oracle[5.5.480~1-09abd]:main():lattice-oracle.cc:318) %WER 0 [ 0 / 6, 0 insertions, 0 deletions, 0 sub ]
LOG (lattice-oracle[5.5.480~1-09abd]:main():lattice-oracle.cc:332) For utterance M1348262615-101935856_1430128-271233807_1582889160-GB-M-033, best cost 0
Lattice M1348262615-101935856_1430128-271233807_1582889160-GB-M-034 read.
LOG (lattice-oracle[5.5.480~1-09abd]:main():lattice-oracle.cc:318) %WER 0 [ 0 / 5, 0 insertions, 0 deletions, 0 sub ]
LOG (lattice-oracle[5.5.480~1-09abd]:main():lattice-oracle.cc:332) For utterance M1348262615-101935856_1430128-271233807_1582889160-GB-M-034, best cost 0
Lattice M1348262615-101935856_1430128-271233807_1582889160-GB-M-035 read.
LOG (lattice-oracle[5.5.480~1-09abd]:main():lattice-oracle.cc:318) %WER 0 [ 0 / 12, 0 insertions, 0 deletions, 0 sub ]
LOG (lattice-oracle[5.5.480~1-09abd]:main():lattice-oracle.cc:332) For utterance M1348262615-101935856_1430128-271233807_1582889160-GB-M-035, best cost 0
Lattice M1348262615-101935856_1430128-271233807_1582889160-GB-M-037 read.
LOG (lattice-oracle[5.5.480~1-09abd]:main():lattice-oracle.cc:318) %WER 0 [ 0 / 23, 0 insertions, 0 deletions, 0 sub ]
LOG (lattice-oracle[5.5.480~1-09abd]:main():lattice-oracle.cc:332) For utterance M1348262615-101935856_1430128-271233807_1582889160-GB-M-037, best cost 0
Lattice M1348262615-101935856_1430128-271233807_1582889160-GB-M-044 read.
LOG (lattice-oracle[5.5.480~1-09abd]:main():lattice-oracle.cc:318) %WER 0 [ 0 / 6, 0 insertions, 0 deletions, 0 sub ]
LOG (lattice-oracle[5.5.480~1-09abd]:main():lattice-oracle.cc:332) For utterance M1348262615-101935856_1430128-271233807_1582889160-GB-M-044, best cost 0
Lattice M1348262615-101935856_1430128-271233807_1582889160-GB-M-046 read.
LOG (lattice-oracle[5.5.480~1-09abd]:main():lattice-oracle.cc:318) %WER 0 [ 0 / 11, 0 insertions, 0 deletions, 0 sub ]
LOG (lattice-oracle[5.5.480~1-09abd]:main():lattice-oracle.cc:332) For utterance M1348262615-101935856_1430128-271233807_1582889160-GB-M-046, best cost 0
Lattice M1348262615-101935856_1430128-271233807_1582889160-GB-M-050 read.
LOG (lattice-oracle[5.5.480~1-09abd]:main():lattice-oracle.cc:318) %WER 0 [ 0 / 35, 0 insertions, 0 deletions, 0 sub ]
LOG (lattice-oracle[5.5.480~1-09abd]:main():lattice-oracle.cc:332) For utterance M1348262615-101935856_1430128-271233807_1582889160-GB-M-050, best cost 0
Lattice M1348262615-101935856_1430128-271233807_1582889160-GB-M-057 read.
LOG (lattice-oracle[5.5.480~1-09abd]:main():lattice-oracle.cc:318) %WER 20 [ 1 / 5, 1 insertions, 0 deletions, 0 sub ]
LOG (lattice-oracle[5.5.480~1-09abd]:main():lattice-oracle.cc:332) For utterance M1348262615-101935856_1430128-271233807_1582889160-GB-M-057, best cost 1
Lattice M1348262615-101935856_1430128-271233807_1582889160-GB-M-059 read.
LOG (lattice-oracle[5.5.480~1-09abd]:main():lattice-oracle.cc:318) %WER 25 [ 1 / 4, 0 insertions, 1 deletions, 0 sub ]
LOG (lattice-oracle[5.5.480~1-09abd]:main():lattice-oracle.cc:332) For utterance M1348262615-101935856_1430128-271233807_1582889160-GB-M-059, best cost 1
Lattice M1348262615-101935856_1430128-271233807_1582889160-GB-M-060 read.
LOG (lattice-oracle[5.5.480~1-09abd]:main():lattice-oracle.cc:318) %WER 33.3333 [ 2 / 6, 0 insertions, 2 deletions, 0 sub ]
LOG (lattice-oracle[5.5.480~1-09abd]:main():lattice-oracle.cc:332) For utterance M1348262615-101935856_1430128-271233807_1582889160-GB-M-060, best cost 2
Lattice M1348840407-3741083_3741083-1348840053_1626014892-GB-M-002 read.
LOG (lattice-oracle[5.5.480~1-09abd]:main():lattice-oracle.cc:318) %WER 33.3333 [ 1 / 3, 0 insertions, 1 deletions, 0 sub ]
LOG (lattice-oracle[5.5.480~1-09abd]:main():lattice-oracle.cc:332) For utterance M1348840407-3741083_3741083-1348840053_1626014892-GB-M-002, best cost 1
Lattice M1348840407-3741083_3741083-1348840053_1626014892-GB-M-003 read.
LOG (lattice-oracle[5.5.480~1-09abd]:main():lattice-oracle.cc:318) %WER 11.1111 [ 1 / 9, 0 insertions, 0 deletions, 1 sub ]
LOG (lattice-oracle[5.5.480~1-09abd]:main():lattice-oracle.cc:332) For utterance M1348840407-3741083_3741083-1348840053_1626014892-GB-M-003, best cost 1
Lattice M1348840407-3741083_3741083-1348840053_1626014892-GB-M-005 read.
LOG (lattice-oracle[5.5.480~1-09abd]:main():lattice-oracle.cc:318) %WER 0 [ 0 / 15, 0 insertions, 0 deletions, 0 sub ]
LOG (lattice-oracle[5.5.480~1-09abd]:main():lattice-oracle.cc:332) For utterance M1348840407-3741083_3741083-1348840053_1626014892-GB-M-005, best cost 0
Lattice M1348840407-3741083_3741083-1348840053_1626014892-GB-M-007 read.
LOG (lattice-oracle[5.5.480~1-09abd]:main():lattice-oracle.cc:318) %WER 0 [ 0 / 5, 0 insertions, 0 deletions, 0 sub ]
LOG (lattice-oracle[5.5.480~1-09abd]:main():lattice-oracle.cc:332) For utterance M1348840407-3741083_3741083-1348840053_1626014892-GB-M-007, best cost 0
Lattice M1348840407-3741083_3741083-1348840053_1626014892-GB-M-008 read.
LOG (lattice-oracle[5.5.480~1-09abd]:main():lattice-oracle.cc:318) %WER 0 [ 0 / 6, 0 insertions, 0 deletions, 0 sub ]
LOG (lattice-oracle[5.5.480~1-09abd]:main():lattice-oracle.cc:332) For utterance M1348840407-3741083_3741083-1348840053_1626014892-GB-M-008, best cost 0
Lattice M1348840407-3741083_3741083-1348840053_1626014892-GB-M-009 read.
LOG (lattice-oracle[5.5.480~1-09abd]:main():lattice-oracle.cc:318) %WER 0 [ 0 / 9, 0 insertions, 0 deletions, 0 sub ]
LOG (lattice-oracle[5.5.480~1-09abd]:main():lattice-oracle.cc:332) For utterance M1348840407-3741083_3741083-1348840053_1626014892-GB-M-009, best cost 0
Lattice M1348840407-3741083_3741083-1348840053_1626014892-GB-M-011 read.
LOG (lattice-oracle[5.5.480~1-09abd]:main():lattice-oracle.cc:318) %WER 0 [ 0 / 2, 0 insertions, 0 deletions, 0 sub ]
LOG (lattice-oracle[5.5.480~1-09abd]:main():lattice-oracle.cc:332) For utterance M1348840407-3741083_3741083-1348840053_1626014892-GB-M-011, best cost 0
Lattice M1348840407-3741083_3741083-1348840053_1626014892-GB-M-012 read.
LOG (lattice-oracle[5.5.480~1-09abd]:main():lattice-oracle.cc:318) %WER 0 [ 0 / 14, 0 insertions, 0 deletions, 0 sub ]
LOG (lattice-oracle[5.5.480~1-09abd]:main():lattice-oracle.cc:332) For utterance M1348840407-3741083_3741083-1348840053_1626014892-GB-M-012, best cost 0
Lattice M1348840407-3741083_3741083-1348840053_1626014892-GB-M-016 read.
LOG (lattice-oracle[5.5.480~1-09abd]:main():lattice-oracle.cc:318) %WER 37.5 [ 6 / 16, 0 insertions, 5 deletions, 1 sub ]
LOG (lattice-oracle[5.5.480~1-09abd]:main():lattice-oracle.cc:332) For utterance M1348840407-3741083_3741083-1348840053_1626014892-GB-M-016, best cost 6
Lattice M1348840407-3741083_3741083-1348840053_1626014892-GB-M-020 read.
LOG (lattice-oracle[5.5.480~1-09abd]:main():lattice-oracle.cc:318) %WER 28.5714 [ 2 / 7, 0 insertions, 1 deletions, 1 sub ]
LOG (lattice-oracle[5.5.480~1-09abd]:main():lattice-oracle.cc:332) For utterance M1348840407-3741083_3741083-1348840053_1626014892-GB-M-020, best cost 2
Lattice M1348840407-3741083_3741083-1348840053_1626014892-GB-M-021 read.
LOG (lattice-oracle[5.5.480~1-09abd]:main():lattice-oracle.cc:318) %WER 5.88235 [ 1 / 17, 0 insertions, 1 deletions, 0 sub ]
LOG (lattice-oracle[5.5.480~1-09abd]:main():lattice-oracle.cc:332) For utterance M1348840407-3741083_3741083-1348840053_1626014892-GB-M-021, best cost 1
Lattice M1348840407-3741083_3741083-1348840053_1626014892-GB-M-027 read.
LOG (lattice-oracle[5.5.480~1-09abd]:main():lattice-oracle.cc:318) %WER 0 [ 0 / 7, 0 insertions, 0 deletions, 0 sub ]
LOG (lattice-oracle[5.5.480~1-09abd]:main():lattice-oracle.cc:332) For utterance M1348840407-3741083_3741083-1348840053_1626014892-GB-M-027, best cost 0
Lattice M1348840407-3741083_3741083-1348840053_1626014892-GB-M-028 read.
LOG (lattice-oracle[5.5.480~1-09abd]:main():lattice-oracle.cc:318) %WER 0 [ 0 / 7, 0 insertions, 0 deletions, 0 sub ]
LOG (lattice-oracle[5.5.480~1-09abd]:main():lattice-oracle.cc:332) For utterance M1348840407-3741083_3741083-1348840053_1626014892-GB-M-028, best cost 0
Lattice M1348840407-3741083_3741083-1348840053_1626014892-GB-M-029 read.
LOG (lattice-oracle[5.5.480~1-09abd]:main():lattice-oracle.cc:318) %WER 0 [ 0 / 6, 0 insertions, 0 deletions, 0 sub ]
LOG (lattice-oracle[5.5.480~1-09abd]:main():lattice-oracle.cc:332) For utterance M1348840407-3741083_3741083-1348840053_1626014892-GB-M-029, best cost 0
Lattice M1348840407-3741083_3741083-1348840053_1626014892-GB-M-030 read.
LOG (lattice-oracle[5.5.480~1-09abd]:main():lattice-oracle.cc:318) %WER 0 [ 0 / 7, 0 insertions, 0 deletions, 0 sub ]
LOG (lattice-oracle[5.5.480~1-09abd]:main():lattice-oracle.cc:332) For utterance M1348840407-3741083_3741083-1348840053_1626014892-GB-M-030, best cost 0
Lattice M1348840407-3741083_3741083-1348840053_1626014892-GB-M-032 read.
LOG (lattice-oracle[5.5.480~1-09abd]:main():lattice-oracle.cc:318) %WER 0 [ 0 / 6, 0 insertions, 0 deletions, 0 sub ]
LOG (lattice-oracle[5.5.480~1-09abd]:main():lattice-oracle.cc:332) For utterance M1348840407-3741083_3741083-1348840053_1626014892-GB-M-032, best cost 0
Lattice M1348840407-3741083_3741083-1348840053_1626014892-GB-M-033 read.
LOG (lattice-oracle[5.5.480~1-09abd]:main():lattice-oracle.cc:318) %WER 0 [ 0 / 19, 0 insertions, 0 deletions, 0 sub ]
LOG (lattice-oracle[5.5.480~1-09abd]:main():lattice-oracle.cc:332) For utterance M1348840407-3741083_3741083-1348840053_1626014892-GB-M-033, best cost 0
Lattice M1348840407-3741083_3741083-1348840053_1626014892-GB-M-037 read.
LOG (lattice-oracle[5.5.480~1-09abd]:main():lattice-oracle.cc:318) %WER 0 [ 0 / 11, 0 insertions, 0 deletions, 0 sub ]
LOG (lattice-oracle[5.5.480~1-09abd]:main():lattice-oracle.cc:332) For utterance M1348840407-3741083_3741083-1348840053_1626014892-GB-M-037, best cost 0
Lattice M1348840407-3741083_3741083-1348840053_1626014892-GB-M-039 read.
LOG (lattice-oracle[5.5.480~1-09abd]:main():lattice-oracle.cc:318) %WER 0 [ 0 / 6, 0 insertions, 0 deletions, 0 sub ]
LOG (lattice-oracle[5.5.480~1-09abd]:main():lattice-oracle.cc:332) For utterance M1348840407-3741083_3741083-1348840053_1626014892-GB-M-039, best cost 0
Lattice M1348840407-3741083_3741083-1348840053_1626014892-GB-M-040 read.
LOG (lattice-oracle[5.5.480~1-09abd]:main():lattice-oracle.cc:318) %WER 0 [ 0 / 11, 0 insertions, 0 deletions, 0 sub ]
LOG (lattice-oracle[5.5.480~1-09abd]:main():lattice-oracle.cc:332) For utterance M1348840407-3741083_3741083-1348840053_1626014892-GB-M-040, best cost 0
Lattice M1348840407-3741083_3741083-1348840053_1626014892-GB-M-044 read.
LOG (lattice-oracle[5.5.480~1-09abd]:main():lattice-oracle.cc:318) %WER 0 [ 0 / 6, 0 insertions, 0 deletions, 0 sub ]
LOG (lattice-oracle[5.5.480~1-09abd]:main():lattice-oracle.cc:332) For utterance M1348840407-3741083_3741083-1348840053_1626014892-GB-M-044, best cost 0
Lattice M1348840407-3741083_3741083-1348840053_1626014892-GB-M-045 read.
LOG (lattice-oracle[5.5.480~1-09abd]:main():lattice-oracle.cc:318) %WER 6.66667 [ 3 / 45, 0 insertions, 2 deletions, 1 sub ]
LOG (lattice-oracle[5.5.480~1-09abd]:main():lattice-oracle.cc:332) For utterance M1348840407-3741083_3741083-1348840053_1626014892-GB-M-045, best cost 3
Lattice M1348840407-3741083_3741083-1348840053_1626014892-GB-M-056 read.
LOG (lattice-oracle[5.5.480~1-09abd]:main():lattice-oracle.cc:318) %WER 0 [ 0 / 7, 0 insertions, 0 deletions, 0 sub ]
LOG (lattice-oracle[5.5.480~1-09abd]:main():lattice-oracle.cc:332) For utterance M1348840407-3741083_3741083-1348840053_1626014892-GB-M-056, best cost 0
Lattice M1348840407-3741083_3741083-1348840053_1626014892-GB-M-057 read.
LOG (lattice-oracle[5.5.480~1-09abd]:main():lattice-oracle.cc:318) %WER 0 [ 0 / 7, 0 insertions, 0 deletions, 0 sub ]
LOG (lattice-oracle[5.5.480~1-09abd]:main():lattice-oracle.cc:332) For utterance M1348840407-3741083_3741083-1348840053_1626014892-GB-M-057, best cost 0
Lattice M1348840407-3741083_3741083-1348840053_1626014892-GB-M-058 read.
LOG (lattice-oracle[5.5.480~1-09abd]:main():lattice-oracle.cc:318) %WER 0 [ 0 / 6, 0 insertions, 0 deletions, 0 sub ]
LOG (lattice-oracle[5.5.480~1-09abd]:main():lattice-oracle.cc:332) For utterance M1348840407-3741083_3741083-1348840053_1626014892-GB-M-058, best cost 0
Lattice M1348840407-3741083_3741083-1348840053_1626014892-GB-M-059 read.
LOG (lattice-oracle[5.5.480~1-09abd]:main():lattice-oracle.cc:318) %WER 0 [ 0 / 7, 0 insertions, 0 deletions, 0 sub ]
LOG (lattice-oracle[5.5.480~1-09abd]:main():lattice-oracle.cc:332) For utterance M1348840407-3741083_3741083-1348840053_1626014892-GB-M-059, best cost 0
Lattice M1348840407-3741083_3741083-1348840053_1626014892-GB-M-061 read.
LOG (lattice-oracle[5.5.480~1-09abd]:main():lattice-oracle.cc:318) %WER 0 [ 0 / 6, 0 insertions, 0 deletions, 0 sub ]
LOG (lattice-oracle[5.5.480~1-09abd]:main():lattice-oracle.cc:332) For utterance M1348840407-3741083_3741083-1348840053_1626014892-GB-M-061, best cost 0
Lattice M1348840407-3741083_3741083-1348840053_1626014892-GB-M-062 read.
LOG (lattice-oracle[5.5.480~1-09abd]:main():lattice-oracle.cc:318) %WER 41.1765 [ 7 / 17, 0 insertions, 6 deletions, 1 sub ]
LOG (lattice-oracle[5.5.480~1-09abd]:main():lattice-oracle.cc:332) For utterance M1348840407-3741083_3741083-1348840053_1626014892-GB-M-062, best cost 7
Lattice M1348840407-3741083_3741083-1348840053_1626014892-GB-M-065 read.
LOG (lattice-oracle[5.5.480~1-09abd]:main():lattice-oracle.cc:318) %WER 4.7619 [ 3 / 63, 0 insertions, 2 deletions, 1 sub ]
LOG (lattice-oracle[5.5.480~1-09abd]:main():lattice-oracle.cc:332) For utterance M1348840407-3741083_3741083-1348840053_1626014892-GB-M-065, best cost 3
Lattice M1348840407-3741083_3741083-1348840053_1626014892-GB-M-077 read.
LOG (lattice-oracle[5.5.480~1-09abd]:main():lattice-oracle.cc:318) %WER 10 [ 1 / 10, 0 insertions, 1 deletions, 0 sub ]
LOG (lattice-oracle[5.5.480~1-09abd]:main():lattice-oracle.cc:332) For utterance M1348840407-3741083_3741083-1348840053_1626014892-GB-M-077, best cost 1
Lattice M1348840407-3741083_3741083-1348840053_1626014892-GB-M-080 read.
LOG (lattice-oracle[5.5.480~1-09abd]:main():lattice-oracle.cc:318) %WER 0 [ 0 / 7, 0 insertions, 0 deletions, 0 sub ]
LOG (lattice-oracle[5.5.480~1-09abd]:main():lattice-oracle.cc:332) For utterance M1348840407-3741083_3741083-1348840053_1626014892-GB-M-080, best cost 0
Lattice M1348840407-3741083_3741083-1348840053_1626014892-GB-M-081 read.
LOG (lattice-oracle[5.5.480~1-09abd]:main():lattice-oracle.cc:318) %WER 18.75 [ 3 / 16, 0 insertions, 0 deletions, 3 sub ]
LOG (lattice-oracle[5.5.480~1-09abd]:main():lattice-oracle.cc:332) For utterance M1348840407-3741083_3741083-1348840053_1626014892-GB-M-081, best cost 3
Lattice M1348840407-3741083_3741083-1348840053_1626014892-GB-M-084 read.
LOG (lattice-oracle[5.5.480~1-09abd]:main():lattice-oracle.cc:318) %WER 0 [ 0 / 7, 0 insertions, 0 deletions, 0 sub ]
LOG (lattice-oracle[5.5.480~1-09abd]:main():lattice-oracle.cc:332) For utterance M1348840407-3741083_3741083-1348840053_1626014892-GB-M-084, best cost 0
Lattice M1348840407-3741083_3741083-1348840053_1626014892-GB-M-087 read.
LOG (lattice-oracle[5.5.480~1-09abd]:main():lattice-oracle.cc:318) %WER 0 [ 0 / 6, 0 insertions, 0 deletions, 0 sub ]
LOG (lattice-oracle[5.5.480~1-09abd]:main():lattice-oracle.cc:332) For utterance M1348840407-3741083_3741083-1348840053_1626014892-GB-M-087, best cost 0
Lattice M1348840407-3741083_3741083-1348840053_1626014892-GB-M-088 read.
LOG (lattice-oracle[5.5.480~1-09abd]:main():lattice-oracle.cc:318) %WER 25 [ 2 / 8, 0 insertions, 2 deletions, 0 sub ]
LOG (lattice-oracle[5.5.480~1-09abd]:main():lattice-oracle.cc:332) For utterance M1348840407-3741083_3741083-1348840053_1626014892-GB-M-088, best cost 2
Lattice M1348840407-3741083_3741083-1348840053_1626014892-GB-M-089 read.
LOG (lattice-oracle[5.5.480~1-09abd]:main():lattice-oracle.cc:318) %WER 0 [ 0 / 4, 0 insertions, 0 deletions, 0 sub ]
LOG (lattice-oracle[5.5.480~1-09abd]:main():lattice-oracle.cc:332) For utterance M1348840407-3741083_3741083-1348840053_1626014892-GB-M-089, best cost 0
Lattice M1348840407-3741083_3741083-1348840053_1626014892-GB-M-090 read.
LOG (lattice-oracle[5.5.480~1-09abd]:main():lattice-oracle.cc:318) %WER 8.33333 [ 1 / 12, 0 insertions, 1 deletions, 0 sub ]
LOG (lattice-oracle[5.5.480~1-09abd]:main():lattice-oracle.cc:332) For utterance M1348840407-3741083_3741083-1348840053_1626014892-GB-M-090, best cost 1
Lattice M1348840407-3741083_3741083-1348840053_1626014892-GB-M-092 read.
LOG (lattice-oracle[5.5.480~1-09abd]:main():lattice-oracle.cc:318) %WER 0 [ 0 / 8, 0 insertions, 0 deletions, 0 sub ]
LOG (lattice-oracle[5.5.480~1-09abd]:main():lattice-oracle.cc:332) For utterance M1348840407-3741083_3741083-1348840053_1626014892-GB-M-092, best cost 0
Lattice M1348840407-3741083_3741083-1348840053_1626014892-GB-M-093 read.
LOG (lattice-oracle[5.5.480~1-09abd]:main():lattice-oracle.cc:318) %WER 0 [ 0 / 4, 0 insertions, 0 deletions, 0 sub ]
LOG (lattice-oracle[5.5.480~1-09abd]:main():lattice-oracle.cc:332) For utterance M1348840407-3741083_3741083-1348840053_1626014892-GB-M-093, best cost 0
Lattice M1348840407-3741083_3741083-1348840053_1626014892-GB-M-094 read.
LOG (lattice-oracle[5.5.480~1-09abd]:main():lattice-oracle.cc:318) %WER 8.33333 [ 1 / 12, 0 insertions, 1 deletions, 0 sub ]
LOG (lattice-oracle[5.5.480~1-09abd]:main():lattice-oracle.cc:332) For utterance M1348840407-3741083_3741083-1348840053_1626014892-GB-M-094, best cost 1
Lattice M1348840407-3741083_3741083-1348840053_1626014892-GB-M-096 read.
LOG (lattice-oracle[5.5.480~1-09abd]:main():lattice-oracle.cc:318) %WER 50 [ 2 / 4, 2 insertions, 0 deletions, 0 sub ]
LOG (lattice-oracle[5.5.480~1-09abd]:main():lattice-oracle.cc:332) For utterance M1348840407-3741083_3741083-1348840053_1626014892-GB-M-096, best cost 2
Lattice M1350215757-239069738_49358-1316056856_1584272578-GB-M-023 read.
LOG (lattice-oracle[5.5.480~1-09abd]:main():lattice-oracle.cc:318) %WER 0 [ 0 / 25, 0 insertions, 0 deletions, 0 sub ]
LOG (lattice-oracle[5.5.480~1-09abd]:main():lattice-oracle.cc:332) For utterance M1350215757-239069738_49358-1316056856_1584272578-GB-M-023, best cost 0
Lattice M1350215757-239069738_49358-1316056856_1584272578-GB-M-029 read.
LOG (lattice-oracle[5.5.480~1-09abd]:main():lattice-oracle.cc:318) %WER 0 [ 0 / 8, 0 insertions, 0 deletions, 0 sub ]
LOG (lattice-oracle[5.5.480~1-09abd]:main():lattice-oracle.cc:332) For utterance M1350215757-239069738_49358-1316056856_1584272578-GB-M-029, best cost 0
Lattice M1350215757-239069738_49358-1316056856_1584272578-GB-M-031 read.
LOG (lattice-oracle[5.5.480~1-09abd]:main():lattice-oracle.cc:318) %WER 0 [ 0 / 6, 0 insertions, 0 deletions, 0 sub ]
LOG (lattice-oracle[5.5.480~1-09abd]:main():lattice-oracle.cc:332) For utterance M1350215757-239069738_49358-1316056856_1584272578-GB-M-031, best cost 0
Lattice M1350215757-239069738_49358-1316056856_1584272578-GB-M-032 read.
LOG (lattice-oracle[5.5.480~1-09abd]:main():lattice-oracle.cc:318) %WER 0 [ 0 / 4, 0 insertions, 0 deletions, 0 sub ]
LOG (lattice-oracle[5.5.480~1-09abd]:main():lattice-oracle.cc:332) For utterance M1350215757-239069738_49358-1316056856_1584272578-GB-M-032, best cost 0
Lattice M1350215757-239069738_49358-1316056856_1584272578-GB-M-033 read.
LOG (lattice-oracle[5.5.480~1-09abd]:main():lattice-oracle.cc:318) %WER 0 [ 0 / 19, 0 insertions, 0 deletions, 0 sub ]
LOG (lattice-oracle[5.5.480~1-09abd]:main():lattice-oracle.cc:332) For utterance M1350215757-239069738_49358-1316056856_1584272578-GB-M-033, best cost 0
Lattice M1350215757-239069738_49358-1316056856_1584272578-GB-M-037 read.
LOG (lattice-oracle[5.5.480~1-09abd]:main():lattice-oracle.cc:318) %WER 38.4615 [ 5 / 13, 1 insertions, 4 deletions, 0 sub ]
LOG (lattice-oracle[5.5.480~1-09abd]:main():lattice-oracle.cc:332) For utterance M1350215757-239069738_49358-1316056856_1584272578-GB-M-037, best cost 5
Lattice M1350215757-239069738_49358-1316056856_1584272578-GB-M-041 read.
LOG (lattice-oracle[5.5.480~1-09abd]:main():lattice-oracle.cc:318) %WER 20 [ 3 / 15, 1 insertions, 2 deletions, 0 sub ]
LOG (lattice-oracle[5.5.480~1-09abd]:main():lattice-oracle.cc:332) For utterance M1350215757-239069738_49358-1316056856_1584272578-GB-M-041, best cost 3
Lattice M1350215757-239069738_49358-1316056856_1584272578-GB-M-045 read.
LOG (lattice-oracle[5.5.480~1-09abd]:main():lattice-oracle.cc:318) %WER 0 [ 0 / 4, 0 insertions, 0 deletions, 0 sub ]
LOG (lattice-oracle[5.5.480~1-09abd]:main():lattice-oracle.cc:332) For utterance M1350215757-239069738_49358-1316056856_1584272578-GB-M-045, best cost 0
Lattice M1350215757-239069738_49358-1316056856_1584272578-GB-M-046 read.
LOG (lattice-oracle[5.5.480~1-09abd]:main():lattice-oracle.cc:318) %WER 12 [ 3 / 25, 1 insertions, 1 deletions, 1 sub ]
LOG (lattice-oracle[5.5.480~1-09abd]:main():lattice-oracle.cc:332) For utterance M1350215757-239069738_49358-1316056856_1584272578-GB-M-046, best cost 3
Lattice M1350215757-239069738_49358-1316056856_1584272578-GB-M-052 read.
LOG (lattice-oracle[5.5.480~1-09abd]:main():lattice-oracle.cc:318) %WER 16.6667 [ 1 / 6, 1 insertions, 0 deletions, 0 sub ]
LOG (lattice-oracle[5.5.480~1-09abd]:main():lattice-oracle.cc:332) For utterance M1350215757-239069738_49358-1316056856_1584272578-GB-M-052, best cost 1
Lattice M1350215757-239069738_49358-1316056856_1584272578-GB-M-054 read.
LOG (lattice-oracle[5.5.480~1-09abd]:main():lattice-oracle.cc:318) %WER 0 [ 0 / 2, 0 insertions, 0 deletions, 0 sub ]
LOG (lattice-oracle[5.5.480~1-09abd]:main():lattice-oracle.cc:332) For utterance M1350215757-239069738_49358-1316056856_1584272578-GB-M-054, best cost 0
Lattice M1350215757-239069738_49358-1316056856_1584272578-GB-M-055 read.
LOG (lattice-oracle[5.5.480~1-09abd]:main():lattice-oracle.cc:318) %WER 0 [ 0 / 2, 0 insertions, 0 deletions, 0 sub ]
LOG (lattice-oracle[5.5.480~1-09abd]:main():lattice-oracle.cc:332) For utterance M1350215757-239069738_49358-1316056856_1584272578-GB-M-055, best cost 0
Lattice M1350215757-239069738_49358-1316056856_1584272578-GB-M-057 read.
LOG (lattice-oracle[5.5.480~1-09abd]:main():lattice-oracle.cc:318) %WER 0 [ 0 / 11, 0 insertions, 0 deletions, 0 sub ]
LOG (lattice-oracle[5.5.480~1-09abd]:main():lattice-oracle.cc:332) For utterance M1350215757-239069738_49358-1316056856_1584272578-GB-M-057, best cost 0
Lattice M1350215757-239069738_49358-1316056856_1584272578-GB-M-060 read.
LOG (lattice-oracle[5.5.480~1-09abd]:main():lattice-oracle.cc:318) %WER 0 [ 0 / 2, 0 insertions, 0 deletions, 0 sub ]
LOG (lattice-oracle[5.5.480~1-09abd]:main():lattice-oracle.cc:332) For utterance M1350215757-239069738_49358-1316056856_1584272578-GB-M-060, best cost 0
Lattice M1350215757-239069738_49358-1316056856_1584272578-GB-M-061 read.
LOG (lattice-oracle[5.5.480~1-09abd]:main():lattice-oracle.cc:318) %WER 11.1111 [ 2 / 18, 0 insertions, 2 deletions, 0 sub ]
LOG (lattice-oracle[5.5.480~1-09abd]:main():lattice-oracle.cc:332) For utterance M1350215757-239069738_49358-1316056856_1584272578-GB-M-061, best cost 2
Lattice M1350215757-239069738_49358-1316056856_1584272578-GB-M-064 read.
LOG (lattice-oracle[5.5.480~1-09abd]:main():lattice-oracle.cc:318) %WER 0 [ 0 / 6, 0 insertions, 0 deletions, 0 sub ]
LOG (lattice-oracle[5.5.480~1-09abd]:main():lattice-oracle.cc:332) For utterance M1350215757-239069738_49358-1316056856_1584272578-GB-M-064, best cost 0
Lattice M1350215757-239069738_49358-1316056856_1584272578-GB-M-065 read.
LOG (lattice-oracle[5.5.480~1-09abd]:main():lattice-oracle.cc:318) %WER 36.3636 [ 4 / 11, 0 insertions, 0 deletions, 4 sub ]
LOG (lattice-oracle[5.5.480~1-09abd]:main():lattice-oracle.cc:332) For utterance M1350215757-239069738_49358-1316056856_1584272578-GB-M-065, best cost 4
Lattice M1350215757-239069738_49358-1316056856_1584272578-GB-M-068 read.
LOG (lattice-oracle[5.5.480~1-09abd]:main():lattice-oracle.cc:318) %WER 7.69231 [ 1 / 13, 0 insertions, 0 deletions, 1 sub ]
LOG (lattice-oracle[5.5.480~1-09abd]:main():lattice-oracle.cc:332) For utterance M1350215757-239069738_49358-1316056856_1584272578-GB-M-068, best cost 1
Lattice M135249893-95450022_2213841-135249869_1690921607-GB-M-005 read.
LOG (lattice-oracle[5.5.480~1-09abd]:main():lattice-oracle.cc:318) %WER 26.6667 [ 4 / 15, 0 insertions, 1 deletions, 3 sub ]
LOG (lattice-oracle[5.5.480~1-09abd]:main():lattice-oracle.cc:332) For utterance M135249893-95450022_2213841-135249869_1690921607-GB-M-005, best cost 4
Lattice M135249893-95450022_2213841-135249869_1690921607-GB-M-008 read.
LOG (lattice-oracle[5.5.480~1-09abd]:main():lattice-oracle.cc:318) %WER 0 [ 0 / 6, 0 insertions, 0 deletions, 0 sub ]
LOG (lattice-oracle[5.5.480~1-09abd]:main():lattice-oracle.cc:332) For utterance M135249893-95450022_2213841-135249869_1690921607-GB-M-008, best cost 0
Lattice M135249893-95450022_2213841-135249869_1690921607-GB-M-013 read.
LOG (lattice-oracle[5.5.480~1-09abd]:main():lattice-oracle.cc:318) %WER 33.3333 [ 7 / 21, 0 insertions, 5 deletions, 2 sub ]
LOG (lattice-oracle[5.5.480~1-09abd]:main():lattice-oracle.cc:332) For utterance M135249893-95450022_2213841-135249869_1690921607-GB-M-013, best cost 7
Lattice M135249893-95450022_2213841-135249869_1690921607-GB-M-022 read.
LOG (lattice-oracle[5.5.480~1-09abd]:main():lattice-oracle.cc:318) %WER 0 [ 0 / 6, 0 insertions, 0 deletions, 0 sub ]
LOG (lattice-oracle[5.5.480~1-09abd]:main():lattice-oracle.cc:332) For utterance M135249893-95450022_2213841-135249869_1690921607-GB-M-022, best cost 0
Lattice M135249893-95450022_2213841-135249869_1690921607-GB-M-023 read.
LOG (lattice-oracle[5.5.480~1-09abd]:main():lattice-oracle.cc:318) %WER 16.6667 [ 1 / 6, 0 insertions, 1 deletions, 0 sub ]
LOG (lattice-oracle[5.5.480~1-09abd]:main():lattice-oracle.cc:332) For utterance M135249893-95450022_2213841-135249869_1690921607-GB-M-023, best cost 1
Lattice M135249893-95450022_2213841-135249869_1690921607-GB-M-024 read.
LOG (lattice-oracle[5.5.480~1-09abd]:main():lattice-oracle.cc:318) %WER 0 [ 0 / 4, 0 insertions, 0 deletions, 0 sub ]
LOG (lattice-oracle[5.5.480~1-09abd]:main():lattice-oracle.cc:332) For utterance M135249893-95450022_2213841-135249869_1690921607-GB-M-024, best cost 0
Lattice M135249893-95450022_2213841-135249869_1690921607-GB-M-025 read.
LOG (lattice-oracle[5.5.480~1-09abd]:main():lattice-oracle.cc:318) %WER 35.2941 [ 6 / 17, 0 insertions, 6 deletions, 0 sub ]
LOG (lattice-oracle[5.5.480~1-09abd]:main():lattice-oracle.cc:332) For utterance M135249893-95450022_2213841-135249869_1690921607-GB-M-025, best cost 6
Lattice M135249893-95450022_2213841-135249869_1690921607-GB-M-036 read.
LOG (lattice-oracle[5.5.480~1-09abd]:main():lattice-oracle.cc:318) %WER 40 [ 2 / 5, 1 insertions, 1 deletions, 0 sub ]
LOG (lattice-oracle[5.5.480~1-09abd]:main():lattice-oracle.cc:332) For utterance M135249893-95450022_2213841-135249869_1690921607-GB-M-036, best cost 2
Lattice M135249893-95450022_2213841-135249869_1690921607-GB-M-037 read.
LOG (lattice-oracle[5.5.480~1-09abd]:main():lattice-oracle.cc:318) %WER 27.2727 [ 3 / 11, 0 insertions, 3 deletions, 0 sub ]
LOG (lattice-oracle[5.5.480~1-09abd]:main():lattice-oracle.cc:332) For utterance M135249893-95450022_2213841-135249869_1690921607-GB-M-037, best cost 3
Lattice M135249893-95450022_2213841-135249869_1690921607-GB-M-042 read.
LOG (lattice-oracle[5.5.480~1-09abd]:main():lattice-oracle.cc:318) %WER 0 [ 0 / 9, 0 insertions, 0 deletions, 0 sub ]
LOG (lattice-oracle[5.5.480~1-09abd]:main():lattice-oracle.cc:332) For utterance M135249893-95450022_2213841-135249869_1690921607-GB-M-042, best cost 0
Lattice M135249893-95450022_2213841-135249869_1690921607-GB-M-043 read.
LOG (lattice-oracle[5.5.480~1-09abd]:main():lattice-oracle.cc:318) %WER 0 [ 0 / 2, 0 insertions, 0 deletions, 0 sub ]
LOG (lattice-oracle[5.5.480~1-09abd]:main():lattice-oracle.cc:332) For utterance M135249893-95450022_2213841-135249869_1690921607-GB-M-043, best cost 0
Lattice M135249893-95450022_2213841-135249869_1690921607-GB-M-044 read.
LOG (lattice-oracle[5.5.480~1-09abd]:main():lattice-oracle.cc:318) %WER 0 [ 0 / 4, 0 insertions, 0 deletions, 0 sub ]
LOG (lattice-oracle[5.5.480~1-09abd]:main():lattice-oracle.cc:332) For utterance M135249893-95450022_2213841-135249869_1690921607-GB-M-044, best cost 0
Lattice M135249893-95450022_2213841-135249869_1690921607-GB-M-045 read.
LOG (lattice-oracle[5.5.480~1-09abd]:main():lattice-oracle.cc:318) %WER 25 [ 1 / 4, 0 insertions, 0 deletions, 1 sub ]
LOG (lattice-oracle[5.5.480~1-09abd]:main():lattice-oracle.cc:332) For utterance M135249893-95450022_2213841-135249869_1690921607-GB-M-045, best cost 1
Lattice M135249893-95450022_2213841-135249869_1690921607-GB-M-052 read.
LOG (lattice-oracle[5.5.480~1-09abd]:main():lattice-oracle.cc:318) %WER 0 [ 0 / 9, 0 insertions, 0 deletions, 0 sub ]
LOG (lattice-oracle[5.5.480~1-09abd]:main():lattice-oracle.cc:332) For utterance M135249893-95450022_2213841-135249869_1690921607-GB-M-052, best cost 0
Lattice M135249893-95450022_2213841-135249869_1690921607-GB-M-054 read.
LOG (lattice-oracle[5.5.480~1-09abd]:main():lattice-oracle.cc:318) %WER 9.09091 [ 1 / 11, 1 insertions, 0 deletions, 0 sub ]
LOG (lattice-oracle[5.5.480~1-09abd]:main():lattice-oracle.cc:332) For utterance M135249893-95450022_2213841-135249869_1690921607-GB-M-054, best cost 1
Lattice M135249893-95450022_2213841-135249869_1690921607-GB-M-057 read.
LOG (lattice-oracle[5.5.480~1-09abd]:main():lattice-oracle.cc:318) %WER 16.6667 [ 1 / 6, 0 insertions, 1 deletions, 0 sub ]
LOG (lattice-oracle[5.5.480~1-09abd]:main():lattice-oracle.cc:332) For utterance M135249893-95450022_2213841-135249869_1690921607-GB-M-057, best cost 1
Lattice M135249893-95450022_2213841-135249869_1690921607-GB-M-058 read.
LOG (lattice-oracle[5.5.480~1-09abd]:main():lattice-oracle.cc:318) %WER 16.6667 [ 1 / 6, 0 insertions, 1 deletions, 0 sub ]
LOG (lattice-oracle[5.5.480~1-09abd]:main():lattice-oracle.cc:332) For utterance M135249893-95450022_2213841-135249869_1690921607-GB-M-058, best cost 1
Lattice M135249893-95450022_2213841-135249869_1690921607-GB-M-059 read.
LOG (lattice-oracle[5.5.480~1-09abd]:main():lattice-oracle.cc:318) %WER 0 [ 0 / 8, 0 insertions, 0 deletions, 0 sub ]
LOG (lattice-oracle[5.5.480~1-09abd]:main():lattice-oracle.cc:332) For utterance M135249893-95450022_2213841-135249869_1690921607-GB-M-059, best cost 0
Lattice M1355087437-789788546_2193873-1318434808_1515122367-GB-M-001 read.
LOG (lattice-oracle[5.5.480~1-09abd]:main():lattice-oracle.cc:318) %WER 8.57143 [ 6 / 70, 0 insertions, 4 deletions, 2 sub ]
LOG (lattice-oracle[5.5.480~1-09abd]:main():lattice-oracle.cc:332) For utterance M1355087437-789788546_2193873-1318434808_1515122367-GB-M-001, best cost 6
Lattice M1355087437-789788546_2193873-1318434808_1515122367-GB-M-017 read.
LOG (lattice-oracle[5.5.480~1-09abd]:main():lattice-oracle.cc:318) %WER 13.3333 [ 2 / 15, 0 insertions, 2 deletions, 0 sub ]
LOG (lattice-oracle[5.5.480~1-09abd]:main():lattice-oracle.cc:332) For utterance M1355087437-789788546_2193873-1318434808_1515122367-GB-M-017, best cost 2
Lattice M1355087437-789788546_2193873-1318434808_1515122367-GB-M-019 read.
LOG (lattice-oracle[5.5.480~1-09abd]:main():lattice-oracle.cc:318) %WER 53.8462 [ 14 / 26, 0 insertions, 10 deletions, 4 sub ]
LOG (lattice-oracle[5.5.480~1-09abd]:main():lattice-oracle.cc:332) For utterance M1355087437-789788546_2193873-1318434808_1515122367-GB-M-019, best cost 14
Lattice M1355087437-789788546_2193873-1318434808_1515122367-GB-M-023 read.
LOG (lattice-oracle[5.5.480~1-09abd]:main():lattice-oracle.cc:318) %WER 0 [ 0 / 7, 0 insertions, 0 deletions, 0 sub ]
LOG (lattice-oracle[5.5.480~1-09abd]:main():lattice-oracle.cc:332) For utterance M1355087437-789788546_2193873-1318434808_1515122367-GB-M-023, best cost 0
Lattice M1364255883-3522302_3522302-868402826_1590977540-GB-M-154 read.
LOG (lattice-oracle[5.5.480~1-09abd]:main():lattice-oracle.cc:318) %WER 0 [ 0 / 1, 0 insertions, 0 deletions, 0 sub ]
LOG (lattice-oracle[5.5.480~1-09abd]:main():lattice-oracle.cc:332) For utterance M1364255883-3522302_3522302-868402826_1590977540-GB-M-154, best cost 0
Lattice M1367335197-64422077_111775-1100485730_1681086323-GB-M-001 read.
LOG (lattice-oracle[5.5.480~1-09abd]:main():lattice-oracle.cc:318) %WER 0 [ 0 / 26, 0 insertions, 0 deletions, 0 sub ]
LOG (lattice-oracle[5.5.480~1-09abd]:main():lattice-oracle.cc:332) For utterance M1367335197-64422077_111775-1100485730_1681086323-GB-M-001, best cost 0
Lattice M1367335197-64422077_111775-1100485730_1681086323-GB-M-006 read.
LOG (lattice-oracle[5.5.480~1-09abd]:main():lattice-oracle.cc:318) %WER 0 [ 0 / 12, 0 insertions, 0 deletions, 0 sub ]
LOG (lattice-oracle[5.5.480~1-09abd]:main():lattice-oracle.cc:332) For utterance M1367335197-64422077_111775-1100485730_1681086323-GB-M-006, best cost 0
Lattice M1367335197-64422077_111775-1100485730_1681086323-GB-M-010 read.
LOG (lattice-oracle[5.5.480~1-09abd]:main():lattice-oracle.cc:318) %WER 0 [ 0 / 5, 0 insertions, 0 deletions, 0 sub ]
LOG (lattice-oracle[5.5.480~1-09abd]:main():lattice-oracle.cc:332) For utterance M1367335197-64422077_111775-1100485730_1681086323-GB-M-010, best cost 0
Lattice M1367335197-64422077_111775-1100485730_1681086323-GB-M-011 read.
LOG (lattice-oracle[5.5.480~1-09abd]:main():lattice-oracle.cc:318) %WER 0 [ 0 / 6, 0 insertions, 0 deletions, 0 sub ]
LOG (lattice-oracle[5.5.480~1-09abd]:main():lattice-oracle.cc:332) For utterance M1367335197-64422077_111775-1100485730_1681086323-GB-M-011, best cost 0
Lattice M1367335197-64422077_111775-1100485730_1681086323-GB-M-012 read.
LOG (lattice-oracle[5.5.480~1-09abd]:main():lattice-oracle.cc:318) %WER 6.66667 [ 1 / 15, 0 insertions, 1 deletions, 0 sub ]
LOG (lattice-oracle[5.5.480~1-09abd]:main():lattice-oracle.cc:332) For utterance M1367335197-64422077_111775-1100485730_1681086323-GB-M-012, best cost 1
Lattice M1367335197-64422077_111775-1100485730_1681086323-GB-M-015 read.
LOG (lattice-oracle[5.5.480~1-09abd]:main():lattice-oracle.cc:318) %WER 25 [ 1 / 4, 1 insertions, 0 deletions, 0 sub ]
LOG (lattice-oracle[5.5.480~1-09abd]:main():lattice-oracle.cc:332) For utterance M1367335197-64422077_111775-1100485730_1681086323-GB-M-015, best cost 1
Lattice M1367335197-64422077_111775-1100485730_1681086323-GB-M-016 read.
LOG (lattice-oracle[5.5.480~1-09abd]:main():lattice-oracle.cc:318) %WER 0 [ 0 / 10, 0 insertions, 0 deletions, 0 sub ]
LOG (lattice-oracle[5.5.480~1-09abd]:main():lattice-oracle.cc:332) For utterance M1367335197-64422077_111775-1100485730_1681086323-GB-M-016, best cost 0
Lattice M1367335197-64422077_111775-1100485730_1681086323-GB-M-019 read.
LOG (lattice-oracle[5.5.480~1-09abd]:main():lattice-oracle.cc:318) %WER 0 [ 0 / 10, 0 insertions, 0 deletions, 0 sub ]
LOG (lattice-oracle[5.5.480~1-09abd]:main():lattice-oracle.cc:332) For utterance M1367335197-64422077_111775-1100485730_1681086323-GB-M-019, best cost 0
Lattice M1367335197-64422077_111775-1100485730_1681086323-GB-M-021 read.
LOG (lattice-oracle[5.5.480~1-09abd]:main():lattice-oracle.cc:318) %WER 0 [ 0 / 5, 0 insertions, 0 deletions, 0 sub ]
LOG (lattice-oracle[5.5.480~1-09abd]:main():lattice-oracle.cc:332) For utterance M1367335197-64422077_111775-1100485730_1681086323-GB-M-021, best cost 0
Lattice M1367335197-64422077_111775-1100485730_1681086323-GB-M-022 read.
LOG (lattice-oracle[5.5.480~1-09abd]:main():lattice-oracle.cc:318) %WER 33.3333 [ 2 / 6, 2 insertions, 0 deletions, 0 sub ]
LOG (lattice-oracle[5.5.480~1-09abd]:main():lattice-oracle.cc:332) For utterance M1367335197-64422077_111775-1100485730_1681086323-GB-M-022, best cost 2
Lattice M1367335197-64422077_111775-1100485730_1681086323-GB-M-024 read.
LOG (lattice-oracle[5.5.480~1-09abd]:main():lattice-oracle.cc:318) %WER 0 [ 0 / 1, 0 insertions, 0 deletions, 0 sub ]
LOG (lattice-oracle[5.5.480~1-09abd]:main():lattice-oracle.cc:332) For utterance M1367335197-64422077_111775-1100485730_1681086323-GB-M-024, best cost 0
Lattice M1367335197-64422077_111775-1100485730_1681086323-GB-M-025 read.
LOG (lattice-oracle[5.5.480~1-09abd]:main():lattice-oracle.cc:318) %WER 33.3333 [ 1 / 3, 0 insertions, 1 deletions, 0 sub ]
LOG (lattice-oracle[5.5.480~1-09abd]:main():lattice-oracle.cc:332) For utterance M1367335197-64422077_111775-1100485730_1681086323-GB-M-025, best cost 1
Lattice M1367335197-64422077_111775-1100485730_1681086323-GB-M-026 read.
LOG (lattice-oracle[5.5.480~1-09abd]:main():lattice-oracle.cc:318) %WER 0 [ 0 / 30, 0 insertions, 0 deletions, 0 sub ]
LOG (lattice-oracle[5.5.480~1-09abd]:main():lattice-oracle.cc:332) For utterance M1367335197-64422077_111775-1100485730_1681086323-GB-M-026, best cost 0
Lattice M1367335197-64422077_111775-1100485730_1681086323-GB-M-033 read.
LOG (lattice-oracle[5.5.480~1-09abd]:main():lattice-oracle.cc:318) %WER 0 [ 0 / 10, 0 insertions, 0 deletions, 0 sub ]
LOG (lattice-oracle[5.5.480~1-09abd]:main():lattice-oracle.cc:332) For utterance M1367335197-64422077_111775-1100485730_1681086323-GB-M-033, best cost 0
Lattice M1367335197-64422077_111775-1100485730_1681086323-GB-M-035 read.
LOG (lattice-oracle[5.5.480~1-09abd]:main():lattice-oracle.cc:318) %WER 0 [ 0 / 3, 0 insertions, 0 deletions, 0 sub ]
LOG (lattice-oracle[5.5.480~1-09abd]:main():lattice-oracle.cc:332) For utterance M1367335197-64422077_111775-1100485730_1681086323-GB-M-035, best cost 0
Lattice M1367335197-64422077_111775-1100485730_1681086323-GB-M-036 read.
LOG (lattice-oracle[5.5.480~1-09abd]:main():lattice-oracle.cc:318) %WER 0 [ 0 / 18, 0 insertions, 0 deletions, 0 sub ]
LOG (lattice-oracle[5.5.480~1-09abd]:main():lattice-oracle.cc:332) For utterance M1367335197-64422077_111775-1100485730_1681086323-GB-M-036, best cost 0
Lattice M1369913871-419777610_1953682-1368688823_1622941330-GB-M-001 read.
LOG (lattice-oracle[5.5.480~1-09abd]:main():lattice-oracle.cc:318) %WER 100 [ 7 / 7, 0 insertions, 7 deletions, 0 sub ]
LOG (lattice-oracle[5.5.480~1-09abd]:main():lattice-oracle.cc:332) For utterance M1369913871-419777610_1953682-1368688823_1622941330-GB-M-001, best cost 7
Lattice M1369913871-419777610_1953682-1368688823_1622941330-GB-M-003 read.
LOG (lattice-oracle[5.5.480~1-09abd]:main():lattice-oracle.cc:318) %WER 100 [ 8 / 8, 0 insertions, 8 deletions, 0 sub ]
LOG (lattice-oracle[5.5.480~1-09abd]:main():lattice-oracle.cc:332) For utterance M1369913871-419777610_1953682-1368688823_1622941330-GB-M-003, best cost 8
Lattice M1369913871-419777610_1953682-1368688823_1622941330-GB-M-006 read.
LOG (lattice-oracle[5.5.480~1-09abd]:main():lattice-oracle.cc:318) %WER 60.8696 [ 14 / 23, 0 insertions, 14 deletions, 0 sub ]
LOG (lattice-oracle[5.5.480~1-09abd]:main():lattice-oracle.cc:332) For utterance M1369913871-419777610_1953682-1368688823_1622941330-GB-M-006, best cost 14
Lattice M1369913871-419777610_1953682-1368688823_1622941330-GB-M-010 read.
LOG (lattice-oracle[5.5.480~1-09abd]:main():lattice-oracle.cc:318) %WER 77.7778 [ 7 / 9, 2 insertions, 4 deletions, 1 sub ]
LOG (lattice-oracle[5.5.480~1-09abd]:main():lattice-oracle.cc:332) For utterance M1369913871-419777610_1953682-1368688823_1622941330-GB-M-010, best cost 7
Lattice M1369913871-419777610_1953682-1368688823_1622941330-GB-M-015 read.
LOG (lattice-oracle[5.5.480~1-09abd]:main():lattice-oracle.cc:318) %WER 12.8205 [ 5 / 39, 0 insertions, 5 deletions, 0 sub ]
LOG (lattice-oracle[5.5.480~1-09abd]:main():lattice-oracle.cc:332) For utterance M1369913871-419777610_1953682-1368688823_1622941330-GB-M-015, best cost 5
Lattice M1369913871-419777610_1953682-1368688823_1622941330-GB-M-023 read.
LOG (lattice-oracle[5.5.480~1-09abd]:main():lattice-oracle.cc:318) %WER 0 [ 0 / 16, 0 insertions, 0 deletions, 0 sub ]
LOG (lattice-oracle[5.5.480~1-09abd]:main():lattice-oracle.cc:332) For utterance M1369913871-419777610_1953682-1368688823_1622941330-GB-M-023, best cost 0
Lattice M1369913871-419777610_1953682-1368688823_1622941330-GB-M-027 read.
LOG (lattice-oracle[5.5.480~1-09abd]:main():lattice-oracle.cc:318) %WER 27.2727 [ 3 / 11, 0 insertions, 2 deletions, 1 sub ]
LOG (lattice-oracle[5.5.480~1-09abd]:main():lattice-oracle.cc:332) For utterance M1369913871-419777610_1953682-1368688823_1622941330-GB-M-027, best cost 3
Lattice M1369913871-419777610_1953682-1368688823_1622941330-GB-M-029 read.
LOG (lattice-oracle[5.5.480~1-09abd]:main():lattice-oracle.cc:318) %WER 37.5 [ 6 / 16, 0 insertions, 6 deletions, 0 sub ]
LOG (lattice-oracle[5.5.480~1-09abd]:main():lattice-oracle.cc:332) For utterance M1369913871-419777610_1953682-1368688823_1622941330-GB-M-029, best cost 6
Lattice M1369913871-419777610_1953682-1368688823_1622941330-GB-M-042 read.
LOG (lattice-oracle[5.5.480~1-09abd]:main():lattice-oracle.cc:318) %WER 51.1111 [ 23 / 45, 0 insertions, 20 deletions, 3 sub ]
LOG (lattice-oracle[5.5.480~1-09abd]:main():lattice-oracle.cc:332) For utterance M1369913871-419777610_1953682-1368688823_1622941330-GB-M-042, best cost 23
Lattice M1369913871-419777610_1953682-1368688823_1622941330-GB-M-052 read.
LOG (lattice-oracle[5.5.480~1-09abd]:main():lattice-oracle.cc:318) %WER 23.5294 [ 8 / 34, 4 insertions, 4 deletions, 0 sub ]
LOG (lattice-oracle[5.5.480~1-09abd]:main():lattice-oracle.cc:332) For utterance M1369913871-419777610_1953682-1368688823_1622941330-GB-M-052, best cost 8
Lattice M1369913871-419777610_1953682-1368688823_1622941330-GB-M-060 read.
LOG (lattice-oracle[5.5.480~1-09abd]:main():lattice-oracle.cc:318) %WER 16.6667 [ 1 / 6, 1 insertions, 0 deletions, 0 sub ]
LOG (lattice-oracle[5.5.480~1-09abd]:main():lattice-oracle.cc:332) For utterance M1369913871-419777610_1953682-1368688823_1622941330-GB-M-060, best cost 1
Lattice M1369913871-419777610_1953682-1368688823_1622941330-GB-M-062 read.
LOG (lattice-oracle[5.5.480~1-09abd]:main():lattice-oracle.cc:318) %WER 28.5714 [ 2 / 7, 0 insertions, 2 deletions, 0 sub ]
LOG (lattice-oracle[5.5.480~1-09abd]:main():lattice-oracle.cc:332) For utterance M1369913871-419777610_1953682-1368688823_1622941330-GB-M-062, best cost 2
Lattice M1369913871-419777610_1953682-1368688823_1622941330-GB-M-063 read.
LOG (lattice-oracle[5.5.480~1-09abd]:main():lattice-oracle.cc:318) %WER 58.8235 [ 10 / 17, 0 insertions, 10 deletions, 0 sub ]
LOG (lattice-oracle[5.5.480~1-09abd]:main():lattice-oracle.cc:332) For utterance M1369913871-419777610_1953682-1368688823_1622941330-GB-M-063, best cost 10
Lattice M1369913871-419777610_1953682-1368688823_1622941330-GB-M-066 read.
LOG (lattice-oracle[5.5.480~1-09abd]:main():lattice-oracle.cc:318) %WER 0 [ 0 / 4, 0 insertions, 0 deletions, 0 sub ]
LOG (lattice-oracle[5.5.480~1-09abd]:main():lattice-oracle.cc:332) For utterance M1369913871-419777610_1953682-1368688823_1622941330-GB-M-066, best cost 0
Lattice M1369913871-419777610_1953682-1368688823_1622941330-GB-M-067 read.
LOG (lattice-oracle[5.5.480~1-09abd]:main():lattice-oracle.cc:318) %WER 64.2857 [ 9 / 14, 0 insertions, 9 deletions, 0 sub ]
LOG (lattice-oracle[5.5.480~1-09abd]:main():lattice-oracle.cc:332) For utterance M1369913871-419777610_1953682-1368688823_1622941330-GB-M-067, best cost 9
Lattice M1369913871-419777610_1953682-1368688823_1622941330-GB-M-069 read.
LOG (lattice-oracle[5.5.480~1-09abd]:main():lattice-oracle.cc:318) %WER 54.5455 [ 12 / 22, 0 insertions, 12 deletions, 0 sub ]
LOG (lattice-oracle[5.5.480~1-09abd]:main():lattice-oracle.cc:332) For utterance M1369913871-419777610_1953682-1368688823_1622941330-GB-M-069, best cost 12
Lattice M1369913871-419777610_1953682-1368688823_1622941330-GB-M-074 read.
LOG (lattice-oracle[5.5.480~1-09abd]:main():lattice-oracle.cc:318) %WER 66.6667 [ 4 / 6, 0 insertions, 4 deletions, 0 sub ]
LOG (lattice-oracle[5.5.480~1-09abd]:main():lattice-oracle.cc:332) For utterance M1369913871-419777610_1953682-1368688823_1622941330-GB-M-074, best cost 4
Lattice M1369913871-419777610_1953682-1368688823_1622941330-GB-M-075 read.
LOG (lattice-oracle[5.5.480~1-09abd]:main():lattice-oracle.cc:318) %WER 14.2857 [ 2 / 14, 0 insertions, 2 deletions, 0 sub ]
LOG (lattice-oracle[5.5.480~1-09abd]:main():lattice-oracle.cc:332) For utterance M1369913871-419777610_1953682-1368688823_1622941330-GB-M-075, best cost 2
Lattice M1369913871-419777610_1953682-1368688823_1622941330-GB-M-077 read.
LOG (lattice-oracle[5.5.480~1-09abd]:main():lattice-oracle.cc:318) %WER 42.8571 [ 3 / 7, 0 insertions, 3 deletions, 0 sub ]
LOG (lattice-oracle[5.5.480~1-09abd]:main():lattice-oracle.cc:332) For utterance M1369913871-419777610_1953682-1368688823_1622941330-GB-M-077, best cost 3
Lattice M1369913871-419777610_1953682-1368688823_1622941330-GB-M-078 read.
LOG (lattice-oracle[5.5.480~1-09abd]:main():lattice-oracle.cc:318) %WER 38.8889 [ 7 / 18, 0 insertions, 5 deletions, 2 sub ]
LOG (lattice-oracle[5.5.480~1-09abd]:main():lattice-oracle.cc:332) For utterance M1369913871-419777610_1953682-1368688823_1622941330-GB-M-078, best cost 7
Lattice M1369913871-419777610_1953682-1368688823_1622941330-GB-M-084 read.
LOG (lattice-oracle[5.5.480~1-09abd]:main():lattice-oracle.cc:318) %WER 29.4118 [ 5 / 17, 0 insertions, 5 deletions, 0 sub ]
LOG (lattice-oracle[5.5.480~1-09abd]:main():lattice-oracle.cc:332) For utterance M1369913871-419777610_1953682-1368688823_1622941330-GB-M-084, best cost 5
Lattice M1369913871-419777610_1953682-1368688823_1622941330-GB-M-088 read.
LOG (lattice-oracle[5.5.480~1-09abd]:main():lattice-oracle.cc:318) %WER 55.5556 [ 5 / 9, 0 insertions, 0 deletions, 5 sub ]
LOG (lattice-oracle[5.5.480~1-09abd]:main():lattice-oracle.cc:332) For utterance M1369913871-419777610_1953682-1368688823_1622941330-GB-M-088, best cost 5
Lattice M1369913871-419777610_1953682-1368688823_1622941330-GB-M-090 read.
LOG (lattice-oracle[5.5.480~1-09abd]:main():lattice-oracle.cc:318) %WER 31.4286 [ 11 / 35, 7 insertions, 3 deletions, 1 sub ]
LOG (lattice-oracle[5.5.480~1-09abd]:main():lattice-oracle.cc:332) For utterance M1369913871-419777610_1953682-1368688823_1622941330-GB-M-090, best cost 11
Lattice M1369913871-419777610_1953682-1368688823_1622941330-GB-M-097 read.
LOG (lattice-oracle[5.5.480~1-09abd]:main():lattice-oracle.cc:318) %WER 35.7143 [ 5 / 14, 2 insertions, 0 deletions, 3 sub ]
LOG (lattice-oracle[5.5.480~1-09abd]:main():lattice-oracle.cc:332) For utterance M1369913871-419777610_1953682-1368688823_1622941330-GB-M-097, best cost 5
Lattice M1369913871-419777610_1953682-1368688823_1622941330-GB-M-100 read.
LOG (lattice-oracle[5.5.480~1-09abd]:main():lattice-oracle.cc:318) %WER 45.9459 [ 34 / 74, 5 insertions, 19 deletions, 10 sub ]
LOG (lattice-oracle[5.5.480~1-09abd]:main():lattice-oracle.cc:332) For utterance M1369913871-419777610_1953682-1368688823_1622941330-GB-M-100, best cost 34
Lattice M1369913871-419777610_1953682-1368688823_1622941330-GB-M-114 read.
LOG (lattice-oracle[5.5.480~1-09abd]:main():lattice-oracle.cc:318) %WER 53.3333 [ 8 / 15, 0 insertions, 8 deletions, 0 sub ]
LOG (lattice-oracle[5.5.480~1-09abd]:main():lattice-oracle.cc:332) For utterance M1369913871-419777610_1953682-1368688823_1622941330-GB-M-114, best cost 8
Lattice M1369913871-419777610_1953682-1368688823_1622941330-GB-M-119 read.
LOG (lattice-oracle[5.5.480~1-09abd]:main():lattice-oracle.cc:318) %WER 25 [ 1 / 4, 1 insertions, 0 deletions, 0 sub ]
LOG (lattice-oracle[5.5.480~1-09abd]:main():lattice-oracle.cc:332) For utterance M1369913871-419777610_1953682-1368688823_1622941330-GB-M-119, best cost 1
Lattice M1369913871-419777610_1953682-1368688823_1622941330-GB-M-121 read.
LOG (lattice-oracle[5.5.480~1-09abd]:main():lattice-oracle.cc:318) %WER 0 [ 0 / 3, 0 insertions, 0 deletions, 0 sub ]
LOG (lattice-oracle[5.5.480~1-09abd]:main():lattice-oracle.cc:332) For utterance M1369913871-419777610_1953682-1368688823_1622941330-GB-M-121, best cost 0
Lattice M1371271-597316445_1262222-388210954_1516430313-GB-M-011 read.
LOG (lattice-oracle[5.5.480~1-09abd]:main():lattice-oracle.cc:318) %WER 150 [ 3 / 2, 3 insertions, 0 deletions, 0 sub ]
LOG (lattice-oracle[5.5.480~1-09abd]:main():lattice-oracle.cc:332) For utterance M1371271-597316445_1262222-388210954_1516430313-GB-M-011, best cost 3
Lattice M1371271-597316445_1262222-388210954_1516430313-GB-M-012 read.
LOG (lattice-oracle[5.5.480~1-09abd]:main():lattice-oracle.cc:318) %WER 0 [ 0 / 9, 0 insertions, 0 deletions, 0 sub ]
LOG (lattice-oracle[5.5.480~1-09abd]:main():lattice-oracle.cc:332) For utterance M1371271-597316445_1262222-388210954_1516430313-GB-M-012, best cost 0
Lattice M1371271-597316445_1262222-388210954_1516430313-GB-M-014 read.
LOG (lattice-oracle[5.5.480~1-09abd]:main():lattice-oracle.cc:318) %WER 0 [ 0 / 7, 0 insertions, 0 deletions, 0 sub ]
LOG (lattice-oracle[5.5.480~1-09abd]:main():lattice-oracle.cc:332) For utterance M1371271-597316445_1262222-388210954_1516430313-GB-M-014, best cost 0
Lattice M1371271-597316445_1262222-388210954_1516430313-GB-M-015 read.
LOG (lattice-oracle[5.5.480~1-09abd]:main():lattice-oracle.cc:318) %WER 0 [ 0 / 4, 0 insertions, 0 deletions, 0 sub ]
LOG (lattice-oracle[5.5.480~1-09abd]:main():lattice-oracle.cc:332) For utterance M1371271-597316445_1262222-388210954_1516430313-GB-M-015, best cost 0
Lattice M1371271-597316445_1262222-388210954_1516430313-GB-M-017 read.
LOG (lattice-oracle[5.5.480~1-09abd]:main():lattice-oracle.cc:318) %WER 66.6667 [ 2 / 3, 0 insertions, 2 deletions, 0 sub ]
LOG (lattice-oracle[5.5.480~1-09abd]:main():lattice-oracle.cc:332) For utterance M1371271-597316445_1262222-388210954_1516430313-GB-M-017, best cost 2
Lattice M1371271-597316445_1262222-388210954_1516430313-GB-M-018 read.
LOG (lattice-oracle[5.5.480~1-09abd]:main():lattice-oracle.cc:318) %WER 0 [ 0 / 7, 0 insertions, 0 deletions, 0 sub ]
LOG (lattice-oracle[5.5.480~1-09abd]:main():lattice-oracle.cc:332) For utterance M1371271-597316445_1262222-388210954_1516430313-GB-M-018, best cost 0
Lattice M1371271-597316445_1262222-388210954_1516430313-GB-M-019 read.
LOG (lattice-oracle[5.5.480~1-09abd]:main():lattice-oracle.cc:318) %WER 0 [ 0 / 9, 0 insertions, 0 deletions, 0 sub ]
LOG (lattice-oracle[5.5.480~1-09abd]:main():lattice-oracle.cc:332) For utterance M1371271-597316445_1262222-388210954_1516430313-GB-M-019, best cost 0
Lattice M1371271-597316445_1262222-388210954_1516430313-GB-M-021 read.
LOG (lattice-oracle[5.5.480~1-09abd]:main():lattice-oracle.cc:318) %WER 37.5 [ 3 / 8, 0 insertions, 3 deletions, 0 sub ]
LOG (lattice-oracle[5.5.480~1-09abd]:main():lattice-oracle.cc:332) For utterance M1371271-597316445_1262222-388210954_1516430313-GB-M-021, best cost 3
Lattice M1371271-597316445_1262222-388210954_1516430313-GB-M-023 read.
LOG (lattice-oracle[5.5.480~1-09abd]:main():lattice-oracle.cc:318) %WER 350 [ 7 / 2, 6 insertions, 0 deletions, 1 sub ]
LOG (lattice-oracle[5.5.480~1-09abd]:main():lattice-oracle.cc:332) For utterance M1371271-597316445_1262222-388210954_1516430313-GB-M-023, best cost 7
Lattice M1371271-597316445_1262222-388210954_1516430313-GB-M-030 read.
LOG (lattice-oracle[5.5.480~1-09abd]:main():lattice-oracle.cc:318) %WER 22.2222 [ 2 / 9, 0 insertions, 2 deletions, 0 sub ]
LOG (lattice-oracle[5.5.480~1-09abd]:main():lattice-oracle.cc:332) For utterance M1371271-597316445_1262222-388210954_1516430313-GB-M-030, best cost 2
Lattice M1371271-597316445_1262222-388210954_1516430313-GB-M-032 read.
LOG (lattice-oracle[5.5.480~1-09abd]:main():lattice-oracle.cc:318) %WER 0 [ 0 / 7, 0 insertions, 0 deletions, 0 sub ]
LOG (lattice-oracle[5.5.480~1-09abd]:main():lattice-oracle.cc:332) For utterance M1371271-597316445_1262222-388210954_1516430313-GB-M-032, best cost 0
Lattice M1371271-597316445_1262222-388210954_1516430313-GB-M-033 read.
LOG (lattice-oracle[5.5.480~1-09abd]:main():lattice-oracle.cc:318) %WER 12.5 [ 1 / 8, 0 insertions, 1 deletions, 0 sub ]
LOG (lattice-oracle[5.5.480~1-09abd]:main():lattice-oracle.cc:332) For utterance M1371271-597316445_1262222-388210954_1516430313-GB-M-033, best cost 1
Lattice M1371271-597316445_1262222-388210954_1516430313-GB-M-034 read.
LOG (lattice-oracle[5.5.480~1-09abd]:main():lattice-oracle.cc:318) %WER 300 [ 6 / 2, 6 insertions, 0 deletions, 0 sub ]
LOG (lattice-oracle[5.5.480~1-09abd]:main():lattice-oracle.cc:332) For utterance M1371271-597316445_1262222-388210954_1516430313-GB-M-034, best cost 6
Lattice M1371271-597316445_1262222-388210954_1516430313-GB-M-040 read.
LOG (lattice-oracle[5.5.480~1-09abd]:main():lattice-oracle.cc:318) %WER 0 [ 0 / 10, 0 insertions, 0 deletions, 0 sub ]
LOG (lattice-oracle[5.5.480~1-09abd]:main():lattice-oracle.cc:332) For utterance M1371271-597316445_1262222-388210954_1516430313-GB-M-040, best cost 0
Lattice M1371271-597316445_1262222-388210954_1516430313-GB-M-042 read.
LOG (lattice-oracle[5.5.480~1-09abd]:main():lattice-oracle.cc:318) %WER 0 [ 0 / 7, 0 insertions, 0 deletions, 0 sub ]
LOG (lattice-oracle[5.5.480~1-09abd]:main():lattice-oracle.cc:332) For utterance M1371271-597316445_1262222-388210954_1516430313-GB-M-042, best cost 0
Lattice M1371271-597316445_1262222-388210954_1516430313-GB-M-043 read.
LOG (lattice-oracle[5.5.480~1-09abd]:main():lattice-oracle.cc:318) %WER 12.5 [ 1 / 8, 0 insertions, 1 deletions, 0 sub ]
LOG (lattice-oracle[5.5.480~1-09abd]:main():lattice-oracle.cc:332) For utterance M1371271-597316445_1262222-388210954_1516430313-GB-M-043, best cost 1
Lattice M1371271-597316445_1262222-388210954_1516430313-GB-M-044 read.
LOG (lattice-oracle[5.5.480~1-09abd]:main():lattice-oracle.cc:318) %WER 100 [ 2 / 2, 2 insertions, 0 deletions, 0 sub ]
LOG (lattice-oracle[5.5.480~1-09abd]:main():lattice-oracle.cc:332) For utterance M1371271-597316445_1262222-388210954_1516430313-GB-M-044, best cost 2
Lattice M1389832990-3406018_3406018-1389832856_1649872404-GB-M-001 read.
LOG (lattice-oracle[5.5.480~1-09abd]:main():lattice-oracle.cc:318) %WER 72.2892 [ 300 / 415, 0 insertions, 259 deletions, 41 sub ]
LOG (lattice-oracle[5.5.480~1-09abd]:main():lattice-oracle.cc:332) For utterance M1389832990-3406018_3406018-1389832856_1649872404-GB-M-001, best cost 300
Lattice M1389832990-3406018_3406018-1389832856_1649872404-GB-M-087 read.
LOG (lattice-oracle[5.5.480~1-09abd]:main():lattice-oracle.cc:318) %WER 68.9655 [ 140 / 203, 0 insertions, 127 deletions, 13 sub ]
LOG (lattice-oracle[5.5.480~1-09abd]:main():lattice-oracle.cc:332) For utterance M1389832990-3406018_3406018-1389832856_1649872404-GB-M-087, best cost 140
Lattice M1389832990-3406018_3406018-1389832856_1649872404-GB-M-129 read.
LOG (lattice-oracle[5.5.480~1-09abd]:main():lattice-oracle.cc:318) %WER 100 [ 4 / 4, 0 insertions, 4 deletions, 0 sub ]
LOG (lattice-oracle[5.5.480~1-09abd]:main():lattice-oracle.cc:332) For utterance M1389832990-3406018_3406018-1389832856_1649872404-GB-M-129, best cost 4
LOG (lattice-oracle[5.5.480~1-09abd]:main():lattice-oracle.cc:383) Overall %WER 32.4314 [ 887 / 2735, 139 insertions, 632 deletions, 116 substitutions ]
LOG (lattice-oracle[5.5.480~1-09abd]:main():lattice-oracle.cc:387) Scored 173 lattices, 0 not present in ref.
# Accounting: time=10 threads=1
# Ended (code 0) at Tue Sep 10 15:05:02 BST 2019, elapsed time 10 seconds
