# lattice-oracle "--write-lattices=ark:|gzip -c > exp/tri3b_cleaned/lattice_oracle/lat.31.gz" "ark:gunzip -c exp/tri3b_cleaned/lats/lat.31.gz |" "ark:utils/sym2int.pl --map-oov 239 -f 2- data/lang/words.txt data/train1/split40/31/text|" ark,t:- | utils/int2sym.pl -f 2- data/lang/words.txt > exp/tri3b_cleaned/lattice_oracle/oracle_hyp.31.txt 
# Started at Tue Sep 10 15:04:58 BST 2019
#
lattice-oracle '--write-lattices=ark:|gzip -c > exp/tri3b_cleaned/lattice_oracle/lat.31.gz' 'ark:gunzip -c exp/tri3b_cleaned/lats/lat.31.gz |' 'ark:utils/sym2int.pl --map-oov 239 -f 2- data/lang/words.txt data/train1/split40/31/text|' ark,t:- 
Lattice M421598033-119790220_111409-451710620_1572396507-GB-M-001 read.
sym2int.pl: replacing COLLECTION'S with 239
sym2int.pl: replacing TROVE with 239
sym2int.pl: replacing KINOPAMANS with 239
sym2int.pl: replacing HMMM with 239
sym2int.pl: replacing INTRUMENTAL with 239
LOG (lattice-oracle[5.5.480~1-09abd]:main():lattice-oracle.cc:318) %WER 0 [ 0 / 4, 0 insertions, 0 deletions, 0 sub ]
sym2int.pl: replacing 1 with 239
sym2int.pl: replacing 2 with 239
LOG (lattice-oracle[5.5.480~1-09abd]:main():lattice-oracle.cc:332) For utterance M421598033-119790220_111409-451710620_1572396507-GB-M-001, best cost 0
sym2int.pl: replacing 3 with 239
sym2int.pl: replacing 1 with 239
sym2int.pl: replacing 2 with 239
sym2int.pl: replacing 3 with 239
sym2int.pl: replacing 1 with 239
sym2int.pl: replacing 2 with 239
sym2int.pl: replacing 3 with 239
sym2int.pl: replacing 1 with 239
sym2int.pl: replacing 2 with 239
sym2int.pl: replacing 3 with 239
sym2int.pl: replacing 1 with 239
sym2int.pl: replacing 2 with 239
sym2int.pl: replacing 3 with 239
sym2int.pl: not warning for OOVs any more times
Lattice M421598033-119790220_111409-451710620_1572396507-GB-M-002 read.
** Replaced 68 instances of OOVs with 239
LOG (lattice-oracle[5.5.480~1-09abd]:main():lattice-oracle.cc:318) %WER 16.6667 [ 2 / 12, 0 insertions, 2 deletions, 0 sub ]
LOG (lattice-oracle[5.5.480~1-09abd]:main():lattice-oracle.cc:332) For utterance M421598033-119790220_111409-451710620_1572396507-GB-M-002, best cost 2
Lattice M421598033-119790220_111409-451710620_1572396507-GB-M-004 read.
LOG (lattice-oracle[5.5.480~1-09abd]:main():lattice-oracle.cc:318) %WER 22.2222 [ 2 / 9, 0 insertions, 2 deletions, 0 sub ]
LOG (lattice-oracle[5.5.480~1-09abd]:main():lattice-oracle.cc:332) For utterance M421598033-119790220_111409-451710620_1572396507-GB-M-004, best cost 2
Lattice M421598033-119790220_111409-451710620_1572396507-GB-M-006 read.
LOG (lattice-oracle[5.5.480~1-09abd]:main():lattice-oracle.cc:318) %WER 37.037 [ 10 / 27, 0 insertions, 9 deletions, 1 sub ]
LOG (lattice-oracle[5.5.480~1-09abd]:main():lattice-oracle.cc:332) For utterance M421598033-119790220_111409-451710620_1572396507-GB-M-006, best cost 10
Lattice M421598033-119790220_111409-451710620_1572396507-GB-M-013 read.
LOG (lattice-oracle[5.5.480~1-09abd]:main():lattice-oracle.cc:318) %WER 0 [ 0 / 9, 0 insertions, 0 deletions, 0 sub ]
LOG (lattice-oracle[5.5.480~1-09abd]:main():lattice-oracle.cc:332) For utterance M421598033-119790220_111409-451710620_1572396507-GB-M-013, best cost 0
Lattice M421598033-119790220_111409-451710620_1572396507-GB-M-014 read.
LOG (lattice-oracle[5.5.480~1-09abd]:main():lattice-oracle.cc:318) %WER 0 [ 0 / 11, 0 insertions, 0 deletions, 0 sub ]
LOG (lattice-oracle[5.5.480~1-09abd]:main():lattice-oracle.cc:332) For utterance M421598033-119790220_111409-451710620_1572396507-GB-M-014, best cost 0
Lattice M421598033-119790220_111409-451710620_1572396507-GB-M-017 read.
LOG (lattice-oracle[5.5.480~1-09abd]:main():lattice-oracle.cc:318) %WER 0 [ 0 / 4, 0 insertions, 0 deletions, 0 sub ]
LOG (lattice-oracle[5.5.480~1-09abd]:main():lattice-oracle.cc:332) For utterance M421598033-119790220_111409-451710620_1572396507-GB-M-017, best cost 0
Lattice M421598033-119790220_111409-451710620_1572396507-GB-M-018 read.
LOG (lattice-oracle[5.5.480~1-09abd]:main():lattice-oracle.cc:318) %WER 26.9231 [ 7 / 26, 0 insertions, 5 deletions, 2 sub ]
LOG (lattice-oracle[5.5.480~1-09abd]:main():lattice-oracle.cc:332) For utterance M421598033-119790220_111409-451710620_1572396507-GB-M-018, best cost 7
Lattice M421598033-119790220_111409-451710620_1572396507-GB-M-027 read.
LOG (lattice-oracle[5.5.480~1-09abd]:main():lattice-oracle.cc:318) %WER 0 [ 0 / 13, 0 insertions, 0 deletions, 0 sub ]
LOG (lattice-oracle[5.5.480~1-09abd]:main():lattice-oracle.cc:332) For utterance M421598033-119790220_111409-451710620_1572396507-GB-M-027, best cost 0
Lattice M421598033-119790220_111409-451710620_1572396507-GB-M-032 read.
LOG (lattice-oracle[5.5.480~1-09abd]:main():lattice-oracle.cc:318) %WER 33.3333 [ 2 / 6, 0 insertions, 2 deletions, 0 sub ]
LOG (lattice-oracle[5.5.480~1-09abd]:main():lattice-oracle.cc:332) For utterance M421598033-119790220_111409-451710620_1572396507-GB-M-032, best cost 2
Lattice M421598033-119790220_111409-451710620_1572396507-GB-M-033 read.
LOG (lattice-oracle[5.5.480~1-09abd]:main():lattice-oracle.cc:318) %WER 0 [ 0 / 13, 0 insertions, 0 deletions, 0 sub ]
LOG (lattice-oracle[5.5.480~1-09abd]:main():lattice-oracle.cc:332) For utterance M421598033-119790220_111409-451710620_1572396507-GB-M-033, best cost 0
Lattice M421598033-119790220_111409-451710620_1572396507-GB-M-035 read.
LOG (lattice-oracle[5.5.480~1-09abd]:main():lattice-oracle.cc:318) %WER 25 [ 1 / 4, 0 insertions, 0 deletions, 1 sub ]
LOG (lattice-oracle[5.5.480~1-09abd]:main():lattice-oracle.cc:332) For utterance M421598033-119790220_111409-451710620_1572396507-GB-M-035, best cost 1
Lattice M421598033-119790220_111409-451710620_1572396507-GB-M-036 read.
LOG (lattice-oracle[5.5.480~1-09abd]:main():lattice-oracle.cc:318) %WER 18.1818 [ 2 / 11, 0 insertions, 2 deletions, 0 sub ]
LOG (lattice-oracle[5.5.480~1-09abd]:main():lattice-oracle.cc:332) For utterance M421598033-119790220_111409-451710620_1572396507-GB-M-036, best cost 2
Lattice M421598033-119790220_111409-451710620_1572396507-GB-M-039 read.
LOG (lattice-oracle[5.5.480~1-09abd]:main():lattice-oracle.cc:318) %WER 64.2857 [ 9 / 14, 0 insertions, 8 deletions, 1 sub ]
LOG (lattice-oracle[5.5.480~1-09abd]:main():lattice-oracle.cc:332) For utterance M421598033-119790220_111409-451710620_1572396507-GB-M-039, best cost 9
Lattice M421598033-119790220_111409-451710620_1572396507-GB-M-043 read.
LOG (lattice-oracle[5.5.480~1-09abd]:main():lattice-oracle.cc:318) %WER 33.3333 [ 3 / 9, 0 insertions, 3 deletions, 0 sub ]
LOG (lattice-oracle[5.5.480~1-09abd]:main():lattice-oracle.cc:332) For utterance M421598033-119790220_111409-451710620_1572396507-GB-M-043, best cost 3
Lattice M421598033-119790220_111409-451710620_1572396507-GB-M-044 read.
LOG (lattice-oracle[5.5.480~1-09abd]:main():lattice-oracle.cc:318) %WER 8.33333 [ 1 / 12, 0 insertions, 1 deletions, 0 sub ]
LOG (lattice-oracle[5.5.480~1-09abd]:main():lattice-oracle.cc:332) For utterance M421598033-119790220_111409-451710620_1572396507-GB-M-044, best cost 1
Lattice M421598033-119790220_111409-451710620_1572396507-GB-M-047 read.
LOG (lattice-oracle[5.5.480~1-09abd]:main():lattice-oracle.cc:318) %WER 25 [ 1 / 4, 0 insertions, 1 deletions, 0 sub ]
LOG (lattice-oracle[5.5.480~1-09abd]:main():lattice-oracle.cc:332) For utterance M421598033-119790220_111409-451710620_1572396507-GB-M-047, best cost 1
Lattice M421598033-119790220_111409-451710620_1572396507-GB-M-048 read.
LOG (lattice-oracle[5.5.480~1-09abd]:main():lattice-oracle.cc:318) %WER 7.69231 [ 1 / 13, 0 insertions, 0 deletions, 1 sub ]
LOG (lattice-oracle[5.5.480~1-09abd]:main():lattice-oracle.cc:332) For utterance M421598033-119790220_111409-451710620_1572396507-GB-M-048, best cost 1
Lattice M421598033-119790220_111409-451710620_1572396507-GB-M-051 read.
LOG (lattice-oracle[5.5.480~1-09abd]:main():lattice-oracle.cc:318) %WER 30.7692 [ 4 / 13, 0 insertions, 3 deletions, 1 sub ]
LOG (lattice-oracle[5.5.480~1-09abd]:main():lattice-oracle.cc:332) For utterance M421598033-119790220_111409-451710620_1572396507-GB-M-051, best cost 4
Lattice M421598033-119790220_111409-451710620_1572396507-GB-M-057 read.
LOG (lattice-oracle[5.5.480~1-09abd]:main():lattice-oracle.cc:318) %WER 11.1111 [ 1 / 9, 0 insertions, 1 deletions, 0 sub ]
LOG (lattice-oracle[5.5.480~1-09abd]:main():lattice-oracle.cc:332) For utterance M421598033-119790220_111409-451710620_1572396507-GB-M-057, best cost 1
Lattice M421598033-119790220_111409-451710620_1572396507-GB-M-060 read.
LOG (lattice-oracle[5.5.480~1-09abd]:main():lattice-oracle.cc:318) %WER 50 [ 2 / 4, 2 insertions, 0 deletions, 0 sub ]
LOG (lattice-oracle[5.5.480~1-09abd]:main():lattice-oracle.cc:332) For utterance M421598033-119790220_111409-451710620_1572396507-GB-M-060, best cost 2
Lattice M421598033-119790220_111409-451710620_1572396507-GB-M-061 read.
LOG (lattice-oracle[5.5.480~1-09abd]:main():lattice-oracle.cc:318) %WER 33.3333 [ 2 / 6, 0 insertions, 2 deletions, 0 sub ]
LOG (lattice-oracle[5.5.480~1-09abd]:main():lattice-oracle.cc:332) For utterance M421598033-119790220_111409-451710620_1572396507-GB-M-061, best cost 2
Lattice M421598033-119790220_111409-451710620_1572396507-GB-M-062 read.
LOG (lattice-oracle[5.5.480~1-09abd]:main():lattice-oracle.cc:318) %WER 0 [ 0 / 6, 0 insertions, 0 deletions, 0 sub ]
LOG (lattice-oracle[5.5.480~1-09abd]:main():lattice-oracle.cc:332) For utterance M421598033-119790220_111409-451710620_1572396507-GB-M-062, best cost 0
Lattice M421598033-119790220_111409-451710620_1572396507-GB-M-063 read.
LOG (lattice-oracle[5.5.480~1-09abd]:main():lattice-oracle.cc:318) %WER 7.14286 [ 1 / 14, 0 insertions, 1 deletions, 0 sub ]
LOG (lattice-oracle[5.5.480~1-09abd]:main():lattice-oracle.cc:332) For utterance M421598033-119790220_111409-451710620_1572396507-GB-M-063, best cost 1
Lattice M421598033-119790220_111409-451710620_1572396507-GB-M-066 read.
LOG (lattice-oracle[5.5.480~1-09abd]:main():lattice-oracle.cc:318) %WER 12.5 [ 1 / 8, 0 insertions, 1 deletions, 0 sub ]
LOG (lattice-oracle[5.5.480~1-09abd]:main():lattice-oracle.cc:332) For utterance M421598033-119790220_111409-451710620_1572396507-GB-M-066, best cost 1
Lattice M421598033-119790220_111409-451710620_1572396507-GB-M-067 read.
LOG (lattice-oracle[5.5.480~1-09abd]:main():lattice-oracle.cc:318) %WER 0 [ 0 / 4, 0 insertions, 0 deletions, 0 sub ]
LOG (lattice-oracle[5.5.480~1-09abd]:main():lattice-oracle.cc:332) For utterance M421598033-119790220_111409-451710620_1572396507-GB-M-067, best cost 0
Lattice M421598033-119790220_111409-451710620_1572396507-GB-M-068 read.
LOG (lattice-oracle[5.5.480~1-09abd]:main():lattice-oracle.cc:318) %WER 19.2308 [ 5 / 26, 0 insertions, 2 deletions, 3 sub ]
LOG (lattice-oracle[5.5.480~1-09abd]:main():lattice-oracle.cc:332) For utterance M421598033-119790220_111409-451710620_1572396507-GB-M-068, best cost 5
Lattice M421598033-119790220_111409-451710620_1572396507-GB-M-077 read.
LOG (lattice-oracle[5.5.480~1-09abd]:main():lattice-oracle.cc:318) %WER 0 [ 0 / 26, 0 insertions, 0 deletions, 0 sub ]
LOG (lattice-oracle[5.5.480~1-09abd]:main():lattice-oracle.cc:332) For utterance M421598033-119790220_111409-451710620_1572396507-GB-M-077, best cost 0
Lattice M421598033-3769917_3769917-451710620_1593309128-GB-M-001 read.
LOG (lattice-oracle[5.5.480~1-09abd]:main():lattice-oracle.cc:318) %WER 0 [ 0 / 4, 0 insertions, 0 deletions, 0 sub ]
LOG (lattice-oracle[5.5.480~1-09abd]:main():lattice-oracle.cc:332) For utterance M421598033-3769917_3769917-451710620_1593309128-GB-M-001, best cost 0
Lattice M421598033-3769917_3769917-451710620_1593309128-GB-M-002 read.
LOG (lattice-oracle[5.5.480~1-09abd]:main():lattice-oracle.cc:318) %WER 0 [ 0 / 3, 0 insertions, 0 deletions, 0 sub ]
LOG (lattice-oracle[5.5.480~1-09abd]:main():lattice-oracle.cc:332) For utterance M421598033-3769917_3769917-451710620_1593309128-GB-M-002, best cost 0
Lattice M421598033-3769917_3769917-451710620_1593309128-GB-M-003 read.
LOG (lattice-oracle[5.5.480~1-09abd]:main():lattice-oracle.cc:318) %WER 16.6667 [ 1 / 6, 1 insertions, 0 deletions, 0 sub ]
LOG (lattice-oracle[5.5.480~1-09abd]:main():lattice-oracle.cc:332) For utterance M421598033-3769917_3769917-451710620_1593309128-GB-M-003, best cost 1
Lattice M421598033-3769917_3769917-451710620_1593309128-GB-M-004 read.
LOG (lattice-oracle[5.5.480~1-09abd]:main():lattice-oracle.cc:318) %WER 0 [ 0 / 11, 0 insertions, 0 deletions, 0 sub ]
LOG (lattice-oracle[5.5.480~1-09abd]:main():lattice-oracle.cc:332) For utterance M421598033-3769917_3769917-451710620_1593309128-GB-M-004, best cost 0
Lattice M421598033-3769917_3769917-451710620_1593309128-GB-M-006 read.
LOG (lattice-oracle[5.5.480~1-09abd]:main():lattice-oracle.cc:318) %WER 22.2222 [ 4 / 18, 4 insertions, 0 deletions, 0 sub ]
LOG (lattice-oracle[5.5.480~1-09abd]:main():lattice-oracle.cc:332) For utterance M421598033-3769917_3769917-451710620_1593309128-GB-M-006, best cost 4
Lattice M423858313-171320214_204294-1064807162_1608497337-GB-M-001 read.
LOG (lattice-oracle[5.5.480~1-09abd]:main():lattice-oracle.cc:318) %WER 33.3333 [ 2 / 6, 0 insertions, 2 deletions, 0 sub ]
LOG (lattice-oracle[5.5.480~1-09abd]:main():lattice-oracle.cc:332) For utterance M423858313-171320214_204294-1064807162_1608497337-GB-M-001, best cost 2
Lattice M423858313-171320214_204294-1064807162_1608497337-GB-M-002 read.
LOG (lattice-oracle[5.5.480~1-09abd]:main():lattice-oracle.cc:318) %WER 20 [ 2 / 10, 0 insertions, 2 deletions, 0 sub ]
LOG (lattice-oracle[5.5.480~1-09abd]:main():lattice-oracle.cc:332) For utterance M423858313-171320214_204294-1064807162_1608497337-GB-M-002, best cost 2
Lattice M423858313-171320214_204294-1064807162_1608497337-GB-M-004 read.
LOG (lattice-oracle[5.5.480~1-09abd]:main():lattice-oracle.cc:318) %WER 0 [ 0 / 5, 0 insertions, 0 deletions, 0 sub ]
LOG (lattice-oracle[5.5.480~1-09abd]:main():lattice-oracle.cc:332) For utterance M423858313-171320214_204294-1064807162_1608497337-GB-M-004, best cost 0
Lattice M423858313-171320214_204294-1064807162_1608497337-GB-M-005 read.
LOG (lattice-oracle[5.5.480~1-09abd]:main():lattice-oracle.cc:318) %WER 0 [ 0 / 5, 0 insertions, 0 deletions, 0 sub ]
LOG (lattice-oracle[5.5.480~1-09abd]:main():lattice-oracle.cc:332) For utterance M423858313-171320214_204294-1064807162_1608497337-GB-M-005, best cost 0
Lattice M423858313-171320214_204294-1064807162_1608497337-GB-M-006 read.
LOG (lattice-oracle[5.5.480~1-09abd]:main():lattice-oracle.cc:318) %WER 0 [ 0 / 5, 0 insertions, 0 deletions, 0 sub ]
LOG (lattice-oracle[5.5.480~1-09abd]:main():lattice-oracle.cc:332) For utterance M423858313-171320214_204294-1064807162_1608497337-GB-M-006, best cost 0
Lattice M423858313-171320214_204294-1064807162_1608497337-GB-M-007 read.
LOG (lattice-oracle[5.5.480~1-09abd]:main():lattice-oracle.cc:318) %WER 0 [ 0 / 7, 0 insertions, 0 deletions, 0 sub ]
LOG (lattice-oracle[5.5.480~1-09abd]:main():lattice-oracle.cc:332) For utterance M423858313-171320214_204294-1064807162_1608497337-GB-M-007, best cost 0
Lattice M423858313-171320214_204294-1064807162_1608497337-GB-M-008 read.
LOG (lattice-oracle[5.5.480~1-09abd]:main():lattice-oracle.cc:318) %WER 0 [ 0 / 5, 0 insertions, 0 deletions, 0 sub ]
LOG (lattice-oracle[5.5.480~1-09abd]:main():lattice-oracle.cc:332) For utterance M423858313-171320214_204294-1064807162_1608497337-GB-M-008, best cost 0
Lattice M423858313-171320214_204294-1064807162_1608497337-GB-M-011 read.
LOG (lattice-oracle[5.5.480~1-09abd]:main():lattice-oracle.cc:318) %WER 0 [ 0 / 7, 0 insertions, 0 deletions, 0 sub ]
LOG (lattice-oracle[5.5.480~1-09abd]:main():lattice-oracle.cc:332) For utterance M423858313-171320214_204294-1064807162_1608497337-GB-M-011, best cost 0
Lattice M423858313-171320214_204294-1064807162_1608497337-GB-M-012 read.
LOG (lattice-oracle[5.5.480~1-09abd]:main():lattice-oracle.cc:318) %WER 0 [ 0 / 15, 0 insertions, 0 deletions, 0 sub ]
LOG (lattice-oracle[5.5.480~1-09abd]:main():lattice-oracle.cc:332) For utterance M423858313-171320214_204294-1064807162_1608497337-GB-M-012, best cost 0
Lattice M423858313-171320214_204294-1064807162_1608497337-GB-M-015 read.
LOG (lattice-oracle[5.5.480~1-09abd]:main():lattice-oracle.cc:318) %WER 0 [ 0 / 7, 0 insertions, 0 deletions, 0 sub ]
LOG (lattice-oracle[5.5.480~1-09abd]:main():lattice-oracle.cc:332) For utterance M423858313-171320214_204294-1064807162_1608497337-GB-M-015, best cost 0
Lattice M423858313-171320214_204294-1064807162_1608497337-GB-M-016 read.
LOG (lattice-oracle[5.5.480~1-09abd]:main():lattice-oracle.cc:318) %WER 0 [ 0 / 7, 0 insertions, 0 deletions, 0 sub ]
LOG (lattice-oracle[5.5.480~1-09abd]:main():lattice-oracle.cc:332) For utterance M423858313-171320214_204294-1064807162_1608497337-GB-M-016, best cost 0
Lattice M423858313-171320214_204294-1064807162_1608497337-GB-M-017 read.
LOG (lattice-oracle[5.5.480~1-09abd]:main():lattice-oracle.cc:318) %WER 0 [ 0 / 16, 0 insertions, 0 deletions, 0 sub ]
LOG (lattice-oracle[5.5.480~1-09abd]:main():lattice-oracle.cc:332) For utterance M423858313-171320214_204294-1064807162_1608497337-GB-M-017, best cost 0
Lattice M423858313-171320214_204294-1064807162_1608497337-GB-M-021 read.
LOG (lattice-oracle[5.5.480~1-09abd]:main():lattice-oracle.cc:318) %WER 0 [ 0 / 7, 0 insertions, 0 deletions, 0 sub ]
LOG (lattice-oracle[5.5.480~1-09abd]:main():lattice-oracle.cc:332) For utterance M423858313-171320214_204294-1064807162_1608497337-GB-M-021, best cost 0
Lattice M423858313-171320214_204294-1064807162_1608497337-GB-M-022 read.
LOG (lattice-oracle[5.5.480~1-09abd]:main():lattice-oracle.cc:318) %WER 18.1818 [ 4 / 22, 4 insertions, 0 deletions, 0 sub ]
LOG (lattice-oracle[5.5.480~1-09abd]:main():lattice-oracle.cc:332) For utterance M423858313-171320214_204294-1064807162_1608497337-GB-M-022, best cost 4
Lattice M423858313-171320214_204294-1064807162_1608497337-GB-M-027 read.
LOG (lattice-oracle[5.5.480~1-09abd]:main():lattice-oracle.cc:318) %WER 0 [ 0 / 7, 0 insertions, 0 deletions, 0 sub ]
LOG (lattice-oracle[5.5.480~1-09abd]:main():lattice-oracle.cc:332) For utterance M423858313-171320214_204294-1064807162_1608497337-GB-M-027, best cost 0
Lattice M423858313-171320214_204294-1064807162_1608497337-GB-M-028 read.
LOG (lattice-oracle[5.5.480~1-09abd]:main():lattice-oracle.cc:318) %WER 0 [ 0 / 11, 0 insertions, 0 deletions, 0 sub ]
LOG (lattice-oracle[5.5.480~1-09abd]:main():lattice-oracle.cc:332) For utterance M423858313-171320214_204294-1064807162_1608497337-GB-M-028, best cost 0
Lattice M423858313-171320214_204294-1064807162_1608497337-GB-M-030 read.
LOG (lattice-oracle[5.5.480~1-09abd]:main():lattice-oracle.cc:318) %WER 9.09091 [ 1 / 11, 0 insertions, 1 deletions, 0 sub ]
LOG (lattice-oracle[5.5.480~1-09abd]:main():lattice-oracle.cc:332) For utterance M423858313-171320214_204294-1064807162_1608497337-GB-M-030, best cost 1
Lattice M423858313-171320214_204294-1064807162_1608497337-GB-M-032 read.
LOG (lattice-oracle[5.5.480~1-09abd]:main():lattice-oracle.cc:318) %WER 0 [ 0 / 16, 0 insertions, 0 deletions, 0 sub ]
LOG (lattice-oracle[5.5.480~1-09abd]:main():lattice-oracle.cc:332) For utterance M423858313-171320214_204294-1064807162_1608497337-GB-M-032, best cost 0
Lattice M430940100-4923265_139455-718736568_1594572842-GB-M-003 read.
LOG (lattice-oracle[5.5.480~1-09abd]:main():lattice-oracle.cc:318) %WER 13.3333 [ 2 / 15, 2 insertions, 0 deletions, 0 sub ]
LOG (lattice-oracle[5.5.480~1-09abd]:main():lattice-oracle.cc:332) For utterance M430940100-4923265_139455-718736568_1594572842-GB-M-003, best cost 2
Lattice M430940100-4923265_139455-718736568_1594572842-GB-M-006 read.
LOG (lattice-oracle[5.5.480~1-09abd]:main():lattice-oracle.cc:318) %WER 36.3636 [ 4 / 11, 0 insertions, 1 deletions, 3 sub ]
LOG (lattice-oracle[5.5.480~1-09abd]:main():lattice-oracle.cc:332) For utterance M430940100-4923265_139455-718736568_1594572842-GB-M-006, best cost 4
Lattice M430940100-4923265_139455-718736568_1594572842-GB-M-009 read.
LOG (lattice-oracle[5.5.480~1-09abd]:main():lattice-oracle.cc:318) %WER 52.6316 [ 10 / 19, 8 insertions, 0 deletions, 2 sub ]
LOG (lattice-oracle[5.5.480~1-09abd]:main():lattice-oracle.cc:332) For utterance M430940100-4923265_139455-718736568_1594572842-GB-M-009, best cost 10
Lattice M430940100-4923265_139455-718736568_1594572842-GB-M-015 read.
LOG (lattice-oracle[5.5.480~1-09abd]:main():lattice-oracle.cc:318) %WER 4.7619 [ 1 / 21, 1 insertions, 0 deletions, 0 sub ]
LOG (lattice-oracle[5.5.480~1-09abd]:main():lattice-oracle.cc:332) For utterance M430940100-4923265_139455-718736568_1594572842-GB-M-015, best cost 1
Lattice M434403605-291698356_32301-1099485348_1597931996-GB-M-001 read.
LOG (lattice-oracle[5.5.480~1-09abd]:main():lattice-oracle.cc:318) %WER 0 [ 0 / 8, 0 insertions, 0 deletions, 0 sub ]
LOG (lattice-oracle[5.5.480~1-09abd]:main():lattice-oracle.cc:332) For utterance M434403605-291698356_32301-1099485348_1597931996-GB-M-001, best cost 0
Lattice M434403605-291698356_32301-1099485348_1597931996-GB-M-002 read.
LOG (lattice-oracle[5.5.480~1-09abd]:main():lattice-oracle.cc:318) %WER 0 [ 0 / 8, 0 insertions, 0 deletions, 0 sub ]
LOG (lattice-oracle[5.5.480~1-09abd]:main():lattice-oracle.cc:332) For utterance M434403605-291698356_32301-1099485348_1597931996-GB-M-002, best cost 0
Lattice M434403605-291698356_32301-1099485348_1597931996-GB-M-003 read.
LOG (lattice-oracle[5.5.480~1-09abd]:main():lattice-oracle.cc:318) %WER 0 [ 0 / 9, 0 insertions, 0 deletions, 0 sub ]
LOG (lattice-oracle[5.5.480~1-09abd]:main():lattice-oracle.cc:332) For utterance M434403605-291698356_32301-1099485348_1597931996-GB-M-003, best cost 0
Lattice M434403605-291698356_32301-1099485348_1597931996-GB-M-005 read.
LOG (lattice-oracle[5.5.480~1-09abd]:main():lattice-oracle.cc:318) %WER 0 [ 0 / 6, 0 insertions, 0 deletions, 0 sub ]
LOG (lattice-oracle[5.5.480~1-09abd]:main():lattice-oracle.cc:332) For utterance M434403605-291698356_32301-1099485348_1597931996-GB-M-005, best cost 0
Lattice M434403605-291698356_32301-1099485348_1597931996-GB-M-006 read.
LOG (lattice-oracle[5.5.480~1-09abd]:main():lattice-oracle.cc:318) %WER 0 [ 0 / 9, 0 insertions, 0 deletions, 0 sub ]
LOG (lattice-oracle[5.5.480~1-09abd]:main():lattice-oracle.cc:332) For utterance M434403605-291698356_32301-1099485348_1597931996-GB-M-006, best cost 0
Lattice M434403605-291698356_32301-1099485348_1597931996-GB-M-008 read.
LOG (lattice-oracle[5.5.480~1-09abd]:main():lattice-oracle.cc:318) %WER 0 [ 0 / 4, 0 insertions, 0 deletions, 0 sub ]
LOG (lattice-oracle[5.5.480~1-09abd]:main():lattice-oracle.cc:332) For utterance M434403605-291698356_32301-1099485348_1597931996-GB-M-008, best cost 0
Lattice M434403605-291698356_32301-1099485348_1597931996-GB-M-009 read.
LOG (lattice-oracle[5.5.480~1-09abd]:main():lattice-oracle.cc:318) %WER 0 [ 0 / 4, 0 insertions, 0 deletions, 0 sub ]
LOG (lattice-oracle[5.5.480~1-09abd]:main():lattice-oracle.cc:332) For utterance M434403605-291698356_32301-1099485348_1597931996-GB-M-009, best cost 0
Lattice M434403605-291698356_32301-1099485348_1597931996-GB-M-010 read.
LOG (lattice-oracle[5.5.480~1-09abd]:main():lattice-oracle.cc:318) %WER 5.26316 [ 1 / 19, 0 insertions, 0 deletions, 1 sub ]
LOG (lattice-oracle[5.5.480~1-09abd]:main():lattice-oracle.cc:332) For utterance M434403605-291698356_32301-1099485348_1597931996-GB-M-010, best cost 1
Lattice M434403605-291698356_32301-1099485348_1597931996-GB-M-014 read.
LOG (lattice-oracle[5.5.480~1-09abd]:main():lattice-oracle.cc:318) %WER 0 [ 0 / 4, 0 insertions, 0 deletions, 0 sub ]
LOG (lattice-oracle[5.5.480~1-09abd]:main():lattice-oracle.cc:332) For utterance M434403605-291698356_32301-1099485348_1597931996-GB-M-014, best cost 0
Lattice M434403605-291698356_32301-1099485348_1597931996-GB-M-016 read.
LOG (lattice-oracle[5.5.480~1-09abd]:main():lattice-oracle.cc:318) %WER 25 [ 1 / 4, 0 insertions, 1 deletions, 0 sub ]
LOG (lattice-oracle[5.5.480~1-09abd]:main():lattice-oracle.cc:332) For utterance M434403605-291698356_32301-1099485348_1597931996-GB-M-016, best cost 1
Lattice M434403605-291698356_32301-1099485348_1597931996-GB-M-017 read.
LOG (lattice-oracle[5.5.480~1-09abd]:main():lattice-oracle.cc:318) %WER 0 [ 0 / 13, 0 insertions, 0 deletions, 0 sub ]
LOG (lattice-oracle[5.5.480~1-09abd]:main():lattice-oracle.cc:332) For utterance M434403605-291698356_32301-1099485348_1597931996-GB-M-017, best cost 0
Lattice M434403605-291698356_32301-1099485348_1597931996-GB-M-020 read.
LOG (lattice-oracle[5.5.480~1-09abd]:main():lattice-oracle.cc:318) %WER 0 [ 0 / 4, 0 insertions, 0 deletions, 0 sub ]
LOG (lattice-oracle[5.5.480~1-09abd]:main():lattice-oracle.cc:332) For utterance M434403605-291698356_32301-1099485348_1597931996-GB-M-020, best cost 0
Lattice M434403605-291698356_32301-1099485348_1597931996-GB-M-021 read.
LOG (lattice-oracle[5.5.480~1-09abd]:main():lattice-oracle.cc:318) %WER 0 [ 0 / 4, 0 insertions, 0 deletions, 0 sub ]
LOG (lattice-oracle[5.5.480~1-09abd]:main():lattice-oracle.cc:332) For utterance M434403605-291698356_32301-1099485348_1597931996-GB-M-021, best cost 0
Lattice M434403605-291698356_32301-1099485348_1597931996-GB-M-022 read.
LOG (lattice-oracle[5.5.480~1-09abd]:main():lattice-oracle.cc:318) %WER 0 [ 0 / 6, 0 insertions, 0 deletions, 0 sub ]
LOG (lattice-oracle[5.5.480~1-09abd]:main():lattice-oracle.cc:332) For utterance M434403605-291698356_32301-1099485348_1597931996-GB-M-022, best cost 0
Lattice M434403605-291698356_32301-1099485348_1597931996-GB-M-023 read.
LOG (lattice-oracle[5.5.480~1-09abd]:main():lattice-oracle.cc:318) %WER 25 [ 1 / 4, 0 insertions, 1 deletions, 0 sub ]
LOG (lattice-oracle[5.5.480~1-09abd]:main():lattice-oracle.cc:332) For utterance M434403605-291698356_32301-1099485348_1597931996-GB-M-023, best cost 1
Lattice M434403605-291698356_32301-1099485348_1597931996-GB-M-024 read.
LOG (lattice-oracle[5.5.480~1-09abd]:main():lattice-oracle.cc:318) %WER 0 [ 0 / 10, 0 insertions, 0 deletions, 0 sub ]
LOG (lattice-oracle[5.5.480~1-09abd]:main():lattice-oracle.cc:332) For utterance M434403605-291698356_32301-1099485348_1597931996-GB-M-024, best cost 0
Lattice M434403605-291698356_32301-1099485348_1597931996-GB-M-026 read.
LOG (lattice-oracle[5.5.480~1-09abd]:main():lattice-oracle.cc:318) %WER 42.8571 [ 3 / 7, 0 insertions, 2 deletions, 1 sub ]
LOG (lattice-oracle[5.5.480~1-09abd]:main():lattice-oracle.cc:332) For utterance M434403605-291698356_32301-1099485348_1597931996-GB-M-026, best cost 3
Lattice M434403605-291698356_32301-1099485348_1597931996-GB-M-027 read.
LOG (lattice-oracle[5.5.480~1-09abd]:main():lattice-oracle.cc:318) %WER 50 [ 3 / 6, 0 insertions, 3 deletions, 0 sub ]
LOG (lattice-oracle[5.5.480~1-09abd]:main():lattice-oracle.cc:332) For utterance M434403605-291698356_32301-1099485348_1597931996-GB-M-027, best cost 3
Lattice M434403605-291698356_32301-1099485348_1597931996-GB-M-028 read.
LOG (lattice-oracle[5.5.480~1-09abd]:main():lattice-oracle.cc:318) %WER 6.66667 [ 1 / 15, 0 insertions, 1 deletions, 0 sub ]
LOG (lattice-oracle[5.5.480~1-09abd]:main():lattice-oracle.cc:332) For utterance M434403605-291698356_32301-1099485348_1597931996-GB-M-028, best cost 1
Lattice M434403605-291698356_32301-1099485348_1597931996-GB-M-031 read.
LOG (lattice-oracle[5.5.480~1-09abd]:main():lattice-oracle.cc:318) %WER 33.3333 [ 4 / 12, 0 insertions, 3 deletions, 1 sub ]
LOG (lattice-oracle[5.5.480~1-09abd]:main():lattice-oracle.cc:332) For utterance M434403605-291698356_32301-1099485348_1597931996-GB-M-031, best cost 4
Lattice M434403605-291698356_32301-1099485348_1597931996-GB-M-033 read.
LOG (lattice-oracle[5.5.480~1-09abd]:main():lattice-oracle.cc:318) %WER 0 [ 0 / 4, 0 insertions, 0 deletions, 0 sub ]
LOG (lattice-oracle[5.5.480~1-09abd]:main():lattice-oracle.cc:332) For utterance M434403605-291698356_32301-1099485348_1597931996-GB-M-033, best cost 0
Lattice M434403605-291698356_32301-1099485348_1597931996-GB-M-034 read.
LOG (lattice-oracle[5.5.480~1-09abd]:main():lattice-oracle.cc:318) %WER 78.9474 [ 15 / 19, 0 insertions, 12 deletions, 3 sub ]
LOG (lattice-oracle[5.5.480~1-09abd]:main():lattice-oracle.cc:332) For utterance M434403605-291698356_32301-1099485348_1597931996-GB-M-034, best cost 15
Lattice M434535751-442355485_243761-434535677_1579399493-GB-M-001 read.
LOG (lattice-oracle[5.5.480~1-09abd]:main():lattice-oracle.cc:318) %WER 0 [ 0 / 4, 0 insertions, 0 deletions, 0 sub ]
LOG (lattice-oracle[5.5.480~1-09abd]:main():lattice-oracle.cc:332) For utterance M434535751-442355485_243761-434535677_1579399493-GB-M-001, best cost 0
Lattice M434535751-442355485_243761-434535677_1579399493-GB-M-002 read.
LOG (lattice-oracle[5.5.480~1-09abd]:main():lattice-oracle.cc:318) %WER 0 [ 0 / 10, 0 insertions, 0 deletions, 0 sub ]
LOG (lattice-oracle[5.5.480~1-09abd]:main():lattice-oracle.cc:332) For utterance M434535751-442355485_243761-434535677_1579399493-GB-M-002, best cost 0
Lattice M434535751-442355485_243761-434535677_1579399493-GB-M-004 read.
LOG (lattice-oracle[5.5.480~1-09abd]:main():lattice-oracle.cc:318) %WER 0 [ 0 / 4, 0 insertions, 0 deletions, 0 sub ]
LOG (lattice-oracle[5.5.480~1-09abd]:main():lattice-oracle.cc:332) For utterance M434535751-442355485_243761-434535677_1579399493-GB-M-004, best cost 0
Lattice M434535751-442355485_243761-434535677_1579399493-GB-M-005 read.
LOG (lattice-oracle[5.5.480~1-09abd]:main():lattice-oracle.cc:318) %WER 0 [ 0 / 8, 0 insertions, 0 deletions, 0 sub ]
LOG (lattice-oracle[5.5.480~1-09abd]:main():lattice-oracle.cc:332) For utterance M434535751-442355485_243761-434535677_1579399493-GB-M-005, best cost 0
Lattice M434535751-442355485_243761-434535677_1579399493-GB-M-008 read.
LOG (lattice-oracle[5.5.480~1-09abd]:main():lattice-oracle.cc:318) %WER 0 [ 0 / 19, 0 insertions, 0 deletions, 0 sub ]
LOG (lattice-oracle[5.5.480~1-09abd]:main():lattice-oracle.cc:332) For utterance M434535751-442355485_243761-434535677_1579399493-GB-M-008, best cost 0
Lattice M434535751-442355485_243761-434535677_1579399493-GB-M-013 read.
LOG (lattice-oracle[5.5.480~1-09abd]:main():lattice-oracle.cc:318) %WER 25 [ 2 / 8, 0 insertions, 1 deletions, 1 sub ]
LOG (lattice-oracle[5.5.480~1-09abd]:main():lattice-oracle.cc:332) For utterance M434535751-442355485_243761-434535677_1579399493-GB-M-013, best cost 2
Lattice M434535751-442355485_243761-434535677_1579399493-GB-M-014 read.
LOG (lattice-oracle[5.5.480~1-09abd]:main():lattice-oracle.cc:318) %WER 0 [ 0 / 15, 0 insertions, 0 deletions, 0 sub ]
LOG (lattice-oracle[5.5.480~1-09abd]:main():lattice-oracle.cc:332) For utterance M434535751-442355485_243761-434535677_1579399493-GB-M-014, best cost 0
Lattice M434535751-442355485_243761-434535677_1579399493-GB-M-017 read.
LOG (lattice-oracle[5.5.480~1-09abd]:main():lattice-oracle.cc:318) %WER 0 [ 0 / 22, 0 insertions, 0 deletions, 0 sub ]
LOG (lattice-oracle[5.5.480~1-09abd]:main():lattice-oracle.cc:332) For utterance M434535751-442355485_243761-434535677_1579399493-GB-M-017, best cost 0
Lattice M434535751-442355485_243761-434535677_1579399493-GB-M-022 read.
LOG (lattice-oracle[5.5.480~1-09abd]:main():lattice-oracle.cc:318) %WER 0 [ 0 / 27, 0 insertions, 0 deletions, 0 sub ]
LOG (lattice-oracle[5.5.480~1-09abd]:main():lattice-oracle.cc:332) For utterance M434535751-442355485_243761-434535677_1579399493-GB-M-022, best cost 0
Lattice M434535751-442355485_243761-434535677_1579399493-GB-M-029 read.
LOG (lattice-oracle[5.5.480~1-09abd]:main():lattice-oracle.cc:318) %WER 25 [ 2 / 8, 2 insertions, 0 deletions, 0 sub ]
LOG (lattice-oracle[5.5.480~1-09abd]:main():lattice-oracle.cc:332) For utterance M434535751-442355485_243761-434535677_1579399493-GB-M-029, best cost 2
Lattice M434535751-442355485_243761-434535677_1579399493-GB-M-031 read.
LOG (lattice-oracle[5.5.480~1-09abd]:main():lattice-oracle.cc:318) %WER 0 [ 0 / 28, 0 insertions, 0 deletions, 0 sub ]
LOG (lattice-oracle[5.5.480~1-09abd]:main():lattice-oracle.cc:332) For utterance M434535751-442355485_243761-434535677_1579399493-GB-M-031, best cost 0
Lattice M434535751-442355485_243761-434535677_1579399493-GB-M-038 read.
LOG (lattice-oracle[5.5.480~1-09abd]:main():lattice-oracle.cc:318) %WER 4.54545 [ 1 / 22, 0 insertions, 1 deletions, 0 sub ]
LOG (lattice-oracle[5.5.480~1-09abd]:main():lattice-oracle.cc:332) For utterance M434535751-442355485_243761-434535677_1579399493-GB-M-038, best cost 1
Lattice M434535751-442355485_243761-434535677_1579399493-GB-M-042 read.
LOG (lattice-oracle[5.5.480~1-09abd]:main():lattice-oracle.cc:318) %WER 0 [ 0 / 27, 0 insertions, 0 deletions, 0 sub ]
LOG (lattice-oracle[5.5.480~1-09abd]:main():lattice-oracle.cc:332) For utterance M434535751-442355485_243761-434535677_1579399493-GB-M-042, best cost 0
Lattice M435196084-474572_111629-435194255_1593784991-GB-M-003 read.
LOG (lattice-oracle[5.5.480~1-09abd]:main():lattice-oracle.cc:318) %WER 0 [ 0 / 19, 0 insertions, 0 deletions, 0 sub ]
LOG (lattice-oracle[5.5.480~1-09abd]:main():lattice-oracle.cc:332) For utterance M435196084-474572_111629-435194255_1593784991-GB-M-003, best cost 0
Lattice M435196084-474572_111629-435194255_1593784991-GB-M-007 read.
LOG (lattice-oracle[5.5.480~1-09abd]:main():lattice-oracle.cc:318) %WER 12.5 [ 1 / 8, 0 insertions, 1 deletions, 0 sub ]
LOG (lattice-oracle[5.5.480~1-09abd]:main():lattice-oracle.cc:332) For utterance M435196084-474572_111629-435194255_1593784991-GB-M-007, best cost 1
Lattice M435196084-474572_111629-435194255_1593784991-GB-M-008 read.
LOG (lattice-oracle[5.5.480~1-09abd]:main():lattice-oracle.cc:318) %WER 0 [ 0 / 6, 0 insertions, 0 deletions, 0 sub ]
LOG (lattice-oracle[5.5.480~1-09abd]:main():lattice-oracle.cc:332) For utterance M435196084-474572_111629-435194255_1593784991-GB-M-008, best cost 0
Lattice M435196084-474572_111629-435194255_1593784991-GB-M-010 read.
LOG (lattice-oracle[5.5.480~1-09abd]:main():lattice-oracle.cc:318) %WER 14.2857 [ 1 / 7, 1 insertions, 0 deletions, 0 sub ]
LOG (lattice-oracle[5.5.480~1-09abd]:main():lattice-oracle.cc:332) For utterance M435196084-474572_111629-435194255_1593784991-GB-M-010, best cost 1
Lattice M435196084-474572_111629-435194255_1593784991-GB-M-011 read.
LOG (lattice-oracle[5.5.480~1-09abd]:main():lattice-oracle.cc:318) %WER 28.5714 [ 2 / 7, 0 insertions, 0 deletions, 2 sub ]
LOG (lattice-oracle[5.5.480~1-09abd]:main():lattice-oracle.cc:332) For utterance M435196084-474572_111629-435194255_1593784991-GB-M-011, best cost 2
Lattice M435196084-474572_111629-435194255_1593784991-GB-M-012 read.
LOG (lattice-oracle[5.5.480~1-09abd]:main():lattice-oracle.cc:318) %WER 0 [ 0 / 7, 0 insertions, 0 deletions, 0 sub ]
LOG (lattice-oracle[5.5.480~1-09abd]:main():lattice-oracle.cc:332) For utterance M435196084-474572_111629-435194255_1593784991-GB-M-012, best cost 0
Lattice M435196084-474572_111629-435194255_1593784991-GB-M-014 read.
LOG (lattice-oracle[5.5.480~1-09abd]:main():lattice-oracle.cc:318) %WER 28.5714 [ 2 / 7, 0 insertions, 1 deletions, 1 sub ]
LOG (lattice-oracle[5.5.480~1-09abd]:main():lattice-oracle.cc:332) For utterance M435196084-474572_111629-435194255_1593784991-GB-M-014, best cost 2
Lattice M435196084-474572_111629-435194255_1593784991-GB-M-016 read.
LOG (lattice-oracle[5.5.480~1-09abd]:main():lattice-oracle.cc:318) %WER 0 [ 0 / 13, 0 insertions, 0 deletions, 0 sub ]
LOG (lattice-oracle[5.5.480~1-09abd]:main():lattice-oracle.cc:332) For utterance M435196084-474572_111629-435194255_1593784991-GB-M-016, best cost 0
Lattice M435196084-474572_111629-435194255_1593784991-GB-M-019 read.
LOG (lattice-oracle[5.5.480~1-09abd]:main():lattice-oracle.cc:318) %WER 0 [ 0 / 3, 0 insertions, 0 deletions, 0 sub ]
LOG (lattice-oracle[5.5.480~1-09abd]:main():lattice-oracle.cc:332) For utterance M435196084-474572_111629-435194255_1593784991-GB-M-019, best cost 0
Lattice M435196084-474572_111629-435194255_1593784991-GB-M-020 read.
LOG (lattice-oracle[5.5.480~1-09abd]:main():lattice-oracle.cc:318) %WER 0 [ 0 / 3, 0 insertions, 0 deletions, 0 sub ]
LOG (lattice-oracle[5.5.480~1-09abd]:main():lattice-oracle.cc:332) For utterance M435196084-474572_111629-435194255_1593784991-GB-M-020, best cost 0
Lattice M435196084-474572_111629-435194255_1593784991-GB-M-021 read.
LOG (lattice-oracle[5.5.480~1-09abd]:main():lattice-oracle.cc:318) %WER 25 [ 1 / 4, 0 insertions, 1 deletions, 0 sub ]
LOG (lattice-oracle[5.5.480~1-09abd]:main():lattice-oracle.cc:332) For utterance M435196084-474572_111629-435194255_1593784991-GB-M-021, best cost 1
Lattice M435196084-474572_111629-435194255_1593784991-GB-M-022 read.
LOG (lattice-oracle[5.5.480~1-09abd]:main():lattice-oracle.cc:318) %WER 0 [ 0 / 4, 0 insertions, 0 deletions, 0 sub ]
LOG (lattice-oracle[5.5.480~1-09abd]:main():lattice-oracle.cc:332) For utterance M435196084-474572_111629-435194255_1593784991-GB-M-022, best cost 0
Lattice M435196084-474572_111629-435194255_1593784991-GB-M-023 read.
LOG (lattice-oracle[5.5.480~1-09abd]:main():lattice-oracle.cc:318) %WER 33.3333 [ 3 / 9, 3 insertions, 0 deletions, 0 sub ]
LOG (lattice-oracle[5.5.480~1-09abd]:main():lattice-oracle.cc:332) For utterance M435196084-474572_111629-435194255_1593784991-GB-M-023, best cost 3
Lattice M435196084-474572_111629-435194255_1593784991-GB-M-025 read.
LOG (lattice-oracle[5.5.480~1-09abd]:main():lattice-oracle.cc:318) %WER 0 [ 0 / 6, 0 insertions, 0 deletions, 0 sub ]
LOG (lattice-oracle[5.5.480~1-09abd]:main():lattice-oracle.cc:332) For utterance M435196084-474572_111629-435194255_1593784991-GB-M-025, best cost 0
Lattice M435196084-474572_111629-435194255_1593784991-GB-M-026 read.
LOG (lattice-oracle[5.5.480~1-09abd]:main():lattice-oracle.cc:318) %WER 0 [ 0 / 6, 0 insertions, 0 deletions, 0 sub ]
LOG (lattice-oracle[5.5.480~1-09abd]:main():lattice-oracle.cc:332) For utterance M435196084-474572_111629-435194255_1593784991-GB-M-026, best cost 0
Lattice M435196084-474572_111629-435194255_1593784991-GB-M-029 read.
LOG (lattice-oracle[5.5.480~1-09abd]:main():lattice-oracle.cc:318) %WER 60 [ 6 / 10, 0 insertions, 5 deletions, 1 sub ]
LOG (lattice-oracle[5.5.480~1-09abd]:main():lattice-oracle.cc:332) For utterance M435196084-474572_111629-435194255_1593784991-GB-M-029, best cost 6
Lattice M440399846-3769415_3769415-492119190_1588536831-GB-M-002 read.
LOG (lattice-oracle[5.5.480~1-09abd]:main():lattice-oracle.cc:318) %WER 100 [ 18 / 18, 0 insertions, 18 deletions, 0 sub ]
LOG (lattice-oracle[5.5.480~1-09abd]:main():lattice-oracle.cc:332) For utterance M440399846-3769415_3769415-492119190_1588536831-GB-M-002, best cost 18
Lattice M440399846-3769415_3769415-492119190_1588536831-GB-M-004 read.
LOG (lattice-oracle[5.5.480~1-09abd]:main():lattice-oracle.cc:318) %WER 31.0606 [ 41 / 132, 1 insertions, 21 deletions, 19 sub ]
LOG (lattice-oracle[5.5.480~1-09abd]:main():lattice-oracle.cc:332) For utterance M440399846-3769415_3769415-492119190_1588536831-GB-M-004, best cost 41
Lattice M440399846-3769415_3769415-492119190_1588536831-GB-M-024 read.
LOG (lattice-oracle[5.5.480~1-09abd]:main():lattice-oracle.cc:318) %WER 56.9231 [ 37 / 65, 0 insertions, 34 deletions, 3 sub ]
LOG (lattice-oracle[5.5.480~1-09abd]:main():lattice-oracle.cc:332) For utterance M440399846-3769415_3769415-492119190_1588536831-GB-M-024, best cost 37
Lattice M440399846-3769415_3769415-492119190_1588536831-GB-M-033 read.
LOG (lattice-oracle[5.5.480~1-09abd]:main():lattice-oracle.cc:318) %WER 357.143 [ 25 / 7, 25 insertions, 0 deletions, 0 sub ]
LOG (lattice-oracle[5.5.480~1-09abd]:main():lattice-oracle.cc:332) For utterance M440399846-3769415_3769415-492119190_1588536831-GB-M-033, best cost 25
Lattice M440399846-3769415_3769415-492119190_1588536831-GB-M-037 read.
LOG (lattice-oracle[5.5.480~1-09abd]:main():lattice-oracle.cc:318) %WER 10.6667 [ 8 / 75, 0 insertions, 8 deletions, 0 sub ]
LOG (lattice-oracle[5.5.480~1-09abd]:main():lattice-oracle.cc:332) For utterance M440399846-3769415_3769415-492119190_1588536831-GB-M-037, best cost 8
Lattice M440399846-3769415_3769415-492119190_1588536831-GB-M-049 read.
LOG (lattice-oracle[5.5.480~1-09abd]:main():lattice-oracle.cc:318) %WER 55.4545 [ 61 / 110, 1 insertions, 49 deletions, 11 sub ]
LOG (lattice-oracle[5.5.480~1-09abd]:main():lattice-oracle.cc:332) For utterance M440399846-3769415_3769415-492119190_1588536831-GB-M-049, best cost 61
Lattice M440399846-3769646_3769646-312557207_1641434643-GB-M-002 read.
LOG (lattice-oracle[5.5.480~1-09abd]:main():lattice-oracle.cc:318) %WER 0 [ 0 / 11, 0 insertions, 0 deletions, 0 sub ]
LOG (lattice-oracle[5.5.480~1-09abd]:main():lattice-oracle.cc:332) For utterance M440399846-3769646_3769646-312557207_1641434643-GB-M-002, best cost 0
Lattice M440399846-3769646_3769646-312557207_1641434643-GB-M-004 read.
LOG (lattice-oracle[5.5.480~1-09abd]:main():lattice-oracle.cc:318) %WER 9.09091 [ 1 / 11, 0 insertions, 1 deletions, 0 sub ]
LOG (lattice-oracle[5.5.480~1-09abd]:main():lattice-oracle.cc:332) For utterance M440399846-3769646_3769646-312557207_1641434643-GB-M-004, best cost 1
Lattice M440399846-3769646_3769646-312557207_1641434643-GB-M-006 read.
LOG (lattice-oracle[5.5.480~1-09abd]:main():lattice-oracle.cc:318) %WER 0 [ 0 / 7, 0 insertions, 0 deletions, 0 sub ]
LOG (lattice-oracle[5.5.480~1-09abd]:main():lattice-oracle.cc:332) For utterance M440399846-3769646_3769646-312557207_1641434643-GB-M-006, best cost 0
Lattice M440399846-3769646_3769646-312557207_1641434643-GB-M-007 read.
LOG (lattice-oracle[5.5.480~1-09abd]:main():lattice-oracle.cc:318) %WER 0 [ 0 / 36, 0 insertions, 0 deletions, 0 sub ]
LOG (lattice-oracle[5.5.480~1-09abd]:main():lattice-oracle.cc:332) For utterance M440399846-3769646_3769646-312557207_1641434643-GB-M-007, best cost 0
Lattice M440399846-3769646_3769646-312557207_1641434643-GB-M-011 read.
LOG (lattice-oracle[5.5.480~1-09abd]:main():lattice-oracle.cc:318) %WER 0 [ 0 / 10, 0 insertions, 0 deletions, 0 sub ]
LOG (lattice-oracle[5.5.480~1-09abd]:main():lattice-oracle.cc:332) For utterance M440399846-3769646_3769646-312557207_1641434643-GB-M-011, best cost 0
Lattice M440399846-3769646_3769646-312557207_1641434643-GB-M-012 read.
LOG (lattice-oracle[5.5.480~1-09abd]:main():lattice-oracle.cc:318) %WER 0 [ 0 / 12, 0 insertions, 0 deletions, 0 sub ]
LOG (lattice-oracle[5.5.480~1-09abd]:main():lattice-oracle.cc:332) For utterance M440399846-3769646_3769646-312557207_1641434643-GB-M-012, best cost 0
Lattice M440399846-3769646_3769646-312557207_1641434643-GB-M-015 read.
LOG (lattice-oracle[5.5.480~1-09abd]:main():lattice-oracle.cc:318) %WER 16.6667 [ 1 / 6, 1 insertions, 0 deletions, 0 sub ]
LOG (lattice-oracle[5.5.480~1-09abd]:main():lattice-oracle.cc:332) For utterance M440399846-3769646_3769646-312557207_1641434643-GB-M-015, best cost 1
Lattice M440399846-3769646_3769646-312557207_1641434643-GB-M-017 read.
LOG (lattice-oracle[5.5.480~1-09abd]:main():lattice-oracle.cc:318) %WER 0 [ 0 / 11, 0 insertions, 0 deletions, 0 sub ]
LOG (lattice-oracle[5.5.480~1-09abd]:main():lattice-oracle.cc:332) For utterance M440399846-3769646_3769646-312557207_1641434643-GB-M-017, best cost 0
Lattice M440399846-3769646_3769646-312557207_1641434643-GB-M-018 read.
LOG (lattice-oracle[5.5.480~1-09abd]:main():lattice-oracle.cc:318) %WER 16.6667 [ 2 / 12, 2 insertions, 0 deletions, 0 sub ]
LOG (lattice-oracle[5.5.480~1-09abd]:main():lattice-oracle.cc:332) For utterance M440399846-3769646_3769646-312557207_1641434643-GB-M-018, best cost 2
Lattice M440399846-3769646_3769646-312557207_1641434643-GB-M-019 read.
LOG (lattice-oracle[5.5.480~1-09abd]:main():lattice-oracle.cc:318) %WER 84.6154 [ 11 / 13, 0 insertions, 9 deletions, 2 sub ]
LOG (lattice-oracle[5.5.480~1-09abd]:main():lattice-oracle.cc:332) For utterance M440399846-3769646_3769646-312557207_1641434643-GB-M-019, best cost 11
Lattice M440399846-3769646_3769646-312557207_1641434643-GB-M-020 read.
LOG (lattice-oracle[5.5.480~1-09abd]:main():lattice-oracle.cc:318) %WER 20 [ 2 / 10, 0 insertions, 2 deletions, 0 sub ]
LOG (lattice-oracle[5.5.480~1-09abd]:main():lattice-oracle.cc:332) For utterance M440399846-3769646_3769646-312557207_1641434643-GB-M-020, best cost 2
Lattice M440399846-3769646_3769646-312557207_1641434643-GB-M-021 read.
LOG (lattice-oracle[5.5.480~1-09abd]:main():lattice-oracle.cc:318) %WER 7.69231 [ 1 / 13, 0 insertions, 0 deletions, 1 sub ]
LOG (lattice-oracle[5.5.480~1-09abd]:main():lattice-oracle.cc:332) For utterance M440399846-3769646_3769646-312557207_1641434643-GB-M-021, best cost 1
Lattice M440399846-3769646_3769646-312557207_1641434643-GB-M-023 read.
LOG (lattice-oracle[5.5.480~1-09abd]:main():lattice-oracle.cc:318) %WER 0 [ 0 / 7, 0 insertions, 0 deletions, 0 sub ]
LOG (lattice-oracle[5.5.480~1-09abd]:main():lattice-oracle.cc:332) For utterance M440399846-3769646_3769646-312557207_1641434643-GB-M-023, best cost 0
Lattice M440399846-3769646_3769646-312557207_1641434643-GB-M-025 read.
LOG (lattice-oracle[5.5.480~1-09abd]:main():lattice-oracle.cc:318) %WER 0 [ 0 / 6, 0 insertions, 0 deletions, 0 sub ]
LOG (lattice-oracle[5.5.480~1-09abd]:main():lattice-oracle.cc:332) For utterance M440399846-3769646_3769646-312557207_1641434643-GB-M-025, best cost 0
Lattice M440399846-3769646_3769646-312557207_1641434643-GB-M-027 read.
LOG (lattice-oracle[5.5.480~1-09abd]:main():lattice-oracle.cc:318) %WER 0 [ 0 / 5, 0 insertions, 0 deletions, 0 sub ]
LOG (lattice-oracle[5.5.480~1-09abd]:main():lattice-oracle.cc:332) For utterance M440399846-3769646_3769646-312557207_1641434643-GB-M-027, best cost 0
Lattice M440399846-3769646_3769646-312557207_1641434643-GB-M-029 read.
LOG (lattice-oracle[5.5.480~1-09abd]:main():lattice-oracle.cc:318) %WER 0 [ 0 / 13, 0 insertions, 0 deletions, 0 sub ]
LOG (lattice-oracle[5.5.480~1-09abd]:main():lattice-oracle.cc:332) For utterance M440399846-3769646_3769646-312557207_1641434643-GB-M-029, best cost 0
Lattice M440399846-3769646_3769646-312557207_1641434643-GB-M-030 read.
LOG (lattice-oracle[5.5.480~1-09abd]:main():lattice-oracle.cc:318) %WER 0 [ 0 / 13, 0 insertions, 0 deletions, 0 sub ]
LOG (lattice-oracle[5.5.480~1-09abd]:main():lattice-oracle.cc:332) For utterance M440399846-3769646_3769646-312557207_1641434643-GB-M-030, best cost 0
Lattice M440399846-3771456_3771456-492119190_1588491838-GB-M-001 read.
LOG (lattice-oracle[5.5.480~1-09abd]:main():lattice-oracle.cc:318) %WER 100 [ 8 / 8, 0 insertions, 8 deletions, 0 sub ]
LOG (lattice-oracle[5.5.480~1-09abd]:main():lattice-oracle.cc:332) For utterance M440399846-3771456_3771456-492119190_1588491838-GB-M-001, best cost 8
Lattice M440399846-3771456_3771456-492119190_1588491838-GB-M-002 read.
LOG (lattice-oracle[5.5.480~1-09abd]:main():lattice-oracle.cc:318) %WER 100 [ 4 / 4, 0 insertions, 4 deletions, 0 sub ]
LOG (lattice-oracle[5.5.480~1-09abd]:main():lattice-oracle.cc:332) For utterance M440399846-3771456_3771456-492119190_1588491838-GB-M-002, best cost 4
Lattice M440399846-3771456_3771456-492119190_1588491838-GB-M-003 read.
LOG (lattice-oracle[5.5.480~1-09abd]:main():lattice-oracle.cc:318) %WER 100 [ 4 / 4, 0 insertions, 4 deletions, 0 sub ]
LOG (lattice-oracle[5.5.480~1-09abd]:main():lattice-oracle.cc:332) For utterance M440399846-3771456_3771456-492119190_1588491838-GB-M-003, best cost 4
Lattice M440399846-3771456_3771456-492119190_1588491838-GB-M-004 read.
LOG (lattice-oracle[5.5.480~1-09abd]:main():lattice-oracle.cc:318) %WER 0 [ 0 / 12, 0 insertions, 0 deletions, 0 sub ]
LOG (lattice-oracle[5.5.480~1-09abd]:main():lattice-oracle.cc:332) For utterance M440399846-3771456_3771456-492119190_1588491838-GB-M-004, best cost 0
Lattice M440399846-3771456_3771456-492119190_1588491838-GB-M-006 read.
LOG (lattice-oracle[5.5.480~1-09abd]:main():lattice-oracle.cc:318) %WER 60 [ 9 / 15, 0 insertions, 9 deletions, 0 sub ]
LOG (lattice-oracle[5.5.480~1-09abd]:main():lattice-oracle.cc:332) For utterance M440399846-3771456_3771456-492119190_1588491838-GB-M-006, best cost 9
Lattice M440399846-3771456_3771456-492119190_1588491838-GB-M-008 read.
LOG (lattice-oracle[5.5.480~1-09abd]:main():lattice-oracle.cc:318) %WER 46.1538 [ 6 / 13, 0 insertions, 5 deletions, 1 sub ]
LOG (lattice-oracle[5.5.480~1-09abd]:main():lattice-oracle.cc:332) For utterance M440399846-3771456_3771456-492119190_1588491838-GB-M-008, best cost 6
Lattice M440399846-3771456_3771456-492119190_1588491838-GB-M-010 read.
LOG (lattice-oracle[5.5.480~1-09abd]:main():lattice-oracle.cc:318) %WER 39.6226 [ 21 / 53, 0 insertions, 15 deletions, 6 sub ]
LOG (lattice-oracle[5.5.480~1-09abd]:main():lattice-oracle.cc:332) For utterance M440399846-3771456_3771456-492119190_1588491838-GB-M-010, best cost 21
Lattice M440399846-3771456_3771456-492119190_1588491838-GB-M-019 read.
LOG (lattice-oracle[5.5.480~1-09abd]:main():lattice-oracle.cc:318) %WER 64 [ 16 / 25, 0 insertions, 8 deletions, 8 sub ]
LOG (lattice-oracle[5.5.480~1-09abd]:main():lattice-oracle.cc:332) For utterance M440399846-3771456_3771456-492119190_1588491838-GB-M-019, best cost 16
Lattice M440399846-3771456_3771456-492119190_1588491838-GB-M-023 read.
LOG (lattice-oracle[5.5.480~1-09abd]:main():lattice-oracle.cc:318) %WER 85.7143 [ 6 / 7, 0 insertions, 6 deletions, 0 sub ]
LOG (lattice-oracle[5.5.480~1-09abd]:main():lattice-oracle.cc:332) For utterance M440399846-3771456_3771456-492119190_1588491838-GB-M-023, best cost 6
Lattice M440399846-3771456_3771456-492119190_1588491838-GB-M-024 read.
LOG (lattice-oracle[5.5.480~1-09abd]:main():lattice-oracle.cc:318) %WER 37.5 [ 9 / 24, 0 insertions, 6 deletions, 3 sub ]
LOG (lattice-oracle[5.5.480~1-09abd]:main():lattice-oracle.cc:332) For utterance M440399846-3771456_3771456-492119190_1588491838-GB-M-024, best cost 9
Lattice M440399846-3771456_3771456-492119190_1588491838-GB-M-029 read.
LOG (lattice-oracle[5.5.480~1-09abd]:main():lattice-oracle.cc:318) %WER 0 [ 0 / 1, 0 insertions, 0 deletions, 0 sub ]
LOG (lattice-oracle[5.5.480~1-09abd]:main():lattice-oracle.cc:332) For utterance M440399846-3771456_3771456-492119190_1588491838-GB-M-029, best cost 0
Lattice M440399846-3771456_3771456-492119190_1588491838-GB-M-030 read.
LOG (lattice-oracle[5.5.480~1-09abd]:main():lattice-oracle.cc:318) %WER 100 [ 6 / 6, 0 insertions, 6 deletions, 0 sub ]
LOG (lattice-oracle[5.5.480~1-09abd]:main():lattice-oracle.cc:332) For utterance M440399846-3771456_3771456-492119190_1588491838-GB-M-030, best cost 6
Lattice M440399846-3771456_3771456-492119190_1588491838-GB-M-033 read.
LOG (lattice-oracle[5.5.480~1-09abd]:main():lattice-oracle.cc:318) %WER 100 [ 7 / 7, 0 insertions, 7 deletions, 0 sub ]
LOG (lattice-oracle[5.5.480~1-09abd]:main():lattice-oracle.cc:332) For utterance M440399846-3771456_3771456-492119190_1588491838-GB-M-033, best cost 7
Lattice M440399846-3771456_3771456-492119190_1588491838-GB-M-034 read.
LOG (lattice-oracle[5.5.480~1-09abd]:main():lattice-oracle.cc:318) %WER 100 [ 12 / 12, 0 insertions, 12 deletions, 0 sub ]
LOG (lattice-oracle[5.5.480~1-09abd]:main():lattice-oracle.cc:332) For utterance M440399846-3771456_3771456-492119190_1588491838-GB-M-034, best cost 12
Lattice M440399846-3771456_3771456-492119190_1588491838-GB-M-036 read.
LOG (lattice-oracle[5.5.480~1-09abd]:main():lattice-oracle.cc:318) %WER 26.3158 [ 10 / 38, 2 insertions, 2 deletions, 6 sub ]
LOG (lattice-oracle[5.5.480~1-09abd]:main():lattice-oracle.cc:332) For utterance M440399846-3771456_3771456-492119190_1588491838-GB-M-036, best cost 10
Lattice M440399846-3771456_3771456-492119190_1588491838-GB-M-045 read.
LOG (lattice-oracle[5.5.480~1-09abd]:main():lattice-oracle.cc:318) %WER 100 [ 8 / 8, 0 insertions, 8 deletions, 0 sub ]
LOG (lattice-oracle[5.5.480~1-09abd]:main():lattice-oracle.cc:332) For utterance M440399846-3771456_3771456-492119190_1588491838-GB-M-045, best cost 8
Lattice M440547756-3771932_3771932-79275578_1566435052-GB-M-001 read.
LOG (lattice-oracle[5.5.480~1-09abd]:main():lattice-oracle.cc:318) %WER 4.28571 [ 3 / 70, 2 insertions, 0 deletions, 1 sub ]
LOG (lattice-oracle[5.5.480~1-09abd]:main():lattice-oracle.cc:332) For utterance M440547756-3771932_3771932-79275578_1566435052-GB-M-001, best cost 3
Lattice M440547756-3771932_3771932-79275578_1566435052-GB-M-015 read.
LOG (lattice-oracle[5.5.480~1-09abd]:main():lattice-oracle.cc:318) %WER 76.1905 [ 16 / 21, 0 insertions, 10 deletions, 6 sub ]
LOG (lattice-oracle[5.5.480~1-09abd]:main():lattice-oracle.cc:332) For utterance M440547756-3771932_3771932-79275578_1566435052-GB-M-015, best cost 16
Lattice M440547756-3771932_3771932-79275578_1566435052-GB-M-018 read.
LOG (lattice-oracle[5.5.480~1-09abd]:main():lattice-oracle.cc:318) %WER 0 [ 0 / 2, 0 insertions, 0 deletions, 0 sub ]
LOG (lattice-oracle[5.5.480~1-09abd]:main():lattice-oracle.cc:332) For utterance M440547756-3771932_3771932-79275578_1566435052-GB-M-018, best cost 0
Lattice M440547756-3771932_3771932-79275578_1566435052-GB-M-019 read.
LOG (lattice-oracle[5.5.480~1-09abd]:main():lattice-oracle.cc:318) %WER 16.6667 [ 2 / 12, 0 insertions, 1 deletions, 1 sub ]
LOG (lattice-oracle[5.5.480~1-09abd]:main():lattice-oracle.cc:332) For utterance M440547756-3771932_3771932-79275578_1566435052-GB-M-019, best cost 2
Lattice M440547756-3771932_3771932-79275578_1566435052-GB-M-021 read.
LOG (lattice-oracle[5.5.480~1-09abd]:main():lattice-oracle.cc:318) %WER 36 [ 9 / 25, 0 insertions, 4 deletions, 5 sub ]
LOG (lattice-oracle[5.5.480~1-09abd]:main():lattice-oracle.cc:332) For utterance M440547756-3771932_3771932-79275578_1566435052-GB-M-021, best cost 9
Lattice M440547756-3771932_3771932-79275578_1566435052-GB-M-024 read.
LOG (lattice-oracle[5.5.480~1-09abd]:main():lattice-oracle.cc:318) %WER 11.1111 [ 1 / 9, 0 insertions, 1 deletions, 0 sub ]
LOG (lattice-oracle[5.5.480~1-09abd]:main():lattice-oracle.cc:332) For utterance M440547756-3771932_3771932-79275578_1566435052-GB-M-024, best cost 1
Lattice M440547756-3771932_3771932-79275578_1566435052-GB-M-026 read.
LOG (lattice-oracle[5.5.480~1-09abd]:main():lattice-oracle.cc:318) %WER 29.4118 [ 10 / 34, 5 insertions, 4 deletions, 1 sub ]
LOG (lattice-oracle[5.5.480~1-09abd]:main():lattice-oracle.cc:332) For utterance M440547756-3771932_3771932-79275578_1566435052-GB-M-026, best cost 10
Lattice M440547756-3771932_3771932-79275578_1566435052-GB-M-033 read.
LOG (lattice-oracle[5.5.480~1-09abd]:main():lattice-oracle.cc:318) %WER 20 [ 1 / 5, 0 insertions, 1 deletions, 0 sub ]
LOG (lattice-oracle[5.5.480~1-09abd]:main():lattice-oracle.cc:332) For utterance M440547756-3771932_3771932-79275578_1566435052-GB-M-033, best cost 1
Lattice M440547756-3771932_3771932-79275578_1566435052-GB-M-034 read.
LOG (lattice-oracle[5.5.480~1-09abd]:main():lattice-oracle.cc:318) %WER 0 [ 0 / 4, 0 insertions, 0 deletions, 0 sub ]
LOG (lattice-oracle[5.5.480~1-09abd]:main():lattice-oracle.cc:332) For utterance M440547756-3771932_3771932-79275578_1566435052-GB-M-034, best cost 0
Lattice M440547756-3771932_3771932-79275578_1566435052-GB-M-035 read.
LOG (lattice-oracle[5.5.480~1-09abd]:main():lattice-oracle.cc:318) %WER 61.5385 [ 8 / 13, 0 insertions, 5 deletions, 3 sub ]
LOG (lattice-oracle[5.5.480~1-09abd]:main():lattice-oracle.cc:332) For utterance M440547756-3771932_3771932-79275578_1566435052-GB-M-035, best cost 8
Lattice M440547756-3771932_3771932-79275578_1566435052-GB-M-038 read.
LOG (lattice-oracle[5.5.480~1-09abd]:main():lattice-oracle.cc:318) %WER 76.9231 [ 10 / 13, 0 insertions, 6 deletions, 4 sub ]
LOG (lattice-oracle[5.5.480~1-09abd]:main():lattice-oracle.cc:332) For utterance M440547756-3771932_3771932-79275578_1566435052-GB-M-038, best cost 10
Lattice M440547756-3771932_3771932-79275578_1566435052-GB-M-042 read.
LOG (lattice-oracle[5.5.480~1-09abd]:main():lattice-oracle.cc:318) %WER 0 [ 0 / 4, 0 insertions, 0 deletions, 0 sub ]
LOG (lattice-oracle[5.5.480~1-09abd]:main():lattice-oracle.cc:332) For utterance M440547756-3771932_3771932-79275578_1566435052-GB-M-042, best cost 0
Lattice M440547756-3771932_3771932-79275578_1566435052-GB-M-044 read.
LOG (lattice-oracle[5.5.480~1-09abd]:main():lattice-oracle.cc:318) %WER 25 [ 1 / 4, 0 insertions, 1 deletions, 0 sub ]
LOG (lattice-oracle[5.5.480~1-09abd]:main():lattice-oracle.cc:332) For utterance M440547756-3771932_3771932-79275578_1566435052-GB-M-044, best cost 1
Lattice M440547756-3771932_3771932-79275578_1566435052-GB-M-045 read.
LOG (lattice-oracle[5.5.480~1-09abd]:main():lattice-oracle.cc:318) %WER 66.6667 [ 2 / 3, 0 insertions, 0 deletions, 2 sub ]
LOG (lattice-oracle[5.5.480~1-09abd]:main():lattice-oracle.cc:332) For utterance M440547756-3771932_3771932-79275578_1566435052-GB-M-045, best cost 2
Lattice M440547756-3771932_3771932-79275578_1566435052-GB-M-046 read.
LOG (lattice-oracle[5.5.480~1-09abd]:main():lattice-oracle.cc:318) %WER 33.3333 [ 1 / 3, 0 insertions, 1 deletions, 0 sub ]
LOG (lattice-oracle[5.5.480~1-09abd]:main():lattice-oracle.cc:332) For utterance M440547756-3771932_3771932-79275578_1566435052-GB-M-046, best cost 1
Lattice M440547756-3771932_3771932-79275578_1566435052-GB-M-047 read.
LOG (lattice-oracle[5.5.480~1-09abd]:main():lattice-oracle.cc:318) %WER 0 [ 0 / 4, 0 insertions, 0 deletions, 0 sub ]
LOG (lattice-oracle[5.5.480~1-09abd]:main():lattice-oracle.cc:332) For utterance M440547756-3771932_3771932-79275578_1566435052-GB-M-047, best cost 0
Lattice M440547756-3771932_3771932-79275578_1566435052-GB-M-048 read.
LOG (lattice-oracle[5.5.480~1-09abd]:main():lattice-oracle.cc:318) %WER 0 [ 0 / 2, 0 insertions, 0 deletions, 0 sub ]
LOG (lattice-oracle[5.5.480~1-09abd]:main():lattice-oracle.cc:332) For utterance M440547756-3771932_3771932-79275578_1566435052-GB-M-048, best cost 0
Lattice M440547756-467601300_2618135-476725614_1601228883-GB-M-001 read.
LOG (lattice-oracle[5.5.480~1-09abd]:main():lattice-oracle.cc:318) %WER 0 [ 0 / 8, 0 insertions, 0 deletions, 0 sub ]
LOG (lattice-oracle[5.5.480~1-09abd]:main():lattice-oracle.cc:332) For utterance M440547756-467601300_2618135-476725614_1601228883-GB-M-001, best cost 0
Lattice M440547756-467601300_2618135-476725614_1601228883-GB-M-003 read.
LOG (lattice-oracle[5.5.480~1-09abd]:main():lattice-oracle.cc:318) %WER 12.5 [ 1 / 8, 0 insertions, 1 deletions, 0 sub ]
LOG (lattice-oracle[5.5.480~1-09abd]:main():lattice-oracle.cc:332) For utterance M440547756-467601300_2618135-476725614_1601228883-GB-M-003, best cost 1
Lattice M440547756-467601300_2618135-476725614_1601228883-GB-M-004 read.
LOG (lattice-oracle[5.5.480~1-09abd]:main():lattice-oracle.cc:318) %WER 0 [ 0 / 8, 0 insertions, 0 deletions, 0 sub ]
LOG (lattice-oracle[5.5.480~1-09abd]:main():lattice-oracle.cc:332) For utterance M440547756-467601300_2618135-476725614_1601228883-GB-M-004, best cost 0
Lattice M440547756-467601300_2618135-476725614_1601228883-GB-M-007 read.
LOG (lattice-oracle[5.5.480~1-09abd]:main():lattice-oracle.cc:318) %WER 0 [ 0 / 7, 0 insertions, 0 deletions, 0 sub ]
LOG (lattice-oracle[5.5.480~1-09abd]:main():lattice-oracle.cc:332) For utterance M440547756-467601300_2618135-476725614_1601228883-GB-M-007, best cost 0
Lattice M440547756-467601300_2618135-476725614_1601228883-GB-M-008 read.
LOG (lattice-oracle[5.5.480~1-09abd]:main():lattice-oracle.cc:318) %WER 0 [ 0 / 9, 0 insertions, 0 deletions, 0 sub ]
LOG (lattice-oracle[5.5.480~1-09abd]:main():lattice-oracle.cc:332) For utterance M440547756-467601300_2618135-476725614_1601228883-GB-M-008, best cost 0
Lattice M440547756-467601300_2618135-476725614_1601228883-GB-M-010 read.
LOG (lattice-oracle[5.5.480~1-09abd]:main():lattice-oracle.cc:318) %WER 0 [ 0 / 8, 0 insertions, 0 deletions, 0 sub ]
LOG (lattice-oracle[5.5.480~1-09abd]:main():lattice-oracle.cc:332) For utterance M440547756-467601300_2618135-476725614_1601228883-GB-M-010, best cost 0
Lattice M440547756-467601300_2618135-476725614_1601228883-GB-M-011 read.
LOG (lattice-oracle[5.5.480~1-09abd]:main():lattice-oracle.cc:318) %WER 0 [ 0 / 20, 0 insertions, 0 deletions, 0 sub ]
LOG (lattice-oracle[5.5.480~1-09abd]:main():lattice-oracle.cc:332) For utterance M440547756-467601300_2618135-476725614_1601228883-GB-M-011, best cost 0
Lattice M440547756-467601300_2618135-476725614_1601228883-GB-M-016 read.
LOG (lattice-oracle[5.5.480~1-09abd]:main():lattice-oracle.cc:318) %WER 0 [ 0 / 11, 0 insertions, 0 deletions, 0 sub ]
LOG (lattice-oracle[5.5.480~1-09abd]:main():lattice-oracle.cc:332) For utterance M440547756-467601300_2618135-476725614_1601228883-GB-M-016, best cost 0
Lattice M440547756-467601300_2618135-476725614_1601228883-GB-M-018 read.
LOG (lattice-oracle[5.5.480~1-09abd]:main():lattice-oracle.cc:318) %WER 0 [ 0 / 10, 0 insertions, 0 deletions, 0 sub ]
LOG (lattice-oracle[5.5.480~1-09abd]:main():lattice-oracle.cc:332) For utterance M440547756-467601300_2618135-476725614_1601228883-GB-M-018, best cost 0
Lattice M440547756-467601300_2618135-476725614_1601228883-GB-M-021 read.
LOG (lattice-oracle[5.5.480~1-09abd]:main():lattice-oracle.cc:318) %WER 0 [ 0 / 4, 0 insertions, 0 deletions, 0 sub ]
LOG (lattice-oracle[5.5.480~1-09abd]:main():lattice-oracle.cc:332) For utterance M440547756-467601300_2618135-476725614_1601228883-GB-M-021, best cost 0
Lattice M440547756-467601300_2618135-476725614_1601228883-GB-M-022 read.
LOG (lattice-oracle[5.5.480~1-09abd]:main():lattice-oracle.cc:318) %WER 0 [ 0 / 20, 0 insertions, 0 deletions, 0 sub ]
LOG (lattice-oracle[5.5.480~1-09abd]:main():lattice-oracle.cc:332) For utterance M440547756-467601300_2618135-476725614_1601228883-GB-M-022, best cost 0
Lattice M440547756-467601300_2618135-476725614_1601228883-GB-M-025 read.
LOG (lattice-oracle[5.5.480~1-09abd]:main():lattice-oracle.cc:318) %WER 0 [ 0 / 6, 0 insertions, 0 deletions, 0 sub ]
LOG (lattice-oracle[5.5.480~1-09abd]:main():lattice-oracle.cc:332) For utterance M440547756-467601300_2618135-476725614_1601228883-GB-M-025, best cost 0
Lattice M440547756-467601300_2618135-476725614_1601228883-GB-M-026 read.
LOG (lattice-oracle[5.5.480~1-09abd]:main():lattice-oracle.cc:318) %WER 0 [ 0 / 5, 0 insertions, 0 deletions, 0 sub ]
LOG (lattice-oracle[5.5.480~1-09abd]:main():lattice-oracle.cc:332) For utterance M440547756-467601300_2618135-476725614_1601228883-GB-M-026, best cost 0
Lattice M440547756-467601300_2618135-476725614_1601228883-GB-M-028 read.
LOG (lattice-oracle[5.5.480~1-09abd]:main():lattice-oracle.cc:318) %WER 20 [ 1 / 5, 1 insertions, 0 deletions, 0 sub ]
LOG (lattice-oracle[5.5.480~1-09abd]:main():lattice-oracle.cc:332) For utterance M440547756-467601300_2618135-476725614_1601228883-GB-M-028, best cost 1
Lattice M440547756-467601300_2618135-476725614_1601228883-GB-M-030 read.
LOG (lattice-oracle[5.5.480~1-09abd]:main():lattice-oracle.cc:318) %WER 25 [ 3 / 12, 0 insertions, 0 deletions, 3 sub ]
LOG (lattice-oracle[5.5.480~1-09abd]:main():lattice-oracle.cc:332) For utterance M440547756-467601300_2618135-476725614_1601228883-GB-M-030, best cost 3
Lattice M440547756-467601300_2618135-476725614_1601228883-GB-M-033 read.
LOG (lattice-oracle[5.5.480~1-09abd]:main():lattice-oracle.cc:318) %WER 14.2857 [ 1 / 7, 0 insertions, 0 deletions, 1 sub ]
LOG (lattice-oracle[5.5.480~1-09abd]:main():lattice-oracle.cc:332) For utterance M440547756-467601300_2618135-476725614_1601228883-GB-M-033, best cost 1
Lattice M440547756-467601300_2618135-476725614_1601228883-GB-M-034 read.
LOG (lattice-oracle[5.5.480~1-09abd]:main():lattice-oracle.cc:318) %WER 0 [ 0 / 11, 0 insertions, 0 deletions, 0 sub ]
LOG (lattice-oracle[5.5.480~1-09abd]:main():lattice-oracle.cc:332) For utterance M440547756-467601300_2618135-476725614_1601228883-GB-M-034, best cost 0
Lattice M440547756-467601300_2618135-476725614_1601228883-GB-M-036 read.
LOG (lattice-oracle[5.5.480~1-09abd]:main():lattice-oracle.cc:318) %WER 0 [ 0 / 10, 0 insertions, 0 deletions, 0 sub ]
LOG (lattice-oracle[5.5.480~1-09abd]:main():lattice-oracle.cc:332) For utterance M440547756-467601300_2618135-476725614_1601228883-GB-M-036, best cost 0
Lattice M440547756-467601300_2618135-476725614_1601228883-GB-M-039 read.
LOG (lattice-oracle[5.5.480~1-09abd]:main():lattice-oracle.cc:318) %WER 0 [ 0 / 23, 0 insertions, 0 deletions, 0 sub ]
LOG (lattice-oracle[5.5.480~1-09abd]:main():lattice-oracle.cc:332) For utterance M440547756-467601300_2618135-476725614_1601228883-GB-M-039, best cost 0
Lattice M440547756-467601300_2618135-476725614_1601228883-GB-M-044 read.
LOG (lattice-oracle[5.5.480~1-09abd]:main():lattice-oracle.cc:318) %WER 0 [ 0 / 4, 0 insertions, 0 deletions, 0 sub ]
LOG (lattice-oracle[5.5.480~1-09abd]:main():lattice-oracle.cc:332) For utterance M440547756-467601300_2618135-476725614_1601228883-GB-M-044, best cost 0
Lattice M440547756-467601300_2618135-476725614_1601228883-GB-M-045 read.
LOG (lattice-oracle[5.5.480~1-09abd]:main():lattice-oracle.cc:318) %WER 0 [ 0 / 20, 0 insertions, 0 deletions, 0 sub ]
LOG (lattice-oracle[5.5.480~1-09abd]:main():lattice-oracle.cc:332) For utterance M440547756-467601300_2618135-476725614_1601228883-GB-M-045, best cost 0
Lattice M440547756-467601300_2618135-476725614_1601228883-GB-M-048 read.
LOG (lattice-oracle[5.5.480~1-09abd]:main():lattice-oracle.cc:318) %WER 0 [ 0 / 6, 0 insertions, 0 deletions, 0 sub ]
LOG (lattice-oracle[5.5.480~1-09abd]:main():lattice-oracle.cc:332) For utterance M440547756-467601300_2618135-476725614_1601228883-GB-M-048, best cost 0
Lattice M440547756-467601300_2618135-476725614_1601228883-GB-M-049 read.
LOG (lattice-oracle[5.5.480~1-09abd]:main():lattice-oracle.cc:318) %WER 0 [ 0 / 16, 0 insertions, 0 deletions, 0 sub ]
LOG (lattice-oracle[5.5.480~1-09abd]:main():lattice-oracle.cc:332) For utterance M440547756-467601300_2618135-476725614_1601228883-GB-M-049, best cost 0
Lattice M440547756-467601300_2618135-476725614_1601228883-GB-M-054 read.
LOG (lattice-oracle[5.5.480~1-09abd]:main():lattice-oracle.cc:318) %WER 0 [ 0 / 3, 0 insertions, 0 deletions, 0 sub ]
LOG (lattice-oracle[5.5.480~1-09abd]:main():lattice-oracle.cc:332) For utterance M440547756-467601300_2618135-476725614_1601228883-GB-M-054, best cost 0
Lattice M440547756-467601300_2618135-476725614_1601228883-GB-M-056 read.
LOG (lattice-oracle[5.5.480~1-09abd]:main():lattice-oracle.cc:318) %WER 0 [ 0 / 3, 0 insertions, 0 deletions, 0 sub ]
LOG (lattice-oracle[5.5.480~1-09abd]:main():lattice-oracle.cc:332) For utterance M440547756-467601300_2618135-476725614_1601228883-GB-M-056, best cost 0
Lattice M440547756-467601300_2618135-476725614_1601228883-GB-M-057 read.
LOG (lattice-oracle[5.5.480~1-09abd]:main():lattice-oracle.cc:318) %WER 0 [ 0 / 1, 0 insertions, 0 deletions, 0 sub ]
LOG (lattice-oracle[5.5.480~1-09abd]:main():lattice-oracle.cc:332) For utterance M440547756-467601300_2618135-476725614_1601228883-GB-M-057, best cost 0
Lattice M440547756-467601300_2618135-476725614_1601228883-GB-M-058 read.
LOG (lattice-oracle[5.5.480~1-09abd]:main():lattice-oracle.cc:318) %WER 0 [ 0 / 10, 0 insertions, 0 deletions, 0 sub ]
LOG (lattice-oracle[5.5.480~1-09abd]:main():lattice-oracle.cc:332) For utterance M440547756-467601300_2618135-476725614_1601228883-GB-M-058, best cost 0
Lattice M440547756-467601300_2618135-476725614_1601228883-GB-M-059 read.
LOG (lattice-oracle[5.5.480~1-09abd]:main():lattice-oracle.cc:318) %WER 0 [ 0 / 9, 0 insertions, 0 deletions, 0 sub ]
LOG (lattice-oracle[5.5.480~1-09abd]:main():lattice-oracle.cc:332) For utterance M440547756-467601300_2618135-476725614_1601228883-GB-M-059, best cost 0
Lattice M440547756-467601300_2618135-476725614_1601228883-GB-M-060 read.
LOG (lattice-oracle[5.5.480~1-09abd]:main():lattice-oracle.cc:318) %WER 0 [ 0 / 6, 0 insertions, 0 deletions, 0 sub ]
LOG (lattice-oracle[5.5.480~1-09abd]:main():lattice-oracle.cc:332) For utterance M440547756-467601300_2618135-476725614_1601228883-GB-M-060, best cost 0
Lattice M440547756-467601300_2618135-476725614_1601228883-GB-M-061 read.
LOG (lattice-oracle[5.5.480~1-09abd]:main():lattice-oracle.cc:318) %WER 0 [ 0 / 6, 0 insertions, 0 deletions, 0 sub ]
LOG (lattice-oracle[5.5.480~1-09abd]:main():lattice-oracle.cc:332) For utterance M440547756-467601300_2618135-476725614_1601228883-GB-M-061, best cost 0
Lattice M440547756-467601300_2618135-476725614_1601228883-GB-M-063 read.
LOG (lattice-oracle[5.5.480~1-09abd]:main():lattice-oracle.cc:318) %WER 0 [ 0 / 8, 0 insertions, 0 deletions, 0 sub ]
LOG (lattice-oracle[5.5.480~1-09abd]:main():lattice-oracle.cc:332) For utterance M440547756-467601300_2618135-476725614_1601228883-GB-M-063, best cost 0
Lattice M442134683-965954978_2666415-383789459_1550708914-GB-M-001 read.
LOG (lattice-oracle[5.5.480~1-09abd]:main():lattice-oracle.cc:318) %WER 83.3333 [ 5 / 6, 0 insertions, 5 deletions, 0 sub ]
LOG (lattice-oracle[5.5.480~1-09abd]:main():lattice-oracle.cc:332) For utterance M442134683-965954978_2666415-383789459_1550708914-GB-M-001, best cost 5
Lattice M442134683-965954978_2666415-383789459_1550708914-GB-M-002 read.
LOG (lattice-oracle[5.5.480~1-09abd]:main():lattice-oracle.cc:318) %WER 87.5 [ 7 / 8, 0 insertions, 7 deletions, 0 sub ]
LOG (lattice-oracle[5.5.480~1-09abd]:main():lattice-oracle.cc:332) For utterance M442134683-965954978_2666415-383789459_1550708914-GB-M-002, best cost 7
Lattice M442134683-965954978_2666415-383789459_1550708914-GB-M-005 read.
LOG (lattice-oracle[5.5.480~1-09abd]:main():lattice-oracle.cc:318) %WER 80 [ 16 / 20, 0 insertions, 16 deletions, 0 sub ]
LOG (lattice-oracle[5.5.480~1-09abd]:main():lattice-oracle.cc:332) For utterance M442134683-965954978_2666415-383789459_1550708914-GB-M-005, best cost 16
Lattice M442134683-965954978_2666415-383789459_1550708914-GB-M-009 read.
LOG (lattice-oracle[5.5.480~1-09abd]:main():lattice-oracle.cc:318) %WER 66.6667 [ 4 / 6, 0 insertions, 4 deletions, 0 sub ]
LOG (lattice-oracle[5.5.480~1-09abd]:main():lattice-oracle.cc:332) For utterance M442134683-965954978_2666415-383789459_1550708914-GB-M-009, best cost 4
Lattice M442741649-124157882_966523-313414256_1604592331-GB-M-011 read.
LOG (lattice-oracle[5.5.480~1-09abd]:main():lattice-oracle.cc:318) %WER 0 [ 0 / 10, 0 insertions, 0 deletions, 0 sub ]
LOG (lattice-oracle[5.5.480~1-09abd]:main():lattice-oracle.cc:332) For utterance M442741649-124157882_966523-313414256_1604592331-GB-M-011, best cost 0
Lattice M442741649-124157882_966523-313414256_1604592331-GB-M-014 read.
LOG (lattice-oracle[5.5.480~1-09abd]:main():lattice-oracle.cc:318) %WER 62.5 [ 10 / 16, 0 insertions, 10 deletions, 0 sub ]
LOG (lattice-oracle[5.5.480~1-09abd]:main():lattice-oracle.cc:332) For utterance M442741649-124157882_966523-313414256_1604592331-GB-M-014, best cost 10
Lattice M442741649-124157882_966523-313414256_1604592331-GB-M-018 read.
LOG (lattice-oracle[5.5.480~1-09abd]:main():lattice-oracle.cc:318) %WER 0 [ 0 / 12, 0 insertions, 0 deletions, 0 sub ]
LOG (lattice-oracle[5.5.480~1-09abd]:main():lattice-oracle.cc:332) For utterance M442741649-124157882_966523-313414256_1604592331-GB-M-018, best cost 0
Lattice M442741649-124157882_966523-313414256_1604592331-GB-M-020 read.
LOG (lattice-oracle[5.5.480~1-09abd]:main():lattice-oracle.cc:318) %WER 0 [ 0 / 6, 0 insertions, 0 deletions, 0 sub ]
LOG (lattice-oracle[5.5.480~1-09abd]:main():lattice-oracle.cc:332) For utterance M442741649-124157882_966523-313414256_1604592331-GB-M-020, best cost 0
Lattice M442741649-124157882_966523-313414256_1604592331-GB-M-021 read.
LOG (lattice-oracle[5.5.480~1-09abd]:main():lattice-oracle.cc:318) %WER 0 [ 0 / 13, 0 insertions, 0 deletions, 0 sub ]
LOG (lattice-oracle[5.5.480~1-09abd]:main():lattice-oracle.cc:332) For utterance M442741649-124157882_966523-313414256_1604592331-GB-M-021, best cost 0
Lattice M442741649-124157882_966523-313414256_1604592331-GB-M-023 read.
LOG (lattice-oracle[5.5.480~1-09abd]:main():lattice-oracle.cc:318) %WER 0 [ 0 / 6, 0 insertions, 0 deletions, 0 sub ]
LOG (lattice-oracle[5.5.480~1-09abd]:main():lattice-oracle.cc:332) For utterance M442741649-124157882_966523-313414256_1604592331-GB-M-023, best cost 0
Lattice M442741649-124157882_966523-313414256_1604592331-GB-M-024 read.
LOG (lattice-oracle[5.5.480~1-09abd]:main():lattice-oracle.cc:318) %WER 0 [ 0 / 11, 0 insertions, 0 deletions, 0 sub ]
LOG (lattice-oracle[5.5.480~1-09abd]:main():lattice-oracle.cc:332) For utterance M442741649-124157882_966523-313414256_1604592331-GB-M-024, best cost 0
Lattice M442741649-124157882_966523-313414256_1604592331-GB-M-027 read.
LOG (lattice-oracle[5.5.480~1-09abd]:main():lattice-oracle.cc:318) %WER 0 [ 0 / 5, 0 insertions, 0 deletions, 0 sub ]
LOG (lattice-oracle[5.5.480~1-09abd]:main():lattice-oracle.cc:332) For utterance M442741649-124157882_966523-313414256_1604592331-GB-M-027, best cost 0
Lattice M442741649-124157882_966523-313414256_1604592331-GB-M-029 read.
LOG (lattice-oracle[5.5.480~1-09abd]:main():lattice-oracle.cc:318) %WER 0 [ 0 / 5, 0 insertions, 0 deletions, 0 sub ]
LOG (lattice-oracle[5.5.480~1-09abd]:main():lattice-oracle.cc:332) For utterance M442741649-124157882_966523-313414256_1604592331-GB-M-029, best cost 0
Lattice M442741649-124157882_966523-313414256_1604592331-GB-M-030 read.
LOG (lattice-oracle[5.5.480~1-09abd]:main():lattice-oracle.cc:318) %WER 0 [ 0 / 10, 0 insertions, 0 deletions, 0 sub ]
LOG (lattice-oracle[5.5.480~1-09abd]:main():lattice-oracle.cc:332) For utterance M442741649-124157882_966523-313414256_1604592331-GB-M-030, best cost 0
Lattice M442741649-124157882_966523-313414256_1604592331-GB-M-032 read.
LOG (lattice-oracle[5.5.480~1-09abd]:main():lattice-oracle.cc:318) %WER 0 [ 0 / 7, 0 insertions, 0 deletions, 0 sub ]
LOG (lattice-oracle[5.5.480~1-09abd]:main():lattice-oracle.cc:332) For utterance M442741649-124157882_966523-313414256_1604592331-GB-M-032, best cost 0
Lattice M442741649-124157882_966523-313414256_1604592331-GB-M-033 read.
LOG (lattice-oracle[5.5.480~1-09abd]:main():lattice-oracle.cc:318) %WER 50 [ 5 / 10, 1 insertions, 0 deletions, 4 sub ]
LOG (lattice-oracle[5.5.480~1-09abd]:main():lattice-oracle.cc:332) For utterance M442741649-124157882_966523-313414256_1604592331-GB-M-033, best cost 5
Lattice M442741649-124157882_966523-313414256_1604592331-GB-M-037 read.
LOG (lattice-oracle[5.5.480~1-09abd]:main():lattice-oracle.cc:318) %WER 0 [ 0 / 8, 0 insertions, 0 deletions, 0 sub ]
LOG (lattice-oracle[5.5.480~1-09abd]:main():lattice-oracle.cc:332) For utterance M442741649-124157882_966523-313414256_1604592331-GB-M-037, best cost 0
Lattice M442741649-124157882_966523-313414256_1604592331-GB-M-038 read.
LOG (lattice-oracle[5.5.480~1-09abd]:main():lattice-oracle.cc:318) %WER 11.3636 [ 5 / 44, 1 insertions, 0 deletions, 4 sub ]
LOG (lattice-oracle[5.5.480~1-09abd]:main():lattice-oracle.cc:332) For utterance M442741649-124157882_966523-313414256_1604592331-GB-M-038, best cost 5
Lattice M442741649-124157882_966523-313414256_1604592331-GB-M-046 read.
LOG (lattice-oracle[5.5.480~1-09abd]:main():lattice-oracle.cc:318) %WER 39.5349 [ 17 / 43, 0 insertions, 17 deletions, 0 sub ]
LOG (lattice-oracle[5.5.480~1-09abd]:main():lattice-oracle.cc:332) For utterance M442741649-124157882_966523-313414256_1604592331-GB-M-046, best cost 17
Lattice M442741649-124157882_966523-313414256_1604592331-GB-M-054 read.
LOG (lattice-oracle[5.5.480~1-09abd]:main():lattice-oracle.cc:318) %WER 0 [ 0 / 5, 0 insertions, 0 deletions, 0 sub ]
LOG (lattice-oracle[5.5.480~1-09abd]:main():lattice-oracle.cc:332) For utterance M442741649-124157882_966523-313414256_1604592331-GB-M-054, best cost 0
Lattice M442741649-124157882_966523-313414256_1604592331-GB-M-055 read.
LOG (lattice-oracle[5.5.480~1-09abd]:main():lattice-oracle.cc:318) %WER 17.8571 [ 5 / 28, 0 insertions, 4 deletions, 1 sub ]
LOG (lattice-oracle[5.5.480~1-09abd]:main():lattice-oracle.cc:332) For utterance M442741649-124157882_966523-313414256_1604592331-GB-M-055, best cost 5
Lattice M442741649-124157882_966523-313414256_1604592331-GB-M-063 read.
LOG (lattice-oracle[5.5.480~1-09abd]:main():lattice-oracle.cc:318) %WER 33.3333 [ 2 / 6, 0 insertions, 2 deletions, 0 sub ]
LOG (lattice-oracle[5.5.480~1-09abd]:main():lattice-oracle.cc:332) For utterance M442741649-124157882_966523-313414256_1604592331-GB-M-063, best cost 2
Lattice M442741649-124157882_966523-313414256_1604592331-GB-M-066 read.
LOG (lattice-oracle[5.5.480~1-09abd]:main():lattice-oracle.cc:318) %WER 40 [ 2 / 5, 0 insertions, 2 deletions, 0 sub ]
LOG (lattice-oracle[5.5.480~1-09abd]:main():lattice-oracle.cc:332) For utterance M442741649-124157882_966523-313414256_1604592331-GB-M-066, best cost 2
Lattice M442741649-124157882_966523-313414256_1604592331-GB-M-067 read.
LOG (lattice-oracle[5.5.480~1-09abd]:main():lattice-oracle.cc:318) %WER 80 [ 4 / 5, 2 insertions, 2 deletions, 0 sub ]
LOG (lattice-oracle[5.5.480~1-09abd]:main():lattice-oracle.cc:332) For utterance M442741649-124157882_966523-313414256_1604592331-GB-M-067, best cost 4
Lattice M442741649-124157882_966523-313414256_1604592331-GB-M-068 read.
LOG (lattice-oracle[5.5.480~1-09abd]:main():lattice-oracle.cc:318) %WER 66.6667 [ 4 / 6, 0 insertions, 4 deletions, 0 sub ]
LOG (lattice-oracle[5.5.480~1-09abd]:main():lattice-oracle.cc:332) For utterance M442741649-124157882_966523-313414256_1604592331-GB-M-068, best cost 4
Lattice M442741649-124157882_966523-313414256_1604592331-GB-M-070 read.
LOG (lattice-oracle[5.5.480~1-09abd]:main():lattice-oracle.cc:318) %WER 47.619 [ 10 / 21, 0 insertions, 10 deletions, 0 sub ]
LOG (lattice-oracle[5.5.480~1-09abd]:main():lattice-oracle.cc:332) For utterance M442741649-124157882_966523-313414256_1604592331-GB-M-070, best cost 10
Lattice M442741649-124157882_966523-313414256_1604592331-GB-M-074 read.
LOG (lattice-oracle[5.5.480~1-09abd]:main():lattice-oracle.cc:318) %WER 5.26316 [ 1 / 19, 0 insertions, 0 deletions, 1 sub ]
LOG (lattice-oracle[5.5.480~1-09abd]:main():lattice-oracle.cc:332) For utterance M442741649-124157882_966523-313414256_1604592331-GB-M-074, best cost 1
LOG (lattice-oracle[5.5.480~1-09abd]:main():lattice-oracle.cc:383) Overall %WER 22.9279 [ 639 / 2787, 72 insertions, 444 deletions, 123 substitutions ]
LOG (lattice-oracle[5.5.480~1-09abd]:main():lattice-oracle.cc:387) Scored 220 lattices, 0 not present in ref.
# Accounting: time=8 threads=1
# Ended (code 0) at Tue Sep 10 15:05:06 BST 2019, elapsed time 8 seconds
