# lattice-oracle "--write-lattices=ark:|gzip -c > exp/tri3b_cleaned/lattice_oracle/lat.1.gz" "ark:gunzip -c exp/tri3b_cleaned/lats/lat.1.gz |" "ark:utils/sym2int.pl --map-oov 239 -f 2- data/lang/words.txt data/train1/split40/1/text|" ark,t:- | utils/int2sym.pl -f 2- data/lang/words.txt > exp/tri3b_cleaned/lattice_oracle/oracle_hyp.1.txt 
# Started at Tue Sep 10 15:04:32 BST 2019
#
lattice-oracle '--write-lattices=ark:|gzip -c > exp/tri3b_cleaned/lattice_oracle/lat.1.gz' 'ark:gunzip -c exp/tri3b_cleaned/lats/lat.1.gz |' 'ark:utils/sym2int.pl --map-oov 239 -f 2- data/lang/words.txt data/train1/split40/1/text|' ark,t:- 
Lattice F100373309-397162491_2145545-421685640_1691649507-GB-F-002 read.
sym2int.pl: replacing HMMM with 239
sym2int.pl: replacing THRIFTY with 239
sym2int.pl: replacing HMMM with 239
sym2int.pl: replacing INDESCRIBABLE with 239
sym2int.pl: replacing FREEWHEELING with 239
sym2int.pl: replacing OOOOOH with 239
sym2int.pl: replacing TILTED with 239
sym2int.pl: replacing UNDERLINED with 239
sym2int.pl: replacing UNDERLINED with 239
sym2int.pl: replacing UNTASTED with 239
sym2int.pl: replacing FORESIGHT with 239
** Replaced 11 instances of OOVs with 239
LOG (lattice-oracle[5.5.480~1-09abd]:main():lattice-oracle.cc:318) %WER 22.7273 [ 5 / 22, 0 insertions, 4 deletions, 1 sub ]
LOG (lattice-oracle[5.5.480~1-09abd]:main():lattice-oracle.cc:332) For utterance F100373309-397162491_2145545-421685640_1691649507-GB-F-002, best cost 5
Lattice F100373309-397162491_2145545-421685640_1691649507-GB-F-007 read.
LOG (lattice-oracle[5.5.480~1-09abd]:main():lattice-oracle.cc:318) %WER 66.6667 [ 10 / 15, 0 insertions, 9 deletions, 1 sub ]
LOG (lattice-oracle[5.5.480~1-09abd]:main():lattice-oracle.cc:332) For utterance F100373309-397162491_2145545-421685640_1691649507-GB-F-007, best cost 10
Lattice F100373309-397162491_2145545-421685640_1691649507-GB-F-009 read.
LOG (lattice-oracle[5.5.480~1-09abd]:main():lattice-oracle.cc:318) %WER 46.1538 [ 6 / 13, 0 insertions, 6 deletions, 0 sub ]
LOG (lattice-oracle[5.5.480~1-09abd]:main():lattice-oracle.cc:332) For utterance F100373309-397162491_2145545-421685640_1691649507-GB-F-009, best cost 6
Lattice F100373309-397162491_2145545-421685640_1691649507-GB-F-012 read.
LOG (lattice-oracle[5.5.480~1-09abd]:main():lattice-oracle.cc:318) %WER 14.2857 [ 1 / 7, 0 insertions, 1 deletions, 0 sub ]
LOG (lattice-oracle[5.5.480~1-09abd]:main():lattice-oracle.cc:332) For utterance F100373309-397162491_2145545-421685640_1691649507-GB-F-012, best cost 1
Lattice F100373309-397162491_2145545-421685640_1691649507-GB-F-013 read.
LOG (lattice-oracle[5.5.480~1-09abd]:main():lattice-oracle.cc:318) %WER 36.3636 [ 4 / 11, 0 insertions, 4 deletions, 0 sub ]
LOG (lattice-oracle[5.5.480~1-09abd]:main():lattice-oracle.cc:332) For utterance F100373309-397162491_2145545-421685640_1691649507-GB-F-013, best cost 4
Lattice F100373309-397162491_2145545-421685640_1691649507-GB-F-016 read.
LOG (lattice-oracle[5.5.480~1-09abd]:main():lattice-oracle.cc:318) %WER 0 [ 0 / 7, 0 insertions, 0 deletions, 0 sub ]
LOG (lattice-oracle[5.5.480~1-09abd]:main():lattice-oracle.cc:332) For utterance F100373309-397162491_2145545-421685640_1691649507-GB-F-016, best cost 0
Lattice F100373309-397162491_2145545-421685640_1691649507-GB-F-017 read.
LOG (lattice-oracle[5.5.480~1-09abd]:main():lattice-oracle.cc:318) %WER 0 [ 0 / 4, 0 insertions, 0 deletions, 0 sub ]
LOG (lattice-oracle[5.5.480~1-09abd]:main():lattice-oracle.cc:332) For utterance F100373309-397162491_2145545-421685640_1691649507-GB-F-017, best cost 0
Lattice F100373309-397162491_2145545-421685640_1691649507-GB-F-018 read.
LOG (lattice-oracle[5.5.480~1-09abd]:main():lattice-oracle.cc:318) %WER 0 [ 0 / 4, 0 insertions, 0 deletions, 0 sub ]
LOG (lattice-oracle[5.5.480~1-09abd]:main():lattice-oracle.cc:332) For utterance F100373309-397162491_2145545-421685640_1691649507-GB-F-018, best cost 0
Lattice F100373309-397162491_2145545-421685640_1691649507-GB-F-019 read.
LOG (lattice-oracle[5.5.480~1-09abd]:main():lattice-oracle.cc:318) %WER 0 [ 0 / 20, 0 insertions, 0 deletions, 0 sub ]
LOG (lattice-oracle[5.5.480~1-09abd]:main():lattice-oracle.cc:332) For utterance F100373309-397162491_2145545-421685640_1691649507-GB-F-019, best cost 0
Lattice F100373309-397162491_2145545-421685640_1691649507-GB-F-022 read.
LOG (lattice-oracle[5.5.480~1-09abd]:main():lattice-oracle.cc:318) %WER 0 [ 0 / 10, 0 insertions, 0 deletions, 0 sub ]
LOG (lattice-oracle[5.5.480~1-09abd]:main():lattice-oracle.cc:332) For utterance F100373309-397162491_2145545-421685640_1691649507-GB-F-022, best cost 0
Lattice F100373309-397162491_2145545-421685640_1691649507-GB-F-023 read.
LOG (lattice-oracle[5.5.480~1-09abd]:main():lattice-oracle.cc:318) %WER 4.54545 [ 1 / 22, 0 insertions, 1 deletions, 0 sub ]
LOG (lattice-oracle[5.5.480~1-09abd]:main():lattice-oracle.cc:332) For utterance F100373309-397162491_2145545-421685640_1691649507-GB-F-023, best cost 1
Lattice F100373309-397162491_2145545-421685640_1691649507-GB-F-027 read.
LOG (lattice-oracle[5.5.480~1-09abd]:main():lattice-oracle.cc:318) %WER 12.5 [ 1 / 8, 0 insertions, 1 deletions, 0 sub ]
LOG (lattice-oracle[5.5.480~1-09abd]:main():lattice-oracle.cc:332) For utterance F100373309-397162491_2145545-421685640_1691649507-GB-F-027, best cost 1
Lattice F100373309-397162491_2145545-421685640_1691649507-GB-F-028 read.
LOG (lattice-oracle[5.5.480~1-09abd]:main():lattice-oracle.cc:318) %WER 0 [ 0 / 6, 0 insertions, 0 deletions, 0 sub ]
LOG (lattice-oracle[5.5.480~1-09abd]:main():lattice-oracle.cc:332) For utterance F100373309-397162491_2145545-421685640_1691649507-GB-F-028, best cost 0
Lattice F100373309-397162491_2145545-421685640_1691649507-GB-F-029 read.
LOG (lattice-oracle[5.5.480~1-09abd]:main():lattice-oracle.cc:318) %WER 3.84615 [ 1 / 26, 0 insertions, 1 deletions, 0 sub ]
LOG (lattice-oracle[5.5.480~1-09abd]:main():lattice-oracle.cc:332) For utterance F100373309-397162491_2145545-421685640_1691649507-GB-F-029, best cost 1
Lattice F100373309-397162491_2145545-421685640_1691649507-GB-F-034 read.
LOG (lattice-oracle[5.5.480~1-09abd]:main():lattice-oracle.cc:318) %WER 0 [ 0 / 14, 0 insertions, 0 deletions, 0 sub ]
LOG (lattice-oracle[5.5.480~1-09abd]:main():lattice-oracle.cc:332) For utterance F100373309-397162491_2145545-421685640_1691649507-GB-F-034, best cost 0
Lattice F100373309-397162491_2145545-421685640_1691649507-GB-F-036 read.
LOG (lattice-oracle[5.5.480~1-09abd]:main():lattice-oracle.cc:318) %WER 16.6667 [ 1 / 6, 1 insertions, 0 deletions, 0 sub ]
LOG (lattice-oracle[5.5.480~1-09abd]:main():lattice-oracle.cc:332) For utterance F100373309-397162491_2145545-421685640_1691649507-GB-F-036, best cost 1
Lattice F100373309-397162491_2145545-421685640_1691649507-GB-F-038 read.
LOG (lattice-oracle[5.5.480~1-09abd]:main():lattice-oracle.cc:318) %WER 33.3333 [ 2 / 6, 2 insertions, 0 deletions, 0 sub ]
LOG (lattice-oracle[5.5.480~1-09abd]:main():lattice-oracle.cc:332) For utterance F100373309-397162491_2145545-421685640_1691649507-GB-F-038, best cost 2
Lattice F100373309-397162491_2145545-421685640_1691649507-GB-F-040 read.
LOG (lattice-oracle[5.5.480~1-09abd]:main():lattice-oracle.cc:318) %WER 0 [ 0 / 6, 0 insertions, 0 deletions, 0 sub ]
LOG (lattice-oracle[5.5.480~1-09abd]:main():lattice-oracle.cc:332) For utterance F100373309-397162491_2145545-421685640_1691649507-GB-F-040, best cost 0
Lattice F100373309-397162491_2145545-421685640_1691649507-GB-F-041 read.
LOG (lattice-oracle[5.5.480~1-09abd]:main():lattice-oracle.cc:318) %WER 100 [ 3 / 3, 0 insertions, 0 deletions, 3 sub ]
LOG (lattice-oracle[5.5.480~1-09abd]:main():lattice-oracle.cc:332) For utterance F100373309-397162491_2145545-421685640_1691649507-GB-F-041, best cost 3
Lattice F100373309-397162491_2145545-421685640_1691649507-GB-F-044 read.
LOG (lattice-oracle[5.5.480~1-09abd]:main():lattice-oracle.cc:318) %WER 13.0435 [ 3 / 23, 0 insertions, 3 deletions, 0 sub ]
LOG (lattice-oracle[5.5.480~1-09abd]:main():lattice-oracle.cc:332) For utterance F100373309-397162491_2145545-421685640_1691649507-GB-F-044, best cost 3
Lattice F100373309-397162491_2145545-421685640_1691649507-GB-F-047 read.
LOG (lattice-oracle[5.5.480~1-09abd]:main():lattice-oracle.cc:318) %WER 52.381 [ 11 / 21, 0 insertions, 9 deletions, 2 sub ]
LOG (lattice-oracle[5.5.480~1-09abd]:main():lattice-oracle.cc:332) For utterance F100373309-397162491_2145545-421685640_1691649507-GB-F-047, best cost 11
Lattice F100373309-397162491_2145545-421685640_1691649507-GB-F-050 read.
LOG (lattice-oracle[5.5.480~1-09abd]:main():lattice-oracle.cc:318) %WER 31.5789 [ 6 / 19, 0 insertions, 4 deletions, 2 sub ]
LOG (lattice-oracle[5.5.480~1-09abd]:main():lattice-oracle.cc:332) For utterance F100373309-397162491_2145545-421685640_1691649507-GB-F-050, best cost 6
Lattice F100373309-397162491_2145545-421685640_1691649507-GB-F-054 read.
LOG (lattice-oracle[5.5.480~1-09abd]:main():lattice-oracle.cc:318) %WER 0 [ 0 / 5, 0 insertions, 0 deletions, 0 sub ]
LOG (lattice-oracle[5.5.480~1-09abd]:main():lattice-oracle.cc:332) For utterance F100373309-397162491_2145545-421685640_1691649507-GB-F-054, best cost 0
Lattice F100373309-397162491_2145545-421685640_1691649507-GB-F-057 read.
LOG (lattice-oracle[5.5.480~1-09abd]:main():lattice-oracle.cc:318) %WER 0 [ 0 / 11, 0 insertions, 0 deletions, 0 sub ]
LOG (lattice-oracle[5.5.480~1-09abd]:main():lattice-oracle.cc:332) For utterance F100373309-397162491_2145545-421685640_1691649507-GB-F-057, best cost 0
Lattice F100373309-397162491_2145545-421685640_1691649507-GB-F-059 read.
LOG (lattice-oracle[5.5.480~1-09abd]:main():lattice-oracle.cc:318) %WER 25 [ 1 / 4, 0 insertions, 1 deletions, 0 sub ]
LOG (lattice-oracle[5.5.480~1-09abd]:main():lattice-oracle.cc:332) For utterance F100373309-397162491_2145545-421685640_1691649507-GB-F-059, best cost 1
Lattice F100373309-397162491_2145545-421685640_1691649507-GB-F-061 read.
LOG (lattice-oracle[5.5.480~1-09abd]:main():lattice-oracle.cc:318) %WER 0 [ 0 / 20, 0 insertions, 0 deletions, 0 sub ]
LOG (lattice-oracle[5.5.480~1-09abd]:main():lattice-oracle.cc:332) For utterance F100373309-397162491_2145545-421685640_1691649507-GB-F-061, best cost 0
Lattice F100373309-397162491_2145545-421685640_1691649507-GB-F-064 read.
LOG (lattice-oracle[5.5.480~1-09abd]:main():lattice-oracle.cc:318) %WER 0 [ 0 / 10, 0 insertions, 0 deletions, 0 sub ]
LOG (lattice-oracle[5.5.480~1-09abd]:main():lattice-oracle.cc:332) For utterance F100373309-397162491_2145545-421685640_1691649507-GB-F-064, best cost 0
Lattice F100373309-397162491_2145545-421685640_1691649507-GB-F-065 read.
LOG (lattice-oracle[5.5.480~1-09abd]:main():lattice-oracle.cc:318) %WER 0 [ 0 / 14, 0 insertions, 0 deletions, 0 sub ]
LOG (lattice-oracle[5.5.480~1-09abd]:main():lattice-oracle.cc:332) For utterance F100373309-397162491_2145545-421685640_1691649507-GB-F-065, best cost 0
Lattice F100373309-397162491_2145545-421685640_1691649507-GB-F-068 read.
LOG (lattice-oracle[5.5.480~1-09abd]:main():lattice-oracle.cc:318) %WER 0 [ 0 / 8, 0 insertions, 0 deletions, 0 sub ]
LOG (lattice-oracle[5.5.480~1-09abd]:main():lattice-oracle.cc:332) For utterance F100373309-397162491_2145545-421685640_1691649507-GB-F-068, best cost 0
Lattice F100373309-397162491_2145545-421685640_1691649507-GB-F-069 read.
LOG (lattice-oracle[5.5.480~1-09abd]:main():lattice-oracle.cc:318) %WER 12.5 [ 1 / 8, 0 insertions, 1 deletions, 0 sub ]
LOG (lattice-oracle[5.5.480~1-09abd]:main():lattice-oracle.cc:332) For utterance F100373309-397162491_2145545-421685640_1691649507-GB-F-069, best cost 1
Lattice F100373309-397162491_2145545-421685640_1691649507-GB-F-070 read.
LOG (lattice-oracle[5.5.480~1-09abd]:main():lattice-oracle.cc:318) %WER 8.33333 [ 1 / 12, 0 insertions, 1 deletions, 0 sub ]
LOG (lattice-oracle[5.5.480~1-09abd]:main():lattice-oracle.cc:332) For utterance F100373309-397162491_2145545-421685640_1691649507-GB-F-070, best cost 1
Lattice F100373309-397162491_2145545-421685640_1691649507-GB-F-072 read.
LOG (lattice-oracle[5.5.480~1-09abd]:main():lattice-oracle.cc:318) %WER 0 [ 0 / 7, 0 insertions, 0 deletions, 0 sub ]
LOG (lattice-oracle[5.5.480~1-09abd]:main():lattice-oracle.cc:332) For utterance F100373309-397162491_2145545-421685640_1691649507-GB-F-072, best cost 0
Lattice F100373309-397162491_2145545-421685640_1691649507-GB-F-073 read.
LOG (lattice-oracle[5.5.480~1-09abd]:main():lattice-oracle.cc:318) %WER 30 [ 3 / 10, 0 insertions, 3 deletions, 0 sub ]
LOG (lattice-oracle[5.5.480~1-09abd]:main():lattice-oracle.cc:332) For utterance F100373309-397162491_2145545-421685640_1691649507-GB-F-073, best cost 3
Lattice F100373309-397162491_2145545-421685640_1691649507-GB-F-075 read.
LOG (lattice-oracle[5.5.480~1-09abd]:main():lattice-oracle.cc:318) %WER 0 [ 0 / 3, 0 insertions, 0 deletions, 0 sub ]
LOG (lattice-oracle[5.5.480~1-09abd]:main():lattice-oracle.cc:332) For utterance F100373309-397162491_2145545-421685640_1691649507-GB-F-075, best cost 0
Lattice F100373309-397162491_2145545-421685640_1691649507-GB-F-076 read.
LOG (lattice-oracle[5.5.480~1-09abd]:main():lattice-oracle.cc:318) %WER 0 [ 0 / 14, 0 insertions, 0 deletions, 0 sub ]
LOG (lattice-oracle[5.5.480~1-09abd]:main():lattice-oracle.cc:332) For utterance F100373309-397162491_2145545-421685640_1691649507-GB-F-076, best cost 0
Lattice F100373309-397162491_2145545-421685640_1691649507-GB-F-078 read.
LOG (lattice-oracle[5.5.480~1-09abd]:main():lattice-oracle.cc:318) %WER 0 [ 0 / 28, 0 insertions, 0 deletions, 0 sub ]
LOG (lattice-oracle[5.5.480~1-09abd]:main():lattice-oracle.cc:332) For utterance F100373309-397162491_2145545-421685640_1691649507-GB-F-078, best cost 0
Lattice F100373309-397162491_2145545-421685640_1691649507-GB-F-082 read.
LOG (lattice-oracle[5.5.480~1-09abd]:main():lattice-oracle.cc:318) %WER 0 [ 0 / 12, 0 insertions, 0 deletions, 0 sub ]
LOG (lattice-oracle[5.5.480~1-09abd]:main():lattice-oracle.cc:332) For utterance F100373309-397162491_2145545-421685640_1691649507-GB-F-082, best cost 0
Lattice F100373309-397162491_2145545-421685640_1691649507-GB-F-086 read.
LOG (lattice-oracle[5.5.480~1-09abd]:main():lattice-oracle.cc:318) %WER 0 [ 0 / 8, 0 insertions, 0 deletions, 0 sub ]
LOG (lattice-oracle[5.5.480~1-09abd]:main():lattice-oracle.cc:332) For utterance F100373309-397162491_2145545-421685640_1691649507-GB-F-086, best cost 0
Lattice F100373309-397162491_2145545-421685640_1691649507-GB-F-087 read.
LOG (lattice-oracle[5.5.480~1-09abd]:main():lattice-oracle.cc:318) %WER 0 [ 0 / 28, 0 insertions, 0 deletions, 0 sub ]
LOG (lattice-oracle[5.5.480~1-09abd]:main():lattice-oracle.cc:332) For utterance F100373309-397162491_2145545-421685640_1691649507-GB-F-087, best cost 0
Lattice F100373309-397162491_2145545-421685640_1691649507-GB-F-091 read.
LOG (lattice-oracle[5.5.480~1-09abd]:main():lattice-oracle.cc:318) %WER 0 [ 0 / 21, 0 insertions, 0 deletions, 0 sub ]
LOG (lattice-oracle[5.5.480~1-09abd]:main():lattice-oracle.cc:332) For utterance F100373309-397162491_2145545-421685640_1691649507-GB-F-091, best cost 0
Lattice F100373309-397162491_2145545-421685640_1691649507-GB-F-095 read.
LOG (lattice-oracle[5.5.480~1-09abd]:main():lattice-oracle.cc:318) %WER 0 [ 0 / 7, 0 insertions, 0 deletions, 0 sub ]
LOG (lattice-oracle[5.5.480~1-09abd]:main():lattice-oracle.cc:332) For utterance F100373309-397162491_2145545-421685640_1691649507-GB-F-095, best cost 0
Lattice F100373309-397162491_2145545-421685640_1691649507-GB-F-096 read.
LOG (lattice-oracle[5.5.480~1-09abd]:main():lattice-oracle.cc:318) %WER 0 [ 0 / 8, 0 insertions, 0 deletions, 0 sub ]
LOG (lattice-oracle[5.5.480~1-09abd]:main():lattice-oracle.cc:332) For utterance F100373309-397162491_2145545-421685640_1691649507-GB-F-096, best cost 0
Lattice F100373309-397162491_2145545-421685640_1691649507-GB-F-097 read.
LOG (lattice-oracle[5.5.480~1-09abd]:main():lattice-oracle.cc:318) %WER 0 [ 0 / 8, 0 insertions, 0 deletions, 0 sub ]
LOG (lattice-oracle[5.5.480~1-09abd]:main():lattice-oracle.cc:332) For utterance F100373309-397162491_2145545-421685640_1691649507-GB-F-097, best cost 0
Lattice F100373309-397162491_2145545-421685640_1691649507-GB-F-098 read.
LOG (lattice-oracle[5.5.480~1-09abd]:main():lattice-oracle.cc:318) %WER 0 [ 0 / 6, 0 insertions, 0 deletions, 0 sub ]
LOG (lattice-oracle[5.5.480~1-09abd]:main():lattice-oracle.cc:332) For utterance F100373309-397162491_2145545-421685640_1691649507-GB-F-098, best cost 0
Lattice F100373309-397162491_2145545-421685640_1691649507-GB-F-099 read.
LOG (lattice-oracle[5.5.480~1-09abd]:main():lattice-oracle.cc:318) %WER 0 [ 0 / 6, 0 insertions, 0 deletions, 0 sub ]
LOG (lattice-oracle[5.5.480~1-09abd]:main():lattice-oracle.cc:332) For utterance F100373309-397162491_2145545-421685640_1691649507-GB-F-099, best cost 0
Lattice F100373309-397162491_2145545-421685640_1691649507-GB-F-100 read.
LOG (lattice-oracle[5.5.480~1-09abd]:main():lattice-oracle.cc:318) %WER 0 [ 0 / 7, 0 insertions, 0 deletions, 0 sub ]
LOG (lattice-oracle[5.5.480~1-09abd]:main():lattice-oracle.cc:332) For utterance F100373309-397162491_2145545-421685640_1691649507-GB-F-100, best cost 0
Lattice F100373309-397162491_2145545-421685640_1691649507-GB-F-101 read.
LOG (lattice-oracle[5.5.480~1-09abd]:main():lattice-oracle.cc:318) %WER 14.2857 [ 1 / 7, 0 insertions, 1 deletions, 0 sub ]
LOG (lattice-oracle[5.5.480~1-09abd]:main():lattice-oracle.cc:332) For utterance F100373309-397162491_2145545-421685640_1691649507-GB-F-101, best cost 1
Lattice F100373309-397162491_2145545-421685640_1691649507-GB-F-102 read.
LOG (lattice-oracle[5.5.480~1-09abd]:main():lattice-oracle.cc:318) %WER 0 [ 0 / 6, 0 insertions, 0 deletions, 0 sub ]
LOG (lattice-oracle[5.5.480~1-09abd]:main():lattice-oracle.cc:332) For utterance F100373309-397162491_2145545-421685640_1691649507-GB-F-102, best cost 0
Lattice F100373309-397162491_2145545-421685640_1691649507-GB-F-104 read.
LOG (lattice-oracle[5.5.480~1-09abd]:main():lattice-oracle.cc:318) %WER 0 [ 0 / 6, 0 insertions, 0 deletions, 0 sub ]
LOG (lattice-oracle[5.5.480~1-09abd]:main():lattice-oracle.cc:332) For utterance F100373309-397162491_2145545-421685640_1691649507-GB-F-104, best cost 0
Lattice F100373309-397162491_2145545-421685640_1691649507-GB-F-105 read.
LOG (lattice-oracle[5.5.480~1-09abd]:main():lattice-oracle.cc:318) %WER 25 [ 5 / 20, 0 insertions, 5 deletions, 0 sub ]
LOG (lattice-oracle[5.5.480~1-09abd]:main():lattice-oracle.cc:332) For utterance F100373309-397162491_2145545-421685640_1691649507-GB-F-105, best cost 5
Lattice F100373309-397162491_2145545-421685640_1691649507-GB-F-108 read.
LOG (lattice-oracle[5.5.480~1-09abd]:main():lattice-oracle.cc:318) %WER 15 [ 3 / 20, 0 insertions, 3 deletions, 0 sub ]
LOG (lattice-oracle[5.5.480~1-09abd]:main():lattice-oracle.cc:332) For utterance F100373309-397162491_2145545-421685640_1691649507-GB-F-108, best cost 3
Lattice F100373309-397162491_2145545-421685640_1691649507-GB-F-111 read.
LOG (lattice-oracle[5.5.480~1-09abd]:main():lattice-oracle.cc:318) %WER 0 [ 0 / 7, 0 insertions, 0 deletions, 0 sub ]
LOG (lattice-oracle[5.5.480~1-09abd]:main():lattice-oracle.cc:332) For utterance F100373309-397162491_2145545-421685640_1691649507-GB-F-111, best cost 0
Lattice F100373309-397162491_2145545-421685640_1691649507-GB-F-112 read.
LOG (lattice-oracle[5.5.480~1-09abd]:main():lattice-oracle.cc:318) %WER 28.5714 [ 2 / 7, 0 insertions, 2 deletions, 0 sub ]
LOG (lattice-oracle[5.5.480~1-09abd]:main():lattice-oracle.cc:332) For utterance F100373309-397162491_2145545-421685640_1691649507-GB-F-112, best cost 2
Lattice F100373309-397162491_2145545-421685640_1691649507-GB-F-113 read.
LOG (lattice-oracle[5.5.480~1-09abd]:main():lattice-oracle.cc:318) %WER 33.3333 [ 2 / 6, 0 insertions, 2 deletions, 0 sub ]
LOG (lattice-oracle[5.5.480~1-09abd]:main():lattice-oracle.cc:332) For utterance F100373309-397162491_2145545-421685640_1691649507-GB-F-113, best cost 2
Lattice F100373309-397162491_2145545-421685640_1691649507-GB-F-115 read.
LOG (lattice-oracle[5.5.480~1-09abd]:main():lattice-oracle.cc:318) %WER 0 [ 0 / 3, 0 insertions, 0 deletions, 0 sub ]
LOG (lattice-oracle[5.5.480~1-09abd]:main():lattice-oracle.cc:332) For utterance F100373309-397162491_2145545-421685640_1691649507-GB-F-115, best cost 0
Lattice F100373309-397162491_2145545-421685640_1691649507-GB-F-116 read.
LOG (lattice-oracle[5.5.480~1-09abd]:main():lattice-oracle.cc:318) %WER 25 [ 2 / 8, 0 insertions, 0 deletions, 2 sub ]
LOG (lattice-oracle[5.5.480~1-09abd]:main():lattice-oracle.cc:332) For utterance F100373309-397162491_2145545-421685640_1691649507-GB-F-116, best cost 2
Lattice F1012955553-3771932_3771932-127923998_1585943333-GB-F-003 read.
LOG (lattice-oracle[5.5.480~1-09abd]:main():lattice-oracle.cc:318) %WER 0 [ 0 / 3, 0 insertions, 0 deletions, 0 sub ]
LOG (lattice-oracle[5.5.480~1-09abd]:main():lattice-oracle.cc:332) For utterance F1012955553-3771932_3771932-127923998_1585943333-GB-F-003, best cost 0
Lattice F1012955553-3771932_3771932-127923998_1585943333-GB-F-004 read.
LOG (lattice-oracle[5.5.480~1-09abd]:main():lattice-oracle.cc:318) %WER 8.33333 [ 1 / 12, 0 insertions, 1 deletions, 0 sub ]
LOG (lattice-oracle[5.5.480~1-09abd]:main():lattice-oracle.cc:332) For utterance F1012955553-3771932_3771932-127923998_1585943333-GB-F-004, best cost 1
Lattice F1012955553-3771932_3771932-127923998_1585943333-GB-F-005 read.
LOG (lattice-oracle[5.5.480~1-09abd]:main():lattice-oracle.cc:318) %WER 0 [ 0 / 5, 0 insertions, 0 deletions, 0 sub ]
LOG (lattice-oracle[5.5.480~1-09abd]:main():lattice-oracle.cc:332) For utterance F1012955553-3771932_3771932-127923998_1585943333-GB-F-005, best cost 0
Lattice F1012955553-3771932_3771932-127923998_1585943333-GB-F-006 read.
LOG (lattice-oracle[5.5.480~1-09abd]:main():lattice-oracle.cc:318) %WER 0 [ 0 / 5, 0 insertions, 0 deletions, 0 sub ]
LOG (lattice-oracle[5.5.480~1-09abd]:main():lattice-oracle.cc:332) For utterance F1012955553-3771932_3771932-127923998_1585943333-GB-F-006, best cost 0
Lattice F1012955553-3771932_3771932-127923998_1585943333-GB-F-007 read.
LOG (lattice-oracle[5.5.480~1-09abd]:main():lattice-oracle.cc:318) %WER 0 [ 0 / 9, 0 insertions, 0 deletions, 0 sub ]
LOG (lattice-oracle[5.5.480~1-09abd]:main():lattice-oracle.cc:332) For utterance F1012955553-3771932_3771932-127923998_1585943333-GB-F-007, best cost 0
Lattice F1012955553-3771932_3771932-127923998_1585943333-GB-F-008 read.
LOG (lattice-oracle[5.5.480~1-09abd]:main():lattice-oracle.cc:318) %WER 0 [ 0 / 4, 0 insertions, 0 deletions, 0 sub ]
LOG (lattice-oracle[5.5.480~1-09abd]:main():lattice-oracle.cc:332) For utterance F1012955553-3771932_3771932-127923998_1585943333-GB-F-008, best cost 0
Lattice F1012955553-3771932_3771932-127923998_1585943333-GB-F-009 read.
LOG (lattice-oracle[5.5.480~1-09abd]:main():lattice-oracle.cc:318) %WER 0 [ 0 / 6, 0 insertions, 0 deletions, 0 sub ]
LOG (lattice-oracle[5.5.480~1-09abd]:main():lattice-oracle.cc:332) For utterance F1012955553-3771932_3771932-127923998_1585943333-GB-F-009, best cost 0
Lattice F1012955553-3771932_3771932-127923998_1585943333-GB-F-010 read.
LOG (lattice-oracle[5.5.480~1-09abd]:main():lattice-oracle.cc:318) %WER 0 [ 0 / 6, 0 insertions, 0 deletions, 0 sub ]
LOG (lattice-oracle[5.5.480~1-09abd]:main():lattice-oracle.cc:332) For utterance F1012955553-3771932_3771932-127923998_1585943333-GB-F-010, best cost 0
Lattice F1012955553-3771932_3771932-127923998_1585943333-GB-F-011 read.
LOG (lattice-oracle[5.5.480~1-09abd]:main():lattice-oracle.cc:318) %WER 0 [ 0 / 4, 0 insertions, 0 deletions, 0 sub ]
LOG (lattice-oracle[5.5.480~1-09abd]:main():lattice-oracle.cc:332) For utterance F1012955553-3771932_3771932-127923998_1585943333-GB-F-011, best cost 0
Lattice F1012955553-3771932_3771932-127923998_1585943333-GB-F-012 read.
LOG (lattice-oracle[5.5.480~1-09abd]:main():lattice-oracle.cc:318) %WER 0 [ 0 / 5, 0 insertions, 0 deletions, 0 sub ]
LOG (lattice-oracle[5.5.480~1-09abd]:main():lattice-oracle.cc:332) For utterance F1012955553-3771932_3771932-127923998_1585943333-GB-F-012, best cost 0
Lattice F1012955553-3771932_3771932-127923998_1585943333-GB-F-013 read.
LOG (lattice-oracle[5.5.480~1-09abd]:main():lattice-oracle.cc:318) %WER 0 [ 0 / 4, 0 insertions, 0 deletions, 0 sub ]
LOG (lattice-oracle[5.5.480~1-09abd]:main():lattice-oracle.cc:332) For utterance F1012955553-3771932_3771932-127923998_1585943333-GB-F-013, best cost 0
Lattice F1012955553-3771932_3771932-127923998_1585943333-GB-F-014 read.
LOG (lattice-oracle[5.5.480~1-09abd]:main():lattice-oracle.cc:318) %WER 0 [ 0 / 6, 0 insertions, 0 deletions, 0 sub ]
LOG (lattice-oracle[5.5.480~1-09abd]:main():lattice-oracle.cc:332) For utterance F1012955553-3771932_3771932-127923998_1585943333-GB-F-014, best cost 0
Lattice F1012955553-3771932_3771932-127923998_1585943333-GB-F-015 read.
LOG (lattice-oracle[5.5.480~1-09abd]:main():lattice-oracle.cc:318) %WER 0 [ 0 / 9, 0 insertions, 0 deletions, 0 sub ]
LOG (lattice-oracle[5.5.480~1-09abd]:main():lattice-oracle.cc:332) For utterance F1012955553-3771932_3771932-127923998_1585943333-GB-F-015, best cost 0
Lattice F1012955553-3771932_3771932-127923998_1585943333-GB-F-016 read.
LOG (lattice-oracle[5.5.480~1-09abd]:main():lattice-oracle.cc:318) %WER 0 [ 0 / 10, 0 insertions, 0 deletions, 0 sub ]
LOG (lattice-oracle[5.5.480~1-09abd]:main():lattice-oracle.cc:332) For utterance F1012955553-3771932_3771932-127923998_1585943333-GB-F-016, best cost 0
Lattice F1012955553-3771932_3771932-127923998_1585943333-GB-F-017 read.
LOG (lattice-oracle[5.5.480~1-09abd]:main():lattice-oracle.cc:318) %WER 0 [ 0 / 2, 0 insertions, 0 deletions, 0 sub ]
LOG (lattice-oracle[5.5.480~1-09abd]:main():lattice-oracle.cc:332) For utterance F1012955553-3771932_3771932-127923998_1585943333-GB-F-017, best cost 0
Lattice F1012955553-3771932_3771932-127923998_1585943333-GB-F-018 read.
LOG (lattice-oracle[5.5.480~1-09abd]:main():lattice-oracle.cc:318) %WER 200 [ 4 / 2, 4 insertions, 0 deletions, 0 sub ]
LOG (lattice-oracle[5.5.480~1-09abd]:main():lattice-oracle.cc:332) For utterance F1012955553-3771932_3771932-127923998_1585943333-GB-F-018, best cost 4
Lattice F1012955553-3771932_3771932-127923998_1585943333-GB-F-019 read.
LOG (lattice-oracle[5.5.480~1-09abd]:main():lattice-oracle.cc:318) %WER 41.6667 [ 5 / 12, 0 insertions, 0 deletions, 5 sub ]
LOG (lattice-oracle[5.5.480~1-09abd]:main():lattice-oracle.cc:332) For utterance F1012955553-3771932_3771932-127923998_1585943333-GB-F-019, best cost 5
Lattice F1012955553-3771932_3771932-127923998_1585943333-GB-F-021 read.
LOG (lattice-oracle[5.5.480~1-09abd]:main():lattice-oracle.cc:318) %WER 0 [ 0 / 15, 0 insertions, 0 deletions, 0 sub ]
LOG (lattice-oracle[5.5.480~1-09abd]:main():lattice-oracle.cc:332) For utterance F1012955553-3771932_3771932-127923998_1585943333-GB-F-021, best cost 0
Lattice F1012955553-3771932_3771932-127923998_1585943333-GB-F-023 read.
LOG (lattice-oracle[5.5.480~1-09abd]:main():lattice-oracle.cc:318) %WER 30 [ 3 / 10, 2 insertions, 1 deletions, 0 sub ]
LOG (lattice-oracle[5.5.480~1-09abd]:main():lattice-oracle.cc:332) For utterance F1012955553-3771932_3771932-127923998_1585943333-GB-F-023, best cost 3
Lattice F1012955553-3771932_3771932-127923998_1585943333-GB-F-025 read.
LOG (lattice-oracle[5.5.480~1-09abd]:main():lattice-oracle.cc:318) %WER 0 [ 0 / 4, 0 insertions, 0 deletions, 0 sub ]
LOG (lattice-oracle[5.5.480~1-09abd]:main():lattice-oracle.cc:332) For utterance F1012955553-3771932_3771932-127923998_1585943333-GB-F-025, best cost 0
Lattice F1012955553-3771932_3771932-127923998_1585943333-GB-F-026 read.
LOG (lattice-oracle[5.5.480~1-09abd]:main():lattice-oracle.cc:318) %WER 50 [ 2 / 4, 0 insertions, 2 deletions, 0 sub ]
LOG (lattice-oracle[5.5.480~1-09abd]:main():lattice-oracle.cc:332) For utterance F1012955553-3771932_3771932-127923998_1585943333-GB-F-026, best cost 2
Lattice F1012955553-3771932_3771932-127923998_1585943333-GB-F-028 read.
LOG (lattice-oracle[5.5.480~1-09abd]:main():lattice-oracle.cc:318) %WER 0 [ 0 / 1, 0 insertions, 0 deletions, 0 sub ]
LOG (lattice-oracle[5.5.480~1-09abd]:main():lattice-oracle.cc:332) For utterance F1012955553-3771932_3771932-127923998_1585943333-GB-F-028, best cost 0
Lattice F1012955553-3771932_3771932-127923998_1585943333-GB-F-029 read.
LOG (lattice-oracle[5.5.480~1-09abd]:main():lattice-oracle.cc:318) %WER 60 [ 6 / 10, 0 insertions, 6 deletions, 0 sub ]
LOG (lattice-oracle[5.5.480~1-09abd]:main():lattice-oracle.cc:332) For utterance F1012955553-3771932_3771932-127923998_1585943333-GB-F-029, best cost 6
Lattice F1012955553-3771932_3771932-127923998_1585943333-GB-F-031 read.
LOG (lattice-oracle[5.5.480~1-09abd]:main():lattice-oracle.cc:318) %WER 100 [ 6 / 6, 0 insertions, 6 deletions, 0 sub ]
LOG (lattice-oracle[5.5.480~1-09abd]:main():lattice-oracle.cc:332) For utterance F1012955553-3771932_3771932-127923998_1585943333-GB-F-031, best cost 6
Lattice F1012955553-3771932_3771932-127923998_1585943333-GB-F-032 read.
LOG (lattice-oracle[5.5.480~1-09abd]:main():lattice-oracle.cc:318) %WER 75 [ 3 / 4, 0 insertions, 3 deletions, 0 sub ]
LOG (lattice-oracle[5.5.480~1-09abd]:main():lattice-oracle.cc:332) For utterance F1012955553-3771932_3771932-127923998_1585943333-GB-F-032, best cost 3
Lattice F1012955553-3771932_3771932-127923998_1585943333-GB-F-033 read.
LOG (lattice-oracle[5.5.480~1-09abd]:main():lattice-oracle.cc:318) %WER 33.3333 [ 3 / 9, 0 insertions, 3 deletions, 0 sub ]
LOG (lattice-oracle[5.5.480~1-09abd]:main():lattice-oracle.cc:332) For utterance F1012955553-3771932_3771932-127923998_1585943333-GB-F-033, best cost 3
Lattice F1012955553-3771932_3771932-127923998_1585943333-GB-F-036 read.
LOG (lattice-oracle[5.5.480~1-09abd]:main():lattice-oracle.cc:318) %WER 62.5 [ 5 / 8, 0 insertions, 4 deletions, 1 sub ]
LOG (lattice-oracle[5.5.480~1-09abd]:main():lattice-oracle.cc:332) For utterance F1012955553-3771932_3771932-127923998_1585943333-GB-F-036, best cost 5
Lattice F1012955553-3771932_3771932-127923998_1585943333-GB-F-037 read.
LOG (lattice-oracle[5.5.480~1-09abd]:main():lattice-oracle.cc:318) %WER 0 [ 0 / 1, 0 insertions, 0 deletions, 0 sub ]
LOG (lattice-oracle[5.5.480~1-09abd]:main():lattice-oracle.cc:332) For utterance F1012955553-3771932_3771932-127923998_1585943333-GB-F-037, best cost 0
Lattice F1012955553-3771932_3771932-127923998_1585943333-GB-F-038 read.
LOG (lattice-oracle[5.5.480~1-09abd]:main():lattice-oracle.cc:318) %WER 50 [ 2 / 4, 0 insertions, 2 deletions, 0 sub ]
LOG (lattice-oracle[5.5.480~1-09abd]:main():lattice-oracle.cc:332) For utterance F1012955553-3771932_3771932-127923998_1585943333-GB-F-038, best cost 2
Lattice F1012955553-3771932_3771932-127923998_1585943333-GB-F-039 read.
LOG (lattice-oracle[5.5.480~1-09abd]:main():lattice-oracle.cc:318) %WER 100 [ 3 / 3, 0 insertions, 3 deletions, 0 sub ]
LOG (lattice-oracle[5.5.480~1-09abd]:main():lattice-oracle.cc:332) For utterance F1012955553-3771932_3771932-127923998_1585943333-GB-F-039, best cost 3
Lattice F1012955553-3771932_3771932-127923998_1585943333-GB-F-040 read.
LOG (lattice-oracle[5.5.480~1-09abd]:main():lattice-oracle.cc:318) %WER 83.3333 [ 5 / 6, 0 insertions, 5 deletions, 0 sub ]
LOG (lattice-oracle[5.5.480~1-09abd]:main():lattice-oracle.cc:332) For utterance F1012955553-3771932_3771932-127923998_1585943333-GB-F-040, best cost 5
Lattice F1012955553-3771932_3771932-127923998_1585943333-GB-F-041 read.
LOG (lattice-oracle[5.5.480~1-09abd]:main():lattice-oracle.cc:318) %WER 75 [ 6 / 8, 0 insertions, 6 deletions, 0 sub ]
LOG (lattice-oracle[5.5.480~1-09abd]:main():lattice-oracle.cc:332) For utterance F1012955553-3771932_3771932-127923998_1585943333-GB-F-041, best cost 6
Lattice F1012955553-3771932_3771932-127923998_1585943333-GB-F-043 read.
LOG (lattice-oracle[5.5.480~1-09abd]:main():lattice-oracle.cc:318) %WER 75 [ 6 / 8, 0 insertions, 6 deletions, 0 sub ]
LOG (lattice-oracle[5.5.480~1-09abd]:main():lattice-oracle.cc:332) For utterance F1012955553-3771932_3771932-127923998_1585943333-GB-F-043, best cost 6
Lattice F1012955553-3771932_3771932-127923998_1585943333-GB-F-045 read.
LOG (lattice-oracle[5.5.480~1-09abd]:main():lattice-oracle.cc:318) %WER 20 [ 2 / 10, 0 insertions, 2 deletions, 0 sub ]
LOG (lattice-oracle[5.5.480~1-09abd]:main():lattice-oracle.cc:332) For utterance F1012955553-3771932_3771932-127923998_1585943333-GB-F-045, best cost 2
Lattice F1012955553-3771932_3771932-127923998_1585943333-GB-F-048 read.
LOG (lattice-oracle[5.5.480~1-09abd]:main():lattice-oracle.cc:318) %WER 50 [ 1 / 2, 0 insertions, 1 deletions, 0 sub ]
LOG (lattice-oracle[5.5.480~1-09abd]:main():lattice-oracle.cc:332) For utterance F1012955553-3771932_3771932-127923998_1585943333-GB-F-048, best cost 1
Lattice F1012955553-859070042_2654751-351126476_1584834411-GB-F-003 read.
LOG (lattice-oracle[5.5.480~1-09abd]:main():lattice-oracle.cc:318) %WER 0 [ 0 / 6, 0 insertions, 0 deletions, 0 sub ]
LOG (lattice-oracle[5.5.480~1-09abd]:main():lattice-oracle.cc:332) For utterance F1012955553-859070042_2654751-351126476_1584834411-GB-F-003, best cost 0
Lattice F1012955553-859070042_2654751-351126476_1584834411-GB-F-004 read.
LOG (lattice-oracle[5.5.480~1-09abd]:main():lattice-oracle.cc:318) %WER 0 [ 0 / 19, 0 insertions, 0 deletions, 0 sub ]
LOG (lattice-oracle[5.5.480~1-09abd]:main():lattice-oracle.cc:332) For utterance F1012955553-859070042_2654751-351126476_1584834411-GB-F-004, best cost 0
Lattice F1012955553-859070042_2654751-351126476_1584834411-GB-F-008 read.
LOG (lattice-oracle[5.5.480~1-09abd]:main():lattice-oracle.cc:318) %WER 11.3636 [ 5 / 44, 1 insertions, 3 deletions, 1 sub ]
LOG (lattice-oracle[5.5.480~1-09abd]:main():lattice-oracle.cc:332) For utterance F1012955553-859070042_2654751-351126476_1584834411-GB-F-008, best cost 5
Lattice F1012955553-859070042_2654751-351126476_1584834411-GB-F-016 read.
LOG (lattice-oracle[5.5.480~1-09abd]:main():lattice-oracle.cc:318) %WER 5.26316 [ 1 / 19, 1 insertions, 0 deletions, 0 sub ]
LOG (lattice-oracle[5.5.480~1-09abd]:main():lattice-oracle.cc:332) For utterance F1012955553-859070042_2654751-351126476_1584834411-GB-F-016, best cost 1
Lattice F1012955553-859070042_2654751-351126476_1584834411-GB-F-020 read.
LOG (lattice-oracle[5.5.480~1-09abd]:main():lattice-oracle.cc:318) %WER 20 [ 2 / 10, 0 insertions, 2 deletions, 0 sub ]
LOG (lattice-oracle[5.5.480~1-09abd]:main():lattice-oracle.cc:332) For utterance F1012955553-859070042_2654751-351126476_1584834411-GB-F-020, best cost 2
Lattice F1012955553-859070042_2654751-351126476_1584834411-GB-F-022 read.
LOG (lattice-oracle[5.5.480~1-09abd]:main():lattice-oracle.cc:318) %WER 0 [ 0 / 13, 0 insertions, 0 deletions, 0 sub ]
LOG (lattice-oracle[5.5.480~1-09abd]:main():lattice-oracle.cc:332) For utterance F1012955553-859070042_2654751-351126476_1584834411-GB-F-022, best cost 0
Lattice F1012955553-859070042_2654751-351126476_1584834411-GB-F-024 read.
LOG (lattice-oracle[5.5.480~1-09abd]:main():lattice-oracle.cc:318) %WER 11.5385 [ 3 / 26, 0 insertions, 2 deletions, 1 sub ]
LOG (lattice-oracle[5.5.480~1-09abd]:main():lattice-oracle.cc:332) For utterance F1012955553-859070042_2654751-351126476_1584834411-GB-F-024, best cost 3
Lattice F1012955553-859070042_2654751-351126476_1584834411-GB-F-029 read.
LOG (lattice-oracle[5.5.480~1-09abd]:main():lattice-oracle.cc:318) %WER 6.34921 [ 4 / 63, 1 insertions, 3 deletions, 0 sub ]
LOG (lattice-oracle[5.5.480~1-09abd]:main():lattice-oracle.cc:332) For utterance F1012955553-859070042_2654751-351126476_1584834411-GB-F-029, best cost 4
Lattice F1012955553-859070042_2654751-351126476_1584834411-GB-F-042 read.
LOG (lattice-oracle[5.5.480~1-09abd]:main():lattice-oracle.cc:318) %WER 15.5556 [ 7 / 45, 4 insertions, 2 deletions, 1 sub ]
LOG (lattice-oracle[5.5.480~1-09abd]:main():lattice-oracle.cc:332) For utterance F1012955553-859070042_2654751-351126476_1584834411-GB-F-042, best cost 7
Lattice F1012955553-859070042_2654751-351126476_1584834411-GB-F-051 read.
LOG (lattice-oracle[5.5.480~1-09abd]:main():lattice-oracle.cc:318) %WER 29.4118 [ 5 / 17, 1 insertions, 4 deletions, 0 sub ]
LOG (lattice-oracle[5.5.480~1-09abd]:main():lattice-oracle.cc:332) For utterance F1012955553-859070042_2654751-351126476_1584834411-GB-F-051, best cost 5
Lattice F1012955553-859070042_2654751-351126476_1584834411-GB-F-055 read.
LOG (lattice-oracle[5.5.480~1-09abd]:main():lattice-oracle.cc:318) %WER 22.2222 [ 4 / 18, 3 insertions, 0 deletions, 1 sub ]
LOG (lattice-oracle[5.5.480~1-09abd]:main():lattice-oracle.cc:332) For utterance F1012955553-859070042_2654751-351126476_1584834411-GB-F-055, best cost 4
Lattice F1012955553-859070042_2654751-351126476_1584834411-GB-F-058 read.
LOG (lattice-oracle[5.5.480~1-09abd]:main():lattice-oracle.cc:318) %WER 26.9231 [ 7 / 26, 1 insertions, 3 deletions, 3 sub ]
LOG (lattice-oracle[5.5.480~1-09abd]:main():lattice-oracle.cc:332) For utterance F1012955553-859070042_2654751-351126476_1584834411-GB-F-058, best cost 7
Lattice F1012955553-859070042_2654751-351126476_1584834411-GB-F-063 read.
LOG (lattice-oracle[5.5.480~1-09abd]:main():lattice-oracle.cc:318) %WER 42.8571 [ 6 / 14, 0 insertions, 1 deletions, 5 sub ]
LOG (lattice-oracle[5.5.480~1-09abd]:main():lattice-oracle.cc:332) For utterance F1012955553-859070042_2654751-351126476_1584834411-GB-F-063, best cost 6
Lattice F1012955553-859070042_2654751-351126476_1584834411-GB-F-066 read.
LOG (lattice-oracle[5.5.480~1-09abd]:main():lattice-oracle.cc:318) %WER 8 [ 2 / 25, 1 insertions, 1 deletions, 0 sub ]
LOG (lattice-oracle[5.5.480~1-09abd]:main():lattice-oracle.cc:332) For utterance F1012955553-859070042_2654751-351126476_1584834411-GB-F-066, best cost 2
Lattice F1012955553-859070042_2654751-351126476_1584834411-GB-F-073 read.
LOG (lattice-oracle[5.5.480~1-09abd]:main():lattice-oracle.cc:318) %WER 9.30233 [ 4 / 43, 3 insertions, 0 deletions, 1 sub ]
LOG (lattice-oracle[5.5.480~1-09abd]:main():lattice-oracle.cc:332) For utterance F1012955553-859070042_2654751-351126476_1584834411-GB-F-073, best cost 4
Lattice F1012955553-859070042_2654751-351126476_1584834411-GB-F-086 read.
LOG (lattice-oracle[5.5.480~1-09abd]:main():lattice-oracle.cc:318) %WER 0 [ 0 / 7, 0 insertions, 0 deletions, 0 sub ]
LOG (lattice-oracle[5.5.480~1-09abd]:main():lattice-oracle.cc:332) For utterance F1012955553-859070042_2654751-351126476_1584834411-GB-F-086, best cost 0
Lattice F1012955553-859070042_2654751-351126476_1584834411-GB-F-087 read.
LOG (lattice-oracle[5.5.480~1-09abd]:main():lattice-oracle.cc:318) %WER 0 [ 0 / 6, 0 insertions, 0 deletions, 0 sub ]
LOG (lattice-oracle[5.5.480~1-09abd]:main():lattice-oracle.cc:332) For utterance F1012955553-859070042_2654751-351126476_1584834411-GB-F-087, best cost 0
Lattice F1012955553-859070042_2654751-351126476_1584834411-GB-F-088 read.
LOG (lattice-oracle[5.5.480~1-09abd]:main():lattice-oracle.cc:318) %WER 15 [ 3 / 20, 1 insertions, 2 deletions, 0 sub ]
LOG (lattice-oracle[5.5.480~1-09abd]:main():lattice-oracle.cc:332) For utterance F1012955553-859070042_2654751-351126476_1584834411-GB-F-088, best cost 3
Lattice F1012955553-859070042_2654751-351126476_1584834411-GB-F-092 read.
LOG (lattice-oracle[5.5.480~1-09abd]:main():lattice-oracle.cc:318) %WER 48.1481 [ 13 / 27, 0 insertions, 8 deletions, 5 sub ]
LOG (lattice-oracle[5.5.480~1-09abd]:main():lattice-oracle.cc:332) For utterance F1012955553-859070042_2654751-351126476_1584834411-GB-F-092, best cost 13
Lattice F1012955553-859070042_2654751-351126476_1584834411-GB-F-097 read.
LOG (lattice-oracle[5.5.480~1-09abd]:main():lattice-oracle.cc:318) %WER 50 [ 3 / 6, 0 insertions, 1 deletions, 2 sub ]
LOG (lattice-oracle[5.5.480~1-09abd]:main():lattice-oracle.cc:332) For utterance F1012955553-859070042_2654751-351126476_1584834411-GB-F-097, best cost 3
Lattice F1012955553-859070042_2654751-351126476_1584834411-GB-F-098 read.
LOG (lattice-oracle[5.5.480~1-09abd]:main():lattice-oracle.cc:318) %WER 30.7692 [ 8 / 26, 0 insertions, 3 deletions, 5 sub ]
LOG (lattice-oracle[5.5.480~1-09abd]:main():lattice-oracle.cc:332) For utterance F1012955553-859070042_2654751-351126476_1584834411-GB-F-098, best cost 8
Lattice F1012955553-859070042_2654751-351126476_1584834411-GB-F-103 read.
LOG (lattice-oracle[5.5.480~1-09abd]:main():lattice-oracle.cc:318) %WER 14.2857 [ 2 / 14, 0 insertions, 2 deletions, 0 sub ]
LOG (lattice-oracle[5.5.480~1-09abd]:main():lattice-oracle.cc:332) For utterance F1012955553-859070042_2654751-351126476_1584834411-GB-F-103, best cost 2
Lattice F1012955553-859070042_2654751-351126476_1584834411-GB-F-106 read.
LOG (lattice-oracle[5.5.480~1-09abd]:main():lattice-oracle.cc:318) %WER 23.0769 [ 9 / 39, 1 insertions, 2 deletions, 6 sub ]
LOG (lattice-oracle[5.5.480~1-09abd]:main():lattice-oracle.cc:332) For utterance F1012955553-859070042_2654751-351126476_1584834411-GB-F-106, best cost 9
Lattice F1012955553-859070042_2654751-351126476_1584834411-GB-F-112 read.
LOG (lattice-oracle[5.5.480~1-09abd]:main():lattice-oracle.cc:318) %WER 14.2857 [ 2 / 14, 0 insertions, 2 deletions, 0 sub ]
LOG (lattice-oracle[5.5.480~1-09abd]:main():lattice-oracle.cc:332) For utterance F1012955553-859070042_2654751-351126476_1584834411-GB-F-112, best cost 2
Lattice F1013534506-3771926_3771926-1221818620_1528544944-GB-F-001 read.
LOG (lattice-oracle[5.5.480~1-09abd]:main():lattice-oracle.cc:318) %WER 0 [ 0 / 12, 0 insertions, 0 deletions, 0 sub ]
LOG (lattice-oracle[5.5.480~1-09abd]:main():lattice-oracle.cc:332) For utterance F1013534506-3771926_3771926-1221818620_1528544944-GB-F-001, best cost 0
Lattice F1013534506-3771926_3771926-1221818620_1528544944-GB-F-003 read.
LOG (lattice-oracle[5.5.480~1-09abd]:main():lattice-oracle.cc:318) %WER 0 [ 0 / 12, 0 insertions, 0 deletions, 0 sub ]
LOG (lattice-oracle[5.5.480~1-09abd]:main():lattice-oracle.cc:332) For utterance F1013534506-3771926_3771926-1221818620_1528544944-GB-F-003, best cost 0
Lattice F1013534506-3771926_3771926-1221818620_1528544944-GB-F-004 read.
LOG (lattice-oracle[5.5.480~1-09abd]:main():lattice-oracle.cc:318) %WER 0 [ 0 / 18, 0 insertions, 0 deletions, 0 sub ]
LOG (lattice-oracle[5.5.480~1-09abd]:main():lattice-oracle.cc:332) For utterance F1013534506-3771926_3771926-1221818620_1528544944-GB-F-004, best cost 0
Lattice F1013534506-3771926_3771926-1221818620_1528544944-GB-F-006 read.
LOG (lattice-oracle[5.5.480~1-09abd]:main():lattice-oracle.cc:318) %WER 0 [ 0 / 21, 0 insertions, 0 deletions, 0 sub ]
LOG (lattice-oracle[5.5.480~1-09abd]:main():lattice-oracle.cc:332) For utterance F1013534506-3771926_3771926-1221818620_1528544944-GB-F-006, best cost 0
Lattice F1013534506-3771926_3771926-1221818620_1528544944-GB-F-008 read.
LOG (lattice-oracle[5.5.480~1-09abd]:main():lattice-oracle.cc:318) %WER 0 [ 0 / 6, 0 insertions, 0 deletions, 0 sub ]
LOG (lattice-oracle[5.5.480~1-09abd]:main():lattice-oracle.cc:332) For utterance F1013534506-3771926_3771926-1221818620_1528544944-GB-F-008, best cost 0
Lattice F1013534506-3771926_3771926-1221818620_1528544944-GB-F-009 read.
LOG (lattice-oracle[5.5.480~1-09abd]:main():lattice-oracle.cc:318) %WER 0 [ 0 / 15, 0 insertions, 0 deletions, 0 sub ]
LOG (lattice-oracle[5.5.480~1-09abd]:main():lattice-oracle.cc:332) For utterance F1013534506-3771926_3771926-1221818620_1528544944-GB-F-009, best cost 0
Lattice F1013534506-3771926_3771926-1221818620_1528544944-GB-F-011 read.
LOG (lattice-oracle[5.5.480~1-09abd]:main():lattice-oracle.cc:318) %WER 9.80392 [ 5 / 51, 5 insertions, 0 deletions, 0 sub ]
LOG (lattice-oracle[5.5.480~1-09abd]:main():lattice-oracle.cc:332) For utterance F1013534506-3771926_3771926-1221818620_1528544944-GB-F-011, best cost 5
Lattice F1013534506-3771926_3771926-1221818620_1528544944-GB-F-017 read.
LOG (lattice-oracle[5.5.480~1-09abd]:main():lattice-oracle.cc:318) %WER 0 [ 0 / 6, 0 insertions, 0 deletions, 0 sub ]
LOG (lattice-oracle[5.5.480~1-09abd]:main():lattice-oracle.cc:332) For utterance F1013534506-3771926_3771926-1221818620_1528544944-GB-F-017, best cost 0
Lattice F1013534506-3771926_3771926-1221818620_1528544944-GB-F-018 read.
LOG (lattice-oracle[5.5.480~1-09abd]:main():lattice-oracle.cc:318) %WER 0 [ 0 / 15, 0 insertions, 0 deletions, 0 sub ]
LOG (lattice-oracle[5.5.480~1-09abd]:main():lattice-oracle.cc:332) For utterance F1013534506-3771926_3771926-1221818620_1528544944-GB-F-018, best cost 0
Lattice F1013534506-3771926_3771926-1221818620_1528544944-GB-F-020 read.
LOG (lattice-oracle[5.5.480~1-09abd]:main():lattice-oracle.cc:318) %WER 0 [ 0 / 11, 0 insertions, 0 deletions, 0 sub ]
LOG (lattice-oracle[5.5.480~1-09abd]:main():lattice-oracle.cc:332) For utterance F1013534506-3771926_3771926-1221818620_1528544944-GB-F-020, best cost 0
Lattice F1013534506-3771926_3771926-1221818620_1528544944-GB-F-022 read.
LOG (lattice-oracle[5.5.480~1-09abd]:main():lattice-oracle.cc:318) %WER 0 [ 0 / 7, 0 insertions, 0 deletions, 0 sub ]
LOG (lattice-oracle[5.5.480~1-09abd]:main():lattice-oracle.cc:332) For utterance F1013534506-3771926_3771926-1221818620_1528544944-GB-F-022, best cost 0
Lattice F1013534506-3771926_3771926-1221818620_1528544944-GB-F-023 read.
LOG (lattice-oracle[5.5.480~1-09abd]:main():lattice-oracle.cc:318) %WER 0 [ 0 / 38, 0 insertions, 0 deletions, 0 sub ]
LOG (lattice-oracle[5.5.480~1-09abd]:main():lattice-oracle.cc:332) For utterance F1013534506-3771926_3771926-1221818620_1528544944-GB-F-023, best cost 0
Lattice F1013534506-3771926_3771926-1221818620_1528544944-GB-F-026 read.
LOG (lattice-oracle[5.5.480~1-09abd]:main():lattice-oracle.cc:318) %WER 0 [ 0 / 6, 0 insertions, 0 deletions, 0 sub ]
LOG (lattice-oracle[5.5.480~1-09abd]:main():lattice-oracle.cc:332) For utterance F1013534506-3771926_3771926-1221818620_1528544944-GB-F-026, best cost 0
Lattice F1013534506-3771926_3771926-1221818620_1528544944-GB-F-027 read.
LOG (lattice-oracle[5.5.480~1-09abd]:main():lattice-oracle.cc:318) %WER 5 [ 1 / 20, 1 insertions, 0 deletions, 0 sub ]
LOG (lattice-oracle[5.5.480~1-09abd]:main():lattice-oracle.cc:332) For utterance F1013534506-3771926_3771926-1221818620_1528544944-GB-F-027, best cost 1
Lattice F1013534506-3771926_3771926-1221818620_1528544944-GB-F-030 read.
LOG (lattice-oracle[5.5.480~1-09abd]:main():lattice-oracle.cc:318) %WER 200 [ 2 / 1, 2 insertions, 0 deletions, 0 sub ]
LOG (lattice-oracle[5.5.480~1-09abd]:main():lattice-oracle.cc:332) For utterance F1013534506-3771926_3771926-1221818620_1528544944-GB-F-030, best cost 2
Lattice F1013534506-3771926_3771926-1221818620_1528544944-GB-F-031 read.
LOG (lattice-oracle[5.5.480~1-09abd]:main():lattice-oracle.cc:318) %WER 0 [ 0 / 5, 0 insertions, 0 deletions, 0 sub ]
LOG (lattice-oracle[5.5.480~1-09abd]:main():lattice-oracle.cc:332) For utterance F1013534506-3771926_3771926-1221818620_1528544944-GB-F-031, best cost 0
Lattice F1013534506-3771926_3771926-1221818620_1528544944-GB-F-032 read.
LOG (lattice-oracle[5.5.480~1-09abd]:main():lattice-oracle.cc:318) %WER 0 [ 0 / 1, 0 insertions, 0 deletions, 0 sub ]
LOG (lattice-oracle[5.5.480~1-09abd]:main():lattice-oracle.cc:332) For utterance F1013534506-3771926_3771926-1221818620_1528544944-GB-F-032, best cost 0
Lattice F1020274925-3769477_3769477-1020275489_980116873-GB-F-001 read.
LOG (lattice-oracle[5.5.480~1-09abd]:main():lattice-oracle.cc:318) %WER 5.88235 [ 1 / 17, 0 insertions, 1 deletions, 0 sub ]
LOG (lattice-oracle[5.5.480~1-09abd]:main():lattice-oracle.cc:332) For utterance F1020274925-3769477_3769477-1020275489_980116873-GB-F-001, best cost 1
Lattice F1020274925-3769477_3769477-1020275489_980116873-GB-F-002 read.
LOG (lattice-oracle[5.5.480~1-09abd]:main():lattice-oracle.cc:318) %WER 5.26316 [ 1 / 19, 0 insertions, 1 deletions, 0 sub ]
LOG (lattice-oracle[5.5.480~1-09abd]:main():lattice-oracle.cc:332) For utterance F1020274925-3769477_3769477-1020275489_980116873-GB-F-002, best cost 1
Lattice F1020274925-3769477_3769477-1020275489_980116873-GB-F-003 read.
LOG (lattice-oracle[5.5.480~1-09abd]:main():lattice-oracle.cc:318) %WER 50 [ 2 / 4, 0 insertions, 2 deletions, 0 sub ]
LOG (lattice-oracle[5.5.480~1-09abd]:main():lattice-oracle.cc:332) For utterance F1020274925-3769477_3769477-1020275489_980116873-GB-F-003, best cost 2
Lattice F1020274925-3769477_3769477-1020275489_980116873-GB-F-004 read.
LOG (lattice-oracle[5.5.480~1-09abd]:main():lattice-oracle.cc:318) %WER 20 [ 1 / 5, 0 insertions, 1 deletions, 0 sub ]
LOG (lattice-oracle[5.5.480~1-09abd]:main():lattice-oracle.cc:332) For utterance F1020274925-3769477_3769477-1020275489_980116873-GB-F-004, best cost 1
Lattice F1020274925-3769477_3769477-1020275489_980116873-GB-F-005 read.
LOG (lattice-oracle[5.5.480~1-09abd]:main():lattice-oracle.cc:318) %WER 0 [ 0 / 8, 0 insertions, 0 deletions, 0 sub ]
LOG (lattice-oracle[5.5.480~1-09abd]:main():lattice-oracle.cc:332) For utterance F1020274925-3769477_3769477-1020275489_980116873-GB-F-005, best cost 0
Lattice F1020274925-3769477_3769477-1020275489_980116873-GB-F-006 read.
LOG (lattice-oracle[5.5.480~1-09abd]:main():lattice-oracle.cc:318) %WER 0 [ 0 / 8, 0 insertions, 0 deletions, 0 sub ]
LOG (lattice-oracle[5.5.480~1-09abd]:main():lattice-oracle.cc:332) For utterance F1020274925-3769477_3769477-1020275489_980116873-GB-F-006, best cost 0
Lattice F1020274925-3769477_3769477-1020275489_980116873-GB-F-007 read.
LOG (lattice-oracle[5.5.480~1-09abd]:main():lattice-oracle.cc:318) %WER 0 [ 0 / 7, 0 insertions, 0 deletions, 0 sub ]
LOG (lattice-oracle[5.5.480~1-09abd]:main():lattice-oracle.cc:332) For utterance F1020274925-3769477_3769477-1020275489_980116873-GB-F-007, best cost 0
Lattice F1020274925-3769477_3769477-1020275489_980116873-GB-F-008 read.
LOG (lattice-oracle[5.5.480~1-09abd]:main():lattice-oracle.cc:318) %WER 0 [ 0 / 7, 0 insertions, 0 deletions, 0 sub ]
LOG (lattice-oracle[5.5.480~1-09abd]:main():lattice-oracle.cc:332) For utterance F1020274925-3769477_3769477-1020275489_980116873-GB-F-008, best cost 0
Lattice F1020274925-3769477_3769477-1020275489_980116873-GB-F-009 read.
LOG (lattice-oracle[5.5.480~1-09abd]:main():lattice-oracle.cc:318) %WER 0 [ 0 / 14, 0 insertions, 0 deletions, 0 sub ]
LOG (lattice-oracle[5.5.480~1-09abd]:main():lattice-oracle.cc:332) For utterance F1020274925-3769477_3769477-1020275489_980116873-GB-F-009, best cost 0
Lattice F1020274925-3769477_3769477-1020275489_980116873-GB-F-011 read.
LOG (lattice-oracle[5.5.480~1-09abd]:main():lattice-oracle.cc:318) %WER 0 [ 0 / 7, 0 insertions, 0 deletions, 0 sub ]
LOG (lattice-oracle[5.5.480~1-09abd]:main():lattice-oracle.cc:332) For utterance F1020274925-3769477_3769477-1020275489_980116873-GB-F-011, best cost 0
Lattice F1020274925-3769477_3769477-1020275489_980116873-GB-F-013 read.
LOG (lattice-oracle[5.5.480~1-09abd]:main():lattice-oracle.cc:318) %WER 33.3333 [ 4 / 12, 3 insertions, 0 deletions, 1 sub ]
LOG (lattice-oracle[5.5.480~1-09abd]:main():lattice-oracle.cc:332) For utterance F1020274925-3769477_3769477-1020275489_980116873-GB-F-013, best cost 4
Lattice F1020274925-3769477_3769477-1020275489_980116873-GB-F-015 read.
LOG (lattice-oracle[5.5.480~1-09abd]:main():lattice-oracle.cc:318) %WER 15.7895 [ 3 / 19, 2 insertions, 1 deletions, 0 sub ]
LOG (lattice-oracle[5.5.480~1-09abd]:main():lattice-oracle.cc:332) For utterance F1020274925-3769477_3769477-1020275489_980116873-GB-F-015, best cost 3
Lattice F1020274925-3769477_3769477-1020275489_980116873-GB-F-018 read.
LOG (lattice-oracle[5.5.480~1-09abd]:main():lattice-oracle.cc:318) %WER 28.5714 [ 2 / 7, 1 insertions, 1 deletions, 0 sub ]
LOG (lattice-oracle[5.5.480~1-09abd]:main():lattice-oracle.cc:332) For utterance F1020274925-3769477_3769477-1020275489_980116873-GB-F-018, best cost 2
Lattice F1020274925-3769477_3769477-1020275489_980116873-GB-F-019 read.
LOG (lattice-oracle[5.5.480~1-09abd]:main():lattice-oracle.cc:318) %WER 14.2857 [ 1 / 7, 1 insertions, 0 deletions, 0 sub ]
LOG (lattice-oracle[5.5.480~1-09abd]:main():lattice-oracle.cc:332) For utterance F1020274925-3769477_3769477-1020275489_980116873-GB-F-019, best cost 1
Lattice F1020274925-3769477_3769477-1020275489_980116873-GB-F-020 read.
LOG (lattice-oracle[5.5.480~1-09abd]:main():lattice-oracle.cc:318) %WER 14.2857 [ 1 / 7, 0 insertions, 1 deletions, 0 sub ]
LOG (lattice-oracle[5.5.480~1-09abd]:main():lattice-oracle.cc:332) For utterance F1020274925-3769477_3769477-1020275489_980116873-GB-F-020, best cost 1
Lattice F1020274925-3769477_3769477-1020275489_980116873-GB-F-021 read.
LOG (lattice-oracle[5.5.480~1-09abd]:main():lattice-oracle.cc:318) %WER 14.2857 [ 1 / 7, 0 insertions, 1 deletions, 0 sub ]
LOG (lattice-oracle[5.5.480~1-09abd]:main():lattice-oracle.cc:332) For utterance F1020274925-3769477_3769477-1020275489_980116873-GB-F-021, best cost 1
Lattice F1020274925-3769477_3769477-1020275489_980116873-GB-F-022 read.
LOG (lattice-oracle[5.5.480~1-09abd]:main():lattice-oracle.cc:318) %WER 0 [ 0 / 15, 0 insertions, 0 deletions, 0 sub ]
LOG (lattice-oracle[5.5.480~1-09abd]:main():lattice-oracle.cc:332) For utterance F1020274925-3769477_3769477-1020275489_980116873-GB-F-022, best cost 0
Lattice F1020274925-3769477_3769477-1020275489_980116873-GB-F-024 read.
LOG (lattice-oracle[5.5.480~1-09abd]:main():lattice-oracle.cc:318) %WER 4.54545 [ 1 / 22, 0 insertions, 1 deletions, 0 sub ]
LOG (lattice-oracle[5.5.480~1-09abd]:main():lattice-oracle.cc:332) For utterance F1020274925-3769477_3769477-1020275489_980116873-GB-F-024, best cost 1
Lattice F1020274925-3769477_3769477-1020275489_980116873-GB-F-027 read.
LOG (lattice-oracle[5.5.480~1-09abd]:main():lattice-oracle.cc:318) %WER 0 [ 0 / 7, 0 insertions, 0 deletions, 0 sub ]
LOG (lattice-oracle[5.5.480~1-09abd]:main():lattice-oracle.cc:332) For utterance F1020274925-3769477_3769477-1020275489_980116873-GB-F-027, best cost 0
Lattice F1020274925-3769477_3769477-1020275489_980116873-GB-F-028 read.
LOG (lattice-oracle[5.5.480~1-09abd]:main():lattice-oracle.cc:318) %WER 14.2857 [ 1 / 7, 0 insertions, 1 deletions, 0 sub ]
LOG (lattice-oracle[5.5.480~1-09abd]:main():lattice-oracle.cc:332) For utterance F1020274925-3769477_3769477-1020275489_980116873-GB-F-028, best cost 1
Lattice F1020274925-3769477_3769477-1020275489_980116873-GB-F-029 read.
LOG (lattice-oracle[5.5.480~1-09abd]:main():lattice-oracle.cc:318) %WER 33.3333 [ 2 / 6, 2 insertions, 0 deletions, 0 sub ]
LOG (lattice-oracle[5.5.480~1-09abd]:main():lattice-oracle.cc:332) For utterance F1020274925-3769477_3769477-1020275489_980116873-GB-F-029, best cost 2
Lattice F1020274925-3769477_3769477-1020275489_980116873-GB-F-030 read.
LOG (lattice-oracle[5.5.480~1-09abd]:main():lattice-oracle.cc:318) %WER 0 [ 0 / 2, 0 insertions, 0 deletions, 0 sub ]
LOG (lattice-oracle[5.5.480~1-09abd]:main():lattice-oracle.cc:332) For utterance F1020274925-3769477_3769477-1020275489_980116873-GB-F-030, best cost 0
Lattice F1020908774-3770615_3770615-1020909612_1675261951-GB-F-001 read.
LOG (lattice-oracle[5.5.480~1-09abd]:main():lattice-oracle.cc:318) %WER 0 [ 0 / 7, 0 insertions, 0 deletions, 0 sub ]
LOG (lattice-oracle[5.5.480~1-09abd]:main():lattice-oracle.cc:332) For utterance F1020908774-3770615_3770615-1020909612_1675261951-GB-F-001, best cost 0
Lattice F1020908774-3770615_3770615-1020909612_1675261951-GB-F-002 read.
LOG (lattice-oracle[5.5.480~1-09abd]:main():lattice-oracle.cc:318) %WER 0 [ 0 / 7, 0 insertions, 0 deletions, 0 sub ]
LOG (lattice-oracle[5.5.480~1-09abd]:main():lattice-oracle.cc:332) For utterance F1020908774-3770615_3770615-1020909612_1675261951-GB-F-002, best cost 0
Lattice F1020908774-3770615_3770615-1020909612_1675261951-GB-F-006 read.
LOG (lattice-oracle[5.5.480~1-09abd]:main():lattice-oracle.cc:318) %WER 0 [ 0 / 7, 0 insertions, 0 deletions, 0 sub ]
LOG (lattice-oracle[5.5.480~1-09abd]:main():lattice-oracle.cc:332) For utterance F1020908774-3770615_3770615-1020909612_1675261951-GB-F-006, best cost 0
Lattice F1020908774-3770615_3770615-1020909612_1675261951-GB-F-007 read.
LOG (lattice-oracle[5.5.480~1-09abd]:main():lattice-oracle.cc:318) %WER 0 [ 0 / 8, 0 insertions, 0 deletions, 0 sub ]
LOG (lattice-oracle[5.5.480~1-09abd]:main():lattice-oracle.cc:332) For utterance F1020908774-3770615_3770615-1020909612_1675261951-GB-F-007, best cost 0
Lattice F1020908774-3770615_3770615-1020909612_1675261951-GB-F-009 read.
LOG (lattice-oracle[5.5.480~1-09abd]:main():lattice-oracle.cc:318) %WER 100 [ 7 / 7, 0 insertions, 5 deletions, 2 sub ]
LOG (lattice-oracle[5.5.480~1-09abd]:main():lattice-oracle.cc:332) For utterance F1020908774-3770615_3770615-1020909612_1675261951-GB-F-009, best cost 7
Lattice F1020908774-3770615_3770615-1020909612_1675261951-GB-F-010 read.
LOG (lattice-oracle[5.5.480~1-09abd]:main():lattice-oracle.cc:318) %WER 0 [ 0 / 10, 0 insertions, 0 deletions, 0 sub ]
LOG (lattice-oracle[5.5.480~1-09abd]:main():lattice-oracle.cc:332) For utterance F1020908774-3770615_3770615-1020909612_1675261951-GB-F-010, best cost 0
Lattice F1020908774-3770615_3770615-1020909612_1675261951-GB-F-013 read.
LOG (lattice-oracle[5.5.480~1-09abd]:main():lattice-oracle.cc:318) %WER 0 [ 0 / 15, 0 insertions, 0 deletions, 0 sub ]
LOG (lattice-oracle[5.5.480~1-09abd]:main():lattice-oracle.cc:332) For utterance F1020908774-3770615_3770615-1020909612_1675261951-GB-F-013, best cost 0
Lattice F1020908774-3770615_3770615-1020909612_1675261951-GB-F-015 read.
LOG (lattice-oracle[5.5.480~1-09abd]:main():lattice-oracle.cc:318) %WER 0 [ 0 / 7, 0 insertions, 0 deletions, 0 sub ]
LOG (lattice-oracle[5.5.480~1-09abd]:main():lattice-oracle.cc:332) For utterance F1020908774-3770615_3770615-1020909612_1675261951-GB-F-015, best cost 0
Lattice F1020908774-3770615_3770615-1020909612_1675261951-GB-F-016 read.
LOG (lattice-oracle[5.5.480~1-09abd]:main():lattice-oracle.cc:318) %WER 3.84615 [ 1 / 26, 0 insertions, 1 deletions, 0 sub ]
LOG (lattice-oracle[5.5.480~1-09abd]:main():lattice-oracle.cc:332) For utterance F1020908774-3770615_3770615-1020909612_1675261951-GB-F-016, best cost 1
Lattice F1020908774-3770615_3770615-1020909612_1675261951-GB-F-020 read.
LOG (lattice-oracle[5.5.480~1-09abd]:main():lattice-oracle.cc:318) %WER 20 [ 1 / 5, 0 insertions, 0 deletions, 1 sub ]
LOG (lattice-oracle[5.5.480~1-09abd]:main():lattice-oracle.cc:332) For utterance F1020908774-3770615_3770615-1020909612_1675261951-GB-F-020, best cost 1
Lattice F1020908774-3770615_3770615-1020909612_1675261951-GB-F-021 read.
LOG (lattice-oracle[5.5.480~1-09abd]:main():lattice-oracle.cc:318) %WER 0 [ 0 / 18, 0 insertions, 0 deletions, 0 sub ]
LOG (lattice-oracle[5.5.480~1-09abd]:main():lattice-oracle.cc:332) For utterance F1020908774-3770615_3770615-1020909612_1675261951-GB-F-021, best cost 0
Lattice F1020908774-3770615_3770615-1020909612_1675261951-GB-F-024 read.
LOG (lattice-oracle[5.5.480~1-09abd]:main():lattice-oracle.cc:318) %WER 85.7143 [ 6 / 7, 0 insertions, 4 deletions, 2 sub ]
LOG (lattice-oracle[5.5.480~1-09abd]:main():lattice-oracle.cc:332) For utterance F1020908774-3770615_3770615-1020909612_1675261951-GB-F-024, best cost 6
Lattice F1020908774-3770615_3770615-1020909612_1675261951-GB-F-025 read.
LOG (lattice-oracle[5.5.480~1-09abd]:main():lattice-oracle.cc:318) %WER 57.1429 [ 4 / 7, 0 insertions, 3 deletions, 1 sub ]
LOG (lattice-oracle[5.5.480~1-09abd]:main():lattice-oracle.cc:332) For utterance F1020908774-3770615_3770615-1020909612_1675261951-GB-F-025, best cost 4
Lattice F1020908774-3770615_3770615-1020909612_1675261951-GB-F-027 read.
LOG (lattice-oracle[5.5.480~1-09abd]:main():lattice-oracle.cc:318) %WER 30.7692 [ 4 / 13, 0 insertions, 4 deletions, 0 sub ]
LOG (lattice-oracle[5.5.480~1-09abd]:main():lattice-oracle.cc:332) For utterance F1020908774-3770615_3770615-1020909612_1675261951-GB-F-027, best cost 4
Lattice F1020908774-3770615_3770615-1020909612_1675261951-GB-F-029 read.
LOG (lattice-oracle[5.5.480~1-09abd]:main():lattice-oracle.cc:318) %WER 10 [ 1 / 10, 1 insertions, 0 deletions, 0 sub ]
LOG (lattice-oracle[5.5.480~1-09abd]:main():lattice-oracle.cc:332) For utterance F1020908774-3770615_3770615-1020909612_1675261951-GB-F-029, best cost 1
Lattice F1020908774-3770615_3770615-1020909612_1675261951-GB-F-030 read.
LOG (lattice-oracle[5.5.480~1-09abd]:main():lattice-oracle.cc:318) %WER 0 [ 0 / 3, 0 insertions, 0 deletions, 0 sub ]
LOG (lattice-oracle[5.5.480~1-09abd]:main():lattice-oracle.cc:332) For utterance F1020908774-3770615_3770615-1020909612_1675261951-GB-F-030, best cost 0
Lattice F1020908774-3770615_3770615-1020909612_1675261951-GB-F-031 read.
LOG (lattice-oracle[5.5.480~1-09abd]:main():lattice-oracle.cc:318) %WER 0 [ 0 / 3, 0 insertions, 0 deletions, 0 sub ]
LOG (lattice-oracle[5.5.480~1-09abd]:main():lattice-oracle.cc:332) For utterance F1020908774-3770615_3770615-1020909612_1675261951-GB-F-031, best cost 0
Lattice F1020908774-3770615_3770615-1020909612_1675261951-GB-F-032 read.
LOG (lattice-oracle[5.5.480~1-09abd]:main():lattice-oracle.cc:318) %WER 0 [ 0 / 15, 0 insertions, 0 deletions, 0 sub ]
LOG (lattice-oracle[5.5.480~1-09abd]:main():lattice-oracle.cc:332) For utterance F1020908774-3770615_3770615-1020909612_1675261951-GB-F-032, best cost 0
Lattice F1020908774-3770615_3770615-1020909612_1675261951-GB-F-034 read.
LOG (lattice-oracle[5.5.480~1-09abd]:main():lattice-oracle.cc:318) %WER 0 [ 0 / 10, 0 insertions, 0 deletions, 0 sub ]
LOG (lattice-oracle[5.5.480~1-09abd]:main():lattice-oracle.cc:332) For utterance F1020908774-3770615_3770615-1020909612_1675261951-GB-F-034, best cost 0
Lattice F1020908774-3770615_3770615-1020909612_1675261951-GB-F-038 read.
LOG (lattice-oracle[5.5.480~1-09abd]:main():lattice-oracle.cc:318) %WER 14.2857 [ 2 / 14, 2 insertions, 0 deletions, 0 sub ]
LOG (lattice-oracle[5.5.480~1-09abd]:main():lattice-oracle.cc:332) For utterance F1020908774-3770615_3770615-1020909612_1675261951-GB-F-038, best cost 2
Lattice F1020908774-3770615_3770615-1020909612_1675261951-GB-F-040 read.
LOG (lattice-oracle[5.5.480~1-09abd]:main():lattice-oracle.cc:318) %WER 0 [ 0 / 11, 0 insertions, 0 deletions, 0 sub ]
LOG (lattice-oracle[5.5.480~1-09abd]:main():lattice-oracle.cc:332) For utterance F1020908774-3770615_3770615-1020909612_1675261951-GB-F-040, best cost 0
Lattice F1020908774-3770615_3770615-1020909612_1675261951-GB-F-042 read.
LOG (lattice-oracle[5.5.480~1-09abd]:main():lattice-oracle.cc:318) %WER 0 [ 0 / 16, 0 insertions, 0 deletions, 0 sub ]
LOG (lattice-oracle[5.5.480~1-09abd]:main():lattice-oracle.cc:332) For utterance F1020908774-3770615_3770615-1020909612_1675261951-GB-F-042, best cost 0
Lattice F1020908774-3770615_3770615-1020909612_1675261951-GB-F-044 read.
LOG (lattice-oracle[5.5.480~1-09abd]:main():lattice-oracle.cc:318) %WER 80 [ 4 / 5, 0 insertions, 3 deletions, 1 sub ]
LOG (lattice-oracle[5.5.480~1-09abd]:main():lattice-oracle.cc:332) For utterance F1020908774-3770615_3770615-1020909612_1675261951-GB-F-044, best cost 4
Lattice F1020908774-3770615_3770615-1020909612_1675261951-GB-F-045 read.
LOG (lattice-oracle[5.5.480~1-09abd]:main():lattice-oracle.cc:318) %WER 16.6667 [ 3 / 18, 0 insertions, 3 deletions, 0 sub ]
LOG (lattice-oracle[5.5.480~1-09abd]:main():lattice-oracle.cc:332) For utterance F1020908774-3770615_3770615-1020909612_1675261951-GB-F-045, best cost 3
Lattice F1020908774-3770615_3770615-1020909612_1675261951-GB-F-048 read.
LOG (lattice-oracle[5.5.480~1-09abd]:main():lattice-oracle.cc:318) %WER 18.1818 [ 2 / 11, 0 insertions, 2 deletions, 0 sub ]
LOG (lattice-oracle[5.5.480~1-09abd]:main():lattice-oracle.cc:332) For utterance F1020908774-3770615_3770615-1020909612_1675261951-GB-F-048, best cost 2
Lattice F1020908774-3770615_3770615-1020909612_1675261951-GB-F-050 read.
LOG (lattice-oracle[5.5.480~1-09abd]:main():lattice-oracle.cc:318) %WER 87.5 [ 7 / 8, 0 insertions, 6 deletions, 1 sub ]
LOG (lattice-oracle[5.5.480~1-09abd]:main():lattice-oracle.cc:332) For utterance F1020908774-3770615_3770615-1020909612_1675261951-GB-F-050, best cost 7
Lattice F1024651750-378139340_131719-347258758_1669905800-GB-F-001 read.
LOG (lattice-oracle[5.5.480~1-09abd]:main():lattice-oracle.cc:318) %WER 0 [ 0 / 8, 0 insertions, 0 deletions, 0 sub ]
LOG (lattice-oracle[5.5.480~1-09abd]:main():lattice-oracle.cc:332) For utterance F1024651750-378139340_131719-347258758_1669905800-GB-F-001, best cost 0
Lattice F1024651750-378139340_131719-347258758_1669905800-GB-F-003 read.
LOG (lattice-oracle[5.5.480~1-09abd]:main():lattice-oracle.cc:318) %WER 0 [ 0 / 11, 0 insertions, 0 deletions, 0 sub ]
LOG (lattice-oracle[5.5.480~1-09abd]:main():lattice-oracle.cc:332) For utterance F1024651750-378139340_131719-347258758_1669905800-GB-F-003, best cost 0
Lattice F1024651750-378139340_131719-347258758_1669905800-GB-F-009 read.
LOG (lattice-oracle[5.5.480~1-09abd]:main():lattice-oracle.cc:318) %WER 0 [ 0 / 39, 0 insertions, 0 deletions, 0 sub ]
LOG (lattice-oracle[5.5.480~1-09abd]:main():lattice-oracle.cc:332) For utterance F1024651750-378139340_131719-347258758_1669905800-GB-F-009, best cost 0
Lattice F1024651750-378139340_131719-347258758_1669905800-GB-F-015 read.
LOG (lattice-oracle[5.5.480~1-09abd]:main():lattice-oracle.cc:318) %WER 0 [ 0 / 8, 0 insertions, 0 deletions, 0 sub ]
LOG (lattice-oracle[5.5.480~1-09abd]:main():lattice-oracle.cc:332) For utterance F1024651750-378139340_131719-347258758_1669905800-GB-F-015, best cost 0
Lattice F1024651750-378139340_131719-347258758_1669905800-GB-F-017 read.
LOG (lattice-oracle[5.5.480~1-09abd]:main():lattice-oracle.cc:318) %WER 0 [ 0 / 3, 0 insertions, 0 deletions, 0 sub ]
LOG (lattice-oracle[5.5.480~1-09abd]:main():lattice-oracle.cc:332) For utterance F1024651750-378139340_131719-347258758_1669905800-GB-F-017, best cost 0
Lattice F1024651750-378139340_131719-347258758_1669905800-GB-F-021 read.
LOG (lattice-oracle[5.5.480~1-09abd]:main():lattice-oracle.cc:318) %WER 28.5714 [ 2 / 7, 1 insertions, 0 deletions, 1 sub ]
LOG (lattice-oracle[5.5.480~1-09abd]:main():lattice-oracle.cc:332) For utterance F1024651750-378139340_131719-347258758_1669905800-GB-F-021, best cost 2
Lattice F1024651750-378139340_131719-347258758_1669905800-GB-F-022 read.
LOG (lattice-oracle[5.5.480~1-09abd]:main():lattice-oracle.cc:318) %WER 0 [ 0 / 1, 0 insertions, 0 deletions, 0 sub ]
LOG (lattice-oracle[5.5.480~1-09abd]:main():lattice-oracle.cc:332) For utterance F1024651750-378139340_131719-347258758_1669905800-GB-F-022, best cost 0
Lattice F1024651750-378139340_131719-347258758_1669905800-GB-F-023 read.
LOG (lattice-oracle[5.5.480~1-09abd]:main():lattice-oracle.cc:318) %WER 0 [ 0 / 51, 0 insertions, 0 deletions, 0 sub ]
LOG (lattice-oracle[5.5.480~1-09abd]:main():lattice-oracle.cc:332) For utterance F1024651750-378139340_131719-347258758_1669905800-GB-F-023, best cost 0
Lattice F1024651750-378139340_131719-347258758_1669905800-GB-F-032 read.
LOG (lattice-oracle[5.5.480~1-09abd]:main():lattice-oracle.cc:318) %WER 0 [ 0 / 1, 0 insertions, 0 deletions, 0 sub ]
LOG (lattice-oracle[5.5.480~1-09abd]:main():lattice-oracle.cc:332) For utterance F1024651750-378139340_131719-347258758_1669905800-GB-F-032, best cost 0
Lattice F1024651750-378139340_131719-347258758_1669905800-GB-F-033 read.
LOG (lattice-oracle[5.5.480~1-09abd]:main():lattice-oracle.cc:318) %WER 0 [ 0 / 41, 0 insertions, 0 deletions, 0 sub ]
LOG (lattice-oracle[5.5.480~1-09abd]:main():lattice-oracle.cc:332) For utterance F1024651750-378139340_131719-347258758_1669905800-GB-F-033, best cost 0
Lattice F1024651750-378139340_131719-347258758_1669905800-GB-F-040 read.
LOG (lattice-oracle[5.5.480~1-09abd]:main():lattice-oracle.cc:318) %WER 11.1111 [ 1 / 9, 0 insertions, 1 deletions, 0 sub ]
LOG (lattice-oracle[5.5.480~1-09abd]:main():lattice-oracle.cc:332) For utterance F1024651750-378139340_131719-347258758_1669905800-GB-F-040, best cost 1
Lattice F1047222920-3769825_3769825-710790938_1540761802-GB-F-005 read.
LOG (lattice-oracle[5.5.480~1-09abd]:main():lattice-oracle.cc:318) %WER 14.2857 [ 4 / 28, 0 insertions, 4 deletions, 0 sub ]
LOG (lattice-oracle[5.5.480~1-09abd]:main():lattice-oracle.cc:332) For utterance F1047222920-3769825_3769825-710790938_1540761802-GB-F-005, best cost 4
Lattice F1047222920-3769825_3769825-710790938_1540761802-GB-F-011 read.
LOG (lattice-oracle[5.5.480~1-09abd]:main():lattice-oracle.cc:318) %WER 0 [ 0 / 11, 0 insertions, 0 deletions, 0 sub ]
LOG (lattice-oracle[5.5.480~1-09abd]:main():lattice-oracle.cc:332) For utterance F1047222920-3769825_3769825-710790938_1540761802-GB-F-011, best cost 0
Lattice F1047222920-3769825_3769825-710790938_1540761802-GB-F-013 read.
LOG (lattice-oracle[5.5.480~1-09abd]:main():lattice-oracle.cc:318) %WER 0 [ 0 / 5, 0 insertions, 0 deletions, 0 sub ]
LOG (lattice-oracle[5.5.480~1-09abd]:main():lattice-oracle.cc:332) For utterance F1047222920-3769825_3769825-710790938_1540761802-GB-F-013, best cost 0
Lattice F1047222920-3769825_3769825-710790938_1540761802-GB-F-014 read.
LOG (lattice-oracle[5.5.480~1-09abd]:main():lattice-oracle.cc:318) %WER 0 [ 0 / 4, 0 insertions, 0 deletions, 0 sub ]
LOG (lattice-oracle[5.5.480~1-09abd]:main():lattice-oracle.cc:332) For utterance F1047222920-3769825_3769825-710790938_1540761802-GB-F-014, best cost 0
Lattice F1047222920-3769825_3769825-710790938_1540761802-GB-F-015 read.
LOG (lattice-oracle[5.5.480~1-09abd]:main():lattice-oracle.cc:318) %WER 25 [ 1 / 4, 0 insertions, 1 deletions, 0 sub ]
LOG (lattice-oracle[5.5.480~1-09abd]:main():lattice-oracle.cc:332) For utterance F1047222920-3769825_3769825-710790938_1540761802-GB-F-015, best cost 1
Lattice F1047222920-3769825_3769825-710790938_1540761802-GB-F-016 read.
LOG (lattice-oracle[5.5.480~1-09abd]:main():lattice-oracle.cc:318) %WER 0 [ 0 / 4, 0 insertions, 0 deletions, 0 sub ]
LOG (lattice-oracle[5.5.480~1-09abd]:main():lattice-oracle.cc:332) For utterance F1047222920-3769825_3769825-710790938_1540761802-GB-F-016, best cost 0
Lattice F1047222920-3769825_3769825-710790938_1540761802-GB-F-017 read.
LOG (lattice-oracle[5.5.480~1-09abd]:main():lattice-oracle.cc:318) %WER 0 [ 0 / 5, 0 insertions, 0 deletions, 0 sub ]
LOG (lattice-oracle[5.5.480~1-09abd]:main():lattice-oracle.cc:332) For utterance F1047222920-3769825_3769825-710790938_1540761802-GB-F-017, best cost 0
Lattice F1047222920-3769825_3769825-710790938_1540761802-GB-F-018 read.
LOG (lattice-oracle[5.5.480~1-09abd]:main():lattice-oracle.cc:318) %WER 0 [ 0 / 7, 0 insertions, 0 deletions, 0 sub ]
LOG (lattice-oracle[5.5.480~1-09abd]:main():lattice-oracle.cc:332) For utterance F1047222920-3769825_3769825-710790938_1540761802-GB-F-018, best cost 0
Lattice F1047222920-3769825_3769825-710790938_1540761802-GB-F-020 read.
LOG (lattice-oracle[5.5.480~1-09abd]:main():lattice-oracle.cc:318) %WER 0 [ 0 / 4, 0 insertions, 0 deletions, 0 sub ]
LOG (lattice-oracle[5.5.480~1-09abd]:main():lattice-oracle.cc:332) For utterance F1047222920-3769825_3769825-710790938_1540761802-GB-F-020, best cost 0
Lattice F1047222920-3769825_3769825-710790938_1540761802-GB-F-025 read.
LOG (lattice-oracle[5.5.480~1-09abd]:main():lattice-oracle.cc:318) %WER 0 [ 0 / 13, 0 insertions, 0 deletions, 0 sub ]
LOG (lattice-oracle[5.5.480~1-09abd]:main():lattice-oracle.cc:332) For utterance F1047222920-3769825_3769825-710790938_1540761802-GB-F-025, best cost 0
Lattice F1047222920-3769825_3769825-710790938_1540761802-GB-F-027 read.
LOG (lattice-oracle[5.5.480~1-09abd]:main():lattice-oracle.cc:318) %WER 25 [ 1 / 4, 0 insertions, 1 deletions, 0 sub ]
LOG (lattice-oracle[5.5.480~1-09abd]:main():lattice-oracle.cc:332) For utterance F1047222920-3769825_3769825-710790938_1540761802-GB-F-027, best cost 1
Lattice F1047222920-3769825_3769825-710790938_1540761802-GB-F-032 read.
LOG (lattice-oracle[5.5.480~1-09abd]:main():lattice-oracle.cc:318) %WER 0 [ 0 / 6, 0 insertions, 0 deletions, 0 sub ]
LOG (lattice-oracle[5.5.480~1-09abd]:main():lattice-oracle.cc:332) For utterance F1047222920-3769825_3769825-710790938_1540761802-GB-F-032, best cost 0
Lattice F1047222920-3769825_3769825-710790938_1540761802-GB-F-033 read.
LOG (lattice-oracle[5.5.480~1-09abd]:main():lattice-oracle.cc:318) %WER 19.0476 [ 4 / 21, 0 insertions, 3 deletions, 1 sub ]
LOG (lattice-oracle[5.5.480~1-09abd]:main():lattice-oracle.cc:332) For utterance F1047222920-3769825_3769825-710790938_1540761802-GB-F-033, best cost 4
Lattice F1047222920-3769825_3769825-710790938_1540761802-GB-F-037 read.
LOG (lattice-oracle[5.5.480~1-09abd]:main():lattice-oracle.cc:318) %WER 0 [ 0 / 11, 0 insertions, 0 deletions, 0 sub ]
LOG (lattice-oracle[5.5.480~1-09abd]:main():lattice-oracle.cc:332) For utterance F1047222920-3769825_3769825-710790938_1540761802-GB-F-037, best cost 0
Lattice F1047222920-3769825_3769825-710790938_1540761802-GB-F-039 read.
LOG (lattice-oracle[5.5.480~1-09abd]:main():lattice-oracle.cc:318) %WER 0 [ 0 / 5, 0 insertions, 0 deletions, 0 sub ]
LOG (lattice-oracle[5.5.480~1-09abd]:main():lattice-oracle.cc:332) For utterance F1047222920-3769825_3769825-710790938_1540761802-GB-F-039, best cost 0
Lattice F1047222920-3769825_3769825-710790938_1540761802-GB-F-040 read.
LOG (lattice-oracle[5.5.480~1-09abd]:main():lattice-oracle.cc:318) %WER 0 [ 0 / 4, 0 insertions, 0 deletions, 0 sub ]
LOG (lattice-oracle[5.5.480~1-09abd]:main():lattice-oracle.cc:332) For utterance F1047222920-3769825_3769825-710790938_1540761802-GB-F-040, best cost 0
Lattice F1047222920-3769825_3769825-710790938_1540761802-GB-F-041 read.
LOG (lattice-oracle[5.5.480~1-09abd]:main():lattice-oracle.cc:318) %WER 0 [ 0 / 4, 0 insertions, 0 deletions, 0 sub ]
LOG (lattice-oracle[5.5.480~1-09abd]:main():lattice-oracle.cc:332) For utterance F1047222920-3769825_3769825-710790938_1540761802-GB-F-041, best cost 0
Lattice F1047222920-3769825_3769825-710790938_1540761802-GB-F-042 read.
LOG (lattice-oracle[5.5.480~1-09abd]:main():lattice-oracle.cc:318) %WER 0 [ 0 / 4, 0 insertions, 0 deletions, 0 sub ]
LOG (lattice-oracle[5.5.480~1-09abd]:main():lattice-oracle.cc:332) For utterance F1047222920-3769825_3769825-710790938_1540761802-GB-F-042, best cost 0
Lattice F1047222920-3769825_3769825-710790938_1540761802-GB-F-047 read.
LOG (lattice-oracle[5.5.480~1-09abd]:main():lattice-oracle.cc:318) %WER 0 [ 0 / 5, 0 insertions, 0 deletions, 0 sub ]
LOG (lattice-oracle[5.5.480~1-09abd]:main():lattice-oracle.cc:332) For utterance F1047222920-3769825_3769825-710790938_1540761802-GB-F-047, best cost 0
Lattice F1047222920-3769825_3769825-710790938_1540761802-GB-F-048 read.
LOG (lattice-oracle[5.5.480~1-09abd]:main():lattice-oracle.cc:318) %WER 0 [ 0 / 4, 0 insertions, 0 deletions, 0 sub ]
LOG (lattice-oracle[5.5.480~1-09abd]:main():lattice-oracle.cc:332) For utterance F1047222920-3769825_3769825-710790938_1540761802-GB-F-048, best cost 0
Lattice F1047222920-3769825_3769825-710790938_1540761802-GB-F-049 read.
LOG (lattice-oracle[5.5.480~1-09abd]:main():lattice-oracle.cc:318) %WER 0 [ 0 / 4, 0 insertions, 0 deletions, 0 sub ]
LOG (lattice-oracle[5.5.480~1-09abd]:main():lattice-oracle.cc:332) For utterance F1047222920-3769825_3769825-710790938_1540761802-GB-F-049, best cost 0
Lattice F1047222920-3769825_3769825-710790938_1540761802-GB-F-050 read.
LOG (lattice-oracle[5.5.480~1-09abd]:main():lattice-oracle.cc:318) %WER 0 [ 0 / 4, 0 insertions, 0 deletions, 0 sub ]
LOG (lattice-oracle[5.5.480~1-09abd]:main():lattice-oracle.cc:332) For utterance F1047222920-3769825_3769825-710790938_1540761802-GB-F-050, best cost 0
Lattice F1047222920-3769825_3769825-710790938_1540761802-GB-F-054 read.
LOG (lattice-oracle[5.5.480~1-09abd]:main():lattice-oracle.cc:318) %WER 0 [ 0 / 44, 0 insertions, 0 deletions, 0 sub ]
LOG (lattice-oracle[5.5.480~1-09abd]:main():lattice-oracle.cc:332) For utterance F1047222920-3769825_3769825-710790938_1540761802-GB-F-054, best cost 0
Lattice F1047222920-3769825_3769825-710790938_1540761802-GB-F-060 read.
LOG (lattice-oracle[5.5.480~1-09abd]:main():lattice-oracle.cc:318) %WER 0 [ 0 / 5, 0 insertions, 0 deletions, 0 sub ]
LOG (lattice-oracle[5.5.480~1-09abd]:main():lattice-oracle.cc:332) For utterance F1047222920-3769825_3769825-710790938_1540761802-GB-F-060, best cost 0
Lattice F1047222920-3769825_3769825-710790938_1540761802-GB-F-061 read.
LOG (lattice-oracle[5.5.480~1-09abd]:main():lattice-oracle.cc:318) %WER 0 [ 0 / 7, 0 insertions, 0 deletions, 0 sub ]
LOG (lattice-oracle[5.5.480~1-09abd]:main():lattice-oracle.cc:332) For utterance F1047222920-3769825_3769825-710790938_1540761802-GB-F-061, best cost 0
Lattice F1047222920-3769825_3769825-710790938_1540761802-GB-F-063 read.
LOG (lattice-oracle[5.5.480~1-09abd]:main():lattice-oracle.cc:318) %WER 0 [ 0 / 9, 0 insertions, 0 deletions, 0 sub ]
LOG (lattice-oracle[5.5.480~1-09abd]:main():lattice-oracle.cc:332) For utterance F1047222920-3769825_3769825-710790938_1540761802-GB-F-063, best cost 0
Lattice F1047222920-3769825_3769825-710790938_1540761802-GB-F-066 read.
LOG (lattice-oracle[5.5.480~1-09abd]:main():lattice-oracle.cc:318) %WER 25 [ 1 / 4, 0 insertions, 1 deletions, 0 sub ]
LOG (lattice-oracle[5.5.480~1-09abd]:main():lattice-oracle.cc:332) For utterance F1047222920-3769825_3769825-710790938_1540761802-GB-F-066, best cost 1
Lattice F1047222920-3769825_3769825-710790938_1540761802-GB-F-067 read.
LOG (lattice-oracle[5.5.480~1-09abd]:main():lattice-oracle.cc:318) %WER 0 [ 0 / 4, 0 insertions, 0 deletions, 0 sub ]
LOG (lattice-oracle[5.5.480~1-09abd]:main():lattice-oracle.cc:332) For utterance F1047222920-3769825_3769825-710790938_1540761802-GB-F-067, best cost 0
Lattice F1047222920-3769825_3769825-710790938_1540761802-GB-F-068 read.
LOG (lattice-oracle[5.5.480~1-09abd]:main():lattice-oracle.cc:318) %WER 7.69231 [ 1 / 13, 0 insertions, 1 deletions, 0 sub ]
LOG (lattice-oracle[5.5.480~1-09abd]:main():lattice-oracle.cc:332) For utterance F1047222920-3769825_3769825-710790938_1540761802-GB-F-068, best cost 1
Lattice F1047222920-3769825_3769825-710790938_1540761802-GB-F-070 read.
LOG (lattice-oracle[5.5.480~1-09abd]:main():lattice-oracle.cc:318) %WER 0 [ 0 / 4, 0 insertions, 0 deletions, 0 sub ]
LOG (lattice-oracle[5.5.480~1-09abd]:main():lattice-oracle.cc:332) For utterance F1047222920-3769825_3769825-710790938_1540761802-GB-F-070, best cost 0
Lattice F1047222920-3769825_3769825-710790938_1540761802-GB-F-074 read.
LOG (lattice-oracle[5.5.480~1-09abd]:main():lattice-oracle.cc:318) %WER 37.5 [ 6 / 16, 0 insertions, 6 deletions, 0 sub ]
LOG (lattice-oracle[5.5.480~1-09abd]:main():lattice-oracle.cc:332) For utterance F1047222920-3769825_3769825-710790938_1540761802-GB-F-074, best cost 6
Lattice F1047222920-3769825_3769825-710790938_1540761802-GB-F-076 read.
LOG (lattice-oracle[5.5.480~1-09abd]:main():lattice-oracle.cc:318) %WER 0 [ 0 / 4, 0 insertions, 0 deletions, 0 sub ]
LOG (lattice-oracle[5.5.480~1-09abd]:main():lattice-oracle.cc:332) For utterance F1047222920-3769825_3769825-710790938_1540761802-GB-F-076, best cost 0
Lattice F1047222920-392395576_171891-1047224399_1558374985-GB-F-001 read.
LOG (lattice-oracle[5.5.480~1-09abd]:main():lattice-oracle.cc:318) %WER 30.4348 [ 7 / 23, 0 insertions, 7 deletions, 0 sub ]
LOG (lattice-oracle[5.5.480~1-09abd]:main():lattice-oracle.cc:332) For utterance F1047222920-392395576_171891-1047224399_1558374985-GB-F-001, best cost 7
Lattice F1047222920-392395576_171891-1047224399_1558374985-GB-F-007 read.
LOG (lattice-oracle[5.5.480~1-09abd]:main():lattice-oracle.cc:318) %WER 0 [ 0 / 17, 0 insertions, 0 deletions, 0 sub ]
LOG (lattice-oracle[5.5.480~1-09abd]:main():lattice-oracle.cc:332) For utterance F1047222920-392395576_171891-1047224399_1558374985-GB-F-007, best cost 0
Lattice F1047222920-392395576_171891-1047224399_1558374985-GB-F-011 read.
LOG (lattice-oracle[5.5.480~1-09abd]:main():lattice-oracle.cc:318) %WER 0 [ 0 / 6, 0 insertions, 0 deletions, 0 sub ]
LOG (lattice-oracle[5.5.480~1-09abd]:main():lattice-oracle.cc:332) For utterance F1047222920-392395576_171891-1047224399_1558374985-GB-F-011, best cost 0
Lattice F1047222920-392395576_171891-1047224399_1558374985-GB-F-012 read.
LOG (lattice-oracle[5.5.480~1-09abd]:main():lattice-oracle.cc:318) %WER 23.5294 [ 4 / 17, 0 insertions, 3 deletions, 1 sub ]
LOG (lattice-oracle[5.5.480~1-09abd]:main():lattice-oracle.cc:332) For utterance F1047222920-392395576_171891-1047224399_1558374985-GB-F-012, best cost 4
Lattice F1047222920-392395576_171891-1047224399_1558374985-GB-F-017 read.
LOG (lattice-oracle[5.5.480~1-09abd]:main():lattice-oracle.cc:318) %WER 0 [ 0 / 7, 0 insertions, 0 deletions, 0 sub ]
LOG (lattice-oracle[5.5.480~1-09abd]:main():lattice-oracle.cc:332) For utterance F1047222920-392395576_171891-1047224399_1558374985-GB-F-017, best cost 0
Lattice F1047222920-392395576_171891-1047224399_1558374985-GB-F-018 read.
LOG (lattice-oracle[5.5.480~1-09abd]:main():lattice-oracle.cc:318) %WER 0 [ 0 / 5, 0 insertions, 0 deletions, 0 sub ]
LOG (lattice-oracle[5.5.480~1-09abd]:main():lattice-oracle.cc:332) For utterance F1047222920-392395576_171891-1047224399_1558374985-GB-F-018, best cost 0
Lattice F1047222920-392395576_171891-1047224399_1558374985-GB-F-020 read.
LOG (lattice-oracle[5.5.480~1-09abd]:main():lattice-oracle.cc:318) %WER 73.3333 [ 11 / 15, 0 insertions, 9 deletions, 2 sub ]
LOG (lattice-oracle[5.5.480~1-09abd]:main():lattice-oracle.cc:332) For utterance F1047222920-392395576_171891-1047224399_1558374985-GB-F-020, best cost 11
Lattice F1047222920-392395576_171891-1047224399_1558374985-GB-F-024 read.
LOG (lattice-oracle[5.5.480~1-09abd]:main():lattice-oracle.cc:318) %WER 0 [ 0 / 9, 0 insertions, 0 deletions, 0 sub ]
LOG (lattice-oracle[5.5.480~1-09abd]:main():lattice-oracle.cc:332) For utterance F1047222920-392395576_171891-1047224399_1558374985-GB-F-024, best cost 0
Lattice F1047222920-392395576_171891-1047224399_1558374985-GB-F-027 read.
LOG (lattice-oracle[5.5.480~1-09abd]:main():lattice-oracle.cc:318) %WER 0 [ 0 / 4, 0 insertions, 0 deletions, 0 sub ]
LOG (lattice-oracle[5.5.480~1-09abd]:main():lattice-oracle.cc:332) For utterance F1047222920-392395576_171891-1047224399_1558374985-GB-F-027, best cost 0
Lattice F1047222920-392395576_171891-1047224399_1558374985-GB-F-028 read.
LOG (lattice-oracle[5.5.480~1-09abd]:main():lattice-oracle.cc:318) %WER 0 [ 0 / 7, 0 insertions, 0 deletions, 0 sub ]
LOG (lattice-oracle[5.5.480~1-09abd]:main():lattice-oracle.cc:332) For utterance F1047222920-392395576_171891-1047224399_1558374985-GB-F-028, best cost 0
Lattice F1047222920-392395576_171891-1047224399_1558374985-GB-F-029 read.
LOG (lattice-oracle[5.5.480~1-09abd]:main():lattice-oracle.cc:318) %WER 0 [ 0 / 5, 0 insertions, 0 deletions, 0 sub ]
LOG (lattice-oracle[5.5.480~1-09abd]:main():lattice-oracle.cc:332) For utterance F1047222920-392395576_171891-1047224399_1558374985-GB-F-029, best cost 0
Lattice F1047222920-392395576_171891-1047224399_1558374985-GB-F-030 read.
LOG (lattice-oracle[5.5.480~1-09abd]:main():lattice-oracle.cc:318) %WER 7.14286 [ 1 / 14, 0 insertions, 1 deletions, 0 sub ]
LOG (lattice-oracle[5.5.480~1-09abd]:main():lattice-oracle.cc:332) For utterance F1047222920-392395576_171891-1047224399_1558374985-GB-F-030, best cost 1
Lattice F1047222920-392395576_171891-1047224399_1558374985-GB-F-032 read.
LOG (lattice-oracle[5.5.480~1-09abd]:main():lattice-oracle.cc:318) %WER 7.14286 [ 3 / 42, 1 insertions, 2 deletions, 0 sub ]
LOG (lattice-oracle[5.5.480~1-09abd]:main():lattice-oracle.cc:332) For utterance F1047222920-392395576_171891-1047224399_1558374985-GB-F-032, best cost 3
Lattice F1047222920-392395576_171891-1047224399_1558374985-GB-F-040 read.
LOG (lattice-oracle[5.5.480~1-09abd]:main():lattice-oracle.cc:318) %WER 0 [ 0 / 4, 0 insertions, 0 deletions, 0 sub ]
LOG (lattice-oracle[5.5.480~1-09abd]:main():lattice-oracle.cc:332) For utterance F1047222920-392395576_171891-1047224399_1558374985-GB-F-040, best cost 0
LOG (lattice-oracle[5.5.480~1-09abd]:main():lattice-oracle.cc:383) Overall %WER 12.6458 [ 347 / 2744, 49 insertions, 236 deletions, 62 substitutions ]
LOG (lattice-oracle[5.5.480~1-09abd]:main():lattice-oracle.cc:387) Scored 237 lattices, 0 not present in ref.
# Accounting: time=1 threads=1
# Ended (code 0) at Tue Sep 10 15:04:33 BST 2019, elapsed time 1 seconds
