# lattice-oracle "--write-lattices=ark:|gzip -c > exp/tri3b_cleaned/lattice_oracle/lat.6.gz" "ark:gunzip -c exp/tri3b_cleaned/lats/lat.6.gz |" "ark:utils/sym2int.pl --map-oov 239 -f 2- data/lang/words.txt data/train1/split40/6/text|" ark,t:- | utils/int2sym.pl -f 2- data/lang/words.txt > exp/tri3b_cleaned/lattice_oracle/oracle_hyp.6.txt 
# Started at Tue Sep 10 15:04:35 BST 2019
#
lattice-oracle '--write-lattices=ark:|gzip -c > exp/tri3b_cleaned/lattice_oracle/lat.6.gz' 'ark:gunzip -c exp/tri3b_cleaned/lats/lat.6.gz |' 'ark:utils/sym2int.pl --map-oov 239 -f 2- data/lang/words.txt data/train1/split40/6/text|' ark,t:- 
Lattice F1375207736-3769321_3769321-76912471_1623182008-GB-F-001 read.
sym2int.pl: replacing AAAAAHHH with 239
sym2int.pl: replacing OHHHHHH with 239
sym2int.pl: replacing OHH with 239
sym2int.pl: replacing OHHHH with 239
sym2int.pl: replacing OHHH with 239
sym2int.pl: replacing OHHH with 239
sym2int.pl: replacing OHHH with 239
sym2int.pl: replacing AAHHHHH with 239
sym2int.pl: replacing PERSUATION with 239
sym2int.pl: replacing MISBEHAVIOR with 239
sym2int.pl: replacing LEAVE'EM with 239
sym2int.pl: replacing ACTIVATED with 239
sym2int.pl: replacing BEAT'EM with 239
sym2int.pl: replacing FLUFFED with 239
sym2int.pl: replacing NIGHTGOWNS with 239
LOG (lattice-oracle[5.5.480~1-09abd]:main():lattice-oracle.cc:318) %WER 0 [ 0 / 2, 0 insertions, 0 deletions, 0 sub ]
LOG (lattice-oracle[5.5.480~1-09abd]:main():lattice-oracle.cc:332) For utterance F1375207736-3769321_3769321-76912471_1623182008-GB-F-001, best cost 0
sym2int.pl: replacing OOO with 239
sym2int.pl: replacing OOO with 239
sym2int.pl: replacing OOO with 239
sym2int.pl: replacing OOO with 239
sym2int.pl: replacing OOO with 239
sym2int.pl: not warning for OOVs any more times
Lattice F1375207736-3769321_3769321-76912471_1623182008-GB-F-002 read.
LOG (lattice-oracle[5.5.480~1-09abd]:main():lattice-oracle.cc:318) %WER 0 [ 0 / 2, 0 insertions, 0 deletions, 0 sub ]
LOG (lattice-oracle[5.5.480~1-09abd]:main():lattice-oracle.cc:332) For utterance F1375207736-3769321_3769321-76912471_1623182008-GB-F-002, best cost 0
Lattice F1375207736-3769321_3769321-76912471_1623182008-GB-F-003 read.
** Replaced 29 instances of OOVs with 239
LOG (lattice-oracle[5.5.480~1-09abd]:main():lattice-oracle.cc:318) %WER 20 [ 1 / 5, 0 insertions, 1 deletions, 0 sub ]
LOG (lattice-oracle[5.5.480~1-09abd]:main():lattice-oracle.cc:332) For utterance F1375207736-3769321_3769321-76912471_1623182008-GB-F-003, best cost 1
Lattice F1375207736-3769321_3769321-76912471_1623182008-GB-F-004 read.
LOG (lattice-oracle[5.5.480~1-09abd]:main():lattice-oracle.cc:318) %WER 0 [ 0 / 2, 0 insertions, 0 deletions, 0 sub ]
LOG (lattice-oracle[5.5.480~1-09abd]:main():lattice-oracle.cc:332) For utterance F1375207736-3769321_3769321-76912471_1623182008-GB-F-004, best cost 0
Lattice F1375207736-3769321_3769321-76912471_1623182008-GB-F-005 read.
LOG (lattice-oracle[5.5.480~1-09abd]:main():lattice-oracle.cc:318) %WER 0 [ 0 / 2, 0 insertions, 0 deletions, 0 sub ]
LOG (lattice-oracle[5.5.480~1-09abd]:main():lattice-oracle.cc:332) For utterance F1375207736-3769321_3769321-76912471_1623182008-GB-F-005, best cost 0
Lattice F1375207736-3769321_3769321-76912471_1623182008-GB-F-006 read.
LOG (lattice-oracle[5.5.480~1-09abd]:main():lattice-oracle.cc:318) %WER 0 [ 0 / 4, 0 insertions, 0 deletions, 0 sub ]
LOG (lattice-oracle[5.5.480~1-09abd]:main():lattice-oracle.cc:332) For utterance F1375207736-3769321_3769321-76912471_1623182008-GB-F-006, best cost 0
Lattice F1375207736-3769321_3769321-76912471_1623182008-GB-F-007 read.
LOG (lattice-oracle[5.5.480~1-09abd]:main():lattice-oracle.cc:318) %WER 0 [ 0 / 6, 0 insertions, 0 deletions, 0 sub ]
LOG (lattice-oracle[5.5.480~1-09abd]:main():lattice-oracle.cc:332) For utterance F1375207736-3769321_3769321-76912471_1623182008-GB-F-007, best cost 0
Lattice F1375207736-3769321_3769321-76912471_1623182008-GB-F-008 read.
LOG (lattice-oracle[5.5.480~1-09abd]:main():lattice-oracle.cc:318) %WER 0 [ 0 / 5, 0 insertions, 0 deletions, 0 sub ]
LOG (lattice-oracle[5.5.480~1-09abd]:main():lattice-oracle.cc:332) For utterance F1375207736-3769321_3769321-76912471_1623182008-GB-F-008, best cost 0
Lattice F1375207736-3769321_3769321-76912471_1623182008-GB-F-009 read.
LOG (lattice-oracle[5.5.480~1-09abd]:main():lattice-oracle.cc:318) %WER 0 [ 0 / 6, 0 insertions, 0 deletions, 0 sub ]
LOG (lattice-oracle[5.5.480~1-09abd]:main():lattice-oracle.cc:332) For utterance F1375207736-3769321_3769321-76912471_1623182008-GB-F-009, best cost 0
Lattice F1375207736-3769321_3769321-76912471_1623182008-GB-F-010 read.
LOG (lattice-oracle[5.5.480~1-09abd]:main():lattice-oracle.cc:318) %WER 0 [ 0 / 10, 0 insertions, 0 deletions, 0 sub ]
LOG (lattice-oracle[5.5.480~1-09abd]:main():lattice-oracle.cc:332) For utterance F1375207736-3769321_3769321-76912471_1623182008-GB-F-010, best cost 0
Lattice F1375207736-3769321_3769321-76912471_1623182008-GB-F-012 read.
LOG (lattice-oracle[5.5.480~1-09abd]:main():lattice-oracle.cc:318) %WER 12.5 [ 3 / 24, 0 insertions, 3 deletions, 0 sub ]
LOG (lattice-oracle[5.5.480~1-09abd]:main():lattice-oracle.cc:332) For utterance F1375207736-3769321_3769321-76912471_1623182008-GB-F-012, best cost 3
Lattice F1375207736-3769321_3769321-76912471_1623182008-GB-F-016 read.
LOG (lattice-oracle[5.5.480~1-09abd]:main():lattice-oracle.cc:318) %WER 0 [ 0 / 2, 0 insertions, 0 deletions, 0 sub ]
LOG (lattice-oracle[5.5.480~1-09abd]:main():lattice-oracle.cc:332) For utterance F1375207736-3769321_3769321-76912471_1623182008-GB-F-016, best cost 0
Lattice F1375207736-3769321_3769321-76912471_1623182008-GB-F-018 read.
LOG (lattice-oracle[5.5.480~1-09abd]:main():lattice-oracle.cc:318) %WER 0 [ 0 / 3, 0 insertions, 0 deletions, 0 sub ]
LOG (lattice-oracle[5.5.480~1-09abd]:main():lattice-oracle.cc:332) For utterance F1375207736-3769321_3769321-76912471_1623182008-GB-F-018, best cost 0
Lattice F1375207736-3769321_3769321-76912471_1623182008-GB-F-020 read.
LOG (lattice-oracle[5.5.480~1-09abd]:main():lattice-oracle.cc:318) %WER 30.7692 [ 4 / 13, 0 insertions, 4 deletions, 0 sub ]
LOG (lattice-oracle[5.5.480~1-09abd]:main():lattice-oracle.cc:332) For utterance F1375207736-3769321_3769321-76912471_1623182008-GB-F-020, best cost 4
Lattice F1375207736-3769321_3769321-76912471_1623182008-GB-F-023 read.
LOG (lattice-oracle[5.5.480~1-09abd]:main():lattice-oracle.cc:318) %WER 50 [ 3 / 6, 0 insertions, 3 deletions, 0 sub ]
LOG (lattice-oracle[5.5.480~1-09abd]:main():lattice-oracle.cc:332) For utterance F1375207736-3769321_3769321-76912471_1623182008-GB-F-023, best cost 3
Lattice F1375207736-3769321_3769321-76912471_1623182008-GB-F-025 read.
LOG (lattice-oracle[5.5.480~1-09abd]:main():lattice-oracle.cc:318) %WER 0 [ 0 / 3, 0 insertions, 0 deletions, 0 sub ]
LOG (lattice-oracle[5.5.480~1-09abd]:main():lattice-oracle.cc:332) For utterance F1375207736-3769321_3769321-76912471_1623182008-GB-F-025, best cost 0
Lattice F1375207736-3769321_3769321-76912471_1623182008-GB-F-027 read.
LOG (lattice-oracle[5.5.480~1-09abd]:main():lattice-oracle.cc:318) %WER 10 [ 2 / 20, 0 insertions, 1 deletions, 1 sub ]
LOG (lattice-oracle[5.5.480~1-09abd]:main():lattice-oracle.cc:332) For utterance F1375207736-3769321_3769321-76912471_1623182008-GB-F-027, best cost 2
Lattice F1375207736-3769321_3769321-76912471_1623182008-GB-F-030 read.
LOG (lattice-oracle[5.5.480~1-09abd]:main():lattice-oracle.cc:318) %WER 0 [ 0 / 7, 0 insertions, 0 deletions, 0 sub ]
LOG (lattice-oracle[5.5.480~1-09abd]:main():lattice-oracle.cc:332) For utterance F1375207736-3769321_3769321-76912471_1623182008-GB-F-030, best cost 0
Lattice F1375207736-3769321_3769321-76912471_1623182008-GB-F-031 read.
LOG (lattice-oracle[5.5.480~1-09abd]:main():lattice-oracle.cc:318) %WER 0 [ 0 / 17, 0 insertions, 0 deletions, 0 sub ]
LOG (lattice-oracle[5.5.480~1-09abd]:main():lattice-oracle.cc:332) For utterance F1375207736-3769321_3769321-76912471_1623182008-GB-F-031, best cost 0
Lattice F1375207736-3769321_3769321-76912471_1623182008-GB-F-034 read.
LOG (lattice-oracle[5.5.480~1-09abd]:main():lattice-oracle.cc:318) %WER 0 [ 0 / 11, 0 insertions, 0 deletions, 0 sub ]
LOG (lattice-oracle[5.5.480~1-09abd]:main():lattice-oracle.cc:332) For utterance F1375207736-3769321_3769321-76912471_1623182008-GB-F-034, best cost 0
Lattice F1375207736-3769321_3769321-76912471_1623182008-GB-F-037 read.
LOG (lattice-oracle[5.5.480~1-09abd]:main():lattice-oracle.cc:318) %WER 0 [ 0 / 3, 0 insertions, 0 deletions, 0 sub ]
LOG (lattice-oracle[5.5.480~1-09abd]:main():lattice-oracle.cc:332) For utterance F1375207736-3769321_3769321-76912471_1623182008-GB-F-037, best cost 0
Lattice F1375207736-3769321_3769321-76912471_1623182008-GB-F-038 read.
LOG (lattice-oracle[5.5.480~1-09abd]:main():lattice-oracle.cc:318) %WER 0 [ 0 / 5, 0 insertions, 0 deletions, 0 sub ]
LOG (lattice-oracle[5.5.480~1-09abd]:main():lattice-oracle.cc:332) For utterance F1375207736-3769321_3769321-76912471_1623182008-GB-F-038, best cost 0
Lattice F1375207736-3769321_3769321-76912471_1623182008-GB-F-039 read.
LOG (lattice-oracle[5.5.480~1-09abd]:main():lattice-oracle.cc:318) %WER 0 [ 0 / 22, 0 insertions, 0 deletions, 0 sub ]
LOG (lattice-oracle[5.5.480~1-09abd]:main():lattice-oracle.cc:332) For utterance F1375207736-3769321_3769321-76912471_1623182008-GB-F-039, best cost 0
Lattice F1375207736-3769321_3769321-76912471_1623182008-GB-F-044 read.
LOG (lattice-oracle[5.5.480~1-09abd]:main():lattice-oracle.cc:318) %WER 0 [ 0 / 13, 0 insertions, 0 deletions, 0 sub ]
LOG (lattice-oracle[5.5.480~1-09abd]:main():lattice-oracle.cc:332) For utterance F1375207736-3769321_3769321-76912471_1623182008-GB-F-044, best cost 0
Lattice F1375207736-3769321_3769321-76912471_1623182008-GB-F-046 read.
LOG (lattice-oracle[5.5.480~1-09abd]:main():lattice-oracle.cc:318) %WER 22.2222 [ 4 / 18, 0 insertions, 4 deletions, 0 sub ]
LOG (lattice-oracle[5.5.480~1-09abd]:main():lattice-oracle.cc:332) For utterance F1375207736-3769321_3769321-76912471_1623182008-GB-F-046, best cost 4
Lattice F1375207736-3769321_3769321-76912471_1623182008-GB-F-051 read.
LOG (lattice-oracle[5.5.480~1-09abd]:main():lattice-oracle.cc:318) %WER 0 [ 0 / 3, 0 insertions, 0 deletions, 0 sub ]
LOG (lattice-oracle[5.5.480~1-09abd]:main():lattice-oracle.cc:332) For utterance F1375207736-3769321_3769321-76912471_1623182008-GB-F-051, best cost 0
Lattice F1375207736-3769321_3769321-76912471_1623182008-GB-F-053 read.
LOG (lattice-oracle[5.5.480~1-09abd]:main():lattice-oracle.cc:318) %WER 38.4615 [ 5 / 13, 0 insertions, 4 deletions, 1 sub ]
LOG (lattice-oracle[5.5.480~1-09abd]:main():lattice-oracle.cc:332) For utterance F1375207736-3769321_3769321-76912471_1623182008-GB-F-053, best cost 5
Lattice F1375207736-3769321_3769321-76912471_1623182008-GB-F-056 read.
LOG (lattice-oracle[5.5.480~1-09abd]:main():lattice-oracle.cc:318) %WER 50 [ 3 / 6, 0 insertions, 3 deletions, 0 sub ]
LOG (lattice-oracle[5.5.480~1-09abd]:main():lattice-oracle.cc:332) For utterance F1375207736-3769321_3769321-76912471_1623182008-GB-F-056, best cost 3
Lattice F1375207736-3769321_3769321-76912471_1623182008-GB-F-058 read.
LOG (lattice-oracle[5.5.480~1-09abd]:main():lattice-oracle.cc:318) %WER 0 [ 0 / 3, 0 insertions, 0 deletions, 0 sub ]
LOG (lattice-oracle[5.5.480~1-09abd]:main():lattice-oracle.cc:332) For utterance F1375207736-3769321_3769321-76912471_1623182008-GB-F-058, best cost 0
Lattice F1375207736-3769321_3769321-76912471_1623182008-GB-F-060 read.
LOG (lattice-oracle[5.5.480~1-09abd]:main():lattice-oracle.cc:318) %WER 12.5 [ 1 / 8, 0 insertions, 0 deletions, 1 sub ]
LOG (lattice-oracle[5.5.480~1-09abd]:main():lattice-oracle.cc:332) For utterance F1375207736-3769321_3769321-76912471_1623182008-GB-F-060, best cost 1
Lattice F1375207736-3769321_3769321-76912471_1623182008-GB-F-061 read.
LOG (lattice-oracle[5.5.480~1-09abd]:main():lattice-oracle.cc:318) %WER 57.8947 [ 11 / 19, 0 insertions, 11 deletions, 0 sub ]
LOG (lattice-oracle[5.5.480~1-09abd]:main():lattice-oracle.cc:332) For utterance F1375207736-3769321_3769321-76912471_1623182008-GB-F-061, best cost 11
Lattice F1377785402-90787007_2368054-40739717_1628488996-GB-F-004 read.
LOG (lattice-oracle[5.5.480~1-09abd]:main():lattice-oracle.cc:318) %WER 0 [ 0 / 1, 0 insertions, 0 deletions, 0 sub ]
LOG (lattice-oracle[5.5.480~1-09abd]:main():lattice-oracle.cc:332) For utterance F1377785402-90787007_2368054-40739717_1628488996-GB-F-004, best cost 0
Lattice F1377785402-90787007_2368054-40739717_1628488996-GB-F-005 read.
LOG (lattice-oracle[5.5.480~1-09abd]:main():lattice-oracle.cc:318) %WER 0 [ 0 / 5, 0 insertions, 0 deletions, 0 sub ]
LOG (lattice-oracle[5.5.480~1-09abd]:main():lattice-oracle.cc:332) For utterance F1377785402-90787007_2368054-40739717_1628488996-GB-F-005, best cost 0
Lattice F1377785402-90787007_2368054-40739717_1628488996-GB-F-006 read.
LOG (lattice-oracle[5.5.480~1-09abd]:main():lattice-oracle.cc:318) %WER 0 [ 0 / 5, 0 insertions, 0 deletions, 0 sub ]
LOG (lattice-oracle[5.5.480~1-09abd]:main():lattice-oracle.cc:332) For utterance F1377785402-90787007_2368054-40739717_1628488996-GB-F-006, best cost 0
Lattice F1377785402-90787007_2368054-40739717_1628488996-GB-F-007 read.
LOG (lattice-oracle[5.5.480~1-09abd]:main():lattice-oracle.cc:318) %WER 0 [ 0 / 3, 0 insertions, 0 deletions, 0 sub ]
LOG (lattice-oracle[5.5.480~1-09abd]:main():lattice-oracle.cc:332) For utterance F1377785402-90787007_2368054-40739717_1628488996-GB-F-007, best cost 0
Lattice F1377785402-90787007_2368054-40739717_1628488996-GB-F-008 read.
LOG (lattice-oracle[5.5.480~1-09abd]:main():lattice-oracle.cc:318) %WER 0 [ 0 / 3, 0 insertions, 0 deletions, 0 sub ]
LOG (lattice-oracle[5.5.480~1-09abd]:main():lattice-oracle.cc:332) For utterance F1377785402-90787007_2368054-40739717_1628488996-GB-F-008, best cost 0
Lattice F1377785402-90787007_2368054-40739717_1628488996-GB-F-010 read.
LOG (lattice-oracle[5.5.480~1-09abd]:main():lattice-oracle.cc:318) %WER 0 [ 0 / 1, 0 insertions, 0 deletions, 0 sub ]
LOG (lattice-oracle[5.5.480~1-09abd]:main():lattice-oracle.cc:332) For utterance F1377785402-90787007_2368054-40739717_1628488996-GB-F-010, best cost 0
Lattice F1377785402-90787007_2368054-40739717_1628488996-GB-F-016 read.
LOG (lattice-oracle[5.5.480~1-09abd]:main():lattice-oracle.cc:318) %WER 0 [ 0 / 4, 0 insertions, 0 deletions, 0 sub ]
LOG (lattice-oracle[5.5.480~1-09abd]:main():lattice-oracle.cc:332) For utterance F1377785402-90787007_2368054-40739717_1628488996-GB-F-016, best cost 0
Lattice F1377785402-90787007_2368054-40739717_1628488996-GB-F-017 read.
LOG (lattice-oracle[5.5.480~1-09abd]:main():lattice-oracle.cc:318) %WER 25 [ 1 / 4, 1 insertions, 0 deletions, 0 sub ]
LOG (lattice-oracle[5.5.480~1-09abd]:main():lattice-oracle.cc:332) For utterance F1377785402-90787007_2368054-40739717_1628488996-GB-F-017, best cost 1
Lattice F1377785402-90787007_2368054-40739717_1628488996-GB-F-018 read.
LOG (lattice-oracle[5.5.480~1-09abd]:main():lattice-oracle.cc:318) %WER 33.3333 [ 1 / 3, 1 insertions, 0 deletions, 0 sub ]
LOG (lattice-oracle[5.5.480~1-09abd]:main():lattice-oracle.cc:332) For utterance F1377785402-90787007_2368054-40739717_1628488996-GB-F-018, best cost 1
Lattice F1377785402-90787007_2368054-40739717_1628488996-GB-F-019 read.
LOG (lattice-oracle[5.5.480~1-09abd]:main():lattice-oracle.cc:318) %WER 0 [ 0 / 7, 0 insertions, 0 deletions, 0 sub ]
LOG (lattice-oracle[5.5.480~1-09abd]:main():lattice-oracle.cc:332) For utterance F1377785402-90787007_2368054-40739717_1628488996-GB-F-019, best cost 0
Lattice F1377785402-90787007_2368054-40739717_1628488996-GB-F-022 read.
LOG (lattice-oracle[5.5.480~1-09abd]:main():lattice-oracle.cc:318) %WER 0 [ 0 / 6, 0 insertions, 0 deletions, 0 sub ]
LOG (lattice-oracle[5.5.480~1-09abd]:main():lattice-oracle.cc:332) For utterance F1377785402-90787007_2368054-40739717_1628488996-GB-F-022, best cost 0
Lattice F1377785402-90787007_2368054-40739717_1628488996-GB-F-028 read.
LOG (lattice-oracle[5.5.480~1-09abd]:main():lattice-oracle.cc:318) %WER 0 [ 0 / 2, 0 insertions, 0 deletions, 0 sub ]
LOG (lattice-oracle[5.5.480~1-09abd]:main():lattice-oracle.cc:332) For utterance F1377785402-90787007_2368054-40739717_1628488996-GB-F-028, best cost 0
Lattice F1377785402-90787007_2368054-40739717_1628488996-GB-F-031 read.
LOG (lattice-oracle[5.5.480~1-09abd]:main():lattice-oracle.cc:318) %WER 0 [ 0 / 7, 0 insertions, 0 deletions, 0 sub ]
LOG (lattice-oracle[5.5.480~1-09abd]:main():lattice-oracle.cc:332) For utterance F1377785402-90787007_2368054-40739717_1628488996-GB-F-031, best cost 0
Lattice F1377785402-90787007_2368054-40739717_1628488996-GB-F-034 read.
LOG (lattice-oracle[5.5.480~1-09abd]:main():lattice-oracle.cc:318) %WER 0 [ 0 / 13, 0 insertions, 0 deletions, 0 sub ]
LOG (lattice-oracle[5.5.480~1-09abd]:main():lattice-oracle.cc:332) For utterance F1377785402-90787007_2368054-40739717_1628488996-GB-F-034, best cost 0
Lattice F1377785402-90787007_2368054-40739717_1628488996-GB-F-038 read.
LOG (lattice-oracle[5.5.480~1-09abd]:main():lattice-oracle.cc:318) %WER 0 [ 0 / 5, 0 insertions, 0 deletions, 0 sub ]
LOG (lattice-oracle[5.5.480~1-09abd]:main():lattice-oracle.cc:332) For utterance F1377785402-90787007_2368054-40739717_1628488996-GB-F-038, best cost 0
Lattice F1377785402-90787007_2368054-40739717_1628488996-GB-F-039 read.
LOG (lattice-oracle[5.5.480~1-09abd]:main():lattice-oracle.cc:318) %WER 37.5 [ 3 / 8, 0 insertions, 3 deletions, 0 sub ]
LOG (lattice-oracle[5.5.480~1-09abd]:main():lattice-oracle.cc:332) For utterance F1377785402-90787007_2368054-40739717_1628488996-GB-F-039, best cost 3
Lattice F1377785402-90787007_2368054-40739717_1628488996-GB-F-042 read.
LOG (lattice-oracle[5.5.480~1-09abd]:main():lattice-oracle.cc:318) %WER 0 [ 0 / 4, 0 insertions, 0 deletions, 0 sub ]
LOG (lattice-oracle[5.5.480~1-09abd]:main():lattice-oracle.cc:332) For utterance F1377785402-90787007_2368054-40739717_1628488996-GB-F-042, best cost 0
Lattice F1377785402-90787007_2368054-40739717_1628488996-GB-F-045 read.
LOG (lattice-oracle[5.5.480~1-09abd]:main():lattice-oracle.cc:318) %WER 0 [ 0 / 5, 0 insertions, 0 deletions, 0 sub ]
LOG (lattice-oracle[5.5.480~1-09abd]:main():lattice-oracle.cc:332) For utterance F1377785402-90787007_2368054-40739717_1628488996-GB-F-045, best cost 0
Lattice F1377785402-90787007_2368054-40739717_1628488996-GB-F-048 read.
LOG (lattice-oracle[5.5.480~1-09abd]:main():lattice-oracle.cc:318) %WER 0 [ 0 / 4, 0 insertions, 0 deletions, 0 sub ]
LOG (lattice-oracle[5.5.480~1-09abd]:main():lattice-oracle.cc:332) For utterance F1377785402-90787007_2368054-40739717_1628488996-GB-F-048, best cost 0
Lattice F1377785402-90787007_2368054-40739717_1628488996-GB-F-049 read.
LOG (lattice-oracle[5.5.480~1-09abd]:main():lattice-oracle.cc:318) %WER 50 [ 5 / 10, 0 insertions, 5 deletions, 0 sub ]
LOG (lattice-oracle[5.5.480~1-09abd]:main():lattice-oracle.cc:332) For utterance F1377785402-90787007_2368054-40739717_1628488996-GB-F-049, best cost 5
Lattice F1377785402-90787007_2368054-40739717_1628488996-GB-F-052 read.
LOG (lattice-oracle[5.5.480~1-09abd]:main():lattice-oracle.cc:318) %WER 0 [ 0 / 4, 0 insertions, 0 deletions, 0 sub ]
LOG (lattice-oracle[5.5.480~1-09abd]:main():lattice-oracle.cc:332) For utterance F1377785402-90787007_2368054-40739717_1628488996-GB-F-052, best cost 0
Lattice F1377785402-90787007_2368054-40739717_1628488996-GB-F-054 read.
LOG (lattice-oracle[5.5.480~1-09abd]:main():lattice-oracle.cc:318) %WER 100 [ 1 / 1, 1 insertions, 0 deletions, 0 sub ]
LOG (lattice-oracle[5.5.480~1-09abd]:main():lattice-oracle.cc:332) For utterance F1377785402-90787007_2368054-40739717_1628488996-GB-F-054, best cost 1
Lattice F1377785402-90787007_2368054-40739717_1628488996-GB-F-057 read.
LOG (lattice-oracle[5.5.480~1-09abd]:main():lattice-oracle.cc:318) %WER 0 [ 0 / 4, 0 insertions, 0 deletions, 0 sub ]
LOG (lattice-oracle[5.5.480~1-09abd]:main():lattice-oracle.cc:332) For utterance F1377785402-90787007_2368054-40739717_1628488996-GB-F-057, best cost 0
Lattice F1393417343-388154009_2957095-217161417_1691696342-GB-F-003 read.
LOG (lattice-oracle[5.5.480~1-09abd]:main():lattice-oracle.cc:318) %WER 46.1538 [ 6 / 13, 0 insertions, 6 deletions, 0 sub ]
LOG (lattice-oracle[5.5.480~1-09abd]:main():lattice-oracle.cc:332) For utterance F1393417343-388154009_2957095-217161417_1691696342-GB-F-003, best cost 6
Lattice F1393417343-388154009_2957095-217161417_1691696342-GB-F-007 read.
LOG (lattice-oracle[5.5.480~1-09abd]:main():lattice-oracle.cc:318) %WER 25 [ 2 / 8, 0 insertions, 2 deletions, 0 sub ]
LOG (lattice-oracle[5.5.480~1-09abd]:main():lattice-oracle.cc:332) For utterance F1393417343-388154009_2957095-217161417_1691696342-GB-F-007, best cost 2
Lattice F1393417343-388154009_2957095-217161417_1691696342-GB-F-008 read.
LOG (lattice-oracle[5.5.480~1-09abd]:main():lattice-oracle.cc:318) %WER 87.5 [ 7 / 8, 0 insertions, 7 deletions, 0 sub ]
LOG (lattice-oracle[5.5.480~1-09abd]:main():lattice-oracle.cc:332) For utterance F1393417343-388154009_2957095-217161417_1691696342-GB-F-008, best cost 7
Lattice F1393417343-388154009_2957095-217161417_1691696342-GB-F-010 read.
LOG (lattice-oracle[5.5.480~1-09abd]:main():lattice-oracle.cc:318) %WER 16.6667 [ 5 / 30, 3 insertions, 0 deletions, 2 sub ]
LOG (lattice-oracle[5.5.480~1-09abd]:main():lattice-oracle.cc:332) For utterance F1393417343-388154009_2957095-217161417_1691696342-GB-F-010, best cost 5
Lattice F1393417343-388154009_2957095-217161417_1691696342-GB-F-018 read.
LOG (lattice-oracle[5.5.480~1-09abd]:main():lattice-oracle.cc:318) %WER 15.625 [ 5 / 32, 2 insertions, 0 deletions, 3 sub ]
LOG (lattice-oracle[5.5.480~1-09abd]:main():lattice-oracle.cc:332) For utterance F1393417343-388154009_2957095-217161417_1691696342-GB-F-018, best cost 5
Lattice F1393417343-388154009_2957095-217161417_1691696342-GB-F-027 read.
LOG (lattice-oracle[5.5.480~1-09abd]:main():lattice-oracle.cc:318) %WER 6.25 [ 1 / 16, 0 insertions, 1 deletions, 0 sub ]
LOG (lattice-oracle[5.5.480~1-09abd]:main():lattice-oracle.cc:332) For utterance F1393417343-388154009_2957095-217161417_1691696342-GB-F-027, best cost 1
Lattice F1393417343-388154009_2957095-217161417_1691696342-GB-F-032 read.
LOG (lattice-oracle[5.5.480~1-09abd]:main():lattice-oracle.cc:318) %WER 0 [ 0 / 3, 0 insertions, 0 deletions, 0 sub ]
LOG (lattice-oracle[5.5.480~1-09abd]:main():lattice-oracle.cc:332) For utterance F1393417343-388154009_2957095-217161417_1691696342-GB-F-032, best cost 0
Lattice F1393417343-388154009_2957095-217161417_1691696342-GB-F-034 read.
LOG (lattice-oracle[5.5.480~1-09abd]:main():lattice-oracle.cc:318) %WER 36.3636 [ 4 / 11, 0 insertions, 4 deletions, 0 sub ]
LOG (lattice-oracle[5.5.480~1-09abd]:main():lattice-oracle.cc:332) For utterance F1393417343-388154009_2957095-217161417_1691696342-GB-F-034, best cost 4
Lattice F1393417343-388154009_2957095-217161417_1691696342-GB-F-036 read.
LOG (lattice-oracle[5.5.480~1-09abd]:main():lattice-oracle.cc:318) %WER 20 [ 1 / 5, 0 insertions, 1 deletions, 0 sub ]
LOG (lattice-oracle[5.5.480~1-09abd]:main():lattice-oracle.cc:332) For utterance F1393417343-388154009_2957095-217161417_1691696342-GB-F-036, best cost 1
Lattice F1393417343-388154009_2957095-217161417_1691696342-GB-F-037 read.
LOG (lattice-oracle[5.5.480~1-09abd]:main():lattice-oracle.cc:318) %WER 42.8571 [ 3 / 7, 1 insertions, 2 deletions, 0 sub ]
LOG (lattice-oracle[5.5.480~1-09abd]:main():lattice-oracle.cc:332) For utterance F1393417343-388154009_2957095-217161417_1691696342-GB-F-037, best cost 3
Lattice F1393417343-388154009_2957095-217161417_1691696342-GB-F-038 read.
LOG (lattice-oracle[5.5.480~1-09abd]:main():lattice-oracle.cc:318) %WER 41.6667 [ 5 / 12, 2 insertions, 3 deletions, 0 sub ]
LOG (lattice-oracle[5.5.480~1-09abd]:main():lattice-oracle.cc:332) For utterance F1393417343-388154009_2957095-217161417_1691696342-GB-F-038, best cost 5
Lattice F1393417343-388154009_2957095-217161417_1691696342-GB-F-040 read.
LOG (lattice-oracle[5.5.480~1-09abd]:main():lattice-oracle.cc:318) %WER 31.5789 [ 6 / 19, 2 insertions, 4 deletions, 0 sub ]
LOG (lattice-oracle[5.5.480~1-09abd]:main():lattice-oracle.cc:332) For utterance F1393417343-388154009_2957095-217161417_1691696342-GB-F-040, best cost 6
Lattice F1393417343-388154009_2957095-217161417_1691696342-GB-F-044 read.
LOG (lattice-oracle[5.5.480~1-09abd]:main():lattice-oracle.cc:318) %WER 25 [ 4 / 16, 0 insertions, 1 deletions, 3 sub ]
LOG (lattice-oracle[5.5.480~1-09abd]:main():lattice-oracle.cc:332) For utterance F1393417343-388154009_2957095-217161417_1691696342-GB-F-044, best cost 4
Lattice F1393417343-388154009_2957095-217161417_1691696342-GB-F-049 read.
LOG (lattice-oracle[5.5.480~1-09abd]:main():lattice-oracle.cc:318) %WER 0 [ 0 / 16, 0 insertions, 0 deletions, 0 sub ]
LOG (lattice-oracle[5.5.480~1-09abd]:main():lattice-oracle.cc:332) For utterance F1393417343-388154009_2957095-217161417_1691696342-GB-F-049, best cost 0
Lattice F1393417343-388154009_2957095-217161417_1691696342-GB-F-054 read.
LOG (lattice-oracle[5.5.480~1-09abd]:main():lattice-oracle.cc:318) %WER 50 [ 4 / 8, 0 insertions, 4 deletions, 0 sub ]
LOG (lattice-oracle[5.5.480~1-09abd]:main():lattice-oracle.cc:332) For utterance F1393417343-388154009_2957095-217161417_1691696342-GB-F-054, best cost 4
Lattice F1393417343-388154009_2957095-217161417_1691696342-GB-F-056 read.
LOG (lattice-oracle[5.5.480~1-09abd]:main():lattice-oracle.cc:318) %WER 0 [ 0 / 8, 0 insertions, 0 deletions, 0 sub ]
LOG (lattice-oracle[5.5.480~1-09abd]:main():lattice-oracle.cc:332) For utterance F1393417343-388154009_2957095-217161417_1691696342-GB-F-056, best cost 0
Lattice F1393417343-388154009_2957095-217161417_1691696342-GB-F-058 read.
LOG (lattice-oracle[5.5.480~1-09abd]:main():lattice-oracle.cc:318) %WER 40 [ 2 / 5, 0 insertions, 2 deletions, 0 sub ]
LOG (lattice-oracle[5.5.480~1-09abd]:main():lattice-oracle.cc:332) For utterance F1393417343-388154009_2957095-217161417_1691696342-GB-F-058, best cost 2
Lattice F1393417343-388154009_2957095-217161417_1691696342-GB-F-060 read.
LOG (lattice-oracle[5.5.480~1-09abd]:main():lattice-oracle.cc:318) %WER 38.4615 [ 5 / 13, 0 insertions, 4 deletions, 1 sub ]
LOG (lattice-oracle[5.5.480~1-09abd]:main():lattice-oracle.cc:332) For utterance F1393417343-388154009_2957095-217161417_1691696342-GB-F-060, best cost 5
Lattice F1393417343-388154009_2957095-217161417_1691696342-GB-F-066 read.
LOG (lattice-oracle[5.5.480~1-09abd]:main():lattice-oracle.cc:318) %WER 100 [ 4 / 4, 0 insertions, 0 deletions, 4 sub ]
LOG (lattice-oracle[5.5.480~1-09abd]:main():lattice-oracle.cc:332) For utterance F1393417343-388154009_2957095-217161417_1691696342-GB-F-066, best cost 4
Lattice F1393417343-388154009_2957095-217161417_1691696342-GB-F-070 read.
LOG (lattice-oracle[5.5.480~1-09abd]:main():lattice-oracle.cc:318) %WER 25 [ 1 / 4, 0 insertions, 1 deletions, 0 sub ]
LOG (lattice-oracle[5.5.480~1-09abd]:main():lattice-oracle.cc:332) For utterance F1393417343-388154009_2957095-217161417_1691696342-GB-F-070, best cost 1
Lattice F1393417343-388154009_2957095-217161417_1691696342-GB-F-071 read.
LOG (lattice-oracle[5.5.480~1-09abd]:main():lattice-oracle.cc:318) %WER 0 [ 0 / 6, 0 insertions, 0 deletions, 0 sub ]
LOG (lattice-oracle[5.5.480~1-09abd]:main():lattice-oracle.cc:332) For utterance F1393417343-388154009_2957095-217161417_1691696342-GB-F-071, best cost 0
Lattice F1393417343-388154009_2957095-217161417_1691696342-GB-F-074 read.
LOG (lattice-oracle[5.5.480~1-09abd]:main():lattice-oracle.cc:318) %WER 0 [ 0 / 16, 0 insertions, 0 deletions, 0 sub ]
LOG (lattice-oracle[5.5.480~1-09abd]:main():lattice-oracle.cc:332) For utterance F1393417343-388154009_2957095-217161417_1691696342-GB-F-074, best cost 0
Lattice F1393417343-388154009_2957095-217161417_1691696342-GB-F-079 read.
LOG (lattice-oracle[5.5.480~1-09abd]:main():lattice-oracle.cc:318) %WER 0 [ 0 / 3, 0 insertions, 0 deletions, 0 sub ]
LOG (lattice-oracle[5.5.480~1-09abd]:main():lattice-oracle.cc:332) For utterance F1393417343-388154009_2957095-217161417_1691696342-GB-F-079, best cost 0
Lattice F1393417343-388154009_2957095-217161417_1691696342-GB-F-081 read.
LOG (lattice-oracle[5.5.480~1-09abd]:main():lattice-oracle.cc:318) %WER 12.5 [ 1 / 8, 0 insertions, 1 deletions, 0 sub ]
LOG (lattice-oracle[5.5.480~1-09abd]:main():lattice-oracle.cc:332) For utterance F1393417343-388154009_2957095-217161417_1691696342-GB-F-081, best cost 1
Lattice F1393417343-388154009_2957095-217161417_1691696342-GB-F-084 read.
LOG (lattice-oracle[5.5.480~1-09abd]:main():lattice-oracle.cc:318) %WER 0 [ 0 / 1, 0 insertions, 0 deletions, 0 sub ]
LOG (lattice-oracle[5.5.480~1-09abd]:main():lattice-oracle.cc:332) For utterance F1393417343-388154009_2957095-217161417_1691696342-GB-F-084, best cost 0
Lattice F1393417343-388154009_2957095-217161417_1691696342-GB-F-086 read.
LOG (lattice-oracle[5.5.480~1-09abd]:main():lattice-oracle.cc:318) %WER 0 [ 0 / 8, 0 insertions, 0 deletions, 0 sub ]
LOG (lattice-oracle[5.5.480~1-09abd]:main():lattice-oracle.cc:332) For utterance F1393417343-388154009_2957095-217161417_1691696342-GB-F-086, best cost 0
Lattice F1393417343-388154009_2957095-217161417_1691696342-GB-F-089 read.
LOG (lattice-oracle[5.5.480~1-09abd]:main():lattice-oracle.cc:318) %WER 0 [ 0 / 3, 0 insertions, 0 deletions, 0 sub ]
LOG (lattice-oracle[5.5.480~1-09abd]:main():lattice-oracle.cc:332) For utterance F1393417343-388154009_2957095-217161417_1691696342-GB-F-089, best cost 0
Lattice F1393417343-388154009_2957095-217161417_1691696342-GB-F-091 read.
LOG (lattice-oracle[5.5.480~1-09abd]:main():lattice-oracle.cc:318) %WER 28.5714 [ 2 / 7, 2 insertions, 0 deletions, 0 sub ]
LOG (lattice-oracle[5.5.480~1-09abd]:main():lattice-oracle.cc:332) For utterance F1393417343-388154009_2957095-217161417_1691696342-GB-F-091, best cost 2
Lattice F1393417343-388154009_2957095-217161417_1691696342-GB-F-094 read.
LOG (lattice-oracle[5.5.480~1-09abd]:main():lattice-oracle.cc:318) %WER 53.8462 [ 7 / 13, 0 insertions, 7 deletions, 0 sub ]
LOG (lattice-oracle[5.5.480~1-09abd]:main():lattice-oracle.cc:332) For utterance F1393417343-388154009_2957095-217161417_1691696342-GB-F-094, best cost 7
Lattice F1393417343-388154009_2957095-217161417_1691696342-GB-F-096 read.
LOG (lattice-oracle[5.5.480~1-09abd]:main():lattice-oracle.cc:318) %WER 46.1538 [ 6 / 13, 0 insertions, 6 deletions, 0 sub ]
LOG (lattice-oracle[5.5.480~1-09abd]:main():lattice-oracle.cc:332) For utterance F1393417343-388154009_2957095-217161417_1691696342-GB-F-096, best cost 6
Lattice F1393417343-388154009_2957095-217161417_1691696342-GB-F-098 read.
LOG (lattice-oracle[5.5.480~1-09abd]:main():lattice-oracle.cc:318) %WER 38.4615 [ 5 / 13, 0 insertions, 5 deletions, 0 sub ]
LOG (lattice-oracle[5.5.480~1-09abd]:main():lattice-oracle.cc:332) For utterance F1393417343-388154009_2957095-217161417_1691696342-GB-F-098, best cost 5
Lattice F1393417343-388154009_2957095-217161417_1691696342-GB-F-100 read.
LOG (lattice-oracle[5.5.480~1-09abd]:main():lattice-oracle.cc:318) %WER 0 [ 0 / 6, 0 insertions, 0 deletions, 0 sub ]
LOG (lattice-oracle[5.5.480~1-09abd]:main():lattice-oracle.cc:332) For utterance F1393417343-388154009_2957095-217161417_1691696342-GB-F-100, best cost 0
Lattice F13951102-467601300_2618135-389530156_1582991524-GB-F-001 read.
LOG (lattice-oracle[5.5.480~1-09abd]:main():lattice-oracle.cc:318) %WER 40 [ 2 / 5, 0 insertions, 2 deletions, 0 sub ]
LOG (lattice-oracle[5.5.480~1-09abd]:main():lattice-oracle.cc:332) For utterance F13951102-467601300_2618135-389530156_1582991524-GB-F-001, best cost 2
Lattice F13951102-467601300_2618135-389530156_1582991524-GB-F-002 read.
LOG (lattice-oracle[5.5.480~1-09abd]:main():lattice-oracle.cc:318) %WER 18.1818 [ 2 / 11, 2 insertions, 0 deletions, 0 sub ]
LOG (lattice-oracle[5.5.480~1-09abd]:main():lattice-oracle.cc:332) For utterance F13951102-467601300_2618135-389530156_1582991524-GB-F-002, best cost 2
Lattice F13951102-467601300_2618135-389530156_1582991524-GB-F-004 read.
LOG (lattice-oracle[5.5.480~1-09abd]:main():lattice-oracle.cc:318) %WER 6.66667 [ 1 / 15, 0 insertions, 1 deletions, 0 sub ]
LOG (lattice-oracle[5.5.480~1-09abd]:main():lattice-oracle.cc:332) For utterance F13951102-467601300_2618135-389530156_1582991524-GB-F-004, best cost 1
Lattice F13951102-467601300_2618135-389530156_1582991524-GB-F-008 read.
LOG (lattice-oracle[5.5.480~1-09abd]:main():lattice-oracle.cc:318) %WER 0 [ 0 / 17, 0 insertions, 0 deletions, 0 sub ]
LOG (lattice-oracle[5.5.480~1-09abd]:main():lattice-oracle.cc:332) For utterance F13951102-467601300_2618135-389530156_1582991524-GB-F-008, best cost 0
Lattice F13951102-467601300_2618135-389530156_1582991524-GB-F-011 read.
LOG (lattice-oracle[5.5.480~1-09abd]:main():lattice-oracle.cc:318) %WER 0 [ 0 / 20, 0 insertions, 0 deletions, 0 sub ]
LOG (lattice-oracle[5.5.480~1-09abd]:main():lattice-oracle.cc:332) For utterance F13951102-467601300_2618135-389530156_1582991524-GB-F-011, best cost 0
Lattice F13951102-467601300_2618135-389530156_1582991524-GB-F-017 read.
LOG (lattice-oracle[5.5.480~1-09abd]:main():lattice-oracle.cc:318) %WER 50 [ 6 / 12, 1 insertions, 5 deletions, 0 sub ]
LOG (lattice-oracle[5.5.480~1-09abd]:main():lattice-oracle.cc:332) For utterance F13951102-467601300_2618135-389530156_1582991524-GB-F-017, best cost 6
Lattice F13951102-467601300_2618135-389530156_1582991524-GB-F-020 read.
LOG (lattice-oracle[5.5.480~1-09abd]:main():lattice-oracle.cc:318) %WER 25 [ 2 / 8, 2 insertions, 0 deletions, 0 sub ]
LOG (lattice-oracle[5.5.480~1-09abd]:main():lattice-oracle.cc:332) For utterance F13951102-467601300_2618135-389530156_1582991524-GB-F-020, best cost 2
Lattice F13951102-467601300_2618135-389530156_1582991524-GB-F-022 read.
LOG (lattice-oracle[5.5.480~1-09abd]:main():lattice-oracle.cc:318) %WER 0 [ 0 / 10, 0 insertions, 0 deletions, 0 sub ]
LOG (lattice-oracle[5.5.480~1-09abd]:main():lattice-oracle.cc:332) For utterance F13951102-467601300_2618135-389530156_1582991524-GB-F-022, best cost 0
Lattice F13951102-467601300_2618135-389530156_1582991524-GB-F-023 read.
LOG (lattice-oracle[5.5.480~1-09abd]:main():lattice-oracle.cc:318) %WER 9.52381 [ 2 / 21, 0 insertions, 2 deletions, 0 sub ]
LOG (lattice-oracle[5.5.480~1-09abd]:main():lattice-oracle.cc:332) For utterance F13951102-467601300_2618135-389530156_1582991524-GB-F-023, best cost 2
Lattice F13951102-467601300_2618135-389530156_1582991524-GB-F-028 read.
LOG (lattice-oracle[5.5.480~1-09abd]:main():lattice-oracle.cc:318) %WER 80 [ 4 / 5, 2 insertions, 1 deletions, 1 sub ]
LOG (lattice-oracle[5.5.480~1-09abd]:main():lattice-oracle.cc:332) For utterance F13951102-467601300_2618135-389530156_1582991524-GB-F-028, best cost 4
Lattice F13951102-467601300_2618135-389530156_1582991524-GB-F-030 read.
LOG (lattice-oracle[5.5.480~1-09abd]:main():lattice-oracle.cc:318) %WER 300 [ 3 / 1, 2 insertions, 0 deletions, 1 sub ]
LOG (lattice-oracle[5.5.480~1-09abd]:main():lattice-oracle.cc:332) For utterance F13951102-467601300_2618135-389530156_1582991524-GB-F-030, best cost 3
Lattice F13951102-467601300_2618135-389530156_1582991524-GB-F-031 read.
LOG (lattice-oracle[5.5.480~1-09abd]:main():lattice-oracle.cc:318) %WER 18.1818 [ 2 / 11, 0 insertions, 1 deletions, 1 sub ]
LOG (lattice-oracle[5.5.480~1-09abd]:main():lattice-oracle.cc:332) For utterance F13951102-467601300_2618135-389530156_1582991524-GB-F-031, best cost 2
Lattice F13951102-467601300_2618135-389530156_1582991524-GB-F-033 read.
LOG (lattice-oracle[5.5.480~1-09abd]:main():lattice-oracle.cc:318) %WER 28.5714 [ 2 / 7, 1 insertions, 0 deletions, 1 sub ]
LOG (lattice-oracle[5.5.480~1-09abd]:main():lattice-oracle.cc:332) For utterance F13951102-467601300_2618135-389530156_1582991524-GB-F-033, best cost 2
Lattice F13951102-467601300_2618135-389530156_1582991524-GB-F-034 read.
LOG (lattice-oracle[5.5.480~1-09abd]:main():lattice-oracle.cc:318) %WER 9.09091 [ 1 / 11, 0 insertions, 1 deletions, 0 sub ]
LOG (lattice-oracle[5.5.480~1-09abd]:main():lattice-oracle.cc:332) For utterance F13951102-467601300_2618135-389530156_1582991524-GB-F-034, best cost 1
Lattice F13951102-467601300_2618135-389530156_1582991524-GB-F-036 read.
LOG (lattice-oracle[5.5.480~1-09abd]:main():lattice-oracle.cc:318) %WER 0 [ 0 / 10, 0 insertions, 0 deletions, 0 sub ]
LOG (lattice-oracle[5.5.480~1-09abd]:main():lattice-oracle.cc:332) For utterance F13951102-467601300_2618135-389530156_1582991524-GB-F-036, best cost 0
Lattice F13951102-467601300_2618135-389530156_1582991524-GB-F-039 read.
LOG (lattice-oracle[5.5.480~1-09abd]:main():lattice-oracle.cc:318) %WER 22.2222 [ 6 / 27, 0 insertions, 5 deletions, 1 sub ]
LOG (lattice-oracle[5.5.480~1-09abd]:main():lattice-oracle.cc:332) For utterance F13951102-467601300_2618135-389530156_1582991524-GB-F-039, best cost 6
Lattice F13951102-467601300_2618135-389530156_1582991524-GB-F-045 read.
LOG (lattice-oracle[5.5.480~1-09abd]:main():lattice-oracle.cc:318) %WER 0 [ 0 / 10, 0 insertions, 0 deletions, 0 sub ]
LOG (lattice-oracle[5.5.480~1-09abd]:main():lattice-oracle.cc:332) For utterance F13951102-467601300_2618135-389530156_1582991524-GB-F-045, best cost 0
Lattice F13951102-467601300_2618135-389530156_1582991524-GB-F-046 read.
LOG (lattice-oracle[5.5.480~1-09abd]:main():lattice-oracle.cc:318) %WER 0 [ 0 / 16, 0 insertions, 0 deletions, 0 sub ]
LOG (lattice-oracle[5.5.480~1-09abd]:main():lattice-oracle.cc:332) For utterance F13951102-467601300_2618135-389530156_1582991524-GB-F-046, best cost 0
Lattice F13951102-467601300_2618135-389530156_1582991524-GB-F-049 read.
LOG (lattice-oracle[5.5.480~1-09abd]:main():lattice-oracle.cc:318) %WER 80 [ 4 / 5, 1 insertions, 2 deletions, 1 sub ]
LOG (lattice-oracle[5.5.480~1-09abd]:main():lattice-oracle.cc:332) For utterance F13951102-467601300_2618135-389530156_1582991524-GB-F-049, best cost 4
Lattice F13951102-467601300_2618135-389530156_1582991524-GB-F-051 read.
LOG (lattice-oracle[5.5.480~1-09abd]:main():lattice-oracle.cc:318) %WER 50 [ 4 / 8, 2 insertions, 2 deletions, 0 sub ]
LOG (lattice-oracle[5.5.480~1-09abd]:main():lattice-oracle.cc:332) For utterance F13951102-467601300_2618135-389530156_1582991524-GB-F-051, best cost 4
Lattice F13951102-467601300_2618135-389530156_1582991524-GB-F-053 read.
LOG (lattice-oracle[5.5.480~1-09abd]:main():lattice-oracle.cc:318) %WER 33.3333 [ 1 / 3, 0 insertions, 1 deletions, 0 sub ]
LOG (lattice-oracle[5.5.480~1-09abd]:main():lattice-oracle.cc:332) For utterance F13951102-467601300_2618135-389530156_1582991524-GB-F-053, best cost 1
Lattice F13951102-467601300_2618135-389530156_1582991524-GB-F-054 read.
LOG (lattice-oracle[5.5.480~1-09abd]:main():lattice-oracle.cc:318) %WER 0 [ 0 / 3, 0 insertions, 0 deletions, 0 sub ]
LOG (lattice-oracle[5.5.480~1-09abd]:main():lattice-oracle.cc:332) For utterance F13951102-467601300_2618135-389530156_1582991524-GB-F-054, best cost 0
Lattice F13951102-467601300_2618135-389530156_1582991524-GB-F-056 read.
LOG (lattice-oracle[5.5.480~1-09abd]:main():lattice-oracle.cc:318) %WER 0 [ 0 / 3, 0 insertions, 0 deletions, 0 sub ]
LOG (lattice-oracle[5.5.480~1-09abd]:main():lattice-oracle.cc:332) For utterance F13951102-467601300_2618135-389530156_1582991524-GB-F-056, best cost 0
Lattice F13951102-467601300_2618135-389530156_1582991524-GB-F-057 read.
LOG (lattice-oracle[5.5.480~1-09abd]:main():lattice-oracle.cc:318) %WER 0 [ 0 / 1, 0 insertions, 0 deletions, 0 sub ]
LOG (lattice-oracle[5.5.480~1-09abd]:main():lattice-oracle.cc:332) For utterance F13951102-467601300_2618135-389530156_1582991524-GB-F-057, best cost 0
Lattice F13951102-467601300_2618135-389530156_1582991524-GB-F-058 read.
LOG (lattice-oracle[5.5.480~1-09abd]:main():lattice-oracle.cc:318) %WER 0 [ 0 / 10, 0 insertions, 0 deletions, 0 sub ]
LOG (lattice-oracle[5.5.480~1-09abd]:main():lattice-oracle.cc:332) For utterance F13951102-467601300_2618135-389530156_1582991524-GB-F-058, best cost 0
Lattice F13951102-467601300_2618135-389530156_1582991524-GB-F-059 read.
LOG (lattice-oracle[5.5.480~1-09abd]:main():lattice-oracle.cc:318) %WER 3.44828 [ 1 / 29, 0 insertions, 1 deletions, 0 sub ]
LOG (lattice-oracle[5.5.480~1-09abd]:main():lattice-oracle.cc:332) For utterance F13951102-467601300_2618135-389530156_1582991524-GB-F-059, best cost 1
Lattice F1410317067-81321499_1762962-919636574_1693841893-GB-F-006 read.
LOG (lattice-oracle[5.5.480~1-09abd]:main():lattice-oracle.cc:318) %WER 37.5 [ 3 / 8, 0 insertions, 3 deletions, 0 sub ]
LOG (lattice-oracle[5.5.480~1-09abd]:main():lattice-oracle.cc:332) For utterance F1410317067-81321499_1762962-919636574_1693841893-GB-F-006, best cost 3
Lattice F1410317067-81321499_1762962-919636574_1693841893-GB-F-007 read.
LOG (lattice-oracle[5.5.480~1-09abd]:main():lattice-oracle.cc:318) %WER 0 [ 0 / 8, 0 insertions, 0 deletions, 0 sub ]
LOG (lattice-oracle[5.5.480~1-09abd]:main():lattice-oracle.cc:332) For utterance F1410317067-81321499_1762962-919636574_1693841893-GB-F-007, best cost 0
Lattice F1410317067-81321499_1762962-919636574_1693841893-GB-F-008 read.
LOG (lattice-oracle[5.5.480~1-09abd]:main():lattice-oracle.cc:318) %WER 0 [ 0 / 18, 0 insertions, 0 deletions, 0 sub ]
LOG (lattice-oracle[5.5.480~1-09abd]:main():lattice-oracle.cc:332) For utterance F1410317067-81321499_1762962-919636574_1693841893-GB-F-008, best cost 0
Lattice F1410317067-81321499_1762962-919636574_1693841893-GB-F-017 read.
LOG (lattice-oracle[5.5.480~1-09abd]:main():lattice-oracle.cc:318) %WER 0 [ 0 / 8, 0 insertions, 0 deletions, 0 sub ]
LOG (lattice-oracle[5.5.480~1-09abd]:main():lattice-oracle.cc:332) For utterance F1410317067-81321499_1762962-919636574_1693841893-GB-F-017, best cost 0
Lattice F1410317067-81321499_1762962-919636574_1693841893-GB-F-018 read.
LOG (lattice-oracle[5.5.480~1-09abd]:main():lattice-oracle.cc:318) %WER 0 [ 0 / 21, 0 insertions, 0 deletions, 0 sub ]
LOG (lattice-oracle[5.5.480~1-09abd]:main():lattice-oracle.cc:332) For utterance F1410317067-81321499_1762962-919636574_1693841893-GB-F-018, best cost 0
Lattice F1410317067-81321499_1762962-919636574_1693841893-GB-F-022 read.
LOG (lattice-oracle[5.5.480~1-09abd]:main():lattice-oracle.cc:318) %WER 0 [ 0 / 24, 0 insertions, 0 deletions, 0 sub ]
LOG (lattice-oracle[5.5.480~1-09abd]:main():lattice-oracle.cc:332) For utterance F1410317067-81321499_1762962-919636574_1693841893-GB-F-022, best cost 0
Lattice F1410317067-81321499_1762962-919636574_1693841893-GB-F-025 read.
LOG (lattice-oracle[5.5.480~1-09abd]:main():lattice-oracle.cc:318) %WER 0 [ 0 / 7, 0 insertions, 0 deletions, 0 sub ]
LOG (lattice-oracle[5.5.480~1-09abd]:main():lattice-oracle.cc:332) For utterance F1410317067-81321499_1762962-919636574_1693841893-GB-F-025, best cost 0
Lattice F1410317067-81321499_1762962-919636574_1693841893-GB-F-026 read.
LOG (lattice-oracle[5.5.480~1-09abd]:main():lattice-oracle.cc:318) %WER 0 [ 0 / 15, 0 insertions, 0 deletions, 0 sub ]
LOG (lattice-oracle[5.5.480~1-09abd]:main():lattice-oracle.cc:332) For utterance F1410317067-81321499_1762962-919636574_1693841893-GB-F-026, best cost 0
Lattice F1410317067-81321499_1762962-919636574_1693841893-GB-F-028 read.
LOG (lattice-oracle[5.5.480~1-09abd]:main():lattice-oracle.cc:318) %WER 0 [ 0 / 7, 0 insertions, 0 deletions, 0 sub ]
LOG (lattice-oracle[5.5.480~1-09abd]:main():lattice-oracle.cc:332) For utterance F1410317067-81321499_1762962-919636574_1693841893-GB-F-028, best cost 0
Lattice F1410317067-81321499_1762962-919636574_1693841893-GB-F-030 read.
LOG (lattice-oracle[5.5.480~1-09abd]:main():lattice-oracle.cc:318) %WER 0 [ 0 / 7, 0 insertions, 0 deletions, 0 sub ]
LOG (lattice-oracle[5.5.480~1-09abd]:main():lattice-oracle.cc:332) For utterance F1410317067-81321499_1762962-919636574_1693841893-GB-F-030, best cost 0
Lattice F1410317067-81321499_1762962-919636574_1693841893-GB-F-031 read.
LOG (lattice-oracle[5.5.480~1-09abd]:main():lattice-oracle.cc:318) %WER 0 [ 0 / 13, 0 insertions, 0 deletions, 0 sub ]
LOG (lattice-oracle[5.5.480~1-09abd]:main():lattice-oracle.cc:332) For utterance F1410317067-81321499_1762962-919636574_1693841893-GB-F-031, best cost 0
Lattice F1410317067-81321499_1762962-919636574_1693841893-GB-F-034 read.
LOG (lattice-oracle[5.5.480~1-09abd]:main():lattice-oracle.cc:318) %WER 0 [ 0 / 10, 0 insertions, 0 deletions, 0 sub ]
LOG (lattice-oracle[5.5.480~1-09abd]:main():lattice-oracle.cc:332) For utterance F1410317067-81321499_1762962-919636574_1693841893-GB-F-034, best cost 0
Lattice F1410317067-81321499_1762962-919636574_1693841893-GB-F-037 read.
LOG (lattice-oracle[5.5.480~1-09abd]:main():lattice-oracle.cc:318) %WER 12.5 [ 1 / 8, 0 insertions, 1 deletions, 0 sub ]
LOG (lattice-oracle[5.5.480~1-09abd]:main():lattice-oracle.cc:332) For utterance F1410317067-81321499_1762962-919636574_1693841893-GB-F-037, best cost 1
Lattice F1410317067-81321499_1762962-919636574_1693841893-GB-F-045 read.
LOG (lattice-oracle[5.5.480~1-09abd]:main():lattice-oracle.cc:318) %WER 0 [ 0 / 2, 0 insertions, 0 deletions, 0 sub ]
LOG (lattice-oracle[5.5.480~1-09abd]:main():lattice-oracle.cc:332) For utterance F1410317067-81321499_1762962-919636574_1693841893-GB-F-045, best cost 0
Lattice F1410317067-81321499_1762962-919636574_1693841893-GB-F-046 read.
LOG (lattice-oracle[5.5.480~1-09abd]:main():lattice-oracle.cc:318) %WER 0 [ 0 / 8, 0 insertions, 0 deletions, 0 sub ]
LOG (lattice-oracle[5.5.480~1-09abd]:main():lattice-oracle.cc:332) For utterance F1410317067-81321499_1762962-919636574_1693841893-GB-F-046, best cost 0
Lattice F1410317067-81321499_1762962-919636574_1693841893-GB-F-047 read.
LOG (lattice-oracle[5.5.480~1-09abd]:main():lattice-oracle.cc:318) %WER 4.34783 [ 1 / 23, 0 insertions, 0 deletions, 1 sub ]
LOG (lattice-oracle[5.5.480~1-09abd]:main():lattice-oracle.cc:332) For utterance F1410317067-81321499_1762962-919636574_1693841893-GB-F-047, best cost 1
Lattice F1410317067-81321499_1762962-919636574_1693841893-GB-F-055 read.
LOG (lattice-oracle[5.5.480~1-09abd]:main():lattice-oracle.cc:318) %WER 0 [ 0 / 31, 0 insertions, 0 deletions, 0 sub ]
LOG (lattice-oracle[5.5.480~1-09abd]:main():lattice-oracle.cc:332) For utterance F1410317067-81321499_1762962-919636574_1693841893-GB-F-055, best cost 0
Lattice F1410317067-81321499_1762962-919636574_1693841893-GB-F-059 read.
LOG (lattice-oracle[5.5.480~1-09abd]:main():lattice-oracle.cc:318) %WER 0 [ 0 / 15, 0 insertions, 0 deletions, 0 sub ]
LOG (lattice-oracle[5.5.480~1-09abd]:main():lattice-oracle.cc:332) For utterance F1410317067-81321499_1762962-919636574_1693841893-GB-F-059, best cost 0
Lattice F1410317067-81321499_1762962-919636574_1693841893-GB-F-061 read.
LOG (lattice-oracle[5.5.480~1-09abd]:main():lattice-oracle.cc:318) %WER 0 [ 0 / 7, 0 insertions, 0 deletions, 0 sub ]
LOG (lattice-oracle[5.5.480~1-09abd]:main():lattice-oracle.cc:332) For utterance F1410317067-81321499_1762962-919636574_1693841893-GB-F-061, best cost 0
Lattice F1410317067-81321499_1762962-919636574_1693841893-GB-F-063 read.
LOG (lattice-oracle[5.5.480~1-09abd]:main():lattice-oracle.cc:318) %WER 0 [ 0 / 7, 0 insertions, 0 deletions, 0 sub ]
LOG (lattice-oracle[5.5.480~1-09abd]:main():lattice-oracle.cc:332) For utterance F1410317067-81321499_1762962-919636574_1693841893-GB-F-063, best cost 0
Lattice F1410317067-81321499_1762962-919636574_1693841893-GB-F-067 read.
LOG (lattice-oracle[5.5.480~1-09abd]:main():lattice-oracle.cc:318) %WER 50 [ 2 / 4, 0 insertions, 0 deletions, 2 sub ]
LOG (lattice-oracle[5.5.480~1-09abd]:main():lattice-oracle.cc:332) For utterance F1410317067-81321499_1762962-919636574_1693841893-GB-F-067, best cost 2
Lattice F1410317067-81321499_1762962-919636574_1693841893-GB-F-071 read.
LOG (lattice-oracle[5.5.480~1-09abd]:main():lattice-oracle.cc:318) %WER 0 [ 0 / 21, 0 insertions, 0 deletions, 0 sub ]
LOG (lattice-oracle[5.5.480~1-09abd]:main():lattice-oracle.cc:332) For utterance F1410317067-81321499_1762962-919636574_1693841893-GB-F-071, best cost 0
Lattice F1410317067-81321499_1762962-919636574_1693841893-GB-F-074 read.
LOG (lattice-oracle[5.5.480~1-09abd]:main():lattice-oracle.cc:318) %WER 0 [ 0 / 14, 0 insertions, 0 deletions, 0 sub ]
LOG (lattice-oracle[5.5.480~1-09abd]:main():lattice-oracle.cc:332) For utterance F1410317067-81321499_1762962-919636574_1693841893-GB-F-074, best cost 0
Lattice F1410317067-81321499_1762962-919636574_1693841893-GB-F-076 read.
LOG (lattice-oracle[5.5.480~1-09abd]:main():lattice-oracle.cc:318) %WER 0 [ 0 / 8, 0 insertions, 0 deletions, 0 sub ]
LOG (lattice-oracle[5.5.480~1-09abd]:main():lattice-oracle.cc:332) For utterance F1410317067-81321499_1762962-919636574_1693841893-GB-F-076, best cost 0
Lattice F1410317067-81321499_1762962-919636574_1693841893-GB-F-077 read.
LOG (lattice-oracle[5.5.480~1-09abd]:main():lattice-oracle.cc:318) %WER 0 [ 0 / 21, 0 insertions, 0 deletions, 0 sub ]
LOG (lattice-oracle[5.5.480~1-09abd]:main():lattice-oracle.cc:332) For utterance F1410317067-81321499_1762962-919636574_1693841893-GB-F-077, best cost 0
Lattice F1410317067-81321499_1762962-919636574_1693841893-GB-F-081 read.
LOG (lattice-oracle[5.5.480~1-09abd]:main():lattice-oracle.cc:318) %WER 5.88235 [ 1 / 17, 0 insertions, 1 deletions, 0 sub ]
LOG (lattice-oracle[5.5.480~1-09abd]:main():lattice-oracle.cc:332) For utterance F1410317067-81321499_1762962-919636574_1693841893-GB-F-081, best cost 1
Lattice F1410317067-81321499_1762962-919636574_1693841893-GB-F-083 read.
LOG (lattice-oracle[5.5.480~1-09abd]:main():lattice-oracle.cc:318) %WER 0 [ 0 / 7, 0 insertions, 0 deletions, 0 sub ]
LOG (lattice-oracle[5.5.480~1-09abd]:main():lattice-oracle.cc:332) For utterance F1410317067-81321499_1762962-919636574_1693841893-GB-F-083, best cost 0
Lattice F1410317067-81321499_1762962-919636574_1693841893-GB-F-084 read.
LOG (lattice-oracle[5.5.480~1-09abd]:main():lattice-oracle.cc:318) %WER 0 [ 0 / 7, 0 insertions, 0 deletions, 0 sub ]
LOG (lattice-oracle[5.5.480~1-09abd]:main():lattice-oracle.cc:332) For utterance F1410317067-81321499_1762962-919636574_1693841893-GB-F-084, best cost 0
Lattice F1410317067-81321499_1762962-919636574_1693841893-GB-F-085 read.
LOG (lattice-oracle[5.5.480~1-09abd]:main():lattice-oracle.cc:318) %WER 0 [ 0 / 15, 0 insertions, 0 deletions, 0 sub ]
LOG (lattice-oracle[5.5.480~1-09abd]:main():lattice-oracle.cc:332) For utterance F1410317067-81321499_1762962-919636574_1693841893-GB-F-085, best cost 0
Lattice F1410317067-81321499_1762962-919636574_1693841893-GB-F-087 read.
LOG (lattice-oracle[5.5.480~1-09abd]:main():lattice-oracle.cc:318) %WER 0 [ 0 / 7, 0 insertions, 0 deletions, 0 sub ]
LOG (lattice-oracle[5.5.480~1-09abd]:main():lattice-oracle.cc:332) For utterance F1410317067-81321499_1762962-919636574_1693841893-GB-F-087, best cost 0
Lattice F1410317067-81321499_1762962-919636574_1693841893-GB-F-088 read.
LOG (lattice-oracle[5.5.480~1-09abd]:main():lattice-oracle.cc:318) %WER 0 [ 0 / 7, 0 insertions, 0 deletions, 0 sub ]
LOG (lattice-oracle[5.5.480~1-09abd]:main():lattice-oracle.cc:332) For utterance F1410317067-81321499_1762962-919636574_1693841893-GB-F-088, best cost 0
Lattice F1410415660-3770043_3770043-401669803_1691459275-GB-F-004 read.
LOG (lattice-oracle[5.5.480~1-09abd]:main():lattice-oracle.cc:318) %WER 0 [ 0 / 4, 0 insertions, 0 deletions, 0 sub ]
LOG (lattice-oracle[5.5.480~1-09abd]:main():lattice-oracle.cc:332) For utterance F1410415660-3770043_3770043-401669803_1691459275-GB-F-004, best cost 0
Lattice F1410415660-3770043_3770043-401669803_1691459275-GB-F-005 read.
LOG (lattice-oracle[5.5.480~1-09abd]:main():lattice-oracle.cc:318) %WER 0 [ 0 / 6, 0 insertions, 0 deletions, 0 sub ]
LOG (lattice-oracle[5.5.480~1-09abd]:main():lattice-oracle.cc:332) For utterance F1410415660-3770043_3770043-401669803_1691459275-GB-F-005, best cost 0
Lattice F1410415660-3770043_3770043-401669803_1691459275-GB-F-006 read.
LOG (lattice-oracle[5.5.480~1-09abd]:main():lattice-oracle.cc:318) %WER 0 [ 0 / 10, 0 insertions, 0 deletions, 0 sub ]
LOG (lattice-oracle[5.5.480~1-09abd]:main():lattice-oracle.cc:332) For utterance F1410415660-3770043_3770043-401669803_1691459275-GB-F-006, best cost 0
Lattice F1410415660-3770043_3770043-401669803_1691459275-GB-F-013 read.
LOG (lattice-oracle[5.5.480~1-09abd]:main():lattice-oracle.cc:318) %WER 0 [ 0 / 3, 0 insertions, 0 deletions, 0 sub ]
LOG (lattice-oracle[5.5.480~1-09abd]:main():lattice-oracle.cc:332) For utterance F1410415660-3770043_3770043-401669803_1691459275-GB-F-013, best cost 0
Lattice F1410415660-3770043_3770043-401669803_1691459275-GB-F-014 read.
LOG (lattice-oracle[5.5.480~1-09abd]:main():lattice-oracle.cc:318) %WER 7.69231 [ 1 / 13, 0 insertions, 1 deletions, 0 sub ]
LOG (lattice-oracle[5.5.480~1-09abd]:main():lattice-oracle.cc:332) For utterance F1410415660-3770043_3770043-401669803_1691459275-GB-F-014, best cost 1
Lattice F1410415660-3770043_3770043-401669803_1691459275-GB-F-016 read.
LOG (lattice-oracle[5.5.480~1-09abd]:main():lattice-oracle.cc:318) %WER 0 [ 0 / 5, 0 insertions, 0 deletions, 0 sub ]
LOG (lattice-oracle[5.5.480~1-09abd]:main():lattice-oracle.cc:332) For utterance F1410415660-3770043_3770043-401669803_1691459275-GB-F-016, best cost 0
Lattice F1410415660-3770043_3770043-401669803_1691459275-GB-F-017 read.
LOG (lattice-oracle[5.5.480~1-09abd]:main():lattice-oracle.cc:318) %WER 0 [ 0 / 2, 0 insertions, 0 deletions, 0 sub ]
LOG (lattice-oracle[5.5.480~1-09abd]:main():lattice-oracle.cc:332) For utterance F1410415660-3770043_3770043-401669803_1691459275-GB-F-017, best cost 0
Lattice F1410415660-3770043_3770043-401669803_1691459275-GB-F-021 read.
LOG (lattice-oracle[5.5.480~1-09abd]:main():lattice-oracle.cc:318) %WER 0 [ 0 / 4, 0 insertions, 0 deletions, 0 sub ]
LOG (lattice-oracle[5.5.480~1-09abd]:main():lattice-oracle.cc:332) For utterance F1410415660-3770043_3770043-401669803_1691459275-GB-F-021, best cost 0
Lattice F1410415660-3770043_3770043-401669803_1691459275-GB-F-022 read.
LOG (lattice-oracle[5.5.480~1-09abd]:main():lattice-oracle.cc:318) %WER 0 [ 0 / 4, 0 insertions, 0 deletions, 0 sub ]
LOG (lattice-oracle[5.5.480~1-09abd]:main():lattice-oracle.cc:332) For utterance F1410415660-3770043_3770043-401669803_1691459275-GB-F-022, best cost 0
Lattice F1410415660-3770043_3770043-401669803_1691459275-GB-F-023 read.
LOG (lattice-oracle[5.5.480~1-09abd]:main():lattice-oracle.cc:318) %WER 0 [ 0 / 9, 0 insertions, 0 deletions, 0 sub ]
LOG (lattice-oracle[5.5.480~1-09abd]:main():lattice-oracle.cc:332) For utterance F1410415660-3770043_3770043-401669803_1691459275-GB-F-023, best cost 0
Lattice F1410415660-3770043_3770043-401669803_1691459275-GB-F-024 read.
LOG (lattice-oracle[5.5.480~1-09abd]:main():lattice-oracle.cc:318) %WER 0 [ 0 / 4, 0 insertions, 0 deletions, 0 sub ]
LOG (lattice-oracle[5.5.480~1-09abd]:main():lattice-oracle.cc:332) For utterance F1410415660-3770043_3770043-401669803_1691459275-GB-F-024, best cost 0
Lattice F1410415660-3770043_3770043-401669803_1691459275-GB-F-025 read.
LOG (lattice-oracle[5.5.480~1-09abd]:main():lattice-oracle.cc:318) %WER 0 [ 0 / 6, 0 insertions, 0 deletions, 0 sub ]
LOG (lattice-oracle[5.5.480~1-09abd]:main():lattice-oracle.cc:332) For utterance F1410415660-3770043_3770043-401669803_1691459275-GB-F-025, best cost 0
Lattice F1410415660-3770043_3770043-401669803_1691459275-GB-F-026 read.
LOG (lattice-oracle[5.5.480~1-09abd]:main():lattice-oracle.cc:318) %WER 0 [ 0 / 10, 0 insertions, 0 deletions, 0 sub ]
LOG (lattice-oracle[5.5.480~1-09abd]:main():lattice-oracle.cc:332) For utterance F1410415660-3770043_3770043-401669803_1691459275-GB-F-026, best cost 0
Lattice F1410415660-3770043_3770043-401669803_1691459275-GB-F-027 read.
LOG (lattice-oracle[5.5.480~1-09abd]:main():lattice-oracle.cc:318) %WER 0 [ 0 / 8, 0 insertions, 0 deletions, 0 sub ]
LOG (lattice-oracle[5.5.480~1-09abd]:main():lattice-oracle.cc:332) For utterance F1410415660-3770043_3770043-401669803_1691459275-GB-F-027, best cost 0
Lattice F1410415660-3770043_3770043-401669803_1691459275-GB-F-028 read.
LOG (lattice-oracle[5.5.480~1-09abd]:main():lattice-oracle.cc:318) %WER 0 [ 0 / 8, 0 insertions, 0 deletions, 0 sub ]
LOG (lattice-oracle[5.5.480~1-09abd]:main():lattice-oracle.cc:332) For utterance F1410415660-3770043_3770043-401669803_1691459275-GB-F-028, best cost 0
Lattice F1410415660-3770043_3770043-401669803_1691459275-GB-F-029 read.
LOG (lattice-oracle[5.5.480~1-09abd]:main():lattice-oracle.cc:318) %WER 22.2222 [ 2 / 9, 0 insertions, 1 deletions, 1 sub ]
LOG (lattice-oracle[5.5.480~1-09abd]:main():lattice-oracle.cc:332) For utterance F1410415660-3770043_3770043-401669803_1691459275-GB-F-029, best cost 2
Lattice F1410415660-3770043_3770043-401669803_1691459275-GB-F-030 read.
LOG (lattice-oracle[5.5.480~1-09abd]:main():lattice-oracle.cc:318) %WER 23.5294 [ 4 / 17, 0 insertions, 4 deletions, 0 sub ]
LOG (lattice-oracle[5.5.480~1-09abd]:main():lattice-oracle.cc:332) For utterance F1410415660-3770043_3770043-401669803_1691459275-GB-F-030, best cost 4
Lattice F1410415660-3770043_3770043-401669803_1691459275-GB-F-031 read.
LOG (lattice-oracle[5.5.480~1-09abd]:main():lattice-oracle.cc:318) %WER 0 [ 0 / 9, 0 insertions, 0 deletions, 0 sub ]
LOG (lattice-oracle[5.5.480~1-09abd]:main():lattice-oracle.cc:332) For utterance F1410415660-3770043_3770043-401669803_1691459275-GB-F-031, best cost 0
Lattice F1410415660-3770043_3770043-401669803_1691459275-GB-F-032 read.
LOG (lattice-oracle[5.5.480~1-09abd]:main():lattice-oracle.cc:318) %WER 0 [ 0 / 3, 0 insertions, 0 deletions, 0 sub ]
LOG (lattice-oracle[5.5.480~1-09abd]:main():lattice-oracle.cc:332) For utterance F1410415660-3770043_3770043-401669803_1691459275-GB-F-032, best cost 0
Lattice F1410415660-3770043_3770043-401669803_1691459275-GB-F-033 read.
LOG (lattice-oracle[5.5.480~1-09abd]:main():lattice-oracle.cc:318) %WER 7.14286 [ 1 / 14, 0 insertions, 1 deletions, 0 sub ]
LOG (lattice-oracle[5.5.480~1-09abd]:main():lattice-oracle.cc:332) For utterance F1410415660-3770043_3770043-401669803_1691459275-GB-F-033, best cost 1
Lattice F1410415660-3770043_3770043-401669803_1691459275-GB-F-035 read.
LOG (lattice-oracle[5.5.480~1-09abd]:main():lattice-oracle.cc:318) %WER 0 [ 0 / 5, 0 insertions, 0 deletions, 0 sub ]
LOG (lattice-oracle[5.5.480~1-09abd]:main():lattice-oracle.cc:332) For utterance F1410415660-3770043_3770043-401669803_1691459275-GB-F-035, best cost 0
Lattice F1410415660-3770043_3770043-401669803_1691459275-GB-F-036 read.
LOG (lattice-oracle[5.5.480~1-09abd]:main():lattice-oracle.cc:318) %WER 0 [ 0 / 2, 0 insertions, 0 deletions, 0 sub ]
LOG (lattice-oracle[5.5.480~1-09abd]:main():lattice-oracle.cc:332) For utterance F1410415660-3770043_3770043-401669803_1691459275-GB-F-036, best cost 0
Lattice F1410415660-3770043_3770043-401669803_1691459275-GB-F-040 read.
LOG (lattice-oracle[5.5.480~1-09abd]:main():lattice-oracle.cc:318) %WER 0 [ 0 / 4, 0 insertions, 0 deletions, 0 sub ]
LOG (lattice-oracle[5.5.480~1-09abd]:main():lattice-oracle.cc:332) For utterance F1410415660-3770043_3770043-401669803_1691459275-GB-F-040, best cost 0
Lattice F1410415660-3770043_3770043-401669803_1691459275-GB-F-041 read.
LOG (lattice-oracle[5.5.480~1-09abd]:main():lattice-oracle.cc:318) %WER 0 [ 0 / 4, 0 insertions, 0 deletions, 0 sub ]
LOG (lattice-oracle[5.5.480~1-09abd]:main():lattice-oracle.cc:332) For utterance F1410415660-3770043_3770043-401669803_1691459275-GB-F-041, best cost 0
Lattice F1410415660-3770043_3770043-401669803_1691459275-GB-F-042 read.
LOG (lattice-oracle[5.5.480~1-09abd]:main():lattice-oracle.cc:318) %WER 0 [ 0 / 9, 0 insertions, 0 deletions, 0 sub ]
LOG (lattice-oracle[5.5.480~1-09abd]:main():lattice-oracle.cc:332) For utterance F1410415660-3770043_3770043-401669803_1691459275-GB-F-042, best cost 0
Lattice F1410415660-3770043_3770043-401669803_1691459275-GB-F-043 read.
LOG (lattice-oracle[5.5.480~1-09abd]:main():lattice-oracle.cc:318) %WER 0 [ 0 / 4, 0 insertions, 0 deletions, 0 sub ]
LOG (lattice-oracle[5.5.480~1-09abd]:main():lattice-oracle.cc:332) For utterance F1410415660-3770043_3770043-401669803_1691459275-GB-F-043, best cost 0
Lattice F1410415660-3770043_3770043-401669803_1691459275-GB-F-044 read.
LOG (lattice-oracle[5.5.480~1-09abd]:main():lattice-oracle.cc:318) %WER 0 [ 0 / 16, 0 insertions, 0 deletions, 0 sub ]
LOG (lattice-oracle[5.5.480~1-09abd]:main():lattice-oracle.cc:332) For utterance F1410415660-3770043_3770043-401669803_1691459275-GB-F-044, best cost 0
Lattice F1410415660-3770043_3770043-401669803_1691459275-GB-F-051 read.
LOG (lattice-oracle[5.5.480~1-09abd]:main():lattice-oracle.cc:318) %WER 0 [ 0 / 9, 0 insertions, 0 deletions, 0 sub ]
LOG (lattice-oracle[5.5.480~1-09abd]:main():lattice-oracle.cc:332) For utterance F1410415660-3770043_3770043-401669803_1691459275-GB-F-051, best cost 0
Lattice F1410415660-3770043_3770043-401669803_1691459275-GB-F-053 read.
LOG (lattice-oracle[5.5.480~1-09abd]:main():lattice-oracle.cc:318) %WER 14.2857 [ 2 / 14, 0 insertions, 2 deletions, 0 sub ]
LOG (lattice-oracle[5.5.480~1-09abd]:main():lattice-oracle.cc:332) For utterance F1410415660-3770043_3770043-401669803_1691459275-GB-F-053, best cost 2
Lattice F1410415660-3770043_3770043-401669803_1691459275-GB-F-055 read.
LOG (lattice-oracle[5.5.480~1-09abd]:main():lattice-oracle.cc:318) %WER 0 [ 0 / 4, 0 insertions, 0 deletions, 0 sub ]
LOG (lattice-oracle[5.5.480~1-09abd]:main():lattice-oracle.cc:332) For utterance F1410415660-3770043_3770043-401669803_1691459275-GB-F-055, best cost 0
Lattice F1410415660-3770043_3770043-401669803_1691459275-GB-F-056 read.
LOG (lattice-oracle[5.5.480~1-09abd]:main():lattice-oracle.cc:318) %WER 0 [ 0 / 4, 0 insertions, 0 deletions, 0 sub ]
LOG (lattice-oracle[5.5.480~1-09abd]:main():lattice-oracle.cc:332) For utterance F1410415660-3770043_3770043-401669803_1691459275-GB-F-056, best cost 0
Lattice F1410415660-3770043_3770043-401669803_1691459275-GB-F-057 read.
LOG (lattice-oracle[5.5.480~1-09abd]:main():lattice-oracle.cc:318) %WER 0 [ 0 / 9, 0 insertions, 0 deletions, 0 sub ]
LOG (lattice-oracle[5.5.480~1-09abd]:main():lattice-oracle.cc:332) For utterance F1410415660-3770043_3770043-401669803_1691459275-GB-F-057, best cost 0
Lattice F1410415660-3770043_3770043-401669803_1691459275-GB-F-058 read.
LOG (lattice-oracle[5.5.480~1-09abd]:main():lattice-oracle.cc:318) %WER 0 [ 0 / 20, 0 insertions, 0 deletions, 0 sub ]
LOG (lattice-oracle[5.5.480~1-09abd]:main():lattice-oracle.cc:332) For utterance F1410415660-3770043_3770043-401669803_1691459275-GB-F-058, best cost 0
Lattice F1410415660-3770043_3770043-401669803_1691459275-GB-F-064 read.
LOG (lattice-oracle[5.5.480~1-09abd]:main():lattice-oracle.cc:318) %WER 0 [ 0 / 5, 0 insertions, 0 deletions, 0 sub ]
LOG (lattice-oracle[5.5.480~1-09abd]:main():lattice-oracle.cc:332) For utterance F1410415660-3770043_3770043-401669803_1691459275-GB-F-064, best cost 0
Lattice F1410415660-3770043_3770043-401669803_1691459275-GB-F-067 read.
LOG (lattice-oracle[5.5.480~1-09abd]:main():lattice-oracle.cc:318) %WER 300 [ 3 / 1, 2 insertions, 0 deletions, 1 sub ]
LOG (lattice-oracle[5.5.480~1-09abd]:main():lattice-oracle.cc:332) For utterance F1410415660-3770043_3770043-401669803_1691459275-GB-F-067, best cost 3
Lattice F1410415660-3770043_3770043-401669803_1691459275-GB-F-068 read.
LOG (lattice-oracle[5.5.480~1-09abd]:main():lattice-oracle.cc:318) %WER 55.5556 [ 5 / 9, 0 insertions, 5 deletions, 0 sub ]
LOG (lattice-oracle[5.5.480~1-09abd]:main():lattice-oracle.cc:332) For utterance F1410415660-3770043_3770043-401669803_1691459275-GB-F-068, best cost 5
Lattice F151774050-94791947_136517-1334057910_1686573755-GB-F-001 read.
LOG (lattice-oracle[5.5.480~1-09abd]:main():lattice-oracle.cc:318) %WER 76.9231 [ 10 / 13, 0 insertions, 10 deletions, 0 sub ]
LOG (lattice-oracle[5.5.480~1-09abd]:main():lattice-oracle.cc:332) For utterance F151774050-94791947_136517-1334057910_1686573755-GB-F-001, best cost 10
Lattice F151774050-94791947_136517-1334057910_1686573755-GB-F-003 read.
LOG (lattice-oracle[5.5.480~1-09abd]:main():lattice-oracle.cc:318) %WER 0 [ 0 / 7, 0 insertions, 0 deletions, 0 sub ]
LOG (lattice-oracle[5.5.480~1-09abd]:main():lattice-oracle.cc:332) For utterance F151774050-94791947_136517-1334057910_1686573755-GB-F-003, best cost 0
Lattice F151774050-94791947_136517-1334057910_1686573755-GB-F-005 read.
LOG (lattice-oracle[5.5.480~1-09abd]:main():lattice-oracle.cc:318) %WER 75 [ 6 / 8, 0 insertions, 5 deletions, 1 sub ]
LOG (lattice-oracle[5.5.480~1-09abd]:main():lattice-oracle.cc:332) For utterance F151774050-94791947_136517-1334057910_1686573755-GB-F-005, best cost 6
Lattice F151774050-94791947_136517-1334057910_1686573755-GB-F-007 read.
LOG (lattice-oracle[5.5.480~1-09abd]:main():lattice-oracle.cc:318) %WER 0 [ 0 / 7, 0 insertions, 0 deletions, 0 sub ]
LOG (lattice-oracle[5.5.480~1-09abd]:main():lattice-oracle.cc:332) For utterance F151774050-94791947_136517-1334057910_1686573755-GB-F-007, best cost 0
Lattice F151774050-94791947_136517-1334057910_1686573755-GB-F-008 read.
LOG (lattice-oracle[5.5.480~1-09abd]:main():lattice-oracle.cc:318) %WER 0 [ 0 / 12, 0 insertions, 0 deletions, 0 sub ]
LOG (lattice-oracle[5.5.480~1-09abd]:main():lattice-oracle.cc:332) For utterance F151774050-94791947_136517-1334057910_1686573755-GB-F-008, best cost 0
Lattice F151774050-94791947_136517-1334057910_1686573755-GB-F-011 read.
LOG (lattice-oracle[5.5.480~1-09abd]:main():lattice-oracle.cc:318) %WER 0 [ 0 / 26, 0 insertions, 0 deletions, 0 sub ]
LOG (lattice-oracle[5.5.480~1-09abd]:main():lattice-oracle.cc:332) For utterance F151774050-94791947_136517-1334057910_1686573755-GB-F-011, best cost 0
Lattice F151774050-94791947_136517-1334057910_1686573755-GB-F-015 read.
LOG (lattice-oracle[5.5.480~1-09abd]:main():lattice-oracle.cc:318) %WER 0 [ 0 / 6, 0 insertions, 0 deletions, 0 sub ]
LOG (lattice-oracle[5.5.480~1-09abd]:main():lattice-oracle.cc:332) For utterance F151774050-94791947_136517-1334057910_1686573755-GB-F-015, best cost 0
Lattice F151774050-94791947_136517-1334057910_1686573755-GB-F-016 read.
LOG (lattice-oracle[5.5.480~1-09abd]:main():lattice-oracle.cc:318) %WER 0 [ 0 / 9, 0 insertions, 0 deletions, 0 sub ]
LOG (lattice-oracle[5.5.480~1-09abd]:main():lattice-oracle.cc:332) For utterance F151774050-94791947_136517-1334057910_1686573755-GB-F-016, best cost 0
Lattice F151774050-94791947_136517-1334057910_1686573755-GB-F-019 read.
LOG (lattice-oracle[5.5.480~1-09abd]:main():lattice-oracle.cc:318) %WER 0 [ 0 / 8, 0 insertions, 0 deletions, 0 sub ]
LOG (lattice-oracle[5.5.480~1-09abd]:main():lattice-oracle.cc:332) For utterance F151774050-94791947_136517-1334057910_1686573755-GB-F-019, best cost 0
Lattice F151774050-94791947_136517-1334057910_1686573755-GB-F-020 read.
LOG (lattice-oracle[5.5.480~1-09abd]:main():lattice-oracle.cc:318) %WER 0 [ 0 / 12, 0 insertions, 0 deletions, 0 sub ]
LOG (lattice-oracle[5.5.480~1-09abd]:main():lattice-oracle.cc:332) For utterance F151774050-94791947_136517-1334057910_1686573755-GB-F-020, best cost 0
Lattice F151774050-94791947_136517-1334057910_1686573755-GB-F-022 read.
LOG (lattice-oracle[5.5.480~1-09abd]:main():lattice-oracle.cc:318) %WER 22.2222 [ 2 / 9, 0 insertions, 1 deletions, 1 sub ]
LOG (lattice-oracle[5.5.480~1-09abd]:main():lattice-oracle.cc:332) For utterance F151774050-94791947_136517-1334057910_1686573755-GB-F-022, best cost 2
Lattice F151774050-94791947_136517-1334057910_1686573755-GB-F-023 read.
LOG (lattice-oracle[5.5.480~1-09abd]:main():lattice-oracle.cc:318) %WER 0 [ 0 / 12, 0 insertions, 0 deletions, 0 sub ]
LOG (lattice-oracle[5.5.480~1-09abd]:main():lattice-oracle.cc:332) For utterance F151774050-94791947_136517-1334057910_1686573755-GB-F-023, best cost 0
Lattice F151774050-94791947_136517-1334057910_1686573755-GB-F-026 read.
LOG (lattice-oracle[5.5.480~1-09abd]:main():lattice-oracle.cc:318) %WER 0 [ 0 / 7, 0 insertions, 0 deletions, 0 sub ]
LOG (lattice-oracle[5.5.480~1-09abd]:main():lattice-oracle.cc:332) For utterance F151774050-94791947_136517-1334057910_1686573755-GB-F-026, best cost 0
Lattice F151774050-94791947_136517-1334057910_1686573755-GB-F-027 read.
LOG (lattice-oracle[5.5.480~1-09abd]:main():lattice-oracle.cc:318) %WER 14.2857 [ 2 / 14, 0 insertions, 2 deletions, 0 sub ]
LOG (lattice-oracle[5.5.480~1-09abd]:main():lattice-oracle.cc:332) For utterance F151774050-94791947_136517-1334057910_1686573755-GB-F-027, best cost 2
Lattice F151774050-94791947_136517-1334057910_1686573755-GB-F-030 read.
LOG (lattice-oracle[5.5.480~1-09abd]:main():lattice-oracle.cc:318) %WER 0 [ 0 / 7, 0 insertions, 0 deletions, 0 sub ]
LOG (lattice-oracle[5.5.480~1-09abd]:main():lattice-oracle.cc:332) For utterance F151774050-94791947_136517-1334057910_1686573755-GB-F-030, best cost 0
Lattice F151774050-94791947_136517-1334057910_1686573755-GB-F-031 read.
LOG (lattice-oracle[5.5.480~1-09abd]:main():lattice-oracle.cc:318) %WER 0 [ 0 / 6, 0 insertions, 0 deletions, 0 sub ]
LOG (lattice-oracle[5.5.480~1-09abd]:main():lattice-oracle.cc:332) For utterance F151774050-94791947_136517-1334057910_1686573755-GB-F-031, best cost 0
Lattice F151774050-94791947_136517-1334057910_1686573755-GB-F-032 read.
LOG (lattice-oracle[5.5.480~1-09abd]:main():lattice-oracle.cc:318) %WER 0 [ 0 / 9, 0 insertions, 0 deletions, 0 sub ]
LOG (lattice-oracle[5.5.480~1-09abd]:main():lattice-oracle.cc:332) For utterance F151774050-94791947_136517-1334057910_1686573755-GB-F-032, best cost 0
Lattice F151774050-94791947_136517-1334057910_1686573755-GB-F-033 read.
LOG (lattice-oracle[5.5.480~1-09abd]:main():lattice-oracle.cc:318) %WER 0 [ 0 / 7, 0 insertions, 0 deletions, 0 sub ]
LOG (lattice-oracle[5.5.480~1-09abd]:main():lattice-oracle.cc:332) For utterance F151774050-94791947_136517-1334057910_1686573755-GB-F-033, best cost 0
Lattice F151774050-94791947_136517-1334057910_1686573755-GB-F-034 read.
LOG (lattice-oracle[5.5.480~1-09abd]:main():lattice-oracle.cc:318) %WER 0 [ 0 / 13, 0 insertions, 0 deletions, 0 sub ]
LOG (lattice-oracle[5.5.480~1-09abd]:main():lattice-oracle.cc:332) For utterance F151774050-94791947_136517-1334057910_1686573755-GB-F-034, best cost 0
Lattice F151774050-94791947_136517-1334057910_1686573755-GB-F-037 read.
LOG (lattice-oracle[5.5.480~1-09abd]:main():lattice-oracle.cc:318) %WER 5 [ 1 / 20, 0 insertions, 1 deletions, 0 sub ]
LOG (lattice-oracle[5.5.480~1-09abd]:main():lattice-oracle.cc:332) For utterance F151774050-94791947_136517-1334057910_1686573755-GB-F-037, best cost 1
Lattice F151774050-94791947_136517-1334057910_1686573755-GB-F-040 read.
LOG (lattice-oracle[5.5.480~1-09abd]:main():lattice-oracle.cc:318) %WER 0 [ 0 / 9, 0 insertions, 0 deletions, 0 sub ]
LOG (lattice-oracle[5.5.480~1-09abd]:main():lattice-oracle.cc:332) For utterance F151774050-94791947_136517-1334057910_1686573755-GB-F-040, best cost 0
Lattice F151774050-94791947_136517-1334057910_1686573755-GB-F-041 read.
LOG (lattice-oracle[5.5.480~1-09abd]:main():lattice-oracle.cc:318) %WER 0 [ 0 / 13, 0 insertions, 0 deletions, 0 sub ]
LOG (lattice-oracle[5.5.480~1-09abd]:main():lattice-oracle.cc:332) For utterance F151774050-94791947_136517-1334057910_1686573755-GB-F-041, best cost 0
Lattice F151774050-94791947_136517-1334057910_1686573755-GB-F-043 read.
LOG (lattice-oracle[5.5.480~1-09abd]:main():lattice-oracle.cc:318) %WER 0 [ 0 / 7, 0 insertions, 0 deletions, 0 sub ]
LOG (lattice-oracle[5.5.480~1-09abd]:main():lattice-oracle.cc:332) For utterance F151774050-94791947_136517-1334057910_1686573755-GB-F-043, best cost 0
LOG (lattice-oracle[5.5.480~1-09abd]:main():lattice-oracle.cc:383) Overall %WER 11.985 [ 224 / 1869, 30 insertions, 165 deletions, 29 substitutions ]
LOG (lattice-oracle[5.5.480~1-09abd]:main():lattice-oracle.cc:387) Scored 202 lattices, 0 not present in ref.
# Accounting: time=1 threads=1
# Ended (code 0) at Tue Sep 10 15:04:36 BST 2019, elapsed time 1 seconds
