# lattice-oracle "--write-lattices=ark:|gzip -c > exp/tri3b_cleaned/lattice_oracle/lat.37.gz" "ark:gunzip -c exp/tri3b_cleaned/lats/lat.37.gz |" "ark:utils/sym2int.pl --map-oov 239 -f 2- data/lang/words.txt data/train1/split40/37/text|" ark,t:- | utils/int2sym.pl -f 2- data/lang/words.txt > exp/tri3b_cleaned/lattice_oracle/oracle_hyp.37.txt 
# Started at Tue Sep 10 15:05:03 BST 2019
#
lattice-oracle '--write-lattices=ark:|gzip -c > exp/tri3b_cleaned/lattice_oracle/lat.37.gz' 'ark:gunzip -c exp/tri3b_cleaned/lats/lat.37.gz |' 'ark:utils/sym2int.pl --map-oov 239 -f 2- data/lang/words.txt data/train1/split40/37/text|' ark,t:- 
Lattice M6381048-3769321_3769321-154189390_1633286308-GB-M-001 read.
sym2int.pl: replacing HAAAA with 239
sym2int.pl: replacing PHOTOSHOP with 239
sym2int.pl: replacing PLEEA with 239
sym2int.pl: replacing EHEHSE with 239
sym2int.pl: replacing OHUH with 239
sym2int.pl: replacing OHUHUH with 239
sym2int.pl: replacing VELVE with 239
LOG (lattice-oracle[5.5.480~1-09abd]:main():lattice-oracle.cc:318) %WER 11.1111 [ 1 / 9, 0 insertions, 0 deletions, 1 sub ]
LOG (lattice-oracle[5.5.480~1-09abd]:main():lattice-oracle.cc:332) For utterance M6381048-3769321_3769321-154189390_1633286308-GB-M-001, best cost 1
sym2int.pl: replacing MIDDLEFINGER with 239
sym2int.pl: replacing MIDDLEFINGER with 239
sym2int.pl: replacing MIDDLEFINGER with 239
sym2int.pl: replacing SCULPTOR with 239
** Replaced 11 instances of OOVs with 239
Lattice M6381048-3769321_3769321-154189390_1633286308-GB-M-004 read.
LOG (lattice-oracle[5.5.480~1-09abd]:main():lattice-oracle.cc:318) %WER 25 [ 2 / 8, 0 insertions, 2 deletions, 0 sub ]
LOG (lattice-oracle[5.5.480~1-09abd]:main():lattice-oracle.cc:332) For utterance M6381048-3769321_3769321-154189390_1633286308-GB-M-004, best cost 2
Lattice M6381048-3769321_3769321-154189390_1633286308-GB-M-007 read.
LOG (lattice-oracle[5.5.480~1-09abd]:main():lattice-oracle.cc:318) %WER 0 [ 0 / 17, 0 insertions, 0 deletions, 0 sub ]
LOG (lattice-oracle[5.5.480~1-09abd]:main():lattice-oracle.cc:332) For utterance M6381048-3769321_3769321-154189390_1633286308-GB-M-007, best cost 0
Lattice M6381048-3769321_3769321-154189390_1633286308-GB-M-010 read.
LOG (lattice-oracle[5.5.480~1-09abd]:main():lattice-oracle.cc:318) %WER 0 [ 0 / 34, 0 insertions, 0 deletions, 0 sub ]
LOG (lattice-oracle[5.5.480~1-09abd]:main():lattice-oracle.cc:332) For utterance M6381048-3769321_3769321-154189390_1633286308-GB-M-010, best cost 0
Lattice M6381048-3769321_3769321-154189390_1633286308-GB-M-016 read.
LOG (lattice-oracle[5.5.480~1-09abd]:main():lattice-oracle.cc:318) %WER 0 [ 0 / 5, 0 insertions, 0 deletions, 0 sub ]
LOG (lattice-oracle[5.5.480~1-09abd]:main():lattice-oracle.cc:332) For utterance M6381048-3769321_3769321-154189390_1633286308-GB-M-016, best cost 0
Lattice M6381048-3769321_3769321-154189390_1633286308-GB-M-018 read.
LOG (lattice-oracle[5.5.480~1-09abd]:main():lattice-oracle.cc:318) %WER 0 [ 0 / 15, 0 insertions, 0 deletions, 0 sub ]
LOG (lattice-oracle[5.5.480~1-09abd]:main():lattice-oracle.cc:332) For utterance M6381048-3769321_3769321-154189390_1633286308-GB-M-018, best cost 0
Lattice M6381048-3769321_3769321-154189390_1633286308-GB-M-022 read.
LOG (lattice-oracle[5.5.480~1-09abd]:main():lattice-oracle.cc:318) %WER 0 [ 0 / 5, 0 insertions, 0 deletions, 0 sub ]
LOG (lattice-oracle[5.5.480~1-09abd]:main():lattice-oracle.cc:332) For utterance M6381048-3769321_3769321-154189390_1633286308-GB-M-022, best cost 0
Lattice M6381048-3769321_3769321-154189390_1633286308-GB-M-023 read.
LOG (lattice-oracle[5.5.480~1-09abd]:main():lattice-oracle.cc:318) %WER 0 [ 0 / 6, 0 insertions, 0 deletions, 0 sub ]
LOG (lattice-oracle[5.5.480~1-09abd]:main():lattice-oracle.cc:332) For utterance M6381048-3769321_3769321-154189390_1633286308-GB-M-023, best cost 0
Lattice M6381048-3769321_3769321-154189390_1633286308-GB-M-026 read.
LOG (lattice-oracle[5.5.480~1-09abd]:main():lattice-oracle.cc:318) %WER 0 [ 0 / 4, 0 insertions, 0 deletions, 0 sub ]
LOG (lattice-oracle[5.5.480~1-09abd]:main():lattice-oracle.cc:332) For utterance M6381048-3769321_3769321-154189390_1633286308-GB-M-026, best cost 0
Lattice M6381048-3769321_3769321-154189390_1633286308-GB-M-027 read.
LOG (lattice-oracle[5.5.480~1-09abd]:main():lattice-oracle.cc:318) %WER 5 [ 1 / 20, 0 insertions, 1 deletions, 0 sub ]
LOG (lattice-oracle[5.5.480~1-09abd]:main():lattice-oracle.cc:332) For utterance M6381048-3769321_3769321-154189390_1633286308-GB-M-027, best cost 1
Lattice M6381048-3769321_3769321-154189390_1633286308-GB-M-030 read.
LOG (lattice-oracle[5.5.480~1-09abd]:main():lattice-oracle.cc:318) %WER 0 [ 0 / 24, 0 insertions, 0 deletions, 0 sub ]
LOG (lattice-oracle[5.5.480~1-09abd]:main():lattice-oracle.cc:332) For utterance M6381048-3769321_3769321-154189390_1633286308-GB-M-030, best cost 0
Lattice M6381048-3769321_3769321-154189390_1633286308-GB-M-034 read.
LOG (lattice-oracle[5.5.480~1-09abd]:main():lattice-oracle.cc:318) %WER 7.14286 [ 1 / 14, 1 insertions, 0 deletions, 0 sub ]
LOG (lattice-oracle[5.5.480~1-09abd]:main():lattice-oracle.cc:332) For utterance M6381048-3769321_3769321-154189390_1633286308-GB-M-034, best cost 1
Lattice M6381048-3769321_3769321-154189390_1633286308-GB-M-038 read.
LOG (lattice-oracle[5.5.480~1-09abd]:main():lattice-oracle.cc:318) %WER 9.09091 [ 1 / 11, 0 insertions, 0 deletions, 1 sub ]
LOG (lattice-oracle[5.5.480~1-09abd]:main():lattice-oracle.cc:332) For utterance M6381048-3769321_3769321-154189390_1633286308-GB-M-038, best cost 1
Lattice M6381048-3769321_3769321-154189390_1633286308-GB-M-040 read.
LOG (lattice-oracle[5.5.480~1-09abd]:main():lattice-oracle.cc:318) %WER 0 [ 0 / 6, 0 insertions, 0 deletions, 0 sub ]
LOG (lattice-oracle[5.5.480~1-09abd]:main():lattice-oracle.cc:332) For utterance M6381048-3769321_3769321-154189390_1633286308-GB-M-040, best cost 0
Lattice M6381048-3769321_3769321-154189390_1633286308-GB-M-041 read.
LOG (lattice-oracle[5.5.480~1-09abd]:main():lattice-oracle.cc:318) %WER 0 [ 0 / 10, 0 insertions, 0 deletions, 0 sub ]
LOG (lattice-oracle[5.5.480~1-09abd]:main():lattice-oracle.cc:332) For utterance M6381048-3769321_3769321-154189390_1633286308-GB-M-041, best cost 0
Lattice M6381048-3769321_3769321-154189390_1633286308-GB-M-043 read.
LOG (lattice-oracle[5.5.480~1-09abd]:main():lattice-oracle.cc:318) %WER 100 [ 1 / 1, 1 insertions, 0 deletions, 0 sub ]
LOG (lattice-oracle[5.5.480~1-09abd]:main():lattice-oracle.cc:332) For utterance M6381048-3769321_3769321-154189390_1633286308-GB-M-043, best cost 1
Lattice M6381048-3769321_3769321-154189390_1633286308-GB-M-044 read.
LOG (lattice-oracle[5.5.480~1-09abd]:main():lattice-oracle.cc:318) %WER 11.5385 [ 3 / 26, 0 insertions, 2 deletions, 1 sub ]
LOG (lattice-oracle[5.5.480~1-09abd]:main():lattice-oracle.cc:332) For utterance M6381048-3769321_3769321-154189390_1633286308-GB-M-044, best cost 3
Lattice M6381048-3769321_3769321-154189390_1633286308-GB-M-049 read.
LOG (lattice-oracle[5.5.480~1-09abd]:main():lattice-oracle.cc:318) %WER 0 [ 0 / 2, 0 insertions, 0 deletions, 0 sub ]
LOG (lattice-oracle[5.5.480~1-09abd]:main():lattice-oracle.cc:332) For utterance M6381048-3769321_3769321-154189390_1633286308-GB-M-049, best cost 0
Lattice M6381048-3769321_3769321-154189390_1633286308-GB-M-051 read.
LOG (lattice-oracle[5.5.480~1-09abd]:main():lattice-oracle.cc:318) %WER 0 [ 0 / 3, 0 insertions, 0 deletions, 0 sub ]
LOG (lattice-oracle[5.5.480~1-09abd]:main():lattice-oracle.cc:332) For utterance M6381048-3769321_3769321-154189390_1633286308-GB-M-051, best cost 0
Lattice M6381048-3769321_3769321-154189390_1633286308-GB-M-053 read.
LOG (lattice-oracle[5.5.480~1-09abd]:main():lattice-oracle.cc:318) %WER 0 [ 0 / 8, 0 insertions, 0 deletions, 0 sub ]
LOG (lattice-oracle[5.5.480~1-09abd]:main():lattice-oracle.cc:332) For utterance M6381048-3769321_3769321-154189390_1633286308-GB-M-053, best cost 0
Lattice M6381048-3769321_3769321-154189390_1633286308-GB-M-055 read.
LOG (lattice-oracle[5.5.480~1-09abd]:main():lattice-oracle.cc:318) %WER 0 [ 0 / 5, 0 insertions, 0 deletions, 0 sub ]
LOG (lattice-oracle[5.5.480~1-09abd]:main():lattice-oracle.cc:332) For utterance M6381048-3769321_3769321-154189390_1633286308-GB-M-055, best cost 0
Lattice M6381048-3769321_3769321-154189390_1633286308-GB-M-056 read.
LOG (lattice-oracle[5.5.480~1-09abd]:main():lattice-oracle.cc:318) %WER 0 [ 0 / 3, 0 insertions, 0 deletions, 0 sub ]
LOG (lattice-oracle[5.5.480~1-09abd]:main():lattice-oracle.cc:332) For utterance M6381048-3769321_3769321-154189390_1633286308-GB-M-056, best cost 0
Lattice M6381048-3769321_3769321-154189390_1633286308-GB-M-057 read.
LOG (lattice-oracle[5.5.480~1-09abd]:main():lattice-oracle.cc:318) %WER 0 [ 0 / 3, 0 insertions, 0 deletions, 0 sub ]
LOG (lattice-oracle[5.5.480~1-09abd]:main():lattice-oracle.cc:332) For utterance M6381048-3769321_3769321-154189390_1633286308-GB-M-057, best cost 0
Lattice M6381048-3769321_3769321-154189390_1633286308-GB-M-058 read.
LOG (lattice-oracle[5.5.480~1-09abd]:main():lattice-oracle.cc:318) %WER 0 [ 0 / 7, 0 insertions, 0 deletions, 0 sub ]
LOG (lattice-oracle[5.5.480~1-09abd]:main():lattice-oracle.cc:332) For utterance M6381048-3769321_3769321-154189390_1633286308-GB-M-058, best cost 0
Lattice M6381048-3769321_3769321-154189390_1633286308-GB-M-060 read.
LOG (lattice-oracle[5.5.480~1-09abd]:main():lattice-oracle.cc:318) %WER 12.5 [ 1 / 8, 0 insertions, 1 deletions, 0 sub ]
LOG (lattice-oracle[5.5.480~1-09abd]:main():lattice-oracle.cc:332) For utterance M6381048-3769321_3769321-154189390_1633286308-GB-M-060, best cost 1
Lattice M6381048-3769321_3769321-154189390_1633286308-GB-M-061 read.
LOG (lattice-oracle[5.5.480~1-09abd]:main():lattice-oracle.cc:318) %WER 0 [ 0 / 6, 0 insertions, 0 deletions, 0 sub ]
LOG (lattice-oracle[5.5.480~1-09abd]:main():lattice-oracle.cc:332) For utterance M6381048-3769321_3769321-154189390_1633286308-GB-M-061, best cost 0
Lattice M6381048-3769321_3769321-154189390_1633286308-GB-M-062 read.
LOG (lattice-oracle[5.5.480~1-09abd]:main():lattice-oracle.cc:318) %WER 0 [ 0 / 13, 0 insertions, 0 deletions, 0 sub ]
LOG (lattice-oracle[5.5.480~1-09abd]:main():lattice-oracle.cc:332) For utterance M6381048-3769321_3769321-154189390_1633286308-GB-M-062, best cost 0
Lattice M6381048-3769321_3769321-154189390_1633286308-GB-M-064 read.
LOG (lattice-oracle[5.5.480~1-09abd]:main():lattice-oracle.cc:318) %WER 0 [ 0 / 19, 0 insertions, 0 deletions, 0 sub ]
LOG (lattice-oracle[5.5.480~1-09abd]:main():lattice-oracle.cc:332) For utterance M6381048-3769321_3769321-154189390_1633286308-GB-M-064, best cost 0
Lattice M6381048-3769321_3769321-154189390_1633286308-GB-M-067 read.
LOG (lattice-oracle[5.5.480~1-09abd]:main():lattice-oracle.cc:318) %WER 0 [ 0 / 5, 0 insertions, 0 deletions, 0 sub ]
LOG (lattice-oracle[5.5.480~1-09abd]:main():lattice-oracle.cc:332) For utterance M6381048-3769321_3769321-154189390_1633286308-GB-M-067, best cost 0
Lattice M6381048-3769321_3769321-154189390_1633286308-GB-M-068 read.
LOG (lattice-oracle[5.5.480~1-09abd]:main():lattice-oracle.cc:318) %WER 12.5 [ 1 / 8, 1 insertions, 0 deletions, 0 sub ]
LOG (lattice-oracle[5.5.480~1-09abd]:main():lattice-oracle.cc:332) For utterance M6381048-3769321_3769321-154189390_1633286308-GB-M-068, best cost 1
Lattice M6381048-3769321_3769321-154189390_1633286308-GB-M-070 read.
LOG (lattice-oracle[5.5.480~1-09abd]:main():lattice-oracle.cc:318) %WER 0 [ 0 / 7, 0 insertions, 0 deletions, 0 sub ]
LOG (lattice-oracle[5.5.480~1-09abd]:main():lattice-oracle.cc:332) For utterance M6381048-3769321_3769321-154189390_1633286308-GB-M-070, best cost 0
Lattice M6381048-3769321_3769321-154189390_1633286308-GB-M-071 read.
LOG (lattice-oracle[5.5.480~1-09abd]:main():lattice-oracle.cc:318) %WER 3.84615 [ 1 / 26, 1 insertions, 0 deletions, 0 sub ]
LOG (lattice-oracle[5.5.480~1-09abd]:main():lattice-oracle.cc:332) For utterance M6381048-3769321_3769321-154189390_1633286308-GB-M-071, best cost 1
Lattice M6381048-3769321_3769321-154189390_1633286308-GB-M-076 read.
LOG (lattice-oracle[5.5.480~1-09abd]:main():lattice-oracle.cc:318) %WER 0 [ 0 / 22, 0 insertions, 0 deletions, 0 sub ]
LOG (lattice-oracle[5.5.480~1-09abd]:main():lattice-oracle.cc:332) For utterance M6381048-3769321_3769321-154189390_1633286308-GB-M-076, best cost 0
Lattice M6381048-3769321_3769321-154189390_1633286308-GB-M-082 read.
LOG (lattice-oracle[5.5.480~1-09abd]:main():lattice-oracle.cc:318) %WER 0 [ 0 / 32, 0 insertions, 0 deletions, 0 sub ]
LOG (lattice-oracle[5.5.480~1-09abd]:main():lattice-oracle.cc:332) For utterance M6381048-3769321_3769321-154189390_1633286308-GB-M-082, best cost 0
Lattice M644995110-397162491_2458767-539618902_1554992948-GB-M-005 read.
LOG (lattice-oracle[5.5.480~1-09abd]:main():lattice-oracle.cc:318) %WER 0 [ 0 / 7, 0 insertions, 0 deletions, 0 sub ]
LOG (lattice-oracle[5.5.480~1-09abd]:main():lattice-oracle.cc:332) For utterance M644995110-397162491_2458767-539618902_1554992948-GB-M-005, best cost 0
Lattice M644995110-397162491_2458767-539618902_1554992948-GB-M-006 read.
LOG (lattice-oracle[5.5.480~1-09abd]:main():lattice-oracle.cc:318) %WER 0 [ 0 / 9, 0 insertions, 0 deletions, 0 sub ]
LOG (lattice-oracle[5.5.480~1-09abd]:main():lattice-oracle.cc:332) For utterance M644995110-397162491_2458767-539618902_1554992948-GB-M-006, best cost 0
Lattice M644995110-397162491_2458767-539618902_1554992948-GB-M-007 read.
LOG (lattice-oracle[5.5.480~1-09abd]:main():lattice-oracle.cc:318) %WER 20 [ 1 / 5, 0 insertions, 1 deletions, 0 sub ]
LOG (lattice-oracle[5.5.480~1-09abd]:main():lattice-oracle.cc:332) For utterance M644995110-397162491_2458767-539618902_1554992948-GB-M-007, best cost 1
Lattice M644995110-397162491_2458767-539618902_1554992948-GB-M-009 read.
LOG (lattice-oracle[5.5.480~1-09abd]:main():lattice-oracle.cc:318) %WER 0 [ 0 / 18, 0 insertions, 0 deletions, 0 sub ]
LOG (lattice-oracle[5.5.480~1-09abd]:main():lattice-oracle.cc:332) For utterance M644995110-397162491_2458767-539618902_1554992948-GB-M-009, best cost 0
Lattice M644995110-397162491_2458767-539618902_1554992948-GB-M-014 read.
LOG (lattice-oracle[5.5.480~1-09abd]:main():lattice-oracle.cc:318) %WER 0 [ 0 / 20, 0 insertions, 0 deletions, 0 sub ]
LOG (lattice-oracle[5.5.480~1-09abd]:main():lattice-oracle.cc:332) For utterance M644995110-397162491_2458767-539618902_1554992948-GB-M-014, best cost 0
Lattice M644995110-397162491_2458767-539618902_1554992948-GB-M-017 read.
LOG (lattice-oracle[5.5.480~1-09abd]:main():lattice-oracle.cc:318) %WER 0 [ 0 / 8, 0 insertions, 0 deletions, 0 sub ]
LOG (lattice-oracle[5.5.480~1-09abd]:main():lattice-oracle.cc:332) For utterance M644995110-397162491_2458767-539618902_1554992948-GB-M-017, best cost 0
Lattice M644995110-397162491_2458767-539618902_1554992948-GB-M-020 read.
LOG (lattice-oracle[5.5.480~1-09abd]:main():lattice-oracle.cc:318) %WER 0 [ 0 / 6, 0 insertions, 0 deletions, 0 sub ]
LOG (lattice-oracle[5.5.480~1-09abd]:main():lattice-oracle.cc:332) For utterance M644995110-397162491_2458767-539618902_1554992948-GB-M-020, best cost 0
Lattice M644995110-397162491_2458767-539618902_1554992948-GB-M-021 read.
LOG (lattice-oracle[5.5.480~1-09abd]:main():lattice-oracle.cc:318) %WER 0 [ 0 / 8, 0 insertions, 0 deletions, 0 sub ]
LOG (lattice-oracle[5.5.480~1-09abd]:main():lattice-oracle.cc:332) For utterance M644995110-397162491_2458767-539618902_1554992948-GB-M-021, best cost 0
Lattice M644995110-397162491_2458767-539618902_1554992948-GB-M-025 read.
LOG (lattice-oracle[5.5.480~1-09abd]:main():lattice-oracle.cc:318) %WER 7.69231 [ 1 / 13, 0 insertions, 1 deletions, 0 sub ]
LOG (lattice-oracle[5.5.480~1-09abd]:main():lattice-oracle.cc:332) For utterance M644995110-397162491_2458767-539618902_1554992948-GB-M-025, best cost 1
Lattice M644995110-397162491_2458767-539618902_1554992948-GB-M-030 read.
LOG (lattice-oracle[5.5.480~1-09abd]:main():lattice-oracle.cc:318) %WER 0 [ 0 / 12, 0 insertions, 0 deletions, 0 sub ]
LOG (lattice-oracle[5.5.480~1-09abd]:main():lattice-oracle.cc:332) For utterance M644995110-397162491_2458767-539618902_1554992948-GB-M-030, best cost 0
Lattice M644995110-397162491_2458767-539618902_1554992948-GB-M-033 read.
LOG (lattice-oracle[5.5.480~1-09abd]:main():lattice-oracle.cc:318) %WER 0 [ 0 / 6, 0 insertions, 0 deletions, 0 sub ]
LOG (lattice-oracle[5.5.480~1-09abd]:main():lattice-oracle.cc:332) For utterance M644995110-397162491_2458767-539618902_1554992948-GB-M-033, best cost 0
Lattice M644995110-397162491_2458767-539618902_1554992948-GB-M-036 read.
LOG (lattice-oracle[5.5.480~1-09abd]:main():lattice-oracle.cc:318) %WER 0 [ 0 / 12, 0 insertions, 0 deletions, 0 sub ]
LOG (lattice-oracle[5.5.480~1-09abd]:main():lattice-oracle.cc:332) For utterance M644995110-397162491_2458767-539618902_1554992948-GB-M-036, best cost 0
Lattice M644995110-397162491_2458767-539618902_1554992948-GB-M-038 read.
LOG (lattice-oracle[5.5.480~1-09abd]:main():lattice-oracle.cc:318) %WER 0 [ 0 / 16, 0 insertions, 0 deletions, 0 sub ]
LOG (lattice-oracle[5.5.480~1-09abd]:main():lattice-oracle.cc:332) For utterance M644995110-397162491_2458767-539618902_1554992948-GB-M-038, best cost 0
Lattice M644995110-397162491_2458767-539618902_1554992948-GB-M-045 read.
LOG (lattice-oracle[5.5.480~1-09abd]:main():lattice-oracle.cc:318) %WER 0 [ 0 / 3, 0 insertions, 0 deletions, 0 sub ]
LOG (lattice-oracle[5.5.480~1-09abd]:main():lattice-oracle.cc:332) For utterance M644995110-397162491_2458767-539618902_1554992948-GB-M-045, best cost 0
Lattice M644995110-397162491_2458767-539618902_1554992948-GB-M-046 read.
LOG (lattice-oracle[5.5.480~1-09abd]:main():lattice-oracle.cc:318) %WER 0 [ 0 / 20, 0 insertions, 0 deletions, 0 sub ]
LOG (lattice-oracle[5.5.480~1-09abd]:main():lattice-oracle.cc:332) For utterance M644995110-397162491_2458767-539618902_1554992948-GB-M-046, best cost 0
Lattice M644995110-397162491_2458767-539618902_1554992948-GB-M-050 read.
LOG (lattice-oracle[5.5.480~1-09abd]:main():lattice-oracle.cc:318) %WER 0 [ 0 / 12, 0 insertions, 0 deletions, 0 sub ]
LOG (lattice-oracle[5.5.480~1-09abd]:main():lattice-oracle.cc:332) For utterance M644995110-397162491_2458767-539618902_1554992948-GB-M-050, best cost 0
Lattice M644995110-397162491_2458767-539618902_1554992948-GB-M-054 read.
LOG (lattice-oracle[5.5.480~1-09abd]:main():lattice-oracle.cc:318) %WER 0 [ 0 / 26, 0 insertions, 0 deletions, 0 sub ]
LOG (lattice-oracle[5.5.480~1-09abd]:main():lattice-oracle.cc:332) For utterance M644995110-397162491_2458767-539618902_1554992948-GB-M-054, best cost 0
Lattice M644995110-397162491_2458767-539618902_1554992948-GB-M-059 read.
LOG (lattice-oracle[5.5.480~1-09abd]:main():lattice-oracle.cc:318) %WER 0 [ 0 / 4, 0 insertions, 0 deletions, 0 sub ]
LOG (lattice-oracle[5.5.480~1-09abd]:main():lattice-oracle.cc:332) For utterance M644995110-397162491_2458767-539618902_1554992948-GB-M-059, best cost 0
Lattice M647460183-443522039_236319-1151744438_1353197088-GB-M-004 read.
LOG (lattice-oracle[5.5.480~1-09abd]:main():lattice-oracle.cc:318) %WER 80 [ 4 / 5, 3 insertions, 0 deletions, 1 sub ]
LOG (lattice-oracle[5.5.480~1-09abd]:main():lattice-oracle.cc:332) For utterance M647460183-443522039_236319-1151744438_1353197088-GB-M-004, best cost 4
Lattice M647460183-443522039_236319-1151744438_1353197088-GB-M-008 read.
LOG (lattice-oracle[5.5.480~1-09abd]:main():lattice-oracle.cc:318) %WER 10 [ 2 / 20, 2 insertions, 0 deletions, 0 sub ]
LOG (lattice-oracle[5.5.480~1-09abd]:main():lattice-oracle.cc:332) For utterance M647460183-443522039_236319-1151744438_1353197088-GB-M-008, best cost 2
Lattice M647460183-443522039_236319-1151744438_1353197088-GB-M-014 read.
LOG (lattice-oracle[5.5.480~1-09abd]:main():lattice-oracle.cc:318) %WER 50 [ 3 / 6, 3 insertions, 0 deletions, 0 sub ]
LOG (lattice-oracle[5.5.480~1-09abd]:main():lattice-oracle.cc:332) For utterance M647460183-443522039_236319-1151744438_1353197088-GB-M-014, best cost 3
Lattice M647460183-443522039_236319-1151744438_1353197088-GB-M-018 read.
LOG (lattice-oracle[5.5.480~1-09abd]:main():lattice-oracle.cc:318) %WER 31.25 [ 5 / 16, 0 insertions, 5 deletions, 0 sub ]
LOG (lattice-oracle[5.5.480~1-09abd]:main():lattice-oracle.cc:332) For utterance M647460183-443522039_236319-1151744438_1353197088-GB-M-018, best cost 5
Lattice M647460183-443522039_236319-1151744438_1353197088-GB-M-021 read.
LOG (lattice-oracle[5.5.480~1-09abd]:main():lattice-oracle.cc:318) %WER 17.6471 [ 3 / 17, 1 insertions, 1 deletions, 1 sub ]
LOG (lattice-oracle[5.5.480~1-09abd]:main():lattice-oracle.cc:332) For utterance M647460183-443522039_236319-1151744438_1353197088-GB-M-021, best cost 3
Lattice M647460183-443522039_236319-1151744438_1353197088-GB-M-024 read.
LOG (lattice-oracle[5.5.480~1-09abd]:main():lattice-oracle.cc:318) %WER 0 [ 0 / 1, 0 insertions, 0 deletions, 0 sub ]
LOG (lattice-oracle[5.5.480~1-09abd]:main():lattice-oracle.cc:332) For utterance M647460183-443522039_236319-1151744438_1353197088-GB-M-024, best cost 0
Lattice M647460183-443522039_236319-1151744438_1353197088-GB-M-025 read.
LOG (lattice-oracle[5.5.480~1-09abd]:main():lattice-oracle.cc:318) %WER 100 [ 10 / 10, 8 insertions, 1 deletions, 1 sub ]
LOG (lattice-oracle[5.5.480~1-09abd]:main():lattice-oracle.cc:332) For utterance M647460183-443522039_236319-1151744438_1353197088-GB-M-025, best cost 10
Lattice M647460183-443522039_236319-1151744438_1353197088-GB-M-029 read.
LOG (lattice-oracle[5.5.480~1-09abd]:main():lattice-oracle.cc:318) %WER 36.8421 [ 7 / 19, 0 insertions, 7 deletions, 0 sub ]
LOG (lattice-oracle[5.5.480~1-09abd]:main():lattice-oracle.cc:332) For utterance M647460183-443522039_236319-1151744438_1353197088-GB-M-029, best cost 7
Lattice M647460183-443522039_236319-1151744438_1353197088-GB-M-033 read.
LOG (lattice-oracle[5.5.480~1-09abd]:main():lattice-oracle.cc:318) %WER 23.8095 [ 5 / 21, 0 insertions, 5 deletions, 0 sub ]
LOG (lattice-oracle[5.5.480~1-09abd]:main():lattice-oracle.cc:332) For utterance M647460183-443522039_236319-1151744438_1353197088-GB-M-033, best cost 5
Lattice M647460183-443522039_236319-1151744438_1353197088-GB-M-039 read.
LOG (lattice-oracle[5.5.480~1-09abd]:main():lattice-oracle.cc:318) %WER 48 [ 12 / 25, 0 insertions, 11 deletions, 1 sub ]
LOG (lattice-oracle[5.5.480~1-09abd]:main():lattice-oracle.cc:332) For utterance M647460183-443522039_236319-1151744438_1353197088-GB-M-039, best cost 12
Lattice M647460183-443522039_236319-1151744438_1353197088-GB-M-044 read.
LOG (lattice-oracle[5.5.480~1-09abd]:main():lattice-oracle.cc:318) %WER 0 [ 0 / 10, 0 insertions, 0 deletions, 0 sub ]
LOG (lattice-oracle[5.5.480~1-09abd]:main():lattice-oracle.cc:332) For utterance M647460183-443522039_236319-1151744438_1353197088-GB-M-044, best cost 0
Lattice M647460183-443522039_236319-1151744438_1353197088-GB-M-046 read.
LOG (lattice-oracle[5.5.480~1-09abd]:main():lattice-oracle.cc:318) %WER 7.69231 [ 2 / 26, 0 insertions, 1 deletions, 1 sub ]
LOG (lattice-oracle[5.5.480~1-09abd]:main():lattice-oracle.cc:332) For utterance M647460183-443522039_236319-1151744438_1353197088-GB-M-046, best cost 2
Lattice M647460183-443522039_236319-1151744438_1353197088-GB-M-050 read.
LOG (lattice-oracle[5.5.480~1-09abd]:main():lattice-oracle.cc:318) %WER 0 [ 0 / 1, 0 insertions, 0 deletions, 0 sub ]
LOG (lattice-oracle[5.5.480~1-09abd]:main():lattice-oracle.cc:332) For utterance M647460183-443522039_236319-1151744438_1353197088-GB-M-050, best cost 0
Lattice M647460183-443522039_236319-1151744438_1353197088-GB-M-052 read.
LOG (lattice-oracle[5.5.480~1-09abd]:main():lattice-oracle.cc:318) %WER 0 [ 0 / 19, 0 insertions, 0 deletions, 0 sub ]
LOG (lattice-oracle[5.5.480~1-09abd]:main():lattice-oracle.cc:332) For utterance M647460183-443522039_236319-1151744438_1353197088-GB-M-052, best cost 0
Lattice M647460183-443522039_236319-1151744438_1353197088-GB-M-055 read.
LOG (lattice-oracle[5.5.480~1-09abd]:main():lattice-oracle.cc:318) %WER 0 [ 0 / 1, 0 insertions, 0 deletions, 0 sub ]
LOG (lattice-oracle[5.5.480~1-09abd]:main():lattice-oracle.cc:332) For utterance M647460183-443522039_236319-1151744438_1353197088-GB-M-055, best cost 0
Lattice M647460183-443522039_236319-1151744438_1353197088-GB-M-056 read.
LOG (lattice-oracle[5.5.480~1-09abd]:main():lattice-oracle.cc:318) %WER 0 [ 0 / 1, 0 insertions, 0 deletions, 0 sub ]
LOG (lattice-oracle[5.5.480~1-09abd]:main():lattice-oracle.cc:332) For utterance M647460183-443522039_236319-1151744438_1353197088-GB-M-056, best cost 0
Lattice M704245428-94791947_136517-98916748_1401570198-GB-M-001 read.
LOG (lattice-oracle[5.5.480~1-09abd]:main():lattice-oracle.cc:318) %WER 5 [ 1 / 20, 0 insertions, 1 deletions, 0 sub ]
LOG (lattice-oracle[5.5.480~1-09abd]:main():lattice-oracle.cc:332) For utterance M704245428-94791947_136517-98916748_1401570198-GB-M-001, best cost 1
Lattice M704245428-94791947_136517-98916748_1401570198-GB-M-004 read.
LOG (lattice-oracle[5.5.480~1-09abd]:main():lattice-oracle.cc:318) %WER 0 [ 0 / 14, 0 insertions, 0 deletions, 0 sub ]
LOG (lattice-oracle[5.5.480~1-09abd]:main():lattice-oracle.cc:332) For utterance M704245428-94791947_136517-98916748_1401570198-GB-M-004, best cost 0
Lattice M704245428-94791947_136517-98916748_1401570198-GB-M-007 read.
LOG (lattice-oracle[5.5.480~1-09abd]:main():lattice-oracle.cc:318) %WER 0 [ 0 / 7, 0 insertions, 0 deletions, 0 sub ]
LOG (lattice-oracle[5.5.480~1-09abd]:main():lattice-oracle.cc:332) For utterance M704245428-94791947_136517-98916748_1401570198-GB-M-007, best cost 0
Lattice M704245428-94791947_136517-98916748_1401570198-GB-M-011 read.
LOG (lattice-oracle[5.5.480~1-09abd]:main():lattice-oracle.cc:318) %WER 0 [ 0 / 7, 0 insertions, 0 deletions, 0 sub ]
LOG (lattice-oracle[5.5.480~1-09abd]:main():lattice-oracle.cc:332) For utterance M704245428-94791947_136517-98916748_1401570198-GB-M-011, best cost 0
Lattice M704245428-94791947_136517-98916748_1401570198-GB-M-020 read.
LOG (lattice-oracle[5.5.480~1-09abd]:main():lattice-oracle.cc:318) %WER 0 [ 0 / 12, 0 insertions, 0 deletions, 0 sub ]
LOG (lattice-oracle[5.5.480~1-09abd]:main():lattice-oracle.cc:332) For utterance M704245428-94791947_136517-98916748_1401570198-GB-M-020, best cost 0
Lattice M704245428-94791947_136517-98916748_1401570198-GB-M-022 read.
LOG (lattice-oracle[5.5.480~1-09abd]:main():lattice-oracle.cc:318) %WER 0 [ 0 / 9, 0 insertions, 0 deletions, 0 sub ]
LOG (lattice-oracle[5.5.480~1-09abd]:main():lattice-oracle.cc:332) For utterance M704245428-94791947_136517-98916748_1401570198-GB-M-022, best cost 0
Lattice M704245428-94791947_136517-98916748_1401570198-GB-M-026 read.
LOG (lattice-oracle[5.5.480~1-09abd]:main():lattice-oracle.cc:318) %WER 14.2857 [ 1 / 7, 0 insertions, 1 deletions, 0 sub ]
LOG (lattice-oracle[5.5.480~1-09abd]:main():lattice-oracle.cc:332) For utterance M704245428-94791947_136517-98916748_1401570198-GB-M-026, best cost 1
Lattice M704245428-94791947_136517-98916748_1401570198-GB-M-030 read.
LOG (lattice-oracle[5.5.480~1-09abd]:main():lattice-oracle.cc:318) %WER 0 [ 0 / 7, 0 insertions, 0 deletions, 0 sub ]
LOG (lattice-oracle[5.5.480~1-09abd]:main():lattice-oracle.cc:332) For utterance M704245428-94791947_136517-98916748_1401570198-GB-M-030, best cost 0
Lattice M704245428-94791947_136517-98916748_1401570198-GB-M-031 read.
LOG (lattice-oracle[5.5.480~1-09abd]:main():lattice-oracle.cc:318) %WER 0 [ 0 / 22, 0 insertions, 0 deletions, 0 sub ]
LOG (lattice-oracle[5.5.480~1-09abd]:main():lattice-oracle.cc:332) For utterance M704245428-94791947_136517-98916748_1401570198-GB-M-031, best cost 0
Lattice M704245428-94791947_136517-98916748_1401570198-GB-M-034 read.
LOG (lattice-oracle[5.5.480~1-09abd]:main():lattice-oracle.cc:318) %WER 0 [ 0 / 20, 0 insertions, 0 deletions, 0 sub ]
LOG (lattice-oracle[5.5.480~1-09abd]:main():lattice-oracle.cc:332) For utterance M704245428-94791947_136517-98916748_1401570198-GB-M-034, best cost 0
Lattice M704245428-94791947_136517-98916748_1401570198-GB-M-041 read.
LOG (lattice-oracle[5.5.480~1-09abd]:main():lattice-oracle.cc:318) %WER 0 [ 0 / 13, 0 insertions, 0 deletions, 0 sub ]
LOG (lattice-oracle[5.5.480~1-09abd]:main():lattice-oracle.cc:332) For utterance M704245428-94791947_136517-98916748_1401570198-GB-M-041, best cost 0
Lattice M704245428-94791947_136517-98916748_1401570198-GB-M-043 read.
LOG (lattice-oracle[5.5.480~1-09abd]:main():lattice-oracle.cc:318) %WER 0 [ 0 / 7, 0 insertions, 0 deletions, 0 sub ]
LOG (lattice-oracle[5.5.480~1-09abd]:main():lattice-oracle.cc:332) For utterance M704245428-94791947_136517-98916748_1401570198-GB-M-043, best cost 0
Lattice M70737217-212843431_131545-70735951_1638306676-GB-M-002 read.
LOG (lattice-oracle[5.5.480~1-09abd]:main():lattice-oracle.cc:318) %WER 12.5 [ 1 / 8, 0 insertions, 1 deletions, 0 sub ]
LOG (lattice-oracle[5.5.480~1-09abd]:main():lattice-oracle.cc:332) For utterance M70737217-212843431_131545-70735951_1638306676-GB-M-002, best cost 1
Lattice M70737217-212843431_131545-70735951_1638306676-GB-M-003 read.
LOG (lattice-oracle[5.5.480~1-09abd]:main():lattice-oracle.cc:318) %WER 33.3333 [ 2 / 6, 0 insertions, 2 deletions, 0 sub ]
LOG (lattice-oracle[5.5.480~1-09abd]:main():lattice-oracle.cc:332) For utterance M70737217-212843431_131545-70735951_1638306676-GB-M-003, best cost 2
Lattice M70737217-212843431_131545-70735951_1638306676-GB-M-004 read.
LOG (lattice-oracle[5.5.480~1-09abd]:main():lattice-oracle.cc:318) %WER 0 [ 0 / 7, 0 insertions, 0 deletions, 0 sub ]
LOG (lattice-oracle[5.5.480~1-09abd]:main():lattice-oracle.cc:332) For utterance M70737217-212843431_131545-70735951_1638306676-GB-M-004, best cost 0
Lattice M70737217-212843431_131545-70735951_1638306676-GB-M-007 read.
LOG (lattice-oracle[5.5.480~1-09abd]:main():lattice-oracle.cc:318) %WER 12.5 [ 1 / 8, 0 insertions, 1 deletions, 0 sub ]
LOG (lattice-oracle[5.5.480~1-09abd]:main():lattice-oracle.cc:332) For utterance M70737217-212843431_131545-70735951_1638306676-GB-M-007, best cost 1
Lattice M70737217-212843431_131545-70735951_1638306676-GB-M-008 read.
LOG (lattice-oracle[5.5.480~1-09abd]:main():lattice-oracle.cc:318) %WER 22.2222 [ 2 / 9, 0 insertions, 2 deletions, 0 sub ]
LOG (lattice-oracle[5.5.480~1-09abd]:main():lattice-oracle.cc:332) For utterance M70737217-212843431_131545-70735951_1638306676-GB-M-008, best cost 2
Lattice M70737217-212843431_131545-70735951_1638306676-GB-M-010 read.
LOG (lattice-oracle[5.5.480~1-09abd]:main():lattice-oracle.cc:318) %WER 20 [ 1 / 5, 0 insertions, 1 deletions, 0 sub ]
LOG (lattice-oracle[5.5.480~1-09abd]:main():lattice-oracle.cc:332) For utterance M70737217-212843431_131545-70735951_1638306676-GB-M-010, best cost 1
Lattice M70737217-212843431_131545-70735951_1638306676-GB-M-011 read.
LOG (lattice-oracle[5.5.480~1-09abd]:main():lattice-oracle.cc:318) %WER 66.6667 [ 8 / 12, 0 insertions, 7 deletions, 1 sub ]
LOG (lattice-oracle[5.5.480~1-09abd]:main():lattice-oracle.cc:332) For utterance M70737217-212843431_131545-70735951_1638306676-GB-M-011, best cost 8
Lattice M70737217-212843431_131545-70735951_1638306676-GB-M-013 read.
LOG (lattice-oracle[5.5.480~1-09abd]:main():lattice-oracle.cc:318) %WER 33.3333 [ 1 / 3, 0 insertions, 1 deletions, 0 sub ]
LOG (lattice-oracle[5.5.480~1-09abd]:main():lattice-oracle.cc:332) For utterance M70737217-212843431_131545-70735951_1638306676-GB-M-013, best cost 1
Lattice M70737217-212843431_131545-70735951_1638306676-GB-M-016 read.
LOG (lattice-oracle[5.5.480~1-09abd]:main():lattice-oracle.cc:318) %WER 0 [ 0 / 3, 0 insertions, 0 deletions, 0 sub ]
LOG (lattice-oracle[5.5.480~1-09abd]:main():lattice-oracle.cc:332) For utterance M70737217-212843431_131545-70735951_1638306676-GB-M-016, best cost 0
Lattice M70737217-212843431_131545-70735951_1638306676-GB-M-018 read.
LOG (lattice-oracle[5.5.480~1-09abd]:main():lattice-oracle.cc:318) %WER 25 [ 2 / 8, 0 insertions, 2 deletions, 0 sub ]
LOG (lattice-oracle[5.5.480~1-09abd]:main():lattice-oracle.cc:332) For utterance M70737217-212843431_131545-70735951_1638306676-GB-M-018, best cost 2
Lattice M70737217-212843431_131545-70735951_1638306676-GB-M-019 read.
LOG (lattice-oracle[5.5.480~1-09abd]:main():lattice-oracle.cc:318) %WER 0 [ 0 / 5, 0 insertions, 0 deletions, 0 sub ]
LOG (lattice-oracle[5.5.480~1-09abd]:main():lattice-oracle.cc:332) For utterance M70737217-212843431_131545-70735951_1638306676-GB-M-019, best cost 0
Lattice M70737217-212843431_131545-70735951_1638306676-GB-M-020 read.
LOG (lattice-oracle[5.5.480~1-09abd]:main():lattice-oracle.cc:318) %WER 0 [ 0 / 5, 0 insertions, 0 deletions, 0 sub ]
LOG (lattice-oracle[5.5.480~1-09abd]:main():lattice-oracle.cc:332) For utterance M70737217-212843431_131545-70735951_1638306676-GB-M-020, best cost 0
Lattice M70737217-212843431_131545-70735951_1638306676-GB-M-021 read.
LOG (lattice-oracle[5.5.480~1-09abd]:main():lattice-oracle.cc:318) %WER 54.5455 [ 6 / 11, 0 insertions, 6 deletions, 0 sub ]
LOG (lattice-oracle[5.5.480~1-09abd]:main():lattice-oracle.cc:332) For utterance M70737217-212843431_131545-70735951_1638306676-GB-M-021, best cost 6
Lattice M70737217-212843431_131545-70735951_1638306676-GB-M-024 read.
LOG (lattice-oracle[5.5.480~1-09abd]:main():lattice-oracle.cc:318) %WER 0 [ 0 / 9, 0 insertions, 0 deletions, 0 sub ]
LOG (lattice-oracle[5.5.480~1-09abd]:main():lattice-oracle.cc:332) For utterance M70737217-212843431_131545-70735951_1638306676-GB-M-024, best cost 0
Lattice M70737217-212843431_131545-70735951_1638306676-GB-M-026 read.
LOG (lattice-oracle[5.5.480~1-09abd]:main():lattice-oracle.cc:318) %WER 0 [ 0 / 5, 0 insertions, 0 deletions, 0 sub ]
LOG (lattice-oracle[5.5.480~1-09abd]:main():lattice-oracle.cc:332) For utterance M70737217-212843431_131545-70735951_1638306676-GB-M-026, best cost 0
Lattice M70737217-212843431_131545-70735951_1638306676-GB-M-027 read.
LOG (lattice-oracle[5.5.480~1-09abd]:main():lattice-oracle.cc:318) %WER 0 [ 0 / 12, 0 insertions, 0 deletions, 0 sub ]
LOG (lattice-oracle[5.5.480~1-09abd]:main():lattice-oracle.cc:332) For utterance M70737217-212843431_131545-70735951_1638306676-GB-M-027, best cost 0
Lattice M70737217-212843431_131545-70735951_1638306676-GB-M-029 read.
LOG (lattice-oracle[5.5.480~1-09abd]:main():lattice-oracle.cc:318) %WER 0 [ 0 / 3, 0 insertions, 0 deletions, 0 sub ]
LOG (lattice-oracle[5.5.480~1-09abd]:main():lattice-oracle.cc:332) For utterance M70737217-212843431_131545-70735951_1638306676-GB-M-029, best cost 0
Lattice M70737217-212843431_131545-70735951_1638306676-GB-M-030 read.
LOG (lattice-oracle[5.5.480~1-09abd]:main():lattice-oracle.cc:318) %WER 36.3636 [ 4 / 11, 0 insertions, 4 deletions, 0 sub ]
LOG (lattice-oracle[5.5.480~1-09abd]:main():lattice-oracle.cc:332) For utterance M70737217-212843431_131545-70735951_1638306676-GB-M-030, best cost 4
Lattice M70737217-212843431_131545-70735951_1638306676-GB-M-032 read.
LOG (lattice-oracle[5.5.480~1-09abd]:main():lattice-oracle.cc:318) %WER 0 [ 0 / 6, 0 insertions, 0 deletions, 0 sub ]
LOG (lattice-oracle[5.5.480~1-09abd]:main():lattice-oracle.cc:332) For utterance M70737217-212843431_131545-70735951_1638306676-GB-M-032, best cost 0
Lattice M70737217-212843431_131545-70735951_1638306676-GB-M-035 read.
LOG (lattice-oracle[5.5.480~1-09abd]:main():lattice-oracle.cc:318) %WER 30 [ 3 / 10, 0 insertions, 1 deletions, 2 sub ]
LOG (lattice-oracle[5.5.480~1-09abd]:main():lattice-oracle.cc:332) For utterance M70737217-212843431_131545-70735951_1638306676-GB-M-035, best cost 3
Lattice M70737217-212843431_131545-70735951_1638306676-GB-M-038 read.
LOG (lattice-oracle[5.5.480~1-09abd]:main():lattice-oracle.cc:318) %WER 20 [ 1 / 5, 0 insertions, 0 deletions, 1 sub ]
LOG (lattice-oracle[5.5.480~1-09abd]:main():lattice-oracle.cc:332) For utterance M70737217-212843431_131545-70735951_1638306676-GB-M-038, best cost 1
Lattice M70737217-212843431_131545-70735951_1638306676-GB-M-039 read.
LOG (lattice-oracle[5.5.480~1-09abd]:main():lattice-oracle.cc:318) %WER 0 [ 0 / 8, 0 insertions, 0 deletions, 0 sub ]
LOG (lattice-oracle[5.5.480~1-09abd]:main():lattice-oracle.cc:332) For utterance M70737217-212843431_131545-70735951_1638306676-GB-M-039, best cost 0
Lattice M70737217-212843431_131545-70735951_1638306676-GB-M-040 read.
LOG (lattice-oracle[5.5.480~1-09abd]:main():lattice-oracle.cc:318) %WER 0 [ 0 / 3, 0 insertions, 0 deletions, 0 sub ]
LOG (lattice-oracle[5.5.480~1-09abd]:main():lattice-oracle.cc:332) For utterance M70737217-212843431_131545-70735951_1638306676-GB-M-040, best cost 0
Lattice M70737217-212843431_131545-70735951_1638306676-GB-M-042 read.
LOG (lattice-oracle[5.5.480~1-09abd]:main():lattice-oracle.cc:318) %WER 0 [ 0 / 3, 0 insertions, 0 deletions, 0 sub ]
LOG (lattice-oracle[5.5.480~1-09abd]:main():lattice-oracle.cc:332) For utterance M70737217-212843431_131545-70735951_1638306676-GB-M-042, best cost 0
Lattice M70737217-212843431_131545-70735951_1638306676-GB-M-043 read.
LOG (lattice-oracle[5.5.480~1-09abd]:main():lattice-oracle.cc:318) %WER 9.09091 [ 1 / 11, 0 insertions, 1 deletions, 0 sub ]
LOG (lattice-oracle[5.5.480~1-09abd]:main():lattice-oracle.cc:332) For utterance M70737217-212843431_131545-70735951_1638306676-GB-M-043, best cost 1
Lattice M70737217-212843431_131545-70735951_1638306676-GB-M-045 read.
LOG (lattice-oracle[5.5.480~1-09abd]:main():lattice-oracle.cc:318) %WER 9.09091 [ 1 / 11, 0 insertions, 1 deletions, 0 sub ]
LOG (lattice-oracle[5.5.480~1-09abd]:main():lattice-oracle.cc:332) For utterance M70737217-212843431_131545-70735951_1638306676-GB-M-045, best cost 1
Lattice M70737217-212843431_131545-70735951_1638306676-GB-M-047 read.
LOG (lattice-oracle[5.5.480~1-09abd]:main():lattice-oracle.cc:318) %WER 0 [ 0 / 3, 0 insertions, 0 deletions, 0 sub ]
LOG (lattice-oracle[5.5.480~1-09abd]:main():lattice-oracle.cc:332) For utterance M70737217-212843431_131545-70735951_1638306676-GB-M-047, best cost 0
Lattice M71252152-3769479_3769479-392939107_1556105538-GB-M-004 read.
LOG (lattice-oracle[5.5.480~1-09abd]:main():lattice-oracle.cc:318) %WER 0 [ 0 / 5, 0 insertions, 0 deletions, 0 sub ]
LOG (lattice-oracle[5.5.480~1-09abd]:main():lattice-oracle.cc:332) For utterance M71252152-3769479_3769479-392939107_1556105538-GB-M-004, best cost 0
Lattice M71252152-3769479_3769479-392939107_1556105538-GB-M-006 read.
LOG (lattice-oracle[5.5.480~1-09abd]:main():lattice-oracle.cc:318) %WER 85.7143 [ 6 / 7, 0 insertions, 6 deletions, 0 sub ]
LOG (lattice-oracle[5.5.480~1-09abd]:main():lattice-oracle.cc:332) For utterance M71252152-3769479_3769479-392939107_1556105538-GB-M-006, best cost 6
Lattice M71252152-3769479_3769479-392939107_1556105538-GB-M-010 read.
LOG (lattice-oracle[5.5.480~1-09abd]:main():lattice-oracle.cc:318) %WER 0 [ 0 / 5, 0 insertions, 0 deletions, 0 sub ]
LOG (lattice-oracle[5.5.480~1-09abd]:main():lattice-oracle.cc:332) For utterance M71252152-3769479_3769479-392939107_1556105538-GB-M-010, best cost 0
Lattice M71252152-3769479_3769479-392939107_1556105538-GB-M-011 read.
LOG (lattice-oracle[5.5.480~1-09abd]:main():lattice-oracle.cc:318) %WER 0 [ 0 / 3, 0 insertions, 0 deletions, 0 sub ]
LOG (lattice-oracle[5.5.480~1-09abd]:main():lattice-oracle.cc:332) For utterance M71252152-3769479_3769479-392939107_1556105538-GB-M-011, best cost 0
Lattice M71252152-3769479_3769479-392939107_1556105538-GB-M-019 read.
LOG (lattice-oracle[5.5.480~1-09abd]:main():lattice-oracle.cc:318) %WER 0 [ 0 / 4, 0 insertions, 0 deletions, 0 sub ]
LOG (lattice-oracle[5.5.480~1-09abd]:main():lattice-oracle.cc:332) For utterance M71252152-3769479_3769479-392939107_1556105538-GB-M-019, best cost 0
Lattice M71252152-3769479_3769479-392939107_1556105538-GB-M-020 read.
LOG (lattice-oracle[5.5.480~1-09abd]:main():lattice-oracle.cc:318) %WER 66.6667 [ 2 / 3, 2 insertions, 0 deletions, 0 sub ]
LOG (lattice-oracle[5.5.480~1-09abd]:main():lattice-oracle.cc:332) For utterance M71252152-3769479_3769479-392939107_1556105538-GB-M-020, best cost 2
Lattice M719657100-154113139_107467-439601256_1617009966-GB-M-001 read.
LOG (lattice-oracle[5.5.480~1-09abd]:main():lattice-oracle.cc:318) %WER 36.3636 [ 8 / 22, 4 insertions, 0 deletions, 4 sub ]
LOG (lattice-oracle[5.5.480~1-09abd]:main():lattice-oracle.cc:332) For utterance M719657100-154113139_107467-439601256_1617009966-GB-M-001, best cost 8
Lattice M719657100-154113139_107467-439601256_1617009966-GB-M-005 read.
LOG (lattice-oracle[5.5.480~1-09abd]:main():lattice-oracle.cc:318) %WER 23.5294 [ 4 / 17, 1 insertions, 2 deletions, 1 sub ]
LOG (lattice-oracle[5.5.480~1-09abd]:main():lattice-oracle.cc:332) For utterance M719657100-154113139_107467-439601256_1617009966-GB-M-005, best cost 4
Lattice M719657100-154113139_107467-439601256_1617009966-GB-M-012 read.
LOG (lattice-oracle[5.5.480~1-09abd]:main():lattice-oracle.cc:318) %WER 0 [ 0 / 37, 0 insertions, 0 deletions, 0 sub ]
LOG (lattice-oracle[5.5.480~1-09abd]:main():lattice-oracle.cc:332) For utterance M719657100-154113139_107467-439601256_1617009966-GB-M-012, best cost 0
Lattice M719657100-154113139_107467-439601256_1617009966-GB-M-020 read.
LOG (lattice-oracle[5.5.480~1-09abd]:main():lattice-oracle.cc:318) %WER 16.6667 [ 5 / 30, 3 insertions, 1 deletions, 1 sub ]
LOG (lattice-oracle[5.5.480~1-09abd]:main():lattice-oracle.cc:332) For utterance M719657100-154113139_107467-439601256_1617009966-GB-M-020, best cost 5
Lattice M719657100-154113139_107467-439601256_1617009966-GB-M-025 read.
LOG (lattice-oracle[5.5.480~1-09abd]:main():lattice-oracle.cc:318) %WER 50 [ 5 / 10, 1 insertions, 3 deletions, 1 sub ]
LOG (lattice-oracle[5.5.480~1-09abd]:main():lattice-oracle.cc:332) For utterance M719657100-154113139_107467-439601256_1617009966-GB-M-025, best cost 5
Lattice M719657100-154113139_107467-439601256_1617009966-GB-M-034 read.
LOG (lattice-oracle[5.5.480~1-09abd]:main():lattice-oracle.cc:318) %WER 13.3333 [ 2 / 15, 0 insertions, 2 deletions, 0 sub ]
LOG (lattice-oracle[5.5.480~1-09abd]:main():lattice-oracle.cc:332) For utterance M719657100-154113139_107467-439601256_1617009966-GB-M-034, best cost 2
Lattice M719657100-154113139_107467-439601256_1617009966-GB-M-037 read.
LOG (lattice-oracle[5.5.480~1-09abd]:main():lattice-oracle.cc:318) %WER 9.09091 [ 2 / 22, 2 insertions, 0 deletions, 0 sub ]
LOG (lattice-oracle[5.5.480~1-09abd]:main():lattice-oracle.cc:332) For utterance M719657100-154113139_107467-439601256_1617009966-GB-M-037, best cost 2
Lattice M719657100-154113139_107467-439601256_1617009966-GB-M-042 read.
LOG (lattice-oracle[5.5.480~1-09abd]:main():lattice-oracle.cc:318) %WER 0 [ 0 / 21, 0 insertions, 0 deletions, 0 sub ]
LOG (lattice-oracle[5.5.480~1-09abd]:main():lattice-oracle.cc:332) For utterance M719657100-154113139_107467-439601256_1617009966-GB-M-042, best cost 0
Lattice M719657100-154113139_107467-439601256_1617009966-GB-M-045 read.
LOG (lattice-oracle[5.5.480~1-09abd]:main():lattice-oracle.cc:318) %WER 46.6667 [ 7 / 15, 1 insertions, 6 deletions, 0 sub ]
LOG (lattice-oracle[5.5.480~1-09abd]:main():lattice-oracle.cc:332) For utterance M719657100-154113139_107467-439601256_1617009966-GB-M-045, best cost 7
Lattice M719657100-154113139_107467-439601256_1617009966-GB-M-049 read.
LOG (lattice-oracle[5.5.480~1-09abd]:main():lattice-oracle.cc:318) %WER 29.4118 [ 5 / 17, 0 insertions, 5 deletions, 0 sub ]
LOG (lattice-oracle[5.5.480~1-09abd]:main():lattice-oracle.cc:332) For utterance M719657100-154113139_107467-439601256_1617009966-GB-M-049, best cost 5
Lattice M719657100-154113139_107467-439601256_1617009966-GB-M-055 read.
LOG (lattice-oracle[5.5.480~1-09abd]:main():lattice-oracle.cc:318) %WER 0 [ 0 / 15, 0 insertions, 0 deletions, 0 sub ]
LOG (lattice-oracle[5.5.480~1-09abd]:main():lattice-oracle.cc:332) For utterance M719657100-154113139_107467-439601256_1617009966-GB-M-055, best cost 0
Lattice M719657100-154113139_107467-439601256_1617009966-GB-M-057 read.
LOG (lattice-oracle[5.5.480~1-09abd]:main():lattice-oracle.cc:318) %WER 20 [ 1 / 5, 0 insertions, 1 deletions, 0 sub ]
LOG (lattice-oracle[5.5.480~1-09abd]:main():lattice-oracle.cc:332) For utterance M719657100-154113139_107467-439601256_1617009966-GB-M-057, best cost 1
Lattice M719657100-154113139_107467-439601256_1617009966-GB-M-059 read.
LOG (lattice-oracle[5.5.480~1-09abd]:main():lattice-oracle.cc:318) %WER 20 [ 1 / 5, 0 insertions, 1 deletions, 0 sub ]
LOG (lattice-oracle[5.5.480~1-09abd]:main():lattice-oracle.cc:332) For utterance M719657100-154113139_107467-439601256_1617009966-GB-M-059, best cost 1
Lattice M719657100-154113139_107467-439601256_1617009966-GB-M-061 read.
LOG (lattice-oracle[5.5.480~1-09abd]:main():lattice-oracle.cc:318) %WER 26.9231 [ 7 / 26, 0 insertions, 7 deletions, 0 sub ]
LOG (lattice-oracle[5.5.480~1-09abd]:main():lattice-oracle.cc:332) For utterance M719657100-154113139_107467-439601256_1617009966-GB-M-061, best cost 7
Lattice M719657100-154113139_107467-439601256_1617009966-GB-M-065 read.
LOG (lattice-oracle[5.5.480~1-09abd]:main():lattice-oracle.cc:318) %WER 11.1111 [ 1 / 9, 0 insertions, 1 deletions, 0 sub ]
LOG (lattice-oracle[5.5.480~1-09abd]:main():lattice-oracle.cc:332) For utterance M719657100-154113139_107467-439601256_1617009966-GB-M-065, best cost 1
Lattice M719657100-154113139_107467-439601256_1617009966-GB-M-067 read.
LOG (lattice-oracle[5.5.480~1-09abd]:main():lattice-oracle.cc:318) %WER 10 [ 1 / 10, 0 insertions, 1 deletions, 0 sub ]
LOG (lattice-oracle[5.5.480~1-09abd]:main():lattice-oracle.cc:332) For utterance M719657100-154113139_107467-439601256_1617009966-GB-M-067, best cost 1
Lattice M719657100-336596538_72020-719651155_1654570275-GB-M-005 read.
LOG (lattice-oracle[5.5.480~1-09abd]:main():lattice-oracle.cc:318) %WER 0 [ 0 / 7, 0 insertions, 0 deletions, 0 sub ]
LOG (lattice-oracle[5.5.480~1-09abd]:main():lattice-oracle.cc:332) For utterance M719657100-336596538_72020-719651155_1654570275-GB-M-005, best cost 0
Lattice M719657100-336596538_72020-719651155_1654570275-GB-M-007 read.
LOG (lattice-oracle[5.5.480~1-09abd]:main():lattice-oracle.cc:318) %WER 0 [ 0 / 9, 0 insertions, 0 deletions, 0 sub ]
LOG (lattice-oracle[5.5.480~1-09abd]:main():lattice-oracle.cc:332) For utterance M719657100-336596538_72020-719651155_1654570275-GB-M-007, best cost 0
Lattice M719657100-336596538_72020-719651155_1654570275-GB-M-010 read.
LOG (lattice-oracle[5.5.480~1-09abd]:main():lattice-oracle.cc:318) %WER 60 [ 3 / 5, 0 insertions, 3 deletions, 0 sub ]
LOG (lattice-oracle[5.5.480~1-09abd]:main():lattice-oracle.cc:332) For utterance M719657100-336596538_72020-719651155_1654570275-GB-M-010, best cost 3
Lattice M719657100-336596538_72020-719651155_1654570275-GB-M-011 read.
LOG (lattice-oracle[5.5.480~1-09abd]:main():lattice-oracle.cc:318) %WER 0 [ 0 / 3, 0 insertions, 0 deletions, 0 sub ]
LOG (lattice-oracle[5.5.480~1-09abd]:main():lattice-oracle.cc:332) For utterance M719657100-336596538_72020-719651155_1654570275-GB-M-011, best cost 0
Lattice M719657100-336596538_72020-719651155_1654570275-GB-M-013 read.
LOG (lattice-oracle[5.5.480~1-09abd]:main():lattice-oracle.cc:318) %WER 0 [ 0 / 5, 0 insertions, 0 deletions, 0 sub ]
LOG (lattice-oracle[5.5.480~1-09abd]:main():lattice-oracle.cc:332) For utterance M719657100-336596538_72020-719651155_1654570275-GB-M-013, best cost 0
Lattice M719657100-336596538_72020-719651155_1654570275-GB-M-014 read.
LOG (lattice-oracle[5.5.480~1-09abd]:main():lattice-oracle.cc:318) %WER 85.7143 [ 6 / 7, 0 insertions, 5 deletions, 1 sub ]
LOG (lattice-oracle[5.5.480~1-09abd]:main():lattice-oracle.cc:332) For utterance M719657100-336596538_72020-719651155_1654570275-GB-M-014, best cost 6
Lattice M719657100-336596538_72020-719651155_1654570275-GB-M-017 read.
LOG (lattice-oracle[5.5.480~1-09abd]:main():lattice-oracle.cc:318) %WER 66.6667 [ 6 / 9, 0 insertions, 6 deletions, 0 sub ]
LOG (lattice-oracle[5.5.480~1-09abd]:main():lattice-oracle.cc:332) For utterance M719657100-336596538_72020-719651155_1654570275-GB-M-017, best cost 6
Lattice M719657100-336596538_72020-719651155_1654570275-GB-M-021 read.
LOG (lattice-oracle[5.5.480~1-09abd]:main():lattice-oracle.cc:318) %WER 0 [ 0 / 8, 0 insertions, 0 deletions, 0 sub ]
LOG (lattice-oracle[5.5.480~1-09abd]:main():lattice-oracle.cc:332) For utterance M719657100-336596538_72020-719651155_1654570275-GB-M-021, best cost 0
Lattice M719657100-336596538_72020-719651155_1654570275-GB-M-023 read.
LOG (lattice-oracle[5.5.480~1-09abd]:main():lattice-oracle.cc:318) %WER 0 [ 0 / 2, 0 insertions, 0 deletions, 0 sub ]
LOG (lattice-oracle[5.5.480~1-09abd]:main():lattice-oracle.cc:332) For utterance M719657100-336596538_72020-719651155_1654570275-GB-M-023, best cost 0
Lattice M719657100-336596538_72020-719651155_1654570275-GB-M-024 read.
LOG (lattice-oracle[5.5.480~1-09abd]:main():lattice-oracle.cc:318) %WER 0 [ 0 / 5, 0 insertions, 0 deletions, 0 sub ]
LOG (lattice-oracle[5.5.480~1-09abd]:main():lattice-oracle.cc:332) For utterance M719657100-336596538_72020-719651155_1654570275-GB-M-024, best cost 0
Lattice M719657100-336596538_72020-719651155_1654570275-GB-M-029 read.
LOG (lattice-oracle[5.5.480~1-09abd]:main():lattice-oracle.cc:318) %WER 0 [ 0 / 4, 0 insertions, 0 deletions, 0 sub ]
LOG (lattice-oracle[5.5.480~1-09abd]:main():lattice-oracle.cc:332) For utterance M719657100-336596538_72020-719651155_1654570275-GB-M-029, best cost 0
Lattice M719657100-336596538_72020-719651155_1654570275-GB-M-030 read.
LOG (lattice-oracle[5.5.480~1-09abd]:main():lattice-oracle.cc:318) %WER 0 [ 0 / 8, 0 insertions, 0 deletions, 0 sub ]
LOG (lattice-oracle[5.5.480~1-09abd]:main():lattice-oracle.cc:332) For utterance M719657100-336596538_72020-719651155_1654570275-GB-M-030, best cost 0
Lattice M719657100-336596538_72020-719651155_1654570275-GB-M-031 read.
LOG (lattice-oracle[5.5.480~1-09abd]:main():lattice-oracle.cc:318) %WER 0 [ 0 / 3, 0 insertions, 0 deletions, 0 sub ]
LOG (lattice-oracle[5.5.480~1-09abd]:main():lattice-oracle.cc:332) For utterance M719657100-336596538_72020-719651155_1654570275-GB-M-031, best cost 0
Lattice M719657100-336596538_72020-719651155_1654570275-GB-M-033 read.
LOG (lattice-oracle[5.5.480~1-09abd]:main():lattice-oracle.cc:318) %WER 20 [ 1 / 5, 0 insertions, 1 deletions, 0 sub ]
LOG (lattice-oracle[5.5.480~1-09abd]:main():lattice-oracle.cc:332) For utterance M719657100-336596538_72020-719651155_1654570275-GB-M-033, best cost 1
Lattice M719657100-336596538_72020-719651155_1654570275-GB-M-035 read.
LOG (lattice-oracle[5.5.480~1-09abd]:main():lattice-oracle.cc:318) %WER 14.2857 [ 1 / 7, 0 insertions, 1 deletions, 0 sub ]
LOG (lattice-oracle[5.5.480~1-09abd]:main():lattice-oracle.cc:332) For utterance M719657100-336596538_72020-719651155_1654570275-GB-M-035, best cost 1
Lattice M719657100-336596538_72020-719651155_1654570275-GB-M-040 read.
LOG (lattice-oracle[5.5.480~1-09abd]:main():lattice-oracle.cc:318) %WER 33.3333 [ 2 / 6, 0 insertions, 0 deletions, 2 sub ]
LOG (lattice-oracle[5.5.480~1-09abd]:main():lattice-oracle.cc:332) For utterance M719657100-336596538_72020-719651155_1654570275-GB-M-040, best cost 2
Lattice M719657100-336596538_72020-719651155_1654570275-GB-M-041 read.
LOG (lattice-oracle[5.5.480~1-09abd]:main():lattice-oracle.cc:318) %WER 7.69231 [ 1 / 13, 0 insertions, 0 deletions, 1 sub ]
LOG (lattice-oracle[5.5.480~1-09abd]:main():lattice-oracle.cc:332) For utterance M719657100-336596538_72020-719651155_1654570275-GB-M-041, best cost 1
Lattice M719657100-336596538_72020-719651155_1654570275-GB-M-046 read.
LOG (lattice-oracle[5.5.480~1-09abd]:main():lattice-oracle.cc:318) %WER 0 [ 0 / 6, 0 insertions, 0 deletions, 0 sub ]
LOG (lattice-oracle[5.5.480~1-09abd]:main():lattice-oracle.cc:332) For utterance M719657100-336596538_72020-719651155_1654570275-GB-M-046, best cost 0
Lattice M719657100-336596538_72020-719651155_1654570275-GB-M-048 read.
LOG (lattice-oracle[5.5.480~1-09abd]:main():lattice-oracle.cc:318) %WER 42.8571 [ 3 / 7, 0 insertions, 3 deletions, 0 sub ]
LOG (lattice-oracle[5.5.480~1-09abd]:main():lattice-oracle.cc:332) For utterance M719657100-336596538_72020-719651155_1654570275-GB-M-048, best cost 3
Lattice M719657100-336596538_72020-719651155_1654570275-GB-M-053 read.
LOG (lattice-oracle[5.5.480~1-09abd]:main():lattice-oracle.cc:318) %WER 0 [ 0 / 5, 0 insertions, 0 deletions, 0 sub ]
LOG (lattice-oracle[5.5.480~1-09abd]:main():lattice-oracle.cc:332) For utterance M719657100-336596538_72020-719651155_1654570275-GB-M-053, best cost 0
Lattice M719657100-336596538_72020-719651155_1654570275-GB-M-055 read.
LOG (lattice-oracle[5.5.480~1-09abd]:main():lattice-oracle.cc:318) %WER 14.2857 [ 1 / 7, 0 insertions, 1 deletions, 0 sub ]
LOG (lattice-oracle[5.5.480~1-09abd]:main():lattice-oracle.cc:332) For utterance M719657100-336596538_72020-719651155_1654570275-GB-M-055, best cost 1
Lattice M719657100-336596538_72020-719651155_1654570275-GB-M-057 read.
LOG (lattice-oracle[5.5.480~1-09abd]:main():lattice-oracle.cc:318) %WER 0 [ 0 / 9, 0 insertions, 0 deletions, 0 sub ]
LOG (lattice-oracle[5.5.480~1-09abd]:main():lattice-oracle.cc:332) For utterance M719657100-336596538_72020-719651155_1654570275-GB-M-057, best cost 0
Lattice M719657100-336596538_72020-719651155_1654570275-GB-M-059 read.
LOG (lattice-oracle[5.5.480~1-09abd]:main():lattice-oracle.cc:318) %WER 0 [ 0 / 5, 0 insertions, 0 deletions, 0 sub ]
LOG (lattice-oracle[5.5.480~1-09abd]:main():lattice-oracle.cc:332) For utterance M719657100-336596538_72020-719651155_1654570275-GB-M-059, best cost 0
Lattice M719657100-336596538_72020-719651155_1654570275-GB-M-061 read.
LOG (lattice-oracle[5.5.480~1-09abd]:main():lattice-oracle.cc:318) %WER 0 [ 0 / 3, 0 insertions, 0 deletions, 0 sub ]
LOG (lattice-oracle[5.5.480~1-09abd]:main():lattice-oracle.cc:332) For utterance M719657100-336596538_72020-719651155_1654570275-GB-M-061, best cost 0
Lattice M719657100-336596538_72020-719651155_1654570275-GB-M-063 read.
LOG (lattice-oracle[5.5.480~1-09abd]:main():lattice-oracle.cc:318) %WER 0 [ 0 / 3, 0 insertions, 0 deletions, 0 sub ]
LOG (lattice-oracle[5.5.480~1-09abd]:main():lattice-oracle.cc:332) For utterance M719657100-336596538_72020-719651155_1654570275-GB-M-063, best cost 0
Lattice M719657100-569227749_2510169-719651155_1539418164-GB-M-001 read.
LOG (lattice-oracle[5.5.480~1-09abd]:main():lattice-oracle.cc:318) %WER 33.3333 [ 2 / 6, 1 insertions, 0 deletions, 1 sub ]
LOG (lattice-oracle[5.5.480~1-09abd]:main():lattice-oracle.cc:332) For utterance M719657100-569227749_2510169-719651155_1539418164-GB-M-001, best cost 2
Lattice M719657100-569227749_2510169-719651155_1539418164-GB-M-002 read.
LOG (lattice-oracle[5.5.480~1-09abd]:main():lattice-oracle.cc:318) %WER 0 [ 0 / 5, 0 insertions, 0 deletions, 0 sub ]
LOG (lattice-oracle[5.5.480~1-09abd]:main():lattice-oracle.cc:332) For utterance M719657100-569227749_2510169-719651155_1539418164-GB-M-002, best cost 0
Lattice M719657100-569227749_2510169-719651155_1539418164-GB-M-003 read.
LOG (lattice-oracle[5.5.480~1-09abd]:main():lattice-oracle.cc:318) %WER 0 [ 0 / 4, 0 insertions, 0 deletions, 0 sub ]
LOG (lattice-oracle[5.5.480~1-09abd]:main():lattice-oracle.cc:332) For utterance M719657100-569227749_2510169-719651155_1539418164-GB-M-003, best cost 0
Lattice M719657100-569227749_2510169-719651155_1539418164-GB-M-004 read.
LOG (lattice-oracle[5.5.480~1-09abd]:main():lattice-oracle.cc:318) %WER 0 [ 0 / 5, 0 insertions, 0 deletions, 0 sub ]
LOG (lattice-oracle[5.5.480~1-09abd]:main():lattice-oracle.cc:332) For utterance M719657100-569227749_2510169-719651155_1539418164-GB-M-004, best cost 0
Lattice M719657100-569227749_2510169-719651155_1539418164-GB-M-005 read.
LOG (lattice-oracle[5.5.480~1-09abd]:main():lattice-oracle.cc:318) %WER 0 [ 0 / 3, 0 insertions, 0 deletions, 0 sub ]
LOG (lattice-oracle[5.5.480~1-09abd]:main():lattice-oracle.cc:332) For utterance M719657100-569227749_2510169-719651155_1539418164-GB-M-005, best cost 0
Lattice M719657100-569227749_2510169-719651155_1539418164-GB-M-006 read.
LOG (lattice-oracle[5.5.480~1-09abd]:main():lattice-oracle.cc:318) %WER 0 [ 0 / 6, 0 insertions, 0 deletions, 0 sub ]
LOG (lattice-oracle[5.5.480~1-09abd]:main():lattice-oracle.cc:332) For utterance M719657100-569227749_2510169-719651155_1539418164-GB-M-006, best cost 0
Lattice M719657100-569227749_2510169-719651155_1539418164-GB-M-007 read.
LOG (lattice-oracle[5.5.480~1-09abd]:main():lattice-oracle.cc:318) %WER 7.14286 [ 2 / 28, 0 insertions, 1 deletions, 1 sub ]
LOG (lattice-oracle[5.5.480~1-09abd]:main():lattice-oracle.cc:332) For utterance M719657100-569227749_2510169-719651155_1539418164-GB-M-007, best cost 2
Lattice M719657100-569227749_2510169-719651155_1539418164-GB-M-012 read.
LOG (lattice-oracle[5.5.480~1-09abd]:main():lattice-oracle.cc:318) %WER 10.5263 [ 2 / 19, 1 insertions, 0 deletions, 1 sub ]
LOG (lattice-oracle[5.5.480~1-09abd]:main():lattice-oracle.cc:332) For utterance M719657100-569227749_2510169-719651155_1539418164-GB-M-012, best cost 2
Lattice M719657100-569227749_2510169-719651155_1539418164-GB-M-016 read.
LOG (lattice-oracle[5.5.480~1-09abd]:main():lattice-oracle.cc:318) %WER 0 [ 0 / 11, 0 insertions, 0 deletions, 0 sub ]
LOG (lattice-oracle[5.5.480~1-09abd]:main():lattice-oracle.cc:332) For utterance M719657100-569227749_2510169-719651155_1539418164-GB-M-016, best cost 0
Lattice M719657100-569227749_2510169-719651155_1539418164-GB-M-018 read.
LOG (lattice-oracle[5.5.480~1-09abd]:main():lattice-oracle.cc:318) %WER 0 [ 0 / 17, 0 insertions, 0 deletions, 0 sub ]
LOG (lattice-oracle[5.5.480~1-09abd]:main():lattice-oracle.cc:332) For utterance M719657100-569227749_2510169-719651155_1539418164-GB-M-018, best cost 0
Lattice M719657100-569227749_2510169-719651155_1539418164-GB-M-021 read.
LOG (lattice-oracle[5.5.480~1-09abd]:main():lattice-oracle.cc:318) %WER 14.2857 [ 2 / 14, 0 insertions, 1 deletions, 1 sub ]
LOG (lattice-oracle[5.5.480~1-09abd]:main():lattice-oracle.cc:332) For utterance M719657100-569227749_2510169-719651155_1539418164-GB-M-021, best cost 2
Lattice M719657100-569227749_2510169-719651155_1539418164-GB-M-025 read.
LOG (lattice-oracle[5.5.480~1-09abd]:main():lattice-oracle.cc:318) %WER 0 [ 0 / 5, 0 insertions, 0 deletions, 0 sub ]
LOG (lattice-oracle[5.5.480~1-09abd]:main():lattice-oracle.cc:332) For utterance M719657100-569227749_2510169-719651155_1539418164-GB-M-025, best cost 0
Lattice M719657100-569227749_2510169-719651155_1539418164-GB-M-026 read.
LOG (lattice-oracle[5.5.480~1-09abd]:main():lattice-oracle.cc:318) %WER 0 [ 0 / 5, 0 insertions, 0 deletions, 0 sub ]
LOG (lattice-oracle[5.5.480~1-09abd]:main():lattice-oracle.cc:332) For utterance M719657100-569227749_2510169-719651155_1539418164-GB-M-026, best cost 0
Lattice M719657100-569227749_2510169-719651155_1539418164-GB-M-027 read.
LOG (lattice-oracle[5.5.480~1-09abd]:main():lattice-oracle.cc:318) %WER 0 [ 0 / 6, 0 insertions, 0 deletions, 0 sub ]
LOG (lattice-oracle[5.5.480~1-09abd]:main():lattice-oracle.cc:332) For utterance M719657100-569227749_2510169-719651155_1539418164-GB-M-027, best cost 0
Lattice M719657100-569227749_2510169-719651155_1539418164-GB-M-028 read.
LOG (lattice-oracle[5.5.480~1-09abd]:main():lattice-oracle.cc:318) %WER 16.6667 [ 1 / 6, 1 insertions, 0 deletions, 0 sub ]
LOG (lattice-oracle[5.5.480~1-09abd]:main():lattice-oracle.cc:332) For utterance M719657100-569227749_2510169-719651155_1539418164-GB-M-028, best cost 1
Lattice M719657100-569227749_2510169-719651155_1539418164-GB-M-029 read.
LOG (lattice-oracle[5.5.480~1-09abd]:main():lattice-oracle.cc:318) %WER 0 [ 0 / 4, 0 insertions, 0 deletions, 0 sub ]
LOG (lattice-oracle[5.5.480~1-09abd]:main():lattice-oracle.cc:332) For utterance M719657100-569227749_2510169-719651155_1539418164-GB-M-029, best cost 0
Lattice M719657100-569227749_2510169-719651155_1539418164-GB-M-030 read.
LOG (lattice-oracle[5.5.480~1-09abd]:main():lattice-oracle.cc:318) %WER 0 [ 0 / 7, 0 insertions, 0 deletions, 0 sub ]
LOG (lattice-oracle[5.5.480~1-09abd]:main():lattice-oracle.cc:332) For utterance M719657100-569227749_2510169-719651155_1539418164-GB-M-030, best cost 0
Lattice M719657100-569227749_2510169-719651155_1539418164-GB-M-032 read.
LOG (lattice-oracle[5.5.480~1-09abd]:main():lattice-oracle.cc:318) %WER 16.6667 [ 1 / 6, 0 insertions, 0 deletions, 1 sub ]
LOG (lattice-oracle[5.5.480~1-09abd]:main():lattice-oracle.cc:332) For utterance M719657100-569227749_2510169-719651155_1539418164-GB-M-032, best cost 1
Lattice M719657100-569227749_2510169-719651155_1539418164-GB-M-033 read.
LOG (lattice-oracle[5.5.480~1-09abd]:main():lattice-oracle.cc:318) %WER 0 [ 0 / 20, 0 insertions, 0 deletions, 0 sub ]
LOG (lattice-oracle[5.5.480~1-09abd]:main():lattice-oracle.cc:332) For utterance M719657100-569227749_2510169-719651155_1539418164-GB-M-033, best cost 0
Lattice M719657100-569227749_2510169-719651155_1539418164-GB-M-036 read.
LOG (lattice-oracle[5.5.480~1-09abd]:main():lattice-oracle.cc:318) %WER 0 [ 0 / 19, 0 insertions, 0 deletions, 0 sub ]
LOG (lattice-oracle[5.5.480~1-09abd]:main():lattice-oracle.cc:332) For utterance M719657100-569227749_2510169-719651155_1539418164-GB-M-036, best cost 0
Lattice M719657100-569227749_2510169-719651155_1539418164-GB-M-040 read.
LOG (lattice-oracle[5.5.480~1-09abd]:main():lattice-oracle.cc:318) %WER 0 [ 0 / 6, 0 insertions, 0 deletions, 0 sub ]
LOG (lattice-oracle[5.5.480~1-09abd]:main():lattice-oracle.cc:332) For utterance M719657100-569227749_2510169-719651155_1539418164-GB-M-040, best cost 0
Lattice M719657100-569227749_2510169-719651155_1539418164-GB-M-041 read.
LOG (lattice-oracle[5.5.480~1-09abd]:main():lattice-oracle.cc:318) %WER 0 [ 0 / 5, 0 insertions, 0 deletions, 0 sub ]
LOG (lattice-oracle[5.5.480~1-09abd]:main():lattice-oracle.cc:332) For utterance M719657100-569227749_2510169-719651155_1539418164-GB-M-041, best cost 0
Lattice M719657100-569227749_2510169-719651155_1539418164-GB-M-042 read.
LOG (lattice-oracle[5.5.480~1-09abd]:main():lattice-oracle.cc:318) %WER 0 [ 0 / 4, 0 insertions, 0 deletions, 0 sub ]
LOG (lattice-oracle[5.5.480~1-09abd]:main():lattice-oracle.cc:332) For utterance M719657100-569227749_2510169-719651155_1539418164-GB-M-042, best cost 0
Lattice M719657100-569227749_2510169-719651155_1539418164-GB-M-043 read.
LOG (lattice-oracle[5.5.480~1-09abd]:main():lattice-oracle.cc:318) %WER 0 [ 0 / 30, 0 insertions, 0 deletions, 0 sub ]
LOG (lattice-oracle[5.5.480~1-09abd]:main():lattice-oracle.cc:332) For utterance M719657100-569227749_2510169-719651155_1539418164-GB-M-043, best cost 0
Lattice M719657100-569227749_2510169-719651155_1539418164-GB-M-050 read.
LOG (lattice-oracle[5.5.480~1-09abd]:main():lattice-oracle.cc:318) %WER 0 [ 0 / 5, 0 insertions, 0 deletions, 0 sub ]
LOG (lattice-oracle[5.5.480~1-09abd]:main():lattice-oracle.cc:332) For utterance M719657100-569227749_2510169-719651155_1539418164-GB-M-050, best cost 0
Lattice M719657100-569227749_2510169-719651155_1539418164-GB-M-051 read.
LOG (lattice-oracle[5.5.480~1-09abd]:main():lattice-oracle.cc:318) %WER 0 [ 0 / 17, 0 insertions, 0 deletions, 0 sub ]
LOG (lattice-oracle[5.5.480~1-09abd]:main():lattice-oracle.cc:332) For utterance M719657100-569227749_2510169-719651155_1539418164-GB-M-051, best cost 0
Lattice M719657100-569227749_2510169-719651155_1539418164-GB-M-054 read.
LOG (lattice-oracle[5.5.480~1-09abd]:main():lattice-oracle.cc:318) %WER 16.6667 [ 3 / 18, 2 insertions, 0 deletions, 1 sub ]
LOG (lattice-oracle[5.5.480~1-09abd]:main():lattice-oracle.cc:332) For utterance M719657100-569227749_2510169-719651155_1539418164-GB-M-054, best cost 3
Lattice M719657100-569227749_2510169-719651155_1539418164-GB-M-057 read.
LOG (lattice-oracle[5.5.480~1-09abd]:main():lattice-oracle.cc:318) %WER 0 [ 0 / 4, 0 insertions, 0 deletions, 0 sub ]
LOG (lattice-oracle[5.5.480~1-09abd]:main():lattice-oracle.cc:332) For utterance M719657100-569227749_2510169-719651155_1539418164-GB-M-057, best cost 0
Lattice M72789914-119790220_263436-648623760_1575491015-GB-M-001 read.
LOG (lattice-oracle[5.5.480~1-09abd]:main():lattice-oracle.cc:318) %WER 0 [ 0 / 8, 0 insertions, 0 deletions, 0 sub ]
LOG (lattice-oracle[5.5.480~1-09abd]:main():lattice-oracle.cc:332) For utterance M72789914-119790220_263436-648623760_1575491015-GB-M-001, best cost 0
Lattice M72789914-119790220_263436-648623760_1575491015-GB-M-002 read.
LOG (lattice-oracle[5.5.480~1-09abd]:main():lattice-oracle.cc:318) %WER 0 [ 0 / 5, 0 insertions, 0 deletions, 0 sub ]
LOG (lattice-oracle[5.5.480~1-09abd]:main():lattice-oracle.cc:332) For utterance M72789914-119790220_263436-648623760_1575491015-GB-M-002, best cost 0
Lattice M72789914-119790220_263436-648623760_1575491015-GB-M-003 read.
LOG (lattice-oracle[5.5.480~1-09abd]:main():lattice-oracle.cc:318) %WER 0 [ 0 / 14, 0 insertions, 0 deletions, 0 sub ]
LOG (lattice-oracle[5.5.480~1-09abd]:main():lattice-oracle.cc:332) For utterance M72789914-119790220_263436-648623760_1575491015-GB-M-003, best cost 0
Lattice M72789914-119790220_263436-648623760_1575491015-GB-M-005 read.
LOG (lattice-oracle[5.5.480~1-09abd]:main():lattice-oracle.cc:318) %WER 0 [ 0 / 17, 0 insertions, 0 deletions, 0 sub ]
LOG (lattice-oracle[5.5.480~1-09abd]:main():lattice-oracle.cc:332) For utterance M72789914-119790220_263436-648623760_1575491015-GB-M-005, best cost 0
Lattice M72789914-119790220_263436-648623760_1575491015-GB-M-010 read.
LOG (lattice-oracle[5.5.480~1-09abd]:main():lattice-oracle.cc:318) %WER 0 [ 0 / 5, 0 insertions, 0 deletions, 0 sub ]
LOG (lattice-oracle[5.5.480~1-09abd]:main():lattice-oracle.cc:332) For utterance M72789914-119790220_263436-648623760_1575491015-GB-M-010, best cost 0
Lattice M72789914-119790220_263436-648623760_1575491015-GB-M-012 read.
LOG (lattice-oracle[5.5.480~1-09abd]:main():lattice-oracle.cc:318) %WER 50 [ 2 / 4, 2 insertions, 0 deletions, 0 sub ]
LOG (lattice-oracle[5.5.480~1-09abd]:main():lattice-oracle.cc:332) For utterance M72789914-119790220_263436-648623760_1575491015-GB-M-012, best cost 2
Lattice M72789914-119790220_263436-648623760_1575491015-GB-M-013 read.
LOG (lattice-oracle[5.5.480~1-09abd]:main():lattice-oracle.cc:318) %WER 0 [ 0 / 5, 0 insertions, 0 deletions, 0 sub ]
LOG (lattice-oracle[5.5.480~1-09abd]:main():lattice-oracle.cc:332) For utterance M72789914-119790220_263436-648623760_1575491015-GB-M-013, best cost 0
Lattice M72789914-119790220_263436-648623760_1575491015-GB-M-014 read.
LOG (lattice-oracle[5.5.480~1-09abd]:main():lattice-oracle.cc:318) %WER 0 [ 0 / 7, 0 insertions, 0 deletions, 0 sub ]
LOG (lattice-oracle[5.5.480~1-09abd]:main():lattice-oracle.cc:332) For utterance M72789914-119790220_263436-648623760_1575491015-GB-M-014, best cost 0
Lattice M72789914-119790220_263436-648623760_1575491015-GB-M-015 read.
LOG (lattice-oracle[5.5.480~1-09abd]:main():lattice-oracle.cc:318) %WER 0 [ 0 / 9, 0 insertions, 0 deletions, 0 sub ]
LOG (lattice-oracle[5.5.480~1-09abd]:main():lattice-oracle.cc:332) For utterance M72789914-119790220_263436-648623760_1575491015-GB-M-015, best cost 0
Lattice M72789914-119790220_263436-648623760_1575491015-GB-M-016 read.
LOG (lattice-oracle[5.5.480~1-09abd]:main():lattice-oracle.cc:318) %WER 14.2857 [ 1 / 7, 0 insertions, 0 deletions, 1 sub ]
LOG (lattice-oracle[5.5.480~1-09abd]:main():lattice-oracle.cc:332) For utterance M72789914-119790220_263436-648623760_1575491015-GB-M-016, best cost 1
Lattice M72789914-119790220_263436-648623760_1575491015-GB-M-017 read.
LOG (lattice-oracle[5.5.480~1-09abd]:main():lattice-oracle.cc:318) %WER 0 [ 0 / 11, 0 insertions, 0 deletions, 0 sub ]
LOG (lattice-oracle[5.5.480~1-09abd]:main():lattice-oracle.cc:332) For utterance M72789914-119790220_263436-648623760_1575491015-GB-M-017, best cost 0
Lattice M72789914-119790220_263436-648623760_1575491015-GB-M-019 read.
LOG (lattice-oracle[5.5.480~1-09abd]:main():lattice-oracle.cc:318) %WER 0 [ 0 / 5, 0 insertions, 0 deletions, 0 sub ]
LOG (lattice-oracle[5.5.480~1-09abd]:main():lattice-oracle.cc:332) For utterance M72789914-119790220_263436-648623760_1575491015-GB-M-019, best cost 0
Lattice M72789914-119790220_263436-648623760_1575491015-GB-M-021 read.
LOG (lattice-oracle[5.5.480~1-09abd]:main():lattice-oracle.cc:318) %WER 57.1429 [ 4 / 7, 0 insertions, 4 deletions, 0 sub ]
LOG (lattice-oracle[5.5.480~1-09abd]:main():lattice-oracle.cc:332) For utterance M72789914-119790220_263436-648623760_1575491015-GB-M-021, best cost 4
Lattice M72789914-119790220_263436-648623760_1575491015-GB-M-022 read.
LOG (lattice-oracle[5.5.480~1-09abd]:main():lattice-oracle.cc:318) %WER 20 [ 1 / 5, 0 insertions, 1 deletions, 0 sub ]
LOG (lattice-oracle[5.5.480~1-09abd]:main():lattice-oracle.cc:332) For utterance M72789914-119790220_263436-648623760_1575491015-GB-M-022, best cost 1
Lattice M72789914-119790220_263436-648623760_1575491015-GB-M-023 read.
LOG (lattice-oracle[5.5.480~1-09abd]:main():lattice-oracle.cc:318) %WER 0 [ 0 / 5, 0 insertions, 0 deletions, 0 sub ]
LOG (lattice-oracle[5.5.480~1-09abd]:main():lattice-oracle.cc:332) For utterance M72789914-119790220_263436-648623760_1575491015-GB-M-023, best cost 0
Lattice M72789914-119790220_263436-648623760_1575491015-GB-M-024 read.
LOG (lattice-oracle[5.5.480~1-09abd]:main():lattice-oracle.cc:318) %WER 0 [ 0 / 24, 0 insertions, 0 deletions, 0 sub ]
LOG (lattice-oracle[5.5.480~1-09abd]:main():lattice-oracle.cc:332) For utterance M72789914-119790220_263436-648623760_1575491015-GB-M-024, best cost 0
Lattice M72789914-119790220_263436-648623760_1575491015-GB-M-029 read.
LOG (lattice-oracle[5.5.480~1-09abd]:main():lattice-oracle.cc:318) %WER 0 [ 0 / 14, 0 insertions, 0 deletions, 0 sub ]
LOG (lattice-oracle[5.5.480~1-09abd]:main():lattice-oracle.cc:332) For utterance M72789914-119790220_263436-648623760_1575491015-GB-M-029, best cost 0
Lattice M72789914-119790220_263436-648623760_1575491015-GB-M-033 read.
LOG (lattice-oracle[5.5.480~1-09abd]:main():lattice-oracle.cc:318) %WER 12.5 [ 2 / 16, 2 insertions, 0 deletions, 0 sub ]
LOG (lattice-oracle[5.5.480~1-09abd]:main():lattice-oracle.cc:332) For utterance M72789914-119790220_263436-648623760_1575491015-GB-M-033, best cost 2
Lattice M72789914-119790220_263436-648623760_1575491015-GB-M-036 read.
LOG (lattice-oracle[5.5.480~1-09abd]:main():lattice-oracle.cc:318) %WER 0 [ 0 / 9, 0 insertions, 0 deletions, 0 sub ]
LOG (lattice-oracle[5.5.480~1-09abd]:main():lattice-oracle.cc:332) For utterance M72789914-119790220_263436-648623760_1575491015-GB-M-036, best cost 0
Lattice M72789914-119790220_263436-648623760_1575491015-GB-M-037 read.
LOG (lattice-oracle[5.5.480~1-09abd]:main():lattice-oracle.cc:318) %WER 14.2857 [ 1 / 7, 0 insertions, 0 deletions, 1 sub ]
LOG (lattice-oracle[5.5.480~1-09abd]:main():lattice-oracle.cc:332) For utterance M72789914-119790220_263436-648623760_1575491015-GB-M-037, best cost 1
Lattice M72789914-119790220_263436-648623760_1575491015-GB-M-038 read.
LOG (lattice-oracle[5.5.480~1-09abd]:main():lattice-oracle.cc:318) %WER 0 [ 0 / 11, 0 insertions, 0 deletions, 0 sub ]
LOG (lattice-oracle[5.5.480~1-09abd]:main():lattice-oracle.cc:332) For utterance M72789914-119790220_263436-648623760_1575491015-GB-M-038, best cost 0
Lattice M72789914-119790220_263436-648623760_1575491015-GB-M-040 read.
LOG (lattice-oracle[5.5.480~1-09abd]:main():lattice-oracle.cc:318) %WER 0 [ 0 / 5, 0 insertions, 0 deletions, 0 sub ]
LOG (lattice-oracle[5.5.480~1-09abd]:main():lattice-oracle.cc:332) For utterance M72789914-119790220_263436-648623760_1575491015-GB-M-040, best cost 0
Lattice M72789914-119790220_263436-648623760_1575491015-GB-M-042 read.
LOG (lattice-oracle[5.5.480~1-09abd]:main():lattice-oracle.cc:318) %WER 0 [ 0 / 14, 0 insertions, 0 deletions, 0 sub ]
LOG (lattice-oracle[5.5.480~1-09abd]:main():lattice-oracle.cc:332) For utterance M72789914-119790220_263436-648623760_1575491015-GB-M-042, best cost 0
Lattice M72789914-119790220_263436-648623760_1575491015-GB-M-044 read.
LOG (lattice-oracle[5.5.480~1-09abd]:main():lattice-oracle.cc:318) %WER 0 [ 0 / 8, 0 insertions, 0 deletions, 0 sub ]
LOG (lattice-oracle[5.5.480~1-09abd]:main():lattice-oracle.cc:332) For utterance M72789914-119790220_263436-648623760_1575491015-GB-M-044, best cost 0
Lattice M72789914-119790220_263436-648623760_1575491015-GB-M-045 read.
LOG (lattice-oracle[5.5.480~1-09abd]:main():lattice-oracle.cc:318) %WER 0 [ 0 / 7, 0 insertions, 0 deletions, 0 sub ]
LOG (lattice-oracle[5.5.480~1-09abd]:main():lattice-oracle.cc:332) For utterance M72789914-119790220_263436-648623760_1575491015-GB-M-045, best cost 0
Lattice M72789914-119790220_263436-648623760_1575491015-GB-M-047 read.
LOG (lattice-oracle[5.5.480~1-09abd]:main():lattice-oracle.cc:318) %WER 0 [ 0 / 6, 0 insertions, 0 deletions, 0 sub ]
LOG (lattice-oracle[5.5.480~1-09abd]:main():lattice-oracle.cc:332) For utterance M72789914-119790220_263436-648623760_1575491015-GB-M-047, best cost 0
Lattice M72789914-119790220_263436-648623760_1575491015-GB-M-048 read.
LOG (lattice-oracle[5.5.480~1-09abd]:main():lattice-oracle.cc:318) %WER 0 [ 0 / 5, 0 insertions, 0 deletions, 0 sub ]
LOG (lattice-oracle[5.5.480~1-09abd]:main():lattice-oracle.cc:332) For utterance M72789914-119790220_263436-648623760_1575491015-GB-M-048, best cost 0
Lattice M72789914-119790220_263436-648623760_1575491015-GB-M-049 read.
LOG (lattice-oracle[5.5.480~1-09abd]:main():lattice-oracle.cc:318) %WER 0 [ 0 / 7, 0 insertions, 0 deletions, 0 sub ]
LOG (lattice-oracle[5.5.480~1-09abd]:main():lattice-oracle.cc:332) For utterance M72789914-119790220_263436-648623760_1575491015-GB-M-049, best cost 0
Lattice M72789914-119790220_263436-648623760_1575491015-GB-M-050 read.
LOG (lattice-oracle[5.5.480~1-09abd]:main():lattice-oracle.cc:318) %WER 0 [ 0 / 9, 0 insertions, 0 deletions, 0 sub ]
LOG (lattice-oracle[5.5.480~1-09abd]:main():lattice-oracle.cc:332) For utterance M72789914-119790220_263436-648623760_1575491015-GB-M-050, best cost 0
Lattice M72789914-119790220_263436-648623760_1575491015-GB-M-051 read.
LOG (lattice-oracle[5.5.480~1-09abd]:main():lattice-oracle.cc:318) %WER 0 [ 0 / 7, 0 insertions, 0 deletions, 0 sub ]
LOG (lattice-oracle[5.5.480~1-09abd]:main():lattice-oracle.cc:332) For utterance M72789914-119790220_263436-648623760_1575491015-GB-M-051, best cost 0
Lattice M72789914-119790220_263436-648623760_1575491015-GB-M-052 read.
LOG (lattice-oracle[5.5.480~1-09abd]:main():lattice-oracle.cc:318) %WER 9.09091 [ 1 / 11, 0 insertions, 0 deletions, 1 sub ]
LOG (lattice-oracle[5.5.480~1-09abd]:main():lattice-oracle.cc:332) For utterance M72789914-119790220_263436-648623760_1575491015-GB-M-052, best cost 1
Lattice M72789914-119790220_263436-648623760_1575491015-GB-M-054 read.
LOG (lattice-oracle[5.5.480~1-09abd]:main():lattice-oracle.cc:318) %WER 0 [ 0 / 5, 0 insertions, 0 deletions, 0 sub ]
LOG (lattice-oracle[5.5.480~1-09abd]:main():lattice-oracle.cc:332) For utterance M72789914-119790220_263436-648623760_1575491015-GB-M-054, best cost 0
Lattice M72789914-119790220_263436-648623760_1575491015-GB-M-055 read.
LOG (lattice-oracle[5.5.480~1-09abd]:main():lattice-oracle.cc:318) %WER 0 [ 0 / 6, 0 insertions, 0 deletions, 0 sub ]
LOG (lattice-oracle[5.5.480~1-09abd]:main():lattice-oracle.cc:332) For utterance M72789914-119790220_263436-648623760_1575491015-GB-M-055, best cost 0
Lattice M72789914-119790220_263436-648623760_1575491015-GB-M-056 read.
LOG (lattice-oracle[5.5.480~1-09abd]:main():lattice-oracle.cc:318) %WER 100 [ 1 / 1, 1 insertions, 0 deletions, 0 sub ]
LOG (lattice-oracle[5.5.480~1-09abd]:main():lattice-oracle.cc:332) For utterance M72789914-119790220_263436-648623760_1575491015-GB-M-056, best cost 1
Lattice M737043294-90470934_2940068-963382696_1550122088-GB-M-001 read.
LOG (lattice-oracle[5.5.480~1-09abd]:main():lattice-oracle.cc:318) %WER 0 [ 0 / 6, 0 insertions, 0 deletions, 0 sub ]
LOG (lattice-oracle[5.5.480~1-09abd]:main():lattice-oracle.cc:332) For utterance M737043294-90470934_2940068-963382696_1550122088-GB-M-001, best cost 0
Lattice M737043294-90470934_2940068-963382696_1550122088-GB-M-002 read.
LOG (lattice-oracle[5.5.480~1-09abd]:main():lattice-oracle.cc:318) %WER 0 [ 0 / 12, 0 insertions, 0 deletions, 0 sub ]
LOG (lattice-oracle[5.5.480~1-09abd]:main():lattice-oracle.cc:332) For utterance M737043294-90470934_2940068-963382696_1550122088-GB-M-002, best cost 0
Lattice M737043294-90470934_2940068-963382696_1550122088-GB-M-004 read.
LOG (lattice-oracle[5.5.480~1-09abd]:main():lattice-oracle.cc:318) %WER 0 [ 0 / 18, 0 insertions, 0 deletions, 0 sub ]
LOG (lattice-oracle[5.5.480~1-09abd]:main():lattice-oracle.cc:332) For utterance M737043294-90470934_2940068-963382696_1550122088-GB-M-004, best cost 0
Lattice M737043294-90470934_2940068-963382696_1550122088-GB-M-007 read.
LOG (lattice-oracle[5.5.480~1-09abd]:main():lattice-oracle.cc:318) %WER 0 [ 0 / 6, 0 insertions, 0 deletions, 0 sub ]
LOG (lattice-oracle[5.5.480~1-09abd]:main():lattice-oracle.cc:332) For utterance M737043294-90470934_2940068-963382696_1550122088-GB-M-007, best cost 0
Lattice M737043294-90470934_2940068-963382696_1550122088-GB-M-009 read.
LOG (lattice-oracle[5.5.480~1-09abd]:main():lattice-oracle.cc:318) %WER 14.2857 [ 1 / 7, 0 insertions, 1 deletions, 0 sub ]
LOG (lattice-oracle[5.5.480~1-09abd]:main():lattice-oracle.cc:332) For utterance M737043294-90470934_2940068-963382696_1550122088-GB-M-009, best cost 1
Lattice M737043294-90470934_2940068-963382696_1550122088-GB-M-010 read.
LOG (lattice-oracle[5.5.480~1-09abd]:main():lattice-oracle.cc:318) %WER 0 [ 0 / 6, 0 insertions, 0 deletions, 0 sub ]
LOG (lattice-oracle[5.5.480~1-09abd]:main():lattice-oracle.cc:332) For utterance M737043294-90470934_2940068-963382696_1550122088-GB-M-010, best cost 0
Lattice M737043294-90470934_2940068-963382696_1550122088-GB-M-011 read.
LOG (lattice-oracle[5.5.480~1-09abd]:main():lattice-oracle.cc:318) %WER 0 [ 0 / 13, 0 insertions, 0 deletions, 0 sub ]
LOG (lattice-oracle[5.5.480~1-09abd]:main():lattice-oracle.cc:332) For utterance M737043294-90470934_2940068-963382696_1550122088-GB-M-011, best cost 0
Lattice M737043294-90470934_2940068-963382696_1550122088-GB-M-013 read.
LOG (lattice-oracle[5.5.480~1-09abd]:main():lattice-oracle.cc:318) %WER 0 [ 0 / 7, 0 insertions, 0 deletions, 0 sub ]
LOG (lattice-oracle[5.5.480~1-09abd]:main():lattice-oracle.cc:332) For utterance M737043294-90470934_2940068-963382696_1550122088-GB-M-013, best cost 0
Lattice M737043294-90470934_2940068-963382696_1550122088-GB-M-014 read.
LOG (lattice-oracle[5.5.480~1-09abd]:main():lattice-oracle.cc:318) %WER 0 [ 0 / 13, 0 insertions, 0 deletions, 0 sub ]
LOG (lattice-oracle[5.5.480~1-09abd]:main():lattice-oracle.cc:332) For utterance M737043294-90470934_2940068-963382696_1550122088-GB-M-014, best cost 0
Lattice M737043294-90470934_2940068-963382696_1550122088-GB-M-017 read.
LOG (lattice-oracle[5.5.480~1-09abd]:main():lattice-oracle.cc:318) %WER 0 [ 0 / 8, 0 insertions, 0 deletions, 0 sub ]
LOG (lattice-oracle[5.5.480~1-09abd]:main():lattice-oracle.cc:332) For utterance M737043294-90470934_2940068-963382696_1550122088-GB-M-017, best cost 0
Lattice M737043294-90470934_2940068-963382696_1550122088-GB-M-018 read.
LOG (lattice-oracle[5.5.480~1-09abd]:main():lattice-oracle.cc:318) %WER 0 [ 0 / 97, 0 insertions, 0 deletions, 0 sub ]
LOG (lattice-oracle[5.5.480~1-09abd]:main():lattice-oracle.cc:332) For utterance M737043294-90470934_2940068-963382696_1550122088-GB-M-018, best cost 0
Lattice M737043294-90470934_2940068-963382696_1550122088-GB-M-036 read.
LOG (lattice-oracle[5.5.480~1-09abd]:main():lattice-oracle.cc:318) %WER 0 [ 0 / 7, 0 insertions, 0 deletions, 0 sub ]
LOG (lattice-oracle[5.5.480~1-09abd]:main():lattice-oracle.cc:332) For utterance M737043294-90470934_2940068-963382696_1550122088-GB-M-036, best cost 0
Lattice M737043294-90470934_2940068-963382696_1550122088-GB-M-037 read.
LOG (lattice-oracle[5.5.480~1-09abd]:main():lattice-oracle.cc:318) %WER 5.88235 [ 8 / 136, 2 insertions, 2 deletions, 4 sub ]
LOG (lattice-oracle[5.5.480~1-09abd]:main():lattice-oracle.cc:332) For utterance M737043294-90470934_2940068-963382696_1550122088-GB-M-037, best cost 8
Lattice M737043294-90470934_2940068-963382696_1550122088-GB-M-062 read.
LOG (lattice-oracle[5.5.480~1-09abd]:main():lattice-oracle.cc:318) %WER 0 [ 0 / 17, 0 insertions, 0 deletions, 0 sub ]
LOG (lattice-oracle[5.5.480~1-09abd]:main():lattice-oracle.cc:332) For utterance M737043294-90470934_2940068-963382696_1550122088-GB-M-062, best cost 0
Lattice M737043294-90470934_2940068-963382696_1550122088-GB-M-065 read.
LOG (lattice-oracle[5.5.480~1-09abd]:main():lattice-oracle.cc:318) %WER 10.5263 [ 4 / 38, 2 insertions, 0 deletions, 2 sub ]
LOG (lattice-oracle[5.5.480~1-09abd]:main():lattice-oracle.cc:332) For utterance M737043294-90470934_2940068-963382696_1550122088-GB-M-065, best cost 4
Lattice M754006719-393858919_176664-844902847_1533625120-GB-M-001 read.
LOG (lattice-oracle[5.5.480~1-09abd]:main():lattice-oracle.cc:318) %WER 40 [ 2 / 5, 0 insertions, 2 deletions, 0 sub ]
LOG (lattice-oracle[5.5.480~1-09abd]:main():lattice-oracle.cc:332) For utterance M754006719-393858919_176664-844902847_1533625120-GB-M-001, best cost 2
Lattice M754006719-393858919_176664-844902847_1533625120-GB-M-002 read.
LOG (lattice-oracle[5.5.480~1-09abd]:main():lattice-oracle.cc:318) %WER 0 [ 0 / 3, 0 insertions, 0 deletions, 0 sub ]
LOG (lattice-oracle[5.5.480~1-09abd]:main():lattice-oracle.cc:332) For utterance M754006719-393858919_176664-844902847_1533625120-GB-M-002, best cost 0
Lattice M754006719-393858919_176664-844902847_1533625120-GB-M-003 read.
LOG (lattice-oracle[5.5.480~1-09abd]:main():lattice-oracle.cc:318) %WER 0 [ 0 / 7, 0 insertions, 0 deletions, 0 sub ]
LOG (lattice-oracle[5.5.480~1-09abd]:main():lattice-oracle.cc:332) For utterance M754006719-393858919_176664-844902847_1533625120-GB-M-003, best cost 0
Lattice M754006719-393858919_176664-844902847_1533625120-GB-M-005 read.
LOG (lattice-oracle[5.5.480~1-09abd]:main():lattice-oracle.cc:318) %WER 0 [ 0 / 2, 0 insertions, 0 deletions, 0 sub ]
LOG (lattice-oracle[5.5.480~1-09abd]:main():lattice-oracle.cc:332) For utterance M754006719-393858919_176664-844902847_1533625120-GB-M-005, best cost 0
Lattice M754006719-393858919_176664-844902847_1533625120-GB-M-006 read.
LOG (lattice-oracle[5.5.480~1-09abd]:main():lattice-oracle.cc:318) %WER 0 [ 0 / 5, 0 insertions, 0 deletions, 0 sub ]
LOG (lattice-oracle[5.5.480~1-09abd]:main():lattice-oracle.cc:332) For utterance M754006719-393858919_176664-844902847_1533625120-GB-M-006, best cost 0
Lattice M754006719-393858919_176664-844902847_1533625120-GB-M-007 read.
LOG (lattice-oracle[5.5.480~1-09abd]:main():lattice-oracle.cc:318) %WER 0 [ 0 / 5, 0 insertions, 0 deletions, 0 sub ]
LOG (lattice-oracle[5.5.480~1-09abd]:main():lattice-oracle.cc:332) For utterance M754006719-393858919_176664-844902847_1533625120-GB-M-007, best cost 0
Lattice M754006719-393858919_176664-844902847_1533625120-GB-M-008 read.
LOG (lattice-oracle[5.5.480~1-09abd]:main():lattice-oracle.cc:318) %WER 0 [ 0 / 6, 0 insertions, 0 deletions, 0 sub ]
LOG (lattice-oracle[5.5.480~1-09abd]:main():lattice-oracle.cc:332) For utterance M754006719-393858919_176664-844902847_1533625120-GB-M-008, best cost 0
Lattice M754006719-393858919_176664-844902847_1533625120-GB-M-010 read.
LOG (lattice-oracle[5.5.480~1-09abd]:main():lattice-oracle.cc:318) %WER 0 [ 0 / 4, 0 insertions, 0 deletions, 0 sub ]
LOG (lattice-oracle[5.5.480~1-09abd]:main():lattice-oracle.cc:332) For utterance M754006719-393858919_176664-844902847_1533625120-GB-M-010, best cost 0
Lattice M754006719-393858919_176664-844902847_1533625120-GB-M-011 read.
LOG (lattice-oracle[5.5.480~1-09abd]:main():lattice-oracle.cc:318) %WER 0 [ 0 / 4, 0 insertions, 0 deletions, 0 sub ]
LOG (lattice-oracle[5.5.480~1-09abd]:main():lattice-oracle.cc:332) For utterance M754006719-393858919_176664-844902847_1533625120-GB-M-011, best cost 0
Lattice M754006719-393858919_176664-844902847_1533625120-GB-M-012 read.
LOG (lattice-oracle[5.5.480~1-09abd]:main():lattice-oracle.cc:318) %WER 0 [ 0 / 5, 0 insertions, 0 deletions, 0 sub ]
LOG (lattice-oracle[5.5.480~1-09abd]:main():lattice-oracle.cc:332) For utterance M754006719-393858919_176664-844902847_1533625120-GB-M-012, best cost 0
Lattice M754006719-393858919_176664-844902847_1533625120-GB-M-013 read.
LOG (lattice-oracle[5.5.480~1-09abd]:main():lattice-oracle.cc:318) %WER 0 [ 0 / 4, 0 insertions, 0 deletions, 0 sub ]
LOG (lattice-oracle[5.5.480~1-09abd]:main():lattice-oracle.cc:332) For utterance M754006719-393858919_176664-844902847_1533625120-GB-M-013, best cost 0
Lattice M754006719-393858919_176664-844902847_1533625120-GB-M-015 read.
LOG (lattice-oracle[5.5.480~1-09abd]:main():lattice-oracle.cc:318) %WER 0 [ 0 / 5, 0 insertions, 0 deletions, 0 sub ]
LOG (lattice-oracle[5.5.480~1-09abd]:main():lattice-oracle.cc:332) For utterance M754006719-393858919_176664-844902847_1533625120-GB-M-015, best cost 0
Lattice M754006719-393858919_176664-844902847_1533625120-GB-M-016 read.
LOG (lattice-oracle[5.5.480~1-09abd]:main():lattice-oracle.cc:318) %WER 0 [ 0 / 8, 0 insertions, 0 deletions, 0 sub ]
LOG (lattice-oracle[5.5.480~1-09abd]:main():lattice-oracle.cc:332) For utterance M754006719-393858919_176664-844902847_1533625120-GB-M-016, best cost 0
Lattice M754006719-393858919_176664-844902847_1533625120-GB-M-018 read.
LOG (lattice-oracle[5.5.480~1-09abd]:main():lattice-oracle.cc:318) %WER 0 [ 0 / 5, 0 insertions, 0 deletions, 0 sub ]
LOG (lattice-oracle[5.5.480~1-09abd]:main():lattice-oracle.cc:332) For utterance M754006719-393858919_176664-844902847_1533625120-GB-M-018, best cost 0
Lattice M754006719-393858919_176664-844902847_1533625120-GB-M-020 read.
LOG (lattice-oracle[5.5.480~1-09abd]:main():lattice-oracle.cc:318) %WER 33.3333 [ 1 / 3, 1 insertions, 0 deletions, 0 sub ]
LOG (lattice-oracle[5.5.480~1-09abd]:main():lattice-oracle.cc:332) For utterance M754006719-393858919_176664-844902847_1533625120-GB-M-020, best cost 1
Lattice M754006719-393858919_176664-844902847_1533625120-GB-M-021 read.
LOG (lattice-oracle[5.5.480~1-09abd]:main():lattice-oracle.cc:318) %WER 60 [ 3 / 5, 0 insertions, 3 deletions, 0 sub ]
LOG (lattice-oracle[5.5.480~1-09abd]:main():lattice-oracle.cc:332) For utterance M754006719-393858919_176664-844902847_1533625120-GB-M-021, best cost 3
Lattice M754006719-393858919_176664-844902847_1533625120-GB-M-022 read.
LOG (lattice-oracle[5.5.480~1-09abd]:main():lattice-oracle.cc:318) %WER 6.89655 [ 2 / 29, 1 insertions, 1 deletions, 0 sub ]
LOG (lattice-oracle[5.5.480~1-09abd]:main():lattice-oracle.cc:332) For utterance M754006719-393858919_176664-844902847_1533625120-GB-M-022, best cost 2
Lattice M754006719-393858919_176664-844902847_1533625120-GB-M-028 read.
LOG (lattice-oracle[5.5.480~1-09abd]:main():lattice-oracle.cc:318) %WER 0 [ 0 / 4, 0 insertions, 0 deletions, 0 sub ]
LOG (lattice-oracle[5.5.480~1-09abd]:main():lattice-oracle.cc:332) For utterance M754006719-393858919_176664-844902847_1533625120-GB-M-028, best cost 0
Lattice M754006719-393858919_176664-844902847_1533625120-GB-M-030 read.
LOG (lattice-oracle[5.5.480~1-09abd]:main():lattice-oracle.cc:318) %WER 20 [ 1 / 5, 1 insertions, 0 deletions, 0 sub ]
LOG (lattice-oracle[5.5.480~1-09abd]:main():lattice-oracle.cc:332) For utterance M754006719-393858919_176664-844902847_1533625120-GB-M-030, best cost 1
Lattice M754006719-393858919_176664-844902847_1533625120-GB-M-031 read.
LOG (lattice-oracle[5.5.480~1-09abd]:main():lattice-oracle.cc:318) %WER 40 [ 2 / 5, 1 insertions, 0 deletions, 1 sub ]
LOG (lattice-oracle[5.5.480~1-09abd]:main():lattice-oracle.cc:332) For utterance M754006719-393858919_176664-844902847_1533625120-GB-M-031, best cost 2
Lattice M754006719-393858919_176664-844902847_1533625120-GB-M-032 read.
LOG (lattice-oracle[5.5.480~1-09abd]:main():lattice-oracle.cc:318) %WER 0 [ 0 / 4, 0 insertions, 0 deletions, 0 sub ]
LOG (lattice-oracle[5.5.480~1-09abd]:main():lattice-oracle.cc:332) For utterance M754006719-393858919_176664-844902847_1533625120-GB-M-032, best cost 0
Lattice M754006719-393858919_176664-844902847_1533625120-GB-M-033 read.
LOG (lattice-oracle[5.5.480~1-09abd]:main():lattice-oracle.cc:318) %WER 0 [ 0 / 7, 0 insertions, 0 deletions, 0 sub ]
LOG (lattice-oracle[5.5.480~1-09abd]:main():lattice-oracle.cc:332) For utterance M754006719-393858919_176664-844902847_1533625120-GB-M-033, best cost 0
Lattice M754006719-393858919_176664-844902847_1533625120-GB-M-034 read.
LOG (lattice-oracle[5.5.480~1-09abd]:main():lattice-oracle.cc:318) %WER 0 [ 0 / 3, 0 insertions, 0 deletions, 0 sub ]
LOG (lattice-oracle[5.5.480~1-09abd]:main():lattice-oracle.cc:332) For utterance M754006719-393858919_176664-844902847_1533625120-GB-M-034, best cost 0
Lattice M754006719-393858919_176664-844902847_1533625120-GB-M-035 read.
LOG (lattice-oracle[5.5.480~1-09abd]:main():lattice-oracle.cc:318) %WER 0 [ 0 / 6, 0 insertions, 0 deletions, 0 sub ]
LOG (lattice-oracle[5.5.480~1-09abd]:main():lattice-oracle.cc:332) For utterance M754006719-393858919_176664-844902847_1533625120-GB-M-035, best cost 0
Lattice M754006719-393858919_176664-844902847_1533625120-GB-M-036 read.
LOG (lattice-oracle[5.5.480~1-09abd]:main():lattice-oracle.cc:318) %WER 0 [ 0 / 6, 0 insertions, 0 deletions, 0 sub ]
LOG (lattice-oracle[5.5.480~1-09abd]:main():lattice-oracle.cc:332) For utterance M754006719-393858919_176664-844902847_1533625120-GB-M-036, best cost 0
Lattice M754006719-393858919_176664-844902847_1533625120-GB-M-037 read.
LOG (lattice-oracle[5.5.480~1-09abd]:main():lattice-oracle.cc:318) %WER 0 [ 0 / 6, 0 insertions, 0 deletions, 0 sub ]
LOG (lattice-oracle[5.5.480~1-09abd]:main():lattice-oracle.cc:332) For utterance M754006719-393858919_176664-844902847_1533625120-GB-M-037, best cost 0
Lattice M754006719-393858919_176664-844902847_1533625120-GB-M-039 read.
LOG (lattice-oracle[5.5.480~1-09abd]:main():lattice-oracle.cc:318) %WER 8.33333 [ 1 / 12, 1 insertions, 0 deletions, 0 sub ]
LOG (lattice-oracle[5.5.480~1-09abd]:main():lattice-oracle.cc:332) For utterance M754006719-393858919_176664-844902847_1533625120-GB-M-039, best cost 1
Lattice M754006719-393858919_176664-844902847_1533625120-GB-M-042 read.
LOG (lattice-oracle[5.5.480~1-09abd]:main():lattice-oracle.cc:318) %WER 0 [ 0 / 15, 0 insertions, 0 deletions, 0 sub ]
LOG (lattice-oracle[5.5.480~1-09abd]:main():lattice-oracle.cc:332) For utterance M754006719-393858919_176664-844902847_1533625120-GB-M-042, best cost 0
Lattice M754006719-393858919_176664-844902847_1533625120-GB-M-045 read.
LOG (lattice-oracle[5.5.480~1-09abd]:main():lattice-oracle.cc:318) %WER 10 [ 2 / 20, 0 insertions, 0 deletions, 2 sub ]
LOG (lattice-oracle[5.5.480~1-09abd]:main():lattice-oracle.cc:332) For utterance M754006719-393858919_176664-844902847_1533625120-GB-M-045, best cost 2
Lattice M754006719-393858919_176664-844902847_1533625120-GB-M-049 read.
LOG (lattice-oracle[5.5.480~1-09abd]:main():lattice-oracle.cc:318) %WER 0 [ 0 / 4, 0 insertions, 0 deletions, 0 sub ]
LOG (lattice-oracle[5.5.480~1-09abd]:main():lattice-oracle.cc:332) For utterance M754006719-393858919_176664-844902847_1533625120-GB-M-049, best cost 0
Lattice M754006719-393858919_176664-844902847_1533625120-GB-M-050 read.
LOG (lattice-oracle[5.5.480~1-09abd]:main():lattice-oracle.cc:318) %WER 0 [ 0 / 5, 0 insertions, 0 deletions, 0 sub ]
LOG (lattice-oracle[5.5.480~1-09abd]:main():lattice-oracle.cc:332) For utterance M754006719-393858919_176664-844902847_1533625120-GB-M-050, best cost 0
LOG (lattice-oracle[5.5.480~1-09abd]:main():lattice-oracle.cc:383) Overall %WER 8.64511 [ 238 / 2753, 54 insertions, 143 deletions, 41 substitutions ]
LOG (lattice-oracle[5.5.480~1-09abd]:main():lattice-oracle.cc:387) Scored 262 lattices, 0 not present in ref.
# Accounting: time=2 threads=1
# Ended (code 0) at Tue Sep 10 15:05:05 BST 2019, elapsed time 2 seconds
