# utils/sym2int.pl --map-oov 239 -f 2- data/lang/words.txt exp/tri3b_cleaned/graphs/texts/text.24 | steps/cleanup/make_biased_lms.py --min-words-per-graph=100 "--lm-opts=--word-disambig-symbol=26646 --ngram-order=4 --min-lm-state-count=10 --discounting-constant=0.3 --top-words=exp/tri3b_cleaned/graphs/top_words.int" exp/tri3b_cleaned/graphs/fsts/utt2group.24 | compile-train-graphs-fsts --transition-scale=1.0 --self-loop-scale=0.1 --read-disambig-syms=data/lang/phones/disambig.int /home/emir/QMUL/gitRepos/kaldi/egs/Kaldi-Dsing-task/s5/exp/tri3b_cleaned/tree /home/emir/QMUL/gitRepos/kaldi/egs/Kaldi-Dsing-task/s5/exp/tri3b_cleaned/final.mdl data/lang/L_disambig.fst ark:- ark,scp:exp/tri3b_cleaned/graphs/fsts/HCLG.fsts.24.ark,exp/tri3b_cleaned/graphs/fsts/HCLG.fsts.24.scp 
# Started at Tue Sep 10 13:52:48 BST 2019
#
compile-train-graphs-fsts --transition-scale=1.0 --self-loop-scale=0.1 --read-disambig-syms=data/lang/phones/disambig.int /home/emir/QMUL/gitRepos/kaldi/egs/Kaldi-Dsing-task/s5/exp/tri3b_cleaned/tree /home/emir/QMUL/gitRepos/kaldi/egs/Kaldi-Dsing-task/s5/exp/tri3b_cleaned/final.mdl data/lang/L_disambig.fst ark:- ark,scp:exp/tri3b_cleaned/graphs/fsts/HCLG.fsts.24.ark,exp/tri3b_cleaned/graphs/fsts/HCLG.fsts.24.scp 
sym2int.pl: replacing BRAINPOWER with 239
sym2int.pl: replacing MINION with 239
sym2int.pl: replacing HUNGRIER with 239
sym2int.pl: replacing LOWERCASE with 239
sym2int.pl: replacing MINION with 239
sym2int.pl: replacing BRAINPOWER with 239
sym2int.pl: replacing MINION with 239
sym2int.pl: replacing HUNGRIER with 239
sym2int.pl: replacing LOWERCASE with 239
sym2int.pl: replacing MINION with 239
sym2int.pl: replacing HUNGRIER with 239
sym2int.pl: replacing DIRK with 239
sym2int.pl: replacing AMELIA with 239
sym2int.pl: replacing WOAAH with 239
sym2int.pl: replacing OHH with 239
** Replaced 15 instances of OOVs with 239
LOG (compile-train-graphs-fsts[5.5.480~1-09abd]:main():compile-train-graphs-fsts.cc:160) compile-train-graphs: succeeded for 24 graphs, failed for 0
# Accounting: time=8 threads=1
# Ended (code 0) at Tue Sep 10 13:52:56 BST 2019, elapsed time 8 seconds
